11:46:02.679 [main                     ] DEBUG Logger               - Configured Logger
11:46:02.693 [main                     ] DEBUG GameApplication      - Logging settings
Title: Zelda 2D Game
Version: 1
Width: 800
Height: 800
Fullscreen: true
Intro: false
Profiling: false
Single step:false
App Mode: DEVELOPER
Menu Key: ESCAPE
Stage Style: DECORATED
Scene Factory: class com.almasb.fxgl.app.scene.SceneFactory

11:46:02.844 [JavaFX Application Thread] DEBUG FXGLApplication      - Initializing FXGL
11:46:02.847 [JavaFX Application Thread] INFO  Engine               - FXGL-17 (31.12.2021 18.16) on WINDOWS (J:21.0.2 FX:19)
11:46:02.848 [JavaFX Application Thread] DEBUG Engine               - JRE Vendor Name: Oracle Corporation
11:46:02.848 [JavaFX Application Thread] DEBUG Engine               - Running on OS: Windows 10 version 10.0
11:46:02.848 [JavaFX Application Thread] DEBUG Engine               - Architecture: amd64
11:46:02.848 [JavaFX Application Thread] INFO  Engine               - Source code and latest versions at: https://github.com/AlmasB/FXGL
11:46:02.848 [JavaFX Application Thread] INFO  Engine               -       Ask questions and discuss at: https://github.com/AlmasB/FXGL/discussions
11:46:02.848 [JavaFX Application Thread] INFO  Engine               -              Join the FXGL chat at: https://gitter.im/AlmasB/FXGL
11:46:02.925 [JavaFX Application Thread] DEBUG PrimaryStageWindow   - Creating a JavaFX scene
11:46:02.980 [JavaFX Application Thread] DEBUG PrimaryStageWindow   - Target settings size: 800.0 x 800.0
11:46:02.980 [JavaFX Application Thread] DEBUG PrimaryStageWindow   - Scaled scene size:    800.0 x 800.0
11:46:02.980 [JavaFX Application Thread] DEBUG PrimaryStageWindow   - Scaled ratio: (1.0, 1.0)
11:46:02.981 [JavaFX Application Thread] DEBUG PrimaryStageWindow   - Set initial scene to FXGLStartupScene
11:46:02.985 [JavaFX Application Thread] DEBUG PrimaryStageWindow   - Opening main window
11:46:03.068 [JavaFX Application Thread] DEBUG PrimaryStageWindow   - Window border size: (16.0, 39.0)
11:46:03.068 [JavaFX Application Thread] DEBUG PrimaryStageWindow   - Scaled size: 800.0 x 800.0
11:46:03.068 [JavaFX Application Thread] DEBUG PrimaryStageWindow   - Scaled ratio: (1.0, 1.0)
11:46:03.069 [JavaFX Application Thread] DEBUG PrimaryStageWindow   - Scene size: 800.0 x 800.0
11:46:03.069 [JavaFX Application Thread] DEBUG PrimaryStageWindow   - Stage size: 816.0 x 839.0
11:46:03.076 [FXGL Background Thread 1 ] DEBUG Engine               - Initializing environment variables
11:46:03.121 [FXGL Background Thread 1 ] DEBUG FXGLAssetLoaderServi - User app class for loading assets: class com.example.zeldapuzzle.MainGameApp
11:46:03.121 [FXGL Background Thread 1 ] DEBUG GameApplicationServi - Applying CSS: fxgl_dark.css
11:46:03.122 [FXGL Background Thread 1 ] DEBUG FXGLAssetLoaderServi - Loading from file system: jar:file:///C:/Users/mbour/.m2/repository/com/github/almasb/fxgl/17/fxgl-17.jar!/fxglassets/ui/css/fxgl_dark.css
11:46:03.162 [FXGL Background Thread 1 ] DEBUG GameApplicationServi - Initializing application scenes
11:46:03.205 [FXGL Background Thread 1 ] DEBUG GameWorld            - Game world initialized
11:46:03.272 [FXGL Background Thread 1 ] DEBUG PhysicsWorld         - Physics world initialized: appHeight=800, physics.ppm=50,0
11:46:03.272 [FXGL Background Thread 1 ] DEBUG PhysicsWorld         - Using strategy: BRUTE_FORCE
11:46:03.277 [FXGL Background Thread 1 ] DEBUG GameScene            - Game scene initialized: 800x800
11:46:03.290 [FXGL Background Thread 1 ] DEBUG FXGL.DefaultMenu     - createMenuBodyMainMenu()
11:46:03.305 [FXGL Background Thread 1 ] DEBUG FXGL.DefaultMenu     - createOptionsMenu()
11:46:03.314 [FXGL Background Thread 1 ] DEBUG FXGLAssetLoaderServi - Loading from file system: jar:file:///C:/Users/mbour/.m2/repository/com/github/almasb/fxgl/17/fxgl-17.jar!/fxglassets/textures/particles/smoke.png
11:46:03.380 [FXGL Background Thread 1 ] DEBUG FXGLAssetLoaderServi - Loading from file system: jar:file:///C:/Users/mbour/.m2/repository/com/github/almasb/fxgl/17/fxgl-17.jar!/fxglassets/textures/particles/trace_horizontal.png
11:46:03.398 [FXGL Background Thread 1 ] DEBUG FXGL.DefaultMenu     - createMenuBodyGameMenu()
11:46:03.400 [FXGL Background Thread 1 ] DEBUG FXGL.DefaultMenu     - createOptionsMenu()
11:46:03.418 [FXGL Background Thread 1 ] DEBUG GameApplicationServi - Application scenes initialized
11:46:03.430 [FXGL Background Thread 1 ] DEBUG SystemBundleService  - Loading FXGL system data
11:46:03.435 [FXGL Background Thread 1 ] DEBUG FileSystemAccess     - Reading from: C:\Users\mbour\OneDrive\Bureau\Zelda TOTK WINRAR\zeldaPuzzle\system\fxgl.bundle
11:46:03.452 [FXGL Background Thread 1 ] DEBUG SystemBundleService  - Bundle FXGL: {}
11:46:03.452 [FXGL Background Thread 1 ] DEBUG UpdaterService       - Checking for updates
11:46:03.477 [FXGL Background Thread 4 ] DEBUG FXGLApplication      - Loading fonts
11:46:03.478 [FXGL Background Thread 1 ] DEBUG FXGLApplication      - Loading default localization
11:46:03.478 [FXGL Background Thread 4 ] DEBUG FXGLAssetLoaderServi - Loading from file system: jar:file:///C:/Users/mbour/.m2/repository/com/github/almasb/fxgl/17/fxgl-17.jar!/fxglassets/ui/fonts/VarelaRound-Regular.ttf
11:46:03.478 [FXGL Background Thread 1 ] DEBUG FXGLAssetLoaderServi - Loading from file system: jar:file:///C:/Users/mbour/.m2/repository/com/github/almasb/fxgl/17/fxgl-17.jar!/fxglassets/languages/english.lang
11:46:03.498 [FXGL Background Thread 1 ] INFO  FXGLApplication      - FXGL initialization took: 0,421 sec
11:46:03.510 [JavaFX Application Thread] DEBUG Input                - Registered new binding: getPosition - P
11:46:03.511 [JavaFX Application Thread] DEBUG Input                - Registered new binding: zoom+ - Up
11:46:03.511 [JavaFX Application Thread] DEBUG Input                - Registered new binding: zoom- - Down
11:46:03.511 [JavaFX Application Thread] DEBUG Input                - Registered new binding: resetZoom - 0
11:46:03.511 [JavaFX Application Thread] DEBUG Input                - Registered new binding: Move right - D
11:46:03.511 [JavaFX Application Thread] DEBUG Input                - Registered new binding: Move left - A
11:46:03.512 [JavaFX Application Thread] DEBUG Input                - Registered new binding: Move Up - W
11:46:03.512 [JavaFX Application Thread] DEBUG Input                - Registered new binding: Move Down - S
11:46:03.513 [JavaFX Application Thread] DEBUG FXGLAssetLoaderServi - Loading from file system: jar:file:///C:/Users/mbour/.m2/repository/com/github/almasb/fxgl/17/fxgl-17.jar!/fxglassets/textures/fxgl_icon.png
11:46:03.522 [FXGL Background Thread 4 ] DEBUG FXGLAssetLoaderServi - Loading from file system: jar:file:///C:/Users/mbour/.m2/repository/com/github/almasb/fxgl/17/fxgl-17.jar!/fxglassets/ui/fonts/Abel-Regular.ttf
11:46:03.525 [JavaFX Application Thread] DEBUG FXGLAssetLoaderServi - Loading from file system: jar:file:///C:/Users/mbour/.m2/repository/com/github/almasb/fxgl/17/fxgl-17.jar!/fxglassets/textures/fxgl_default_cursor.png
11:46:03.527 [JavaFX Application Thread] DEBUG Input                - Registered new binding: Screenshot - CTRL+8
11:46:03.529 [JavaFX Application Thread] DEBUG Input                - Registered new binding: Dev Options - 1
11:46:03.529 [JavaFX Application Thread] DEBUG Input                - Registered new binding: Dev Console - 2
11:46:03.529 [JavaFX Application Thread] DEBUG Input                - Registered new binding: System info dump - CTRL+9
11:46:03.529 [JavaFX Application Thread] DEBUG Input                - Registered new binding: Restart - CTRL+R
11:46:03.530 [JavaFX Application Thread] DEBUG Input                - Registered new binding: Toggle Debug Camera - CTRL+7
11:46:03.532 [JavaFX Application Thread] DEBUG LoopRunner           - Starting loop
11:46:03.534 [FXGL Background Thread 4 ] DEBUG FXGLAssetLoaderServi - Loading from file system: jar:file:///C:/Users/mbour/.m2/repository/com/github/almasb/fxgl/17/fxgl-17.jar!/fxglassets/ui/fonts/TerminalLandMono-Regular.otf
11:46:03.543 [JavaFX Application Thread] DEBUG LoopRunner           - Initializing JavaFX AnimationTimerLoop
11:46:03.546 [JavaFX Application Thread] DEBUG Input                - Clearing active input actions
11:46:03.554 [JavaFX Application Thread] DEBUG GameApplicationServi - Removing overlay from FXGLStartupScene and adding to FXGLMainMenuDummyScene
11:46:03.556 [FXGL Background Thread 4 ] DEBUG FXGLAssetLoaderServi - Loading from file system: jar:file:///C:/Users/mbour/.m2/repository/com/github/almasb/fxgl/17/fxgl-17.jar!/fxglassets/ui/fonts/Courier-Prime.ttf
11:46:03.559 [JavaFX Application Thread] DEBUG PrimaryStageWindow   - FXGLStartupScene -> FXGLMainMenuDummyScene
11:46:03.559 [JavaFX Application Thread] DEBUG PrimaryStageWindow   - Push state: FXGLDefaultMenu
11:46:03.561 [JavaFX Application Thread] DEBUG Input                - Clearing active input actions
11:46:03.568 [JavaFX Application Thread] DEBUG GameApplicationServi - Removing overlay from FXGLMainMenuDummyScene and adding to FXGLDefaultMenu
11:46:03.569 [JavaFX Application Thread] DEBUG PrimaryStageWindow   - FXGLMainMenuDummyScene -> FXGLDefaultMenu
11:46:03.744 [JavaFX Application Thread] DEBUG FXGLApplication      - Registering font factories with UI factory
11:46:04.175 [FXGL Background Thread 2 ] INFO  UpdaterService       - Your current version:  17
11:46:04.176 [FXGL Background Thread 2 ] INFO  UpdaterService       - Latest stable version: 21.1
11:46:04.776 [JavaFX Application Thread] DEBUG FXGLApplication      - Exiting FXGL
11:46:04.776 [JavaFX Application Thread] DEBUG LoopRunner           - Stopping loop
11:46:04.776 [JavaFX Application Thread] DEBUG SystemBundleService  - Saving FXGL system data
11:46:04.780 [JavaFX Application Thread] DEBUG FileSystemAccess     - Writing to: C:\Users\mbour\OneDrive\Bureau\Zelda TOTK WINRAR\zeldaPuzzle\system\fxgl.bundle
11:46:04.782 [JavaFX Application Thread] DEBUG Async                - Shutting down background threads
11:46:04.782 [JavaFX Application Thread] DEBUG PrimaryStageWindow   - Closing main window
11:46:04.794 [JavaFX Application Thread] DEBUG Logger               - Closing Logger
