12:09:03.374 [main                     ] DEBUG Logger               - Configured Logger
12:09:03.406 [main                     ] DEBUG GameApplication      - Logging settings
Title: Zelda 2D Game
Version: 1
Width: 800
Height: 800
Fullscreen: false
Intro: false
Profiling: false
Single step:false
App Mode: DEVELOPER
Menu Key: ESCAPE
Stage Style: DECORATED
Scene Factory: class com.almasb.fxgl.app.scene.SceneFactory

12:09:03.742 [JavaFX Application Thread] DEBUG FXGLApplication      - Initializing FXGL
12:09:03.748 [JavaFX Application Thread] INFO  Engine               - FXGL-17 (31.12.2021 18.16) on WINDOWS (J:19.0.2 FX:19)
12:09:03.749 [JavaFX Application Thread] DEBUG Engine               - JRE Vendor Name: Amazon.com Inc.
12:09:03.749 [JavaFX Application Thread] DEBUG Engine               - Running on OS: Windows 11 version 10.0
12:09:03.749 [JavaFX Application Thread] DEBUG Engine               - Architecture: amd64
12:09:03.749 [JavaFX Application Thread] INFO  Engine               - Source code and latest versions at: https://github.com/AlmasB/FXGL
12:09:03.749 [JavaFX Application Thread] INFO  Engine               -       Ask questions and discuss at: https://github.com/AlmasB/FXGL/discussions
12:09:03.749 [JavaFX Application Thread] INFO  Engine               -              Join the FXGL chat at: https://gitter.im/AlmasB/FXGL
12:09:03.841 [JavaFX Application Thread] DEBUG PrimaryStageWindow   - Creating a JavaFX scene
12:09:03.890 [JavaFX Application Thread] DEBUG PrimaryStageWindow   - Target settings size: 800.0 x 800.0
12:09:03.890 [JavaFX Application Thread] DEBUG PrimaryStageWindow   - Scaled scene size:    800.0 x 800.0
12:09:03.891 [JavaFX Application Thread] DEBUG PrimaryStageWindow   - Scaled ratio: (1.0, 1.0)
12:09:03.892 [JavaFX Application Thread] DEBUG PrimaryStageWindow   - Set initial scene to FXGLStartupScene
12:09:03.896 [JavaFX Application Thread] DEBUG PrimaryStageWindow   - Opening main window
12:09:04.005 [JavaFX Application Thread] DEBUG PrimaryStageWindow   - Window border size: (13.0, 35.5)
12:09:04.006 [JavaFX Application Thread] DEBUG PrimaryStageWindow   - Scaled size: 800.0 x 800.0
12:09:04.007 [JavaFX Application Thread] DEBUG PrimaryStageWindow   - Scaled ratio: (1.0, 1.0)
12:09:04.007 [JavaFX Application Thread] DEBUG PrimaryStageWindow   - Scene size: 800.0 x 800.0
12:09:04.008 [JavaFX Application Thread] DEBUG PrimaryStageWindow   - Stage size: 813.0 x 835.5
12:09:04.020 [FXGL Background Thread 1 ] DEBUG Engine               - Initializing environment variables
12:09:04.093 [FXGL Background Thread 1 ] DEBUG FXGLAssetLoaderServi - User app class for loading assets: class com.example.zeldapuzzle.MainGameApp
12:09:04.094 [FXGL Background Thread 1 ] DEBUG GameApplicationServi - Applying CSS: fxgl_dark.css
12:09:04.095 [FXGL Background Thread 1 ] DEBUG FXGLAssetLoaderServi - Loading from file system: jar:file:///C:/Users/Utilisateur/.m2/repository/com/github/almasb/fxgl/17/fxgl-17.jar!/fxglassets/ui/css/fxgl_dark.css
12:09:04.156 [FXGL Background Thread 1 ] DEBUG GameApplicationServi - Initializing application scenes
12:09:04.235 [FXGL Background Thread 1 ] DEBUG GameWorld            - Game world initialized
12:09:04.332 [FXGL Background Thread 1 ] DEBUG PhysicsWorld         - Physics world initialized: appHeight=800, physics.ppm=50,0
12:09:04.333 [FXGL Background Thread 1 ] DEBUG PhysicsWorld         - Using strategy: BRUTE_FORCE
12:09:04.338 [FXGL Background Thread 1 ] DEBUG GameScene            - Game scene initialized: 800x800
12:09:04.353 [FXGL Background Thread 1 ] DEBUG FXGL.DefaultMenu     - createMenuBodyMainMenu()
12:09:04.369 [FXGL Background Thread 1 ] DEBUG FXGL.DefaultMenu     - createOptionsMenu()
12:09:04.382 [FXGL Background Thread 1 ] DEBUG FXGLAssetLoaderServi - Loading from file system: jar:file:///C:/Users/Utilisateur/.m2/repository/com/github/almasb/fxgl/17/fxgl-17.jar!/fxglassets/textures/particles/smoke.png
12:09:04.528 [FXGL Background Thread 1 ] DEBUG FXGLAssetLoaderServi - Loading from file system: jar:file:///C:/Users/Utilisateur/.m2/repository/com/github/almasb/fxgl/17/fxgl-17.jar!/fxglassets/textures/particles/trace_horizontal.png
12:09:04.567 [FXGL Background Thread 1 ] DEBUG FXGL.DefaultMenu     - createMenuBodyGameMenu()
12:09:04.569 [FXGL Background Thread 1 ] DEBUG FXGL.DefaultMenu     - createOptionsMenu()
12:09:04.588 [FXGL Background Thread 1 ] DEBUG GameApplicationServi - Application scenes initialized
12:09:04.600 [FXGL Background Thread 1 ] DEBUG SystemBundleService  - Loading FXGL system data
12:09:04.604 [FXGL Background Thread 1 ] DEBUG FileSystemAccess     - Reading from: C:\Users\Utilisateur\IdeaProjects\zeldaPuzzle\system\fxgl.bundle
12:09:04.616 [FXGL Background Thread 1 ] DEBUG SystemBundleService  - Bundle FXGL: {}
12:09:04.617 [FXGL Background Thread 1 ] DEBUG UpdaterService       - Checking for updates
12:09:04.620 [FXGL Background Thread 4 ] DEBUG FXGLApplication      - Loading fonts
12:09:04.620 [FXGL Background Thread 1 ] DEBUG FXGLApplication      - Loading default localization
12:09:04.621 [FXGL Background Thread 4 ] DEBUG FXGLAssetLoaderServi - Loading from file system: jar:file:///C:/Users/Utilisateur/.m2/repository/com/github/almasb/fxgl/17/fxgl-17.jar!/fxglassets/ui/fonts/VarelaRound-Regular.ttf
12:09:04.622 [FXGL Background Thread 1 ] DEBUG FXGLAssetLoaderServi - Loading from file system: jar:file:///C:/Users/Utilisateur/.m2/repository/com/github/almasb/fxgl/17/fxgl-17.jar!/fxglassets/languages/english.lang
12:09:04.650 [FXGL Background Thread 1 ] INFO  FXGLApplication      - FXGL initialization took: 0,630 sec
12:09:04.685 [JavaFX Application Thread] DEBUG Input                - Registered new binding: getPosition - P
12:09:04.686 [JavaFX Application Thread] DEBUG Input                - Registered new binding: zoom+ - Up
12:09:04.686 [JavaFX Application Thread] DEBUG Input                - Registered new binding: zoom- - Down
12:09:04.686 [JavaFX Application Thread] DEBUG Input                - Registered new binding: resetZoom - 0
12:09:04.687 [JavaFX Application Thread] DEBUG Input                - Registered new binding: Move right - D
12:09:04.687 [JavaFX Application Thread] DEBUG Input                - Registered new binding: Move left - A
12:09:04.688 [JavaFX Application Thread] DEBUG Input                - Registered new binding: Move Up - W
12:09:04.688 [JavaFX Application Thread] DEBUG Input                - Registered new binding: Move Down - S
12:09:04.688 [JavaFX Application Thread] DEBUG FXGLAssetLoaderServi - Loading from file system: jar:file:///C:/Users/Utilisateur/.m2/repository/com/github/almasb/fxgl/17/fxgl-17.jar!/fxglassets/textures/fxgl_icon.png
12:09:04.702 [FXGL Background Thread 4 ] DEBUG FXGLAssetLoaderServi - Loading from file system: jar:file:///C:/Users/Utilisateur/.m2/repository/com/github/almasb/fxgl/17/fxgl-17.jar!/fxglassets/ui/fonts/Abel-Regular.ttf
12:09:04.714 [FXGL Background Thread 4 ] DEBUG FXGLAssetLoaderServi - Loading from file system: jar:file:///C:/Users/Utilisateur/.m2/repository/com/github/almasb/fxgl/17/fxgl-17.jar!/fxglassets/ui/fonts/TerminalLandMono-Regular.otf
12:09:04.718 [JavaFX Application Thread] DEBUG FXGLAssetLoaderServi - Loading from file system: jar:file:///C:/Users/Utilisateur/.m2/repository/com/github/almasb/fxgl/17/fxgl-17.jar!/fxglassets/textures/fxgl_default_cursor.png
12:09:04.723 [JavaFX Application Thread] DEBUG Input                - Registered new binding: Screenshot - CTRL+8
12:09:04.725 [JavaFX Application Thread] DEBUG Input                - Registered new binding: System info dump - CTRL+9
12:09:04.726 [JavaFX Application Thread] DEBUG Input                - Registered new binding: Restart - CTRL+R
12:09:04.727 [FXGL Background Thread 4 ] DEBUG FXGLAssetLoaderServi - Loading from file system: jar:file:///C:/Users/Utilisateur/.m2/repository/com/github/almasb/fxgl/17/fxgl-17.jar!/fxglassets/ui/fonts/Courier-Prime.ttf
12:09:04.728 [JavaFX Application Thread] DEBUG Input                - Registered new binding: Toggle Debug Camera - CTRL+7
12:09:04.734 [JavaFX Application Thread] DEBUG LoopRunner           - Starting loop
12:09:04.734 [JavaFX Application Thread] DEBUG LoopRunner           - Initializing JavaFX AnimationTimerLoop
12:09:04.740 [JavaFX Application Thread] DEBUG Input                - Clearing active input actions
12:09:04.752 [JavaFX Application Thread] DEBUG GameApplicationServi - Removing overlay from FXGLStartupScene and adding to FXGLMainMenuDummyScene
12:09:04.752 [JavaFX Application Thread] DEBUG PrimaryStageWindow   - FXGLStartupScene -> FXGLMainMenuDummyScene
12:09:04.752 [JavaFX Application Thread] DEBUG PrimaryStageWindow   - Push state: FXGLDefaultMenu
12:09:04.784 [JavaFX Application Thread] DEBUG Input                - Clearing active input actions
12:09:04.807 [JavaFX Application Thread] DEBUG GameApplicationServi - Removing overlay from FXGLMainMenuDummyScene and adding to FXGLDefaultMenu
12:09:04.808 [JavaFX Application Thread] DEBUG PrimaryStageWindow   - FXGLMainMenuDummyScene -> FXGLDefaultMenu
12:09:04.808 [JavaFX Application Thread] DEBUG FXGLApplication      - Registering font factories with UI factory
12:09:05.318 [FXGL Background Thread 2 ] INFO  UpdaterService       - Your current version:  17
12:09:05.320 [FXGL Background Thread 2 ] INFO  UpdaterService       - Latest stable version: 21
12:09:06.841 [JavaFX Application Thread] DEBUG Menu                 - fireNewGame()
12:09:06.841 [JavaFX Application Thread] DEBUG GameApplicationServi - Starting new game
12:09:06.848 [JavaFX Application Thread] DEBUG PrimaryStageWindow   - Pop state: FXGLDefaultMenu
12:09:06.848 [JavaFX Application Thread] DEBUG Input                - Clearing active input actions
12:09:06.849 [JavaFX Application Thread] DEBUG GameApplicationServi - Removing overlay from FXGLDefaultMenu and adding to FXGLMainMenuDummyScene
12:09:06.851 [JavaFX Application Thread] DEBUG PrimaryStageWindow   - FXGLMainMenuDummyScene <- FXGLDefaultMenu
12:09:06.853 [JavaFX Application Thread] DEBUG Input                - Clearing active input actions
12:09:06.860 [JavaFX Application Thread] DEBUG GameApplicationServi - Removing overlay from FXGLMainMenuDummyScene and adding to FXGLLoadingScene
12:09:06.861 [JavaFX Application Thread] DEBUG PrimaryStageWindow   - FXGLMainMenuDummyScene -> FXGLLoadingScene
12:09:06.861 [JavaFX Application Thread] DEBUG GameApplicationServi - Clearing previous game
12:09:06.861 [JavaFX Application Thread] DEBUG GameScene            - Clearing game scene
12:09:06.861 [JavaFX Application Thread] DEBUG GameWorld            - Clearing game world
12:09:06.861 [JavaFX Application Thread] DEBUG PhysicsWorld         - Clearing physics world
12:09:06.876 [FXGL Background Thread 2 ] DEBUG FXGLApplication      - Initializing game
12:09:07.009 [FXGL Background Thread 2 ] WARN  GameWorld            - Entity is already attached to world
12:09:07.034 [FXGL Background Thread 2 ] WARN  GameWorld            - Entity is already attached to world
12:09:07.055 [FXGL Background Thread 2 ] WARN  GameWorld            - Entity is already attached to world
12:09:07.057 [FXGL Background Thread 2 ] INFO  FXGLApplication      - Game initialization took: 0,182 sec
12:09:07.069 [JavaFX Application Thread] DEBUG Input                - Clearing active input actions
12:09:07.076 [JavaFX Application Thread] DEBUG GameApplicationServi - Removing overlay from FXGLLoadingScene and adding to GameScene
12:09:07.077 [JavaFX Application Thread] DEBUG PrimaryStageWindow   - FXGLLoadingScene -> GameScene
12:09:07.620 [FXGL Background Thread 3 ] DEBUG Engine               - Logging environment variables
12:09:07.620 [FXGL Background Thread 3 ] DEBUG Engine               - achievements: []
12:09:07.620 [FXGL Background Thread 3 ] DEBUG Engine               - actualHeight: 800.0
12:09:07.621 [FXGL Background Thread 3 ] DEBUG Engine               - actualHeightProperty: ReadOnlyDoubleProperty [value: 800.0]
12:09:07.621 [FXGL Background Thread 3 ] DEBUG Engine               - actualWidth: 800.0
12:09:07.621 [FXGL Background Thread 3 ] DEBUG Engine               - actualWidthProperty: ReadOnlyDoubleProperty [value: 800.0]
12:09:07.621 [FXGL Background Thread 3 ] DEBUG Engine               - appIcon: fxgl_icon.png
12:09:07.621 [FXGL Background Thread 3 ] DEBUG Engine               - applicationMode: DEVELOPER
12:09:07.621 [FXGL Background Thread 3 ] DEBUG Engine               - cSSList: [fxgl_dark.css]
12:09:07.621 [FXGL Background Thread 3 ] DEBUG Engine               - collisionDetectionStrategy: BRUTE_FORCE
12:09:07.621 [FXGL Background Thread 3 ] DEBUG Engine               - configClass: Optional.empty
12:09:07.621 [FXGL Background Thread 3 ] DEBUG Engine               - credits: []
12:09:07.622 [FXGL Background Thread 3 ] DEBUG Engine               - defaultCursor: CursorInfo(imageName=fxgl_default_cursor.png, hotspotX=7.0, hotspotY=6.0)
12:09:07.622 [FXGL Background Thread 3 ] DEBUG Engine               - devBBoxColorProperty: ObjectProperty [value: 0xff0000ff]
12:09:07.622 [FXGL Background Thread 3 ] DEBUG Engine               - devEnableDebugCameraProperty: BooleanProperty [value: false]
12:09:07.623 [FXGL Background Thread 3 ] DEBUG Engine               - devSensorColorProperty: ObjectProperty [value: 0xffff00ff]
12:09:07.623 [FXGL Background Thread 3 ] DEBUG Engine               - devShowBBoxProperty: BooleanProperty [value: false]
12:09:07.623 [FXGL Background Thread 3 ] DEBUG Engine               - devShowPositionProperty: BooleanProperty [value: false]
12:09:07.623 [FXGL Background Thread 3 ] DEBUG Engine               - enabledMenuItems: []
12:09:07.623 [FXGL Background Thread 3 ] DEBUG Engine               - engineServices: [class com.almasb.fxgl.app.services.FXGLAssetLoaderService, class com.almasb.fxgl.app.FXGLApplication$GameApplicationService, class com.almasb.fxgl.app.services.FXGLDialogService, class com.almasb.fxgl.app.services.IOTaskExecutorService, class com.almasb.fxgl.io.FileSystemService, class com.almasb.fxgl.localization.LocalizationService, class com.almasb.fxgl.app.services.SystemBundleService, class com.almasb.fxgl.profile.SaveLoadService, class com.almasb.fxgl.ui.FXGLUIFactoryServiceProvider, class com.almasb.fxgl.ui.FXGLDialogFactoryServiceProvider, class com.almasb.fxgl.audio.AudioPlayer, class com.almasb.fxgl.notification.impl.NotificationServiceProvider, class com.almasb.fxgl.achievement.AchievementService, class com.almasb.fxgl.cutscene.CutsceneService, class com.almasb.fxgl.minigames.MiniGameService, class com.almasb.fxgl.net.NetService, class com.almasb.fxgl.app.services.UpdaterService, class com.almasb.fxgl.dev.DevService]
12:09:07.623 [FXGL Background Thread 3 ] DEBUG Engine               - fontGame: Abel-Regular.ttf
12:09:07.624 [FXGL Background Thread 3 ] DEBUG Engine               - fontMono: TerminalLandMono-Regular.otf
12:09:07.624 [FXGL Background Thread 3 ] DEBUG Engine               - fontText: Courier-Prime.ttf
12:09:07.624 [FXGL Background Thread 3 ] DEBUG Engine               - fontUI: VarelaRound-Regular.ttf
12:09:07.624 [FXGL Background Thread 3 ] DEBUG Engine               - fullScreen: BooleanProperty [value: false]
12:09:07.624 [FXGL Background Thread 3 ] DEBUG Engine               - gameDifficulty: MEDIUM
12:09:07.624 [FXGL Background Thread 3 ] DEBUG Engine               - gameDifficultyProperty: ObjectProperty [value: MEDIUM]
12:09:07.624 [FXGL Background Thread 3 ] DEBUG Engine               - globalMusicVolume: 0.5
12:09:07.624 [FXGL Background Thread 3 ] DEBUG Engine               - globalMusicVolumeProperty: DoubleProperty [value: 0.5]
12:09:07.626 [FXGL Background Thread 3 ] DEBUG Engine               - globalSoundVolume: 0.5
12:09:07.627 [FXGL Background Thread 3 ] DEBUG Engine               - globalSoundVolumeProperty: DoubleProperty [value: 0.5]
12:09:07.627 [FXGL Background Thread 3 ] DEBUG Engine               - height: 800
12:09:07.627 [FXGL Background Thread 3 ] DEBUG Engine               - is3D: false
12:09:07.627 [FXGL Background Thread 3 ] DEBUG Engine               - isAndroid: false
12:09:07.627 [FXGL Background Thread 3 ] DEBUG Engine               - isBrowser: false
12:09:07.627 [FXGL Background Thread 3 ] DEBUG Engine               - isClickFeedbackEnabled: false
12:09:07.627 [FXGL Background Thread 3 ] DEBUG Engine               - isCloseConfirmation: false
12:09:07.627 [FXGL Background Thread 3 ] DEBUG Engine               - isDesktop: true
12:09:07.627 [FXGL Background Thread 3 ] DEBUG Engine               - isDeveloperMenuEnabled: false
12:09:07.627 [FXGL Background Thread 3 ] DEBUG Engine               - isEmbedded: false
12:09:07.627 [FXGL Background Thread 3 ] DEBUG Engine               - isEntityPreloadEnabled: true
12:09:07.627 [FXGL Background Thread 3 ] DEBUG Engine               - isExperimentalTiledLargeMap: false
12:09:07.627 [FXGL Background Thread 3 ] DEBUG Engine               - isFileSystemWriteAllowed: true
12:09:07.627 [FXGL Background Thread 3 ] DEBUG Engine               - isFullScreenAllowed: false
12:09:07.627 [FXGL Background Thread 3 ] DEBUG Engine               - isFullScreenFromStart: false
12:09:07.627 [FXGL Background Thread 3 ] DEBUG Engine               - isGameMenuEnabled: true
12:09:07.627 [FXGL Background Thread 3 ] DEBUG Engine               - isIOS: false
12:09:07.628 [FXGL Background Thread 3 ] DEBUG Engine               - isIntroEnabled: false
12:09:07.628 [FXGL Background Thread 3 ] DEBUG Engine               - isLinux: false
12:09:07.628 [FXGL Background Thread 3 ] DEBUG Engine               - isMac: false
12:09:07.628 [FXGL Background Thread 3 ] DEBUG Engine               - isMainMenuEnabled: true
12:09:07.628 [FXGL Background Thread 3 ] DEBUG Engine               - isManualResizeEnabled: false
12:09:07.628 [FXGL Background Thread 3 ] DEBUG Engine               - isMobile: false
12:09:07.628 [FXGL Background Thread 3 ] DEBUG Engine               - isNative: false
12:09:07.628 [FXGL Background Thread 3 ] DEBUG Engine               - isPauseMusicWhenMinimized: true
12:09:07.628 [FXGL Background Thread 3 ] DEBUG Engine               - isPreserveResizeRatio: false
12:09:07.628 [FXGL Background Thread 3 ] DEBUG Engine               - isProfilingEnabled: false
12:09:07.628 [FXGL Background Thread 3 ] DEBUG Engine               - isScaleAffectedOnResize: true
12:09:07.628 [FXGL Background Thread 3 ] DEBUG Engine               - isSingleStep: false
12:09:07.628 [FXGL Background Thread 3 ] DEBUG Engine               - isUserProfileEnabled: false
12:09:07.628 [FXGL Background Thread 3 ] DEBUG Engine               - isWindows: true
12:09:07.628 [FXGL Background Thread 3 ] DEBUG Engine               - language: ObjectProperty [value: ENGLISH]
12:09:07.628 [FXGL Background Thread 3 ] DEBUG Engine               - menuKey: ESCAPE
12:09:07.628 [FXGL Background Thread 3 ] DEBUG Engine               - mouseSensitivity: 0.2
12:09:07.628 [FXGL Background Thread 3 ] DEBUG Engine               - notificationViewClass: class com.almasb.fxgl.notification.view.XboxNotificationView
12:09:07.628 [FXGL Background Thread 3 ] DEBUG Engine               - pixelsPerMeter: 50.0
12:09:07.628 [FXGL Background Thread 3 ] DEBUG Engine               - platform: WINDOWS
12:09:07.629 [FXGL Background Thread 3 ] DEBUG Engine               - prefHeightProperty: ReadOnlyDoubleProperty [value: 800.0]
12:09:07.629 [FXGL Background Thread 3 ] DEBUG Engine               - prefWidthProperty: ReadOnlyDoubleProperty [value: 800.0]
12:09:07.629 [FXGL Background Thread 3 ] DEBUG Engine               - profileDir: profiles/
12:09:07.629 [FXGL Background Thread 3 ] DEBUG Engine               - profileName: StringProperty [value: DEFAULT]
12:09:07.629 [FXGL Background Thread 3 ] DEBUG Engine               - randomSeed: -1
12:09:07.631 [FXGL Background Thread 3 ] DEBUG Engine               - runtimeInfo: RuntimeInfo(platform=WINDOWS, version=17, build=31.12.2021 18.16)
12:09:07.632 [FXGL Background Thread 3 ] DEBUG Engine               - saveFileExt: sav
12:09:07.632 [FXGL Background Thread 3 ] DEBUG Engine               - scaledHeightProp$fxgl: DoubleProperty [bound, value: 800.0]
12:09:07.632 [FXGL Background Thread 3 ] DEBUG Engine               - scaledWidthProp$fxgl: DoubleProperty [bound, value: 800.0]
12:09:07.632 [FXGL Background Thread 3 ] DEBUG Engine               - sceneFactory: com.almasb.fxgl.app.scene.SceneFactory@79825897
12:09:07.632 [FXGL Background Thread 3 ] DEBUG Engine               - secondsIn24h: 60
12:09:07.632 [FXGL Background Thread 3 ] DEBUG Engine               - soundMenuBack: menu/back.wav
12:09:07.632 [FXGL Background Thread 3 ] DEBUG Engine               - soundMenuPress: menu/press.wav
12:09:07.632 [FXGL Background Thread 3 ] DEBUG Engine               - soundMenuSelect: menu/select.wav
12:09:07.632 [FXGL Background Thread 3 ] DEBUG Engine               - soundNotification: core/notification.wav
12:09:07.632 [FXGL Background Thread 3 ] DEBUG Engine               - stageStyle: DECORATED
12:09:07.632 [FXGL Background Thread 3 ] DEBUG Engine               - supportedLanguages: [ENGLISH, FRENCH, GERMAN, HUNGARIAN, RUSSIAN]
12:09:07.632 [FXGL Background Thread 3 ] DEBUG Engine               - ticksPerSecond: -1
12:09:07.632 [FXGL Background Thread 3 ] DEBUG Engine               - title: Zelda 2D Game
12:09:07.632 [FXGL Background Thread 3 ] DEBUG Engine               - urlGithub: https://github.com/AlmasB/FXGL
12:09:07.632 [FXGL Background Thread 3 ] DEBUG Engine               - urlLeaderboard: http://fxgl-top.herokuapp.com/
12:09:07.633 [FXGL Background Thread 3 ] DEBUG Engine               - urlPOM: https://raw.githubusercontent.com/AlmasB/FXGL/release/README.md
12:09:07.633 [FXGL Background Thread 3 ] DEBUG Engine               - userAppClass: class com.example.zeldapuzzle.MainGameApp
12:09:07.633 [FXGL Background Thread 3 ] DEBUG Engine               - version: 1
12:09:07.633 [FXGL Background Thread 3 ] DEBUG Engine               - versionCheckDays: 7
12:09:07.633 [FXGL Background Thread 3 ] DEBUG Engine               - width: 800
12:09:07.633 [FXGL Background Thread 3 ] DEBUG Engine               - Logging services
12:09:07.633 [FXGL Background Thread 3 ] DEBUG Engine               - class com.almasb.fxgl.app.services.FXGLAssetLoaderService
12:09:07.633 [FXGL Background Thread 3 ] DEBUG Engine               - class com.almasb.fxgl.app.FXGLApplication$GameApplicationService
12:09:07.633 [FXGL Background Thread 3 ] DEBUG Engine               - class com.almasb.fxgl.app.services.FXGLDialogService
12:09:07.633 [FXGL Background Thread 3 ] DEBUG Engine               - class com.almasb.fxgl.app.services.IOTaskExecutorService
12:09:07.633 [FXGL Background Thread 3 ] DEBUG Engine               - class com.almasb.fxgl.io.FileSystemService
12:09:07.633 [FXGL Background Thread 3 ] DEBUG Engine               - class com.almasb.fxgl.localization.LocalizationService
12:09:07.633 [FXGL Background Thread 3 ] DEBUG Engine               - class com.almasb.fxgl.app.services.SystemBundleService
12:09:07.633 [FXGL Background Thread 3 ] DEBUG Engine               - class com.almasb.fxgl.profile.SaveLoadService
12:09:07.633 [FXGL Background Thread 3 ] DEBUG Engine               - class com.almasb.fxgl.ui.FXGLUIFactoryServiceProvider
12:09:07.633 [FXGL Background Thread 3 ] DEBUG Engine               - class com.almasb.fxgl.ui.FXGLDialogFactoryServiceProvider
12:09:07.633 [FXGL Background Thread 3 ] DEBUG Engine               - class com.almasb.fxgl.audio.AudioPlayer
12:09:07.634 [FXGL Background Thread 3 ] DEBUG Engine               - class com.almasb.fxgl.notification.impl.NotificationServiceProvider
12:09:07.634 [FXGL Background Thread 3 ] DEBUG Engine               - class com.almasb.fxgl.achievement.AchievementService
12:09:07.634 [FXGL Background Thread 3 ] DEBUG Engine               - class com.almasb.fxgl.cutscene.CutsceneService
12:09:07.634 [FXGL Background Thread 3 ] DEBUG Engine               - class com.almasb.fxgl.minigames.MiniGameService
12:09:07.634 [FXGL Background Thread 3 ] DEBUG Engine               - class com.almasb.fxgl.net.NetService
12:09:07.634 [FXGL Background Thread 3 ] DEBUG Engine               - class com.almasb.fxgl.app.services.UpdaterService
12:09:07.634 [FXGL Background Thread 3 ] DEBUG Engine               - class com.almasb.fxgl.dev.DevService
12:09:22.128 [JavaFX Application Thread] DEBUG FXGLApplication      - Exiting FXGL
12:09:22.128 [JavaFX Application Thread] DEBUG LoopRunner           - Stopping loop
12:09:22.128 [JavaFX Application Thread] DEBUG SystemBundleService  - Saving FXGL system data
12:09:22.131 [JavaFX Application Thread] DEBUG FileSystemAccess     - Writing to: C:\Users\Utilisateur\IdeaProjects\zeldaPuzzle\system\fxgl.bundle
12:09:22.134 [JavaFX Application Thread] DEBUG Async                - Shutting down background threads
12:09:22.134 [JavaFX Application Thread] DEBUG PrimaryStageWindow   - Closing main window
12:09:22.181 [JavaFX Application Thread] DEBUG Logger               - Closing Logger
