00:26:24.465 [main                     ] DEBUG Logger               - Configured Logger
00:26:24.481 [main                     ] DEBUG GameApplication      - Logging settings
Title: Zelda 2D Game
Version: 1
Width: 800
Height: 800
Fullscreen: true
Intro: false
Profiling: false
Single step:false
App Mode: DEVELOPER
Menu Key: ESCAPE
Stage Style: DECORATED
Scene Factory: class com.almasb.fxgl.app.scene.SceneFactory

00:26:24.622 [JavaFX Application Thread] DEBUG FXGLApplication      - Initializing FXGL
00:26:24.625 [JavaFX Application Thread] INFO  Engine               - FXGL-17 (31.12.2021 18.16) on WINDOWS (J:21.0.2 FX:19)
00:26:24.626 [JavaFX Application Thread] DEBUG Engine               - JRE Vendor Name: Oracle Corporation
00:26:24.626 [JavaFX Application Thread] DEBUG Engine               - Running on OS: Windows 10 version 10.0
00:26:24.626 [JavaFX Application Thread] DEBUG Engine               - Architecture: amd64
00:26:24.626 [JavaFX Application Thread] INFO  Engine               - Source code and latest versions at: https://github.com/AlmasB/FXGL
00:26:24.626 [JavaFX Application Thread] INFO  Engine               -       Ask questions and discuss at: https://github.com/AlmasB/FXGL/discussions
00:26:24.626 [JavaFX Application Thread] INFO  Engine               -              Join the FXGL chat at: https://gitter.im/AlmasB/FXGL
00:26:24.697 [JavaFX Application Thread] DEBUG PrimaryStageWindow   - Creating a JavaFX scene
00:26:24.742 [JavaFX Application Thread] DEBUG PrimaryStageWindow   - Target settings size: 800.0 x 800.0
00:26:24.742 [JavaFX Application Thread] DEBUG PrimaryStageWindow   - Scaled scene size:    800.0 x 800.0
00:26:24.742 [JavaFX Application Thread] DEBUG PrimaryStageWindow   - Scaled ratio: (1.0, 1.0)
00:26:24.743 [JavaFX Application Thread] DEBUG PrimaryStageWindow   - Set initial scene to FXGLStartupScene
00:26:24.747 [JavaFX Application Thread] DEBUG PrimaryStageWindow   - Opening main window
00:26:24.826 [JavaFX Application Thread] DEBUG PrimaryStageWindow   - Window border size: (16.0, 39.0)
00:26:24.826 [JavaFX Application Thread] DEBUG PrimaryStageWindow   - Scaled size: 800.0 x 800.0
00:26:24.827 [JavaFX Application Thread] DEBUG PrimaryStageWindow   - Scaled ratio: (1.0, 1.0)
00:26:24.827 [JavaFX Application Thread] DEBUG PrimaryStageWindow   - Scene size: 800.0 x 800.0
00:26:24.827 [JavaFX Application Thread] DEBUG PrimaryStageWindow   - Stage size: 816.0 x 839.0
00:26:24.834 [FXGL Background Thread 1 ] DEBUG Engine               - Initializing environment variables
00:26:24.882 [FXGL Background Thread 1 ] DEBUG FXGLAssetLoaderServi - User app class for loading assets: class com.example.zeldapuzzle.MainGameApp
00:26:24.882 [FXGL Background Thread 1 ] DEBUG GameApplicationServi - Applying CSS: fxgl_dark.css
00:26:24.882 [FXGL Background Thread 1 ] DEBUG FXGLAssetLoaderServi - Loading from file system: jar:file:///C:/Users/mbour/.m2/repository/com/github/almasb/fxgl/17/fxgl-17.jar!/fxglassets/ui/css/fxgl_dark.css
00:26:24.920 [FXGL Background Thread 1 ] DEBUG GameApplicationServi - Initializing application scenes
00:26:24.956 [FXGL Background Thread 1 ] DEBUG GameWorld            - Game world initialized
00:26:25.024 [FXGL Background Thread 1 ] DEBUG PhysicsWorld         - Physics world initialized: appHeight=800, physics.ppm=50,0
00:26:25.024 [FXGL Background Thread 1 ] DEBUG PhysicsWorld         - Using strategy: BRUTE_FORCE
00:26:25.029 [FXGL Background Thread 1 ] DEBUG GameScene            - Game scene initialized: 800x800
00:26:25.041 [FXGL Background Thread 1 ] DEBUG FXGL.DefaultMenu     - createMenuBodyMainMenu()
00:26:25.054 [FXGL Background Thread 1 ] DEBUG FXGL.DefaultMenu     - createOptionsMenu()
00:26:25.061 [FXGL Background Thread 1 ] DEBUG FXGLAssetLoaderServi - Loading from file system: jar:file:///C:/Users/mbour/.m2/repository/com/github/almasb/fxgl/17/fxgl-17.jar!/fxglassets/textures/particles/smoke.png
00:26:25.126 [FXGL Background Thread 1 ] DEBUG FXGLAssetLoaderServi - Loading from file system: jar:file:///C:/Users/mbour/.m2/repository/com/github/almasb/fxgl/17/fxgl-17.jar!/fxglassets/textures/particles/trace_horizontal.png
00:26:25.141 [FXGL Background Thread 1 ] DEBUG FXGL.DefaultMenu     - createMenuBodyGameMenu()
00:26:25.143 [FXGL Background Thread 1 ] DEBUG FXGL.DefaultMenu     - createOptionsMenu()
00:26:25.160 [FXGL Background Thread 1 ] DEBUG GameApplicationServi - Application scenes initialized
00:26:25.172 [FXGL Background Thread 1 ] DEBUG SystemBundleService  - Loading FXGL system data
00:26:25.177 [FXGL Background Thread 1 ] DEBUG FileSystemAccess     - Reading from: C:\Users\mbour\OneDrive\Bureau\Zelda TOTK WINRAR\zeldaPuzzle\system\fxgl.bundle
00:26:25.186 [FXGL Background Thread 1 ] DEBUG SystemBundleService  - Bundle FXGL: {}
00:26:25.187 [FXGL Background Thread 1 ] DEBUG UpdaterService       - Checking for updates
00:26:25.210 [FXGL Background Thread 4 ] DEBUG FXGLApplication      - Loading fonts
00:26:25.211 [FXGL Background Thread 1 ] DEBUG FXGLApplication      - Loading default localization
00:26:25.211 [FXGL Background Thread 4 ] DEBUG FXGLAssetLoaderServi - Loading from file system: jar:file:///C:/Users/mbour/.m2/repository/com/github/almasb/fxgl/17/fxgl-17.jar!/fxglassets/ui/fonts/VarelaRound-Regular.ttf
00:26:25.211 [FXGL Background Thread 1 ] DEBUG FXGLAssetLoaderServi - Loading from file system: jar:file:///C:/Users/mbour/.m2/repository/com/github/almasb/fxgl/17/fxgl-17.jar!/fxglassets/languages/english.lang
00:26:25.227 [FXGL Background Thread 1 ] INFO  FXGLApplication      - FXGL initialization took: 0,392 sec
00:26:25.241 [JavaFX Application Thread] DEBUG Input                - Registered new binding: getPosition - P
00:26:25.242 [JavaFX Application Thread] DEBUG Input                - Registered new binding: zoom+ - Up
00:26:25.242 [JavaFX Application Thread] DEBUG Input                - Registered new binding: zoom- - Down
00:26:25.242 [JavaFX Application Thread] DEBUG Input                - Registered new binding: resetZoom - 0
00:26:25.242 [JavaFX Application Thread] DEBUG Input                - Registered new binding: Move right - D
00:26:25.243 [JavaFX Application Thread] DEBUG Input                - Registered new binding: Move left - A
00:26:25.243 [JavaFX Application Thread] DEBUG Input                - Registered new binding: Move Up - W
00:26:25.243 [JavaFX Application Thread] DEBUG Input                - Registered new binding: Move Down - S
00:26:25.244 [JavaFX Application Thread] DEBUG FXGLAssetLoaderServi - Loading from file system: jar:file:///C:/Users/mbour/.m2/repository/com/github/almasb/fxgl/17/fxgl-17.jar!/fxglassets/textures/fxgl_icon.png
00:26:25.247 [FXGL Background Thread 4 ] DEBUG FXGLAssetLoaderServi - Loading from file system: jar:file:///C:/Users/mbour/.m2/repository/com/github/almasb/fxgl/17/fxgl-17.jar!/fxglassets/ui/fonts/Abel-Regular.ttf
00:26:25.254 [JavaFX Application Thread] DEBUG FXGLAssetLoaderServi - Loading from file system: jar:file:///C:/Users/mbour/.m2/repository/com/github/almasb/fxgl/17/fxgl-17.jar!/fxglassets/textures/fxgl_default_cursor.png
00:26:25.256 [JavaFX Application Thread] DEBUG Input                - Registered new binding: Screenshot - CTRL+8
00:26:25.257 [JavaFX Application Thread] DEBUG Input                - Registered new binding: Dev Options - 1
00:26:25.257 [JavaFX Application Thread] DEBUG Input                - Registered new binding: Dev Console - 2
00:26:25.257 [JavaFX Application Thread] DEBUG Input                - Registered new binding: System info dump - CTRL+9
00:26:25.257 [FXGL Background Thread 4 ] DEBUG FXGLAssetLoaderServi - Loading from file system: jar:file:///C:/Users/mbour/.m2/repository/com/github/almasb/fxgl/17/fxgl-17.jar!/fxglassets/ui/fonts/TerminalLandMono-Regular.otf
00:26:25.258 [JavaFX Application Thread] DEBUG Input                - Registered new binding: Restart - CTRL+R
00:26:25.258 [JavaFX Application Thread] DEBUG Input                - Registered new binding: Toggle Debug Camera - CTRL+7
00:26:25.263 [JavaFX Application Thread] DEBUG LoopRunner           - Starting loop
00:26:25.269 [FXGL Background Thread 4 ] DEBUG FXGLAssetLoaderServi - Loading from file system: jar:file:///C:/Users/mbour/.m2/repository/com/github/almasb/fxgl/17/fxgl-17.jar!/fxglassets/ui/fonts/Courier-Prime.ttf
00:26:25.276 [JavaFX Application Thread] DEBUG LoopRunner           - Initializing JavaFX AnimationTimerLoop
00:26:25.278 [JavaFX Application Thread] DEBUG Input                - Clearing active input actions
00:26:25.286 [JavaFX Application Thread] DEBUG GameApplicationServi - Removing overlay from FXGLStartupScene and adding to FXGLMainMenuDummyScene
00:26:25.291 [JavaFX Application Thread] DEBUG PrimaryStageWindow   - FXGLStartupScene -> FXGLMainMenuDummyScene
00:26:25.292 [JavaFX Application Thread] DEBUG PrimaryStageWindow   - Push state: FXGLDefaultMenu
00:26:25.293 [JavaFX Application Thread] DEBUG Input                - Clearing active input actions
00:26:25.301 [JavaFX Application Thread] DEBUG GameApplicationServi - Removing overlay from FXGLMainMenuDummyScene and adding to FXGLDefaultMenu
00:26:25.302 [JavaFX Application Thread] DEBUG PrimaryStageWindow   - FXGLMainMenuDummyScene -> FXGLDefaultMenu
00:26:25.508 [JavaFX Application Thread] DEBUG FXGLApplication      - Registering font factories with UI factory
00:26:25.690 [FXGL Background Thread 2 ] INFO  UpdaterService       - Your current version:  17
00:26:25.690 [FXGL Background Thread 2 ] INFO  UpdaterService       - Latest stable version: 21.1
00:26:28.210 [FXGL Background Thread 3 ] DEBUG Engine               - Logging environment variables
00:26:28.210 [FXGL Background Thread 3 ] DEBUG Engine               - achievements: []
00:26:28.210 [FXGL Background Thread 3 ] DEBUG Engine               - actualHeight: 800.0
00:26:28.210 [FXGL Background Thread 3 ] DEBUG Engine               - actualHeightProperty: ReadOnlyDoubleProperty [value: 800.0]
00:26:28.210 [FXGL Background Thread 3 ] DEBUG Engine               - actualWidth: 800.0
00:26:28.210 [FXGL Background Thread 3 ] DEBUG Engine               - actualWidthProperty: ReadOnlyDoubleProperty [value: 800.0]
00:26:28.211 [FXGL Background Thread 3 ] DEBUG Engine               - appIcon: fxgl_icon.png
00:26:28.211 [FXGL Background Thread 3 ] DEBUG Engine               - applicationMode: DEVELOPER
00:26:28.211 [FXGL Background Thread 3 ] DEBUG Engine               - cSSList: [fxgl_dark.css]
00:26:28.211 [FXGL Background Thread 3 ] DEBUG Engine               - collisionDetectionStrategy: BRUTE_FORCE
00:26:28.211 [FXGL Background Thread 3 ] DEBUG Engine               - configClass: Optional.empty
00:26:28.211 [FXGL Background Thread 3 ] DEBUG Engine               - credits: []
00:26:28.211 [FXGL Background Thread 3 ] DEBUG Engine               - defaultCursor: CursorInfo(imageName=fxgl_default_cursor.png, hotspotX=7.0, hotspotY=6.0)
00:26:28.211 [FXGL Background Thread 3 ] DEBUG Engine               - devBBoxColorProperty: ObjectProperty [value: 0xff0000ff]
00:26:28.211 [FXGL Background Thread 3 ] DEBUG Engine               - devEnableDebugCameraProperty: BooleanProperty [value: false]
00:26:28.212 [FXGL Background Thread 3 ] DEBUG Engine               - devSensorColorProperty: ObjectProperty [value: 0xffff00ff]
00:26:28.212 [FXGL Background Thread 3 ] DEBUG Engine               - devShowBBoxProperty: BooleanProperty [value: false]
00:26:28.212 [FXGL Background Thread 3 ] DEBUG Engine               - devShowPositionProperty: BooleanProperty [value: false]
00:26:28.212 [FXGL Background Thread 3 ] DEBUG Engine               - enabledMenuItems: []
00:26:28.212 [FXGL Background Thread 3 ] DEBUG Engine               - engineServices: [class com.almasb.fxgl.app.services.FXGLAssetLoaderService, class com.almasb.fxgl.app.FXGLApplication$GameApplicationService, class com.almasb.fxgl.app.services.FXGLDialogService, class com.almasb.fxgl.app.services.IOTaskExecutorService, class com.almasb.fxgl.io.FileSystemService, class com.almasb.fxgl.localization.LocalizationService, class com.almasb.fxgl.app.services.SystemBundleService, class com.almasb.fxgl.profile.SaveLoadService, class com.almasb.fxgl.ui.FXGLUIFactoryServiceProvider, class com.almasb.fxgl.ui.FXGLDialogFactoryServiceProvider, class com.almasb.fxgl.audio.AudioPlayer, class com.almasb.fxgl.notification.impl.NotificationServiceProvider, class com.almasb.fxgl.achievement.AchievementService, class com.almasb.fxgl.cutscene.CutsceneService, class com.almasb.fxgl.minigames.MiniGameService, class com.almasb.fxgl.net.NetService, class com.almasb.fxgl.app.services.UpdaterService, class com.almasb.fxgl.dev.DevService]
00:26:28.212 [FXGL Background Thread 3 ] DEBUG Engine               - fontGame: Abel-Regular.ttf
00:26:28.212 [FXGL Background Thread 3 ] DEBUG Engine               - fontMono: TerminalLandMono-Regular.otf
00:26:28.212 [FXGL Background Thread 3 ] DEBUG Engine               - fontText: Courier-Prime.ttf
00:26:28.212 [FXGL Background Thread 3 ] DEBUG Engine               - fontUI: VarelaRound-Regular.ttf
00:26:28.212 [FXGL Background Thread 3 ] DEBUG Engine               - fullScreen: BooleanProperty [value: false]
00:26:28.212 [FXGL Background Thread 3 ] DEBUG Engine               - gameDifficulty: MEDIUM
00:26:28.212 [FXGL Background Thread 3 ] DEBUG Engine               - gameDifficultyProperty: ObjectProperty [value: MEDIUM]
00:26:28.212 [FXGL Background Thread 3 ] DEBUG Engine               - globalMusicVolume: 0.5
00:26:28.212 [FXGL Background Thread 3 ] DEBUG Engine               - globalMusicVolumeProperty: DoubleProperty [value: 0.5]
00:26:28.212 [FXGL Background Thread 3 ] DEBUG Engine               - globalSoundVolume: 0.5
00:26:28.212 [FXGL Background Thread 3 ] DEBUG Engine               - globalSoundVolumeProperty: DoubleProperty [value: 0.5]
00:26:28.212 [FXGL Background Thread 3 ] DEBUG Engine               - height: 800
00:26:28.212 [FXGL Background Thread 3 ] DEBUG Engine               - is3D: false
00:26:28.213 [FXGL Background Thread 3 ] DEBUG Engine               - isAndroid: false
00:26:28.213 [FXGL Background Thread 3 ] DEBUG Engine               - isBrowser: false
00:26:28.213 [FXGL Background Thread 3 ] DEBUG Engine               - isClickFeedbackEnabled: false
00:26:28.213 [FXGL Background Thread 3 ] DEBUG Engine               - isCloseConfirmation: false
00:26:28.213 [FXGL Background Thread 3 ] DEBUG Engine               - isDesktop: true
00:26:28.213 [FXGL Background Thread 3 ] DEBUG Engine               - isDeveloperMenuEnabled: true
00:26:28.213 [FXGL Background Thread 3 ] DEBUG Engine               - isEmbedded: false
00:26:28.213 [FXGL Background Thread 3 ] DEBUG Engine               - isEntityPreloadEnabled: true
00:26:28.213 [FXGL Background Thread 3 ] DEBUG Engine               - isExperimentalTiledLargeMap: false
00:26:28.213 [FXGL Background Thread 3 ] DEBUG Engine               - isFileSystemWriteAllowed: true
00:26:28.213 [FXGL Background Thread 3 ] DEBUG Engine               - isFullScreenAllowed: true
00:26:28.213 [FXGL Background Thread 3 ] DEBUG Engine               - isFullScreenFromStart: false
00:26:28.213 [FXGL Background Thread 3 ] DEBUG Engine               - isGameMenuEnabled: true
00:26:28.213 [FXGL Background Thread 3 ] DEBUG Engine               - isIOS: false
00:26:28.213 [FXGL Background Thread 3 ] DEBUG Engine               - isIntroEnabled: false
00:26:28.213 [FXGL Background Thread 3 ] DEBUG Engine               - isLinux: false
00:26:28.213 [FXGL Background Thread 3 ] DEBUG Engine               - isMac: false
00:26:28.214 [FXGL Background Thread 3 ] DEBUG Engine               - isMainMenuEnabled: true
00:26:28.214 [FXGL Background Thread 3 ] DEBUG Engine               - isManualResizeEnabled: false
00:26:28.214 [FXGL Background Thread 3 ] DEBUG Engine               - isMobile: false
00:26:28.214 [FXGL Background Thread 3 ] DEBUG Engine               - isNative: false
00:26:28.214 [FXGL Background Thread 3 ] DEBUG Engine               - isPauseMusicWhenMinimized: true
00:26:28.214 [FXGL Background Thread 3 ] DEBUG Engine               - isPreserveResizeRatio: false
00:26:28.214 [FXGL Background Thread 3 ] DEBUG Engine               - isProfilingEnabled: false
00:26:28.214 [FXGL Background Thread 3 ] DEBUG Engine               - isScaleAffectedOnResize: true
00:26:28.214 [FXGL Background Thread 3 ] DEBUG Engine               - isSingleStep: false
00:26:28.214 [FXGL Background Thread 3 ] DEBUG Engine               - isUserProfileEnabled: false
00:26:28.214 [FXGL Background Thread 3 ] DEBUG Engine               - isWindows: true
00:26:28.214 [FXGL Background Thread 3 ] DEBUG Engine               - language: ObjectProperty [value: ENGLISH]
00:26:28.214 [FXGL Background Thread 3 ] DEBUG Engine               - menuKey: ESCAPE
00:26:28.214 [FXGL Background Thread 3 ] DEBUG Engine               - mouseSensitivity: 0.2
00:26:28.214 [FXGL Background Thread 3 ] DEBUG Engine               - notificationViewClass: class com.almasb.fxgl.notification.view.XboxNotificationView
00:26:28.214 [FXGL Background Thread 3 ] DEBUG Engine               - pixelsPerMeter: 50.0
00:26:28.215 [FXGL Background Thread 3 ] DEBUG Engine               - platform: WINDOWS
00:26:28.215 [FXGL Background Thread 3 ] DEBUG Engine               - prefHeightProperty: ReadOnlyDoubleProperty [value: 800.0]
00:26:28.215 [FXGL Background Thread 3 ] DEBUG Engine               - prefWidthProperty: ReadOnlyDoubleProperty [value: 800.0]
00:26:28.215 [FXGL Background Thread 3 ] DEBUG Engine               - profileDir: profiles/
00:26:28.215 [FXGL Background Thread 3 ] DEBUG Engine               - profileName: StringProperty [value: DEFAULT]
00:26:28.215 [FXGL Background Thread 3 ] DEBUG Engine               - randomSeed: -1
00:26:28.215 [FXGL Background Thread 3 ] DEBUG Engine               - runtimeInfo: RuntimeInfo(platform=WINDOWS, version=17, build=31.12.2021 18.16)
00:26:28.215 [FXGL Background Thread 3 ] DEBUG Engine               - saveFileExt: sav
00:26:28.215 [FXGL Background Thread 3 ] DEBUG Engine               - scaledHeightProp$fxgl: DoubleProperty [bound, value: 800.0]
00:26:28.215 [FXGL Background Thread 3 ] DEBUG Engine               - scaledWidthProp$fxgl: DoubleProperty [bound, value: 800.0]
00:26:28.215 [FXGL Background Thread 3 ] DEBUG Engine               - sceneFactory: com.almasb.fxgl.app.scene.SceneFactory@4bc82f52
00:26:28.215 [FXGL Background Thread 3 ] DEBUG Engine               - secondsIn24h: 60
00:26:28.216 [FXGL Background Thread 3 ] DEBUG Engine               - soundMenuBack: menu/back.wav
00:26:28.216 [FXGL Background Thread 3 ] DEBUG Engine               - soundMenuPress: menu/press.wav
00:26:28.216 [FXGL Background Thread 3 ] DEBUG Engine               - soundMenuSelect: menu/select.wav
00:26:28.216 [FXGL Background Thread 3 ] DEBUG Engine               - soundNotification: core/notification.wav
00:26:28.216 [FXGL Background Thread 3 ] DEBUG Engine               - stageStyle: DECORATED
00:26:28.216 [FXGL Background Thread 3 ] DEBUG Engine               - supportedLanguages: [ENGLISH, FRENCH, GERMAN, HUNGARIAN, RUSSIAN]
00:26:28.216 [FXGL Background Thread 3 ] DEBUG Engine               - ticksPerSecond: -1
00:26:28.216 [FXGL Background Thread 3 ] DEBUG Engine               - title: Zelda 2D Game
00:26:28.216 [FXGL Background Thread 3 ] DEBUG Engine               - urlGithub: https://github.com/AlmasB/FXGL
00:26:28.216 [FXGL Background Thread 3 ] DEBUG Engine               - urlLeaderboard: http://fxgl-top.herokuapp.com/
00:26:28.216 [FXGL Background Thread 3 ] DEBUG Engine               - urlPOM: https://raw.githubusercontent.com/AlmasB/FXGL/release/README.md
00:26:28.216 [FXGL Background Thread 3 ] DEBUG Engine               - userAppClass: class com.example.zeldapuzzle.MainGameApp
00:26:28.216 [FXGL Background Thread 3 ] DEBUG Engine               - version: 1
00:26:28.216 [FXGL Background Thread 3 ] DEBUG Engine               - versionCheckDays: 7
00:26:28.216 [FXGL Background Thread 3 ] DEBUG Engine               - width: 800
00:26:28.216 [FXGL Background Thread 3 ] DEBUG Engine               - Logging services
00:26:28.216 [FXGL Background Thread 3 ] DEBUG Engine               - class com.almasb.fxgl.app.services.FXGLAssetLoaderService
00:26:28.216 [FXGL Background Thread 3 ] DEBUG Engine               - class com.almasb.fxgl.app.FXGLApplication$GameApplicationService
00:26:28.216 [FXGL Background Thread 3 ] DEBUG Engine               - class com.almasb.fxgl.app.services.FXGLDialogService
00:26:28.216 [FXGL Background Thread 3 ] DEBUG Engine               - class com.almasb.fxgl.app.services.IOTaskExecutorService
00:26:28.216 [FXGL Background Thread 3 ] DEBUG Engine               - class com.almasb.fxgl.io.FileSystemService
00:26:28.216 [FXGL Background Thread 3 ] DEBUG Engine               - class com.almasb.fxgl.localization.LocalizationService
00:26:28.216 [FXGL Background Thread 3 ] DEBUG Engine               - class com.almasb.fxgl.app.services.SystemBundleService
00:26:28.216 [FXGL Background Thread 3 ] DEBUG Engine               - class com.almasb.fxgl.profile.SaveLoadService
00:26:28.216 [FXGL Background Thread 3 ] DEBUG Engine               - class com.almasb.fxgl.ui.FXGLUIFactoryServiceProvider
00:26:28.216 [FXGL Background Thread 3 ] DEBUG Engine               - class com.almasb.fxgl.ui.FXGLDialogFactoryServiceProvider
00:26:28.216 [FXGL Background Thread 3 ] DEBUG Engine               - class com.almasb.fxgl.audio.AudioPlayer
00:26:28.217 [FXGL Background Thread 3 ] DEBUG Engine               - class com.almasb.fxgl.notification.impl.NotificationServiceProvider
00:26:28.217 [FXGL Background Thread 3 ] DEBUG Engine               - class com.almasb.fxgl.achievement.AchievementService
00:26:28.217 [FXGL Background Thread 3 ] DEBUG Engine               - class com.almasb.fxgl.cutscene.CutsceneService
00:26:28.217 [FXGL Background Thread 3 ] DEBUG Engine               - class com.almasb.fxgl.minigames.MiniGameService
00:26:28.217 [FXGL Background Thread 3 ] DEBUG Engine               - class com.almasb.fxgl.net.NetService
00:26:28.217 [FXGL Background Thread 3 ] DEBUG Engine               - class com.almasb.fxgl.app.services.UpdaterService
00:26:28.217 [FXGL Background Thread 3 ] DEBUG Engine               - class com.almasb.fxgl.dev.DevService
00:26:31.491 [JavaFX Application Thread] DEBUG Menu                 - fireNewGame()
00:26:31.492 [JavaFX Application Thread] DEBUG GameApplicationServi - Starting new game
00:26:31.493 [JavaFX Application Thread] DEBUG PrimaryStageWindow   - Pop state: FXGLDefaultMenu
00:26:31.493 [JavaFX Application Thread] DEBUG Input                - Clearing active input actions
00:26:31.494 [JavaFX Application Thread] DEBUG GameApplicationServi - Removing overlay from FXGLDefaultMenu and adding to FXGLMainMenuDummyScene
00:26:31.496 [JavaFX Application Thread] DEBUG PrimaryStageWindow   - FXGLMainMenuDummyScene <- FXGLDefaultMenu
00:26:31.496 [JavaFX Application Thread] DEBUG Input                - Clearing active input actions
00:26:31.504 [JavaFX Application Thread] DEBUG GameApplicationServi - Removing overlay from FXGLMainMenuDummyScene and adding to FXGLLoadingScene
00:26:31.505 [JavaFX Application Thread] DEBUG PrimaryStageWindow   - FXGLMainMenuDummyScene -> FXGLLoadingScene
00:26:31.505 [JavaFX Application Thread] DEBUG GameApplicationServi - Clearing previous game
00:26:31.505 [JavaFX Application Thread] DEBUG GameScene            - Clearing game scene
00:26:31.505 [JavaFX Application Thread] DEBUG GameWorld            - Clearing game world
00:26:31.505 [JavaFX Application Thread] DEBUG PhysicsWorld         - Clearing physics world
00:26:31.507 [FXGL Background Thread 2 ] DEBUG FXGLApplication      - Initializing game
00:26:31.544 [FXGL Background Thread 2 ] WARN  TMXLevelLoader       - TiledMap generated from 1.10.2. Supported version: 1.2.3. Some features may not be parsed fully.
00:26:31.554 [FXGL Background Thread 2 ] DEBUG TMXLevelLoader       - Parsed TiledMap: file:/C:/Users/mbour/OneDrive/Bureau/Zelda%20TOTK%20WINRAR/zeldaPuzzle/target/classes/assets/levels/StartingMap.tmx
00:26:31.556 [FXGL Background Thread 2 ] DEBUG TMXLevelLoader       - Creating tile layer entities
00:26:31.557 [FXGL Background Thread 2 ] DEBUG TilesetLoader        - Loading view for layer Calque de Tuiles 1
00:26:31.560 [FXGL Background Thread 2 ] DEBUG TilesetLoader        - Created buffer with size 1920.0x1920.0
00:26:31.571 [FXGL Background Thread 2 ] DEBUG TilesetLoader        - Loading view for layer Calque de Tuiles 2
00:26:31.576 [FXGL Background Thread 2 ] DEBUG TilesetLoader        - Created buffer with size 1920.0x1920.0
00:26:31.586 [FXGL Background Thread 2 ] DEBUG TilesetLoader        - Loading view for layer Calque de Tuiles 3
00:26:31.595 [FXGL Background Thread 2 ] DEBUG TilesetLoader        - Created buffer with size 1920.0x1920.0
00:26:31.597 [FXGL Background Thread 2 ] DEBUG TMXLevelLoader       - Creating object layer entities
00:26:31.617 [FXGL Background Thread 2 ] DEBUG GameWorld            - Clearing removable entities
00:26:31.617 [FXGL Background Thread 2 ] DEBUG GameWorld            - Setting level: com.almasb.fxgl.entity.level.Level@4b684401
00:26:31.626 [FXGL Background Thread 2 ] WARN  GameWorld            - Entity is already attached to world
00:26:31.685 [FXGL Background Thread 2 ] WARN  GameWorld            - Entity is already attached to world
00:26:31.686 [FXGL Background Thread 2 ] INFO  FXGLApplication      - Game initialization took: 0,180 sec
00:26:31.693 [JavaFX Application Thread] DEBUG Input                - Clearing active input actions
00:26:31.697 [JavaFX Application Thread] DEBUG GameApplicationServi - Removing overlay from FXGLLoadingScene and adding to GameScene
00:26:31.698 [JavaFX Application Thread] DEBUG PrimaryStageWindow   - FXGLLoadingScene -> GameScene
00:26:35.086 [JavaFX Application Thread] WARN  TMXLevelLoader       - TiledMap generated from 1.10.2. Supported version: 1.2.3. Some features may not be parsed fully.
00:26:35.098 [JavaFX Application Thread] DEBUG TMXLevelLoader       - Parsed TiledMap: file:/C:/Users/mbour/OneDrive/Bureau/Zelda%20TOTK%20WINRAR/zeldaPuzzle/target/classes/assets/levels/donjonPasFini.tmx
00:26:35.098 [JavaFX Application Thread] DEBUG TMXLevelLoader       - Creating tile layer entities
00:26:35.098 [JavaFX Application Thread] DEBUG TilesetLoader        - Loading view for layer Calque de Tuiles 2
00:26:35.100 [JavaFX Application Thread] DEBUG TilesetLoader        - Created buffer with size 3200.0x960.0
00:26:35.132 [JavaFX Application Thread] WARN  TilesetLoader        - Diagonally flipped tiles are not currently supported
00:26:35.133 [JavaFX Application Thread] WARN  TilesetLoader        - Diagonally flipped tiles are not currently supported
00:26:35.133 [JavaFX Application Thread] WARN  TilesetLoader        - Diagonally flipped tiles are not currently supported
00:26:35.134 [JavaFX Application Thread] WARN  TilesetLoader        - Diagonally flipped tiles are not currently supported
00:26:35.134 [JavaFX Application Thread] WARN  TilesetLoader        - Diagonally flipped tiles are not currently supported
00:26:35.134 [JavaFX Application Thread] WARN  TilesetLoader        - Diagonally flipped tiles are not currently supported
00:26:35.137 [JavaFX Application Thread] WARN  TilesetLoader        - Diagonally flipped tiles are not currently supported
00:26:35.137 [JavaFX Application Thread] WARN  TilesetLoader        - Diagonally flipped tiles are not currently supported
00:26:35.138 [JavaFX Application Thread] WARN  TilesetLoader        - Diagonally flipped tiles are not currently supported
00:26:35.138 [JavaFX Application Thread] WARN  TilesetLoader        - Diagonally flipped tiles are not currently supported
00:26:35.138 [JavaFX Application Thread] DEBUG TilesetLoader        - Loading view for layer background
00:26:35.139 [JavaFX Application Thread] DEBUG TilesetLoader        - Created buffer with size 3200.0x960.0
00:26:35.145 [JavaFX Application Thread] DEBUG TilesetLoader        - Loading view for layer Calque de Tuiles 3
00:26:35.147 [JavaFX Application Thread] DEBUG TilesetLoader        - Created buffer with size 3200.0x960.0
00:26:35.148 [JavaFX Application Thread] DEBUG TilesetLoader        - Loading view for layer Calque de Tuiles 1
00:26:35.153 [JavaFX Application Thread] DEBUG TilesetLoader        - Created buffer with size 3200.0x960.0
00:26:35.155 [JavaFX Application Thread] DEBUG TMXLevelLoader       - Creating object layer entities
00:26:35.158 [JavaFX Application Thread] DEBUG GameWorld            - Clearing removable entities
00:26:35.161 [JavaFX Application Thread] DEBUG GameWorld            - Setting level: com.almasb.fxgl.entity.level.Level@2a636143
00:26:35.214 [JavaFX Application Thread] WARN  GameWorld            - Entity is already attached to world
00:26:47.065 [JavaFX Application Thread] DEBUG LoopRunner           - Pausing loop
00:27:18.272 [JavaFX Application Thread] DEBUG LoopRunner           - Resuming loop
00:27:20.990 [JavaFX Application Thread] DEBUG FXGLApplication      - Exiting FXGL
00:27:20.990 [JavaFX Application Thread] DEBUG LoopRunner           - Stopping loop
00:27:20.990 [JavaFX Application Thread] DEBUG SystemBundleService  - Saving FXGL system data
00:27:20.992 [JavaFX Application Thread] DEBUG FileSystemAccess     - Writing to: C:\Users\mbour\OneDrive\Bureau\Zelda TOTK WINRAR\zeldaPuzzle\system\fxgl.bundle
00:27:20.995 [JavaFX Application Thread] DEBUG Async                - Shutting down background threads
00:27:20.995 [JavaFX Application Thread] DEBUG PrimaryStageWindow   - Closing main window
00:27:21.005 [JavaFX Application Thread] DEBUG Logger               - Closing Logger
