14:12:31.014 [main                     ] DEBUG Logger               - Configured Logger
14:12:31.038 [main                     ] DEBUG GameApplication      - Logging settings
Title: Zelda 2D Game
Version: 1
Width: 800
Height: 800
Fullscreen: true
Intro: false
Profiling: false
Single step:false
App Mode: DEVELOPER
Menu Key: ESCAPE
Stage Style: DECORATED
Scene Factory: class com.almasb.fxgl.app.scene.SceneFactory

14:12:31.139 [JavaFX Application Thread] DEBUG FXGLApplication      - Initializing FXGL
14:12:31.147 [JavaFX Application Thread] INFO  Engine               - FXGL-17 (31.12.2021 18.16) on WINDOWS (J:19.0.2 FX:19)
14:12:31.148 [JavaFX Application Thread] DEBUG Engine               - JRE Vendor Name: Amazon.com Inc.
14:12:31.148 [JavaFX Application Thread] DEBUG Engine               - Running on OS: Windows 11 version 10.0
14:12:31.148 [JavaFX Application Thread] DEBUG Engine               - Architecture: amd64
14:12:31.148 [JavaFX Application Thread] INFO  Engine               - Source code and latest versions at: https://github.com/AlmasB/FXGL
14:12:31.148 [JavaFX Application Thread] INFO  Engine               -       Ask questions and discuss at: https://github.com/AlmasB/FXGL/discussions
14:12:31.148 [JavaFX Application Thread] INFO  Engine               -              Join the FXGL chat at: https://gitter.im/AlmasB/FXGL
14:12:31.232 [JavaFX Application Thread] DEBUG PrimaryStageWindow   - Creating a JavaFX scene
14:12:31.286 [JavaFX Application Thread] DEBUG PrimaryStageWindow   - Target settings size: 800.0 x 800.0
14:12:31.286 [JavaFX Application Thread] DEBUG PrimaryStageWindow   - Scaled scene size:    800.0 x 800.0
14:12:31.286 [JavaFX Application Thread] DEBUG PrimaryStageWindow   - Scaled ratio: (1.0, 1.0)
14:12:31.287 [JavaFX Application Thread] DEBUG PrimaryStageWindow   - Set initial scene to FXGLStartupScene
14:12:31.294 [JavaFX Application Thread] DEBUG PrimaryStageWindow   - Opening main window
14:12:31.419 [JavaFX Application Thread] DEBUG PrimaryStageWindow   - Window border size: (13.0, 35.5)
14:12:31.420 [JavaFX Application Thread] DEBUG PrimaryStageWindow   - Scaled size: 800.0 x 800.0
14:12:31.420 [JavaFX Application Thread] DEBUG PrimaryStageWindow   - Scaled ratio: (1.0, 1.0)
14:12:31.421 [JavaFX Application Thread] DEBUG PrimaryStageWindow   - Scene size: 800.0 x 800.0
14:12:31.421 [JavaFX Application Thread] DEBUG PrimaryStageWindow   - Stage size: 813.0 x 835.5
14:12:31.436 [FXGL Background Thread 1 ] DEBUG Engine               - Initializing environment variables
14:12:31.526 [FXGL Background Thread 1 ] DEBUG FXGLAssetLoaderServi - User app class for loading assets: class com.example.zeldapuzzle.MainGameApp
14:12:31.526 [FXGL Background Thread 1 ] DEBUG GameApplicationServi - Applying CSS: fxgl_dark.css
14:12:31.528 [FXGL Background Thread 1 ] DEBUG FXGLAssetLoaderServi - Loading from file system: jar:file:///C:/Users/Utilisateur/.m2/repository/com/github/almasb/fxgl/17/fxgl-17.jar!/fxglassets/ui/css/fxgl_dark.css
14:12:31.616 [FXGL Background Thread 1 ] DEBUG GameApplicationServi - Initializing application scenes
14:12:31.724 [FXGL Background Thread 1 ] DEBUG GameWorld            - Game world initialized
14:12:31.838 [FXGL Background Thread 1 ] DEBUG PhysicsWorld         - Physics world initialized: appHeight=800, physics.ppm=50,0
14:12:31.838 [FXGL Background Thread 1 ] DEBUG PhysicsWorld         - Using strategy: BRUTE_FORCE
14:12:31.846 [FXGL Background Thread 1 ] DEBUG GameScene            - Game scene initialized: 800x800
14:12:31.867 [FXGL Background Thread 1 ] DEBUG FXGL.DefaultMenu     - createMenuBodyMainMenu()
14:12:31.899 [FXGL Background Thread 1 ] DEBUG FXGL.DefaultMenu     - createOptionsMenu()
14:12:31.922 [FXGL Background Thread 1 ] DEBUG FXGLAssetLoaderServi - Loading from file system: jar:file:///C:/Users/Utilisateur/.m2/repository/com/github/almasb/fxgl/17/fxgl-17.jar!/fxglassets/textures/particles/smoke.png
14:12:32.117 [FXGL Background Thread 1 ] DEBUG FXGLAssetLoaderServi - Loading from file system: jar:file:///C:/Users/Utilisateur/.m2/repository/com/github/almasb/fxgl/17/fxgl-17.jar!/fxglassets/textures/particles/trace_horizontal.png
14:12:32.154 [FXGL Background Thread 1 ] DEBUG FXGL.DefaultMenu     - createMenuBodyGameMenu()
14:12:32.159 [FXGL Background Thread 1 ] DEBUG FXGL.DefaultMenu     - createOptionsMenu()
14:12:32.186 [FXGL Background Thread 1 ] DEBUG GameApplicationServi - Application scenes initialized
14:12:32.208 [FXGL Background Thread 1 ] DEBUG SystemBundleService  - Loading FXGL system data
14:12:32.221 [FXGL Background Thread 1 ] DEBUG FileSystemAccess     - Reading from: C:\Users\Utilisateur\IdeaProjects\zeldaPuzzle\system\fxgl.bundle
14:12:32.234 [FXGL Background Thread 1 ] DEBUG SystemBundleService  - Bundle FXGL: {}
14:12:32.234 [FXGL Background Thread 1 ] DEBUG UpdaterService       - Checking for updates
14:12:32.282 [FXGL Background Thread 4 ] DEBUG FXGLApplication      - Loading fonts
14:12:32.283 [FXGL Background Thread 1 ] DEBUG FXGLApplication      - Loading default localization
14:12:32.283 [FXGL Background Thread 4 ] DEBUG FXGLAssetLoaderServi - Loading from file system: jar:file:///C:/Users/Utilisateur/.m2/repository/com/github/almasb/fxgl/17/fxgl-17.jar!/fxglassets/ui/fonts/VarelaRound-Regular.ttf
14:12:32.283 [FXGL Background Thread 1 ] DEBUG FXGLAssetLoaderServi - Loading from file system: jar:file:///C:/Users/Utilisateur/.m2/repository/com/github/almasb/fxgl/17/fxgl-17.jar!/fxglassets/languages/english.lang
14:12:32.356 [FXGL Background Thread 1 ] INFO  FXGLApplication      - FXGL initialization took: 0,920 sec
14:12:32.384 [FXGL Background Thread 4 ] DEBUG FXGLAssetLoaderServi - Loading from file system: jar:file:///C:/Users/Utilisateur/.m2/repository/com/github/almasb/fxgl/17/fxgl-17.jar!/fxglassets/ui/fonts/Abel-Regular.ttf
14:12:32.389 [JavaFX Application Thread] DEBUG Input                - Registered new binding: getPosition - P
14:12:32.390 [JavaFX Application Thread] DEBUG Input                - Registered new binding: zoom+ - Up
14:12:32.390 [JavaFX Application Thread] DEBUG Input                - Registered new binding: zoom- - Down
14:12:32.391 [JavaFX Application Thread] DEBUG Input                - Registered new binding: resetZoom - 0
14:12:32.392 [JavaFX Application Thread] DEBUG Input                - Registered new binding: Move right - D
14:12:32.393 [JavaFX Application Thread] DEBUG Input                - Registered new binding: Move left - A
14:12:32.393 [JavaFX Application Thread] DEBUG Input                - Registered new binding: Move Up - W
14:12:32.394 [JavaFX Application Thread] DEBUG Input                - Registered new binding: Move Down - S
14:12:32.394 [JavaFX Application Thread] DEBUG FXGLAssetLoaderServi - Loading from file system: jar:file:///C:/Users/Utilisateur/.m2/repository/com/github/almasb/fxgl/17/fxgl-17.jar!/fxglassets/textures/fxgl_icon.png
14:12:32.402 [FXGL Background Thread 4 ] DEBUG FXGLAssetLoaderServi - Loading from file system: jar:file:///C:/Users/Utilisateur/.m2/repository/com/github/almasb/fxgl/17/fxgl-17.jar!/fxglassets/ui/fonts/TerminalLandMono-Regular.otf
14:12:32.420 [FXGL Background Thread 4 ] DEBUG FXGLAssetLoaderServi - Loading from file system: jar:file:///C:/Users/Utilisateur/.m2/repository/com/github/almasb/fxgl/17/fxgl-17.jar!/fxglassets/ui/fonts/Courier-Prime.ttf
14:12:32.432 [JavaFX Application Thread] DEBUG FXGLAssetLoaderServi - Loading from file system: jar:file:///C:/Users/Utilisateur/.m2/repository/com/github/almasb/fxgl/17/fxgl-17.jar!/fxglassets/textures/fxgl_default_cursor.png
14:12:32.436 [JavaFX Application Thread] DEBUG Input                - Registered new binding: Screenshot - CTRL+8
14:12:32.437 [JavaFX Application Thread] DEBUG Input                - Registered new binding: Dev Options - 1
14:12:32.438 [JavaFX Application Thread] DEBUG Input                - Registered new binding: Dev Console - 2
14:12:32.440 [JavaFX Application Thread] DEBUG Input                - Registered new binding: System info dump - CTRL+9
14:12:32.442 [JavaFX Application Thread] DEBUG Input                - Registered new binding: Restart - CTRL+R
14:12:32.446 [JavaFX Application Thread] DEBUG Input                - Registered new binding: Toggle Debug Camera - CTRL+7
14:12:32.453 [JavaFX Application Thread] DEBUG LoopRunner           - Starting loop
14:12:32.483 [JavaFX Application Thread] DEBUG LoopRunner           - Initializing JavaFX AnimationTimerLoop
14:12:32.486 [JavaFX Application Thread] DEBUG Input                - Clearing active input actions
14:12:32.498 [JavaFX Application Thread] DEBUG GameApplicationServi - Removing overlay from FXGLStartupScene and adding to FXGLMainMenuDummyScene
14:12:32.516 [JavaFX Application Thread] DEBUG PrimaryStageWindow   - FXGLStartupScene -> FXGLMainMenuDummyScene
14:12:32.517 [JavaFX Application Thread] DEBUG PrimaryStageWindow   - Push state: FXGLDefaultMenu
14:12:32.532 [JavaFX Application Thread] DEBUG Input                - Clearing active input actions
14:12:32.576 [JavaFX Application Thread] DEBUG GameApplicationServi - Removing overlay from FXGLMainMenuDummyScene and adding to FXGLDefaultMenu
14:12:32.578 [JavaFX Application Thread] DEBUG PrimaryStageWindow   - FXGLMainMenuDummyScene -> FXGLDefaultMenu
14:12:32.591 [JavaFX Application Thread] DEBUG FXGLApplication      - Registering font factories with UI factory
14:12:33.020 [FXGL Background Thread 2 ] INFO  UpdaterService       - Your current version:  17
14:12:33.021 [FXGL Background Thread 2 ] INFO  UpdaterService       - Latest stable version: 21.1
14:12:33.854 [JavaFX Application Thread] DEBUG Menu                 - fireNewGame()
14:12:33.854 [JavaFX Application Thread] DEBUG GameApplicationServi - Starting new game
14:12:33.858 [JavaFX Application Thread] DEBUG PrimaryStageWindow   - Pop state: FXGLDefaultMenu
14:12:33.859 [JavaFX Application Thread] DEBUG Input                - Clearing active input actions
14:12:33.861 [JavaFX Application Thread] DEBUG GameApplicationServi - Removing overlay from FXGLDefaultMenu and adding to FXGLMainMenuDummyScene
14:12:33.868 [JavaFX Application Thread] DEBUG PrimaryStageWindow   - FXGLMainMenuDummyScene <- FXGLDefaultMenu
14:12:33.869 [JavaFX Application Thread] DEBUG Input                - Clearing active input actions
14:12:33.884 [JavaFX Application Thread] DEBUG GameApplicationServi - Removing overlay from FXGLMainMenuDummyScene and adding to FXGLLoadingScene
14:12:33.886 [JavaFX Application Thread] DEBUG PrimaryStageWindow   - FXGLMainMenuDummyScene -> FXGLLoadingScene
14:12:33.886 [JavaFX Application Thread] DEBUG GameApplicationServi - Clearing previous game
14:12:33.887 [JavaFX Application Thread] DEBUG GameScene            - Clearing game scene
14:12:33.887 [JavaFX Application Thread] DEBUG GameWorld            - Clearing game world
14:12:33.887 [JavaFX Application Thread] DEBUG PhysicsWorld         - Clearing physics world
14:12:33.895 [FXGL Background Thread 2 ] DEBUG FXGLApplication      - Initializing game
14:12:34.081 [FXGL Background Thread 2 ] WARN  TMXLevelLoader       - TiledMap generated from 1.10.2. Supported version: 1.2.3. Some features may not be parsed fully.
14:12:34.097 [FXGL Background Thread 2 ] DEBUG TMXLevelLoader       - Parsed TiledMap: file:/C:/Users/Utilisateur/IdeaProjects/zeldaPuzzle/target/classes/assets/levels/StartingMap.tmx
14:12:34.099 [FXGL Background Thread 2 ] DEBUG TMXLevelLoader       - Creating tile layer entities
14:12:34.103 [FXGL Background Thread 2 ] DEBUG TilesetLoader        - Loading view for layer Calque de Tuiles 1
14:12:34.119 [FXGL Background Thread 2 ] DEBUG TilesetLoader        - Created buffer with size 1920.0x1920.0
14:12:34.146 [FXGL Background Thread 2 ] DEBUG TilesetLoader        - Loading view for layer Calque de Tuiles 2
14:12:34.149 [FXGL Background Thread 2 ] DEBUG TilesetLoader        - Created buffer with size 1920.0x1920.0
14:12:34.162 [FXGL Background Thread 2 ] DEBUG TilesetLoader        - Loading view for layer Calque de Tuiles 3
14:12:34.173 [FXGL Background Thread 2 ] DEBUG TilesetLoader        - Created buffer with size 1920.0x1920.0
14:12:34.176 [FXGL Background Thread 2 ] DEBUG TMXLevelLoader       - Creating object layer entities
14:12:34.266 [FXGL Background Thread 2 ] DEBUG GameWorld            - Clearing removable entities
14:12:34.266 [FXGL Background Thread 2 ] DEBUG GameWorld            - Setting level: com.almasb.fxgl.entity.level.Level@3cb6aa02
14:12:34.291 [FXGL Background Thread 2 ] WARN  GameWorld            - Entity is already attached to world
14:12:34.395 [FXGL Background Thread 2 ] WARN  GameWorld            - Entity is already attached to world
14:12:34.396 [FXGL Background Thread 2 ] INFO  FXGLApplication      - Game initialization took: 0,502 sec
14:12:34.402 [JavaFX Application Thread] DEBUG Input                - Clearing active input actions
14:12:34.413 [JavaFX Application Thread] DEBUG GameApplicationServi - Removing overlay from FXGLLoadingScene and adding to GameScene
14:12:34.420 [JavaFX Application Thread] DEBUG PrimaryStageWindow   - FXGLLoadingScene -> GameScene
14:12:35.277 [FXGL Background Thread 3 ] DEBUG Engine               - Logging environment variables
14:12:35.278 [FXGL Background Thread 3 ] DEBUG Engine               - achievements: []
14:12:35.278 [FXGL Background Thread 3 ] DEBUG Engine               - actualHeight: 800.0
14:12:35.278 [FXGL Background Thread 3 ] DEBUG Engine               - actualHeightProperty: ReadOnlyDoubleProperty [value: 800.0]
14:12:35.278 [FXGL Background Thread 3 ] DEBUG Engine               - actualWidth: 800.0
14:12:35.278 [FXGL Background Thread 3 ] DEBUG Engine               - actualWidthProperty: ReadOnlyDoubleProperty [value: 800.0]
14:12:35.278 [FXGL Background Thread 3 ] DEBUG Engine               - appIcon: fxgl_icon.png
14:12:35.278 [FXGL Background Thread 3 ] DEBUG Engine               - applicationMode: DEVELOPER
14:12:35.278 [FXGL Background Thread 3 ] DEBUG Engine               - cSSList: [fxgl_dark.css]
14:12:35.279 [FXGL Background Thread 3 ] DEBUG Engine               - collisionDetectionStrategy: BRUTE_FORCE
14:12:35.279 [FXGL Background Thread 3 ] DEBUG Engine               - configClass: Optional.empty
14:12:35.279 [FXGL Background Thread 3 ] DEBUG Engine               - credits: []
14:12:35.280 [FXGL Background Thread 3 ] DEBUG Engine               - defaultCursor: CursorInfo(imageName=fxgl_default_cursor.png, hotspotX=7.0, hotspotY=6.0)
14:12:35.280 [FXGL Background Thread 3 ] DEBUG Engine               - devBBoxColorProperty: ObjectProperty [value: 0xff0000ff]
14:12:35.280 [FXGL Background Thread 3 ] DEBUG Engine               - devEnableDebugCameraProperty: BooleanProperty [value: false]
14:12:35.280 [FXGL Background Thread 3 ] DEBUG Engine               - devSensorColorProperty: ObjectProperty [value: 0xffff00ff]
14:12:35.280 [FXGL Background Thread 3 ] DEBUG Engine               - devShowBBoxProperty: BooleanProperty [value: false]
14:12:35.281 [FXGL Background Thread 3 ] DEBUG Engine               - devShowPositionProperty: BooleanProperty [value: false]
14:12:35.281 [FXGL Background Thread 3 ] DEBUG Engine               - enabledMenuItems: []
14:12:35.282 [FXGL Background Thread 3 ] DEBUG Engine               - engineServices: [class com.almasb.fxgl.app.services.FXGLAssetLoaderService, class com.almasb.fxgl.app.FXGLApplication$GameApplicationService, class com.almasb.fxgl.app.services.FXGLDialogService, class com.almasb.fxgl.app.services.IOTaskExecutorService, class com.almasb.fxgl.io.FileSystemService, class com.almasb.fxgl.localization.LocalizationService, class com.almasb.fxgl.app.services.SystemBundleService, class com.almasb.fxgl.profile.SaveLoadService, class com.almasb.fxgl.ui.FXGLUIFactoryServiceProvider, class com.almasb.fxgl.ui.FXGLDialogFactoryServiceProvider, class com.almasb.fxgl.audio.AudioPlayer, class com.almasb.fxgl.notification.impl.NotificationServiceProvider, class com.almasb.fxgl.achievement.AchievementService, class com.almasb.fxgl.cutscene.CutsceneService, class com.almasb.fxgl.minigames.MiniGameService, class com.almasb.fxgl.net.NetService, class com.almasb.fxgl.app.services.UpdaterService, class com.almasb.fxgl.dev.DevService]
14:12:35.282 [FXGL Background Thread 3 ] DEBUG Engine               - fontGame: Abel-Regular.ttf
14:12:35.282 [FXGL Background Thread 3 ] DEBUG Engine               - fontMono: TerminalLandMono-Regular.otf
14:12:35.282 [FXGL Background Thread 3 ] DEBUG Engine               - fontText: Courier-Prime.ttf
14:12:35.283 [FXGL Background Thread 3 ] DEBUG Engine               - fontUI: VarelaRound-Regular.ttf
14:12:35.283 [FXGL Background Thread 3 ] DEBUG Engine               - fullScreen: BooleanProperty [value: false]
14:12:35.283 [FXGL Background Thread 3 ] DEBUG Engine               - gameDifficulty: MEDIUM
14:12:35.283 [FXGL Background Thread 3 ] DEBUG Engine               - gameDifficultyProperty: ObjectProperty [value: MEDIUM]
14:12:35.283 [FXGL Background Thread 3 ] DEBUG Engine               - globalMusicVolume: 0.5
14:12:35.283 [FXGL Background Thread 3 ] DEBUG Engine               - globalMusicVolumeProperty: DoubleProperty [value: 0.5]
14:12:35.283 [FXGL Background Thread 3 ] DEBUG Engine               - globalSoundVolume: 0.5
14:12:35.284 [FXGL Background Thread 3 ] DEBUG Engine               - globalSoundVolumeProperty: DoubleProperty [value: 0.5]
14:12:35.284 [FXGL Background Thread 3 ] DEBUG Engine               - height: 800
14:12:35.284 [FXGL Background Thread 3 ] DEBUG Engine               - is3D: false
14:12:35.284 [FXGL Background Thread 3 ] DEBUG Engine               - isAndroid: false
14:12:35.284 [FXGL Background Thread 3 ] DEBUG Engine               - isBrowser: false
14:12:35.284 [FXGL Background Thread 3 ] DEBUG Engine               - isClickFeedbackEnabled: false
14:12:35.284 [FXGL Background Thread 3 ] DEBUG Engine               - isCloseConfirmation: false
14:12:35.284 [FXGL Background Thread 3 ] DEBUG Engine               - isDesktop: true
14:12:35.284 [FXGL Background Thread 3 ] DEBUG Engine               - isDeveloperMenuEnabled: true
14:12:35.284 [FXGL Background Thread 3 ] DEBUG Engine               - isEmbedded: false
14:12:35.284 [FXGL Background Thread 3 ] DEBUG Engine               - isEntityPreloadEnabled: true
14:12:35.284 [FXGL Background Thread 3 ] DEBUG Engine               - isExperimentalTiledLargeMap: false
14:12:35.286 [FXGL Background Thread 3 ] DEBUG Engine               - isFileSystemWriteAllowed: true
14:12:35.286 [FXGL Background Thread 3 ] DEBUG Engine               - isFullScreenAllowed: true
14:12:35.286 [FXGL Background Thread 3 ] DEBUG Engine               - isFullScreenFromStart: false
14:12:35.286 [FXGL Background Thread 3 ] DEBUG Engine               - isGameMenuEnabled: true
14:12:35.286 [FXGL Background Thread 3 ] DEBUG Engine               - isIOS: false
14:12:35.287 [FXGL Background Thread 3 ] DEBUG Engine               - isIntroEnabled: false
14:12:35.287 [FXGL Background Thread 3 ] DEBUG Engine               - isLinux: false
14:12:35.287 [FXGL Background Thread 3 ] DEBUG Engine               - isMac: false
14:12:35.287 [FXGL Background Thread 3 ] DEBUG Engine               - isMainMenuEnabled: true
14:12:35.287 [FXGL Background Thread 3 ] DEBUG Engine               - isManualResizeEnabled: false
14:12:35.287 [FXGL Background Thread 3 ] DEBUG Engine               - isMobile: false
14:12:35.287 [FXGL Background Thread 3 ] DEBUG Engine               - isNative: false
14:12:35.287 [FXGL Background Thread 3 ] DEBUG Engine               - isPauseMusicWhenMinimized: true
14:12:35.287 [FXGL Background Thread 3 ] DEBUG Engine               - isPreserveResizeRatio: false
14:12:35.287 [FXGL Background Thread 3 ] DEBUG Engine               - isProfilingEnabled: false
14:12:35.287 [FXGL Background Thread 3 ] DEBUG Engine               - isScaleAffectedOnResize: true
14:12:35.288 [FXGL Background Thread 3 ] DEBUG Engine               - isSingleStep: false
14:12:35.288 [FXGL Background Thread 3 ] DEBUG Engine               - isUserProfileEnabled: false
14:12:35.288 [FXGL Background Thread 3 ] DEBUG Engine               - isWindows: true
14:12:35.288 [FXGL Background Thread 3 ] DEBUG Engine               - language: ObjectProperty [value: ENGLISH]
14:12:35.288 [FXGL Background Thread 3 ] DEBUG Engine               - menuKey: ESCAPE
14:12:35.288 [FXGL Background Thread 3 ] DEBUG Engine               - mouseSensitivity: 0.2
14:12:35.288 [FXGL Background Thread 3 ] DEBUG Engine               - notificationViewClass: class com.almasb.fxgl.notification.view.XboxNotificationView
14:12:35.288 [FXGL Background Thread 3 ] DEBUG Engine               - pixelsPerMeter: 50.0
14:12:35.288 [FXGL Background Thread 3 ] DEBUG Engine               - platform: WINDOWS
14:12:35.288 [FXGL Background Thread 3 ] DEBUG Engine               - prefHeightProperty: ReadOnlyDoubleProperty [value: 800.0]
14:12:35.288 [FXGL Background Thread 3 ] DEBUG Engine               - prefWidthProperty: ReadOnlyDoubleProperty [value: 800.0]
14:12:35.288 [FXGL Background Thread 3 ] DEBUG Engine               - profileDir: profiles/
14:12:35.288 [FXGL Background Thread 3 ] DEBUG Engine               - profileName: StringProperty [value: DEFAULT]
14:12:35.288 [FXGL Background Thread 3 ] DEBUG Engine               - randomSeed: -1
14:12:35.289 [FXGL Background Thread 3 ] DEBUG Engine               - runtimeInfo: RuntimeInfo(platform=WINDOWS, version=17, build=31.12.2021 18.16)
14:12:35.289 [FXGL Background Thread 3 ] DEBUG Engine               - saveFileExt: sav
14:12:35.289 [FXGL Background Thread 3 ] DEBUG Engine               - scaledHeightProp$fxgl: DoubleProperty [bound, value: 800.0]
14:12:35.290 [FXGL Background Thread 3 ] DEBUG Engine               - scaledWidthProp$fxgl: DoubleProperty [bound, value: 800.0]
14:12:35.290 [FXGL Background Thread 3 ] DEBUG Engine               - sceneFactory: com.almasb.fxgl.app.scene.SceneFactory@4424e58c
14:12:35.290 [FXGL Background Thread 3 ] DEBUG Engine               - secondsIn24h: 60
14:12:35.290 [FXGL Background Thread 3 ] DEBUG Engine               - soundMenuBack: menu/back.wav
14:12:35.290 [FXGL Background Thread 3 ] DEBUG Engine               - soundMenuPress: menu/press.wav
14:12:35.290 [FXGL Background Thread 3 ] DEBUG Engine               - soundMenuSelect: menu/select.wav
14:12:35.290 [FXGL Background Thread 3 ] DEBUG Engine               - soundNotification: core/notification.wav
14:12:35.290 [FXGL Background Thread 3 ] DEBUG Engine               - stageStyle: DECORATED
14:12:35.291 [FXGL Background Thread 3 ] DEBUG Engine               - supportedLanguages: [ENGLISH, FRENCH, GERMAN, HUNGARIAN, RUSSIAN]
14:12:35.291 [FXGL Background Thread 3 ] DEBUG Engine               - ticksPerSecond: -1
14:12:35.291 [FXGL Background Thread 3 ] DEBUG Engine               - title: Zelda 2D Game
14:12:35.291 [FXGL Background Thread 3 ] DEBUG Engine               - urlGithub: https://github.com/AlmasB/FXGL
14:12:35.291 [FXGL Background Thread 3 ] DEBUG Engine               - urlLeaderboard: http://fxgl-top.herokuapp.com/
14:12:35.291 [FXGL Background Thread 3 ] DEBUG Engine               - urlPOM: https://raw.githubusercontent.com/AlmasB/FXGL/release/README.md
14:12:35.291 [FXGL Background Thread 3 ] DEBUG Engine               - userAppClass: class com.example.zeldapuzzle.MainGameApp
14:12:35.291 [FXGL Background Thread 3 ] DEBUG Engine               - version: 1
14:12:35.291 [FXGL Background Thread 3 ] DEBUG Engine               - versionCheckDays: 7
14:12:35.292 [FXGL Background Thread 3 ] DEBUG Engine               - width: 800
14:12:35.292 [FXGL Background Thread 3 ] DEBUG Engine               - Logging services
14:12:35.292 [FXGL Background Thread 3 ] DEBUG Engine               - class com.almasb.fxgl.app.services.FXGLAssetLoaderService
14:12:35.292 [FXGL Background Thread 3 ] DEBUG Engine               - class com.almasb.fxgl.app.FXGLApplication$GameApplicationService
14:12:35.292 [FXGL Background Thread 3 ] DEBUG Engine               - class com.almasb.fxgl.app.services.FXGLDialogService
14:12:35.292 [FXGL Background Thread 3 ] DEBUG Engine               - class com.almasb.fxgl.app.services.IOTaskExecutorService
14:12:35.292 [FXGL Background Thread 3 ] DEBUG Engine               - class com.almasb.fxgl.io.FileSystemService
14:12:35.292 [FXGL Background Thread 3 ] DEBUG Engine               - class com.almasb.fxgl.localization.LocalizationService
14:12:35.292 [FXGL Background Thread 3 ] DEBUG Engine               - class com.almasb.fxgl.app.services.SystemBundleService
14:12:35.292 [FXGL Background Thread 3 ] DEBUG Engine               - class com.almasb.fxgl.profile.SaveLoadService
14:12:35.292 [FXGL Background Thread 3 ] DEBUG Engine               - class com.almasb.fxgl.ui.FXGLUIFactoryServiceProvider
14:12:35.292 [FXGL Background Thread 3 ] DEBUG Engine               - class com.almasb.fxgl.ui.FXGLDialogFactoryServiceProvider
14:12:35.292 [FXGL Background Thread 3 ] DEBUG Engine               - class com.almasb.fxgl.audio.AudioPlayer
14:12:35.292 [FXGL Background Thread 3 ] DEBUG Engine               - class com.almasb.fxgl.notification.impl.NotificationServiceProvider
14:12:35.292 [FXGL Background Thread 3 ] DEBUG Engine               - class com.almasb.fxgl.achievement.AchievementService
14:12:35.293 [FXGL Background Thread 3 ] DEBUG Engine               - class com.almasb.fxgl.cutscene.CutsceneService
14:12:35.293 [FXGL Background Thread 3 ] DEBUG Engine               - class com.almasb.fxgl.minigames.MiniGameService
14:12:35.293 [FXGL Background Thread 3 ] DEBUG Engine               - class com.almasb.fxgl.net.NetService
14:12:35.293 [FXGL Background Thread 3 ] DEBUG Engine               - class com.almasb.fxgl.app.services.UpdaterService
14:12:35.293 [FXGL Background Thread 3 ] DEBUG Engine               - class com.almasb.fxgl.dev.DevService
14:12:42.635 [JavaFX Application Thread] WARN  TMXLevelLoader       - TiledMap generated from 1.10.2. Supported version: 1.2.3. Some features may not be parsed fully.
14:12:42.658 [JavaFX Application Thread] DEBUG TMXLevelLoader       - Parsed TiledMap: file:/C:/Users/Utilisateur/IdeaProjects/zeldaPuzzle/target/classes/assets/levels/donjonPasFini.tmx
14:12:42.659 [JavaFX Application Thread] DEBUG TMXLevelLoader       - Creating tile layer entities
14:12:42.659 [JavaFX Application Thread] DEBUG TilesetLoader        - Loading view for layer Calque de Tuiles 2
14:12:42.660 [JavaFX Application Thread] DEBUG TilesetLoader        - Created buffer with size 3200.0x960.0
14:12:42.706 [JavaFX Application Thread] WARN  TilesetLoader        - Diagonally flipped tiles are not currently supported
14:12:42.709 [JavaFX Application Thread] WARN  TilesetLoader        - Diagonally flipped tiles are not currently supported
14:12:42.709 [JavaFX Application Thread] WARN  TilesetLoader        - Diagonally flipped tiles are not currently supported
14:12:42.710 [JavaFX Application Thread] WARN  TilesetLoader        - Diagonally flipped tiles are not currently supported
14:12:42.710 [JavaFX Application Thread] WARN  TilesetLoader        - Diagonally flipped tiles are not currently supported
14:12:42.710 [JavaFX Application Thread] WARN  TilesetLoader        - Diagonally flipped tiles are not currently supported
14:12:42.710 [JavaFX Application Thread] WARN  TilesetLoader        - Diagonally flipped tiles are not currently supported
14:12:42.711 [JavaFX Application Thread] WARN  TilesetLoader        - Diagonally flipped tiles are not currently supported
14:12:42.711 [JavaFX Application Thread] WARN  TilesetLoader        - Diagonally flipped tiles are not currently supported
14:12:42.711 [JavaFX Application Thread] WARN  TilesetLoader        - Diagonally flipped tiles are not currently supported
14:12:42.712 [JavaFX Application Thread] DEBUG TilesetLoader        - Loading view for layer background
14:12:42.721 [JavaFX Application Thread] DEBUG TilesetLoader        - Created buffer with size 3200.0x960.0
14:12:42.734 [JavaFX Application Thread] DEBUG TilesetLoader        - Loading view for layer Calque de Tuiles 3
14:12:42.742 [JavaFX Application Thread] DEBUG TilesetLoader        - Created buffer with size 3200.0x960.0
14:12:42.744 [JavaFX Application Thread] DEBUG TilesetLoader        - Loading view for layer Calque de Tuiles 1
14:12:42.750 [JavaFX Application Thread] DEBUG TilesetLoader        - Created buffer with size 3200.0x960.0
14:12:42.752 [JavaFX Application Thread] DEBUG TMXLevelLoader       - Creating object layer entities
14:12:42.758 [JavaFX Application Thread] DEBUG GameWorld            - Clearing removable entities
14:12:42.766 [JavaFX Application Thread] DEBUG GameWorld            - Setting level: com.almasb.fxgl.entity.level.Level@25383856
14:12:42.824 [JavaFX Application Thread] WARN  GameWorld            - Entity is already attached to world
14:14:33.110 [JavaFX Application Thread] DEBUG FXGLApplication      - Exiting FXGL
14:14:33.111 [JavaFX Application Thread] DEBUG LoopRunner           - Stopping loop
14:14:33.111 [JavaFX Application Thread] DEBUG SystemBundleService  - Saving FXGL system data
14:14:33.113 [JavaFX Application Thread] DEBUG FileSystemAccess     - Writing to: C:\Users\Utilisateur\IdeaProjects\zeldaPuzzle\system\fxgl.bundle
14:14:33.117 [JavaFX Application Thread] DEBUG Async                - Shutting down background threads
14:14:33.117 [JavaFX Application Thread] DEBUG PrimaryStageWindow   - Closing main window
14:14:33.159 [JavaFX Application Thread] DEBUG Logger               - Closing Logger
