19:22:22.557 [main                     ] DEBUG Logger               - Configured Logger
19:22:22.570 [main                     ] DEBUG GameApplication      - Logging settings
Title: Zelda 2D Game
Version: 1
Width: 800
Height: 800
Fullscreen: true
Intro: false
Profiling: false
Single step:false
App Mode: DEVELOPER
Menu Key: ESCAPE
Stage Style: DECORATED
Scene Factory: class com.almasb.fxgl.app.scene.SceneFactory

19:22:22.630 [JavaFX Application Thread] DEBUG FXGLApplication      - Initializing FXGL
19:22:22.634 [JavaFX Application Thread] INFO  Engine               - FXGL-17 (31.12.2021 18.16) on WINDOWS (J:21.0.2 FX:19)
19:22:22.635 [JavaFX Application Thread] DEBUG Engine               - JRE Vendor Name: Oracle Corporation
19:22:22.635 [JavaFX Application Thread] DEBUG Engine               - Running on OS: Windows 11 version 10.0
19:22:22.635 [JavaFX Application Thread] DEBUG Engine               - Architecture: amd64
19:22:22.635 [JavaFX Application Thread] INFO  Engine               - Source code and latest versions at: https://github.com/AlmasB/FXGL
19:22:22.636 [JavaFX Application Thread] INFO  Engine               -       Ask questions and discuss at: https://github.com/AlmasB/FXGL/discussions
19:22:22.636 [JavaFX Application Thread] INFO  Engine               -              Join the FXGL chat at: https://gitter.im/AlmasB/FXGL
19:22:22.686 [JavaFX Application Thread] DEBUG PrimaryStageWindow   - Creating a JavaFX scene
19:22:22.717 [JavaFX Application Thread] DEBUG PrimaryStageWindow   - Target settings size: 800.0 x 800.0
19:22:22.717 [JavaFX Application Thread] DEBUG PrimaryStageWindow   - Scaled scene size:    800.0 x 800.0
19:22:22.718 [JavaFX Application Thread] DEBUG PrimaryStageWindow   - Scaled ratio: (1.0, 1.0)
19:22:22.718 [JavaFX Application Thread] DEBUG PrimaryStageWindow   - Set initial scene to FXGLStartupScene
19:22:22.721 [JavaFX Application Thread] DEBUG PrimaryStageWindow   - Opening main window
19:22:22.773 [JavaFX Application Thread] DEBUG PrimaryStageWindow   - Window border size: (16.0, 39.0)
19:22:22.773 [JavaFX Application Thread] DEBUG PrimaryStageWindow   - Scaled size: 800.0 x 800.0
19:22:22.773 [JavaFX Application Thread] DEBUG PrimaryStageWindow   - Scaled ratio: (1.0, 1.0)
19:22:22.774 [JavaFX Application Thread] DEBUG PrimaryStageWindow   - Scene size: 800.0 x 800.0
19:22:22.774 [JavaFX Application Thread] DEBUG PrimaryStageWindow   - Stage size: 816.0 x 839.0
19:22:22.780 [FXGL Background Thread 1 ] DEBUG Engine               - Initializing environment variables
19:22:22.822 [FXGL Background Thread 1 ] DEBUG FXGLAssetLoaderServi - User app class for loading assets: class com.example.zeldapuzzle.MainGameApp
19:22:22.823 [FXGL Background Thread 1 ] DEBUG GameApplicationServi - Applying CSS: fxgl_dark.css
19:22:22.823 [FXGL Background Thread 1 ] DEBUG FXGLAssetLoaderServi - Loading from file system: jar:file:///C:/Users/User/.m2/repository/com/github/almasb/fxgl/17/fxgl-17.jar!/fxglassets/ui/css/fxgl_dark.css
19:22:22.849 [FXGL Background Thread 1 ] DEBUG GameApplicationServi - Initializing application scenes
19:22:22.877 [FXGL Background Thread 1 ] DEBUG GameWorld            - Game world initialized
19:22:22.917 [FXGL Background Thread 1 ] DEBUG PhysicsWorld         - Physics world initialized: appHeight=800, physics.ppm=50.0
19:22:22.917 [FXGL Background Thread 1 ] DEBUG PhysicsWorld         - Using strategy: BRUTE_FORCE
19:22:22.920 [FXGL Background Thread 1 ] DEBUG GameScene            - Game scene initialized: 800x800
19:22:22.926 [FXGL Background Thread 1 ] DEBUG FXGL.DefaultMenu     - createMenuBodyMainMenu()
19:22:22.934 [FXGL Background Thread 1 ] DEBUG FXGL.DefaultMenu     - createOptionsMenu()
19:22:22.939 [FXGL Background Thread 1 ] DEBUG FXGLAssetLoaderServi - Loading from file system: jar:file:///C:/Users/User/.m2/repository/com/github/almasb/fxgl/17/fxgl-17.jar!/fxglassets/textures/particles/smoke.png
19:22:22.984 [FXGL Background Thread 1 ] DEBUG FXGLAssetLoaderServi - Loading from file system: jar:file:///C:/Users/User/.m2/repository/com/github/almasb/fxgl/17/fxgl-17.jar!/fxglassets/textures/particles/trace_horizontal.png
19:22:22.993 [FXGL Background Thread 1 ] DEBUG FXGL.DefaultMenu     - createMenuBodyGameMenu()
19:22:22.993 [FXGL Background Thread 1 ] DEBUG FXGL.DefaultMenu     - createOptionsMenu()
19:22:23.000 [FXGL Background Thread 1 ] DEBUG GameApplicationServi - Application scenes initialized
19:22:23.008 [FXGL Background Thread 1 ] DEBUG SystemBundleService  - Loading FXGL system data
19:22:23.012 [FXGL Background Thread 1 ] DEBUG FileSystemAccess     - Reading from: C:\Users\User\zeldaPuzzle\system\fxgl.bundle
19:22:23.017 [FXGL Background Thread 1 ] DEBUG SystemBundleService  - Bundle FXGL: {}
19:22:23.017 [FXGL Background Thread 1 ] DEBUG UpdaterService       - Checking for updates
19:22:23.040 [FXGL Background Thread 4 ] DEBUG FXGLApplication      - Loading fonts
19:22:23.041 [FXGL Background Thread 4 ] DEBUG FXGLAssetLoaderServi - Loading from file system: jar:file:///C:/Users/User/.m2/repository/com/github/almasb/fxgl/17/fxgl-17.jar!/fxglassets/ui/fonts/VarelaRound-Regular.ttf
19:22:23.041 [FXGL Background Thread 1 ] DEBUG FXGLApplication      - Loading default localization
19:22:23.041 [FXGL Background Thread 1 ] DEBUG FXGLAssetLoaderServi - Loading from file system: jar:file:///C:/Users/User/.m2/repository/com/github/almasb/fxgl/17/fxgl-17.jar!/fxglassets/languages/english.lang
19:22:23.057 [FXGL Background Thread 1 ] INFO  FXGLApplication      - FXGL initialization took: 0.277 sec
19:22:23.063 [JavaFX Application Thread] DEBUG Input                - Registered new binding: getPosition - P
19:22:23.063 [JavaFX Application Thread] DEBUG Input                - Registered new binding: zoom+ - Up
19:22:23.064 [JavaFX Application Thread] DEBUG Input                - Registered new binding: zoom- - Down
19:22:23.064 [JavaFX Application Thread] DEBUG Input                - Registered new binding: resetZoom - 0
19:22:23.064 [JavaFX Application Thread] DEBUG Input                - Registered new binding: Move right - D
19:22:23.064 [JavaFX Application Thread] DEBUG Input                - Registered new binding: Move left - A
19:22:23.064 [JavaFX Application Thread] DEBUG Input                - Registered new binding: Move Up - W
19:22:23.065 [JavaFX Application Thread] DEBUG Input                - Registered new binding: Move Down - S
19:22:23.065 [JavaFX Application Thread] DEBUG LoopRunner           - Stopping loop
19:22:23.065 [JavaFX Application Thread] DEBUG LoopRunner           - Initializing JavaFX AnimationTimerLoop
19:22:23.071 [JavaFX Application Thread] FATAL FXGLApplication      - Uncaught Exception:
java.lang.IllegalArgumentException: Trigger is already bound: P
	at com.almasb.fxgl.core@17/com.almasb.fxgl.input.Input.addBinding(Input.kt:451)
	at com.almasb.fxgl.core@17/com.almasb.fxgl.input.Input.addAction(Input.kt:446)
	at com.almasb.fxgl.core@17/com.almasb.fxgl.input.Input.addAction$default(Input.kt:443)
	at com.almasb.fxgl.core@17/com.almasb.fxgl.input.Input.addAction(Input.kt)
	at com.example.zeldapuzzle/com.example.zeldapuzzle.MainGameApp.initInput(MainGameApp.java:149)
	at com.almasb.fxgl.all@17/com.almasb.fxgl.app.FXGLApplication$GameApplicationService.onMainLoopStarting(FXGLApplication.kt:529)
	at com.almasb.fxgl.all@17/com.almasb.fxgl.app.Engine.startLoop(Engine.kt:150)
	at com.almasb.fxgl.all@17/com.almasb.fxgl.app.FXGLApplication.startImpl$lambda-3(FXGLApplication.kt:145)
	at com.almasb.fxgl.core@17/com.almasb.fxgl.core.concurrent.IOTask.succeed(IOTask.java:164)
	at com.almasb.fxgl.core@17/com.almasb.fxgl.core.concurrent.IOTask$1.succeeded(IOTask.java:153)
	at javafx.graphics@19/javafx.concurrent.Task.setState(Task.java:726)
	at javafx.graphics@19/javafx.concurrent.Task$TaskCallable.lambda$call$1(Task.java:1437)
	at javafx.graphics@19/com.sun.javafx.application.PlatformImpl.lambda$runLater$10(PlatformImpl.java:457)
	at java.base/java.security.AccessController.doPrivileged(AccessController.java:400)
	at javafx.graphics@19/com.sun.javafx.application.PlatformImpl.lambda$runLater$11(PlatformImpl.java:456)
	at javafx.graphics@19/com.sun.glass.ui.InvokeLaterDispatcher$Future.run(InvokeLaterDispatcher.java:96)
	at javafx.graphics@19/com.sun.glass.ui.win.WinApplication._runLoop(Native Method)
	at javafx.graphics@19/com.sun.glass.ui.win.WinApplication.lambda$runLoop$3(WinApplication.java:184)
	at java.base/java.lang.Thread.run(Thread.java:1583)

19:22:23.071 [JavaFX Application Thread] FATAL FXGLApplication      - Application will now exit
19:22:23.072 [FXGL Background Thread 4 ] DEBUG FXGLAssetLoaderServi - Loading from file system: jar:file:///C:/Users/User/.m2/repository/com/github/almasb/fxgl/17/fxgl-17.jar!/fxglassets/ui/fonts/Abel-Regular.ttf
19:22:23.086 [FXGL Background Thread 4 ] DEBUG FXGLAssetLoaderServi - Loading from file system: jar:file:///C:/Users/User/.m2/repository/com/github/almasb/fxgl/17/fxgl-17.jar!/fxglassets/ui/fonts/TerminalLandMono-Regular.otf
19:22:23.089 [JavaFX Application Thread] DEBUG PrimaryStageWindow   - Push state: ErrorSubScene
19:22:23.089 [JavaFX Application Thread] DEBUG Input                - Clearing active input actions
19:22:23.098 [JavaFX Application Thread] DEBUG GameApplicationServi - Removing overlay from FXGLStartupScene and adding to ErrorSubScene
19:22:23.099 [FXGL Background Thread 4 ] DEBUG FXGLAssetLoaderServi - Loading from file system: jar:file:///C:/Users/User/.m2/repository/com/github/almasb/fxgl/17/fxgl-17.jar!/fxglassets/ui/fonts/Courier-Prime.ttf
19:22:23.100 [JavaFX Application Thread] DEBUG PrimaryStageWindow   - FXGLStartupScene -> ErrorSubScene
19:22:23.356 [JavaFX Application Thread] DEBUG FXGLApplication      - Registering font factories with UI factory
19:22:23.413 [FXGL Background Thread 2 ] INFO  UpdaterService       - Your current version:  17
19:22:23.414 [FXGL Background Thread 2 ] INFO  UpdaterService       - Latest stable version: 21.1
19:22:26.039 [FXGL Background Thread 3 ] DEBUG Engine               - Logging environment variables
19:22:26.039 [FXGL Background Thread 3 ] DEBUG Engine               - achievements: []
19:22:26.039 [FXGL Background Thread 3 ] DEBUG Engine               - actualHeight: 800.0
19:22:26.039 [FXGL Background Thread 3 ] DEBUG Engine               - actualHeightProperty: ReadOnlyDoubleProperty [value: 800.0]
19:22:26.039 [FXGL Background Thread 3 ] DEBUG Engine               - actualWidth: 800.0
19:22:26.040 [FXGL Background Thread 3 ] DEBUG Engine               - actualWidthProperty: ReadOnlyDoubleProperty [value: 800.0]
19:22:26.040 [FXGL Background Thread 3 ] DEBUG Engine               - appIcon: fxgl_icon.png
19:22:26.040 [FXGL Background Thread 3 ] DEBUG Engine               - applicationMode: DEVELOPER
19:22:26.040 [FXGL Background Thread 3 ] DEBUG Engine               - cSSList: [fxgl_dark.css]
19:22:26.040 [FXGL Background Thread 3 ] DEBUG Engine               - collisionDetectionStrategy: BRUTE_FORCE
19:22:26.040 [FXGL Background Thread 3 ] DEBUG Engine               - configClass: Optional.empty
19:22:26.040 [FXGL Background Thread 3 ] DEBUG Engine               - credits: []
19:22:26.040 [FXGL Background Thread 3 ] DEBUG Engine               - defaultCursor: CursorInfo(imageName=fxgl_default_cursor.png, hotspotX=7.0, hotspotY=6.0)
19:22:26.040 [FXGL Background Thread 3 ] DEBUG Engine               - devBBoxColorProperty: ObjectProperty [value: 0xff0000ff]
19:22:26.040 [FXGL Background Thread 3 ] DEBUG Engine               - devEnableDebugCameraProperty: BooleanProperty [value: false]
19:22:26.040 [FXGL Background Thread 3 ] DEBUG Engine               - devSensorColorProperty: ObjectProperty [value: 0xffff00ff]
19:22:26.040 [FXGL Background Thread 3 ] DEBUG Engine               - devShowBBoxProperty: BooleanProperty [value: false]
19:22:26.040 [FXGL Background Thread 3 ] DEBUG Engine               - devShowPositionProperty: BooleanProperty [value: false]
19:22:26.040 [FXGL Background Thread 3 ] DEBUG Engine               - enabledMenuItems: []
19:22:26.040 [FXGL Background Thread 3 ] DEBUG Engine               - engineServices: [class com.almasb.fxgl.app.services.FXGLAssetLoaderService, class com.almasb.fxgl.app.FXGLApplication$GameApplicationService, class com.almasb.fxgl.app.services.FXGLDialogService, class com.almasb.fxgl.app.services.IOTaskExecutorService, class com.almasb.fxgl.io.FileSystemService, class com.almasb.fxgl.localization.LocalizationService, class com.almasb.fxgl.app.services.SystemBundleService, class com.almasb.fxgl.profile.SaveLoadService, class com.almasb.fxgl.ui.FXGLUIFactoryServiceProvider, class com.almasb.fxgl.ui.FXGLDialogFactoryServiceProvider, class com.almasb.fxgl.audio.AudioPlayer, class com.almasb.fxgl.notification.impl.NotificationServiceProvider, class com.almasb.fxgl.achievement.AchievementService, class com.almasb.fxgl.cutscene.CutsceneService, class com.almasb.fxgl.minigames.MiniGameService, class com.almasb.fxgl.net.NetService, class com.almasb.fxgl.app.services.UpdaterService, class com.almasb.fxgl.dev.DevService]
19:22:26.040 [FXGL Background Thread 3 ] DEBUG Engine               - fontGame: Abel-Regular.ttf
19:22:26.040 [FXGL Background Thread 3 ] DEBUG Engine               - fontMono: TerminalLandMono-Regular.otf
19:22:26.041 [FXGL Background Thread 3 ] DEBUG Engine               - fontText: Courier-Prime.ttf
19:22:26.041 [FXGL Background Thread 3 ] DEBUG Engine               - fontUI: VarelaRound-Regular.ttf
19:22:26.041 [FXGL Background Thread 3 ] DEBUG Engine               - fullScreen: BooleanProperty [value: false]
19:22:26.041 [FXGL Background Thread 3 ] DEBUG Engine               - gameDifficulty: MEDIUM
19:22:26.041 [FXGL Background Thread 3 ] DEBUG Engine               - gameDifficultyProperty: ObjectProperty [value: MEDIUM]
19:22:26.041 [FXGL Background Thread 3 ] DEBUG Engine               - globalMusicVolume: 0.5
19:22:26.041 [FXGL Background Thread 3 ] DEBUG Engine               - globalMusicVolumeProperty: DoubleProperty [value: 0.5]
19:22:26.041 [FXGL Background Thread 3 ] DEBUG Engine               - globalSoundVolume: 0.5
19:22:26.041 [FXGL Background Thread 3 ] DEBUG Engine               - globalSoundVolumeProperty: DoubleProperty [value: 0.5]
19:22:26.042 [FXGL Background Thread 3 ] DEBUG Engine               - height: 800
19:22:26.042 [FXGL Background Thread 3 ] DEBUG Engine               - is3D: false
19:22:26.042 [FXGL Background Thread 3 ] DEBUG Engine               - isAndroid: false
19:22:26.042 [FXGL Background Thread 3 ] DEBUG Engine               - isBrowser: false
19:22:26.042 [FXGL Background Thread 3 ] DEBUG Engine               - isClickFeedbackEnabled: false
19:22:26.042 [FXGL Background Thread 3 ] DEBUG Engine               - isCloseConfirmation: false
19:22:26.042 [FXGL Background Thread 3 ] DEBUG Engine               - isDesktop: true
19:22:26.042 [FXGL Background Thread 3 ] DEBUG Engine               - isDeveloperMenuEnabled: true
19:22:26.042 [FXGL Background Thread 3 ] DEBUG Engine               - isEmbedded: false
19:22:26.042 [FXGL Background Thread 3 ] DEBUG Engine               - isEntityPreloadEnabled: true
19:22:26.042 [FXGL Background Thread 3 ] DEBUG Engine               - isExperimentalTiledLargeMap: false
19:22:26.044 [FXGL Background Thread 3 ] DEBUG Engine               - isFileSystemWriteAllowed: true
19:22:26.044 [FXGL Background Thread 3 ] DEBUG Engine               - isFullScreenAllowed: true
19:22:26.044 [FXGL Background Thread 3 ] DEBUG Engine               - isFullScreenFromStart: false
19:22:26.044 [FXGL Background Thread 3 ] DEBUG Engine               - isGameMenuEnabled: true
19:22:26.044 [FXGL Background Thread 3 ] DEBUG Engine               - isIOS: false
19:22:26.044 [FXGL Background Thread 3 ] DEBUG Engine               - isIntroEnabled: false
19:22:26.044 [FXGL Background Thread 3 ] DEBUG Engine               - isLinux: false
19:22:26.044 [FXGL Background Thread 3 ] DEBUG Engine               - isMac: false
19:22:26.044 [FXGL Background Thread 3 ] DEBUG Engine               - isMainMenuEnabled: true
19:22:26.044 [FXGL Background Thread 3 ] DEBUG Engine               - isManualResizeEnabled: false
19:22:26.044 [FXGL Background Thread 3 ] DEBUG Engine               - isMobile: false
19:22:26.044 [FXGL Background Thread 3 ] DEBUG Engine               - isNative: false
19:22:26.044 [FXGL Background Thread 3 ] DEBUG Engine               - isPauseMusicWhenMinimized: true
19:22:26.044 [FXGL Background Thread 3 ] DEBUG Engine               - isPreserveResizeRatio: false
19:22:26.044 [FXGL Background Thread 3 ] DEBUG Engine               - isProfilingEnabled: false
19:22:26.045 [FXGL Background Thread 3 ] DEBUG Engine               - isScaleAffectedOnResize: true
19:22:26.045 [FXGL Background Thread 3 ] DEBUG Engine               - isSingleStep: false
19:22:26.045 [FXGL Background Thread 3 ] DEBUG Engine               - isUserProfileEnabled: false
19:22:26.045 [FXGL Background Thread 3 ] DEBUG Engine               - isWindows: true
19:22:26.045 [FXGL Background Thread 3 ] DEBUG Engine               - language: ObjectProperty [value: ENGLISH]
19:22:26.045 [FXGL Background Thread 3 ] DEBUG Engine               - menuKey: ESCAPE
19:22:26.045 [FXGL Background Thread 3 ] DEBUG Engine               - mouseSensitivity: 0.2
19:22:26.045 [FXGL Background Thread 3 ] DEBUG Engine               - notificationViewClass: class com.almasb.fxgl.notification.view.XboxNotificationView
19:22:26.045 [FXGL Background Thread 3 ] DEBUG Engine               - pixelsPerMeter: 50.0
19:22:26.045 [FXGL Background Thread 3 ] DEBUG Engine               - platform: WINDOWS
19:22:26.045 [FXGL Background Thread 3 ] DEBUG Engine               - prefHeightProperty: ReadOnlyDoubleProperty [value: 800.0]
19:22:26.046 [FXGL Background Thread 3 ] DEBUG Engine               - prefWidthProperty: ReadOnlyDoubleProperty [value: 800.0]
19:22:26.046 [FXGL Background Thread 3 ] DEBUG Engine               - profileDir: profiles/
19:22:26.046 [FXGL Background Thread 3 ] DEBUG Engine               - profileName: StringProperty [value: DEFAULT]
19:22:26.046 [FXGL Background Thread 3 ] DEBUG Engine               - randomSeed: -1
19:22:26.047 [FXGL Background Thread 3 ] DEBUG Engine               - runtimeInfo: RuntimeInfo(platform=WINDOWS, version=17, build=31.12.2021 18.16)
19:22:26.048 [FXGL Background Thread 3 ] DEBUG Engine               - saveFileExt: sav
19:22:26.048 [FXGL Background Thread 3 ] DEBUG Engine               - scaledHeightProp$fxgl: DoubleProperty [bound, value: 800.0]
19:22:26.048 [FXGL Background Thread 3 ] DEBUG Engine               - scaledWidthProp$fxgl: DoubleProperty [bound, value: 800.0]
19:22:26.048 [FXGL Background Thread 3 ] DEBUG Engine               - sceneFactory: com.almasb.fxgl.app.scene.SceneFactory@771e6691
19:22:26.048 [FXGL Background Thread 3 ] DEBUG Engine               - secondsIn24h: 60
19:22:26.048 [FXGL Background Thread 3 ] DEBUG Engine               - soundMenuBack: menu/back.wav
19:22:26.048 [FXGL Background Thread 3 ] DEBUG Engine               - soundMenuPress: menu/press.wav
19:22:26.049 [FXGL Background Thread 3 ] DEBUG Engine               - soundMenuSelect: menu/select.wav
19:22:26.049 [FXGL Background Thread 3 ] DEBUG Engine               - soundNotification: core/notification.wav
19:22:26.049 [FXGL Background Thread 3 ] DEBUG Engine               - stageStyle: DECORATED
19:22:26.049 [FXGL Background Thread 3 ] DEBUG Engine               - supportedLanguages: [ENGLISH, FRENCH, GERMAN, HUNGARIAN, RUSSIAN]
19:22:26.049 [FXGL Background Thread 3 ] DEBUG Engine               - ticksPerSecond: -1
19:22:26.049 [FXGL Background Thread 3 ] DEBUG Engine               - title: Zelda 2D Game
19:22:26.049 [FXGL Background Thread 3 ] DEBUG Engine               - urlGithub: https://github.com/AlmasB/FXGL
19:22:26.049 [FXGL Background Thread 3 ] DEBUG Engine               - urlLeaderboard: http://fxgl-top.herokuapp.com/
19:22:26.050 [FXGL Background Thread 3 ] DEBUG Engine               - urlPOM: https://raw.githubusercontent.com/AlmasB/FXGL/release/README.md
19:22:26.050 [FXGL Background Thread 3 ] DEBUG Engine               - userAppClass: class com.example.zeldapuzzle.MainGameApp
19:22:26.050 [FXGL Background Thread 3 ] DEBUG Engine               - version: 1
19:22:26.050 [FXGL Background Thread 3 ] DEBUG Engine               - versionCheckDays: 7
19:22:26.050 [FXGL Background Thread 3 ] DEBUG Engine               - width: 800
19:22:26.050 [FXGL Background Thread 3 ] DEBUG Engine               - Logging services
19:22:26.050 [FXGL Background Thread 3 ] DEBUG Engine               - class com.almasb.fxgl.app.services.FXGLAssetLoaderService
19:22:26.050 [FXGL Background Thread 3 ] DEBUG Engine               - class com.almasb.fxgl.app.FXGLApplication$GameApplicationService
19:22:26.050 [FXGL Background Thread 3 ] DEBUG Engine               - class com.almasb.fxgl.app.services.FXGLDialogService
19:22:26.050 [FXGL Background Thread 3 ] DEBUG Engine               - class com.almasb.fxgl.app.services.IOTaskExecutorService
19:22:26.050 [FXGL Background Thread 3 ] DEBUG Engine               - class com.almasb.fxgl.io.FileSystemService
19:22:26.050 [FXGL Background Thread 3 ] DEBUG Engine               - class com.almasb.fxgl.localization.LocalizationService
19:22:26.050 [FXGL Background Thread 3 ] DEBUG Engine               - class com.almasb.fxgl.app.services.SystemBundleService
19:22:26.050 [FXGL Background Thread 3 ] DEBUG Engine               - class com.almasb.fxgl.profile.SaveLoadService
19:22:26.050 [FXGL Background Thread 3 ] DEBUG Engine               - class com.almasb.fxgl.ui.FXGLUIFactoryServiceProvider
19:22:26.050 [FXGL Background Thread 3 ] DEBUG Engine               - class com.almasb.fxgl.ui.FXGLDialogFactoryServiceProvider
19:22:26.050 [FXGL Background Thread 3 ] DEBUG Engine               - class com.almasb.fxgl.audio.AudioPlayer
19:22:26.050 [FXGL Background Thread 3 ] DEBUG Engine               - class com.almasb.fxgl.notification.impl.NotificationServiceProvider
19:22:26.050 [FXGL Background Thread 3 ] DEBUG Engine               - class com.almasb.fxgl.achievement.AchievementService
19:22:26.050 [FXGL Background Thread 3 ] DEBUG Engine               - class com.almasb.fxgl.cutscene.CutsceneService
19:22:26.050 [FXGL Background Thread 3 ] DEBUG Engine               - class com.almasb.fxgl.minigames.MiniGameService
19:22:26.050 [FXGL Background Thread 3 ] DEBUG Engine               - class com.almasb.fxgl.net.NetService
19:22:26.050 [FXGL Background Thread 3 ] DEBUG Engine               - class com.almasb.fxgl.app.services.UpdaterService
19:22:26.051 [FXGL Background Thread 3 ] DEBUG Engine               - class com.almasb.fxgl.dev.DevService
19:22:26.226 [JavaFX Application Thread] DEBUG FXGLApplication      - Exiting FXGL
19:22:26.226 [JavaFX Application Thread] DEBUG Async                - Shutting down background threads
19:22:26.226 [JavaFX Application Thread] DEBUG PrimaryStageWindow   - Closing main window
19:22:26.234 [JavaFX Application Thread] DEBUG Logger               - Closing Logger
