23:03:43.963 [main                     ] DEBUG Logger               - Configured Logger
23:03:43.978 [main                     ] DEBUG GameApplication      - Logging settings
Title: Zelda 2D Game
Version: 1
Width: 800
Height: 800
Fullscreen: false
Intro: false
Profiling: false
Single step:false
App Mode: DEVELOPER
Menu Key: ESCAPE
Stage Style: DECORATED
Scene Factory: class com.almasb.fxgl.app.scene.SceneFactory

23:03:44.122 [JavaFX Application Thread] DEBUG FXGLApplication      - Initializing FXGL
23:03:44.126 [JavaFX Application Thread] INFO  Engine               - FXGL-17 (31.12.2021 18.16) on WINDOWS (J:21.0.2 FX:19)
23:03:44.126 [JavaFX Application Thread] DEBUG Engine               - JRE Vendor Name: Oracle Corporation
23:03:44.127 [JavaFX Application Thread] DEBUG Engine               - Running on OS: Windows 10 version 10.0
23:03:44.127 [JavaFX Application Thread] DEBUG Engine               - Architecture: amd64
23:03:44.127 [JavaFX Application Thread] INFO  Engine               - Source code and latest versions at: https://github.com/AlmasB/FXGL
23:03:44.127 [JavaFX Application Thread] INFO  Engine               -       Ask questions and discuss at: https://github.com/AlmasB/FXGL/discussions
23:03:44.127 [JavaFX Application Thread] INFO  Engine               -              Join the FXGL chat at: https://gitter.im/AlmasB/FXGL
23:03:44.198 [JavaFX Application Thread] DEBUG PrimaryStageWindow   - Creating a JavaFX scene
23:03:44.242 [JavaFX Application Thread] DEBUG PrimaryStageWindow   - Target settings size: 800.0 x 800.0
23:03:44.242 [JavaFX Application Thread] DEBUG PrimaryStageWindow   - Scaled scene size:    800.0 x 800.0
23:03:44.242 [JavaFX Application Thread] DEBUG PrimaryStageWindow   - Scaled ratio: (1.0, 1.0)
23:03:44.243 [JavaFX Application Thread] DEBUG PrimaryStageWindow   - Set initial scene to FXGLStartupScene
23:03:44.247 [JavaFX Application Thread] DEBUG PrimaryStageWindow   - Opening main window
23:03:44.325 [JavaFX Application Thread] DEBUG PrimaryStageWindow   - Window border size: (16.0, 39.0)
23:03:44.325 [JavaFX Application Thread] DEBUG PrimaryStageWindow   - Scaled size: 800.0 x 800.0
23:03:44.326 [JavaFX Application Thread] DEBUG PrimaryStageWindow   - Scaled ratio: (1.0, 1.0)
23:03:44.326 [JavaFX Application Thread] DEBUG PrimaryStageWindow   - Scene size: 800.0 x 800.0
23:03:44.326 [JavaFX Application Thread] DEBUG PrimaryStageWindow   - Stage size: 816.0 x 839.0
23:03:44.334 [FXGL Background Thread 1 ] DEBUG Engine               - Initializing environment variables
23:03:44.378 [FXGL Background Thread 1 ] DEBUG FXGLAssetLoaderServi - User app class for loading assets: class com.example.zeldapuzzle.MainGameApp
23:03:44.378 [FXGL Background Thread 1 ] DEBUG GameApplicationServi - Applying CSS: fxgl_dark.css
23:03:44.379 [FXGL Background Thread 1 ] DEBUG FXGLAssetLoaderServi - Loading from file system: jar:file:///C:/Users/mbour/.m2/repository/com/github/almasb/fxgl/17/fxgl-17.jar!/fxglassets/ui/css/fxgl_dark.css
23:03:44.417 [FXGL Background Thread 1 ] DEBUG GameApplicationServi - Initializing application scenes
23:03:44.456 [FXGL Background Thread 1 ] DEBUG GameWorld            - Game world initialized
23:03:44.518 [FXGL Background Thread 1 ] DEBUG PhysicsWorld         - Physics world initialized: appHeight=800, physics.ppm=50,0
23:03:44.518 [FXGL Background Thread 1 ] DEBUG PhysicsWorld         - Using strategy: BRUTE_FORCE
23:03:44.521 [FXGL Background Thread 1 ] DEBUG GameScene            - Game scene initialized: 800x800
23:03:44.532 [FXGL Background Thread 1 ] DEBUG FXGL.DefaultMenu     - createMenuBodyMainMenu()
23:03:44.545 [FXGL Background Thread 1 ] DEBUG FXGL.DefaultMenu     - createOptionsMenu()
23:03:44.552 [FXGL Background Thread 1 ] DEBUG FXGLAssetLoaderServi - Loading from file system: jar:file:///C:/Users/mbour/.m2/repository/com/github/almasb/fxgl/17/fxgl-17.jar!/fxglassets/textures/particles/smoke.png
23:03:44.616 [FXGL Background Thread 1 ] DEBUG FXGLAssetLoaderServi - Loading from file system: jar:file:///C:/Users/mbour/.m2/repository/com/github/almasb/fxgl/17/fxgl-17.jar!/fxglassets/textures/particles/trace_horizontal.png
23:03:44.634 [FXGL Background Thread 1 ] DEBUG FXGL.DefaultMenu     - createMenuBodyGameMenu()
23:03:44.635 [FXGL Background Thread 1 ] DEBUG FXGL.DefaultMenu     - createOptionsMenu()
23:03:44.650 [FXGL Background Thread 1 ] DEBUG GameApplicationServi - Application scenes initialized
23:03:44.660 [FXGL Background Thread 1 ] DEBUG SystemBundleService  - Loading FXGL system data
23:03:44.663 [FXGL Background Thread 1 ] DEBUG FileSystemAccess     - Reading from: C:\Users\mbour\OneDrive\Bureau\Zelda TOTK WINRAR\zeldaPuzzle\system\fxgl.bundle
23:03:44.673 [FXGL Background Thread 1 ] DEBUG SystemBundleService  - Bundle FXGL: {}
23:03:44.673 [FXGL Background Thread 1 ] DEBUG UpdaterService       - Checking for updates
23:03:44.695 [FXGL Background Thread 1 ] DEBUG FXGLApplication      - Loading default localization
23:03:44.694 [FXGL Background Thread 4 ] DEBUG FXGLApplication      - Loading fonts
23:03:44.695 [FXGL Background Thread 1 ] DEBUG FXGLAssetLoaderServi - Loading from file system: jar:file:///C:/Users/mbour/.m2/repository/com/github/almasb/fxgl/17/fxgl-17.jar!/fxglassets/languages/english.lang
23:03:44.695 [FXGL Background Thread 4 ] DEBUG FXGLAssetLoaderServi - Loading from file system: jar:file:///C:/Users/mbour/.m2/repository/com/github/almasb/fxgl/17/fxgl-17.jar!/fxglassets/ui/fonts/VarelaRound-Regular.ttf
23:03:44.712 [FXGL Background Thread 1 ] INFO  FXGLApplication      - FXGL initialization took: 0,379 sec
23:03:44.726 [JavaFX Application Thread] DEBUG Input                - Registered new binding: getPosition - P
23:03:44.727 [JavaFX Application Thread] DEBUG Input                - Registered new binding: zoom+ - Up
23:03:44.727 [JavaFX Application Thread] DEBUG Input                - Registered new binding: zoom- - Down
23:03:44.727 [JavaFX Application Thread] DEBUG Input                - Registered new binding: resetZoom - 0
23:03:44.728 [JavaFX Application Thread] DEBUG Input                - Registered new binding: Move right - D
23:03:44.728 [JavaFX Application Thread] DEBUG Input                - Registered new binding: Move left - A
23:03:44.729 [JavaFX Application Thread] DEBUG Input                - Registered new binding: Move Up - W
23:03:44.729 [JavaFX Application Thread] DEBUG Input                - Registered new binding: Move Down - S
23:03:44.729 [JavaFX Application Thread] DEBUG FXGLAssetLoaderServi - Loading from file system: jar:file:///C:/Users/mbour/.m2/repository/com/github/almasb/fxgl/17/fxgl-17.jar!/fxglassets/textures/fxgl_icon.png
23:03:44.735 [FXGL Background Thread 4 ] DEBUG FXGLAssetLoaderServi - Loading from file system: jar:file:///C:/Users/mbour/.m2/repository/com/github/almasb/fxgl/17/fxgl-17.jar!/fxglassets/ui/fonts/Abel-Regular.ttf
23:03:44.745 [JavaFX Application Thread] DEBUG FXGLAssetLoaderServi - Loading from file system: jar:file:///C:/Users/mbour/.m2/repository/com/github/almasb/fxgl/17/fxgl-17.jar!/fxglassets/textures/fxgl_default_cursor.png
23:03:44.746 [JavaFX Application Thread] DEBUG Input                - Registered new binding: Screenshot - CTRL+8
23:03:44.747 [FXGL Background Thread 4 ] DEBUG FXGLAssetLoaderServi - Loading from file system: jar:file:///C:/Users/mbour/.m2/repository/com/github/almasb/fxgl/17/fxgl-17.jar!/fxglassets/ui/fonts/TerminalLandMono-Regular.otf
23:03:44.747 [JavaFX Application Thread] DEBUG Input                - Registered new binding: Dev Options - 1
23:03:44.747 [JavaFX Application Thread] DEBUG Input                - Registered new binding: Dev Console - 2
23:03:44.747 [JavaFX Application Thread] DEBUG Input                - Registered new binding: System info dump - CTRL+9
23:03:44.748 [JavaFX Application Thread] DEBUG Input                - Registered new binding: Restart - CTRL+R
23:03:44.748 [JavaFX Application Thread] DEBUG Input                - Registered new binding: Toggle Debug Camera - CTRL+7
23:03:44.752 [JavaFX Application Thread] DEBUG LoopRunner           - Starting loop
23:03:44.759 [FXGL Background Thread 4 ] DEBUG FXGLAssetLoaderServi - Loading from file system: jar:file:///C:/Users/mbour/.m2/repository/com/github/almasb/fxgl/17/fxgl-17.jar!/fxglassets/ui/fonts/Courier-Prime.ttf
23:03:44.770 [JavaFX Application Thread] DEBUG LoopRunner           - Initializing JavaFX AnimationTimerLoop
23:03:44.773 [JavaFX Application Thread] DEBUG Input                - Clearing active input actions
23:03:44.783 [JavaFX Application Thread] DEBUG GameApplicationServi - Removing overlay from FXGLStartupScene and adding to FXGLMainMenuDummyScene
23:03:44.789 [JavaFX Application Thread] DEBUG PrimaryStageWindow   - FXGLStartupScene -> FXGLMainMenuDummyScene
23:03:44.789 [JavaFX Application Thread] DEBUG PrimaryStageWindow   - Push state: FXGLDefaultMenu
23:03:44.791 [JavaFX Application Thread] DEBUG Input                - Clearing active input actions
23:03:44.799 [JavaFX Application Thread] DEBUG GameApplicationServi - Removing overlay from FXGLMainMenuDummyScene and adding to FXGLDefaultMenu
23:03:44.800 [JavaFX Application Thread] DEBUG PrimaryStageWindow   - FXGLMainMenuDummyScene -> FXGLDefaultMenu
23:03:45.022 [JavaFX Application Thread] DEBUG FXGLApplication      - Registering font factories with UI factory
23:03:45.154 [FXGL Background Thread 2 ] INFO  UpdaterService       - Your current version:  17
23:03:45.154 [FXGL Background Thread 2 ] INFO  UpdaterService       - Latest stable version: 21.1
23:03:46.071 [JavaFX Application Thread] DEBUG Menu                 - fireNewGame()
23:03:46.071 [JavaFX Application Thread] DEBUG GameApplicationServi - Starting new game
23:03:46.073 [JavaFX Application Thread] DEBUG PrimaryStageWindow   - Pop state: FXGLDefaultMenu
23:03:46.073 [JavaFX Application Thread] DEBUG Input                - Clearing active input actions
23:03:46.074 [JavaFX Application Thread] DEBUG GameApplicationServi - Removing overlay from FXGLDefaultMenu and adding to FXGLMainMenuDummyScene
23:03:46.076 [JavaFX Application Thread] DEBUG PrimaryStageWindow   - FXGLMainMenuDummyScene <- FXGLDefaultMenu
23:03:46.077 [JavaFX Application Thread] DEBUG Input                - Clearing active input actions
23:03:46.086 [JavaFX Application Thread] DEBUG GameApplicationServi - Removing overlay from FXGLMainMenuDummyScene and adding to FXGLLoadingScene
23:03:46.087 [JavaFX Application Thread] DEBUG PrimaryStageWindow   - FXGLMainMenuDummyScene -> FXGLLoadingScene
23:03:46.087 [JavaFX Application Thread] DEBUG GameApplicationServi - Clearing previous game
23:03:46.087 [JavaFX Application Thread] DEBUG GameScene            - Clearing game scene
23:03:46.088 [JavaFX Application Thread] DEBUG GameWorld            - Clearing game world
23:03:46.088 [JavaFX Application Thread] DEBUG PhysicsWorld         - Clearing physics world
23:03:46.091 [FXGL Background Thread 2 ] DEBUG FXGLApplication      - Initializing game
23:03:46.138 [FXGL Background Thread 2 ] WARN  TMXLevelLoader       - TiledMap generated from 1.10.2. Supported version: 1.2.3. Some features may not be parsed fully.
23:03:46.150 [FXGL Background Thread 2 ] DEBUG TMXLevelLoader       - Parsed TiledMap: file:/C:/Users/mbour/OneDrive/Bureau/Zelda%20TOTK%20WINRAR/zeldaPuzzle/target/classes/assets/levels/StartingMap.tmx
23:03:46.151 [FXGL Background Thread 2 ] DEBUG TMXLevelLoader       - Creating tile layer entities
23:03:46.153 [FXGL Background Thread 2 ] DEBUG TilesetLoader        - Loading view for layer Calque de Tuiles 1
23:03:46.156 [FXGL Background Thread 2 ] DEBUG TilesetLoader        - Created buffer with size 1920.0x1920.0
23:03:46.167 [FXGL Background Thread 2 ] DEBUG TilesetLoader        - Loading view for layer Calque de Tuiles 2
23:03:46.179 [FXGL Background Thread 2 ] DEBUG TilesetLoader        - Created buffer with size 1920.0x1920.0
23:03:46.196 [FXGL Background Thread 2 ] DEBUG TilesetLoader        - Loading view for layer Calque de Tuiles 3
23:03:46.207 [FXGL Background Thread 2 ] DEBUG TilesetLoader        - Created buffer with size 1920.0x1920.0
23:03:46.213 [FXGL Background Thread 2 ] DEBUG TMXLevelLoader       - Creating object layer entities
23:03:46.229 [FXGL Background Thread 2 ] DEBUG GameWorld            - Clearing removable entities
23:03:46.229 [FXGL Background Thread 2 ] DEBUG GameWorld            - Setting level: com.almasb.fxgl.entity.level.Level@35cde5b3
23:03:46.239 [FXGL Background Thread 2 ] WARN  GameWorld            - Entity is already attached to world
23:03:46.300 [FXGL Background Thread 2 ] WARN  GameWorld            - Entity is already attached to world
23:03:46.301 [FXGL Background Thread 2 ] INFO  FXGLApplication      - Game initialization took: 0,211 sec
23:03:46.302 [JavaFX Application Thread] DEBUG Input                - Clearing active input actions
23:03:46.307 [JavaFX Application Thread] DEBUG GameApplicationServi - Removing overlay from FXGLLoadingScene and adding to GameScene
23:03:46.308 [JavaFX Application Thread] DEBUG PrimaryStageWindow   - FXGLLoadingScene -> GameScene
23:03:47.693 [FXGL Background Thread 3 ] DEBUG Engine               - Logging environment variables
23:03:47.693 [FXGL Background Thread 3 ] DEBUG Engine               - achievements: []
23:03:47.693 [FXGL Background Thread 3 ] DEBUG Engine               - actualHeight: 800.0
23:03:47.693 [FXGL Background Thread 3 ] DEBUG Engine               - actualHeightProperty: ReadOnlyDoubleProperty [value: 800.0]
23:03:47.693 [FXGL Background Thread 3 ] DEBUG Engine               - actualWidth: 800.0
23:03:47.693 [FXGL Background Thread 3 ] DEBUG Engine               - actualWidthProperty: ReadOnlyDoubleProperty [value: 800.0]
23:03:47.693 [FXGL Background Thread 3 ] DEBUG Engine               - appIcon: fxgl_icon.png
23:03:47.693 [FXGL Background Thread 3 ] DEBUG Engine               - applicationMode: DEVELOPER
23:03:47.694 [FXGL Background Thread 3 ] DEBUG Engine               - cSSList: [fxgl_dark.css]
23:03:47.694 [FXGL Background Thread 3 ] DEBUG Engine               - collisionDetectionStrategy: BRUTE_FORCE
23:03:47.694 [FXGL Background Thread 3 ] DEBUG Engine               - configClass: Optional.empty
23:03:47.694 [FXGL Background Thread 3 ] DEBUG Engine               - credits: []
23:03:47.694 [FXGL Background Thread 3 ] DEBUG Engine               - defaultCursor: CursorInfo(imageName=fxgl_default_cursor.png, hotspotX=7.0, hotspotY=6.0)
23:03:47.694 [FXGL Background Thread 3 ] DEBUG Engine               - devBBoxColorProperty: ObjectProperty [value: 0xff0000ff]
23:03:47.694 [FXGL Background Thread 3 ] DEBUG Engine               - devEnableDebugCameraProperty: BooleanProperty [value: false]
23:03:47.694 [FXGL Background Thread 3 ] DEBUG Engine               - devSensorColorProperty: ObjectProperty [value: 0xffff00ff]
23:03:47.694 [FXGL Background Thread 3 ] DEBUG Engine               - devShowBBoxProperty: BooleanProperty [value: false]
23:03:47.694 [FXGL Background Thread 3 ] DEBUG Engine               - devShowPositionProperty: BooleanProperty [value: false]
23:03:47.694 [FXGL Background Thread 3 ] DEBUG Engine               - enabledMenuItems: []
23:03:47.695 [FXGL Background Thread 3 ] DEBUG Engine               - engineServices: [class com.almasb.fxgl.app.services.FXGLAssetLoaderService, class com.almasb.fxgl.app.FXGLApplication$GameApplicationService, class com.almasb.fxgl.app.services.FXGLDialogService, class com.almasb.fxgl.app.services.IOTaskExecutorService, class com.almasb.fxgl.io.FileSystemService, class com.almasb.fxgl.localization.LocalizationService, class com.almasb.fxgl.app.services.SystemBundleService, class com.almasb.fxgl.profile.SaveLoadService, class com.almasb.fxgl.ui.FXGLUIFactoryServiceProvider, class com.almasb.fxgl.ui.FXGLDialogFactoryServiceProvider, class com.almasb.fxgl.audio.AudioPlayer, class com.almasb.fxgl.notification.impl.NotificationServiceProvider, class com.almasb.fxgl.achievement.AchievementService, class com.almasb.fxgl.cutscene.CutsceneService, class com.almasb.fxgl.minigames.MiniGameService, class com.almasb.fxgl.net.NetService, class com.almasb.fxgl.app.services.UpdaterService, class com.almasb.fxgl.dev.DevService]
23:03:47.695 [FXGL Background Thread 3 ] DEBUG Engine               - fontGame: Abel-Regular.ttf
23:03:47.695 [FXGL Background Thread 3 ] DEBUG Engine               - fontMono: TerminalLandMono-Regular.otf
23:03:47.695 [FXGL Background Thread 3 ] DEBUG Engine               - fontText: Courier-Prime.ttf
23:03:47.695 [FXGL Background Thread 3 ] DEBUG Engine               - fontUI: VarelaRound-Regular.ttf
23:03:47.695 [FXGL Background Thread 3 ] DEBUG Engine               - fullScreen: BooleanProperty [value: false]
23:03:47.695 [FXGL Background Thread 3 ] DEBUG Engine               - gameDifficulty: MEDIUM
23:03:47.695 [FXGL Background Thread 3 ] DEBUG Engine               - gameDifficultyProperty: ObjectProperty [value: MEDIUM]
23:03:47.695 [FXGL Background Thread 3 ] DEBUG Engine               - globalMusicVolume: 0.5
23:03:47.695 [FXGL Background Thread 3 ] DEBUG Engine               - globalMusicVolumeProperty: DoubleProperty [value: 0.5]
23:03:47.695 [FXGL Background Thread 3 ] DEBUG Engine               - globalSoundVolume: 0.5
23:03:47.695 [FXGL Background Thread 3 ] DEBUG Engine               - globalSoundVolumeProperty: DoubleProperty [value: 0.5]
23:03:47.695 [FXGL Background Thread 3 ] DEBUG Engine               - height: 800
23:03:47.695 [FXGL Background Thread 3 ] DEBUG Engine               - is3D: false
23:03:47.695 [FXGL Background Thread 3 ] DEBUG Engine               - isAndroid: false
23:03:47.696 [FXGL Background Thread 3 ] DEBUG Engine               - isBrowser: false
23:03:47.696 [FXGL Background Thread 3 ] DEBUG Engine               - isClickFeedbackEnabled: false
23:03:47.696 [FXGL Background Thread 3 ] DEBUG Engine               - isCloseConfirmation: false
23:03:47.696 [FXGL Background Thread 3 ] DEBUG Engine               - isDesktop: true
23:03:47.696 [FXGL Background Thread 3 ] DEBUG Engine               - isDeveloperMenuEnabled: true
23:03:47.696 [FXGL Background Thread 3 ] DEBUG Engine               - isEmbedded: false
23:03:47.696 [FXGL Background Thread 3 ] DEBUG Engine               - isEntityPreloadEnabled: true
23:03:47.696 [FXGL Background Thread 3 ] DEBUG Engine               - isExperimentalTiledLargeMap: false
23:03:47.696 [FXGL Background Thread 3 ] DEBUG Engine               - isFileSystemWriteAllowed: true
23:03:47.696 [FXGL Background Thread 3 ] DEBUG Engine               - isFullScreenAllowed: false
23:03:47.696 [FXGL Background Thread 3 ] DEBUG Engine               - isFullScreenFromStart: false
23:03:47.696 [FXGL Background Thread 3 ] DEBUG Engine               - isGameMenuEnabled: true
23:03:47.696 [FXGL Background Thread 3 ] DEBUG Engine               - isIOS: false
23:03:47.696 [FXGL Background Thread 3 ] DEBUG Engine               - isIntroEnabled: false
23:03:47.696 [FXGL Background Thread 3 ] DEBUG Engine               - isLinux: false
23:03:47.696 [FXGL Background Thread 3 ] DEBUG Engine               - isMac: false
23:03:47.696 [FXGL Background Thread 3 ] DEBUG Engine               - isMainMenuEnabled: true
23:03:47.696 [FXGL Background Thread 3 ] DEBUG Engine               - isManualResizeEnabled: false
23:03:47.696 [FXGL Background Thread 3 ] DEBUG Engine               - isMobile: false
23:03:47.696 [FXGL Background Thread 3 ] DEBUG Engine               - isNative: false
23:03:47.696 [FXGL Background Thread 3 ] DEBUG Engine               - isPauseMusicWhenMinimized: true
23:03:47.696 [FXGL Background Thread 3 ] DEBUG Engine               - isPreserveResizeRatio: false
23:03:47.697 [FXGL Background Thread 3 ] DEBUG Engine               - isProfilingEnabled: false
23:03:47.697 [FXGL Background Thread 3 ] DEBUG Engine               - isScaleAffectedOnResize: true
23:03:47.697 [FXGL Background Thread 3 ] DEBUG Engine               - isSingleStep: false
23:03:47.697 [FXGL Background Thread 3 ] DEBUG Engine               - isUserProfileEnabled: false
23:03:47.697 [FXGL Background Thread 3 ] DEBUG Engine               - isWindows: true
23:03:47.697 [FXGL Background Thread 3 ] DEBUG Engine               - language: ObjectProperty [value: ENGLISH]
23:03:47.697 [FXGL Background Thread 3 ] DEBUG Engine               - menuKey: ESCAPE
23:03:47.697 [FXGL Background Thread 3 ] DEBUG Engine               - mouseSensitivity: 0.2
23:03:47.697 [FXGL Background Thread 3 ] DEBUG Engine               - notificationViewClass: class com.almasb.fxgl.notification.view.XboxNotificationView
23:03:47.697 [FXGL Background Thread 3 ] DEBUG Engine               - pixelsPerMeter: 50.0
23:03:47.697 [FXGL Background Thread 3 ] DEBUG Engine               - platform: WINDOWS
23:03:47.697 [FXGL Background Thread 3 ] DEBUG Engine               - prefHeightProperty: ReadOnlyDoubleProperty [value: 800.0]
23:03:47.697 [FXGL Background Thread 3 ] DEBUG Engine               - prefWidthProperty: ReadOnlyDoubleProperty [value: 800.0]
23:03:47.697 [FXGL Background Thread 3 ] DEBUG Engine               - profileDir: profiles/
23:03:47.697 [FXGL Background Thread 3 ] DEBUG Engine               - profileName: StringProperty [value: DEFAULT]
23:03:47.697 [FXGL Background Thread 3 ] DEBUG Engine               - randomSeed: -1
23:03:47.697 [FXGL Background Thread 3 ] DEBUG Engine               - runtimeInfo: RuntimeInfo(platform=WINDOWS, version=17, build=31.12.2021 18.16)
23:03:47.697 [FXGL Background Thread 3 ] DEBUG Engine               - saveFileExt: sav
23:03:47.698 [FXGL Background Thread 3 ] DEBUG Engine               - scaledHeightProp$fxgl: DoubleProperty [bound, value: 800.0]
23:03:47.698 [FXGL Background Thread 3 ] DEBUG Engine               - scaledWidthProp$fxgl: DoubleProperty [bound, value: 800.0]
23:03:47.698 [FXGL Background Thread 3 ] DEBUG Engine               - sceneFactory: com.almasb.fxgl.app.scene.SceneFactory@1c31f00a
23:03:47.698 [FXGL Background Thread 3 ] DEBUG Engine               - secondsIn24h: 60
23:03:47.698 [FXGL Background Thread 3 ] DEBUG Engine               - soundMenuBack: menu/back.wav
23:03:47.698 [FXGL Background Thread 3 ] DEBUG Engine               - soundMenuPress: menu/press.wav
23:03:47.698 [FXGL Background Thread 3 ] DEBUG Engine               - soundMenuSelect: menu/select.wav
23:03:47.698 [FXGL Background Thread 3 ] DEBUG Engine               - soundNotification: core/notification.wav
23:03:47.698 [FXGL Background Thread 3 ] DEBUG Engine               - stageStyle: DECORATED
23:03:47.698 [FXGL Background Thread 3 ] DEBUG Engine               - supportedLanguages: [ENGLISH, FRENCH, GERMAN, HUNGARIAN, RUSSIAN]
23:03:47.698 [FXGL Background Thread 3 ] DEBUG Engine               - ticksPerSecond: -1
23:03:47.698 [FXGL Background Thread 3 ] DEBUG Engine               - title: Zelda 2D Game
23:03:47.698 [FXGL Background Thread 3 ] DEBUG Engine               - urlGithub: https://github.com/AlmasB/FXGL
23:03:47.698 [FXGL Background Thread 3 ] DEBUG Engine               - urlLeaderboard: http://fxgl-top.herokuapp.com/
23:03:47.698 [FXGL Background Thread 3 ] DEBUG Engine               - urlPOM: https://raw.githubusercontent.com/AlmasB/FXGL/release/README.md
23:03:47.698 [FXGL Background Thread 3 ] DEBUG Engine               - userAppClass: class com.example.zeldapuzzle.MainGameApp
23:03:47.698 [FXGL Background Thread 3 ] DEBUG Engine               - version: 1
23:03:47.698 [FXGL Background Thread 3 ] DEBUG Engine               - versionCheckDays: 7
23:03:47.699 [FXGL Background Thread 3 ] DEBUG Engine               - width: 800
23:03:47.699 [FXGL Background Thread 3 ] DEBUG Engine               - Logging services
23:03:47.699 [FXGL Background Thread 3 ] DEBUG Engine               - class com.almasb.fxgl.app.services.FXGLAssetLoaderService
23:03:47.699 [FXGL Background Thread 3 ] DEBUG Engine               - class com.almasb.fxgl.app.FXGLApplication$GameApplicationService
23:03:47.699 [FXGL Background Thread 3 ] DEBUG Engine               - class com.almasb.fxgl.app.services.FXGLDialogService
23:03:47.699 [FXGL Background Thread 3 ] DEBUG Engine               - class com.almasb.fxgl.app.services.IOTaskExecutorService
23:03:47.699 [FXGL Background Thread 3 ] DEBUG Engine               - class com.almasb.fxgl.io.FileSystemService
23:03:47.699 [FXGL Background Thread 3 ] DEBUG Engine               - class com.almasb.fxgl.localization.LocalizationService
23:03:47.699 [FXGL Background Thread 3 ] DEBUG Engine               - class com.almasb.fxgl.app.services.SystemBundleService
23:03:47.699 [FXGL Background Thread 3 ] DEBUG Engine               - class com.almasb.fxgl.profile.SaveLoadService
23:03:47.699 [FXGL Background Thread 3 ] DEBUG Engine               - class com.almasb.fxgl.ui.FXGLUIFactoryServiceProvider
23:03:47.699 [FXGL Background Thread 3 ] DEBUG Engine               - class com.almasb.fxgl.ui.FXGLDialogFactoryServiceProvider
23:03:47.699 [FXGL Background Thread 3 ] DEBUG Engine               - class com.almasb.fxgl.audio.AudioPlayer
23:03:47.699 [FXGL Background Thread 3 ] DEBUG Engine               - class com.almasb.fxgl.notification.impl.NotificationServiceProvider
23:03:47.699 [FXGL Background Thread 3 ] DEBUG Engine               - class com.almasb.fxgl.achievement.AchievementService
23:03:47.699 [FXGL Background Thread 3 ] DEBUG Engine               - class com.almasb.fxgl.cutscene.CutsceneService
23:03:47.699 [FXGL Background Thread 3 ] DEBUG Engine               - class com.almasb.fxgl.minigames.MiniGameService
23:03:47.699 [FXGL Background Thread 3 ] DEBUG Engine               - class com.almasb.fxgl.net.NetService
23:03:47.699 [FXGL Background Thread 3 ] DEBUG Engine               - class com.almasb.fxgl.app.services.UpdaterService
23:03:47.699 [FXGL Background Thread 3 ] DEBUG Engine               - class com.almasb.fxgl.dev.DevService
23:03:48.531 [JavaFX Application Thread] WARN  TMXLevelLoader       - TiledMap generated from 1.10.2. Supported version: 1.2.3. Some features may not be parsed fully.
23:03:48.540 [JavaFX Application Thread] DEBUG TMXLevelLoader       - Parsed TiledMap: file:/C:/Users/mbour/OneDrive/Bureau/Zelda%20TOTK%20WINRAR/zeldaPuzzle/target/classes/assets/levels/donjonPasFini.tmx
23:03:48.540 [JavaFX Application Thread] DEBUG TMXLevelLoader       - Creating tile layer entities
23:03:48.540 [JavaFX Application Thread] DEBUG TilesetLoader        - Loading view for layer Calque de Tuiles 2
23:03:48.545 [JavaFX Application Thread] DEBUG TilesetLoader        - Created buffer with size 3200.0x960.0
23:03:48.547 [JavaFX Application Thread] WARN  TMXLevelLoader       - Parse error
java.lang.IllegalArgumentException: Tileset for gid=387 not found
	at com.almasb.fxgl.entity@17/com.almasb.fxgl.entity.level.tiled.TilesetLoader.findTileset(TilesetLoader.kt:322)
	at com.almasb.fxgl.entity@17/com.almasb.fxgl.entity.level.tiled.TilesetLoader.loadView(TilesetLoader.kt:116)
	at com.almasb.fxgl.entity@17/com.almasb.fxgl.entity.level.tiled.TMXLevelLoader.createTileLayerEntities$lambda-4(TMXLevelLoader.kt:99)
	at java.base/java.util.stream.ReferencePipeline$3$1.accept(ReferencePipeline.java:197)
	at java.base/java.util.ArrayList$ArrayListSpliterator.forEachRemaining(ArrayList.java:1708)
	at java.base/java.util.stream.AbstractPipeline.copyInto(AbstractPipeline.java:509)
	at java.base/java.util.stream.AbstractPipeline.wrapAndCopyInto(AbstractPipeline.java:499)
	at java.base/java.util.stream.ReduceOps$ReduceOp.evaluateSequential(ReduceOps.java:921)
	at java.base/java.util.stream.AbstractPipeline.evaluate(AbstractPipeline.java:234)
	at java.base/java.util.stream.ReferencePipeline.collect(ReferencePipeline.java:682)
	at com.almasb.fxgl.entity@17/com.almasb.fxgl.entity.level.tiled.TMXLevelLoader.createTileLayerEntities(TMXLevelLoader.kt:112)
	at com.almasb.fxgl.entity@17/com.almasb.fxgl.entity.level.tiled.TMXLevelLoader.load(TMXLevelLoader.kt:57)
	at com.almasb.fxgl.all@17/com.almasb.fxgl.app.services.FXGLAssetLoaderService.loadLevel(FXGLAssetLoaderService.kt:446)
	at com.almasb.fxgl.all@17/com.almasb.fxgl.dsl.FXGL$Companion.setLevelFromMap(FXGL.kt:530)
	at com.almasb.fxgl.all@17/com.almasb.fxgl.dsl.FXGL.setLevelFromMap(FXGL.kt)
	at com.example.zeldapuzzle/com.example.zeldapuzzle.MainGameApp$9.onCollisionBegin(MainGameApp.java:184)
	at com.almasb.fxgl.entity@17/com.almasb.fxgl.physics.CollisionPair.collisionBegin(CollisionPair.java:37)
	at com.almasb.fxgl.entity@17/com.almasb.fxgl.physics.PhysicsWorld.collisionBeginFor(PhysicsWorld.java:453)
	at com.almasb.fxgl.entity@17/com.almasb.fxgl.physics.PhysicsWorld.beginContact(PhysicsWorld.java:235)
	at com.almasb.fxgl.entity@17/com.almasb.fxgl.physics.box2d.dynamics.contacts.Contact.update(Contact.java:269)
	at com.almasb.fxgl.entity@17/com.almasb.fxgl.physics.box2d.dynamics.ContactManager.collide(ContactManager.java:303)
	at com.almasb.fxgl.entity@17/com.almasb.fxgl.physics.box2d.dynamics.World.step(World.java:293)
	at com.almasb.fxgl.entity@17/com.almasb.fxgl.physics.PhysicsWorld.onUpdate(PhysicsWorld.java:176)
	at com.almasb.fxgl.all@17/com.almasb.fxgl.app.scene.GameScene.step(GameScene.kt:225)
	at com.almasb.fxgl.all@17/com.almasb.fxgl.app.scene.GameScene.onUpdate(GameScene.kt:220)
	at com.almasb.fxgl.scene@17/com.almasb.fxgl.scene.Scene.update(Scene.kt:105)
	at com.almasb.fxgl.all@17/com.almasb.fxgl.app.MainWindow$update$1.invoke(MainWindow.kt:115)
	at com.almasb.fxgl.all@17/com.almasb.fxgl.app.MainWindow$update$1.invoke(MainWindow.kt:115)
	at com.almasb.fxgl.core@17/com.almasb.fxgl.core.fsm.StateMachine.runOnActiveStates(StateMachine.kt:69)
	at com.almasb.fxgl.all@17/com.almasb.fxgl.app.MainWindow.update(MainWindow.kt:115)
	at com.almasb.fxgl.all@17/com.almasb.fxgl.app.FXGLApplication$GameApplicationService.onUpdate(FXGLApplication.kt:426)
	at com.almasb.fxgl.all@17/com.almasb.fxgl.app.Engine.loop(Engine.kt:134)
	at com.almasb.fxgl.all@17/com.almasb.fxgl.app.Engine.access$loop(Engine.kt:24)
	at com.almasb.fxgl.all@17/com.almasb.fxgl.app.Engine$loop$1.invoke(Engine.kt:28)
	at com.almasb.fxgl.all@17/com.almasb.fxgl.app.Engine$loop$1.invoke(Engine.kt:28)
	at com.almasb.fxgl.all@17/com.almasb.fxgl.app.LoopRunner.frame(LoopRunner.kt:103)
	at com.almasb.fxgl.all@17/com.almasb.fxgl.app.LoopRunner.access$frame(LoopRunner.kt:23)
	at com.almasb.fxgl.all@17/com.almasb.fxgl.app.LoopRunner$impl$2$1.onTick(LoopRunner.kt:57)
	at com.almasb.fxgl.all@17/com.almasb.fxgl.app.AnimationTimerLoop$timer$1.handle(LoopRunner.kt:137)
	at javafx.graphics@19/javafx.animation.AnimationTimer$AnimationTimerReceiver.lambda$handle$0(AnimationTimer.java:58)
	at java.base/java.security.AccessController.doPrivileged(AccessController.java:400)
	at javafx.graphics@19/javafx.animation.AnimationTimer$AnimationTimerReceiver.handle(AnimationTimer.java:57)
	at javafx.graphics@19/com.sun.scenario.animation.AbstractPrimaryTimer.timePulseImpl(AbstractPrimaryTimer.java:356)
	at javafx.graphics@19/com.sun.scenario.animation.AbstractPrimaryTimer$MainLoop.run(AbstractPrimaryTimer.java:266)
	at javafx.graphics@19/com.sun.javafx.tk.quantum.QuantumToolkit.pulse(QuantumToolkit.java:571)
	at javafx.graphics@19/com.sun.javafx.tk.quantum.QuantumToolkit.pulse(QuantumToolkit.java:555)
	at javafx.graphics@19/com.sun.javafx.tk.quantum.QuantumToolkit.pulseFromQueue(QuantumToolkit.java:548)
	at javafx.graphics@19/com.sun.javafx.tk.quantum.QuantumToolkit.lambda$runToolkit$11(QuantumToolkit.java:352)
	at javafx.graphics@19/com.sun.glass.ui.InvokeLaterDispatcher$Future.run(InvokeLaterDispatcher.java:96)
	at javafx.graphics@19/com.sun.glass.ui.win.WinApplication._runLoop(Native Method)
	at javafx.graphics@19/com.sun.glass.ui.win.WinApplication.lambda$runLoop$3(WinApplication.java:184)
	at java.base/java.lang.Thread.run(Thread.java:1583)

23:03:48.549 [JavaFX Application Thread] DEBUG LoopRunner           - Stopping loop
23:03:48.550 [JavaFX Application Thread] FATAL FXGLApplication      - Uncaught Exception:
com.almasb.fxgl.entity.level.LevelLoadingException: Tileset for gid=387 not found
	at com.almasb.fxgl.entity@17/com.almasb.fxgl.entity.level.tiled.TMXLevelLoader.load(TMXLevelLoader.kt:77)
	at com.almasb.fxgl.all@17/com.almasb.fxgl.app.services.FXGLAssetLoaderService.loadLevel(FXGLAssetLoaderService.kt:446)
	at com.almasb.fxgl.all@17/com.almasb.fxgl.dsl.FXGL$Companion.setLevelFromMap(FXGL.kt:530)
	at com.almasb.fxgl.all@17/com.almasb.fxgl.dsl.FXGL.setLevelFromMap(FXGL.kt)
	at com.example.zeldapuzzle/com.example.zeldapuzzle.MainGameApp$9.onCollisionBegin(MainGameApp.java:184)
	at com.almasb.fxgl.entity@17/com.almasb.fxgl.physics.CollisionPair.collisionBegin(CollisionPair.java:37)
	at com.almasb.fxgl.entity@17/com.almasb.fxgl.physics.PhysicsWorld.collisionBeginFor(PhysicsWorld.java:453)
	at com.almasb.fxgl.entity@17/com.almasb.fxgl.physics.PhysicsWorld.beginContact(PhysicsWorld.java:235)
	at com.almasb.fxgl.entity@17/com.almasb.fxgl.physics.box2d.dynamics.contacts.Contact.update(Contact.java:269)
	at com.almasb.fxgl.entity@17/com.almasb.fxgl.physics.box2d.dynamics.ContactManager.collide(ContactManager.java:303)
	at com.almasb.fxgl.entity@17/com.almasb.fxgl.physics.box2d.dynamics.World.step(World.java:293)
	at com.almasb.fxgl.entity@17/com.almasb.fxgl.physics.PhysicsWorld.onUpdate(PhysicsWorld.java:176)
	at com.almasb.fxgl.all@17/com.almasb.fxgl.app.scene.GameScene.step(GameScene.kt:225)
	at com.almasb.fxgl.all@17/com.almasb.fxgl.app.scene.GameScene.onUpdate(GameScene.kt:220)
	at com.almasb.fxgl.scene@17/com.almasb.fxgl.scene.Scene.update(Scene.kt:105)
	at com.almasb.fxgl.all@17/com.almasb.fxgl.app.MainWindow$update$1.invoke(MainWindow.kt:115)
	at com.almasb.fxgl.all@17/com.almasb.fxgl.app.MainWindow$update$1.invoke(MainWindow.kt:115)
	at com.almasb.fxgl.core@17/com.almasb.fxgl.core.fsm.StateMachine.runOnActiveStates(StateMachine.kt:69)
	at com.almasb.fxgl.all@17/com.almasb.fxgl.app.MainWindow.update(MainWindow.kt:115)
	at com.almasb.fxgl.all@17/com.almasb.fxgl.app.FXGLApplication$GameApplicationService.onUpdate(FXGLApplication.kt:426)
	at com.almasb.fxgl.all@17/com.almasb.fxgl.app.Engine.loop(Engine.kt:134)
	at com.almasb.fxgl.all@17/com.almasb.fxgl.app.Engine.access$loop(Engine.kt:24)
	at com.almasb.fxgl.all@17/com.almasb.fxgl.app.Engine$loop$1.invoke(Engine.kt:28)
	at com.almasb.fxgl.all@17/com.almasb.fxgl.app.Engine$loop$1.invoke(Engine.kt:28)
	at com.almasb.fxgl.all@17/com.almasb.fxgl.app.LoopRunner.frame(LoopRunner.kt:103)
	at com.almasb.fxgl.all@17/com.almasb.fxgl.app.LoopRunner.access$frame(LoopRunner.kt:23)
	at com.almasb.fxgl.all@17/com.almasb.fxgl.app.LoopRunner$impl$2$1.onTick(LoopRunner.kt:57)
	at com.almasb.fxgl.all@17/com.almasb.fxgl.app.AnimationTimerLoop$timer$1.handle(LoopRunner.kt:137)
	at javafx.graphics@19/javafx.animation.AnimationTimer$AnimationTimerReceiver.lambda$handle$0(AnimationTimer.java:58)
	at java.base/java.security.AccessController.doPrivileged(AccessController.java:400)
	at javafx.graphics@19/javafx.animation.AnimationTimer$AnimationTimerReceiver.handle(AnimationTimer.java:57)
	at javafx.graphics@19/com.sun.scenario.animation.AbstractPrimaryTimer.timePulseImpl(AbstractPrimaryTimer.java:356)
	at javafx.graphics@19/com.sun.scenario.animation.AbstractPrimaryTimer$MainLoop.run(AbstractPrimaryTimer.java:266)
	at javafx.graphics@19/com.sun.javafx.tk.quantum.QuantumToolkit.pulse(QuantumToolkit.java:571)
	at javafx.graphics@19/com.sun.javafx.tk.quantum.QuantumToolkit.pulse(QuantumToolkit.java:555)
	at javafx.graphics@19/com.sun.javafx.tk.quantum.QuantumToolkit.pulseFromQueue(QuantumToolkit.java:548)
	at javafx.graphics@19/com.sun.javafx.tk.quantum.QuantumToolkit.lambda$runToolkit$11(QuantumToolkit.java:352)
	at javafx.graphics@19/com.sun.glass.ui.InvokeLaterDispatcher$Future.run(InvokeLaterDispatcher.java:96)
	at javafx.graphics@19/com.sun.glass.ui.win.WinApplication._runLoop(Native Method)
	at javafx.graphics@19/com.sun.glass.ui.win.WinApplication.lambda$runLoop$3(WinApplication.java:184)
	at java.base/java.lang.Thread.run(Thread.java:1583)
Caused by: java.lang.IllegalArgumentException: Tileset for gid=387 not found
	at com.almasb.fxgl.entity@17/com.almasb.fxgl.entity.level.tiled.TilesetLoader.findTileset(TilesetLoader.kt:322)
	at com.almasb.fxgl.entity@17/com.almasb.fxgl.entity.level.tiled.TilesetLoader.loadView(TilesetLoader.kt:116)
	at com.almasb.fxgl.entity@17/com.almasb.fxgl.entity.level.tiled.TMXLevelLoader.createTileLayerEntities$lambda-4(TMXLevelLoader.kt:99)
	at java.base/java.util.stream.ReferencePipeline$3$1.accept(ReferencePipeline.java:197)
	at java.base/java.util.ArrayList$ArrayListSpliterator.forEachRemaining(ArrayList.java:1708)
	at java.base/java.util.stream.AbstractPipeline.copyInto(AbstractPipeline.java:509)
	at java.base/java.util.stream.AbstractPipeline.wrapAndCopyInto(AbstractPipeline.java:499)
	at java.base/java.util.stream.ReduceOps$ReduceOp.evaluateSequential(ReduceOps.java:921)
	at java.base/java.util.stream.AbstractPipeline.evaluate(AbstractPipeline.java:234)
	at java.base/java.util.stream.ReferencePipeline.collect(ReferencePipeline.java:682)
	at com.almasb.fxgl.entity@17/com.almasb.fxgl.entity.level.tiled.TMXLevelLoader.createTileLayerEntities(TMXLevelLoader.kt:112)
	at com.almasb.fxgl.entity@17/com.almasb.fxgl.entity.level.tiled.TMXLevelLoader.load(TMXLevelLoader.kt:57)
	... 40 more

23:03:48.550 [JavaFX Application Thread] FATAL FXGLApplication      - Application will now exit
23:03:48.555 [JavaFX Application Thread] DEBUG PrimaryStageWindow   - Push state: ErrorSubScene
23:03:48.555 [JavaFX Application Thread] DEBUG Input                - Clearing active input actions
23:04:31.570 [JavaFX Application Thread] DEBUG FXGLApplication      - Exiting FXGL
23:04:31.570 [JavaFX Application Thread] DEBUG Async                - Shutting down background threads
23:04:31.570 [JavaFX Application Thread] DEBUG PrimaryStageWindow   - Closing main window
23:04:31.579 [JavaFX Application Thread] DEBUG Logger               - Closing Logger
