14:55:13.181 [main                     ] DEBUG Logger               - Configured Logger
14:55:13.196 [main                     ] DEBUG GameApplication      - Logging settings
Title: Zelda 2D Game par ماستن
Version: 1
Width: 800
Height: 800
Fullscreen: true
Intro: false
Profiling: false
Single step:false
App Mode: DEVELOPER
Menu Key: ESCAPE
Stage Style: DECORATED
Scene Factory: class com.almasb.fxgl.app.scene.SceneFactory

14:55:13.327 [JavaFX Application Thread] DEBUG FXGLApplication      - Initializing FXGL
14:55:13.331 [JavaFX Application Thread] INFO  Engine               - FXGL-17 (31.12.2021 18.16) on WINDOWS (J:21.0.2 FX:19)
14:55:13.332 [JavaFX Application Thread] DEBUG Engine               - JRE Vendor Name: Oracle Corporation
14:55:13.332 [JavaFX Application Thread] DEBUG Engine               - Running on OS: Windows 10 version 10.0
14:55:13.332 [JavaFX Application Thread] DEBUG Engine               - Architecture: amd64
14:55:13.332 [JavaFX Application Thread] INFO  Engine               - Source code and latest versions at: https://github.com/AlmasB/FXGL
14:55:13.332 [JavaFX Application Thread] INFO  Engine               -       Ask questions and discuss at: https://github.com/AlmasB/FXGL/discussions
14:55:13.332 [JavaFX Application Thread] INFO  Engine               -              Join the FXGL chat at: https://gitter.im/AlmasB/FXGL
14:55:13.401 [JavaFX Application Thread] DEBUG PrimaryStageWindow   - Creating a JavaFX scene
14:55:13.449 [JavaFX Application Thread] DEBUG PrimaryStageWindow   - Target settings size: 800.0 x 800.0
14:55:13.449 [JavaFX Application Thread] DEBUG PrimaryStageWindow   - Scaled scene size:    800.0 x 800.0
14:55:13.449 [JavaFX Application Thread] DEBUG PrimaryStageWindow   - Scaled ratio: (1.0, 1.0)
14:55:13.450 [JavaFX Application Thread] DEBUG PrimaryStageWindow   - Set initial scene to FXGLStartupScene
14:55:13.454 [JavaFX Application Thread] DEBUG PrimaryStageWindow   - Opening main window
14:55:13.539 [JavaFX Application Thread] DEBUG PrimaryStageWindow   - Window border size: (16.0, 39.0)
14:55:13.539 [JavaFX Application Thread] DEBUG PrimaryStageWindow   - Scaled size: 800.0 x 800.0
14:55:13.539 [JavaFX Application Thread] DEBUG PrimaryStageWindow   - Scaled ratio: (1.0, 1.0)
14:55:13.539 [JavaFX Application Thread] DEBUG PrimaryStageWindow   - Scene size: 800.0 x 800.0
14:55:13.540 [JavaFX Application Thread] DEBUG PrimaryStageWindow   - Stage size: 816.0 x 839.0
14:55:13.547 [FXGL Background Thread 1 ] DEBUG Engine               - Initializing environment variables
14:55:13.591 [FXGL Background Thread 1 ] DEBUG FXGLAssetLoaderServi - User app class for loading assets: class com.example.zeldapuzzle.MainGameApp
14:55:13.591 [FXGL Background Thread 1 ] DEBUG GameApplicationServi - Applying CSS: fxgl_dark.css
14:55:13.592 [FXGL Background Thread 1 ] DEBUG FXGLAssetLoaderServi - Loading from file system: jar:file:///C:/Users/mbour/.m2/repository/com/github/almasb/fxgl/17/fxgl-17.jar!/fxglassets/ui/css/fxgl_dark.css
14:55:13.633 [FXGL Background Thread 1 ] DEBUG GameApplicationServi - Initializing application scenes
14:55:13.668 [FXGL Background Thread 1 ] DEBUG GameWorld            - Game world initialized
14:55:13.724 [FXGL Background Thread 1 ] DEBUG PhysicsWorld         - Physics world initialized: appHeight=800, physics.ppm=50,0
14:55:13.725 [FXGL Background Thread 1 ] DEBUG PhysicsWorld         - Using strategy: BRUTE_FORCE
14:55:13.729 [FXGL Background Thread 1 ] DEBUG GameScene            - Game scene initialized: 800x800
14:55:13.740 [FXGL Background Thread 1 ] DEBUG FXGL.DefaultMenu     - createMenuBodyMainMenu()
14:55:13.754 [FXGL Background Thread 1 ] DEBUG FXGL.DefaultMenu     - createOptionsMenu()
14:55:13.762 [FXGL Background Thread 1 ] DEBUG FXGLAssetLoaderServi - Loading from file system: jar:file:///C:/Users/mbour/.m2/repository/com/github/almasb/fxgl/17/fxgl-17.jar!/fxglassets/textures/particles/smoke.png
14:55:13.837 [FXGL Background Thread 1 ] DEBUG FXGLAssetLoaderServi - Loading from file system: jar:file:///C:/Users/mbour/.m2/repository/com/github/almasb/fxgl/17/fxgl-17.jar!/fxglassets/textures/particles/trace_horizontal.png
14:55:13.851 [FXGL Background Thread 1 ] DEBUG FXGL.DefaultMenu     - createMenuBodyGameMenu()
14:55:13.853 [FXGL Background Thread 1 ] DEBUG FXGL.DefaultMenu     - createOptionsMenu()
14:55:13.867 [FXGL Background Thread 1 ] DEBUG GameApplicationServi - Application scenes initialized
14:55:13.878 [FXGL Background Thread 1 ] DEBUG SystemBundleService  - Loading FXGL system data
14:55:13.881 [FXGL Background Thread 1 ] DEBUG FileSystemAccess     - Reading from: C:\Users\mbour\OneDrive\Bureau\Zelda TOTK WINRAR\zeldaPuzzle\system\fxgl.bundle
14:55:13.892 [FXGL Background Thread 1 ] DEBUG SystemBundleService  - Bundle FXGL: {}
14:55:13.893 [FXGL Background Thread 1 ] DEBUG UpdaterService       - Checking for updates
14:55:13.915 [FXGL Background Thread 4 ] DEBUG FXGLApplication      - Loading fonts
14:55:13.916 [FXGL Background Thread 4 ] DEBUG FXGLAssetLoaderServi - Loading from file system: jar:file:///C:/Users/mbour/.m2/repository/com/github/almasb/fxgl/17/fxgl-17.jar!/fxglassets/ui/fonts/VarelaRound-Regular.ttf
14:55:13.916 [FXGL Background Thread 1 ] DEBUG FXGLApplication      - Loading default localization
14:55:13.916 [FXGL Background Thread 1 ] DEBUG FXGLAssetLoaderServi - Loading from file system: jar:file:///C:/Users/mbour/.m2/repository/com/github/almasb/fxgl/17/fxgl-17.jar!/fxglassets/languages/english.lang
14:55:13.936 [FXGL Background Thread 1 ] INFO  FXGLApplication      - FXGL initialization took: 0,388 sec
14:55:13.948 [JavaFX Application Thread] DEBUG Input                - Registered new binding: inventaire - Tab
14:55:13.948 [JavaFX Application Thread] DEBUG Input                - Registered new binding: getPosition - P
14:55:13.948 [JavaFX Application Thread] DEBUG Input                - Registered new binding: zoom+ - Up
14:55:13.948 [JavaFX Application Thread] DEBUG Input                - Registered new binding: zoom- - Down
14:55:13.948 [JavaFX Application Thread] DEBUG Input                - Registered new binding: resetZoom - 0
14:55:13.949 [JavaFX Application Thread] DEBUG Input                - Registered new binding: Move right - D
14:55:13.949 [JavaFX Application Thread] DEBUG Input                - Registered new binding: Move left - A
14:55:13.949 [JavaFX Application Thread] DEBUG Input                - Registered new binding: Move Up - W
14:55:13.950 [JavaFX Application Thread] DEBUG Input                - Registered new binding: Move Down - S
14:55:13.950 [JavaFX Application Thread] DEBUG FXGLAssetLoaderServi - Loading from file system: jar:file:///C:/Users/mbour/.m2/repository/com/github/almasb/fxgl/17/fxgl-17.jar!/fxglassets/textures/fxgl_icon.png
14:55:13.950 [FXGL Background Thread 4 ] DEBUG FXGLAssetLoaderServi - Loading from file system: jar:file:///C:/Users/mbour/.m2/repository/com/github/almasb/fxgl/17/fxgl-17.jar!/fxglassets/ui/fonts/Abel-Regular.ttf
14:55:13.959 [FXGL Background Thread 4 ] DEBUG FXGLAssetLoaderServi - Loading from file system: jar:file:///C:/Users/mbour/.m2/repository/com/github/almasb/fxgl/17/fxgl-17.jar!/fxglassets/ui/fonts/TerminalLandMono-Regular.otf
14:55:13.962 [JavaFX Application Thread] DEBUG FXGLAssetLoaderServi - Loading from file system: jar:file:///C:/Users/mbour/.m2/repository/com/github/almasb/fxgl/17/fxgl-17.jar!/fxglassets/textures/fxgl_default_cursor.png
14:55:13.963 [JavaFX Application Thread] DEBUG Input                - Registered new binding: Screenshot - CTRL+8
14:55:13.963 [JavaFX Application Thread] DEBUG Input                - Registered new binding: Dev Options - 1
14:55:13.964 [JavaFX Application Thread] DEBUG Input                - Registered new binding: Dev Console - 2
14:55:13.964 [JavaFX Application Thread] DEBUG Input                - Registered new binding: System info dump - CTRL+9
14:55:13.964 [JavaFX Application Thread] DEBUG Input                - Registered new binding: Restart - CTRL+R
14:55:13.965 [JavaFX Application Thread] DEBUG Input                - Registered new binding: Toggle Debug Camera - CTRL+7
14:55:13.968 [JavaFX Application Thread] DEBUG LoopRunner           - Starting loop
14:55:13.970 [FXGL Background Thread 4 ] DEBUG FXGLAssetLoaderServi - Loading from file system: jar:file:///C:/Users/mbour/.m2/repository/com/github/almasb/fxgl/17/fxgl-17.jar!/fxglassets/ui/fonts/Courier-Prime.ttf
14:55:13.981 [JavaFX Application Thread] DEBUG LoopRunner           - Initializing JavaFX AnimationTimerLoop
14:55:13.984 [JavaFX Application Thread] DEBUG Input                - Clearing active input actions
14:55:13.994 [JavaFX Application Thread] DEBUG GameApplicationServi - Removing overlay from FXGLStartupScene and adding to FXGLMainMenuDummyScene
14:55:13.999 [JavaFX Application Thread] DEBUG PrimaryStageWindow   - FXGLStartupScene -> FXGLMainMenuDummyScene
14:55:13.999 [JavaFX Application Thread] DEBUG PrimaryStageWindow   - Push state: FXGLDefaultMenu
14:55:14.001 [JavaFX Application Thread] DEBUG Input                - Clearing active input actions
14:55:14.008 [JavaFX Application Thread] DEBUG GameApplicationServi - Removing overlay from FXGLMainMenuDummyScene and adding to FXGLDefaultMenu
14:55:14.009 [JavaFX Application Thread] DEBUG PrimaryStageWindow   - FXGLMainMenuDummyScene -> FXGLDefaultMenu
14:55:14.207 [JavaFX Application Thread] DEBUG FXGLApplication      - Registering font factories with UI factory
14:55:14.308 [FXGL Background Thread 2 ] INFO  UpdaterService       - Your current version:  17
14:55:14.308 [FXGL Background Thread 2 ] INFO  UpdaterService       - Latest stable version: 21.1
14:55:16.256 [JavaFX Application Thread] DEBUG Menu                 - fireNewGame()
14:55:16.256 [JavaFX Application Thread] DEBUG GameApplicationServi - Starting new game
14:55:16.258 [JavaFX Application Thread] DEBUG PrimaryStageWindow   - Pop state: FXGLDefaultMenu
14:55:16.259 [JavaFX Application Thread] DEBUG Input                - Clearing active input actions
14:55:16.260 [JavaFX Application Thread] DEBUG GameApplicationServi - Removing overlay from FXGLDefaultMenu and adding to FXGLMainMenuDummyScene
14:55:16.262 [JavaFX Application Thread] DEBUG PrimaryStageWindow   - FXGLMainMenuDummyScene <- FXGLDefaultMenu
14:55:16.263 [JavaFX Application Thread] DEBUG Input                - Clearing active input actions
14:55:16.273 [JavaFX Application Thread] DEBUG GameApplicationServi - Removing overlay from FXGLMainMenuDummyScene and adding to FXGLLoadingScene
14:55:16.274 [JavaFX Application Thread] DEBUG PrimaryStageWindow   - FXGLMainMenuDummyScene -> FXGLLoadingScene
14:55:16.274 [JavaFX Application Thread] DEBUG GameApplicationServi - Clearing previous game
14:55:16.275 [JavaFX Application Thread] DEBUG GameScene            - Clearing game scene
14:55:16.275 [JavaFX Application Thread] DEBUG GameWorld            - Clearing game world
14:55:16.275 [JavaFX Application Thread] DEBUG PhysicsWorld         - Clearing physics world
14:55:16.278 [FXGL Background Thread 2 ] DEBUG FXGLApplication      - Initializing game
14:55:16.340 [FXGL Background Thread 2 ] WARN  TMXLevelLoader       - TiledMap generated from 1.10.2. Supported version: 1.2.3. Some features may not be parsed fully.
14:55:16.416 [FXGL Background Thread 2 ] DEBUG TMXLevelLoader       - Parsed TiledMap: file:/C:/Users/mbour/OneDrive/Bureau/Zelda%20TOTK%20WINRAR/zeldaPuzzle/target/classes/assets/levels/MapDeMerde2.tmx
14:55:16.418 [FXGL Background Thread 2 ] DEBUG TMXLevelLoader       - Creating tile layer entities
14:55:16.420 [FXGL Background Thread 2 ] DEBUG TilesetLoader        - Loading view for layer background
14:55:16.459 [FXGL Background Thread 2 ] DEBUG TilesetLoader        - Created buffer with size 4800.0x4800.0
14:55:16.570 [FXGL Background Thread 2 ] DEBUG TilesetLoader        - Loading view for layer devant
14:55:16.604 [FXGL Background Thread 2 ] DEBUG TilesetLoader        - Created buffer with size 4800.0x4800.0
14:55:16.649 [FXGL Background Thread 2 ] DEBUG TilesetLoader        - Loading view for layer devant1
14:55:16.684 [FXGL Background Thread 2 ] DEBUG TilesetLoader        - Created buffer with size 4800.0x4800.0
14:55:16.697 [FXGL Background Thread 2 ] DEBUG TMXLevelLoader       - Creating object layer entities
14:55:16.740 [FXGL Background Thread 2 ] DEBUG GameWorld            - Clearing removable entities
14:55:16.741 [FXGL Background Thread 2 ] DEBUG GameWorld            - Setting level: com.almasb.fxgl.entity.level.Level@1386c03e
14:55:16.758 [FXGL Background Thread 2 ] WARN  GameWorld            - Entity is already attached to world
14:55:16.760 [FXGL Background Thread 2 ] WARN  GameWorld            - Entity is already attached to world
14:55:16.765 [FXGL Background Thread 2 ] INFO  FXGLApplication      - Game initialization took: 0,487 sec
14:55:16.766 [JavaFX Application Thread] DEBUG Input                - Clearing active input actions
14:55:16.771 [JavaFX Application Thread] DEBUG GameApplicationServi - Removing overlay from FXGLLoadingScene and adding to GameScene
14:55:16.772 [JavaFX Application Thread] DEBUG PrimaryStageWindow   - FXGLLoadingScene -> GameScene
14:55:16.914 [FXGL Background Thread 3 ] DEBUG Engine               - Logging environment variables
14:55:16.914 [FXGL Background Thread 3 ] DEBUG Engine               - achievements: []
14:55:16.914 [FXGL Background Thread 3 ] DEBUG Engine               - actualHeight: 800.0
14:55:16.914 [FXGL Background Thread 3 ] DEBUG Engine               - actualHeightProperty: ReadOnlyDoubleProperty [value: 800.0]
14:55:16.915 [FXGL Background Thread 3 ] DEBUG Engine               - actualWidth: 800.0
14:55:16.915 [FXGL Background Thread 3 ] DEBUG Engine               - actualWidthProperty: ReadOnlyDoubleProperty [value: 800.0]
14:55:16.915 [FXGL Background Thread 3 ] DEBUG Engine               - appIcon: fxgl_icon.png
14:55:16.915 [FXGL Background Thread 3 ] DEBUG Engine               - applicationMode: DEVELOPER
14:55:16.915 [FXGL Background Thread 3 ] DEBUG Engine               - cSSList: [fxgl_dark.css]
14:55:16.915 [FXGL Background Thread 3 ] DEBUG Engine               - collisionDetectionStrategy: BRUTE_FORCE
14:55:16.915 [FXGL Background Thread 3 ] DEBUG Engine               - configClass: Optional.empty
14:55:16.915 [FXGL Background Thread 3 ] DEBUG Engine               - credits: []
14:55:16.915 [FXGL Background Thread 3 ] DEBUG Engine               - defaultCursor: CursorInfo(imageName=fxgl_default_cursor.png, hotspotX=7.0, hotspotY=6.0)
14:55:16.916 [FXGL Background Thread 3 ] DEBUG Engine               - devBBoxColorProperty: ObjectProperty [value: 0xff0000ff]
14:55:16.916 [FXGL Background Thread 3 ] DEBUG Engine               - devEnableDebugCameraProperty: BooleanProperty [value: false]
14:55:16.916 [FXGL Background Thread 3 ] DEBUG Engine               - devSensorColorProperty: ObjectProperty [value: 0xffff00ff]
14:55:16.916 [FXGL Background Thread 3 ] DEBUG Engine               - devShowBBoxProperty: BooleanProperty [value: false]
14:55:16.916 [FXGL Background Thread 3 ] DEBUG Engine               - devShowPositionProperty: BooleanProperty [value: false]
14:55:16.917 [FXGL Background Thread 3 ] DEBUG Engine               - enabledMenuItems: []
14:55:16.917 [FXGL Background Thread 3 ] DEBUG Engine               - engineServices: [class com.almasb.fxgl.app.services.FXGLAssetLoaderService, class com.almasb.fxgl.app.FXGLApplication$GameApplicationService, class com.almasb.fxgl.app.services.FXGLDialogService, class com.almasb.fxgl.app.services.IOTaskExecutorService, class com.almasb.fxgl.io.FileSystemService, class com.almasb.fxgl.localization.LocalizationService, class com.almasb.fxgl.app.services.SystemBundleService, class com.almasb.fxgl.profile.SaveLoadService, class com.almasb.fxgl.ui.FXGLUIFactoryServiceProvider, class com.almasb.fxgl.ui.FXGLDialogFactoryServiceProvider, class com.almasb.fxgl.audio.AudioPlayer, class com.almasb.fxgl.notification.impl.NotificationServiceProvider, class com.almasb.fxgl.achievement.AchievementService, class com.almasb.fxgl.cutscene.CutsceneService, class com.almasb.fxgl.minigames.MiniGameService, class com.almasb.fxgl.net.NetService, class com.almasb.fxgl.app.services.UpdaterService, class com.almasb.fxgl.dev.DevService]
14:55:16.917 [FXGL Background Thread 3 ] DEBUG Engine               - fontGame: Abel-Regular.ttf
14:55:16.917 [FXGL Background Thread 3 ] DEBUG Engine               - fontMono: TerminalLandMono-Regular.otf
14:55:16.917 [FXGL Background Thread 3 ] DEBUG Engine               - fontText: Courier-Prime.ttf
14:55:16.917 [FXGL Background Thread 3 ] DEBUG Engine               - fontUI: VarelaRound-Regular.ttf
14:55:16.917 [FXGL Background Thread 3 ] DEBUG Engine               - fullScreen: BooleanProperty [value: false]
14:55:16.917 [FXGL Background Thread 3 ] DEBUG Engine               - gameDifficulty: MEDIUM
14:55:16.917 [FXGL Background Thread 3 ] DEBUG Engine               - gameDifficultyProperty: ObjectProperty [value: MEDIUM]
14:55:16.917 [FXGL Background Thread 3 ] DEBUG Engine               - globalMusicVolume: 0.5
14:55:16.917 [FXGL Background Thread 3 ] DEBUG Engine               - globalMusicVolumeProperty: DoubleProperty [value: 0.5]
14:55:16.918 [FXGL Background Thread 3 ] DEBUG Engine               - globalSoundVolume: 0.5
14:55:16.918 [FXGL Background Thread 3 ] DEBUG Engine               - globalSoundVolumeProperty: DoubleProperty [value: 0.5]
14:55:16.918 [FXGL Background Thread 3 ] DEBUG Engine               - height: 800
14:55:16.918 [FXGL Background Thread 3 ] DEBUG Engine               - is3D: false
14:55:16.918 [FXGL Background Thread 3 ] DEBUG Engine               - isAndroid: false
14:55:16.918 [FXGL Background Thread 3 ] DEBUG Engine               - isBrowser: false
14:55:16.918 [FXGL Background Thread 3 ] DEBUG Engine               - isClickFeedbackEnabled: false
14:55:16.918 [FXGL Background Thread 3 ] DEBUG Engine               - isCloseConfirmation: false
14:55:16.918 [FXGL Background Thread 3 ] DEBUG Engine               - isDesktop: true
14:55:16.918 [FXGL Background Thread 3 ] DEBUG Engine               - isDeveloperMenuEnabled: true
14:55:16.918 [FXGL Background Thread 3 ] DEBUG Engine               - isEmbedded: false
14:55:16.918 [FXGL Background Thread 3 ] DEBUG Engine               - isEntityPreloadEnabled: true
14:55:16.918 [FXGL Background Thread 3 ] DEBUG Engine               - isExperimentalTiledLargeMap: false
14:55:16.918 [FXGL Background Thread 3 ] DEBUG Engine               - isFileSystemWriteAllowed: true
14:55:16.919 [FXGL Background Thread 3 ] DEBUG Engine               - isFullScreenAllowed: true
14:55:16.919 [FXGL Background Thread 3 ] DEBUG Engine               - isFullScreenFromStart: false
14:55:16.919 [FXGL Background Thread 3 ] DEBUG Engine               - isGameMenuEnabled: true
14:55:16.919 [FXGL Background Thread 3 ] DEBUG Engine               - isIOS: false
14:55:16.919 [FXGL Background Thread 3 ] DEBUG Engine               - isIntroEnabled: false
14:55:16.919 [FXGL Background Thread 3 ] DEBUG Engine               - isLinux: false
14:55:16.919 [FXGL Background Thread 3 ] DEBUG Engine               - isMac: false
14:55:16.919 [FXGL Background Thread 3 ] DEBUG Engine               - isMainMenuEnabled: true
14:55:16.919 [FXGL Background Thread 3 ] DEBUG Engine               - isManualResizeEnabled: false
14:55:16.919 [FXGL Background Thread 3 ] DEBUG Engine               - isMobile: false
14:55:16.919 [FXGL Background Thread 3 ] DEBUG Engine               - isNative: false
14:55:16.919 [FXGL Background Thread 3 ] DEBUG Engine               - isPauseMusicWhenMinimized: true
14:55:16.919 [FXGL Background Thread 3 ] DEBUG Engine               - isPreserveResizeRatio: false
14:55:16.919 [FXGL Background Thread 3 ] DEBUG Engine               - isProfilingEnabled: false
14:55:16.919 [FXGL Background Thread 3 ] DEBUG Engine               - isScaleAffectedOnResize: true
14:55:16.919 [FXGL Background Thread 3 ] DEBUG Engine               - isSingleStep: false
14:55:16.919 [FXGL Background Thread 3 ] DEBUG Engine               - isUserProfileEnabled: false
14:55:16.919 [FXGL Background Thread 3 ] DEBUG Engine               - isWindows: true
14:55:16.919 [FXGL Background Thread 3 ] DEBUG Engine               - language: ObjectProperty [value: ENGLISH]
14:55:16.920 [FXGL Background Thread 3 ] DEBUG Engine               - menuKey: ESCAPE
14:55:16.920 [FXGL Background Thread 3 ] DEBUG Engine               - mouseSensitivity: 0.2
14:55:16.920 [FXGL Background Thread 3 ] DEBUG Engine               - notificationViewClass: class com.almasb.fxgl.notification.view.XboxNotificationView
14:55:16.920 [FXGL Background Thread 3 ] DEBUG Engine               - pixelsPerMeter: 50.0
14:55:16.920 [FXGL Background Thread 3 ] DEBUG Engine               - platform: WINDOWS
14:55:16.920 [FXGL Background Thread 3 ] DEBUG Engine               - prefHeightProperty: ReadOnlyDoubleProperty [value: 800.0]
14:55:16.920 [FXGL Background Thread 3 ] DEBUG Engine               - prefWidthProperty: ReadOnlyDoubleProperty [value: 800.0]
14:55:16.920 [FXGL Background Thread 3 ] DEBUG Engine               - profileDir: profiles/
14:55:16.920 [FXGL Background Thread 3 ] DEBUG Engine               - profileName: StringProperty [value: DEFAULT]
14:55:16.920 [FXGL Background Thread 3 ] DEBUG Engine               - randomSeed: -1
14:55:16.921 [FXGL Background Thread 3 ] DEBUG Engine               - runtimeInfo: RuntimeInfo(platform=WINDOWS, version=17, build=31.12.2021 18.16)
14:55:16.921 [FXGL Background Thread 3 ] DEBUG Engine               - saveFileExt: sav
14:55:16.921 [FXGL Background Thread 3 ] DEBUG Engine               - scaledHeightProp$fxgl: DoubleProperty [bound, value: 800.0]
14:55:16.921 [FXGL Background Thread 3 ] DEBUG Engine               - scaledWidthProp$fxgl: DoubleProperty [bound, value: 800.0]
14:55:16.921 [FXGL Background Thread 3 ] DEBUG Engine               - sceneFactory: com.almasb.fxgl.app.scene.SceneFactory@667fa6ac
14:55:16.921 [FXGL Background Thread 3 ] DEBUG Engine               - secondsIn24h: 60
14:55:16.921 [FXGL Background Thread 3 ] DEBUG Engine               - soundMenuBack: menu/back.wav
14:55:16.921 [FXGL Background Thread 3 ] DEBUG Engine               - soundMenuPress: menu/press.wav
14:55:16.921 [FXGL Background Thread 3 ] DEBUG Engine               - soundMenuSelect: menu/select.wav
14:55:16.921 [FXGL Background Thread 3 ] DEBUG Engine               - soundNotification: core/notification.wav
14:55:16.922 [FXGL Background Thread 3 ] DEBUG Engine               - stageStyle: DECORATED
14:55:16.922 [FXGL Background Thread 3 ] DEBUG Engine               - supportedLanguages: [ENGLISH, FRENCH, GERMAN, HUNGARIAN, RUSSIAN]
14:55:16.922 [FXGL Background Thread 3 ] DEBUG Engine               - ticksPerSecond: -1
14:55:16.922 [FXGL Background Thread 3 ] DEBUG Engine               - title: Zelda 2D Game par ماستن
14:55:16.922 [FXGL Background Thread 3 ] DEBUG Engine               - urlGithub: https://github.com/AlmasB/FXGL
14:55:16.922 [FXGL Background Thread 3 ] DEBUG Engine               - urlLeaderboard: http://fxgl-top.herokuapp.com/
14:55:16.922 [FXGL Background Thread 3 ] DEBUG Engine               - urlPOM: https://raw.githubusercontent.com/AlmasB/FXGL/release/README.md
14:55:16.922 [FXGL Background Thread 3 ] DEBUG Engine               - userAppClass: class com.example.zeldapuzzle.MainGameApp
14:55:16.922 [FXGL Background Thread 3 ] DEBUG Engine               - version: 1
14:55:16.922 [FXGL Background Thread 3 ] DEBUG Engine               - versionCheckDays: 7
14:55:16.922 [FXGL Background Thread 3 ] DEBUG Engine               - width: 800
14:55:16.922 [FXGL Background Thread 3 ] DEBUG Engine               - Logging services
14:55:16.922 [FXGL Background Thread 3 ] DEBUG Engine               - class com.almasb.fxgl.app.services.FXGLAssetLoaderService
14:55:16.922 [FXGL Background Thread 3 ] DEBUG Engine               - class com.almasb.fxgl.app.FXGLApplication$GameApplicationService
14:55:16.923 [FXGL Background Thread 3 ] DEBUG Engine               - class com.almasb.fxgl.app.services.FXGLDialogService
14:55:16.923 [FXGL Background Thread 3 ] DEBUG Engine               - class com.almasb.fxgl.app.services.IOTaskExecutorService
14:55:16.923 [FXGL Background Thread 3 ] DEBUG Engine               - class com.almasb.fxgl.io.FileSystemService
14:55:16.923 [FXGL Background Thread 3 ] DEBUG Engine               - class com.almasb.fxgl.localization.LocalizationService
14:55:16.923 [FXGL Background Thread 3 ] DEBUG Engine               - class com.almasb.fxgl.app.services.SystemBundleService
14:55:16.923 [FXGL Background Thread 3 ] DEBUG Engine               - class com.almasb.fxgl.profile.SaveLoadService
14:55:16.923 [FXGL Background Thread 3 ] DEBUG Engine               - class com.almasb.fxgl.ui.FXGLUIFactoryServiceProvider
14:55:16.923 [FXGL Background Thread 3 ] DEBUG Engine               - class com.almasb.fxgl.ui.FXGLDialogFactoryServiceProvider
14:55:16.923 [FXGL Background Thread 3 ] DEBUG Engine               - class com.almasb.fxgl.audio.AudioPlayer
14:55:16.923 [FXGL Background Thread 3 ] DEBUG Engine               - class com.almasb.fxgl.notification.impl.NotificationServiceProvider
14:55:16.923 [FXGL Background Thread 3 ] DEBUG Engine               - class com.almasb.fxgl.achievement.AchievementService
14:55:16.923 [FXGL Background Thread 3 ] DEBUG Engine               - class com.almasb.fxgl.cutscene.CutsceneService
14:55:16.923 [FXGL Background Thread 3 ] DEBUG Engine               - class com.almasb.fxgl.minigames.MiniGameService
14:55:16.923 [FXGL Background Thread 3 ] DEBUG Engine               - class com.almasb.fxgl.net.NetService
14:55:16.923 [FXGL Background Thread 3 ] DEBUG Engine               - class com.almasb.fxgl.app.services.UpdaterService
14:55:16.923 [FXGL Background Thread 3 ] DEBUG Engine               - class com.almasb.fxgl.dev.DevService
14:56:12.113 [JavaFX Application Thread] DEBUG LoopRunner           - Pausing loop
14:56:13.153 [JavaFX Application Thread] DEBUG LoopRunner           - Resuming loop
14:58:12.698 [JavaFX Application Thread] DEBUG LoopRunner           - Pausing loop
14:58:18.766 [JavaFX Application Thread] DEBUG LoopRunner           - Resuming loop
14:58:20.820 [JavaFX Application Thread] DEBUG LoopRunner           - Pausing loop
14:58:22.279 [JavaFX Application Thread] DEBUG LoopRunner           - Resuming loop
14:58:25.435 [JavaFX Application Thread] DEBUG LoopRunner           - Pausing loop
14:58:30.996 [JavaFX Application Thread] DEBUG LoopRunner           - Resuming loop
14:58:32.623 [JavaFX Application Thread] DEBUG LoopRunner           - Pausing loop
14:58:35.125 [JavaFX Application Thread] DEBUG LoopRunner           - Resuming loop
14:58:36.473 [JavaFX Application Thread] DEBUG LoopRunner           - Pausing loop
14:58:38.623 [JavaFX Application Thread] DEBUG LoopRunner           - Resuming loop
14:58:40.546 [JavaFX Application Thread] DEBUG LoopRunner           - Pausing loop
14:58:41.305 [JavaFX Application Thread] DEBUG LoopRunner           - Resuming loop
14:58:43.919 [JavaFX Application Thread] DEBUG LoopRunner           - Pausing loop
14:58:46.466 [JavaFX Application Thread] DEBUG LoopRunner           - Resuming loop
14:58:48.868 [JavaFX Application Thread] DEBUG LoopRunner           - Pausing loop
14:59:11.454 [JavaFX Application Thread] DEBUG LoopRunner           - Resuming loop
14:59:16.168 [JavaFX Application Thread] DEBUG LoopRunner           - Pausing loop
14:59:17.567 [JavaFX Application Thread] DEBUG LoopRunner           - Resuming loop
14:59:18.591 [JavaFX Application Thread] DEBUG LoopRunner           - Pausing loop
15:02:51.223 [JavaFX Application Thread] DEBUG LoopRunner           - Resuming loop
15:02:58.134 [JavaFX Application Thread] DEBUG LoopRunner           - Pausing loop
15:03:54.779 [JavaFX Application Thread] DEBUG LoopRunner           - Resuming loop
15:03:56.051 [JavaFX Application Thread] DEBUG FXGLApplication      - Exiting FXGL
15:03:56.052 [JavaFX Application Thread] DEBUG LoopRunner           - Stopping loop
15:03:56.052 [JavaFX Application Thread] DEBUG SystemBundleService  - Saving FXGL system data
15:03:56.054 [JavaFX Application Thread] DEBUG FileSystemAccess     - Writing to: C:\Users\mbour\OneDrive\Bureau\Zelda TOTK WINRAR\zeldaPuzzle\system\fxgl.bundle
15:03:56.056 [JavaFX Application Thread] DEBUG Async                - Shutting down background threads
15:03:56.057 [JavaFX Application Thread] DEBUG PrimaryStageWindow   - Closing main window
15:03:56.070 [JavaFX Application Thread] DEBUG Logger               - Closing Logger
