10:41:55.135 [main                     ] DEBUG Logger               - Configured Logger
10:41:55.159 [main                     ] DEBUG GameApplication      - Logging settings
Title: Zelda 2D Game
Version: 1
Width: 800
Height: 800
Fullscreen: false
Intro: false
Profiling: false
Single step:false
App Mode: DEVELOPER
Menu Key: ESCAPE
Stage Style: DECORATED
Scene Factory: class com.almasb.fxgl.app.scene.SceneFactory

10:41:55.402 [JavaFX Application Thread] DEBUG FXGLApplication      - Initializing FXGL
10:41:55.407 [JavaFX Application Thread] INFO  Engine               - FXGL-17 (31.12.2021 18.16) on WINDOWS (J:19.0.2 FX:19)
10:41:55.407 [JavaFX Application Thread] DEBUG Engine               - JRE Vendor Name: Amazon.com Inc.
10:41:55.408 [JavaFX Application Thread] DEBUG Engine               - Running on OS: Windows 11 version 10.0
10:41:55.408 [JavaFX Application Thread] DEBUG Engine               - Architecture: amd64
10:41:55.408 [JavaFX Application Thread] INFO  Engine               - Source code and latest versions at: https://github.com/AlmasB/FXGL
10:41:55.408 [JavaFX Application Thread] INFO  Engine               -       Ask questions and discuss at: https://github.com/AlmasB/FXGL/discussions
10:41:55.408 [JavaFX Application Thread] INFO  Engine               -              Join the FXGL chat at: https://gitter.im/AlmasB/FXGL
10:41:55.471 [JavaFX Application Thread] DEBUG PrimaryStageWindow   - Creating a JavaFX scene
10:41:55.510 [JavaFX Application Thread] DEBUG PrimaryStageWindow   - Target settings size: 800.0 x 800.0
10:41:55.511 [JavaFX Application Thread] DEBUG PrimaryStageWindow   - Scaled scene size:    800.0 x 800.0
10:41:55.511 [JavaFX Application Thread] DEBUG PrimaryStageWindow   - Scaled ratio: (1.0, 1.0)
10:41:55.512 [JavaFX Application Thread] DEBUG PrimaryStageWindow   - Set initial scene to FXGLStartupScene
10:41:55.514 [JavaFX Application Thread] DEBUG PrimaryStageWindow   - Opening main window
10:41:55.594 [JavaFX Application Thread] DEBUG PrimaryStageWindow   - Window border size: (13.0, 35.5)
10:41:55.595 [JavaFX Application Thread] DEBUG PrimaryStageWindow   - Scaled size: 800.0 x 800.0
10:41:55.595 [JavaFX Application Thread] DEBUG PrimaryStageWindow   - Scaled ratio: (1.0, 1.0)
10:41:55.595 [JavaFX Application Thread] DEBUG PrimaryStageWindow   - Scene size: 800.0 x 800.0
10:41:55.595 [JavaFX Application Thread] DEBUG PrimaryStageWindow   - Stage size: 813.0 x 835.5
10:41:55.604 [FXGL Background Thread 1 ] DEBUG Engine               - Initializing environment variables
10:41:55.688 [FXGL Background Thread 1 ] DEBUG FXGLAssetLoaderServi - User app class for loading assets: class com.example.zeldapuzzle.MainGameApp
10:41:55.688 [FXGL Background Thread 1 ] DEBUG GameApplicationServi - Applying CSS: fxgl_dark.css
10:41:55.690 [FXGL Background Thread 1 ] DEBUG FXGLAssetLoaderServi - Loading from file system: jar:file:///C:/Users/Utilisateur/.m2/repository/com/github/almasb/fxgl/17/fxgl-17.jar!/fxglassets/ui/css/fxgl_dark.css
10:41:55.759 [FXGL Background Thread 1 ] DEBUG GameApplicationServi - Initializing application scenes
10:41:55.818 [FXGL Background Thread 1 ] DEBUG GameWorld            - Game world initialized
10:41:55.904 [FXGL Background Thread 1 ] DEBUG PhysicsWorld         - Physics world initialized: appHeight=800, physics.ppm=50,0
10:41:55.905 [FXGL Background Thread 1 ] DEBUG PhysicsWorld         - Using strategy: BRUTE_FORCE
10:41:55.912 [FXGL Background Thread 1 ] DEBUG GameScene            - Game scene initialized: 800x800
10:41:55.922 [FXGL Background Thread 1 ] DEBUG FXGL.DefaultMenu     - createMenuBodyMainMenu()
10:41:55.932 [FXGL Background Thread 1 ] DEBUG FXGL.DefaultMenu     - createOptionsMenu()
10:41:55.944 [FXGL Background Thread 1 ] DEBUG FXGLAssetLoaderServi - Loading from file system: jar:file:///C:/Users/Utilisateur/.m2/repository/com/github/almasb/fxgl/17/fxgl-17.jar!/fxglassets/textures/particles/smoke.png
10:41:56.039 [FXGL Background Thread 1 ] DEBUG FXGLAssetLoaderServi - Loading from file system: jar:file:///C:/Users/Utilisateur/.m2/repository/com/github/almasb/fxgl/17/fxgl-17.jar!/fxglassets/textures/particles/trace_horizontal.png
10:41:56.062 [FXGL Background Thread 1 ] DEBUG FXGL.DefaultMenu     - createMenuBodyGameMenu()
10:41:56.063 [FXGL Background Thread 1 ] DEBUG FXGL.DefaultMenu     - createOptionsMenu()
10:41:56.075 [FXGL Background Thread 1 ] DEBUG GameApplicationServi - Application scenes initialized
10:41:56.084 [FXGL Background Thread 1 ] DEBUG SystemBundleService  - Loading FXGL system data
10:41:56.087 [FXGL Background Thread 1 ] DEBUG FileSystemAccess     - Reading from: C:\Users\Utilisateur\IdeaProjects\zeldaPuzzle\system\fxgl.bundle
10:41:56.097 [FXGL Background Thread 1 ] DEBUG SystemBundleService  - Bundle FXGL: {}
10:41:56.097 [FXGL Background Thread 1 ] DEBUG UpdaterService       - Checking for updates
10:41:56.100 [FXGL Background Thread 4 ] DEBUG FXGLApplication      - Loading fonts
10:41:56.101 [FXGL Background Thread 4 ] DEBUG FXGLAssetLoaderServi - Loading from file system: jar:file:///C:/Users/Utilisateur/.m2/repository/com/github/almasb/fxgl/17/fxgl-17.jar!/fxglassets/ui/fonts/VarelaRound-Regular.ttf
10:41:56.101 [FXGL Background Thread 1 ] DEBUG FXGLApplication      - Loading default localization
10:41:56.104 [FXGL Background Thread 1 ] DEBUG FXGLAssetLoaderServi - Loading from file system: jar:file:///C:/Users/Utilisateur/.m2/repository/com/github/almasb/fxgl/17/fxgl-17.jar!/fxglassets/languages/english.lang
10:41:56.131 [FXGL Background Thread 1 ] INFO  FXGLApplication      - FXGL initialization took: 0,528 sec
10:41:56.151 [JavaFX Application Thread] DEBUG Input                - Registered new binding: getPosition - P
10:41:56.151 [JavaFX Application Thread] DEBUG Input                - Registered new binding: zoom+ - Up
10:41:56.151 [JavaFX Application Thread] DEBUG Input                - Registered new binding: zoom- - Down
10:41:56.151 [JavaFX Application Thread] DEBUG Input                - Registered new binding: resetZoom - 0
10:41:56.151 [JavaFX Application Thread] DEBUG Input                - Registered new binding: Move right - D
10:41:56.152 [JavaFX Application Thread] DEBUG Input                - Registered new binding: Move left - A
10:41:56.152 [JavaFX Application Thread] DEBUG Input                - Registered new binding: Move Up - W
10:41:56.152 [JavaFX Application Thread] DEBUG Input                - Registered new binding: Move Down - S
10:41:56.152 [JavaFX Application Thread] DEBUG FXGLAssetLoaderServi - Loading from file system: jar:file:///C:/Users/Utilisateur/.m2/repository/com/github/almasb/fxgl/17/fxgl-17.jar!/fxglassets/textures/fxgl_icon.png
10:41:56.156 [FXGL Background Thread 4 ] DEBUG FXGLAssetLoaderServi - Loading from file system: jar:file:///C:/Users/Utilisateur/.m2/repository/com/github/almasb/fxgl/17/fxgl-17.jar!/fxglassets/ui/fonts/Abel-Regular.ttf
10:41:56.165 [FXGL Background Thread 4 ] DEBUG FXGLAssetLoaderServi - Loading from file system: jar:file:///C:/Users/Utilisateur/.m2/repository/com/github/almasb/fxgl/17/fxgl-17.jar!/fxglassets/ui/fonts/TerminalLandMono-Regular.otf
10:41:56.167 [JavaFX Application Thread] DEBUG FXGLAssetLoaderServi - Loading from file system: jar:file:///C:/Users/Utilisateur/.m2/repository/com/github/almasb/fxgl/17/fxgl-17.jar!/fxglassets/textures/fxgl_default_cursor.png
10:41:56.169 [JavaFX Application Thread] DEBUG Input                - Registered new binding: Screenshot - CTRL+8
10:41:56.169 [JavaFX Application Thread] DEBUG Input                - Registered new binding: System info dump - CTRL+9
10:41:56.169 [JavaFX Application Thread] DEBUG Input                - Registered new binding: Restart - CTRL+R
10:41:56.170 [JavaFX Application Thread] DEBUG Input                - Registered new binding: Toggle Debug Camera - CTRL+7
10:41:56.172 [FXGL Background Thread 4 ] DEBUG FXGLAssetLoaderServi - Loading from file system: jar:file:///C:/Users/Utilisateur/.m2/repository/com/github/almasb/fxgl/17/fxgl-17.jar!/fxglassets/ui/fonts/Courier-Prime.ttf
10:41:56.174 [JavaFX Application Thread] DEBUG LoopRunner           - Starting loop
10:41:56.174 [JavaFX Application Thread] DEBUG LoopRunner           - Initializing JavaFX AnimationTimerLoop
10:41:56.178 [JavaFX Application Thread] DEBUG Input                - Clearing active input actions
10:41:56.186 [JavaFX Application Thread] DEBUG GameApplicationServi - Removing overlay from FXGLStartupScene and adding to FXGLMainMenuDummyScene
10:41:56.187 [JavaFX Application Thread] DEBUG PrimaryStageWindow   - FXGLStartupScene -> FXGLMainMenuDummyScene
10:41:56.187 [JavaFX Application Thread] DEBUG PrimaryStageWindow   - Push state: FXGLDefaultMenu
10:41:56.204 [JavaFX Application Thread] DEBUG Input                - Clearing active input actions
10:41:56.210 [JavaFX Application Thread] DEBUG GameApplicationServi - Removing overlay from FXGLMainMenuDummyScene and adding to FXGLDefaultMenu
10:41:56.211 [JavaFX Application Thread] DEBUG PrimaryStageWindow   - FXGLMainMenuDummyScene -> FXGLDefaultMenu
10:41:56.302 [JavaFX Application Thread] DEBUG FXGLApplication      - Registering font factories with UI factory
10:41:56.549 [FXGL Background Thread 2 ] INFO  UpdaterService       - Your current version:  17
10:41:56.550 [FXGL Background Thread 2 ] INFO  UpdaterService       - Latest stable version: 21
10:41:56.990 [JavaFX Application Thread] DEBUG Menu                 - fireNewGame()
10:41:56.990 [JavaFX Application Thread] DEBUG GameApplicationServi - Starting new game
10:41:56.993 [JavaFX Application Thread] DEBUG PrimaryStageWindow   - Pop state: FXGLDefaultMenu
10:41:56.993 [JavaFX Application Thread] DEBUG Input                - Clearing active input actions
10:41:56.994 [JavaFX Application Thread] DEBUG GameApplicationServi - Removing overlay from FXGLDefaultMenu and adding to FXGLMainMenuDummyScene
10:41:56.995 [JavaFX Application Thread] DEBUG PrimaryStageWindow   - FXGLMainMenuDummyScene <- FXGLDefaultMenu
10:41:56.996 [JavaFX Application Thread] DEBUG Input                - Clearing active input actions
10:41:57.004 [JavaFX Application Thread] DEBUG GameApplicationServi - Removing overlay from FXGLMainMenuDummyScene and adding to FXGLLoadingScene
10:41:57.006 [JavaFX Application Thread] DEBUG PrimaryStageWindow   - FXGLMainMenuDummyScene -> FXGLLoadingScene
10:41:57.006 [JavaFX Application Thread] DEBUG GameApplicationServi - Clearing previous game
10:41:57.006 [JavaFX Application Thread] DEBUG GameScene            - Clearing game scene
10:41:57.006 [JavaFX Application Thread] DEBUG GameWorld            - Clearing game world
10:41:57.006 [JavaFX Application Thread] DEBUG PhysicsWorld         - Clearing physics world
10:41:57.014 [FXGL Background Thread 2 ] DEBUG FXGLApplication      - Initializing game
10:41:57.100 [FXGL Background Thread 2 ] WARN  GameWorld            - Entity is already attached to world
10:41:57.116 [FXGL Background Thread 2 ] WARN  GameWorld            - Entity is already attached to world
10:41:57.130 [FXGL Background Thread 2 ] WARN  GameWorld            - Entity is already attached to world
10:41:57.132 [FXGL Background Thread 2 ] INFO  FXGLApplication      - Game initialization took: 0,118 sec
10:41:57.133 [JavaFX Application Thread] DEBUG Input                - Clearing active input actions
10:41:57.140 [JavaFX Application Thread] DEBUG GameApplicationServi - Removing overlay from FXGLLoadingScene and adding to GameScene
10:41:57.141 [JavaFX Application Thread] DEBUG PrimaryStageWindow   - FXGLLoadingScene -> GameScene
10:41:59.100 [FXGL Background Thread 3 ] DEBUG Engine               - Logging environment variables
10:41:59.100 [FXGL Background Thread 3 ] DEBUG Engine               - achievements: []
10:41:59.101 [FXGL Background Thread 3 ] DEBUG Engine               - actualHeight: 800.0
10:41:59.101 [FXGL Background Thread 3 ] DEBUG Engine               - actualHeightProperty: ReadOnlyDoubleProperty [value: 800.0]
10:41:59.101 [FXGL Background Thread 3 ] DEBUG Engine               - actualWidth: 800.0
10:41:59.101 [FXGL Background Thread 3 ] DEBUG Engine               - actualWidthProperty: ReadOnlyDoubleProperty [value: 800.0]
10:41:59.101 [FXGL Background Thread 3 ] DEBUG Engine               - appIcon: fxgl_icon.png
10:41:59.101 [FXGL Background Thread 3 ] DEBUG Engine               - applicationMode: DEVELOPER
10:41:59.101 [FXGL Background Thread 3 ] DEBUG Engine               - cSSList: [fxgl_dark.css]
10:41:59.101 [FXGL Background Thread 3 ] DEBUG Engine               - collisionDetectionStrategy: BRUTE_FORCE
10:41:59.101 [FXGL Background Thread 3 ] DEBUG Engine               - configClass: Optional.empty
10:41:59.101 [FXGL Background Thread 3 ] DEBUG Engine               - credits: []
10:41:59.102 [FXGL Background Thread 3 ] DEBUG Engine               - defaultCursor: CursorInfo(imageName=fxgl_default_cursor.png, hotspotX=7.0, hotspotY=6.0)
10:41:59.102 [FXGL Background Thread 3 ] DEBUG Engine               - devBBoxColorProperty: ObjectProperty [value: 0xff0000ff]
10:41:59.102 [FXGL Background Thread 3 ] DEBUG Engine               - devEnableDebugCameraProperty: BooleanProperty [value: false]
10:41:59.102 [FXGL Background Thread 3 ] DEBUG Engine               - devSensorColorProperty: ObjectProperty [value: 0xffff00ff]
10:41:59.102 [FXGL Background Thread 3 ] DEBUG Engine               - devShowBBoxProperty: BooleanProperty [value: false]
10:41:59.102 [FXGL Background Thread 3 ] DEBUG Engine               - devShowPositionProperty: BooleanProperty [value: false]
10:41:59.102 [FXGL Background Thread 3 ] DEBUG Engine               - enabledMenuItems: []
10:41:59.102 [FXGL Background Thread 3 ] DEBUG Engine               - engineServices: [class com.almasb.fxgl.app.services.FXGLAssetLoaderService, class com.almasb.fxgl.app.FXGLApplication$GameApplicationService, class com.almasb.fxgl.app.services.FXGLDialogService, class com.almasb.fxgl.app.services.IOTaskExecutorService, class com.almasb.fxgl.io.FileSystemService, class com.almasb.fxgl.localization.LocalizationService, class com.almasb.fxgl.app.services.SystemBundleService, class com.almasb.fxgl.profile.SaveLoadService, class com.almasb.fxgl.ui.FXGLUIFactoryServiceProvider, class com.almasb.fxgl.ui.FXGLDialogFactoryServiceProvider, class com.almasb.fxgl.audio.AudioPlayer, class com.almasb.fxgl.notification.impl.NotificationServiceProvider, class com.almasb.fxgl.achievement.AchievementService, class com.almasb.fxgl.cutscene.CutsceneService, class com.almasb.fxgl.minigames.MiniGameService, class com.almasb.fxgl.net.NetService, class com.almasb.fxgl.app.services.UpdaterService, class com.almasb.fxgl.dev.DevService]
10:41:59.102 [FXGL Background Thread 3 ] DEBUG Engine               - fontGame: Abel-Regular.ttf
10:41:59.102 [FXGL Background Thread 3 ] DEBUG Engine               - fontMono: TerminalLandMono-Regular.otf
10:41:59.102 [FXGL Background Thread 3 ] DEBUG Engine               - fontText: Courier-Prime.ttf
10:41:59.102 [FXGL Background Thread 3 ] DEBUG Engine               - fontUI: VarelaRound-Regular.ttf
10:41:59.102 [FXGL Background Thread 3 ] DEBUG Engine               - fullScreen: BooleanProperty [value: false]
10:41:59.102 [FXGL Background Thread 3 ] DEBUG Engine               - gameDifficulty: MEDIUM
10:41:59.102 [FXGL Background Thread 3 ] DEBUG Engine               - gameDifficultyProperty: ObjectProperty [value: MEDIUM]
10:41:59.102 [FXGL Background Thread 3 ] DEBUG Engine               - globalMusicVolume: 0.5
10:41:59.102 [FXGL Background Thread 3 ] DEBUG Engine               - globalMusicVolumeProperty: DoubleProperty [value: 0.5]
10:41:59.102 [FXGL Background Thread 3 ] DEBUG Engine               - globalSoundVolume: 0.5
10:41:59.102 [FXGL Background Thread 3 ] DEBUG Engine               - globalSoundVolumeProperty: DoubleProperty [value: 0.5]
10:41:59.102 [FXGL Background Thread 3 ] DEBUG Engine               - height: 800
10:41:59.102 [FXGL Background Thread 3 ] DEBUG Engine               - is3D: false
10:41:59.102 [FXGL Background Thread 3 ] DEBUG Engine               - isAndroid: false
10:41:59.102 [FXGL Background Thread 3 ] DEBUG Engine               - isBrowser: false
10:41:59.102 [FXGL Background Thread 3 ] DEBUG Engine               - isClickFeedbackEnabled: false
10:41:59.104 [FXGL Background Thread 3 ] DEBUG Engine               - isCloseConfirmation: false
10:41:59.104 [FXGL Background Thread 3 ] DEBUG Engine               - isDesktop: true
10:41:59.104 [FXGL Background Thread 3 ] DEBUG Engine               - isDeveloperMenuEnabled: false
10:41:59.104 [FXGL Background Thread 3 ] DEBUG Engine               - isEmbedded: false
10:41:59.104 [FXGL Background Thread 3 ] DEBUG Engine               - isEntityPreloadEnabled: true
10:41:59.104 [FXGL Background Thread 3 ] DEBUG Engine               - isExperimentalTiledLargeMap: false
10:41:59.104 [FXGL Background Thread 3 ] DEBUG Engine               - isFileSystemWriteAllowed: true
10:41:59.104 [FXGL Background Thread 3 ] DEBUG Engine               - isFullScreenAllowed: false
10:41:59.104 [FXGL Background Thread 3 ] DEBUG Engine               - isFullScreenFromStart: false
10:41:59.104 [FXGL Background Thread 3 ] DEBUG Engine               - isGameMenuEnabled: true
10:41:59.104 [FXGL Background Thread 3 ] DEBUG Engine               - isIOS: false
10:41:59.104 [FXGL Background Thread 3 ] DEBUG Engine               - isIntroEnabled: false
10:41:59.104 [FXGL Background Thread 3 ] DEBUG Engine               - isLinux: false
10:41:59.104 [FXGL Background Thread 3 ] DEBUG Engine               - isMac: false
10:41:59.104 [FXGL Background Thread 3 ] DEBUG Engine               - isMainMenuEnabled: true
10:41:59.104 [FXGL Background Thread 3 ] DEBUG Engine               - isManualResizeEnabled: false
10:41:59.104 [FXGL Background Thread 3 ] DEBUG Engine               - isMobile: false
10:41:59.104 [FXGL Background Thread 3 ] DEBUG Engine               - isNative: false
10:41:59.104 [FXGL Background Thread 3 ] DEBUG Engine               - isPauseMusicWhenMinimized: true
10:41:59.104 [FXGL Background Thread 3 ] DEBUG Engine               - isPreserveResizeRatio: false
10:41:59.104 [FXGL Background Thread 3 ] DEBUG Engine               - isProfilingEnabled: false
10:41:59.104 [FXGL Background Thread 3 ] DEBUG Engine               - isScaleAffectedOnResize: true
10:41:59.104 [FXGL Background Thread 3 ] DEBUG Engine               - isSingleStep: false
10:41:59.104 [FXGL Background Thread 3 ] DEBUG Engine               - isUserProfileEnabled: false
10:41:59.104 [FXGL Background Thread 3 ] DEBUG Engine               - isWindows: true
10:41:59.104 [FXGL Background Thread 3 ] DEBUG Engine               - language: ObjectProperty [value: ENGLISH]
10:41:59.104 [FXGL Background Thread 3 ] DEBUG Engine               - menuKey: ESCAPE
10:41:59.104 [FXGL Background Thread 3 ] DEBUG Engine               - mouseSensitivity: 0.2
10:41:59.104 [FXGL Background Thread 3 ] DEBUG Engine               - notificationViewClass: class com.almasb.fxgl.notification.view.XboxNotificationView
10:41:59.104 [FXGL Background Thread 3 ] DEBUG Engine               - pixelsPerMeter: 50.0
10:41:59.104 [FXGL Background Thread 3 ] DEBUG Engine               - platform: WINDOWS
10:41:59.104 [FXGL Background Thread 3 ] DEBUG Engine               - prefHeightProperty: ReadOnlyDoubleProperty [value: 800.0]
10:41:59.105 [FXGL Background Thread 3 ] DEBUG Engine               - prefWidthProperty: ReadOnlyDoubleProperty [value: 800.0]
10:41:59.105 [FXGL Background Thread 3 ] DEBUG Engine               - profileDir: profiles/
10:41:59.105 [FXGL Background Thread 3 ] DEBUG Engine               - profileName: StringProperty [value: DEFAULT]
10:41:59.105 [FXGL Background Thread 3 ] DEBUG Engine               - randomSeed: -1
10:41:59.106 [FXGL Background Thread 3 ] DEBUG Engine               - runtimeInfo: RuntimeInfo(platform=WINDOWS, version=17, build=31.12.2021 18.16)
10:41:59.106 [FXGL Background Thread 3 ] DEBUG Engine               - saveFileExt: sav
10:41:59.106 [FXGL Background Thread 3 ] DEBUG Engine               - scaledHeightProp$fxgl: DoubleProperty [bound, value: 800.0]
10:41:59.106 [FXGL Background Thread 3 ] DEBUG Engine               - scaledWidthProp$fxgl: DoubleProperty [bound, value: 800.0]
10:41:59.106 [FXGL Background Thread 3 ] DEBUG Engine               - sceneFactory: com.almasb.fxgl.app.scene.SceneFactory@4b3f3e58
10:41:59.106 [FXGL Background Thread 3 ] DEBUG Engine               - secondsIn24h: 60
10:41:59.106 [FXGL Background Thread 3 ] DEBUG Engine               - soundMenuBack: menu/back.wav
10:41:59.106 [FXGL Background Thread 3 ] DEBUG Engine               - soundMenuPress: menu/press.wav
10:41:59.106 [FXGL Background Thread 3 ] DEBUG Engine               - soundMenuSelect: menu/select.wav
10:41:59.106 [FXGL Background Thread 3 ] DEBUG Engine               - soundNotification: core/notification.wav
10:41:59.106 [FXGL Background Thread 3 ] DEBUG Engine               - stageStyle: DECORATED
10:41:59.106 [FXGL Background Thread 3 ] DEBUG Engine               - supportedLanguages: [ENGLISH, FRENCH, GERMAN, HUNGARIAN, RUSSIAN]
10:41:59.106 [FXGL Background Thread 3 ] DEBUG Engine               - ticksPerSecond: -1
10:41:59.106 [FXGL Background Thread 3 ] DEBUG Engine               - title: Zelda 2D Game
10:41:59.106 [FXGL Background Thread 3 ] DEBUG Engine               - urlGithub: https://github.com/AlmasB/FXGL
10:41:59.107 [FXGL Background Thread 3 ] DEBUG Engine               - urlLeaderboard: http://fxgl-top.herokuapp.com/
10:41:59.107 [FXGL Background Thread 3 ] DEBUG Engine               - urlPOM: https://raw.githubusercontent.com/AlmasB/FXGL/release/README.md
10:41:59.107 [FXGL Background Thread 3 ] DEBUG Engine               - userAppClass: class com.example.zeldapuzzle.MainGameApp
10:41:59.107 [FXGL Background Thread 3 ] DEBUG Engine               - version: 1
10:41:59.107 [FXGL Background Thread 3 ] DEBUG Engine               - versionCheckDays: 7
10:41:59.107 [FXGL Background Thread 3 ] DEBUG Engine               - width: 800
10:41:59.107 [FXGL Background Thread 3 ] DEBUG Engine               - Logging services
10:41:59.107 [FXGL Background Thread 3 ] DEBUG Engine               - class com.almasb.fxgl.app.services.FXGLAssetLoaderService
10:41:59.107 [FXGL Background Thread 3 ] DEBUG Engine               - class com.almasb.fxgl.app.FXGLApplication$GameApplicationService
10:41:59.107 [FXGL Background Thread 3 ] DEBUG Engine               - class com.almasb.fxgl.app.services.FXGLDialogService
10:41:59.107 [FXGL Background Thread 3 ] DEBUG Engine               - class com.almasb.fxgl.app.services.IOTaskExecutorService
10:41:59.107 [FXGL Background Thread 3 ] DEBUG Engine               - class com.almasb.fxgl.io.FileSystemService
10:41:59.107 [FXGL Background Thread 3 ] DEBUG Engine               - class com.almasb.fxgl.localization.LocalizationService
10:41:59.107 [FXGL Background Thread 3 ] DEBUG Engine               - class com.almasb.fxgl.app.services.SystemBundleService
10:41:59.107 [FXGL Background Thread 3 ] DEBUG Engine               - class com.almasb.fxgl.profile.SaveLoadService
10:41:59.107 [FXGL Background Thread 3 ] DEBUG Engine               - class com.almasb.fxgl.ui.FXGLUIFactoryServiceProvider
10:41:59.107 [FXGL Background Thread 3 ] DEBUG Engine               - class com.almasb.fxgl.ui.FXGLDialogFactoryServiceProvider
10:41:59.107 [FXGL Background Thread 3 ] DEBUG Engine               - class com.almasb.fxgl.audio.AudioPlayer
10:41:59.107 [FXGL Background Thread 3 ] DEBUG Engine               - class com.almasb.fxgl.notification.impl.NotificationServiceProvider
10:41:59.107 [FXGL Background Thread 3 ] DEBUG Engine               - class com.almasb.fxgl.achievement.AchievementService
10:41:59.107 [FXGL Background Thread 3 ] DEBUG Engine               - class com.almasb.fxgl.cutscene.CutsceneService
10:41:59.107 [FXGL Background Thread 3 ] DEBUG Engine               - class com.almasb.fxgl.minigames.MiniGameService
10:41:59.107 [FXGL Background Thread 3 ] DEBUG Engine               - class com.almasb.fxgl.net.NetService
10:41:59.107 [FXGL Background Thread 3 ] DEBUG Engine               - class com.almasb.fxgl.app.services.UpdaterService
10:41:59.107 [FXGL Background Thread 3 ] DEBUG Engine               - class com.almasb.fxgl.dev.DevService
10:42:00.004 [JavaFX Application Thread] WARN  GameWorld            - Entity is already attached to world
10:42:02.735 [JavaFX Application Thread] DEBUG FXGLApplication      - Exiting FXGL
10:42:02.735 [JavaFX Application Thread] DEBUG LoopRunner           - Stopping loop
10:42:02.736 [JavaFX Application Thread] DEBUG SystemBundleService  - Saving FXGL system data
10:42:02.737 [JavaFX Application Thread] DEBUG FileSystemAccess     - Writing to: C:\Users\Utilisateur\IdeaProjects\zeldaPuzzle\system\fxgl.bundle
10:42:02.739 [JavaFX Application Thread] DEBUG Async                - Shutting down background threads
10:42:02.739 [JavaFX Application Thread] DEBUG PrimaryStageWindow   - Closing main window
10:42:02.760 [JavaFX Application Thread] DEBUG Logger               - Closing Logger
