20:23:34.863 [main                     ] DEBUG Logger               - Configured Logger
20:23:34.901 [main                     ] DEBUG GameApplication      - Logging settings
Title: Zelda 2D Game
Version: 1
Width: 800
Height: 800
Fullscreen: false
Intro: false
Profiling: false
Single step:false
App Mode: DEVELOPER
Menu Key: ESCAPE
Stage Style: DECORATED
Scene Factory: class com.almasb.fxgl.app.scene.SceneFactory

20:23:35.242 [JavaFX Application Thread] DEBUG FXGLApplication      - Initializing FXGL
20:23:35.249 [JavaFX Application Thread] INFO  Engine               - FXGL-17 (31.12.2021 18.16) on WINDOWS (J:19.0.2 FX:19)
20:23:35.249 [JavaFX Application Thread] DEBUG Engine               - JRE Vendor Name: Amazon.com Inc.
20:23:35.249 [JavaFX Application Thread] DEBUG Engine               - Running on OS: Windows 11 version 10.0
20:23:35.250 [JavaFX Application Thread] DEBUG Engine               - Architecture: amd64
20:23:35.250 [JavaFX Application Thread] INFO  Engine               - Source code and latest versions at: https://github.com/AlmasB/FXGL
20:23:35.250 [JavaFX Application Thread] INFO  Engine               -       Ask questions and discuss at: https://github.com/AlmasB/FXGL/discussions
20:23:35.250 [JavaFX Application Thread] INFO  Engine               -              Join the FXGL chat at: https://gitter.im/AlmasB/FXGL
20:23:35.333 [JavaFX Application Thread] DEBUG PrimaryStageWindow   - Creating a JavaFX scene
20:23:35.377 [JavaFX Application Thread] DEBUG PrimaryStageWindow   - Target settings size: 800.0 x 800.0
20:23:35.378 [JavaFX Application Thread] DEBUG PrimaryStageWindow   - Scaled scene size:    800.0 x 800.0
20:23:35.378 [JavaFX Application Thread] DEBUG PrimaryStageWindow   - Scaled ratio: (1.0, 1.0)
20:23:35.379 [JavaFX Application Thread] DEBUG PrimaryStageWindow   - Set initial scene to FXGLStartupScene
20:23:35.383 [JavaFX Application Thread] DEBUG PrimaryStageWindow   - Opening main window
20:23:35.483 [JavaFX Application Thread] DEBUG PrimaryStageWindow   - Window border size: (13.0, 35.5)
20:23:35.483 [JavaFX Application Thread] DEBUG PrimaryStageWindow   - Scaled size: 800.0 x 800.0
20:23:35.484 [JavaFX Application Thread] DEBUG PrimaryStageWindow   - Scaled ratio: (1.0, 1.0)
20:23:35.484 [JavaFX Application Thread] DEBUG PrimaryStageWindow   - Scene size: 800.0 x 800.0
20:23:35.484 [JavaFX Application Thread] DEBUG PrimaryStageWindow   - Stage size: 813.0 x 835.5
20:23:35.496 [FXGL Background Thread 1 ] DEBUG Engine               - Initializing environment variables
20:23:35.585 [FXGL Background Thread 1 ] DEBUG FXGLAssetLoaderServi - User app class for loading assets: class com.example.zeldapuzzle.MainGameApp
20:23:35.586 [FXGL Background Thread 1 ] DEBUG GameApplicationServi - Applying CSS: fxgl_dark.css
20:23:35.587 [FXGL Background Thread 1 ] DEBUG FXGLAssetLoaderServi - Loading from file system: jar:file:///C:/Users/Utilisateur/.m2/repository/com/github/almasb/fxgl/17/fxgl-17.jar!/fxglassets/ui/css/fxgl_dark.css
20:23:35.653 [FXGL Background Thread 1 ] DEBUG GameApplicationServi - Initializing application scenes
20:23:35.718 [FXGL Background Thread 1 ] DEBUG GameWorld            - Game world initialized
20:23:35.873 [FXGL Background Thread 1 ] DEBUG PhysicsWorld         - Physics world initialized: appHeight=800, physics.ppm=50,0
20:23:35.874 [FXGL Background Thread 1 ] DEBUG PhysicsWorld         - Using strategy: BRUTE_FORCE
20:23:35.880 [FXGL Background Thread 1 ] DEBUG GameScene            - Game scene initialized: 800x800
20:23:35.924 [FXGL Background Thread 1 ] DEBUG FXGL.DefaultMenu     - createMenuBodyMainMenu()
20:23:35.943 [FXGL Background Thread 1 ] DEBUG FXGL.DefaultMenu     - createOptionsMenu()
20:23:35.962 [FXGL Background Thread 1 ] DEBUG FXGLAssetLoaderServi - Loading from file system: jar:file:///C:/Users/Utilisateur/.m2/repository/com/github/almasb/fxgl/17/fxgl-17.jar!/fxglassets/textures/particles/smoke.png
20:23:36.098 [FXGL Background Thread 1 ] DEBUG FXGLAssetLoaderServi - Loading from file system: jar:file:///C:/Users/Utilisateur/.m2/repository/com/github/almasb/fxgl/17/fxgl-17.jar!/fxglassets/textures/particles/trace_horizontal.png
20:23:36.133 [FXGL Background Thread 1 ] DEBUG FXGL.DefaultMenu     - createMenuBodyGameMenu()
20:23:36.135 [FXGL Background Thread 1 ] DEBUG FXGL.DefaultMenu     - createOptionsMenu()
20:23:36.153 [FXGL Background Thread 1 ] DEBUG GameApplicationServi - Application scenes initialized
20:23:36.168 [FXGL Background Thread 1 ] DEBUG SystemBundleService  - Loading FXGL system data
20:23:36.173 [FXGL Background Thread 1 ] DEBUG FileSystemAccess     - Reading from: C:\Users\Utilisateur\IdeaProjects\zeldaPuzzle\system\fxgl.bundle
20:23:36.184 [FXGL Background Thread 1 ] DEBUG SystemBundleService  - Bundle FXGL: {}
20:23:36.184 [FXGL Background Thread 1 ] DEBUG UpdaterService       - Checking for updates
20:23:36.189 [FXGL Background Thread 4 ] DEBUG FXGLApplication      - Loading fonts
20:23:36.189 [FXGL Background Thread 4 ] DEBUG FXGLAssetLoaderServi - Loading from file system: jar:file:///C:/Users/Utilisateur/.m2/repository/com/github/almasb/fxgl/17/fxgl-17.jar!/fxglassets/ui/fonts/VarelaRound-Regular.ttf
20:23:36.190 [FXGL Background Thread 1 ] DEBUG FXGLApplication      - Loading default localization
20:23:36.191 [FXGL Background Thread 1 ] DEBUG FXGLAssetLoaderServi - Loading from file system: jar:file:///C:/Users/Utilisateur/.m2/repository/com/github/almasb/fxgl/17/fxgl-17.jar!/fxglassets/languages/english.lang
20:23:36.224 [FXGL Background Thread 1 ] INFO  FXGLApplication      - FXGL initialization took: 0,728 sec
20:23:36.248 [JavaFX Application Thread] DEBUG Input                - Registered new binding: getPosition - P
20:23:36.248 [JavaFX Application Thread] DEBUG Input                - Registered new binding: zoom+ - Up
20:23:36.249 [JavaFX Application Thread] DEBUG Input                - Registered new binding: zoom- - Down
20:23:36.249 [JavaFX Application Thread] DEBUG Input                - Registered new binding: resetZoom - 0
20:23:36.249 [JavaFX Application Thread] DEBUG Input                - Registered new binding: Move right - D
20:23:36.250 [JavaFX Application Thread] DEBUG Input                - Registered new binding: Move left - A
20:23:36.250 [JavaFX Application Thread] DEBUG Input                - Registered new binding: Move Up - W
20:23:36.251 [JavaFX Application Thread] DEBUG Input                - Registered new binding: Move Down - S
20:23:36.251 [JavaFX Application Thread] DEBUG FXGLAssetLoaderServi - Loading from file system: jar:file:///C:/Users/Utilisateur/.m2/repository/com/github/almasb/fxgl/17/fxgl-17.jar!/fxglassets/textures/fxgl_icon.png
20:23:36.268 [FXGL Background Thread 4 ] DEBUG FXGLAssetLoaderServi - Loading from file system: jar:file:///C:/Users/Utilisateur/.m2/repository/com/github/almasb/fxgl/17/fxgl-17.jar!/fxglassets/ui/fonts/Abel-Regular.ttf
20:23:36.285 [FXGL Background Thread 4 ] DEBUG FXGLAssetLoaderServi - Loading from file system: jar:file:///C:/Users/Utilisateur/.m2/repository/com/github/almasb/fxgl/17/fxgl-17.jar!/fxglassets/ui/fonts/TerminalLandMono-Regular.otf
20:23:36.288 [JavaFX Application Thread] DEBUG FXGLAssetLoaderServi - Loading from file system: jar:file:///C:/Users/Utilisateur/.m2/repository/com/github/almasb/fxgl/17/fxgl-17.jar!/fxglassets/textures/fxgl_default_cursor.png
20:23:36.292 [JavaFX Application Thread] DEBUG Input                - Registered new binding: Screenshot - CTRL+8
20:23:36.293 [JavaFX Application Thread] DEBUG Input                - Registered new binding: System info dump - CTRL+9
20:23:36.294 [JavaFX Application Thread] DEBUG Input                - Registered new binding: Restart - CTRL+R
20:23:36.297 [JavaFX Application Thread] DEBUG Input                - Registered new binding: Toggle Debug Camera - CTRL+7
20:23:36.299 [FXGL Background Thread 4 ] DEBUG FXGLAssetLoaderServi - Loading from file system: jar:file:///C:/Users/Utilisateur/.m2/repository/com/github/almasb/fxgl/17/fxgl-17.jar!/fxglassets/ui/fonts/Courier-Prime.ttf
20:23:36.307 [JavaFX Application Thread] DEBUG LoopRunner           - Starting loop
20:23:36.308 [JavaFX Application Thread] DEBUG LoopRunner           - Initializing JavaFX AnimationTimerLoop
20:23:36.318 [JavaFX Application Thread] DEBUG Input                - Clearing active input actions
20:23:36.329 [JavaFX Application Thread] DEBUG GameApplicationServi - Removing overlay from FXGLStartupScene and adding to FXGLMainMenuDummyScene
20:23:36.330 [JavaFX Application Thread] DEBUG PrimaryStageWindow   - FXGLStartupScene -> FXGLMainMenuDummyScene
20:23:36.330 [JavaFX Application Thread] DEBUG PrimaryStageWindow   - Push state: FXGLDefaultMenu
20:23:36.364 [JavaFX Application Thread] DEBUG Input                - Clearing active input actions
20:23:36.383 [JavaFX Application Thread] DEBUG GameApplicationServi - Removing overlay from FXGLMainMenuDummyScene and adding to FXGLDefaultMenu
20:23:36.383 [JavaFX Application Thread] DEBUG PrimaryStageWindow   - FXGLMainMenuDummyScene -> FXGLDefaultMenu
20:23:36.385 [JavaFX Application Thread] DEBUG FXGLApplication      - Registering font factories with UI factory
20:23:36.941 [FXGL Background Thread 2 ] INFO  UpdaterService       - Your current version:  17
20:23:36.941 [FXGL Background Thread 2 ] INFO  UpdaterService       - Latest stable version: 21
20:23:38.019 [JavaFX Application Thread] DEBUG Menu                 - fireNewGame()
20:23:38.019 [JavaFX Application Thread] DEBUG GameApplicationServi - Starting new game
20:23:38.022 [JavaFX Application Thread] DEBUG PrimaryStageWindow   - Pop state: FXGLDefaultMenu
20:23:38.022 [JavaFX Application Thread] DEBUG Input                - Clearing active input actions
20:23:38.024 [JavaFX Application Thread] DEBUG GameApplicationServi - Removing overlay from FXGLDefaultMenu and adding to FXGLMainMenuDummyScene
20:23:38.025 [JavaFX Application Thread] DEBUG PrimaryStageWindow   - FXGLMainMenuDummyScene <- FXGLDefaultMenu
20:23:38.026 [JavaFX Application Thread] DEBUG Input                - Clearing active input actions
20:23:38.036 [JavaFX Application Thread] DEBUG GameApplicationServi - Removing overlay from FXGLMainMenuDummyScene and adding to FXGLLoadingScene
20:23:38.036 [JavaFX Application Thread] DEBUG PrimaryStageWindow   - FXGLMainMenuDummyScene -> FXGLLoadingScene
20:23:38.036 [JavaFX Application Thread] DEBUG GameApplicationServi - Clearing previous game
20:23:38.036 [JavaFX Application Thread] DEBUG GameScene            - Clearing game scene
20:23:38.036 [JavaFX Application Thread] DEBUG GameWorld            - Clearing game world
20:23:38.036 [JavaFX Application Thread] DEBUG PhysicsWorld         - Clearing physics world
20:23:38.042 [FXGL Background Thread 2 ] DEBUG FXGLApplication      - Initializing game
20:23:38.172 [FXGL Background Thread 2 ] WARN  GameWorld            - Entity is already attached to world
20:23:38.192 [FXGL Background Thread 2 ] WARN  GameWorld            - Entity is already attached to world
20:23:38.205 [FXGL Background Thread 2 ] WARN  GameWorld            - Entity is already attached to world
20:23:38.207 [FXGL Background Thread 2 ] INFO  FXGLApplication      - Game initialization took: 0,165 sec
20:23:38.218 [JavaFX Application Thread] DEBUG Input                - Clearing active input actions
20:23:38.225 [JavaFX Application Thread] DEBUG GameApplicationServi - Removing overlay from FXGLLoadingScene and adding to GameScene
20:23:38.226 [JavaFX Application Thread] DEBUG PrimaryStageWindow   - FXGLLoadingScene -> GameScene
20:23:39.188 [FXGL Background Thread 3 ] DEBUG Engine               - Logging environment variables
20:23:39.188 [FXGL Background Thread 3 ] DEBUG Engine               - achievements: []
20:23:39.188 [FXGL Background Thread 3 ] DEBUG Engine               - actualHeight: 800.0
20:23:39.188 [FXGL Background Thread 3 ] DEBUG Engine               - actualHeightProperty: ReadOnlyDoubleProperty [value: 800.0]
20:23:39.188 [FXGL Background Thread 3 ] DEBUG Engine               - actualWidth: 800.0
20:23:39.188 [FXGL Background Thread 3 ] DEBUG Engine               - actualWidthProperty: ReadOnlyDoubleProperty [value: 800.0]
20:23:39.189 [FXGL Background Thread 3 ] DEBUG Engine               - appIcon: fxgl_icon.png
20:23:39.189 [FXGL Background Thread 3 ] DEBUG Engine               - applicationMode: DEVELOPER
20:23:39.189 [FXGL Background Thread 3 ] DEBUG Engine               - cSSList: [fxgl_dark.css]
20:23:39.189 [FXGL Background Thread 3 ] DEBUG Engine               - collisionDetectionStrategy: BRUTE_FORCE
20:23:39.189 [FXGL Background Thread 3 ] DEBUG Engine               - configClass: Optional.empty
20:23:39.189 [FXGL Background Thread 3 ] DEBUG Engine               - credits: []
20:23:39.189 [FXGL Background Thread 3 ] DEBUG Engine               - defaultCursor: CursorInfo(imageName=fxgl_default_cursor.png, hotspotX=7.0, hotspotY=6.0)
20:23:39.189 [FXGL Background Thread 3 ] DEBUG Engine               - devBBoxColorProperty: ObjectProperty [value: 0xff0000ff]
20:23:39.190 [FXGL Background Thread 3 ] DEBUG Engine               - devEnableDebugCameraProperty: BooleanProperty [value: false]
20:23:39.190 [FXGL Background Thread 3 ] DEBUG Engine               - devSensorColorProperty: ObjectProperty [value: 0xffff00ff]
20:23:39.190 [FXGL Background Thread 3 ] DEBUG Engine               - devShowBBoxProperty: BooleanProperty [value: false]
20:23:39.190 [FXGL Background Thread 3 ] DEBUG Engine               - devShowPositionProperty: BooleanProperty [value: false]
20:23:39.190 [FXGL Background Thread 3 ] DEBUG Engine               - enabledMenuItems: []
20:23:39.190 [FXGL Background Thread 3 ] DEBUG Engine               - engineServices: [class com.almasb.fxgl.app.services.FXGLAssetLoaderService, class com.almasb.fxgl.app.FXGLApplication$GameApplicationService, class com.almasb.fxgl.app.services.FXGLDialogService, class com.almasb.fxgl.app.services.IOTaskExecutorService, class com.almasb.fxgl.io.FileSystemService, class com.almasb.fxgl.localization.LocalizationService, class com.almasb.fxgl.app.services.SystemBundleService, class com.almasb.fxgl.profile.SaveLoadService, class com.almasb.fxgl.ui.FXGLUIFactoryServiceProvider, class com.almasb.fxgl.ui.FXGLDialogFactoryServiceProvider, class com.almasb.fxgl.audio.AudioPlayer, class com.almasb.fxgl.notification.impl.NotificationServiceProvider, class com.almasb.fxgl.achievement.AchievementService, class com.almasb.fxgl.cutscene.CutsceneService, class com.almasb.fxgl.minigames.MiniGameService, class com.almasb.fxgl.net.NetService, class com.almasb.fxgl.app.services.UpdaterService, class com.almasb.fxgl.dev.DevService]
20:23:39.190 [FXGL Background Thread 3 ] DEBUG Engine               - fontGame: Abel-Regular.ttf
20:23:39.190 [FXGL Background Thread 3 ] DEBUG Engine               - fontMono: TerminalLandMono-Regular.otf
20:23:39.190 [FXGL Background Thread 3 ] DEBUG Engine               - fontText: Courier-Prime.ttf
20:23:39.190 [FXGL Background Thread 3 ] DEBUG Engine               - fontUI: VarelaRound-Regular.ttf
20:23:39.190 [FXGL Background Thread 3 ] DEBUG Engine               - fullScreen: BooleanProperty [value: false]
20:23:39.191 [FXGL Background Thread 3 ] DEBUG Engine               - gameDifficulty: MEDIUM
20:23:39.191 [FXGL Background Thread 3 ] DEBUG Engine               - gameDifficultyProperty: ObjectProperty [value: MEDIUM]
20:23:39.191 [FXGL Background Thread 3 ] DEBUG Engine               - globalMusicVolume: 0.5
20:23:39.191 [FXGL Background Thread 3 ] DEBUG Engine               - globalMusicVolumeProperty: DoubleProperty [value: 0.5]
20:23:39.191 [FXGL Background Thread 3 ] DEBUG Engine               - globalSoundVolume: 0.5
20:23:39.191 [FXGL Background Thread 3 ] DEBUG Engine               - globalSoundVolumeProperty: DoubleProperty [value: 0.5]
20:23:39.192 [FXGL Background Thread 3 ] DEBUG Engine               - height: 800
20:23:39.192 [FXGL Background Thread 3 ] DEBUG Engine               - is3D: false
20:23:39.192 [FXGL Background Thread 3 ] DEBUG Engine               - isAndroid: false
20:23:39.192 [FXGL Background Thread 3 ] DEBUG Engine               - isBrowser: false
20:23:39.192 [FXGL Background Thread 3 ] DEBUG Engine               - isClickFeedbackEnabled: false
20:23:39.192 [FXGL Background Thread 3 ] DEBUG Engine               - isCloseConfirmation: false
20:23:39.192 [FXGL Background Thread 3 ] DEBUG Engine               - isDesktop: true
20:23:39.192 [FXGL Background Thread 3 ] DEBUG Engine               - isDeveloperMenuEnabled: false
20:23:39.192 [FXGL Background Thread 3 ] DEBUG Engine               - isEmbedded: false
20:23:39.192 [FXGL Background Thread 3 ] DEBUG Engine               - isEntityPreloadEnabled: true
20:23:39.192 [FXGL Background Thread 3 ] DEBUG Engine               - isExperimentalTiledLargeMap: false
20:23:39.192 [FXGL Background Thread 3 ] DEBUG Engine               - isFileSystemWriteAllowed: true
20:23:39.192 [FXGL Background Thread 3 ] DEBUG Engine               - isFullScreenAllowed: false
20:23:39.192 [FXGL Background Thread 3 ] DEBUG Engine               - isFullScreenFromStart: false
20:23:39.193 [FXGL Background Thread 3 ] DEBUG Engine               - isGameMenuEnabled: true
20:23:39.193 [FXGL Background Thread 3 ] DEBUG Engine               - isIOS: false
20:23:39.193 [FXGL Background Thread 3 ] DEBUG Engine               - isIntroEnabled: false
20:23:39.193 [FXGL Background Thread 3 ] DEBUG Engine               - isLinux: false
20:23:39.193 [FXGL Background Thread 3 ] DEBUG Engine               - isMac: false
20:23:39.193 [FXGL Background Thread 3 ] DEBUG Engine               - isMainMenuEnabled: true
20:23:39.193 [FXGL Background Thread 3 ] DEBUG Engine               - isManualResizeEnabled: false
20:23:39.193 [FXGL Background Thread 3 ] DEBUG Engine               - isMobile: false
20:23:39.193 [FXGL Background Thread 3 ] DEBUG Engine               - isNative: false
20:23:39.193 [FXGL Background Thread 3 ] DEBUG Engine               - isPauseMusicWhenMinimized: true
20:23:39.193 [FXGL Background Thread 3 ] DEBUG Engine               - isPreserveResizeRatio: false
20:23:39.193 [FXGL Background Thread 3 ] DEBUG Engine               - isProfilingEnabled: false
20:23:39.193 [FXGL Background Thread 3 ] DEBUG Engine               - isScaleAffectedOnResize: true
20:23:39.193 [FXGL Background Thread 3 ] DEBUG Engine               - isSingleStep: false
20:23:39.193 [FXGL Background Thread 3 ] DEBUG Engine               - isUserProfileEnabled: false
20:23:39.193 [FXGL Background Thread 3 ] DEBUG Engine               - isWindows: true
20:23:39.193 [FXGL Background Thread 3 ] DEBUG Engine               - language: ObjectProperty [value: ENGLISH]
20:23:39.193 [FXGL Background Thread 3 ] DEBUG Engine               - menuKey: ESCAPE
20:23:39.193 [FXGL Background Thread 3 ] DEBUG Engine               - mouseSensitivity: 0.2
20:23:39.194 [FXGL Background Thread 3 ] DEBUG Engine               - notificationViewClass: class com.almasb.fxgl.notification.view.XboxNotificationView
20:23:39.194 [FXGL Background Thread 3 ] DEBUG Engine               - pixelsPerMeter: 50.0
20:23:39.194 [FXGL Background Thread 3 ] DEBUG Engine               - platform: WINDOWS
20:23:39.194 [FXGL Background Thread 3 ] DEBUG Engine               - prefHeightProperty: ReadOnlyDoubleProperty [value: 800.0]
20:23:39.194 [FXGL Background Thread 3 ] DEBUG Engine               - prefWidthProperty: ReadOnlyDoubleProperty [value: 800.0]
20:23:39.194 [FXGL Background Thread 3 ] DEBUG Engine               - profileDir: profiles/
20:23:39.194 [FXGL Background Thread 3 ] DEBUG Engine               - profileName: StringProperty [value: DEFAULT]
20:23:39.194 [FXGL Background Thread 3 ] DEBUG Engine               - randomSeed: -1
20:23:39.195 [FXGL Background Thread 3 ] DEBUG Engine               - runtimeInfo: RuntimeInfo(platform=WINDOWS, version=17, build=31.12.2021 18.16)
20:23:39.195 [FXGL Background Thread 3 ] DEBUG Engine               - saveFileExt: sav
20:23:39.195 [FXGL Background Thread 3 ] DEBUG Engine               - scaledHeightProp$fxgl: DoubleProperty [bound, value: 800.0]
20:23:39.195 [FXGL Background Thread 3 ] DEBUG Engine               - scaledWidthProp$fxgl: DoubleProperty [bound, value: 800.0]
20:23:39.195 [FXGL Background Thread 3 ] DEBUG Engine               - sceneFactory: com.almasb.fxgl.app.scene.SceneFactory@51586b6b
20:23:39.195 [FXGL Background Thread 3 ] DEBUG Engine               - secondsIn24h: 60
20:23:39.195 [FXGL Background Thread 3 ] DEBUG Engine               - soundMenuBack: menu/back.wav
20:23:39.195 [FXGL Background Thread 3 ] DEBUG Engine               - soundMenuPress: menu/press.wav
20:23:39.195 [FXGL Background Thread 3 ] DEBUG Engine               - soundMenuSelect: menu/select.wav
20:23:39.195 [FXGL Background Thread 3 ] DEBUG Engine               - soundNotification: core/notification.wav
20:23:39.195 [FXGL Background Thread 3 ] DEBUG Engine               - stageStyle: DECORATED
20:23:39.195 [FXGL Background Thread 3 ] DEBUG Engine               - supportedLanguages: [ENGLISH, FRENCH, GERMAN, HUNGARIAN, RUSSIAN]
20:23:39.195 [FXGL Background Thread 3 ] DEBUG Engine               - ticksPerSecond: -1
20:23:39.195 [FXGL Background Thread 3 ] DEBUG Engine               - title: Zelda 2D Game
20:23:39.196 [FXGL Background Thread 3 ] DEBUG Engine               - urlGithub: https://github.com/AlmasB/FXGL
20:23:39.196 [FXGL Background Thread 3 ] DEBUG Engine               - urlLeaderboard: http://fxgl-top.herokuapp.com/
20:23:39.196 [FXGL Background Thread 3 ] DEBUG Engine               - urlPOM: https://raw.githubusercontent.com/AlmasB/FXGL/release/README.md
20:23:39.196 [FXGL Background Thread 3 ] DEBUG Engine               - userAppClass: class com.example.zeldapuzzle.MainGameApp
20:23:39.196 [FXGL Background Thread 3 ] DEBUG Engine               - version: 1
20:23:39.196 [FXGL Background Thread 3 ] DEBUG Engine               - versionCheckDays: 7
20:23:39.196 [FXGL Background Thread 3 ] DEBUG Engine               - width: 800
20:23:39.196 [FXGL Background Thread 3 ] DEBUG Engine               - Logging services
20:23:39.196 [FXGL Background Thread 3 ] DEBUG Engine               - class com.almasb.fxgl.app.services.FXGLAssetLoaderService
20:23:39.196 [FXGL Background Thread 3 ] DEBUG Engine               - class com.almasb.fxgl.app.FXGLApplication$GameApplicationService
20:23:39.196 [FXGL Background Thread 3 ] DEBUG Engine               - class com.almasb.fxgl.app.services.FXGLDialogService
20:23:39.197 [FXGL Background Thread 3 ] DEBUG Engine               - class com.almasb.fxgl.app.services.IOTaskExecutorService
20:23:39.197 [FXGL Background Thread 3 ] DEBUG Engine               - class com.almasb.fxgl.io.FileSystemService
20:23:39.197 [FXGL Background Thread 3 ] DEBUG Engine               - class com.almasb.fxgl.localization.LocalizationService
20:23:39.197 [FXGL Background Thread 3 ] DEBUG Engine               - class com.almasb.fxgl.app.services.SystemBundleService
20:23:39.197 [FXGL Background Thread 3 ] DEBUG Engine               - class com.almasb.fxgl.profile.SaveLoadService
20:23:39.197 [FXGL Background Thread 3 ] DEBUG Engine               - class com.almasb.fxgl.ui.FXGLUIFactoryServiceProvider
20:23:39.197 [FXGL Background Thread 3 ] DEBUG Engine               - class com.almasb.fxgl.ui.FXGLDialogFactoryServiceProvider
20:23:39.197 [FXGL Background Thread 3 ] DEBUG Engine               - class com.almasb.fxgl.audio.AudioPlayer
20:23:39.197 [FXGL Background Thread 3 ] DEBUG Engine               - class com.almasb.fxgl.notification.impl.NotificationServiceProvider
20:23:39.197 [FXGL Background Thread 3 ] DEBUG Engine               - class com.almasb.fxgl.achievement.AchievementService
20:23:39.197 [FXGL Background Thread 3 ] DEBUG Engine               - class com.almasb.fxgl.cutscene.CutsceneService
20:23:39.197 [FXGL Background Thread 3 ] DEBUG Engine               - class com.almasb.fxgl.minigames.MiniGameService
20:23:39.197 [FXGL Background Thread 3 ] DEBUG Engine               - class com.almasb.fxgl.net.NetService
20:23:39.197 [FXGL Background Thread 3 ] DEBUG Engine               - class com.almasb.fxgl.app.services.UpdaterService
20:23:39.197 [FXGL Background Thread 3 ] DEBUG Engine               - class com.almasb.fxgl.dev.DevService
20:23:43.009 [JavaFX Application Thread] WARN  Entity               - Entity already has component: com.almasb.fxgl.physics.PhysicsComponent
20:23:43.591 [JavaFX Application Thread] WARN  Entity               - Entity already has component: com.almasb.fxgl.physics.PhysicsComponent
20:23:45.145 [JavaFX Application Thread] WARN  Entity               - Entity already has component: com.almasb.fxgl.physics.PhysicsComponent
20:23:45.829 [JavaFX Application Thread] WARN  Entity               - Entity already has component: com.almasb.fxgl.physics.PhysicsComponent
20:23:48.807 [JavaFX Application Thread] WARN  Entity               - Entity already has component: com.almasb.fxgl.physics.PhysicsComponent
20:23:50.347 [JavaFX Application Thread] WARN  Entity               - Entity already has component: com.almasb.fxgl.physics.PhysicsComponent
20:23:51.384 [JavaFX Application Thread] WARN  Entity               - Entity already has component: com.almasb.fxgl.physics.PhysicsComponent
20:23:52.131 [JavaFX Application Thread] WARN  Entity               - Entity already has component: com.almasb.fxgl.physics.PhysicsComponent
20:23:52.981 [JavaFX Application Thread] WARN  Entity               - Entity already has component: com.almasb.fxgl.physics.PhysicsComponent
20:23:53.829 [JavaFX Application Thread] WARN  Entity               - Entity already has component: com.almasb.fxgl.physics.PhysicsComponent
20:23:54.739 [JavaFX Application Thread] WARN  Entity               - Entity already has component: com.almasb.fxgl.physics.PhysicsComponent
23:56:04.532 [JavaFX Application Thread] DEBUG FXGLApplication      - Exiting FXGL
23:56:04.537 [JavaFX Application Thread] DEBUG LoopRunner           - Stopping loop
23:56:04.538 [JavaFX Application Thread] DEBUG SystemBundleService  - Saving FXGL system data
23:56:04.561 [JavaFX Application Thread] DEBUG FileSystemAccess     - Writing to: C:\Users\Utilisateur\IdeaProjects\zeldaPuzzle\system\fxgl.bundle
23:56:04.570 [JavaFX Application Thread] DEBUG Async                - Shutting down background threads
23:56:04.571 [JavaFX Application Thread] DEBUG PrimaryStageWindow   - Closing main window
23:56:04.619 [JavaFX Application Thread] DEBUG Logger               - Closing Logger
