09:49:33.724 [main                     ] DEBUG Logger               - Configured Logger
09:49:33.737 [main                     ] DEBUG GameApplication      - Logging settings
Title: Zelda 2D Game
Version: 1
Width: 800
Height: 800
Fullscreen: true
Intro: false
Profiling: false
Single step:false
App Mode: DEVELOPER
Menu Key: ESCAPE
Stage Style: DECORATED
Scene Factory: class com.almasb.fxgl.app.scene.SceneFactory

09:49:33.797 [JavaFX Application Thread] DEBUG FXGLApplication      - Initializing FXGL
09:49:33.799 [JavaFX Application Thread] INFO  Engine               - FXGL-17 (31.12.2021 18.16) on WINDOWS (J:21.0.2 FX:19)
09:49:33.801 [JavaFX Application Thread] DEBUG Engine               - JRE Vendor Name: Oracle Corporation
09:49:33.801 [JavaFX Application Thread] DEBUG Engine               - Running on OS: Windows 11 version 10.0
09:49:33.801 [JavaFX Application Thread] DEBUG Engine               - Architecture: amd64
09:49:33.801 [JavaFX Application Thread] INFO  Engine               - Source code and latest versions at: https://github.com/AlmasB/FXGL
09:49:33.801 [JavaFX Application Thread] INFO  Engine               -       Ask questions and discuss at: https://github.com/AlmasB/FXGL/discussions
09:49:33.801 [JavaFX Application Thread] INFO  Engine               -              Join the FXGL chat at: https://gitter.im/AlmasB/FXGL
09:49:33.846 [JavaFX Application Thread] DEBUG PrimaryStageWindow   - Creating a JavaFX scene
09:49:33.877 [JavaFX Application Thread] DEBUG PrimaryStageWindow   - Target settings size: 800.0 x 800.0
09:49:33.877 [JavaFX Application Thread] DEBUG PrimaryStageWindow   - Scaled scene size:    800.0 x 800.0
09:49:33.878 [JavaFX Application Thread] DEBUG PrimaryStageWindow   - Scaled ratio: (1.0, 1.0)
09:49:33.878 [JavaFX Application Thread] DEBUG PrimaryStageWindow   - Set initial scene to FXGLStartupScene
09:49:33.881 [JavaFX Application Thread] DEBUG PrimaryStageWindow   - Opening main window
09:49:33.927 [JavaFX Application Thread] DEBUG PrimaryStageWindow   - Window border size: (16.0, 39.0)
09:49:33.927 [JavaFX Application Thread] DEBUG PrimaryStageWindow   - Scaled size: 800.0 x 800.0
09:49:33.927 [JavaFX Application Thread] DEBUG PrimaryStageWindow   - Scaled ratio: (1.0, 1.0)
09:49:33.928 [JavaFX Application Thread] DEBUG PrimaryStageWindow   - Scene size: 800.0 x 800.0
09:49:33.928 [JavaFX Application Thread] DEBUG PrimaryStageWindow   - Stage size: 816.0 x 839.0
09:49:33.933 [FXGL Background Thread 1 ] DEBUG Engine               - Initializing environment variables
09:49:33.968 [FXGL Background Thread 1 ] DEBUG FXGLAssetLoaderServi - User app class for loading assets: class com.example.zeldapuzzle.MainGameApp
09:49:33.968 [FXGL Background Thread 1 ] DEBUG GameApplicationServi - Applying CSS: fxgl_dark.css
09:49:33.968 [FXGL Background Thread 1 ] DEBUG FXGLAssetLoaderServi - Loading from file system: jar:file:///C:/Users/User/.m2/repository/com/github/almasb/fxgl/17/fxgl-17.jar!/fxglassets/ui/css/fxgl_dark.css
09:49:33.996 [FXGL Background Thread 1 ] DEBUG GameApplicationServi - Initializing application scenes
09:49:34.027 [FXGL Background Thread 1 ] DEBUG GameWorld            - Game world initialized
09:49:34.059 [FXGL Background Thread 1 ] DEBUG PhysicsWorld         - Physics world initialized: appHeight=800, physics.ppm=50.0
09:49:34.059 [FXGL Background Thread 1 ] DEBUG PhysicsWorld         - Using strategy: BRUTE_FORCE
09:49:34.063 [FXGL Background Thread 1 ] DEBUG GameScene            - Game scene initialized: 800x800
09:49:34.068 [FXGL Background Thread 1 ] DEBUG FXGL.DefaultMenu     - createMenuBodyMainMenu()
09:49:34.075 [FXGL Background Thread 1 ] DEBUG FXGL.DefaultMenu     - createOptionsMenu()
09:49:34.079 [FXGL Background Thread 1 ] DEBUG FXGLAssetLoaderServi - Loading from file system: jar:file:///C:/Users/User/.m2/repository/com/github/almasb/fxgl/17/fxgl-17.jar!/fxglassets/textures/particles/smoke.png
09:49:34.123 [FXGL Background Thread 1 ] DEBUG FXGLAssetLoaderServi - Loading from file system: jar:file:///C:/Users/User/.m2/repository/com/github/almasb/fxgl/17/fxgl-17.jar!/fxglassets/textures/particles/trace_horizontal.png
09:49:34.147 [FXGL Background Thread 1 ] DEBUG FXGL.DefaultMenu     - createMenuBodyGameMenu()
09:49:34.147 [FXGL Background Thread 1 ] DEBUG FXGL.DefaultMenu     - createOptionsMenu()
09:49:34.155 [FXGL Background Thread 1 ] DEBUG GameApplicationServi - Application scenes initialized
09:49:34.161 [FXGL Background Thread 1 ] DEBUG SystemBundleService  - Loading FXGL system data
09:49:34.164 [FXGL Background Thread 1 ] DEBUG FileSystemAccess     - Reading from: C:\Users\User\zeldaPuzzle\system\fxgl.bundle
09:49:34.170 [FXGL Background Thread 1 ] DEBUG SystemBundleService  - Bundle FXGL: {}
09:49:34.170 [FXGL Background Thread 1 ] DEBUG UpdaterService       - Checking for updates
09:49:34.186 [FXGL Background Thread 4 ] DEBUG FXGLApplication      - Loading fonts
09:49:34.186 [FXGL Background Thread 1 ] DEBUG FXGLApplication      - Loading default localization
09:49:34.187 [FXGL Background Thread 4 ] DEBUG FXGLAssetLoaderServi - Loading from file system: jar:file:///C:/Users/User/.m2/repository/com/github/almasb/fxgl/17/fxgl-17.jar!/fxglassets/ui/fonts/VarelaRound-Regular.ttf
09:49:34.187 [FXGL Background Thread 1 ] DEBUG FXGLAssetLoaderServi - Loading from file system: jar:file:///C:/Users/User/.m2/repository/com/github/almasb/fxgl/17/fxgl-17.jar!/fxglassets/languages/english.lang
09:49:34.202 [FXGL Background Thread 1 ] INFO  FXGLApplication      - FXGL initialization took: 0.269 sec
09:49:34.209 [JavaFX Application Thread] DEBUG Input                - Registered new binding: getPosition - P
09:49:34.209 [FXGL Background Thread 4 ] DEBUG FXGLAssetLoaderServi - Loading from file system: jar:file:///C:/Users/User/.m2/repository/com/github/almasb/fxgl/17/fxgl-17.jar!/fxglassets/ui/fonts/Abel-Regular.ttf
09:49:34.209 [JavaFX Application Thread] DEBUG Input                - Registered new binding: zoom+ - Up
09:49:34.209 [JavaFX Application Thread] DEBUG Input                - Registered new binding: zoom- - Down
09:49:34.209 [JavaFX Application Thread] DEBUG Input                - Registered new binding: resetZoom - 0
09:49:34.209 [JavaFX Application Thread] DEBUG Input                - Registered new binding: Move right - D
09:49:34.210 [JavaFX Application Thread] DEBUG Input                - Registered new binding: Move left - A
09:49:34.210 [JavaFX Application Thread] DEBUG Input                - Registered new binding: Move Up - W
09:49:34.210 [JavaFX Application Thread] DEBUG Input                - Registered new binding: Move Down - S
09:49:34.210 [JavaFX Application Thread] DEBUG FXGLAssetLoaderServi - Loading from file system: jar:file:///C:/Users/User/.m2/repository/com/github/almasb/fxgl/17/fxgl-17.jar!/fxglassets/textures/fxgl_icon.png
09:49:34.218 [FXGL Background Thread 4 ] DEBUG FXGLAssetLoaderServi - Loading from file system: jar:file:///C:/Users/User/.m2/repository/com/github/almasb/fxgl/17/fxgl-17.jar!/fxglassets/ui/fonts/TerminalLandMono-Regular.otf
09:49:34.221 [JavaFX Application Thread] DEBUG FXGLAssetLoaderServi - Loading from file system: jar:file:///C:/Users/User/.m2/repository/com/github/almasb/fxgl/17/fxgl-17.jar!/fxglassets/textures/fxgl_default_cursor.png
09:49:34.223 [JavaFX Application Thread] DEBUG Input                - Registered new binding: Screenshot - CTRL+8
09:49:34.223 [JavaFX Application Thread] DEBUG Input                - Registered new binding: Dev Options - 1
09:49:34.223 [JavaFX Application Thread] DEBUG Input                - Registered new binding: Dev Console - 2
09:49:34.224 [JavaFX Application Thread] DEBUG Input                - Registered new binding: System info dump - CTRL+9
09:49:34.224 [JavaFX Application Thread] DEBUG Input                - Registered new binding: Restart - CTRL+R
09:49:34.225 [JavaFX Application Thread] DEBUG Input                - Registered new binding: Toggle Debug Camera - CTRL+7
09:49:34.225 [JavaFX Application Thread] DEBUG LoopRunner           - Starting loop
09:49:34.229 [FXGL Background Thread 4 ] DEBUG FXGLAssetLoaderServi - Loading from file system: jar:file:///C:/Users/User/.m2/repository/com/github/almasb/fxgl/17/fxgl-17.jar!/fxglassets/ui/fonts/Courier-Prime.ttf
09:49:34.236 [JavaFX Application Thread] DEBUG LoopRunner           - Initializing JavaFX AnimationTimerLoop
09:49:34.239 [JavaFX Application Thread] DEBUG Input                - Clearing active input actions
09:49:34.246 [JavaFX Application Thread] DEBUG GameApplicationServi - Removing overlay from FXGLStartupScene and adding to FXGLMainMenuDummyScene
09:49:34.252 [JavaFX Application Thread] DEBUG PrimaryStageWindow   - FXGLStartupScene -> FXGLMainMenuDummyScene
09:49:34.252 [JavaFX Application Thread] DEBUG PrimaryStageWindow   - Push state: FXGLDefaultMenu
09:49:34.256 [JavaFX Application Thread] DEBUG Input                - Clearing active input actions
09:49:34.262 [JavaFX Application Thread] DEBUG GameApplicationServi - Removing overlay from FXGLMainMenuDummyScene and adding to FXGLDefaultMenu
09:49:34.262 [JavaFX Application Thread] DEBUG PrimaryStageWindow   - FXGLMainMenuDummyScene -> FXGLDefaultMenu
09:49:34.393 [JavaFX Application Thread] DEBUG FXGLApplication      - Registering font factories with UI factory
09:49:34.554 [FXGL Background Thread 2 ] INFO  UpdaterService       - Your current version:  17
09:49:34.554 [FXGL Background Thread 2 ] INFO  UpdaterService       - Latest stable version: 21.1
09:49:35.135 [JavaFX Application Thread] DEBUG Menu                 - fireNewGame()
09:49:35.136 [JavaFX Application Thread] DEBUG GameApplicationServi - Starting new game
09:49:35.137 [JavaFX Application Thread] DEBUG PrimaryStageWindow   - Pop state: FXGLDefaultMenu
09:49:35.137 [JavaFX Application Thread] DEBUG Input                - Clearing active input actions
09:49:35.138 [JavaFX Application Thread] DEBUG GameApplicationServi - Removing overlay from FXGLDefaultMenu and adding to FXGLMainMenuDummyScene
09:49:35.139 [JavaFX Application Thread] DEBUG PrimaryStageWindow   - FXGLMainMenuDummyScene <- FXGLDefaultMenu
09:49:35.139 [JavaFX Application Thread] DEBUG Input                - Clearing active input actions
09:49:35.146 [JavaFX Application Thread] DEBUG GameApplicationServi - Removing overlay from FXGLMainMenuDummyScene and adding to FXGLLoadingScene
09:49:35.147 [JavaFX Application Thread] DEBUG PrimaryStageWindow   - FXGLMainMenuDummyScene -> FXGLLoadingScene
09:49:35.147 [JavaFX Application Thread] DEBUG GameApplicationServi - Clearing previous game
09:49:35.147 [JavaFX Application Thread] DEBUG GameScene            - Clearing game scene
09:49:35.147 [JavaFX Application Thread] DEBUG GameWorld            - Clearing game world
09:49:35.147 [JavaFX Application Thread] DEBUG PhysicsWorld         - Clearing physics world
09:49:35.150 [FXGL Background Thread 2 ] DEBUG FXGLApplication      - Initializing game
09:49:35.178 [FXGL Background Thread 2 ] WARN  TMXLevelLoader       - TiledMap generated from 1.10.2. Supported version: 1.2.3. Some features may not be parsed fully.
09:49:35.184 [FXGL Background Thread 2 ] DEBUG TMXLevelLoader       - Parsed TiledMap: file:/C:/Users/User/zeldaPuzzle/target/classes/assets/levels/StartingMap.tmx
09:49:35.186 [FXGL Background Thread 2 ] DEBUG TMXLevelLoader       - Creating tile layer entities
09:49:35.195 [FXGL Background Thread 2 ] DEBUG TilesetLoader        - Loading view for layer Calque de Tuiles 1
09:49:35.197 [FXGL Background Thread 2 ] DEBUG TilesetLoader        - Created buffer with size 1920.0x1920.0
09:49:35.203 [FXGL Background Thread 2 ] DEBUG TilesetLoader        - Loading view for layer Calque de Tuiles 2
09:49:35.210 [FXGL Background Thread 2 ] DEBUG TilesetLoader        - Created buffer with size 1920.0x1920.0
09:49:35.214 [FXGL Background Thread 2 ] DEBUG TilesetLoader        - Loading view for layer Calque de Tuiles 3
09:49:35.222 [FXGL Background Thread 2 ] DEBUG TilesetLoader        - Created buffer with size 1920.0x1920.0
09:49:35.224 [FXGL Background Thread 2 ] DEBUG TMXLevelLoader       - Creating object layer entities
09:49:35.233 [FXGL Background Thread 2 ] DEBUG GameWorld            - Clearing removable entities
09:49:35.233 [FXGL Background Thread 2 ] DEBUG GameWorld            - Setting level: com.almasb.fxgl.entity.level.Level@6ba0e9af
09:49:35.239 [FXGL Background Thread 2 ] WARN  GameWorld            - Entity is already attached to world
09:49:35.277 [FXGL Background Thread 2 ] WARN  GameWorld            - Entity is already attached to world
09:49:35.278 [FXGL Background Thread 2 ] INFO  FXGLApplication      - Game initialization took: 0.128 sec
09:49:35.279 [JavaFX Application Thread] DEBUG Input                - Clearing active input actions
09:49:35.282 [JavaFX Application Thread] DEBUG GameApplicationServi - Removing overlay from FXGLLoadingScene and adding to GameScene
09:49:35.283 [JavaFX Application Thread] DEBUG PrimaryStageWindow   - FXGLLoadingScene -> GameScene
09:49:37.140 [JavaFX Application Thread] DEBUG FXGLApplication      - Exiting FXGL
09:49:37.140 [JavaFX Application Thread] DEBUG LoopRunner           - Stopping loop
09:49:37.141 [JavaFX Application Thread] DEBUG SystemBundleService  - Saving FXGL system data
09:49:37.142 [JavaFX Application Thread] DEBUG FileSystemAccess     - Writing to: C:\Users\User\zeldaPuzzle\system\fxgl.bundle
09:49:37.144 [JavaFX Application Thread] DEBUG Async                - Shutting down background threads
09:49:37.144 [JavaFX Application Thread] DEBUG PrimaryStageWindow   - Closing main window
09:49:37.153 [JavaFX Application Thread] DEBUG Logger               - Closing Logger
