01:30:13.071 [main                     ] DEBUG Logger               - Configured Logger
01:30:13.086 [main                     ] DEBUG GameApplication      - Logging settings
Title: Zelda 2D Game
Version: 1
Width: 800
Height: 800
Fullscreen: true
Intro: false
Profiling: false
Single step:false
App Mode: DEVELOPER
Menu Key: ESCAPE
Stage Style: DECORATED
Scene Factory: class com.almasb.fxgl.app.scene.SceneFactory

01:30:13.296 [JavaFX Application Thread] DEBUG FXGLApplication      - Initializing FXGL
01:30:13.301 [JavaFX Application Thread] INFO  Engine               - FXGL-17 (31.12.2021 18.16) on MAC (J:19.0.1 FX:19)
01:30:13.302 [JavaFX Application Thread] DEBUG Engine               - JRE Vendor Name: Oracle Corporation
01:30:13.303 [JavaFX Application Thread] DEBUG Engine               - Running on OS: Mac OS X version 12.5
01:30:13.303 [JavaFX Application Thread] DEBUG Engine               - Architecture: aarch64
01:30:13.303 [JavaFX Application Thread] INFO  Engine               - Source code and latest versions at: https://github.com/AlmasB/FXGL
01:30:13.303 [JavaFX Application Thread] INFO  Engine               -       Ask questions and discuss at: https://github.com/AlmasB/FXGL/discussions
01:30:13.303 [JavaFX Application Thread] INFO  Engine               -              Join the FXGL chat at: https://gitter.im/AlmasB/FXGL
01:30:13.378 [JavaFX Application Thread] DEBUG PrimaryStageWindow   - Creating a JavaFX scene
01:30:13.420 [JavaFX Application Thread] DEBUG PrimaryStageWindow   - Target settings size: 800.0 x 800.0
01:30:13.421 [JavaFX Application Thread] DEBUG PrimaryStageWindow   - Scaled scene size:    800.0 x 800.0
01:30:13.421 [JavaFX Application Thread] DEBUG PrimaryStageWindow   - Scaled ratio: (1.0, 1.0)
01:30:13.422 [JavaFX Application Thread] DEBUG PrimaryStageWindow   - Set initial scene to FXGLStartupScene
01:30:13.427 [JavaFX Application Thread] DEBUG PrimaryStageWindow   - Opening main window
01:30:13.546 [JavaFX Application Thread] DEBUG PrimaryStageWindow   - Window border size: (0.0, 28.0)
01:30:13.546 [JavaFX Application Thread] DEBUG PrimaryStageWindow   - Scaled size: 800.0 x 800.0
01:30:13.546 [JavaFX Application Thread] DEBUG PrimaryStageWindow   - Scaled ratio: (1.0, 1.0)
01:30:13.546 [JavaFX Application Thread] DEBUG PrimaryStageWindow   - Scene size: 800.0 x 800.0
01:30:13.547 [JavaFX Application Thread] DEBUG PrimaryStageWindow   - Stage size: 800.0 x 828.0
01:30:13.552 [FXGL Background Thread 1 ] DEBUG Engine               - Initializing environment variables
01:30:13.592 [FXGL Background Thread 1 ] DEBUG FXGLAssetLoaderServi - User app class for loading assets: class com.example.zeldapuzzle.MainGameApp
01:30:13.592 [FXGL Background Thread 1 ] DEBUG GameApplicationServi - Applying CSS: fxgl_dark.css
01:30:13.592 [FXGL Background Thread 1 ] DEBUG FXGLAssetLoaderServi - Loading from file system: jar:file:///Users/CHLaroche05/.m2/repository/com/github/almasb/fxgl/17/fxgl-17.jar!/fxglassets/ui/css/fxgl_dark.css
01:30:13.628 [FXGL Background Thread 1 ] DEBUG GameApplicationServi - Initializing application scenes
01:30:13.775 [FXGL Background Thread 1 ] DEBUG GameWorld            - Game world initialized
01:30:13.817 [FXGL Background Thread 1 ] DEBUG PhysicsWorld         - Physics world initialized: appHeight=800, physics.ppm=50.0
01:30:13.817 [FXGL Background Thread 1 ] DEBUG PhysicsWorld         - Using strategy: BRUTE_FORCE
01:30:13.820 [FXGL Background Thread 1 ] DEBUG GameScene            - Game scene initialized: 800x800
01:30:13.832 [FXGL Background Thread 1 ] DEBUG FXGL.DefaultMenu     - createMenuBodyMainMenu()
01:30:13.848 [FXGL Background Thread 1 ] DEBUG FXGL.DefaultMenu     - createOptionsMenu()
01:30:13.856 [FXGL Background Thread 1 ] DEBUG FXGLAssetLoaderServi - Loading from file system: jar:file:///Users/CHLaroche05/.m2/repository/com/github/almasb/fxgl/17/fxgl-17.jar!/fxglassets/textures/particles/smoke.png
01:30:13.999 [FXGL Background Thread 1 ] DEBUG FXGLAssetLoaderServi - Loading from file system: jar:file:///Users/CHLaroche05/.m2/repository/com/github/almasb/fxgl/17/fxgl-17.jar!/fxglassets/textures/particles/trace_horizontal.png
01:30:14.035 [FXGL Background Thread 1 ] DEBUG FXGL.DefaultMenu     - createMenuBodyGameMenu()
01:30:14.036 [FXGL Background Thread 1 ] DEBUG FXGL.DefaultMenu     - createOptionsMenu()
01:30:14.065 [FXGL Background Thread 1 ] DEBUG GameApplicationServi - Application scenes initialized
01:30:14.084 [FXGL Background Thread 1 ] DEBUG SystemBundleService  - Loading FXGL system data
01:30:14.096 [FXGL Background Thread 1 ] DEBUG FileSystemAccess     - Reading from: /Users/CHLaroche05/zelda/zeldaPuzzle/system/fxgl.bundle
01:30:14.115 [FXGL Background Thread 1 ] DEBUG SystemBundleService  - Bundle FXGL: {}
01:30:14.116 [FXGL Background Thread 1 ] DEBUG UpdaterService       - Checking for updates
01:30:14.170 [FXGL Background Thread 4 ] DEBUG FXGLApplication      - Loading fonts
01:30:14.171 [FXGL Background Thread 4 ] DEBUG FXGLAssetLoaderServi - Loading from file system: jar:file:///Users/CHLaroche05/.m2/repository/com/github/almasb/fxgl/17/fxgl-17.jar!/fxglassets/ui/fonts/VarelaRound-Regular.ttf
01:30:14.171 [FXGL Background Thread 1 ] DEBUG FXGLApplication      - Loading default localization
01:30:14.172 [FXGL Background Thread 1 ] DEBUG FXGLAssetLoaderServi - Loading from file system: jar:file:///Users/CHLaroche05/.m2/repository/com/github/almasb/fxgl/17/fxgl-17.jar!/fxglassets/languages/english.lang
01:30:14.183 [FXGL Background Thread 4 ] DEBUG FXGLAssetLoaderServi - Loading from file system: jar:file:///Users/CHLaroche05/.m2/repository/com/github/almasb/fxgl/17/fxgl-17.jar!/fxglassets/ui/fonts/Abel-Regular.ttf
01:30:14.187 [FXGL Background Thread 4 ] DEBUG FXGLAssetLoaderServi - Loading from file system: jar:file:///Users/CHLaroche05/.m2/repository/com/github/almasb/fxgl/17/fxgl-17.jar!/fxglassets/ui/fonts/TerminalLandMono-Regular.otf
01:30:14.191 [FXGL Background Thread 1 ] INFO  FXGLApplication      - FXGL initialization took: 0.638 sec
01:30:14.191 [FXGL Background Thread 4 ] DEBUG FXGLAssetLoaderServi - Loading from file system: jar:file:///Users/CHLaroche05/.m2/repository/com/github/almasb/fxgl/17/fxgl-17.jar!/fxglassets/ui/fonts/Courier-Prime.ttf
01:30:14.204 [JavaFX Application Thread] DEBUG Input                - Registered new binding: inventaire - Tab
01:30:14.207 [JavaFX Application Thread] DEBUG Input                - Registered new binding: getPosition - P
01:30:14.208 [JavaFX Application Thread] DEBUG Input                - Registered new binding: zoom+ - Up
01:30:14.208 [JavaFX Application Thread] DEBUG Input                - Registered new binding: zoom- - Down
01:30:14.208 [JavaFX Application Thread] DEBUG Input                - Registered new binding: resetZoom - 0
01:30:14.208 [JavaFX Application Thread] DEBUG Input                - Registered new binding: Move right - D
01:30:14.208 [JavaFX Application Thread] DEBUG Input                - Registered new binding: Move left - A
01:30:14.209 [JavaFX Application Thread] DEBUG Input                - Registered new binding: Move Up - W
01:30:14.209 [JavaFX Application Thread] DEBUG Input                - Registered new binding: Move Down - S
01:30:14.209 [JavaFX Application Thread] DEBUG Input                - Registered new binding: Jump - Space
01:30:14.209 [JavaFX Application Thread] DEBUG FXGLAssetLoaderServi - Loading from file system: jar:file:///Users/CHLaroche05/.m2/repository/com/github/almasb/fxgl/17/fxgl-17.jar!/fxglassets/textures/fxgl_icon.png
01:30:14.251 [JavaFX Application Thread] DEBUG FXGLAssetLoaderServi - Loading from file system: jar:file:///Users/CHLaroche05/.m2/repository/com/github/almasb/fxgl/17/fxgl-17.jar!/fxglassets/textures/fxgl_default_cursor.png
01:30:14.253 [JavaFX Application Thread] DEBUG Input                - Registered new binding: Screenshot - CTRL+8
01:30:14.254 [JavaFX Application Thread] DEBUG Input                - Registered new binding: Dev Options - 1
01:30:14.254 [JavaFX Application Thread] DEBUG Input                - Registered new binding: Dev Console - 2
01:30:14.254 [JavaFX Application Thread] DEBUG Input                - Registered new binding: System info dump - CTRL+9
01:30:14.255 [JavaFX Application Thread] DEBUG Input                - Registered new binding: Restart - CTRL+R
01:30:14.255 [JavaFX Application Thread] DEBUG Input                - Registered new binding: Toggle Debug Camera - CTRL+7
01:30:14.258 [JavaFX Application Thread] DEBUG LoopRunner           - Starting loop
01:30:14.277 [JavaFX Application Thread] DEBUG LoopRunner           - Initializing JavaFX AnimationTimerLoop
01:30:14.280 [JavaFX Application Thread] DEBUG Input                - Clearing active input actions
01:30:14.290 [JavaFX Application Thread] DEBUG GameApplicationServi - Removing overlay from FXGLStartupScene and adding to FXGLMainMenuDummyScene
01:30:14.295 [JavaFX Application Thread] DEBUG PrimaryStageWindow   - FXGLStartupScene -> FXGLMainMenuDummyScene
01:30:14.295 [JavaFX Application Thread] DEBUG PrimaryStageWindow   - Push state: FXGLDefaultMenu
01:30:14.298 [JavaFX Application Thread] DEBUG Input                - Clearing active input actions
01:30:14.313 [JavaFX Application Thread] DEBUG GameApplicationServi - Removing overlay from FXGLMainMenuDummyScene and adding to FXGLDefaultMenu
01:30:14.314 [JavaFX Application Thread] DEBUG PrimaryStageWindow   - FXGLMainMenuDummyScene -> FXGLDefaultMenu
01:30:14.342 [JavaFX Application Thread] DEBUG FXGLApplication      - Registering font factories with UI factory
01:30:14.608 [FXGL Background Thread 2 ] INFO  UpdaterService       - Your current version:  17
01:30:14.608 [FXGL Background Thread 2 ] INFO  UpdaterService       - Latest stable version: 21.1
01:30:15.206 [JavaFX Application Thread] DEBUG Menu                 - fireNewGame()
01:30:15.206 [JavaFX Application Thread] DEBUG GameApplicationServi - Starting new game
01:30:15.207 [JavaFX Application Thread] DEBUG PrimaryStageWindow   - Pop state: FXGLDefaultMenu
01:30:15.208 [JavaFX Application Thread] DEBUG Input                - Clearing active input actions
01:30:15.208 [JavaFX Application Thread] DEBUG GameApplicationServi - Removing overlay from FXGLDefaultMenu and adding to FXGLMainMenuDummyScene
01:30:15.210 [JavaFX Application Thread] DEBUG PrimaryStageWindow   - FXGLMainMenuDummyScene <- FXGLDefaultMenu
01:30:15.210 [JavaFX Application Thread] DEBUG Input                - Clearing active input actions
01:30:15.219 [JavaFX Application Thread] DEBUG GameApplicationServi - Removing overlay from FXGLMainMenuDummyScene and adding to FXGLLoadingScene
01:30:15.219 [JavaFX Application Thread] DEBUG PrimaryStageWindow   - FXGLMainMenuDummyScene -> FXGLLoadingScene
01:30:15.219 [JavaFX Application Thread] DEBUG GameApplicationServi - Clearing previous game
01:30:15.219 [JavaFX Application Thread] DEBUG GameScene            - Clearing game scene
01:30:15.220 [JavaFX Application Thread] DEBUG GameWorld            - Clearing game world
01:30:15.220 [JavaFX Application Thread] DEBUG PhysicsWorld         - Clearing physics world
01:30:15.221 [FXGL Background Thread 2 ] DEBUG FXGLApplication      - Initializing game
01:30:15.253 [FXGL Background Thread 2 ] WARN  TMXLevelLoader       - TiledMap generated from 1.10.2. Supported version: 1.2.3. Some features may not be parsed fully.
01:30:15.317 [FXGL Background Thread 2 ] DEBUG TMXLevelLoader       - Parsed TiledMap: file:/Users/CHLaroche05/zelda/zeldaPuzzle/target/classes/assets/levels/mapFinal.tmx
01:30:15.318 [FXGL Background Thread 2 ] DEBUG TMXLevelLoader       - Creating tile layer entities
01:30:15.321 [FXGL Background Thread 2 ] DEBUG TilesetLoader        - Loading view for layer background
01:30:15.336 [FXGL Background Thread 2 ] DEBUG TilesetLoader        - Created buffer with size 4800.0x4800.0
01:30:15.590 [FXGL Background Thread 2 ] DEBUG TilesetLoader        - Loading view for layer devant
01:30:15.608 [FXGL Background Thread 2 ] DEBUG TilesetLoader        - Created buffer with size 4800.0x4800.0
01:30:15.658 [FXGL Background Thread 2 ] DEBUG TilesetLoader        - Loading view for layer devant1
01:30:15.675 [FXGL Background Thread 2 ] DEBUG TilesetLoader        - Created buffer with size 4800.0x4800.0
01:30:15.699 [FXGL Background Thread 2 ] DEBUG TMXLevelLoader       - Creating object layer entities
01:30:15.758 [FXGL Background Thread 2 ] DEBUG GameWorld            - Clearing removable entities
01:30:15.759 [FXGL Background Thread 2 ] DEBUG GameWorld            - Setting level: com.almasb.fxgl.entity.level.Level@34fe8fd3
01:30:15.782 [FXGL Background Thread 2 ] WARN  GameWorld            - Entity is already attached to world
01:30:15.784 [FXGL Background Thread 2 ] WARN  GameWorld            - Entity is already attached to world
01:30:15.789 [FXGL Background Thread 2 ] INFO  FXGLApplication      - Game initialization took: 0.567 sec
01:30:15.790 [JavaFX Application Thread] DEBUG Input                - Clearing active input actions
01:30:15.799 [JavaFX Application Thread] DEBUG GameApplicationServi - Removing overlay from FXGLLoadingScene and adding to GameScene
01:30:15.803 [JavaFX Application Thread] DEBUG PrimaryStageWindow   - FXGLLoadingScene -> GameScene
01:30:17.168 [FXGL Background Thread 3 ] DEBUG Engine               - Logging environment variables
01:30:17.168 [FXGL Background Thread 3 ] DEBUG Engine               - achievements: []
01:30:17.169 [FXGL Background Thread 3 ] DEBUG Engine               - actualHeight: 800.0
01:30:17.169 [FXGL Background Thread 3 ] DEBUG Engine               - actualHeightProperty: ReadOnlyDoubleProperty [value: 800.0]
01:30:17.169 [FXGL Background Thread 3 ] DEBUG Engine               - actualWidth: 800.0
01:30:17.169 [FXGL Background Thread 3 ] DEBUG Engine               - actualWidthProperty: ReadOnlyDoubleProperty [value: 800.0]
01:30:17.169 [FXGL Background Thread 3 ] DEBUG Engine               - appIcon: fxgl_icon.png
01:30:17.169 [FXGL Background Thread 3 ] DEBUG Engine               - applicationMode: DEVELOPER
01:30:17.169 [FXGL Background Thread 3 ] DEBUG Engine               - cSSList: [fxgl_dark.css]
01:30:17.169 [FXGL Background Thread 3 ] DEBUG Engine               - collisionDetectionStrategy: BRUTE_FORCE
01:30:17.170 [FXGL Background Thread 3 ] DEBUG Engine               - configClass: Optional.empty
01:30:17.170 [FXGL Background Thread 3 ] DEBUG Engine               - credits: []
01:30:17.170 [FXGL Background Thread 3 ] DEBUG Engine               - defaultCursor: CursorInfo(imageName=fxgl_default_cursor.png, hotspotX=7.0, hotspotY=6.0)
01:30:17.170 [FXGL Background Thread 3 ] DEBUG Engine               - devBBoxColorProperty: ObjectProperty [value: 0xff0000ff]
01:30:17.170 [FXGL Background Thread 3 ] DEBUG Engine               - devEnableDebugCameraProperty: BooleanProperty [value: false]
01:30:17.171 [FXGL Background Thread 3 ] DEBUG Engine               - devSensorColorProperty: ObjectProperty [value: 0xffff00ff]
01:30:17.171 [FXGL Background Thread 3 ] DEBUG Engine               - devShowBBoxProperty: BooleanProperty [value: false]
01:30:17.171 [FXGL Background Thread 3 ] DEBUG Engine               - devShowPositionProperty: BooleanProperty [value: false]
01:30:17.171 [FXGL Background Thread 3 ] DEBUG Engine               - enabledMenuItems: []
01:30:17.171 [FXGL Background Thread 3 ] DEBUG Engine               - engineServices: [class com.almasb.fxgl.app.services.FXGLAssetLoaderService, class com.almasb.fxgl.app.FXGLApplication$GameApplicationService, class com.almasb.fxgl.app.services.FXGLDialogService, class com.almasb.fxgl.app.services.IOTaskExecutorService, class com.almasb.fxgl.io.FileSystemService, class com.almasb.fxgl.localization.LocalizationService, class com.almasb.fxgl.app.services.SystemBundleService, class com.almasb.fxgl.profile.SaveLoadService, class com.almasb.fxgl.ui.FXGLUIFactoryServiceProvider, class com.almasb.fxgl.ui.FXGLDialogFactoryServiceProvider, class com.almasb.fxgl.audio.AudioPlayer, class com.almasb.fxgl.notification.impl.NotificationServiceProvider, class com.almasb.fxgl.achievement.AchievementService, class com.almasb.fxgl.cutscene.CutsceneService, class com.almasb.fxgl.minigames.MiniGameService, class com.almasb.fxgl.net.NetService, class com.almasb.fxgl.app.services.UpdaterService, class com.almasb.fxgl.dev.DevService]
01:30:17.171 [FXGL Background Thread 3 ] DEBUG Engine               - fontGame: Abel-Regular.ttf
01:30:17.171 [FXGL Background Thread 3 ] DEBUG Engine               - fontMono: TerminalLandMono-Regular.otf
01:30:17.171 [FXGL Background Thread 3 ] DEBUG Engine               - fontText: Courier-Prime.ttf
01:30:17.171 [FXGL Background Thread 3 ] DEBUG Engine               - fontUI: VarelaRound-Regular.ttf
01:30:17.171 [FXGL Background Thread 3 ] DEBUG Engine               - fullScreen: BooleanProperty [value: false]
01:30:17.171 [FXGL Background Thread 3 ] DEBUG Engine               - gameDifficulty: MEDIUM
01:30:17.171 [FXGL Background Thread 3 ] DEBUG Engine               - gameDifficultyProperty: ObjectProperty [value: MEDIUM]
01:30:17.171 [FXGL Background Thread 3 ] DEBUG Engine               - globalMusicVolume: 0.5
01:30:17.171 [FXGL Background Thread 3 ] DEBUG Engine               - globalMusicVolumeProperty: DoubleProperty [value: 0.5]
01:30:17.171 [FXGL Background Thread 3 ] DEBUG Engine               - globalSoundVolume: 0.5
01:30:17.172 [FXGL Background Thread 3 ] DEBUG Engine               - globalSoundVolumeProperty: DoubleProperty [value: 0.5]
01:30:17.172 [FXGL Background Thread 3 ] DEBUG Engine               - height: 800
01:30:17.172 [FXGL Background Thread 3 ] DEBUG Engine               - is3D: false
01:30:17.172 [FXGL Background Thread 3 ] DEBUG Engine               - isAndroid: false
01:30:17.172 [FXGL Background Thread 3 ] DEBUG Engine               - isBrowser: false
01:30:17.172 [FXGL Background Thread 3 ] DEBUG Engine               - isClickFeedbackEnabled: false
01:30:17.172 [FXGL Background Thread 3 ] DEBUG Engine               - isCloseConfirmation: false
01:30:17.172 [FXGL Background Thread 3 ] DEBUG Engine               - isDesktop: true
01:30:17.172 [FXGL Background Thread 3 ] DEBUG Engine               - isDeveloperMenuEnabled: true
01:30:17.172 [FXGL Background Thread 3 ] DEBUG Engine               - isEmbedded: false
01:30:17.172 [FXGL Background Thread 3 ] DEBUG Engine               - isEntityPreloadEnabled: true
01:30:17.172 [FXGL Background Thread 3 ] DEBUG Engine               - isExperimentalTiledLargeMap: false
01:30:17.172 [FXGL Background Thread 3 ] DEBUG Engine               - isFileSystemWriteAllowed: true
01:30:17.172 [FXGL Background Thread 3 ] DEBUG Engine               - isFullScreenAllowed: true
01:30:17.172 [FXGL Background Thread 3 ] DEBUG Engine               - isFullScreenFromStart: false
01:30:17.172 [FXGL Background Thread 3 ] DEBUG Engine               - isGameMenuEnabled: true
01:30:17.172 [FXGL Background Thread 3 ] DEBUG Engine               - isIOS: false
01:30:17.172 [FXGL Background Thread 3 ] DEBUG Engine               - isIntroEnabled: false
01:30:17.172 [FXGL Background Thread 3 ] DEBUG Engine               - isLinux: false
01:30:17.173 [FXGL Background Thread 3 ] DEBUG Engine               - isMac: true
01:30:17.173 [FXGL Background Thread 3 ] DEBUG Engine               - isMainMenuEnabled: true
01:30:17.173 [FXGL Background Thread 3 ] DEBUG Engine               - isManualResizeEnabled: false
01:30:17.173 [FXGL Background Thread 3 ] DEBUG Engine               - isMobile: false
01:30:17.173 [FXGL Background Thread 3 ] DEBUG Engine               - isNative: false
01:30:17.173 [FXGL Background Thread 3 ] DEBUG Engine               - isPauseMusicWhenMinimized: true
01:30:17.173 [FXGL Background Thread 3 ] DEBUG Engine               - isPreserveResizeRatio: false
01:30:17.173 [FXGL Background Thread 3 ] DEBUG Engine               - isProfilingEnabled: false
01:30:17.173 [FXGL Background Thread 3 ] DEBUG Engine               - isScaleAffectedOnResize: true
01:30:17.173 [FXGL Background Thread 3 ] DEBUG Engine               - isSingleStep: false
01:30:17.173 [FXGL Background Thread 3 ] DEBUG Engine               - isUserProfileEnabled: false
01:30:17.173 [FXGL Background Thread 3 ] DEBUG Engine               - isWindows: false
01:30:17.173 [FXGL Background Thread 3 ] DEBUG Engine               - language: ObjectProperty [value: ENGLISH]
01:30:17.173 [FXGL Background Thread 3 ] DEBUG Engine               - menuKey: ESCAPE
01:30:17.173 [FXGL Background Thread 3 ] DEBUG Engine               - mouseSensitivity: 0.2
01:30:17.173 [FXGL Background Thread 3 ] DEBUG Engine               - notificationViewClass: class com.almasb.fxgl.notification.view.XboxNotificationView
01:30:17.174 [FXGL Background Thread 3 ] DEBUG Engine               - pixelsPerMeter: 50.0
01:30:17.174 [FXGL Background Thread 3 ] DEBUG Engine               - platform: MAC
01:30:17.174 [FXGL Background Thread 3 ] DEBUG Engine               - prefHeightProperty: ReadOnlyDoubleProperty [value: 800.0]
01:30:17.174 [FXGL Background Thread 3 ] DEBUG Engine               - prefWidthProperty: ReadOnlyDoubleProperty [value: 800.0]
01:30:17.174 [FXGL Background Thread 3 ] DEBUG Engine               - profileDir: profiles/
01:30:17.174 [FXGL Background Thread 3 ] DEBUG Engine               - profileName: StringProperty [value: DEFAULT]
01:30:17.174 [FXGL Background Thread 3 ] DEBUG Engine               - randomSeed: -1
01:30:17.174 [FXGL Background Thread 3 ] DEBUG Engine               - runtimeInfo: RuntimeInfo(platform=MAC, version=17, build=31.12.2021 18.16)
01:30:17.174 [FXGL Background Thread 3 ] DEBUG Engine               - saveFileExt: sav
01:30:17.174 [FXGL Background Thread 3 ] DEBUG Engine               - scaledHeightProp$fxgl: DoubleProperty [bound, value: 800.0]
01:30:17.174 [FXGL Background Thread 3 ] DEBUG Engine               - scaledWidthProp$fxgl: DoubleProperty [bound, value: 800.0]
01:30:17.174 [FXGL Background Thread 3 ] DEBUG Engine               - sceneFactory: com.almasb.fxgl.app.scene.SceneFactory@6ba4f71c
01:30:17.174 [FXGL Background Thread 3 ] DEBUG Engine               - secondsIn24h: 60
01:30:17.174 [FXGL Background Thread 3 ] DEBUG Engine               - soundMenuBack: menu/back.wav
01:30:17.175 [FXGL Background Thread 3 ] DEBUG Engine               - soundMenuPress: menu/press.wav
01:30:17.175 [FXGL Background Thread 3 ] DEBUG Engine               - soundMenuSelect: menu/select.wav
01:30:17.175 [FXGL Background Thread 3 ] DEBUG Engine               - soundNotification: core/notification.wav
01:30:17.175 [FXGL Background Thread 3 ] DEBUG Engine               - stageStyle: DECORATED
01:30:17.175 [FXGL Background Thread 3 ] DEBUG Engine               - supportedLanguages: [ENGLISH, FRENCH, GERMAN, HUNGARIAN, RUSSIAN]
01:30:17.175 [FXGL Background Thread 3 ] DEBUG Engine               - ticksPerSecond: -1
01:30:17.175 [FXGL Background Thread 3 ] DEBUG Engine               - title: Zelda 2D Game
01:30:17.175 [FXGL Background Thread 3 ] DEBUG Engine               - urlGithub: https://github.com/AlmasB/FXGL
01:30:17.175 [FXGL Background Thread 3 ] DEBUG Engine               - urlLeaderboard: http://fxgl-top.herokuapp.com/
01:30:17.175 [FXGL Background Thread 3 ] DEBUG Engine               - urlPOM: https://raw.githubusercontent.com/AlmasB/FXGL/release/README.md
01:30:17.175 [FXGL Background Thread 3 ] DEBUG Engine               - userAppClass: class com.example.zeldapuzzle.MainGameApp
01:30:17.175 [FXGL Background Thread 3 ] DEBUG Engine               - version: 1
01:30:17.175 [FXGL Background Thread 3 ] DEBUG Engine               - versionCheckDays: 7
01:30:17.175 [FXGL Background Thread 3 ] DEBUG Engine               - width: 800
01:30:17.175 [FXGL Background Thread 3 ] DEBUG Engine               - Logging services
01:30:17.175 [FXGL Background Thread 3 ] DEBUG Engine               - class com.almasb.fxgl.app.services.FXGLAssetLoaderService
01:30:17.175 [FXGL Background Thread 3 ] DEBUG Engine               - class com.almasb.fxgl.app.FXGLApplication$GameApplicationService
01:30:17.175 [FXGL Background Thread 3 ] DEBUG Engine               - class com.almasb.fxgl.app.services.FXGLDialogService
01:30:17.175 [FXGL Background Thread 3 ] DEBUG Engine               - class com.almasb.fxgl.app.services.IOTaskExecutorService
01:30:17.175 [FXGL Background Thread 3 ] DEBUG Engine               - class com.almasb.fxgl.io.FileSystemService
01:30:17.175 [FXGL Background Thread 3 ] DEBUG Engine               - class com.almasb.fxgl.localization.LocalizationService
01:30:17.175 [FXGL Background Thread 3 ] DEBUG Engine               - class com.almasb.fxgl.app.services.SystemBundleService
01:30:17.175 [FXGL Background Thread 3 ] DEBUG Engine               - class com.almasb.fxgl.profile.SaveLoadService
01:30:17.176 [FXGL Background Thread 3 ] DEBUG Engine               - class com.almasb.fxgl.ui.FXGLUIFactoryServiceProvider
01:30:17.176 [FXGL Background Thread 3 ] DEBUG Engine               - class com.almasb.fxgl.ui.FXGLDialogFactoryServiceProvider
01:30:17.176 [FXGL Background Thread 3 ] DEBUG Engine               - class com.almasb.fxgl.audio.AudioPlayer
01:30:17.176 [FXGL Background Thread 3 ] DEBUG Engine               - class com.almasb.fxgl.notification.impl.NotificationServiceProvider
01:30:17.176 [FXGL Background Thread 3 ] DEBUG Engine               - class com.almasb.fxgl.achievement.AchievementService
01:30:17.176 [FXGL Background Thread 3 ] DEBUG Engine               - class com.almasb.fxgl.cutscene.CutsceneService
01:30:17.176 [FXGL Background Thread 3 ] DEBUG Engine               - class com.almasb.fxgl.minigames.MiniGameService
01:30:17.176 [FXGL Background Thread 3 ] DEBUG Engine               - class com.almasb.fxgl.net.NetService
01:30:17.176 [FXGL Background Thread 3 ] DEBUG Engine               - class com.almasb.fxgl.app.services.UpdaterService
01:30:17.176 [FXGL Background Thread 3 ] DEBUG Engine               - class com.almasb.fxgl.dev.DevService
01:30:38.189 [JavaFX Application Thread] DEBUG FXGLApplication      - Exiting FXGL
01:30:38.189 [JavaFX Application Thread] DEBUG LoopRunner           - Stopping loop
01:30:38.189 [JavaFX Application Thread] DEBUG SystemBundleService  - Saving FXGL system data
01:30:38.194 [JavaFX Application Thread] DEBUG FileSystemAccess     - Writing to: /Users/CHLaroche05/zelda/zeldaPuzzle/system/fxgl.bundle
01:30:38.197 [JavaFX Application Thread] DEBUG Async                - Shutting down background threads
01:30:38.197 [JavaFX Application Thread] DEBUG PrimaryStageWindow   - Closing main window
01:30:38.208 [JavaFX Application Thread] DEBUG Logger               - Closing Logger
