11:24:34.786 [main                     ] DEBUG Logger               - Configured Logger
11:24:34.812 [main                     ] DEBUG GameApplication      - Logging settings
Title: Zelda 2D Game
Version: 1
Width: 800
Height: 800
Fullscreen: true
Intro: false
Profiling: false
Single step:false
App Mode: DEVELOPER
Menu Key: ESCAPE
Stage Style: DECORATED
Scene Factory: class com.almasb.fxgl.app.scene.SceneFactory

11:24:35.044 [JavaFX Application Thread] DEBUG FXGLApplication      - Initializing FXGL
11:24:35.048 [JavaFX Application Thread] INFO  Engine               - FXGL-17 (31.12.2021 18.16) on MAC (J:19.0.1 FX:19)
11:24:35.049 [JavaFX Application Thread] DEBUG Engine               - JRE Vendor Name: Oracle Corporation
11:24:35.049 [JavaFX Application Thread] DEBUG Engine               - Running on OS: Mac OS X version 12.5
11:24:35.049 [JavaFX Application Thread] DEBUG Engine               - Architecture: aarch64
11:24:35.049 [JavaFX Application Thread] INFO  Engine               - Source code and latest versions at: https://github.com/AlmasB/FXGL
11:24:35.050 [JavaFX Application Thread] INFO  Engine               -       Ask questions and discuss at: https://github.com/AlmasB/FXGL/discussions
11:24:35.050 [JavaFX Application Thread] INFO  Engine               -              Join the FXGL chat at: https://gitter.im/AlmasB/FXGL
11:24:35.114 [JavaFX Application Thread] DEBUG PrimaryStageWindow   - Creating a JavaFX scene
11:24:35.151 [JavaFX Application Thread] DEBUG PrimaryStageWindow   - Target settings size: 800.0 x 800.0
11:24:35.152 [JavaFX Application Thread] DEBUG PrimaryStageWindow   - Scaled scene size:    800.0 x 800.0
11:24:35.152 [JavaFX Application Thread] DEBUG PrimaryStageWindow   - Scaled ratio: (1.0, 1.0)
11:24:35.153 [JavaFX Application Thread] DEBUG PrimaryStageWindow   - Set initial scene to FXGLStartupScene
11:24:35.157 [JavaFX Application Thread] DEBUG PrimaryStageWindow   - Opening main window
11:24:35.260 [JavaFX Application Thread] DEBUG PrimaryStageWindow   - Window border size: (0.0, 28.0)
11:24:35.260 [JavaFX Application Thread] DEBUG PrimaryStageWindow   - Scaled size: 800.0 x 800.0
11:24:35.260 [JavaFX Application Thread] DEBUG PrimaryStageWindow   - Scaled ratio: (1.0, 1.0)
11:24:35.260 [JavaFX Application Thread] DEBUG PrimaryStageWindow   - Scene size: 800.0 x 800.0
11:24:35.261 [JavaFX Application Thread] DEBUG PrimaryStageWindow   - Stage size: 800.0 x 828.0
11:24:35.265 [FXGL Background Thread 1 ] DEBUG Engine               - Initializing environment variables
11:24:35.300 [FXGL Background Thread 1 ] DEBUG FXGLAssetLoaderServi - User app class for loading assets: class com.example.zeldapuzzle.MainGameApp
11:24:35.300 [FXGL Background Thread 1 ] DEBUG GameApplicationServi - Applying CSS: fxgl_dark.css
11:24:35.301 [FXGL Background Thread 1 ] DEBUG FXGLAssetLoaderServi - Loading from file system: jar:file:///Users/CHLaroche05/.m2/repository/com/github/almasb/fxgl/17/fxgl-17.jar!/fxglassets/ui/css/fxgl_dark.css
11:24:35.344 [FXGL Background Thread 1 ] DEBUG GameApplicationServi - Initializing application scenes
11:24:35.506 [FXGL Background Thread 1 ] DEBUG GameWorld            - Game world initialized
11:24:35.553 [FXGL Background Thread 1 ] DEBUG PhysicsWorld         - Physics world initialized: appHeight=800, physics.ppm=50.0
11:24:35.553 [FXGL Background Thread 1 ] DEBUG PhysicsWorld         - Using strategy: BRUTE_FORCE
11:24:35.555 [FXGL Background Thread 1 ] DEBUG GameScene            - Game scene initialized: 800x800
11:24:35.562 [FXGL Background Thread 1 ] DEBUG FXGL.DefaultMenu     - createMenuBodyMainMenu()
11:24:35.575 [FXGL Background Thread 1 ] DEBUG FXGL.DefaultMenu     - createOptionsMenu()
11:24:35.580 [FXGL Background Thread 1 ] DEBUG FXGLAssetLoaderServi - Loading from file system: jar:file:///Users/CHLaroche05/.m2/repository/com/github/almasb/fxgl/17/fxgl-17.jar!/fxglassets/textures/particles/smoke.png
11:24:35.755 [FXGL Background Thread 1 ] DEBUG FXGLAssetLoaderServi - Loading from file system: jar:file:///Users/CHLaroche05/.m2/repository/com/github/almasb/fxgl/17/fxgl-17.jar!/fxglassets/textures/particles/trace_horizontal.png
11:24:35.777 [FXGL Background Thread 1 ] DEBUG FXGL.DefaultMenu     - createMenuBodyGameMenu()
11:24:35.778 [FXGL Background Thread 1 ] DEBUG FXGL.DefaultMenu     - createOptionsMenu()
11:24:35.838 [FXGL Background Thread 1 ] DEBUG GameApplicationServi - Application scenes initialized
11:24:35.874 [FXGL Background Thread 1 ] DEBUG SystemBundleService  - Loading FXGL system data
11:24:35.882 [FXGL Background Thread 1 ] DEBUG FileSystemAccess     - Reading from: /Users/CHLaroche05/zelda/zeldaPuzzle copy/system/fxgl.bundle
11:24:35.897 [FXGL Background Thread 1 ] DEBUG SystemBundleService  - Bundle FXGL: {}
11:24:35.897 [FXGL Background Thread 1 ] DEBUG UpdaterService       - Checking for updates
11:24:35.964 [FXGL Background Thread 4 ] DEBUG FXGLApplication      - Loading fonts
11:24:35.965 [FXGL Background Thread 4 ] DEBUG FXGLAssetLoaderServi - Loading from file system: jar:file:///Users/CHLaroche05/.m2/repository/com/github/almasb/fxgl/17/fxgl-17.jar!/fxglassets/ui/fonts/VarelaRound-Regular.ttf
11:24:35.965 [FXGL Background Thread 1 ] DEBUG FXGLApplication      - Loading default localization
11:24:35.966 [FXGL Background Thread 1 ] DEBUG FXGLAssetLoaderServi - Loading from file system: jar:file:///Users/CHLaroche05/.m2/repository/com/github/almasb/fxgl/17/fxgl-17.jar!/fxglassets/languages/english.lang
11:24:35.978 [FXGL Background Thread 4 ] DEBUG FXGLAssetLoaderServi - Loading from file system: jar:file:///Users/CHLaroche05/.m2/repository/com/github/almasb/fxgl/17/fxgl-17.jar!/fxglassets/ui/fonts/Abel-Regular.ttf
11:24:35.982 [FXGL Background Thread 4 ] DEBUG FXGLAssetLoaderServi - Loading from file system: jar:file:///Users/CHLaroche05/.m2/repository/com/github/almasb/fxgl/17/fxgl-17.jar!/fxglassets/ui/fonts/TerminalLandMono-Regular.otf
11:24:35.986 [FXGL Background Thread 1 ] INFO  FXGLApplication      - FXGL initialization took: 0.721 sec
11:24:35.987 [FXGL Background Thread 4 ] DEBUG FXGLAssetLoaderServi - Loading from file system: jar:file:///Users/CHLaroche05/.m2/repository/com/github/almasb/fxgl/17/fxgl-17.jar!/fxglassets/ui/fonts/Courier-Prime.ttf
11:24:36.000 [JavaFX Application Thread] DEBUG Input                - Registered new binding: inventaire - Tab
11:24:36.000 [JavaFX Application Thread] DEBUG Input                - Registered new binding: getPosition - P
11:24:36.000 [JavaFX Application Thread] DEBUG Input                - Registered new binding: zoom+ - Up
11:24:36.000 [JavaFX Application Thread] DEBUG Input                - Registered new binding: zoom- - Down
11:24:36.001 [JavaFX Application Thread] DEBUG Input                - Registered new binding: resetZoom - 0
11:24:36.001 [JavaFX Application Thread] DEBUG Input                - Registered new binding: Move right - D
11:24:36.001 [JavaFX Application Thread] DEBUG Input                - Registered new binding: Move left - A
11:24:36.001 [JavaFX Application Thread] DEBUG Input                - Registered new binding: Move Up - W
11:24:36.001 [JavaFX Application Thread] DEBUG Input                - Registered new binding: Move Down - S
11:24:36.001 [JavaFX Application Thread] DEBUG Input                - Registered new binding: Jump - Space
11:24:36.002 [JavaFX Application Thread] DEBUG FXGLAssetLoaderServi - Loading from file system: jar:file:///Users/CHLaroche05/.m2/repository/com/github/almasb/fxgl/17/fxgl-17.jar!/fxglassets/textures/fxgl_icon.png
11:24:36.034 [JavaFX Application Thread] DEBUG FXGLAssetLoaderServi - Loading from file system: jar:file:///Users/CHLaroche05/.m2/repository/com/github/almasb/fxgl/17/fxgl-17.jar!/fxglassets/textures/fxgl_default_cursor.png
11:24:36.036 [JavaFX Application Thread] DEBUG Input                - Registered new binding: Screenshot - CTRL+8
11:24:36.036 [JavaFX Application Thread] DEBUG Input                - Registered new binding: Dev Options - 1
11:24:36.037 [JavaFX Application Thread] DEBUG Input                - Registered new binding: Dev Console - 2
11:24:36.037 [JavaFX Application Thread] DEBUG Input                - Registered new binding: System info dump - CTRL+9
11:24:36.037 [JavaFX Application Thread] DEBUG Input                - Registered new binding: Restart - CTRL+R
11:24:36.038 [JavaFX Application Thread] DEBUG Input                - Registered new binding: Toggle Debug Camera - CTRL+7
11:24:36.041 [JavaFX Application Thread] DEBUG LoopRunner           - Starting loop
11:24:36.059 [JavaFX Application Thread] DEBUG LoopRunner           - Initializing JavaFX AnimationTimerLoop
11:24:36.062 [JavaFX Application Thread] DEBUG Input                - Clearing active input actions
11:24:36.071 [JavaFX Application Thread] DEBUG GameApplicationServi - Removing overlay from FXGLStartupScene and adding to FXGLMainMenuDummyScene
11:24:36.076 [JavaFX Application Thread] DEBUG PrimaryStageWindow   - FXGLStartupScene -> FXGLMainMenuDummyScene
11:24:36.076 [JavaFX Application Thread] DEBUG PrimaryStageWindow   - Push state: FXGLDefaultMenu
11:24:36.079 [JavaFX Application Thread] DEBUG Input                - Clearing active input actions
11:24:36.089 [JavaFX Application Thread] DEBUG GameApplicationServi - Removing overlay from FXGLMainMenuDummyScene and adding to FXGLDefaultMenu
11:24:36.090 [JavaFX Application Thread] DEBUG PrimaryStageWindow   - FXGLMainMenuDummyScene -> FXGLDefaultMenu
11:24:36.120 [JavaFX Application Thread] DEBUG FXGLApplication      - Registering font factories with UI factory
11:24:36.583 [FXGL Background Thread 2 ] INFO  UpdaterService       - Your current version:  17
11:24:36.583 [FXGL Background Thread 2 ] INFO  UpdaterService       - Latest stable version: 21.1
11:24:37.027 [JavaFX Application Thread] DEBUG Menu                 - fireNewGame()
11:24:37.027 [JavaFX Application Thread] DEBUG GameApplicationServi - Starting new game
11:24:37.029 [JavaFX Application Thread] DEBUG PrimaryStageWindow   - Pop state: FXGLDefaultMenu
11:24:37.029 [JavaFX Application Thread] DEBUG Input                - Clearing active input actions
11:24:37.031 [JavaFX Application Thread] DEBUG GameApplicationServi - Removing overlay from FXGLDefaultMenu and adding to FXGLMainMenuDummyScene
11:24:37.033 [JavaFX Application Thread] DEBUG PrimaryStageWindow   - FXGLMainMenuDummyScene <- FXGLDefaultMenu
11:24:37.034 [JavaFX Application Thread] DEBUG Input                - Clearing active input actions
11:24:37.048 [JavaFX Application Thread] DEBUG GameApplicationServi - Removing overlay from FXGLMainMenuDummyScene and adding to FXGLLoadingScene
11:24:37.049 [JavaFX Application Thread] DEBUG PrimaryStageWindow   - FXGLMainMenuDummyScene -> FXGLLoadingScene
11:24:37.049 [JavaFX Application Thread] DEBUG GameApplicationServi - Clearing previous game
11:24:37.049 [JavaFX Application Thread] DEBUG GameScene            - Clearing game scene
11:24:37.049 [JavaFX Application Thread] DEBUG GameWorld            - Clearing game world
11:24:37.049 [JavaFX Application Thread] DEBUG PhysicsWorld         - Clearing physics world
11:24:37.051 [FXGL Background Thread 2 ] DEBUG FXGLApplication      - Initializing game
11:24:37.099 [FXGL Background Thread 2 ] WARN  TMXLevelLoader       - TiledMap generated from 1.10.2. Supported version: 1.2.3. Some features may not be parsed fully.
11:24:37.192 [FXGL Background Thread 2 ] DEBUG TMXLevelLoader       - Parsed TiledMap: file:/Users/CHLaroche05/zelda/zeldaPuzzle%20copy/target/classes/assets/levels/mapFinal.tmx
11:24:37.195 [FXGL Background Thread 2 ] DEBUG TMXLevelLoader       - Creating tile layer entities
11:24:37.197 [FXGL Background Thread 2 ] DEBUG TilesetLoader        - Loading view for layer background
11:24:37.214 [FXGL Background Thread 2 ] DEBUG TilesetLoader        - Created buffer with size 4800.0x4800.0
11:24:37.402 [FXGL Background Thread 2 ] DEBUG TilesetLoader        - Loading view for layer devant
11:24:37.414 [FXGL Background Thread 2 ] DEBUG TilesetLoader        - Created buffer with size 4800.0x4800.0
11:24:37.454 [FXGL Background Thread 2 ] DEBUG TilesetLoader        - Loading view for layer devant1
11:24:37.468 [FXGL Background Thread 2 ] DEBUG TilesetLoader        - Created buffer with size 4800.0x4800.0
11:24:37.488 [FXGL Background Thread 2 ] DEBUG TMXLevelLoader       - Creating object layer entities
11:24:37.541 [FXGL Background Thread 2 ] DEBUG GameWorld            - Clearing removable entities
11:24:37.541 [FXGL Background Thread 2 ] DEBUG GameWorld            - Setting level: com.almasb.fxgl.entity.level.Level@3f67a3c4
11:24:37.567 [FXGL Background Thread 2 ] WARN  GameWorld            - Entity is already attached to world
11:24:37.569 [FXGL Background Thread 2 ] WARN  GameWorld            - Entity is already attached to world
11:24:37.576 [FXGL Background Thread 2 ] INFO  FXGLApplication      - Game initialization took: 0.524 sec
11:24:37.576 [JavaFX Application Thread] DEBUG Input                - Clearing active input actions
11:24:37.583 [JavaFX Application Thread] DEBUG GameApplicationServi - Removing overlay from FXGLLoadingScene and adding to GameScene
11:24:37.586 [JavaFX Application Thread] DEBUG PrimaryStageWindow   - FXGLLoadingScene -> GameScene
11:24:38.967 [FXGL Background Thread 3 ] DEBUG Engine               - Logging environment variables
11:24:38.968 [FXGL Background Thread 3 ] DEBUG Engine               - achievements: []
11:24:38.968 [FXGL Background Thread 3 ] DEBUG Engine               - actualHeight: 800.0
11:24:38.968 [FXGL Background Thread 3 ] DEBUG Engine               - actualHeightProperty: ReadOnlyDoubleProperty [value: 800.0]
11:24:38.968 [FXGL Background Thread 3 ] DEBUG Engine               - actualWidth: 800.0
11:24:38.968 [FXGL Background Thread 3 ] DEBUG Engine               - actualWidthProperty: ReadOnlyDoubleProperty [value: 800.0]
11:24:38.968 [FXGL Background Thread 3 ] DEBUG Engine               - appIcon: fxgl_icon.png
11:24:38.968 [FXGL Background Thread 3 ] DEBUG Engine               - applicationMode: DEVELOPER
11:24:38.968 [FXGL Background Thread 3 ] DEBUG Engine               - cSSList: [fxgl_dark.css]
11:24:38.968 [FXGL Background Thread 3 ] DEBUG Engine               - collisionDetectionStrategy: BRUTE_FORCE
11:24:38.968 [FXGL Background Thread 3 ] DEBUG Engine               - configClass: Optional.empty
11:24:38.968 [FXGL Background Thread 3 ] DEBUG Engine               - credits: []
11:24:38.968 [FXGL Background Thread 3 ] DEBUG Engine               - defaultCursor: CursorInfo(imageName=fxgl_default_cursor.png, hotspotX=7.0, hotspotY=6.0)
11:24:38.969 [FXGL Background Thread 3 ] DEBUG Engine               - devBBoxColorProperty: ObjectProperty [value: 0xff0000ff]
11:24:38.969 [FXGL Background Thread 3 ] DEBUG Engine               - devEnableDebugCameraProperty: BooleanProperty [value: false]
11:24:38.969 [FXGL Background Thread 3 ] DEBUG Engine               - devSensorColorProperty: ObjectProperty [value: 0xffff00ff]
11:24:38.969 [FXGL Background Thread 3 ] DEBUG Engine               - devShowBBoxProperty: BooleanProperty [value: false]
11:24:38.969 [FXGL Background Thread 3 ] DEBUG Engine               - devShowPositionProperty: BooleanProperty [value: false]
11:24:38.969 [FXGL Background Thread 3 ] DEBUG Engine               - enabledMenuItems: []
11:24:38.969 [FXGL Background Thread 3 ] DEBUG Engine               - engineServices: [class com.almasb.fxgl.app.services.FXGLAssetLoaderService, class com.almasb.fxgl.app.FXGLApplication$GameApplicationService, class com.almasb.fxgl.app.services.FXGLDialogService, class com.almasb.fxgl.app.services.IOTaskExecutorService, class com.almasb.fxgl.io.FileSystemService, class com.almasb.fxgl.localization.LocalizationService, class com.almasb.fxgl.app.services.SystemBundleService, class com.almasb.fxgl.profile.SaveLoadService, class com.almasb.fxgl.ui.FXGLUIFactoryServiceProvider, class com.almasb.fxgl.ui.FXGLDialogFactoryServiceProvider, class com.almasb.fxgl.audio.AudioPlayer, class com.almasb.fxgl.notification.impl.NotificationServiceProvider, class com.almasb.fxgl.achievement.AchievementService, class com.almasb.fxgl.cutscene.CutsceneService, class com.almasb.fxgl.minigames.MiniGameService, class com.almasb.fxgl.net.NetService, class com.almasb.fxgl.app.services.UpdaterService, class com.almasb.fxgl.dev.DevService]
11:24:38.969 [FXGL Background Thread 3 ] DEBUG Engine               - fontGame: Abel-Regular.ttf
11:24:38.969 [FXGL Background Thread 3 ] DEBUG Engine               - fontMono: TerminalLandMono-Regular.otf
11:24:38.969 [FXGL Background Thread 3 ] DEBUG Engine               - fontText: Courier-Prime.ttf
11:24:38.969 [FXGL Background Thread 3 ] DEBUG Engine               - fontUI: VarelaRound-Regular.ttf
11:24:38.969 [FXGL Background Thread 3 ] DEBUG Engine               - fullScreen: BooleanProperty [value: false]
11:24:38.969 [FXGL Background Thread 3 ] DEBUG Engine               - gameDifficulty: MEDIUM
11:24:38.969 [FXGL Background Thread 3 ] DEBUG Engine               - gameDifficultyProperty: ObjectProperty [value: MEDIUM]
11:24:38.969 [FXGL Background Thread 3 ] DEBUG Engine               - globalMusicVolume: 0.5
11:24:38.969 [FXGL Background Thread 3 ] DEBUG Engine               - globalMusicVolumeProperty: DoubleProperty [value: 0.5]
11:24:38.969 [FXGL Background Thread 3 ] DEBUG Engine               - globalSoundVolume: 0.5
11:24:38.969 [FXGL Background Thread 3 ] DEBUG Engine               - globalSoundVolumeProperty: DoubleProperty [value: 0.5]
11:24:38.970 [FXGL Background Thread 3 ] DEBUG Engine               - height: 800
11:24:38.970 [FXGL Background Thread 3 ] DEBUG Engine               - is3D: false
11:24:38.970 [FXGL Background Thread 3 ] DEBUG Engine               - isAndroid: false
11:24:38.970 [FXGL Background Thread 3 ] DEBUG Engine               - isBrowser: false
11:24:38.970 [FXGL Background Thread 3 ] DEBUG Engine               - isClickFeedbackEnabled: false
11:24:38.970 [FXGL Background Thread 3 ] DEBUG Engine               - isCloseConfirmation: false
11:24:38.970 [FXGL Background Thread 3 ] DEBUG Engine               - isDesktop: true
11:24:38.970 [FXGL Background Thread 3 ] DEBUG Engine               - isDeveloperMenuEnabled: true
11:24:38.970 [FXGL Background Thread 3 ] DEBUG Engine               - isEmbedded: false
11:24:38.970 [FXGL Background Thread 3 ] DEBUG Engine               - isEntityPreloadEnabled: true
11:24:38.970 [FXGL Background Thread 3 ] DEBUG Engine               - isExperimentalTiledLargeMap: false
11:24:38.970 [FXGL Background Thread 3 ] DEBUG Engine               - isFileSystemWriteAllowed: true
11:24:38.970 [FXGL Background Thread 3 ] DEBUG Engine               - isFullScreenAllowed: true
11:24:38.970 [FXGL Background Thread 3 ] DEBUG Engine               - isFullScreenFromStart: false
11:24:38.970 [FXGL Background Thread 3 ] DEBUG Engine               - isGameMenuEnabled: true
11:24:38.970 [FXGL Background Thread 3 ] DEBUG Engine               - isIOS: false
11:24:38.970 [FXGL Background Thread 3 ] DEBUG Engine               - isIntroEnabled: false
11:24:38.970 [FXGL Background Thread 3 ] DEBUG Engine               - isLinux: false
11:24:38.970 [FXGL Background Thread 3 ] DEBUG Engine               - isMac: true
11:24:38.970 [FXGL Background Thread 3 ] DEBUG Engine               - isMainMenuEnabled: true
11:24:38.970 [FXGL Background Thread 3 ] DEBUG Engine               - isManualResizeEnabled: false
11:24:38.970 [FXGL Background Thread 3 ] DEBUG Engine               - isMobile: false
11:24:38.970 [FXGL Background Thread 3 ] DEBUG Engine               - isNative: false
11:24:38.970 [FXGL Background Thread 3 ] DEBUG Engine               - isPauseMusicWhenMinimized: true
11:24:38.970 [FXGL Background Thread 3 ] DEBUG Engine               - isPreserveResizeRatio: false
11:24:38.970 [FXGL Background Thread 3 ] DEBUG Engine               - isProfilingEnabled: false
11:24:38.970 [FXGL Background Thread 3 ] DEBUG Engine               - isScaleAffectedOnResize: true
11:24:38.970 [FXGL Background Thread 3 ] DEBUG Engine               - isSingleStep: false
11:24:38.970 [FXGL Background Thread 3 ] DEBUG Engine               - isUserProfileEnabled: false
11:24:38.970 [FXGL Background Thread 3 ] DEBUG Engine               - isWindows: false
11:24:38.970 [FXGL Background Thread 3 ] DEBUG Engine               - language: ObjectProperty [value: ENGLISH]
11:24:38.970 [FXGL Background Thread 3 ] DEBUG Engine               - menuKey: ESCAPE
11:24:38.971 [FXGL Background Thread 3 ] DEBUG Engine               - mouseSensitivity: 0.2
11:24:38.971 [FXGL Background Thread 3 ] DEBUG Engine               - notificationViewClass: class com.almasb.fxgl.notification.view.XboxNotificationView
11:24:38.971 [FXGL Background Thread 3 ] DEBUG Engine               - pixelsPerMeter: 50.0
11:24:38.971 [FXGL Background Thread 3 ] DEBUG Engine               - platform: MAC
11:24:38.971 [FXGL Background Thread 3 ] DEBUG Engine               - prefHeightProperty: ReadOnlyDoubleProperty [value: 800.0]
11:24:38.971 [FXGL Background Thread 3 ] DEBUG Engine               - prefWidthProperty: ReadOnlyDoubleProperty [value: 800.0]
11:24:38.971 [FXGL Background Thread 3 ] DEBUG Engine               - profileDir: profiles/
11:24:38.971 [FXGL Background Thread 3 ] DEBUG Engine               - profileName: StringProperty [value: DEFAULT]
11:24:38.971 [FXGL Background Thread 3 ] DEBUG Engine               - randomSeed: -1
11:24:38.971 [FXGL Background Thread 3 ] DEBUG Engine               - runtimeInfo: RuntimeInfo(platform=MAC, version=17, build=31.12.2021 18.16)
11:24:38.971 [FXGL Background Thread 3 ] DEBUG Engine               - saveFileExt: sav
11:24:38.971 [FXGL Background Thread 3 ] DEBUG Engine               - scaledHeightProp$fxgl: DoubleProperty [bound, value: 800.0]
11:24:38.971 [FXGL Background Thread 3 ] DEBUG Engine               - scaledWidthProp$fxgl: DoubleProperty [bound, value: 800.0]
11:24:38.971 [FXGL Background Thread 3 ] DEBUG Engine               - sceneFactory: com.almasb.fxgl.app.scene.SceneFactory@2c1a75f5
11:24:38.971 [FXGL Background Thread 3 ] DEBUG Engine               - secondsIn24h: 60
11:24:38.971 [FXGL Background Thread 3 ] DEBUG Engine               - soundMenuBack: menu/back.wav
11:24:38.971 [FXGL Background Thread 3 ] DEBUG Engine               - soundMenuPress: menu/press.wav
11:24:38.971 [FXGL Background Thread 3 ] DEBUG Engine               - soundMenuSelect: menu/select.wav
11:24:38.972 [FXGL Background Thread 3 ] DEBUG Engine               - soundNotification: core/notification.wav
11:24:38.972 [FXGL Background Thread 3 ] DEBUG Engine               - stageStyle: DECORATED
11:24:38.972 [FXGL Background Thread 3 ] DEBUG Engine               - supportedLanguages: [ENGLISH, FRENCH, GERMAN, HUNGARIAN, RUSSIAN]
11:24:38.972 [FXGL Background Thread 3 ] DEBUG Engine               - ticksPerSecond: -1
11:24:38.972 [FXGL Background Thread 3 ] DEBUG Engine               - title: Zelda 2D Game
11:24:38.972 [FXGL Background Thread 3 ] DEBUG Engine               - urlGithub: https://github.com/AlmasB/FXGL
11:24:38.972 [FXGL Background Thread 3 ] DEBUG Engine               - urlLeaderboard: http://fxgl-top.herokuapp.com/
11:24:38.972 [FXGL Background Thread 3 ] DEBUG Engine               - urlPOM: https://raw.githubusercontent.com/AlmasB/FXGL/release/README.md
11:24:38.972 [FXGL Background Thread 3 ] DEBUG Engine               - userAppClass: class com.example.zeldapuzzle.MainGameApp
11:24:38.972 [FXGL Background Thread 3 ] DEBUG Engine               - version: 1
11:24:38.972 [FXGL Background Thread 3 ] DEBUG Engine               - versionCheckDays: 7
11:24:38.972 [FXGL Background Thread 3 ] DEBUG Engine               - width: 800
11:24:38.972 [FXGL Background Thread 3 ] DEBUG Engine               - Logging services
11:24:38.972 [FXGL Background Thread 3 ] DEBUG Engine               - class com.almasb.fxgl.app.services.FXGLAssetLoaderService
11:24:38.972 [FXGL Background Thread 3 ] DEBUG Engine               - class com.almasb.fxgl.app.FXGLApplication$GameApplicationService
11:24:38.972 [FXGL Background Thread 3 ] DEBUG Engine               - class com.almasb.fxgl.app.services.FXGLDialogService
11:24:38.972 [FXGL Background Thread 3 ] DEBUG Engine               - class com.almasb.fxgl.app.services.IOTaskExecutorService
11:24:38.972 [FXGL Background Thread 3 ] DEBUG Engine               - class com.almasb.fxgl.io.FileSystemService
11:24:38.972 [FXGL Background Thread 3 ] DEBUG Engine               - class com.almasb.fxgl.localization.LocalizationService
11:24:38.972 [FXGL Background Thread 3 ] DEBUG Engine               - class com.almasb.fxgl.app.services.SystemBundleService
11:24:38.972 [FXGL Background Thread 3 ] DEBUG Engine               - class com.almasb.fxgl.profile.SaveLoadService
11:24:38.972 [FXGL Background Thread 3 ] DEBUG Engine               - class com.almasb.fxgl.ui.FXGLUIFactoryServiceProvider
11:24:38.972 [FXGL Background Thread 3 ] DEBUG Engine               - class com.almasb.fxgl.ui.FXGLDialogFactoryServiceProvider
11:24:38.972 [FXGL Background Thread 3 ] DEBUG Engine               - class com.almasb.fxgl.audio.AudioPlayer
11:24:38.972 [FXGL Background Thread 3 ] DEBUG Engine               - class com.almasb.fxgl.notification.impl.NotificationServiceProvider
11:24:38.972 [FXGL Background Thread 3 ] DEBUG Engine               - class com.almasb.fxgl.achievement.AchievementService
11:24:38.972 [FXGL Background Thread 3 ] DEBUG Engine               - class com.almasb.fxgl.cutscene.CutsceneService
11:24:38.972 [FXGL Background Thread 3 ] DEBUG Engine               - class com.almasb.fxgl.minigames.MiniGameService
11:24:38.972 [FXGL Background Thread 3 ] DEBUG Engine               - class com.almasb.fxgl.net.NetService
11:24:38.972 [FXGL Background Thread 3 ] DEBUG Engine               - class com.almasb.fxgl.app.services.UpdaterService
11:24:38.972 [FXGL Background Thread 3 ] DEBUG Engine               - class com.almasb.fxgl.dev.DevService
11:26:04.758 [JavaFX Application Thread] DEBUG FXGLApplication      - Exiting FXGL
11:26:04.758 [JavaFX Application Thread] DEBUG LoopRunner           - Stopping loop
11:26:04.758 [JavaFX Application Thread] DEBUG SystemBundleService  - Saving FXGL system data
11:26:04.760 [JavaFX Application Thread] DEBUG FileSystemAccess     - Writing to: /Users/CHLaroche05/zelda/zeldaPuzzle copy/system/fxgl.bundle
11:26:04.762 [JavaFX Application Thread] DEBUG Async                - Shutting down background threads
11:26:04.762 [JavaFX Application Thread] DEBUG PrimaryStageWindow   - Closing main window
11:26:04.769 [JavaFX Application Thread] DEBUG Logger               - Closing Logger
