20:26:24.027 [main                     ] DEBUG Logger               - Configured Logger
20:26:24.047 [main                     ] DEBUG GameApplication      - Logging settings
Title: Zelda 2D Game
Version: 1
Width: 800
Height: 800
Fullscreen: true
Intro: false
Profiling: false
Single step:false
App Mode: DEVELOPER
Menu Key: ESCAPE
Stage Style: DECORATED
Scene Factory: class com.almasb.fxgl.app.scene.SceneFactory

20:26:24.258 [JavaFX Application Thread] DEBUG FXGLApplication      - Initializing FXGL
20:26:24.262 [JavaFX Application Thread] INFO  Engine               - FXGL-17 (31.12.2021 18.16) on MAC (J:19.0.1 FX:19)
20:26:24.263 [JavaFX Application Thread] DEBUG Engine               - JRE Vendor Name: Oracle Corporation
20:26:24.263 [JavaFX Application Thread] DEBUG Engine               - Running on OS: Mac OS X version 12.5
20:26:24.263 [JavaFX Application Thread] DEBUG Engine               - Architecture: aarch64
20:26:24.263 [JavaFX Application Thread] INFO  Engine               - Source code and latest versions at: https://github.com/AlmasB/FXGL
20:26:24.264 [JavaFX Application Thread] INFO  Engine               -       Ask questions and discuss at: https://github.com/AlmasB/FXGL/discussions
20:26:24.264 [JavaFX Application Thread] INFO  Engine               -              Join the FXGL chat at: https://gitter.im/AlmasB/FXGL
20:26:24.329 [JavaFX Application Thread] DEBUG PrimaryStageWindow   - Creating a JavaFX scene
20:26:24.368 [JavaFX Application Thread] DEBUG PrimaryStageWindow   - Target settings size: 800.0 x 800.0
20:26:24.368 [JavaFX Application Thread] DEBUG PrimaryStageWindow   - Scaled scene size:    800.0 x 800.0
20:26:24.369 [JavaFX Application Thread] DEBUG PrimaryStageWindow   - Scaled ratio: (1.0, 1.0)
20:26:24.369 [JavaFX Application Thread] DEBUG PrimaryStageWindow   - Set initial scene to FXGLStartupScene
20:26:24.374 [JavaFX Application Thread] DEBUG PrimaryStageWindow   - Opening main window
20:26:24.480 [JavaFX Application Thread] DEBUG PrimaryStageWindow   - Window border size: (0.0, 28.0)
20:26:24.480 [JavaFX Application Thread] DEBUG PrimaryStageWindow   - Scaled size: 800.0 x 800.0
20:26:24.480 [JavaFX Application Thread] DEBUG PrimaryStageWindow   - Scaled ratio: (1.0, 1.0)
20:26:24.481 [JavaFX Application Thread] DEBUG PrimaryStageWindow   - Scene size: 800.0 x 800.0
20:26:24.481 [JavaFX Application Thread] DEBUG PrimaryStageWindow   - Stage size: 800.0 x 828.0
20:26:24.486 [FXGL Background Thread 1 ] DEBUG Engine               - Initializing environment variables
20:26:24.524 [FXGL Background Thread 1 ] DEBUG FXGLAssetLoaderServi - User app class for loading assets: class com.example.zeldapuzzle.MainGameApp
20:26:24.524 [FXGL Background Thread 1 ] DEBUG GameApplicationServi - Applying CSS: fxgl_dark.css
20:26:24.524 [FXGL Background Thread 1 ] DEBUG FXGLAssetLoaderServi - Loading from file system: jar:file:///Users/CHLaroche05/.m2/repository/com/github/almasb/fxgl/17/fxgl-17.jar!/fxglassets/ui/css/fxgl_dark.css
20:26:24.564 [FXGL Background Thread 1 ] DEBUG GameApplicationServi - Initializing application scenes
20:26:24.994 [FXGL Background Thread 1 ] DEBUG GameWorld            - Game world initialized
20:26:25.300 [FXGL Background Thread 1 ] DEBUG PhysicsWorld         - Physics world initialized: appHeight=800, physics.ppm=50.0
20:26:25.301 [FXGL Background Thread 1 ] DEBUG PhysicsWorld         - Using strategy: BRUTE_FORCE
20:26:25.306 [FXGL Background Thread 1 ] DEBUG GameScene            - Game scene initialized: 800x800
20:26:25.329 [FXGL Background Thread 1 ] DEBUG FXGL.DefaultMenu     - createMenuBodyMainMenu()
20:26:25.351 [FXGL Background Thread 1 ] DEBUG FXGL.DefaultMenu     - createOptionsMenu()
20:26:25.374 [FXGL Background Thread 1 ] DEBUG FXGLAssetLoaderServi - Loading from file system: jar:file:///Users/CHLaroche05/.m2/repository/com/github/almasb/fxgl/17/fxgl-17.jar!/fxglassets/textures/particles/smoke.png
20:26:25.488 [FXGL Background Thread 1 ] DEBUG FXGLAssetLoaderServi - Loading from file system: jar:file:///Users/CHLaroche05/.m2/repository/com/github/almasb/fxgl/17/fxgl-17.jar!/fxglassets/textures/particles/trace_horizontal.png
20:26:25.508 [FXGL Background Thread 1 ] DEBUG FXGL.DefaultMenu     - createMenuBodyGameMenu()
20:26:25.509 [FXGL Background Thread 1 ] DEBUG FXGL.DefaultMenu     - createOptionsMenu()
20:26:25.550 [FXGL Background Thread 1 ] DEBUG GameApplicationServi - Application scenes initialized
20:26:25.560 [FXGL Background Thread 1 ] DEBUG SystemBundleService  - Loading FXGL system data
20:26:25.563 [FXGL Background Thread 1 ] DEBUG FileSystemAccess     - Reading from: /Users/CHLaroche05/zelda/zeldaPuzzle/system/fxgl.bundle
20:26:25.570 [FXGL Background Thread 1 ] DEBUG SystemBundleService  - Bundle FXGL: {}
20:26:25.570 [FXGL Background Thread 1 ] DEBUG UpdaterService       - Checking for updates
20:26:25.589 [FXGL Background Thread 4 ] DEBUG FXGLApplication      - Loading fonts
20:26:25.589 [FXGL Background Thread 1 ] DEBUG FXGLApplication      - Loading default localization
20:26:25.589 [FXGL Background Thread 4 ] DEBUG FXGLAssetLoaderServi - Loading from file system: jar:file:///Users/CHLaroche05/.m2/repository/com/github/almasb/fxgl/17/fxgl-17.jar!/fxglassets/ui/fonts/VarelaRound-Regular.ttf
20:26:25.590 [FXGL Background Thread 1 ] DEBUG FXGLAssetLoaderServi - Loading from file system: jar:file:///Users/CHLaroche05/.m2/repository/com/github/almasb/fxgl/17/fxgl-17.jar!/fxglassets/languages/english.lang
20:26:25.597 [FXGL Background Thread 4 ] DEBUG FXGLAssetLoaderServi - Loading from file system: jar:file:///Users/CHLaroche05/.m2/repository/com/github/almasb/fxgl/17/fxgl-17.jar!/fxglassets/ui/fonts/Abel-Regular.ttf
20:26:25.600 [FXGL Background Thread 4 ] DEBUG FXGLAssetLoaderServi - Loading from file system: jar:file:///Users/CHLaroche05/.m2/repository/com/github/almasb/fxgl/17/fxgl-17.jar!/fxglassets/ui/fonts/TerminalLandMono-Regular.otf
20:26:25.601 [FXGL Background Thread 1 ] INFO  FXGLApplication      - FXGL initialization took: 1.116 sec
20:26:25.602 [FXGL Background Thread 4 ] DEBUG FXGLAssetLoaderServi - Loading from file system: jar:file:///Users/CHLaroche05/.m2/repository/com/github/almasb/fxgl/17/fxgl-17.jar!/fxglassets/ui/fonts/Courier-Prime.ttf
20:26:25.608 [JavaFX Application Thread] DEBUG Input                - Registered new binding: inventaire - Tab
20:26:25.608 [JavaFX Application Thread] DEBUG Input                - Registered new binding: getPosition - P
20:26:25.608 [JavaFX Application Thread] DEBUG Input                - Registered new binding: zoom+ - Up
20:26:25.608 [JavaFX Application Thread] DEBUG Input                - Registered new binding: zoom- - Down
20:26:25.608 [JavaFX Application Thread] DEBUG Input                - Registered new binding: resetZoom - 0
20:26:25.608 [JavaFX Application Thread] DEBUG Input                - Registered new binding: Move right - D
20:26:25.608 [JavaFX Application Thread] DEBUG Input                - Registered new binding: Move left - A
20:26:25.608 [JavaFX Application Thread] DEBUG Input                - Registered new binding: Move Up - W
20:26:25.608 [JavaFX Application Thread] DEBUG Input                - Registered new binding: Move Down - S
20:26:25.609 [JavaFX Application Thread] DEBUG FXGLAssetLoaderServi - Loading from file system: jar:file:///Users/CHLaroche05/.m2/repository/com/github/almasb/fxgl/17/fxgl-17.jar!/fxglassets/textures/fxgl_icon.png
20:26:25.626 [JavaFX Application Thread] DEBUG FXGLAssetLoaderServi - Loading from file system: jar:file:///Users/CHLaroche05/.m2/repository/com/github/almasb/fxgl/17/fxgl-17.jar!/fxglassets/textures/fxgl_default_cursor.png
20:26:25.627 [JavaFX Application Thread] DEBUG Input                - Registered new binding: Screenshot - CTRL+8
20:26:25.627 [JavaFX Application Thread] DEBUG Input                - Registered new binding: Dev Options - 1
20:26:25.627 [JavaFX Application Thread] DEBUG Input                - Registered new binding: Dev Console - 2
20:26:25.628 [JavaFX Application Thread] DEBUG Input                - Registered new binding: System info dump - CTRL+9
20:26:25.628 [JavaFX Application Thread] DEBUG Input                - Registered new binding: Restart - CTRL+R
20:26:25.628 [JavaFX Application Thread] DEBUG Input                - Registered new binding: Toggle Debug Camera - CTRL+7
20:26:25.629 [JavaFX Application Thread] DEBUG LoopRunner           - Starting loop
20:26:25.638 [JavaFX Application Thread] DEBUG LoopRunner           - Initializing JavaFX AnimationTimerLoop
20:26:25.640 [JavaFX Application Thread] DEBUG Input                - Clearing active input actions
20:26:25.644 [JavaFX Application Thread] DEBUG GameApplicationServi - Removing overlay from FXGLStartupScene and adding to FXGLMainMenuDummyScene
20:26:25.646 [JavaFX Application Thread] DEBUG PrimaryStageWindow   - FXGLStartupScene -> FXGLMainMenuDummyScene
20:26:25.647 [JavaFX Application Thread] DEBUG PrimaryStageWindow   - Push state: FXGLDefaultMenu
20:26:25.648 [JavaFX Application Thread] DEBUG Input                - Clearing active input actions
20:26:25.652 [JavaFX Application Thread] DEBUG GameApplicationServi - Removing overlay from FXGLMainMenuDummyScene and adding to FXGLDefaultMenu
20:26:25.652 [JavaFX Application Thread] DEBUG PrimaryStageWindow   - FXGLMainMenuDummyScene -> FXGLDefaultMenu
20:26:25.667 [JavaFX Application Thread] DEBUG FXGLApplication      - Registering font factories with UI factory
20:26:25.912 [FXGL Background Thread 2 ] INFO  UpdaterService       - Your current version:  17
20:26:25.912 [FXGL Background Thread 2 ] INFO  UpdaterService       - Latest stable version: 21.1
20:26:28.593 [FXGL Background Thread 3 ] DEBUG Engine               - Logging environment variables
20:26:28.594 [FXGL Background Thread 3 ] DEBUG Engine               - achievements: []
20:26:28.594 [FXGL Background Thread 3 ] DEBUG Engine               - actualHeight: 800.0
20:26:28.594 [FXGL Background Thread 3 ] DEBUG Engine               - actualHeightProperty: ReadOnlyDoubleProperty [value: 800.0]
20:26:28.594 [FXGL Background Thread 3 ] DEBUG Engine               - actualWidth: 800.0
20:26:28.594 [FXGL Background Thread 3 ] DEBUG Engine               - actualWidthProperty: ReadOnlyDoubleProperty [value: 800.0]
20:26:28.594 [FXGL Background Thread 3 ] DEBUG Engine               - appIcon: fxgl_icon.png
20:26:28.594 [FXGL Background Thread 3 ] DEBUG Engine               - applicationMode: DEVELOPER
20:26:28.594 [FXGL Background Thread 3 ] DEBUG Engine               - cSSList: [fxgl_dark.css]
20:26:28.594 [FXGL Background Thread 3 ] DEBUG Engine               - collisionDetectionStrategy: BRUTE_FORCE
20:26:28.594 [FXGL Background Thread 3 ] DEBUG Engine               - configClass: Optional.empty
20:26:28.594 [FXGL Background Thread 3 ] DEBUG Engine               - credits: []
20:26:28.595 [FXGL Background Thread 3 ] DEBUG Engine               - defaultCursor: CursorInfo(imageName=fxgl_default_cursor.png, hotspotX=7.0, hotspotY=6.0)
20:26:28.595 [FXGL Background Thread 3 ] DEBUG Engine               - devBBoxColorProperty: ObjectProperty [value: 0xff0000ff]
20:26:28.595 [FXGL Background Thread 3 ] DEBUG Engine               - devEnableDebugCameraProperty: BooleanProperty [value: false]
20:26:28.595 [FXGL Background Thread 3 ] DEBUG Engine               - devSensorColorProperty: ObjectProperty [value: 0xffff00ff]
20:26:28.595 [FXGL Background Thread 3 ] DEBUG Engine               - devShowBBoxProperty: BooleanProperty [value: false]
20:26:28.595 [FXGL Background Thread 3 ] DEBUG Engine               - devShowPositionProperty: BooleanProperty [value: false]
20:26:28.595 [FXGL Background Thread 3 ] DEBUG Engine               - enabledMenuItems: []
20:26:28.595 [FXGL Background Thread 3 ] DEBUG Engine               - engineServices: [class com.almasb.fxgl.app.services.FXGLAssetLoaderService, class com.almasb.fxgl.app.FXGLApplication$GameApplicationService, class com.almasb.fxgl.app.services.FXGLDialogService, class com.almasb.fxgl.app.services.IOTaskExecutorService, class com.almasb.fxgl.io.FileSystemService, class com.almasb.fxgl.localization.LocalizationService, class com.almasb.fxgl.app.services.SystemBundleService, class com.almasb.fxgl.profile.SaveLoadService, class com.almasb.fxgl.ui.FXGLUIFactoryServiceProvider, class com.almasb.fxgl.ui.FXGLDialogFactoryServiceProvider, class com.almasb.fxgl.audio.AudioPlayer, class com.almasb.fxgl.notification.impl.NotificationServiceProvider, class com.almasb.fxgl.achievement.AchievementService, class com.almasb.fxgl.cutscene.CutsceneService, class com.almasb.fxgl.minigames.MiniGameService, class com.almasb.fxgl.net.NetService, class com.almasb.fxgl.app.services.UpdaterService, class com.almasb.fxgl.dev.DevService]
20:26:28.595 [FXGL Background Thread 3 ] DEBUG Engine               - fontGame: Abel-Regular.ttf
20:26:28.595 [FXGL Background Thread 3 ] DEBUG Engine               - fontMono: TerminalLandMono-Regular.otf
20:26:28.595 [FXGL Background Thread 3 ] DEBUG Engine               - fontText: Courier-Prime.ttf
20:26:28.595 [FXGL Background Thread 3 ] DEBUG Engine               - fontUI: VarelaRound-Regular.ttf
20:26:28.595 [FXGL Background Thread 3 ] DEBUG Engine               - fullScreen: BooleanProperty [value: false]
20:26:28.596 [FXGL Background Thread 3 ] DEBUG Engine               - gameDifficulty: MEDIUM
20:26:28.596 [FXGL Background Thread 3 ] DEBUG Engine               - gameDifficultyProperty: ObjectProperty [value: MEDIUM]
20:26:28.596 [FXGL Background Thread 3 ] DEBUG Engine               - globalMusicVolume: 0.5
20:26:28.596 [FXGL Background Thread 3 ] DEBUG Engine               - globalMusicVolumeProperty: DoubleProperty [value: 0.5]
20:26:28.596 [FXGL Background Thread 3 ] DEBUG Engine               - globalSoundVolume: 0.5
20:26:28.596 [FXGL Background Thread 3 ] DEBUG Engine               - globalSoundVolumeProperty: DoubleProperty [value: 0.5]
20:26:28.596 [FXGL Background Thread 3 ] DEBUG Engine               - height: 800
20:26:28.596 [FXGL Background Thread 3 ] DEBUG Engine               - is3D: false
20:26:28.596 [FXGL Background Thread 3 ] DEBUG Engine               - isAndroid: false
20:26:28.596 [FXGL Background Thread 3 ] DEBUG Engine               - isBrowser: false
20:26:28.596 [FXGL Background Thread 3 ] DEBUG Engine               - isClickFeedbackEnabled: false
20:26:28.596 [FXGL Background Thread 3 ] DEBUG Engine               - isCloseConfirmation: false
20:26:28.596 [FXGL Background Thread 3 ] DEBUG Engine               - isDesktop: true
20:26:28.596 [FXGL Background Thread 3 ] DEBUG Engine               - isDeveloperMenuEnabled: true
20:26:28.596 [FXGL Background Thread 3 ] DEBUG Engine               - isEmbedded: false
20:26:28.596 [FXGL Background Thread 3 ] DEBUG Engine               - isEntityPreloadEnabled: true
20:26:28.596 [FXGL Background Thread 3 ] DEBUG Engine               - isExperimentalTiledLargeMap: false
20:26:28.596 [FXGL Background Thread 3 ] DEBUG Engine               - isFileSystemWriteAllowed: true
20:26:28.597 [FXGL Background Thread 3 ] DEBUG Engine               - isFullScreenAllowed: true
20:26:28.597 [FXGL Background Thread 3 ] DEBUG Engine               - isFullScreenFromStart: false
20:26:28.597 [FXGL Background Thread 3 ] DEBUG Engine               - isGameMenuEnabled: true
20:26:28.597 [FXGL Background Thread 3 ] DEBUG Engine               - isIOS: false
20:26:28.597 [FXGL Background Thread 3 ] DEBUG Engine               - isIntroEnabled: false
20:26:28.597 [FXGL Background Thread 3 ] DEBUG Engine               - isLinux: false
20:26:28.597 [FXGL Background Thread 3 ] DEBUG Engine               - isMac: true
20:26:28.597 [FXGL Background Thread 3 ] DEBUG Engine               - isMainMenuEnabled: true
20:26:28.597 [FXGL Background Thread 3 ] DEBUG Engine               - isManualResizeEnabled: false
20:26:28.597 [FXGL Background Thread 3 ] DEBUG Engine               - isMobile: false
20:26:28.597 [FXGL Background Thread 3 ] DEBUG Engine               - isNative: false
20:26:28.597 [FXGL Background Thread 3 ] DEBUG Engine               - isPauseMusicWhenMinimized: true
20:26:28.597 [FXGL Background Thread 3 ] DEBUG Engine               - isPreserveResizeRatio: false
20:26:28.597 [FXGL Background Thread 3 ] DEBUG Engine               - isProfilingEnabled: false
20:26:28.597 [FXGL Background Thread 3 ] DEBUG Engine               - isScaleAffectedOnResize: true
20:26:28.597 [FXGL Background Thread 3 ] DEBUG Engine               - isSingleStep: false
20:26:28.597 [FXGL Background Thread 3 ] DEBUG Engine               - isUserProfileEnabled: false
20:26:28.597 [FXGL Background Thread 3 ] DEBUG Engine               - isWindows: false
20:26:28.597 [FXGL Background Thread 3 ] DEBUG Engine               - language: ObjectProperty [value: ENGLISH]
20:26:28.597 [FXGL Background Thread 3 ] DEBUG Engine               - menuKey: ESCAPE
20:26:28.597 [FXGL Background Thread 3 ] DEBUG Engine               - mouseSensitivity: 0.2
20:26:28.597 [FXGL Background Thread 3 ] DEBUG Engine               - notificationViewClass: class com.almasb.fxgl.notification.view.XboxNotificationView
20:26:28.598 [FXGL Background Thread 3 ] DEBUG Engine               - pixelsPerMeter: 50.0
20:26:28.598 [FXGL Background Thread 3 ] DEBUG Engine               - platform: MAC
20:26:28.598 [FXGL Background Thread 3 ] DEBUG Engine               - prefHeightProperty: ReadOnlyDoubleProperty [value: 800.0]
20:26:28.598 [FXGL Background Thread 3 ] DEBUG Engine               - prefWidthProperty: ReadOnlyDoubleProperty [value: 800.0]
20:26:28.598 [FXGL Background Thread 3 ] DEBUG Engine               - profileDir: profiles/
20:26:28.598 [FXGL Background Thread 3 ] DEBUG Engine               - profileName: StringProperty [value: DEFAULT]
20:26:28.598 [FXGL Background Thread 3 ] DEBUG Engine               - randomSeed: -1
20:26:28.598 [FXGL Background Thread 3 ] DEBUG Engine               - runtimeInfo: RuntimeInfo(platform=MAC, version=17, build=31.12.2021 18.16)
20:26:28.598 [FXGL Background Thread 3 ] DEBUG Engine               - saveFileExt: sav
20:26:28.598 [FXGL Background Thread 3 ] DEBUG Engine               - scaledHeightProp$fxgl: DoubleProperty [bound, value: 800.0]
20:26:28.598 [FXGL Background Thread 3 ] DEBUG Engine               - scaledWidthProp$fxgl: DoubleProperty [bound, value: 800.0]
20:26:28.598 [FXGL Background Thread 3 ] DEBUG Engine               - sceneFactory: com.almasb.fxgl.app.scene.SceneFactory@3d4bf77f
20:26:28.598 [FXGL Background Thread 3 ] DEBUG Engine               - secondsIn24h: 60
20:26:28.598 [FXGL Background Thread 3 ] DEBUG Engine               - soundMenuBack: menu/back.wav
20:26:28.598 [FXGL Background Thread 3 ] DEBUG Engine               - soundMenuPress: menu/press.wav
20:26:28.598 [FXGL Background Thread 3 ] DEBUG Engine               - soundMenuSelect: menu/select.wav
20:26:28.598 [FXGL Background Thread 3 ] DEBUG Engine               - soundNotification: core/notification.wav
20:26:28.598 [FXGL Background Thread 3 ] DEBUG Engine               - stageStyle: DECORATED
20:26:28.598 [FXGL Background Thread 3 ] DEBUG Engine               - supportedLanguages: [ENGLISH, FRENCH, GERMAN, HUNGARIAN, RUSSIAN]
20:26:28.598 [FXGL Background Thread 3 ] DEBUG Engine               - ticksPerSecond: -1
20:26:28.599 [FXGL Background Thread 3 ] DEBUG Engine               - title: Zelda 2D Game
20:26:28.599 [FXGL Background Thread 3 ] DEBUG Engine               - urlGithub: https://github.com/AlmasB/FXGL
20:26:28.599 [FXGL Background Thread 3 ] DEBUG Engine               - urlLeaderboard: http://fxgl-top.herokuapp.com/
20:26:28.599 [FXGL Background Thread 3 ] DEBUG Engine               - urlPOM: https://raw.githubusercontent.com/AlmasB/FXGL/release/README.md
20:26:28.599 [FXGL Background Thread 3 ] DEBUG Engine               - userAppClass: class com.example.zeldapuzzle.MainGameApp
20:26:28.599 [FXGL Background Thread 3 ] DEBUG Engine               - version: 1
20:26:28.599 [FXGL Background Thread 3 ] DEBUG Engine               - versionCheckDays: 7
20:26:28.599 [FXGL Background Thread 3 ] DEBUG Engine               - width: 800
20:26:28.599 [FXGL Background Thread 3 ] DEBUG Engine               - Logging services
20:26:28.599 [FXGL Background Thread 3 ] DEBUG Engine               - class com.almasb.fxgl.app.services.FXGLAssetLoaderService
20:26:28.599 [FXGL Background Thread 3 ] DEBUG Engine               - class com.almasb.fxgl.app.FXGLApplication$GameApplicationService
20:26:28.599 [FXGL Background Thread 3 ] DEBUG Engine               - class com.almasb.fxgl.app.services.FXGLDialogService
20:26:28.599 [FXGL Background Thread 3 ] DEBUG Engine               - class com.almasb.fxgl.app.services.IOTaskExecutorService
20:26:28.599 [FXGL Background Thread 3 ] DEBUG Engine               - class com.almasb.fxgl.io.FileSystemService
20:26:28.599 [FXGL Background Thread 3 ] DEBUG Engine               - class com.almasb.fxgl.localization.LocalizationService
20:26:28.599 [FXGL Background Thread 3 ] DEBUG Engine               - class com.almasb.fxgl.app.services.SystemBundleService
20:26:28.599 [FXGL Background Thread 3 ] DEBUG Engine               - class com.almasb.fxgl.profile.SaveLoadService
20:26:28.599 [FXGL Background Thread 3 ] DEBUG Engine               - class com.almasb.fxgl.ui.FXGLUIFactoryServiceProvider
20:26:28.599 [FXGL Background Thread 3 ] DEBUG Engine               - class com.almasb.fxgl.ui.FXGLDialogFactoryServiceProvider
20:26:28.599 [FXGL Background Thread 3 ] DEBUG Engine               - class com.almasb.fxgl.audio.AudioPlayer
20:26:28.599 [FXGL Background Thread 3 ] DEBUG Engine               - class com.almasb.fxgl.notification.impl.NotificationServiceProvider
20:26:28.599 [FXGL Background Thread 3 ] DEBUG Engine               - class com.almasb.fxgl.achievement.AchievementService
20:26:28.599 [FXGL Background Thread 3 ] DEBUG Engine               - class com.almasb.fxgl.cutscene.CutsceneService
20:26:28.599 [FXGL Background Thread 3 ] DEBUG Engine               - class com.almasb.fxgl.minigames.MiniGameService
20:26:28.599 [FXGL Background Thread 3 ] DEBUG Engine               - class com.almasb.fxgl.net.NetService
20:26:28.599 [FXGL Background Thread 3 ] DEBUG Engine               - class com.almasb.fxgl.app.services.UpdaterService
20:26:28.599 [FXGL Background Thread 3 ] DEBUG Engine               - class com.almasb.fxgl.dev.DevService
20:26:31.627 [JavaFX Application Thread] DEBUG Menu                 - fireNewGame()
20:26:31.627 [JavaFX Application Thread] DEBUG GameApplicationServi - Starting new game
20:26:31.628 [JavaFX Application Thread] DEBUG PrimaryStageWindow   - Pop state: FXGLDefaultMenu
20:26:31.628 [JavaFX Application Thread] DEBUG Input                - Clearing active input actions
20:26:31.629 [JavaFX Application Thread] DEBUG GameApplicationServi - Removing overlay from FXGLDefaultMenu and adding to FXGLMainMenuDummyScene
20:26:31.630 [JavaFX Application Thread] DEBUG PrimaryStageWindow   - FXGLMainMenuDummyScene <- FXGLDefaultMenu
20:26:31.630 [JavaFX Application Thread] DEBUG Input                - Clearing active input actions
20:26:31.638 [JavaFX Application Thread] DEBUG GameApplicationServi - Removing overlay from FXGLMainMenuDummyScene and adding to FXGLLoadingScene
20:26:31.638 [JavaFX Application Thread] DEBUG PrimaryStageWindow   - FXGLMainMenuDummyScene -> FXGLLoadingScene
20:26:31.638 [JavaFX Application Thread] DEBUG GameApplicationServi - Clearing previous game
20:26:31.638 [JavaFX Application Thread] DEBUG GameScene            - Clearing game scene
20:26:31.638 [JavaFX Application Thread] DEBUG GameWorld            - Clearing game world
20:26:31.638 [JavaFX Application Thread] DEBUG PhysicsWorld         - Clearing physics world
20:26:31.639 [FXGL Background Thread 2 ] DEBUG FXGLApplication      - Initializing game
20:26:31.670 [FXGL Background Thread 2 ] WARN  TMXLevelLoader       - TiledMap generated from 1.10.2. Supported version: 1.2.3. Some features may not be parsed fully.
20:26:31.729 [FXGL Background Thread 2 ] DEBUG TMXLevelLoader       - Parsed TiledMap: file:/Users/CHLaroche05/zelda/zeldaPuzzle/target/classes/assets/levels/MapDeMerde2.tmx
20:26:31.731 [FXGL Background Thread 2 ] DEBUG TMXLevelLoader       - Creating tile layer entities
20:26:31.732 [FXGL Background Thread 2 ] DEBUG TilesetLoader        - Loading view for layer background
20:26:31.746 [FXGL Background Thread 2 ] DEBUG TilesetLoader        - Created buffer with size 4800.0x4800.0
20:26:31.876 [FXGL Background Thread 2 ] DEBUG TilesetLoader        - Loading view for layer devant
20:26:31.891 [FXGL Background Thread 2 ] DEBUG TilesetLoader        - Created buffer with size 4800.0x4800.0
20:26:31.924 [FXGL Background Thread 2 ] DEBUG TilesetLoader        - Loading view for layer devant1
20:26:31.936 [FXGL Background Thread 2 ] DEBUG TilesetLoader        - Created buffer with size 4800.0x4800.0
20:26:31.950 [FXGL Background Thread 2 ] DEBUG TMXLevelLoader       - Creating object layer entities
20:26:31.991 [FXGL Background Thread 2 ] DEBUG GameWorld            - Clearing removable entities
20:26:31.992 [FXGL Background Thread 2 ] DEBUG GameWorld            - Setting level: com.almasb.fxgl.entity.level.Level@4573f8eb
20:26:32.010 [FXGL Background Thread 2 ] WARN  GameWorld            - Entity is already attached to world
20:26:32.011 [FXGL Background Thread 2 ] WARN  GameWorld            - Entity is already attached to world
20:26:32.016 [FXGL Background Thread 2 ] INFO  FXGLApplication      - Game initialization took: 0.377 sec
20:26:32.017 [JavaFX Application Thread] DEBUG Input                - Clearing active input actions
20:26:32.023 [JavaFX Application Thread] DEBUG GameApplicationServi - Removing overlay from FXGLLoadingScene and adding to GameScene
20:26:32.027 [JavaFX Application Thread] DEBUG PrimaryStageWindow   - FXGLLoadingScene -> GameScene
20:26:44.516 [JavaFX Application Thread] WARN  TMXLevelLoader       - TiledMap generated from 1.10.2. Supported version: 1.2.3. Some features may not be parsed fully.
20:26:44.538 [JavaFX Application Thread] DEBUG TMXLevelLoader       - Parsed TiledMap: file:/Users/CHLaroche05/zelda/zeldaPuzzle/target/classes/assets/levels/leDongeon.tmx
20:26:44.538 [JavaFX Application Thread] DEBUG TMXLevelLoader       - Creating tile layer entities
20:26:44.538 [JavaFX Application Thread] DEBUG TilesetLoader        - Loading view for layer BG1
20:26:44.540 [JavaFX Application Thread] DEBUG TilesetLoader        - Created buffer with size 2400.0x800.0
20:26:44.561 [JavaFX Application Thread] DEBUG TilesetLoader        - Loading view for layer BG2
20:26:44.561 [JavaFX Application Thread] DEBUG TilesetLoader        - Created buffer with size 2400.0x800.0
20:26:44.570 [JavaFX Application Thread] DEBUG TilesetLoader        - Loading view for layer BG3
20:26:44.570 [JavaFX Application Thread] DEBUG TilesetLoader        - Created buffer with size 2400.0x800.0
20:26:44.580 [JavaFX Application Thread] DEBUG TilesetLoader        - Loading view for layer BG4a
20:26:44.581 [JavaFX Application Thread] DEBUG TilesetLoader        - Created buffer with size 2400.0x800.0
20:26:44.591 [JavaFX Application Thread] DEBUG TilesetLoader        - Loading view for layer BG4b
20:26:44.592 [JavaFX Application Thread] DEBUG TilesetLoader        - Created buffer with size 2400.0x800.0
20:26:44.602 [JavaFX Application Thread] DEBUG TilesetLoader        - Loading view for layer MainBuild2
20:26:44.603 [JavaFX Application Thread] DEBUG TilesetLoader        - Created buffer with size 2400.0x800.0
20:26:44.625 [JavaFX Application Thread] WARN  TilesetLoader        - Diagonally flipped tiles are not currently supported
20:26:44.626 [JavaFX Application Thread] WARN  TilesetLoader        - Diagonally flipped tiles are not currently supported
20:26:44.626 [JavaFX Application Thread] WARN  TilesetLoader        - Diagonally flipped tiles are not currently supported
20:26:44.626 [JavaFX Application Thread] WARN  TilesetLoader        - Diagonally flipped tiles are not currently supported
20:26:44.626 [JavaFX Application Thread] WARN  TilesetLoader        - Diagonally flipped tiles are not currently supported
20:26:44.626 [JavaFX Application Thread] WARN  TilesetLoader        - Diagonally flipped tiles are not currently supported
20:26:44.626 [JavaFX Application Thread] WARN  TilesetLoader        - Diagonally flipped tiles are not currently supported
20:26:44.626 [JavaFX Application Thread] WARN  TilesetLoader        - Diagonally flipped tiles are not currently supported
20:26:44.626 [JavaFX Application Thread] WARN  TilesetLoader        - Diagonally flipped tiles are not currently supported
20:26:44.626 [JavaFX Application Thread] WARN  TilesetLoader        - Diagonally flipped tiles are not currently supported
20:26:44.627 [JavaFX Application Thread] WARN  TilesetLoader        - Diagonally flipped tiles are not currently supported
20:26:44.627 [JavaFX Application Thread] WARN  TilesetLoader        - Diagonally flipped tiles are not currently supported
20:26:44.627 [JavaFX Application Thread] WARN  TilesetLoader        - Diagonally flipped tiles are not currently supported
20:26:44.627 [JavaFX Application Thread] WARN  TilesetLoader        - Diagonally flipped tiles are not currently supported
20:26:44.627 [JavaFX Application Thread] WARN  TilesetLoader        - Diagonally flipped tiles are not currently supported
20:26:44.627 [JavaFX Application Thread] DEBUG TilesetLoader        - Loading view for layer MainBuild3
20:26:44.628 [JavaFX Application Thread] DEBUG TilesetLoader        - Created buffer with size 2400.0x800.0
20:26:44.628 [JavaFX Application Thread] DEBUG TilesetLoader        - Loading view for layer MainBuild
20:26:44.629 [JavaFX Application Thread] DEBUG TilesetLoader        - Created buffer with size 2400.0x800.0
20:26:44.630 [JavaFX Application Thread] DEBUG TMXLevelLoader       - Creating object layer entities
20:26:44.638 [JavaFX Application Thread] DEBUG GameWorld            - Clearing removable entities
20:26:44.643 [JavaFX Application Thread] DEBUG GameWorld            - Setting level: com.almasb.fxgl.entity.level.Level@417dcfe8
20:26:44.650 [JavaFX Application Thread] WARN  GameWorld            - Entity is already attached to world
20:26:53.232 [JavaFX Application Thread] WARN  GameWorld            - Entity is already attached to world
20:27:00.665 [JavaFX Application Thread] WARN  GameWorld            - Entity is already attached to world
20:27:02.343 [JavaFX Application Thread] WARN  GameWorld            - Entity is already attached to world
20:27:04.278 [JavaFX Application Thread] WARN  GameWorld            - Entity is already attached to world
20:27:09.262 [JavaFX Application Thread] WARN  GameWorld            - Entity is already attached to world
20:27:09.383 [JavaFX Application Thread] WARN  TMXLevelLoader       - TiledMap generated from 1.10.2. Supported version: 1.2.3. Some features may not be parsed fully.
20:27:09.407 [JavaFX Application Thread] DEBUG TMXLevelLoader       - Parsed TiledMap: file:/Users/CHLaroche05/zelda/zeldaPuzzle/target/classes/assets/levels/MapDeMerde2.tmx
20:27:09.407 [JavaFX Application Thread] DEBUG TMXLevelLoader       - Creating tile layer entities
20:27:09.408 [JavaFX Application Thread] DEBUG TilesetLoader        - Loading view for layer background
20:27:09.424 [JavaFX Application Thread] DEBUG TilesetLoader        - Created buffer with size 4800.0x4800.0
20:27:09.530 [JavaFX Application Thread] DEBUG TilesetLoader        - Loading view for layer devant
20:27:09.550 [JavaFX Application Thread] DEBUG TilesetLoader        - Created buffer with size 4800.0x4800.0
20:27:09.576 [JavaFX Application Thread] DEBUG TilesetLoader        - Loading view for layer devant1
20:27:09.606 [JavaFX Application Thread] DEBUG TilesetLoader        - Created buffer with size 4800.0x4800.0
20:27:09.616 [JavaFX Application Thread] DEBUG TMXLevelLoader       - Creating object layer entities
20:27:09.626 [JavaFX Application Thread] DEBUG GameWorld            - Clearing removable entities
20:27:09.629 [JavaFX Application Thread] DEBUG GameWorld            - Setting level: com.almasb.fxgl.entity.level.Level@55898f0c
20:27:09.635 [JavaFX Application Thread] WARN  GameWorld            - Entity is already attached to world
20:27:20.778 [JavaFX Application Thread] DEBUG FXGLApplication      - Exiting FXGL
20:27:20.779 [JavaFX Application Thread] DEBUG LoopRunner           - Stopping loop
20:27:20.779 [JavaFX Application Thread] DEBUG SystemBundleService  - Saving FXGL system data
20:27:20.783 [JavaFX Application Thread] DEBUG FileSystemAccess     - Writing to: /Users/CHLaroche05/zelda/zeldaPuzzle/system/fxgl.bundle
20:27:20.787 [JavaFX Application Thread] DEBUG Async                - Shutting down background threads
20:27:20.787 [JavaFX Application Thread] DEBUG PrimaryStageWindow   - Closing main window
20:27:20.794 [JavaFX Application Thread] DEBUG Logger               - Closing Logger
