16:20:00.774 [main                     ] DEBUG Logger               - Configured Logger
16:20:00.785 [main                     ] DEBUG GameApplication      - Logging settings
Title: Zelda 2D Game
Version: 1
Width: 800
Height: 800
Fullscreen: true
Intro: false
Profiling: false
Single step:false
App Mode: DEVELOPER
Menu Key: ESCAPE
Stage Style: DECORATED
Scene Factory: class com.almasb.fxgl.app.scene.SceneFactory

16:20:00.837 [JavaFX Application Thread] DEBUG FXGLApplication      - Initializing FXGL
16:20:00.842 [JavaFX Application Thread] INFO  Engine               - FXGL-17 (31.12.2021 18.16) on WINDOWS (J:21.0.2 FX:19)
16:20:00.842 [JavaFX Application Thread] DEBUG Engine               - JRE Vendor Name: Oracle Corporation
16:20:00.843 [JavaFX Application Thread] DEBUG Engine               - Running on OS: Windows 11 version 10.0
16:20:00.843 [JavaFX Application Thread] DEBUG Engine               - Architecture: amd64
16:20:00.843 [JavaFX Application Thread] INFO  Engine               - Source code and latest versions at: https://github.com/AlmasB/FXGL
16:20:00.843 [JavaFX Application Thread] INFO  Engine               -       Ask questions and discuss at: https://github.com/AlmasB/FXGL/discussions
16:20:00.843 [JavaFX Application Thread] INFO  Engine               -              Join the FXGL chat at: https://gitter.im/AlmasB/FXGL
16:20:00.888 [JavaFX Application Thread] DEBUG PrimaryStageWindow   - Creating a JavaFX scene
16:20:00.916 [JavaFX Application Thread] DEBUG PrimaryStageWindow   - Target settings size: 800.0 x 800.0
16:20:00.917 [JavaFX Application Thread] DEBUG PrimaryStageWindow   - Scaled scene size:    800.0 x 800.0
16:20:00.917 [JavaFX Application Thread] DEBUG PrimaryStageWindow   - Scaled ratio: (1.0, 1.0)
16:20:00.917 [JavaFX Application Thread] DEBUG PrimaryStageWindow   - Set initial scene to FXGLStartupScene
16:20:00.921 [JavaFX Application Thread] DEBUG PrimaryStageWindow   - Opening main window
16:20:00.967 [JavaFX Application Thread] DEBUG PrimaryStageWindow   - Window border size: (16.0, 39.0)
16:20:00.968 [JavaFX Application Thread] DEBUG PrimaryStageWindow   - Scaled size: 800.0 x 800.0
16:20:00.968 [JavaFX Application Thread] DEBUG PrimaryStageWindow   - Scaled ratio: (1.0, 1.0)
16:20:00.968 [JavaFX Application Thread] DEBUG PrimaryStageWindow   - Scene size: 800.0 x 800.0
16:20:00.968 [JavaFX Application Thread] DEBUG PrimaryStageWindow   - Stage size: 816.0 x 839.0
16:20:00.976 [FXGL Background Thread 1 ] DEBUG Engine               - Initializing environment variables
16:20:01.010 [FXGL Background Thread 1 ] DEBUG FXGLAssetLoaderServi - User app class for loading assets: class com.example.zeldapuzzle.MainGameApp
16:20:01.010 [FXGL Background Thread 1 ] DEBUG GameApplicationServi - Applying CSS: fxgl_dark.css
16:20:01.011 [FXGL Background Thread 1 ] DEBUG FXGLAssetLoaderServi - Loading from file system: jar:file:///C:/Users/User/.m2/repository/com/github/almasb/fxgl/17/fxgl-17.jar!/fxglassets/ui/css/fxgl_dark.css
16:20:01.039 [FXGL Background Thread 1 ] DEBUG GameApplicationServi - Initializing application scenes
16:20:01.067 [FXGL Background Thread 1 ] DEBUG GameWorld            - Game world initialized
16:20:01.110 [FXGL Background Thread 1 ] DEBUG PhysicsWorld         - Physics world initialized: appHeight=800, physics.ppm=50.0
16:20:01.110 [FXGL Background Thread 1 ] DEBUG PhysicsWorld         - Using strategy: BRUTE_FORCE
16:20:01.112 [FXGL Background Thread 1 ] DEBUG GameScene            - Game scene initialized: 800x800
16:20:01.118 [FXGL Background Thread 1 ] DEBUG FXGL.DefaultMenu     - createMenuBodyMainMenu()
16:20:01.127 [FXGL Background Thread 1 ] DEBUG FXGL.DefaultMenu     - createOptionsMenu()
16:20:01.131 [FXGL Background Thread 1 ] DEBUG FXGLAssetLoaderServi - Loading from file system: jar:file:///C:/Users/User/.m2/repository/com/github/almasb/fxgl/17/fxgl-17.jar!/fxglassets/textures/particles/smoke.png
16:20:01.174 [FXGL Background Thread 1 ] DEBUG FXGLAssetLoaderServi - Loading from file system: jar:file:///C:/Users/User/.m2/repository/com/github/almasb/fxgl/17/fxgl-17.jar!/fxglassets/textures/particles/trace_horizontal.png
16:20:01.183 [FXGL Background Thread 1 ] DEBUG FXGL.DefaultMenu     - createMenuBodyGameMenu()
16:20:01.184 [FXGL Background Thread 1 ] DEBUG FXGL.DefaultMenu     - createOptionsMenu()
16:20:01.192 [FXGL Background Thread 1 ] DEBUG GameApplicationServi - Application scenes initialized
16:20:01.199 [FXGL Background Thread 1 ] DEBUG SystemBundleService  - Loading FXGL system data
16:20:01.203 [FXGL Background Thread 1 ] DEBUG FileSystemAccess     - Reading from: C:\Users\User\zeldaPuzzle\system\fxgl.bundle
16:20:01.212 [FXGL Background Thread 1 ] DEBUG SystemBundleService  - Bundle FXGL: {}
16:20:01.212 [FXGL Background Thread 1 ] DEBUG UpdaterService       - Checking for updates
16:20:01.229 [FXGL Background Thread 4 ] DEBUG FXGLApplication      - Loading fonts
16:20:01.229 [FXGL Background Thread 1 ] DEBUG FXGLApplication      - Loading default localization
16:20:01.229 [FXGL Background Thread 4 ] DEBUG FXGLAssetLoaderServi - Loading from file system: jar:file:///C:/Users/User/.m2/repository/com/github/almasb/fxgl/17/fxgl-17.jar!/fxglassets/ui/fonts/VarelaRound-Regular.ttf
16:20:01.229 [FXGL Background Thread 1 ] DEBUG FXGLAssetLoaderServi - Loading from file system: jar:file:///C:/Users/User/.m2/repository/com/github/almasb/fxgl/17/fxgl-17.jar!/fxglassets/languages/english.lang
16:20:01.247 [FXGL Background Thread 1 ] INFO  FXGLApplication      - FXGL initialization took: 0.271 sec
16:20:01.253 [JavaFX Application Thread] DEBUG Input                - Registered new binding: inventaire - Tab
16:20:01.253 [JavaFX Application Thread] DEBUG Input                - Registered new binding: getPosition - P
16:20:01.254 [JavaFX Application Thread] DEBUG Input                - Registered new binding: zoom+ - Up
16:20:01.254 [JavaFX Application Thread] DEBUG Input                - Registered new binding: zoom- - Down
16:20:01.254 [JavaFX Application Thread] DEBUG Input                - Registered new binding: resetZoom - 0
16:20:01.254 [FXGL Background Thread 4 ] DEBUG FXGLAssetLoaderServi - Loading from file system: jar:file:///C:/Users/User/.m2/repository/com/github/almasb/fxgl/17/fxgl-17.jar!/fxglassets/ui/fonts/Abel-Regular.ttf
16:20:01.254 [JavaFX Application Thread] DEBUG Input                - Registered new binding: Move right - D
16:20:01.254 [JavaFX Application Thread] DEBUG Input                - Registered new binding: Move left - A
16:20:01.254 [JavaFX Application Thread] DEBUG Input                - Registered new binding: Move Up - W
16:20:01.255 [JavaFX Application Thread] DEBUG Input                - Registered new binding: Move Down - S
16:20:01.255 [JavaFX Application Thread] DEBUG FXGLAssetLoaderServi - Loading from file system: jar:file:///C:/Users/User/.m2/repository/com/github/almasb/fxgl/17/fxgl-17.jar!/fxglassets/textures/fxgl_icon.png
16:20:01.267 [FXGL Background Thread 4 ] DEBUG FXGLAssetLoaderServi - Loading from file system: jar:file:///C:/Users/User/.m2/repository/com/github/almasb/fxgl/17/fxgl-17.jar!/fxglassets/ui/fonts/TerminalLandMono-Regular.otf
16:20:01.267 [JavaFX Application Thread] DEBUG FXGLAssetLoaderServi - Loading from file system: jar:file:///C:/Users/User/.m2/repository/com/github/almasb/fxgl/17/fxgl-17.jar!/fxglassets/textures/fxgl_default_cursor.png
16:20:01.270 [JavaFX Application Thread] DEBUG Input                - Registered new binding: Screenshot - CTRL+8
16:20:01.271 [JavaFX Application Thread] DEBUG Input                - Registered new binding: Dev Options - 1
16:20:01.271 [JavaFX Application Thread] DEBUG Input                - Registered new binding: Dev Console - 2
16:20:01.272 [JavaFX Application Thread] DEBUG Input                - Registered new binding: System info dump - CTRL+9
16:20:01.273 [JavaFX Application Thread] DEBUG Input                - Registered new binding: Restart - CTRL+R
16:20:01.274 [JavaFX Application Thread] DEBUG Input                - Registered new binding: Toggle Debug Camera - CTRL+7
16:20:01.277 [JavaFX Application Thread] DEBUG LoopRunner           - Starting loop
16:20:01.280 [FXGL Background Thread 4 ] DEBUG FXGLAssetLoaderServi - Loading from file system: jar:file:///C:/Users/User/.m2/repository/com/github/almasb/fxgl/17/fxgl-17.jar!/fxglassets/ui/fonts/Courier-Prime.ttf
16:20:01.295 [JavaFX Application Thread] DEBUG LoopRunner           - Initializing JavaFX AnimationTimerLoop
16:20:01.297 [JavaFX Application Thread] DEBUG Input                - Clearing active input actions
16:20:01.305 [JavaFX Application Thread] DEBUG GameApplicationServi - Removing overlay from FXGLStartupScene and adding to FXGLMainMenuDummyScene
16:20:01.312 [JavaFX Application Thread] DEBUG PrimaryStageWindow   - FXGLStartupScene -> FXGLMainMenuDummyScene
16:20:01.313 [JavaFX Application Thread] DEBUG PrimaryStageWindow   - Push state: FXGLDefaultMenu
16:20:01.315 [JavaFX Application Thread] DEBUG Input                - Clearing active input actions
16:20:01.321 [JavaFX Application Thread] DEBUG GameApplicationServi - Removing overlay from FXGLMainMenuDummyScene and adding to FXGLDefaultMenu
16:20:01.322 [JavaFX Application Thread] DEBUG PrimaryStageWindow   - FXGLMainMenuDummyScene -> FXGLDefaultMenu
16:20:01.447 [JavaFX Application Thread] DEBUG FXGLApplication      - Registering font factories with UI factory
16:20:01.595 [FXGL Background Thread 2 ] INFO  UpdaterService       - Your current version:  17
16:20:01.595 [FXGL Background Thread 2 ] INFO  UpdaterService       - Latest stable version: 21.1
16:20:02.903 [JavaFX Application Thread] DEBUG Menu                 - fireNewGame()
16:20:02.903 [JavaFX Application Thread] DEBUG GameApplicationServi - Starting new game
16:20:02.904 [JavaFX Application Thread] DEBUG PrimaryStageWindow   - Pop state: FXGLDefaultMenu
16:20:02.904 [JavaFX Application Thread] DEBUG Input                - Clearing active input actions
16:20:02.905 [JavaFX Application Thread] DEBUG GameApplicationServi - Removing overlay from FXGLDefaultMenu and adding to FXGLMainMenuDummyScene
16:20:02.906 [JavaFX Application Thread] DEBUG PrimaryStageWindow   - FXGLMainMenuDummyScene <- FXGLDefaultMenu
16:20:02.907 [JavaFX Application Thread] DEBUG Input                - Clearing active input actions
16:20:02.915 [JavaFX Application Thread] DEBUG GameApplicationServi - Removing overlay from FXGLMainMenuDummyScene and adding to FXGLLoadingScene
16:20:02.915 [JavaFX Application Thread] DEBUG PrimaryStageWindow   - FXGLMainMenuDummyScene -> FXGLLoadingScene
16:20:02.915 [JavaFX Application Thread] DEBUG GameApplicationServi - Clearing previous game
16:20:02.916 [JavaFX Application Thread] DEBUG GameScene            - Clearing game scene
16:20:02.916 [JavaFX Application Thread] DEBUG GameWorld            - Clearing game world
16:20:02.916 [JavaFX Application Thread] DEBUG PhysicsWorld         - Clearing physics world
16:20:02.918 [FXGL Background Thread 2 ] DEBUG FXGLApplication      - Initializing game
16:20:02.965 [FXGL Background Thread 2 ] WARN  TMXLevelLoader       - TiledMap generated from 1.10.2. Supported version: 1.2.3. Some features may not be parsed fully.
16:20:02.996 [FXGL Background Thread 2 ] DEBUG TMXLevelLoader       - Parsed TiledMap: file:/C:/Users/User/zeldaPuzzle/target/classes/assets/levels/MapDeMerde2.tmx
16:20:02.997 [FXGL Background Thread 2 ] DEBUG TMXLevelLoader       - Creating tile layer entities
16:20:02.998 [FXGL Background Thread 2 ] DEBUG TilesetLoader        - Loading view for layer background
16:20:03.032 [FXGL Background Thread 2 ] DEBUG TilesetLoader        - Created buffer with size 4800.0x4800.0
16:20:03.134 [FXGL Background Thread 2 ] DEBUG TilesetLoader        - Loading view for layer devant
16:20:03.167 [FXGL Background Thread 2 ] DEBUG TilesetLoader        - Created buffer with size 4800.0x4800.0
16:20:03.186 [FXGL Background Thread 2 ] DEBUG TilesetLoader        - Loading view for layer devant1
16:20:03.218 [FXGL Background Thread 2 ] DEBUG TilesetLoader        - Created buffer with size 4800.0x4800.0
16:20:03.226 [FXGL Background Thread 2 ] DEBUG TMXLevelLoader       - Creating object layer entities
16:20:03.258 [FXGL Background Thread 2 ] DEBUG GameWorld            - Clearing removable entities
16:20:03.258 [FXGL Background Thread 2 ] DEBUG GameWorld            - Setting level: com.almasb.fxgl.entity.level.Level@3ec9d1cc
16:20:03.271 [FXGL Background Thread 2 ] WARN  GameWorld            - Entity is already attached to world
16:20:03.272 [FXGL Background Thread 2 ] WARN  GameWorld            - Entity is already attached to world
16:20:03.280 [FXGL Background Thread 2 ] INFO  FXGLApplication      - Game initialization took: 0.361 sec
16:20:03.281 [JavaFX Application Thread] DEBUG Input                - Clearing active input actions
16:20:03.285 [JavaFX Application Thread] DEBUG GameApplicationServi - Removing overlay from FXGLLoadingScene and adding to GameScene
16:20:03.286 [JavaFX Application Thread] DEBUG PrimaryStageWindow   - FXGLLoadingScene -> GameScene
16:20:04.229 [FXGL Background Thread 3 ] DEBUG Engine               - Logging environment variables
16:20:04.229 [FXGL Background Thread 3 ] DEBUG Engine               - achievements: []
16:20:04.229 [FXGL Background Thread 3 ] DEBUG Engine               - actualHeight: 800.0
16:20:04.229 [FXGL Background Thread 3 ] DEBUG Engine               - actualHeightProperty: ReadOnlyDoubleProperty [value: 800.0]
16:20:04.229 [FXGL Background Thread 3 ] DEBUG Engine               - actualWidth: 800.0
16:20:04.229 [FXGL Background Thread 3 ] DEBUG Engine               - actualWidthProperty: ReadOnlyDoubleProperty [value: 800.0]
16:20:04.229 [FXGL Background Thread 3 ] DEBUG Engine               - appIcon: fxgl_icon.png
16:20:04.229 [FXGL Background Thread 3 ] DEBUG Engine               - applicationMode: DEVELOPER
16:20:04.229 [FXGL Background Thread 3 ] DEBUG Engine               - cSSList: [fxgl_dark.css]
16:20:04.229 [FXGL Background Thread 3 ] DEBUG Engine               - collisionDetectionStrategy: BRUTE_FORCE
16:20:04.229 [FXGL Background Thread 3 ] DEBUG Engine               - configClass: Optional.empty
16:20:04.229 [FXGL Background Thread 3 ] DEBUG Engine               - credits: []
16:20:04.229 [FXGL Background Thread 3 ] DEBUG Engine               - defaultCursor: CursorInfo(imageName=fxgl_default_cursor.png, hotspotX=7.0, hotspotY=6.0)
16:20:04.229 [FXGL Background Thread 3 ] DEBUG Engine               - devBBoxColorProperty: ObjectProperty [value: 0xff0000ff]
16:20:04.229 [FXGL Background Thread 3 ] DEBUG Engine               - devEnableDebugCameraProperty: BooleanProperty [value: false]
16:20:04.230 [FXGL Background Thread 3 ] DEBUG Engine               - devSensorColorProperty: ObjectProperty [value: 0xffff00ff]
16:20:04.230 [FXGL Background Thread 3 ] DEBUG Engine               - devShowBBoxProperty: BooleanProperty [value: false]
16:20:04.230 [FXGL Background Thread 3 ] DEBUG Engine               - devShowPositionProperty: BooleanProperty [value: false]
16:20:04.230 [FXGL Background Thread 3 ] DEBUG Engine               - enabledMenuItems: []
16:20:04.230 [FXGL Background Thread 3 ] DEBUG Engine               - engineServices: [class com.almasb.fxgl.app.services.FXGLAssetLoaderService, class com.almasb.fxgl.app.FXGLApplication$GameApplicationService, class com.almasb.fxgl.app.services.FXGLDialogService, class com.almasb.fxgl.app.services.IOTaskExecutorService, class com.almasb.fxgl.io.FileSystemService, class com.almasb.fxgl.localization.LocalizationService, class com.almasb.fxgl.app.services.SystemBundleService, class com.almasb.fxgl.profile.SaveLoadService, class com.almasb.fxgl.ui.FXGLUIFactoryServiceProvider, class com.almasb.fxgl.ui.FXGLDialogFactoryServiceProvider, class com.almasb.fxgl.audio.AudioPlayer, class com.almasb.fxgl.notification.impl.NotificationServiceProvider, class com.almasb.fxgl.achievement.AchievementService, class com.almasb.fxgl.cutscene.CutsceneService, class com.almasb.fxgl.minigames.MiniGameService, class com.almasb.fxgl.net.NetService, class com.almasb.fxgl.app.services.UpdaterService, class com.almasb.fxgl.dev.DevService]
16:20:04.230 [FXGL Background Thread 3 ] DEBUG Engine               - fontGame: Abel-Regular.ttf
16:20:04.230 [FXGL Background Thread 3 ] DEBUG Engine               - fontMono: TerminalLandMono-Regular.otf
16:20:04.230 [FXGL Background Thread 3 ] DEBUG Engine               - fontText: Courier-Prime.ttf
16:20:04.230 [FXGL Background Thread 3 ] DEBUG Engine               - fontUI: VarelaRound-Regular.ttf
16:20:04.230 [FXGL Background Thread 3 ] DEBUG Engine               - fullScreen: BooleanProperty [value: false]
16:20:04.230 [FXGL Background Thread 3 ] DEBUG Engine               - gameDifficulty: MEDIUM
16:20:04.230 [FXGL Background Thread 3 ] DEBUG Engine               - gameDifficultyProperty: ObjectProperty [value: MEDIUM]
16:20:04.230 [FXGL Background Thread 3 ] DEBUG Engine               - globalMusicVolume: 0.5
16:20:04.230 [FXGL Background Thread 3 ] DEBUG Engine               - globalMusicVolumeProperty: DoubleProperty [value: 0.5]
16:20:04.230 [FXGL Background Thread 3 ] DEBUG Engine               - globalSoundVolume: 0.5
16:20:04.230 [FXGL Background Thread 3 ] DEBUG Engine               - globalSoundVolumeProperty: DoubleProperty [value: 0.5]
16:20:04.230 [FXGL Background Thread 3 ] DEBUG Engine               - height: 800
16:20:04.230 [FXGL Background Thread 3 ] DEBUG Engine               - is3D: false
16:20:04.230 [FXGL Background Thread 3 ] DEBUG Engine               - isAndroid: false
16:20:04.230 [FXGL Background Thread 3 ] DEBUG Engine               - isBrowser: false
16:20:04.230 [FXGL Background Thread 3 ] DEBUG Engine               - isClickFeedbackEnabled: false
16:20:04.231 [FXGL Background Thread 3 ] DEBUG Engine               - isCloseConfirmation: false
16:20:04.231 [FXGL Background Thread 3 ] DEBUG Engine               - isDesktop: true
16:20:04.231 [FXGL Background Thread 3 ] DEBUG Engine               - isDeveloperMenuEnabled: true
16:20:04.231 [FXGL Background Thread 3 ] DEBUG Engine               - isEmbedded: false
16:20:04.231 [FXGL Background Thread 3 ] DEBUG Engine               - isEntityPreloadEnabled: true
16:20:04.231 [FXGL Background Thread 3 ] DEBUG Engine               - isExperimentalTiledLargeMap: false
16:20:04.231 [FXGL Background Thread 3 ] DEBUG Engine               - isFileSystemWriteAllowed: true
16:20:04.231 [FXGL Background Thread 3 ] DEBUG Engine               - isFullScreenAllowed: true
16:20:04.231 [FXGL Background Thread 3 ] DEBUG Engine               - isFullScreenFromStart: false
16:20:04.231 [FXGL Background Thread 3 ] DEBUG Engine               - isGameMenuEnabled: true
16:20:04.231 [FXGL Background Thread 3 ] DEBUG Engine               - isIOS: false
16:20:04.231 [FXGL Background Thread 3 ] DEBUG Engine               - isIntroEnabled: false
16:20:04.231 [FXGL Background Thread 3 ] DEBUG Engine               - isLinux: false
16:20:04.231 [FXGL Background Thread 3 ] DEBUG Engine               - isMac: false
16:20:04.231 [FXGL Background Thread 3 ] DEBUG Engine               - isMainMenuEnabled: true
16:20:04.231 [FXGL Background Thread 3 ] DEBUG Engine               - isManualResizeEnabled: false
16:20:04.232 [FXGL Background Thread 3 ] DEBUG Engine               - isMobile: false
16:20:04.232 [FXGL Background Thread 3 ] DEBUG Engine               - isNative: false
16:20:04.232 [FXGL Background Thread 3 ] DEBUG Engine               - isPauseMusicWhenMinimized: true
16:20:04.232 [FXGL Background Thread 3 ] DEBUG Engine               - isPreserveResizeRatio: false
16:20:04.232 [FXGL Background Thread 3 ] DEBUG Engine               - isProfilingEnabled: false
16:20:04.232 [FXGL Background Thread 3 ] DEBUG Engine               - isScaleAffectedOnResize: true
16:20:04.232 [FXGL Background Thread 3 ] DEBUG Engine               - isSingleStep: false
16:20:04.232 [FXGL Background Thread 3 ] DEBUG Engine               - isUserProfileEnabled: false
16:20:04.232 [FXGL Background Thread 3 ] DEBUG Engine               - isWindows: true
16:20:04.232 [FXGL Background Thread 3 ] DEBUG Engine               - language: ObjectProperty [value: ENGLISH]
16:20:04.232 [FXGL Background Thread 3 ] DEBUG Engine               - menuKey: ESCAPE
16:20:04.232 [FXGL Background Thread 3 ] DEBUG Engine               - mouseSensitivity: 0.2
16:20:04.232 [FXGL Background Thread 3 ] DEBUG Engine               - notificationViewClass: class com.almasb.fxgl.notification.view.XboxNotificationView
16:20:04.232 [FXGL Background Thread 3 ] DEBUG Engine               - pixelsPerMeter: 50.0
16:20:04.232 [FXGL Background Thread 3 ] DEBUG Engine               - platform: WINDOWS
16:20:04.232 [FXGL Background Thread 3 ] DEBUG Engine               - prefHeightProperty: ReadOnlyDoubleProperty [value: 800.0]
16:20:04.232 [FXGL Background Thread 3 ] DEBUG Engine               - prefWidthProperty: ReadOnlyDoubleProperty [value: 800.0]
16:20:04.232 [FXGL Background Thread 3 ] DEBUG Engine               - profileDir: profiles/
16:20:04.232 [FXGL Background Thread 3 ] DEBUG Engine               - profileName: StringProperty [value: DEFAULT]
16:20:04.232 [FXGL Background Thread 3 ] DEBUG Engine               - randomSeed: -1
16:20:04.233 [FXGL Background Thread 3 ] DEBUG Engine               - runtimeInfo: RuntimeInfo(platform=WINDOWS, version=17, build=31.12.2021 18.16)
16:20:04.233 [FXGL Background Thread 3 ] DEBUG Engine               - saveFileExt: sav
16:20:04.233 [FXGL Background Thread 3 ] DEBUG Engine               - scaledHeightProp$fxgl: DoubleProperty [bound, value: 800.0]
16:20:04.233 [FXGL Background Thread 3 ] DEBUG Engine               - scaledWidthProp$fxgl: DoubleProperty [bound, value: 800.0]
16:20:04.233 [FXGL Background Thread 3 ] DEBUG Engine               - sceneFactory: com.almasb.fxgl.app.scene.SceneFactory@34aa725e
16:20:04.233 [FXGL Background Thread 3 ] DEBUG Engine               - secondsIn24h: 60
16:20:04.233 [FXGL Background Thread 3 ] DEBUG Engine               - soundMenuBack: menu/back.wav
16:20:04.233 [FXGL Background Thread 3 ] DEBUG Engine               - soundMenuPress: menu/press.wav
16:20:04.233 [FXGL Background Thread 3 ] DEBUG Engine               - soundMenuSelect: menu/select.wav
16:20:04.233 [FXGL Background Thread 3 ] DEBUG Engine               - soundNotification: core/notification.wav
16:20:04.233 [FXGL Background Thread 3 ] DEBUG Engine               - stageStyle: DECORATED
16:20:04.233 [FXGL Background Thread 3 ] DEBUG Engine               - supportedLanguages: [ENGLISH, FRENCH, GERMAN, HUNGARIAN, RUSSIAN]
16:20:04.233 [FXGL Background Thread 3 ] DEBUG Engine               - ticksPerSecond: -1
16:20:04.233 [FXGL Background Thread 3 ] DEBUG Engine               - title: Zelda 2D Game
16:20:04.233 [FXGL Background Thread 3 ] DEBUG Engine               - urlGithub: https://github.com/AlmasB/FXGL
16:20:04.233 [FXGL Background Thread 3 ] DEBUG Engine               - urlLeaderboard: http://fxgl-top.herokuapp.com/
16:20:04.233 [FXGL Background Thread 3 ] DEBUG Engine               - urlPOM: https://raw.githubusercontent.com/AlmasB/FXGL/release/README.md
16:20:04.233 [FXGL Background Thread 3 ] DEBUG Engine               - userAppClass: class com.example.zeldapuzzle.MainGameApp
16:20:04.233 [FXGL Background Thread 3 ] DEBUG Engine               - version: 1
16:20:04.233 [FXGL Background Thread 3 ] DEBUG Engine               - versionCheckDays: 7
16:20:04.233 [FXGL Background Thread 3 ] DEBUG Engine               - width: 800
16:20:04.233 [FXGL Background Thread 3 ] DEBUG Engine               - Logging services
16:20:04.233 [FXGL Background Thread 3 ] DEBUG Engine               - class com.almasb.fxgl.app.services.FXGLAssetLoaderService
16:20:04.233 [FXGL Background Thread 3 ] DEBUG Engine               - class com.almasb.fxgl.app.FXGLApplication$GameApplicationService
16:20:04.233 [FXGL Background Thread 3 ] DEBUG Engine               - class com.almasb.fxgl.app.services.FXGLDialogService
16:20:04.233 [FXGL Background Thread 3 ] DEBUG Engine               - class com.almasb.fxgl.app.services.IOTaskExecutorService
16:20:04.233 [FXGL Background Thread 3 ] DEBUG Engine               - class com.almasb.fxgl.io.FileSystemService
16:20:04.233 [FXGL Background Thread 3 ] DEBUG Engine               - class com.almasb.fxgl.localization.LocalizationService
16:20:04.233 [FXGL Background Thread 3 ] DEBUG Engine               - class com.almasb.fxgl.app.services.SystemBundleService
16:20:04.233 [FXGL Background Thread 3 ] DEBUG Engine               - class com.almasb.fxgl.profile.SaveLoadService
16:20:04.233 [FXGL Background Thread 3 ] DEBUG Engine               - class com.almasb.fxgl.ui.FXGLUIFactoryServiceProvider
16:20:04.233 [FXGL Background Thread 3 ] DEBUG Engine               - class com.almasb.fxgl.ui.FXGLDialogFactoryServiceProvider
16:20:04.233 [FXGL Background Thread 3 ] DEBUG Engine               - class com.almasb.fxgl.audio.AudioPlayer
16:20:04.233 [FXGL Background Thread 3 ] DEBUG Engine               - class com.almasb.fxgl.notification.impl.NotificationServiceProvider
16:20:04.233 [FXGL Background Thread 3 ] DEBUG Engine               - class com.almasb.fxgl.achievement.AchievementService
16:20:04.233 [FXGL Background Thread 3 ] DEBUG Engine               - class com.almasb.fxgl.cutscene.CutsceneService
16:20:04.233 [FXGL Background Thread 3 ] DEBUG Engine               - class com.almasb.fxgl.minigames.MiniGameService
16:20:04.233 [FXGL Background Thread 3 ] DEBUG Engine               - class com.almasb.fxgl.net.NetService
16:20:04.233 [FXGL Background Thread 3 ] DEBUG Engine               - class com.almasb.fxgl.app.services.UpdaterService
16:20:04.233 [FXGL Background Thread 3 ] DEBUG Engine               - class com.almasb.fxgl.dev.DevService
16:20:04.498 [JavaFX Application Thread] WARN  TMXLevelLoader       - TiledMap generated from 1.10.2. Supported version: 1.2.3. Some features may not be parsed fully.
16:20:04.500 [JavaFX Application Thread] DEBUG TMXLevelLoader       - Parsed TiledMap: file:/C:/Users/User/zeldaPuzzle/target/classes/assets/levels/interieurMaisonPlayer1.tmx
16:20:04.500 [JavaFX Application Thread] DEBUG TMXLevelLoader       - Creating tile layer entities
16:20:04.501 [JavaFX Application Thread] DEBUG TilesetLoader        - Loading view for layer background
16:20:04.501 [JavaFX Application Thread] DEBUG TilesetLoader        - Created buffer with size 1440.0x960.0
16:20:04.503 [JavaFX Application Thread] DEBUG TilesetLoader        - Loading view for layer devant
16:20:04.503 [JavaFX Application Thread] DEBUG TilesetLoader        - Created buffer with size 1440.0x960.0
16:20:04.504 [JavaFX Application Thread] DEBUG TilesetLoader        - Loading view for layer devant1
16:20:04.504 [JavaFX Application Thread] DEBUG TilesetLoader        - Created buffer with size 1440.0x960.0
16:20:04.504 [JavaFX Application Thread] DEBUG TMXLevelLoader       - Creating object layer entities
16:20:04.509 [JavaFX Application Thread] DEBUG GameWorld            - Clearing removable entities
16:20:04.513 [JavaFX Application Thread] DEBUG GameWorld            - Setting level: com.almasb.fxgl.entity.level.Level@37c8f53f
16:20:04.517 [JavaFX Application Thread] WARN  GameWorld            - Entity is already attached to world
16:20:07.226 [JavaFX Application Thread] WARN  TMXLevelLoader       - TiledMap generated from 1.10.2. Supported version: 1.2.3. Some features may not be parsed fully.
16:20:07.234 [JavaFX Application Thread] DEBUG TMXLevelLoader       - Parsed TiledMap: file:/C:/Users/User/zeldaPuzzle/target/classes/assets/levels/MapDeMerde2.tmx
16:20:07.234 [JavaFX Application Thread] DEBUG TMXLevelLoader       - Creating tile layer entities
16:20:07.234 [JavaFX Application Thread] DEBUG TilesetLoader        - Loading view for layer background
16:20:07.263 [JavaFX Application Thread] DEBUG TilesetLoader        - Created buffer with size 4800.0x4800.0
16:20:07.335 [JavaFX Application Thread] DEBUG TilesetLoader        - Loading view for layer devant
16:20:07.356 [JavaFX Application Thread] DEBUG TilesetLoader        - Created buffer with size 4800.0x4800.0
16:20:07.372 [JavaFX Application Thread] DEBUG TilesetLoader        - Loading view for layer devant1
16:20:07.386 [JavaFX Application Thread] DEBUG TilesetLoader        - Created buffer with size 4800.0x4800.0
16:20:07.392 [JavaFX Application Thread] DEBUG TMXLevelLoader       - Creating object layer entities
16:20:07.401 [JavaFX Application Thread] DEBUG GameWorld            - Clearing removable entities
16:20:07.402 [JavaFX Application Thread] DEBUG GameWorld            - Setting level: com.almasb.fxgl.entity.level.Level@17f7f027
16:20:07.406 [JavaFX Application Thread] WARN  GameWorld            - Entity is already attached to world
16:20:10.186 [JavaFX Application Thread] DEBUG FXGLApplication      - Exiting FXGL
16:20:10.186 [JavaFX Application Thread] DEBUG LoopRunner           - Stopping loop
16:20:10.187 [JavaFX Application Thread] DEBUG SystemBundleService  - Saving FXGL system data
16:20:10.188 [JavaFX Application Thread] DEBUG FileSystemAccess     - Writing to: C:\Users\User\zeldaPuzzle\system\fxgl.bundle
16:20:10.189 [JavaFX Application Thread] DEBUG Async                - Shutting down background threads
16:20:10.189 [JavaFX Application Thread] DEBUG PrimaryStageWindow   - Closing main window
16:20:10.195 [JavaFX Application Thread] DEBUG Logger               - Closing Logger
