23:02:24.141 [main                     ] DEBUG Logger               - Configured Logger
23:02:24.162 [main                     ] DEBUG GameApplication      - Logging settings
Title: Zelda 2D Game
Version: 1
Width: 800
Height: 800
Fullscreen: true
Intro: false
Profiling: false
Single step:false
App Mode: DEVELOPER
Menu Key: ESCAPE
Stage Style: DECORATED
Scene Factory: class com.almasb.fxgl.app.scene.SceneFactory

23:02:24.386 [JavaFX Application Thread] DEBUG FXGLApplication      - Initializing FXGL
23:02:24.392 [JavaFX Application Thread] INFO  Engine               - FXGL-17 (31.12.2021 18.16) on MAC (J:19.0.1 FX:19)
23:02:24.392 [JavaFX Application Thread] DEBUG Engine               - JRE Vendor Name: Oracle Corporation
23:02:24.393 [JavaFX Application Thread] DEBUG Engine               - Running on OS: Mac OS X version 12.5
23:02:24.393 [JavaFX Application Thread] DEBUG Engine               - Architecture: aarch64
23:02:24.393 [JavaFX Application Thread] INFO  Engine               - Source code and latest versions at: https://github.com/AlmasB/FXGL
23:02:24.393 [JavaFX Application Thread] INFO  Engine               -       Ask questions and discuss at: https://github.com/AlmasB/FXGL/discussions
23:02:24.394 [JavaFX Application Thread] INFO  Engine               -              Join the FXGL chat at: https://gitter.im/AlmasB/FXGL
23:02:24.475 [JavaFX Application Thread] DEBUG PrimaryStageWindow   - Creating a JavaFX scene
23:02:24.525 [JavaFX Application Thread] DEBUG PrimaryStageWindow   - Target settings size: 800.0 x 800.0
23:02:24.525 [JavaFX Application Thread] DEBUG PrimaryStageWindow   - Scaled scene size:    800.0 x 800.0
23:02:24.525 [JavaFX Application Thread] DEBUG PrimaryStageWindow   - Scaled ratio: (1.0, 1.0)
23:02:24.526 [JavaFX Application Thread] DEBUG PrimaryStageWindow   - Set initial scene to FXGLStartupScene
23:02:24.531 [JavaFX Application Thread] DEBUG PrimaryStageWindow   - Opening main window
23:02:24.662 [JavaFX Application Thread] DEBUG PrimaryStageWindow   - Window border size: (0.0, 28.0)
23:02:24.663 [JavaFX Application Thread] DEBUG PrimaryStageWindow   - Scaled size: 800.0 x 800.0
23:02:24.663 [JavaFX Application Thread] DEBUG PrimaryStageWindow   - Scaled ratio: (1.0, 1.0)
23:02:24.663 [JavaFX Application Thread] DEBUG PrimaryStageWindow   - Scene size: 800.0 x 800.0
23:02:24.663 [JavaFX Application Thread] DEBUG PrimaryStageWindow   - Stage size: 800.0 x 828.0
23:02:24.669 [FXGL Background Thread 1 ] DEBUG Engine               - Initializing environment variables
23:02:24.727 [FXGL Background Thread 1 ] DEBUG FXGLAssetLoaderServi - User app class for loading assets: class com.example.zeldapuzzle.MainGameApp
23:02:24.727 [FXGL Background Thread 1 ] DEBUG GameApplicationServi - Applying CSS: fxgl_dark.css
23:02:24.728 [FXGL Background Thread 1 ] DEBUG FXGLAssetLoaderServi - Loading from file system: jar:file:///Users/CHLaroche05/.m2/repository/com/github/almasb/fxgl/17/fxgl-17.jar!/fxglassets/ui/css/fxgl_dark.css
23:02:24.774 [FXGL Background Thread 1 ] DEBUG GameApplicationServi - Initializing application scenes
23:02:24.997 [FXGL Background Thread 1 ] DEBUG GameWorld            - Game world initialized
23:02:25.082 [FXGL Background Thread 1 ] DEBUG PhysicsWorld         - Physics world initialized: appHeight=800, physics.ppm=50.0
23:02:25.082 [FXGL Background Thread 1 ] DEBUG PhysicsWorld         - Using strategy: BRUTE_FORCE
23:02:25.087 [FXGL Background Thread 1 ] DEBUG GameScene            - Game scene initialized: 800x800
23:02:25.101 [FXGL Background Thread 1 ] DEBUG FXGL.DefaultMenu     - createMenuBodyMainMenu()
23:02:25.120 [FXGL Background Thread 1 ] DEBUG FXGL.DefaultMenu     - createOptionsMenu()
23:02:25.131 [FXGL Background Thread 1 ] DEBUG FXGLAssetLoaderServi - Loading from file system: jar:file:///Users/CHLaroche05/.m2/repository/com/github/almasb/fxgl/17/fxgl-17.jar!/fxglassets/textures/particles/smoke.png
23:02:25.320 [FXGL Background Thread 1 ] DEBUG FXGLAssetLoaderServi - Loading from file system: jar:file:///Users/CHLaroche05/.m2/repository/com/github/almasb/fxgl/17/fxgl-17.jar!/fxglassets/textures/particles/trace_horizontal.png
23:02:25.344 [FXGL Background Thread 1 ] DEBUG FXGL.DefaultMenu     - createMenuBodyGameMenu()
23:02:25.345 [FXGL Background Thread 1 ] DEBUG FXGL.DefaultMenu     - createOptionsMenu()
23:02:25.384 [FXGL Background Thread 1 ] DEBUG GameApplicationServi - Application scenes initialized
23:02:25.397 [FXGL Background Thread 1 ] DEBUG SystemBundleService  - Loading FXGL system data
23:02:25.400 [FXGL Background Thread 1 ] DEBUG FileSystemAccess     - Reading from: /Users/CHLaroche05/zelda/zeldaPuzzle/system/fxgl.bundle
23:02:25.410 [FXGL Background Thread 1 ] DEBUG SystemBundleService  - Bundle FXGL: {}
23:02:25.410 [FXGL Background Thread 1 ] DEBUG UpdaterService       - Checking for updates
23:02:25.450 [FXGL Background Thread 4 ] DEBUG FXGLApplication      - Loading fonts
23:02:25.450 [FXGL Background Thread 4 ] DEBUG FXGLAssetLoaderServi - Loading from file system: jar:file:///Users/CHLaroche05/.m2/repository/com/github/almasb/fxgl/17/fxgl-17.jar!/fxglassets/ui/fonts/VarelaRound-Regular.ttf
23:02:25.450 [FXGL Background Thread 1 ] DEBUG FXGLApplication      - Loading default localization
23:02:25.451 [FXGL Background Thread 1 ] DEBUG FXGLAssetLoaderServi - Loading from file system: jar:file:///Users/CHLaroche05/.m2/repository/com/github/almasb/fxgl/17/fxgl-17.jar!/fxglassets/languages/english.lang
23:02:25.465 [FXGL Background Thread 4 ] DEBUG FXGLAssetLoaderServi - Loading from file system: jar:file:///Users/CHLaroche05/.m2/repository/com/github/almasb/fxgl/17/fxgl-17.jar!/fxglassets/ui/fonts/Abel-Regular.ttf
23:02:25.468 [FXGL Background Thread 4 ] DEBUG FXGLAssetLoaderServi - Loading from file system: jar:file:///Users/CHLaroche05/.m2/repository/com/github/almasb/fxgl/17/fxgl-17.jar!/fxglassets/ui/fonts/TerminalLandMono-Regular.otf
23:02:25.470 [FXGL Background Thread 1 ] INFO  FXGLApplication      - FXGL initialization took: 0.801 sec
23:02:25.473 [FXGL Background Thread 4 ] DEBUG FXGLAssetLoaderServi - Loading from file system: jar:file:///Users/CHLaroche05/.m2/repository/com/github/almasb/fxgl/17/fxgl-17.jar!/fxglassets/ui/fonts/Courier-Prime.ttf
23:02:25.478 [JavaFX Application Thread] DEBUG Input                - Registered new binding: inventaire - Tab
23:02:25.478 [JavaFX Application Thread] DEBUG Input                - Registered new binding: getPosition - P
23:02:25.478 [JavaFX Application Thread] DEBUG Input                - Registered new binding: zoom+ - Up
23:02:25.479 [JavaFX Application Thread] DEBUG Input                - Registered new binding: zoom- - Down
23:02:25.479 [JavaFX Application Thread] DEBUG Input                - Registered new binding: resetZoom - 0
23:02:25.479 [JavaFX Application Thread] DEBUG Input                - Registered new binding: Move right - D
23:02:25.479 [JavaFX Application Thread] DEBUG Input                - Registered new binding: Move left - A
23:02:25.479 [JavaFX Application Thread] DEBUG Input                - Registered new binding: Move Up - W
23:02:25.479 [JavaFX Application Thread] DEBUG Input                - Registered new binding: Move Down - S
23:02:25.479 [JavaFX Application Thread] DEBUG FXGLAssetLoaderServi - Loading from file system: jar:file:///Users/CHLaroche05/.m2/repository/com/github/almasb/fxgl/17/fxgl-17.jar!/fxglassets/textures/fxgl_icon.png
23:02:25.501 [JavaFX Application Thread] DEBUG FXGLAssetLoaderServi - Loading from file system: jar:file:///Users/CHLaroche05/.m2/repository/com/github/almasb/fxgl/17/fxgl-17.jar!/fxglassets/textures/fxgl_default_cursor.png
23:02:25.502 [JavaFX Application Thread] DEBUG Input                - Registered new binding: Screenshot - CTRL+8
23:02:25.503 [JavaFX Application Thread] DEBUG Input                - Registered new binding: Dev Options - 1
23:02:25.503 [JavaFX Application Thread] DEBUG Input                - Registered new binding: Dev Console - 2
23:02:25.503 [JavaFX Application Thread] DEBUG Input                - Registered new binding: System info dump - CTRL+9
23:02:25.503 [JavaFX Application Thread] DEBUG Input                - Registered new binding: Restart - CTRL+R
23:02:25.504 [JavaFX Application Thread] DEBUG Input                - Registered new binding: Toggle Debug Camera - CTRL+7
23:02:25.506 [JavaFX Application Thread] DEBUG LoopRunner           - Starting loop
23:02:25.518 [JavaFX Application Thread] DEBUG LoopRunner           - Initializing JavaFX AnimationTimerLoop
23:02:25.520 [JavaFX Application Thread] DEBUG Input                - Clearing active input actions
23:02:25.527 [JavaFX Application Thread] DEBUG GameApplicationServi - Removing overlay from FXGLStartupScene and adding to FXGLMainMenuDummyScene
23:02:25.530 [JavaFX Application Thread] DEBUG PrimaryStageWindow   - FXGLStartupScene -> FXGLMainMenuDummyScene
23:02:25.530 [JavaFX Application Thread] DEBUG PrimaryStageWindow   - Push state: FXGLDefaultMenu
23:02:25.532 [JavaFX Application Thread] DEBUG Input                - Clearing active input actions
23:02:25.537 [JavaFX Application Thread] DEBUG GameApplicationServi - Removing overlay from FXGLMainMenuDummyScene and adding to FXGLDefaultMenu
23:02:25.538 [JavaFX Application Thread] DEBUG PrimaryStageWindow   - FXGLMainMenuDummyScene -> FXGLDefaultMenu
23:02:25.558 [JavaFX Application Thread] DEBUG FXGLApplication      - Registering font factories with UI factory
23:02:25.805 [FXGL Background Thread 2 ] INFO  UpdaterService       - Your current version:  17
23:02:25.805 [FXGL Background Thread 2 ] INFO  UpdaterService       - Latest stable version: 21.1
23:02:26.478 [JavaFX Application Thread] DEBUG Menu                 - fireNewGame()
23:02:26.479 [JavaFX Application Thread] DEBUG GameApplicationServi - Starting new game
23:02:26.480 [JavaFX Application Thread] DEBUG PrimaryStageWindow   - Pop state: FXGLDefaultMenu
23:02:26.480 [JavaFX Application Thread] DEBUG Input                - Clearing active input actions
23:02:26.481 [JavaFX Application Thread] DEBUG GameApplicationServi - Removing overlay from FXGLDefaultMenu and adding to FXGLMainMenuDummyScene
23:02:26.483 [JavaFX Application Thread] DEBUG PrimaryStageWindow   - FXGLMainMenuDummyScene <- FXGLDefaultMenu
23:02:26.483 [JavaFX Application Thread] DEBUG Input                - Clearing active input actions
23:02:26.492 [JavaFX Application Thread] DEBUG GameApplicationServi - Removing overlay from FXGLMainMenuDummyScene and adding to FXGLLoadingScene
23:02:26.492 [JavaFX Application Thread] DEBUG PrimaryStageWindow   - FXGLMainMenuDummyScene -> FXGLLoadingScene
23:02:26.492 [JavaFX Application Thread] DEBUG GameApplicationServi - Clearing previous game
23:02:26.492 [JavaFX Application Thread] DEBUG GameScene            - Clearing game scene
23:02:26.492 [JavaFX Application Thread] DEBUG GameWorld            - Clearing game world
23:02:26.493 [JavaFX Application Thread] DEBUG PhysicsWorld         - Clearing physics world
23:02:26.494 [FXGL Background Thread 2 ] DEBUG FXGLApplication      - Initializing game
23:02:26.531 [FXGL Background Thread 2 ] WARN  TMXLevelLoader       - TiledMap generated from 1.10.2. Supported version: 1.2.3. Some features may not be parsed fully.
23:02:26.620 [FXGL Background Thread 2 ] DEBUG TMXLevelLoader       - Parsed TiledMap: file:/Users/CHLaroche05/zelda/zeldaPuzzle/target/classes/assets/levels/mapFinal.tmx
23:02:26.622 [FXGL Background Thread 2 ] DEBUG TMXLevelLoader       - Creating tile layer entities
23:02:26.625 [FXGL Background Thread 2 ] DEBUG TilesetLoader        - Loading view for layer background
23:02:26.643 [FXGL Background Thread 2 ] DEBUG TilesetLoader        - Created buffer with size 4800.0x4800.0
23:02:26.855 [FXGL Background Thread 2 ] DEBUG TilesetLoader        - Loading view for layer devant
23:02:26.869 [FXGL Background Thread 2 ] DEBUG TilesetLoader        - Created buffer with size 4800.0x4800.0
23:02:26.910 [FXGL Background Thread 2 ] DEBUG TilesetLoader        - Loading view for layer devant1
23:02:26.924 [FXGL Background Thread 2 ] DEBUG TilesetLoader        - Created buffer with size 4800.0x4800.0
23:02:26.943 [FXGL Background Thread 2 ] DEBUG TMXLevelLoader       - Creating object layer entities
23:02:26.990 [FXGL Background Thread 2 ] DEBUG GameWorld            - Clearing removable entities
23:02:26.991 [FXGL Background Thread 2 ] DEBUG GameWorld            - Setting level: com.almasb.fxgl.entity.level.Level@5ac7ad43
23:02:27.011 [FXGL Background Thread 2 ] WARN  GameWorld            - Entity is already attached to world
23:02:27.012 [FXGL Background Thread 2 ] WARN  GameWorld            - Entity is already attached to world
23:02:27.019 [FXGL Background Thread 2 ] INFO  FXGLApplication      - Game initialization took: 0.525 sec
23:02:27.020 [JavaFX Application Thread] DEBUG Input                - Clearing active input actions
23:02:27.027 [JavaFX Application Thread] DEBUG GameApplicationServi - Removing overlay from FXGLLoadingScene and adding to GameScene
23:02:27.029 [JavaFX Application Thread] DEBUG PrimaryStageWindow   - FXGLLoadingScene -> GameScene
23:02:28.453 [FXGL Background Thread 3 ] DEBUG Engine               - Logging environment variables
23:02:28.453 [FXGL Background Thread 3 ] DEBUG Engine               - achievements: []
23:02:28.454 [FXGL Background Thread 3 ] DEBUG Engine               - actualHeight: 800.0
23:02:28.454 [FXGL Background Thread 3 ] DEBUG Engine               - actualHeightProperty: ReadOnlyDoubleProperty [value: 800.0]
23:02:28.454 [FXGL Background Thread 3 ] DEBUG Engine               - actualWidth: 800.0
23:02:28.454 [FXGL Background Thread 3 ] DEBUG Engine               - actualWidthProperty: ReadOnlyDoubleProperty [value: 800.0]
23:02:28.454 [FXGL Background Thread 3 ] DEBUG Engine               - appIcon: fxgl_icon.png
23:02:28.454 [FXGL Background Thread 3 ] DEBUG Engine               - applicationMode: DEVELOPER
23:02:28.454 [FXGL Background Thread 3 ] DEBUG Engine               - cSSList: [fxgl_dark.css]
23:02:28.454 [FXGL Background Thread 3 ] DEBUG Engine               - collisionDetectionStrategy: BRUTE_FORCE
23:02:28.454 [FXGL Background Thread 3 ] DEBUG Engine               - configClass: Optional.empty
23:02:28.454 [FXGL Background Thread 3 ] DEBUG Engine               - credits: []
23:02:28.457 [FXGL Background Thread 3 ] DEBUG Engine               - defaultCursor: CursorInfo(imageName=fxgl_default_cursor.png, hotspotX=7.0, hotspotY=6.0)
23:02:28.457 [FXGL Background Thread 3 ] DEBUG Engine               - devBBoxColorProperty: ObjectProperty [value: 0xff0000ff]
23:02:28.457 [FXGL Background Thread 3 ] DEBUG Engine               - devEnableDebugCameraProperty: BooleanProperty [value: false]
23:02:28.457 [FXGL Background Thread 3 ] DEBUG Engine               - devSensorColorProperty: ObjectProperty [value: 0xffff00ff]
23:02:28.457 [FXGL Background Thread 3 ] DEBUG Engine               - devShowBBoxProperty: BooleanProperty [value: false]
23:02:28.457 [FXGL Background Thread 3 ] DEBUG Engine               - devShowPositionProperty: BooleanProperty [value: false]
23:02:28.457 [FXGL Background Thread 3 ] DEBUG Engine               - enabledMenuItems: []
23:02:28.457 [FXGL Background Thread 3 ] DEBUG Engine               - engineServices: [class com.almasb.fxgl.app.services.FXGLAssetLoaderService, class com.almasb.fxgl.app.FXGLApplication$GameApplicationService, class com.almasb.fxgl.app.services.FXGLDialogService, class com.almasb.fxgl.app.services.IOTaskExecutorService, class com.almasb.fxgl.io.FileSystemService, class com.almasb.fxgl.localization.LocalizationService, class com.almasb.fxgl.app.services.SystemBundleService, class com.almasb.fxgl.profile.SaveLoadService, class com.almasb.fxgl.ui.FXGLUIFactoryServiceProvider, class com.almasb.fxgl.ui.FXGLDialogFactoryServiceProvider, class com.almasb.fxgl.audio.AudioPlayer, class com.almasb.fxgl.notification.impl.NotificationServiceProvider, class com.almasb.fxgl.achievement.AchievementService, class com.almasb.fxgl.cutscene.CutsceneService, class com.almasb.fxgl.minigames.MiniGameService, class com.almasb.fxgl.net.NetService, class com.almasb.fxgl.app.services.UpdaterService, class com.almasb.fxgl.dev.DevService]
23:02:28.457 [FXGL Background Thread 3 ] DEBUG Engine               - fontGame: Abel-Regular.ttf
23:02:28.457 [FXGL Background Thread 3 ] DEBUG Engine               - fontMono: TerminalLandMono-Regular.otf
23:02:28.457 [FXGL Background Thread 3 ] DEBUG Engine               - fontText: Courier-Prime.ttf
23:02:28.458 [FXGL Background Thread 3 ] DEBUG Engine               - fontUI: VarelaRound-Regular.ttf
23:02:28.458 [FXGL Background Thread 3 ] DEBUG Engine               - fullScreen: BooleanProperty [value: false]
23:02:28.458 [FXGL Background Thread 3 ] DEBUG Engine               - gameDifficulty: MEDIUM
23:02:28.458 [FXGL Background Thread 3 ] DEBUG Engine               - gameDifficultyProperty: ObjectProperty [value: MEDIUM]
23:02:28.458 [FXGL Background Thread 3 ] DEBUG Engine               - globalMusicVolume: 0.5
23:02:28.458 [FXGL Background Thread 3 ] DEBUG Engine               - globalMusicVolumeProperty: DoubleProperty [value: 0.5]
23:02:28.458 [FXGL Background Thread 3 ] DEBUG Engine               - globalSoundVolume: 0.5
23:02:28.458 [FXGL Background Thread 3 ] DEBUG Engine               - globalSoundVolumeProperty: DoubleProperty [value: 0.5]
23:02:28.458 [FXGL Background Thread 3 ] DEBUG Engine               - height: 800
23:02:28.458 [FXGL Background Thread 3 ] DEBUG Engine               - is3D: false
23:02:28.458 [FXGL Background Thread 3 ] DEBUG Engine               - isAndroid: false
23:02:28.458 [FXGL Background Thread 3 ] DEBUG Engine               - isBrowser: false
23:02:28.458 [FXGL Background Thread 3 ] DEBUG Engine               - isClickFeedbackEnabled: false
23:02:28.458 [FXGL Background Thread 3 ] DEBUG Engine               - isCloseConfirmation: false
23:02:28.458 [FXGL Background Thread 3 ] DEBUG Engine               - isDesktop: true
23:02:28.458 [FXGL Background Thread 3 ] DEBUG Engine               - isDeveloperMenuEnabled: true
23:02:28.458 [FXGL Background Thread 3 ] DEBUG Engine               - isEmbedded: false
23:02:28.458 [FXGL Background Thread 3 ] DEBUG Engine               - isEntityPreloadEnabled: true
23:02:28.458 [FXGL Background Thread 3 ] DEBUG Engine               - isExperimentalTiledLargeMap: false
23:02:28.458 [FXGL Background Thread 3 ] DEBUG Engine               - isFileSystemWriteAllowed: true
23:02:28.458 [FXGL Background Thread 3 ] DEBUG Engine               - isFullScreenAllowed: true
23:02:28.458 [FXGL Background Thread 3 ] DEBUG Engine               - isFullScreenFromStart: false
23:02:28.459 [FXGL Background Thread 3 ] DEBUG Engine               - isGameMenuEnabled: true
23:02:28.459 [FXGL Background Thread 3 ] DEBUG Engine               - isIOS: false
23:02:28.459 [FXGL Background Thread 3 ] DEBUG Engine               - isIntroEnabled: false
23:02:28.459 [FXGL Background Thread 3 ] DEBUG Engine               - isLinux: false
23:02:28.459 [FXGL Background Thread 3 ] DEBUG Engine               - isMac: true
23:02:28.459 [FXGL Background Thread 3 ] DEBUG Engine               - isMainMenuEnabled: true
23:02:28.459 [FXGL Background Thread 3 ] DEBUG Engine               - isManualResizeEnabled: false
23:02:28.459 [FXGL Background Thread 3 ] DEBUG Engine               - isMobile: false
23:02:28.459 [FXGL Background Thread 3 ] DEBUG Engine               - isNative: false
23:02:28.459 [FXGL Background Thread 3 ] DEBUG Engine               - isPauseMusicWhenMinimized: true
23:02:28.459 [FXGL Background Thread 3 ] DEBUG Engine               - isPreserveResizeRatio: false
23:02:28.459 [FXGL Background Thread 3 ] DEBUG Engine               - isProfilingEnabled: false
23:02:28.459 [FXGL Background Thread 3 ] DEBUG Engine               - isScaleAffectedOnResize: true
23:02:28.459 [FXGL Background Thread 3 ] DEBUG Engine               - isSingleStep: false
23:02:28.459 [FXGL Background Thread 3 ] DEBUG Engine               - isUserProfileEnabled: false
23:02:28.459 [FXGL Background Thread 3 ] DEBUG Engine               - isWindows: false
23:02:28.459 [FXGL Background Thread 3 ] DEBUG Engine               - language: ObjectProperty [value: ENGLISH]
23:02:28.459 [FXGL Background Thread 3 ] DEBUG Engine               - menuKey: ESCAPE
23:02:28.459 [FXGL Background Thread 3 ] DEBUG Engine               - mouseSensitivity: 0.2
23:02:28.459 [FXGL Background Thread 3 ] DEBUG Engine               - notificationViewClass: class com.almasb.fxgl.notification.view.XboxNotificationView
23:02:28.459 [FXGL Background Thread 3 ] DEBUG Engine               - pixelsPerMeter: 50.0
23:02:28.459 [FXGL Background Thread 3 ] DEBUG Engine               - platform: MAC
23:02:28.460 [FXGL Background Thread 3 ] DEBUG Engine               - prefHeightProperty: ReadOnlyDoubleProperty [value: 800.0]
23:02:28.460 [FXGL Background Thread 3 ] DEBUG Engine               - prefWidthProperty: ReadOnlyDoubleProperty [value: 800.0]
23:02:28.460 [FXGL Background Thread 3 ] DEBUG Engine               - profileDir: profiles/
23:02:28.460 [FXGL Background Thread 3 ] DEBUG Engine               - profileName: StringProperty [value: DEFAULT]
23:02:28.460 [FXGL Background Thread 3 ] DEBUG Engine               - randomSeed: -1
23:02:28.460 [FXGL Background Thread 3 ] DEBUG Engine               - runtimeInfo: RuntimeInfo(platform=MAC, version=17, build=31.12.2021 18.16)
23:02:28.460 [FXGL Background Thread 3 ] DEBUG Engine               - saveFileExt: sav
23:02:28.460 [FXGL Background Thread 3 ] DEBUG Engine               - scaledHeightProp$fxgl: DoubleProperty [bound, value: 800.0]
23:02:28.460 [FXGL Background Thread 3 ] DEBUG Engine               - scaledWidthProp$fxgl: DoubleProperty [bound, value: 800.0]
23:02:28.460 [FXGL Background Thread 3 ] DEBUG Engine               - sceneFactory: com.almasb.fxgl.app.scene.SceneFactory@6a5329a6
23:02:28.460 [FXGL Background Thread 3 ] DEBUG Engine               - secondsIn24h: 60
23:02:28.460 [FXGL Background Thread 3 ] DEBUG Engine               - soundMenuBack: menu/back.wav
23:02:28.460 [FXGL Background Thread 3 ] DEBUG Engine               - soundMenuPress: menu/press.wav
23:02:28.461 [FXGL Background Thread 3 ] DEBUG Engine               - soundMenuSelect: menu/select.wav
23:02:28.461 [FXGL Background Thread 3 ] DEBUG Engine               - soundNotification: core/notification.wav
23:02:28.461 [FXGL Background Thread 3 ] DEBUG Engine               - stageStyle: DECORATED
23:02:28.461 [FXGL Background Thread 3 ] DEBUG Engine               - supportedLanguages: [ENGLISH, FRENCH, GERMAN, HUNGARIAN, RUSSIAN]
23:02:28.461 [FXGL Background Thread 3 ] DEBUG Engine               - ticksPerSecond: -1
23:02:28.461 [FXGL Background Thread 3 ] DEBUG Engine               - title: Zelda 2D Game
23:02:28.461 [FXGL Background Thread 3 ] DEBUG Engine               - urlGithub: https://github.com/AlmasB/FXGL
23:02:28.461 [FXGL Background Thread 3 ] DEBUG Engine               - urlLeaderboard: http://fxgl-top.herokuapp.com/
23:02:28.461 [FXGL Background Thread 3 ] DEBUG Engine               - urlPOM: https://raw.githubusercontent.com/AlmasB/FXGL/release/README.md
23:02:28.461 [FXGL Background Thread 3 ] DEBUG Engine               - userAppClass: class com.example.zeldapuzzle.MainGameApp
23:02:28.461 [FXGL Background Thread 3 ] DEBUG Engine               - version: 1
23:02:28.461 [FXGL Background Thread 3 ] DEBUG Engine               - versionCheckDays: 7
23:02:28.461 [FXGL Background Thread 3 ] DEBUG Engine               - width: 800
23:02:28.461 [FXGL Background Thread 3 ] DEBUG Engine               - Logging services
23:02:28.461 [FXGL Background Thread 3 ] DEBUG Engine               - class com.almasb.fxgl.app.services.FXGLAssetLoaderService
23:02:28.461 [FXGL Background Thread 3 ] DEBUG Engine               - class com.almasb.fxgl.app.FXGLApplication$GameApplicationService
23:02:28.461 [FXGL Background Thread 3 ] DEBUG Engine               - class com.almasb.fxgl.app.services.FXGLDialogService
23:02:28.461 [FXGL Background Thread 3 ] DEBUG Engine               - class com.almasb.fxgl.app.services.IOTaskExecutorService
23:02:28.461 [FXGL Background Thread 3 ] DEBUG Engine               - class com.almasb.fxgl.io.FileSystemService
23:02:28.461 [FXGL Background Thread 3 ] DEBUG Engine               - class com.almasb.fxgl.localization.LocalizationService
23:02:28.461 [FXGL Background Thread 3 ] DEBUG Engine               - class com.almasb.fxgl.app.services.SystemBundleService
23:02:28.461 [FXGL Background Thread 3 ] DEBUG Engine               - class com.almasb.fxgl.profile.SaveLoadService
23:02:28.461 [FXGL Background Thread 3 ] DEBUG Engine               - class com.almasb.fxgl.ui.FXGLUIFactoryServiceProvider
23:02:28.461 [FXGL Background Thread 3 ] DEBUG Engine               - class com.almasb.fxgl.ui.FXGLDialogFactoryServiceProvider
23:02:28.461 [FXGL Background Thread 3 ] DEBUG Engine               - class com.almasb.fxgl.audio.AudioPlayer
23:02:28.461 [FXGL Background Thread 3 ] DEBUG Engine               - class com.almasb.fxgl.notification.impl.NotificationServiceProvider
23:02:28.461 [FXGL Background Thread 3 ] DEBUG Engine               - class com.almasb.fxgl.achievement.AchievementService
23:02:28.461 [FXGL Background Thread 3 ] DEBUG Engine               - class com.almasb.fxgl.cutscene.CutsceneService
23:02:28.461 [FXGL Background Thread 3 ] DEBUG Engine               - class com.almasb.fxgl.minigames.MiniGameService
23:02:28.461 [FXGL Background Thread 3 ] DEBUG Engine               - class com.almasb.fxgl.net.NetService
23:02:28.462 [FXGL Background Thread 3 ] DEBUG Engine               - class com.almasb.fxgl.app.services.UpdaterService
23:02:28.462 [FXGL Background Thread 3 ] DEBUG Engine               - class com.almasb.fxgl.dev.DevService
23:02:34.700 [JavaFX Application Thread] WARN  TMXLevelLoader       - TiledMap generated from 1.10.2. Supported version: 1.2.3. Some features may not be parsed fully.
23:02:34.719 [JavaFX Application Thread] DEBUG TMXLevelLoader       - Parsed TiledMap: file:/Users/CHLaroche05/zelda/zeldaPuzzle/target/classes/assets/levels/leDongeon.tmx
23:02:34.719 [JavaFX Application Thread] DEBUG TMXLevelLoader       - Creating tile layer entities
23:02:34.719 [JavaFX Application Thread] DEBUG TilesetLoader        - Loading view for layer BG1
23:02:34.720 [JavaFX Application Thread] DEBUG TilesetLoader        - Created buffer with size 2400.0x800.0
23:02:34.741 [JavaFX Application Thread] DEBUG TilesetLoader        - Loading view for layer BG2
23:02:34.742 [JavaFX Application Thread] DEBUG TilesetLoader        - Created buffer with size 2400.0x800.0
23:02:34.752 [JavaFX Application Thread] DEBUG TilesetLoader        - Loading view for layer BG3
23:02:34.753 [JavaFX Application Thread] DEBUG TilesetLoader        - Created buffer with size 2400.0x800.0
23:02:34.764 [JavaFX Application Thread] DEBUG TilesetLoader        - Loading view for layer BG4a
23:02:34.765 [JavaFX Application Thread] DEBUG TilesetLoader        - Created buffer with size 2400.0x800.0
23:02:34.775 [JavaFX Application Thread] DEBUG TilesetLoader        - Loading view for layer BG4b
23:02:34.775 [JavaFX Application Thread] DEBUG TilesetLoader        - Created buffer with size 2400.0x800.0
23:02:34.785 [JavaFX Application Thread] DEBUG TilesetLoader        - Loading view for layer MainBuild2
23:02:34.785 [JavaFX Application Thread] DEBUG TilesetLoader        - Created buffer with size 2400.0x800.0
23:02:34.807 [JavaFX Application Thread] WARN  TilesetLoader        - Diagonally flipped tiles are not currently supported
23:02:34.807 [JavaFX Application Thread] WARN  TilesetLoader        - Diagonally flipped tiles are not currently supported
23:02:34.807 [JavaFX Application Thread] WARN  TilesetLoader        - Diagonally flipped tiles are not currently supported
23:02:34.807 [JavaFX Application Thread] WARN  TilesetLoader        - Diagonally flipped tiles are not currently supported
23:02:34.807 [JavaFX Application Thread] WARN  TilesetLoader        - Diagonally flipped tiles are not currently supported
23:02:34.807 [JavaFX Application Thread] WARN  TilesetLoader        - Diagonally flipped tiles are not currently supported
23:02:34.808 [JavaFX Application Thread] WARN  TilesetLoader        - Diagonally flipped tiles are not currently supported
23:02:34.808 [JavaFX Application Thread] WARN  TilesetLoader        - Diagonally flipped tiles are not currently supported
23:02:34.808 [JavaFX Application Thread] WARN  TilesetLoader        - Diagonally flipped tiles are not currently supported
23:02:34.808 [JavaFX Application Thread] WARN  TilesetLoader        - Diagonally flipped tiles are not currently supported
23:02:34.808 [JavaFX Application Thread] WARN  TilesetLoader        - Diagonally flipped tiles are not currently supported
23:02:34.808 [JavaFX Application Thread] WARN  TilesetLoader        - Diagonally flipped tiles are not currently supported
23:02:34.808 [JavaFX Application Thread] WARN  TilesetLoader        - Diagonally flipped tiles are not currently supported
23:02:34.809 [JavaFX Application Thread] WARN  TilesetLoader        - Diagonally flipped tiles are not currently supported
23:02:34.809 [JavaFX Application Thread] WARN  TilesetLoader        - Diagonally flipped tiles are not currently supported
23:02:34.809 [JavaFX Application Thread] DEBUG TilesetLoader        - Loading view for layer MainBuild3
23:02:34.809 [JavaFX Application Thread] DEBUG TilesetLoader        - Created buffer with size 2400.0x800.0
23:02:34.810 [JavaFX Application Thread] DEBUG TilesetLoader        - Loading view for layer MainBuild
23:02:34.810 [JavaFX Application Thread] DEBUG TilesetLoader        - Created buffer with size 2400.0x800.0
23:02:34.812 [JavaFX Application Thread] DEBUG TMXLevelLoader       - Creating object layer entities
23:02:34.820 [JavaFX Application Thread] DEBUG GameWorld            - Clearing removable entities
23:02:34.827 [JavaFX Application Thread] DEBUG GameWorld            - Setting level: com.almasb.fxgl.entity.level.Level@3b025de2
23:02:34.833 [JavaFX Application Thread] WARN  GameWorld            - Entity is already attached to world
23:02:39.066 [JavaFX Application Thread] DEBUG FXGLApplication      - Exiting FXGL
23:02:39.067 [JavaFX Application Thread] DEBUG LoopRunner           - Stopping loop
23:02:39.067 [JavaFX Application Thread] DEBUG SystemBundleService  - Saving FXGL system data
23:02:39.068 [JavaFX Application Thread] DEBUG FileSystemAccess     - Writing to: /Users/CHLaroche05/zelda/zeldaPuzzle/system/fxgl.bundle
23:02:39.070 [JavaFX Application Thread] DEBUG Async                - Shutting down background threads
23:02:39.070 [JavaFX Application Thread] DEBUG PrimaryStageWindow   - Closing main window
23:02:39.076 [JavaFX Application Thread] DEBUG Logger               - Closing Logger
