20:28:57.995 [main                     ] DEBUG Logger               - Configured Logger
20:28:58.009 [main                     ] DEBUG GameApplication      - Logging settings
Title: Zelda 2D Game par ماستن
Version: 1
Width: 800
Height: 800
Fullscreen: true
Intro: false
Profiling: false
Single step:false
App Mode: DEVELOPER
Menu Key: ESCAPE
Stage Style: DECORATED
Scene Factory: class com.almasb.fxgl.app.scene.SceneFactory

20:28:58.061 [JavaFX Application Thread] DEBUG FXGLApplication      - Initializing FXGL
20:28:58.064 [JavaFX Application Thread] INFO  Engine               - FXGL-17 (31.12.2021 18.16) on WINDOWS (J:21.0.2 FX:19)
20:28:58.064 [JavaFX Application Thread] DEBUG Engine               - JRE Vendor Name: Oracle Corporation
20:28:58.064 [JavaFX Application Thread] DEBUG Engine               - Running on OS: Windows 11 version 10.0
20:28:58.064 [JavaFX Application Thread] DEBUG Engine               - Architecture: amd64
20:28:58.064 [JavaFX Application Thread] INFO  Engine               - Source code and latest versions at: https://github.com/AlmasB/FXGL
20:28:58.064 [JavaFX Application Thread] INFO  Engine               -       Ask questions and discuss at: https://github.com/AlmasB/FXGL/discussions
20:28:58.064 [JavaFX Application Thread] INFO  Engine               -              Join the FXGL chat at: https://gitter.im/AlmasB/FXGL
20:28:58.109 [JavaFX Application Thread] DEBUG PrimaryStageWindow   - Creating a JavaFX scene
20:28:58.139 [JavaFX Application Thread] DEBUG PrimaryStageWindow   - Target settings size: 800.0 x 800.0
20:28:58.139 [JavaFX Application Thread] DEBUG PrimaryStageWindow   - Scaled scene size:    800.0 x 800.0
20:28:58.139 [JavaFX Application Thread] DEBUG PrimaryStageWindow   - Scaled ratio: (1.0, 1.0)
20:28:58.140 [JavaFX Application Thread] DEBUG PrimaryStageWindow   - Set initial scene to FXGLStartupScene
20:28:58.143 [JavaFX Application Thread] DEBUG PrimaryStageWindow   - Opening main window
20:28:58.195 [JavaFX Application Thread] DEBUG PrimaryStageWindow   - Window border size: (16.0, 39.0)
20:28:58.195 [JavaFX Application Thread] DEBUG PrimaryStageWindow   - Scaled size: 800.0 x 800.0
20:28:58.195 [JavaFX Application Thread] DEBUG PrimaryStageWindow   - Scaled ratio: (1.0, 1.0)
20:28:58.196 [JavaFX Application Thread] DEBUG PrimaryStageWindow   - Scene size: 800.0 x 800.0
20:28:58.196 [JavaFX Application Thread] DEBUG PrimaryStageWindow   - Stage size: 816.0 x 839.0
20:28:58.202 [FXGL Background Thread 1 ] DEBUG Engine               - Initializing environment variables
20:28:58.249 [FXGL Background Thread 1 ] DEBUG FXGLAssetLoaderServi - User app class for loading assets: class com.example.zeldapuzzle.MainGameApp
20:28:58.249 [FXGL Background Thread 1 ] DEBUG GameApplicationServi - Applying CSS: fxgl_dark.css
20:28:58.250 [FXGL Background Thread 1 ] DEBUG FXGLAssetLoaderServi - Loading from file system: jar:file:///C:/Users/User/.m2/repository/com/github/almasb/fxgl/17/fxgl-17.jar!/fxglassets/ui/css/fxgl_dark.css
20:28:58.282 [FXGL Background Thread 1 ] DEBUG GameApplicationServi - Initializing application scenes
20:28:58.315 [FXGL Background Thread 1 ] DEBUG GameWorld            - Game world initialized
20:28:58.352 [FXGL Background Thread 1 ] DEBUG PhysicsWorld         - Physics world initialized: appHeight=800, physics.ppm=50.0
20:28:58.352 [FXGL Background Thread 1 ] DEBUG PhysicsWorld         - Using strategy: BRUTE_FORCE
20:28:58.355 [FXGL Background Thread 1 ] DEBUG GameScene            - Game scene initialized: 800x800
20:28:58.361 [FXGL Background Thread 1 ] DEBUG FXGL.DefaultMenu     - createMenuBodyMainMenu()
20:28:58.370 [FXGL Background Thread 1 ] DEBUG FXGL.DefaultMenu     - createOptionsMenu()
20:28:58.376 [FXGL Background Thread 1 ] DEBUG FXGLAssetLoaderServi - Loading from file system: jar:file:///C:/Users/User/.m2/repository/com/github/almasb/fxgl/17/fxgl-17.jar!/fxglassets/textures/particles/smoke.png
20:28:58.422 [FXGL Background Thread 1 ] DEBUG FXGLAssetLoaderServi - Loading from file system: jar:file:///C:/Users/User/.m2/repository/com/github/almasb/fxgl/17/fxgl-17.jar!/fxglassets/textures/particles/trace_horizontal.png
20:28:58.432 [FXGL Background Thread 1 ] DEBUG FXGL.DefaultMenu     - createMenuBodyGameMenu()
20:28:58.433 [FXGL Background Thread 1 ] DEBUG FXGL.DefaultMenu     - createOptionsMenu()
20:28:58.440 [FXGL Background Thread 1 ] DEBUG GameApplicationServi - Application scenes initialized
20:28:58.446 [FXGL Background Thread 1 ] DEBUG SystemBundleService  - Loading FXGL system data
20:28:58.449 [FXGL Background Thread 1 ] DEBUG FileSystemAccess     - Reading from: C:\Users\User\zeldaPuzzle\system\fxgl.bundle
20:28:58.455 [FXGL Background Thread 1 ] DEBUG SystemBundleService  - Bundle FXGL: {}
20:28:58.456 [FXGL Background Thread 1 ] DEBUG UpdaterService       - Checking for updates
20:28:58.472 [FXGL Background Thread 4 ] DEBUG FXGLApplication      - Loading fonts
20:28:58.472 [FXGL Background Thread 4 ] DEBUG FXGLAssetLoaderServi - Loading from file system: jar:file:///C:/Users/User/.m2/repository/com/github/almasb/fxgl/17/fxgl-17.jar!/fxglassets/ui/fonts/VarelaRound-Regular.ttf
20:28:58.472 [FXGL Background Thread 1 ] DEBUG FXGLApplication      - Loading default localization
20:28:58.472 [FXGL Background Thread 1 ] DEBUG FXGLAssetLoaderServi - Loading from file system: jar:file:///C:/Users/User/.m2/repository/com/github/almasb/fxgl/17/fxgl-17.jar!/fxglassets/languages/english.lang
20:28:58.493 [FXGL Background Thread 1 ] INFO  FXGLApplication      - FXGL initialization took: 0.290 sec
20:28:58.502 [JavaFX Application Thread] DEBUG Input                - Registered new binding: inventaire - Tab
20:28:58.503 [JavaFX Application Thread] DEBUG Input                - Registered new binding: getPosition - P
20:28:58.503 [JavaFX Application Thread] DEBUG Input                - Registered new binding: zoom+ - Up
20:28:58.503 [JavaFX Application Thread] DEBUG Input                - Registered new binding: zoom- - Down
20:28:58.503 [JavaFX Application Thread] DEBUG Input                - Registered new binding: resetZoom - 0
20:28:58.504 [JavaFX Application Thread] DEBUG Input                - Registered new binding: Move right - D
20:28:58.504 [JavaFX Application Thread] DEBUG Input                - Registered new binding: Move left - A
20:28:58.504 [JavaFX Application Thread] DEBUG Input                - Registered new binding: Move Up - W
20:28:58.504 [JavaFX Application Thread] DEBUG Input                - Registered new binding: Move Down - S
20:28:58.504 [JavaFX Application Thread] DEBUG FXGLAssetLoaderServi - Loading from file system: jar:file:///C:/Users/User/.m2/repository/com/github/almasb/fxgl/17/fxgl-17.jar!/fxglassets/textures/fxgl_icon.png
20:28:58.511 [FXGL Background Thread 4 ] DEBUG FXGLAssetLoaderServi - Loading from file system: jar:file:///C:/Users/User/.m2/repository/com/github/almasb/fxgl/17/fxgl-17.jar!/fxglassets/ui/fonts/Abel-Regular.ttf
20:28:58.515 [JavaFX Application Thread] DEBUG FXGLAssetLoaderServi - Loading from file system: jar:file:///C:/Users/User/.m2/repository/com/github/almasb/fxgl/17/fxgl-17.jar!/fxglassets/textures/fxgl_default_cursor.png
20:28:58.517 [JavaFX Application Thread] DEBUG Input                - Registered new binding: Screenshot - CTRL+8
20:28:58.517 [JavaFX Application Thread] DEBUG Input                - Registered new binding: Dev Options - 1
20:28:58.518 [JavaFX Application Thread] DEBUG Input                - Registered new binding: Dev Console - 2
20:28:58.518 [JavaFX Application Thread] DEBUG Input                - Registered new binding: System info dump - CTRL+9
20:28:58.519 [JavaFX Application Thread] DEBUG Input                - Registered new binding: Restart - CTRL+R
20:28:58.519 [JavaFX Application Thread] DEBUG Input                - Registered new binding: Toggle Debug Camera - CTRL+7
20:28:58.523 [JavaFX Application Thread] DEBUG LoopRunner           - Starting loop
20:28:58.527 [FXGL Background Thread 4 ] DEBUG FXGLAssetLoaderServi - Loading from file system: jar:file:///C:/Users/User/.m2/repository/com/github/almasb/fxgl/17/fxgl-17.jar!/fxglassets/ui/fonts/TerminalLandMono-Regular.otf
20:28:58.539 [JavaFX Application Thread] DEBUG LoopRunner           - Initializing JavaFX AnimationTimerLoop
20:28:58.542 [JavaFX Application Thread] DEBUG Input                - Clearing active input actions
20:28:58.552 [JavaFX Application Thread] DEBUG GameApplicationServi - Removing overlay from FXGLStartupScene and adding to FXGLMainMenuDummyScene
20:28:58.558 [JavaFX Application Thread] DEBUG PrimaryStageWindow   - FXGLStartupScene -> FXGLMainMenuDummyScene
20:28:58.558 [JavaFX Application Thread] DEBUG PrimaryStageWindow   - Push state: FXGLDefaultMenu
20:28:58.560 [JavaFX Application Thread] DEBUG Input                - Clearing active input actions
20:28:58.561 [FXGL Background Thread 4 ] DEBUG FXGLAssetLoaderServi - Loading from file system: jar:file:///C:/Users/User/.m2/repository/com/github/almasb/fxgl/17/fxgl-17.jar!/fxglassets/ui/fonts/Courier-Prime.ttf
20:28:58.567 [JavaFX Application Thread] DEBUG GameApplicationServi - Removing overlay from FXGLMainMenuDummyScene and adding to FXGLDefaultMenu
20:28:58.569 [JavaFX Application Thread] DEBUG PrimaryStageWindow   - FXGLMainMenuDummyScene -> FXGLDefaultMenu
20:28:58.714 [JavaFX Application Thread] DEBUG FXGLApplication      - Registering font factories with UI factory
20:28:58.848 [FXGL Background Thread 2 ] INFO  UpdaterService       - Your current version:  17
20:28:58.849 [FXGL Background Thread 2 ] INFO  UpdaterService       - Latest stable version: 21.1
20:28:59.366 [JavaFX Application Thread] DEBUG Menu                 - fireNewGame()
20:28:59.366 [JavaFX Application Thread] DEBUG GameApplicationServi - Starting new game
20:28:59.367 [JavaFX Application Thread] DEBUG PrimaryStageWindow   - Pop state: FXGLDefaultMenu
20:28:59.367 [JavaFX Application Thread] DEBUG Input                - Clearing active input actions
20:28:59.368 [JavaFX Application Thread] DEBUG GameApplicationServi - Removing overlay from FXGLDefaultMenu and adding to FXGLMainMenuDummyScene
20:28:59.370 [JavaFX Application Thread] DEBUG PrimaryStageWindow   - FXGLMainMenuDummyScene <- FXGLDefaultMenu
20:28:59.370 [JavaFX Application Thread] DEBUG Input                - Clearing active input actions
20:28:59.375 [JavaFX Application Thread] DEBUG GameApplicationServi - Removing overlay from FXGLMainMenuDummyScene and adding to FXGLLoadingScene
20:28:59.376 [JavaFX Application Thread] DEBUG PrimaryStageWindow   - FXGLMainMenuDummyScene -> FXGLLoadingScene
20:28:59.377 [JavaFX Application Thread] DEBUG GameApplicationServi - Clearing previous game
20:28:59.377 [JavaFX Application Thread] DEBUG GameScene            - Clearing game scene
20:28:59.377 [JavaFX Application Thread] DEBUG GameWorld            - Clearing game world
20:28:59.377 [JavaFX Application Thread] DEBUG PhysicsWorld         - Clearing physics world
20:28:59.378 [FXGL Background Thread 2 ] DEBUG FXGLApplication      - Initializing game
20:28:59.408 [FXGL Background Thread 2 ] WARN  TMXLevelLoader       - TiledMap generated from 1.10.2. Supported version: 1.2.3. Some features may not be parsed fully.
20:28:59.414 [FXGL Background Thread 2 ] DEBUG TMXLevelLoader       - Parsed TiledMap: file:/C:/Users/User/zeldaPuzzle/target/classes/assets/levels/StartingMap.tmx
20:28:59.414 [FXGL Background Thread 2 ] DEBUG TMXLevelLoader       - Creating tile layer entities
20:28:59.416 [FXGL Background Thread 2 ] DEBUG TilesetLoader        - Loading view for layer Calque de Tuiles 1
20:28:59.418 [FXGL Background Thread 2 ] DEBUG TilesetLoader        - Created buffer with size 960.0x960.0
20:28:59.429 [FXGL Background Thread 2 ] DEBUG TilesetLoader        - Loading view for layer Calque de Tuiles 2
20:28:59.431 [FXGL Background Thread 2 ] DEBUG TilesetLoader        - Created buffer with size 960.0x960.0
20:28:59.437 [FXGL Background Thread 2 ] DEBUG TMXLevelLoader       - Creating object layer entities
20:28:59.438 [FXGL Background Thread 2 ] DEBUG GameWorld            - Clearing removable entities
20:28:59.438 [FXGL Background Thread 2 ] DEBUG GameWorld            - Setting level: com.almasb.fxgl.entity.level.Level@7f4e4c87
20:28:59.461 [FXGL Background Thread 2 ] WARN  GameWorld            - Entity is already attached to world
20:28:59.498 [FXGL Background Thread 2 ] WARN  GameWorld            - Entity is already attached to world
20:28:59.499 [FXGL Background Thread 2 ] WARN  GameWorld            - Entity is already attached to world
20:28:59.504 [FXGL Background Thread 2 ] INFO  FXGLApplication      - Game initialization took: 0.125 sec
20:28:59.505 [JavaFX Application Thread] DEBUG Input                - Clearing active input actions
20:28:59.508 [JavaFX Application Thread] DEBUG GameApplicationServi - Removing overlay from FXGLLoadingScene and adding to GameScene
20:28:59.509 [JavaFX Application Thread] DEBUG PrimaryStageWindow   - FXGLLoadingScene -> GameScene
20:29:01.471 [FXGL Background Thread 3 ] DEBUG Engine               - Logging environment variables
20:29:01.471 [FXGL Background Thread 3 ] DEBUG Engine               - achievements: []
20:29:01.471 [FXGL Background Thread 3 ] DEBUG Engine               - actualHeight: 800.0
20:29:01.471 [FXGL Background Thread 3 ] DEBUG Engine               - actualHeightProperty: ReadOnlyDoubleProperty [value: 800.0]
20:29:01.471 [FXGL Background Thread 3 ] DEBUG Engine               - actualWidth: 800.0
20:29:01.471 [FXGL Background Thread 3 ] DEBUG Engine               - actualWidthProperty: ReadOnlyDoubleProperty [value: 800.0]
20:29:01.471 [FXGL Background Thread 3 ] DEBUG Engine               - appIcon: fxgl_icon.png
20:29:01.471 [FXGL Background Thread 3 ] DEBUG Engine               - applicationMode: DEVELOPER
20:29:01.471 [FXGL Background Thread 3 ] DEBUG Engine               - cSSList: [fxgl_dark.css]
20:29:01.471 [FXGL Background Thread 3 ] DEBUG Engine               - collisionDetectionStrategy: BRUTE_FORCE
20:29:01.471 [FXGL Background Thread 3 ] DEBUG Engine               - configClass: Optional.empty
20:29:01.471 [FXGL Background Thread 3 ] DEBUG Engine               - credits: []
20:29:01.472 [FXGL Background Thread 3 ] DEBUG Engine               - defaultCursor: CursorInfo(imageName=fxgl_default_cursor.png, hotspotX=7.0, hotspotY=6.0)
20:29:01.472 [FXGL Background Thread 3 ] DEBUG Engine               - devBBoxColorProperty: ObjectProperty [value: 0xff0000ff]
20:29:01.472 [FXGL Background Thread 3 ] DEBUG Engine               - devEnableDebugCameraProperty: BooleanProperty [value: false]
20:29:01.472 [FXGL Background Thread 3 ] DEBUG Engine               - devSensorColorProperty: ObjectProperty [value: 0xffff00ff]
20:29:01.472 [FXGL Background Thread 3 ] DEBUG Engine               - devShowBBoxProperty: BooleanProperty [value: false]
20:29:01.472 [FXGL Background Thread 3 ] DEBUG Engine               - devShowPositionProperty: BooleanProperty [value: false]
20:29:01.472 [FXGL Background Thread 3 ] DEBUG Engine               - enabledMenuItems: []
20:29:01.472 [FXGL Background Thread 3 ] DEBUG Engine               - engineServices: [class com.almasb.fxgl.app.services.FXGLAssetLoaderService, class com.almasb.fxgl.app.FXGLApplication$GameApplicationService, class com.almasb.fxgl.app.services.FXGLDialogService, class com.almasb.fxgl.app.services.IOTaskExecutorService, class com.almasb.fxgl.io.FileSystemService, class com.almasb.fxgl.localization.LocalizationService, class com.almasb.fxgl.app.services.SystemBundleService, class com.almasb.fxgl.profile.SaveLoadService, class com.almasb.fxgl.ui.FXGLUIFactoryServiceProvider, class com.almasb.fxgl.ui.FXGLDialogFactoryServiceProvider, class com.almasb.fxgl.audio.AudioPlayer, class com.almasb.fxgl.notification.impl.NotificationServiceProvider, class com.almasb.fxgl.achievement.AchievementService, class com.almasb.fxgl.cutscene.CutsceneService, class com.almasb.fxgl.minigames.MiniGameService, class com.almasb.fxgl.net.NetService, class com.almasb.fxgl.app.services.UpdaterService, class com.almasb.fxgl.dev.DevService]
20:29:01.472 [FXGL Background Thread 3 ] DEBUG Engine               - fontGame: Abel-Regular.ttf
20:29:01.472 [FXGL Background Thread 3 ] DEBUG Engine               - fontMono: TerminalLandMono-Regular.otf
20:29:01.472 [FXGL Background Thread 3 ] DEBUG Engine               - fontText: Courier-Prime.ttf
20:29:01.472 [FXGL Background Thread 3 ] DEBUG Engine               - fontUI: VarelaRound-Regular.ttf
20:29:01.472 [FXGL Background Thread 3 ] DEBUG Engine               - fullScreen: BooleanProperty [value: false]
20:29:01.472 [FXGL Background Thread 3 ] DEBUG Engine               - gameDifficulty: MEDIUM
20:29:01.472 [FXGL Background Thread 3 ] DEBUG Engine               - gameDifficultyProperty: ObjectProperty [value: MEDIUM]
20:29:01.472 [FXGL Background Thread 3 ] DEBUG Engine               - globalMusicVolume: 0.5
20:29:01.472 [FXGL Background Thread 3 ] DEBUG Engine               - globalMusicVolumeProperty: DoubleProperty [value: 0.5]
20:29:01.472 [FXGL Background Thread 3 ] DEBUG Engine               - globalSoundVolume: 0.5
20:29:01.472 [FXGL Background Thread 3 ] DEBUG Engine               - globalSoundVolumeProperty: DoubleProperty [value: 0.5]
20:29:01.472 [FXGL Background Thread 3 ] DEBUG Engine               - height: 800
20:29:01.472 [FXGL Background Thread 3 ] DEBUG Engine               - is3D: false
20:29:01.472 [FXGL Background Thread 3 ] DEBUG Engine               - isAndroid: false
20:29:01.473 [FXGL Background Thread 3 ] DEBUG Engine               - isBrowser: false
20:29:01.473 [FXGL Background Thread 3 ] DEBUG Engine               - isClickFeedbackEnabled: false
20:29:01.473 [FXGL Background Thread 3 ] DEBUG Engine               - isCloseConfirmation: false
20:29:01.473 [FXGL Background Thread 3 ] DEBUG Engine               - isDesktop: true
20:29:01.473 [FXGL Background Thread 3 ] DEBUG Engine               - isDeveloperMenuEnabled: true
20:29:01.473 [FXGL Background Thread 3 ] DEBUG Engine               - isEmbedded: false
20:29:01.473 [FXGL Background Thread 3 ] DEBUG Engine               - isEntityPreloadEnabled: true
20:29:01.473 [FXGL Background Thread 3 ] DEBUG Engine               - isExperimentalTiledLargeMap: false
20:29:01.473 [FXGL Background Thread 3 ] DEBUG Engine               - isFileSystemWriteAllowed: true
20:29:01.473 [FXGL Background Thread 3 ] DEBUG Engine               - isFullScreenAllowed: true
20:29:01.473 [FXGL Background Thread 3 ] DEBUG Engine               - isFullScreenFromStart: false
20:29:01.473 [FXGL Background Thread 3 ] DEBUG Engine               - isGameMenuEnabled: true
20:29:01.473 [FXGL Background Thread 3 ] DEBUG Engine               - isIOS: false
20:29:01.473 [FXGL Background Thread 3 ] DEBUG Engine               - isIntroEnabled: false
20:29:01.473 [FXGL Background Thread 3 ] DEBUG Engine               - isLinux: false
20:29:01.473 [FXGL Background Thread 3 ] DEBUG Engine               - isMac: false
20:29:01.473 [FXGL Background Thread 3 ] DEBUG Engine               - isMainMenuEnabled: true
20:29:01.473 [FXGL Background Thread 3 ] DEBUG Engine               - isManualResizeEnabled: false
20:29:01.473 [FXGL Background Thread 3 ] DEBUG Engine               - isMobile: false
20:29:01.473 [FXGL Background Thread 3 ] DEBUG Engine               - isNative: false
20:29:01.473 [FXGL Background Thread 3 ] DEBUG Engine               - isPauseMusicWhenMinimized: true
20:29:01.473 [FXGL Background Thread 3 ] DEBUG Engine               - isPreserveResizeRatio: false
20:29:01.473 [FXGL Background Thread 3 ] DEBUG Engine               - isProfilingEnabled: false
20:29:01.473 [FXGL Background Thread 3 ] DEBUG Engine               - isScaleAffectedOnResize: true
20:29:01.473 [FXGL Background Thread 3 ] DEBUG Engine               - isSingleStep: false
20:29:01.474 [FXGL Background Thread 3 ] DEBUG Engine               - isUserProfileEnabled: false
20:29:01.474 [FXGL Background Thread 3 ] DEBUG Engine               - isWindows: true
20:29:01.474 [FXGL Background Thread 3 ] DEBUG Engine               - language: ObjectProperty [value: ENGLISH]
20:29:01.474 [FXGL Background Thread 3 ] DEBUG Engine               - menuKey: ESCAPE
20:29:01.474 [FXGL Background Thread 3 ] DEBUG Engine               - mouseSensitivity: 0.2
20:29:01.474 [FXGL Background Thread 3 ] DEBUG Engine               - notificationViewClass: class com.almasb.fxgl.notification.view.XboxNotificationView
20:29:01.474 [FXGL Background Thread 3 ] DEBUG Engine               - pixelsPerMeter: 50.0
20:29:01.474 [FXGL Background Thread 3 ] DEBUG Engine               - platform: WINDOWS
20:29:01.474 [FXGL Background Thread 3 ] DEBUG Engine               - prefHeightProperty: ReadOnlyDoubleProperty [value: 800.0]
20:29:01.474 [FXGL Background Thread 3 ] DEBUG Engine               - prefWidthProperty: ReadOnlyDoubleProperty [value: 800.0]
20:29:01.474 [FXGL Background Thread 3 ] DEBUG Engine               - profileDir: profiles/
20:29:01.474 [FXGL Background Thread 3 ] DEBUG Engine               - profileName: StringProperty [value: DEFAULT]
20:29:01.474 [FXGL Background Thread 3 ] DEBUG Engine               - randomSeed: -1
20:29:01.476 [FXGL Background Thread 3 ] DEBUG Engine               - runtimeInfo: RuntimeInfo(platform=WINDOWS, version=17, build=31.12.2021 18.16)
20:29:01.476 [FXGL Background Thread 3 ] DEBUG Engine               - saveFileExt: sav
20:29:01.476 [FXGL Background Thread 3 ] DEBUG Engine               - scaledHeightProp$fxgl: DoubleProperty [bound, value: 800.0]
20:29:01.476 [FXGL Background Thread 3 ] DEBUG Engine               - scaledWidthProp$fxgl: DoubleProperty [bound, value: 800.0]
20:29:01.476 [FXGL Background Thread 3 ] DEBUG Engine               - sceneFactory: com.almasb.fxgl.app.scene.SceneFactory@98bff3c
20:29:01.476 [FXGL Background Thread 3 ] DEBUG Engine               - secondsIn24h: 60
20:29:01.476 [FXGL Background Thread 3 ] DEBUG Engine               - soundMenuBack: menu/back.wav
20:29:01.476 [FXGL Background Thread 3 ] DEBUG Engine               - soundMenuPress: menu/press.wav
20:29:01.476 [FXGL Background Thread 3 ] DEBUG Engine               - soundMenuSelect: menu/select.wav
20:29:01.476 [FXGL Background Thread 3 ] DEBUG Engine               - soundNotification: core/notification.wav
20:29:01.477 [FXGL Background Thread 3 ] DEBUG Engine               - stageStyle: DECORATED
20:29:01.477 [FXGL Background Thread 3 ] DEBUG Engine               - supportedLanguages: [ENGLISH, FRENCH, GERMAN, HUNGARIAN, RUSSIAN]
20:29:01.477 [FXGL Background Thread 3 ] DEBUG Engine               - ticksPerSecond: -1
20:29:01.477 [FXGL Background Thread 3 ] DEBUG Engine               - title: Zelda 2D Game par ماستن
20:29:01.477 [FXGL Background Thread 3 ] DEBUG Engine               - urlGithub: https://github.com/AlmasB/FXGL
20:29:01.477 [FXGL Background Thread 3 ] DEBUG Engine               - urlLeaderboard: http://fxgl-top.herokuapp.com/
20:29:01.477 [FXGL Background Thread 3 ] DEBUG Engine               - urlPOM: https://raw.githubusercontent.com/AlmasB/FXGL/release/README.md
20:29:01.477 [FXGL Background Thread 3 ] DEBUG Engine               - userAppClass: class com.example.zeldapuzzle.MainGameApp
20:29:01.477 [FXGL Background Thread 3 ] DEBUG Engine               - version: 1
20:29:01.477 [FXGL Background Thread 3 ] DEBUG Engine               - versionCheckDays: 7
20:29:01.477 [FXGL Background Thread 3 ] DEBUG Engine               - width: 800
20:29:01.478 [FXGL Background Thread 3 ] DEBUG Engine               - Logging services
20:29:01.478 [FXGL Background Thread 3 ] DEBUG Engine               - class com.almasb.fxgl.app.services.FXGLAssetLoaderService
20:29:01.478 [FXGL Background Thread 3 ] DEBUG Engine               - class com.almasb.fxgl.app.FXGLApplication$GameApplicationService
20:29:01.478 [FXGL Background Thread 3 ] DEBUG Engine               - class com.almasb.fxgl.app.services.FXGLDialogService
20:29:01.478 [FXGL Background Thread 3 ] DEBUG Engine               - class com.almasb.fxgl.app.services.IOTaskExecutorService
20:29:01.478 [FXGL Background Thread 3 ] DEBUG Engine               - class com.almasb.fxgl.io.FileSystemService
20:29:01.478 [FXGL Background Thread 3 ] DEBUG Engine               - class com.almasb.fxgl.localization.LocalizationService
20:29:01.478 [FXGL Background Thread 3 ] DEBUG Engine               - class com.almasb.fxgl.app.services.SystemBundleService
20:29:01.478 [FXGL Background Thread 3 ] DEBUG Engine               - class com.almasb.fxgl.profile.SaveLoadService
20:29:01.478 [FXGL Background Thread 3 ] DEBUG Engine               - class com.almasb.fxgl.ui.FXGLUIFactoryServiceProvider
20:29:01.478 [FXGL Background Thread 3 ] DEBUG Engine               - class com.almasb.fxgl.ui.FXGLDialogFactoryServiceProvider
20:29:01.478 [FXGL Background Thread 3 ] DEBUG Engine               - class com.almasb.fxgl.audio.AudioPlayer
20:29:01.478 [FXGL Background Thread 3 ] DEBUG Engine               - class com.almasb.fxgl.notification.impl.NotificationServiceProvider
20:29:01.478 [FXGL Background Thread 3 ] DEBUG Engine               - class com.almasb.fxgl.achievement.AchievementService
20:29:01.478 [FXGL Background Thread 3 ] DEBUG Engine               - class com.almasb.fxgl.cutscene.CutsceneService
20:29:01.478 [FXGL Background Thread 3 ] DEBUG Engine               - class com.almasb.fxgl.minigames.MiniGameService
20:29:01.478 [FXGL Background Thread 3 ] DEBUG Engine               - class com.almasb.fxgl.net.NetService
20:29:01.479 [FXGL Background Thread 3 ] DEBUG Engine               - class com.almasb.fxgl.app.services.UpdaterService
20:29:01.479 [FXGL Background Thread 3 ] DEBUG Engine               - class com.almasb.fxgl.dev.DevService
20:29:19.121 [JavaFX Application Thread] DEBUG FXGLApplication      - Exiting FXGL
20:29:19.121 [JavaFX Application Thread] DEBUG LoopRunner           - Stopping loop
20:29:19.121 [JavaFX Application Thread] DEBUG SystemBundleService  - Saving FXGL system data
20:29:19.123 [JavaFX Application Thread] DEBUG FileSystemAccess     - Writing to: C:\Users\User\zeldaPuzzle\system\fxgl.bundle
20:29:19.125 [JavaFX Application Thread] DEBUG Async                - Shutting down background threads
20:29:19.125 [JavaFX Application Thread] DEBUG PrimaryStageWindow   - Closing main window
20:29:19.132 [JavaFX Application Thread] DEBUG Logger               - Closing Logger
