11:51:20.863 [main                     ] DEBUG Logger               - Configured Logger
11:51:20.890 [main                     ] DEBUG GameApplication      - Logging settings
Title: Zelda 2D Game
Version: 1
Width: 800
Height: 800
Fullscreen: false
Intro: false
Profiling: false
Single step:false
App Mode: DEVELOPER
Menu Key: ESCAPE
Stage Style: DECORATED
Scene Factory: class com.almasb.fxgl.app.scene.SceneFactory

11:51:21.301 [JavaFX Application Thread] DEBUG FXGLApplication      - Initializing FXGL
11:51:21.307 [JavaFX Application Thread] INFO  Engine               - FXGL-17 (31.12.2021 18.16) on MAC (J:21.0.2 FX:19)
11:51:21.307 [JavaFX Application Thread] DEBUG Engine               - JRE Vendor Name: Oracle Corporation
11:51:21.308 [JavaFX Application Thread] DEBUG Engine               - Running on OS: Mac OS X version 12.5
11:51:21.308 [JavaFX Application Thread] DEBUG Engine               - Architecture: aarch64
11:51:21.308 [JavaFX Application Thread] INFO  Engine               - Source code and latest versions at: https://github.com/AlmasB/FXGL
11:51:21.308 [JavaFX Application Thread] INFO  Engine               -       Ask questions and discuss at: https://github.com/AlmasB/FXGL/discussions
11:51:21.308 [JavaFX Application Thread] INFO  Engine               -              Join the FXGL chat at: https://gitter.im/AlmasB/FXGL
11:51:21.425 [JavaFX Application Thread] DEBUG PrimaryStageWindow   - Creating a JavaFX scene
11:51:21.480 [JavaFX Application Thread] DEBUG PrimaryStageWindow   - Target settings size: 800.0 x 800.0
11:51:21.481 [JavaFX Application Thread] DEBUG PrimaryStageWindow   - Scaled scene size:    800.0 x 800.0
11:51:21.481 [JavaFX Application Thread] DEBUG PrimaryStageWindow   - Scaled ratio: (1.0, 1.0)
11:51:21.482 [JavaFX Application Thread] DEBUG PrimaryStageWindow   - Set initial scene to FXGLStartupScene
11:51:21.485 [JavaFX Application Thread] DEBUG PrimaryStageWindow   - Opening main window
11:51:21.622 [JavaFX Application Thread] DEBUG PrimaryStageWindow   - Window border size: (0.0, 28.0)
11:51:21.622 [JavaFX Application Thread] DEBUG PrimaryStageWindow   - Scaled size: 800.0 x 800.0
11:51:21.623 [JavaFX Application Thread] DEBUG PrimaryStageWindow   - Scaled ratio: (1.0, 1.0)
11:51:21.623 [JavaFX Application Thread] DEBUG PrimaryStageWindow   - Scene size: 800.0 x 800.0
11:51:21.623 [JavaFX Application Thread] DEBUG PrimaryStageWindow   - Stage size: 800.0 x 828.0
11:51:21.629 [FXGL Background Thread 1 ] DEBUG Engine               - Initializing environment variables
11:51:21.682 [FXGL Background Thread 1 ] DEBUG FXGLAssetLoaderServi - User app class for loading assets: class com.example.zeldapuzzle.MainGameApp
11:51:21.682 [FXGL Background Thread 1 ] DEBUG GameApplicationServi - Applying CSS: fxgl_dark.css
11:51:21.685 [FXGL Background Thread 1 ] DEBUG FXGLAssetLoaderServi - Loading from file system: jar:file:///Users/CHLaroche05/.m2/repository/com/github/almasb/fxgl/17/fxgl-17.jar!/fxglassets/ui/css/fxgl_dark.css
11:51:21.754 [FXGL Background Thread 1 ] DEBUG GameApplicationServi - Initializing application scenes
11:51:22.153 [FXGL Background Thread 1 ] DEBUG GameWorld            - Game world initialized
11:51:22.229 [FXGL Background Thread 1 ] DEBUG PhysicsWorld         - Physics world initialized: appHeight=800, physics.ppm=50.0
11:51:22.230 [FXGL Background Thread 1 ] DEBUG PhysicsWorld         - Using strategy: BRUTE_FORCE
11:51:22.235 [FXGL Background Thread 1 ] DEBUG GameScene            - Game scene initialized: 800x800
11:51:22.246 [FXGL Background Thread 1 ] DEBUG FXGL.DefaultMenu     - createMenuBodyMainMenu()
11:51:22.261 [FXGL Background Thread 1 ] DEBUG FXGL.DefaultMenu     - createOptionsMenu()
11:51:22.271 [FXGL Background Thread 1 ] DEBUG FXGLAssetLoaderServi - Loading from file system: jar:file:///Users/CHLaroche05/.m2/repository/com/github/almasb/fxgl/17/fxgl-17.jar!/fxglassets/textures/particles/smoke.png
11:51:22.355 [FXGL Background Thread 1 ] DEBUG FXGLAssetLoaderServi - Loading from file system: jar:file:///Users/CHLaroche05/.m2/repository/com/github/almasb/fxgl/17/fxgl-17.jar!/fxglassets/textures/particles/trace_horizontal.png
11:51:22.383 [FXGL Background Thread 1 ] DEBUG FXGL.DefaultMenu     - createMenuBodyGameMenu()
11:51:22.384 [FXGL Background Thread 1 ] DEBUG FXGL.DefaultMenu     - createOptionsMenu()
11:51:22.399 [FXGL Background Thread 1 ] DEBUG GameApplicationServi - Application scenes initialized
11:51:22.408 [FXGL Background Thread 1 ] DEBUG SystemBundleService  - Loading FXGL system data
11:51:22.411 [FXGL Background Thread 1 ] DEBUG FileSystemAccess     - Reading from: /Users/CHLaroche05/zelda/zeldaPuzzle/system/fxgl.bundle
11:51:22.418 [FXGL Background Thread 1 ] DEBUG SystemBundleService  - Bundle FXGL: {}
11:51:22.418 [FXGL Background Thread 1 ] DEBUG UpdaterService       - Checking for updates
11:51:22.421 [FXGL Background Thread 4 ] DEBUG FXGLApplication      - Loading fonts
11:51:22.421 [FXGL Background Thread 1 ] DEBUG FXGLApplication      - Loading default localization
11:51:22.421 [FXGL Background Thread 4 ] DEBUG FXGLAssetLoaderServi - Loading from file system: jar:file:///Users/CHLaroche05/.m2/repository/com/github/almasb/fxgl/17/fxgl-17.jar!/fxglassets/ui/fonts/VarelaRound-Regular.ttf
11:51:22.421 [FXGL Background Thread 1 ] DEBUG FXGLAssetLoaderServi - Loading from file system: jar:file:///Users/CHLaroche05/.m2/repository/com/github/almasb/fxgl/17/fxgl-17.jar!/fxglassets/languages/english.lang
11:51:22.428 [FXGL Background Thread 4 ] DEBUG FXGLAssetLoaderServi - Loading from file system: jar:file:///Users/CHLaroche05/.m2/repository/com/github/almasb/fxgl/17/fxgl-17.jar!/fxglassets/ui/fonts/Abel-Regular.ttf
11:51:22.431 [FXGL Background Thread 4 ] DEBUG FXGLAssetLoaderServi - Loading from file system: jar:file:///Users/CHLaroche05/.m2/repository/com/github/almasb/fxgl/17/fxgl-17.jar!/fxglassets/ui/fonts/TerminalLandMono-Regular.otf
11:51:22.434 [FXGL Background Thread 1 ] INFO  FXGLApplication      - FXGL initialization took: 0.805 sec
11:51:22.434 [FXGL Background Thread 4 ] DEBUG FXGLAssetLoaderServi - Loading from file system: jar:file:///Users/CHLaroche05/.m2/repository/com/github/almasb/fxgl/17/fxgl-17.jar!/fxglassets/ui/fonts/Courier-Prime.ttf
11:51:22.441 [JavaFX Application Thread] DEBUG Input                - Registered new binding: getPosition - P
11:51:22.441 [JavaFX Application Thread] DEBUG Input                - Registered new binding: zoom+ - Up
11:51:22.441 [JavaFX Application Thread] DEBUG Input                - Registered new binding: zoom- - Down
11:51:22.441 [JavaFX Application Thread] DEBUG Input                - Registered new binding: resetZoom - 0
11:51:22.441 [JavaFX Application Thread] DEBUG Input                - Registered new binding: Move right - D
11:51:22.441 [JavaFX Application Thread] DEBUG Input                - Registered new binding: Move left - A
11:51:22.441 [JavaFX Application Thread] DEBUG Input                - Registered new binding: Move Up - W
11:51:22.441 [JavaFX Application Thread] DEBUG Input                - Registered new binding: Move Down - S
11:51:22.441 [JavaFX Application Thread] DEBUG LoopRunner           - Stopping loop
11:51:22.441 [JavaFX Application Thread] DEBUG LoopRunner           - Initializing JavaFX AnimationTimerLoop
11:51:22.443 [JavaFX Application Thread] FATAL FXGLApplication      - Uncaught Exception:
java.lang.IllegalArgumentException: Trigger is already bound: D
	at com.almasb.fxgl.core@17/com.almasb.fxgl.input.Input.addBinding(Input.kt:451)
	at com.almasb.fxgl.core@17/com.almasb.fxgl.input.Input.addAction(Input.kt:446)
	at com.almasb.fxgl.core@17/com.almasb.fxgl.input.Input.addAction$default(Input.kt:443)
	at com.almasb.fxgl.core@17/com.almasb.fxgl.input.Input.addAction(Input.kt)
	at com.example.zeldapuzzle/com.example.zeldapuzzle.MainGameApp.initInput(MainGameApp.java:98)
	at com.almasb.fxgl.all@17/com.almasb.fxgl.app.FXGLApplication$GameApplicationService.onMainLoopStarting(FXGLApplication.kt:529)
	at com.almasb.fxgl.all@17/com.almasb.fxgl.app.Engine.startLoop(Engine.kt:150)
	at com.almasb.fxgl.all@17/com.almasb.fxgl.app.FXGLApplication.startImpl$lambda-3(FXGLApplication.kt:145)
	at com.almasb.fxgl.core@17/com.almasb.fxgl.core.concurrent.IOTask.succeed(IOTask.java:164)
	at com.almasb.fxgl.core@17/com.almasb.fxgl.core.concurrent.IOTask$1.succeeded(IOTask.java:153)
	at javafx.graphics@19/javafx.concurrent.Task.setState(Task.java:726)
	at javafx.graphics@19/javafx.concurrent.Task$TaskCallable.lambda$call$1(Task.java:1437)
	at javafx.graphics@19/com.sun.javafx.application.PlatformImpl.lambda$runLater$10(PlatformImpl.java:457)
	at java.base/java.security.AccessController.doPrivileged(AccessController.java:400)
	at javafx.graphics@19/com.sun.javafx.application.PlatformImpl.lambda$runLater$11(PlatformImpl.java:456)
	at javafx.graphics@19/com.sun.glass.ui.InvokeLaterDispatcher$Future.run(InvokeLaterDispatcher.java:96)

11:51:22.443 [JavaFX Application Thread] FATAL FXGLApplication      - Application will now exit
11:51:22.454 [JavaFX Application Thread] DEBUG PrimaryStageWindow   - Push state: ErrorSubScene
11:51:22.455 [JavaFX Application Thread] DEBUG Input                - Clearing active input actions
11:51:22.461 [JavaFX Application Thread] DEBUG GameApplicationServi - Removing overlay from FXGLStartupScene and adding to ErrorSubScene
11:51:22.461 [JavaFX Application Thread] DEBUG PrimaryStageWindow   - FXGLStartupScene -> ErrorSubScene
11:51:22.461 [JavaFX Application Thread] DEBUG FXGLApplication      - Registering font factories with UI factory
11:51:22.784 [FXGL Background Thread 2 ] INFO  UpdaterService       - Your current version:  17
11:51:22.784 [FXGL Background Thread 2 ] INFO  UpdaterService       - Latest stable version: 21
11:51:25.425 [FXGL Background Thread 3 ] DEBUG Engine               - Logging environment variables
11:51:25.427 [FXGL Background Thread 3 ] DEBUG Engine               - achievements: []
11:51:25.427 [FXGL Background Thread 3 ] DEBUG Engine               - actualHeight: 800.0
11:51:25.427 [FXGL Background Thread 3 ] DEBUG Engine               - actualHeightProperty: ReadOnlyDoubleProperty [value: 800.0]
11:51:25.427 [FXGL Background Thread 3 ] DEBUG Engine               - actualWidth: 800.0
11:51:25.427 [FXGL Background Thread 3 ] DEBUG Engine               - actualWidthProperty: ReadOnlyDoubleProperty [value: 800.0]
11:51:25.427 [FXGL Background Thread 3 ] DEBUG Engine               - appIcon: fxgl_icon.png
11:51:25.427 [FXGL Background Thread 3 ] DEBUG Engine               - applicationMode: DEVELOPER
11:51:25.427 [FXGL Background Thread 3 ] DEBUG Engine               - cSSList: [fxgl_dark.css]
11:51:25.428 [FXGL Background Thread 3 ] DEBUG Engine               - collisionDetectionStrategy: BRUTE_FORCE
11:51:25.428 [FXGL Background Thread 3 ] DEBUG Engine               - configClass: Optional.empty
11:51:25.428 [FXGL Background Thread 3 ] DEBUG Engine               - credits: []
11:51:25.428 [FXGL Background Thread 3 ] DEBUG Engine               - defaultCursor: CursorInfo(imageName=fxgl_default_cursor.png, hotspotX=7.0, hotspotY=6.0)
11:51:25.428 [FXGL Background Thread 3 ] DEBUG Engine               - devBBoxColorProperty: ObjectProperty [value: 0xff0000ff]
11:51:25.429 [FXGL Background Thread 3 ] DEBUG Engine               - devEnableDebugCameraProperty: BooleanProperty [value: false]
11:51:25.429 [FXGL Background Thread 3 ] DEBUG Engine               - devSensorColorProperty: ObjectProperty [value: 0xffff00ff]
11:51:25.429 [FXGL Background Thread 3 ] DEBUG Engine               - devShowBBoxProperty: BooleanProperty [value: false]
11:51:25.429 [FXGL Background Thread 3 ] DEBUG Engine               - devShowPositionProperty: BooleanProperty [value: false]
11:51:25.429 [FXGL Background Thread 3 ] DEBUG Engine               - enabledMenuItems: []
11:51:25.429 [FXGL Background Thread 3 ] DEBUG Engine               - engineServices: [class com.almasb.fxgl.app.services.FXGLAssetLoaderService, class com.almasb.fxgl.app.FXGLApplication$GameApplicationService, class com.almasb.fxgl.app.services.FXGLDialogService, class com.almasb.fxgl.app.services.IOTaskExecutorService, class com.almasb.fxgl.io.FileSystemService, class com.almasb.fxgl.localization.LocalizationService, class com.almasb.fxgl.app.services.SystemBundleService, class com.almasb.fxgl.profile.SaveLoadService, class com.almasb.fxgl.ui.FXGLUIFactoryServiceProvider, class com.almasb.fxgl.ui.FXGLDialogFactoryServiceProvider, class com.almasb.fxgl.audio.AudioPlayer, class com.almasb.fxgl.notification.impl.NotificationServiceProvider, class com.almasb.fxgl.achievement.AchievementService, class com.almasb.fxgl.cutscene.CutsceneService, class com.almasb.fxgl.minigames.MiniGameService, class com.almasb.fxgl.net.NetService, class com.almasb.fxgl.app.services.UpdaterService, class com.almasb.fxgl.dev.DevService]
11:51:25.429 [FXGL Background Thread 3 ] DEBUG Engine               - fontGame: Abel-Regular.ttf
11:51:25.429 [FXGL Background Thread 3 ] DEBUG Engine               - fontMono: TerminalLandMono-Regular.otf
11:51:25.429 [FXGL Background Thread 3 ] DEBUG Engine               - fontText: Courier-Prime.ttf
11:51:25.429 [FXGL Background Thread 3 ] DEBUG Engine               - fontUI: VarelaRound-Regular.ttf
11:51:25.429 [FXGL Background Thread 3 ] DEBUG Engine               - fullScreen: BooleanProperty [value: false]
11:51:25.430 [FXGL Background Thread 3 ] DEBUG Engine               - gameDifficulty: MEDIUM
11:51:25.430 [FXGL Background Thread 3 ] DEBUG Engine               - gameDifficultyProperty: ObjectProperty [value: MEDIUM]
11:51:25.430 [FXGL Background Thread 3 ] DEBUG Engine               - globalMusicVolume: 0.5
11:51:25.430 [FXGL Background Thread 3 ] DEBUG Engine               - globalMusicVolumeProperty: DoubleProperty [value: 0.5]
11:51:25.430 [FXGL Background Thread 3 ] DEBUG Engine               - globalSoundVolume: 0.5
11:51:25.430 [FXGL Background Thread 3 ] DEBUG Engine               - globalSoundVolumeProperty: DoubleProperty [value: 0.5]
11:51:25.430 [FXGL Background Thread 3 ] DEBUG Engine               - height: 800
11:51:25.430 [FXGL Background Thread 3 ] DEBUG Engine               - is3D: false
11:51:25.430 [FXGL Background Thread 3 ] DEBUG Engine               - isAndroid: false
11:51:25.431 [FXGL Background Thread 3 ] DEBUG Engine               - isBrowser: false
11:51:25.431 [FXGL Background Thread 3 ] DEBUG Engine               - isClickFeedbackEnabled: false
11:51:25.431 [FXGL Background Thread 3 ] DEBUG Engine               - isCloseConfirmation: false
11:51:25.431 [FXGL Background Thread 3 ] DEBUG Engine               - isDesktop: true
11:51:25.431 [FXGL Background Thread 3 ] DEBUG Engine               - isDeveloperMenuEnabled: false
11:51:25.431 [FXGL Background Thread 3 ] DEBUG Engine               - isEmbedded: false
11:51:25.431 [FXGL Background Thread 3 ] DEBUG Engine               - isEntityPreloadEnabled: true
11:51:25.431 [FXGL Background Thread 3 ] DEBUG Engine               - isExperimentalTiledLargeMap: false
11:51:25.431 [FXGL Background Thread 3 ] DEBUG Engine               - isFileSystemWriteAllowed: true
11:51:25.431 [FXGL Background Thread 3 ] DEBUG Engine               - isFullScreenAllowed: false
11:51:25.432 [FXGL Background Thread 3 ] DEBUG Engine               - isFullScreenFromStart: false
11:51:25.432 [FXGL Background Thread 3 ] DEBUG Engine               - isGameMenuEnabled: true
11:51:25.432 [FXGL Background Thread 3 ] DEBUG Engine               - isIOS: false
11:51:25.432 [FXGL Background Thread 3 ] DEBUG Engine               - isIntroEnabled: false
11:51:25.432 [FXGL Background Thread 3 ] DEBUG Engine               - isLinux: false
11:51:25.432 [FXGL Background Thread 3 ] DEBUG Engine               - isMac: true
11:51:25.432 [FXGL Background Thread 3 ] DEBUG Engine               - isMainMenuEnabled: true
11:51:25.432 [FXGL Background Thread 3 ] DEBUG Engine               - isManualResizeEnabled: false
11:51:25.432 [FXGL Background Thread 3 ] DEBUG Engine               - isMobile: false
11:51:25.432 [FXGL Background Thread 3 ] DEBUG Engine               - isNative: false
11:51:25.432 [FXGL Background Thread 3 ] DEBUG Engine               - isPauseMusicWhenMinimized: true
11:51:25.432 [FXGL Background Thread 3 ] DEBUG Engine               - isPreserveResizeRatio: false
11:51:25.432 [FXGL Background Thread 3 ] DEBUG Engine               - isProfilingEnabled: false
11:51:25.432 [FXGL Background Thread 3 ] DEBUG Engine               - isScaleAffectedOnResize: true
11:51:25.433 [FXGL Background Thread 3 ] DEBUG Engine               - isSingleStep: false
11:51:25.433 [FXGL Background Thread 3 ] DEBUG Engine               - isUserProfileEnabled: false
11:51:25.433 [FXGL Background Thread 3 ] DEBUG Engine               - isWindows: false
11:51:25.433 [FXGL Background Thread 3 ] DEBUG Engine               - language: ObjectProperty [value: ENGLISH]
11:51:25.433 [FXGL Background Thread 3 ] DEBUG Engine               - menuKey: ESCAPE
11:51:25.433 [FXGL Background Thread 3 ] DEBUG Engine               - mouseSensitivity: 0.2
11:51:25.433 [FXGL Background Thread 3 ] DEBUG Engine               - notificationViewClass: class com.almasb.fxgl.notification.view.XboxNotificationView
11:51:25.433 [FXGL Background Thread 3 ] DEBUG Engine               - pixelsPerMeter: 50.0
11:51:25.433 [FXGL Background Thread 3 ] DEBUG Engine               - platform: MAC
11:51:25.434 [FXGL Background Thread 3 ] DEBUG Engine               - prefHeightProperty: ReadOnlyDoubleProperty [value: 800.0]
11:51:25.434 [FXGL Background Thread 3 ] DEBUG Engine               - prefWidthProperty: ReadOnlyDoubleProperty [value: 800.0]
11:51:25.434 [FXGL Background Thread 3 ] DEBUG Engine               - profileDir: profiles/
11:51:25.434 [FXGL Background Thread 3 ] DEBUG Engine               - profileName: StringProperty [value: DEFAULT]
11:51:25.434 [FXGL Background Thread 3 ] DEBUG Engine               - randomSeed: -1
11:51:25.435 [FXGL Background Thread 3 ] DEBUG Engine               - runtimeInfo: RuntimeInfo(platform=MAC, version=17, build=31.12.2021 18.16)
11:51:25.435 [FXGL Background Thread 3 ] DEBUG Engine               - saveFileExt: sav
11:51:25.435 [FXGL Background Thread 3 ] DEBUG Engine               - scaledHeightProp$fxgl: DoubleProperty [bound, value: 800.0]
11:51:25.435 [FXGL Background Thread 3 ] DEBUG Engine               - scaledWidthProp$fxgl: DoubleProperty [bound, value: 800.0]
11:51:25.435 [FXGL Background Thread 3 ] DEBUG Engine               - sceneFactory: com.almasb.fxgl.app.scene.SceneFactory@5008b7a9
11:51:25.436 [FXGL Background Thread 3 ] DEBUG Engine               - secondsIn24h: 60
11:51:25.436 [FXGL Background Thread 3 ] DEBUG Engine               - soundMenuBack: menu/back.wav
11:51:25.436 [FXGL Background Thread 3 ] DEBUG Engine               - soundMenuPress: menu/press.wav
11:51:25.436 [FXGL Background Thread 3 ] DEBUG Engine               - soundMenuSelect: menu/select.wav
11:51:25.436 [FXGL Background Thread 3 ] DEBUG Engine               - soundNotification: core/notification.wav
11:51:25.436 [FXGL Background Thread 3 ] DEBUG Engine               - stageStyle: DECORATED
11:51:25.436 [FXGL Background Thread 3 ] DEBUG Engine               - supportedLanguages: [ENGLISH, FRENCH, GERMAN, HUNGARIAN, RUSSIAN]
11:51:25.436 [FXGL Background Thread 3 ] DEBUG Engine               - ticksPerSecond: -1
11:51:25.436 [FXGL Background Thread 3 ] DEBUG Engine               - title: Zelda 2D Game
11:51:25.436 [FXGL Background Thread 3 ] DEBUG Engine               - urlGithub: https://github.com/AlmasB/FXGL
11:51:25.436 [FXGL Background Thread 3 ] DEBUG Engine               - urlLeaderboard: http://fxgl-top.herokuapp.com/
11:51:25.436 [FXGL Background Thread 3 ] DEBUG Engine               - urlPOM: https://raw.githubusercontent.com/AlmasB/FXGL/release/README.md
11:51:25.436 [FXGL Background Thread 3 ] DEBUG Engine               - userAppClass: class com.example.zeldapuzzle.MainGameApp
11:51:25.436 [FXGL Background Thread 3 ] DEBUG Engine               - version: 1
11:51:25.436 [FXGL Background Thread 3 ] DEBUG Engine               - versionCheckDays: 7
11:51:25.437 [FXGL Background Thread 3 ] DEBUG Engine               - width: 800
11:51:25.437 [FXGL Background Thread 3 ] DEBUG Engine               - Logging services
11:51:25.437 [FXGL Background Thread 3 ] DEBUG Engine               - class com.almasb.fxgl.app.services.FXGLAssetLoaderService
11:51:25.437 [FXGL Background Thread 3 ] DEBUG Engine               - class com.almasb.fxgl.app.FXGLApplication$GameApplicationService
11:51:25.437 [FXGL Background Thread 3 ] DEBUG Engine               - class com.almasb.fxgl.app.services.FXGLDialogService
11:51:25.437 [FXGL Background Thread 3 ] DEBUG Engine               - class com.almasb.fxgl.app.services.IOTaskExecutorService
11:51:25.437 [FXGL Background Thread 3 ] DEBUG Engine               - class com.almasb.fxgl.io.FileSystemService
11:51:25.437 [FXGL Background Thread 3 ] DEBUG Engine               - class com.almasb.fxgl.localization.LocalizationService
11:51:25.437 [FXGL Background Thread 3 ] DEBUG Engine               - class com.almasb.fxgl.app.services.SystemBundleService
11:51:25.437 [FXGL Background Thread 3 ] DEBUG Engine               - class com.almasb.fxgl.profile.SaveLoadService
11:51:25.437 [FXGL Background Thread 3 ] DEBUG Engine               - class com.almasb.fxgl.ui.FXGLUIFactoryServiceProvider
11:51:25.437 [FXGL Background Thread 3 ] DEBUG Engine               - class com.almasb.fxgl.ui.FXGLDialogFactoryServiceProvider
11:51:25.437 [FXGL Background Thread 3 ] DEBUG Engine               - class com.almasb.fxgl.audio.AudioPlayer
11:51:25.437 [FXGL Background Thread 3 ] DEBUG Engine               - class com.almasb.fxgl.notification.impl.NotificationServiceProvider
11:51:25.437 [FXGL Background Thread 3 ] DEBUG Engine               - class com.almasb.fxgl.achievement.AchievementService
11:51:25.437 [FXGL Background Thread 3 ] DEBUG Engine               - class com.almasb.fxgl.cutscene.CutsceneService
11:51:25.437 [FXGL Background Thread 3 ] DEBUG Engine               - class com.almasb.fxgl.minigames.MiniGameService
11:51:25.437 [FXGL Background Thread 3 ] DEBUG Engine               - class com.almasb.fxgl.net.NetService
11:51:25.438 [FXGL Background Thread 3 ] DEBUG Engine               - class com.almasb.fxgl.app.services.UpdaterService
11:51:25.438 [FXGL Background Thread 3 ] DEBUG Engine               - class com.almasb.fxgl.dev.DevService
11:51:25.613 [JavaFX Application Thread] DEBUG FXGLApplication      - Exiting FXGL
11:51:25.614 [JavaFX Application Thread] DEBUG Async                - Shutting down background threads
11:51:25.614 [JavaFX Application Thread] DEBUG PrimaryStageWindow   - Closing main window
11:51:25.625 [JavaFX Application Thread] DEBUG Logger               - Closing Logger
