10:12:15.206 [main                     ] DEBUG Logger               - Configured Logger
10:12:15.221 [main                     ] DEBUG GameApplication      - Logging settings
Title: Zelda 2D Game
Version: 1
Width: 800
Height: 800
Fullscreen: false
Intro: false
Profiling: false
Single step:false
App Mode: DEVELOPER
Menu Key: ESCAPE
Stage Style: DECORATED
Scene Factory: class com.almasb.fxgl.app.scene.SceneFactory

10:12:15.400 [JavaFX Application Thread] DEBUG FXGLApplication      - Initializing FXGL
10:12:15.403 [JavaFX Application Thread] INFO  Engine               - FXGL-17 (31.12.2021 18.16) on WINDOWS (J:21.0.2 FX:19)
10:12:15.403 [JavaFX Application Thread] DEBUG Engine               - JRE Vendor Name: Oracle Corporation
10:12:15.403 [JavaFX Application Thread] DEBUG Engine               - Running on OS: Windows 11 version 10.0
10:12:15.404 [JavaFX Application Thread] DEBUG Engine               - Architecture: amd64
10:12:15.404 [JavaFX Application Thread] INFO  Engine               - Source code and latest versions at: https://github.com/AlmasB/FXGL
10:12:15.404 [JavaFX Application Thread] INFO  Engine               -       Ask questions and discuss at: https://github.com/AlmasB/FXGL/discussions
10:12:15.404 [JavaFX Application Thread] INFO  Engine               -              Join the FXGL chat at: https://gitter.im/AlmasB/FXGL
10:12:15.454 [JavaFX Application Thread] DEBUG PrimaryStageWindow   - Creating a JavaFX scene
10:12:15.484 [JavaFX Application Thread] DEBUG PrimaryStageWindow   - Target settings size: 800.0 x 800.0
10:12:15.484 [JavaFX Application Thread] DEBUG PrimaryStageWindow   - Scaled scene size:    800.0 x 800.0
10:12:15.485 [JavaFX Application Thread] DEBUG PrimaryStageWindow   - Scaled ratio: (1.0, 1.0)
10:12:15.485 [JavaFX Application Thread] DEBUG PrimaryStageWindow   - Set initial scene to FXGLStartupScene
10:12:15.488 [JavaFX Application Thread] DEBUG PrimaryStageWindow   - Opening main window
10:12:15.537 [JavaFX Application Thread] DEBUG PrimaryStageWindow   - Window border size: (16.0, 39.0)
10:12:15.538 [JavaFX Application Thread] DEBUG PrimaryStageWindow   - Scaled size: 800.0 x 800.0
10:12:15.538 [JavaFX Application Thread] DEBUG PrimaryStageWindow   - Scaled ratio: (1.0, 1.0)
10:12:15.538 [JavaFX Application Thread] DEBUG PrimaryStageWindow   - Scene size: 800.0 x 800.0
10:12:15.538 [JavaFX Application Thread] DEBUG PrimaryStageWindow   - Stage size: 816.0 x 839.0
10:12:15.543 [FXGL Background Thread 1 ] DEBUG Engine               - Initializing environment variables
10:12:15.575 [FXGL Background Thread 1 ] DEBUG FXGLAssetLoaderServi - User app class for loading assets: class com.example.zeldapuzzle.MainGameApp
10:12:15.576 [FXGL Background Thread 1 ] DEBUG GameApplicationServi - Applying CSS: fxgl_dark.css
10:12:15.576 [FXGL Background Thread 1 ] DEBUG FXGLAssetLoaderServi - Loading from file system: jar:file:///C:/Users/User/.m2/repository/com/github/almasb/fxgl/17/fxgl-17.jar!/fxglassets/ui/css/fxgl_dark.css
10:12:15.612 [FXGL Background Thread 1 ] DEBUG GameApplicationServi - Initializing application scenes
10:12:15.646 [FXGL Background Thread 1 ] DEBUG GameWorld            - Game world initialized
10:12:15.682 [FXGL Background Thread 1 ] DEBUG PhysicsWorld         - Physics world initialized: appHeight=800, physics.ppm=50.0
10:12:15.682 [FXGL Background Thread 1 ] DEBUG PhysicsWorld         - Using strategy: BRUTE_FORCE
10:12:15.684 [FXGL Background Thread 1 ] DEBUG GameScene            - Game scene initialized: 800x800
10:12:15.690 [FXGL Background Thread 1 ] DEBUG FXGL.DefaultMenu     - createMenuBodyMainMenu()
10:12:15.697 [FXGL Background Thread 1 ] DEBUG FXGL.DefaultMenu     - createOptionsMenu()
10:12:15.703 [FXGL Background Thread 1 ] DEBUG FXGLAssetLoaderServi - Loading from file system: jar:file:///C:/Users/User/.m2/repository/com/github/almasb/fxgl/17/fxgl-17.jar!/fxglassets/textures/particles/smoke.png
10:12:15.752 [FXGL Background Thread 1 ] DEBUG FXGLAssetLoaderServi - Loading from file system: jar:file:///C:/Users/User/.m2/repository/com/github/almasb/fxgl/17/fxgl-17.jar!/fxglassets/textures/particles/trace_horizontal.png
10:12:15.768 [FXGL Background Thread 1 ] DEBUG FXGL.DefaultMenu     - createMenuBodyGameMenu()
10:12:15.769 [FXGL Background Thread 1 ] DEBUG FXGL.DefaultMenu     - createOptionsMenu()
10:12:15.777 [FXGL Background Thread 1 ] DEBUG GameApplicationServi - Application scenes initialized
10:12:15.784 [FXGL Background Thread 1 ] DEBUG SystemBundleService  - Loading FXGL system data
10:12:15.786 [FXGL Background Thread 1 ] DEBUG FileSystemAccess     - Reading from: C:\Users\User\zeldaPuzzle\system\fxgl.bundle
10:12:15.793 [FXGL Background Thread 1 ] DEBUG SystemBundleService  - Bundle FXGL: {}
10:12:15.793 [FXGL Background Thread 1 ] DEBUG UpdaterService       - Checking for updates
10:12:15.795 [FXGL Background Thread 4 ] DEBUG FXGLApplication      - Loading fonts
10:12:15.796 [FXGL Background Thread 1 ] DEBUG FXGLApplication      - Loading default localization
10:12:15.796 [FXGL Background Thread 4 ] DEBUG FXGLAssetLoaderServi - Loading from file system: jar:file:///C:/Users/User/.m2/repository/com/github/almasb/fxgl/17/fxgl-17.jar!/fxglassets/ui/fonts/VarelaRound-Regular.ttf
10:12:15.796 [FXGL Background Thread 1 ] DEBUG FXGLAssetLoaderServi - Loading from file system: jar:file:///C:/Users/User/.m2/repository/com/github/almasb/fxgl/17/fxgl-17.jar!/fxglassets/languages/english.lang
10:12:15.809 [FXGL Background Thread 1 ] INFO  FXGLApplication      - FXGL initialization took: 0.265 sec
10:12:15.815 [JavaFX Application Thread] DEBUG Input                - Registered new binding: getPosition - P
10:12:15.815 [JavaFX Application Thread] DEBUG Input                - Registered new binding: zoom+ - Up
10:12:15.815 [JavaFX Application Thread] DEBUG Input                - Registered new binding: zoom- - Down
10:12:15.815 [JavaFX Application Thread] DEBUG Input                - Registered new binding: resetZoom - 0
10:12:15.815 [JavaFX Application Thread] DEBUG Input                - Registered new binding: Move right - D
10:12:15.816 [JavaFX Application Thread] DEBUG Input                - Registered new binding: Move left - A
10:12:15.816 [JavaFX Application Thread] DEBUG Input                - Registered new binding: Move Up - W
10:12:15.816 [JavaFX Application Thread] DEBUG Input                - Registered new binding: Move Down - S
10:12:15.816 [JavaFX Application Thread] DEBUG FXGLAssetLoaderServi - Loading from file system: jar:file:///C:/Users/User/.m2/repository/com/github/almasb/fxgl/17/fxgl-17.jar!/fxglassets/textures/fxgl_icon.png
10:12:15.818 [FXGL Background Thread 4 ] DEBUG FXGLAssetLoaderServi - Loading from file system: jar:file:///C:/Users/User/.m2/repository/com/github/almasb/fxgl/17/fxgl-17.jar!/fxglassets/ui/fonts/Abel-Regular.ttf
10:12:15.826 [FXGL Background Thread 4 ] DEBUG FXGLAssetLoaderServi - Loading from file system: jar:file:///C:/Users/User/.m2/repository/com/github/almasb/fxgl/17/fxgl-17.jar!/fxglassets/ui/fonts/TerminalLandMono-Regular.otf
10:12:15.828 [JavaFX Application Thread] DEBUG FXGLAssetLoaderServi - Loading from file system: jar:file:///C:/Users/User/.m2/repository/com/github/almasb/fxgl/17/fxgl-17.jar!/fxglassets/textures/fxgl_default_cursor.png
10:12:15.830 [JavaFX Application Thread] DEBUG Input                - Registered new binding: Screenshot - CTRL+8
10:12:15.831 [JavaFX Application Thread] DEBUG Input                - Registered new binding: System info dump - CTRL+9
10:12:15.831 [JavaFX Application Thread] DEBUG Input                - Registered new binding: Restart - CTRL+R
10:12:15.832 [JavaFX Application Thread] DEBUG Input                - Registered new binding: Toggle Debug Camera - CTRL+7
10:12:15.836 [JavaFX Application Thread] DEBUG LoopRunner           - Starting loop
10:12:15.836 [JavaFX Application Thread] DEBUG LoopRunner           - Initializing JavaFX AnimationTimerLoop
10:12:15.837 [FXGL Background Thread 4 ] DEBUG FXGLAssetLoaderServi - Loading from file system: jar:file:///C:/Users/User/.m2/repository/com/github/almasb/fxgl/17/fxgl-17.jar!/fxglassets/ui/fonts/Courier-Prime.ttf
10:12:15.839 [JavaFX Application Thread] DEBUG Input                - Clearing active input actions
10:12:15.845 [JavaFX Application Thread] DEBUG GameApplicationServi - Removing overlay from FXGLStartupScene and adding to FXGLMainMenuDummyScene
10:12:15.845 [JavaFX Application Thread] DEBUG PrimaryStageWindow   - FXGLStartupScene -> FXGLMainMenuDummyScene
10:12:15.845 [JavaFX Application Thread] DEBUG PrimaryStageWindow   - Push state: FXGLDefaultMenu
10:12:15.853 [JavaFX Application Thread] DEBUG Input                - Clearing active input actions
10:12:15.860 [JavaFX Application Thread] DEBUG GameApplicationServi - Removing overlay from FXGLMainMenuDummyScene and adding to FXGLDefaultMenu
10:12:15.860 [JavaFX Application Thread] DEBUG PrimaryStageWindow   - FXGLMainMenuDummyScene -> FXGLDefaultMenu
10:12:15.919 [JavaFX Application Thread] DEBUG FXGLApplication      - Registering font factories with UI factory
10:12:16.187 [FXGL Background Thread 2 ] INFO  UpdaterService       - Your current version:  17
10:12:16.187 [FXGL Background Thread 2 ] INFO  UpdaterService       - Latest stable version: 21
10:12:18.796 [FXGL Background Thread 3 ] DEBUG Engine               - Logging environment variables
10:12:18.796 [FXGL Background Thread 3 ] DEBUG Engine               - achievements: []
10:12:18.796 [FXGL Background Thread 3 ] DEBUG Engine               - actualHeight: 800.0
10:12:18.796 [FXGL Background Thread 3 ] DEBUG Engine               - actualHeightProperty: ReadOnlyDoubleProperty [value: 800.0]
10:12:18.796 [FXGL Background Thread 3 ] DEBUG Engine               - actualWidth: 800.0
10:12:18.796 [FXGL Background Thread 3 ] DEBUG Engine               - actualWidthProperty: ReadOnlyDoubleProperty [value: 800.0]
10:12:18.796 [FXGL Background Thread 3 ] DEBUG Engine               - appIcon: fxgl_icon.png
10:12:18.796 [FXGL Background Thread 3 ] DEBUG Engine               - applicationMode: DEVELOPER
10:12:18.796 [FXGL Background Thread 3 ] DEBUG Engine               - cSSList: [fxgl_dark.css]
10:12:18.796 [FXGL Background Thread 3 ] DEBUG Engine               - collisionDetectionStrategy: BRUTE_FORCE
10:12:18.796 [FXGL Background Thread 3 ] DEBUG Engine               - configClass: Optional.empty
10:12:18.796 [FXGL Background Thread 3 ] DEBUG Engine               - credits: []
10:12:18.796 [FXGL Background Thread 3 ] DEBUG Engine               - defaultCursor: CursorInfo(imageName=fxgl_default_cursor.png, hotspotX=7.0, hotspotY=6.0)
10:12:18.796 [FXGL Background Thread 3 ] DEBUG Engine               - devBBoxColorProperty: ObjectProperty [value: 0xff0000ff]
10:12:18.797 [FXGL Background Thread 3 ] DEBUG Engine               - devEnableDebugCameraProperty: BooleanProperty [value: false]
10:12:18.797 [FXGL Background Thread 3 ] DEBUG Engine               - devSensorColorProperty: ObjectProperty [value: 0xffff00ff]
10:12:18.797 [FXGL Background Thread 3 ] DEBUG Engine               - devShowBBoxProperty: BooleanProperty [value: false]
10:12:18.797 [FXGL Background Thread 3 ] DEBUG Engine               - devShowPositionProperty: BooleanProperty [value: false]
10:12:18.797 [FXGL Background Thread 3 ] DEBUG Engine               - enabledMenuItems: []
10:12:18.797 [FXGL Background Thread 3 ] DEBUG Engine               - engineServices: [class com.almasb.fxgl.app.services.FXGLAssetLoaderService, class com.almasb.fxgl.app.FXGLApplication$GameApplicationService, class com.almasb.fxgl.app.services.FXGLDialogService, class com.almasb.fxgl.app.services.IOTaskExecutorService, class com.almasb.fxgl.io.FileSystemService, class com.almasb.fxgl.localization.LocalizationService, class com.almasb.fxgl.app.services.SystemBundleService, class com.almasb.fxgl.profile.SaveLoadService, class com.almasb.fxgl.ui.FXGLUIFactoryServiceProvider, class com.almasb.fxgl.ui.FXGLDialogFactoryServiceProvider, class com.almasb.fxgl.audio.AudioPlayer, class com.almasb.fxgl.notification.impl.NotificationServiceProvider, class com.almasb.fxgl.achievement.AchievementService, class com.almasb.fxgl.cutscene.CutsceneService, class com.almasb.fxgl.minigames.MiniGameService, class com.almasb.fxgl.net.NetService, class com.almasb.fxgl.app.services.UpdaterService, class com.almasb.fxgl.dev.DevService]
10:12:18.797 [FXGL Background Thread 3 ] DEBUG Engine               - fontGame: Abel-Regular.ttf
10:12:18.797 [FXGL Background Thread 3 ] DEBUG Engine               - fontMono: TerminalLandMono-Regular.otf
10:12:18.797 [FXGL Background Thread 3 ] DEBUG Engine               - fontText: Courier-Prime.ttf
10:12:18.797 [FXGL Background Thread 3 ] DEBUG Engine               - fontUI: VarelaRound-Regular.ttf
10:12:18.797 [FXGL Background Thread 3 ] DEBUG Engine               - fullScreen: BooleanProperty [value: false]
10:12:18.797 [FXGL Background Thread 3 ] DEBUG Engine               - gameDifficulty: MEDIUM
10:12:18.797 [FXGL Background Thread 3 ] DEBUG Engine               - gameDifficultyProperty: ObjectProperty [value: MEDIUM]
10:12:18.797 [FXGL Background Thread 3 ] DEBUG Engine               - globalMusicVolume: 0.5
10:12:18.797 [FXGL Background Thread 3 ] DEBUG Engine               - globalMusicVolumeProperty: DoubleProperty [value: 0.5]
10:12:18.797 [FXGL Background Thread 3 ] DEBUG Engine               - globalSoundVolume: 0.5
10:12:18.797 [FXGL Background Thread 3 ] DEBUG Engine               - globalSoundVolumeProperty: DoubleProperty [value: 0.5]
10:12:18.797 [FXGL Background Thread 3 ] DEBUG Engine               - height: 800
10:12:18.797 [FXGL Background Thread 3 ] DEBUG Engine               - is3D: false
10:12:18.797 [FXGL Background Thread 3 ] DEBUG Engine               - isAndroid: false
10:12:18.797 [FXGL Background Thread 3 ] DEBUG Engine               - isBrowser: false
10:12:18.797 [FXGL Background Thread 3 ] DEBUG Engine               - isClickFeedbackEnabled: false
10:12:18.797 [FXGL Background Thread 3 ] DEBUG Engine               - isCloseConfirmation: false
10:12:18.797 [FXGL Background Thread 3 ] DEBUG Engine               - isDesktop: true
10:12:18.797 [FXGL Background Thread 3 ] DEBUG Engine               - isDeveloperMenuEnabled: false
10:12:18.797 [FXGL Background Thread 3 ] DEBUG Engine               - isEmbedded: false
10:12:18.797 [FXGL Background Thread 3 ] DEBUG Engine               - isEntityPreloadEnabled: true
10:12:18.797 [FXGL Background Thread 3 ] DEBUG Engine               - isExperimentalTiledLargeMap: false
10:12:18.797 [FXGL Background Thread 3 ] DEBUG Engine               - isFileSystemWriteAllowed: true
10:12:18.797 [FXGL Background Thread 3 ] DEBUG Engine               - isFullScreenAllowed: false
10:12:18.797 [FXGL Background Thread 3 ] DEBUG Engine               - isFullScreenFromStart: false
10:12:18.797 [FXGL Background Thread 3 ] DEBUG Engine               - isGameMenuEnabled: true
10:12:18.798 [FXGL Background Thread 3 ] DEBUG Engine               - isIOS: false
10:12:18.798 [FXGL Background Thread 3 ] DEBUG Engine               - isIntroEnabled: false
10:12:18.798 [FXGL Background Thread 3 ] DEBUG Engine               - isLinux: false
10:12:18.798 [FXGL Background Thread 3 ] DEBUG Engine               - isMac: false
10:12:18.798 [FXGL Background Thread 3 ] DEBUG Engine               - isMainMenuEnabled: true
10:12:18.798 [FXGL Background Thread 3 ] DEBUG Engine               - isManualResizeEnabled: false
10:12:18.798 [FXGL Background Thread 3 ] DEBUG Engine               - isMobile: false
10:12:18.798 [FXGL Background Thread 3 ] DEBUG Engine               - isNative: false
10:12:18.798 [FXGL Background Thread 3 ] DEBUG Engine               - isPauseMusicWhenMinimized: true
10:12:18.798 [FXGL Background Thread 3 ] DEBUG Engine               - isPreserveResizeRatio: false
10:12:18.798 [FXGL Background Thread 3 ] DEBUG Engine               - isProfilingEnabled: false
10:12:18.798 [FXGL Background Thread 3 ] DEBUG Engine               - isScaleAffectedOnResize: true
10:12:18.798 [FXGL Background Thread 3 ] DEBUG Engine               - isSingleStep: false
10:12:18.798 [FXGL Background Thread 3 ] DEBUG Engine               - isUserProfileEnabled: false
10:12:18.798 [FXGL Background Thread 3 ] DEBUG Engine               - isWindows: true
10:12:18.798 [FXGL Background Thread 3 ] DEBUG Engine               - language: ObjectProperty [value: ENGLISH]
10:12:18.798 [FXGL Background Thread 3 ] DEBUG Engine               - menuKey: ESCAPE
10:12:18.798 [FXGL Background Thread 3 ] DEBUG Engine               - mouseSensitivity: 0.2
10:12:18.798 [FXGL Background Thread 3 ] DEBUG Engine               - notificationViewClass: class com.almasb.fxgl.notification.view.XboxNotificationView
10:12:18.798 [FXGL Background Thread 3 ] DEBUG Engine               - pixelsPerMeter: 50.0
10:12:18.798 [FXGL Background Thread 3 ] DEBUG Engine               - platform: WINDOWS
10:12:18.798 [FXGL Background Thread 3 ] DEBUG Engine               - prefHeightProperty: ReadOnlyDoubleProperty [value: 800.0]
10:12:18.798 [FXGL Background Thread 3 ] DEBUG Engine               - prefWidthProperty: ReadOnlyDoubleProperty [value: 800.0]
10:12:18.798 [FXGL Background Thread 3 ] DEBUG Engine               - profileDir: profiles/
10:12:18.798 [FXGL Background Thread 3 ] DEBUG Engine               - profileName: StringProperty [value: DEFAULT]
10:12:18.798 [FXGL Background Thread 3 ] DEBUG Engine               - randomSeed: -1
10:12:18.799 [FXGL Background Thread 3 ] DEBUG Engine               - runtimeInfo: RuntimeInfo(platform=WINDOWS, version=17, build=31.12.2021 18.16)
10:12:18.799 [FXGL Background Thread 3 ] DEBUG Engine               - saveFileExt: sav
10:12:18.799 [FXGL Background Thread 3 ] DEBUG Engine               - scaledHeightProp$fxgl: DoubleProperty [bound, value: 800.0]
10:12:18.799 [FXGL Background Thread 3 ] DEBUG Engine               - scaledWidthProp$fxgl: DoubleProperty [bound, value: 800.0]
10:12:18.799 [FXGL Background Thread 3 ] DEBUG Engine               - sceneFactory: com.almasb.fxgl.app.scene.SceneFactory@38706859
10:12:18.799 [FXGL Background Thread 3 ] DEBUG Engine               - secondsIn24h: 60
10:12:18.799 [FXGL Background Thread 3 ] DEBUG Engine               - soundMenuBack: menu/back.wav
10:12:18.799 [FXGL Background Thread 3 ] DEBUG Engine               - soundMenuPress: menu/press.wav
10:12:18.799 [FXGL Background Thread 3 ] DEBUG Engine               - soundMenuSelect: menu/select.wav
10:12:18.799 [FXGL Background Thread 3 ] DEBUG Engine               - soundNotification: core/notification.wav
10:12:18.799 [FXGL Background Thread 3 ] DEBUG Engine               - stageStyle: DECORATED
10:12:18.799 [FXGL Background Thread 3 ] DEBUG Engine               - supportedLanguages: [ENGLISH, FRENCH, GERMAN, HUNGARIAN, RUSSIAN]
10:12:18.799 [FXGL Background Thread 3 ] DEBUG Engine               - ticksPerSecond: -1
10:12:18.799 [FXGL Background Thread 3 ] DEBUG Engine               - title: Zelda 2D Game
10:12:18.799 [FXGL Background Thread 3 ] DEBUG Engine               - urlGithub: https://github.com/AlmasB/FXGL
10:12:18.799 [FXGL Background Thread 3 ] DEBUG Engine               - urlLeaderboard: http://fxgl-top.herokuapp.com/
10:12:18.799 [FXGL Background Thread 3 ] DEBUG Engine               - urlPOM: https://raw.githubusercontent.com/AlmasB/FXGL/release/README.md
10:12:18.799 [FXGL Background Thread 3 ] DEBUG Engine               - userAppClass: class com.example.zeldapuzzle.MainGameApp
10:12:18.799 [FXGL Background Thread 3 ] DEBUG Engine               - version: 1
10:12:18.799 [FXGL Background Thread 3 ] DEBUG Engine               - versionCheckDays: 7
10:12:18.799 [FXGL Background Thread 3 ] DEBUG Engine               - width: 800
10:12:18.799 [FXGL Background Thread 3 ] DEBUG Engine               - Logging services
10:12:18.799 [FXGL Background Thread 3 ] DEBUG Engine               - class com.almasb.fxgl.app.services.FXGLAssetLoaderService
10:12:18.799 [FXGL Background Thread 3 ] DEBUG Engine               - class com.almasb.fxgl.app.FXGLApplication$GameApplicationService
10:12:18.799 [FXGL Background Thread 3 ] DEBUG Engine               - class com.almasb.fxgl.app.services.FXGLDialogService
10:12:18.799 [FXGL Background Thread 3 ] DEBUG Engine               - class com.almasb.fxgl.app.services.IOTaskExecutorService
10:12:18.799 [FXGL Background Thread 3 ] DEBUG Engine               - class com.almasb.fxgl.io.FileSystemService
10:12:18.799 [FXGL Background Thread 3 ] DEBUG Engine               - class com.almasb.fxgl.localization.LocalizationService
10:12:18.799 [FXGL Background Thread 3 ] DEBUG Engine               - class com.almasb.fxgl.app.services.SystemBundleService
10:12:18.799 [FXGL Background Thread 3 ] DEBUG Engine               - class com.almasb.fxgl.profile.SaveLoadService
10:12:18.799 [FXGL Background Thread 3 ] DEBUG Engine               - class com.almasb.fxgl.ui.FXGLUIFactoryServiceProvider
10:12:18.799 [FXGL Background Thread 3 ] DEBUG Engine               - class com.almasb.fxgl.ui.FXGLDialogFactoryServiceProvider
10:12:18.799 [FXGL Background Thread 3 ] DEBUG Engine               - class com.almasb.fxgl.audio.AudioPlayer
10:12:18.799 [FXGL Background Thread 3 ] DEBUG Engine               - class com.almasb.fxgl.notification.impl.NotificationServiceProvider
10:12:18.799 [FXGL Background Thread 3 ] DEBUG Engine               - class com.almasb.fxgl.achievement.AchievementService
10:12:18.799 [FXGL Background Thread 3 ] DEBUG Engine               - class com.almasb.fxgl.cutscene.CutsceneService
10:12:18.799 [FXGL Background Thread 3 ] DEBUG Engine               - class com.almasb.fxgl.minigames.MiniGameService
10:12:18.799 [FXGL Background Thread 3 ] DEBUG Engine               - class com.almasb.fxgl.net.NetService
10:12:18.799 [FXGL Background Thread 3 ] DEBUG Engine               - class com.almasb.fxgl.app.services.UpdaterService
10:12:18.799 [FXGL Background Thread 3 ] DEBUG Engine               - class com.almasb.fxgl.dev.DevService
10:12:21.036 [JavaFX Application Thread] DEBUG Menu                 - fireNewGame()
10:12:21.036 [JavaFX Application Thread] DEBUG GameApplicationServi - Starting new game
10:12:21.037 [JavaFX Application Thread] DEBUG PrimaryStageWindow   - Pop state: FXGLDefaultMenu
10:12:21.038 [JavaFX Application Thread] DEBUG Input                - Clearing active input actions
10:12:21.038 [JavaFX Application Thread] DEBUG GameApplicationServi - Removing overlay from FXGLDefaultMenu and adding to FXGLMainMenuDummyScene
10:12:21.038 [JavaFX Application Thread] DEBUG PrimaryStageWindow   - FXGLMainMenuDummyScene <- FXGLDefaultMenu
10:12:21.038 [JavaFX Application Thread] DEBUG Input                - Clearing active input actions
10:12:21.041 [JavaFX Application Thread] DEBUG GameApplicationServi - Removing overlay from FXGLMainMenuDummyScene and adding to FXGLLoadingScene
10:12:21.041 [JavaFX Application Thread] DEBUG PrimaryStageWindow   - FXGLMainMenuDummyScene -> FXGLLoadingScene
10:12:21.042 [JavaFX Application Thread] DEBUG GameApplicationServi - Clearing previous game
10:12:21.042 [JavaFX Application Thread] DEBUG GameScene            - Clearing game scene
10:12:21.042 [JavaFX Application Thread] DEBUG GameWorld            - Clearing game world
10:12:21.042 [JavaFX Application Thread] DEBUG PhysicsWorld         - Clearing physics world
10:12:21.042 [FXGL Background Thread 2 ] DEBUG FXGLApplication      - Initializing game
10:12:21.090 [FXGL Background Thread 2 ] WARN  GameWorld            - Entity is already attached to world
10:12:21.101 [FXGL Background Thread 2 ] WARN  GameWorld            - Entity is already attached to world
10:12:21.111 [FXGL Background Thread 2 ] WARN  GameWorld            - Entity is already attached to world
10:12:21.112 [FXGL Background Thread 2 ] INFO  FXGLApplication      - Game initialization took: 0.069 sec
10:12:21.112 [JavaFX Application Thread] DEBUG Input                - Clearing active input actions
10:12:21.115 [JavaFX Application Thread] DEBUG GameApplicationServi - Removing overlay from FXGLLoadingScene and adding to GameScene
10:12:21.116 [JavaFX Application Thread] DEBUG PrimaryStageWindow   - FXGLLoadingScene -> GameScene
10:12:23.236 [JavaFX Application Thread] DEBUG LoopRunner           - Stopping loop
10:12:23.237 [JavaFX Application Thread] FATAL FXGLApplication      - Uncaught Exception:
java.lang.IllegalArgumentException: wrong number of arguments: 1 expected: 3
	at java.base/jdk.internal.reflect.DirectMethodHandleAccessor.checkArgumentCount(DirectMethodHandleAccessor.java:329)
	at java.base/jdk.internal.reflect.DirectMethodHandleAccessor.invoke(DirectMethodHandleAccessor.java:101)
	at java.base/java.lang.reflect.Method.invoke(Method.java:580)
	at com.almasb.fxgl.core@17/com.almasb.fxgl.core.reflect.ReflectionUtils.call(ReflectionUtils.java:104)
	at com.almasb.fxgl.core@17/com.almasb.fxgl.core.reflect.ReflectionUtils.lambda$mapToFunction$3(ReflectionUtils.java:111)
	at com.almasb.fxgl.entity@17/com.almasb.fxgl.entity.GameWorld$create$2.invoke(GameWorld.kt:430)
	at com.almasb.fxgl.entity@17/com.almasb.fxgl.entity.GameWorld$create$2.invoke(GameWorld.kt:430)
	at com.almasb.fxgl.core@17/com.almasb.fxgl.core.util.DSLKt.tryCatchRoot(DSL.kt:34)
	at com.almasb.fxgl.entity@17/com.almasb.fxgl.entity.GameWorld.create(GameWorld.kt:430)
	at com.almasb.fxgl.entity@17/com.almasb.fxgl.entity.GameWorld.spawn(GameWorld.kt:396)
	at com.almasb.fxgl.entity@17/com.almasb.fxgl.entity.GameWorld.spawn(GameWorld.kt:384)
	at com.almasb.fxgl.entity@17/com.almasb.fxgl.entity.GameWorld.spawn(GameWorld.kt:359)
	at com.almasb.fxgl.all@17/com.almasb.fxgl.dsl.FXGL$Companion.spawn(FXGL.kt:451)
	at com.almasb.fxgl.all@17/com.almasb.fxgl.dsl.FXGL.spawn(FXGL.kt)
	at com.example.zeldapuzzle/com.example.zeldapuzzle.MainGameApp$9.onCollisionBegin(MainGameApp.java:134)
	at com.almasb.fxgl.entity@17/com.almasb.fxgl.physics.CollisionPair.collisionBegin(CollisionPair.java:37)
	at com.almasb.fxgl.entity@17/com.almasb.fxgl.physics.PhysicsWorld.collisionBeginFor(PhysicsWorld.java:453)
	at com.almasb.fxgl.entity@17/com.almasb.fxgl.physics.PhysicsWorld.checkCollisionsInGroup(PhysicsWorld.java:405)
	at com.almasb.fxgl.entity@17/com.almasb.fxgl.physics.PhysicsWorld.checkCollisions(PhysicsWorld.java:373)
	at com.almasb.fxgl.entity@17/com.almasb.fxgl.physics.PhysicsWorld.onUpdate(PhysicsWorld.java:179)
	at com.almasb.fxgl.all@17/com.almasb.fxgl.app.scene.GameScene.step(GameScene.kt:225)
	at com.almasb.fxgl.all@17/com.almasb.fxgl.app.scene.GameScene.onUpdate(GameScene.kt:220)
	at com.almasb.fxgl.scene@17/com.almasb.fxgl.scene.Scene.update(Scene.kt:105)
	at com.almasb.fxgl.all@17/com.almasb.fxgl.app.MainWindow$update$1.invoke(MainWindow.kt:115)
	at com.almasb.fxgl.all@17/com.almasb.fxgl.app.MainWindow$update$1.invoke(MainWindow.kt:115)
	at com.almasb.fxgl.core@17/com.almasb.fxgl.core.fsm.StateMachine.runOnActiveStates(StateMachine.kt:69)
	at com.almasb.fxgl.all@17/com.almasb.fxgl.app.MainWindow.update(MainWindow.kt:115)
	at com.almasb.fxgl.all@17/com.almasb.fxgl.app.FXGLApplication$GameApplicationService.onUpdate(FXGLApplication.kt:426)
	at com.almasb.fxgl.all@17/com.almasb.fxgl.app.Engine.loop(Engine.kt:134)
	at com.almasb.fxgl.all@17/com.almasb.fxgl.app.Engine.access$loop(Engine.kt:24)
	at com.almasb.fxgl.all@17/com.almasb.fxgl.app.Engine$loop$1.invoke(Engine.kt:28)
	at com.almasb.fxgl.all@17/com.almasb.fxgl.app.Engine$loop$1.invoke(Engine.kt:28)
	at com.almasb.fxgl.all@17/com.almasb.fxgl.app.LoopRunner.frame(LoopRunner.kt:103)
	at com.almasb.fxgl.all@17/com.almasb.fxgl.app.LoopRunner.access$frame(LoopRunner.kt:23)
	at com.almasb.fxgl.all@17/com.almasb.fxgl.app.LoopRunner$impl$2$1.onTick(LoopRunner.kt:57)
	at com.almasb.fxgl.all@17/com.almasb.fxgl.app.AnimationTimerLoop$timer$1.handle(LoopRunner.kt:137)
	at javafx.graphics@19/javafx.animation.AnimationTimer$AnimationTimerReceiver.lambda$handle$0(AnimationTimer.java:58)
	at java.base/java.security.AccessController.doPrivileged(AccessController.java:400)
	at javafx.graphics@19/javafx.animation.AnimationTimer$AnimationTimerReceiver.handle(AnimationTimer.java:57)
	at javafx.graphics@19/com.sun.scenario.animation.AbstractPrimaryTimer.timePulseImpl(AbstractPrimaryTimer.java:356)
	at javafx.graphics@19/com.sun.scenario.animation.AbstractPrimaryTimer$MainLoop.run(AbstractPrimaryTimer.java:266)
	at javafx.graphics@19/com.sun.javafx.tk.quantum.QuantumToolkit.pulse(QuantumToolkit.java:571)
	at javafx.graphics@19/com.sun.javafx.tk.quantum.QuantumToolkit.pulse(QuantumToolkit.java:555)
	at javafx.graphics@19/com.sun.javafx.tk.quantum.QuantumToolkit.pulseFromQueue(QuantumToolkit.java:548)
	at javafx.graphics@19/com.sun.javafx.tk.quantum.QuantumToolkit.lambda$runToolkit$11(QuantumToolkit.java:352)
	at javafx.graphics@19/com.sun.glass.ui.InvokeLaterDispatcher$Future.run(InvokeLaterDispatcher.java:96)
	at javafx.graphics@19/com.sun.glass.ui.win.WinApplication._runLoop(Native Method)
	at javafx.graphics@19/com.sun.glass.ui.win.WinApplication.lambda$runLoop$3(WinApplication.java:184)
	at java.base/java.lang.Thread.run(Thread.java:1583)

10:12:23.237 [JavaFX Application Thread] FATAL FXGLApplication      - Application will now exit
10:12:23.246 [JavaFX Application Thread] DEBUG PrimaryStageWindow   - Push state: ErrorSubScene
10:12:23.246 [JavaFX Application Thread] DEBUG Input                - Clearing active input actions
10:12:23.247 [JavaFX Application Thread] DEBUG GameApplicationServi - Removing overlay from GameScene and adding to ErrorSubScene
10:12:23.247 [JavaFX Application Thread] DEBUG PrimaryStageWindow   - GameScene -> ErrorSubScene
10:12:24.767 [JavaFX Application Thread] DEBUG FXGLApplication      - Exiting FXGL
10:12:24.768 [JavaFX Application Thread] DEBUG Async                - Shutting down background threads
10:12:24.768 [JavaFX Application Thread] DEBUG PrimaryStageWindow   - Closing main window
10:12:24.777 [JavaFX Application Thread] DEBUG Logger               - Closing Logger
