20:00:27.269 [main                     ] DEBUG Logger               - Configured Logger
20:00:27.282 [main                     ] DEBUG GameApplication      - Logging settings
Title: Zelda 2D Game par ماستن
Version: 1
Width: 800
Height: 800
Fullscreen: true
Intro: false
Profiling: false
Single step:false
App Mode: DEVELOPER
Menu Key: ESCAPE
Stage Style: DECORATED
Scene Factory: class com.almasb.fxgl.app.scene.SceneFactory

20:00:27.343 [JavaFX Application Thread] DEBUG FXGLApplication      - Initializing FXGL
20:00:27.346 [JavaFX Application Thread] INFO  Engine               - FXGL-17 (31.12.2021 18.16) on WINDOWS (J:21.0.2 FX:19)
20:00:27.346 [JavaFX Application Thread] DEBUG Engine               - JRE Vendor Name: Oracle Corporation
20:00:27.346 [JavaFX Application Thread] DEBUG Engine               - Running on OS: Windows 11 version 10.0
20:00:27.346 [JavaFX Application Thread] DEBUG Engine               - Architecture: amd64
20:00:27.346 [JavaFX Application Thread] INFO  Engine               - Source code and latest versions at: https://github.com/AlmasB/FXGL
20:00:27.346 [JavaFX Application Thread] INFO  Engine               -       Ask questions and discuss at: https://github.com/AlmasB/FXGL/discussions
20:00:27.347 [JavaFX Application Thread] INFO  Engine               -              Join the FXGL chat at: https://gitter.im/AlmasB/FXGL
20:00:27.390 [JavaFX Application Thread] DEBUG PrimaryStageWindow   - Creating a JavaFX scene
20:00:27.419 [JavaFX Application Thread] DEBUG PrimaryStageWindow   - Target settings size: 800.0 x 800.0
20:00:27.419 [JavaFX Application Thread] DEBUG PrimaryStageWindow   - Scaled scene size:    800.0 x 800.0
20:00:27.419 [JavaFX Application Thread] DEBUG PrimaryStageWindow   - Scaled ratio: (1.0, 1.0)
20:00:27.420 [JavaFX Application Thread] DEBUG PrimaryStageWindow   - Set initial scene to FXGLStartupScene
20:00:27.423 [JavaFX Application Thread] DEBUG PrimaryStageWindow   - Opening main window
20:00:27.474 [JavaFX Application Thread] DEBUG PrimaryStageWindow   - Window border size: (16.0, 39.0)
20:00:27.475 [JavaFX Application Thread] DEBUG PrimaryStageWindow   - Scaled size: 800.0 x 800.0
20:00:27.475 [JavaFX Application Thread] DEBUG PrimaryStageWindow   - Scaled ratio: (1.0, 1.0)
20:00:27.475 [JavaFX Application Thread] DEBUG PrimaryStageWindow   - Scene size: 800.0 x 800.0
20:00:27.475 [JavaFX Application Thread] DEBUG PrimaryStageWindow   - Stage size: 816.0 x 839.0
20:00:27.481 [FXGL Background Thread 1 ] DEBUG Engine               - Initializing environment variables
20:00:27.521 [FXGL Background Thread 1 ] DEBUG FXGLAssetLoaderServi - User app class for loading assets: class com.example.zeldapuzzle.MainGameApp
20:00:27.521 [FXGL Background Thread 1 ] DEBUG GameApplicationServi - Applying CSS: fxgl_dark.css
20:00:27.522 [FXGL Background Thread 1 ] DEBUG FXGLAssetLoaderServi - Loading from file system: jar:file:///C:/Users/User/.m2/repository/com/github/almasb/fxgl/17/fxgl-17.jar!/fxglassets/ui/css/fxgl_dark.css
20:00:27.549 [FXGL Background Thread 1 ] DEBUG GameApplicationServi - Initializing application scenes
20:00:27.582 [FXGL Background Thread 1 ] DEBUG GameWorld            - Game world initialized
20:00:27.615 [FXGL Background Thread 1 ] DEBUG PhysicsWorld         - Physics world initialized: appHeight=800, physics.ppm=50.0
20:00:27.616 [FXGL Background Thread 1 ] DEBUG PhysicsWorld         - Using strategy: BRUTE_FORCE
20:00:27.619 [FXGL Background Thread 1 ] DEBUG GameScene            - Game scene initialized: 800x800
20:00:27.626 [FXGL Background Thread 1 ] DEBUG FXGL.DefaultMenu     - createMenuBodyMainMenu()
20:00:27.634 [FXGL Background Thread 1 ] DEBUG FXGL.DefaultMenu     - createOptionsMenu()
20:00:27.640 [FXGL Background Thread 1 ] DEBUG FXGLAssetLoaderServi - Loading from file system: jar:file:///C:/Users/User/.m2/repository/com/github/almasb/fxgl/17/fxgl-17.jar!/fxglassets/textures/particles/smoke.png
20:00:27.689 [FXGL Background Thread 1 ] DEBUG FXGLAssetLoaderServi - Loading from file system: jar:file:///C:/Users/User/.m2/repository/com/github/almasb/fxgl/17/fxgl-17.jar!/fxglassets/textures/particles/trace_horizontal.png
20:00:27.697 [FXGL Background Thread 1 ] DEBUG FXGL.DefaultMenu     - createMenuBodyGameMenu()
20:00:27.698 [FXGL Background Thread 1 ] DEBUG FXGL.DefaultMenu     - createOptionsMenu()
20:00:27.706 [FXGL Background Thread 1 ] DEBUG GameApplicationServi - Application scenes initialized
20:00:27.713 [FXGL Background Thread 1 ] DEBUG SystemBundleService  - Loading FXGL system data
20:00:27.717 [FXGL Background Thread 1 ] DEBUG FileSystemAccess     - Reading from: C:\Users\User\zeldaPuzzle\system\fxgl.bundle
20:00:27.723 [FXGL Background Thread 1 ] DEBUG SystemBundleService  - Bundle FXGL: {}
20:00:27.723 [FXGL Background Thread 1 ] DEBUG UpdaterService       - Checking for updates
20:00:27.741 [FXGL Background Thread 4 ] DEBUG FXGLApplication      - Loading fonts
20:00:27.742 [FXGL Background Thread 1 ] DEBUG FXGLApplication      - Loading default localization
20:00:27.742 [FXGL Background Thread 4 ] DEBUG FXGLAssetLoaderServi - Loading from file system: jar:file:///C:/Users/User/.m2/repository/com/github/almasb/fxgl/17/fxgl-17.jar!/fxglassets/ui/fonts/VarelaRound-Regular.ttf
20:00:27.742 [FXGL Background Thread 1 ] DEBUG FXGLAssetLoaderServi - Loading from file system: jar:file:///C:/Users/User/.m2/repository/com/github/almasb/fxgl/17/fxgl-17.jar!/fxglassets/languages/english.lang
20:00:27.758 [FXGL Background Thread 1 ] INFO  FXGLApplication      - FXGL initialization took: 0.276 sec
20:00:27.768 [JavaFX Application Thread] DEBUG Input                - Registered new binding: inventaire - Tab
20:00:27.768 [JavaFX Application Thread] DEBUG Input                - Registered new binding: getPosition - P
20:00:27.769 [JavaFX Application Thread] DEBUG Input                - Registered new binding: zoom+ - Up
20:00:27.769 [JavaFX Application Thread] DEBUG Input                - Registered new binding: zoom- - Down
20:00:27.769 [JavaFX Application Thread] DEBUG Input                - Registered new binding: resetZoom - 0
20:00:27.770 [JavaFX Application Thread] DEBUG Input                - Registered new binding: Move right - D
20:00:27.771 [JavaFX Application Thread] DEBUG Input                - Registered new binding: Move left - A
20:00:27.771 [JavaFX Application Thread] DEBUG Input                - Registered new binding: Move Up - W
20:00:27.771 [JavaFX Application Thread] DEBUG Input                - Registered new binding: Move Down - S
20:00:27.771 [JavaFX Application Thread] DEBUG FXGLAssetLoaderServi - Loading from file system: jar:file:///C:/Users/User/.m2/repository/com/github/almasb/fxgl/17/fxgl-17.jar!/fxglassets/textures/fxgl_icon.png
20:00:27.786 [JavaFX Application Thread] DEBUG FXGLAssetLoaderServi - Loading from file system: jar:file:///C:/Users/User/.m2/repository/com/github/almasb/fxgl/17/fxgl-17.jar!/fxglassets/textures/fxgl_default_cursor.png
20:00:27.787 [FXGL Background Thread 4 ] DEBUG FXGLAssetLoaderServi - Loading from file system: jar:file:///C:/Users/User/.m2/repository/com/github/almasb/fxgl/17/fxgl-17.jar!/fxglassets/ui/fonts/Abel-Regular.ttf
20:00:27.789 [JavaFX Application Thread] DEBUG Input                - Registered new binding: Screenshot - CTRL+8
20:00:27.790 [JavaFX Application Thread] DEBUG Input                - Registered new binding: Dev Options - 1
20:00:27.790 [JavaFX Application Thread] DEBUG Input                - Registered new binding: Dev Console - 2
20:00:27.791 [JavaFX Application Thread] DEBUG Input                - Registered new binding: System info dump - CTRL+9
20:00:27.792 [JavaFX Application Thread] DEBUG Input                - Registered new binding: Restart - CTRL+R
20:00:27.793 [JavaFX Application Thread] DEBUG Input                - Registered new binding: Toggle Debug Camera - CTRL+7
20:00:27.796 [JavaFX Application Thread] DEBUG LoopRunner           - Starting loop
20:00:27.801 [FXGL Background Thread 4 ] DEBUG FXGLAssetLoaderServi - Loading from file system: jar:file:///C:/Users/User/.m2/repository/com/github/almasb/fxgl/17/fxgl-17.jar!/fxglassets/ui/fonts/TerminalLandMono-Regular.otf
20:00:27.809 [JavaFX Application Thread] DEBUG LoopRunner           - Initializing JavaFX AnimationTimerLoop
20:00:27.812 [JavaFX Application Thread] DEBUG Input                - Clearing active input actions
20:00:27.819 [JavaFX Application Thread] DEBUG GameApplicationServi - Removing overlay from FXGLStartupScene and adding to FXGLMainMenuDummyScene
20:00:27.820 [FXGL Background Thread 4 ] DEBUG FXGLAssetLoaderServi - Loading from file system: jar:file:///C:/Users/User/.m2/repository/com/github/almasb/fxgl/17/fxgl-17.jar!/fxglassets/ui/fonts/Courier-Prime.ttf
20:00:27.823 [JavaFX Application Thread] DEBUG PrimaryStageWindow   - FXGLStartupScene -> FXGLMainMenuDummyScene
20:00:27.824 [JavaFX Application Thread] DEBUG PrimaryStageWindow   - Push state: FXGLDefaultMenu
20:00:27.826 [JavaFX Application Thread] DEBUG Input                - Clearing active input actions
20:00:27.833 [JavaFX Application Thread] DEBUG GameApplicationServi - Removing overlay from FXGLMainMenuDummyScene and adding to FXGLDefaultMenu
20:00:27.834 [JavaFX Application Thread] DEBUG PrimaryStageWindow   - FXGLMainMenuDummyScene -> FXGLDefaultMenu
20:00:27.970 [JavaFX Application Thread] DEBUG FXGLApplication      - Registering font factories with UI factory
20:00:28.089 [FXGL Background Thread 2 ] INFO  UpdaterService       - Your current version:  17
20:00:28.089 [FXGL Background Thread 2 ] INFO  UpdaterService       - Latest stable version: 21.1
20:00:28.506 [JavaFX Application Thread] DEBUG Menu                 - fireNewGame()
20:00:28.506 [JavaFX Application Thread] DEBUG GameApplicationServi - Starting new game
20:00:28.508 [JavaFX Application Thread] DEBUG PrimaryStageWindow   - Pop state: FXGLDefaultMenu
20:00:28.508 [JavaFX Application Thread] DEBUG Input                - Clearing active input actions
20:00:28.509 [JavaFX Application Thread] DEBUG GameApplicationServi - Removing overlay from FXGLDefaultMenu and adding to FXGLMainMenuDummyScene
20:00:28.510 [JavaFX Application Thread] DEBUG PrimaryStageWindow   - FXGLMainMenuDummyScene <- FXGLDefaultMenu
20:00:28.510 [JavaFX Application Thread] DEBUG Input                - Clearing active input actions
20:00:28.516 [JavaFX Application Thread] DEBUG GameApplicationServi - Removing overlay from FXGLMainMenuDummyScene and adding to FXGLLoadingScene
20:00:28.517 [JavaFX Application Thread] DEBUG PrimaryStageWindow   - FXGLMainMenuDummyScene -> FXGLLoadingScene
20:00:28.517 [JavaFX Application Thread] DEBUG GameApplicationServi - Clearing previous game
20:00:28.517 [JavaFX Application Thread] DEBUG GameScene            - Clearing game scene
20:00:28.517 [JavaFX Application Thread] DEBUG GameWorld            - Clearing game world
20:00:28.518 [JavaFX Application Thread] DEBUG PhysicsWorld         - Clearing physics world
20:00:28.519 [FXGL Background Thread 2 ] DEBUG FXGLApplication      - Initializing game
20:00:28.550 [FXGL Background Thread 2 ] WARN  TMXLevelLoader       - TiledMap generated from 1.10.2. Supported version: 1.2.3. Some features may not be parsed fully.
20:00:28.556 [FXGL Background Thread 2 ] DEBUG TMXLevelLoader       - Parsed TiledMap: file:/C:/Users/User/zeldaPuzzle/target/classes/assets/levels/StartingMap.tmx
20:00:28.557 [FXGL Background Thread 2 ] DEBUG TMXLevelLoader       - Creating tile layer entities
20:00:28.558 [FXGL Background Thread 2 ] DEBUG TilesetLoader        - Loading view for layer Calque de Tuiles 1
20:00:28.560 [FXGL Background Thread 2 ] DEBUG TilesetLoader        - Created buffer with size 960.0x960.0
20:00:28.573 [FXGL Background Thread 2 ] DEBUG TilesetLoader        - Loading view for layer Calque de Tuiles 2
20:00:28.574 [FXGL Background Thread 2 ] DEBUG TilesetLoader        - Created buffer with size 960.0x960.0
20:00:28.580 [FXGL Background Thread 2 ] DEBUG TMXLevelLoader       - Creating object layer entities
20:00:28.581 [FXGL Background Thread 2 ] DEBUG GameWorld            - Clearing removable entities
20:00:28.581 [FXGL Background Thread 2 ] DEBUG GameWorld            - Setting level: com.almasb.fxgl.entity.level.Level@24dba252
20:00:28.604 [FXGL Background Thread 2 ] WARN  GameWorld            - Entity is already attached to world
20:00:28.641 [FXGL Background Thread 2 ] WARN  GameWorld            - Entity is already attached to world
20:00:28.642 [FXGL Background Thread 2 ] WARN  GameWorld            - Entity is already attached to world
20:00:28.646 [FXGL Background Thread 2 ] INFO  FXGLApplication      - Game initialization took: 0.126 sec
20:00:28.646 [JavaFX Application Thread] DEBUG Input                - Clearing active input actions
20:00:28.649 [JavaFX Application Thread] DEBUG GameApplicationServi - Removing overlay from FXGLLoadingScene and adding to GameScene
20:00:28.650 [JavaFX Application Thread] DEBUG PrimaryStageWindow   - FXGLLoadingScene -> GameScene
20:00:30.740 [FXGL Background Thread 3 ] DEBUG Engine               - Logging environment variables
20:00:30.740 [FXGL Background Thread 3 ] DEBUG Engine               - achievements: []
20:00:30.741 [FXGL Background Thread 3 ] DEBUG Engine               - actualHeight: 800.0
20:00:30.741 [FXGL Background Thread 3 ] DEBUG Engine               - actualHeightProperty: ReadOnlyDoubleProperty [value: 800.0]
20:00:30.741 [FXGL Background Thread 3 ] DEBUG Engine               - actualWidth: 800.0
20:00:30.741 [FXGL Background Thread 3 ] DEBUG Engine               - actualWidthProperty: ReadOnlyDoubleProperty [value: 800.0]
20:00:30.741 [FXGL Background Thread 3 ] DEBUG Engine               - appIcon: fxgl_icon.png
20:00:30.741 [FXGL Background Thread 3 ] DEBUG Engine               - applicationMode: DEVELOPER
20:00:30.741 [FXGL Background Thread 3 ] DEBUG Engine               - cSSList: [fxgl_dark.css]
20:00:30.741 [FXGL Background Thread 3 ] DEBUG Engine               - collisionDetectionStrategy: BRUTE_FORCE
20:00:30.741 [FXGL Background Thread 3 ] DEBUG Engine               - configClass: Optional.empty
20:00:30.741 [FXGL Background Thread 3 ] DEBUG Engine               - credits: []
20:00:30.741 [FXGL Background Thread 3 ] DEBUG Engine               - defaultCursor: CursorInfo(imageName=fxgl_default_cursor.png, hotspotX=7.0, hotspotY=6.0)
20:00:30.741 [FXGL Background Thread 3 ] DEBUG Engine               - devBBoxColorProperty: ObjectProperty [value: 0xff0000ff]
20:00:30.742 [FXGL Background Thread 3 ] DEBUG Engine               - devEnableDebugCameraProperty: BooleanProperty [value: false]
20:00:30.742 [FXGL Background Thread 3 ] DEBUG Engine               - devSensorColorProperty: ObjectProperty [value: 0xffff00ff]
20:00:30.742 [FXGL Background Thread 3 ] DEBUG Engine               - devShowBBoxProperty: BooleanProperty [value: false]
20:00:30.742 [FXGL Background Thread 3 ] DEBUG Engine               - devShowPositionProperty: BooleanProperty [value: false]
20:00:30.742 [FXGL Background Thread 3 ] DEBUG Engine               - enabledMenuItems: []
20:00:30.742 [FXGL Background Thread 3 ] DEBUG Engine               - engineServices: [class com.almasb.fxgl.app.services.FXGLAssetLoaderService, class com.almasb.fxgl.app.FXGLApplication$GameApplicationService, class com.almasb.fxgl.app.services.FXGLDialogService, class com.almasb.fxgl.app.services.IOTaskExecutorService, class com.almasb.fxgl.io.FileSystemService, class com.almasb.fxgl.localization.LocalizationService, class com.almasb.fxgl.app.services.SystemBundleService, class com.almasb.fxgl.profile.SaveLoadService, class com.almasb.fxgl.ui.FXGLUIFactoryServiceProvider, class com.almasb.fxgl.ui.FXGLDialogFactoryServiceProvider, class com.almasb.fxgl.audio.AudioPlayer, class com.almasb.fxgl.notification.impl.NotificationServiceProvider, class com.almasb.fxgl.achievement.AchievementService, class com.almasb.fxgl.cutscene.CutsceneService, class com.almasb.fxgl.minigames.MiniGameService, class com.almasb.fxgl.net.NetService, class com.almasb.fxgl.app.services.UpdaterService, class com.almasb.fxgl.dev.DevService]
20:00:30.742 [FXGL Background Thread 3 ] DEBUG Engine               - fontGame: Abel-Regular.ttf
20:00:30.742 [FXGL Background Thread 3 ] DEBUG Engine               - fontMono: TerminalLandMono-Regular.otf
20:00:30.742 [FXGL Background Thread 3 ] DEBUG Engine               - fontText: Courier-Prime.ttf
20:00:30.742 [FXGL Background Thread 3 ] DEBUG Engine               - fontUI: VarelaRound-Regular.ttf
20:00:30.742 [FXGL Background Thread 3 ] DEBUG Engine               - fullScreen: BooleanProperty [value: false]
20:00:30.742 [FXGL Background Thread 3 ] DEBUG Engine               - gameDifficulty: MEDIUM
20:00:30.742 [FXGL Background Thread 3 ] DEBUG Engine               - gameDifficultyProperty: ObjectProperty [value: MEDIUM]
20:00:30.742 [FXGL Background Thread 3 ] DEBUG Engine               - globalMusicVolume: 0.5
20:00:30.743 [FXGL Background Thread 3 ] DEBUG Engine               - globalMusicVolumeProperty: DoubleProperty [value: 0.5]
20:00:30.743 [FXGL Background Thread 3 ] DEBUG Engine               - globalSoundVolume: 0.5
20:00:30.743 [FXGL Background Thread 3 ] DEBUG Engine               - globalSoundVolumeProperty: DoubleProperty [value: 0.5]
20:00:30.743 [FXGL Background Thread 3 ] DEBUG Engine               - height: 800
20:00:30.743 [FXGL Background Thread 3 ] DEBUG Engine               - is3D: false
20:00:30.743 [FXGL Background Thread 3 ] DEBUG Engine               - isAndroid: false
20:00:30.743 [FXGL Background Thread 3 ] DEBUG Engine               - isBrowser: false
20:00:30.743 [FXGL Background Thread 3 ] DEBUG Engine               - isClickFeedbackEnabled: false
20:00:30.743 [FXGL Background Thread 3 ] DEBUG Engine               - isCloseConfirmation: false
20:00:30.743 [FXGL Background Thread 3 ] DEBUG Engine               - isDesktop: true
20:00:30.743 [FXGL Background Thread 3 ] DEBUG Engine               - isDeveloperMenuEnabled: true
20:00:30.743 [FXGL Background Thread 3 ] DEBUG Engine               - isEmbedded: false
20:00:30.743 [FXGL Background Thread 3 ] DEBUG Engine               - isEntityPreloadEnabled: true
20:00:30.743 [FXGL Background Thread 3 ] DEBUG Engine               - isExperimentalTiledLargeMap: false
20:00:30.743 [FXGL Background Thread 3 ] DEBUG Engine               - isFileSystemWriteAllowed: true
20:00:30.743 [FXGL Background Thread 3 ] DEBUG Engine               - isFullScreenAllowed: true
20:00:30.743 [FXGL Background Thread 3 ] DEBUG Engine               - isFullScreenFromStart: false
20:00:30.743 [FXGL Background Thread 3 ] DEBUG Engine               - isGameMenuEnabled: true
20:00:30.743 [FXGL Background Thread 3 ] DEBUG Engine               - isIOS: false
20:00:30.743 [FXGL Background Thread 3 ] DEBUG Engine               - isIntroEnabled: false
20:00:30.743 [FXGL Background Thread 3 ] DEBUG Engine               - isLinux: false
20:00:30.743 [FXGL Background Thread 3 ] DEBUG Engine               - isMac: false
20:00:30.743 [FXGL Background Thread 3 ] DEBUG Engine               - isMainMenuEnabled: true
20:00:30.743 [FXGL Background Thread 3 ] DEBUG Engine               - isManualResizeEnabled: false
20:00:30.743 [FXGL Background Thread 3 ] DEBUG Engine               - isMobile: false
20:00:30.743 [FXGL Background Thread 3 ] DEBUG Engine               - isNative: false
20:00:30.743 [FXGL Background Thread 3 ] DEBUG Engine               - isPauseMusicWhenMinimized: true
20:00:30.743 [FXGL Background Thread 3 ] DEBUG Engine               - isPreserveResizeRatio: false
20:00:30.743 [FXGL Background Thread 3 ] DEBUG Engine               - isProfilingEnabled: false
20:00:30.743 [FXGL Background Thread 3 ] DEBUG Engine               - isScaleAffectedOnResize: true
20:00:30.743 [FXGL Background Thread 3 ] DEBUG Engine               - isSingleStep: false
20:00:30.743 [FXGL Background Thread 3 ] DEBUG Engine               - isUserProfileEnabled: false
20:00:30.743 [FXGL Background Thread 3 ] DEBUG Engine               - isWindows: true
20:00:30.743 [FXGL Background Thread 3 ] DEBUG Engine               - language: ObjectProperty [value: ENGLISH]
20:00:30.743 [FXGL Background Thread 3 ] DEBUG Engine               - menuKey: ESCAPE
20:00:30.743 [FXGL Background Thread 3 ] DEBUG Engine               - mouseSensitivity: 0.2
20:00:30.743 [FXGL Background Thread 3 ] DEBUG Engine               - notificationViewClass: class com.almasb.fxgl.notification.view.XboxNotificationView
20:00:30.743 [FXGL Background Thread 3 ] DEBUG Engine               - pixelsPerMeter: 50.0
20:00:30.743 [FXGL Background Thread 3 ] DEBUG Engine               - platform: WINDOWS
20:00:30.743 [FXGL Background Thread 3 ] DEBUG Engine               - prefHeightProperty: ReadOnlyDoubleProperty [value: 800.0]
20:00:30.743 [FXGL Background Thread 3 ] DEBUG Engine               - prefWidthProperty: ReadOnlyDoubleProperty [value: 800.0]
20:00:30.743 [FXGL Background Thread 3 ] DEBUG Engine               - profileDir: profiles/
20:00:30.743 [FXGL Background Thread 3 ] DEBUG Engine               - profileName: StringProperty [value: DEFAULT]
20:00:30.744 [FXGL Background Thread 3 ] DEBUG Engine               - randomSeed: -1
20:00:30.744 [FXGL Background Thread 3 ] DEBUG Engine               - runtimeInfo: RuntimeInfo(platform=WINDOWS, version=17, build=31.12.2021 18.16)
20:00:30.744 [FXGL Background Thread 3 ] DEBUG Engine               - saveFileExt: sav
20:00:30.744 [FXGL Background Thread 3 ] DEBUG Engine               - scaledHeightProp$fxgl: DoubleProperty [bound, value: 800.0]
20:00:30.744 [FXGL Background Thread 3 ] DEBUG Engine               - scaledWidthProp$fxgl: DoubleProperty [bound, value: 800.0]
20:00:30.744 [FXGL Background Thread 3 ] DEBUG Engine               - sceneFactory: com.almasb.fxgl.app.scene.SceneFactory@10a7c8fe
20:00:30.744 [FXGL Background Thread 3 ] DEBUG Engine               - secondsIn24h: 60
20:00:30.744 [FXGL Background Thread 3 ] DEBUG Engine               - soundMenuBack: menu/back.wav
20:00:30.744 [FXGL Background Thread 3 ] DEBUG Engine               - soundMenuPress: menu/press.wav
20:00:30.744 [FXGL Background Thread 3 ] DEBUG Engine               - soundMenuSelect: menu/select.wav
20:00:30.744 [FXGL Background Thread 3 ] DEBUG Engine               - soundNotification: core/notification.wav
20:00:30.744 [FXGL Background Thread 3 ] DEBUG Engine               - stageStyle: DECORATED
20:00:30.744 [FXGL Background Thread 3 ] DEBUG Engine               - supportedLanguages: [ENGLISH, FRENCH, GERMAN, HUNGARIAN, RUSSIAN]
20:00:30.744 [FXGL Background Thread 3 ] DEBUG Engine               - ticksPerSecond: -1
20:00:30.744 [FXGL Background Thread 3 ] DEBUG Engine               - title: Zelda 2D Game par ماستن
20:00:30.744 [FXGL Background Thread 3 ] DEBUG Engine               - urlGithub: https://github.com/AlmasB/FXGL
20:00:30.744 [FXGL Background Thread 3 ] DEBUG Engine               - urlLeaderboard: http://fxgl-top.herokuapp.com/
20:00:30.744 [FXGL Background Thread 3 ] DEBUG Engine               - urlPOM: https://raw.githubusercontent.com/AlmasB/FXGL/release/README.md
20:00:30.744 [FXGL Background Thread 3 ] DEBUG Engine               - userAppClass: class com.example.zeldapuzzle.MainGameApp
20:00:30.744 [FXGL Background Thread 3 ] DEBUG Engine               - version: 1
20:00:30.744 [FXGL Background Thread 3 ] DEBUG Engine               - versionCheckDays: 7
20:00:30.745 [FXGL Background Thread 3 ] DEBUG Engine               - width: 800
20:00:30.745 [FXGL Background Thread 3 ] DEBUG Engine               - Logging services
20:00:30.745 [FXGL Background Thread 3 ] DEBUG Engine               - class com.almasb.fxgl.app.services.FXGLAssetLoaderService
20:00:30.745 [FXGL Background Thread 3 ] DEBUG Engine               - class com.almasb.fxgl.app.FXGLApplication$GameApplicationService
20:00:30.745 [FXGL Background Thread 3 ] DEBUG Engine               - class com.almasb.fxgl.app.services.FXGLDialogService
20:00:30.745 [FXGL Background Thread 3 ] DEBUG Engine               - class com.almasb.fxgl.app.services.IOTaskExecutorService
20:00:30.745 [FXGL Background Thread 3 ] DEBUG Engine               - class com.almasb.fxgl.io.FileSystemService
20:00:30.745 [FXGL Background Thread 3 ] DEBUG Engine               - class com.almasb.fxgl.localization.LocalizationService
20:00:30.745 [FXGL Background Thread 3 ] DEBUG Engine               - class com.almasb.fxgl.app.services.SystemBundleService
20:00:30.745 [FXGL Background Thread 3 ] DEBUG Engine               - class com.almasb.fxgl.profile.SaveLoadService
20:00:30.745 [FXGL Background Thread 3 ] DEBUG Engine               - class com.almasb.fxgl.ui.FXGLUIFactoryServiceProvider
20:00:30.745 [FXGL Background Thread 3 ] DEBUG Engine               - class com.almasb.fxgl.ui.FXGLDialogFactoryServiceProvider
20:00:30.745 [FXGL Background Thread 3 ] DEBUG Engine               - class com.almasb.fxgl.audio.AudioPlayer
20:00:30.745 [FXGL Background Thread 3 ] DEBUG Engine               - class com.almasb.fxgl.notification.impl.NotificationServiceProvider
20:00:30.746 [FXGL Background Thread 3 ] DEBUG Engine               - class com.almasb.fxgl.achievement.AchievementService
20:00:30.746 [FXGL Background Thread 3 ] DEBUG Engine               - class com.almasb.fxgl.cutscene.CutsceneService
20:00:30.746 [FXGL Background Thread 3 ] DEBUG Engine               - class com.almasb.fxgl.minigames.MiniGameService
20:00:30.746 [FXGL Background Thread 3 ] DEBUG Engine               - class com.almasb.fxgl.net.NetService
20:00:30.746 [FXGL Background Thread 3 ] DEBUG Engine               - class com.almasb.fxgl.app.services.UpdaterService
20:00:30.746 [FXGL Background Thread 3 ] DEBUG Engine               - class com.almasb.fxgl.dev.DevService
20:00:46.462 [JavaFX Application Thread] DEBUG FXGLApplication      - Exiting FXGL
20:00:46.462 [JavaFX Application Thread] DEBUG LoopRunner           - Stopping loop
20:00:46.462 [JavaFX Application Thread] DEBUG SystemBundleService  - Saving FXGL system data
20:00:46.463 [JavaFX Application Thread] DEBUG FileSystemAccess     - Writing to: C:\Users\User\zeldaPuzzle\system\fxgl.bundle
20:00:46.465 [JavaFX Application Thread] DEBUG Async                - Shutting down background threads
20:00:46.465 [JavaFX Application Thread] DEBUG PrimaryStageWindow   - Closing main window
20:00:46.473 [JavaFX Application Thread] DEBUG Logger               - Closing Logger
