10:21:27.483 [main                     ] DEBUG Logger               - Configured Logger
10:21:27.495 [main                     ] DEBUG GameApplication      - Logging settings
Title: Zelda 2D Game
Version: 1
Width: 800
Height: 800
Fullscreen: true
Intro: false
Profiling: false
Single step:false
App Mode: DEVELOPER
Menu Key: ESCAPE
Stage Style: DECORATED
Scene Factory: class com.almasb.fxgl.app.scene.SceneFactory

10:21:27.547 [JavaFX Application Thread] DEBUG FXGLApplication      - Initializing FXGL
10:21:27.549 [JavaFX Application Thread] INFO  Engine               - FXGL-17 (31.12.2021 18.16) on WINDOWS (J:21.0.2 FX:19)
10:21:27.550 [JavaFX Application Thread] DEBUG Engine               - JRE Vendor Name: Oracle Corporation
10:21:27.550 [JavaFX Application Thread] DEBUG Engine               - Running on OS: Windows 11 version 10.0
10:21:27.550 [JavaFX Application Thread] DEBUG Engine               - Architecture: amd64
10:21:27.550 [JavaFX Application Thread] INFO  Engine               - Source code and latest versions at: https://github.com/AlmasB/FXGL
10:21:27.550 [JavaFX Application Thread] INFO  Engine               -       Ask questions and discuss at: https://github.com/AlmasB/FXGL/discussions
10:21:27.550 [JavaFX Application Thread] INFO  Engine               -              Join the FXGL chat at: https://gitter.im/AlmasB/FXGL
10:21:27.589 [JavaFX Application Thread] DEBUG PrimaryStageWindow   - Creating a JavaFX scene
10:21:27.617 [JavaFX Application Thread] DEBUG PrimaryStageWindow   - Target settings size: 800.0 x 800.0
10:21:27.618 [JavaFX Application Thread] DEBUG PrimaryStageWindow   - Scaled scene size:    800.0 x 800.0
10:21:27.618 [JavaFX Application Thread] DEBUG PrimaryStageWindow   - Scaled ratio: (1.0, 1.0)
10:21:27.619 [JavaFX Application Thread] DEBUG PrimaryStageWindow   - Set initial scene to FXGLStartupScene
10:21:27.622 [JavaFX Application Thread] DEBUG PrimaryStageWindow   - Opening main window
10:21:27.666 [JavaFX Application Thread] DEBUG PrimaryStageWindow   - Window border size: (16.0, 39.0)
10:21:27.666 [JavaFX Application Thread] DEBUG PrimaryStageWindow   - Scaled size: 800.0 x 800.0
10:21:27.667 [JavaFX Application Thread] DEBUG PrimaryStageWindow   - Scaled ratio: (1.0, 1.0)
10:21:27.667 [JavaFX Application Thread] DEBUG PrimaryStageWindow   - Scene size: 800.0 x 800.0
10:21:27.667 [JavaFX Application Thread] DEBUG PrimaryStageWindow   - Stage size: 816.0 x 839.0
10:21:27.671 [FXGL Background Thread 1 ] DEBUG Engine               - Initializing environment variables
10:21:27.706 [FXGL Background Thread 1 ] DEBUG FXGLAssetLoaderServi - User app class for loading assets: class com.example.zeldapuzzle.MainGameApp
10:21:27.706 [FXGL Background Thread 1 ] DEBUG GameApplicationServi - Applying CSS: fxgl_dark.css
10:21:27.707 [FXGL Background Thread 1 ] DEBUG FXGLAssetLoaderServi - Loading from file system: jar:file:///C:/Users/User/.m2/repository/com/github/almasb/fxgl/17/fxgl-17.jar!/fxglassets/ui/css/fxgl_dark.css
10:21:27.730 [FXGL Background Thread 1 ] DEBUG GameApplicationServi - Initializing application scenes
10:21:27.754 [FXGL Background Thread 1 ] DEBUG GameWorld            - Game world initialized
10:21:27.790 [FXGL Background Thread 1 ] DEBUG PhysicsWorld         - Physics world initialized: appHeight=800, physics.ppm=50.0
10:21:27.790 [FXGL Background Thread 1 ] DEBUG PhysicsWorld         - Using strategy: BRUTE_FORCE
10:21:27.792 [FXGL Background Thread 1 ] DEBUG GameScene            - Game scene initialized: 800x800
10:21:27.798 [FXGL Background Thread 1 ] DEBUG FXGL.DefaultMenu     - createMenuBodyMainMenu()
10:21:27.805 [FXGL Background Thread 1 ] DEBUG FXGL.DefaultMenu     - createOptionsMenu()
10:21:27.810 [FXGL Background Thread 1 ] DEBUG FXGLAssetLoaderServi - Loading from file system: jar:file:///C:/Users/User/.m2/repository/com/github/almasb/fxgl/17/fxgl-17.jar!/fxglassets/textures/particles/smoke.png
10:21:27.854 [FXGL Background Thread 1 ] DEBUG FXGLAssetLoaderServi - Loading from file system: jar:file:///C:/Users/User/.m2/repository/com/github/almasb/fxgl/17/fxgl-17.jar!/fxglassets/textures/particles/trace_horizontal.png
10:21:27.865 [FXGL Background Thread 1 ] DEBUG FXGL.DefaultMenu     - createMenuBodyGameMenu()
10:21:27.865 [FXGL Background Thread 1 ] DEBUG FXGL.DefaultMenu     - createOptionsMenu()
10:21:27.873 [FXGL Background Thread 1 ] DEBUG GameApplicationServi - Application scenes initialized
10:21:27.880 [FXGL Background Thread 1 ] DEBUG SystemBundleService  - Loading FXGL system data
10:21:27.882 [FXGL Background Thread 1 ] DEBUG FileSystemAccess     - Reading from: C:\Users\User\zeldaPuzzle\system\fxgl.bundle
10:21:27.889 [FXGL Background Thread 1 ] DEBUG SystemBundleService  - Bundle FXGL: {}
10:21:27.889 [FXGL Background Thread 1 ] DEBUG UpdaterService       - Checking for updates
10:21:27.903 [FXGL Background Thread 4 ] DEBUG FXGLApplication      - Loading fonts
10:21:27.904 [FXGL Background Thread 4 ] DEBUG FXGLAssetLoaderServi - Loading from file system: jar:file:///C:/Users/User/.m2/repository/com/github/almasb/fxgl/17/fxgl-17.jar!/fxglassets/ui/fonts/VarelaRound-Regular.ttf
10:21:27.904 [FXGL Background Thread 1 ] DEBUG FXGLApplication      - Loading default localization
10:21:27.904 [FXGL Background Thread 1 ] DEBUG FXGLAssetLoaderServi - Loading from file system: jar:file:///C:/Users/User/.m2/repository/com/github/almasb/fxgl/17/fxgl-17.jar!/fxglassets/languages/english.lang
10:21:27.917 [FXGL Background Thread 1 ] INFO  FXGLApplication      - FXGL initialization took: 0.245 sec
10:21:27.923 [JavaFX Application Thread] DEBUG Input                - Registered new binding: getPosition - P
10:21:27.923 [JavaFX Application Thread] DEBUG Input                - Registered new binding: zoom+ - Up
10:21:27.923 [JavaFX Application Thread] DEBUG Input                - Registered new binding: zoom- - Down
10:21:27.923 [JavaFX Application Thread] DEBUG Input                - Registered new binding: resetZoom - 0
10:21:27.923 [JavaFX Application Thread] DEBUG Input                - Registered new binding: Move right - D
10:21:27.923 [JavaFX Application Thread] DEBUG Input                - Registered new binding: Move left - A
10:21:27.923 [JavaFX Application Thread] DEBUG Input                - Registered new binding: Move Up - W
10:21:27.924 [JavaFX Application Thread] DEBUG Input                - Registered new binding: Move Down - S
10:21:27.924 [JavaFX Application Thread] DEBUG FXGLAssetLoaderServi - Loading from file system: jar:file:///C:/Users/User/.m2/repository/com/github/almasb/fxgl/17/fxgl-17.jar!/fxglassets/textures/fxgl_icon.png
10:21:27.926 [FXGL Background Thread 4 ] DEBUG FXGLAssetLoaderServi - Loading from file system: jar:file:///C:/Users/User/.m2/repository/com/github/almasb/fxgl/17/fxgl-17.jar!/fxglassets/ui/fonts/Abel-Regular.ttf
10:21:27.932 [FXGL Background Thread 4 ] DEBUG FXGLAssetLoaderServi - Loading from file system: jar:file:///C:/Users/User/.m2/repository/com/github/almasb/fxgl/17/fxgl-17.jar!/fxglassets/ui/fonts/TerminalLandMono-Regular.otf
10:21:27.933 [JavaFX Application Thread] DEBUG FXGLAssetLoaderServi - Loading from file system: jar:file:///C:/Users/User/.m2/repository/com/github/almasb/fxgl/17/fxgl-17.jar!/fxglassets/textures/fxgl_default_cursor.png
10:21:27.935 [JavaFX Application Thread] DEBUG Input                - Registered new binding: Screenshot - CTRL+8
10:21:27.935 [JavaFX Application Thread] DEBUG Input                - Registered new binding: Dev Options - 1
10:21:27.935 [JavaFX Application Thread] DEBUG Input                - Registered new binding: Dev Console - 2
10:21:27.935 [JavaFX Application Thread] DEBUG Input                - Registered new binding: System info dump - CTRL+9
10:21:27.935 [JavaFX Application Thread] DEBUG Input                - Registered new binding: Restart - CTRL+R
10:21:27.936 [JavaFX Application Thread] DEBUG Input                - Registered new binding: Toggle Debug Camera - CTRL+7
10:21:27.938 [JavaFX Application Thread] DEBUG LoopRunner           - Starting loop
10:21:27.940 [FXGL Background Thread 4 ] DEBUG FXGLAssetLoaderServi - Loading from file system: jar:file:///C:/Users/User/.m2/repository/com/github/almasb/fxgl/17/fxgl-17.jar!/fxglassets/ui/fonts/Courier-Prime.ttf
10:21:27.947 [JavaFX Application Thread] DEBUG LoopRunner           - Initializing JavaFX AnimationTimerLoop
10:21:27.949 [JavaFX Application Thread] DEBUG Input                - Clearing active input actions
10:21:27.954 [JavaFX Application Thread] DEBUG GameApplicationServi - Removing overlay from FXGLStartupScene and adding to FXGLMainMenuDummyScene
10:21:27.959 [JavaFX Application Thread] DEBUG PrimaryStageWindow   - FXGLStartupScene -> FXGLMainMenuDummyScene
10:21:27.959 [JavaFX Application Thread] DEBUG PrimaryStageWindow   - Push state: FXGLDefaultMenu
10:21:27.962 [JavaFX Application Thread] DEBUG Input                - Clearing active input actions
10:21:27.968 [JavaFX Application Thread] DEBUG GameApplicationServi - Removing overlay from FXGLMainMenuDummyScene and adding to FXGLDefaultMenu
10:21:27.969 [JavaFX Application Thread] DEBUG PrimaryStageWindow   - FXGLMainMenuDummyScene -> FXGLDefaultMenu
10:21:27.980 [JavaFX Application Thread] DEBUG FXGLApplication      - Registering font factories with UI factory
10:21:28.214 [FXGL Background Thread 2 ] INFO  UpdaterService       - Your current version:  17
10:21:28.214 [FXGL Background Thread 2 ] INFO  UpdaterService       - Latest stable version: 21.1
10:21:28.815 [JavaFX Application Thread] DEBUG Menu                 - fireNewGame()
10:21:28.815 [JavaFX Application Thread] DEBUG GameApplicationServi - Starting new game
10:21:28.816 [JavaFX Application Thread] DEBUG PrimaryStageWindow   - Pop state: FXGLDefaultMenu
10:21:28.816 [JavaFX Application Thread] DEBUG Input                - Clearing active input actions
10:21:28.817 [JavaFX Application Thread] DEBUG GameApplicationServi - Removing overlay from FXGLDefaultMenu and adding to FXGLMainMenuDummyScene
10:21:28.820 [JavaFX Application Thread] DEBUG PrimaryStageWindow   - FXGLMainMenuDummyScene <- FXGLDefaultMenu
10:21:28.820 [JavaFX Application Thread] DEBUG Input                - Clearing active input actions
10:21:28.837 [JavaFX Application Thread] DEBUG GameApplicationServi - Removing overlay from FXGLMainMenuDummyScene and adding to FXGLLoadingScene
10:21:28.837 [JavaFX Application Thread] DEBUG PrimaryStageWindow   - FXGLMainMenuDummyScene -> FXGLLoadingScene
10:21:28.838 [JavaFX Application Thread] DEBUG GameApplicationServi - Clearing previous game
10:21:28.838 [JavaFX Application Thread] DEBUG GameScene            - Clearing game scene
10:21:28.838 [JavaFX Application Thread] DEBUG GameWorld            - Clearing game world
10:21:28.838 [JavaFX Application Thread] DEBUG PhysicsWorld         - Clearing physics world
10:21:28.840 [FXGL Background Thread 2 ] DEBUG FXGLApplication      - Initializing game
10:21:28.862 [FXGL Background Thread 2 ] WARN  TMXLevelLoader       - TiledMap generated from 1.10.2. Supported version: 1.2.3. Some features may not be parsed fully.
10:21:28.868 [FXGL Background Thread 2 ] DEBUG TMXLevelLoader       - Parsed TiledMap: file:/C:/Users/User/zeldaPuzzle/target/classes/assets/levels/StartingMap.tmx
10:21:28.869 [FXGL Background Thread 2 ] DEBUG TMXLevelLoader       - Creating tile layer entities
10:21:28.871 [FXGL Background Thread 2 ] DEBUG TilesetLoader        - Loading view for layer Calque de Tuiles 1
10:21:28.874 [FXGL Background Thread 2 ] DEBUG TilesetLoader        - Created buffer with size 1920.0x1920.0
10:21:28.881 [FXGL Background Thread 2 ] DEBUG TilesetLoader        - Loading view for layer Calque de Tuiles 2
10:21:28.889 [FXGL Background Thread 2 ] DEBUG TilesetLoader        - Created buffer with size 1920.0x1920.0
10:21:28.898 [FXGL Background Thread 2 ] DEBUG TilesetLoader        - Loading view for layer Calque de Tuiles 3
10:21:28.914 [FXGL Background Thread 2 ] DEBUG TilesetLoader        - Created buffer with size 1920.0x1920.0
10:21:28.916 [FXGL Background Thread 2 ] DEBUG TMXLevelLoader       - Creating object layer entities
10:21:28.926 [FXGL Background Thread 2 ] DEBUG GameWorld            - Clearing removable entities
10:21:28.926 [FXGL Background Thread 2 ] DEBUG GameWorld            - Setting level: com.almasb.fxgl.entity.level.Level@55cda218
10:21:28.932 [FXGL Background Thread 2 ] WARN  GameWorld            - Entity is already attached to world
10:21:28.983 [FXGL Background Thread 2 ] WARN  GameWorld            - Entity is already attached to world
10:21:28.984 [FXGL Background Thread 2 ] WARN  GameWorld            - Entity is already attached to world
10:21:28.984 [FXGL Background Thread 2 ] INFO  FXGLApplication      - Game initialization took: 0.145 sec
10:21:28.987 [JavaFX Application Thread] DEBUG Input                - Clearing active input actions
10:21:28.989 [JavaFX Application Thread] DEBUG GameApplicationServi - Removing overlay from FXGLLoadingScene and adding to GameScene
10:21:28.990 [JavaFX Application Thread] DEBUG PrimaryStageWindow   - FXGLLoadingScene -> GameScene
10:21:30.903 [FXGL Background Thread 3 ] DEBUG Engine               - Logging environment variables
10:21:30.903 [FXGL Background Thread 3 ] DEBUG Engine               - achievements: []
10:21:30.903 [FXGL Background Thread 3 ] DEBUG Engine               - actualHeight: 800.0
10:21:30.903 [FXGL Background Thread 3 ] DEBUG Engine               - actualHeightProperty: ReadOnlyDoubleProperty [value: 800.0]
10:21:30.903 [FXGL Background Thread 3 ] DEBUG Engine               - actualWidth: 800.0
10:21:30.903 [FXGL Background Thread 3 ] DEBUG Engine               - actualWidthProperty: ReadOnlyDoubleProperty [value: 800.0]
10:21:30.903 [FXGL Background Thread 3 ] DEBUG Engine               - appIcon: fxgl_icon.png
10:21:30.903 [FXGL Background Thread 3 ] DEBUG Engine               - applicationMode: DEVELOPER
10:21:30.904 [FXGL Background Thread 3 ] DEBUG Engine               - cSSList: [fxgl_dark.css]
10:21:30.904 [FXGL Background Thread 3 ] DEBUG Engine               - collisionDetectionStrategy: BRUTE_FORCE
10:21:30.904 [FXGL Background Thread 3 ] DEBUG Engine               - configClass: Optional.empty
10:21:30.904 [FXGL Background Thread 3 ] DEBUG Engine               - credits: []
10:21:30.904 [FXGL Background Thread 3 ] DEBUG Engine               - defaultCursor: CursorInfo(imageName=fxgl_default_cursor.png, hotspotX=7.0, hotspotY=6.0)
10:21:30.904 [FXGL Background Thread 3 ] DEBUG Engine               - devBBoxColorProperty: ObjectProperty [value: 0xff0000ff]
10:21:30.904 [FXGL Background Thread 3 ] DEBUG Engine               - devEnableDebugCameraProperty: BooleanProperty [value: false]
10:21:30.904 [FXGL Background Thread 3 ] DEBUG Engine               - devSensorColorProperty: ObjectProperty [value: 0xffff00ff]
10:21:30.904 [FXGL Background Thread 3 ] DEBUG Engine               - devShowBBoxProperty: BooleanProperty [value: false]
10:21:30.904 [FXGL Background Thread 3 ] DEBUG Engine               - devShowPositionProperty: BooleanProperty [value: false]
10:21:30.904 [FXGL Background Thread 3 ] DEBUG Engine               - enabledMenuItems: []
10:21:30.904 [FXGL Background Thread 3 ] DEBUG Engine               - engineServices: [class com.almasb.fxgl.app.services.FXGLAssetLoaderService, class com.almasb.fxgl.app.FXGLApplication$GameApplicationService, class com.almasb.fxgl.app.services.FXGLDialogService, class com.almasb.fxgl.app.services.IOTaskExecutorService, class com.almasb.fxgl.io.FileSystemService, class com.almasb.fxgl.localization.LocalizationService, class com.almasb.fxgl.app.services.SystemBundleService, class com.almasb.fxgl.profile.SaveLoadService, class com.almasb.fxgl.ui.FXGLUIFactoryServiceProvider, class com.almasb.fxgl.ui.FXGLDialogFactoryServiceProvider, class com.almasb.fxgl.audio.AudioPlayer, class com.almasb.fxgl.notification.impl.NotificationServiceProvider, class com.almasb.fxgl.achievement.AchievementService, class com.almasb.fxgl.cutscene.CutsceneService, class com.almasb.fxgl.minigames.MiniGameService, class com.almasb.fxgl.net.NetService, class com.almasb.fxgl.app.services.UpdaterService, class com.almasb.fxgl.dev.DevService]
10:21:30.904 [FXGL Background Thread 3 ] DEBUG Engine               - fontGame: Abel-Regular.ttf
10:21:30.904 [FXGL Background Thread 3 ] DEBUG Engine               - fontMono: TerminalLandMono-Regular.otf
10:21:30.904 [FXGL Background Thread 3 ] DEBUG Engine               - fontText: Courier-Prime.ttf
10:21:30.904 [FXGL Background Thread 3 ] DEBUG Engine               - fontUI: VarelaRound-Regular.ttf
10:21:30.904 [FXGL Background Thread 3 ] DEBUG Engine               - fullScreen: BooleanProperty [value: false]
10:21:30.904 [FXGL Background Thread 3 ] DEBUG Engine               - gameDifficulty: MEDIUM
10:21:30.904 [FXGL Background Thread 3 ] DEBUG Engine               - gameDifficultyProperty: ObjectProperty [value: MEDIUM]
10:21:30.904 [FXGL Background Thread 3 ] DEBUG Engine               - globalMusicVolume: 0.5
10:21:30.904 [FXGL Background Thread 3 ] DEBUG Engine               - globalMusicVolumeProperty: DoubleProperty [value: 0.5]
10:21:30.904 [FXGL Background Thread 3 ] DEBUG Engine               - globalSoundVolume: 0.5
10:21:30.904 [FXGL Background Thread 3 ] DEBUG Engine               - globalSoundVolumeProperty: DoubleProperty [value: 0.5]
10:21:30.904 [FXGL Background Thread 3 ] DEBUG Engine               - height: 800
10:21:30.904 [FXGL Background Thread 3 ] DEBUG Engine               - is3D: false
10:21:30.904 [FXGL Background Thread 3 ] DEBUG Engine               - isAndroid: false
10:21:30.906 [FXGL Background Thread 3 ] DEBUG Engine               - isBrowser: false
10:21:30.906 [FXGL Background Thread 3 ] DEBUG Engine               - isClickFeedbackEnabled: false
10:21:30.906 [FXGL Background Thread 3 ] DEBUG Engine               - isCloseConfirmation: false
10:21:30.906 [FXGL Background Thread 3 ] DEBUG Engine               - isDesktop: true
10:21:30.906 [FXGL Background Thread 3 ] DEBUG Engine               - isDeveloperMenuEnabled: true
10:21:30.906 [FXGL Background Thread 3 ] DEBUG Engine               - isEmbedded: false
10:21:30.906 [FXGL Background Thread 3 ] DEBUG Engine               - isEntityPreloadEnabled: true
10:21:30.906 [FXGL Background Thread 3 ] DEBUG Engine               - isExperimentalTiledLargeMap: false
10:21:30.906 [FXGL Background Thread 3 ] DEBUG Engine               - isFileSystemWriteAllowed: true
10:21:30.906 [FXGL Background Thread 3 ] DEBUG Engine               - isFullScreenAllowed: true
10:21:30.906 [FXGL Background Thread 3 ] DEBUG Engine               - isFullScreenFromStart: false
10:21:30.906 [FXGL Background Thread 3 ] DEBUG Engine               - isGameMenuEnabled: true
10:21:30.906 [FXGL Background Thread 3 ] DEBUG Engine               - isIOS: false
10:21:30.906 [FXGL Background Thread 3 ] DEBUG Engine               - isIntroEnabled: false
10:21:30.906 [FXGL Background Thread 3 ] DEBUG Engine               - isLinux: false
10:21:30.906 [FXGL Background Thread 3 ] DEBUG Engine               - isMac: false
10:21:30.906 [FXGL Background Thread 3 ] DEBUG Engine               - isMainMenuEnabled: true
10:21:30.906 [FXGL Background Thread 3 ] DEBUG Engine               - isManualResizeEnabled: false
10:21:30.906 [FXGL Background Thread 3 ] DEBUG Engine               - isMobile: false
10:21:30.906 [FXGL Background Thread 3 ] DEBUG Engine               - isNative: false
10:21:30.906 [FXGL Background Thread 3 ] DEBUG Engine               - isPauseMusicWhenMinimized: true
10:21:30.906 [FXGL Background Thread 3 ] DEBUG Engine               - isPreserveResizeRatio: false
10:21:30.906 [FXGL Background Thread 3 ] DEBUG Engine               - isProfilingEnabled: false
10:21:30.906 [FXGL Background Thread 3 ] DEBUG Engine               - isScaleAffectedOnResize: true
10:21:30.906 [FXGL Background Thread 3 ] DEBUG Engine               - isSingleStep: false
10:21:30.906 [FXGL Background Thread 3 ] DEBUG Engine               - isUserProfileEnabled: false
10:21:30.906 [FXGL Background Thread 3 ] DEBUG Engine               - isWindows: true
10:21:30.906 [FXGL Background Thread 3 ] DEBUG Engine               - language: ObjectProperty [value: ENGLISH]
10:21:30.906 [FXGL Background Thread 3 ] DEBUG Engine               - menuKey: ESCAPE
10:21:30.906 [FXGL Background Thread 3 ] DEBUG Engine               - mouseSensitivity: 0.2
10:21:30.906 [FXGL Background Thread 3 ] DEBUG Engine               - notificationViewClass: class com.almasb.fxgl.notification.view.XboxNotificationView
10:21:30.906 [FXGL Background Thread 3 ] DEBUG Engine               - pixelsPerMeter: 50.0
10:21:30.906 [FXGL Background Thread 3 ] DEBUG Engine               - platform: WINDOWS
10:21:30.906 [FXGL Background Thread 3 ] DEBUG Engine               - prefHeightProperty: ReadOnlyDoubleProperty [value: 800.0]
10:21:30.907 [FXGL Background Thread 3 ] DEBUG Engine               - prefWidthProperty: ReadOnlyDoubleProperty [value: 800.0]
10:21:30.907 [FXGL Background Thread 3 ] DEBUG Engine               - profileDir: profiles/
10:21:30.907 [FXGL Background Thread 3 ] DEBUG Engine               - profileName: StringProperty [value: DEFAULT]
10:21:30.907 [FXGL Background Thread 3 ] DEBUG Engine               - randomSeed: -1
10:21:30.907 [FXGL Background Thread 3 ] DEBUG Engine               - runtimeInfo: RuntimeInfo(platform=WINDOWS, version=17, build=31.12.2021 18.16)
10:21:30.907 [FXGL Background Thread 3 ] DEBUG Engine               - saveFileExt: sav
10:21:30.907 [FXGL Background Thread 3 ] DEBUG Engine               - scaledHeightProp$fxgl: DoubleProperty [bound, value: 800.0]
10:21:30.907 [FXGL Background Thread 3 ] DEBUG Engine               - scaledWidthProp$fxgl: DoubleProperty [bound, value: 800.0]
10:21:30.907 [FXGL Background Thread 3 ] DEBUG Engine               - sceneFactory: com.almasb.fxgl.app.scene.SceneFactory@56270316
10:21:30.907 [FXGL Background Thread 3 ] DEBUG Engine               - secondsIn24h: 60
10:21:30.907 [FXGL Background Thread 3 ] DEBUG Engine               - soundMenuBack: menu/back.wav
10:21:30.907 [FXGL Background Thread 3 ] DEBUG Engine               - soundMenuPress: menu/press.wav
10:21:30.907 [FXGL Background Thread 3 ] DEBUG Engine               - soundMenuSelect: menu/select.wav
10:21:30.907 [FXGL Background Thread 3 ] DEBUG Engine               - soundNotification: core/notification.wav
10:21:30.907 [FXGL Background Thread 3 ] DEBUG Engine               - stageStyle: DECORATED
10:21:30.907 [FXGL Background Thread 3 ] DEBUG Engine               - supportedLanguages: [ENGLISH, FRENCH, GERMAN, HUNGARIAN, RUSSIAN]
10:21:30.907 [FXGL Background Thread 3 ] DEBUG Engine               - ticksPerSecond: -1
10:21:30.907 [FXGL Background Thread 3 ] DEBUG Engine               - title: Zelda 2D Game
10:21:30.907 [FXGL Background Thread 3 ] DEBUG Engine               - urlGithub: https://github.com/AlmasB/FXGL
10:21:30.907 [FXGL Background Thread 3 ] DEBUG Engine               - urlLeaderboard: http://fxgl-top.herokuapp.com/
10:21:30.907 [FXGL Background Thread 3 ] DEBUG Engine               - urlPOM: https://raw.githubusercontent.com/AlmasB/FXGL/release/README.md
10:21:30.907 [FXGL Background Thread 3 ] DEBUG Engine               - userAppClass: class com.example.zeldapuzzle.MainGameApp
10:21:30.907 [FXGL Background Thread 3 ] DEBUG Engine               - version: 1
10:21:30.907 [FXGL Background Thread 3 ] DEBUG Engine               - versionCheckDays: 7
10:21:30.907 [FXGL Background Thread 3 ] DEBUG Engine               - width: 800
10:21:30.908 [FXGL Background Thread 3 ] DEBUG Engine               - Logging services
10:21:30.908 [FXGL Background Thread 3 ] DEBUG Engine               - class com.almasb.fxgl.app.services.FXGLAssetLoaderService
10:21:30.908 [FXGL Background Thread 3 ] DEBUG Engine               - class com.almasb.fxgl.app.FXGLApplication$GameApplicationService
10:21:30.908 [FXGL Background Thread 3 ] DEBUG Engine               - class com.almasb.fxgl.app.services.FXGLDialogService
10:21:30.908 [FXGL Background Thread 3 ] DEBUG Engine               - class com.almasb.fxgl.app.services.IOTaskExecutorService
10:21:30.908 [FXGL Background Thread 3 ] DEBUG Engine               - class com.almasb.fxgl.io.FileSystemService
10:21:30.908 [FXGL Background Thread 3 ] DEBUG Engine               - class com.almasb.fxgl.localization.LocalizationService
10:21:30.908 [FXGL Background Thread 3 ] DEBUG Engine               - class com.almasb.fxgl.app.services.SystemBundleService
10:21:30.908 [FXGL Background Thread 3 ] DEBUG Engine               - class com.almasb.fxgl.profile.SaveLoadService
10:21:30.908 [FXGL Background Thread 3 ] DEBUG Engine               - class com.almasb.fxgl.ui.FXGLUIFactoryServiceProvider
10:21:30.908 [FXGL Background Thread 3 ] DEBUG Engine               - class com.almasb.fxgl.ui.FXGLDialogFactoryServiceProvider
10:21:30.908 [FXGL Background Thread 3 ] DEBUG Engine               - class com.almasb.fxgl.audio.AudioPlayer
10:21:30.908 [FXGL Background Thread 3 ] DEBUG Engine               - class com.almasb.fxgl.notification.impl.NotificationServiceProvider
10:21:30.908 [FXGL Background Thread 3 ] DEBUG Engine               - class com.almasb.fxgl.achievement.AchievementService
10:21:30.908 [FXGL Background Thread 3 ] DEBUG Engine               - class com.almasb.fxgl.cutscene.CutsceneService
10:21:30.908 [FXGL Background Thread 3 ] DEBUG Engine               - class com.almasb.fxgl.minigames.MiniGameService
10:21:30.908 [FXGL Background Thread 3 ] DEBUG Engine               - class com.almasb.fxgl.net.NetService
10:21:30.908 [FXGL Background Thread 3 ] DEBUG Engine               - class com.almasb.fxgl.app.services.UpdaterService
10:21:30.908 [FXGL Background Thread 3 ] DEBUG Engine               - class com.almasb.fxgl.dev.DevService
10:21:35.270 [JavaFX Application Thread] WARN  TMXLevelLoader       - TiledMap generated from 1.10.2. Supported version: 1.2.3. Some features may not be parsed fully.
10:21:35.279 [JavaFX Application Thread] DEBUG TMXLevelLoader       - Parsed TiledMap: file:/C:/Users/User/zeldaPuzzle/target/classes/assets/levels/donjonPasFini.tmx
10:21:35.279 [JavaFX Application Thread] DEBUG TMXLevelLoader       - Creating tile layer entities
10:21:35.279 [JavaFX Application Thread] DEBUG TilesetLoader        - Loading view for layer Calque de Tuiles 2
10:21:35.280 [JavaFX Application Thread] DEBUG TilesetLoader        - Created buffer with size 3200.0x960.0
10:21:35.297 [JavaFX Application Thread] WARN  TilesetLoader        - Diagonally flipped tiles are not currently supported
10:21:35.297 [JavaFX Application Thread] WARN  TilesetLoader        - Diagonally flipped tiles are not currently supported
10:21:35.297 [JavaFX Application Thread] WARN  TilesetLoader        - Diagonally flipped tiles are not currently supported
10:21:35.297 [JavaFX Application Thread] WARN  TilesetLoader        - Diagonally flipped tiles are not currently supported
10:21:35.298 [JavaFX Application Thread] WARN  TilesetLoader        - Diagonally flipped tiles are not currently supported
10:21:35.298 [JavaFX Application Thread] WARN  TilesetLoader        - Diagonally flipped tiles are not currently supported
10:21:35.298 [JavaFX Application Thread] WARN  TilesetLoader        - Diagonally flipped tiles are not currently supported
10:21:35.298 [JavaFX Application Thread] WARN  TilesetLoader        - Diagonally flipped tiles are not currently supported
10:21:35.298 [JavaFX Application Thread] WARN  TilesetLoader        - Diagonally flipped tiles are not currently supported
10:21:35.298 [JavaFX Application Thread] WARN  TilesetLoader        - Diagonally flipped tiles are not currently supported
10:21:35.299 [JavaFX Application Thread] DEBUG TilesetLoader        - Loading view for layer background
10:21:35.300 [JavaFX Application Thread] DEBUG TilesetLoader        - Created buffer with size 3200.0x960.0
10:21:35.302 [JavaFX Application Thread] DEBUG TilesetLoader        - Loading view for layer Calque de Tuiles 3
10:21:35.306 [JavaFX Application Thread] DEBUG TilesetLoader        - Created buffer with size 3200.0x960.0
10:21:35.307 [JavaFX Application Thread] DEBUG TilesetLoader        - Loading view for layer Calque de Tuiles 1
10:21:35.310 [JavaFX Application Thread] DEBUG TilesetLoader        - Created buffer with size 3200.0x960.0
10:21:35.311 [JavaFX Application Thread] DEBUG TMXLevelLoader       - Creating object layer entities
10:21:35.314 [JavaFX Application Thread] DEBUG GameWorld            - Clearing removable entities
10:21:35.316 [JavaFX Application Thread] DEBUG GameWorld            - Setting level: com.almasb.fxgl.entity.level.Level@7803ef47
10:21:35.352 [JavaFX Application Thread] WARN  GameWorld            - Entity is already attached to world
10:21:47.169 [JavaFX Application Thread] DEBUG FXGLApplication      - Exiting FXGL
10:21:47.169 [JavaFX Application Thread] DEBUG LoopRunner           - Stopping loop
10:21:47.169 [JavaFX Application Thread] DEBUG SystemBundleService  - Saving FXGL system data
10:21:47.171 [JavaFX Application Thread] DEBUG FileSystemAccess     - Writing to: C:\Users\User\zeldaPuzzle\system\fxgl.bundle
10:21:47.173 [JavaFX Application Thread] DEBUG Async                - Shutting down background threads
10:21:47.173 [JavaFX Application Thread] DEBUG PrimaryStageWindow   - Closing main window
10:21:47.179 [JavaFX Application Thread] DEBUG Logger               - Closing Logger
