09:51:42.054 [main                     ] DEBUG Logger               - Configured Logger
09:51:42.067 [main                     ] DEBUG GameApplication      - Logging settings
Title: Zelda 2D Game
Version: 1
Width: 800
Height: 800
Fullscreen: true
Intro: false
Profiling: false
Single step:false
App Mode: DEVELOPER
Menu Key: ESCAPE
Stage Style: DECORATED
Scene Factory: class com.almasb.fxgl.app.scene.SceneFactory

09:51:42.130 [JavaFX Application Thread] DEBUG FXGLApplication      - Initializing FXGL
09:51:42.132 [JavaFX Application Thread] INFO  Engine               - FXGL-17 (31.12.2021 18.16) on WINDOWS (J:21.0.2 FX:19)
09:51:42.133 [JavaFX Application Thread] DEBUG Engine               - JRE Vendor Name: Oracle Corporation
09:51:42.133 [JavaFX Application Thread] DEBUG Engine               - Running on OS: Windows 11 version 10.0
09:51:42.133 [JavaFX Application Thread] DEBUG Engine               - Architecture: amd64
09:51:42.133 [JavaFX Application Thread] INFO  Engine               - Source code and latest versions at: https://github.com/AlmasB/FXGL
09:51:42.133 [JavaFX Application Thread] INFO  Engine               -       Ask questions and discuss at: https://github.com/AlmasB/FXGL/discussions
09:51:42.133 [JavaFX Application Thread] INFO  Engine               -              Join the FXGL chat at: https://gitter.im/AlmasB/FXGL
09:51:42.173 [JavaFX Application Thread] DEBUG PrimaryStageWindow   - Creating a JavaFX scene
09:51:42.201 [JavaFX Application Thread] DEBUG PrimaryStageWindow   - Target settings size: 800.0 x 800.0
09:51:42.201 [JavaFX Application Thread] DEBUG PrimaryStageWindow   - Scaled scene size:    800.0 x 800.0
09:51:42.201 [JavaFX Application Thread] DEBUG PrimaryStageWindow   - Scaled ratio: (1.0, 1.0)
09:51:42.202 [JavaFX Application Thread] DEBUG PrimaryStageWindow   - Set initial scene to FXGLStartupScene
09:51:42.205 [JavaFX Application Thread] DEBUG PrimaryStageWindow   - Opening main window
09:51:42.252 [JavaFX Application Thread] DEBUG PrimaryStageWindow   - Window border size: (16.0, 39.0)
09:51:42.252 [JavaFX Application Thread] DEBUG PrimaryStageWindow   - Scaled size: 800.0 x 800.0
09:51:42.252 [JavaFX Application Thread] DEBUG PrimaryStageWindow   - Scaled ratio: (1.0, 1.0)
09:51:42.252 [JavaFX Application Thread] DEBUG PrimaryStageWindow   - Scene size: 800.0 x 800.0
09:51:42.253 [JavaFX Application Thread] DEBUG PrimaryStageWindow   - Stage size: 816.0 x 839.0
09:51:42.258 [FXGL Background Thread 1 ] DEBUG Engine               - Initializing environment variables
09:51:42.294 [FXGL Background Thread 1 ] DEBUG FXGLAssetLoaderServi - User app class for loading assets: class com.example.zeldapuzzle.MainGameApp
09:51:42.295 [FXGL Background Thread 1 ] DEBUG GameApplicationServi - Applying CSS: fxgl_dark.css
09:51:42.295 [FXGL Background Thread 1 ] DEBUG FXGLAssetLoaderServi - Loading from file system: jar:file:///C:/Users/User/.m2/repository/com/github/almasb/fxgl/17/fxgl-17.jar!/fxglassets/ui/css/fxgl_dark.css
09:51:42.322 [FXGL Background Thread 1 ] DEBUG GameApplicationServi - Initializing application scenes
09:51:42.352 [FXGL Background Thread 1 ] DEBUG GameWorld            - Game world initialized
09:51:42.390 [FXGL Background Thread 1 ] DEBUG PhysicsWorld         - Physics world initialized: appHeight=800, physics.ppm=50.0
09:51:42.391 [FXGL Background Thread 1 ] DEBUG PhysicsWorld         - Using strategy: BRUTE_FORCE
09:51:42.393 [FXGL Background Thread 1 ] DEBUG GameScene            - Game scene initialized: 800x800
09:51:42.400 [FXGL Background Thread 1 ] DEBUG FXGL.DefaultMenu     - createMenuBodyMainMenu()
09:51:42.408 [FXGL Background Thread 1 ] DEBUG FXGL.DefaultMenu     - createOptionsMenu()
09:51:42.412 [FXGL Background Thread 1 ] DEBUG FXGLAssetLoaderServi - Loading from file system: jar:file:///C:/Users/User/.m2/repository/com/github/almasb/fxgl/17/fxgl-17.jar!/fxglassets/textures/particles/smoke.png
09:51:42.454 [FXGL Background Thread 1 ] DEBUG FXGLAssetLoaderServi - Loading from file system: jar:file:///C:/Users/User/.m2/repository/com/github/almasb/fxgl/17/fxgl-17.jar!/fxglassets/textures/particles/trace_horizontal.png
09:51:42.465 [FXGL Background Thread 1 ] DEBUG FXGL.DefaultMenu     - createMenuBodyGameMenu()
09:51:42.466 [FXGL Background Thread 1 ] DEBUG FXGL.DefaultMenu     - createOptionsMenu()
09:51:42.474 [FXGL Background Thread 1 ] DEBUG GameApplicationServi - Application scenes initialized
09:51:42.481 [FXGL Background Thread 1 ] DEBUG SystemBundleService  - Loading FXGL system data
09:51:42.484 [FXGL Background Thread 1 ] DEBUG FileSystemAccess     - Reading from: C:\Users\User\zeldaPuzzle\system\fxgl.bundle
09:51:42.489 [FXGL Background Thread 1 ] DEBUG SystemBundleService  - Bundle FXGL: {}
09:51:42.490 [FXGL Background Thread 1 ] DEBUG UpdaterService       - Checking for updates
09:51:42.506 [FXGL Background Thread 4 ] DEBUG FXGLApplication      - Loading fonts
09:51:42.506 [FXGL Background Thread 1 ] DEBUG FXGLApplication      - Loading default localization
09:51:42.506 [FXGL Background Thread 4 ] DEBUG FXGLAssetLoaderServi - Loading from file system: jar:file:///C:/Users/User/.m2/repository/com/github/almasb/fxgl/17/fxgl-17.jar!/fxglassets/ui/fonts/VarelaRound-Regular.ttf
09:51:42.507 [FXGL Background Thread 1 ] DEBUG FXGLAssetLoaderServi - Loading from file system: jar:file:///C:/Users/User/.m2/repository/com/github/almasb/fxgl/17/fxgl-17.jar!/fxglassets/languages/english.lang
09:51:42.522 [FXGL Background Thread 1 ] INFO  FXGLApplication      - FXGL initialization took: 0.265 sec
09:51:42.528 [JavaFX Application Thread] DEBUG Input                - Registered new binding: getPosition - P
09:51:42.528 [JavaFX Application Thread] DEBUG Input                - Registered new binding: zoom+ - Up
09:51:42.528 [JavaFX Application Thread] DEBUG Input                - Registered new binding: zoom- - Down
09:51:42.528 [JavaFX Application Thread] DEBUG Input                - Registered new binding: resetZoom - 0
09:51:42.528 [JavaFX Application Thread] DEBUG Input                - Registered new binding: Move right - D
09:51:42.528 [JavaFX Application Thread] DEBUG Input                - Registered new binding: Move left - A
09:51:42.529 [JavaFX Application Thread] DEBUG Input                - Registered new binding: Move Up - W
09:51:42.529 [JavaFX Application Thread] DEBUG Input                - Registered new binding: Move Down - S
09:51:42.529 [JavaFX Application Thread] DEBUG FXGLAssetLoaderServi - Loading from file system: jar:file:///C:/Users/User/.m2/repository/com/github/almasb/fxgl/17/fxgl-17.jar!/fxglassets/textures/fxgl_icon.png
09:51:42.531 [FXGL Background Thread 4 ] DEBUG FXGLAssetLoaderServi - Loading from file system: jar:file:///C:/Users/User/.m2/repository/com/github/almasb/fxgl/17/fxgl-17.jar!/fxglassets/ui/fonts/Abel-Regular.ttf
09:51:42.538 [JavaFX Application Thread] DEBUG FXGLAssetLoaderServi - Loading from file system: jar:file:///C:/Users/User/.m2/repository/com/github/almasb/fxgl/17/fxgl-17.jar!/fxglassets/textures/fxgl_default_cursor.png
09:51:42.540 [JavaFX Application Thread] DEBUG Input                - Registered new binding: Screenshot - CTRL+8
09:51:42.540 [JavaFX Application Thread] DEBUG Input                - Registered new binding: Dev Options - 1
09:51:42.541 [JavaFX Application Thread] DEBUG Input                - Registered new binding: Dev Console - 2
09:51:42.541 [FXGL Background Thread 4 ] DEBUG FXGLAssetLoaderServi - Loading from file system: jar:file:///C:/Users/User/.m2/repository/com/github/almasb/fxgl/17/fxgl-17.jar!/fxglassets/ui/fonts/TerminalLandMono-Regular.otf
09:51:42.541 [JavaFX Application Thread] DEBUG Input                - Registered new binding: System info dump - CTRL+9
09:51:42.541 [JavaFX Application Thread] DEBUG Input                - Registered new binding: Restart - CTRL+R
09:51:42.542 [JavaFX Application Thread] DEBUG Input                - Registered new binding: Toggle Debug Camera - CTRL+7
09:51:42.544 [JavaFX Application Thread] DEBUG LoopRunner           - Starting loop
09:51:42.550 [FXGL Background Thread 4 ] DEBUG FXGLAssetLoaderServi - Loading from file system: jar:file:///C:/Users/User/.m2/repository/com/github/almasb/fxgl/17/fxgl-17.jar!/fxglassets/ui/fonts/Courier-Prime.ttf
09:51:42.557 [JavaFX Application Thread] DEBUG LoopRunner           - Initializing JavaFX AnimationTimerLoop
09:51:42.560 [JavaFX Application Thread] DEBUG Input                - Clearing active input actions
09:51:42.569 [JavaFX Application Thread] DEBUG GameApplicationServi - Removing overlay from FXGLStartupScene and adding to FXGLMainMenuDummyScene
09:51:42.573 [JavaFX Application Thread] DEBUG PrimaryStageWindow   - FXGLStartupScene -> FXGLMainMenuDummyScene
09:51:42.573 [JavaFX Application Thread] DEBUG PrimaryStageWindow   - Push state: FXGLDefaultMenu
09:51:42.575 [JavaFX Application Thread] DEBUG Input                - Clearing active input actions
09:51:42.584 [JavaFX Application Thread] DEBUG GameApplicationServi - Removing overlay from FXGLMainMenuDummyScene and adding to FXGLDefaultMenu
09:51:42.585 [JavaFX Application Thread] DEBUG PrimaryStageWindow   - FXGLMainMenuDummyScene -> FXGLDefaultMenu
09:51:42.595 [JavaFX Application Thread] DEBUG FXGLApplication      - Registering font factories with UI factory
09:51:42.797 [FXGL Background Thread 2 ] INFO  UpdaterService       - Your current version:  17
09:51:42.797 [FXGL Background Thread 2 ] INFO  UpdaterService       - Latest stable version: 21.1
09:51:43.484 [JavaFX Application Thread] DEBUG Menu                 - fireNewGame()
09:51:43.484 [JavaFX Application Thread] DEBUG GameApplicationServi - Starting new game
09:51:43.485 [JavaFX Application Thread] DEBUG PrimaryStageWindow   - Pop state: FXGLDefaultMenu
09:51:43.485 [JavaFX Application Thread] DEBUG Input                - Clearing active input actions
09:51:43.486 [JavaFX Application Thread] DEBUG GameApplicationServi - Removing overlay from FXGLDefaultMenu and adding to FXGLMainMenuDummyScene
09:51:43.489 [JavaFX Application Thread] DEBUG PrimaryStageWindow   - FXGLMainMenuDummyScene <- FXGLDefaultMenu
09:51:43.489 [JavaFX Application Thread] DEBUG Input                - Clearing active input actions
09:51:43.497 [JavaFX Application Thread] DEBUG GameApplicationServi - Removing overlay from FXGLMainMenuDummyScene and adding to FXGLLoadingScene
09:51:43.499 [JavaFX Application Thread] DEBUG PrimaryStageWindow   - FXGLMainMenuDummyScene -> FXGLLoadingScene
09:51:43.499 [JavaFX Application Thread] DEBUG GameApplicationServi - Clearing previous game
09:51:43.499 [JavaFX Application Thread] DEBUG GameScene            - Clearing game scene
09:51:43.499 [JavaFX Application Thread] DEBUG GameWorld            - Clearing game world
09:51:43.500 [JavaFX Application Thread] DEBUG PhysicsWorld         - Clearing physics world
09:51:43.502 [FXGL Background Thread 2 ] DEBUG FXGLApplication      - Initializing game
09:51:43.528 [FXGL Background Thread 2 ] WARN  TMXLevelLoader       - TiledMap generated from 1.10.2. Supported version: 1.2.3. Some features may not be parsed fully.
09:51:43.534 [FXGL Background Thread 2 ] DEBUG TMXLevelLoader       - Parsed TiledMap: file:/C:/Users/User/zeldaPuzzle/target/classes/assets/levels/StartingMap.tmx
09:51:43.542 [FXGL Background Thread 2 ] DEBUG TMXLevelLoader       - Creating tile layer entities
09:51:43.544 [FXGL Background Thread 2 ] DEBUG TilesetLoader        - Loading view for layer Calque de Tuiles 1
09:51:43.546 [FXGL Background Thread 2 ] DEBUG TilesetLoader        - Created buffer with size 1920.0x1920.0
09:51:43.552 [FXGL Background Thread 2 ] DEBUG TilesetLoader        - Loading view for layer Calque de Tuiles 2
09:51:43.558 [FXGL Background Thread 2 ] DEBUG TilesetLoader        - Created buffer with size 1920.0x1920.0
09:51:43.566 [FXGL Background Thread 2 ] DEBUG TilesetLoader        - Loading view for layer Calque de Tuiles 3
09:51:43.571 [FXGL Background Thread 2 ] DEBUG TilesetLoader        - Created buffer with size 1920.0x1920.0
09:51:43.575 [FXGL Background Thread 2 ] DEBUG TMXLevelLoader       - Creating object layer entities
09:51:43.584 [FXGL Background Thread 2 ] DEBUG GameWorld            - Clearing removable entities
09:51:43.584 [FXGL Background Thread 2 ] DEBUG GameWorld            - Setting level: com.almasb.fxgl.entity.level.Level@1021fdf7
09:51:43.590 [FXGL Background Thread 2 ] WARN  GameWorld            - Entity is already attached to world
09:51:43.633 [FXGL Background Thread 2 ] WARN  GameWorld            - Entity is already attached to world
09:51:43.634 [FXGL Background Thread 2 ] INFO  FXGLApplication      - Game initialization took: 0.132 sec
09:51:43.635 [JavaFX Application Thread] DEBUG Input                - Clearing active input actions
09:51:43.637 [JavaFX Application Thread] DEBUG GameApplicationServi - Removing overlay from FXGLLoadingScene and adding to GameScene
09:51:43.640 [JavaFX Application Thread] DEBUG PrimaryStageWindow   - FXGLLoadingScene -> GameScene
09:51:45.507 [FXGL Background Thread 3 ] DEBUG Engine               - Logging environment variables
09:51:45.507 [FXGL Background Thread 3 ] DEBUG Engine               - achievements: []
09:51:45.507 [FXGL Background Thread 3 ] DEBUG Engine               - actualHeight: 800.0
09:51:45.507 [FXGL Background Thread 3 ] DEBUG Engine               - actualHeightProperty: ReadOnlyDoubleProperty [value: 800.0]
09:51:45.508 [FXGL Background Thread 3 ] DEBUG Engine               - actualWidth: 800.0
09:51:45.508 [FXGL Background Thread 3 ] DEBUG Engine               - actualWidthProperty: ReadOnlyDoubleProperty [value: 800.0]
09:51:45.508 [FXGL Background Thread 3 ] DEBUG Engine               - appIcon: fxgl_icon.png
09:51:45.508 [FXGL Background Thread 3 ] DEBUG Engine               - applicationMode: DEVELOPER
09:51:45.508 [FXGL Background Thread 3 ] DEBUG Engine               - cSSList: [fxgl_dark.css]
09:51:45.508 [FXGL Background Thread 3 ] DEBUG Engine               - collisionDetectionStrategy: BRUTE_FORCE
09:51:45.508 [FXGL Background Thread 3 ] DEBUG Engine               - configClass: Optional.empty
09:51:45.508 [FXGL Background Thread 3 ] DEBUG Engine               - credits: []
09:51:45.509 [FXGL Background Thread 3 ] DEBUG Engine               - defaultCursor: CursorInfo(imageName=fxgl_default_cursor.png, hotspotX=7.0, hotspotY=6.0)
09:51:45.509 [FXGL Background Thread 3 ] DEBUG Engine               - devBBoxColorProperty: ObjectProperty [value: 0xff0000ff]
09:51:45.509 [FXGL Background Thread 3 ] DEBUG Engine               - devEnableDebugCameraProperty: BooleanProperty [value: false]
09:51:45.509 [FXGL Background Thread 3 ] DEBUG Engine               - devSensorColorProperty: ObjectProperty [value: 0xffff00ff]
09:51:45.509 [FXGL Background Thread 3 ] DEBUG Engine               - devShowBBoxProperty: BooleanProperty [value: false]
09:51:45.509 [FXGL Background Thread 3 ] DEBUG Engine               - devShowPositionProperty: BooleanProperty [value: false]
09:51:45.509 [FXGL Background Thread 3 ] DEBUG Engine               - enabledMenuItems: []
09:51:45.509 [FXGL Background Thread 3 ] DEBUG Engine               - engineServices: [class com.almasb.fxgl.app.services.FXGLAssetLoaderService, class com.almasb.fxgl.app.FXGLApplication$GameApplicationService, class com.almasb.fxgl.app.services.FXGLDialogService, class com.almasb.fxgl.app.services.IOTaskExecutorService, class com.almasb.fxgl.io.FileSystemService, class com.almasb.fxgl.localization.LocalizationService, class com.almasb.fxgl.app.services.SystemBundleService, class com.almasb.fxgl.profile.SaveLoadService, class com.almasb.fxgl.ui.FXGLUIFactoryServiceProvider, class com.almasb.fxgl.ui.FXGLDialogFactoryServiceProvider, class com.almasb.fxgl.audio.AudioPlayer, class com.almasb.fxgl.notification.impl.NotificationServiceProvider, class com.almasb.fxgl.achievement.AchievementService, class com.almasb.fxgl.cutscene.CutsceneService, class com.almasb.fxgl.minigames.MiniGameService, class com.almasb.fxgl.net.NetService, class com.almasb.fxgl.app.services.UpdaterService, class com.almasb.fxgl.dev.DevService]
09:51:45.509 [FXGL Background Thread 3 ] DEBUG Engine               - fontGame: Abel-Regular.ttf
09:51:45.509 [FXGL Background Thread 3 ] DEBUG Engine               - fontMono: TerminalLandMono-Regular.otf
09:51:45.509 [FXGL Background Thread 3 ] DEBUG Engine               - fontText: Courier-Prime.ttf
09:51:45.510 [FXGL Background Thread 3 ] DEBUG Engine               - fontUI: VarelaRound-Regular.ttf
09:51:45.510 [FXGL Background Thread 3 ] DEBUG Engine               - fullScreen: BooleanProperty [value: false]
09:51:45.510 [FXGL Background Thread 3 ] DEBUG Engine               - gameDifficulty: MEDIUM
09:51:45.510 [FXGL Background Thread 3 ] DEBUG Engine               - gameDifficultyProperty: ObjectProperty [value: MEDIUM]
09:51:45.510 [FXGL Background Thread 3 ] DEBUG Engine               - globalMusicVolume: 0.5
09:51:45.510 [FXGL Background Thread 3 ] DEBUG Engine               - globalMusicVolumeProperty: DoubleProperty [value: 0.5]
09:51:45.510 [FXGL Background Thread 3 ] DEBUG Engine               - globalSoundVolume: 0.5
09:51:45.510 [FXGL Background Thread 3 ] DEBUG Engine               - globalSoundVolumeProperty: DoubleProperty [value: 0.5]
09:51:45.510 [FXGL Background Thread 3 ] DEBUG Engine               - height: 800
09:51:45.510 [FXGL Background Thread 3 ] DEBUG Engine               - is3D: false
09:51:45.510 [FXGL Background Thread 3 ] DEBUG Engine               - isAndroid: false
09:51:45.510 [FXGL Background Thread 3 ] DEBUG Engine               - isBrowser: false
09:51:45.510 [FXGL Background Thread 3 ] DEBUG Engine               - isClickFeedbackEnabled: false
09:51:45.510 [FXGL Background Thread 3 ] DEBUG Engine               - isCloseConfirmation: false
09:51:45.510 [FXGL Background Thread 3 ] DEBUG Engine               - isDesktop: true
09:51:45.510 [FXGL Background Thread 3 ] DEBUG Engine               - isDeveloperMenuEnabled: true
09:51:45.510 [FXGL Background Thread 3 ] DEBUG Engine               - isEmbedded: false
09:51:45.510 [FXGL Background Thread 3 ] DEBUG Engine               - isEntityPreloadEnabled: true
09:51:45.510 [FXGL Background Thread 3 ] DEBUG Engine               - isExperimentalTiledLargeMap: false
09:51:45.510 [FXGL Background Thread 3 ] DEBUG Engine               - isFileSystemWriteAllowed: true
09:51:45.510 [FXGL Background Thread 3 ] DEBUG Engine               - isFullScreenAllowed: true
09:51:45.510 [FXGL Background Thread 3 ] DEBUG Engine               - isFullScreenFromStart: false
09:51:45.510 [FXGL Background Thread 3 ] DEBUG Engine               - isGameMenuEnabled: true
09:51:45.510 [FXGL Background Thread 3 ] DEBUG Engine               - isIOS: false
09:51:45.511 [FXGL Background Thread 3 ] DEBUG Engine               - isIntroEnabled: false
09:51:45.511 [FXGL Background Thread 3 ] DEBUG Engine               - isLinux: false
09:51:45.511 [FXGL Background Thread 3 ] DEBUG Engine               - isMac: false
09:51:45.511 [FXGL Background Thread 3 ] DEBUG Engine               - isMainMenuEnabled: true
09:51:45.511 [FXGL Background Thread 3 ] DEBUG Engine               - isManualResizeEnabled: false
09:51:45.511 [FXGL Background Thread 3 ] DEBUG Engine               - isMobile: false
09:51:45.511 [FXGL Background Thread 3 ] DEBUG Engine               - isNative: false
09:51:45.511 [FXGL Background Thread 3 ] DEBUG Engine               - isPauseMusicWhenMinimized: true
09:51:45.511 [FXGL Background Thread 3 ] DEBUG Engine               - isPreserveResizeRatio: false
09:51:45.511 [FXGL Background Thread 3 ] DEBUG Engine               - isProfilingEnabled: false
09:51:45.511 [FXGL Background Thread 3 ] DEBUG Engine               - isScaleAffectedOnResize: true
09:51:45.511 [FXGL Background Thread 3 ] DEBUG Engine               - isSingleStep: false
09:51:45.511 [FXGL Background Thread 3 ] DEBUG Engine               - isUserProfileEnabled: false
09:51:45.511 [FXGL Background Thread 3 ] DEBUG Engine               - isWindows: true
09:51:45.511 [FXGL Background Thread 3 ] DEBUG Engine               - language: ObjectProperty [value: ENGLISH]
09:51:45.511 [FXGL Background Thread 3 ] DEBUG Engine               - menuKey: ESCAPE
09:51:45.511 [FXGL Background Thread 3 ] DEBUG Engine               - mouseSensitivity: 0.2
09:51:45.511 [FXGL Background Thread 3 ] DEBUG Engine               - notificationViewClass: class com.almasb.fxgl.notification.view.XboxNotificationView
09:51:45.511 [FXGL Background Thread 3 ] DEBUG Engine               - pixelsPerMeter: 50.0
09:51:45.511 [FXGL Background Thread 3 ] DEBUG Engine               - platform: WINDOWS
09:51:45.511 [FXGL Background Thread 3 ] DEBUG Engine               - prefHeightProperty: ReadOnlyDoubleProperty [value: 800.0]
09:51:45.511 [FXGL Background Thread 3 ] DEBUG Engine               - prefWidthProperty: ReadOnlyDoubleProperty [value: 800.0]
09:51:45.511 [FXGL Background Thread 3 ] DEBUG Engine               - profileDir: profiles/
09:51:45.511 [FXGL Background Thread 3 ] DEBUG Engine               - profileName: StringProperty [value: DEFAULT]
09:51:45.511 [FXGL Background Thread 3 ] DEBUG Engine               - randomSeed: -1
09:51:45.511 [FXGL Background Thread 3 ] DEBUG Engine               - runtimeInfo: RuntimeInfo(platform=WINDOWS, version=17, build=31.12.2021 18.16)
09:51:45.511 [FXGL Background Thread 3 ] DEBUG Engine               - saveFileExt: sav
09:51:45.511 [FXGL Background Thread 3 ] DEBUG Engine               - scaledHeightProp$fxgl: DoubleProperty [bound, value: 800.0]
09:51:45.511 [FXGL Background Thread 3 ] DEBUG Engine               - scaledWidthProp$fxgl: DoubleProperty [bound, value: 800.0]
09:51:45.511 [FXGL Background Thread 3 ] DEBUG Engine               - sceneFactory: com.almasb.fxgl.app.scene.SceneFactory@40b0c027
09:51:45.511 [FXGL Background Thread 3 ] DEBUG Engine               - secondsIn24h: 60
09:51:45.511 [FXGL Background Thread 3 ] DEBUG Engine               - soundMenuBack: menu/back.wav
09:51:45.511 [FXGL Background Thread 3 ] DEBUG Engine               - soundMenuPress: menu/press.wav
09:51:45.511 [FXGL Background Thread 3 ] DEBUG Engine               - soundMenuSelect: menu/select.wav
09:51:45.511 [FXGL Background Thread 3 ] DEBUG Engine               - soundNotification: core/notification.wav
09:51:45.512 [FXGL Background Thread 3 ] DEBUG Engine               - stageStyle: DECORATED
09:51:45.512 [FXGL Background Thread 3 ] DEBUG Engine               - supportedLanguages: [ENGLISH, FRENCH, GERMAN, HUNGARIAN, RUSSIAN]
09:51:45.512 [FXGL Background Thread 3 ] DEBUG Engine               - ticksPerSecond: -1
09:51:45.512 [FXGL Background Thread 3 ] DEBUG Engine               - title: Zelda 2D Game
09:51:45.512 [FXGL Background Thread 3 ] DEBUG Engine               - urlGithub: https://github.com/AlmasB/FXGL
09:51:45.512 [FXGL Background Thread 3 ] DEBUG Engine               - urlLeaderboard: http://fxgl-top.herokuapp.com/
09:51:45.512 [FXGL Background Thread 3 ] DEBUG Engine               - urlPOM: https://raw.githubusercontent.com/AlmasB/FXGL/release/README.md
09:51:45.512 [FXGL Background Thread 3 ] DEBUG Engine               - userAppClass: class com.example.zeldapuzzle.MainGameApp
09:51:45.512 [FXGL Background Thread 3 ] DEBUG Engine               - version: 1
09:51:45.512 [FXGL Background Thread 3 ] DEBUG Engine               - versionCheckDays: 7
09:51:45.512 [FXGL Background Thread 3 ] DEBUG Engine               - width: 800
09:51:45.512 [FXGL Background Thread 3 ] DEBUG Engine               - Logging services
09:51:45.512 [FXGL Background Thread 3 ] DEBUG Engine               - class com.almasb.fxgl.app.services.FXGLAssetLoaderService
09:51:45.512 [FXGL Background Thread 3 ] DEBUG Engine               - class com.almasb.fxgl.app.FXGLApplication$GameApplicationService
09:51:45.512 [FXGL Background Thread 3 ] DEBUG Engine               - class com.almasb.fxgl.app.services.FXGLDialogService
09:51:45.512 [FXGL Background Thread 3 ] DEBUG Engine               - class com.almasb.fxgl.app.services.IOTaskExecutorService
09:51:45.512 [FXGL Background Thread 3 ] DEBUG Engine               - class com.almasb.fxgl.io.FileSystemService
09:51:45.512 [FXGL Background Thread 3 ] DEBUG Engine               - class com.almasb.fxgl.localization.LocalizationService
09:51:45.512 [FXGL Background Thread 3 ] DEBUG Engine               - class com.almasb.fxgl.app.services.SystemBundleService
09:51:45.512 [FXGL Background Thread 3 ] DEBUG Engine               - class com.almasb.fxgl.profile.SaveLoadService
09:51:45.512 [FXGL Background Thread 3 ] DEBUG Engine               - class com.almasb.fxgl.ui.FXGLUIFactoryServiceProvider
09:51:45.512 [FXGL Background Thread 3 ] DEBUG Engine               - class com.almasb.fxgl.ui.FXGLDialogFactoryServiceProvider
09:51:45.512 [FXGL Background Thread 3 ] DEBUG Engine               - class com.almasb.fxgl.audio.AudioPlayer
09:51:45.512 [FXGL Background Thread 3 ] DEBUG Engine               - class com.almasb.fxgl.notification.impl.NotificationServiceProvider
09:51:45.512 [FXGL Background Thread 3 ] DEBUG Engine               - class com.almasb.fxgl.achievement.AchievementService
09:51:45.512 [FXGL Background Thread 3 ] DEBUG Engine               - class com.almasb.fxgl.cutscene.CutsceneService
09:51:45.512 [FXGL Background Thread 3 ] DEBUG Engine               - class com.almasb.fxgl.minigames.MiniGameService
09:51:45.512 [FXGL Background Thread 3 ] DEBUG Engine               - class com.almasb.fxgl.net.NetService
09:51:45.512 [FXGL Background Thread 3 ] DEBUG Engine               - class com.almasb.fxgl.app.services.UpdaterService
09:51:45.512 [FXGL Background Thread 3 ] DEBUG Engine               - class com.almasb.fxgl.dev.DevService
09:51:54.638 [JavaFX Application Thread] WARN  TMXLevelLoader       - TiledMap generated from 1.10.2. Supported version: 1.2.3. Some features may not be parsed fully.
09:51:54.649 [JavaFX Application Thread] DEBUG TMXLevelLoader       - Parsed TiledMap: file:/C:/Users/User/zeldaPuzzle/target/classes/assets/levels/donjonPasFini.tmx
09:51:54.649 [JavaFX Application Thread] DEBUG TMXLevelLoader       - Creating tile layer entities
09:51:54.649 [JavaFX Application Thread] DEBUG TilesetLoader        - Loading view for layer Calque de Tuiles 2
09:51:54.652 [JavaFX Application Thread] DEBUG TilesetLoader        - Created buffer with size 3200.0x960.0
09:51:54.674 [JavaFX Application Thread] WARN  TilesetLoader        - Diagonally flipped tiles are not currently supported
09:51:54.675 [JavaFX Application Thread] WARN  TilesetLoader        - Diagonally flipped tiles are not currently supported
09:51:54.675 [JavaFX Application Thread] WARN  TilesetLoader        - Diagonally flipped tiles are not currently supported
09:51:54.675 [JavaFX Application Thread] WARN  TilesetLoader        - Diagonally flipped tiles are not currently supported
09:51:54.675 [JavaFX Application Thread] WARN  TilesetLoader        - Diagonally flipped tiles are not currently supported
09:51:54.675 [JavaFX Application Thread] WARN  TilesetLoader        - Diagonally flipped tiles are not currently supported
09:51:54.675 [JavaFX Application Thread] WARN  TilesetLoader        - Diagonally flipped tiles are not currently supported
09:51:54.675 [JavaFX Application Thread] WARN  TilesetLoader        - Diagonally flipped tiles are not currently supported
09:51:54.676 [JavaFX Application Thread] WARN  TilesetLoader        - Diagonally flipped tiles are not currently supported
09:51:54.676 [JavaFX Application Thread] WARN  TilesetLoader        - Diagonally flipped tiles are not currently supported
09:51:54.676 [JavaFX Application Thread] DEBUG TilesetLoader        - Loading view for layer background
09:51:54.681 [JavaFX Application Thread] DEBUG TilesetLoader        - Created buffer with size 3200.0x960.0
09:51:54.684 [JavaFX Application Thread] DEBUG TilesetLoader        - Loading view for layer Calque de Tuiles 3
09:51:54.685 [JavaFX Application Thread] DEBUG TilesetLoader        - Created buffer with size 3200.0x960.0
09:51:54.686 [JavaFX Application Thread] DEBUG TilesetLoader        - Loading view for layer Calque de Tuiles 1
09:51:54.689 [JavaFX Application Thread] DEBUG TilesetLoader        - Created buffer with size 3200.0x960.0
09:51:54.689 [JavaFX Application Thread] DEBUG TMXLevelLoader       - Creating object layer entities
09:51:54.691 [JavaFX Application Thread] DEBUG GameWorld            - Clearing removable entities
09:51:54.693 [JavaFX Application Thread] DEBUG GameWorld            - Setting level: com.almasb.fxgl.entity.level.Level@28a1877c
09:51:54.732 [JavaFX Application Thread] WARN  GameWorld            - Entity is already attached to world
09:51:57.771 [JavaFX Application Thread] WARN  GameWorld            - Entity is already attached to world
09:51:59.157 [JavaFX Application Thread] WARN  GameWorld            - Entity is already attached to world
09:52:00.586 [JavaFX Application Thread] WARN  GameWorld            - Entity is already attached to world
09:52:02.093 [JavaFX Application Thread] WARN  GameWorld            - Entity is already attached to world
09:52:03.214 [JavaFX Application Thread] WARN  GameWorld            - Entity is already attached to world
09:52:04.626 [JavaFX Application Thread] WARN  GameWorld            - Entity is already attached to world
09:52:06.242 [JavaFX Application Thread] WARN  GameWorld            - Entity is already attached to world
09:52:09.671 [JavaFX Application Thread] WARN  GameWorld            - Entity is already attached to world
09:52:11.076 [JavaFX Application Thread] WARN  GameWorld            - Entity is already attached to world
09:52:12.100 [JavaFX Application Thread] WARN  GameWorld            - Entity is already attached to world
09:52:13.267 [JavaFX Application Thread] WARN  GameWorld            - Entity is already attached to world
09:52:15.064 [JavaFX Application Thread] DEBUG FXGLApplication      - Exiting FXGL
09:52:15.064 [JavaFX Application Thread] DEBUG LoopRunner           - Stopping loop
09:52:15.064 [JavaFX Application Thread] DEBUG SystemBundleService  - Saving FXGL system data
09:52:15.066 [JavaFX Application Thread] DEBUG FileSystemAccess     - Writing to: C:\Users\User\zeldaPuzzle\system\fxgl.bundle
09:52:15.068 [JavaFX Application Thread] DEBUG Async                - Shutting down background threads
09:52:15.068 [JavaFX Application Thread] DEBUG PrimaryStageWindow   - Closing main window
09:52:15.076 [JavaFX Application Thread] DEBUG Logger               - Closing Logger
