11:03:09.817 [main                     ] DEBUG Logger               - Configured Logger
11:03:09.836 [main                     ] DEBUG GameApplication      - Logging settings
Title: Untitled
Version: 0.0
Width: 800
Height: 600
Fullscreen: false
Intro: false
Profiling: false
Single step:false
App Mode: DEVELOPER
Menu Key: ESCAPE
Stage Style: DECORATED
Scene Factory: class com.almasb.fxgl.app.scene.SceneFactory

11:03:10.011 [JavaFX Application Thread] DEBUG FXGLApplication      - Initializing FXGL
11:03:10.014 [JavaFX Application Thread] INFO  Engine               - FXGL-17 (31.12.2021 18.16) on WINDOWS (J:21.0.2 FX:19)
11:03:10.015 [JavaFX Application Thread] DEBUG Engine               - JRE Vendor Name: Oracle Corporation
11:03:10.015 [JavaFX Application Thread] DEBUG Engine               - Running on OS: Windows 11 version 10.0
11:03:10.015 [JavaFX Application Thread] DEBUG Engine               - Architecture: amd64
11:03:10.015 [JavaFX Application Thread] INFO  Engine               - Source code and latest versions at: https://github.com/AlmasB/FXGL
11:03:10.015 [JavaFX Application Thread] INFO  Engine               -       Ask questions and discuss at: https://github.com/AlmasB/FXGL/discussions
11:03:10.015 [JavaFX Application Thread] INFO  Engine               -              Join the FXGL chat at: https://gitter.im/AlmasB/FXGL
11:03:10.062 [JavaFX Application Thread] DEBUG PrimaryStageWindow   - Creating a JavaFX scene
11:03:10.089 [JavaFX Application Thread] DEBUG PrimaryStageWindow   - Target settings size: 800.0 x 600.0
11:03:10.089 [JavaFX Application Thread] DEBUG PrimaryStageWindow   - Scaled scene size:    800.0 x 600.0
11:03:10.089 [JavaFX Application Thread] DEBUG PrimaryStageWindow   - Scaled ratio: (1.0, 1.0)
11:03:10.089 [JavaFX Application Thread] DEBUG PrimaryStageWindow   - Set initial scene to FXGLStartupScene
11:03:10.092 [JavaFX Application Thread] DEBUG PrimaryStageWindow   - Opening main window
11:03:10.139 [JavaFX Application Thread] DEBUG PrimaryStageWindow   - Window border size: (16.0, 39.0)
11:03:10.139 [JavaFX Application Thread] DEBUG PrimaryStageWindow   - Scaled size: 800.0 x 600.0
11:03:10.140 [JavaFX Application Thread] DEBUG PrimaryStageWindow   - Scaled ratio: (1.0, 1.0)
11:03:10.140 [JavaFX Application Thread] DEBUG PrimaryStageWindow   - Scene size: 800.0 x 600.0
11:03:10.140 [JavaFX Application Thread] DEBUG PrimaryStageWindow   - Stage size: 816.0 x 639.0
11:03:10.145 [FXGL Background Thread 1 ] DEBUG Engine               - Initializing environment variables
11:03:10.175 [FXGL Background Thread 1 ] DEBUG FXGLAssetLoaderServi - User app class for loading assets: class com.example.zeldapuzzle.animation.spriteAnimations
11:03:10.175 [FXGL Background Thread 1 ] DEBUG GameApplicationServi - Applying CSS: fxgl_dark.css
11:03:10.177 [FXGL Background Thread 1 ] DEBUG FXGLAssetLoaderServi - Loading from file system: jar:file:///C:/Users/User/.m2/repository/com/github/almasb/fxgl/17/fxgl-17.jar!/fxglassets/ui/css/fxgl_dark.css
11:03:10.207 [FXGL Background Thread 1 ] DEBUG GameApplicationServi - Initializing application scenes
11:03:10.236 [FXGL Background Thread 1 ] DEBUG GameWorld            - Game world initialized
11:03:10.275 [FXGL Background Thread 1 ] DEBUG PhysicsWorld         - Physics world initialized: appHeight=600, physics.ppm=50.0
11:03:10.275 [FXGL Background Thread 1 ] DEBUG PhysicsWorld         - Using strategy: BRUTE_FORCE
11:03:10.278 [FXGL Background Thread 1 ] DEBUG GameScene            - Game scene initialized: 800x600
11:03:10.284 [FXGL Background Thread 1 ] DEBUG FXGL.DefaultMenu     - createMenuBodyGameMenu()
11:03:10.292 [FXGL Background Thread 1 ] DEBUG FXGL.DefaultMenu     - createOptionsMenu()
11:03:10.297 [FXGL Background Thread 1 ] DEBUG FXGLAssetLoaderServi - Loading from file system: jar:file:///C:/Users/User/.m2/repository/com/github/almasb/fxgl/17/fxgl-17.jar!/fxglassets/textures/particles/smoke.png
11:03:10.351 [FXGL Background Thread 1 ] DEBUG FXGLAssetLoaderServi - Loading from file system: jar:file:///C:/Users/User/.m2/repository/com/github/almasb/fxgl/17/fxgl-17.jar!/fxglassets/textures/particles/trace_horizontal.png
11:03:10.369 [FXGL Background Thread 1 ] DEBUG GameApplicationServi - Application scenes initialized
11:03:10.377 [FXGL Background Thread 1 ] DEBUG SystemBundleService  - Loading FXGL system data
11:03:10.379 [FXGL Background Thread 1 ] DEBUG FileSystemAccess     - Reading from: C:\Users\User\zeldaPuzzle\system\fxgl.bundle
11:03:10.385 [FXGL Background Thread 1 ] DEBUG SystemBundleService  - Bundle FXGL: {}
11:03:10.385 [FXGL Background Thread 1 ] DEBUG UpdaterService       - Checking for updates
11:03:10.388 [FXGL Background Thread 4 ] DEBUG FXGLApplication      - Loading fonts
11:03:10.388 [FXGL Background Thread 1 ] DEBUG FXGLApplication      - Loading default localization
11:03:10.388 [FXGL Background Thread 4 ] DEBUG FXGLAssetLoaderServi - Loading from file system: jar:file:///C:/Users/User/.m2/repository/com/github/almasb/fxgl/17/fxgl-17.jar!/fxglassets/ui/fonts/VarelaRound-Regular.ttf
11:03:10.388 [FXGL Background Thread 1 ] DEBUG FXGLAssetLoaderServi - Loading from file system: jar:file:///C:/Users/User/.m2/repository/com/github/almasb/fxgl/17/fxgl-17.jar!/fxglassets/languages/english.lang
11:03:10.404 [FXGL Background Thread 1 ] INFO  FXGLApplication      - FXGL initialization took: 0.259 sec
11:03:10.409 [JavaFX Application Thread] DEBUG Input                - Registered new binding: Right - D
11:03:10.409 [JavaFX Application Thread] DEBUG Input                - Registered new binding: Left - A
11:03:10.409 [JavaFX Application Thread] DEBUG FXGLAssetLoaderServi - Loading from file system: jar:file:///C:/Users/User/.m2/repository/com/github/almasb/fxgl/17/fxgl-17.jar!/fxglassets/textures/fxgl_icon.png
11:03:10.410 [FXGL Background Thread 4 ] DEBUG FXGLAssetLoaderServi - Loading from file system: jar:file:///C:/Users/User/.m2/repository/com/github/almasb/fxgl/17/fxgl-17.jar!/fxglassets/ui/fonts/Abel-Regular.ttf
11:03:10.417 [FXGL Background Thread 4 ] DEBUG FXGLAssetLoaderServi - Loading from file system: jar:file:///C:/Users/User/.m2/repository/com/github/almasb/fxgl/17/fxgl-17.jar!/fxglassets/ui/fonts/TerminalLandMono-Regular.otf
11:03:10.421 [JavaFX Application Thread] DEBUG FXGLAssetLoaderServi - Loading from file system: jar:file:///C:/Users/User/.m2/repository/com/github/almasb/fxgl/17/fxgl-17.jar!/fxglassets/textures/fxgl_default_cursor.png
11:03:10.423 [JavaFX Application Thread] DEBUG Input                - Registered new binding: Screenshot - CTRL+8
11:03:10.423 [JavaFX Application Thread] DEBUG Input                - Registered new binding: System info dump - CTRL+9
11:03:10.424 [JavaFX Application Thread] DEBUG Input                - Registered new binding: Restart - CTRL+R
11:03:10.424 [FXGL Background Thread 4 ] DEBUG FXGLAssetLoaderServi - Loading from file system: jar:file:///C:/Users/User/.m2/repository/com/github/almasb/fxgl/17/fxgl-17.jar!/fxglassets/ui/fonts/Courier-Prime.ttf
11:03:10.424 [JavaFX Application Thread] DEBUG Input                - Registered new binding: Toggle Debug Camera - CTRL+7
11:03:10.426 [JavaFX Application Thread] DEBUG LoopRunner           - Starting loop
11:03:10.426 [JavaFX Application Thread] DEBUG LoopRunner           - Initializing JavaFX AnimationTimerLoop
11:03:10.428 [JavaFX Application Thread] DEBUG GameApplicationServi - Starting new game
11:03:10.429 [JavaFX Application Thread] DEBUG Input                - Clearing active input actions
11:03:10.441 [JavaFX Application Thread] DEBUG GameApplicationServi - Removing overlay from FXGLStartupScene and adding to FXGLLoadingScene
11:03:10.441 [JavaFX Application Thread] DEBUG PrimaryStageWindow   - FXGLStartupScene -> FXGLLoadingScene
11:03:10.441 [JavaFX Application Thread] DEBUG GameApplicationServi - Clearing previous game
11:03:10.442 [JavaFX Application Thread] DEBUG GameScene            - Clearing game scene
11:03:10.442 [JavaFX Application Thread] DEBUG GameWorld            - Clearing game world
11:03:10.442 [JavaFX Application Thread] DEBUG PhysicsWorld         - Clearing physics world
11:03:10.447 [FXGL Background Thread 4 ] DEBUG FXGLApplication      - Initializing game
11:03:10.449 [JavaFX Application Thread] DEBUG FXGLApplication      - Registering font factories with UI factory
11:03:10.475 [FXGL Background Thread 4 ] INFO  FXGLApplication      - Game initialization took: 0.029 sec
11:03:10.490 [JavaFX Application Thread] DEBUG Input                - Clearing active input actions
11:03:10.498 [JavaFX Application Thread] DEBUG GameApplicationServi - Removing overlay from FXGLLoadingScene and adding to GameScene
11:03:10.499 [JavaFX Application Thread] DEBUG PrimaryStageWindow   - FXGLLoadingScene -> GameScene
11:03:10.504 [JavaFX Application Thread] DEBUG Input                - Registered new binding: action0 - W
11:03:10.551 [JavaFX Application Thread] DEBUG LoopRunner           - Stopping loop
11:03:10.553 [JavaFX Application Thread] FATAL FXGLApplication      - Uncaught Exception:
java.lang.IllegalArgumentException: Trigger is already bound: W
	at com.almasb.fxgl.core@17/com.almasb.fxgl.input.Input.addBinding(Input.kt:451)
	at com.almasb.fxgl.core@17/com.almasb.fxgl.input.Input.addAction(Input.kt:446)
	at com.almasb.fxgl.core@17/com.almasb.fxgl.input.Input.addAction$default(Input.kt:443)
	at com.almasb.fxgl.all@17/com.almasb.fxgl.dsl.FXGL$Companion.onKey(FXGL.kt:394)
	at com.almasb.fxgl.all@17/com.almasb.fxgl.dsl.FXGL$Companion.onKey(FXGL.kt:390)
	at com.almasb.fxgl.all@17/com.almasb.fxgl.dsl.FXGL.onKey(FXGL.kt)
	at com.example.zeldapuzzle/com.example.zeldapuzzle.animation.AnimationComponent.onUpdate(AnimationComponent.java:43)
	at com.almasb.fxgl.entity@17/com.almasb.fxgl.entity.Entity$ComponentMap.update(Entity.java:60)
	at com.almasb.fxgl.entity@17/com.almasb.fxgl.entity.Entity.update(Entity.java:248)
	at com.almasb.fxgl.entity@17/com.almasb.fxgl.entity.GameWorld.onUpdate(GameWorld.kt:177)
	at com.almasb.fxgl.all@17/com.almasb.fxgl.app.scene.GameScene.step(GameScene.kt:224)
	at com.almasb.fxgl.all@17/com.almasb.fxgl.app.scene.GameScene.onUpdate(GameScene.kt:220)
	at com.almasb.fxgl.scene@17/com.almasb.fxgl.scene.Scene.update(Scene.kt:105)
	at com.almasb.fxgl.all@17/com.almasb.fxgl.app.MainWindow$update$1.invoke(MainWindow.kt:115)
	at com.almasb.fxgl.all@17/com.almasb.fxgl.app.MainWindow$update$1.invoke(MainWindow.kt:115)
	at com.almasb.fxgl.core@17/com.almasb.fxgl.core.fsm.StateMachine.runOnActiveStates(StateMachine.kt:69)
	at com.almasb.fxgl.all@17/com.almasb.fxgl.app.MainWindow.update(MainWindow.kt:115)
	at com.almasb.fxgl.all@17/com.almasb.fxgl.app.FXGLApplication$GameApplicationService.onUpdate(FXGLApplication.kt:426)
	at com.almasb.fxgl.all@17/com.almasb.fxgl.app.Engine.loop(Engine.kt:134)
	at com.almasb.fxgl.all@17/com.almasb.fxgl.app.Engine.access$loop(Engine.kt:24)
	at com.almasb.fxgl.all@17/com.almasb.fxgl.app.Engine$loop$1.invoke(Engine.kt:28)
	at com.almasb.fxgl.all@17/com.almasb.fxgl.app.Engine$loop$1.invoke(Engine.kt:28)
	at com.almasb.fxgl.all@17/com.almasb.fxgl.app.LoopRunner.frame(LoopRunner.kt:103)
	at com.almasb.fxgl.all@17/com.almasb.fxgl.app.LoopRunner.access$frame(LoopRunner.kt:23)
	at com.almasb.fxgl.all@17/com.almasb.fxgl.app.LoopRunner$impl$2$1.onTick(LoopRunner.kt:57)
	at com.almasb.fxgl.all@17/com.almasb.fxgl.app.AnimationTimerLoop$timer$1.handle(LoopRunner.kt:137)
	at javafx.graphics@19/javafx.animation.AnimationTimer$AnimationTimerReceiver.lambda$handle$0(AnimationTimer.java:58)
	at java.base/java.security.AccessController.doPrivileged(AccessController.java:400)
	at javafx.graphics@19/javafx.animation.AnimationTimer$AnimationTimerReceiver.handle(AnimationTimer.java:57)
	at javafx.graphics@19/com.sun.scenario.animation.AbstractPrimaryTimer.timePulseImpl(AbstractPrimaryTimer.java:356)
	at javafx.graphics@19/com.sun.scenario.animation.AbstractPrimaryTimer$MainLoop.run(AbstractPrimaryTimer.java:266)
	at javafx.graphics@19/com.sun.javafx.tk.quantum.QuantumToolkit.pulse(QuantumToolkit.java:571)
	at javafx.graphics@19/com.sun.javafx.tk.quantum.QuantumToolkit.pulse(QuantumToolkit.java:555)
	at javafx.graphics@19/com.sun.javafx.tk.quantum.QuantumToolkit.pulseFromQueue(QuantumToolkit.java:548)
	at javafx.graphics@19/com.sun.javafx.tk.quantum.QuantumToolkit.lambda$runToolkit$11(QuantumToolkit.java:352)
	at javafx.graphics@19/com.sun.glass.ui.InvokeLaterDispatcher$Future.run(InvokeLaterDispatcher.java:96)
	at javafx.graphics@19/com.sun.glass.ui.win.WinApplication._runLoop(Native Method)
	at javafx.graphics@19/com.sun.glass.ui.win.WinApplication.lambda$runLoop$3(WinApplication.java:184)
	at java.base/java.lang.Thread.run(Thread.java:1583)

11:03:10.553 [JavaFX Application Thread] FATAL FXGLApplication      - Application will now exit
11:03:10.564 [JavaFX Application Thread] DEBUG PrimaryStageWindow   - Push state: ErrorSubScene
11:03:10.564 [JavaFX Application Thread] DEBUG Input                - Clearing active input actions
11:03:10.568 [JavaFX Application Thread] DEBUG GameApplicationServi - Removing overlay from GameScene and adding to ErrorSubScene
11:03:10.569 [JavaFX Application Thread] DEBUG PrimaryStageWindow   - GameScene -> ErrorSubScene
11:03:10.775 [FXGL Background Thread 2 ] INFO  UpdaterService       - Your current version:  17
11:03:10.775 [FXGL Background Thread 2 ] INFO  UpdaterService       - Latest stable version: 21
11:03:13.387 [FXGL Background Thread 3 ] DEBUG Engine               - Logging environment variables
11:03:13.387 [FXGL Background Thread 3 ] DEBUG Engine               - achievements: []
11:03:13.387 [FXGL Background Thread 3 ] DEBUG Engine               - actualHeight: 600.0
11:03:13.387 [FXGL Background Thread 3 ] DEBUG Engine               - actualHeightProperty: ReadOnlyDoubleProperty [value: 600.0]
11:03:13.387 [FXGL Background Thread 3 ] DEBUG Engine               - actualWidth: 800.0
11:03:13.387 [FXGL Background Thread 3 ] DEBUG Engine               - actualWidthProperty: ReadOnlyDoubleProperty [value: 800.0]
11:03:13.387 [FXGL Background Thread 3 ] DEBUG Engine               - appIcon: fxgl_icon.png
11:03:13.387 [FXGL Background Thread 3 ] DEBUG Engine               - applicationMode: DEVELOPER
11:03:13.387 [FXGL Background Thread 3 ] DEBUG Engine               - cSSList: [fxgl_dark.css]
11:03:13.387 [FXGL Background Thread 3 ] DEBUG Engine               - collisionDetectionStrategy: BRUTE_FORCE
11:03:13.387 [FXGL Background Thread 3 ] DEBUG Engine               - configClass: Optional.empty
11:03:13.387 [FXGL Background Thread 3 ] DEBUG Engine               - credits: []
11:03:13.387 [FXGL Background Thread 3 ] DEBUG Engine               - defaultCursor: CursorInfo(imageName=fxgl_default_cursor.png, hotspotX=7.0, hotspotY=6.0)
11:03:13.387 [FXGL Background Thread 3 ] DEBUG Engine               - devBBoxColorProperty: ObjectProperty [value: 0xff0000ff]
11:03:13.387 [FXGL Background Thread 3 ] DEBUG Engine               - devEnableDebugCameraProperty: BooleanProperty [value: false]
11:03:13.387 [FXGL Background Thread 3 ] DEBUG Engine               - devSensorColorProperty: ObjectProperty [value: 0xffff00ff]
11:03:13.388 [FXGL Background Thread 3 ] DEBUG Engine               - devShowBBoxProperty: BooleanProperty [value: false]
11:03:13.388 [FXGL Background Thread 3 ] DEBUG Engine               - devShowPositionProperty: BooleanProperty [value: false]
11:03:13.388 [FXGL Background Thread 3 ] DEBUG Engine               - enabledMenuItems: []
11:03:13.388 [FXGL Background Thread 3 ] DEBUG Engine               - engineServices: [class com.almasb.fxgl.app.services.FXGLAssetLoaderService, class com.almasb.fxgl.app.FXGLApplication$GameApplicationService, class com.almasb.fxgl.app.services.FXGLDialogService, class com.almasb.fxgl.app.services.IOTaskExecutorService, class com.almasb.fxgl.io.FileSystemService, class com.almasb.fxgl.localization.LocalizationService, class com.almasb.fxgl.app.services.SystemBundleService, class com.almasb.fxgl.profile.SaveLoadService, class com.almasb.fxgl.ui.FXGLUIFactoryServiceProvider, class com.almasb.fxgl.ui.FXGLDialogFactoryServiceProvider, class com.almasb.fxgl.audio.AudioPlayer, class com.almasb.fxgl.notification.impl.NotificationServiceProvider, class com.almasb.fxgl.achievement.AchievementService, class com.almasb.fxgl.cutscene.CutsceneService, class com.almasb.fxgl.minigames.MiniGameService, class com.almasb.fxgl.net.NetService, class com.almasb.fxgl.app.services.UpdaterService, class com.almasb.fxgl.dev.DevService]
11:03:13.388 [FXGL Background Thread 3 ] DEBUG Engine               - fontGame: Abel-Regular.ttf
11:03:13.388 [FXGL Background Thread 3 ] DEBUG Engine               - fontMono: TerminalLandMono-Regular.otf
11:03:13.388 [FXGL Background Thread 3 ] DEBUG Engine               - fontText: Courier-Prime.ttf
11:03:13.388 [FXGL Background Thread 3 ] DEBUG Engine               - fontUI: VarelaRound-Regular.ttf
11:03:13.388 [FXGL Background Thread 3 ] DEBUG Engine               - fullScreen: BooleanProperty [value: false]
11:03:13.388 [FXGL Background Thread 3 ] DEBUG Engine               - gameDifficulty: MEDIUM
11:03:13.388 [FXGL Background Thread 3 ] DEBUG Engine               - gameDifficultyProperty: ObjectProperty [value: MEDIUM]
11:03:13.388 [FXGL Background Thread 3 ] DEBUG Engine               - globalMusicVolume: 0.5
11:03:13.388 [FXGL Background Thread 3 ] DEBUG Engine               - globalMusicVolumeProperty: DoubleProperty [value: 0.5]
11:03:13.388 [FXGL Background Thread 3 ] DEBUG Engine               - globalSoundVolume: 0.5
11:03:13.388 [FXGL Background Thread 3 ] DEBUG Engine               - globalSoundVolumeProperty: DoubleProperty [value: 0.5]
11:03:13.388 [FXGL Background Thread 3 ] DEBUG Engine               - height: 600
11:03:13.388 [FXGL Background Thread 3 ] DEBUG Engine               - is3D: false
11:03:13.388 [FXGL Background Thread 3 ] DEBUG Engine               - isAndroid: false
11:03:13.388 [FXGL Background Thread 3 ] DEBUG Engine               - isBrowser: false
11:03:13.388 [FXGL Background Thread 3 ] DEBUG Engine               - isClickFeedbackEnabled: false
11:03:13.388 [FXGL Background Thread 3 ] DEBUG Engine               - isCloseConfirmation: false
11:03:13.388 [FXGL Background Thread 3 ] DEBUG Engine               - isDesktop: true
11:03:13.388 [FXGL Background Thread 3 ] DEBUG Engine               - isDeveloperMenuEnabled: false
11:03:13.388 [FXGL Background Thread 3 ] DEBUG Engine               - isEmbedded: false
11:03:13.389 [FXGL Background Thread 3 ] DEBUG Engine               - isEntityPreloadEnabled: true
11:03:13.389 [FXGL Background Thread 3 ] DEBUG Engine               - isExperimentalTiledLargeMap: false
11:03:13.389 [FXGL Background Thread 3 ] DEBUG Engine               - isFileSystemWriteAllowed: true
11:03:13.389 [FXGL Background Thread 3 ] DEBUG Engine               - isFullScreenAllowed: false
11:03:13.389 [FXGL Background Thread 3 ] DEBUG Engine               - isFullScreenFromStart: false
11:03:13.389 [FXGL Background Thread 3 ] DEBUG Engine               - isGameMenuEnabled: true
11:03:13.389 [FXGL Background Thread 3 ] DEBUG Engine               - isIOS: false
11:03:13.389 [FXGL Background Thread 3 ] DEBUG Engine               - isIntroEnabled: false
11:03:13.389 [FXGL Background Thread 3 ] DEBUG Engine               - isLinux: false
11:03:13.389 [FXGL Background Thread 3 ] DEBUG Engine               - isMac: false
11:03:13.389 [FXGL Background Thread 3 ] DEBUG Engine               - isMainMenuEnabled: false
11:03:13.390 [FXGL Background Thread 3 ] DEBUG Engine               - isManualResizeEnabled: false
11:03:13.390 [FXGL Background Thread 3 ] DEBUG Engine               - isMobile: false
11:03:13.390 [FXGL Background Thread 3 ] DEBUG Engine               - isNative: false
11:03:13.390 [FXGL Background Thread 3 ] DEBUG Engine               - isPauseMusicWhenMinimized: true
11:03:13.390 [FXGL Background Thread 3 ] DEBUG Engine               - isPreserveResizeRatio: false
11:03:13.390 [FXGL Background Thread 3 ] DEBUG Engine               - isProfilingEnabled: false
11:03:13.390 [FXGL Background Thread 3 ] DEBUG Engine               - isScaleAffectedOnResize: true
11:03:13.390 [FXGL Background Thread 3 ] DEBUG Engine               - isSingleStep: false
11:03:13.390 [FXGL Background Thread 3 ] DEBUG Engine               - isUserProfileEnabled: false
11:03:13.390 [FXGL Background Thread 3 ] DEBUG Engine               - isWindows: true
11:03:13.390 [FXGL Background Thread 3 ] DEBUG Engine               - language: ObjectProperty [value: ENGLISH]
11:03:13.390 [FXGL Background Thread 3 ] DEBUG Engine               - menuKey: ESCAPE
11:03:13.390 [FXGL Background Thread 3 ] DEBUG Engine               - mouseSensitivity: 0.2
11:03:13.390 [FXGL Background Thread 3 ] DEBUG Engine               - notificationViewClass: class com.almasb.fxgl.notification.view.XboxNotificationView
11:03:13.390 [FXGL Background Thread 3 ] DEBUG Engine               - pixelsPerMeter: 50.0
11:03:13.390 [FXGL Background Thread 3 ] DEBUG Engine               - platform: WINDOWS
11:03:13.390 [FXGL Background Thread 3 ] DEBUG Engine               - prefHeightProperty: ReadOnlyDoubleProperty [value: 600.0]
11:03:13.390 [FXGL Background Thread 3 ] DEBUG Engine               - prefWidthProperty: ReadOnlyDoubleProperty [value: 800.0]
11:03:13.390 [FXGL Background Thread 3 ] DEBUG Engine               - profileDir: profiles/
11:03:13.390 [FXGL Background Thread 3 ] DEBUG Engine               - profileName: StringProperty [value: DEFAULT]
11:03:13.390 [FXGL Background Thread 3 ] DEBUG Engine               - randomSeed: -1
11:03:13.391 [FXGL Background Thread 3 ] DEBUG Engine               - runtimeInfo: RuntimeInfo(platform=WINDOWS, version=17, build=31.12.2021 18.16)
11:03:13.391 [FXGL Background Thread 3 ] DEBUG Engine               - saveFileExt: sav
11:03:13.391 [FXGL Background Thread 3 ] DEBUG Engine               - scaledHeightProp$fxgl: DoubleProperty [bound, value: 600.0]
11:03:13.391 [FXGL Background Thread 3 ] DEBUG Engine               - scaledWidthProp$fxgl: DoubleProperty [bound, value: 800.0]
11:03:13.391 [FXGL Background Thread 3 ] DEBUG Engine               - sceneFactory: com.almasb.fxgl.app.scene.SceneFactory@1bc35c23
11:03:13.391 [FXGL Background Thread 3 ] DEBUG Engine               - secondsIn24h: 60
11:03:13.391 [FXGL Background Thread 3 ] DEBUG Engine               - soundMenuBack: menu/back.wav
11:03:13.391 [FXGL Background Thread 3 ] DEBUG Engine               - soundMenuPress: menu/press.wav
11:03:13.391 [FXGL Background Thread 3 ] DEBUG Engine               - soundMenuSelect: menu/select.wav
11:03:13.391 [FXGL Background Thread 3 ] DEBUG Engine               - soundNotification: core/notification.wav
11:03:13.391 [FXGL Background Thread 3 ] DEBUG Engine               - stageStyle: DECORATED
11:03:13.391 [FXGL Background Thread 3 ] DEBUG Engine               - supportedLanguages: [ENGLISH, FRENCH, GERMAN, HUNGARIAN, RUSSIAN]
11:03:13.391 [FXGL Background Thread 3 ] DEBUG Engine               - ticksPerSecond: -1
11:03:13.391 [FXGL Background Thread 3 ] DEBUG Engine               - title: Untitled
11:03:13.391 [FXGL Background Thread 3 ] DEBUG Engine               - urlGithub: https://github.com/AlmasB/FXGL
11:03:13.391 [FXGL Background Thread 3 ] DEBUG Engine               - urlLeaderboard: http://fxgl-top.herokuapp.com/
11:03:13.391 [FXGL Background Thread 3 ] DEBUG Engine               - urlPOM: https://raw.githubusercontent.com/AlmasB/FXGL/release/README.md
11:03:13.391 [FXGL Background Thread 3 ] DEBUG Engine               - userAppClass: class com.example.zeldapuzzle.animation.spriteAnimations
11:03:13.391 [FXGL Background Thread 3 ] DEBUG Engine               - version: 0.0
11:03:13.391 [FXGL Background Thread 3 ] DEBUG Engine               - versionCheckDays: 7
11:03:13.391 [FXGL Background Thread 3 ] DEBUG Engine               - width: 800
11:03:13.391 [FXGL Background Thread 3 ] DEBUG Engine               - Logging services
11:03:13.391 [FXGL Background Thread 3 ] DEBUG Engine               - class com.almasb.fxgl.app.services.FXGLAssetLoaderService
11:03:13.391 [FXGL Background Thread 3 ] DEBUG Engine               - class com.almasb.fxgl.app.FXGLApplication$GameApplicationService
11:03:13.391 [FXGL Background Thread 3 ] DEBUG Engine               - class com.almasb.fxgl.app.services.FXGLDialogService
11:03:13.391 [FXGL Background Thread 3 ] DEBUG Engine               - class com.almasb.fxgl.app.services.IOTaskExecutorService
11:03:13.391 [FXGL Background Thread 3 ] DEBUG Engine               - class com.almasb.fxgl.io.FileSystemService
11:03:13.391 [FXGL Background Thread 3 ] DEBUG Engine               - class com.almasb.fxgl.localization.LocalizationService
11:03:13.391 [FXGL Background Thread 3 ] DEBUG Engine               - class com.almasb.fxgl.app.services.SystemBundleService
11:03:13.391 [FXGL Background Thread 3 ] DEBUG Engine               - class com.almasb.fxgl.profile.SaveLoadService
11:03:13.391 [FXGL Background Thread 3 ] DEBUG Engine               - class com.almasb.fxgl.ui.FXGLUIFactoryServiceProvider
11:03:13.391 [FXGL Background Thread 3 ] DEBUG Engine               - class com.almasb.fxgl.ui.FXGLDialogFactoryServiceProvider
11:03:13.391 [FXGL Background Thread 3 ] DEBUG Engine               - class com.almasb.fxgl.audio.AudioPlayer
11:03:13.391 [FXGL Background Thread 3 ] DEBUG Engine               - class com.almasb.fxgl.notification.impl.NotificationServiceProvider
11:03:13.391 [FXGL Background Thread 3 ] DEBUG Engine               - class com.almasb.fxgl.achievement.AchievementService
11:03:13.391 [FXGL Background Thread 3 ] DEBUG Engine               - class com.almasb.fxgl.cutscene.CutsceneService
11:03:13.391 [FXGL Background Thread 3 ] DEBUG Engine               - class com.almasb.fxgl.minigames.MiniGameService
11:03:13.391 [FXGL Background Thread 3 ] DEBUG Engine               - class com.almasb.fxgl.net.NetService
11:03:13.391 [FXGL Background Thread 3 ] DEBUG Engine               - class com.almasb.fxgl.app.services.UpdaterService
11:03:13.391 [FXGL Background Thread 3 ] DEBUG Engine               - class com.almasb.fxgl.dev.DevService
11:03:44.055 [JavaFX Application Thread] DEBUG FXGLApplication      - Exiting FXGL
11:03:44.055 [JavaFX Application Thread] DEBUG Async                - Shutting down background threads
11:03:44.055 [JavaFX Application Thread] DEBUG PrimaryStageWindow   - Closing main window
11:03:44.064 [JavaFX Application Thread] DEBUG Logger               - Closing Logger
