12:06:57.178 [main                     ] DEBUG Logger               - Configured Logger
12:06:57.190 [main                     ] DEBUG GameApplication      - Logging settings
Title: Zelda 2D Game par ماستن
Version: 1
Width: 800
Height: 800
Fullscreen: true
Intro: false
Profiling: false
Single step:false
App Mode: DEVELOPER
Menu Key: ESCAPE
Stage Style: DECORATED
Scene Factory: class com.almasb.fxgl.app.scene.SceneFactory

12:06:57.241 [JavaFX Application Thread] DEBUG FXGLApplication      - Initializing FXGL
12:06:57.245 [JavaFX Application Thread] INFO  Engine               - FXGL-17 (31.12.2021 18.16) on WINDOWS (J:21.0.2 FX:19)
12:06:57.245 [JavaFX Application Thread] DEBUG Engine               - JRE Vendor Name: Oracle Corporation
12:06:57.245 [JavaFX Application Thread] DEBUG Engine               - Running on OS: Windows 11 version 10.0
12:06:57.245 [JavaFX Application Thread] DEBUG Engine               - Architecture: amd64
12:06:57.245 [JavaFX Application Thread] INFO  Engine               - Source code and latest versions at: https://github.com/AlmasB/FXGL
12:06:57.245 [JavaFX Application Thread] INFO  Engine               -       Ask questions and discuss at: https://github.com/AlmasB/FXGL/discussions
12:06:57.246 [JavaFX Application Thread] INFO  Engine               -              Join the FXGL chat at: https://gitter.im/AlmasB/FXGL
12:06:57.288 [JavaFX Application Thread] DEBUG PrimaryStageWindow   - Creating a JavaFX scene
12:06:57.317 [JavaFX Application Thread] DEBUG PrimaryStageWindow   - Target settings size: 800.0 x 800.0
12:06:57.318 [JavaFX Application Thread] DEBUG PrimaryStageWindow   - Scaled scene size:    800.0 x 800.0
12:06:57.318 [JavaFX Application Thread] DEBUG PrimaryStageWindow   - Scaled ratio: (1.0, 1.0)
12:06:57.318 [JavaFX Application Thread] DEBUG PrimaryStageWindow   - Set initial scene to FXGLStartupScene
12:06:57.321 [JavaFX Application Thread] DEBUG PrimaryStageWindow   - Opening main window
12:06:57.371 [JavaFX Application Thread] DEBUG PrimaryStageWindow   - Window border size: (16.0, 39.0)
12:06:57.371 [JavaFX Application Thread] DEBUG PrimaryStageWindow   - Scaled size: 800.0 x 800.0
12:06:57.371 [JavaFX Application Thread] DEBUG PrimaryStageWindow   - Scaled ratio: (1.0, 1.0)
12:06:57.371 [JavaFX Application Thread] DEBUG PrimaryStageWindow   - Scene size: 800.0 x 800.0
12:06:57.371 [JavaFX Application Thread] DEBUG PrimaryStageWindow   - Stage size: 816.0 x 839.0
12:06:57.376 [FXGL Background Thread 1 ] DEBUG Engine               - Initializing environment variables
12:06:57.409 [FXGL Background Thread 1 ] DEBUG FXGLAssetLoaderServi - User app class for loading assets: class com.example.zeldapuzzle.MainGameApp
12:06:57.409 [FXGL Background Thread 1 ] DEBUG GameApplicationServi - Applying CSS: fxgl_dark.css
12:06:57.410 [FXGL Background Thread 1 ] DEBUG FXGLAssetLoaderServi - Loading from file system: jar:file:///C:/Users/User/.m2/repository/com/github/almasb/fxgl/17/fxgl-17.jar!/fxglassets/ui/css/fxgl_dark.css
12:06:57.436 [FXGL Background Thread 1 ] DEBUG GameApplicationServi - Initializing application scenes
12:06:57.461 [FXGL Background Thread 1 ] DEBUG GameWorld            - Game world initialized
12:06:57.496 [FXGL Background Thread 1 ] DEBUG PhysicsWorld         - Physics world initialized: appHeight=800, physics.ppm=50.0
12:06:57.496 [FXGL Background Thread 1 ] DEBUG PhysicsWorld         - Using strategy: BRUTE_FORCE
12:06:57.498 [FXGL Background Thread 1 ] DEBUG GameScene            - Game scene initialized: 800x800
12:06:57.505 [FXGL Background Thread 1 ] DEBUG FXGL.DefaultMenu     - createMenuBodyMainMenu()
12:06:57.513 [FXGL Background Thread 1 ] DEBUG FXGL.DefaultMenu     - createOptionsMenu()
12:06:57.517 [FXGL Background Thread 1 ] DEBUG FXGLAssetLoaderServi - Loading from file system: jar:file:///C:/Users/User/.m2/repository/com/github/almasb/fxgl/17/fxgl-17.jar!/fxglassets/textures/particles/smoke.png
12:06:57.566 [FXGL Background Thread 1 ] DEBUG FXGLAssetLoaderServi - Loading from file system: jar:file:///C:/Users/User/.m2/repository/com/github/almasb/fxgl/17/fxgl-17.jar!/fxglassets/textures/particles/trace_horizontal.png
12:06:57.575 [FXGL Background Thread 1 ] DEBUG FXGL.DefaultMenu     - createMenuBodyGameMenu()
12:06:57.576 [FXGL Background Thread 1 ] DEBUG FXGL.DefaultMenu     - createOptionsMenu()
12:06:57.583 [FXGL Background Thread 1 ] DEBUG GameApplicationServi - Application scenes initialized
12:06:57.590 [FXGL Background Thread 1 ] DEBUG SystemBundleService  - Loading FXGL system data
12:06:57.598 [FXGL Background Thread 1 ] DEBUG FileSystemAccess     - Reading from: C:\Users\User\zeldaPuzzle\system\fxgl.bundle
12:06:57.605 [FXGL Background Thread 1 ] DEBUG SystemBundleService  - Bundle FXGL: {}
12:06:57.605 [FXGL Background Thread 1 ] DEBUG UpdaterService       - Checking for updates
12:06:57.625 [FXGL Background Thread 1 ] DEBUG FXGLApplication      - Loading default localization
12:06:57.625 [FXGL Background Thread 4 ] DEBUG FXGLApplication      - Loading fonts
12:06:57.625 [FXGL Background Thread 1 ] DEBUG FXGLAssetLoaderServi - Loading from file system: jar:file:///C:/Users/User/.m2/repository/com/github/almasb/fxgl/17/fxgl-17.jar!/fxglassets/languages/english.lang
12:06:57.625 [FXGL Background Thread 4 ] DEBUG FXGLAssetLoaderServi - Loading from file system: jar:file:///C:/Users/User/.m2/repository/com/github/almasb/fxgl/17/fxgl-17.jar!/fxglassets/ui/fonts/VarelaRound-Regular.ttf
12:06:57.644 [FXGL Background Thread 1 ] INFO  FXGLApplication      - FXGL initialization took: 0.267 sec
12:06:57.650 [JavaFX Application Thread] DEBUG Input                - Registered new binding: inventaire - Tab
12:06:57.650 [JavaFX Application Thread] DEBUG Input                - Registered new binding: getPosition - P
12:06:57.650 [JavaFX Application Thread] DEBUG Input                - Registered new binding: zoom+ - Up
12:06:57.651 [JavaFX Application Thread] DEBUG Input                - Registered new binding: zoom- - Down
12:06:57.651 [JavaFX Application Thread] DEBUG Input                - Registered new binding: resetZoom - 0
12:06:57.651 [JavaFX Application Thread] DEBUG Input                - Registered new binding: Move right - D
12:06:57.651 [JavaFX Application Thread] DEBUG Input                - Registered new binding: Move left - A
12:06:57.651 [JavaFX Application Thread] DEBUG Input                - Registered new binding: Move Up - W
12:06:57.652 [JavaFX Application Thread] DEBUG Input                - Registered new binding: Move Down - S
12:06:57.652 [JavaFX Application Thread] DEBUG FXGLAssetLoaderServi - Loading from file system: jar:file:///C:/Users/User/.m2/repository/com/github/almasb/fxgl/17/fxgl-17.jar!/fxglassets/textures/fxgl_icon.png
12:06:57.654 [FXGL Background Thread 4 ] DEBUG FXGLAssetLoaderServi - Loading from file system: jar:file:///C:/Users/User/.m2/repository/com/github/almasb/fxgl/17/fxgl-17.jar!/fxglassets/ui/fonts/Abel-Regular.ttf
12:06:57.661 [JavaFX Application Thread] DEBUG FXGLAssetLoaderServi - Loading from file system: jar:file:///C:/Users/User/.m2/repository/com/github/almasb/fxgl/17/fxgl-17.jar!/fxglassets/textures/fxgl_default_cursor.png
12:06:57.664 [JavaFX Application Thread] DEBUG Input                - Registered new binding: Screenshot - CTRL+8
12:06:57.665 [JavaFX Application Thread] DEBUG Input                - Registered new binding: Dev Options - 1
12:06:57.665 [JavaFX Application Thread] DEBUG Input                - Registered new binding: Dev Console - 2
12:06:57.666 [JavaFX Application Thread] DEBUG Input                - Registered new binding: System info dump - CTRL+9
12:06:57.666 [FXGL Background Thread 4 ] DEBUG FXGLAssetLoaderServi - Loading from file system: jar:file:///C:/Users/User/.m2/repository/com/github/almasb/fxgl/17/fxgl-17.jar!/fxglassets/ui/fonts/TerminalLandMono-Regular.otf
12:06:57.666 [JavaFX Application Thread] DEBUG Input                - Registered new binding: Restart - CTRL+R
12:06:57.667 [JavaFX Application Thread] DEBUG Input                - Registered new binding: Toggle Debug Camera - CTRL+7
12:06:57.669 [JavaFX Application Thread] DEBUG LoopRunner           - Starting loop
12:06:57.677 [FXGL Background Thread 4 ] DEBUG FXGLAssetLoaderServi - Loading from file system: jar:file:///C:/Users/User/.m2/repository/com/github/almasb/fxgl/17/fxgl-17.jar!/fxglassets/ui/fonts/Courier-Prime.ttf
12:06:57.682 [JavaFX Application Thread] DEBUG LoopRunner           - Initializing JavaFX AnimationTimerLoop
12:06:57.683 [JavaFX Application Thread] DEBUG Input                - Clearing active input actions
12:06:57.693 [JavaFX Application Thread] DEBUG GameApplicationServi - Removing overlay from FXGLStartupScene and adding to FXGLMainMenuDummyScene
12:06:57.698 [JavaFX Application Thread] DEBUG PrimaryStageWindow   - FXGLStartupScene -> FXGLMainMenuDummyScene
12:06:57.699 [JavaFX Application Thread] DEBUG PrimaryStageWindow   - Push state: FXGLDefaultMenu
12:06:57.701 [JavaFX Application Thread] DEBUG Input                - Clearing active input actions
12:06:57.710 [JavaFX Application Thread] DEBUG GameApplicationServi - Removing overlay from FXGLMainMenuDummyScene and adding to FXGLDefaultMenu
12:06:57.710 [JavaFX Application Thread] DEBUG PrimaryStageWindow   - FXGLMainMenuDummyScene -> FXGLDefaultMenu
12:06:57.839 [JavaFX Application Thread] DEBUG FXGLApplication      - Registering font factories with UI factory
12:06:57.966 [FXGL Background Thread 2 ] INFO  UpdaterService       - Your current version:  17
12:06:57.967 [FXGL Background Thread 2 ] INFO  UpdaterService       - Latest stable version: 21.1
12:06:58.541 [JavaFX Application Thread] DEBUG Menu                 - fireNewGame()
12:06:58.541 [JavaFX Application Thread] DEBUG GameApplicationServi - Starting new game
12:06:58.543 [JavaFX Application Thread] DEBUG PrimaryStageWindow   - Pop state: FXGLDefaultMenu
12:06:58.543 [JavaFX Application Thread] DEBUG Input                - Clearing active input actions
12:06:58.543 [JavaFX Application Thread] DEBUG GameApplicationServi - Removing overlay from FXGLDefaultMenu and adding to FXGLMainMenuDummyScene
12:06:58.546 [JavaFX Application Thread] DEBUG PrimaryStageWindow   - FXGLMainMenuDummyScene <- FXGLDefaultMenu
12:06:58.546 [JavaFX Application Thread] DEBUG Input                - Clearing active input actions
12:06:58.553 [JavaFX Application Thread] DEBUG GameApplicationServi - Removing overlay from FXGLMainMenuDummyScene and adding to FXGLLoadingScene
12:06:58.554 [JavaFX Application Thread] DEBUG PrimaryStageWindow   - FXGLMainMenuDummyScene -> FXGLLoadingScene
12:06:58.554 [JavaFX Application Thread] DEBUG GameApplicationServi - Clearing previous game
12:06:58.554 [JavaFX Application Thread] DEBUG GameScene            - Clearing game scene
12:06:58.554 [JavaFX Application Thread] DEBUG GameWorld            - Clearing game world
12:06:58.554 [JavaFX Application Thread] DEBUG PhysicsWorld         - Clearing physics world
12:06:58.556 [FXGL Background Thread 2 ] DEBUG FXGLApplication      - Initializing game
12:06:58.599 [FXGL Background Thread 2 ] WARN  TMXLevelLoader       - TiledMap generated from 1.10.2. Supported version: 1.2.3. Some features may not be parsed fully.
12:06:58.611 [FXGL Background Thread 2 ] DEBUG TMXLevelLoader       - Parsed TiledMap: file:/C:/Users/User/zeldaPuzzle/target/classes/assets/levels/MapDeMerde2.tmx
12:06:58.613 [FXGL Background Thread 2 ] DEBUG TMXLevelLoader       - Creating tile layer entities
12:06:58.614 [FXGL Background Thread 2 ] DEBUG TilesetLoader        - Loading view for layer Calque de Tuiles 1
12:06:58.655 [FXGL Background Thread 2 ] DEBUG TilesetLoader        - Created buffer with size 4800.0x4800.0
12:06:58.685 [FXGL Background Thread 2 ] DEBUG TMXLevelLoader       - Creating object layer entities
12:06:58.687 [FXGL Background Thread 2 ] DEBUG GameWorld            - Clearing removable entities
12:06:58.688 [FXGL Background Thread 2 ] DEBUG GameWorld            - Setting level: com.almasb.fxgl.entity.level.Level@4130ba02
12:06:58.705 [FXGL Background Thread 2 ] WARN  GameWorld            - Entity is already attached to world
12:06:58.711 [FXGL Background Thread 2 ] WARN  GameWorld            - Entity is already attached to world
12:06:58.714 [FXGL Background Thread 2 ] WARN  GameWorld            - Entity is already attached to world
12:06:58.727 [FXGL Background Thread 2 ] INFO  FXGLApplication      - Game initialization took: 0.170 sec
12:06:58.732 [JavaFX Application Thread] DEBUG Input                - Clearing active input actions
12:06:58.735 [JavaFX Application Thread] DEBUG GameApplicationServi - Removing overlay from FXGLLoadingScene and adding to GameScene
12:06:58.736 [JavaFX Application Thread] DEBUG PrimaryStageWindow   - FXGLLoadingScene -> GameScene
12:07:00.624 [FXGL Background Thread 3 ] DEBUG Engine               - Logging environment variables
12:07:00.624 [FXGL Background Thread 3 ] DEBUG Engine               - achievements: []
12:07:00.624 [FXGL Background Thread 3 ] DEBUG Engine               - actualHeight: 800.0
12:07:00.624 [FXGL Background Thread 3 ] DEBUG Engine               - actualHeightProperty: ReadOnlyDoubleProperty [value: 800.0]
12:07:00.624 [FXGL Background Thread 3 ] DEBUG Engine               - actualWidth: 800.0
12:07:00.624 [FXGL Background Thread 3 ] DEBUG Engine               - actualWidthProperty: ReadOnlyDoubleProperty [value: 800.0]
12:07:00.624 [FXGL Background Thread 3 ] DEBUG Engine               - appIcon: fxgl_icon.png
12:07:00.624 [FXGL Background Thread 3 ] DEBUG Engine               - applicationMode: DEVELOPER
12:07:00.624 [FXGL Background Thread 3 ] DEBUG Engine               - cSSList: [fxgl_dark.css]
12:07:00.624 [FXGL Background Thread 3 ] DEBUG Engine               - collisionDetectionStrategy: BRUTE_FORCE
12:07:00.624 [FXGL Background Thread 3 ] DEBUG Engine               - configClass: Optional.empty
12:07:00.624 [FXGL Background Thread 3 ] DEBUG Engine               - credits: []
12:07:00.625 [FXGL Background Thread 3 ] DEBUG Engine               - defaultCursor: CursorInfo(imageName=fxgl_default_cursor.png, hotspotX=7.0, hotspotY=6.0)
12:07:00.625 [FXGL Background Thread 3 ] DEBUG Engine               - devBBoxColorProperty: ObjectProperty [value: 0xff0000ff]
12:07:00.625 [FXGL Background Thread 3 ] DEBUG Engine               - devEnableDebugCameraProperty: BooleanProperty [value: false]
12:07:00.625 [FXGL Background Thread 3 ] DEBUG Engine               - devSensorColorProperty: ObjectProperty [value: 0xffff00ff]
12:07:00.625 [FXGL Background Thread 3 ] DEBUG Engine               - devShowBBoxProperty: BooleanProperty [value: false]
12:07:00.625 [FXGL Background Thread 3 ] DEBUG Engine               - devShowPositionProperty: BooleanProperty [value: false]
12:07:00.626 [FXGL Background Thread 3 ] DEBUG Engine               - enabledMenuItems: []
12:07:00.626 [FXGL Background Thread 3 ] DEBUG Engine               - engineServices: [class com.almasb.fxgl.app.services.FXGLAssetLoaderService, class com.almasb.fxgl.app.FXGLApplication$GameApplicationService, class com.almasb.fxgl.app.services.FXGLDialogService, class com.almasb.fxgl.app.services.IOTaskExecutorService, class com.almasb.fxgl.io.FileSystemService, class com.almasb.fxgl.localization.LocalizationService, class com.almasb.fxgl.app.services.SystemBundleService, class com.almasb.fxgl.profile.SaveLoadService, class com.almasb.fxgl.ui.FXGLUIFactoryServiceProvider, class com.almasb.fxgl.ui.FXGLDialogFactoryServiceProvider, class com.almasb.fxgl.audio.AudioPlayer, class com.almasb.fxgl.notification.impl.NotificationServiceProvider, class com.almasb.fxgl.achievement.AchievementService, class com.almasb.fxgl.cutscene.CutsceneService, class com.almasb.fxgl.minigames.MiniGameService, class com.almasb.fxgl.net.NetService, class com.almasb.fxgl.app.services.UpdaterService, class com.almasb.fxgl.dev.DevService]
12:07:00.626 [FXGL Background Thread 3 ] DEBUG Engine               - fontGame: Abel-Regular.ttf
12:07:00.626 [FXGL Background Thread 3 ] DEBUG Engine               - fontMono: TerminalLandMono-Regular.otf
12:07:00.626 [FXGL Background Thread 3 ] DEBUG Engine               - fontText: Courier-Prime.ttf
12:07:00.626 [FXGL Background Thread 3 ] DEBUG Engine               - fontUI: VarelaRound-Regular.ttf
12:07:00.626 [FXGL Background Thread 3 ] DEBUG Engine               - fullScreen: BooleanProperty [value: false]
12:07:00.626 [FXGL Background Thread 3 ] DEBUG Engine               - gameDifficulty: MEDIUM
12:07:00.626 [FXGL Background Thread 3 ] DEBUG Engine               - gameDifficultyProperty: ObjectProperty [value: MEDIUM]
12:07:00.626 [FXGL Background Thread 3 ] DEBUG Engine               - globalMusicVolume: 0.5
12:07:00.626 [FXGL Background Thread 3 ] DEBUG Engine               - globalMusicVolumeProperty: DoubleProperty [value: 0.5]
12:07:00.626 [FXGL Background Thread 3 ] DEBUG Engine               - globalSoundVolume: 0.5
12:07:00.626 [FXGL Background Thread 3 ] DEBUG Engine               - globalSoundVolumeProperty: DoubleProperty [value: 0.5]
12:07:00.626 [FXGL Background Thread 3 ] DEBUG Engine               - height: 800
12:07:00.627 [FXGL Background Thread 3 ] DEBUG Engine               - is3D: false
12:07:00.627 [FXGL Background Thread 3 ] DEBUG Engine               - isAndroid: false
12:07:00.627 [FXGL Background Thread 3 ] DEBUG Engine               - isBrowser: false
12:07:00.627 [FXGL Background Thread 3 ] DEBUG Engine               - isClickFeedbackEnabled: false
12:07:00.627 [FXGL Background Thread 3 ] DEBUG Engine               - isCloseConfirmation: false
12:07:00.627 [FXGL Background Thread 3 ] DEBUG Engine               - isDesktop: true
12:07:00.627 [FXGL Background Thread 3 ] DEBUG Engine               - isDeveloperMenuEnabled: true
12:07:00.627 [FXGL Background Thread 3 ] DEBUG Engine               - isEmbedded: false
12:07:00.627 [FXGL Background Thread 3 ] DEBUG Engine               - isEntityPreloadEnabled: true
12:07:00.627 [FXGL Background Thread 3 ] DEBUG Engine               - isExperimentalTiledLargeMap: false
12:07:00.627 [FXGL Background Thread 3 ] DEBUG Engine               - isFileSystemWriteAllowed: true
12:07:00.627 [FXGL Background Thread 3 ] DEBUG Engine               - isFullScreenAllowed: true
12:07:00.627 [FXGL Background Thread 3 ] DEBUG Engine               - isFullScreenFromStart: false
12:07:00.627 [FXGL Background Thread 3 ] DEBUG Engine               - isGameMenuEnabled: true
12:07:00.627 [FXGL Background Thread 3 ] DEBUG Engine               - isIOS: false
12:07:00.628 [FXGL Background Thread 3 ] DEBUG Engine               - isIntroEnabled: false
12:07:00.628 [FXGL Background Thread 3 ] DEBUG Engine               - isLinux: false
12:07:00.628 [FXGL Background Thread 3 ] DEBUG Engine               - isMac: false
12:07:00.628 [FXGL Background Thread 3 ] DEBUG Engine               - isMainMenuEnabled: true
12:07:00.628 [FXGL Background Thread 3 ] DEBUG Engine               - isManualResizeEnabled: false
12:07:00.628 [FXGL Background Thread 3 ] DEBUG Engine               - isMobile: false
12:07:00.628 [FXGL Background Thread 3 ] DEBUG Engine               - isNative: false
12:07:00.628 [FXGL Background Thread 3 ] DEBUG Engine               - isPauseMusicWhenMinimized: true
12:07:00.628 [FXGL Background Thread 3 ] DEBUG Engine               - isPreserveResizeRatio: false
12:07:00.628 [FXGL Background Thread 3 ] DEBUG Engine               - isProfilingEnabled: false
12:07:00.628 [FXGL Background Thread 3 ] DEBUG Engine               - isScaleAffectedOnResize: true
12:07:00.628 [FXGL Background Thread 3 ] DEBUG Engine               - isSingleStep: false
12:07:00.628 [FXGL Background Thread 3 ] DEBUG Engine               - isUserProfileEnabled: false
12:07:00.628 [FXGL Background Thread 3 ] DEBUG Engine               - isWindows: true
12:07:00.628 [FXGL Background Thread 3 ] DEBUG Engine               - language: ObjectProperty [value: ENGLISH]
12:07:00.628 [FXGL Background Thread 3 ] DEBUG Engine               - menuKey: ESCAPE
12:07:00.628 [FXGL Background Thread 3 ] DEBUG Engine               - mouseSensitivity: 0.2
12:07:00.628 [FXGL Background Thread 3 ] DEBUG Engine               - notificationViewClass: class com.almasb.fxgl.notification.view.XboxNotificationView
12:07:00.628 [FXGL Background Thread 3 ] DEBUG Engine               - pixelsPerMeter: 50.0
12:07:00.628 [FXGL Background Thread 3 ] DEBUG Engine               - platform: WINDOWS
12:07:00.629 [FXGL Background Thread 3 ] DEBUG Engine               - prefHeightProperty: ReadOnlyDoubleProperty [value: 800.0]
12:07:00.629 [FXGL Background Thread 3 ] DEBUG Engine               - prefWidthProperty: ReadOnlyDoubleProperty [value: 800.0]
12:07:00.629 [FXGL Background Thread 3 ] DEBUG Engine               - profileDir: profiles/
12:07:00.629 [FXGL Background Thread 3 ] DEBUG Engine               - profileName: StringProperty [value: DEFAULT]
12:07:00.629 [FXGL Background Thread 3 ] DEBUG Engine               - randomSeed: -1
12:07:00.629 [FXGL Background Thread 3 ] DEBUG Engine               - runtimeInfo: RuntimeInfo(platform=WINDOWS, version=17, build=31.12.2021 18.16)
12:07:00.629 [FXGL Background Thread 3 ] DEBUG Engine               - saveFileExt: sav
12:07:00.629 [FXGL Background Thread 3 ] DEBUG Engine               - scaledHeightProp$fxgl: DoubleProperty [bound, value: 800.0]
12:07:00.629 [FXGL Background Thread 3 ] DEBUG Engine               - scaledWidthProp$fxgl: DoubleProperty [bound, value: 800.0]
12:07:00.629 [FXGL Background Thread 3 ] DEBUG Engine               - sceneFactory: com.almasb.fxgl.app.scene.SceneFactory@4ec38250
12:07:00.629 [FXGL Background Thread 3 ] DEBUG Engine               - secondsIn24h: 60
12:07:00.629 [FXGL Background Thread 3 ] DEBUG Engine               - soundMenuBack: menu/back.wav
12:07:00.629 [FXGL Background Thread 3 ] DEBUG Engine               - soundMenuPress: menu/press.wav
12:07:00.629 [FXGL Background Thread 3 ] DEBUG Engine               - soundMenuSelect: menu/select.wav
12:07:00.629 [FXGL Background Thread 3 ] DEBUG Engine               - soundNotification: core/notification.wav
12:07:00.629 [FXGL Background Thread 3 ] DEBUG Engine               - stageStyle: DECORATED
12:07:00.629 [FXGL Background Thread 3 ] DEBUG Engine               - supportedLanguages: [ENGLISH, FRENCH, GERMAN, HUNGARIAN, RUSSIAN]
12:07:00.629 [FXGL Background Thread 3 ] DEBUG Engine               - ticksPerSecond: -1
12:07:00.629 [FXGL Background Thread 3 ] DEBUG Engine               - title: Zelda 2D Game par ماستن
12:07:00.630 [FXGL Background Thread 3 ] DEBUG Engine               - urlGithub: https://github.com/AlmasB/FXGL
12:07:00.630 [FXGL Background Thread 3 ] DEBUG Engine               - urlLeaderboard: http://fxgl-top.herokuapp.com/
12:07:00.630 [FXGL Background Thread 3 ] DEBUG Engine               - urlPOM: https://raw.githubusercontent.com/AlmasB/FXGL/release/README.md
12:07:00.630 [FXGL Background Thread 3 ] DEBUG Engine               - userAppClass: class com.example.zeldapuzzle.MainGameApp
12:07:00.630 [FXGL Background Thread 3 ] DEBUG Engine               - version: 1
12:07:00.630 [FXGL Background Thread 3 ] DEBUG Engine               - versionCheckDays: 7
12:07:00.630 [FXGL Background Thread 3 ] DEBUG Engine               - width: 800
12:07:00.630 [FXGL Background Thread 3 ] DEBUG Engine               - Logging services
12:07:00.630 [FXGL Background Thread 3 ] DEBUG Engine               - class com.almasb.fxgl.app.services.FXGLAssetLoaderService
12:07:00.630 [FXGL Background Thread 3 ] DEBUG Engine               - class com.almasb.fxgl.app.FXGLApplication$GameApplicationService
12:07:00.630 [FXGL Background Thread 3 ] DEBUG Engine               - class com.almasb.fxgl.app.services.FXGLDialogService
12:07:00.630 [FXGL Background Thread 3 ] DEBUG Engine               - class com.almasb.fxgl.app.services.IOTaskExecutorService
12:07:00.630 [FXGL Background Thread 3 ] DEBUG Engine               - class com.almasb.fxgl.io.FileSystemService
12:07:00.630 [FXGL Background Thread 3 ] DEBUG Engine               - class com.almasb.fxgl.localization.LocalizationService
12:07:00.630 [FXGL Background Thread 3 ] DEBUG Engine               - class com.almasb.fxgl.app.services.SystemBundleService
12:07:00.630 [FXGL Background Thread 3 ] DEBUG Engine               - class com.almasb.fxgl.profile.SaveLoadService
12:07:00.630 [FXGL Background Thread 3 ] DEBUG Engine               - class com.almasb.fxgl.ui.FXGLUIFactoryServiceProvider
12:07:00.630 [FXGL Background Thread 3 ] DEBUG Engine               - class com.almasb.fxgl.ui.FXGLDialogFactoryServiceProvider
12:07:00.630 [FXGL Background Thread 3 ] DEBUG Engine               - class com.almasb.fxgl.audio.AudioPlayer
12:07:00.630 [FXGL Background Thread 3 ] DEBUG Engine               - class com.almasb.fxgl.notification.impl.NotificationServiceProvider
12:07:00.630 [FXGL Background Thread 3 ] DEBUG Engine               - class com.almasb.fxgl.achievement.AchievementService
12:07:00.630 [FXGL Background Thread 3 ] DEBUG Engine               - class com.almasb.fxgl.cutscene.CutsceneService
12:07:00.630 [FXGL Background Thread 3 ] DEBUG Engine               - class com.almasb.fxgl.minigames.MiniGameService
12:07:00.631 [FXGL Background Thread 3 ] DEBUG Engine               - class com.almasb.fxgl.net.NetService
12:07:00.631 [FXGL Background Thread 3 ] DEBUG Engine               - class com.almasb.fxgl.app.services.UpdaterService
12:07:00.631 [FXGL Background Thread 3 ] DEBUG Engine               - class com.almasb.fxgl.dev.DevService
12:07:44.630 [JavaFX Application Thread] WARN  TMXLevelLoader       - TiledMap generated from 1.10.2. Supported version: 1.2.3. Some features may not be parsed fully.
12:07:44.653 [JavaFX Application Thread] DEBUG TMXLevelLoader       - Parsed TiledMap: file:/C:/Users/User/zeldaPuzzle/target/classes/assets/levels/leDongeon.tmx
12:07:44.653 [JavaFX Application Thread] DEBUG TMXLevelLoader       - Creating tile layer entities
12:07:44.654 [JavaFX Application Thread] DEBUG TilesetLoader        - Loading view for layer BG1
12:07:44.657 [JavaFX Application Thread] DEBUG TilesetLoader        - Created buffer with size 2400.0x800.0
12:07:44.671 [JavaFX Application Thread] DEBUG TilesetLoader        - Loading view for layer BG2
12:07:44.673 [JavaFX Application Thread] DEBUG TilesetLoader        - Created buffer with size 2400.0x800.0
12:07:44.683 [JavaFX Application Thread] DEBUG TilesetLoader        - Loading view for layer BG3
12:07:44.686 [JavaFX Application Thread] DEBUG TilesetLoader        - Created buffer with size 2400.0x800.0
12:07:44.696 [JavaFX Application Thread] DEBUG TilesetLoader        - Loading view for layer BG4a
12:07:44.699 [JavaFX Application Thread] DEBUG TilesetLoader        - Created buffer with size 2400.0x800.0
12:07:44.708 [JavaFX Application Thread] DEBUG TilesetLoader        - Loading view for layer BG4b
12:07:44.712 [JavaFX Application Thread] DEBUG TilesetLoader        - Created buffer with size 2400.0x800.0
12:07:44.723 [JavaFX Application Thread] DEBUG TilesetLoader        - Loading view for layer MainBuild2
12:07:44.725 [JavaFX Application Thread] DEBUG TilesetLoader        - Created buffer with size 2400.0x800.0
12:07:44.742 [JavaFX Application Thread] WARN  TilesetLoader        - Diagonally flipped tiles are not currently supported
12:07:44.743 [JavaFX Application Thread] WARN  TilesetLoader        - Diagonally flipped tiles are not currently supported
12:07:44.743 [JavaFX Application Thread] WARN  TilesetLoader        - Diagonally flipped tiles are not currently supported
12:07:44.743 [JavaFX Application Thread] WARN  TilesetLoader        - Diagonally flipped tiles are not currently supported
12:07:44.743 [JavaFX Application Thread] WARN  TilesetLoader        - Diagonally flipped tiles are not currently supported
12:07:44.743 [JavaFX Application Thread] WARN  TilesetLoader        - Diagonally flipped tiles are not currently supported
12:07:44.743 [JavaFX Application Thread] WARN  TilesetLoader        - Diagonally flipped tiles are not currently supported
12:07:44.743 [JavaFX Application Thread] WARN  TilesetLoader        - Diagonally flipped tiles are not currently supported
12:07:44.744 [JavaFX Application Thread] WARN  TilesetLoader        - Diagonally flipped tiles are not currently supported
12:07:44.744 [JavaFX Application Thread] WARN  TilesetLoader        - Diagonally flipped tiles are not currently supported
12:07:44.744 [JavaFX Application Thread] WARN  TilesetLoader        - Diagonally flipped tiles are not currently supported
12:07:44.744 [JavaFX Application Thread] WARN  TilesetLoader        - Diagonally flipped tiles are not currently supported
12:07:44.744 [JavaFX Application Thread] WARN  TilesetLoader        - Diagonally flipped tiles are not currently supported
12:07:44.745 [JavaFX Application Thread] WARN  TilesetLoader        - Diagonally flipped tiles are not currently supported
12:07:44.745 [JavaFX Application Thread] WARN  TilesetLoader        - Diagonally flipped tiles are not currently supported
12:07:44.745 [JavaFX Application Thread] DEBUG TilesetLoader        - Loading view for layer MainBuild3
12:07:44.749 [JavaFX Application Thread] DEBUG TilesetLoader        - Created buffer with size 2400.0x800.0
12:07:44.751 [JavaFX Application Thread] DEBUG TilesetLoader        - Loading view for layer MainBuild
12:07:44.753 [JavaFX Application Thread] DEBUG TilesetLoader        - Created buffer with size 2400.0x800.0
12:07:44.755 [JavaFX Application Thread] DEBUG TMXLevelLoader       - Creating object layer entities
12:07:44.767 [JavaFX Application Thread] DEBUG GameWorld            - Clearing removable entities
12:07:44.769 [JavaFX Application Thread] DEBUG GameWorld            - Setting level: com.almasb.fxgl.entity.level.Level@553860f8
12:07:44.775 [JavaFX Application Thread] WARN  GameWorld            - Entity is already attached to world
12:07:48.440 [JavaFX Application Thread] DEBUG FXGLApplication      - Exiting FXGL
12:07:48.441 [JavaFX Application Thread] DEBUG LoopRunner           - Stopping loop
12:07:48.441 [JavaFX Application Thread] DEBUG SystemBundleService  - Saving FXGL system data
12:07:48.441 [JavaFX Application Thread] DEBUG FileSystemAccess     - Writing to: C:\Users\User\zeldaPuzzle\system\fxgl.bundle
12:07:48.443 [JavaFX Application Thread] DEBUG Async                - Shutting down background threads
12:07:48.443 [JavaFX Application Thread] DEBUG PrimaryStageWindow   - Closing main window
12:07:48.450 [JavaFX Application Thread] DEBUG Logger               - Closing Logger
