10:36:42.403 [main                     ] DEBUG Logger               - Configured Logger
10:36:42.431 [main                     ] DEBUG GameApplication      - Logging settings
Title: Zelda 2D Game
Version: 1
Width: 800
Height: 800
Fullscreen: false
Intro: false
Profiling: false
Single step:false
App Mode: DEVELOPER
Menu Key: ESCAPE
Stage Style: DECORATED
Scene Factory: class com.almasb.fxgl.app.scene.SceneFactory

10:36:42.895 [JavaFX Application Thread] DEBUG FXGLApplication      - Initializing FXGL
10:36:42.900 [JavaFX Application Thread] INFO  Engine               - FXGL-17 (31.12.2021 18.16) on WINDOWS (J:21.0.2 FX:19)
10:36:42.901 [JavaFX Application Thread] DEBUG Engine               - JRE Vendor Name: Oracle Corporation
10:36:42.901 [JavaFX Application Thread] DEBUG Engine               - Running on OS: Windows 10 version 10.0
10:36:42.901 [JavaFX Application Thread] DEBUG Engine               - Architecture: amd64
10:36:42.901 [JavaFX Application Thread] INFO  Engine               - Source code and latest versions at: https://github.com/AlmasB/FXGL
10:36:42.901 [JavaFX Application Thread] INFO  Engine               -       Ask questions and discuss at: https://github.com/AlmasB/FXGL/discussions
10:36:42.901 [JavaFX Application Thread] INFO  Engine               -              Join the FXGL chat at: https://gitter.im/AlmasB/FXGL
10:36:42.999 [JavaFX Application Thread] DEBUG PrimaryStageWindow   - Creating a JavaFX scene
10:36:43.061 [JavaFX Application Thread] DEBUG PrimaryStageWindow   - Target settings size: 800.0 x 800.0
10:36:43.061 [JavaFX Application Thread] DEBUG PrimaryStageWindow   - Scaled scene size:    800.0 x 800.0
10:36:43.061 [JavaFX Application Thread] DEBUG PrimaryStageWindow   - Scaled ratio: (1.0, 1.0)
10:36:43.063 [JavaFX Application Thread] DEBUG PrimaryStageWindow   - Set initial scene to FXGLStartupScene
10:36:43.068 [JavaFX Application Thread] DEBUG PrimaryStageWindow   - Opening main window
10:36:43.184 [JavaFX Application Thread] DEBUG PrimaryStageWindow   - Window border size: (16.0, 39.0)
10:36:43.184 [JavaFX Application Thread] DEBUG PrimaryStageWindow   - Scaled size: 800.0 x 800.0
10:36:43.185 [JavaFX Application Thread] DEBUG PrimaryStageWindow   - Scaled ratio: (1.0, 1.0)
10:36:43.185 [JavaFX Application Thread] DEBUG PrimaryStageWindow   - Scene size: 800.0 x 800.0
10:36:43.185 [JavaFX Application Thread] DEBUG PrimaryStageWindow   - Stage size: 816.0 x 839.0
10:36:43.195 [FXGL Background Thread 1 ] DEBUG Engine               - Initializing environment variables
10:36:43.255 [FXGL Background Thread 1 ] DEBUG FXGLAssetLoaderServi - User app class for loading assets: class com.example.zeldapuzzle.MainGameApp
10:36:43.255 [FXGL Background Thread 1 ] DEBUG GameApplicationServi - Applying CSS: fxgl_dark.css
10:36:43.256 [FXGL Background Thread 1 ] DEBUG FXGLAssetLoaderServi - Loading from file system: jar:file:///C:/Users/mbour/.m2/repository/com/github/almasb/fxgl/17/fxgl-17.jar!/fxglassets/ui/css/fxgl_dark.css
10:36:43.309 [FXGL Background Thread 1 ] DEBUG GameApplicationServi - Initializing application scenes
10:36:43.348 [FXGL Background Thread 1 ] DEBUG GameWorld            - Game world initialized
10:36:43.417 [FXGL Background Thread 1 ] DEBUG PhysicsWorld         - Physics world initialized: appHeight=800, physics.ppm=50,0
10:36:43.417 [FXGL Background Thread 1 ] DEBUG PhysicsWorld         - Using strategy: BRUTE_FORCE
10:36:43.422 [FXGL Background Thread 1 ] DEBUG GameScene            - Game scene initialized: 800x800
10:36:43.442 [FXGL Background Thread 1 ] DEBUG FXGL.DefaultMenu     - createMenuBodyMainMenu()
10:36:43.459 [FXGL Background Thread 1 ] DEBUG FXGL.DefaultMenu     - createOptionsMenu()
10:36:43.472 [FXGL Background Thread 1 ] DEBUG FXGLAssetLoaderServi - Loading from file system: jar:file:///C:/Users/mbour/.m2/repository/com/github/almasb/fxgl/17/fxgl-17.jar!/fxglassets/textures/particles/smoke.png
10:36:43.560 [FXGL Background Thread 1 ] DEBUG FXGLAssetLoaderServi - Loading from file system: jar:file:///C:/Users/mbour/.m2/repository/com/github/almasb/fxgl/17/fxgl-17.jar!/fxglassets/textures/particles/trace_horizontal.png
10:36:43.587 [FXGL Background Thread 1 ] DEBUG FXGL.DefaultMenu     - createMenuBodyGameMenu()
10:36:43.588 [FXGL Background Thread 1 ] DEBUG FXGL.DefaultMenu     - createOptionsMenu()
10:36:43.605 [FXGL Background Thread 1 ] DEBUG GameApplicationServi - Application scenes initialized
10:36:43.618 [FXGL Background Thread 1 ] DEBUG SystemBundleService  - Loading FXGL system data
10:36:43.623 [FXGL Background Thread 1 ] DEBUG FileSystemAccess     - Reading from: C:\Users\mbour\OneDrive\Bureau\Zelda TOTK WINRAR\zeldaPuzzle\system\fxgl.bundle
10:36:43.636 [FXGL Background Thread 1 ] DEBUG SystemBundleService  - Bundle FXGL: {}
10:36:43.637 [FXGL Background Thread 1 ] DEBUG UpdaterService       - Checking for updates
10:36:43.666 [FXGL Background Thread 4 ] DEBUG FXGLApplication      - Loading fonts
10:36:43.667 [FXGL Background Thread 1 ] DEBUG FXGLApplication      - Loading default localization
10:36:43.668 [FXGL Background Thread 1 ] DEBUG FXGLAssetLoaderServi - Loading from file system: jar:file:///C:/Users/mbour/.m2/repository/com/github/almasb/fxgl/17/fxgl-17.jar!/fxglassets/languages/english.lang
10:36:43.667 [FXGL Background Thread 4 ] DEBUG FXGLAssetLoaderServi - Loading from file system: jar:file:///C:/Users/mbour/.m2/repository/com/github/almasb/fxgl/17/fxgl-17.jar!/fxglassets/ui/fonts/VarelaRound-Regular.ttf
10:36:43.699 [FXGL Background Thread 1 ] INFO  FXGLApplication      - FXGL initialization took: 0,503 sec
10:36:43.714 [JavaFX Application Thread] DEBUG Input                - Registered new binding: getPosition - P
10:36:43.715 [JavaFX Application Thread] DEBUG Input                - Registered new binding: zoom+ - Up
10:36:43.716 [JavaFX Application Thread] DEBUG Input                - Registered new binding: zoom- - Down
10:36:43.716 [JavaFX Application Thread] DEBUG Input                - Registered new binding: resetZoom - 0
10:36:43.716 [JavaFX Application Thread] DEBUG Input                - Registered new binding: Move right - D
10:36:43.717 [JavaFX Application Thread] DEBUG Input                - Registered new binding: Move left - A
10:36:43.717 [JavaFX Application Thread] DEBUG Input                - Registered new binding: Move Up - W
10:36:43.718 [JavaFX Application Thread] DEBUG Input                - Registered new binding: Move Down - S
10:36:43.718 [JavaFX Application Thread] DEBUG FXGLAssetLoaderServi - Loading from file system: jar:file:///C:/Users/mbour/.m2/repository/com/github/almasb/fxgl/17/fxgl-17.jar!/fxglassets/textures/fxgl_icon.png
10:36:43.721 [FXGL Background Thread 4 ] DEBUG FXGLAssetLoaderServi - Loading from file system: jar:file:///C:/Users/mbour/.m2/repository/com/github/almasb/fxgl/17/fxgl-17.jar!/fxglassets/ui/fonts/Abel-Regular.ttf
10:36:43.733 [FXGL Background Thread 4 ] DEBUG FXGLAssetLoaderServi - Loading from file system: jar:file:///C:/Users/mbour/.m2/repository/com/github/almasb/fxgl/17/fxgl-17.jar!/fxglassets/ui/fonts/TerminalLandMono-Regular.otf
10:36:43.747 [JavaFX Application Thread] DEBUG FXGLAssetLoaderServi - Loading from file system: jar:file:///C:/Users/mbour/.m2/repository/com/github/almasb/fxgl/17/fxgl-17.jar!/fxglassets/textures/fxgl_default_cursor.png
10:36:43.748 [FXGL Background Thread 4 ] DEBUG FXGLAssetLoaderServi - Loading from file system: jar:file:///C:/Users/mbour/.m2/repository/com/github/almasb/fxgl/17/fxgl-17.jar!/fxglassets/ui/fonts/Courier-Prime.ttf
10:36:43.749 [JavaFX Application Thread] DEBUG Input                - Registered new binding: Screenshot - CTRL+8
10:36:43.750 [JavaFX Application Thread] DEBUG Input                - Registered new binding: Dev Options - 1
10:36:43.750 [JavaFX Application Thread] DEBUG Input                - Registered new binding: Dev Console - 2
10:36:43.750 [JavaFX Application Thread] DEBUG Input                - Registered new binding: System info dump - CTRL+9
10:36:43.752 [JavaFX Application Thread] DEBUG Input                - Registered new binding: Restart - CTRL+R
10:36:43.754 [JavaFX Application Thread] DEBUG Input                - Registered new binding: Toggle Debug Camera - CTRL+7
10:36:43.757 [JavaFX Application Thread] DEBUG LoopRunner           - Starting loop
10:36:43.796 [JavaFX Application Thread] DEBUG LoopRunner           - Initializing JavaFX AnimationTimerLoop
10:36:43.800 [JavaFX Application Thread] DEBUG Input                - Clearing active input actions
10:36:43.827 [JavaFX Application Thread] DEBUG GameApplicationServi - Removing overlay from FXGLStartupScene and adding to FXGLMainMenuDummyScene
10:36:43.836 [JavaFX Application Thread] DEBUG PrimaryStageWindow   - FXGLStartupScene -> FXGLMainMenuDummyScene
10:36:43.836 [JavaFX Application Thread] DEBUG PrimaryStageWindow   - Push state: FXGLDefaultMenu
10:36:43.855 [JavaFX Application Thread] DEBUG Input                - Clearing active input actions
10:36:43.869 [JavaFX Application Thread] DEBUG GameApplicationServi - Removing overlay from FXGLMainMenuDummyScene and adding to FXGLDefaultMenu
10:36:43.871 [JavaFX Application Thread] DEBUG PrimaryStageWindow   - FXGLMainMenuDummyScene -> FXGLDefaultMenu
10:36:43.871 [JavaFX Application Thread] DEBUG FXGLApplication      - Registering font factories with UI factory
10:36:44.373 [FXGL Background Thread 2 ] INFO  UpdaterService       - Your current version:  17
10:36:44.374 [FXGL Background Thread 2 ] INFO  UpdaterService       - Latest stable version: 21
10:36:46.664 [FXGL Background Thread 3 ] DEBUG Engine               - Logging environment variables
10:36:46.664 [FXGL Background Thread 3 ] DEBUG Engine               - achievements: []
10:36:46.664 [FXGL Background Thread 3 ] DEBUG Engine               - actualHeight: 800.0
10:36:46.665 [FXGL Background Thread 3 ] DEBUG Engine               - actualHeightProperty: ReadOnlyDoubleProperty [value: 800.0]
10:36:46.665 [FXGL Background Thread 3 ] DEBUG Engine               - actualWidth: 800.0
10:36:46.665 [FXGL Background Thread 3 ] DEBUG Engine               - actualWidthProperty: ReadOnlyDoubleProperty [value: 800.0]
10:36:46.665 [FXGL Background Thread 3 ] DEBUG Engine               - appIcon: fxgl_icon.png
10:36:46.665 [FXGL Background Thread 3 ] DEBUG Engine               - applicationMode: DEVELOPER
10:36:46.665 [FXGL Background Thread 3 ] DEBUG Engine               - cSSList: [fxgl_dark.css]
10:36:46.665 [FXGL Background Thread 3 ] DEBUG Engine               - collisionDetectionStrategy: BRUTE_FORCE
10:36:46.665 [FXGL Background Thread 3 ] DEBUG Engine               - configClass: Optional.empty
10:36:46.665 [FXGL Background Thread 3 ] DEBUG Engine               - credits: []
10:36:46.666 [FXGL Background Thread 3 ] DEBUG Engine               - defaultCursor: CursorInfo(imageName=fxgl_default_cursor.png, hotspotX=7.0, hotspotY=6.0)
10:36:46.666 [FXGL Background Thread 3 ] DEBUG Engine               - devBBoxColorProperty: ObjectProperty [value: 0xff0000ff]
10:36:46.666 [FXGL Background Thread 3 ] DEBUG Engine               - devEnableDebugCameraProperty: BooleanProperty [value: false]
10:36:46.666 [FXGL Background Thread 3 ] DEBUG Engine               - devSensorColorProperty: ObjectProperty [value: 0xffff00ff]
10:36:46.666 [FXGL Background Thread 3 ] DEBUG Engine               - devShowBBoxProperty: BooleanProperty [value: false]
10:36:46.666 [FXGL Background Thread 3 ] DEBUG Engine               - devShowPositionProperty: BooleanProperty [value: false]
10:36:46.666 [FXGL Background Thread 3 ] DEBUG Engine               - enabledMenuItems: []
10:36:46.666 [FXGL Background Thread 3 ] DEBUG Engine               - engineServices: [class com.almasb.fxgl.app.services.FXGLAssetLoaderService, class com.almasb.fxgl.app.FXGLApplication$GameApplicationService, class com.almasb.fxgl.app.services.FXGLDialogService, class com.almasb.fxgl.app.services.IOTaskExecutorService, class com.almasb.fxgl.io.FileSystemService, class com.almasb.fxgl.localization.LocalizationService, class com.almasb.fxgl.app.services.SystemBundleService, class com.almasb.fxgl.profile.SaveLoadService, class com.almasb.fxgl.ui.FXGLUIFactoryServiceProvider, class com.almasb.fxgl.ui.FXGLDialogFactoryServiceProvider, class com.almasb.fxgl.audio.AudioPlayer, class com.almasb.fxgl.notification.impl.NotificationServiceProvider, class com.almasb.fxgl.achievement.AchievementService, class com.almasb.fxgl.cutscene.CutsceneService, class com.almasb.fxgl.minigames.MiniGameService, class com.almasb.fxgl.net.NetService, class com.almasb.fxgl.app.services.UpdaterService, class com.almasb.fxgl.dev.DevService]
10:36:46.666 [FXGL Background Thread 3 ] DEBUG Engine               - fontGame: Abel-Regular.ttf
10:36:46.667 [FXGL Background Thread 3 ] DEBUG Engine               - fontMono: TerminalLandMono-Regular.otf
10:36:46.667 [FXGL Background Thread 3 ] DEBUG Engine               - fontText: Courier-Prime.ttf
10:36:46.667 [FXGL Background Thread 3 ] DEBUG Engine               - fontUI: VarelaRound-Regular.ttf
10:36:46.667 [FXGL Background Thread 3 ] DEBUG Engine               - fullScreen: BooleanProperty [value: false]
10:36:46.667 [FXGL Background Thread 3 ] DEBUG Engine               - gameDifficulty: MEDIUM
10:36:46.667 [FXGL Background Thread 3 ] DEBUG Engine               - gameDifficultyProperty: ObjectProperty [value: MEDIUM]
10:36:46.667 [FXGL Background Thread 3 ] DEBUG Engine               - globalMusicVolume: 0.5
10:36:46.667 [FXGL Background Thread 3 ] DEBUG Engine               - globalMusicVolumeProperty: DoubleProperty [value: 0.5]
10:36:46.667 [FXGL Background Thread 3 ] DEBUG Engine               - globalSoundVolume: 0.5
10:36:46.667 [FXGL Background Thread 3 ] DEBUG Engine               - globalSoundVolumeProperty: DoubleProperty [value: 0.5]
10:36:46.667 [FXGL Background Thread 3 ] DEBUG Engine               - height: 800
10:36:46.667 [FXGL Background Thread 3 ] DEBUG Engine               - is3D: false
10:36:46.668 [FXGL Background Thread 3 ] DEBUG Engine               - isAndroid: false
10:36:46.668 [FXGL Background Thread 3 ] DEBUG Engine               - isBrowser: false
10:36:46.668 [FXGL Background Thread 3 ] DEBUG Engine               - isClickFeedbackEnabled: false
10:36:46.668 [FXGL Background Thread 3 ] DEBUG Engine               - isCloseConfirmation: false
10:36:46.668 [FXGL Background Thread 3 ] DEBUG Engine               - isDesktop: true
10:36:46.668 [FXGL Background Thread 3 ] DEBUG Engine               - isDeveloperMenuEnabled: true
10:36:46.668 [FXGL Background Thread 3 ] DEBUG Engine               - isEmbedded: false
10:36:46.669 [FXGL Background Thread 3 ] DEBUG Engine               - isEntityPreloadEnabled: true
10:36:46.669 [FXGL Background Thread 3 ] DEBUG Engine               - isExperimentalTiledLargeMap: false
10:36:46.669 [FXGL Background Thread 3 ] DEBUG Engine               - isFileSystemWriteAllowed: true
10:36:46.669 [FXGL Background Thread 3 ] DEBUG Engine               - isFullScreenAllowed: false
10:36:46.669 [FXGL Background Thread 3 ] DEBUG Engine               - isFullScreenFromStart: false
10:36:46.669 [FXGL Background Thread 3 ] DEBUG Engine               - isGameMenuEnabled: true
10:36:46.669 [FXGL Background Thread 3 ] DEBUG Engine               - isIOS: false
10:36:46.669 [FXGL Background Thread 3 ] DEBUG Engine               - isIntroEnabled: false
10:36:46.669 [FXGL Background Thread 3 ] DEBUG Engine               - isLinux: false
10:36:46.669 [FXGL Background Thread 3 ] DEBUG Engine               - isMac: false
10:36:46.669 [FXGL Background Thread 3 ] DEBUG Engine               - isMainMenuEnabled: true
10:36:46.669 [FXGL Background Thread 3 ] DEBUG Engine               - isManualResizeEnabled: false
10:36:46.669 [FXGL Background Thread 3 ] DEBUG Engine               - isMobile: false
10:36:46.670 [FXGL Background Thread 3 ] DEBUG Engine               - isNative: false
10:36:46.670 [FXGL Background Thread 3 ] DEBUG Engine               - isPauseMusicWhenMinimized: true
10:36:46.670 [FXGL Background Thread 3 ] DEBUG Engine               - isPreserveResizeRatio: false
10:36:46.670 [FXGL Background Thread 3 ] DEBUG Engine               - isProfilingEnabled: false
10:36:46.670 [FXGL Background Thread 3 ] DEBUG Engine               - isScaleAffectedOnResize: true
10:36:46.670 [FXGL Background Thread 3 ] DEBUG Engine               - isSingleStep: false
10:36:46.670 [FXGL Background Thread 3 ] DEBUG Engine               - isUserProfileEnabled: false
10:36:46.670 [FXGL Background Thread 3 ] DEBUG Engine               - isWindows: true
10:36:46.670 [FXGL Background Thread 3 ] DEBUG Engine               - language: ObjectProperty [value: ENGLISH]
10:36:46.670 [FXGL Background Thread 3 ] DEBUG Engine               - menuKey: ESCAPE
10:36:46.670 [FXGL Background Thread 3 ] DEBUG Engine               - mouseSensitivity: 0.2
10:36:46.670 [FXGL Background Thread 3 ] DEBUG Engine               - notificationViewClass: class com.almasb.fxgl.notification.view.XboxNotificationView
10:36:46.670 [FXGL Background Thread 3 ] DEBUG Engine               - pixelsPerMeter: 50.0
10:36:46.670 [FXGL Background Thread 3 ] DEBUG Engine               - platform: WINDOWS
10:36:46.670 [FXGL Background Thread 3 ] DEBUG Engine               - prefHeightProperty: ReadOnlyDoubleProperty [value: 800.0]
10:36:46.670 [FXGL Background Thread 3 ] DEBUG Engine               - prefWidthProperty: ReadOnlyDoubleProperty [value: 800.0]
10:36:46.670 [FXGL Background Thread 3 ] DEBUG Engine               - profileDir: profiles/
10:36:46.670 [FXGL Background Thread 3 ] DEBUG Engine               - profileName: StringProperty [value: DEFAULT]
10:36:46.670 [FXGL Background Thread 3 ] DEBUG Engine               - randomSeed: -1
10:36:46.671 [FXGL Background Thread 3 ] DEBUG Engine               - runtimeInfo: RuntimeInfo(platform=WINDOWS, version=17, build=31.12.2021 18.16)
10:36:46.671 [FXGL Background Thread 3 ] DEBUG Engine               - saveFileExt: sav
10:36:46.671 [FXGL Background Thread 3 ] DEBUG Engine               - scaledHeightProp$fxgl: DoubleProperty [bound, value: 800.0]
10:36:46.671 [FXGL Background Thread 3 ] DEBUG Engine               - scaledWidthProp$fxgl: DoubleProperty [bound, value: 800.0]
10:36:46.671 [FXGL Background Thread 3 ] DEBUG Engine               - sceneFactory: com.almasb.fxgl.app.scene.SceneFactory@6ddead09
10:36:46.671 [FXGL Background Thread 3 ] DEBUG Engine               - secondsIn24h: 60
10:36:46.671 [FXGL Background Thread 3 ] DEBUG Engine               - soundMenuBack: menu/back.wav
10:36:46.671 [FXGL Background Thread 3 ] DEBUG Engine               - soundMenuPress: menu/press.wav
10:36:46.671 [FXGL Background Thread 3 ] DEBUG Engine               - soundMenuSelect: menu/select.wav
10:36:46.671 [FXGL Background Thread 3 ] DEBUG Engine               - soundNotification: core/notification.wav
10:36:46.671 [FXGL Background Thread 3 ] DEBUG Engine               - stageStyle: DECORATED
10:36:46.671 [FXGL Background Thread 3 ] DEBUG Engine               - supportedLanguages: [ENGLISH, FRENCH, GERMAN, HUNGARIAN, RUSSIAN]
10:36:46.671 [FXGL Background Thread 3 ] DEBUG Engine               - ticksPerSecond: -1
10:36:46.671 [FXGL Background Thread 3 ] DEBUG Engine               - title: Zelda 2D Game
10:36:46.672 [FXGL Background Thread 3 ] DEBUG Engine               - urlGithub: https://github.com/AlmasB/FXGL
10:36:46.672 [FXGL Background Thread 3 ] DEBUG Engine               - urlLeaderboard: http://fxgl-top.herokuapp.com/
10:36:46.672 [FXGL Background Thread 3 ] DEBUG Engine               - urlPOM: https://raw.githubusercontent.com/AlmasB/FXGL/release/README.md
10:36:46.672 [FXGL Background Thread 3 ] DEBUG Engine               - userAppClass: class com.example.zeldapuzzle.MainGameApp
10:36:46.672 [FXGL Background Thread 3 ] DEBUG Engine               - version: 1
10:36:46.672 [FXGL Background Thread 3 ] DEBUG Engine               - versionCheckDays: 7
10:36:46.672 [FXGL Background Thread 3 ] DEBUG Engine               - width: 800
10:36:46.672 [FXGL Background Thread 3 ] DEBUG Engine               - Logging services
10:36:46.672 [FXGL Background Thread 3 ] DEBUG Engine               - class com.almasb.fxgl.app.services.FXGLAssetLoaderService
10:36:46.672 [FXGL Background Thread 3 ] DEBUG Engine               - class com.almasb.fxgl.app.FXGLApplication$GameApplicationService
10:36:46.672 [FXGL Background Thread 3 ] DEBUG Engine               - class com.almasb.fxgl.app.services.FXGLDialogService
10:36:46.672 [FXGL Background Thread 3 ] DEBUG Engine               - class com.almasb.fxgl.app.services.IOTaskExecutorService
10:36:46.672 [FXGL Background Thread 3 ] DEBUG Engine               - class com.almasb.fxgl.io.FileSystemService
10:36:46.672 [FXGL Background Thread 3 ] DEBUG Engine               - class com.almasb.fxgl.localization.LocalizationService
10:36:46.672 [FXGL Background Thread 3 ] DEBUG Engine               - class com.almasb.fxgl.app.services.SystemBundleService
10:36:46.672 [FXGL Background Thread 3 ] DEBUG Engine               - class com.almasb.fxgl.profile.SaveLoadService
10:36:46.672 [FXGL Background Thread 3 ] DEBUG Engine               - class com.almasb.fxgl.ui.FXGLUIFactoryServiceProvider
10:36:46.672 [FXGL Background Thread 3 ] DEBUG Engine               - class com.almasb.fxgl.ui.FXGLDialogFactoryServiceProvider
10:36:46.672 [FXGL Background Thread 3 ] DEBUG Engine               - class com.almasb.fxgl.audio.AudioPlayer
10:36:46.672 [FXGL Background Thread 3 ] DEBUG Engine               - class com.almasb.fxgl.notification.impl.NotificationServiceProvider
10:36:46.672 [FXGL Background Thread 3 ] DEBUG Engine               - class com.almasb.fxgl.achievement.AchievementService
10:36:46.672 [FXGL Background Thread 3 ] DEBUG Engine               - class com.almasb.fxgl.cutscene.CutsceneService
10:36:46.672 [FXGL Background Thread 3 ] DEBUG Engine               - class com.almasb.fxgl.minigames.MiniGameService
10:36:46.672 [FXGL Background Thread 3 ] DEBUG Engine               - class com.almasb.fxgl.net.NetService
10:36:46.672 [FXGL Background Thread 3 ] DEBUG Engine               - class com.almasb.fxgl.app.services.UpdaterService
10:36:46.672 [FXGL Background Thread 3 ] DEBUG Engine               - class com.almasb.fxgl.dev.DevService
10:36:47.078 [JavaFX Application Thread] DEBUG Menu                 - fireNewGame()
10:36:47.079 [JavaFX Application Thread] DEBUG GameApplicationServi - Starting new game
10:36:47.081 [JavaFX Application Thread] DEBUG PrimaryStageWindow   - Pop state: FXGLDefaultMenu
10:36:47.081 [JavaFX Application Thread] DEBUG Input                - Clearing active input actions
10:36:47.082 [JavaFX Application Thread] DEBUG GameApplicationServi - Removing overlay from FXGLDefaultMenu and adding to FXGLMainMenuDummyScene
10:36:47.084 [JavaFX Application Thread] DEBUG PrimaryStageWindow   - FXGLMainMenuDummyScene <- FXGLDefaultMenu
10:36:47.085 [JavaFX Application Thread] DEBUG Input                - Clearing active input actions
10:36:47.092 [JavaFX Application Thread] DEBUG GameApplicationServi - Removing overlay from FXGLMainMenuDummyScene and adding to FXGLLoadingScene
10:36:47.092 [JavaFX Application Thread] DEBUG PrimaryStageWindow   - FXGLMainMenuDummyScene -> FXGLLoadingScene
10:36:47.092 [JavaFX Application Thread] DEBUG GameApplicationServi - Clearing previous game
10:36:47.092 [JavaFX Application Thread] DEBUG GameScene            - Clearing game scene
10:36:47.092 [JavaFX Application Thread] DEBUG GameWorld            - Clearing game world
10:36:47.092 [JavaFX Application Thread] DEBUG PhysicsWorld         - Clearing physics world
10:36:47.094 [FXGL Background Thread 2 ] DEBUG FXGLApplication      - Initializing game
10:36:47.150 [FXGL Background Thread 2 ] WARN  TMXLevelLoader       - TiledMap generated from 1.10.2. Supported version: 1.2.3. Some features may not be parsed fully.
10:36:47.164 [FXGL Background Thread 2 ] DEBUG TMXLevelLoader       - Parsed TiledMap: file:/C:/Users/mbour/OneDrive/Bureau/Zelda%20TOTK%20WINRAR/zeldaPuzzle/target/classes/assets/levels/StartingMap.tmx
10:36:47.165 [FXGL Background Thread 2 ] DEBUG TMXLevelLoader       - Creating tile layer entities
10:36:47.167 [FXGL Background Thread 2 ] DEBUG TilesetLoader        - Loading view for layer Calque de Tuiles 1
10:36:47.170 [FXGL Background Thread 2 ] DEBUG TilesetLoader        - Created buffer with size 1920.0x1920.0
10:36:47.185 [FXGL Background Thread 2 ] DEBUG TilesetLoader        - Loading view for layer Calque de Tuiles 2
10:36:47.196 [FXGL Background Thread 2 ] DEBUG TilesetLoader        - Created buffer with size 1920.0x1920.0
10:36:47.215 [FXGL Background Thread 2 ] DEBUG TilesetLoader        - Loading view for layer Calque de Tuiles 3
10:36:47.223 [FXGL Background Thread 2 ] DEBUG TilesetLoader        - Created buffer with size 1920.0x1920.0
10:36:47.226 [FXGL Background Thread 2 ] DEBUG TMXLevelLoader       - Creating object layer entities
10:36:47.251 [FXGL Background Thread 2 ] DEBUG GameWorld            - Clearing removable entities
10:36:47.255 [FXGL Background Thread 2 ] DEBUG GameWorld            - Setting level: com.almasb.fxgl.entity.level.Level@1b2e4f3d
10:36:47.263 [FXGL Background Thread 2 ] WARN  GameWorld            - Entity is already attached to world
10:36:47.276 [FXGL Background Thread 2 ] WARN  GameWorld            - Entity is already attached to world
10:36:47.278 [FXGL Background Thread 2 ] INFO  FXGLApplication      - Game initialization took: 0,182 sec
10:36:47.279 [JavaFX Application Thread] DEBUG Input                - Clearing active input actions
10:36:47.286 [JavaFX Application Thread] DEBUG GameApplicationServi - Removing overlay from FXGLLoadingScene and adding to GameScene
10:36:47.290 [JavaFX Application Thread] DEBUG PrimaryStageWindow   - FXGLLoadingScene -> GameScene
10:36:56.106 [JavaFX Application Thread] DEBUG FXGLApplication      - Exiting FXGL
10:36:56.106 [JavaFX Application Thread] DEBUG LoopRunner           - Stopping loop
10:36:56.106 [JavaFX Application Thread] DEBUG SystemBundleService  - Saving FXGL system data
10:36:56.109 [JavaFX Application Thread] DEBUG FileSystemAccess     - Writing to: C:\Users\mbour\OneDrive\Bureau\Zelda TOTK WINRAR\zeldaPuzzle\system\fxgl.bundle
10:36:56.112 [JavaFX Application Thread] DEBUG Async                - Shutting down background threads
10:36:56.112 [JavaFX Application Thread] DEBUG PrimaryStageWindow   - Closing main window
10:36:56.128 [JavaFX Application Thread] DEBUG Logger               - Closing Logger
