18:19:55.854 [main                     ] DEBUG Logger               - Configured Logger
18:19:55.869 [main                     ] DEBUG GameApplication      - Logging settings
Title: Zelda 2D Game par ماستن
Version: 1
Width: 800
Height: 800
Fullscreen: true
Intro: false
Profiling: false
Single step:false
App Mode: DEVELOPER
Menu Key: ESCAPE
Stage Style: DECORATED
Scene Factory: class com.almasb.fxgl.app.scene.SceneFactory

18:19:56.004 [JavaFX Application Thread] DEBUG FXGLApplication      - Initializing FXGL
18:19:56.009 [JavaFX Application Thread] INFO  Engine               - FXGL-17 (31.12.2021 18.16) on WINDOWS (J:21.0.2 FX:19)
18:19:56.010 [JavaFX Application Thread] DEBUG Engine               - JRE Vendor Name: Oracle Corporation
18:19:56.010 [JavaFX Application Thread] DEBUG Engine               - Running on OS: Windows 10 version 10.0
18:19:56.010 [JavaFX Application Thread] DEBUG Engine               - Architecture: amd64
18:19:56.010 [JavaFX Application Thread] INFO  Engine               - Source code and latest versions at: https://github.com/AlmasB/FXGL
18:19:56.010 [JavaFX Application Thread] INFO  Engine               -       Ask questions and discuss at: https://github.com/AlmasB/FXGL/discussions
18:19:56.011 [JavaFX Application Thread] INFO  Engine               -              Join the FXGL chat at: https://gitter.im/AlmasB/FXGL
18:19:56.084 [JavaFX Application Thread] DEBUG PrimaryStageWindow   - Creating a JavaFX scene
18:19:56.130 [JavaFX Application Thread] DEBUG PrimaryStageWindow   - Target settings size: 800.0 x 800.0
18:19:56.130 [JavaFX Application Thread] DEBUG PrimaryStageWindow   - Scaled scene size:    800.0 x 800.0
18:19:56.131 [JavaFX Application Thread] DEBUG PrimaryStageWindow   - Scaled ratio: (1.0, 1.0)
18:19:56.132 [JavaFX Application Thread] DEBUG PrimaryStageWindow   - Set initial scene to FXGLStartupScene
18:19:56.135 [JavaFX Application Thread] DEBUG PrimaryStageWindow   - Opening main window
18:19:56.213 [JavaFX Application Thread] DEBUG PrimaryStageWindow   - Window border size: (16.0, 39.0)
18:19:56.214 [JavaFX Application Thread] DEBUG PrimaryStageWindow   - Scaled size: 800.0 x 800.0
18:19:56.214 [JavaFX Application Thread] DEBUG PrimaryStageWindow   - Scaled ratio: (1.0, 1.0)
18:19:56.214 [JavaFX Application Thread] DEBUG PrimaryStageWindow   - Scene size: 800.0 x 800.0
18:19:56.214 [JavaFX Application Thread] DEBUG PrimaryStageWindow   - Stage size: 816.0 x 839.0
18:19:56.221 [FXGL Background Thread 1 ] DEBUG Engine               - Initializing environment variables
18:19:56.266 [FXGL Background Thread 1 ] DEBUG FXGLAssetLoaderServi - User app class for loading assets: class com.example.zeldapuzzle.MainGameApp
18:19:56.266 [FXGL Background Thread 1 ] DEBUG GameApplicationServi - Applying CSS: fxgl_dark.css
18:19:56.267 [FXGL Background Thread 1 ] DEBUG FXGLAssetLoaderServi - Loading from file system: jar:file:///C:/Users/mbour/.m2/repository/com/github/almasb/fxgl/17/fxgl-17.jar!/fxglassets/ui/css/fxgl_dark.css
18:19:56.321 [FXGL Background Thread 1 ] DEBUG GameApplicationServi - Initializing application scenes
18:19:56.359 [FXGL Background Thread 1 ] DEBUG GameWorld            - Game world initialized
18:19:56.423 [FXGL Background Thread 1 ] DEBUG PhysicsWorld         - Physics world initialized: appHeight=800, physics.ppm=50,0
18:19:56.423 [FXGL Background Thread 1 ] DEBUG PhysicsWorld         - Using strategy: BRUTE_FORCE
18:19:56.427 [FXGL Background Thread 1 ] DEBUG GameScene            - Game scene initialized: 800x800
18:19:56.441 [FXGL Background Thread 1 ] DEBUG FXGL.DefaultMenu     - createMenuBodyMainMenu()
18:19:56.455 [FXGL Background Thread 1 ] DEBUG FXGL.DefaultMenu     - createOptionsMenu()
18:19:56.464 [FXGL Background Thread 1 ] DEBUG FXGLAssetLoaderServi - Loading from file system: jar:file:///C:/Users/mbour/.m2/repository/com/github/almasb/fxgl/17/fxgl-17.jar!/fxglassets/textures/particles/smoke.png
18:19:56.547 [FXGL Background Thread 1 ] DEBUG FXGLAssetLoaderServi - Loading from file system: jar:file:///C:/Users/mbour/.m2/repository/com/github/almasb/fxgl/17/fxgl-17.jar!/fxglassets/textures/particles/trace_horizontal.png
18:19:56.565 [FXGL Background Thread 1 ] DEBUG FXGL.DefaultMenu     - createMenuBodyGameMenu()
18:19:56.566 [FXGL Background Thread 1 ] DEBUG FXGL.DefaultMenu     - createOptionsMenu()
18:19:56.585 [FXGL Background Thread 1 ] DEBUG GameApplicationServi - Application scenes initialized
18:19:56.600 [FXGL Background Thread 1 ] DEBUG SystemBundleService  - Loading FXGL system data
18:19:56.607 [FXGL Background Thread 1 ] DEBUG FileSystemAccess     - Reading from: C:\Users\mbour\OneDrive\Bureau\Zelda TOTK WINRAR\zeldaPuzzle\system\fxgl.bundle
18:19:56.620 [FXGL Background Thread 1 ] DEBUG SystemBundleService  - Bundle FXGL: {}
18:19:56.620 [FXGL Background Thread 1 ] DEBUG UpdaterService       - Checking for updates
18:19:56.650 [FXGL Background Thread 4 ] DEBUG FXGLApplication      - Loading fonts
18:19:56.650 [FXGL Background Thread 1 ] DEBUG FXGLApplication      - Loading default localization
18:19:56.651 [FXGL Background Thread 4 ] DEBUG FXGLAssetLoaderServi - Loading from file system: jar:file:///C:/Users/mbour/.m2/repository/com/github/almasb/fxgl/17/fxgl-17.jar!/fxglassets/ui/fonts/VarelaRound-Regular.ttf
18:19:56.651 [FXGL Background Thread 1 ] DEBUG FXGLAssetLoaderServi - Loading from file system: jar:file:///C:/Users/mbour/.m2/repository/com/github/almasb/fxgl/17/fxgl-17.jar!/fxglassets/languages/english.lang
18:19:56.671 [FXGL Background Thread 1 ] INFO  FXGLApplication      - FXGL initialization took: 0,450 sec
18:19:56.683 [JavaFX Application Thread] DEBUG Input                - Registered new binding: inventaire - Tab
18:19:56.684 [JavaFX Application Thread] DEBUG Input                - Registered new binding: getPosition - P
18:19:56.684 [JavaFX Application Thread] DEBUG Input                - Registered new binding: zoom+ - Up
18:19:56.684 [JavaFX Application Thread] DEBUG Input                - Registered new binding: zoom- - Down
18:19:56.684 [JavaFX Application Thread] DEBUG Input                - Registered new binding: resetZoom - 0
18:19:56.684 [JavaFX Application Thread] DEBUG Input                - Registered new binding: Move right - D
18:19:56.685 [JavaFX Application Thread] DEBUG Input                - Registered new binding: Move left - A
18:19:56.685 [JavaFX Application Thread] DEBUG Input                - Registered new binding: Move Up - W
18:19:56.685 [JavaFX Application Thread] DEBUG Input                - Registered new binding: Move Down - S
18:19:56.686 [JavaFX Application Thread] DEBUG FXGLAssetLoaderServi - Loading from file system: jar:file:///C:/Users/mbour/.m2/repository/com/github/almasb/fxgl/17/fxgl-17.jar!/fxglassets/textures/fxgl_icon.png
18:19:56.697 [FXGL Background Thread 4 ] DEBUG FXGLAssetLoaderServi - Loading from file system: jar:file:///C:/Users/mbour/.m2/repository/com/github/almasb/fxgl/17/fxgl-17.jar!/fxglassets/ui/fonts/Abel-Regular.ttf
18:19:56.699 [JavaFX Application Thread] DEBUG FXGLAssetLoaderServi - Loading from file system: jar:file:///C:/Users/mbour/.m2/repository/com/github/almasb/fxgl/17/fxgl-17.jar!/fxglassets/textures/fxgl_default_cursor.png
18:19:56.701 [JavaFX Application Thread] DEBUG Input                - Registered new binding: Screenshot - CTRL+8
18:19:56.702 [JavaFX Application Thread] DEBUG Input                - Registered new binding: Dev Options - 1
18:19:56.702 [JavaFX Application Thread] DEBUG Input                - Registered new binding: Dev Console - 2
18:19:56.703 [JavaFX Application Thread] DEBUG Input                - Registered new binding: System info dump - CTRL+9
18:19:56.704 [JavaFX Application Thread] DEBUG Input                - Registered new binding: Restart - CTRL+R
18:19:56.705 [JavaFX Application Thread] DEBUG Input                - Registered new binding: Toggle Debug Camera - CTRL+7
18:19:56.708 [JavaFX Application Thread] DEBUG LoopRunner           - Starting loop
18:19:56.709 [FXGL Background Thread 4 ] DEBUG FXGLAssetLoaderServi - Loading from file system: jar:file:///C:/Users/mbour/.m2/repository/com/github/almasb/fxgl/17/fxgl-17.jar!/fxglassets/ui/fonts/TerminalLandMono-Regular.otf
18:19:56.720 [JavaFX Application Thread] DEBUG LoopRunner           - Initializing JavaFX AnimationTimerLoop
18:19:56.723 [JavaFX Application Thread] DEBUG Input                - Clearing active input actions
18:19:56.732 [FXGL Background Thread 4 ] DEBUG FXGLAssetLoaderServi - Loading from file system: jar:file:///C:/Users/mbour/.m2/repository/com/github/almasb/fxgl/17/fxgl-17.jar!/fxglassets/ui/fonts/Courier-Prime.ttf
18:19:56.733 [JavaFX Application Thread] DEBUG GameApplicationServi - Removing overlay from FXGLStartupScene and adding to FXGLMainMenuDummyScene
18:19:56.738 [JavaFX Application Thread] DEBUG PrimaryStageWindow   - FXGLStartupScene -> FXGLMainMenuDummyScene
18:19:56.738 [JavaFX Application Thread] DEBUG PrimaryStageWindow   - Push state: FXGLDefaultMenu
18:19:56.740 [JavaFX Application Thread] DEBUG Input                - Clearing active input actions
18:19:56.749 [JavaFX Application Thread] DEBUG GameApplicationServi - Removing overlay from FXGLMainMenuDummyScene and adding to FXGLDefaultMenu
18:19:56.750 [JavaFX Application Thread] DEBUG PrimaryStageWindow   - FXGLMainMenuDummyScene -> FXGLDefaultMenu
18:19:56.954 [JavaFX Application Thread] DEBUG FXGLApplication      - Registering font factories with UI factory
18:19:57.061 [FXGL Background Thread 2 ] INFO  UpdaterService       - Your current version:  17
18:19:57.062 [FXGL Background Thread 2 ] INFO  UpdaterService       - Latest stable version: 21.1
18:19:57.740 [JavaFX Application Thread] DEBUG Menu                 - fireNewGame()
18:19:57.740 [JavaFX Application Thread] DEBUG GameApplicationServi - Starting new game
18:19:57.742 [JavaFX Application Thread] DEBUG PrimaryStageWindow   - Pop state: FXGLDefaultMenu
18:19:57.743 [JavaFX Application Thread] DEBUG Input                - Clearing active input actions
18:19:57.744 [JavaFX Application Thread] DEBUG GameApplicationServi - Removing overlay from FXGLDefaultMenu and adding to FXGLMainMenuDummyScene
18:19:57.747 [JavaFX Application Thread] DEBUG PrimaryStageWindow   - FXGLMainMenuDummyScene <- FXGLDefaultMenu
18:19:57.748 [JavaFX Application Thread] DEBUG Input                - Clearing active input actions
18:19:57.757 [JavaFX Application Thread] DEBUG GameApplicationServi - Removing overlay from FXGLMainMenuDummyScene and adding to FXGLLoadingScene
18:19:57.758 [JavaFX Application Thread] DEBUG PrimaryStageWindow   - FXGLMainMenuDummyScene -> FXGLLoadingScene
18:19:57.758 [JavaFX Application Thread] DEBUG GameApplicationServi - Clearing previous game
18:19:57.759 [JavaFX Application Thread] DEBUG GameScene            - Clearing game scene
18:19:57.759 [JavaFX Application Thread] DEBUG GameWorld            - Clearing game world
18:19:57.759 [JavaFX Application Thread] DEBUG PhysicsWorld         - Clearing physics world
18:19:57.762 [FXGL Background Thread 2 ] DEBUG FXGLApplication      - Initializing game
18:19:57.819 [FXGL Background Thread 2 ] WARN  TMXLevelLoader       - TiledMap generated from 1.10.2. Supported version: 1.2.3. Some features may not be parsed fully.
18:19:57.828 [FXGL Background Thread 2 ] DEBUG TMXLevelLoader       - Parsed TiledMap: file:/C:/Users/mbour/OneDrive/Bureau/Zelda%20TOTK%20WINRAR/zeldaPuzzle/target/classes/assets/levels/StartingMap.tmx
18:19:57.829 [FXGL Background Thread 2 ] DEBUG TMXLevelLoader       - Creating tile layer entities
18:19:57.831 [FXGL Background Thread 2 ] DEBUG TilesetLoader        - Loading view for layer Calque de Tuiles 1
18:19:57.834 [FXGL Background Thread 2 ] DEBUG TilesetLoader        - Created buffer with size 960.0x960.0
18:19:57.851 [FXGL Background Thread 2 ] DEBUG TilesetLoader        - Loading view for layer Calque de Tuiles 2
18:19:57.853 [FXGL Background Thread 2 ] DEBUG TilesetLoader        - Created buffer with size 960.0x960.0
18:19:57.862 [FXGL Background Thread 2 ] DEBUG TMXLevelLoader       - Creating object layer entities
18:19:57.863 [FXGL Background Thread 2 ] DEBUG GameWorld            - Clearing removable entities
18:19:57.864 [FXGL Background Thread 2 ] DEBUG GameWorld            - Setting level: com.almasb.fxgl.entity.level.Level@16207381
18:19:57.894 [FXGL Background Thread 2 ] WARN  GameWorld            - Entity is already attached to world
18:19:57.952 [FXGL Background Thread 2 ] WARN  GameWorld            - Entity is already attached to world
18:19:57.957 [FXGL Background Thread 2 ] INFO  FXGLApplication      - Game initialization took: 0,194 sec
18:19:57.958 [JavaFX Application Thread] DEBUG Input                - Clearing active input actions
18:19:57.962 [JavaFX Application Thread] DEBUG GameApplicationServi - Removing overlay from FXGLLoadingScene and adding to GameScene
18:19:57.964 [JavaFX Application Thread] DEBUG PrimaryStageWindow   - FXGLLoadingScene -> GameScene
18:19:59.650 [FXGL Background Thread 3 ] DEBUG Engine               - Logging environment variables
18:19:59.650 [FXGL Background Thread 3 ] DEBUG Engine               - achievements: []
18:19:59.650 [FXGL Background Thread 3 ] DEBUG Engine               - actualHeight: 800.0
18:19:59.650 [FXGL Background Thread 3 ] DEBUG Engine               - actualHeightProperty: ReadOnlyDoubleProperty [value: 800.0]
18:19:59.650 [FXGL Background Thread 3 ] DEBUG Engine               - actualWidth: 800.0
18:19:59.650 [FXGL Background Thread 3 ] DEBUG Engine               - actualWidthProperty: ReadOnlyDoubleProperty [value: 800.0]
18:19:59.650 [FXGL Background Thread 3 ] DEBUG Engine               - appIcon: fxgl_icon.png
18:19:59.650 [FXGL Background Thread 3 ] DEBUG Engine               - applicationMode: DEVELOPER
18:19:59.650 [FXGL Background Thread 3 ] DEBUG Engine               - cSSList: [fxgl_dark.css]
18:19:59.650 [FXGL Background Thread 3 ] DEBUG Engine               - collisionDetectionStrategy: BRUTE_FORCE
18:19:59.651 [FXGL Background Thread 3 ] DEBUG Engine               - configClass: Optional.empty
18:19:59.651 [FXGL Background Thread 3 ] DEBUG Engine               - credits: []
18:19:59.651 [FXGL Background Thread 3 ] DEBUG Engine               - defaultCursor: CursorInfo(imageName=fxgl_default_cursor.png, hotspotX=7.0, hotspotY=6.0)
18:19:59.651 [FXGL Background Thread 3 ] DEBUG Engine               - devBBoxColorProperty: ObjectProperty [value: 0xff0000ff]
18:19:59.651 [FXGL Background Thread 3 ] DEBUG Engine               - devEnableDebugCameraProperty: BooleanProperty [value: false]
18:19:59.651 [FXGL Background Thread 3 ] DEBUG Engine               - devSensorColorProperty: ObjectProperty [value: 0xffff00ff]
18:19:59.651 [FXGL Background Thread 3 ] DEBUG Engine               - devShowBBoxProperty: BooleanProperty [value: false]
18:19:59.651 [FXGL Background Thread 3 ] DEBUG Engine               - devShowPositionProperty: BooleanProperty [value: false]
18:19:59.651 [FXGL Background Thread 3 ] DEBUG Engine               - enabledMenuItems: []
18:19:59.651 [FXGL Background Thread 3 ] DEBUG Engine               - engineServices: [class com.almasb.fxgl.app.services.FXGLAssetLoaderService, class com.almasb.fxgl.app.FXGLApplication$GameApplicationService, class com.almasb.fxgl.app.services.FXGLDialogService, class com.almasb.fxgl.app.services.IOTaskExecutorService, class com.almasb.fxgl.io.FileSystemService, class com.almasb.fxgl.localization.LocalizationService, class com.almasb.fxgl.app.services.SystemBundleService, class com.almasb.fxgl.profile.SaveLoadService, class com.almasb.fxgl.ui.FXGLUIFactoryServiceProvider, class com.almasb.fxgl.ui.FXGLDialogFactoryServiceProvider, class com.almasb.fxgl.audio.AudioPlayer, class com.almasb.fxgl.notification.impl.NotificationServiceProvider, class com.almasb.fxgl.achievement.AchievementService, class com.almasb.fxgl.cutscene.CutsceneService, class com.almasb.fxgl.minigames.MiniGameService, class com.almasb.fxgl.net.NetService, class com.almasb.fxgl.app.services.UpdaterService, class com.almasb.fxgl.dev.DevService]
18:19:59.651 [FXGL Background Thread 3 ] DEBUG Engine               - fontGame: Abel-Regular.ttf
18:19:59.651 [FXGL Background Thread 3 ] DEBUG Engine               - fontMono: TerminalLandMono-Regular.otf
18:19:59.652 [FXGL Background Thread 3 ] DEBUG Engine               - fontText: Courier-Prime.ttf
18:19:59.652 [FXGL Background Thread 3 ] DEBUG Engine               - fontUI: VarelaRound-Regular.ttf
18:19:59.652 [FXGL Background Thread 3 ] DEBUG Engine               - fullScreen: BooleanProperty [value: false]
18:19:59.652 [FXGL Background Thread 3 ] DEBUG Engine               - gameDifficulty: MEDIUM
18:19:59.652 [FXGL Background Thread 3 ] DEBUG Engine               - gameDifficultyProperty: ObjectProperty [value: MEDIUM]
18:19:59.652 [FXGL Background Thread 3 ] DEBUG Engine               - globalMusicVolume: 0.5
18:19:59.652 [FXGL Background Thread 3 ] DEBUG Engine               - globalMusicVolumeProperty: DoubleProperty [value: 0.5]
18:19:59.652 [FXGL Background Thread 3 ] DEBUG Engine               - globalSoundVolume: 0.5
18:19:59.652 [FXGL Background Thread 3 ] DEBUG Engine               - globalSoundVolumeProperty: DoubleProperty [value: 0.5]
18:19:59.652 [FXGL Background Thread 3 ] DEBUG Engine               - height: 800
18:19:59.652 [FXGL Background Thread 3 ] DEBUG Engine               - is3D: false
18:19:59.652 [FXGL Background Thread 3 ] DEBUG Engine               - isAndroid: false
18:19:59.652 [FXGL Background Thread 3 ] DEBUG Engine               - isBrowser: false
18:19:59.652 [FXGL Background Thread 3 ] DEBUG Engine               - isClickFeedbackEnabled: false
18:19:59.652 [FXGL Background Thread 3 ] DEBUG Engine               - isCloseConfirmation: false
18:19:59.652 [FXGL Background Thread 3 ] DEBUG Engine               - isDesktop: true
18:19:59.652 [FXGL Background Thread 3 ] DEBUG Engine               - isDeveloperMenuEnabled: true
18:19:59.652 [FXGL Background Thread 3 ] DEBUG Engine               - isEmbedded: false
18:19:59.652 [FXGL Background Thread 3 ] DEBUG Engine               - isEntityPreloadEnabled: true
18:19:59.652 [FXGL Background Thread 3 ] DEBUG Engine               - isExperimentalTiledLargeMap: false
18:19:59.652 [FXGL Background Thread 3 ] DEBUG Engine               - isFileSystemWriteAllowed: true
18:19:59.653 [FXGL Background Thread 3 ] DEBUG Engine               - isFullScreenAllowed: true
18:19:59.653 [FXGL Background Thread 3 ] DEBUG Engine               - isFullScreenFromStart: false
18:19:59.653 [FXGL Background Thread 3 ] DEBUG Engine               - isGameMenuEnabled: true
18:19:59.653 [FXGL Background Thread 3 ] DEBUG Engine               - isIOS: false
18:19:59.653 [FXGL Background Thread 3 ] DEBUG Engine               - isIntroEnabled: false
18:19:59.653 [FXGL Background Thread 3 ] DEBUG Engine               - isLinux: false
18:19:59.653 [FXGL Background Thread 3 ] DEBUG Engine               - isMac: false
18:19:59.653 [FXGL Background Thread 3 ] DEBUG Engine               - isMainMenuEnabled: true
18:19:59.653 [FXGL Background Thread 3 ] DEBUG Engine               - isManualResizeEnabled: false
18:19:59.653 [FXGL Background Thread 3 ] DEBUG Engine               - isMobile: false
18:19:59.653 [FXGL Background Thread 3 ] DEBUG Engine               - isNative: false
18:19:59.653 [FXGL Background Thread 3 ] DEBUG Engine               - isPauseMusicWhenMinimized: true
18:19:59.653 [FXGL Background Thread 3 ] DEBUG Engine               - isPreserveResizeRatio: false
18:19:59.653 [FXGL Background Thread 3 ] DEBUG Engine               - isProfilingEnabled: false
18:19:59.653 [FXGL Background Thread 3 ] DEBUG Engine               - isScaleAffectedOnResize: true
18:19:59.653 [FXGL Background Thread 3 ] DEBUG Engine               - isSingleStep: false
18:19:59.653 [FXGL Background Thread 3 ] DEBUG Engine               - isUserProfileEnabled: false
18:19:59.653 [FXGL Background Thread 3 ] DEBUG Engine               - isWindows: true
18:19:59.653 [FXGL Background Thread 3 ] DEBUG Engine               - language: ObjectProperty [value: ENGLISH]
18:19:59.653 [FXGL Background Thread 3 ] DEBUG Engine               - menuKey: ESCAPE
18:19:59.653 [FXGL Background Thread 3 ] DEBUG Engine               - mouseSensitivity: 0.2
18:19:59.653 [FXGL Background Thread 3 ] DEBUG Engine               - notificationViewClass: class com.almasb.fxgl.notification.view.XboxNotificationView
18:19:59.653 [FXGL Background Thread 3 ] DEBUG Engine               - pixelsPerMeter: 50.0
18:19:59.653 [FXGL Background Thread 3 ] DEBUG Engine               - platform: WINDOWS
18:19:59.653 [FXGL Background Thread 3 ] DEBUG Engine               - prefHeightProperty: ReadOnlyDoubleProperty [value: 800.0]
18:19:59.654 [FXGL Background Thread 3 ] DEBUG Engine               - prefWidthProperty: ReadOnlyDoubleProperty [value: 800.0]
18:19:59.654 [FXGL Background Thread 3 ] DEBUG Engine               - profileDir: profiles/
18:19:59.654 [FXGL Background Thread 3 ] DEBUG Engine               - profileName: StringProperty [value: DEFAULT]
18:19:59.654 [FXGL Background Thread 3 ] DEBUG Engine               - randomSeed: -1
18:19:59.654 [FXGL Background Thread 3 ] DEBUG Engine               - runtimeInfo: RuntimeInfo(platform=WINDOWS, version=17, build=31.12.2021 18.16)
18:19:59.654 [FXGL Background Thread 3 ] DEBUG Engine               - saveFileExt: sav
18:19:59.654 [FXGL Background Thread 3 ] DEBUG Engine               - scaledHeightProp$fxgl: DoubleProperty [bound, value: 800.0]
18:19:59.654 [FXGL Background Thread 3 ] DEBUG Engine               - scaledWidthProp$fxgl: DoubleProperty [bound, value: 800.0]
18:19:59.654 [FXGL Background Thread 3 ] DEBUG Engine               - sceneFactory: com.almasb.fxgl.app.scene.SceneFactory@2a09327e
18:19:59.654 [FXGL Background Thread 3 ] DEBUG Engine               - secondsIn24h: 60
18:19:59.654 [FXGL Background Thread 3 ] DEBUG Engine               - soundMenuBack: menu/back.wav
18:19:59.654 [FXGL Background Thread 3 ] DEBUG Engine               - soundMenuPress: menu/press.wav
18:19:59.654 [FXGL Background Thread 3 ] DEBUG Engine               - soundMenuSelect: menu/select.wav
18:19:59.654 [FXGL Background Thread 3 ] DEBUG Engine               - soundNotification: core/notification.wav
18:19:59.654 [FXGL Background Thread 3 ] DEBUG Engine               - stageStyle: DECORATED
18:19:59.655 [FXGL Background Thread 3 ] DEBUG Engine               - supportedLanguages: [ENGLISH, FRENCH, GERMAN, HUNGARIAN, RUSSIAN]
18:19:59.655 [FXGL Background Thread 3 ] DEBUG Engine               - ticksPerSecond: -1
18:19:59.655 [FXGL Background Thread 3 ] DEBUG Engine               - title: Zelda 2D Game par ماستن
18:19:59.655 [FXGL Background Thread 3 ] DEBUG Engine               - urlGithub: https://github.com/AlmasB/FXGL
18:19:59.655 [FXGL Background Thread 3 ] DEBUG Engine               - urlLeaderboard: http://fxgl-top.herokuapp.com/
18:19:59.655 [FXGL Background Thread 3 ] DEBUG Engine               - urlPOM: https://raw.githubusercontent.com/AlmasB/FXGL/release/README.md
18:19:59.655 [FXGL Background Thread 3 ] DEBUG Engine               - userAppClass: class com.example.zeldapuzzle.MainGameApp
18:19:59.655 [FXGL Background Thread 3 ] DEBUG Engine               - version: 1
18:19:59.655 [FXGL Background Thread 3 ] DEBUG Engine               - versionCheckDays: 7
18:19:59.655 [FXGL Background Thread 3 ] DEBUG Engine               - width: 800
18:19:59.655 [FXGL Background Thread 3 ] DEBUG Engine               - Logging services
18:19:59.655 [FXGL Background Thread 3 ] DEBUG Engine               - class com.almasb.fxgl.app.services.FXGLAssetLoaderService
18:19:59.655 [FXGL Background Thread 3 ] DEBUG Engine               - class com.almasb.fxgl.app.FXGLApplication$GameApplicationService
18:19:59.655 [FXGL Background Thread 3 ] DEBUG Engine               - class com.almasb.fxgl.app.services.FXGLDialogService
18:19:59.655 [FXGL Background Thread 3 ] DEBUG Engine               - class com.almasb.fxgl.app.services.IOTaskExecutorService
18:19:59.655 [FXGL Background Thread 3 ] DEBUG Engine               - class com.almasb.fxgl.io.FileSystemService
18:19:59.655 [FXGL Background Thread 3 ] DEBUG Engine               - class com.almasb.fxgl.localization.LocalizationService
18:19:59.655 [FXGL Background Thread 3 ] DEBUG Engine               - class com.almasb.fxgl.app.services.SystemBundleService
18:19:59.655 [FXGL Background Thread 3 ] DEBUG Engine               - class com.almasb.fxgl.profile.SaveLoadService
18:19:59.655 [FXGL Background Thread 3 ] DEBUG Engine               - class com.almasb.fxgl.ui.FXGLUIFactoryServiceProvider
18:19:59.655 [FXGL Background Thread 3 ] DEBUG Engine               - class com.almasb.fxgl.ui.FXGLDialogFactoryServiceProvider
18:19:59.656 [FXGL Background Thread 3 ] DEBUG Engine               - class com.almasb.fxgl.audio.AudioPlayer
18:19:59.656 [FXGL Background Thread 3 ] DEBUG Engine               - class com.almasb.fxgl.notification.impl.NotificationServiceProvider
18:19:59.656 [FXGL Background Thread 3 ] DEBUG Engine               - class com.almasb.fxgl.achievement.AchievementService
18:19:59.656 [FXGL Background Thread 3 ] DEBUG Engine               - class com.almasb.fxgl.cutscene.CutsceneService
18:19:59.656 [FXGL Background Thread 3 ] DEBUG Engine               - class com.almasb.fxgl.minigames.MiniGameService
18:19:59.656 [FXGL Background Thread 3 ] DEBUG Engine               - class com.almasb.fxgl.net.NetService
18:19:59.656 [FXGL Background Thread 3 ] DEBUG Engine               - class com.almasb.fxgl.app.services.UpdaterService
18:19:59.656 [FXGL Background Thread 3 ] DEBUG Engine               - class com.almasb.fxgl.dev.DevService
18:20:02.585 [JavaFX Application Thread] DEBUG FXGLApplication      - Exiting FXGL
18:20:02.585 [JavaFX Application Thread] DEBUG LoopRunner           - Stopping loop
18:20:02.585 [JavaFX Application Thread] DEBUG SystemBundleService  - Saving FXGL system data
18:20:02.587 [JavaFX Application Thread] DEBUG FileSystemAccess     - Writing to: C:\Users\mbour\OneDrive\Bureau\Zelda TOTK WINRAR\zeldaPuzzle\system\fxgl.bundle
18:20:02.589 [JavaFX Application Thread] DEBUG Async                - Shutting down background threads
18:20:02.589 [JavaFX Application Thread] DEBUG PrimaryStageWindow   - Closing main window
18:20:02.599 [JavaFX Application Thread] DEBUG Logger               - Closing Logger
