11:11:53.598 [main                     ] DEBUG Logger               - Configured Logger
11:11:53.617 [main                     ] DEBUG GameApplication      - Logging settings
Title: Zelda 2D Game
Version: 1
Width: 800
Height: 800
Fullscreen: true
Intro: false
Profiling: false
Single step:false
App Mode: DEVELOPER
Menu Key: ESCAPE
Stage Style: DECORATED
Scene Factory: class com.almasb.fxgl.app.scene.SceneFactory

11:11:53.812 [JavaFX Application Thread] DEBUG FXGLApplication      - Initializing FXGL
11:11:53.816 [JavaFX Application Thread] INFO  Engine               - FXGL-17 (31.12.2021 18.16) on MAC (J:19.0.1 FX:19)
11:11:53.816 [JavaFX Application Thread] DEBUG Engine               - JRE Vendor Name: Oracle Corporation
11:11:53.817 [JavaFX Application Thread] DEBUG Engine               - Running on OS: Mac OS X version 12.5
11:11:53.817 [JavaFX Application Thread] DEBUG Engine               - Architecture: aarch64
11:11:53.817 [JavaFX Application Thread] INFO  Engine               - Source code and latest versions at: https://github.com/AlmasB/FXGL
11:11:53.817 [JavaFX Application Thread] INFO  Engine               -       Ask questions and discuss at: https://github.com/AlmasB/FXGL/discussions
11:11:53.817 [JavaFX Application Thread] INFO  Engine               -              Join the FXGL chat at: https://gitter.im/AlmasB/FXGL
11:11:53.877 [JavaFX Application Thread] DEBUG PrimaryStageWindow   - Creating a JavaFX scene
11:11:53.913 [JavaFX Application Thread] DEBUG PrimaryStageWindow   - Target settings size: 800.0 x 800.0
11:11:53.914 [JavaFX Application Thread] DEBUG PrimaryStageWindow   - Scaled scene size:    800.0 x 800.0
11:11:53.914 [JavaFX Application Thread] DEBUG PrimaryStageWindow   - Scaled ratio: (1.0, 1.0)
11:11:53.915 [JavaFX Application Thread] DEBUG PrimaryStageWindow   - Set initial scene to FXGLStartupScene
11:11:53.918 [JavaFX Application Thread] DEBUG PrimaryStageWindow   - Opening main window
11:11:54.022 [JavaFX Application Thread] DEBUG PrimaryStageWindow   - Window border size: (0.0, 28.0)
11:11:54.023 [JavaFX Application Thread] DEBUG PrimaryStageWindow   - Scaled size: 800.0 x 800.0
11:11:54.023 [JavaFX Application Thread] DEBUG PrimaryStageWindow   - Scaled ratio: (1.0, 1.0)
11:11:54.023 [JavaFX Application Thread] DEBUG PrimaryStageWindow   - Scene size: 800.0 x 800.0
11:11:54.023 [JavaFX Application Thread] DEBUG PrimaryStageWindow   - Stage size: 800.0 x 828.0
11:11:54.028 [FXGL Background Thread 1 ] DEBUG Engine               - Initializing environment variables
11:11:54.063 [FXGL Background Thread 1 ] DEBUG FXGLAssetLoaderServi - User app class for loading assets: class com.example.zeldapuzzle.MainGameApp
11:11:54.063 [FXGL Background Thread 1 ] DEBUG GameApplicationServi - Applying CSS: fxgl_dark.css
11:11:54.064 [FXGL Background Thread 1 ] DEBUG FXGLAssetLoaderServi - Loading from file system: jar:file:///Users/CHLaroche05/.m2/repository/com/github/almasb/fxgl/17/fxgl-17.jar!/fxglassets/ui/css/fxgl_dark.css
11:11:54.115 [FXGL Background Thread 1 ] DEBUG GameApplicationServi - Initializing application scenes
11:11:54.297 [FXGL Background Thread 1 ] DEBUG GameWorld            - Game world initialized
11:11:54.353 [FXGL Background Thread 1 ] DEBUG PhysicsWorld         - Physics world initialized: appHeight=800, physics.ppm=50.0
11:11:54.354 [FXGL Background Thread 1 ] DEBUG PhysicsWorld         - Using strategy: BRUTE_FORCE
11:11:54.357 [FXGL Background Thread 1 ] DEBUG GameScene            - Game scene initialized: 800x800
11:11:54.367 [FXGL Background Thread 1 ] DEBUG FXGL.DefaultMenu     - createMenuBodyMainMenu()
11:11:54.390 [FXGL Background Thread 1 ] DEBUG FXGL.DefaultMenu     - createOptionsMenu()
11:11:54.397 [FXGL Background Thread 1 ] DEBUG FXGLAssetLoaderServi - Loading from file system: jar:file:///Users/CHLaroche05/.m2/repository/com/github/almasb/fxgl/17/fxgl-17.jar!/fxglassets/textures/particles/smoke.png
11:11:54.673 [FXGL Background Thread 1 ] DEBUG FXGLAssetLoaderServi - Loading from file system: jar:file:///Users/CHLaroche05/.m2/repository/com/github/almasb/fxgl/17/fxgl-17.jar!/fxglassets/textures/particles/trace_horizontal.png
11:11:54.725 [FXGL Background Thread 1 ] DEBUG FXGL.DefaultMenu     - createMenuBodyGameMenu()
11:11:54.727 [FXGL Background Thread 1 ] DEBUG FXGL.DefaultMenu     - createOptionsMenu()
11:11:54.767 [FXGL Background Thread 1 ] DEBUG GameApplicationServi - Application scenes initialized
11:11:54.783 [FXGL Background Thread 1 ] DEBUG SystemBundleService  - Loading FXGL system data
11:11:54.788 [FXGL Background Thread 1 ] DEBUG FileSystemAccess     - Reading from: /Users/CHLaroche05/zelda/zeldaPuzzle/system/fxgl.bundle
11:11:54.800 [FXGL Background Thread 1 ] DEBUG SystemBundleService  - Bundle FXGL: {}
11:11:54.800 [FXGL Background Thread 1 ] DEBUG UpdaterService       - Checking for updates
11:11:54.829 [FXGL Background Thread 4 ] DEBUG FXGLApplication      - Loading fonts
11:11:54.830 [FXGL Background Thread 4 ] DEBUG FXGLAssetLoaderServi - Loading from file system: jar:file:///Users/CHLaroche05/.m2/repository/com/github/almasb/fxgl/17/fxgl-17.jar!/fxglassets/ui/fonts/VarelaRound-Regular.ttf
11:11:54.830 [FXGL Background Thread 1 ] DEBUG FXGLApplication      - Loading default localization
11:11:54.831 [FXGL Background Thread 1 ] DEBUG FXGLAssetLoaderServi - Loading from file system: jar:file:///Users/CHLaroche05/.m2/repository/com/github/almasb/fxgl/17/fxgl-17.jar!/fxglassets/languages/english.lang
11:11:54.850 [FXGL Background Thread 4 ] DEBUG FXGLAssetLoaderServi - Loading from file system: jar:file:///Users/CHLaroche05/.m2/repository/com/github/almasb/fxgl/17/fxgl-17.jar!/fxglassets/ui/fonts/Abel-Regular.ttf
11:11:54.853 [FXGL Background Thread 4 ] DEBUG FXGLAssetLoaderServi - Loading from file system: jar:file:///Users/CHLaroche05/.m2/repository/com/github/almasb/fxgl/17/fxgl-17.jar!/fxglassets/ui/fonts/TerminalLandMono-Regular.otf
11:11:54.857 [FXGL Background Thread 1 ] INFO  FXGLApplication      - FXGL initialization took: 0.829 sec
11:11:54.857 [FXGL Background Thread 4 ] DEBUG FXGLAssetLoaderServi - Loading from file system: jar:file:///Users/CHLaroche05/.m2/repository/com/github/almasb/fxgl/17/fxgl-17.jar!/fxglassets/ui/fonts/Courier-Prime.ttf
11:11:54.865 [JavaFX Application Thread] DEBUG Input                - Registered new binding: getPosition - P
11:11:54.868 [JavaFX Application Thread] DEBUG Input                - Registered new binding: zoom+ - Up
11:11:54.869 [JavaFX Application Thread] DEBUG Input                - Registered new binding: zoom- - Down
11:11:54.869 [JavaFX Application Thread] DEBUG Input                - Registered new binding: resetZoom - 0
11:11:54.869 [JavaFX Application Thread] DEBUG Input                - Registered new binding: Move right - D
11:11:54.869 [JavaFX Application Thread] DEBUG Input                - Registered new binding: Move left - A
11:11:54.869 [JavaFX Application Thread] DEBUG Input                - Registered new binding: Move Up - W
11:11:54.869 [JavaFX Application Thread] DEBUG Input                - Registered new binding: Move Down - S
11:11:54.869 [JavaFX Application Thread] DEBUG FXGLAssetLoaderServi - Loading from file system: jar:file:///Users/CHLaroche05/.m2/repository/com/github/almasb/fxgl/17/fxgl-17.jar!/fxglassets/textures/fxgl_icon.png
11:11:54.883 [JavaFX Application Thread] DEBUG FXGLAssetLoaderServi - Loading from file system: jar:file:///Users/CHLaroche05/.m2/repository/com/github/almasb/fxgl/17/fxgl-17.jar!/fxglassets/textures/fxgl_default_cursor.png
11:11:54.885 [JavaFX Application Thread] DEBUG Input                - Registered new binding: Screenshot - CTRL+8
11:11:54.885 [JavaFX Application Thread] DEBUG Input                - Registered new binding: Dev Options - 1
11:11:54.885 [JavaFX Application Thread] DEBUG Input                - Registered new binding: Dev Console - 2
11:11:54.885 [JavaFX Application Thread] DEBUG Input                - Registered new binding: System info dump - CTRL+9
11:11:54.886 [JavaFX Application Thread] DEBUG Input                - Registered new binding: Restart - CTRL+R
11:11:54.886 [JavaFX Application Thread] DEBUG Input                - Registered new binding: Toggle Debug Camera - CTRL+7
11:11:54.888 [JavaFX Application Thread] DEBUG LoopRunner           - Starting loop
11:11:54.899 [JavaFX Application Thread] DEBUG LoopRunner           - Initializing JavaFX AnimationTimerLoop
11:11:54.901 [JavaFX Application Thread] DEBUG Input                - Clearing active input actions
11:11:54.909 [JavaFX Application Thread] DEBUG GameApplicationServi - Removing overlay from FXGLStartupScene and adding to FXGLMainMenuDummyScene
11:11:54.913 [JavaFX Application Thread] DEBUG PrimaryStageWindow   - FXGLStartupScene -> FXGLMainMenuDummyScene
11:11:54.914 [JavaFX Application Thread] DEBUG PrimaryStageWindow   - Push state: FXGLDefaultMenu
11:11:54.916 [JavaFX Application Thread] DEBUG Input                - Clearing active input actions
11:11:54.922 [JavaFX Application Thread] DEBUG GameApplicationServi - Removing overlay from FXGLMainMenuDummyScene and adding to FXGLDefaultMenu
11:11:54.923 [JavaFX Application Thread] DEBUG PrimaryStageWindow   - FXGLMainMenuDummyScene -> FXGLDefaultMenu
11:11:54.942 [JavaFX Application Thread] DEBUG FXGLApplication      - Registering font factories with UI factory
11:11:55.194 [FXGL Background Thread 2 ] INFO  UpdaterService       - Your current version:  17
11:11:55.194 [FXGL Background Thread 2 ] INFO  UpdaterService       - Latest stable version: 21.1
11:11:55.895 [JavaFX Application Thread] DEBUG Menu                 - fireNewGame()
11:11:55.896 [JavaFX Application Thread] DEBUG GameApplicationServi - Starting new game
11:11:55.897 [JavaFX Application Thread] DEBUG PrimaryStageWindow   - Pop state: FXGLDefaultMenu
11:11:55.897 [JavaFX Application Thread] DEBUG Input                - Clearing active input actions
11:11:55.898 [JavaFX Application Thread] DEBUG GameApplicationServi - Removing overlay from FXGLDefaultMenu and adding to FXGLMainMenuDummyScene
11:11:55.900 [JavaFX Application Thread] DEBUG PrimaryStageWindow   - FXGLMainMenuDummyScene <- FXGLDefaultMenu
11:11:55.900 [JavaFX Application Thread] DEBUG Input                - Clearing active input actions
11:11:55.911 [JavaFX Application Thread] DEBUG GameApplicationServi - Removing overlay from FXGLMainMenuDummyScene and adding to FXGLLoadingScene
11:11:55.912 [JavaFX Application Thread] DEBUG PrimaryStageWindow   - FXGLMainMenuDummyScene -> FXGLLoadingScene
11:11:55.912 [JavaFX Application Thread] DEBUG GameApplicationServi - Clearing previous game
11:11:55.912 [JavaFX Application Thread] DEBUG GameScene            - Clearing game scene
11:11:55.912 [JavaFX Application Thread] DEBUG GameWorld            - Clearing game world
11:11:55.912 [JavaFX Application Thread] DEBUG PhysicsWorld         - Clearing physics world
11:11:55.913 [FXGL Background Thread 2 ] DEBUG FXGLApplication      - Initializing game
11:11:55.947 [FXGL Background Thread 2 ] WARN  TMXLevelLoader       - TiledMap generated from 1.10.2. Supported version: 1.2.3. Some features may not be parsed fully.
11:11:55.959 [FXGL Background Thread 2 ] DEBUG TMXLevelLoader       - Parsed TiledMap: file:/Users/CHLaroche05/zelda/zeldaPuzzle/target/classes/assets/levels/StartingMap.tmx
11:11:55.961 [FXGL Background Thread 2 ] DEBUG TMXLevelLoader       - Creating tile layer entities
11:11:55.962 [FXGL Background Thread 2 ] DEBUG TilesetLoader        - Loading view for layer Calque de Tuiles 1
11:11:55.964 [FXGL Background Thread 2 ] DEBUG TilesetLoader        - Created buffer with size 1920.0x1920.0
11:11:55.994 [FXGL Background Thread 2 ] DEBUG TilesetLoader        - Loading view for layer Calque de Tuiles 2
11:11:55.996 [FXGL Background Thread 2 ] DEBUG TilesetLoader        - Created buffer with size 1920.0x1920.0
11:11:56.005 [FXGL Background Thread 2 ] DEBUG TilesetLoader        - Loading view for layer Calque de Tuiles 3
11:11:56.008 [FXGL Background Thread 2 ] DEBUG TilesetLoader        - Created buffer with size 1920.0x1920.0
11:11:56.010 [FXGL Background Thread 2 ] DEBUG TMXLevelLoader       - Creating object layer entities
11:11:56.034 [FXGL Background Thread 2 ] DEBUG GameWorld            - Clearing removable entities
11:11:56.034 [FXGL Background Thread 2 ] DEBUG GameWorld            - Setting level: com.almasb.fxgl.entity.level.Level@4ff72b4a
11:11:56.048 [FXGL Background Thread 2 ] WARN  GameWorld            - Entity is already attached to world
11:11:56.155 [FXGL Background Thread 2 ] WARN  GameWorld            - Entity is already attached to world
11:11:56.157 [FXGL Background Thread 2 ] WARN  GameWorld            - Entity is already attached to world
11:11:56.157 [FXGL Background Thread 2 ] INFO  FXGLApplication      - Game initialization took: 0.244 sec
11:11:56.158 [JavaFX Application Thread] DEBUG Input                - Clearing active input actions
11:11:56.163 [JavaFX Application Thread] DEBUG GameApplicationServi - Removing overlay from FXGLLoadingScene and adding to GameScene
11:11:56.166 [JavaFX Application Thread] DEBUG PrimaryStageWindow   - FXGLLoadingScene -> GameScene
11:11:57.832 [FXGL Background Thread 3 ] DEBUG Engine               - Logging environment variables
11:11:57.834 [FXGL Background Thread 3 ] DEBUG Engine               - achievements: []
11:11:57.834 [FXGL Background Thread 3 ] DEBUG Engine               - actualHeight: 800.0
11:11:57.834 [FXGL Background Thread 3 ] DEBUG Engine               - actualHeightProperty: ReadOnlyDoubleProperty [value: 800.0]
11:11:57.834 [FXGL Background Thread 3 ] DEBUG Engine               - actualWidth: 800.0
11:11:57.834 [FXGL Background Thread 3 ] DEBUG Engine               - actualWidthProperty: ReadOnlyDoubleProperty [value: 800.0]
11:11:57.834 [FXGL Background Thread 3 ] DEBUG Engine               - appIcon: fxgl_icon.png
11:11:57.834 [FXGL Background Thread 3 ] DEBUG Engine               - applicationMode: DEVELOPER
11:11:57.834 [FXGL Background Thread 3 ] DEBUG Engine               - cSSList: [fxgl_dark.css]
11:11:57.834 [FXGL Background Thread 3 ] DEBUG Engine               - collisionDetectionStrategy: BRUTE_FORCE
11:11:57.835 [FXGL Background Thread 3 ] DEBUG Engine               - configClass: Optional.empty
11:11:57.835 [FXGL Background Thread 3 ] DEBUG Engine               - credits: []
11:11:57.836 [FXGL Background Thread 3 ] DEBUG Engine               - defaultCursor: CursorInfo(imageName=fxgl_default_cursor.png, hotspotX=7.0, hotspotY=6.0)
11:11:57.836 [FXGL Background Thread 3 ] DEBUG Engine               - devBBoxColorProperty: ObjectProperty [value: 0xff0000ff]
11:11:57.836 [FXGL Background Thread 3 ] DEBUG Engine               - devEnableDebugCameraProperty: BooleanProperty [value: false]
11:11:57.836 [FXGL Background Thread 3 ] DEBUG Engine               - devSensorColorProperty: ObjectProperty [value: 0xffff00ff]
11:11:57.837 [FXGL Background Thread 3 ] DEBUG Engine               - devShowBBoxProperty: BooleanProperty [value: false]
11:11:57.837 [FXGL Background Thread 3 ] DEBUG Engine               - devShowPositionProperty: BooleanProperty [value: false]
11:11:57.837 [FXGL Background Thread 3 ] DEBUG Engine               - enabledMenuItems: []
11:11:57.837 [FXGL Background Thread 3 ] DEBUG Engine               - engineServices: [class com.almasb.fxgl.app.services.FXGLAssetLoaderService, class com.almasb.fxgl.app.FXGLApplication$GameApplicationService, class com.almasb.fxgl.app.services.FXGLDialogService, class com.almasb.fxgl.app.services.IOTaskExecutorService, class com.almasb.fxgl.io.FileSystemService, class com.almasb.fxgl.localization.LocalizationService, class com.almasb.fxgl.app.services.SystemBundleService, class com.almasb.fxgl.profile.SaveLoadService, class com.almasb.fxgl.ui.FXGLUIFactoryServiceProvider, class com.almasb.fxgl.ui.FXGLDialogFactoryServiceProvider, class com.almasb.fxgl.audio.AudioPlayer, class com.almasb.fxgl.notification.impl.NotificationServiceProvider, class com.almasb.fxgl.achievement.AchievementService, class com.almasb.fxgl.cutscene.CutsceneService, class com.almasb.fxgl.minigames.MiniGameService, class com.almasb.fxgl.net.NetService, class com.almasb.fxgl.app.services.UpdaterService, class com.almasb.fxgl.dev.DevService]
11:11:57.837 [FXGL Background Thread 3 ] DEBUG Engine               - fontGame: Abel-Regular.ttf
11:11:57.837 [FXGL Background Thread 3 ] DEBUG Engine               - fontMono: TerminalLandMono-Regular.otf
11:11:57.837 [FXGL Background Thread 3 ] DEBUG Engine               - fontText: Courier-Prime.ttf
11:11:57.837 [FXGL Background Thread 3 ] DEBUG Engine               - fontUI: VarelaRound-Regular.ttf
11:11:57.837 [FXGL Background Thread 3 ] DEBUG Engine               - fullScreen: BooleanProperty [value: false]
11:11:57.837 [FXGL Background Thread 3 ] DEBUG Engine               - gameDifficulty: MEDIUM
11:11:57.837 [FXGL Background Thread 3 ] DEBUG Engine               - gameDifficultyProperty: ObjectProperty [value: MEDIUM]
11:11:57.838 [FXGL Background Thread 3 ] DEBUG Engine               - globalMusicVolume: 0.5
11:11:57.838 [FXGL Background Thread 3 ] DEBUG Engine               - globalMusicVolumeProperty: DoubleProperty [value: 0.5]
11:11:57.838 [FXGL Background Thread 3 ] DEBUG Engine               - globalSoundVolume: 0.5
11:11:57.838 [FXGL Background Thread 3 ] DEBUG Engine               - globalSoundVolumeProperty: DoubleProperty [value: 0.5]
11:11:57.838 [FXGL Background Thread 3 ] DEBUG Engine               - height: 800
11:11:57.838 [FXGL Background Thread 3 ] DEBUG Engine               - is3D: false
11:11:57.838 [FXGL Background Thread 3 ] DEBUG Engine               - isAndroid: false
11:11:57.838 [FXGL Background Thread 3 ] DEBUG Engine               - isBrowser: false
11:11:57.838 [FXGL Background Thread 3 ] DEBUG Engine               - isClickFeedbackEnabled: false
11:11:57.838 [FXGL Background Thread 3 ] DEBUG Engine               - isCloseConfirmation: false
11:11:57.838 [FXGL Background Thread 3 ] DEBUG Engine               - isDesktop: true
11:11:57.838 [FXGL Background Thread 3 ] DEBUG Engine               - isDeveloperMenuEnabled: true
11:11:57.838 [FXGL Background Thread 3 ] DEBUG Engine               - isEmbedded: false
11:11:57.838 [FXGL Background Thread 3 ] DEBUG Engine               - isEntityPreloadEnabled: true
11:11:57.838 [FXGL Background Thread 3 ] DEBUG Engine               - isExperimentalTiledLargeMap: false
11:11:57.838 [FXGL Background Thread 3 ] DEBUG Engine               - isFileSystemWriteAllowed: true
11:11:57.838 [FXGL Background Thread 3 ] DEBUG Engine               - isFullScreenAllowed: true
11:11:57.839 [FXGL Background Thread 3 ] DEBUG Engine               - isFullScreenFromStart: false
11:11:57.839 [FXGL Background Thread 3 ] DEBUG Engine               - isGameMenuEnabled: true
11:11:57.839 [FXGL Background Thread 3 ] DEBUG Engine               - isIOS: false
11:11:57.839 [FXGL Background Thread 3 ] DEBUG Engine               - isIntroEnabled: false
11:11:57.839 [FXGL Background Thread 3 ] DEBUG Engine               - isLinux: false
11:11:57.839 [FXGL Background Thread 3 ] DEBUG Engine               - isMac: true
11:11:57.839 [FXGL Background Thread 3 ] DEBUG Engine               - isMainMenuEnabled: true
11:11:57.839 [FXGL Background Thread 3 ] DEBUG Engine               - isManualResizeEnabled: false
11:11:57.839 [FXGL Background Thread 3 ] DEBUG Engine               - isMobile: false
11:11:57.839 [FXGL Background Thread 3 ] DEBUG Engine               - isNative: false
11:11:57.839 [FXGL Background Thread 3 ] DEBUG Engine               - isPauseMusicWhenMinimized: true
11:11:57.839 [FXGL Background Thread 3 ] DEBUG Engine               - isPreserveResizeRatio: false
11:11:57.839 [FXGL Background Thread 3 ] DEBUG Engine               - isProfilingEnabled: false
11:11:57.839 [FXGL Background Thread 3 ] DEBUG Engine               - isScaleAffectedOnResize: true
11:11:57.839 [FXGL Background Thread 3 ] DEBUG Engine               - isSingleStep: false
11:11:57.839 [FXGL Background Thread 3 ] DEBUG Engine               - isUserProfileEnabled: false
11:11:57.839 [FXGL Background Thread 3 ] DEBUG Engine               - isWindows: false
11:11:57.840 [FXGL Background Thread 3 ] DEBUG Engine               - language: ObjectProperty [value: ENGLISH]
11:11:57.840 [FXGL Background Thread 3 ] DEBUG Engine               - menuKey: ESCAPE
11:11:57.840 [FXGL Background Thread 3 ] DEBUG Engine               - mouseSensitivity: 0.2
11:11:57.840 [FXGL Background Thread 3 ] DEBUG Engine               - notificationViewClass: class com.almasb.fxgl.notification.view.XboxNotificationView
11:11:57.840 [FXGL Background Thread 3 ] DEBUG Engine               - pixelsPerMeter: 50.0
11:11:57.840 [FXGL Background Thread 3 ] DEBUG Engine               - platform: MAC
11:11:57.840 [FXGL Background Thread 3 ] DEBUG Engine               - prefHeightProperty: ReadOnlyDoubleProperty [value: 800.0]
11:11:57.840 [FXGL Background Thread 3 ] DEBUG Engine               - prefWidthProperty: ReadOnlyDoubleProperty [value: 800.0]
11:11:57.840 [FXGL Background Thread 3 ] DEBUG Engine               - profileDir: profiles/
11:11:57.840 [FXGL Background Thread 3 ] DEBUG Engine               - profileName: StringProperty [value: DEFAULT]
11:11:57.840 [FXGL Background Thread 3 ] DEBUG Engine               - randomSeed: -1
11:11:57.840 [FXGL Background Thread 3 ] DEBUG Engine               - runtimeInfo: RuntimeInfo(platform=MAC, version=17, build=31.12.2021 18.16)
11:11:57.840 [FXGL Background Thread 3 ] DEBUG Engine               - saveFileExt: sav
11:11:57.840 [FXGL Background Thread 3 ] DEBUG Engine               - scaledHeightProp$fxgl: DoubleProperty [bound, value: 800.0]
11:11:57.840 [FXGL Background Thread 3 ] DEBUG Engine               - scaledWidthProp$fxgl: DoubleProperty [bound, value: 800.0]
11:11:57.840 [FXGL Background Thread 3 ] DEBUG Engine               - sceneFactory: com.almasb.fxgl.app.scene.SceneFactory@5627e9f4
11:11:57.841 [FXGL Background Thread 3 ] DEBUG Engine               - secondsIn24h: 60
11:11:57.841 [FXGL Background Thread 3 ] DEBUG Engine               - soundMenuBack: menu/back.wav
11:11:57.841 [FXGL Background Thread 3 ] DEBUG Engine               - soundMenuPress: menu/press.wav
11:11:57.841 [FXGL Background Thread 3 ] DEBUG Engine               - soundMenuSelect: menu/select.wav
11:11:57.841 [FXGL Background Thread 3 ] DEBUG Engine               - soundNotification: core/notification.wav
11:11:57.841 [FXGL Background Thread 3 ] DEBUG Engine               - stageStyle: DECORATED
11:11:57.841 [FXGL Background Thread 3 ] DEBUG Engine               - supportedLanguages: [ENGLISH, FRENCH, GERMAN, HUNGARIAN, RUSSIAN]
11:11:57.841 [FXGL Background Thread 3 ] DEBUG Engine               - ticksPerSecond: -1
11:11:57.841 [FXGL Background Thread 3 ] DEBUG Engine               - title: Zelda 2D Game
11:11:57.841 [FXGL Background Thread 3 ] DEBUG Engine               - urlGithub: https://github.com/AlmasB/FXGL
11:11:57.841 [FXGL Background Thread 3 ] DEBUG Engine               - urlLeaderboard: http://fxgl-top.herokuapp.com/
11:11:57.841 [FXGL Background Thread 3 ] DEBUG Engine               - urlPOM: https://raw.githubusercontent.com/AlmasB/FXGL/release/README.md
11:11:57.841 [FXGL Background Thread 3 ] DEBUG Engine               - userAppClass: class com.example.zeldapuzzle.MainGameApp
11:11:57.841 [FXGL Background Thread 3 ] DEBUG Engine               - version: 1
11:11:57.841 [FXGL Background Thread 3 ] DEBUG Engine               - versionCheckDays: 7
11:11:57.841 [FXGL Background Thread 3 ] DEBUG Engine               - width: 800
11:11:57.841 [FXGL Background Thread 3 ] DEBUG Engine               - Logging services
11:11:57.841 [FXGL Background Thread 3 ] DEBUG Engine               - class com.almasb.fxgl.app.services.FXGLAssetLoaderService
11:11:57.841 [FXGL Background Thread 3 ] DEBUG Engine               - class com.almasb.fxgl.app.FXGLApplication$GameApplicationService
11:11:57.841 [FXGL Background Thread 3 ] DEBUG Engine               - class com.almasb.fxgl.app.services.FXGLDialogService
11:11:57.842 [FXGL Background Thread 3 ] DEBUG Engine               - class com.almasb.fxgl.app.services.IOTaskExecutorService
11:11:57.842 [FXGL Background Thread 3 ] DEBUG Engine               - class com.almasb.fxgl.io.FileSystemService
11:11:57.842 [FXGL Background Thread 3 ] DEBUG Engine               - class com.almasb.fxgl.localization.LocalizationService
11:11:57.842 [FXGL Background Thread 3 ] DEBUG Engine               - class com.almasb.fxgl.app.services.SystemBundleService
11:11:57.842 [FXGL Background Thread 3 ] DEBUG Engine               - class com.almasb.fxgl.profile.SaveLoadService
11:11:57.842 [FXGL Background Thread 3 ] DEBUG Engine               - class com.almasb.fxgl.ui.FXGLUIFactoryServiceProvider
11:11:57.842 [FXGL Background Thread 3 ] DEBUG Engine               - class com.almasb.fxgl.ui.FXGLDialogFactoryServiceProvider
11:11:57.842 [FXGL Background Thread 3 ] DEBUG Engine               - class com.almasb.fxgl.audio.AudioPlayer
11:11:57.842 [FXGL Background Thread 3 ] DEBUG Engine               - class com.almasb.fxgl.notification.impl.NotificationServiceProvider
11:11:57.842 [FXGL Background Thread 3 ] DEBUG Engine               - class com.almasb.fxgl.achievement.AchievementService
11:11:57.842 [FXGL Background Thread 3 ] DEBUG Engine               - class com.almasb.fxgl.cutscene.CutsceneService
11:11:57.842 [FXGL Background Thread 3 ] DEBUG Engine               - class com.almasb.fxgl.minigames.MiniGameService
11:11:57.842 [FXGL Background Thread 3 ] DEBUG Engine               - class com.almasb.fxgl.net.NetService
11:11:57.842 [FXGL Background Thread 3 ] DEBUG Engine               - class com.almasb.fxgl.app.services.UpdaterService
11:11:57.842 [FXGL Background Thread 3 ] DEBUG Engine               - class com.almasb.fxgl.dev.DevService
11:12:06.163 [JavaFX Application Thread] DEBUG FXGLApplication      - Exiting FXGL
11:12:06.163 [JavaFX Application Thread] DEBUG LoopRunner           - Stopping loop
11:12:06.163 [JavaFX Application Thread] DEBUG SystemBundleService  - Saving FXGL system data
11:12:06.165 [JavaFX Application Thread] DEBUG FileSystemAccess     - Writing to: /Users/CHLaroche05/zelda/zeldaPuzzle/system/fxgl.bundle
11:12:06.168 [JavaFX Application Thread] DEBUG Async                - Shutting down background threads
11:12:06.168 [JavaFX Application Thread] DEBUG PrimaryStageWindow   - Closing main window
11:12:06.176 [JavaFX Application Thread] DEBUG Logger               - Closing Logger
