23:08:30.442 [main                     ] DEBUG Logger               - Configured Logger
23:08:30.456 [main                     ] DEBUG GameApplication      - Logging settings
Title: Zelda 2D Game
Version: 1
Width: 800
Height: 800
Fullscreen: true
Intro: false
Profiling: false
Single step:false
App Mode: DEVELOPER
Menu Key: ESCAPE
Stage Style: DECORATED
Scene Factory: class com.almasb.fxgl.app.scene.SceneFactory

23:08:30.588 [JavaFX Application Thread] DEBUG FXGLApplication      - Initializing FXGL
23:08:30.593 [JavaFX Application Thread] INFO  Engine               - FXGL-17 (31.12.2021 18.16) on WINDOWS (J:21.0.2 FX:19)
23:08:30.593 [JavaFX Application Thread] DEBUG Engine               - JRE Vendor Name: Oracle Corporation
23:08:30.593 [JavaFX Application Thread] DEBUG Engine               - Running on OS: Windows 10 version 10.0
23:08:30.593 [JavaFX Application Thread] DEBUG Engine               - Architecture: amd64
23:08:30.594 [JavaFX Application Thread] INFO  Engine               - Source code and latest versions at: https://github.com/AlmasB/FXGL
23:08:30.594 [JavaFX Application Thread] INFO  Engine               -       Ask questions and discuss at: https://github.com/AlmasB/FXGL/discussions
23:08:30.594 [JavaFX Application Thread] INFO  Engine               -              Join the FXGL chat at: https://gitter.im/AlmasB/FXGL
23:08:30.664 [JavaFX Application Thread] DEBUG PrimaryStageWindow   - Creating a JavaFX scene
23:08:30.708 [JavaFX Application Thread] DEBUG PrimaryStageWindow   - Target settings size: 800.0 x 800.0
23:08:30.708 [JavaFX Application Thread] DEBUG PrimaryStageWindow   - Scaled scene size:    800.0 x 800.0
23:08:30.708 [JavaFX Application Thread] DEBUG PrimaryStageWindow   - Scaled ratio: (1.0, 1.0)
23:08:30.709 [JavaFX Application Thread] DEBUG PrimaryStageWindow   - Set initial scene to FXGLStartupScene
23:08:30.714 [JavaFX Application Thread] DEBUG PrimaryStageWindow   - Opening main window
23:08:30.796 [JavaFX Application Thread] DEBUG PrimaryStageWindow   - Window border size: (16.0, 39.0)
23:08:30.796 [JavaFX Application Thread] DEBUG PrimaryStageWindow   - Scaled size: 800.0 x 800.0
23:08:30.797 [JavaFX Application Thread] DEBUG PrimaryStageWindow   - Scaled ratio: (1.0, 1.0)
23:08:30.797 [JavaFX Application Thread] DEBUG PrimaryStageWindow   - Scene size: 800.0 x 800.0
23:08:30.797 [JavaFX Application Thread] DEBUG PrimaryStageWindow   - Stage size: 816.0 x 839.0
23:08:30.805 [FXGL Background Thread 1 ] DEBUG Engine               - Initializing environment variables
23:08:30.849 [FXGL Background Thread 1 ] DEBUG FXGLAssetLoaderServi - User app class for loading assets: class com.example.zeldapuzzle.MainGameApp
23:08:30.849 [FXGL Background Thread 1 ] DEBUG GameApplicationServi - Applying CSS: fxgl_dark.css
23:08:30.850 [FXGL Background Thread 1 ] DEBUG FXGLAssetLoaderServi - Loading from file system: jar:file:///C:/Users/mbour/.m2/repository/com/github/almasb/fxgl/17/fxgl-17.jar!/fxglassets/ui/css/fxgl_dark.css
23:08:30.890 [FXGL Background Thread 1 ] DEBUG GameApplicationServi - Initializing application scenes
23:08:30.919 [FXGL Background Thread 1 ] DEBUG GameWorld            - Game world initialized
23:08:30.976 [FXGL Background Thread 1 ] DEBUG PhysicsWorld         - Physics world initialized: appHeight=800, physics.ppm=50,0
23:08:30.977 [FXGL Background Thread 1 ] DEBUG PhysicsWorld         - Using strategy: BRUTE_FORCE
23:08:30.981 [FXGL Background Thread 1 ] DEBUG GameScene            - Game scene initialized: 800x800
23:08:30.991 [FXGL Background Thread 1 ] DEBUG FXGL.DefaultMenu     - createMenuBodyMainMenu()
23:08:31.004 [FXGL Background Thread 1 ] DEBUG FXGL.DefaultMenu     - createOptionsMenu()
23:08:31.012 [FXGL Background Thread 1 ] DEBUG FXGLAssetLoaderServi - Loading from file system: jar:file:///C:/Users/mbour/.m2/repository/com/github/almasb/fxgl/17/fxgl-17.jar!/fxglassets/textures/particles/smoke.png
23:08:31.078 [FXGL Background Thread 1 ] DEBUG FXGLAssetLoaderServi - Loading from file system: jar:file:///C:/Users/mbour/.m2/repository/com/github/almasb/fxgl/17/fxgl-17.jar!/fxglassets/textures/particles/trace_horizontal.png
23:08:31.095 [FXGL Background Thread 1 ] DEBUG FXGL.DefaultMenu     - createMenuBodyGameMenu()
23:08:31.097 [FXGL Background Thread 1 ] DEBUG FXGL.DefaultMenu     - createOptionsMenu()
23:08:31.112 [FXGL Background Thread 1 ] DEBUG GameApplicationServi - Application scenes initialized
23:08:31.122 [FXGL Background Thread 1 ] DEBUG SystemBundleService  - Loading FXGL system data
23:08:31.126 [FXGL Background Thread 1 ] DEBUG FileSystemAccess     - Reading from: C:\Users\mbour\OneDrive\Bureau\Zelda TOTK WINRAR\zeldaPuzzle\system\fxgl.bundle
23:08:31.137 [FXGL Background Thread 1 ] DEBUG SystemBundleService  - Bundle FXGL: {}
23:08:31.137 [FXGL Background Thread 1 ] DEBUG UpdaterService       - Checking for updates
23:08:31.166 [FXGL Background Thread 4 ] DEBUG FXGLApplication      - Loading fonts
23:08:31.167 [FXGL Background Thread 4 ] DEBUG FXGLAssetLoaderServi - Loading from file system: jar:file:///C:/Users/mbour/.m2/repository/com/github/almasb/fxgl/17/fxgl-17.jar!/fxglassets/ui/fonts/VarelaRound-Regular.ttf
23:08:31.167 [FXGL Background Thread 1 ] DEBUG FXGLApplication      - Loading default localization
23:08:31.168 [FXGL Background Thread 1 ] DEBUG FXGLAssetLoaderServi - Loading from file system: jar:file:///C:/Users/mbour/.m2/repository/com/github/almasb/fxgl/17/fxgl-17.jar!/fxglassets/languages/english.lang
23:08:31.185 [FXGL Background Thread 1 ] INFO  FXGLApplication      - FXGL initialization took: 0,380 sec
23:08:31.198 [JavaFX Application Thread] DEBUG Input                - Registered new binding: inventaire - Tab
23:08:31.199 [JavaFX Application Thread] DEBUG Input                - Registered new binding: getPosition - P
23:08:31.199 [JavaFX Application Thread] DEBUG Input                - Registered new binding: zoom+ - Up
23:08:31.199 [JavaFX Application Thread] DEBUG Input                - Registered new binding: zoom- - Down
23:08:31.199 [JavaFX Application Thread] DEBUG Input                - Registered new binding: resetZoom - 0
23:08:31.200 [JavaFX Application Thread] DEBUG Input                - Registered new binding: Move right - D
23:08:31.200 [JavaFX Application Thread] DEBUG Input                - Registered new binding: Move left - A
23:08:31.200 [JavaFX Application Thread] DEBUG Input                - Registered new binding: Move Up - W
23:08:31.200 [JavaFX Application Thread] DEBUG Input                - Registered new binding: Move Down - S
23:08:31.201 [JavaFX Application Thread] DEBUG FXGLAssetLoaderServi - Loading from file system: jar:file:///C:/Users/mbour/.m2/repository/com/github/almasb/fxgl/17/fxgl-17.jar!/fxglassets/textures/fxgl_icon.png
23:08:31.206 [FXGL Background Thread 4 ] DEBUG FXGLAssetLoaderServi - Loading from file system: jar:file:///C:/Users/mbour/.m2/repository/com/github/almasb/fxgl/17/fxgl-17.jar!/fxglassets/ui/fonts/Abel-Regular.ttf
23:08:31.212 [JavaFX Application Thread] DEBUG FXGLAssetLoaderServi - Loading from file system: jar:file:///C:/Users/mbour/.m2/repository/com/github/almasb/fxgl/17/fxgl-17.jar!/fxglassets/textures/fxgl_default_cursor.png
23:08:31.214 [JavaFX Application Thread] DEBUG Input                - Registered new binding: Screenshot - CTRL+8
23:08:31.214 [JavaFX Application Thread] DEBUG Input                - Registered new binding: Dev Options - 1
23:08:31.214 [JavaFX Application Thread] DEBUG Input                - Registered new binding: Dev Console - 2
23:08:31.215 [JavaFX Application Thread] DEBUG Input                - Registered new binding: System info dump - CTRL+9
23:08:31.215 [JavaFX Application Thread] DEBUG Input                - Registered new binding: Restart - CTRL+R
23:08:31.217 [JavaFX Application Thread] DEBUG Input                - Registered new binding: Toggle Debug Camera - CTRL+7
23:08:31.218 [FXGL Background Thread 4 ] DEBUG FXGLAssetLoaderServi - Loading from file system: jar:file:///C:/Users/mbour/.m2/repository/com/github/almasb/fxgl/17/fxgl-17.jar!/fxglassets/ui/fonts/TerminalLandMono-Regular.otf
23:08:31.220 [JavaFX Application Thread] DEBUG LoopRunner           - Starting loop
23:08:31.230 [FXGL Background Thread 4 ] DEBUG FXGLAssetLoaderServi - Loading from file system: jar:file:///C:/Users/mbour/.m2/repository/com/github/almasb/fxgl/17/fxgl-17.jar!/fxglassets/ui/fonts/Courier-Prime.ttf
23:08:31.235 [JavaFX Application Thread] DEBUG LoopRunner           - Initializing JavaFX AnimationTimerLoop
23:08:31.237 [JavaFX Application Thread] DEBUG Input                - Clearing active input actions
23:08:31.247 [JavaFX Application Thread] DEBUG GameApplicationServi - Removing overlay from FXGLStartupScene and adding to FXGLMainMenuDummyScene
23:08:31.252 [JavaFX Application Thread] DEBUG PrimaryStageWindow   - FXGLStartupScene -> FXGLMainMenuDummyScene
23:08:31.253 [JavaFX Application Thread] DEBUG PrimaryStageWindow   - Push state: FXGLDefaultMenu
23:08:31.255 [JavaFX Application Thread] DEBUG Input                - Clearing active input actions
23:08:31.262 [JavaFX Application Thread] DEBUG GameApplicationServi - Removing overlay from FXGLMainMenuDummyScene and adding to FXGLDefaultMenu
23:08:31.263 [JavaFX Application Thread] DEBUG PrimaryStageWindow   - FXGLMainMenuDummyScene -> FXGLDefaultMenu
23:08:31.266 [JavaFX Application Thread] DEBUG FXGLApplication      - Registering font factories with UI factory
23:08:31.552 [FXGL Background Thread 2 ] INFO  UpdaterService       - Your current version:  17
23:08:31.552 [FXGL Background Thread 2 ] INFO  UpdaterService       - Latest stable version: 21.1
23:08:32.410 [JavaFX Application Thread] DEBUG Menu                 - fireNewGame()
23:08:32.410 [JavaFX Application Thread] DEBUG GameApplicationServi - Starting new game
23:08:32.412 [JavaFX Application Thread] DEBUG PrimaryStageWindow   - Pop state: FXGLDefaultMenu
23:08:32.412 [JavaFX Application Thread] DEBUG Input                - Clearing active input actions
23:08:32.413 [JavaFX Application Thread] DEBUG GameApplicationServi - Removing overlay from FXGLDefaultMenu and adding to FXGLMainMenuDummyScene
23:08:32.415 [JavaFX Application Thread] DEBUG PrimaryStageWindow   - FXGLMainMenuDummyScene <- FXGLDefaultMenu
23:08:32.416 [JavaFX Application Thread] DEBUG Input                - Clearing active input actions
23:08:32.426 [JavaFX Application Thread] DEBUG GameApplicationServi - Removing overlay from FXGLMainMenuDummyScene and adding to FXGLLoadingScene
23:08:32.427 [JavaFX Application Thread] DEBUG PrimaryStageWindow   - FXGLMainMenuDummyScene -> FXGLLoadingScene
23:08:32.427 [JavaFX Application Thread] DEBUG GameApplicationServi - Clearing previous game
23:08:32.427 [JavaFX Application Thread] DEBUG GameScene            - Clearing game scene
23:08:32.427 [JavaFX Application Thread] DEBUG GameWorld            - Clearing game world
23:08:32.427 [JavaFX Application Thread] DEBUG PhysicsWorld         - Clearing physics world
23:08:32.430 [FXGL Background Thread 2 ] DEBUG FXGLApplication      - Initializing game
23:08:32.483 [FXGL Background Thread 2 ] WARN  TMXLevelLoader       - TiledMap generated from 1.10.2. Supported version: 1.2.3. Some features may not be parsed fully.
23:08:32.561 [FXGL Background Thread 2 ] DEBUG TMXLevelLoader       - Parsed TiledMap: file:/C:/Users/mbour/OneDrive/Bureau/Zelda%20TOTK%20WINRAR/zeldaPuzzle/target/classes/assets/levels/mapFinal.tmx
23:08:32.562 [FXGL Background Thread 2 ] DEBUG TMXLevelLoader       - Creating tile layer entities
23:08:32.564 [FXGL Background Thread 2 ] DEBUG TilesetLoader        - Loading view for layer background
23:08:32.598 [FXGL Background Thread 2 ] DEBUG TilesetLoader        - Created buffer with size 4800.0x4800.0
23:08:32.755 [FXGL Background Thread 2 ] DEBUG TilesetLoader        - Loading view for layer devant
23:08:32.788 [FXGL Background Thread 2 ] DEBUG TilesetLoader        - Created buffer with size 4800.0x4800.0
23:08:32.836 [FXGL Background Thread 2 ] DEBUG TilesetLoader        - Loading view for layer devant1
23:08:32.870 [FXGL Background Thread 2 ] DEBUG TilesetLoader        - Created buffer with size 4800.0x4800.0
23:08:32.889 [FXGL Background Thread 2 ] DEBUG TMXLevelLoader       - Creating object layer entities
23:08:32.933 [FXGL Background Thread 2 ] DEBUG GameWorld            - Clearing removable entities
23:08:32.934 [FXGL Background Thread 2 ] DEBUG GameWorld            - Setting level: com.almasb.fxgl.entity.level.Level@62c52113
23:08:32.949 [FXGL Background Thread 2 ] WARN  GameWorld            - Entity is already attached to world
23:08:32.951 [FXGL Background Thread 2 ] WARN  GameWorld            - Entity is already attached to world
23:08:32.955 [FXGL Background Thread 2 ] INFO  FXGLApplication      - Game initialization took: 0,526 sec
23:08:32.956 [JavaFX Application Thread] DEBUG Input                - Clearing active input actions
23:08:32.961 [JavaFX Application Thread] DEBUG GameApplicationServi - Removing overlay from FXGLLoadingScene and adding to GameScene
23:08:32.963 [JavaFX Application Thread] DEBUG PrimaryStageWindow   - FXGLLoadingScene -> GameScene
23:08:34.166 [FXGL Background Thread 3 ] DEBUG Engine               - Logging environment variables
23:08:34.166 [FXGL Background Thread 3 ] DEBUG Engine               - achievements: []
23:08:34.166 [FXGL Background Thread 3 ] DEBUG Engine               - actualHeight: 800.0
23:08:34.166 [FXGL Background Thread 3 ] DEBUG Engine               - actualHeightProperty: ReadOnlyDoubleProperty [value: 800.0]
23:08:34.166 [FXGL Background Thread 3 ] DEBUG Engine               - actualWidth: 800.0
23:08:34.166 [FXGL Background Thread 3 ] DEBUG Engine               - actualWidthProperty: ReadOnlyDoubleProperty [value: 800.0]
23:08:34.166 [FXGL Background Thread 3 ] DEBUG Engine               - appIcon: fxgl_icon.png
23:08:34.166 [FXGL Background Thread 3 ] DEBUG Engine               - applicationMode: DEVELOPER
23:08:34.166 [FXGL Background Thread 3 ] DEBUG Engine               - cSSList: [fxgl_dark.css]
23:08:34.167 [FXGL Background Thread 3 ] DEBUG Engine               - collisionDetectionStrategy: BRUTE_FORCE
23:08:34.167 [FXGL Background Thread 3 ] DEBUG Engine               - configClass: Optional.empty
23:08:34.167 [FXGL Background Thread 3 ] DEBUG Engine               - credits: []
23:08:34.167 [FXGL Background Thread 3 ] DEBUG Engine               - defaultCursor: CursorInfo(imageName=fxgl_default_cursor.png, hotspotX=7.0, hotspotY=6.0)
23:08:34.167 [FXGL Background Thread 3 ] DEBUG Engine               - devBBoxColorProperty: ObjectProperty [value: 0xff0000ff]
23:08:34.167 [FXGL Background Thread 3 ] DEBUG Engine               - devEnableDebugCameraProperty: BooleanProperty [value: false]
23:08:34.167 [FXGL Background Thread 3 ] DEBUG Engine               - devSensorColorProperty: ObjectProperty [value: 0xffff00ff]
23:08:34.167 [FXGL Background Thread 3 ] DEBUG Engine               - devShowBBoxProperty: BooleanProperty [value: false]
23:08:34.167 [FXGL Background Thread 3 ] DEBUG Engine               - devShowPositionProperty: BooleanProperty [value: false]
23:08:34.167 [FXGL Background Thread 3 ] DEBUG Engine               - enabledMenuItems: []
23:08:34.168 [FXGL Background Thread 3 ] DEBUG Engine               - engineServices: [class com.almasb.fxgl.app.services.FXGLAssetLoaderService, class com.almasb.fxgl.app.FXGLApplication$GameApplicationService, class com.almasb.fxgl.app.services.FXGLDialogService, class com.almasb.fxgl.app.services.IOTaskExecutorService, class com.almasb.fxgl.io.FileSystemService, class com.almasb.fxgl.localization.LocalizationService, class com.almasb.fxgl.app.services.SystemBundleService, class com.almasb.fxgl.profile.SaveLoadService, class com.almasb.fxgl.ui.FXGLUIFactoryServiceProvider, class com.almasb.fxgl.ui.FXGLDialogFactoryServiceProvider, class com.almasb.fxgl.audio.AudioPlayer, class com.almasb.fxgl.notification.impl.NotificationServiceProvider, class com.almasb.fxgl.achievement.AchievementService, class com.almasb.fxgl.cutscene.CutsceneService, class com.almasb.fxgl.minigames.MiniGameService, class com.almasb.fxgl.net.NetService, class com.almasb.fxgl.app.services.UpdaterService, class com.almasb.fxgl.dev.DevService]
23:08:34.168 [FXGL Background Thread 3 ] DEBUG Engine               - fontGame: Abel-Regular.ttf
23:08:34.168 [FXGL Background Thread 3 ] DEBUG Engine               - fontMono: TerminalLandMono-Regular.otf
23:08:34.168 [FXGL Background Thread 3 ] DEBUG Engine               - fontText: Courier-Prime.ttf
23:08:34.168 [FXGL Background Thread 3 ] DEBUG Engine               - fontUI: VarelaRound-Regular.ttf
23:08:34.168 [FXGL Background Thread 3 ] DEBUG Engine               - fullScreen: BooleanProperty [value: false]
23:08:34.168 [FXGL Background Thread 3 ] DEBUG Engine               - gameDifficulty: MEDIUM
23:08:34.168 [FXGL Background Thread 3 ] DEBUG Engine               - gameDifficultyProperty: ObjectProperty [value: MEDIUM]
23:08:34.168 [FXGL Background Thread 3 ] DEBUG Engine               - globalMusicVolume: 0.5
23:08:34.168 [FXGL Background Thread 3 ] DEBUG Engine               - globalMusicVolumeProperty: DoubleProperty [value: 0.5]
23:08:34.168 [FXGL Background Thread 3 ] DEBUG Engine               - globalSoundVolume: 0.5
23:08:34.168 [FXGL Background Thread 3 ] DEBUG Engine               - globalSoundVolumeProperty: DoubleProperty [value: 0.5]
23:08:34.168 [FXGL Background Thread 3 ] DEBUG Engine               - height: 800
23:08:34.168 [FXGL Background Thread 3 ] DEBUG Engine               - is3D: false
23:08:34.168 [FXGL Background Thread 3 ] DEBUG Engine               - isAndroid: false
23:08:34.168 [FXGL Background Thread 3 ] DEBUG Engine               - isBrowser: false
23:08:34.168 [FXGL Background Thread 3 ] DEBUG Engine               - isClickFeedbackEnabled: false
23:08:34.168 [FXGL Background Thread 3 ] DEBUG Engine               - isCloseConfirmation: false
23:08:34.168 [FXGL Background Thread 3 ] DEBUG Engine               - isDesktop: true
23:08:34.169 [FXGL Background Thread 3 ] DEBUG Engine               - isDeveloperMenuEnabled: true
23:08:34.169 [FXGL Background Thread 3 ] DEBUG Engine               - isEmbedded: false
23:08:34.169 [FXGL Background Thread 3 ] DEBUG Engine               - isEntityPreloadEnabled: true
23:08:34.169 [FXGL Background Thread 3 ] DEBUG Engine               - isExperimentalTiledLargeMap: false
23:08:34.169 [FXGL Background Thread 3 ] DEBUG Engine               - isFileSystemWriteAllowed: true
23:08:34.169 [FXGL Background Thread 3 ] DEBUG Engine               - isFullScreenAllowed: true
23:08:34.169 [FXGL Background Thread 3 ] DEBUG Engine               - isFullScreenFromStart: false
23:08:34.169 [FXGL Background Thread 3 ] DEBUG Engine               - isGameMenuEnabled: true
23:08:34.169 [FXGL Background Thread 3 ] DEBUG Engine               - isIOS: false
23:08:34.169 [FXGL Background Thread 3 ] DEBUG Engine               - isIntroEnabled: false
23:08:34.169 [FXGL Background Thread 3 ] DEBUG Engine               - isLinux: false
23:08:34.169 [FXGL Background Thread 3 ] DEBUG Engine               - isMac: false
23:08:34.169 [FXGL Background Thread 3 ] DEBUG Engine               - isMainMenuEnabled: true
23:08:34.169 [FXGL Background Thread 3 ] DEBUG Engine               - isManualResizeEnabled: false
23:08:34.169 [FXGL Background Thread 3 ] DEBUG Engine               - isMobile: false
23:08:34.169 [FXGL Background Thread 3 ] DEBUG Engine               - isNative: false
23:08:34.169 [FXGL Background Thread 3 ] DEBUG Engine               - isPauseMusicWhenMinimized: true
23:08:34.169 [FXGL Background Thread 3 ] DEBUG Engine               - isPreserveResizeRatio: false
23:08:34.169 [FXGL Background Thread 3 ] DEBUG Engine               - isProfilingEnabled: false
23:08:34.169 [FXGL Background Thread 3 ] DEBUG Engine               - isScaleAffectedOnResize: true
23:08:34.169 [FXGL Background Thread 3 ] DEBUG Engine               - isSingleStep: false
23:08:34.169 [FXGL Background Thread 3 ] DEBUG Engine               - isUserProfileEnabled: false
23:08:34.169 [FXGL Background Thread 3 ] DEBUG Engine               - isWindows: true
23:08:34.169 [FXGL Background Thread 3 ] DEBUG Engine               - language: ObjectProperty [value: ENGLISH]
23:08:34.169 [FXGL Background Thread 3 ] DEBUG Engine               - menuKey: ESCAPE
23:08:34.170 [FXGL Background Thread 3 ] DEBUG Engine               - mouseSensitivity: 0.2
23:08:34.170 [FXGL Background Thread 3 ] DEBUG Engine               - notificationViewClass: class com.almasb.fxgl.notification.view.XboxNotificationView
23:08:34.170 [FXGL Background Thread 3 ] DEBUG Engine               - pixelsPerMeter: 50.0
23:08:34.170 [FXGL Background Thread 3 ] DEBUG Engine               - platform: WINDOWS
23:08:34.170 [FXGL Background Thread 3 ] DEBUG Engine               - prefHeightProperty: ReadOnlyDoubleProperty [value: 800.0]
23:08:34.170 [FXGL Background Thread 3 ] DEBUG Engine               - prefWidthProperty: ReadOnlyDoubleProperty [value: 800.0]
23:08:34.170 [FXGL Background Thread 3 ] DEBUG Engine               - profileDir: profiles/
23:08:34.170 [FXGL Background Thread 3 ] DEBUG Engine               - profileName: StringProperty [value: DEFAULT]
23:08:34.170 [FXGL Background Thread 3 ] DEBUG Engine               - randomSeed: -1
23:08:34.170 [FXGL Background Thread 3 ] DEBUG Engine               - runtimeInfo: RuntimeInfo(platform=WINDOWS, version=17, build=31.12.2021 18.16)
23:08:34.170 [FXGL Background Thread 3 ] DEBUG Engine               - saveFileExt: sav
23:08:34.170 [FXGL Background Thread 3 ] DEBUG Engine               - scaledHeightProp$fxgl: DoubleProperty [bound, value: 800.0]
23:08:34.171 [FXGL Background Thread 3 ] DEBUG Engine               - scaledWidthProp$fxgl: DoubleProperty [bound, value: 800.0]
23:08:34.171 [FXGL Background Thread 3 ] DEBUG Engine               - sceneFactory: com.almasb.fxgl.app.scene.SceneFactory@68cacaa0
23:08:34.171 [FXGL Background Thread 3 ] DEBUG Engine               - secondsIn24h: 60
23:08:34.171 [FXGL Background Thread 3 ] DEBUG Engine               - soundMenuBack: menu/back.wav
23:08:34.171 [FXGL Background Thread 3 ] DEBUG Engine               - soundMenuPress: menu/press.wav
23:08:34.171 [FXGL Background Thread 3 ] DEBUG Engine               - soundMenuSelect: menu/select.wav
23:08:34.171 [FXGL Background Thread 3 ] DEBUG Engine               - soundNotification: core/notification.wav
23:08:34.171 [FXGL Background Thread 3 ] DEBUG Engine               - stageStyle: DECORATED
23:08:34.171 [FXGL Background Thread 3 ] DEBUG Engine               - supportedLanguages: [ENGLISH, FRENCH, GERMAN, HUNGARIAN, RUSSIAN]
23:08:34.171 [FXGL Background Thread 3 ] DEBUG Engine               - ticksPerSecond: -1
23:08:34.171 [FXGL Background Thread 3 ] DEBUG Engine               - title: Zelda 2D Game
23:08:34.171 [FXGL Background Thread 3 ] DEBUG Engine               - urlGithub: https://github.com/AlmasB/FXGL
23:08:34.171 [FXGL Background Thread 3 ] DEBUG Engine               - urlLeaderboard: http://fxgl-top.herokuapp.com/
23:08:34.171 [FXGL Background Thread 3 ] DEBUG Engine               - urlPOM: https://raw.githubusercontent.com/AlmasB/FXGL/release/README.md
23:08:34.171 [FXGL Background Thread 3 ] DEBUG Engine               - userAppClass: class com.example.zeldapuzzle.MainGameApp
23:08:34.171 [FXGL Background Thread 3 ] DEBUG Engine               - version: 1
23:08:34.171 [FXGL Background Thread 3 ] DEBUG Engine               - versionCheckDays: 7
23:08:34.171 [FXGL Background Thread 3 ] DEBUG Engine               - width: 800
23:08:34.172 [FXGL Background Thread 3 ] DEBUG Engine               - Logging services
23:08:34.172 [FXGL Background Thread 3 ] DEBUG Engine               - class com.almasb.fxgl.app.services.FXGLAssetLoaderService
23:08:34.172 [FXGL Background Thread 3 ] DEBUG Engine               - class com.almasb.fxgl.app.FXGLApplication$GameApplicationService
23:08:34.172 [FXGL Background Thread 3 ] DEBUG Engine               - class com.almasb.fxgl.app.services.FXGLDialogService
23:08:34.172 [FXGL Background Thread 3 ] DEBUG Engine               - class com.almasb.fxgl.app.services.IOTaskExecutorService
23:08:34.172 [FXGL Background Thread 3 ] DEBUG Engine               - class com.almasb.fxgl.io.FileSystemService
23:08:34.172 [FXGL Background Thread 3 ] DEBUG Engine               - class com.almasb.fxgl.localization.LocalizationService
23:08:34.172 [FXGL Background Thread 3 ] DEBUG Engine               - class com.almasb.fxgl.app.services.SystemBundleService
23:08:34.172 [FXGL Background Thread 3 ] DEBUG Engine               - class com.almasb.fxgl.profile.SaveLoadService
23:08:34.172 [FXGL Background Thread 3 ] DEBUG Engine               - class com.almasb.fxgl.ui.FXGLUIFactoryServiceProvider
23:08:34.172 [FXGL Background Thread 3 ] DEBUG Engine               - class com.almasb.fxgl.ui.FXGLDialogFactoryServiceProvider
23:08:34.172 [FXGL Background Thread 3 ] DEBUG Engine               - class com.almasb.fxgl.audio.AudioPlayer
23:08:34.172 [FXGL Background Thread 3 ] DEBUG Engine               - class com.almasb.fxgl.notification.impl.NotificationServiceProvider
23:08:34.172 [FXGL Background Thread 3 ] DEBUG Engine               - class com.almasb.fxgl.achievement.AchievementService
23:08:34.172 [FXGL Background Thread 3 ] DEBUG Engine               - class com.almasb.fxgl.cutscene.CutsceneService
23:08:34.172 [FXGL Background Thread 3 ] DEBUG Engine               - class com.almasb.fxgl.minigames.MiniGameService
23:08:34.172 [FXGL Background Thread 3 ] DEBUG Engine               - class com.almasb.fxgl.net.NetService
23:08:34.172 [FXGL Background Thread 3 ] DEBUG Engine               - class com.almasb.fxgl.app.services.UpdaterService
23:08:34.172 [FXGL Background Thread 3 ] DEBUG Engine               - class com.almasb.fxgl.dev.DevService
23:08:46.052 [JavaFX Application Thread] WARN  TMXLevelLoader       - TiledMap generated from 1.10.2. Supported version: 1.2.3. Some features may not be parsed fully.
23:08:46.057 [JavaFX Application Thread] DEBUG TMXLevelLoader       - Parsed TiledMap: file:/C:/Users/mbour/OneDrive/Bureau/Zelda%20TOTK%20WINRAR/zeldaPuzzle/target/classes/assets/levels/interieurMaisonPlayer1.tmx
23:08:46.057 [JavaFX Application Thread] DEBUG TMXLevelLoader       - Creating tile layer entities
23:08:46.058 [JavaFX Application Thread] DEBUG TilesetLoader        - Loading view for layer background
23:08:46.069 [JavaFX Application Thread] DEBUG TilesetLoader        - Created buffer with size 1440.0x960.0
23:08:46.074 [JavaFX Application Thread] DEBUG TilesetLoader        - Loading view for layer devant
23:08:46.076 [JavaFX Application Thread] DEBUG TilesetLoader        - Created buffer with size 1440.0x960.0
23:08:46.077 [JavaFX Application Thread] DEBUG TilesetLoader        - Loading view for layer devant1
23:08:46.078 [JavaFX Application Thread] DEBUG TilesetLoader        - Created buffer with size 1440.0x960.0
23:08:46.078 [JavaFX Application Thread] DEBUG TMXLevelLoader       - Creating object layer entities
23:08:46.099 [JavaFX Application Thread] DEBUG GameWorld            - Clearing removable entities
23:08:46.107 [JavaFX Application Thread] DEBUG GameWorld            - Setting level: com.almasb.fxgl.entity.level.Level@4539511d
23:08:46.118 [JavaFX Application Thread] WARN  GameWorld            - Entity is already attached to world
23:08:58.564 [JavaFX Application Thread] WARN  TMXLevelLoader       - TiledMap generated from 1.10.2. Supported version: 1.2.3. Some features may not be parsed fully.
23:08:58.574 [JavaFX Application Thread] DEBUG TMXLevelLoader       - Parsed TiledMap: file:/C:/Users/mbour/OneDrive/Bureau/Zelda%20TOTK%20WINRAR/zeldaPuzzle/target/classes/assets/levels/mapFinal.tmx
23:08:58.574 [JavaFX Application Thread] DEBUG TMXLevelLoader       - Creating tile layer entities
23:08:58.574 [JavaFX Application Thread] DEBUG TilesetLoader        - Loading view for layer background
23:08:58.581 [JavaFX Application Thread] DEBUG TilesetLoader        - Created buffer with size 4800.0x4800.0
23:08:58.668 [JavaFX Application Thread] DEBUG TilesetLoader        - Loading view for layer devant
23:08:58.673 [JavaFX Application Thread] DEBUG TilesetLoader        - Created buffer with size 4800.0x4800.0
23:08:58.693 [JavaFX Application Thread] DEBUG TilesetLoader        - Loading view for layer devant1
23:08:58.701 [JavaFX Application Thread] DEBUG TilesetLoader        - Created buffer with size 4800.0x4800.0
23:08:58.713 [JavaFX Application Thread] DEBUG TMXLevelLoader       - Creating object layer entities
23:08:58.732 [JavaFX Application Thread] DEBUG GameWorld            - Clearing removable entities
23:08:58.733 [JavaFX Application Thread] DEBUG GameWorld            - Setting level: com.almasb.fxgl.entity.level.Level@1863ef0e
23:08:58.739 [JavaFX Application Thread] WARN  GameWorld            - Entity is already attached to world
23:09:39.224 [JavaFX Application Thread] DEBUG PrimaryStageWindow   - Push state: FXGLDefaultMenu
23:09:39.225 [JavaFX Application Thread] DEBUG Input                - Clearing active input actions
23:09:39.225 [JavaFX Application Thread] DEBUG GameApplicationServi - Removing overlay from GameScene and adding to FXGLDefaultMenu
23:09:39.226 [JavaFX Application Thread] DEBUG PrimaryStageWindow   - GameScene -> FXGLDefaultMenu
23:09:41.198 [JavaFX Application Thread] DEBUG Menu                 - fireResume()
23:09:41.198 [JavaFX Application Thread] DEBUG PrimaryStageWindow   - Pop state: FXGLDefaultMenu
23:09:41.198 [JavaFX Application Thread] DEBUG Input                - Clearing active input actions
23:09:41.199 [JavaFX Application Thread] DEBUG GameApplicationServi - Removing overlay from FXGLDefaultMenu and adding to GameScene
23:09:41.199 [JavaFX Application Thread] DEBUG PrimaryStageWindow   - GameScene <- FXGLDefaultMenu
23:09:43.774 [JavaFX Application Thread] DEBUG PrimaryStageWindow   - Push state: FXGLDefaultMenu
23:09:43.774 [JavaFX Application Thread] DEBUG Input                - Clearing active input actions
23:09:43.775 [JavaFX Application Thread] DEBUG GameApplicationServi - Removing overlay from GameScene and adding to FXGLDefaultMenu
23:09:43.776 [JavaFX Application Thread] DEBUG PrimaryStageWindow   - GameScene -> FXGLDefaultMenu
23:09:45.961 [JavaFX Application Thread] DEBUG FXGL.DefaultMenu     - createContentGameplay()
23:09:46.406 [JavaFX Application Thread] DEBUG PrimaryStageWindow   - Pop state: FXGLDefaultMenu
23:09:46.407 [JavaFX Application Thread] DEBUG Input                - Clearing active input actions
23:09:46.407 [JavaFX Application Thread] DEBUG GameApplicationServi - Removing overlay from FXGLDefaultMenu and adding to GameScene
23:09:46.407 [JavaFX Application Thread] DEBUG PrimaryStageWindow   - GameScene <- FXGLDefaultMenu
23:09:49.455 [JavaFX Application Thread] DEBUG PrimaryStageWindow   - Push state: FXGLDefaultMenu
23:09:49.455 [JavaFX Application Thread] DEBUG Input                - Clearing active input actions
23:09:49.456 [JavaFX Application Thread] DEBUG GameApplicationServi - Removing overlay from GameScene and adding to FXGLDefaultMenu
23:09:49.456 [JavaFX Application Thread] DEBUG PrimaryStageWindow   - GameScene -> FXGLDefaultMenu
23:09:51.848 [JavaFX Application Thread] DEBUG Menu                 - fireExitToMainMenu()
23:09:51.850 [JavaFX Application Thread] DEBUG PrimaryStageWindow   - Push state: DialogSubScene
23:09:51.850 [JavaFX Application Thread] DEBUG Input                - Clearing active input actions
23:09:51.850 [JavaFX Application Thread] DEBUG GameApplicationServi - Removing overlay from FXGLDefaultMenu and adding to DialogSubScene
23:09:51.851 [JavaFX Application Thread] DEBUG PrimaryStageWindow   - FXGLDefaultMenu -> DialogSubScene
23:09:52.529 [JavaFX Application Thread] DEBUG PrimaryStageWindow   - Pop state: DialogSubScene
23:09:52.529 [JavaFX Application Thread] DEBUG Input                - Clearing active input actions
23:09:52.530 [JavaFX Application Thread] DEBUG GameApplicationServi - Removing overlay from DialogSubScene and adding to FXGLDefaultMenu
23:09:52.530 [JavaFX Application Thread] DEBUG PrimaryStageWindow   - FXGLDefaultMenu <- DialogSubScene
23:09:52.530 [JavaFX Application Thread] DEBUG PrimaryStageWindow   - Pop state: FXGLDefaultMenu
23:09:52.530 [JavaFX Application Thread] DEBUG Input                - Clearing active input actions
23:09:52.531 [JavaFX Application Thread] DEBUG GameApplicationServi - Removing overlay from FXGLDefaultMenu and adding to GameScene
23:09:52.531 [JavaFX Application Thread] DEBUG PrimaryStageWindow   - GameScene <- FXGLDefaultMenu
23:09:52.531 [JavaFX Application Thread] DEBUG Input                - Clearing active input actions
23:09:52.534 [JavaFX Application Thread] DEBUG GameApplicationServi - Removing overlay from GameScene and adding to FXGLMainMenuDummyScene
23:09:52.537 [JavaFX Application Thread] DEBUG PrimaryStageWindow   - GameScene -> FXGLMainMenuDummyScene
23:09:52.537 [JavaFX Application Thread] DEBUG PrimaryStageWindow   - Push state: FXGLDefaultMenu
23:09:52.537 [JavaFX Application Thread] DEBUG Input                - Clearing active input actions
23:09:52.538 [JavaFX Application Thread] DEBUG GameApplicationServi - Removing overlay from FXGLMainMenuDummyScene and adding to FXGLDefaultMenu
23:09:52.538 [JavaFX Application Thread] DEBUG PrimaryStageWindow   - FXGLMainMenuDummyScene -> FXGLDefaultMenu
23:09:53.210 [JavaFX Application Thread] DEBUG Menu                 - fireNewGame()
23:09:53.211 [JavaFX Application Thread] DEBUG GameApplicationServi - Starting new game
23:09:53.211 [JavaFX Application Thread] DEBUG PrimaryStageWindow   - Pop state: FXGLDefaultMenu
23:09:53.211 [JavaFX Application Thread] DEBUG Input                - Clearing active input actions
23:09:53.211 [JavaFX Application Thread] DEBUG GameApplicationServi - Removing overlay from FXGLDefaultMenu and adding to FXGLMainMenuDummyScene
23:09:53.212 [JavaFX Application Thread] DEBUG PrimaryStageWindow   - FXGLMainMenuDummyScene <- FXGLDefaultMenu
23:09:53.212 [JavaFX Application Thread] DEBUG Input                - Clearing active input actions
23:09:53.215 [JavaFX Application Thread] DEBUG GameApplicationServi - Removing overlay from FXGLMainMenuDummyScene and adding to FXGLLoadingScene
23:09:53.215 [JavaFX Application Thread] DEBUG PrimaryStageWindow   - FXGLMainMenuDummyScene -> FXGLLoadingScene
23:09:53.215 [JavaFX Application Thread] DEBUG GameApplicationServi - Clearing previous game
23:09:53.215 [JavaFX Application Thread] DEBUG GameScene            - Clearing game scene
23:09:53.215 [JavaFX Application Thread] DEBUG GameWorld            - Clearing game world
23:09:53.218 [JavaFX Application Thread] DEBUG PhysicsWorld         - Clearing physics world
23:09:53.219 [FXGL Background Thread 5 ] DEBUG FXGLApplication      - Initializing game
23:09:53.222 [FXGL Background Thread 5 ] WARN  TMXLevelLoader       - TiledMap generated from 1.10.2. Supported version: 1.2.3. Some features may not be parsed fully.
23:09:53.233 [FXGL Background Thread 5 ] DEBUG TMXLevelLoader       - Parsed TiledMap: file:/C:/Users/mbour/OneDrive/Bureau/Zelda%20TOTK%20WINRAR/zeldaPuzzle/target/classes/assets/levels/mapFinal.tmx
23:09:53.233 [FXGL Background Thread 5 ] DEBUG TMXLevelLoader       - Creating tile layer entities
23:09:53.233 [FXGL Background Thread 5 ] DEBUG TilesetLoader        - Loading view for layer background
23:09:53.242 [FXGL Background Thread 5 ] DEBUG TilesetLoader        - Created buffer with size 4800.0x4800.0
23:09:53.355 [FXGL Background Thread 5 ] DEBUG TilesetLoader        - Loading view for layer devant
23:09:53.366 [FXGL Background Thread 5 ] DEBUG TilesetLoader        - Created buffer with size 4800.0x4800.0
23:09:53.406 [FXGL Background Thread 5 ] DEBUG TilesetLoader        - Loading view for layer devant1
23:09:53.418 [FXGL Background Thread 5 ] DEBUG TilesetLoader        - Created buffer with size 4800.0x4800.0
23:09:53.432 [FXGL Background Thread 5 ] DEBUG TMXLevelLoader       - Creating object layer entities
23:09:53.445 [FXGL Background Thread 5 ] DEBUG GameWorld            - Clearing removable entities
23:09:53.445 [FXGL Background Thread 5 ] DEBUG GameWorld            - Setting level: com.almasb.fxgl.entity.level.Level@63ee0aeb
23:09:53.456 [FXGL Background Thread 5 ] WARN  GameWorld            - Entity is already attached to world
23:09:53.457 [FXGL Background Thread 5 ] WARN  GameWorld            - Entity is already attached to world
23:09:53.458 [FXGL Background Thread 5 ] INFO  FXGLApplication      - Game initialization took: 0,239 sec
23:09:53.462 [JavaFX Application Thread] DEBUG Input                - Clearing active input actions
23:09:53.465 [JavaFX Application Thread] DEBUG GameApplicationServi - Removing overlay from FXGLLoadingScene and adding to GameScene
23:09:53.466 [JavaFX Application Thread] DEBUG PrimaryStageWindow   - FXGLLoadingScene -> GameScene
23:09:58.130 [JavaFX Application Thread] DEBUG FXGLApplication      - Exiting FXGL
23:09:58.130 [JavaFX Application Thread] DEBUG LoopRunner           - Stopping loop
23:09:58.130 [JavaFX Application Thread] DEBUG SystemBundleService  - Saving FXGL system data
23:09:58.132 [JavaFX Application Thread] DEBUG FileSystemAccess     - Writing to: C:\Users\mbour\OneDrive\Bureau\Zelda TOTK WINRAR\zeldaPuzzle\system\fxgl.bundle
23:09:58.134 [JavaFX Application Thread] DEBUG Async                - Shutting down background threads
23:09:58.134 [JavaFX Application Thread] DEBUG PrimaryStageWindow   - Closing main window
23:09:58.142 [JavaFX Application Thread] DEBUG Logger               - Closing Logger
