01:06:39.102 [main                     ] DEBUG Logger               - Configured Logger
01:06:39.116 [main                     ] DEBUG GameApplication      - Logging settings
Title: Zelda 2D Game par ماستن
Version: 1
Width: 800
Height: 800
Fullscreen: true
Intro: false
Profiling: false
Single step:false
App Mode: DEVELOPER
Menu Key: ESCAPE
Stage Style: DECORATED
Scene Factory: class com.almasb.fxgl.app.scene.SceneFactory

01:06:39.174 [JavaFX Application Thread] DEBUG FXGLApplication      - Initializing FXGL
01:06:39.178 [JavaFX Application Thread] INFO  Engine               - FXGL-17 (31.12.2021 18.16) on WINDOWS (J:19.0.2 FX:19)
01:06:39.179 [JavaFX Application Thread] DEBUG Engine               - JRE Vendor Name: Amazon.com Inc.
01:06:39.179 [JavaFX Application Thread] DEBUG Engine               - Running on OS: Windows 11 version 10.0
01:06:39.179 [JavaFX Application Thread] DEBUG Engine               - Architecture: amd64
01:06:39.179 [JavaFX Application Thread] INFO  Engine               - Source code and latest versions at: https://github.com/AlmasB/FXGL
01:06:39.179 [JavaFX Application Thread] INFO  Engine               -       Ask questions and discuss at: https://github.com/AlmasB/FXGL/discussions
01:06:39.179 [JavaFX Application Thread] INFO  Engine               -              Join the FXGL chat at: https://gitter.im/AlmasB/FXGL
01:06:39.228 [JavaFX Application Thread] DEBUG PrimaryStageWindow   - Creating a JavaFX scene
01:06:39.261 [JavaFX Application Thread] DEBUG PrimaryStageWindow   - Target settings size: 800.0 x 800.0
01:06:39.262 [JavaFX Application Thread] DEBUG PrimaryStageWindow   - Scaled scene size:    800.0 x 800.0
01:06:39.262 [JavaFX Application Thread] DEBUG PrimaryStageWindow   - Scaled ratio: (1.0, 1.0)
01:06:39.263 [JavaFX Application Thread] DEBUG PrimaryStageWindow   - Set initial scene to FXGLStartupScene
01:06:39.266 [JavaFX Application Thread] DEBUG PrimaryStageWindow   - Opening main window
01:06:39.327 [JavaFX Application Thread] DEBUG PrimaryStageWindow   - Window border size: (16.0, 39.0)
01:06:39.327 [JavaFX Application Thread] DEBUG PrimaryStageWindow   - Scaled size: 800.0 x 800.0
01:06:39.327 [JavaFX Application Thread] DEBUG PrimaryStageWindow   - Scaled ratio: (1.0, 1.0)
01:06:39.327 [JavaFX Application Thread] DEBUG PrimaryStageWindow   - Scene size: 800.0 x 800.0
01:06:39.328 [JavaFX Application Thread] DEBUG PrimaryStageWindow   - Stage size: 816.0 x 839.0
01:06:39.335 [FXGL Background Thread 1 ] DEBUG Engine               - Initializing environment variables
01:06:39.376 [FXGL Background Thread 1 ] DEBUG FXGLAssetLoaderServi - User app class for loading assets: class com.example.zeldapuzzle.MainGameApp
01:06:39.376 [FXGL Background Thread 1 ] DEBUG GameApplicationServi - Applying CSS: fxgl_dark.css
01:06:39.376 [FXGL Background Thread 1 ] DEBUG FXGLAssetLoaderServi - Loading from file system: jar:file:///C:/Users/Utilisateur/.m2/repository/com/github/almasb/fxgl/17/fxgl-17.jar!/fxglassets/ui/css/fxgl_dark.css
01:06:39.414 [FXGL Background Thread 1 ] DEBUG GameApplicationServi - Initializing application scenes
01:06:39.455 [FXGL Background Thread 1 ] DEBUG GameWorld            - Game world initialized
01:06:39.509 [FXGL Background Thread 1 ] DEBUG PhysicsWorld         - Physics world initialized: appHeight=800, physics.ppm=50,0
01:06:39.511 [FXGL Background Thread 1 ] DEBUG PhysicsWorld         - Using strategy: BRUTE_FORCE
01:06:39.515 [FXGL Background Thread 1 ] DEBUG GameScene            - Game scene initialized: 800x800
01:06:39.526 [FXGL Background Thread 1 ] DEBUG FXGL.DefaultMenu     - createMenuBodyMainMenu()
01:06:39.536 [FXGL Background Thread 1 ] DEBUG FXGL.DefaultMenu     - createOptionsMenu()
01:06:39.543 [FXGL Background Thread 1 ] DEBUG FXGLAssetLoaderServi - Loading from file system: jar:file:///C:/Users/Utilisateur/.m2/repository/com/github/almasb/fxgl/17/fxgl-17.jar!/fxglassets/textures/particles/smoke.png
01:06:39.637 [FXGL Background Thread 1 ] DEBUG FXGLAssetLoaderServi - Loading from file system: jar:file:///C:/Users/Utilisateur/.m2/repository/com/github/almasb/fxgl/17/fxgl-17.jar!/fxglassets/textures/particles/trace_horizontal.png
01:06:39.653 [FXGL Background Thread 1 ] DEBUG FXGL.DefaultMenu     - createMenuBodyGameMenu()
01:06:39.654 [FXGL Background Thread 1 ] DEBUG FXGL.DefaultMenu     - createOptionsMenu()
01:06:39.667 [FXGL Background Thread 1 ] DEBUG GameApplicationServi - Application scenes initialized
01:06:39.675 [FXGL Background Thread 1 ] DEBUG SystemBundleService  - Loading FXGL system data
01:06:39.678 [FXGL Background Thread 1 ] DEBUG FileSystemAccess     - Reading from: C:\Users\Utilisateur\IdeaProjects\zeldaPuzzle\system\fxgl.bundle
01:06:39.685 [FXGL Background Thread 1 ] DEBUG SystemBundleService  - Bundle FXGL: {}
01:06:39.685 [FXGL Background Thread 1 ] DEBUG UpdaterService       - Checking for updates
01:06:39.707 [FXGL Background Thread 4 ] DEBUG FXGLApplication      - Loading fonts
01:06:39.708 [FXGL Background Thread 4 ] DEBUG FXGLAssetLoaderServi - Loading from file system: jar:file:///C:/Users/Utilisateur/.m2/repository/com/github/almasb/fxgl/17/fxgl-17.jar!/fxglassets/ui/fonts/VarelaRound-Regular.ttf
01:06:39.710 [FXGL Background Thread 1 ] DEBUG FXGLApplication      - Loading default localization
01:06:39.712 [FXGL Background Thread 1 ] DEBUG FXGLAssetLoaderServi - Loading from file system: jar:file:///C:/Users/Utilisateur/.m2/repository/com/github/almasb/fxgl/17/fxgl-17.jar!/fxglassets/languages/english.lang
01:06:39.757 [FXGL Background Thread 1 ] INFO  FXGLApplication      - FXGL initialization took: 0,423 sec
01:06:39.761 [FXGL Background Thread 4 ] DEBUG FXGLAssetLoaderServi - Loading from file system: jar:file:///C:/Users/Utilisateur/.m2/repository/com/github/almasb/fxgl/17/fxgl-17.jar!/fxglassets/ui/fonts/Abel-Regular.ttf
01:06:39.767 [FXGL Background Thread 4 ] DEBUG FXGLAssetLoaderServi - Loading from file system: jar:file:///C:/Users/Utilisateur/.m2/repository/com/github/almasb/fxgl/17/fxgl-17.jar!/fxglassets/ui/fonts/TerminalLandMono-Regular.otf
01:06:39.774 [FXGL Background Thread 4 ] DEBUG FXGLAssetLoaderServi - Loading from file system: jar:file:///C:/Users/Utilisateur/.m2/repository/com/github/almasb/fxgl/17/fxgl-17.jar!/fxglassets/ui/fonts/Courier-Prime.ttf
01:06:39.774 [JavaFX Application Thread] DEBUG Input                - Registered new binding: inventaire - Tab
01:06:39.776 [JavaFX Application Thread] DEBUG Input                - Registered new binding: getPosition - P
01:06:39.776 [JavaFX Application Thread] DEBUG Input                - Registered new binding: zoom+ - Up
01:06:39.777 [JavaFX Application Thread] DEBUG Input                - Registered new binding: zoom- - Down
01:06:39.777 [JavaFX Application Thread] DEBUG Input                - Registered new binding: resetZoom - 0
01:06:39.777 [JavaFX Application Thread] DEBUG Input                - Registered new binding: Move right - D
01:06:39.778 [JavaFX Application Thread] DEBUG Input                - Registered new binding: Move left - A
01:06:39.778 [JavaFX Application Thread] DEBUG Input                - Registered new binding: Move Up - W
01:06:39.778 [JavaFX Application Thread] DEBUG Input                - Registered new binding: Move Down - S
01:06:39.779 [JavaFX Application Thread] DEBUG FXGLAssetLoaderServi - Loading from file system: jar:file:///C:/Users/Utilisateur/.m2/repository/com/github/almasb/fxgl/17/fxgl-17.jar!/fxglassets/textures/fxgl_icon.png
01:06:39.792 [JavaFX Application Thread] DEBUG FXGLAssetLoaderServi - Loading from file system: jar:file:///C:/Users/Utilisateur/.m2/repository/com/github/almasb/fxgl/17/fxgl-17.jar!/fxglassets/textures/fxgl_default_cursor.png
01:06:39.795 [JavaFX Application Thread] DEBUG Input                - Registered new binding: Screenshot - CTRL+8
01:06:39.796 [JavaFX Application Thread] DEBUG Input                - Registered new binding: Dev Options - 1
01:06:39.796 [JavaFX Application Thread] DEBUG Input                - Registered new binding: Dev Console - 2
01:06:39.797 [JavaFX Application Thread] DEBUG Input                - Registered new binding: System info dump - CTRL+9
01:06:39.798 [JavaFX Application Thread] DEBUG Input                - Registered new binding: Restart - CTRL+R
01:06:39.799 [JavaFX Application Thread] DEBUG Input                - Registered new binding: Toggle Debug Camera - CTRL+7
01:06:39.803 [JavaFX Application Thread] DEBUG LoopRunner           - Starting loop
01:06:39.839 [JavaFX Application Thread] DEBUG LoopRunner           - Initializing JavaFX AnimationTimerLoop
01:06:39.845 [JavaFX Application Thread] DEBUG Input                - Clearing active input actions
01:06:39.861 [JavaFX Application Thread] DEBUG GameApplicationServi - Removing overlay from FXGLStartupScene and adding to FXGLMainMenuDummyScene
01:06:39.868 [JavaFX Application Thread] DEBUG PrimaryStageWindow   - FXGLStartupScene -> FXGLMainMenuDummyScene
01:06:39.869 [JavaFX Application Thread] DEBUG PrimaryStageWindow   - Push state: FXGLDefaultMenu
01:06:39.871 [JavaFX Application Thread] DEBUG Input                - Clearing active input actions
01:06:39.876 [JavaFX Application Thread] DEBUG GameApplicationServi - Removing overlay from FXGLMainMenuDummyScene and adding to FXGLDefaultMenu
01:06:39.877 [JavaFX Application Thread] DEBUG PrimaryStageWindow   - FXGLMainMenuDummyScene -> FXGLDefaultMenu
01:06:39.883 [JavaFX Application Thread] DEBUG FXGLApplication      - Registering font factories with UI factory
01:06:40.105 [FXGL Background Thread 2 ] INFO  UpdaterService       - Your current version:  17
01:06:40.105 [FXGL Background Thread 2 ] INFO  UpdaterService       - Latest stable version: 21.1
01:06:40.695 [JavaFX Application Thread] DEBUG Menu                 - fireNewGame()
01:06:40.695 [JavaFX Application Thread] DEBUG GameApplicationServi - Starting new game
01:06:40.697 [JavaFX Application Thread] DEBUG PrimaryStageWindow   - Pop state: FXGLDefaultMenu
01:06:40.697 [JavaFX Application Thread] DEBUG Input                - Clearing active input actions
01:06:40.698 [JavaFX Application Thread] DEBUG GameApplicationServi - Removing overlay from FXGLDefaultMenu and adding to FXGLMainMenuDummyScene
01:06:40.700 [JavaFX Application Thread] DEBUG PrimaryStageWindow   - FXGLMainMenuDummyScene <- FXGLDefaultMenu
01:06:40.700 [JavaFX Application Thread] DEBUG Input                - Clearing active input actions
01:06:40.707 [JavaFX Application Thread] DEBUG GameApplicationServi - Removing overlay from FXGLMainMenuDummyScene and adding to FXGLLoadingScene
01:06:40.708 [JavaFX Application Thread] DEBUG PrimaryStageWindow   - FXGLMainMenuDummyScene -> FXGLLoadingScene
01:06:40.708 [JavaFX Application Thread] DEBUG GameApplicationServi - Clearing previous game
01:06:40.708 [JavaFX Application Thread] DEBUG GameScene            - Clearing game scene
01:06:40.708 [JavaFX Application Thread] DEBUG GameWorld            - Clearing game world
01:06:40.709 [JavaFX Application Thread] DEBUG PhysicsWorld         - Clearing physics world
01:06:40.713 [FXGL Background Thread 2 ] DEBUG FXGLApplication      - Initializing game
01:06:40.778 [FXGL Background Thread 2 ] WARN  TMXLevelLoader       - TiledMap generated from 1.10.2. Supported version: 1.2.3. Some features may not be parsed fully.
01:06:40.796 [FXGL Background Thread 2 ] DEBUG TMXLevelLoader       - Parsed TiledMap: file:/C:/Users/Utilisateur/IdeaProjects/zeldaPuzzle/target/classes/assets/levels/MapDeMerde2.tmx
01:06:40.798 [FXGL Background Thread 2 ] DEBUG TMXLevelLoader       - Creating tile layer entities
01:06:40.800 [FXGL Background Thread 2 ] DEBUG TilesetLoader        - Loading view for layer Calque de Tuiles 1
01:06:40.827 [FXGL Background Thread 2 ] DEBUG TilesetLoader        - Created buffer with size 4800.0x4800.0
01:06:40.870 [FXGL Background Thread 2 ] DEBUG TMXLevelLoader       - Creating object layer entities
01:06:40.872 [FXGL Background Thread 2 ] DEBUG GameWorld            - Clearing removable entities
01:06:40.873 [FXGL Background Thread 2 ] DEBUG GameWorld            - Setting level: com.almasb.fxgl.entity.level.Level@491b9372
01:06:40.913 [FXGL Background Thread 2 ] WARN  GameWorld            - Entity is already attached to world
01:06:40.921 [FXGL Background Thread 2 ] WARN  GameWorld            - Entity is already attached to world
01:06:40.924 [FXGL Background Thread 2 ] WARN  GameWorld            - Entity is already attached to world
01:06:40.936 [FXGL Background Thread 2 ] INFO  FXGLApplication      - Game initialization took: 0,223 sec
01:06:40.944 [JavaFX Application Thread] DEBUG Input                - Clearing active input actions
01:06:40.948 [JavaFX Application Thread] DEBUG GameApplicationServi - Removing overlay from FXGLLoadingScene and adding to GameScene
01:06:40.951 [JavaFX Application Thread] DEBUG PrimaryStageWindow   - FXGLLoadingScene -> GameScene
01:06:42.705 [FXGL Background Thread 3 ] DEBUG Engine               - Logging environment variables
01:06:42.705 [FXGL Background Thread 3 ] DEBUG Engine               - achievements: []
01:06:42.705 [FXGL Background Thread 3 ] DEBUG Engine               - actualHeight: 800.0
01:06:42.705 [FXGL Background Thread 3 ] DEBUG Engine               - actualHeightProperty: ReadOnlyDoubleProperty [value: 800.0]
01:06:42.705 [FXGL Background Thread 3 ] DEBUG Engine               - actualWidth: 800.0
01:06:42.705 [FXGL Background Thread 3 ] DEBUG Engine               - actualWidthProperty: ReadOnlyDoubleProperty [value: 800.0]
01:06:42.705 [FXGL Background Thread 3 ] DEBUG Engine               - appIcon: fxgl_icon.png
01:06:42.705 [FXGL Background Thread 3 ] DEBUG Engine               - applicationMode: DEVELOPER
01:06:42.705 [FXGL Background Thread 3 ] DEBUG Engine               - cSSList: [fxgl_dark.css]
01:06:42.705 [FXGL Background Thread 3 ] DEBUG Engine               - collisionDetectionStrategy: BRUTE_FORCE
01:06:42.705 [FXGL Background Thread 3 ] DEBUG Engine               - configClass: Optional.empty
01:06:42.705 [FXGL Background Thread 3 ] DEBUG Engine               - credits: []
01:06:42.705 [FXGL Background Thread 3 ] DEBUG Engine               - defaultCursor: CursorInfo(imageName=fxgl_default_cursor.png, hotspotX=7.0, hotspotY=6.0)
01:06:42.705 [FXGL Background Thread 3 ] DEBUG Engine               - devBBoxColorProperty: ObjectProperty [value: 0xff0000ff]
01:06:42.705 [FXGL Background Thread 3 ] DEBUG Engine               - devEnableDebugCameraProperty: BooleanProperty [value: false]
01:06:42.705 [FXGL Background Thread 3 ] DEBUG Engine               - devSensorColorProperty: ObjectProperty [value: 0xffff00ff]
01:06:42.706 [FXGL Background Thread 3 ] DEBUG Engine               - devShowBBoxProperty: BooleanProperty [value: false]
01:06:42.706 [FXGL Background Thread 3 ] DEBUG Engine               - devShowPositionProperty: BooleanProperty [value: false]
01:06:42.706 [FXGL Background Thread 3 ] DEBUG Engine               - enabledMenuItems: []
01:06:42.706 [FXGL Background Thread 3 ] DEBUG Engine               - engineServices: [class com.almasb.fxgl.app.services.FXGLAssetLoaderService, class com.almasb.fxgl.app.FXGLApplication$GameApplicationService, class com.almasb.fxgl.app.services.FXGLDialogService, class com.almasb.fxgl.app.services.IOTaskExecutorService, class com.almasb.fxgl.io.FileSystemService, class com.almasb.fxgl.localization.LocalizationService, class com.almasb.fxgl.app.services.SystemBundleService, class com.almasb.fxgl.profile.SaveLoadService, class com.almasb.fxgl.ui.FXGLUIFactoryServiceProvider, class com.almasb.fxgl.ui.FXGLDialogFactoryServiceProvider, class com.almasb.fxgl.audio.AudioPlayer, class com.almasb.fxgl.notification.impl.NotificationServiceProvider, class com.almasb.fxgl.achievement.AchievementService, class com.almasb.fxgl.cutscene.CutsceneService, class com.almasb.fxgl.minigames.MiniGameService, class com.almasb.fxgl.net.NetService, class com.almasb.fxgl.app.services.UpdaterService, class com.almasb.fxgl.dev.DevService]
01:06:42.706 [FXGL Background Thread 3 ] DEBUG Engine               - fontGame: Abel-Regular.ttf
01:06:42.706 [FXGL Background Thread 3 ] DEBUG Engine               - fontMono: TerminalLandMono-Regular.otf
01:06:42.706 [FXGL Background Thread 3 ] DEBUG Engine               - fontText: Courier-Prime.ttf
01:06:42.706 [FXGL Background Thread 3 ] DEBUG Engine               - fontUI: VarelaRound-Regular.ttf
01:06:42.706 [FXGL Background Thread 3 ] DEBUG Engine               - fullScreen: BooleanProperty [value: false]
01:06:42.706 [FXGL Background Thread 3 ] DEBUG Engine               - gameDifficulty: MEDIUM
01:06:42.706 [FXGL Background Thread 3 ] DEBUG Engine               - gameDifficultyProperty: ObjectProperty [value: MEDIUM]
01:06:42.706 [FXGL Background Thread 3 ] DEBUG Engine               - globalMusicVolume: 0.5
01:06:42.706 [FXGL Background Thread 3 ] DEBUG Engine               - globalMusicVolumeProperty: DoubleProperty [value: 0.5]
01:06:42.706 [FXGL Background Thread 3 ] DEBUG Engine               - globalSoundVolume: 0.5
01:06:42.706 [FXGL Background Thread 3 ] DEBUG Engine               - globalSoundVolumeProperty: DoubleProperty [value: 0.5]
01:06:42.706 [FXGL Background Thread 3 ] DEBUG Engine               - height: 800
01:06:42.706 [FXGL Background Thread 3 ] DEBUG Engine               - is3D: false
01:06:42.706 [FXGL Background Thread 3 ] DEBUG Engine               - isAndroid: false
01:06:42.706 [FXGL Background Thread 3 ] DEBUG Engine               - isBrowser: false
01:06:42.706 [FXGL Background Thread 3 ] DEBUG Engine               - isClickFeedbackEnabled: false
01:06:42.706 [FXGL Background Thread 3 ] DEBUG Engine               - isCloseConfirmation: false
01:06:42.706 [FXGL Background Thread 3 ] DEBUG Engine               - isDesktop: true
01:06:42.706 [FXGL Background Thread 3 ] DEBUG Engine               - isDeveloperMenuEnabled: true
01:06:42.707 [FXGL Background Thread 3 ] DEBUG Engine               - isEmbedded: false
01:06:42.707 [FXGL Background Thread 3 ] DEBUG Engine               - isEntityPreloadEnabled: true
01:06:42.707 [FXGL Background Thread 3 ] DEBUG Engine               - isExperimentalTiledLargeMap: false
01:06:42.707 [FXGL Background Thread 3 ] DEBUG Engine               - isFileSystemWriteAllowed: true
01:06:42.707 [FXGL Background Thread 3 ] DEBUG Engine               - isFullScreenAllowed: true
01:06:42.707 [FXGL Background Thread 3 ] DEBUG Engine               - isFullScreenFromStart: false
01:06:42.707 [FXGL Background Thread 3 ] DEBUG Engine               - isGameMenuEnabled: true
01:06:42.707 [FXGL Background Thread 3 ] DEBUG Engine               - isIOS: false
01:06:42.707 [FXGL Background Thread 3 ] DEBUG Engine               - isIntroEnabled: false
01:06:42.707 [FXGL Background Thread 3 ] DEBUG Engine               - isLinux: false
01:06:42.707 [FXGL Background Thread 3 ] DEBUG Engine               - isMac: false
01:06:42.707 [FXGL Background Thread 3 ] DEBUG Engine               - isMainMenuEnabled: true
01:06:42.707 [FXGL Background Thread 3 ] DEBUG Engine               - isManualResizeEnabled: false
01:06:42.707 [FXGL Background Thread 3 ] DEBUG Engine               - isMobile: false
01:06:42.707 [FXGL Background Thread 3 ] DEBUG Engine               - isNative: false
01:06:42.707 [FXGL Background Thread 3 ] DEBUG Engine               - isPauseMusicWhenMinimized: true
01:06:42.707 [FXGL Background Thread 3 ] DEBUG Engine               - isPreserveResizeRatio: false
01:06:42.707 [FXGL Background Thread 3 ] DEBUG Engine               - isProfilingEnabled: false
01:06:42.707 [FXGL Background Thread 3 ] DEBUG Engine               - isScaleAffectedOnResize: true
01:06:42.707 [FXGL Background Thread 3 ] DEBUG Engine               - isSingleStep: false
01:06:42.707 [FXGL Background Thread 3 ] DEBUG Engine               - isUserProfileEnabled: false
01:06:42.707 [FXGL Background Thread 3 ] DEBUG Engine               - isWindows: true
01:06:42.707 [FXGL Background Thread 3 ] DEBUG Engine               - language: ObjectProperty [value: ENGLISH]
01:06:42.707 [FXGL Background Thread 3 ] DEBUG Engine               - menuKey: ESCAPE
01:06:42.707 [FXGL Background Thread 3 ] DEBUG Engine               - mouseSensitivity: 0.2
01:06:42.707 [FXGL Background Thread 3 ] DEBUG Engine               - notificationViewClass: class com.almasb.fxgl.notification.view.XboxNotificationView
01:06:42.707 [FXGL Background Thread 3 ] DEBUG Engine               - pixelsPerMeter: 50.0
01:06:42.707 [FXGL Background Thread 3 ] DEBUG Engine               - platform: WINDOWS
01:06:42.707 [FXGL Background Thread 3 ] DEBUG Engine               - prefHeightProperty: ReadOnlyDoubleProperty [value: 800.0]
01:06:42.707 [FXGL Background Thread 3 ] DEBUG Engine               - prefWidthProperty: ReadOnlyDoubleProperty [value: 800.0]
01:06:42.708 [FXGL Background Thread 3 ] DEBUG Engine               - profileDir: profiles/
01:06:42.708 [FXGL Background Thread 3 ] DEBUG Engine               - profileName: StringProperty [value: DEFAULT]
01:06:42.708 [FXGL Background Thread 3 ] DEBUG Engine               - randomSeed: -1
01:06:42.710 [FXGL Background Thread 3 ] DEBUG Engine               - runtimeInfo: RuntimeInfo(platform=WINDOWS, version=17, build=31.12.2021 18.16)
01:06:42.710 [FXGL Background Thread 3 ] DEBUG Engine               - saveFileExt: sav
01:06:42.710 [FXGL Background Thread 3 ] DEBUG Engine               - scaledHeightProp$fxgl: DoubleProperty [bound, value: 800.0]
01:06:42.710 [FXGL Background Thread 3 ] DEBUG Engine               - scaledWidthProp$fxgl: DoubleProperty [bound, value: 800.0]
01:06:42.710 [FXGL Background Thread 3 ] DEBUG Engine               - sceneFactory: com.almasb.fxgl.app.scene.SceneFactory@598ea08b
01:06:42.710 [FXGL Background Thread 3 ] DEBUG Engine               - secondsIn24h: 60
01:06:42.710 [FXGL Background Thread 3 ] DEBUG Engine               - soundMenuBack: menu/back.wav
01:06:42.710 [FXGL Background Thread 3 ] DEBUG Engine               - soundMenuPress: menu/press.wav
01:06:42.710 [FXGL Background Thread 3 ] DEBUG Engine               - soundMenuSelect: menu/select.wav
01:06:42.710 [FXGL Background Thread 3 ] DEBUG Engine               - soundNotification: core/notification.wav
01:06:42.710 [FXGL Background Thread 3 ] DEBUG Engine               - stageStyle: DECORATED
01:06:42.710 [FXGL Background Thread 3 ] DEBUG Engine               - supportedLanguages: [ENGLISH, FRENCH, GERMAN, HUNGARIAN, RUSSIAN]
01:06:42.710 [FXGL Background Thread 3 ] DEBUG Engine               - ticksPerSecond: -1
01:06:42.710 [FXGL Background Thread 3 ] DEBUG Engine               - title: Zelda 2D Game par ماستن
01:06:42.710 [FXGL Background Thread 3 ] DEBUG Engine               - urlGithub: https://github.com/AlmasB/FXGL
01:06:42.710 [FXGL Background Thread 3 ] DEBUG Engine               - urlLeaderboard: http://fxgl-top.herokuapp.com/
01:06:42.710 [FXGL Background Thread 3 ] DEBUG Engine               - urlPOM: https://raw.githubusercontent.com/AlmasB/FXGL/release/README.md
01:06:42.710 [FXGL Background Thread 3 ] DEBUG Engine               - userAppClass: class com.example.zeldapuzzle.MainGameApp
01:06:42.710 [FXGL Background Thread 3 ] DEBUG Engine               - version: 1
01:06:42.710 [FXGL Background Thread 3 ] DEBUG Engine               - versionCheckDays: 7
01:06:42.710 [FXGL Background Thread 3 ] DEBUG Engine               - width: 800
01:06:42.710 [FXGL Background Thread 3 ] DEBUG Engine               - Logging services
01:06:42.710 [FXGL Background Thread 3 ] DEBUG Engine               - class com.almasb.fxgl.app.services.FXGLAssetLoaderService
01:06:42.710 [FXGL Background Thread 3 ] DEBUG Engine               - class com.almasb.fxgl.app.FXGLApplication$GameApplicationService
01:06:42.710 [FXGL Background Thread 3 ] DEBUG Engine               - class com.almasb.fxgl.app.services.FXGLDialogService
01:06:42.711 [FXGL Background Thread 3 ] DEBUG Engine               - class com.almasb.fxgl.app.services.IOTaskExecutorService
01:06:42.711 [FXGL Background Thread 3 ] DEBUG Engine               - class com.almasb.fxgl.io.FileSystemService
01:06:42.711 [FXGL Background Thread 3 ] DEBUG Engine               - class com.almasb.fxgl.localization.LocalizationService
01:06:42.711 [FXGL Background Thread 3 ] DEBUG Engine               - class com.almasb.fxgl.app.services.SystemBundleService
01:06:42.711 [FXGL Background Thread 3 ] DEBUG Engine               - class com.almasb.fxgl.profile.SaveLoadService
01:06:42.711 [FXGL Background Thread 3 ] DEBUG Engine               - class com.almasb.fxgl.ui.FXGLUIFactoryServiceProvider
01:06:42.711 [FXGL Background Thread 3 ] DEBUG Engine               - class com.almasb.fxgl.ui.FXGLDialogFactoryServiceProvider
01:06:42.711 [FXGL Background Thread 3 ] DEBUG Engine               - class com.almasb.fxgl.audio.AudioPlayer
01:06:42.711 [FXGL Background Thread 3 ] DEBUG Engine               - class com.almasb.fxgl.notification.impl.NotificationServiceProvider
01:06:42.711 [FXGL Background Thread 3 ] DEBUG Engine               - class com.almasb.fxgl.achievement.AchievementService
01:06:42.711 [FXGL Background Thread 3 ] DEBUG Engine               - class com.almasb.fxgl.cutscene.CutsceneService
01:06:42.711 [FXGL Background Thread 3 ] DEBUG Engine               - class com.almasb.fxgl.minigames.MiniGameService
01:06:42.711 [FXGL Background Thread 3 ] DEBUG Engine               - class com.almasb.fxgl.net.NetService
01:06:42.711 [FXGL Background Thread 3 ] DEBUG Engine               - class com.almasb.fxgl.app.services.UpdaterService
01:06:42.711 [FXGL Background Thread 3 ] DEBUG Engine               - class com.almasb.fxgl.dev.DevService
01:06:43.633 [JavaFX Application Thread] WARN  TMXLevelLoader       - TiledMap generated from 1.10.2. Supported version: 1.2.3. Some features may not be parsed fully.
01:06:43.659 [JavaFX Application Thread] DEBUG TMXLevelLoader       - Parsed TiledMap: file:/C:/Users/Utilisateur/IdeaProjects/zeldaPuzzle/target/classes/assets/levels/leDongeon.tmx
01:06:43.659 [JavaFX Application Thread] DEBUG TMXLevelLoader       - Creating tile layer entities
01:06:43.659 [JavaFX Application Thread] DEBUG TilesetLoader        - Loading view for layer BG1
01:06:43.663 [JavaFX Application Thread] DEBUG TilesetLoader        - Created buffer with size 2400.0x800.0
01:06:43.673 [JavaFX Application Thread] DEBUG TilesetLoader        - Loading view for layer BG2
01:06:43.677 [JavaFX Application Thread] DEBUG TilesetLoader        - Created buffer with size 2400.0x800.0
01:06:43.685 [JavaFX Application Thread] DEBUG TilesetLoader        - Loading view for layer BG3
01:06:43.687 [JavaFX Application Thread] DEBUG TilesetLoader        - Created buffer with size 2400.0x800.0
01:06:43.697 [JavaFX Application Thread] DEBUG TilesetLoader        - Loading view for layer BG4a
01:06:43.702 [JavaFX Application Thread] DEBUG TilesetLoader        - Created buffer with size 2400.0x800.0
01:06:43.715 [JavaFX Application Thread] DEBUG TilesetLoader        - Loading view for layer BG4b
01:06:43.718 [JavaFX Application Thread] DEBUG TilesetLoader        - Created buffer with size 2400.0x800.0
01:06:43.731 [JavaFX Application Thread] DEBUG TilesetLoader        - Loading view for layer MainBuild3
01:06:43.735 [JavaFX Application Thread] DEBUG TilesetLoader        - Created buffer with size 2400.0x800.0
01:06:43.777 [JavaFX Application Thread] DEBUG TilesetLoader        - Loading view for layer MainBuild2
01:06:43.781 [JavaFX Application Thread] DEBUG TilesetLoader        - Created buffer with size 2400.0x800.0
01:06:43.784 [JavaFX Application Thread] DEBUG TilesetLoader        - Loading view for layer MainBuild
01:06:43.787 [JavaFX Application Thread] DEBUG TilesetLoader        - Created buffer with size 2400.0x800.0
01:06:43.790 [JavaFX Application Thread] DEBUG TMXLevelLoader       - Creating object layer entities
01:06:43.800 [JavaFX Application Thread] DEBUG GameWorld            - Clearing removable entities
01:06:43.802 [JavaFX Application Thread] DEBUG GameWorld            - Setting level: com.almasb.fxgl.entity.level.Level@3dbd32cc
01:06:43.807 [JavaFX Application Thread] WARN  GameWorld            - Entity is already attached to world
01:06:48.978 [JavaFX Application Thread] WARN  GameWorld            - Entity is already attached to world
01:06:53.912 [JavaFX Application Thread] WARN  GameWorld            - Entity is already attached to world
01:06:54.605 [JavaFX Application Thread] WARN  GameWorld            - Entity is already attached to world
01:06:55.229 [JavaFX Application Thread] WARN  GameWorld            - Entity is already attached to world
01:06:55.791 [JavaFX Application Thread] WARN  GameWorld            - Entity is already attached to world
01:06:56.351 [JavaFX Application Thread] WARN  GameWorld            - Entity is already attached to world
01:06:56.880 [JavaFX Application Thread] WARN  GameWorld            - Entity is already attached to world
01:06:57.462 [JavaFX Application Thread] WARN  GameWorld            - Entity is already attached to world
01:06:57.994 [JavaFX Application Thread] WARN  GameWorld            - Entity is already attached to world
01:06:58.526 [JavaFX Application Thread] WARN  GameWorld            - Entity is already attached to world
01:06:59.462 [JavaFX Application Thread] WARN  GameWorld            - Entity is already attached to world
01:07:01.278 [JavaFX Application Thread] WARN  GameWorld            - Entity is already attached to world
01:07:02.313 [JavaFX Application Thread] WARN  GameWorld            - Entity is already attached to world
01:07:03.148 [JavaFX Application Thread] WARN  GameWorld            - Entity is already attached to world
01:07:03.963 [JavaFX Application Thread] WARN  GameWorld            - Entity is already attached to world
01:07:04.553 [JavaFX Application Thread] WARN  GameWorld            - Entity is already attached to world
01:07:05.017 [JavaFX Application Thread] WARN  GameWorld            - Entity is already attached to world
01:07:05.473 [JavaFX Application Thread] WARN  GameWorld            - Entity is already attached to world
01:07:05.800 [JavaFX Application Thread] WARN  GameWorld            - Entity is already attached to world
01:07:06.033 [JavaFX Application Thread] WARN  GameWorld            - Entity is already attached to world
01:07:06.218 [JavaFX Application Thread] WARN  GameWorld            - Entity is already attached to world
01:07:06.433 [JavaFX Application Thread] WARN  GameWorld            - Entity is already attached to world
01:07:06.634 [JavaFX Application Thread] WARN  GameWorld            - Entity is already attached to world
01:07:06.911 [JavaFX Application Thread] WARN  GameWorld            - Entity is already attached to world
01:07:07.118 [JavaFX Application Thread] WARN  GameWorld            - Entity is already attached to world
01:07:07.300 [JavaFX Application Thread] WARN  GameWorld            - Entity is already attached to world
01:07:07.500 [JavaFX Application Thread] WARN  GameWorld            - Entity is already attached to world
01:07:07.675 [JavaFX Application Thread] WARN  GameWorld            - Entity is already attached to world
01:07:07.855 [JavaFX Application Thread] WARN  GameWorld            - Entity is already attached to world
01:07:08.062 [JavaFX Application Thread] WARN  GameWorld            - Entity is already attached to world
01:07:08.253 [JavaFX Application Thread] WARN  GameWorld            - Entity is already attached to world
01:07:08.434 [JavaFX Application Thread] WARN  GameWorld            - Entity is already attached to world
01:07:08.620 [JavaFX Application Thread] WARN  GameWorld            - Entity is already attached to world
01:07:08.818 [JavaFX Application Thread] WARN  GameWorld            - Entity is already attached to world
01:07:09.068 [JavaFX Application Thread] WARN  GameWorld            - Entity is already attached to world
01:07:09.267 [JavaFX Application Thread] WARN  GameWorld            - Entity is already attached to world
01:07:09.452 [JavaFX Application Thread] WARN  GameWorld            - Entity is already attached to world
01:07:09.643 [JavaFX Application Thread] WARN  GameWorld            - Entity is already attached to world
01:07:09.835 [JavaFX Application Thread] WARN  GameWorld            - Entity is already attached to world
01:07:10.025 [JavaFX Application Thread] WARN  GameWorld            - Entity is already attached to world
01:07:10.220 [JavaFX Application Thread] WARN  GameWorld            - Entity is already attached to world
01:07:10.410 [JavaFX Application Thread] WARN  GameWorld            - Entity is already attached to world
01:07:10.604 [JavaFX Application Thread] WARN  GameWorld            - Entity is already attached to world
01:07:10.786 [JavaFX Application Thread] WARN  GameWorld            - Entity is already attached to world
01:07:11.004 [JavaFX Application Thread] WARN  GameWorld            - Entity is already attached to world
01:07:11.972 [JavaFX Application Thread] WARN  GameWorld            - Entity is already attached to world
01:07:12.756 [JavaFX Application Thread] WARN  GameWorld            - Entity is already attached to world
01:07:13.639 [JavaFX Application Thread] WARN  GameWorld            - Entity is already attached to world
01:07:14.405 [JavaFX Application Thread] WARN  GameWorld            - Entity is already attached to world
01:07:14.814 [JavaFX Application Thread] WARN  GameWorld            - Entity is already attached to world
01:07:15.163 [JavaFX Application Thread] WARN  GameWorld            - Entity is already attached to world
01:07:16.212 [JavaFX Application Thread] DEBUG FXGLApplication      - Exiting FXGL
01:07:16.212 [JavaFX Application Thread] DEBUG LoopRunner           - Stopping loop
01:07:16.212 [JavaFX Application Thread] DEBUG SystemBundleService  - Saving FXGL system data
01:07:16.215 [JavaFX Application Thread] DEBUG FileSystemAccess     - Writing to: C:\Users\Utilisateur\IdeaProjects\zeldaPuzzle\system\fxgl.bundle
01:07:16.217 [JavaFX Application Thread] DEBUG Async                - Shutting down background threads
01:07:16.217 [JavaFX Application Thread] DEBUG PrimaryStageWindow   - Closing main window
01:07:16.227 [JavaFX Application Thread] DEBUG Logger               - Closing Logger
