21:11:47.620 [main                     ] DEBUG Logger               - Configured Logger
21:11:47.632 [main                     ] DEBUG GameApplication      - Logging settings
Title: Zelda 2D Game par ماستن
Version: 1
Width: 800
Height: 800
Fullscreen: true
Intro: false
Profiling: false
Single step:false
App Mode: DEVELOPER
Menu Key: ESCAPE
Stage Style: DECORATED
Scene Factory: class com.almasb.fxgl.app.scene.SceneFactory

21:11:47.690 [JavaFX Application Thread] DEBUG FXGLApplication      - Initializing FXGL
21:11:47.694 [JavaFX Application Thread] INFO  Engine               - FXGL-17 (31.12.2021 18.16) on WINDOWS (J:21.0.2 FX:19)
21:11:47.695 [JavaFX Application Thread] DEBUG Engine               - JRE Vendor Name: Oracle Corporation
21:11:47.695 [JavaFX Application Thread] DEBUG Engine               - Running on OS: Windows 11 version 10.0
21:11:47.695 [JavaFX Application Thread] DEBUG Engine               - Architecture: amd64
21:11:47.695 [JavaFX Application Thread] INFO  Engine               - Source code and latest versions at: https://github.com/AlmasB/FXGL
21:11:47.695 [JavaFX Application Thread] INFO  Engine               -       Ask questions and discuss at: https://github.com/AlmasB/FXGL/discussions
21:11:47.695 [JavaFX Application Thread] INFO  Engine               -              Join the FXGL chat at: https://gitter.im/AlmasB/FXGL
21:11:47.740 [JavaFX Application Thread] DEBUG PrimaryStageWindow   - Creating a JavaFX scene
21:11:47.769 [JavaFX Application Thread] DEBUG PrimaryStageWindow   - Target settings size: 800.0 x 800.0
21:11:47.770 [JavaFX Application Thread] DEBUG PrimaryStageWindow   - Scaled scene size:    800.0 x 800.0
21:11:47.770 [JavaFX Application Thread] DEBUG PrimaryStageWindow   - Scaled ratio: (1.0, 1.0)
21:11:47.771 [JavaFX Application Thread] DEBUG PrimaryStageWindow   - Set initial scene to FXGLStartupScene
21:11:47.774 [JavaFX Application Thread] DEBUG PrimaryStageWindow   - Opening main window
21:11:47.831 [JavaFX Application Thread] DEBUG PrimaryStageWindow   - Window border size: (16.0, 39.0)
21:11:47.831 [JavaFX Application Thread] DEBUG PrimaryStageWindow   - Scaled size: 800.0 x 800.0
21:11:47.832 [JavaFX Application Thread] DEBUG PrimaryStageWindow   - Scaled ratio: (1.0, 1.0)
21:11:47.832 [JavaFX Application Thread] DEBUG PrimaryStageWindow   - Scene size: 800.0 x 800.0
21:11:47.832 [JavaFX Application Thread] DEBUG PrimaryStageWindow   - Stage size: 816.0 x 839.0
21:11:47.838 [FXGL Background Thread 1 ] DEBUG Engine               - Initializing environment variables
21:11:47.876 [FXGL Background Thread 1 ] DEBUG FXGLAssetLoaderServi - User app class for loading assets: class com.example.zeldapuzzle.MainGameApp
21:11:47.876 [FXGL Background Thread 1 ] DEBUG GameApplicationServi - Applying CSS: fxgl_dark.css
21:11:47.877 [FXGL Background Thread 1 ] DEBUG FXGLAssetLoaderServi - Loading from file system: jar:file:///C:/Users/User/.m2/repository/com/github/almasb/fxgl/17/fxgl-17.jar!/fxglassets/ui/css/fxgl_dark.css
21:11:47.911 [FXGL Background Thread 1 ] DEBUG GameApplicationServi - Initializing application scenes
21:11:47.945 [FXGL Background Thread 1 ] DEBUG GameWorld            - Game world initialized
21:11:47.986 [FXGL Background Thread 1 ] DEBUG PhysicsWorld         - Physics world initialized: appHeight=800, physics.ppm=50.0
21:11:47.986 [FXGL Background Thread 1 ] DEBUG PhysicsWorld         - Using strategy: BRUTE_FORCE
21:11:47.989 [FXGL Background Thread 1 ] DEBUG GameScene            - Game scene initialized: 800x800
21:11:47.995 [FXGL Background Thread 1 ] DEBUG FXGL.DefaultMenu     - createMenuBodyMainMenu()
21:11:48.004 [FXGL Background Thread 1 ] DEBUG FXGL.DefaultMenu     - createOptionsMenu()
21:11:48.010 [FXGL Background Thread 1 ] DEBUG FXGLAssetLoaderServi - Loading from file system: jar:file:///C:/Users/User/.m2/repository/com/github/almasb/fxgl/17/fxgl-17.jar!/fxglassets/textures/particles/smoke.png
21:11:48.053 [FXGL Background Thread 1 ] DEBUG FXGLAssetLoaderServi - Loading from file system: jar:file:///C:/Users/User/.m2/repository/com/github/almasb/fxgl/17/fxgl-17.jar!/fxglassets/textures/particles/trace_horizontal.png
21:11:48.065 [FXGL Background Thread 1 ] DEBUG FXGL.DefaultMenu     - createMenuBodyGameMenu()
21:11:48.066 [FXGL Background Thread 1 ] DEBUG FXGL.DefaultMenu     - createOptionsMenu()
21:11:48.075 [FXGL Background Thread 1 ] DEBUG GameApplicationServi - Application scenes initialized
21:11:48.083 [FXGL Background Thread 1 ] DEBUG SystemBundleService  - Loading FXGL system data
21:11:48.087 [FXGL Background Thread 1 ] DEBUG FileSystemAccess     - Reading from: C:\Users\User\zeldaPuzzle\system\fxgl.bundle
21:11:48.094 [FXGL Background Thread 1 ] DEBUG SystemBundleService  - Bundle FXGL: {}
21:11:48.094 [FXGL Background Thread 1 ] DEBUG UpdaterService       - Checking for updates
21:11:48.117 [FXGL Background Thread 4 ] DEBUG FXGLApplication      - Loading fonts
21:11:48.117 [FXGL Background Thread 1 ] DEBUG FXGLApplication      - Loading default localization
21:11:48.118 [FXGL Background Thread 4 ] DEBUG FXGLAssetLoaderServi - Loading from file system: jar:file:///C:/Users/User/.m2/repository/com/github/almasb/fxgl/17/fxgl-17.jar!/fxglassets/ui/fonts/VarelaRound-Regular.ttf
21:11:48.118 [FXGL Background Thread 1 ] DEBUG FXGLAssetLoaderServi - Loading from file system: jar:file:///C:/Users/User/.m2/repository/com/github/almasb/fxgl/17/fxgl-17.jar!/fxglassets/languages/english.lang
21:11:48.139 [FXGL Background Thread 1 ] INFO  FXGLApplication      - FXGL initialization took: 0.301 sec
21:11:48.148 [JavaFX Application Thread] DEBUG Input                - Registered new binding: inventaire - Tab
21:11:48.148 [JavaFX Application Thread] DEBUG Input                - Registered new binding: getPosition - P
21:11:48.148 [JavaFX Application Thread] DEBUG Input                - Registered new binding: zoom+ - Up
21:11:48.148 [JavaFX Application Thread] DEBUG Input                - Registered new binding: zoom- - Down
21:11:48.148 [JavaFX Application Thread] DEBUG Input                - Registered new binding: resetZoom - 0
21:11:48.148 [JavaFX Application Thread] DEBUG Input                - Registered new binding: Move right - D
21:11:48.148 [JavaFX Application Thread] DEBUG Input                - Registered new binding: Move left - A
21:11:48.148 [JavaFX Application Thread] DEBUG Input                - Registered new binding: Move Up - W
21:11:48.149 [JavaFX Application Thread] DEBUG Input                - Registered new binding: Move Down - S
21:11:48.149 [JavaFX Application Thread] DEBUG FXGLAssetLoaderServi - Loading from file system: jar:file:///C:/Users/User/.m2/repository/com/github/almasb/fxgl/17/fxgl-17.jar!/fxglassets/textures/fxgl_icon.png
21:11:48.153 [FXGL Background Thread 4 ] DEBUG FXGLAssetLoaderServi - Loading from file system: jar:file:///C:/Users/User/.m2/repository/com/github/almasb/fxgl/17/fxgl-17.jar!/fxglassets/ui/fonts/Abel-Regular.ttf
21:11:48.156 [JavaFX Application Thread] DEBUG FXGLAssetLoaderServi - Loading from file system: jar:file:///C:/Users/User/.m2/repository/com/github/almasb/fxgl/17/fxgl-17.jar!/fxglassets/textures/fxgl_default_cursor.png
21:11:48.158 [JavaFX Application Thread] DEBUG Input                - Registered new binding: Screenshot - CTRL+8
21:11:48.158 [JavaFX Application Thread] DEBUG Input                - Registered new binding: Dev Options - 1
21:11:48.158 [JavaFX Application Thread] DEBUG Input                - Registered new binding: Dev Console - 2
21:11:48.159 [JavaFX Application Thread] DEBUG Input                - Registered new binding: System info dump - CTRL+9
21:11:48.159 [JavaFX Application Thread] DEBUG Input                - Registered new binding: Restart - CTRL+R
21:11:48.160 [JavaFX Application Thread] DEBUG Input                - Registered new binding: Toggle Debug Camera - CTRL+7
21:11:48.164 [JavaFX Application Thread] DEBUG LoopRunner           - Starting loop
21:11:48.166 [FXGL Background Thread 4 ] DEBUG FXGLAssetLoaderServi - Loading from file system: jar:file:///C:/Users/User/.m2/repository/com/github/almasb/fxgl/17/fxgl-17.jar!/fxglassets/ui/fonts/TerminalLandMono-Regular.otf
21:11:48.177 [JavaFX Application Thread] DEBUG LoopRunner           - Initializing JavaFX AnimationTimerLoop
21:11:48.180 [JavaFX Application Thread] DEBUG Input                - Clearing active input actions
21:11:48.188 [JavaFX Application Thread] DEBUG GameApplicationServi - Removing overlay from FXGLStartupScene and adding to FXGLMainMenuDummyScene
21:11:48.193 [JavaFX Application Thread] DEBUG PrimaryStageWindow   - FXGLStartupScene -> FXGLMainMenuDummyScene
21:11:48.194 [JavaFX Application Thread] DEBUG PrimaryStageWindow   - Push state: FXGLDefaultMenu
21:11:48.194 [FXGL Background Thread 4 ] DEBUG FXGLAssetLoaderServi - Loading from file system: jar:file:///C:/Users/User/.m2/repository/com/github/almasb/fxgl/17/fxgl-17.jar!/fxglassets/ui/fonts/Courier-Prime.ttf
21:11:48.195 [JavaFX Application Thread] DEBUG Input                - Clearing active input actions
21:11:48.204 [JavaFX Application Thread] DEBUG GameApplicationServi - Removing overlay from FXGLMainMenuDummyScene and adding to FXGLDefaultMenu
21:11:48.205 [JavaFX Application Thread] DEBUG PrimaryStageWindow   - FXGLMainMenuDummyScene -> FXGLDefaultMenu
21:11:48.350 [JavaFX Application Thread] DEBUG FXGLApplication      - Registering font factories with UI factory
21:11:48.459 [FXGL Background Thread 2 ] INFO  UpdaterService       - Your current version:  17
21:11:48.459 [FXGL Background Thread 2 ] INFO  UpdaterService       - Latest stable version: 21.1
21:11:48.849 [JavaFX Application Thread] DEBUG Menu                 - fireNewGame()
21:11:48.849 [JavaFX Application Thread] DEBUG GameApplicationServi - Starting new game
21:11:48.851 [JavaFX Application Thread] DEBUG PrimaryStageWindow   - Pop state: FXGLDefaultMenu
21:11:48.851 [JavaFX Application Thread] DEBUG Input                - Clearing active input actions
21:11:48.852 [JavaFX Application Thread] DEBUG GameApplicationServi - Removing overlay from FXGLDefaultMenu and adding to FXGLMainMenuDummyScene
21:11:48.853 [JavaFX Application Thread] DEBUG PrimaryStageWindow   - FXGLMainMenuDummyScene <- FXGLDefaultMenu
21:11:48.853 [JavaFX Application Thread] DEBUG Input                - Clearing active input actions
21:11:48.859 [JavaFX Application Thread] DEBUG GameApplicationServi - Removing overlay from FXGLMainMenuDummyScene and adding to FXGLLoadingScene
21:11:48.860 [JavaFX Application Thread] DEBUG PrimaryStageWindow   - FXGLMainMenuDummyScene -> FXGLLoadingScene
21:11:48.861 [JavaFX Application Thread] DEBUG GameApplicationServi - Clearing previous game
21:11:48.861 [JavaFX Application Thread] DEBUG GameScene            - Clearing game scene
21:11:48.861 [JavaFX Application Thread] DEBUG GameWorld            - Clearing game world
21:11:48.861 [JavaFX Application Thread] DEBUG PhysicsWorld         - Clearing physics world
21:11:48.863 [FXGL Background Thread 2 ] DEBUG FXGLApplication      - Initializing game
21:11:48.905 [FXGL Background Thread 2 ] WARN  TMXLevelLoader       - TiledMap generated from 1.10.2. Supported version: 1.2.3. Some features may not be parsed fully.
21:11:48.912 [FXGL Background Thread 2 ] DEBUG TMXLevelLoader       - Parsed TiledMap: file:/C:/Users/User/zeldaPuzzle/target/classes/assets/levels/StartingMap.tmx
21:11:48.913 [FXGL Background Thread 2 ] DEBUG TMXLevelLoader       - Creating tile layer entities
21:11:48.913 [FXGL Background Thread 2 ] DEBUG TilesetLoader        - Loading view for layer Calque de Tuiles 1
21:11:48.915 [FXGL Background Thread 2 ] DEBUG TilesetLoader        - Created buffer with size 960.0x960.0
21:11:48.924 [FXGL Background Thread 2 ] DEBUG TilesetLoader        - Loading view for layer Calque de Tuiles 2
21:11:48.925 [FXGL Background Thread 2 ] DEBUG TilesetLoader        - Created buffer with size 960.0x960.0
21:11:48.933 [FXGL Background Thread 2 ] DEBUG TMXLevelLoader       - Creating object layer entities
21:11:48.934 [FXGL Background Thread 2 ] DEBUG GameWorld            - Clearing removable entities
21:11:48.935 [FXGL Background Thread 2 ] DEBUG GameWorld            - Setting level: com.almasb.fxgl.entity.level.Level@79d4f75a
21:11:48.950 [FXGL Background Thread 2 ] WARN  GameWorld            - Entity is already attached to world
21:11:48.993 [FXGL Background Thread 2 ] WARN  GameWorld            - Entity is already attached to world
21:11:48.994 [FXGL Background Thread 2 ] WARN  GameWorld            - Entity is already attached to world
21:11:49.008 [FXGL Background Thread 2 ] INFO  FXGLApplication      - Game initialization took: 0.144 sec
21:11:49.008 [JavaFX Application Thread] DEBUG Input                - Clearing active input actions
21:11:49.012 [JavaFX Application Thread] DEBUG GameApplicationServi - Removing overlay from FXGLLoadingScene and adding to GameScene
21:11:49.013 [JavaFX Application Thread] DEBUG PrimaryStageWindow   - FXGLLoadingScene -> GameScene
21:11:51.118 [FXGL Background Thread 3 ] DEBUG Engine               - Logging environment variables
21:11:51.118 [FXGL Background Thread 3 ] DEBUG Engine               - achievements: []
21:11:51.118 [FXGL Background Thread 3 ] DEBUG Engine               - actualHeight: 800.0
21:11:51.118 [FXGL Background Thread 3 ] DEBUG Engine               - actualHeightProperty: ReadOnlyDoubleProperty [value: 800.0]
21:11:51.118 [FXGL Background Thread 3 ] DEBUG Engine               - actualWidth: 800.0
21:11:51.118 [FXGL Background Thread 3 ] DEBUG Engine               - actualWidthProperty: ReadOnlyDoubleProperty [value: 800.0]
21:11:51.118 [FXGL Background Thread 3 ] DEBUG Engine               - appIcon: fxgl_icon.png
21:11:51.118 [FXGL Background Thread 3 ] DEBUG Engine               - applicationMode: DEVELOPER
21:11:51.118 [FXGL Background Thread 3 ] DEBUG Engine               - cSSList: [fxgl_dark.css]
21:11:51.118 [FXGL Background Thread 3 ] DEBUG Engine               - collisionDetectionStrategy: BRUTE_FORCE
21:11:51.118 [FXGL Background Thread 3 ] DEBUG Engine               - configClass: Optional.empty
21:11:51.118 [FXGL Background Thread 3 ] DEBUG Engine               - credits: []
21:11:51.118 [FXGL Background Thread 3 ] DEBUG Engine               - defaultCursor: CursorInfo(imageName=fxgl_default_cursor.png, hotspotX=7.0, hotspotY=6.0)
21:11:51.119 [FXGL Background Thread 3 ] DEBUG Engine               - devBBoxColorProperty: ObjectProperty [value: 0xff0000ff]
21:11:51.119 [FXGL Background Thread 3 ] DEBUG Engine               - devEnableDebugCameraProperty: BooleanProperty [value: false]
21:11:51.119 [FXGL Background Thread 3 ] DEBUG Engine               - devSensorColorProperty: ObjectProperty [value: 0xffff00ff]
21:11:51.119 [FXGL Background Thread 3 ] DEBUG Engine               - devShowBBoxProperty: BooleanProperty [value: false]
21:11:51.119 [FXGL Background Thread 3 ] DEBUG Engine               - devShowPositionProperty: BooleanProperty [value: false]
21:11:51.119 [FXGL Background Thread 3 ] DEBUG Engine               - enabledMenuItems: []
21:11:51.119 [FXGL Background Thread 3 ] DEBUG Engine               - engineServices: [class com.almasb.fxgl.app.services.FXGLAssetLoaderService, class com.almasb.fxgl.app.FXGLApplication$GameApplicationService, class com.almasb.fxgl.app.services.FXGLDialogService, class com.almasb.fxgl.app.services.IOTaskExecutorService, class com.almasb.fxgl.io.FileSystemService, class com.almasb.fxgl.localization.LocalizationService, class com.almasb.fxgl.app.services.SystemBundleService, class com.almasb.fxgl.profile.SaveLoadService, class com.almasb.fxgl.ui.FXGLUIFactoryServiceProvider, class com.almasb.fxgl.ui.FXGLDialogFactoryServiceProvider, class com.almasb.fxgl.audio.AudioPlayer, class com.almasb.fxgl.notification.impl.NotificationServiceProvider, class com.almasb.fxgl.achievement.AchievementService, class com.almasb.fxgl.cutscene.CutsceneService, class com.almasb.fxgl.minigames.MiniGameService, class com.almasb.fxgl.net.NetService, class com.almasb.fxgl.app.services.UpdaterService, class com.almasb.fxgl.dev.DevService]
21:11:51.119 [FXGL Background Thread 3 ] DEBUG Engine               - fontGame: Abel-Regular.ttf
21:11:51.119 [FXGL Background Thread 3 ] DEBUG Engine               - fontMono: TerminalLandMono-Regular.otf
21:11:51.119 [FXGL Background Thread 3 ] DEBUG Engine               - fontText: Courier-Prime.ttf
21:11:51.119 [FXGL Background Thread 3 ] DEBUG Engine               - fontUI: VarelaRound-Regular.ttf
21:11:51.119 [FXGL Background Thread 3 ] DEBUG Engine               - fullScreen: BooleanProperty [value: false]
21:11:51.119 [FXGL Background Thread 3 ] DEBUG Engine               - gameDifficulty: MEDIUM
21:11:51.119 [FXGL Background Thread 3 ] DEBUG Engine               - gameDifficultyProperty: ObjectProperty [value: MEDIUM]
21:11:51.119 [FXGL Background Thread 3 ] DEBUG Engine               - globalMusicVolume: 0.5
21:11:51.119 [FXGL Background Thread 3 ] DEBUG Engine               - globalMusicVolumeProperty: DoubleProperty [value: 0.5]
21:11:51.119 [FXGL Background Thread 3 ] DEBUG Engine               - globalSoundVolume: 0.5
21:11:51.119 [FXGL Background Thread 3 ] DEBUG Engine               - globalSoundVolumeProperty: DoubleProperty [value: 0.5]
21:11:51.120 [FXGL Background Thread 3 ] DEBUG Engine               - height: 800
21:11:51.120 [FXGL Background Thread 3 ] DEBUG Engine               - is3D: false
21:11:51.120 [FXGL Background Thread 3 ] DEBUG Engine               - isAndroid: false
21:11:51.120 [FXGL Background Thread 3 ] DEBUG Engine               - isBrowser: false
21:11:51.120 [FXGL Background Thread 3 ] DEBUG Engine               - isClickFeedbackEnabled: false
21:11:51.120 [FXGL Background Thread 3 ] DEBUG Engine               - isCloseConfirmation: false
21:11:51.120 [FXGL Background Thread 3 ] DEBUG Engine               - isDesktop: true
21:11:51.120 [FXGL Background Thread 3 ] DEBUG Engine               - isDeveloperMenuEnabled: true
21:11:51.120 [FXGL Background Thread 3 ] DEBUG Engine               - isEmbedded: false
21:11:51.120 [FXGL Background Thread 3 ] DEBUG Engine               - isEntityPreloadEnabled: true
21:11:51.120 [FXGL Background Thread 3 ] DEBUG Engine               - isExperimentalTiledLargeMap: false
21:11:51.120 [FXGL Background Thread 3 ] DEBUG Engine               - isFileSystemWriteAllowed: true
21:11:51.120 [FXGL Background Thread 3 ] DEBUG Engine               - isFullScreenAllowed: true
21:11:51.120 [FXGL Background Thread 3 ] DEBUG Engine               - isFullScreenFromStart: false
21:11:51.120 [FXGL Background Thread 3 ] DEBUG Engine               - isGameMenuEnabled: true
21:11:51.120 [FXGL Background Thread 3 ] DEBUG Engine               - isIOS: false
21:11:51.120 [FXGL Background Thread 3 ] DEBUG Engine               - isIntroEnabled: false
21:11:51.120 [FXGL Background Thread 3 ] DEBUG Engine               - isLinux: false
21:11:51.120 [FXGL Background Thread 3 ] DEBUG Engine               - isMac: false
21:11:51.120 [FXGL Background Thread 3 ] DEBUG Engine               - isMainMenuEnabled: true
21:11:51.120 [FXGL Background Thread 3 ] DEBUG Engine               - isManualResizeEnabled: false
21:11:51.120 [FXGL Background Thread 3 ] DEBUG Engine               - isMobile: false
21:11:51.120 [FXGL Background Thread 3 ] DEBUG Engine               - isNative: false
21:11:51.120 [FXGL Background Thread 3 ] DEBUG Engine               - isPauseMusicWhenMinimized: true
21:11:51.120 [FXGL Background Thread 3 ] DEBUG Engine               - isPreserveResizeRatio: false
21:11:51.120 [FXGL Background Thread 3 ] DEBUG Engine               - isProfilingEnabled: false
21:11:51.120 [FXGL Background Thread 3 ] DEBUG Engine               - isScaleAffectedOnResize: true
21:11:51.120 [FXGL Background Thread 3 ] DEBUG Engine               - isSingleStep: false
21:11:51.120 [FXGL Background Thread 3 ] DEBUG Engine               - isUserProfileEnabled: false
21:11:51.120 [FXGL Background Thread 3 ] DEBUG Engine               - isWindows: true
21:11:51.120 [FXGL Background Thread 3 ] DEBUG Engine               - language: ObjectProperty [value: ENGLISH]
21:11:51.120 [FXGL Background Thread 3 ] DEBUG Engine               - menuKey: ESCAPE
21:11:51.120 [FXGL Background Thread 3 ] DEBUG Engine               - mouseSensitivity: 0.2
21:11:51.120 [FXGL Background Thread 3 ] DEBUG Engine               - notificationViewClass: class com.almasb.fxgl.notification.view.XboxNotificationView
21:11:51.120 [FXGL Background Thread 3 ] DEBUG Engine               - pixelsPerMeter: 50.0
21:11:51.120 [FXGL Background Thread 3 ] DEBUG Engine               - platform: WINDOWS
21:11:51.121 [FXGL Background Thread 3 ] DEBUG Engine               - prefHeightProperty: ReadOnlyDoubleProperty [value: 800.0]
21:11:51.121 [FXGL Background Thread 3 ] DEBUG Engine               - prefWidthProperty: ReadOnlyDoubleProperty [value: 800.0]
21:11:51.121 [FXGL Background Thread 3 ] DEBUG Engine               - profileDir: profiles/
21:11:51.121 [FXGL Background Thread 3 ] DEBUG Engine               - profileName: StringProperty [value: DEFAULT]
21:11:51.121 [FXGL Background Thread 3 ] DEBUG Engine               - randomSeed: -1
21:11:51.121 [FXGL Background Thread 3 ] DEBUG Engine               - runtimeInfo: RuntimeInfo(platform=WINDOWS, version=17, build=31.12.2021 18.16)
21:11:51.121 [FXGL Background Thread 3 ] DEBUG Engine               - saveFileExt: sav
21:11:51.121 [FXGL Background Thread 3 ] DEBUG Engine               - scaledHeightProp$fxgl: DoubleProperty [bound, value: 800.0]
21:11:51.121 [FXGL Background Thread 3 ] DEBUG Engine               - scaledWidthProp$fxgl: DoubleProperty [bound, value: 800.0]
21:11:51.121 [FXGL Background Thread 3 ] DEBUG Engine               - sceneFactory: com.almasb.fxgl.app.scene.SceneFactory@d892863
21:11:51.121 [FXGL Background Thread 3 ] DEBUG Engine               - secondsIn24h: 60
21:11:51.121 [FXGL Background Thread 3 ] DEBUG Engine               - soundMenuBack: menu/back.wav
21:11:51.121 [FXGL Background Thread 3 ] DEBUG Engine               - soundMenuPress: menu/press.wav
21:11:51.121 [FXGL Background Thread 3 ] DEBUG Engine               - soundMenuSelect: menu/select.wav
21:11:51.121 [FXGL Background Thread 3 ] DEBUG Engine               - soundNotification: core/notification.wav
21:11:51.121 [FXGL Background Thread 3 ] DEBUG Engine               - stageStyle: DECORATED
21:11:51.121 [FXGL Background Thread 3 ] DEBUG Engine               - supportedLanguages: [ENGLISH, FRENCH, GERMAN, HUNGARIAN, RUSSIAN]
21:11:51.121 [FXGL Background Thread 3 ] DEBUG Engine               - ticksPerSecond: -1
21:11:51.121 [FXGL Background Thread 3 ] DEBUG Engine               - title: Zelda 2D Game par ماستن
21:11:51.121 [FXGL Background Thread 3 ] DEBUG Engine               - urlGithub: https://github.com/AlmasB/FXGL
21:11:51.121 [FXGL Background Thread 3 ] DEBUG Engine               - urlLeaderboard: http://fxgl-top.herokuapp.com/
21:11:51.121 [FXGL Background Thread 3 ] DEBUG Engine               - urlPOM: https://raw.githubusercontent.com/AlmasB/FXGL/release/README.md
21:11:51.121 [FXGL Background Thread 3 ] DEBUG Engine               - userAppClass: class com.example.zeldapuzzle.MainGameApp
21:11:51.121 [FXGL Background Thread 3 ] DEBUG Engine               - version: 1
21:11:51.121 [FXGL Background Thread 3 ] DEBUG Engine               - versionCheckDays: 7
21:11:51.121 [FXGL Background Thread 3 ] DEBUG Engine               - width: 800
21:11:51.121 [FXGL Background Thread 3 ] DEBUG Engine               - Logging services
21:11:51.121 [FXGL Background Thread 3 ] DEBUG Engine               - class com.almasb.fxgl.app.services.FXGLAssetLoaderService
21:11:51.121 [FXGL Background Thread 3 ] DEBUG Engine               - class com.almasb.fxgl.app.FXGLApplication$GameApplicationService
21:11:51.121 [FXGL Background Thread 3 ] DEBUG Engine               - class com.almasb.fxgl.app.services.FXGLDialogService
21:11:51.121 [FXGL Background Thread 3 ] DEBUG Engine               - class com.almasb.fxgl.app.services.IOTaskExecutorService
21:11:51.121 [FXGL Background Thread 3 ] DEBUG Engine               - class com.almasb.fxgl.io.FileSystemService
21:11:51.121 [FXGL Background Thread 3 ] DEBUG Engine               - class com.almasb.fxgl.localization.LocalizationService
21:11:51.121 [FXGL Background Thread 3 ] DEBUG Engine               - class com.almasb.fxgl.app.services.SystemBundleService
21:11:51.121 [FXGL Background Thread 3 ] DEBUG Engine               - class com.almasb.fxgl.profile.SaveLoadService
21:11:51.122 [FXGL Background Thread 3 ] DEBUG Engine               - class com.almasb.fxgl.ui.FXGLUIFactoryServiceProvider
21:11:51.122 [FXGL Background Thread 3 ] DEBUG Engine               - class com.almasb.fxgl.ui.FXGLDialogFactoryServiceProvider
21:11:51.122 [FXGL Background Thread 3 ] DEBUG Engine               - class com.almasb.fxgl.audio.AudioPlayer
21:11:51.122 [FXGL Background Thread 3 ] DEBUG Engine               - class com.almasb.fxgl.notification.impl.NotificationServiceProvider
21:11:51.122 [FXGL Background Thread 3 ] DEBUG Engine               - class com.almasb.fxgl.achievement.AchievementService
21:11:51.122 [FXGL Background Thread 3 ] DEBUG Engine               - class com.almasb.fxgl.cutscene.CutsceneService
21:11:51.122 [FXGL Background Thread 3 ] DEBUG Engine               - class com.almasb.fxgl.minigames.MiniGameService
21:11:51.122 [FXGL Background Thread 3 ] DEBUG Engine               - class com.almasb.fxgl.net.NetService
21:11:51.122 [FXGL Background Thread 3 ] DEBUG Engine               - class com.almasb.fxgl.app.services.UpdaterService
21:11:51.122 [FXGL Background Thread 3 ] DEBUG Engine               - class com.almasb.fxgl.dev.DevService
21:12:07.973 [JavaFX Application Thread] WARN  TMXLevelLoader       - TiledMap generated from 1.10.2. Supported version: 1.2.3. Some features may not be parsed fully.
21:12:07.981 [JavaFX Application Thread] DEBUG TMXLevelLoader       - Parsed TiledMap: file:/C:/Users/User/zeldaPuzzle/target/classes/assets/levels/donjonPasFini.tmx
21:12:07.982 [JavaFX Application Thread] DEBUG TMXLevelLoader       - Creating tile layer entities
21:12:07.982 [JavaFX Application Thread] DEBUG TilesetLoader        - Loading view for layer Calque de Tuiles 2
21:12:07.983 [JavaFX Application Thread] DEBUG TilesetLoader        - Created buffer with size 3200.0x960.0
21:12:08.000 [JavaFX Application Thread] WARN  TilesetLoader        - Diagonally flipped tiles are not currently supported
21:12:08.000 [JavaFX Application Thread] WARN  TilesetLoader        - Diagonally flipped tiles are not currently supported
21:12:08.000 [JavaFX Application Thread] WARN  TilesetLoader        - Diagonally flipped tiles are not currently supported
21:12:08.001 [JavaFX Application Thread] WARN  TilesetLoader        - Diagonally flipped tiles are not currently supported
21:12:08.001 [JavaFX Application Thread] WARN  TilesetLoader        - Diagonally flipped tiles are not currently supported
21:12:08.001 [JavaFX Application Thread] WARN  TilesetLoader        - Diagonally flipped tiles are not currently supported
21:12:08.001 [JavaFX Application Thread] WARN  TilesetLoader        - Diagonally flipped tiles are not currently supported
21:12:08.001 [JavaFX Application Thread] WARN  TilesetLoader        - Diagonally flipped tiles are not currently supported
21:12:08.001 [JavaFX Application Thread] WARN  TilesetLoader        - Diagonally flipped tiles are not currently supported
21:12:08.001 [JavaFX Application Thread] WARN  TilesetLoader        - Diagonally flipped tiles are not currently supported
21:12:08.002 [JavaFX Application Thread] DEBUG TilesetLoader        - Loading view for layer background
21:12:08.005 [JavaFX Application Thread] DEBUG TilesetLoader        - Created buffer with size 3200.0x960.0
21:12:08.015 [JavaFX Application Thread] DEBUG TilesetLoader        - Loading view for layer Calque de Tuiles 3
21:12:08.019 [JavaFX Application Thread] DEBUG TilesetLoader        - Created buffer with size 3200.0x960.0
21:12:08.020 [JavaFX Application Thread] DEBUG TilesetLoader        - Loading view for layer Calque de Tuiles 1
21:12:08.022 [JavaFX Application Thread] DEBUG TilesetLoader        - Created buffer with size 3200.0x960.0
21:12:08.022 [JavaFX Application Thread] DEBUG TMXLevelLoader       - Creating object layer entities
21:12:08.033 [JavaFX Application Thread] DEBUG GameWorld            - Clearing removable entities
21:12:08.034 [JavaFX Application Thread] DEBUG GameWorld            - Setting level: com.almasb.fxgl.entity.level.Level@3055cbf1
21:12:08.074 [JavaFX Application Thread] WARN  GameWorld            - Entity is already attached to world
21:12:10.579 [JavaFX Application Thread] WARN  GameWorld            - Entity is already attached to world
21:12:12.045 [JavaFX Application Thread] WARN  GameWorld            - Entity is already attached to world
21:12:13.295 [JavaFX Application Thread] WARN  GameWorld            - Entity is already attached to world
21:12:15.913 [JavaFX Application Thread] WARN  GameWorld            - Entity is already attached to world
21:12:17.372 [JavaFX Application Thread] WARN  GameWorld            - Entity is already attached to world
21:12:19.141 [JavaFX Application Thread] WARN  GameWorld            - Entity is already attached to world
21:12:21.510 [JavaFX Application Thread] WARN  GameWorld            - Entity is already attached to world
21:12:23.040 [JavaFX Application Thread] WARN  GameWorld            - Entity is already attached to world
21:12:24.926 [JavaFX Application Thread] WARN  GameWorld            - Entity is already attached to world
21:12:27.922 [JavaFX Application Thread] WARN  GameWorld            - Entity is already attached to world
21:12:30.875 [JavaFX Application Thread] WARN  GameWorld            - Entity is already attached to world
21:12:32.798 [JavaFX Application Thread] WARN  GameWorld            - Entity is already attached to world
21:12:33.491 [JavaFX Application Thread] WARN  TMXLevelLoader       - TiledMap generated from 1.10.2. Supported version: 1.2.3. Some features may not be parsed fully.
21:12:33.493 [JavaFX Application Thread] DEBUG TMXLevelLoader       - Parsed TiledMap: file:/C:/Users/User/zeldaPuzzle/target/classes/assets/levels/donjonFini.tmx
21:12:33.494 [JavaFX Application Thread] DEBUG TMXLevelLoader       - Creating tile layer entities
21:12:33.494 [JavaFX Application Thread] DEBUG TilesetLoader        - Loading view for layer Calque de Tuiles 2
21:12:33.495 [JavaFX Application Thread] DEBUG TilesetLoader        - Created buffer with size 3200.0x960.0
21:12:33.513 [JavaFX Application Thread] WARN  TilesetLoader        - Diagonally flipped tiles are not currently supported
21:12:33.514 [JavaFX Application Thread] WARN  TilesetLoader        - Diagonally flipped tiles are not currently supported
21:12:33.514 [JavaFX Application Thread] WARN  TilesetLoader        - Diagonally flipped tiles are not currently supported
21:12:33.514 [JavaFX Application Thread] WARN  TilesetLoader        - Diagonally flipped tiles are not currently supported
21:12:33.514 [JavaFX Application Thread] WARN  TilesetLoader        - Diagonally flipped tiles are not currently supported
21:12:33.514 [JavaFX Application Thread] WARN  TilesetLoader        - Diagonally flipped tiles are not currently supported
21:12:33.515 [JavaFX Application Thread] WARN  TilesetLoader        - Diagonally flipped tiles are not currently supported
21:12:33.515 [JavaFX Application Thread] WARN  TilesetLoader        - Diagonally flipped tiles are not currently supported
21:12:33.515 [JavaFX Application Thread] WARN  TilesetLoader        - Diagonally flipped tiles are not currently supported
21:12:33.515 [JavaFX Application Thread] WARN  TilesetLoader        - Diagonally flipped tiles are not currently supported
21:12:33.515 [JavaFX Application Thread] DEBUG TilesetLoader        - Loading view for layer background
21:12:33.517 [JavaFX Application Thread] DEBUG TilesetLoader        - Created buffer with size 3200.0x960.0
21:12:33.519 [JavaFX Application Thread] DEBUG TilesetLoader        - Loading view for layer Calque de Tuiles 3
21:12:33.520 [JavaFX Application Thread] DEBUG TilesetLoader        - Created buffer with size 3200.0x960.0
21:12:33.521 [JavaFX Application Thread] DEBUG TilesetLoader        - Loading view for layer Calque de Tuiles 1
21:12:33.522 [JavaFX Application Thread] DEBUG TilesetLoader        - Created buffer with size 3200.0x960.0
21:12:33.523 [JavaFX Application Thread] DEBUG TMXLevelLoader       - Creating object layer entities
21:12:33.524 [JavaFX Application Thread] DEBUG GameWorld            - Clearing removable entities
21:12:33.525 [JavaFX Application Thread] DEBUG GameWorld            - Setting level: com.almasb.fxgl.entity.level.Level@b98e0ca
21:12:33.569 [JavaFX Application Thread] WARN  GameWorld            - Entity is already attached to world
21:12:35.577 [JavaFX Application Thread] DEBUG FXGLApplication      - Exiting FXGL
21:12:35.577 [JavaFX Application Thread] DEBUG LoopRunner           - Stopping loop
21:12:35.577 [JavaFX Application Thread] DEBUG SystemBundleService  - Saving FXGL system data
21:12:35.578 [JavaFX Application Thread] DEBUG FileSystemAccess     - Writing to: C:\Users\User\zeldaPuzzle\system\fxgl.bundle
21:12:35.579 [JavaFX Application Thread] DEBUG Async                - Shutting down background threads
21:12:35.580 [JavaFX Application Thread] DEBUG PrimaryStageWindow   - Closing main window
21:12:35.586 [JavaFX Application Thread] DEBUG Logger               - Closing Logger
