22:28:35.714 [main                     ] DEBUG Logger               - Configured Logger
22:28:35.740 [main                     ] DEBUG GameApplication      - Logging settings
Title: Zelda 2D Game
Version: 1
Width: 800
Height: 800
Fullscreen: true
Intro: false
Profiling: false
Single step:false
App Mode: DEVELOPER
Menu Key: ESCAPE
Stage Style: DECORATED
Scene Factory: class com.almasb.fxgl.app.scene.SceneFactory

22:28:35.961 [JavaFX Application Thread] DEBUG FXGLApplication      - Initializing FXGL
22:28:35.966 [JavaFX Application Thread] INFO  Engine               - FXGL-17 (31.12.2021 18.16) on MAC (J:19.0.1 FX:19)
22:28:35.966 [JavaFX Application Thread] DEBUG Engine               - JRE Vendor Name: Oracle Corporation
22:28:35.967 [JavaFX Application Thread] DEBUG Engine               - Running on OS: Mac OS X version 12.5
22:28:35.967 [JavaFX Application Thread] DEBUG Engine               - Architecture: aarch64
22:28:35.967 [JavaFX Application Thread] INFO  Engine               - Source code and latest versions at: https://github.com/AlmasB/FXGL
22:28:35.967 [JavaFX Application Thread] INFO  Engine               -       Ask questions and discuss at: https://github.com/AlmasB/FXGL/discussions
22:28:35.967 [JavaFX Application Thread] INFO  Engine               -              Join the FXGL chat at: https://gitter.im/AlmasB/FXGL
22:28:36.043 [JavaFX Application Thread] DEBUG PrimaryStageWindow   - Creating a JavaFX scene
22:28:36.091 [JavaFX Application Thread] DEBUG PrimaryStageWindow   - Target settings size: 800.0 x 800.0
22:28:36.091 [JavaFX Application Thread] DEBUG PrimaryStageWindow   - Scaled scene size:    800.0 x 800.0
22:28:36.091 [JavaFX Application Thread] DEBUG PrimaryStageWindow   - Scaled ratio: (1.0, 1.0)
22:28:36.092 [JavaFX Application Thread] DEBUG PrimaryStageWindow   - Set initial scene to FXGLStartupScene
22:28:36.097 [JavaFX Application Thread] DEBUG PrimaryStageWindow   - Opening main window
22:28:36.238 [JavaFX Application Thread] DEBUG PrimaryStageWindow   - Window border size: (0.0, 28.0)
22:28:36.238 [JavaFX Application Thread] DEBUG PrimaryStageWindow   - Scaled size: 800.0 x 800.0
22:28:36.238 [JavaFX Application Thread] DEBUG PrimaryStageWindow   - Scaled ratio: (1.0, 1.0)
22:28:36.239 [JavaFX Application Thread] DEBUG PrimaryStageWindow   - Scene size: 800.0 x 800.0
22:28:36.239 [JavaFX Application Thread] DEBUG PrimaryStageWindow   - Stage size: 800.0 x 828.0
22:28:36.246 [FXGL Background Thread 1 ] DEBUG Engine               - Initializing environment variables
22:28:36.310 [FXGL Background Thread 1 ] DEBUG FXGLAssetLoaderServi - User app class for loading assets: class com.example.zeldapuzzle.MainGameApp
22:28:36.311 [FXGL Background Thread 1 ] DEBUG GameApplicationServi - Applying CSS: fxgl_dark.css
22:28:36.313 [FXGL Background Thread 1 ] DEBUG FXGLAssetLoaderServi - Loading from file system: jar:file:///Users/CHLaroche05/.m2/repository/com/github/almasb/fxgl/17/fxgl-17.jar!/fxglassets/ui/css/fxgl_dark.css
22:28:36.375 [FXGL Background Thread 1 ] DEBUG GameApplicationServi - Initializing application scenes
22:28:36.649 [FXGL Background Thread 1 ] DEBUG GameWorld            - Game world initialized
22:28:36.722 [FXGL Background Thread 1 ] DEBUG PhysicsWorld         - Physics world initialized: appHeight=800, physics.ppm=50.0
22:28:36.724 [FXGL Background Thread 1 ] DEBUG PhysicsWorld         - Using strategy: BRUTE_FORCE
22:28:36.731 [FXGL Background Thread 1 ] DEBUG GameScene            - Game scene initialized: 800x800
22:28:36.752 [FXGL Background Thread 1 ] DEBUG FXGL.DefaultMenu     - createMenuBodyMainMenu()
22:28:36.771 [FXGL Background Thread 1 ] DEBUG FXGL.DefaultMenu     - createOptionsMenu()
22:28:36.781 [FXGL Background Thread 1 ] DEBUG FXGLAssetLoaderServi - Loading from file system: jar:file:///Users/CHLaroche05/.m2/repository/com/github/almasb/fxgl/17/fxgl-17.jar!/fxglassets/textures/particles/smoke.png
22:28:36.887 [FXGL Background Thread 1 ] DEBUG FXGLAssetLoaderServi - Loading from file system: jar:file:///Users/CHLaroche05/.m2/repository/com/github/almasb/fxgl/17/fxgl-17.jar!/fxglassets/textures/particles/trace_horizontal.png
22:28:36.907 [FXGL Background Thread 1 ] DEBUG FXGL.DefaultMenu     - createMenuBodyGameMenu()
22:28:36.909 [FXGL Background Thread 1 ] DEBUG FXGL.DefaultMenu     - createOptionsMenu()
22:28:36.965 [FXGL Background Thread 1 ] DEBUG GameApplicationServi - Application scenes initialized
22:28:37.021 [FXGL Background Thread 1 ] DEBUG SystemBundleService  - Loading FXGL system data
22:28:37.027 [FXGL Background Thread 1 ] DEBUG FileSystemAccess     - Reading from: /Users/CHLaroche05/zelda/zeldaPuzzle/system/fxgl.bundle
22:28:37.037 [FXGL Background Thread 1 ] DEBUG SystemBundleService  - Bundle FXGL: {}
22:28:37.038 [FXGL Background Thread 1 ] DEBUG UpdaterService       - Checking for updates
22:28:37.071 [FXGL Background Thread 4 ] DEBUG FXGLApplication      - Loading fonts
22:28:37.071 [FXGL Background Thread 1 ] DEBUG FXGLApplication      - Loading default localization
22:28:37.071 [FXGL Background Thread 4 ] DEBUG FXGLAssetLoaderServi - Loading from file system: jar:file:///Users/CHLaroche05/.m2/repository/com/github/almasb/fxgl/17/fxgl-17.jar!/fxglassets/ui/fonts/VarelaRound-Regular.ttf
22:28:37.072 [FXGL Background Thread 1 ] DEBUG FXGLAssetLoaderServi - Loading from file system: jar:file:///Users/CHLaroche05/.m2/repository/com/github/almasb/fxgl/17/fxgl-17.jar!/fxglassets/languages/english.lang
22:28:37.082 [FXGL Background Thread 4 ] DEBUG FXGLAssetLoaderServi - Loading from file system: jar:file:///Users/CHLaroche05/.m2/repository/com/github/almasb/fxgl/17/fxgl-17.jar!/fxglassets/ui/fonts/Abel-Regular.ttf
22:28:37.086 [FXGL Background Thread 4 ] DEBUG FXGLAssetLoaderServi - Loading from file system: jar:file:///Users/CHLaroche05/.m2/repository/com/github/almasb/fxgl/17/fxgl-17.jar!/fxglassets/ui/fonts/TerminalLandMono-Regular.otf
22:28:37.089 [FXGL Background Thread 1 ] INFO  FXGLApplication      - FXGL initialization took: 0.843 sec
22:28:37.089 [FXGL Background Thread 4 ] DEBUG FXGLAssetLoaderServi - Loading from file system: jar:file:///Users/CHLaroche05/.m2/repository/com/github/almasb/fxgl/17/fxgl-17.jar!/fxglassets/ui/fonts/Courier-Prime.ttf
22:28:37.101 [JavaFX Application Thread] DEBUG Input                - Registered new binding: inventaire - Tab
22:28:37.101 [JavaFX Application Thread] DEBUG Input                - Registered new binding: getPosition - P
22:28:37.101 [JavaFX Application Thread] DEBUG Input                - Registered new binding: zoom+ - Up
22:28:37.101 [JavaFX Application Thread] DEBUG Input                - Registered new binding: zoom- - Down
22:28:37.102 [JavaFX Application Thread] DEBUG Input                - Registered new binding: resetZoom - 0
22:28:37.102 [JavaFX Application Thread] DEBUG Input                - Registered new binding: Move right - D
22:28:37.102 [JavaFX Application Thread] DEBUG Input                - Registered new binding: Move left - A
22:28:37.102 [JavaFX Application Thread] DEBUG Input                - Registered new binding: Move Up - W
22:28:37.102 [JavaFX Application Thread] DEBUG Input                - Registered new binding: Move Down - S
22:28:37.102 [JavaFX Application Thread] DEBUG FXGLAssetLoaderServi - Loading from file system: jar:file:///Users/CHLaroche05/.m2/repository/com/github/almasb/fxgl/17/fxgl-17.jar!/fxglassets/textures/fxgl_icon.png
22:28:37.127 [JavaFX Application Thread] DEBUG FXGLAssetLoaderServi - Loading from file system: jar:file:///Users/CHLaroche05/.m2/repository/com/github/almasb/fxgl/17/fxgl-17.jar!/fxglassets/textures/fxgl_default_cursor.png
22:28:37.128 [JavaFX Application Thread] DEBUG Input                - Registered new binding: Screenshot - CTRL+8
22:28:37.129 [JavaFX Application Thread] DEBUG Input                - Registered new binding: Dev Options - 1
22:28:37.129 [JavaFX Application Thread] DEBUG Input                - Registered new binding: Dev Console - 2
22:28:37.129 [JavaFX Application Thread] DEBUG Input                - Registered new binding: System info dump - CTRL+9
22:28:37.130 [JavaFX Application Thread] DEBUG Input                - Registered new binding: Restart - CTRL+R
22:28:37.130 [JavaFX Application Thread] DEBUG Input                - Registered new binding: Toggle Debug Camera - CTRL+7
22:28:37.132 [JavaFX Application Thread] DEBUG LoopRunner           - Starting loop
22:28:37.145 [JavaFX Application Thread] DEBUG LoopRunner           - Initializing JavaFX AnimationTimerLoop
22:28:37.147 [JavaFX Application Thread] DEBUG Input                - Clearing active input actions
22:28:37.156 [JavaFX Application Thread] DEBUG GameApplicationServi - Removing overlay from FXGLStartupScene and adding to FXGLMainMenuDummyScene
22:28:37.160 [JavaFX Application Thread] DEBUG PrimaryStageWindow   - FXGLStartupScene -> FXGLMainMenuDummyScene
22:28:37.161 [JavaFX Application Thread] DEBUG PrimaryStageWindow   - Push state: FXGLDefaultMenu
22:28:37.162 [JavaFX Application Thread] DEBUG Input                - Clearing active input actions
22:28:37.168 [JavaFX Application Thread] DEBUG GameApplicationServi - Removing overlay from FXGLMainMenuDummyScene and adding to FXGLDefaultMenu
22:28:37.169 [JavaFX Application Thread] DEBUG PrimaryStageWindow   - FXGLMainMenuDummyScene -> FXGLDefaultMenu
22:28:37.191 [JavaFX Application Thread] DEBUG FXGLApplication      - Registering font factories with UI factory
22:28:37.684 [FXGL Background Thread 2 ] INFO  UpdaterService       - Your current version:  17
22:28:37.685 [FXGL Background Thread 2 ] INFO  UpdaterService       - Latest stable version: 21.1
22:28:38.153 [JavaFX Application Thread] DEBUG Menu                 - fireNewGame()
22:28:38.153 [JavaFX Application Thread] DEBUG GameApplicationServi - Starting new game
22:28:38.155 [JavaFX Application Thread] DEBUG PrimaryStageWindow   - Pop state: FXGLDefaultMenu
22:28:38.155 [JavaFX Application Thread] DEBUG Input                - Clearing active input actions
22:28:38.156 [JavaFX Application Thread] DEBUG GameApplicationServi - Removing overlay from FXGLDefaultMenu and adding to FXGLMainMenuDummyScene
22:28:38.159 [JavaFX Application Thread] DEBUG PrimaryStageWindow   - FXGLMainMenuDummyScene <- FXGLDefaultMenu
22:28:38.159 [JavaFX Application Thread] DEBUG Input                - Clearing active input actions
22:28:38.170 [JavaFX Application Thread] DEBUG GameApplicationServi - Removing overlay from FXGLMainMenuDummyScene and adding to FXGLLoadingScene
22:28:38.171 [JavaFX Application Thread] DEBUG PrimaryStageWindow   - FXGLMainMenuDummyScene -> FXGLLoadingScene
22:28:38.171 [JavaFX Application Thread] DEBUG GameApplicationServi - Clearing previous game
22:28:38.171 [JavaFX Application Thread] DEBUG GameScene            - Clearing game scene
22:28:38.171 [JavaFX Application Thread] DEBUG GameWorld            - Clearing game world
22:28:38.171 [JavaFX Application Thread] DEBUG PhysicsWorld         - Clearing physics world
22:28:38.173 [FXGL Background Thread 2 ] DEBUG FXGLApplication      - Initializing game
22:28:38.212 [FXGL Background Thread 2 ] WARN  TMXLevelLoader       - TiledMap generated from 1.10.2. Supported version: 1.2.3. Some features may not be parsed fully.
22:28:38.307 [FXGL Background Thread 2 ] DEBUG TMXLevelLoader       - Parsed TiledMap: file:/Users/CHLaroche05/zelda/zeldaPuzzle/target/classes/assets/levels/mapFinal.tmx
22:28:38.310 [FXGL Background Thread 2 ] DEBUG TMXLevelLoader       - Creating tile layer entities
22:28:38.312 [FXGL Background Thread 2 ] DEBUG TilesetLoader        - Loading view for layer background
22:28:38.330 [FXGL Background Thread 2 ] DEBUG TilesetLoader        - Created buffer with size 4800.0x4800.0
22:28:38.533 [FXGL Background Thread 2 ] DEBUG TilesetLoader        - Loading view for layer devant
22:28:38.550 [FXGL Background Thread 2 ] DEBUG TilesetLoader        - Created buffer with size 4800.0x4800.0
22:28:38.595 [FXGL Background Thread 2 ] DEBUG TilesetLoader        - Loading view for layer devant1
22:28:38.610 [FXGL Background Thread 2 ] DEBUG TilesetLoader        - Created buffer with size 4800.0x4800.0
22:28:38.631 [FXGL Background Thread 2 ] DEBUG TMXLevelLoader       - Creating object layer entities
22:28:38.687 [FXGL Background Thread 2 ] DEBUG GameWorld            - Clearing removable entities
22:28:38.688 [FXGL Background Thread 2 ] DEBUG GameWorld            - Setting level: com.almasb.fxgl.entity.level.Level@68cb3fe4
22:28:38.714 [FXGL Background Thread 2 ] WARN  GameWorld            - Entity is already attached to world
22:28:38.715 [FXGL Background Thread 2 ] WARN  GameWorld            - Entity is already attached to world
22:28:38.721 [FXGL Background Thread 2 ] INFO  FXGLApplication      - Game initialization took: 0.548 sec
22:28:38.722 [JavaFX Application Thread] DEBUG Input                - Clearing active input actions
22:28:38.730 [JavaFX Application Thread] DEBUG GameApplicationServi - Removing overlay from FXGLLoadingScene and adding to GameScene
22:28:38.732 [JavaFX Application Thread] DEBUG PrimaryStageWindow   - FXGLLoadingScene -> GameScene
22:28:40.073 [FXGL Background Thread 3 ] DEBUG Engine               - Logging environment variables
22:28:40.074 [FXGL Background Thread 3 ] DEBUG Engine               - achievements: []
22:28:40.074 [FXGL Background Thread 3 ] DEBUG Engine               - actualHeight: 800.0
22:28:40.074 [FXGL Background Thread 3 ] DEBUG Engine               - actualHeightProperty: ReadOnlyDoubleProperty [value: 800.0]
22:28:40.074 [FXGL Background Thread 3 ] DEBUG Engine               - actualWidth: 800.0
22:28:40.074 [FXGL Background Thread 3 ] DEBUG Engine               - actualWidthProperty: ReadOnlyDoubleProperty [value: 800.0]
22:28:40.074 [FXGL Background Thread 3 ] DEBUG Engine               - appIcon: fxgl_icon.png
22:28:40.074 [FXGL Background Thread 3 ] DEBUG Engine               - applicationMode: DEVELOPER
22:28:40.075 [FXGL Background Thread 3 ] DEBUG Engine               - cSSList: [fxgl_dark.css]
22:28:40.075 [FXGL Background Thread 3 ] DEBUG Engine               - collisionDetectionStrategy: BRUTE_FORCE
22:28:40.075 [FXGL Background Thread 3 ] DEBUG Engine               - configClass: Optional.empty
22:28:40.075 [FXGL Background Thread 3 ] DEBUG Engine               - credits: []
22:28:40.075 [FXGL Background Thread 3 ] DEBUG Engine               - defaultCursor: CursorInfo(imageName=fxgl_default_cursor.png, hotspotX=7.0, hotspotY=6.0)
22:28:40.076 [FXGL Background Thread 3 ] DEBUG Engine               - devBBoxColorProperty: ObjectProperty [value: 0xff0000ff]
22:28:40.076 [FXGL Background Thread 3 ] DEBUG Engine               - devEnableDebugCameraProperty: BooleanProperty [value: false]
22:28:40.076 [FXGL Background Thread 3 ] DEBUG Engine               - devSensorColorProperty: ObjectProperty [value: 0xffff00ff]
22:28:40.076 [FXGL Background Thread 3 ] DEBUG Engine               - devShowBBoxProperty: BooleanProperty [value: false]
22:28:40.076 [FXGL Background Thread 3 ] DEBUG Engine               - devShowPositionProperty: BooleanProperty [value: false]
22:28:40.076 [FXGL Background Thread 3 ] DEBUG Engine               - enabledMenuItems: []
22:28:40.076 [FXGL Background Thread 3 ] DEBUG Engine               - engineServices: [class com.almasb.fxgl.app.services.FXGLAssetLoaderService, class com.almasb.fxgl.app.FXGLApplication$GameApplicationService, class com.almasb.fxgl.app.services.FXGLDialogService, class com.almasb.fxgl.app.services.IOTaskExecutorService, class com.almasb.fxgl.io.FileSystemService, class com.almasb.fxgl.localization.LocalizationService, class com.almasb.fxgl.app.services.SystemBundleService, class com.almasb.fxgl.profile.SaveLoadService, class com.almasb.fxgl.ui.FXGLUIFactoryServiceProvider, class com.almasb.fxgl.ui.FXGLDialogFactoryServiceProvider, class com.almasb.fxgl.audio.AudioPlayer, class com.almasb.fxgl.notification.impl.NotificationServiceProvider, class com.almasb.fxgl.achievement.AchievementService, class com.almasb.fxgl.cutscene.CutsceneService, class com.almasb.fxgl.minigames.MiniGameService, class com.almasb.fxgl.net.NetService, class com.almasb.fxgl.app.services.UpdaterService, class com.almasb.fxgl.dev.DevService]
22:28:40.076 [FXGL Background Thread 3 ] DEBUG Engine               - fontGame: Abel-Regular.ttf
22:28:40.076 [FXGL Background Thread 3 ] DEBUG Engine               - fontMono: TerminalLandMono-Regular.otf
22:28:40.077 [FXGL Background Thread 3 ] DEBUG Engine               - fontText: Courier-Prime.ttf
22:28:40.077 [FXGL Background Thread 3 ] DEBUG Engine               - fontUI: VarelaRound-Regular.ttf
22:28:40.077 [FXGL Background Thread 3 ] DEBUG Engine               - fullScreen: BooleanProperty [value: false]
22:28:40.077 [FXGL Background Thread 3 ] DEBUG Engine               - gameDifficulty: MEDIUM
22:28:40.077 [FXGL Background Thread 3 ] DEBUG Engine               - gameDifficultyProperty: ObjectProperty [value: MEDIUM]
22:28:40.077 [FXGL Background Thread 3 ] DEBUG Engine               - globalMusicVolume: 0.5
22:28:40.077 [FXGL Background Thread 3 ] DEBUG Engine               - globalMusicVolumeProperty: DoubleProperty [value: 0.5]
22:28:40.077 [FXGL Background Thread 3 ] DEBUG Engine               - globalSoundVolume: 0.5
22:28:40.078 [FXGL Background Thread 3 ] DEBUG Engine               - globalSoundVolumeProperty: DoubleProperty [value: 0.5]
22:28:40.078 [FXGL Background Thread 3 ] DEBUG Engine               - height: 800
22:28:40.078 [FXGL Background Thread 3 ] DEBUG Engine               - is3D: false
22:28:40.078 [FXGL Background Thread 3 ] DEBUG Engine               - isAndroid: false
22:28:40.078 [FXGL Background Thread 3 ] DEBUG Engine               - isBrowser: false
22:28:40.078 [FXGL Background Thread 3 ] DEBUG Engine               - isClickFeedbackEnabled: false
22:28:40.078 [FXGL Background Thread 3 ] DEBUG Engine               - isCloseConfirmation: false
22:28:40.078 [FXGL Background Thread 3 ] DEBUG Engine               - isDesktop: true
22:28:40.078 [FXGL Background Thread 3 ] DEBUG Engine               - isDeveloperMenuEnabled: true
22:28:40.078 [FXGL Background Thread 3 ] DEBUG Engine               - isEmbedded: false
22:28:40.078 [FXGL Background Thread 3 ] DEBUG Engine               - isEntityPreloadEnabled: true
22:28:40.078 [FXGL Background Thread 3 ] DEBUG Engine               - isExperimentalTiledLargeMap: false
22:28:40.078 [FXGL Background Thread 3 ] DEBUG Engine               - isFileSystemWriteAllowed: true
22:28:40.078 [FXGL Background Thread 3 ] DEBUG Engine               - isFullScreenAllowed: true
22:28:40.079 [FXGL Background Thread 3 ] DEBUG Engine               - isFullScreenFromStart: false
22:28:40.079 [FXGL Background Thread 3 ] DEBUG Engine               - isGameMenuEnabled: true
22:28:40.079 [FXGL Background Thread 3 ] DEBUG Engine               - isIOS: false
22:28:40.079 [FXGL Background Thread 3 ] DEBUG Engine               - isIntroEnabled: false
22:28:40.079 [FXGL Background Thread 3 ] DEBUG Engine               - isLinux: false
22:28:40.079 [FXGL Background Thread 3 ] DEBUG Engine               - isMac: true
22:28:40.079 [FXGL Background Thread 3 ] DEBUG Engine               - isMainMenuEnabled: true
22:28:40.079 [FXGL Background Thread 3 ] DEBUG Engine               - isManualResizeEnabled: false
22:28:40.079 [FXGL Background Thread 3 ] DEBUG Engine               - isMobile: false
22:28:40.079 [FXGL Background Thread 3 ] DEBUG Engine               - isNative: false
22:28:40.079 [FXGL Background Thread 3 ] DEBUG Engine               - isPauseMusicWhenMinimized: true
22:28:40.079 [FXGL Background Thread 3 ] DEBUG Engine               - isPreserveResizeRatio: false
22:28:40.079 [FXGL Background Thread 3 ] DEBUG Engine               - isProfilingEnabled: false
22:28:40.079 [FXGL Background Thread 3 ] DEBUG Engine               - isScaleAffectedOnResize: true
22:28:40.079 [FXGL Background Thread 3 ] DEBUG Engine               - isSingleStep: false
22:28:40.079 [FXGL Background Thread 3 ] DEBUG Engine               - isUserProfileEnabled: false
22:28:40.079 [FXGL Background Thread 3 ] DEBUG Engine               - isWindows: false
22:28:40.080 [FXGL Background Thread 3 ] DEBUG Engine               - language: ObjectProperty [value: ENGLISH]
22:28:40.080 [FXGL Background Thread 3 ] DEBUG Engine               - menuKey: ESCAPE
22:28:40.080 [FXGL Background Thread 3 ] DEBUG Engine               - mouseSensitivity: 0.2
22:28:40.080 [FXGL Background Thread 3 ] DEBUG Engine               - notificationViewClass: class com.almasb.fxgl.notification.view.XboxNotificationView
22:28:40.080 [FXGL Background Thread 3 ] DEBUG Engine               - pixelsPerMeter: 50.0
22:28:40.080 [FXGL Background Thread 3 ] DEBUG Engine               - platform: MAC
22:28:40.080 [FXGL Background Thread 3 ] DEBUG Engine               - prefHeightProperty: ReadOnlyDoubleProperty [value: 800.0]
22:28:40.080 [FXGL Background Thread 3 ] DEBUG Engine               - prefWidthProperty: ReadOnlyDoubleProperty [value: 800.0]
22:28:40.080 [FXGL Background Thread 3 ] DEBUG Engine               - profileDir: profiles/
22:28:40.080 [FXGL Background Thread 3 ] DEBUG Engine               - profileName: StringProperty [value: DEFAULT]
22:28:40.080 [FXGL Background Thread 3 ] DEBUG Engine               - randomSeed: -1
22:28:40.081 [FXGL Background Thread 3 ] DEBUG Engine               - runtimeInfo: RuntimeInfo(platform=MAC, version=17, build=31.12.2021 18.16)
22:28:40.081 [FXGL Background Thread 3 ] DEBUG Engine               - saveFileExt: sav
22:28:40.081 [FXGL Background Thread 3 ] DEBUG Engine               - scaledHeightProp$fxgl: DoubleProperty [bound, value: 800.0]
22:28:40.081 [FXGL Background Thread 3 ] DEBUG Engine               - scaledWidthProp$fxgl: DoubleProperty [bound, value: 800.0]
22:28:40.081 [FXGL Background Thread 3 ] DEBUG Engine               - sceneFactory: com.almasb.fxgl.app.scene.SceneFactory@528ba9bc
22:28:40.081 [FXGL Background Thread 3 ] DEBUG Engine               - secondsIn24h: 60
22:28:40.081 [FXGL Background Thread 3 ] DEBUG Engine               - soundMenuBack: menu/back.wav
22:28:40.081 [FXGL Background Thread 3 ] DEBUG Engine               - soundMenuPress: menu/press.wav
22:28:40.081 [FXGL Background Thread 3 ] DEBUG Engine               - soundMenuSelect: menu/select.wav
22:28:40.082 [FXGL Background Thread 3 ] DEBUG Engine               - soundNotification: core/notification.wav
22:28:40.082 [FXGL Background Thread 3 ] DEBUG Engine               - stageStyle: DECORATED
22:28:40.082 [FXGL Background Thread 3 ] DEBUG Engine               - supportedLanguages: [ENGLISH, FRENCH, GERMAN, HUNGARIAN, RUSSIAN]
22:28:40.082 [FXGL Background Thread 3 ] DEBUG Engine               - ticksPerSecond: -1
22:28:40.082 [FXGL Background Thread 3 ] DEBUG Engine               - title: Zelda 2D Game
22:28:40.082 [FXGL Background Thread 3 ] DEBUG Engine               - urlGithub: https://github.com/AlmasB/FXGL
22:28:40.082 [FXGL Background Thread 3 ] DEBUG Engine               - urlLeaderboard: http://fxgl-top.herokuapp.com/
22:28:40.082 [FXGL Background Thread 3 ] DEBUG Engine               - urlPOM: https://raw.githubusercontent.com/AlmasB/FXGL/release/README.md
22:28:40.082 [FXGL Background Thread 3 ] DEBUG Engine               - userAppClass: class com.example.zeldapuzzle.MainGameApp
22:28:40.082 [FXGL Background Thread 3 ] DEBUG Engine               - version: 1
22:28:40.082 [FXGL Background Thread 3 ] DEBUG Engine               - versionCheckDays: 7
22:28:40.082 [FXGL Background Thread 3 ] DEBUG Engine               - width: 800
22:28:40.082 [FXGL Background Thread 3 ] DEBUG Engine               - Logging services
22:28:40.082 [FXGL Background Thread 3 ] DEBUG Engine               - class com.almasb.fxgl.app.services.FXGLAssetLoaderService
22:28:40.082 [FXGL Background Thread 3 ] DEBUG Engine               - class com.almasb.fxgl.app.FXGLApplication$GameApplicationService
22:28:40.082 [FXGL Background Thread 3 ] DEBUG Engine               - class com.almasb.fxgl.app.services.FXGLDialogService
22:28:40.082 [FXGL Background Thread 3 ] DEBUG Engine               - class com.almasb.fxgl.app.services.IOTaskExecutorService
22:28:40.082 [FXGL Background Thread 3 ] DEBUG Engine               - class com.almasb.fxgl.io.FileSystemService
22:28:40.082 [FXGL Background Thread 3 ] DEBUG Engine               - class com.almasb.fxgl.localization.LocalizationService
22:28:40.082 [FXGL Background Thread 3 ] DEBUG Engine               - class com.almasb.fxgl.app.services.SystemBundleService
22:28:40.082 [FXGL Background Thread 3 ] DEBUG Engine               - class com.almasb.fxgl.profile.SaveLoadService
22:28:40.082 [FXGL Background Thread 3 ] DEBUG Engine               - class com.almasb.fxgl.ui.FXGLUIFactoryServiceProvider
22:28:40.083 [FXGL Background Thread 3 ] DEBUG Engine               - class com.almasb.fxgl.ui.FXGLDialogFactoryServiceProvider
22:28:40.083 [FXGL Background Thread 3 ] DEBUG Engine               - class com.almasb.fxgl.audio.AudioPlayer
22:28:40.083 [FXGL Background Thread 3 ] DEBUG Engine               - class com.almasb.fxgl.notification.impl.NotificationServiceProvider
22:28:40.083 [FXGL Background Thread 3 ] DEBUG Engine               - class com.almasb.fxgl.achievement.AchievementService
22:28:40.083 [FXGL Background Thread 3 ] DEBUG Engine               - class com.almasb.fxgl.cutscene.CutsceneService
22:28:40.083 [FXGL Background Thread 3 ] DEBUG Engine               - class com.almasb.fxgl.minigames.MiniGameService
22:28:40.083 [FXGL Background Thread 3 ] DEBUG Engine               - class com.almasb.fxgl.net.NetService
22:28:40.083 [FXGL Background Thread 3 ] DEBUG Engine               - class com.almasb.fxgl.app.services.UpdaterService
22:28:40.083 [FXGL Background Thread 3 ] DEBUG Engine               - class com.almasb.fxgl.dev.DevService
22:28:44.975 [JavaFX Application Thread] WARN  TMXLevelLoader       - TiledMap generated from 1.10.2. Supported version: 1.2.3. Some features may not be parsed fully.
22:28:45.000 [JavaFX Application Thread] DEBUG TMXLevelLoader       - Parsed TiledMap: file:/Users/CHLaroche05/zelda/zeldaPuzzle/target/classes/assets/levels/leDongeon.tmx
22:28:45.000 [JavaFX Application Thread] DEBUG TMXLevelLoader       - Creating tile layer entities
22:28:45.001 [JavaFX Application Thread] DEBUG TilesetLoader        - Loading view for layer BG1
22:28:45.003 [JavaFX Application Thread] DEBUG TilesetLoader        - Created buffer with size 2400.0x800.0
22:28:45.022 [JavaFX Application Thread] DEBUG TilesetLoader        - Loading view for layer BG2
22:28:45.023 [JavaFX Application Thread] DEBUG TilesetLoader        - Created buffer with size 2400.0x800.0
22:28:45.031 [JavaFX Application Thread] DEBUG TilesetLoader        - Loading view for layer BG3
22:28:45.032 [JavaFX Application Thread] DEBUG TilesetLoader        - Created buffer with size 2400.0x800.0
22:28:45.043 [JavaFX Application Thread] DEBUG TilesetLoader        - Loading view for layer BG4a
22:28:45.044 [JavaFX Application Thread] DEBUG TilesetLoader        - Created buffer with size 2400.0x800.0
22:28:45.056 [JavaFX Application Thread] DEBUG TilesetLoader        - Loading view for layer BG4b
22:28:45.056 [JavaFX Application Thread] DEBUG TilesetLoader        - Created buffer with size 2400.0x800.0
22:28:45.067 [JavaFX Application Thread] DEBUG TilesetLoader        - Loading view for layer MainBuild2
22:28:45.067 [JavaFX Application Thread] DEBUG TilesetLoader        - Created buffer with size 2400.0x800.0
22:28:45.092 [JavaFX Application Thread] WARN  TilesetLoader        - Diagonally flipped tiles are not currently supported
22:28:45.092 [JavaFX Application Thread] WARN  TilesetLoader        - Diagonally flipped tiles are not currently supported
22:28:45.092 [JavaFX Application Thread] WARN  TilesetLoader        - Diagonally flipped tiles are not currently supported
22:28:45.092 [JavaFX Application Thread] WARN  TilesetLoader        - Diagonally flipped tiles are not currently supported
22:28:45.093 [JavaFX Application Thread] WARN  TilesetLoader        - Diagonally flipped tiles are not currently supported
22:28:45.093 [JavaFX Application Thread] WARN  TilesetLoader        - Diagonally flipped tiles are not currently supported
22:28:45.093 [JavaFX Application Thread] WARN  TilesetLoader        - Diagonally flipped tiles are not currently supported
22:28:45.093 [JavaFX Application Thread] WARN  TilesetLoader        - Diagonally flipped tiles are not currently supported
22:28:45.093 [JavaFX Application Thread] WARN  TilesetLoader        - Diagonally flipped tiles are not currently supported
22:28:45.093 [JavaFX Application Thread] WARN  TilesetLoader        - Diagonally flipped tiles are not currently supported
22:28:45.093 [JavaFX Application Thread] WARN  TilesetLoader        - Diagonally flipped tiles are not currently supported
22:28:45.093 [JavaFX Application Thread] WARN  TilesetLoader        - Diagonally flipped tiles are not currently supported
22:28:45.094 [JavaFX Application Thread] WARN  TilesetLoader        - Diagonally flipped tiles are not currently supported
22:28:45.094 [JavaFX Application Thread] WARN  TilesetLoader        - Diagonally flipped tiles are not currently supported
22:28:45.094 [JavaFX Application Thread] WARN  TilesetLoader        - Diagonally flipped tiles are not currently supported
22:28:45.094 [JavaFX Application Thread] DEBUG TilesetLoader        - Loading view for layer MainBuild3
22:28:45.094 [JavaFX Application Thread] DEBUG TilesetLoader        - Created buffer with size 2400.0x800.0
22:28:45.095 [JavaFX Application Thread] DEBUG TilesetLoader        - Loading view for layer MainBuild
22:28:45.095 [JavaFX Application Thread] DEBUG TilesetLoader        - Created buffer with size 2400.0x800.0
22:28:45.097 [JavaFX Application Thread] DEBUG TMXLevelLoader       - Creating object layer entities
22:28:45.106 [JavaFX Application Thread] DEBUG GameWorld            - Clearing removable entities
22:28:45.111 [JavaFX Application Thread] DEBUG GameWorld            - Setting level: com.almasb.fxgl.entity.level.Level@3ceb3eb4
22:28:45.119 [JavaFX Application Thread] WARN  GameWorld            - Entity is already attached to world
22:28:51.223 [JavaFX Application Thread] WARN  GameWorld            - Entity is already attached to world
22:28:53.054 [JavaFX Application Thread] WARN  GameWorld            - Entity is already attached to world
22:28:54.586 [JavaFX Application Thread] WARN  GameWorld            - Entity is already attached to world
22:28:56.070 [JavaFX Application Thread] WARN  GameWorld            - Entity is already attached to world
22:28:57.620 [JavaFX Application Thread] WARN  GameWorld            - Entity is already attached to world
22:29:00.469 [JavaFX Application Thread] WARN  GameWorld            - Entity is already attached to world
22:29:02.070 [JavaFX Application Thread] WARN  GameWorld            - Entity is already attached to world
22:29:02.291 [JavaFX Application Thread] WARN  TMXLevelLoader       - TiledMap generated from 1.10.2. Supported version: 1.2.3. Some features may not be parsed fully.
22:29:02.308 [JavaFX Application Thread] DEBUG TMXLevelLoader       - Parsed TiledMap: file:/Users/CHLaroche05/zelda/zeldaPuzzle/target/classes/assets/levels/mapFinal.tmx
22:29:02.309 [JavaFX Application Thread] DEBUG TMXLevelLoader       - Creating tile layer entities
22:29:02.309 [JavaFX Application Thread] DEBUG TilesetLoader        - Loading view for layer background
22:29:02.321 [JavaFX Application Thread] DEBUG TilesetLoader        - Created buffer with size 4800.0x4800.0
22:29:02.423 [JavaFX Application Thread] DEBUG TilesetLoader        - Loading view for layer devant
22:29:02.429 [JavaFX Application Thread] DEBUG TilesetLoader        - Created buffer with size 4800.0x4800.0
22:29:02.449 [JavaFX Application Thread] DEBUG TilesetLoader        - Loading view for layer devant1
22:29:02.454 [JavaFX Application Thread] DEBUG TilesetLoader        - Created buffer with size 4800.0x4800.0
22:29:02.463 [JavaFX Application Thread] DEBUG TMXLevelLoader       - Creating object layer entities
22:29:02.473 [JavaFX Application Thread] DEBUG GameWorld            - Clearing removable entities
22:29:02.476 [JavaFX Application Thread] DEBUG GameWorld            - Setting level: com.almasb.fxgl.entity.level.Level@3c3c9913
22:29:02.481 [JavaFX Application Thread] WARN  GameWorld            - Entity is already attached to world
22:29:02.481 [JavaFX Application Thread] WARN  GameWorld            - Entity is already attached to world
22:29:07.619 [JavaFX Application Thread] DEBUG FXGLApplication      - Exiting FXGL
22:29:07.619 [JavaFX Application Thread] DEBUG LoopRunner           - Stopping loop
22:29:07.619 [JavaFX Application Thread] DEBUG SystemBundleService  - Saving FXGL system data
22:29:07.622 [JavaFX Application Thread] DEBUG FileSystemAccess     - Writing to: /Users/CHLaroche05/zelda/zeldaPuzzle/system/fxgl.bundle
22:29:07.625 [JavaFX Application Thread] DEBUG Async                - Shutting down background threads
22:29:07.625 [JavaFX Application Thread] DEBUG PrimaryStageWindow   - Closing main window
22:29:07.633 [JavaFX Application Thread] DEBUG Logger               - Closing Logger
