21:11:15.731 [main                     ] DEBUG Logger               - Configured Logger
21:11:15.746 [main                     ] DEBUG GameApplication      - Logging settings
Title: Zelda 2D Game par ماستن
Version: 1
Width: 800
Height: 800
Fullscreen: true
Intro: false
Profiling: false
Single step:false
App Mode: DEVELOPER
Menu Key: ESCAPE
Stage Style: DECORATED
Scene Factory: class com.almasb.fxgl.app.scene.SceneFactory

21:11:15.817 [JavaFX Application Thread] DEBUG FXGLApplication      - Initializing FXGL
21:11:15.820 [JavaFX Application Thread] INFO  Engine               - FXGL-17 (31.12.2021 18.16) on WINDOWS (J:21.0.2 FX:19)
21:11:15.820 [JavaFX Application Thread] DEBUG Engine               - JRE Vendor Name: Oracle Corporation
21:11:15.821 [JavaFX Application Thread] DEBUG Engine               - Running on OS: Windows 11 version 10.0
21:11:15.821 [JavaFX Application Thread] DEBUG Engine               - Architecture: amd64
21:11:15.821 [JavaFX Application Thread] INFO  Engine               - Source code and latest versions at: https://github.com/AlmasB/FXGL
21:11:15.821 [JavaFX Application Thread] INFO  Engine               -       Ask questions and discuss at: https://github.com/AlmasB/FXGL/discussions
21:11:15.821 [JavaFX Application Thread] INFO  Engine               -              Join the FXGL chat at: https://gitter.im/AlmasB/FXGL
21:11:15.869 [JavaFX Application Thread] DEBUG PrimaryStageWindow   - Creating a JavaFX scene
21:11:15.900 [JavaFX Application Thread] DEBUG PrimaryStageWindow   - Target settings size: 800.0 x 800.0
21:11:15.901 [JavaFX Application Thread] DEBUG PrimaryStageWindow   - Scaled scene size:    800.0 x 800.0
21:11:15.901 [JavaFX Application Thread] DEBUG PrimaryStageWindow   - Scaled ratio: (1.0, 1.0)
21:11:15.903 [JavaFX Application Thread] DEBUG PrimaryStageWindow   - Set initial scene to FXGLStartupScene
21:11:15.908 [JavaFX Application Thread] DEBUG PrimaryStageWindow   - Opening main window
21:11:15.974 [JavaFX Application Thread] DEBUG PrimaryStageWindow   - Window border size: (16.0, 39.0)
21:11:15.975 [JavaFX Application Thread] DEBUG PrimaryStageWindow   - Scaled size: 800.0 x 800.0
21:11:15.975 [JavaFX Application Thread] DEBUG PrimaryStageWindow   - Scaled ratio: (1.0, 1.0)
21:11:15.975 [JavaFX Application Thread] DEBUG PrimaryStageWindow   - Scene size: 800.0 x 800.0
21:11:15.975 [JavaFX Application Thread] DEBUG PrimaryStageWindow   - Stage size: 816.0 x 839.0
21:11:15.981 [FXGL Background Thread 1 ] DEBUG Engine               - Initializing environment variables
21:11:16.018 [FXGL Background Thread 1 ] DEBUG FXGLAssetLoaderServi - User app class for loading assets: class com.example.zeldapuzzle.MainGameApp
21:11:16.018 [FXGL Background Thread 1 ] DEBUG GameApplicationServi - Applying CSS: fxgl_dark.css
21:11:16.019 [FXGL Background Thread 1 ] DEBUG FXGLAssetLoaderServi - Loading from file system: jar:file:///C:/Users/User/.m2/repository/com/github/almasb/fxgl/17/fxgl-17.jar!/fxglassets/ui/css/fxgl_dark.css
21:11:16.050 [FXGL Background Thread 1 ] DEBUG GameApplicationServi - Initializing application scenes
21:11:16.087 [FXGL Background Thread 1 ] DEBUG GameWorld            - Game world initialized
21:11:16.128 [FXGL Background Thread 1 ] DEBUG PhysicsWorld         - Physics world initialized: appHeight=800, physics.ppm=50.0
21:11:16.129 [FXGL Background Thread 1 ] DEBUG PhysicsWorld         - Using strategy: BRUTE_FORCE
21:11:16.133 [FXGL Background Thread 1 ] DEBUG GameScene            - Game scene initialized: 800x800
21:11:16.143 [FXGL Background Thread 1 ] DEBUG FXGL.DefaultMenu     - createMenuBodyMainMenu()
21:11:16.152 [FXGL Background Thread 1 ] DEBUG FXGL.DefaultMenu     - createOptionsMenu()
21:11:16.157 [FXGL Background Thread 1 ] DEBUG FXGLAssetLoaderServi - Loading from file system: jar:file:///C:/Users/User/.m2/repository/com/github/almasb/fxgl/17/fxgl-17.jar!/fxglassets/textures/particles/smoke.png
21:11:16.211 [FXGL Background Thread 1 ] DEBUG FXGLAssetLoaderServi - Loading from file system: jar:file:///C:/Users/User/.m2/repository/com/github/almasb/fxgl/17/fxgl-17.jar!/fxglassets/textures/particles/trace_horizontal.png
21:11:16.220 [FXGL Background Thread 1 ] DEBUG FXGL.DefaultMenu     - createMenuBodyGameMenu()
21:11:16.221 [FXGL Background Thread 1 ] DEBUG FXGL.DefaultMenu     - createOptionsMenu()
21:11:16.228 [FXGL Background Thread 1 ] DEBUG GameApplicationServi - Application scenes initialized
21:11:16.237 [FXGL Background Thread 1 ] DEBUG SystemBundleService  - Loading FXGL system data
21:11:16.240 [FXGL Background Thread 1 ] DEBUG FileSystemAccess     - Reading from: C:\Users\User\zeldaPuzzle\system\fxgl.bundle
21:11:16.247 [FXGL Background Thread 1 ] DEBUG SystemBundleService  - Bundle FXGL: {}
21:11:16.247 [FXGL Background Thread 1 ] DEBUG UpdaterService       - Checking for updates
21:11:16.275 [FXGL Background Thread 4 ] DEBUG FXGLApplication      - Loading fonts
21:11:16.275 [FXGL Background Thread 1 ] DEBUG FXGLApplication      - Loading default localization
21:11:16.276 [FXGL Background Thread 4 ] DEBUG FXGLAssetLoaderServi - Loading from file system: jar:file:///C:/Users/User/.m2/repository/com/github/almasb/fxgl/17/fxgl-17.jar!/fxglassets/ui/fonts/VarelaRound-Regular.ttf
21:11:16.276 [FXGL Background Thread 1 ] DEBUG FXGLAssetLoaderServi - Loading from file system: jar:file:///C:/Users/User/.m2/repository/com/github/almasb/fxgl/17/fxgl-17.jar!/fxglassets/languages/english.lang
21:11:16.299 [FXGL Background Thread 1 ] INFO  FXGLApplication      - FXGL initialization took: 0.318 sec
21:11:16.311 [JavaFX Application Thread] DEBUG Input                - Registered new binding: inventaire - Tab
21:11:16.311 [JavaFX Application Thread] DEBUG Input                - Registered new binding: getPosition - P
21:11:16.311 [JavaFX Application Thread] DEBUG Input                - Registered new binding: zoom+ - Up
21:11:16.311 [JavaFX Application Thread] DEBUG Input                - Registered new binding: zoom- - Down
21:11:16.311 [JavaFX Application Thread] DEBUG Input                - Registered new binding: resetZoom - 0
21:11:16.311 [JavaFX Application Thread] DEBUG Input                - Registered new binding: Move right - D
21:11:16.312 [JavaFX Application Thread] DEBUG Input                - Registered new binding: Move left - A
21:11:16.312 [JavaFX Application Thread] DEBUG Input                - Registered new binding: Move Up - W
21:11:16.312 [JavaFX Application Thread] DEBUG Input                - Registered new binding: Move Down - S
21:11:16.312 [JavaFX Application Thread] DEBUG FXGLAssetLoaderServi - Loading from file system: jar:file:///C:/Users/User/.m2/repository/com/github/almasb/fxgl/17/fxgl-17.jar!/fxglassets/textures/fxgl_icon.png
21:11:16.318 [FXGL Background Thread 4 ] DEBUG FXGLAssetLoaderServi - Loading from file system: jar:file:///C:/Users/User/.m2/repository/com/github/almasb/fxgl/17/fxgl-17.jar!/fxglassets/ui/fonts/Abel-Regular.ttf
21:11:16.322 [JavaFX Application Thread] DEBUG FXGLAssetLoaderServi - Loading from file system: jar:file:///C:/Users/User/.m2/repository/com/github/almasb/fxgl/17/fxgl-17.jar!/fxglassets/textures/fxgl_default_cursor.png
21:11:16.324 [JavaFX Application Thread] DEBUG Input                - Registered new binding: Screenshot - CTRL+8
21:11:16.324 [JavaFX Application Thread] DEBUG Input                - Registered new binding: Dev Options - 1
21:11:16.324 [JavaFX Application Thread] DEBUG Input                - Registered new binding: Dev Console - 2
21:11:16.324 [JavaFX Application Thread] DEBUG Input                - Registered new binding: System info dump - CTRL+9
21:11:16.325 [JavaFX Application Thread] DEBUG Input                - Registered new binding: Restart - CTRL+R
21:11:16.325 [JavaFX Application Thread] DEBUG Input                - Registered new binding: Toggle Debug Camera - CTRL+7
21:11:16.327 [FXGL Background Thread 4 ] DEBUG FXGLAssetLoaderServi - Loading from file system: jar:file:///C:/Users/User/.m2/repository/com/github/almasb/fxgl/17/fxgl-17.jar!/fxglassets/ui/fonts/TerminalLandMono-Regular.otf
21:11:16.328 [JavaFX Application Thread] DEBUG LoopRunner           - Starting loop
21:11:16.337 [FXGL Background Thread 4 ] DEBUG FXGLAssetLoaderServi - Loading from file system: jar:file:///C:/Users/User/.m2/repository/com/github/almasb/fxgl/17/fxgl-17.jar!/fxglassets/ui/fonts/Courier-Prime.ttf
21:11:16.343 [JavaFX Application Thread] DEBUG LoopRunner           - Initializing JavaFX AnimationTimerLoop
21:11:16.345 [JavaFX Application Thread] DEBUG Input                - Clearing active input actions
21:11:16.354 [JavaFX Application Thread] DEBUG GameApplicationServi - Removing overlay from FXGLStartupScene and adding to FXGLMainMenuDummyScene
21:11:16.358 [JavaFX Application Thread] DEBUG PrimaryStageWindow   - FXGLStartupScene -> FXGLMainMenuDummyScene
21:11:16.358 [JavaFX Application Thread] DEBUG PrimaryStageWindow   - Push state: FXGLDefaultMenu
21:11:16.362 [JavaFX Application Thread] DEBUG Input                - Clearing active input actions
21:11:16.379 [JavaFX Application Thread] DEBUG GameApplicationServi - Removing overlay from FXGLMainMenuDummyScene and adding to FXGLDefaultMenu
21:11:16.380 [JavaFX Application Thread] DEBUG PrimaryStageWindow   - FXGLMainMenuDummyScene -> FXGLDefaultMenu
21:11:16.508 [JavaFX Application Thread] DEBUG FXGLApplication      - Registering font factories with UI factory
21:11:16.631 [FXGL Background Thread 2 ] INFO  UpdaterService       - Your current version:  17
21:11:16.631 [FXGL Background Thread 2 ] INFO  UpdaterService       - Latest stable version: 21.1
21:11:17.124 [JavaFX Application Thread] DEBUG Menu                 - fireNewGame()
21:11:17.124 [JavaFX Application Thread] DEBUG GameApplicationServi - Starting new game
21:11:17.125 [JavaFX Application Thread] DEBUG PrimaryStageWindow   - Pop state: FXGLDefaultMenu
21:11:17.125 [JavaFX Application Thread] DEBUG Input                - Clearing active input actions
21:11:17.126 [JavaFX Application Thread] DEBUG GameApplicationServi - Removing overlay from FXGLDefaultMenu and adding to FXGLMainMenuDummyScene
21:11:17.127 [JavaFX Application Thread] DEBUG PrimaryStageWindow   - FXGLMainMenuDummyScene <- FXGLDefaultMenu
21:11:17.127 [JavaFX Application Thread] DEBUG Input                - Clearing active input actions
21:11:17.134 [JavaFX Application Thread] DEBUG GameApplicationServi - Removing overlay from FXGLMainMenuDummyScene and adding to FXGLLoadingScene
21:11:17.135 [JavaFX Application Thread] DEBUG PrimaryStageWindow   - FXGLMainMenuDummyScene -> FXGLLoadingScene
21:11:17.135 [JavaFX Application Thread] DEBUG GameApplicationServi - Clearing previous game
21:11:17.136 [JavaFX Application Thread] DEBUG GameScene            - Clearing game scene
21:11:17.136 [JavaFX Application Thread] DEBUG GameWorld            - Clearing game world
21:11:17.137 [JavaFX Application Thread] DEBUG PhysicsWorld         - Clearing physics world
21:11:17.139 [FXGL Background Thread 2 ] DEBUG FXGLApplication      - Initializing game
21:11:17.177 [JavaFX Application Thread] DEBUG LoopRunner           - Stopping loop
21:11:17.181 [JavaFX Application Thread] FATAL FXGLApplication      - Uncaught Exception:
java.lang.RuntimeException: Initialization failed
	at com.almasb.fxgl.all@17/com.almasb.fxgl.app.FXGLApplication$InitAppTask.failed(FXGLApplication.kt:343)
	at javafx.graphics@19/javafx.concurrent.Task.setState(Task.java:710)
	at javafx.graphics@19/javafx.concurrent.Task$TaskCallable.lambda$call$2(Task.java:1456)
	at javafx.graphics@19/com.sun.javafx.application.PlatformImpl.lambda$runLater$10(PlatformImpl.java:457)
	at java.base/java.security.AccessController.doPrivileged(AccessController.java:400)
	at javafx.graphics@19/com.sun.javafx.application.PlatformImpl.lambda$runLater$11(PlatformImpl.java:456)
	at javafx.graphics@19/com.sun.glass.ui.InvokeLaterDispatcher$Future.run(InvokeLaterDispatcher.java:96)
	at javafx.graphics@19/com.sun.glass.ui.win.WinApplication._runLoop(Native Method)
	at javafx.graphics@19/com.sun.glass.ui.win.WinApplication.lambda$runLoop$3(WinApplication.java:184)
	at java.base/java.lang.Thread.run(Thread.java:1583)
Caused by: java.lang.IllegalArgumentException: Duplicated @Spawns(cible) in com.example.zeldapuzzle.GameEntityFactory@3afca211. Already exists in com.example.zeldapuzzle.GameEntityFactory@3afca211=[cible, background, stationTire, boite, smallTree, dungeonEntry, Tree, pomme, player, mobPassive, plateform, arrow, statue, arrowMove, triangle, dungeon, banane]
	at com.almasb.fxgl.entity@17/com.almasb.fxgl.entity.GameWorld.checkDuplicateSpawners(GameWorld.kt:341)
	at com.almasb.fxgl.entity@17/com.almasb.fxgl.entity.GameWorld.addEntityFactory$lambda-9(GameWorld.kt:314)
	at java.base/java.util.HashMap.forEach(HashMap.java:1429)
	at com.almasb.fxgl.entity@17/com.almasb.fxgl.entity.GameWorld.addEntityFactory(GameWorld.kt:310)
	at com.example.zeldapuzzle/com.example.zeldapuzzle.MainGameApp.initGame(MainGameApp.java:242)
	at com.almasb.fxgl.all@17/com.almasb.fxgl.app.FXGLApplication$InitAppTask.initGame(FXGLApplication.kt:339)
	at com.almasb.fxgl.all@17/com.almasb.fxgl.app.FXGLApplication$InitAppTask.call(FXGLApplication.kt:319)
	at com.almasb.fxgl.all@17/com.almasb.fxgl.app.FXGLApplication$InitAppTask.call(FXGLApplication.kt:311)
	at javafx.graphics@19/javafx.concurrent.Task$TaskCallable.call(Task.java:1426)
	at java.base/java.util.concurrent.FutureTask.run(FutureTask.java:317)
	at java.base/java.util.concurrent.Executors$RunnableAdapter.call(Executors.java:572)
	at java.base/java.util.concurrent.FutureTask.run(FutureTask.java:317)
	at java.base/java.util.concurrent.ThreadPoolExecutor.runWorker(ThreadPoolExecutor.java:1144)
	at java.base/java.util.concurrent.ThreadPoolExecutor$Worker.run(ThreadPoolExecutor.java:642)
	... 1 more

21:11:17.182 [JavaFX Application Thread] FATAL FXGLApplication      - Application will now exit
21:11:17.187 [JavaFX Application Thread] DEBUG PrimaryStageWindow   - Push state: ErrorSubScene
21:11:17.187 [JavaFX Application Thread] DEBUG Input                - Clearing active input actions
21:11:17.188 [JavaFX Application Thread] DEBUG GameApplicationServi - Removing overlay from FXGLLoadingScene and adding to ErrorSubScene
21:11:17.188 [JavaFX Application Thread] DEBUG PrimaryStageWindow   - FXGLLoadingScene -> ErrorSubScene
21:11:19.275 [FXGL Background Thread 3 ] DEBUG Engine               - Logging environment variables
21:11:19.275 [FXGL Background Thread 3 ] DEBUG Engine               - achievements: []
21:11:19.275 [FXGL Background Thread 3 ] DEBUG Engine               - actualHeight: 800.0
21:11:19.275 [FXGL Background Thread 3 ] DEBUG Engine               - actualHeightProperty: ReadOnlyDoubleProperty [value: 800.0]
21:11:19.275 [FXGL Background Thread 3 ] DEBUG Engine               - actualWidth: 800.0
21:11:19.275 [FXGL Background Thread 3 ] DEBUG Engine               - actualWidthProperty: ReadOnlyDoubleProperty [value: 800.0]
21:11:19.275 [FXGL Background Thread 3 ] DEBUG Engine               - appIcon: fxgl_icon.png
21:11:19.275 [FXGL Background Thread 3 ] DEBUG Engine               - applicationMode: DEVELOPER
21:11:19.275 [FXGL Background Thread 3 ] DEBUG Engine               - cSSList: [fxgl_dark.css]
21:11:19.275 [FXGL Background Thread 3 ] DEBUG Engine               - collisionDetectionStrategy: BRUTE_FORCE
21:11:19.275 [FXGL Background Thread 3 ] DEBUG Engine               - configClass: Optional.empty
21:11:19.275 [FXGL Background Thread 3 ] DEBUG Engine               - credits: []
21:11:19.275 [FXGL Background Thread 3 ] DEBUG Engine               - defaultCursor: CursorInfo(imageName=fxgl_default_cursor.png, hotspotX=7.0, hotspotY=6.0)
21:11:19.276 [FXGL Background Thread 3 ] DEBUG Engine               - devBBoxColorProperty: ObjectProperty [value: 0xff0000ff]
21:11:19.276 [FXGL Background Thread 3 ] DEBUG Engine               - devEnableDebugCameraProperty: BooleanProperty [value: false]
21:11:19.276 [FXGL Background Thread 3 ] DEBUG Engine               - devSensorColorProperty: ObjectProperty [value: 0xffff00ff]
21:11:19.276 [FXGL Background Thread 3 ] DEBUG Engine               - devShowBBoxProperty: BooleanProperty [value: false]
21:11:19.276 [FXGL Background Thread 3 ] DEBUG Engine               - devShowPositionProperty: BooleanProperty [value: false]
21:11:19.276 [FXGL Background Thread 3 ] DEBUG Engine               - enabledMenuItems: []
21:11:19.276 [FXGL Background Thread 3 ] DEBUG Engine               - engineServices: [class com.almasb.fxgl.app.services.FXGLAssetLoaderService, class com.almasb.fxgl.app.FXGLApplication$GameApplicationService, class com.almasb.fxgl.app.services.FXGLDialogService, class com.almasb.fxgl.app.services.IOTaskExecutorService, class com.almasb.fxgl.io.FileSystemService, class com.almasb.fxgl.localization.LocalizationService, class com.almasb.fxgl.app.services.SystemBundleService, class com.almasb.fxgl.profile.SaveLoadService, class com.almasb.fxgl.ui.FXGLUIFactoryServiceProvider, class com.almasb.fxgl.ui.FXGLDialogFactoryServiceProvider, class com.almasb.fxgl.audio.AudioPlayer, class com.almasb.fxgl.notification.impl.NotificationServiceProvider, class com.almasb.fxgl.achievement.AchievementService, class com.almasb.fxgl.cutscene.CutsceneService, class com.almasb.fxgl.minigames.MiniGameService, class com.almasb.fxgl.net.NetService, class com.almasb.fxgl.app.services.UpdaterService, class com.almasb.fxgl.dev.DevService]
21:11:19.276 [FXGL Background Thread 3 ] DEBUG Engine               - fontGame: Abel-Regular.ttf
21:11:19.276 [FXGL Background Thread 3 ] DEBUG Engine               - fontMono: TerminalLandMono-Regular.otf
21:11:19.276 [FXGL Background Thread 3 ] DEBUG Engine               - fontText: Courier-Prime.ttf
21:11:19.276 [FXGL Background Thread 3 ] DEBUG Engine               - fontUI: VarelaRound-Regular.ttf
21:11:19.276 [FXGL Background Thread 3 ] DEBUG Engine               - fullScreen: BooleanProperty [value: false]
21:11:19.276 [FXGL Background Thread 3 ] DEBUG Engine               - gameDifficulty: MEDIUM
21:11:19.276 [FXGL Background Thread 3 ] DEBUG Engine               - gameDifficultyProperty: ObjectProperty [value: MEDIUM]
21:11:19.276 [FXGL Background Thread 3 ] DEBUG Engine               - globalMusicVolume: 0.5
21:11:19.276 [FXGL Background Thread 3 ] DEBUG Engine               - globalMusicVolumeProperty: DoubleProperty [value: 0.5]
21:11:19.276 [FXGL Background Thread 3 ] DEBUG Engine               - globalSoundVolume: 0.5
21:11:19.276 [FXGL Background Thread 3 ] DEBUG Engine               - globalSoundVolumeProperty: DoubleProperty [value: 0.5]
21:11:19.276 [FXGL Background Thread 3 ] DEBUG Engine               - height: 800
21:11:19.276 [FXGL Background Thread 3 ] DEBUG Engine               - is3D: false
21:11:19.277 [FXGL Background Thread 3 ] DEBUG Engine               - isAndroid: false
21:11:19.277 [FXGL Background Thread 3 ] DEBUG Engine               - isBrowser: false
21:11:19.277 [FXGL Background Thread 3 ] DEBUG Engine               - isClickFeedbackEnabled: false
21:11:19.277 [FXGL Background Thread 3 ] DEBUG Engine               - isCloseConfirmation: false
21:11:19.277 [FXGL Background Thread 3 ] DEBUG Engine               - isDesktop: true
21:11:19.277 [FXGL Background Thread 3 ] DEBUG Engine               - isDeveloperMenuEnabled: true
21:11:19.277 [FXGL Background Thread 3 ] DEBUG Engine               - isEmbedded: false
21:11:19.277 [FXGL Background Thread 3 ] DEBUG Engine               - isEntityPreloadEnabled: true
21:11:19.277 [FXGL Background Thread 3 ] DEBUG Engine               - isExperimentalTiledLargeMap: false
21:11:19.277 [FXGL Background Thread 3 ] DEBUG Engine               - isFileSystemWriteAllowed: true
21:11:19.277 [FXGL Background Thread 3 ] DEBUG Engine               - isFullScreenAllowed: true
21:11:19.277 [FXGL Background Thread 3 ] DEBUG Engine               - isFullScreenFromStart: false
21:11:19.277 [FXGL Background Thread 3 ] DEBUG Engine               - isGameMenuEnabled: true
21:11:19.277 [FXGL Background Thread 3 ] DEBUG Engine               - isIOS: false
21:11:19.277 [FXGL Background Thread 3 ] DEBUG Engine               - isIntroEnabled: false
21:11:19.277 [FXGL Background Thread 3 ] DEBUG Engine               - isLinux: false
21:11:19.277 [FXGL Background Thread 3 ] DEBUG Engine               - isMac: false
21:11:19.277 [FXGL Background Thread 3 ] DEBUG Engine               - isMainMenuEnabled: true
21:11:19.277 [FXGL Background Thread 3 ] DEBUG Engine               - isManualResizeEnabled: false
21:11:19.277 [FXGL Background Thread 3 ] DEBUG Engine               - isMobile: false
21:11:19.277 [FXGL Background Thread 3 ] DEBUG Engine               - isNative: false
21:11:19.277 [FXGL Background Thread 3 ] DEBUG Engine               - isPauseMusicWhenMinimized: true
21:11:19.277 [FXGL Background Thread 3 ] DEBUG Engine               - isPreserveResizeRatio: false
21:11:19.277 [FXGL Background Thread 3 ] DEBUG Engine               - isProfilingEnabled: false
21:11:19.277 [FXGL Background Thread 3 ] DEBUG Engine               - isScaleAffectedOnResize: true
21:11:19.277 [FXGL Background Thread 3 ] DEBUG Engine               - isSingleStep: false
21:11:19.277 [FXGL Background Thread 3 ] DEBUG Engine               - isUserProfileEnabled: false
21:11:19.277 [FXGL Background Thread 3 ] DEBUG Engine               - isWindows: true
21:11:19.277 [FXGL Background Thread 3 ] DEBUG Engine               - language: ObjectProperty [value: ENGLISH]
21:11:19.277 [FXGL Background Thread 3 ] DEBUG Engine               - menuKey: ESCAPE
21:11:19.277 [FXGL Background Thread 3 ] DEBUG Engine               - mouseSensitivity: 0.2
21:11:19.277 [FXGL Background Thread 3 ] DEBUG Engine               - notificationViewClass: class com.almasb.fxgl.notification.view.XboxNotificationView
21:11:19.277 [FXGL Background Thread 3 ] DEBUG Engine               - pixelsPerMeter: 50.0
21:11:19.277 [FXGL Background Thread 3 ] DEBUG Engine               - platform: WINDOWS
21:11:19.277 [FXGL Background Thread 3 ] DEBUG Engine               - prefHeightProperty: ReadOnlyDoubleProperty [value: 800.0]
21:11:19.277 [FXGL Background Thread 3 ] DEBUG Engine               - prefWidthProperty: ReadOnlyDoubleProperty [value: 800.0]
21:11:19.277 [FXGL Background Thread 3 ] DEBUG Engine               - profileDir: profiles/
21:11:19.277 [FXGL Background Thread 3 ] DEBUG Engine               - profileName: StringProperty [value: DEFAULT]
21:11:19.277 [FXGL Background Thread 3 ] DEBUG Engine               - randomSeed: -1
21:11:19.278 [FXGL Background Thread 3 ] DEBUG Engine               - runtimeInfo: RuntimeInfo(platform=WINDOWS, version=17, build=31.12.2021 18.16)
21:11:19.278 [FXGL Background Thread 3 ] DEBUG Engine               - saveFileExt: sav
21:11:19.278 [FXGL Background Thread 3 ] DEBUG Engine               - scaledHeightProp$fxgl: DoubleProperty [bound, value: 800.0]
21:11:19.278 [FXGL Background Thread 3 ] DEBUG Engine               - scaledWidthProp$fxgl: DoubleProperty [bound, value: 800.0]
21:11:19.278 [FXGL Background Thread 3 ] DEBUG Engine               - sceneFactory: com.almasb.fxgl.app.scene.SceneFactory@268ca5a6
21:11:19.278 [FXGL Background Thread 3 ] DEBUG Engine               - secondsIn24h: 60
21:11:19.278 [FXGL Background Thread 3 ] DEBUG Engine               - soundMenuBack: menu/back.wav
21:11:19.278 [FXGL Background Thread 3 ] DEBUG Engine               - soundMenuPress: menu/press.wav
21:11:19.278 [FXGL Background Thread 3 ] DEBUG Engine               - soundMenuSelect: menu/select.wav
21:11:19.278 [FXGL Background Thread 3 ] DEBUG Engine               - soundNotification: core/notification.wav
21:11:19.278 [FXGL Background Thread 3 ] DEBUG Engine               - stageStyle: DECORATED
21:11:19.278 [FXGL Background Thread 3 ] DEBUG Engine               - supportedLanguages: [ENGLISH, FRENCH, GERMAN, HUNGARIAN, RUSSIAN]
21:11:19.278 [FXGL Background Thread 3 ] DEBUG Engine               - ticksPerSecond: -1
21:11:19.278 [FXGL Background Thread 3 ] DEBUG Engine               - title: Zelda 2D Game par ماستن
21:11:19.278 [FXGL Background Thread 3 ] DEBUG Engine               - urlGithub: https://github.com/AlmasB/FXGL
21:11:19.278 [FXGL Background Thread 3 ] DEBUG Engine               - urlLeaderboard: http://fxgl-top.herokuapp.com/
21:11:19.278 [FXGL Background Thread 3 ] DEBUG Engine               - urlPOM: https://raw.githubusercontent.com/AlmasB/FXGL/release/README.md
21:11:19.278 [FXGL Background Thread 3 ] DEBUG Engine               - userAppClass: class com.example.zeldapuzzle.MainGameApp
21:11:19.278 [FXGL Background Thread 3 ] DEBUG Engine               - version: 1
21:11:19.278 [FXGL Background Thread 3 ] DEBUG Engine               - versionCheckDays: 7
21:11:19.278 [FXGL Background Thread 3 ] DEBUG Engine               - width: 800
21:11:19.278 [FXGL Background Thread 3 ] DEBUG Engine               - Logging services
21:11:19.278 [FXGL Background Thread 3 ] DEBUG Engine               - class com.almasb.fxgl.app.services.FXGLAssetLoaderService
21:11:19.278 [FXGL Background Thread 3 ] DEBUG Engine               - class com.almasb.fxgl.app.FXGLApplication$GameApplicationService
21:11:19.278 [FXGL Background Thread 3 ] DEBUG Engine               - class com.almasb.fxgl.app.services.FXGLDialogService
21:11:19.278 [FXGL Background Thread 3 ] DEBUG Engine               - class com.almasb.fxgl.app.services.IOTaskExecutorService
21:11:19.278 [FXGL Background Thread 3 ] DEBUG Engine               - class com.almasb.fxgl.io.FileSystemService
21:11:19.278 [FXGL Background Thread 3 ] DEBUG Engine               - class com.almasb.fxgl.localization.LocalizationService
21:11:19.278 [FXGL Background Thread 3 ] DEBUG Engine               - class com.almasb.fxgl.app.services.SystemBundleService
21:11:19.278 [FXGL Background Thread 3 ] DEBUG Engine               - class com.almasb.fxgl.profile.SaveLoadService
21:11:19.278 [FXGL Background Thread 3 ] DEBUG Engine               - class com.almasb.fxgl.ui.FXGLUIFactoryServiceProvider
21:11:19.278 [FXGL Background Thread 3 ] DEBUG Engine               - class com.almasb.fxgl.ui.FXGLDialogFactoryServiceProvider
21:11:19.278 [FXGL Background Thread 3 ] DEBUG Engine               - class com.almasb.fxgl.audio.AudioPlayer
21:11:19.278 [FXGL Background Thread 3 ] DEBUG Engine               - class com.almasb.fxgl.notification.impl.NotificationServiceProvider
21:11:19.278 [FXGL Background Thread 3 ] DEBUG Engine               - class com.almasb.fxgl.achievement.AchievementService
21:11:19.278 [FXGL Background Thread 3 ] DEBUG Engine               - class com.almasb.fxgl.cutscene.CutsceneService
21:11:19.278 [FXGL Background Thread 3 ] DEBUG Engine               - class com.almasb.fxgl.minigames.MiniGameService
21:11:19.278 [FXGL Background Thread 3 ] DEBUG Engine               - class com.almasb.fxgl.net.NetService
21:11:19.278 [FXGL Background Thread 3 ] DEBUG Engine               - class com.almasb.fxgl.app.services.UpdaterService
21:11:19.278 [FXGL Background Thread 3 ] DEBUG Engine               - class com.almasb.fxgl.dev.DevService
21:11:33.167 [JavaFX Application Thread] DEBUG FXGLApplication      - Exiting FXGL
21:11:33.167 [JavaFX Application Thread] DEBUG Async                - Shutting down background threads
21:11:33.167 [JavaFX Application Thread] DEBUG PrimaryStageWindow   - Closing main window
21:11:33.176 [JavaFX Application Thread] DEBUG Logger               - Closing Logger
