02:28:02.788 [main                     ] DEBUG Logger               - Configured Logger
02:28:02.813 [main                     ] DEBUG GameApplication      - Logging settings
Title: Zelda 2D Game
Version: 1
Width: 800
Height: 800
Fullscreen: true
Intro: false
Profiling: false
Single step:false
App Mode: DEVELOPER
Menu Key: ESCAPE
Stage Style: DECORATED
Scene Factory: class com.almasb.fxgl.app.scene.SceneFactory

02:28:03.067 [JavaFX Application Thread] DEBUG FXGLApplication      - Initializing FXGL
02:28:03.072 [JavaFX Application Thread] INFO  Engine               - FXGL-17 (31.12.2021 18.16) on MAC (J:19.0.1 FX:19)
02:28:03.073 [JavaFX Application Thread] DEBUG Engine               - JRE Vendor Name: Oracle Corporation
02:28:03.073 [JavaFX Application Thread] DEBUG Engine               - Running on OS: Mac OS X version 12.5
02:28:03.073 [JavaFX Application Thread] DEBUG Engine               - Architecture: aarch64
02:28:03.074 [JavaFX Application Thread] INFO  Engine               - Source code and latest versions at: https://github.com/AlmasB/FXGL
02:28:03.074 [JavaFX Application Thread] INFO  Engine               -       Ask questions and discuss at: https://github.com/AlmasB/FXGL/discussions
02:28:03.074 [JavaFX Application Thread] INFO  Engine               -              Join the FXGL chat at: https://gitter.im/AlmasB/FXGL
02:28:03.156 [JavaFX Application Thread] DEBUG PrimaryStageWindow   - Creating a JavaFX scene
02:28:03.208 [JavaFX Application Thread] DEBUG PrimaryStageWindow   - Target settings size: 800.0 x 800.0
02:28:03.208 [JavaFX Application Thread] DEBUG PrimaryStageWindow   - Scaled scene size:    800.0 x 800.0
02:28:03.209 [JavaFX Application Thread] DEBUG PrimaryStageWindow   - Scaled ratio: (1.0, 1.0)
02:28:03.210 [JavaFX Application Thread] DEBUG PrimaryStageWindow   - Set initial scene to FXGLStartupScene
02:28:03.215 [JavaFX Application Thread] DEBUG PrimaryStageWindow   - Opening main window
02:28:03.376 [JavaFX Application Thread] DEBUG PrimaryStageWindow   - Window border size: (0.0, 28.0)
02:28:03.377 [JavaFX Application Thread] DEBUG PrimaryStageWindow   - Scaled size: 800.0 x 800.0
02:28:03.377 [JavaFX Application Thread] DEBUG PrimaryStageWindow   - Scaled ratio: (1.0, 1.0)
02:28:03.377 [JavaFX Application Thread] DEBUG PrimaryStageWindow   - Scene size: 800.0 x 800.0
02:28:03.378 [JavaFX Application Thread] DEBUG PrimaryStageWindow   - Stage size: 800.0 x 828.0
02:28:03.385 [FXGL Background Thread 1 ] DEBUG Engine               - Initializing environment variables
02:28:03.454 [FXGL Background Thread 1 ] DEBUG FXGLAssetLoaderServi - User app class for loading assets: class com.example.zeldapuzzle.MainGameApp
02:28:03.454 [FXGL Background Thread 1 ] DEBUG GameApplicationServi - Applying CSS: fxgl_dark.css
02:28:03.455 [FXGL Background Thread 1 ] DEBUG FXGLAssetLoaderServi - Loading from file system: jar:file:///Users/CHLaroche05/.m2/repository/com/github/almasb/fxgl/17/fxgl-17.jar!/fxglassets/ui/css/fxgl_dark.css
02:28:03.536 [FXGL Background Thread 1 ] DEBUG GameApplicationServi - Initializing application scenes
02:28:03.934 [FXGL Background Thread 1 ] DEBUG GameWorld            - Game world initialized
02:28:04.066 [FXGL Background Thread 1 ] DEBUG PhysicsWorld         - Physics world initialized: appHeight=800, physics.ppm=50.0
02:28:04.066 [FXGL Background Thread 1 ] DEBUG PhysicsWorld         - Using strategy: BRUTE_FORCE
02:28:04.071 [FXGL Background Thread 1 ] DEBUG GameScene            - Game scene initialized: 800x800
02:28:04.095 [FXGL Background Thread 1 ] DEBUG FXGL.DefaultMenu     - createMenuBodyMainMenu()
02:28:04.116 [FXGL Background Thread 1 ] DEBUG FXGL.DefaultMenu     - createOptionsMenu()
02:28:04.132 [FXGL Background Thread 1 ] DEBUG FXGLAssetLoaderServi - Loading from file system: jar:file:///Users/CHLaroche05/.m2/repository/com/github/almasb/fxgl/17/fxgl-17.jar!/fxglassets/textures/particles/smoke.png
02:28:04.372 [FXGL Background Thread 1 ] DEBUG FXGLAssetLoaderServi - Loading from file system: jar:file:///Users/CHLaroche05/.m2/repository/com/github/almasb/fxgl/17/fxgl-17.jar!/fxglassets/textures/particles/trace_horizontal.png
02:28:04.407 [FXGL Background Thread 1 ] DEBUG FXGL.DefaultMenu     - createMenuBodyGameMenu()
02:28:04.409 [FXGL Background Thread 1 ] DEBUG FXGL.DefaultMenu     - createOptionsMenu()
02:28:04.470 [FXGL Background Thread 1 ] DEBUG GameApplicationServi - Application scenes initialized
02:28:04.492 [FXGL Background Thread 1 ] DEBUG SystemBundleService  - Loading FXGL system data
02:28:04.496 [FXGL Background Thread 1 ] DEBUG FileSystemAccess     - Reading from: /Users/CHLaroche05/zelda/zeldaPuzzle/system/fxgl.bundle
02:28:04.509 [FXGL Background Thread 1 ] DEBUG SystemBundleService  - Bundle FXGL: {}
02:28:04.510 [FXGL Background Thread 1 ] DEBUG UpdaterService       - Checking for updates
02:28:04.621 [FXGL Background Thread 4 ] DEBUG FXGLApplication      - Loading fonts
02:28:04.621 [FXGL Background Thread 4 ] DEBUG FXGLAssetLoaderServi - Loading from file system: jar:file:///Users/CHLaroche05/.m2/repository/com/github/almasb/fxgl/17/fxgl-17.jar!/fxglassets/ui/fonts/VarelaRound-Regular.ttf
02:28:04.629 [FXGL Background Thread 1 ] DEBUG FXGLApplication      - Loading default localization
02:28:04.630 [FXGL Background Thread 1 ] DEBUG FXGLAssetLoaderServi - Loading from file system: jar:file:///Users/CHLaroche05/.m2/repository/com/github/almasb/fxgl/17/fxgl-17.jar!/fxglassets/languages/english.lang
02:28:04.635 [FXGL Background Thread 4 ] DEBUG FXGLAssetLoaderServi - Loading from file system: jar:file:///Users/CHLaroche05/.m2/repository/com/github/almasb/fxgl/17/fxgl-17.jar!/fxglassets/ui/fonts/Abel-Regular.ttf
02:28:04.638 [FXGL Background Thread 4 ] DEBUG FXGLAssetLoaderServi - Loading from file system: jar:file:///Users/CHLaroche05/.m2/repository/com/github/almasb/fxgl/17/fxgl-17.jar!/fxglassets/ui/fonts/TerminalLandMono-Regular.otf
02:28:04.642 [FXGL Background Thread 4 ] DEBUG FXGLAssetLoaderServi - Loading from file system: jar:file:///Users/CHLaroche05/.m2/repository/com/github/almasb/fxgl/17/fxgl-17.jar!/fxglassets/ui/fonts/Courier-Prime.ttf
02:28:04.648 [JavaFX Application Thread] DEBUG FXGLApplication      - Registering font factories with UI factory
02:28:04.652 [FXGL Background Thread 1 ] INFO  FXGLApplication      - FXGL initialization took: 1.267 sec
02:28:04.664 [JavaFX Application Thread] DEBUG Input                - Registered new binding: inventaire - Tab
02:28:04.664 [JavaFX Application Thread] DEBUG Input                - Registered new binding: getPosition - P
02:28:04.664 [JavaFX Application Thread] DEBUG Input                - Registered new binding: zoom+ - Up
02:28:04.664 [JavaFX Application Thread] DEBUG Input                - Registered new binding: zoom- - Down
02:28:04.664 [JavaFX Application Thread] DEBUG Input                - Registered new binding: resetZoom - 0
02:28:04.665 [JavaFX Application Thread] DEBUG Input                - Registered new binding: Move right - D
02:28:04.665 [JavaFX Application Thread] DEBUG Input                - Registered new binding: Move left - A
02:28:04.665 [JavaFX Application Thread] DEBUG Input                - Registered new binding: Move Up - W
02:28:04.665 [JavaFX Application Thread] DEBUG Input                - Registered new binding: Move Down - S
02:28:04.665 [JavaFX Application Thread] DEBUG Input                - Registered new binding: Jump - Space
02:28:04.665 [JavaFX Application Thread] DEBUG FXGLAssetLoaderServi - Loading from file system: jar:file:///Users/CHLaroche05/.m2/repository/com/github/almasb/fxgl/17/fxgl-17.jar!/fxglassets/textures/fxgl_icon.png
02:28:04.692 [JavaFX Application Thread] DEBUG FXGLAssetLoaderServi - Loading from file system: jar:file:///Users/CHLaroche05/.m2/repository/com/github/almasb/fxgl/17/fxgl-17.jar!/fxglassets/textures/fxgl_default_cursor.png
02:28:04.694 [JavaFX Application Thread] DEBUG Input                - Registered new binding: Screenshot - CTRL+8
02:28:04.695 [JavaFX Application Thread] DEBUG Input                - Registered new binding: Dev Options - 1
02:28:04.695 [JavaFX Application Thread] DEBUG Input                - Registered new binding: Dev Console - 2
02:28:04.695 [JavaFX Application Thread] DEBUG Input                - Registered new binding: System info dump - CTRL+9
02:28:04.696 [JavaFX Application Thread] DEBUG Input                - Registered new binding: Restart - CTRL+R
02:28:04.696 [JavaFX Application Thread] DEBUG Input                - Registered new binding: Toggle Debug Camera - CTRL+7
02:28:04.700 [JavaFX Application Thread] DEBUG LoopRunner           - Starting loop
02:28:04.745 [JavaFX Application Thread] DEBUG LoopRunner           - Initializing JavaFX AnimationTimerLoop
02:28:04.750 [JavaFX Application Thread] DEBUG Input                - Clearing active input actions
02:28:04.760 [JavaFX Application Thread] DEBUG GameApplicationServi - Removing overlay from FXGLStartupScene and adding to FXGLMainMenuDummyScene
02:28:04.765 [JavaFX Application Thread] DEBUG PrimaryStageWindow   - FXGLStartupScene -> FXGLMainMenuDummyScene
02:28:04.765 [JavaFX Application Thread] DEBUG PrimaryStageWindow   - Push state: FXGLDefaultMenu
02:28:04.768 [JavaFX Application Thread] DEBUG Input                - Clearing active input actions
02:28:04.775 [JavaFX Application Thread] DEBUG GameApplicationServi - Removing overlay from FXGLMainMenuDummyScene and adding to FXGLDefaultMenu
02:28:04.776 [JavaFX Application Thread] DEBUG PrimaryStageWindow   - FXGLMainMenuDummyScene -> FXGLDefaultMenu
02:28:05.053 [FXGL Background Thread 2 ] INFO  UpdaterService       - Your current version:  17
02:28:05.054 [FXGL Background Thread 2 ] INFO  UpdaterService       - Latest stable version: 21.1
02:28:05.921 [JavaFX Application Thread] DEBUG Menu                 - fireNewGame()
02:28:05.921 [JavaFX Application Thread] DEBUG GameApplicationServi - Starting new game
02:28:05.925 [JavaFX Application Thread] DEBUG PrimaryStageWindow   - Pop state: FXGLDefaultMenu
02:28:05.926 [JavaFX Application Thread] DEBUG Input                - Clearing active input actions
02:28:05.927 [JavaFX Application Thread] DEBUG GameApplicationServi - Removing overlay from FXGLDefaultMenu and adding to FXGLMainMenuDummyScene
02:28:05.930 [JavaFX Application Thread] DEBUG PrimaryStageWindow   - FXGLMainMenuDummyScene <- FXGLDefaultMenu
02:28:05.930 [JavaFX Application Thread] DEBUG Input                - Clearing active input actions
02:28:05.947 [JavaFX Application Thread] DEBUG GameApplicationServi - Removing overlay from FXGLMainMenuDummyScene and adding to FXGLLoadingScene
02:28:05.948 [JavaFX Application Thread] DEBUG PrimaryStageWindow   - FXGLMainMenuDummyScene -> FXGLLoadingScene
02:28:05.948 [JavaFX Application Thread] DEBUG GameApplicationServi - Clearing previous game
02:28:05.948 [JavaFX Application Thread] DEBUG GameScene            - Clearing game scene
02:28:05.949 [JavaFX Application Thread] DEBUG GameWorld            - Clearing game world
02:28:05.949 [JavaFX Application Thread] DEBUG PhysicsWorld         - Clearing physics world
02:28:05.953 [FXGL Background Thread 2 ] DEBUG FXGLApplication      - Initializing game
02:28:06.009 [FXGL Background Thread 2 ] WARN  TMXLevelLoader       - TiledMap generated from 1.10.2. Supported version: 1.2.3. Some features may not be parsed fully.
02:28:06.115 [FXGL Background Thread 2 ] DEBUG TMXLevelLoader       - Parsed TiledMap: file:/Users/CHLaroche05/zelda/zeldaPuzzle/target/classes/assets/levels/mapFinal.tmx
02:28:06.117 [FXGL Background Thread 2 ] DEBUG TMXLevelLoader       - Creating tile layer entities
02:28:06.119 [FXGL Background Thread 2 ] DEBUG TilesetLoader        - Loading view for layer background
02:28:06.140 [FXGL Background Thread 2 ] DEBUG TilesetLoader        - Created buffer with size 4800.0x4800.0
02:28:06.387 [FXGL Background Thread 2 ] DEBUG TilesetLoader        - Loading view for layer devant
02:28:06.402 [FXGL Background Thread 2 ] DEBUG TilesetLoader        - Created buffer with size 4800.0x4800.0
02:28:06.450 [FXGL Background Thread 2 ] DEBUG TilesetLoader        - Loading view for layer devant1
02:28:06.467 [FXGL Background Thread 2 ] DEBUG TilesetLoader        - Created buffer with size 4800.0x4800.0
02:28:06.493 [FXGL Background Thread 2 ] DEBUG TMXLevelLoader       - Creating object layer entities
02:28:06.550 [FXGL Background Thread 2 ] DEBUG GameWorld            - Clearing removable entities
02:28:06.550 [FXGL Background Thread 2 ] DEBUG GameWorld            - Setting level: com.almasb.fxgl.entity.level.Level@4b38c4b7
02:28:06.574 [FXGL Background Thread 2 ] WARN  GameWorld            - Entity is already attached to world
02:28:06.576 [FXGL Background Thread 2 ] WARN  GameWorld            - Entity is already attached to world
02:28:06.582 [FXGL Background Thread 2 ] INFO  FXGLApplication      - Game initialization took: 0.628 sec
02:28:06.582 [JavaFX Application Thread] DEBUG Input                - Clearing active input actions
02:28:06.591 [JavaFX Application Thread] DEBUG GameApplicationServi - Removing overlay from FXGLLoadingScene and adding to GameScene
02:28:06.595 [JavaFX Application Thread] DEBUG PrimaryStageWindow   - FXGLLoadingScene -> GameScene
02:28:07.616 [FXGL Background Thread 3 ] DEBUG Engine               - Logging environment variables
02:28:07.616 [FXGL Background Thread 3 ] DEBUG Engine               - achievements: []
02:28:07.616 [FXGL Background Thread 3 ] DEBUG Engine               - actualHeight: 800.0
02:28:07.616 [FXGL Background Thread 3 ] DEBUG Engine               - actualHeightProperty: ReadOnlyDoubleProperty [value: 800.0]
02:28:07.616 [FXGL Background Thread 3 ] DEBUG Engine               - actualWidth: 800.0
02:28:07.616 [FXGL Background Thread 3 ] DEBUG Engine               - actualWidthProperty: ReadOnlyDoubleProperty [value: 800.0]
02:28:07.616 [FXGL Background Thread 3 ] DEBUG Engine               - appIcon: fxgl_icon.png
02:28:07.616 [FXGL Background Thread 3 ] DEBUG Engine               - applicationMode: DEVELOPER
02:28:07.617 [FXGL Background Thread 3 ] DEBUG Engine               - cSSList: [fxgl_dark.css]
02:28:07.617 [FXGL Background Thread 3 ] DEBUG Engine               - collisionDetectionStrategy: BRUTE_FORCE
02:28:07.617 [FXGL Background Thread 3 ] DEBUG Engine               - configClass: Optional.empty
02:28:07.617 [FXGL Background Thread 3 ] DEBUG Engine               - credits: []
02:28:07.617 [FXGL Background Thread 3 ] DEBUG Engine               - defaultCursor: CursorInfo(imageName=fxgl_default_cursor.png, hotspotX=7.0, hotspotY=6.0)
02:28:07.617 [FXGL Background Thread 3 ] DEBUG Engine               - devBBoxColorProperty: ObjectProperty [value: 0xff0000ff]
02:28:07.617 [FXGL Background Thread 3 ] DEBUG Engine               - devEnableDebugCameraProperty: BooleanProperty [value: false]
02:28:07.617 [FXGL Background Thread 3 ] DEBUG Engine               - devSensorColorProperty: ObjectProperty [value: 0xffff00ff]
02:28:07.617 [FXGL Background Thread 3 ] DEBUG Engine               - devShowBBoxProperty: BooleanProperty [value: false]
02:28:07.617 [FXGL Background Thread 3 ] DEBUG Engine               - devShowPositionProperty: BooleanProperty [value: false]
02:28:07.617 [FXGL Background Thread 3 ] DEBUG Engine               - enabledMenuItems: []
02:28:07.617 [FXGL Background Thread 3 ] DEBUG Engine               - engineServices: [class com.almasb.fxgl.app.services.FXGLAssetLoaderService, class com.almasb.fxgl.app.FXGLApplication$GameApplicationService, class com.almasb.fxgl.app.services.FXGLDialogService, class com.almasb.fxgl.app.services.IOTaskExecutorService, class com.almasb.fxgl.io.FileSystemService, class com.almasb.fxgl.localization.LocalizationService, class com.almasb.fxgl.app.services.SystemBundleService, class com.almasb.fxgl.profile.SaveLoadService, class com.almasb.fxgl.ui.FXGLUIFactoryServiceProvider, class com.almasb.fxgl.ui.FXGLDialogFactoryServiceProvider, class com.almasb.fxgl.audio.AudioPlayer, class com.almasb.fxgl.notification.impl.NotificationServiceProvider, class com.almasb.fxgl.achievement.AchievementService, class com.almasb.fxgl.cutscene.CutsceneService, class com.almasb.fxgl.minigames.MiniGameService, class com.almasb.fxgl.net.NetService, class com.almasb.fxgl.app.services.UpdaterService, class com.almasb.fxgl.dev.DevService]
02:28:07.617 [FXGL Background Thread 3 ] DEBUG Engine               - fontGame: Abel-Regular.ttf
02:28:07.617 [FXGL Background Thread 3 ] DEBUG Engine               - fontMono: TerminalLandMono-Regular.otf
02:28:07.617 [FXGL Background Thread 3 ] DEBUG Engine               - fontText: Courier-Prime.ttf
02:28:07.618 [FXGL Background Thread 3 ] DEBUG Engine               - fontUI: VarelaRound-Regular.ttf
02:28:07.618 [FXGL Background Thread 3 ] DEBUG Engine               - fullScreen: BooleanProperty [value: false]
02:28:07.618 [FXGL Background Thread 3 ] DEBUG Engine               - gameDifficulty: MEDIUM
02:28:07.618 [FXGL Background Thread 3 ] DEBUG Engine               - gameDifficultyProperty: ObjectProperty [value: MEDIUM]
02:28:07.618 [FXGL Background Thread 3 ] DEBUG Engine               - globalMusicVolume: 0.5
02:28:07.618 [FXGL Background Thread 3 ] DEBUG Engine               - globalMusicVolumeProperty: DoubleProperty [value: 0.5]
02:28:07.618 [FXGL Background Thread 3 ] DEBUG Engine               - globalSoundVolume: 0.5
02:28:07.618 [FXGL Background Thread 3 ] DEBUG Engine               - globalSoundVolumeProperty: DoubleProperty [value: 0.5]
02:28:07.618 [FXGL Background Thread 3 ] DEBUG Engine               - height: 800
02:28:07.618 [FXGL Background Thread 3 ] DEBUG Engine               - is3D: false
02:28:07.618 [FXGL Background Thread 3 ] DEBUG Engine               - isAndroid: false
02:28:07.618 [FXGL Background Thread 3 ] DEBUG Engine               - isBrowser: false
02:28:07.618 [FXGL Background Thread 3 ] DEBUG Engine               - isClickFeedbackEnabled: false
02:28:07.618 [FXGL Background Thread 3 ] DEBUG Engine               - isCloseConfirmation: false
02:28:07.618 [FXGL Background Thread 3 ] DEBUG Engine               - isDesktop: true
02:28:07.618 [FXGL Background Thread 3 ] DEBUG Engine               - isDeveloperMenuEnabled: true
02:28:07.618 [FXGL Background Thread 3 ] DEBUG Engine               - isEmbedded: false
02:28:07.618 [FXGL Background Thread 3 ] DEBUG Engine               - isEntityPreloadEnabled: true
02:28:07.618 [FXGL Background Thread 3 ] DEBUG Engine               - isExperimentalTiledLargeMap: false
02:28:07.618 [FXGL Background Thread 3 ] DEBUG Engine               - isFileSystemWriteAllowed: true
02:28:07.618 [FXGL Background Thread 3 ] DEBUG Engine               - isFullScreenAllowed: true
02:28:07.618 [FXGL Background Thread 3 ] DEBUG Engine               - isFullScreenFromStart: false
02:28:07.618 [FXGL Background Thread 3 ] DEBUG Engine               - isGameMenuEnabled: true
02:28:07.618 [FXGL Background Thread 3 ] DEBUG Engine               - isIOS: false
02:28:07.619 [FXGL Background Thread 3 ] DEBUG Engine               - isIntroEnabled: false
02:28:07.619 [FXGL Background Thread 3 ] DEBUG Engine               - isLinux: false
02:28:07.619 [FXGL Background Thread 3 ] DEBUG Engine               - isMac: true
02:28:07.619 [FXGL Background Thread 3 ] DEBUG Engine               - isMainMenuEnabled: true
02:28:07.619 [FXGL Background Thread 3 ] DEBUG Engine               - isManualResizeEnabled: false
02:28:07.619 [FXGL Background Thread 3 ] DEBUG Engine               - isMobile: false
02:28:07.619 [FXGL Background Thread 3 ] DEBUG Engine               - isNative: false
02:28:07.619 [FXGL Background Thread 3 ] DEBUG Engine               - isPauseMusicWhenMinimized: true
02:28:07.619 [FXGL Background Thread 3 ] DEBUG Engine               - isPreserveResizeRatio: false
02:28:07.619 [FXGL Background Thread 3 ] DEBUG Engine               - isProfilingEnabled: false
02:28:07.619 [FXGL Background Thread 3 ] DEBUG Engine               - isScaleAffectedOnResize: true
02:28:07.619 [FXGL Background Thread 3 ] DEBUG Engine               - isSingleStep: false
02:28:07.619 [FXGL Background Thread 3 ] DEBUG Engine               - isUserProfileEnabled: false
02:28:07.619 [FXGL Background Thread 3 ] DEBUG Engine               - isWindows: false
02:28:07.619 [FXGL Background Thread 3 ] DEBUG Engine               - language: ObjectProperty [value: ENGLISH]
02:28:07.619 [FXGL Background Thread 3 ] DEBUG Engine               - menuKey: ESCAPE
02:28:07.619 [FXGL Background Thread 3 ] DEBUG Engine               - mouseSensitivity: 0.2
02:28:07.619 [FXGL Background Thread 3 ] DEBUG Engine               - notificationViewClass: class com.almasb.fxgl.notification.view.XboxNotificationView
02:28:07.619 [FXGL Background Thread 3 ] DEBUG Engine               - pixelsPerMeter: 50.0
02:28:07.619 [FXGL Background Thread 3 ] DEBUG Engine               - platform: MAC
02:28:07.620 [FXGL Background Thread 3 ] DEBUG Engine               - prefHeightProperty: ReadOnlyDoubleProperty [value: 800.0]
02:28:07.620 [FXGL Background Thread 3 ] DEBUG Engine               - prefWidthProperty: ReadOnlyDoubleProperty [value: 800.0]
02:28:07.620 [FXGL Background Thread 3 ] DEBUG Engine               - profileDir: profiles/
02:28:07.620 [FXGL Background Thread 3 ] DEBUG Engine               - profileName: StringProperty [value: DEFAULT]
02:28:07.620 [FXGL Background Thread 3 ] DEBUG Engine               - randomSeed: -1
02:28:07.620 [FXGL Background Thread 3 ] DEBUG Engine               - runtimeInfo: RuntimeInfo(platform=MAC, version=17, build=31.12.2021 18.16)
02:28:07.620 [FXGL Background Thread 3 ] DEBUG Engine               - saveFileExt: sav
02:28:07.620 [FXGL Background Thread 3 ] DEBUG Engine               - scaledHeightProp$fxgl: DoubleProperty [bound, value: 800.0]
02:28:07.620 [FXGL Background Thread 3 ] DEBUG Engine               - scaledWidthProp$fxgl: DoubleProperty [bound, value: 800.0]
02:28:07.620 [FXGL Background Thread 3 ] DEBUG Engine               - sceneFactory: com.almasb.fxgl.app.scene.SceneFactory@7a45c71a
02:28:07.620 [FXGL Background Thread 3 ] DEBUG Engine               - secondsIn24h: 60
02:28:07.620 [FXGL Background Thread 3 ] DEBUG Engine               - soundMenuBack: menu/back.wav
02:28:07.620 [FXGL Background Thread 3 ] DEBUG Engine               - soundMenuPress: menu/press.wav
02:28:07.620 [FXGL Background Thread 3 ] DEBUG Engine               - soundMenuSelect: menu/select.wav
02:28:07.620 [FXGL Background Thread 3 ] DEBUG Engine               - soundNotification: core/notification.wav
02:28:07.620 [FXGL Background Thread 3 ] DEBUG Engine               - stageStyle: DECORATED
02:28:07.620 [FXGL Background Thread 3 ] DEBUG Engine               - supportedLanguages: [ENGLISH, FRENCH, GERMAN, HUNGARIAN, RUSSIAN]
02:28:07.620 [FXGL Background Thread 3 ] DEBUG Engine               - ticksPerSecond: -1
02:28:07.620 [FXGL Background Thread 3 ] DEBUG Engine               - title: Zelda 2D Game
02:28:07.621 [FXGL Background Thread 3 ] DEBUG Engine               - urlGithub: https://github.com/AlmasB/FXGL
02:28:07.621 [FXGL Background Thread 3 ] DEBUG Engine               - urlLeaderboard: http://fxgl-top.herokuapp.com/
02:28:07.621 [FXGL Background Thread 3 ] DEBUG Engine               - urlPOM: https://raw.githubusercontent.com/AlmasB/FXGL/release/README.md
02:28:07.621 [FXGL Background Thread 3 ] DEBUG Engine               - userAppClass: class com.example.zeldapuzzle.MainGameApp
02:28:07.621 [FXGL Background Thread 3 ] DEBUG Engine               - version: 1
02:28:07.621 [FXGL Background Thread 3 ] DEBUG Engine               - versionCheckDays: 7
02:28:07.621 [FXGL Background Thread 3 ] DEBUG Engine               - width: 800
02:28:07.621 [FXGL Background Thread 3 ] DEBUG Engine               - Logging services
02:28:07.621 [FXGL Background Thread 3 ] DEBUG Engine               - class com.almasb.fxgl.app.services.FXGLAssetLoaderService
02:28:07.621 [FXGL Background Thread 3 ] DEBUG Engine               - class com.almasb.fxgl.app.FXGLApplication$GameApplicationService
02:28:07.621 [FXGL Background Thread 3 ] DEBUG Engine               - class com.almasb.fxgl.app.services.FXGLDialogService
02:28:07.621 [FXGL Background Thread 3 ] DEBUG Engine               - class com.almasb.fxgl.app.services.IOTaskExecutorService
02:28:07.621 [FXGL Background Thread 3 ] DEBUG Engine               - class com.almasb.fxgl.io.FileSystemService
02:28:07.621 [FXGL Background Thread 3 ] DEBUG Engine               - class com.almasb.fxgl.localization.LocalizationService
02:28:07.621 [FXGL Background Thread 3 ] DEBUG Engine               - class com.almasb.fxgl.app.services.SystemBundleService
02:28:07.621 [FXGL Background Thread 3 ] DEBUG Engine               - class com.almasb.fxgl.profile.SaveLoadService
02:28:07.621 [FXGL Background Thread 3 ] DEBUG Engine               - class com.almasb.fxgl.ui.FXGLUIFactoryServiceProvider
02:28:07.621 [FXGL Background Thread 3 ] DEBUG Engine               - class com.almasb.fxgl.ui.FXGLDialogFactoryServiceProvider
02:28:07.621 [FXGL Background Thread 3 ] DEBUG Engine               - class com.almasb.fxgl.audio.AudioPlayer
02:28:07.621 [FXGL Background Thread 3 ] DEBUG Engine               - class com.almasb.fxgl.notification.impl.NotificationServiceProvider
02:28:07.621 [FXGL Background Thread 3 ] DEBUG Engine               - class com.almasb.fxgl.achievement.AchievementService
02:28:07.621 [FXGL Background Thread 3 ] DEBUG Engine               - class com.almasb.fxgl.cutscene.CutsceneService
02:28:07.621 [FXGL Background Thread 3 ] DEBUG Engine               - class com.almasb.fxgl.minigames.MiniGameService
02:28:07.621 [FXGL Background Thread 3 ] DEBUG Engine               - class com.almasb.fxgl.net.NetService
02:28:07.621 [FXGL Background Thread 3 ] DEBUG Engine               - class com.almasb.fxgl.app.services.UpdaterService
02:28:07.621 [FXGL Background Thread 3 ] DEBUG Engine               - class com.almasb.fxgl.dev.DevService
02:28:13.429 [JavaFX Application Thread] WARN  TMXLevelLoader       - TiledMap generated from 1.10.2. Supported version: 1.2.3. Some features may not be parsed fully.
02:28:13.463 [JavaFX Application Thread] DEBUG TMXLevelLoader       - Parsed TiledMap: file:/Users/CHLaroche05/zelda/zeldaPuzzle/target/classes/assets/levels/leDongeon.tmx
02:28:13.463 [JavaFX Application Thread] DEBUG TMXLevelLoader       - Creating tile layer entities
02:28:13.464 [JavaFX Application Thread] DEBUG TilesetLoader        - Loading view for layer BG1
02:28:13.468 [JavaFX Application Thread] DEBUG TilesetLoader        - Created buffer with size 2400.0x800.0
02:28:13.483 [JavaFX Application Thread] DEBUG TilesetLoader        - Loading view for layer BG2
02:28:13.484 [JavaFX Application Thread] DEBUG TilesetLoader        - Created buffer with size 2400.0x800.0
02:28:13.494 [JavaFX Application Thread] DEBUG TilesetLoader        - Loading view for layer BG3
02:28:13.494 [JavaFX Application Thread] DEBUG TilesetLoader        - Created buffer with size 2400.0x800.0
02:28:13.506 [JavaFX Application Thread] DEBUG TilesetLoader        - Loading view for layer BG4a
02:28:13.507 [JavaFX Application Thread] DEBUG TilesetLoader        - Created buffer with size 2400.0x800.0
02:28:13.519 [JavaFX Application Thread] DEBUG TilesetLoader        - Loading view for layer BG4b
02:28:13.520 [JavaFX Application Thread] DEBUG TilesetLoader        - Created buffer with size 2400.0x800.0
02:28:13.531 [JavaFX Application Thread] DEBUG TilesetLoader        - Loading view for layer MainBuild3
02:28:13.532 [JavaFX Application Thread] DEBUG TilesetLoader        - Created buffer with size 2400.0x800.0
02:28:13.579 [JavaFX Application Thread] DEBUG TilesetLoader        - Loading view for layer MainBuild2
02:28:13.580 [JavaFX Application Thread] DEBUG TilesetLoader        - Created buffer with size 2400.0x800.0
02:28:13.582 [JavaFX Application Thread] DEBUG TilesetLoader        - Loading view for layer MainBuild
02:28:13.583 [JavaFX Application Thread] DEBUG TilesetLoader        - Created buffer with size 2400.0x800.0
02:28:13.586 [JavaFX Application Thread] DEBUG TMXLevelLoader       - Creating object layer entities
02:28:13.593 [JavaFX Application Thread] DEBUG GameWorld            - Clearing removable entities
02:28:13.599 [JavaFX Application Thread] DEBUG GameWorld            - Setting level: com.almasb.fxgl.entity.level.Level@54f4e62b
02:28:13.607 [JavaFX Application Thread] WARN  GameWorld            - Entity is already attached to world
02:28:32.527 [JavaFX Application Thread] WARN  GameWorld            - Entity is already attached to world
02:28:35.741 [JavaFX Application Thread] WARN  GameWorld            - Entity is already attached to world
02:28:39.454 [JavaFX Application Thread] WARN  GameWorld            - Entity is already attached to world
02:28:40.388 [JavaFX Application Thread] WARN  GameWorld            - Entity is already attached to world
02:28:41.288 [JavaFX Application Thread] WARN  GameWorld            - Entity is already attached to world
02:28:42.289 [JavaFX Application Thread] WARN  GameWorld            - Entity is already attached to world
02:28:43.637 [JavaFX Application Thread] WARN  GameWorld            - Entity is already attached to world
02:28:44.420 [JavaFX Application Thread] WARN  GameWorld            - Entity is already attached to world
02:28:44.642 [JavaFX Application Thread] WARN  TMXLevelLoader       - TiledMap generated from 1.10.2. Supported version: 1.2.3. Some features may not be parsed fully.
02:28:44.653 [JavaFX Application Thread] DEBUG TMXLevelLoader       - Parsed TiledMap: file:/Users/CHLaroche05/zelda/zeldaPuzzle/target/classes/assets/levels/mapFinal.tmx
02:28:44.653 [JavaFX Application Thread] DEBUG TMXLevelLoader       - Creating tile layer entities
02:28:44.653 [JavaFX Application Thread] DEBUG TilesetLoader        - Loading view for layer background
02:28:44.663 [JavaFX Application Thread] DEBUG TilesetLoader        - Created buffer with size 4800.0x4800.0
02:28:44.770 [JavaFX Application Thread] DEBUG TilesetLoader        - Loading view for layer devant
02:28:44.784 [JavaFX Application Thread] DEBUG TilesetLoader        - Created buffer with size 4800.0x4800.0
02:28:44.808 [JavaFX Application Thread] DEBUG TilesetLoader        - Loading view for layer devant1
02:28:44.820 [JavaFX Application Thread] DEBUG TilesetLoader        - Created buffer with size 4800.0x4800.0
02:28:44.831 [JavaFX Application Thread] DEBUG TMXLevelLoader       - Creating object layer entities
02:28:44.840 [JavaFX Application Thread] DEBUG GameWorld            - Clearing removable entities
02:28:44.843 [JavaFX Application Thread] DEBUG GameWorld            - Setting level: com.almasb.fxgl.entity.level.Level@5cb68474
02:28:44.849 [JavaFX Application Thread] WARN  GameWorld            - Entity is already attached to world
02:28:44.850 [JavaFX Application Thread] WARN  GameWorld            - Entity is already attached to world
02:29:27.619 [JavaFX Application Thread] DEBUG FXGLApplication      - Exiting FXGL
02:29:27.619 [JavaFX Application Thread] DEBUG LoopRunner           - Stopping loop
02:29:27.619 [JavaFX Application Thread] DEBUG SystemBundleService  - Saving FXGL system data
02:29:27.622 [JavaFX Application Thread] DEBUG FileSystemAccess     - Writing to: /Users/CHLaroche05/zelda/zeldaPuzzle/system/fxgl.bundle
02:29:27.624 [JavaFX Application Thread] DEBUG Async                - Shutting down background threads
02:29:27.624 [JavaFX Application Thread] DEBUG PrimaryStageWindow   - Closing main window
02:29:27.630 [JavaFX Application Thread] DEBUG Logger               - Closing Logger
