00:17:01.968 [main                     ] DEBUG Logger               - Configured Logger
00:17:01.984 [main                     ] DEBUG GameApplication      - Logging settings
Title: Zelda 2D Game
Version: 1
Width: 800
Height: 800
Fullscreen: true
Intro: false
Profiling: false
Single step:false
App Mode: DEVELOPER
Menu Key: ESCAPE
Stage Style: DECORATED
Scene Factory: class com.almasb.fxgl.app.scene.SceneFactory

00:17:02.110 [JavaFX Application Thread] DEBUG FXGLApplication      - Initializing FXGL
00:17:02.113 [JavaFX Application Thread] INFO  Engine               - FXGL-17 (31.12.2021 18.16) on WINDOWS (J:21.0.2 FX:19)
00:17:02.114 [JavaFX Application Thread] DEBUG Engine               - JRE Vendor Name: Oracle Corporation
00:17:02.114 [JavaFX Application Thread] DEBUG Engine               - Running on OS: Windows 10 version 10.0
00:17:02.114 [JavaFX Application Thread] DEBUG Engine               - Architecture: amd64
00:17:02.114 [JavaFX Application Thread] INFO  Engine               - Source code and latest versions at: https://github.com/AlmasB/FXGL
00:17:02.115 [JavaFX Application Thread] INFO  Engine               -       Ask questions and discuss at: https://github.com/AlmasB/FXGL/discussions
00:17:02.115 [JavaFX Application Thread] INFO  Engine               -              Join the FXGL chat at: https://gitter.im/AlmasB/FXGL
00:17:02.189 [JavaFX Application Thread] DEBUG PrimaryStageWindow   - Creating a JavaFX scene
00:17:02.239 [JavaFX Application Thread] DEBUG PrimaryStageWindow   - Target settings size: 800.0 x 800.0
00:17:02.239 [JavaFX Application Thread] DEBUG PrimaryStageWindow   - Scaled scene size:    800.0 x 800.0
00:17:02.240 [JavaFX Application Thread] DEBUG PrimaryStageWindow   - Scaled ratio: (1.0, 1.0)
00:17:02.241 [JavaFX Application Thread] DEBUG PrimaryStageWindow   - Set initial scene to FXGLStartupScene
00:17:02.245 [JavaFX Application Thread] DEBUG PrimaryStageWindow   - Opening main window
00:17:02.339 [JavaFX Application Thread] DEBUG PrimaryStageWindow   - Window border size: (16.0, 39.0)
00:17:02.340 [JavaFX Application Thread] DEBUG PrimaryStageWindow   - Scaled size: 800.0 x 800.0
00:17:02.340 [JavaFX Application Thread] DEBUG PrimaryStageWindow   - Scaled ratio: (1.0, 1.0)
00:17:02.341 [JavaFX Application Thread] DEBUG PrimaryStageWindow   - Scene size: 800.0 x 800.0
00:17:02.341 [JavaFX Application Thread] DEBUG PrimaryStageWindow   - Stage size: 816.0 x 839.0
00:17:02.348 [FXGL Background Thread 1 ] DEBUG Engine               - Initializing environment variables
00:17:02.402 [FXGL Background Thread 1 ] DEBUG FXGLAssetLoaderServi - User app class for loading assets: class com.example.zeldapuzzle.MainGameApp
00:17:02.403 [FXGL Background Thread 1 ] DEBUG GameApplicationServi - Applying CSS: fxgl_dark.css
00:17:02.403 [FXGL Background Thread 1 ] DEBUG FXGLAssetLoaderServi - Loading from file system: jar:file:///C:/Users/mbour/.m2/repository/com/github/almasb/fxgl/17/fxgl-17.jar!/fxglassets/ui/css/fxgl_dark.css
00:17:02.445 [FXGL Background Thread 1 ] DEBUG GameApplicationServi - Initializing application scenes
00:17:02.487 [FXGL Background Thread 1 ] DEBUG GameWorld            - Game world initialized
00:17:02.557 [FXGL Background Thread 1 ] DEBUG PhysicsWorld         - Physics world initialized: appHeight=800, physics.ppm=50,0
00:17:02.558 [FXGL Background Thread 1 ] DEBUG PhysicsWorld         - Using strategy: BRUTE_FORCE
00:17:02.562 [FXGL Background Thread 1 ] DEBUG GameScene            - Game scene initialized: 800x800
00:17:02.575 [FXGL Background Thread 1 ] DEBUG FXGL.DefaultMenu     - createMenuBodyMainMenu()
00:17:02.588 [FXGL Background Thread 1 ] DEBUG FXGL.DefaultMenu     - createOptionsMenu()
00:17:02.595 [FXGL Background Thread 1 ] DEBUG FXGLAssetLoaderServi - Loading from file system: jar:file:///C:/Users/mbour/.m2/repository/com/github/almasb/fxgl/17/fxgl-17.jar!/fxglassets/textures/particles/smoke.png
00:17:02.667 [FXGL Background Thread 1 ] DEBUG FXGLAssetLoaderServi - Loading from file system: jar:file:///C:/Users/mbour/.m2/repository/com/github/almasb/fxgl/17/fxgl-17.jar!/fxglassets/textures/particles/trace_horizontal.png
00:17:02.686 [FXGL Background Thread 1 ] DEBUG FXGL.DefaultMenu     - createMenuBodyGameMenu()
00:17:02.687 [FXGL Background Thread 1 ] DEBUG FXGL.DefaultMenu     - createOptionsMenu()
00:17:02.701 [FXGL Background Thread 1 ] DEBUG GameApplicationServi - Application scenes initialized
00:17:02.712 [FXGL Background Thread 1 ] DEBUG SystemBundleService  - Loading FXGL system data
00:17:02.716 [FXGL Background Thread 1 ] DEBUG FileSystemAccess     - Reading from: C:\Users\mbour\OneDrive\Bureau\Zelda TOTK WINRAR\zeldaPuzzle\system\fxgl.bundle
00:17:02.726 [FXGL Background Thread 1 ] DEBUG SystemBundleService  - Bundle FXGL: {}
00:17:02.726 [FXGL Background Thread 1 ] DEBUG UpdaterService       - Checking for updates
00:17:02.755 [FXGL Background Thread 4 ] DEBUG FXGLApplication      - Loading fonts
00:17:02.755 [FXGL Background Thread 1 ] DEBUG FXGLApplication      - Loading default localization
00:17:02.756 [FXGL Background Thread 4 ] DEBUG FXGLAssetLoaderServi - Loading from file system: jar:file:///C:/Users/mbour/.m2/repository/com/github/almasb/fxgl/17/fxgl-17.jar!/fxglassets/ui/fonts/VarelaRound-Regular.ttf
00:17:02.756 [FXGL Background Thread 1 ] DEBUG FXGLAssetLoaderServi - Loading from file system: jar:file:///C:/Users/mbour/.m2/repository/com/github/almasb/fxgl/17/fxgl-17.jar!/fxglassets/languages/english.lang
00:17:02.775 [FXGL Background Thread 1 ] INFO  FXGLApplication      - FXGL initialization took: 0,427 sec
00:17:02.790 [JavaFX Application Thread] DEBUG Input                - Registered new binding: getPosition - P
00:17:02.791 [JavaFX Application Thread] DEBUG Input                - Registered new binding: zoom+ - Up
00:17:02.791 [JavaFX Application Thread] DEBUG Input                - Registered new binding: zoom- - Down
00:17:02.791 [JavaFX Application Thread] DEBUG Input                - Registered new binding: resetZoom - 0
00:17:02.791 [JavaFX Application Thread] DEBUG Input                - Registered new binding: Move right - D
00:17:02.792 [JavaFX Application Thread] DEBUG Input                - Registered new binding: Move left - A
00:17:02.792 [JavaFX Application Thread] DEBUG Input                - Registered new binding: Move Up - W
00:17:02.792 [JavaFX Application Thread] DEBUG Input                - Registered new binding: Move Down - S
00:17:02.793 [JavaFX Application Thread] DEBUG FXGLAssetLoaderServi - Loading from file system: jar:file:///C:/Users/mbour/.m2/repository/com/github/almasb/fxgl/17/fxgl-17.jar!/fxglassets/textures/fxgl_icon.png
00:17:02.804 [FXGL Background Thread 4 ] DEBUG FXGLAssetLoaderServi - Loading from file system: jar:file:///C:/Users/mbour/.m2/repository/com/github/almasb/fxgl/17/fxgl-17.jar!/fxglassets/ui/fonts/Abel-Regular.ttf
00:17:02.807 [JavaFX Application Thread] DEBUG FXGLAssetLoaderServi - Loading from file system: jar:file:///C:/Users/mbour/.m2/repository/com/github/almasb/fxgl/17/fxgl-17.jar!/fxglassets/textures/fxgl_default_cursor.png
00:17:02.809 [JavaFX Application Thread] DEBUG Input                - Registered new binding: Screenshot - CTRL+8
00:17:02.810 [JavaFX Application Thread] DEBUG Input                - Registered new binding: Dev Options - 1
00:17:02.810 [JavaFX Application Thread] DEBUG Input                - Registered new binding: Dev Console - 2
00:17:02.811 [JavaFX Application Thread] DEBUG Input                - Registered new binding: System info dump - CTRL+9
00:17:02.811 [JavaFX Application Thread] DEBUG Input                - Registered new binding: Restart - CTRL+R
00:17:02.812 [JavaFX Application Thread] DEBUG Input                - Registered new binding: Toggle Debug Camera - CTRL+7
00:17:02.814 [FXGL Background Thread 4 ] DEBUG FXGLAssetLoaderServi - Loading from file system: jar:file:///C:/Users/mbour/.m2/repository/com/github/almasb/fxgl/17/fxgl-17.jar!/fxglassets/ui/fonts/TerminalLandMono-Regular.otf
00:17:02.816 [JavaFX Application Thread] DEBUG LoopRunner           - Starting loop
00:17:02.826 [FXGL Background Thread 4 ] DEBUG FXGLAssetLoaderServi - Loading from file system: jar:file:///C:/Users/mbour/.m2/repository/com/github/almasb/fxgl/17/fxgl-17.jar!/fxglassets/ui/fonts/Courier-Prime.ttf
00:17:02.831 [JavaFX Application Thread] DEBUG LoopRunner           - Initializing JavaFX AnimationTimerLoop
00:17:02.833 [JavaFX Application Thread] DEBUG Input                - Clearing active input actions
00:17:02.843 [JavaFX Application Thread] DEBUG GameApplicationServi - Removing overlay from FXGLStartupScene and adding to FXGLMainMenuDummyScene
00:17:02.849 [JavaFX Application Thread] DEBUG PrimaryStageWindow   - FXGLStartupScene -> FXGLMainMenuDummyScene
00:17:02.849 [JavaFX Application Thread] DEBUG PrimaryStageWindow   - Push state: FXGLDefaultMenu
00:17:02.852 [JavaFX Application Thread] DEBUG Input                - Clearing active input actions
00:17:02.859 [JavaFX Application Thread] DEBUG GameApplicationServi - Removing overlay from FXGLMainMenuDummyScene and adding to FXGLDefaultMenu
00:17:02.860 [JavaFX Application Thread] DEBUG PrimaryStageWindow   - FXGLMainMenuDummyScene -> FXGLDefaultMenu
00:17:03.079 [JavaFX Application Thread] DEBUG FXGLApplication      - Registering font factories with UI factory
00:17:03.194 [FXGL Background Thread 2 ] INFO  UpdaterService       - Your current version:  17
00:17:03.194 [FXGL Background Thread 2 ] INFO  UpdaterService       - Latest stable version: 21.1
00:17:03.997 [JavaFX Application Thread] DEBUG Menu                 - fireNewGame()
00:17:03.998 [JavaFX Application Thread] DEBUG GameApplicationServi - Starting new game
00:17:03.999 [JavaFX Application Thread] DEBUG PrimaryStageWindow   - Pop state: FXGLDefaultMenu
00:17:03.999 [JavaFX Application Thread] DEBUG Input                - Clearing active input actions
00:17:04.001 [JavaFX Application Thread] DEBUG GameApplicationServi - Removing overlay from FXGLDefaultMenu and adding to FXGLMainMenuDummyScene
00:17:04.003 [JavaFX Application Thread] DEBUG PrimaryStageWindow   - FXGLMainMenuDummyScene <- FXGLDefaultMenu
00:17:04.003 [JavaFX Application Thread] DEBUG Input                - Clearing active input actions
00:17:04.013 [JavaFX Application Thread] DEBUG GameApplicationServi - Removing overlay from FXGLMainMenuDummyScene and adding to FXGLLoadingScene
00:17:04.014 [JavaFX Application Thread] DEBUG PrimaryStageWindow   - FXGLMainMenuDummyScene -> FXGLLoadingScene
00:17:04.014 [JavaFX Application Thread] DEBUG GameApplicationServi - Clearing previous game
00:17:04.014 [JavaFX Application Thread] DEBUG GameScene            - Clearing game scene
00:17:04.014 [JavaFX Application Thread] DEBUG GameWorld            - Clearing game world
00:17:04.015 [JavaFX Application Thread] DEBUG PhysicsWorld         - Clearing physics world
00:17:04.017 [FXGL Background Thread 2 ] DEBUG FXGLApplication      - Initializing game
00:17:04.063 [FXGL Background Thread 2 ] WARN  TMXLevelLoader       - TiledMap generated from 1.10.2. Supported version: 1.2.3. Some features may not be parsed fully.
00:17:04.074 [FXGL Background Thread 2 ] DEBUG TMXLevelLoader       - Parsed TiledMap: file:/C:/Users/mbour/OneDrive/Bureau/Zelda%20TOTK%20WINRAR/zeldaPuzzle/target/classes/assets/levels/StartingMap.tmx
00:17:04.075 [FXGL Background Thread 2 ] DEBUG TMXLevelLoader       - Creating tile layer entities
00:17:04.077 [FXGL Background Thread 2 ] DEBUG TilesetLoader        - Loading view for layer Calque de Tuiles 1
00:17:04.083 [FXGL Background Thread 2 ] DEBUG TilesetLoader        - Created buffer with size 1920.0x1920.0
00:17:04.095 [FXGL Background Thread 2 ] DEBUG TilesetLoader        - Loading view for layer Calque de Tuiles 2
00:17:04.102 [FXGL Background Thread 2 ] DEBUG TilesetLoader        - Created buffer with size 1920.0x1920.0
00:17:04.112 [FXGL Background Thread 2 ] DEBUG TilesetLoader        - Loading view for layer Calque de Tuiles 3
00:17:04.125 [FXGL Background Thread 2 ] DEBUG TilesetLoader        - Created buffer with size 1920.0x1920.0
00:17:04.129 [FXGL Background Thread 2 ] DEBUG TMXLevelLoader       - Creating object layer entities
00:17:04.144 [FXGL Background Thread 2 ] DEBUG GameWorld            - Clearing removable entities
00:17:04.145 [FXGL Background Thread 2 ] DEBUG GameWorld            - Setting level: com.almasb.fxgl.entity.level.Level@49140dd0
00:17:04.154 [FXGL Background Thread 2 ] WARN  GameWorld            - Entity is already attached to world
00:17:04.221 [FXGL Background Thread 2 ] WARN  GameWorld            - Entity is already attached to world
00:17:04.222 [FXGL Background Thread 2 ] INFO  FXGLApplication      - Game initialization took: 0,205 sec
00:17:04.223 [JavaFX Application Thread] DEBUG Input                - Clearing active input actions
00:17:04.228 [JavaFX Application Thread] DEBUG GameApplicationServi - Removing overlay from FXGLLoadingScene and adding to GameScene
00:17:04.230 [JavaFX Application Thread] DEBUG PrimaryStageWindow   - FXGLLoadingScene -> GameScene
00:17:05.754 [FXGL Background Thread 3 ] DEBUG Engine               - Logging environment variables
00:17:05.754 [FXGL Background Thread 3 ] DEBUG Engine               - achievements: []
00:17:05.754 [FXGL Background Thread 3 ] DEBUG Engine               - actualHeight: 800.0
00:17:05.754 [FXGL Background Thread 3 ] DEBUG Engine               - actualHeightProperty: ReadOnlyDoubleProperty [value: 800.0]
00:17:05.754 [FXGL Background Thread 3 ] DEBUG Engine               - actualWidth: 800.0
00:17:05.754 [FXGL Background Thread 3 ] DEBUG Engine               - actualWidthProperty: ReadOnlyDoubleProperty [value: 800.0]
00:17:05.754 [FXGL Background Thread 3 ] DEBUG Engine               - appIcon: fxgl_icon.png
00:17:05.754 [FXGL Background Thread 3 ] DEBUG Engine               - applicationMode: DEVELOPER
00:17:05.755 [FXGL Background Thread 3 ] DEBUG Engine               - cSSList: [fxgl_dark.css]
00:17:05.755 [FXGL Background Thread 3 ] DEBUG Engine               - collisionDetectionStrategy: BRUTE_FORCE
00:17:05.755 [FXGL Background Thread 3 ] DEBUG Engine               - configClass: Optional.empty
00:17:05.755 [FXGL Background Thread 3 ] DEBUG Engine               - credits: []
00:17:05.755 [FXGL Background Thread 3 ] DEBUG Engine               - defaultCursor: CursorInfo(imageName=fxgl_default_cursor.png, hotspotX=7.0, hotspotY=6.0)
00:17:05.755 [FXGL Background Thread 3 ] DEBUG Engine               - devBBoxColorProperty: ObjectProperty [value: 0xff0000ff]
00:17:05.755 [FXGL Background Thread 3 ] DEBUG Engine               - devEnableDebugCameraProperty: BooleanProperty [value: false]
00:17:05.755 [FXGL Background Thread 3 ] DEBUG Engine               - devSensorColorProperty: ObjectProperty [value: 0xffff00ff]
00:17:05.756 [FXGL Background Thread 3 ] DEBUG Engine               - devShowBBoxProperty: BooleanProperty [value: false]
00:17:05.756 [FXGL Background Thread 3 ] DEBUG Engine               - devShowPositionProperty: BooleanProperty [value: false]
00:17:05.756 [FXGL Background Thread 3 ] DEBUG Engine               - enabledMenuItems: []
00:17:05.756 [FXGL Background Thread 3 ] DEBUG Engine               - engineServices: [class com.almasb.fxgl.app.services.FXGLAssetLoaderService, class com.almasb.fxgl.app.FXGLApplication$GameApplicationService, class com.almasb.fxgl.app.services.FXGLDialogService, class com.almasb.fxgl.app.services.IOTaskExecutorService, class com.almasb.fxgl.io.FileSystemService, class com.almasb.fxgl.localization.LocalizationService, class com.almasb.fxgl.app.services.SystemBundleService, class com.almasb.fxgl.profile.SaveLoadService, class com.almasb.fxgl.ui.FXGLUIFactoryServiceProvider, class com.almasb.fxgl.ui.FXGLDialogFactoryServiceProvider, class com.almasb.fxgl.audio.AudioPlayer, class com.almasb.fxgl.notification.impl.NotificationServiceProvider, class com.almasb.fxgl.achievement.AchievementService, class com.almasb.fxgl.cutscene.CutsceneService, class com.almasb.fxgl.minigames.MiniGameService, class com.almasb.fxgl.net.NetService, class com.almasb.fxgl.app.services.UpdaterService, class com.almasb.fxgl.dev.DevService]
00:17:05.756 [FXGL Background Thread 3 ] DEBUG Engine               - fontGame: Abel-Regular.ttf
00:17:05.756 [FXGL Background Thread 3 ] DEBUG Engine               - fontMono: TerminalLandMono-Regular.otf
00:17:05.756 [FXGL Background Thread 3 ] DEBUG Engine               - fontText: Courier-Prime.ttf
00:17:05.756 [FXGL Background Thread 3 ] DEBUG Engine               - fontUI: VarelaRound-Regular.ttf
00:17:05.756 [FXGL Background Thread 3 ] DEBUG Engine               - fullScreen: BooleanProperty [value: false]
00:17:05.756 [FXGL Background Thread 3 ] DEBUG Engine               - gameDifficulty: MEDIUM
00:17:05.756 [FXGL Background Thread 3 ] DEBUG Engine               - gameDifficultyProperty: ObjectProperty [value: MEDIUM]
00:17:05.756 [FXGL Background Thread 3 ] DEBUG Engine               - globalMusicVolume: 0.5
00:17:05.756 [FXGL Background Thread 3 ] DEBUG Engine               - globalMusicVolumeProperty: DoubleProperty [value: 0.5]
00:17:05.756 [FXGL Background Thread 3 ] DEBUG Engine               - globalSoundVolume: 0.5
00:17:05.756 [FXGL Background Thread 3 ] DEBUG Engine               - globalSoundVolumeProperty: DoubleProperty [value: 0.5]
00:17:05.756 [FXGL Background Thread 3 ] DEBUG Engine               - height: 800
00:17:05.756 [FXGL Background Thread 3 ] DEBUG Engine               - is3D: false
00:17:05.756 [FXGL Background Thread 3 ] DEBUG Engine               - isAndroid: false
00:17:05.757 [FXGL Background Thread 3 ] DEBUG Engine               - isBrowser: false
00:17:05.757 [FXGL Background Thread 3 ] DEBUG Engine               - isClickFeedbackEnabled: false
00:17:05.757 [FXGL Background Thread 3 ] DEBUG Engine               - isCloseConfirmation: false
00:17:05.757 [FXGL Background Thread 3 ] DEBUG Engine               - isDesktop: true
00:17:05.757 [FXGL Background Thread 3 ] DEBUG Engine               - isDeveloperMenuEnabled: true
00:17:05.757 [FXGL Background Thread 3 ] DEBUG Engine               - isEmbedded: false
00:17:05.757 [FXGL Background Thread 3 ] DEBUG Engine               - isEntityPreloadEnabled: true
00:17:05.757 [FXGL Background Thread 3 ] DEBUG Engine               - isExperimentalTiledLargeMap: false
00:17:05.757 [FXGL Background Thread 3 ] DEBUG Engine               - isFileSystemWriteAllowed: true
00:17:05.757 [FXGL Background Thread 3 ] DEBUG Engine               - isFullScreenAllowed: true
00:17:05.757 [FXGL Background Thread 3 ] DEBUG Engine               - isFullScreenFromStart: false
00:17:05.757 [FXGL Background Thread 3 ] DEBUG Engine               - isGameMenuEnabled: true
00:17:05.757 [FXGL Background Thread 3 ] DEBUG Engine               - isIOS: false
00:17:05.757 [FXGL Background Thread 3 ] DEBUG Engine               - isIntroEnabled: false
00:17:05.757 [FXGL Background Thread 3 ] DEBUG Engine               - isLinux: false
00:17:05.757 [FXGL Background Thread 3 ] DEBUG Engine               - isMac: false
00:17:05.757 [FXGL Background Thread 3 ] DEBUG Engine               - isMainMenuEnabled: true
00:17:05.757 [FXGL Background Thread 3 ] DEBUG Engine               - isManualResizeEnabled: false
00:17:05.757 [FXGL Background Thread 3 ] DEBUG Engine               - isMobile: false
00:17:05.757 [FXGL Background Thread 3 ] DEBUG Engine               - isNative: false
00:17:05.757 [FXGL Background Thread 3 ] DEBUG Engine               - isPauseMusicWhenMinimized: true
00:17:05.757 [FXGL Background Thread 3 ] DEBUG Engine               - isPreserveResizeRatio: false
00:17:05.757 [FXGL Background Thread 3 ] DEBUG Engine               - isProfilingEnabled: false
00:17:05.757 [FXGL Background Thread 3 ] DEBUG Engine               - isScaleAffectedOnResize: true
00:17:05.757 [FXGL Background Thread 3 ] DEBUG Engine               - isSingleStep: false
00:17:05.757 [FXGL Background Thread 3 ] DEBUG Engine               - isUserProfileEnabled: false
00:17:05.758 [FXGL Background Thread 3 ] DEBUG Engine               - isWindows: true
00:17:05.758 [FXGL Background Thread 3 ] DEBUG Engine               - language: ObjectProperty [value: ENGLISH]
00:17:05.758 [FXGL Background Thread 3 ] DEBUG Engine               - menuKey: ESCAPE
00:17:05.758 [FXGL Background Thread 3 ] DEBUG Engine               - mouseSensitivity: 0.2
00:17:05.758 [FXGL Background Thread 3 ] DEBUG Engine               - notificationViewClass: class com.almasb.fxgl.notification.view.XboxNotificationView
00:17:05.758 [FXGL Background Thread 3 ] DEBUG Engine               - pixelsPerMeter: 50.0
00:17:05.758 [FXGL Background Thread 3 ] DEBUG Engine               - platform: WINDOWS
00:17:05.758 [FXGL Background Thread 3 ] DEBUG Engine               - prefHeightProperty: ReadOnlyDoubleProperty [value: 800.0]
00:17:05.758 [FXGL Background Thread 3 ] DEBUG Engine               - prefWidthProperty: ReadOnlyDoubleProperty [value: 800.0]
00:17:05.758 [FXGL Background Thread 3 ] DEBUG Engine               - profileDir: profiles/
00:17:05.758 [FXGL Background Thread 3 ] DEBUG Engine               - profileName: StringProperty [value: DEFAULT]
00:17:05.758 [FXGL Background Thread 3 ] DEBUG Engine               - randomSeed: -1
00:17:05.758 [FXGL Background Thread 3 ] DEBUG Engine               - runtimeInfo: RuntimeInfo(platform=WINDOWS, version=17, build=31.12.2021 18.16)
00:17:05.758 [FXGL Background Thread 3 ] DEBUG Engine               - saveFileExt: sav
00:17:05.758 [FXGL Background Thread 3 ] DEBUG Engine               - scaledHeightProp$fxgl: DoubleProperty [bound, value: 800.0]
00:17:05.759 [FXGL Background Thread 3 ] DEBUG Engine               - scaledWidthProp$fxgl: DoubleProperty [bound, value: 800.0]
00:17:05.759 [FXGL Background Thread 3 ] DEBUG Engine               - sceneFactory: com.almasb.fxgl.app.scene.SceneFactory@62dac630
00:17:05.759 [FXGL Background Thread 3 ] DEBUG Engine               - secondsIn24h: 60
00:17:05.759 [FXGL Background Thread 3 ] DEBUG Engine               - soundMenuBack: menu/back.wav
00:17:05.759 [FXGL Background Thread 3 ] DEBUG Engine               - soundMenuPress: menu/press.wav
00:17:05.759 [FXGL Background Thread 3 ] DEBUG Engine               - soundMenuSelect: menu/select.wav
00:17:05.759 [FXGL Background Thread 3 ] DEBUG Engine               - soundNotification: core/notification.wav
00:17:05.759 [FXGL Background Thread 3 ] DEBUG Engine               - stageStyle: DECORATED
00:17:05.759 [FXGL Background Thread 3 ] DEBUG Engine               - supportedLanguages: [ENGLISH, FRENCH, GERMAN, HUNGARIAN, RUSSIAN]
00:17:05.759 [FXGL Background Thread 3 ] DEBUG Engine               - ticksPerSecond: -1
00:17:05.759 [FXGL Background Thread 3 ] DEBUG Engine               - title: Zelda 2D Game
00:17:05.759 [FXGL Background Thread 3 ] DEBUG Engine               - urlGithub: https://github.com/AlmasB/FXGL
00:17:05.759 [FXGL Background Thread 3 ] DEBUG Engine               - urlLeaderboard: http://fxgl-top.herokuapp.com/
00:17:05.759 [FXGL Background Thread 3 ] DEBUG Engine               - urlPOM: https://raw.githubusercontent.com/AlmasB/FXGL/release/README.md
00:17:05.759 [FXGL Background Thread 3 ] DEBUG Engine               - userAppClass: class com.example.zeldapuzzle.MainGameApp
00:17:05.759 [FXGL Background Thread 3 ] DEBUG Engine               - version: 1
00:17:05.759 [FXGL Background Thread 3 ] DEBUG Engine               - versionCheckDays: 7
00:17:05.759 [FXGL Background Thread 3 ] DEBUG Engine               - width: 800
00:17:05.759 [FXGL Background Thread 3 ] DEBUG Engine               - Logging services
00:17:05.759 [FXGL Background Thread 3 ] DEBUG Engine               - class com.almasb.fxgl.app.services.FXGLAssetLoaderService
00:17:05.759 [FXGL Background Thread 3 ] DEBUG Engine               - class com.almasb.fxgl.app.FXGLApplication$GameApplicationService
00:17:05.759 [FXGL Background Thread 3 ] DEBUG Engine               - class com.almasb.fxgl.app.services.FXGLDialogService
00:17:05.759 [FXGL Background Thread 3 ] DEBUG Engine               - class com.almasb.fxgl.app.services.IOTaskExecutorService
00:17:05.759 [FXGL Background Thread 3 ] DEBUG Engine               - class com.almasb.fxgl.io.FileSystemService
00:17:05.759 [FXGL Background Thread 3 ] DEBUG Engine               - class com.almasb.fxgl.localization.LocalizationService
00:17:05.760 [FXGL Background Thread 3 ] DEBUG Engine               - class com.almasb.fxgl.app.services.SystemBundleService
00:17:05.760 [FXGL Background Thread 3 ] DEBUG Engine               - class com.almasb.fxgl.profile.SaveLoadService
00:17:05.760 [FXGL Background Thread 3 ] DEBUG Engine               - class com.almasb.fxgl.ui.FXGLUIFactoryServiceProvider
00:17:05.760 [FXGL Background Thread 3 ] DEBUG Engine               - class com.almasb.fxgl.ui.FXGLDialogFactoryServiceProvider
00:17:05.760 [FXGL Background Thread 3 ] DEBUG Engine               - class com.almasb.fxgl.audio.AudioPlayer
00:17:05.760 [FXGL Background Thread 3 ] DEBUG Engine               - class com.almasb.fxgl.notification.impl.NotificationServiceProvider
00:17:05.760 [FXGL Background Thread 3 ] DEBUG Engine               - class com.almasb.fxgl.achievement.AchievementService
00:17:05.760 [FXGL Background Thread 3 ] DEBUG Engine               - class com.almasb.fxgl.cutscene.CutsceneService
00:17:05.760 [FXGL Background Thread 3 ] DEBUG Engine               - class com.almasb.fxgl.minigames.MiniGameService
00:17:05.760 [FXGL Background Thread 3 ] DEBUG Engine               - class com.almasb.fxgl.net.NetService
00:17:05.760 [FXGL Background Thread 3 ] DEBUG Engine               - class com.almasb.fxgl.app.services.UpdaterService
00:17:05.760 [FXGL Background Thread 3 ] DEBUG Engine               - class com.almasb.fxgl.dev.DevService
00:17:05.967 [JavaFX Application Thread] WARN  TMXLevelLoader       - TiledMap generated from 1.10.2. Supported version: 1.2.3. Some features may not be parsed fully.
00:17:05.980 [JavaFX Application Thread] DEBUG TMXLevelLoader       - Parsed TiledMap: file:/C:/Users/mbour/OneDrive/Bureau/Zelda%20TOTK%20WINRAR/zeldaPuzzle/target/classes/assets/levels/donjonPasFini.tmx
00:17:05.980 [JavaFX Application Thread] DEBUG TMXLevelLoader       - Creating tile layer entities
00:17:05.980 [JavaFX Application Thread] DEBUG TilesetLoader        - Loading view for layer Calque de Tuiles 2
00:17:05.985 [JavaFX Application Thread] DEBUG TilesetLoader        - Created buffer with size 3200.0x960.0
00:17:06.020 [JavaFX Application Thread] WARN  TilesetLoader        - Diagonally flipped tiles are not currently supported
00:17:06.021 [JavaFX Application Thread] WARN  TilesetLoader        - Diagonally flipped tiles are not currently supported
00:17:06.021 [JavaFX Application Thread] WARN  TilesetLoader        - Diagonally flipped tiles are not currently supported
00:17:06.022 [JavaFX Application Thread] WARN  TilesetLoader        - Diagonally flipped tiles are not currently supported
00:17:06.022 [JavaFX Application Thread] WARN  TilesetLoader        - Diagonally flipped tiles are not currently supported
00:17:06.022 [JavaFX Application Thread] WARN  TilesetLoader        - Diagonally flipped tiles are not currently supported
00:17:06.022 [JavaFX Application Thread] WARN  TilesetLoader        - Diagonally flipped tiles are not currently supported
00:17:06.023 [JavaFX Application Thread] WARN  TilesetLoader        - Diagonally flipped tiles are not currently supported
00:17:06.023 [JavaFX Application Thread] WARN  TilesetLoader        - Diagonally flipped tiles are not currently supported
00:17:06.023 [JavaFX Application Thread] WARN  TilesetLoader        - Diagonally flipped tiles are not currently supported
00:17:06.024 [JavaFX Application Thread] DEBUG TilesetLoader        - Loading view for layer background
00:17:06.028 [JavaFX Application Thread] DEBUG TilesetLoader        - Created buffer with size 3200.0x960.0
00:17:06.033 [JavaFX Application Thread] DEBUG TilesetLoader        - Loading view for layer Calque de Tuiles 3
00:17:06.038 [JavaFX Application Thread] DEBUG TilesetLoader        - Created buffer with size 3200.0x960.0
00:17:06.040 [JavaFX Application Thread] DEBUG TilesetLoader        - Loading view for layer Calque de Tuiles 1
00:17:06.043 [JavaFX Application Thread] DEBUG TilesetLoader        - Created buffer with size 3200.0x960.0
00:17:06.044 [JavaFX Application Thread] DEBUG TMXLevelLoader       - Creating object layer entities
00:17:06.049 [JavaFX Application Thread] DEBUG GameWorld            - Clearing removable entities
00:17:06.053 [JavaFX Application Thread] DEBUG GameWorld            - Setting level: com.almasb.fxgl.entity.level.Level@330e8eed
00:17:06.106 [JavaFX Application Thread] WARN  GameWorld            - Entity is already attached to world
00:17:10.903 [JavaFX Application Thread] DEBUG FXGLApplication      - Exiting FXGL
00:17:10.903 [JavaFX Application Thread] DEBUG LoopRunner           - Stopping loop
00:17:10.903 [JavaFX Application Thread] DEBUG SystemBundleService  - Saving FXGL system data
00:17:10.905 [JavaFX Application Thread] DEBUG FileSystemAccess     - Writing to: C:\Users\mbour\OneDrive\Bureau\Zelda TOTK WINRAR\zeldaPuzzle\system\fxgl.bundle
00:17:10.907 [JavaFX Application Thread] DEBUG Async                - Shutting down background threads
00:17:10.907 [JavaFX Application Thread] DEBUG PrimaryStageWindow   - Closing main window
00:17:10.918 [JavaFX Application Thread] DEBUG Logger               - Closing Logger
