18:39:29.937 [main                     ] DEBUG Logger               - Configured Logger
18:39:29.950 [main                     ] DEBUG GameApplication      - Logging settings
Title: Zelda 2D Game par ماستن
Version: 1
Width: 800
Height: 800
Fullscreen: true
Intro: false
Profiling: false
Single step:false
App Mode: DEVELOPER
Menu Key: ESCAPE
Stage Style: DECORATED
Scene Factory: class com.almasb.fxgl.app.scene.SceneFactory

18:39:30.078 [JavaFX Application Thread] DEBUG FXGLApplication      - Initializing FXGL
18:39:30.082 [JavaFX Application Thread] INFO  Engine               - FXGL-17 (31.12.2021 18.16) on WINDOWS (J:21.0.2 FX:19)
18:39:30.082 [JavaFX Application Thread] DEBUG Engine               - JRE Vendor Name: Oracle Corporation
18:39:30.082 [JavaFX Application Thread] DEBUG Engine               - Running on OS: Windows 10 version 10.0
18:39:30.082 [JavaFX Application Thread] DEBUG Engine               - Architecture: amd64
18:39:30.082 [JavaFX Application Thread] INFO  Engine               - Source code and latest versions at: https://github.com/AlmasB/FXGL
18:39:30.082 [JavaFX Application Thread] INFO  Engine               -       Ask questions and discuss at: https://github.com/AlmasB/FXGL/discussions
18:39:30.083 [JavaFX Application Thread] INFO  Engine               -              Join the FXGL chat at: https://gitter.im/AlmasB/FXGL
18:39:30.148 [JavaFX Application Thread] DEBUG PrimaryStageWindow   - Creating a JavaFX scene
18:39:30.192 [JavaFX Application Thread] DEBUG PrimaryStageWindow   - Target settings size: 800.0 x 800.0
18:39:30.192 [JavaFX Application Thread] DEBUG PrimaryStageWindow   - Scaled scene size:    800.0 x 800.0
18:39:30.192 [JavaFX Application Thread] DEBUG PrimaryStageWindow   - Scaled ratio: (1.0, 1.0)
18:39:30.193 [JavaFX Application Thread] DEBUG PrimaryStageWindow   - Set initial scene to FXGLStartupScene
18:39:30.198 [JavaFX Application Thread] DEBUG PrimaryStageWindow   - Opening main window
18:39:30.279 [JavaFX Application Thread] DEBUG PrimaryStageWindow   - Window border size: (16.0, 39.0)
18:39:30.279 [JavaFX Application Thread] DEBUG PrimaryStageWindow   - Scaled size: 800.0 x 800.0
18:39:30.279 [JavaFX Application Thread] DEBUG PrimaryStageWindow   - Scaled ratio: (1.0, 1.0)
18:39:30.279 [JavaFX Application Thread] DEBUG PrimaryStageWindow   - Scene size: 800.0 x 800.0
18:39:30.280 [JavaFX Application Thread] DEBUG PrimaryStageWindow   - Stage size: 816.0 x 839.0
18:39:30.287 [FXGL Background Thread 1 ] DEBUG Engine               - Initializing environment variables
18:39:30.334 [FXGL Background Thread 1 ] DEBUG FXGLAssetLoaderServi - User app class for loading assets: class com.example.zeldapuzzle.MainGameApp
18:39:30.334 [FXGL Background Thread 1 ] DEBUG GameApplicationServi - Applying CSS: fxgl_dark.css
18:39:30.335 [FXGL Background Thread 1 ] DEBUG FXGLAssetLoaderServi - Loading from file system: jar:file:///C:/Users/mbour/.m2/repository/com/github/almasb/fxgl/17/fxgl-17.jar!/fxglassets/ui/css/fxgl_dark.css
18:39:30.372 [FXGL Background Thread 1 ] DEBUG GameApplicationServi - Initializing application scenes
18:39:30.404 [FXGL Background Thread 1 ] DEBUG GameWorld            - Game world initialized
18:39:30.457 [FXGL Background Thread 1 ] DEBUG PhysicsWorld         - Physics world initialized: appHeight=800, physics.ppm=50,0
18:39:30.458 [FXGL Background Thread 1 ] DEBUG PhysicsWorld         - Using strategy: BRUTE_FORCE
18:39:30.461 [FXGL Background Thread 1 ] DEBUG GameScene            - Game scene initialized: 800x800
18:39:30.471 [FXGL Background Thread 1 ] DEBUG FXGL.DefaultMenu     - createMenuBodyMainMenu()
18:39:30.483 [FXGL Background Thread 1 ] DEBUG FXGL.DefaultMenu     - createOptionsMenu()
18:39:30.491 [FXGL Background Thread 1 ] DEBUG FXGLAssetLoaderServi - Loading from file system: jar:file:///C:/Users/mbour/.m2/repository/com/github/almasb/fxgl/17/fxgl-17.jar!/fxglassets/textures/particles/smoke.png
18:39:30.562 [FXGL Background Thread 1 ] DEBUG FXGLAssetLoaderServi - Loading from file system: jar:file:///C:/Users/mbour/.m2/repository/com/github/almasb/fxgl/17/fxgl-17.jar!/fxglassets/textures/particles/trace_horizontal.png
18:39:30.578 [FXGL Background Thread 1 ] DEBUG FXGL.DefaultMenu     - createMenuBodyGameMenu()
18:39:30.579 [FXGL Background Thread 1 ] DEBUG FXGL.DefaultMenu     - createOptionsMenu()
18:39:30.593 [FXGL Background Thread 1 ] DEBUG GameApplicationServi - Application scenes initialized
18:39:30.603 [FXGL Background Thread 1 ] DEBUG SystemBundleService  - Loading FXGL system data
18:39:30.607 [FXGL Background Thread 1 ] DEBUG FileSystemAccess     - Reading from: C:\Users\mbour\OneDrive\Bureau\Zelda TOTK WINRAR\zeldaPuzzle\system\fxgl.bundle
18:39:30.616 [FXGL Background Thread 1 ] DEBUG SystemBundleService  - Bundle FXGL: {}
18:39:30.617 [FXGL Background Thread 1 ] DEBUG UpdaterService       - Checking for updates
18:39:30.638 [FXGL Background Thread 4 ] DEBUG FXGLApplication      - Loading fonts
18:39:30.639 [FXGL Background Thread 1 ] DEBUG FXGLApplication      - Loading default localization
18:39:30.639 [FXGL Background Thread 4 ] DEBUG FXGLAssetLoaderServi - Loading from file system: jar:file:///C:/Users/mbour/.m2/repository/com/github/almasb/fxgl/17/fxgl-17.jar!/fxglassets/ui/fonts/VarelaRound-Regular.ttf
18:39:30.639 [FXGL Background Thread 1 ] DEBUG FXGLAssetLoaderServi - Loading from file system: jar:file:///C:/Users/mbour/.m2/repository/com/github/almasb/fxgl/17/fxgl-17.jar!/fxglassets/languages/english.lang
18:39:30.654 [FXGL Background Thread 1 ] INFO  FXGLApplication      - FXGL initialization took: 0,367 sec
18:39:30.667 [JavaFX Application Thread] DEBUG Input                - Registered new binding: inventaire - Tab
18:39:30.667 [JavaFX Application Thread] DEBUG Input                - Registered new binding: getPosition - P
18:39:30.667 [JavaFX Application Thread] DEBUG Input                - Registered new binding: zoom+ - Up
18:39:30.668 [JavaFX Application Thread] DEBUG Input                - Registered new binding: zoom- - Down
18:39:30.668 [JavaFX Application Thread] DEBUG Input                - Registered new binding: resetZoom - 0
18:39:30.668 [JavaFX Application Thread] DEBUG Input                - Registered new binding: Move right - D
18:39:30.668 [JavaFX Application Thread] DEBUG Input                - Registered new binding: Move left - A
18:39:30.668 [JavaFX Application Thread] DEBUG Input                - Registered new binding: Move Up - W
18:39:30.669 [JavaFX Application Thread] DEBUG Input                - Registered new binding: Move Down - S
18:39:30.669 [JavaFX Application Thread] DEBUG FXGLAssetLoaderServi - Loading from file system: jar:file:///C:/Users/mbour/.m2/repository/com/github/almasb/fxgl/17/fxgl-17.jar!/fxglassets/textures/fxgl_icon.png
18:39:30.682 [JavaFX Application Thread] DEBUG FXGLAssetLoaderServi - Loading from file system: jar:file:///C:/Users/mbour/.m2/repository/com/github/almasb/fxgl/17/fxgl-17.jar!/fxglassets/textures/fxgl_default_cursor.png
18:39:30.682 [FXGL Background Thread 4 ] DEBUG FXGLAssetLoaderServi - Loading from file system: jar:file:///C:/Users/mbour/.m2/repository/com/github/almasb/fxgl/17/fxgl-17.jar!/fxglassets/ui/fonts/Abel-Regular.ttf
18:39:30.684 [JavaFX Application Thread] DEBUG Input                - Registered new binding: Screenshot - CTRL+8
18:39:30.684 [JavaFX Application Thread] DEBUG Input                - Registered new binding: Dev Options - 1
18:39:30.685 [JavaFX Application Thread] DEBUG Input                - Registered new binding: Dev Console - 2
18:39:30.685 [JavaFX Application Thread] DEBUG Input                - Registered new binding: System info dump - CTRL+9
18:39:30.685 [JavaFX Application Thread] DEBUG Input                - Registered new binding: Restart - CTRL+R
18:39:30.686 [JavaFX Application Thread] DEBUG Input                - Registered new binding: Toggle Debug Camera - CTRL+7
18:39:30.689 [JavaFX Application Thread] DEBUG LoopRunner           - Starting loop
18:39:30.693 [FXGL Background Thread 4 ] DEBUG FXGLAssetLoaderServi - Loading from file system: jar:file:///C:/Users/mbour/.m2/repository/com/github/almasb/fxgl/17/fxgl-17.jar!/fxglassets/ui/fonts/TerminalLandMono-Regular.otf
18:39:30.703 [JavaFX Application Thread] DEBUG LoopRunner           - Initializing JavaFX AnimationTimerLoop
18:39:30.706 [JavaFX Application Thread] DEBUG Input                - Clearing active input actions
18:39:30.713 [FXGL Background Thread 4 ] DEBUG FXGLAssetLoaderServi - Loading from file system: jar:file:///C:/Users/mbour/.m2/repository/com/github/almasb/fxgl/17/fxgl-17.jar!/fxglassets/ui/fonts/Courier-Prime.ttf
18:39:30.714 [JavaFX Application Thread] DEBUG GameApplicationServi - Removing overlay from FXGLStartupScene and adding to FXGLMainMenuDummyScene
18:39:30.718 [JavaFX Application Thread] DEBUG PrimaryStageWindow   - FXGLStartupScene -> FXGLMainMenuDummyScene
18:39:30.718 [JavaFX Application Thread] DEBUG PrimaryStageWindow   - Push state: FXGLDefaultMenu
18:39:30.720 [JavaFX Application Thread] DEBUG Input                - Clearing active input actions
18:39:30.728 [JavaFX Application Thread] DEBUG GameApplicationServi - Removing overlay from FXGLMainMenuDummyScene and adding to FXGLDefaultMenu
18:39:30.729 [JavaFX Application Thread] DEBUG PrimaryStageWindow   - FXGLMainMenuDummyScene -> FXGLDefaultMenu
18:39:30.960 [JavaFX Application Thread] DEBUG FXGLApplication      - Registering font factories with UI factory
18:39:31.084 [FXGL Background Thread 2 ] INFO  UpdaterService       - Your current version:  17
18:39:31.084 [FXGL Background Thread 2 ] INFO  UpdaterService       - Latest stable version: 21.1
18:39:32.304 [JavaFX Application Thread] DEBUG FXGLApplication      - Exiting FXGL
18:39:32.304 [JavaFX Application Thread] DEBUG LoopRunner           - Stopping loop
18:39:32.305 [JavaFX Application Thread] DEBUG SystemBundleService  - Saving FXGL system data
18:39:32.308 [JavaFX Application Thread] DEBUG FileSystemAccess     - Writing to: C:\Users\mbour\OneDrive\Bureau\Zelda TOTK WINRAR\zeldaPuzzle\system\fxgl.bundle
18:39:32.315 [JavaFX Application Thread] DEBUG Async                - Shutting down background threads
18:39:32.315 [JavaFX Application Thread] DEBUG PrimaryStageWindow   - Closing main window
18:39:32.327 [JavaFX Application Thread] DEBUG Logger               - Closing Logger
