23:30:07.871 [main                     ] DEBUG Logger               - Configured Logger
23:30:07.889 [main                     ] DEBUG GameApplication      - Logging settings
Title: Zelda 2D Game
Version: 1
Width: 800
Height: 800
Fullscreen: true
Intro: false
Profiling: false
Single step:false
App Mode: DEVELOPER
Menu Key: ESCAPE
Stage Style: DECORATED
Scene Factory: class com.almasb.fxgl.app.scene.SceneFactory

23:30:08.098 [JavaFX Application Thread] DEBUG FXGLApplication      - Initializing FXGL
23:30:08.103 [JavaFX Application Thread] INFO  Engine               - FXGL-17 (31.12.2021 18.16) on MAC (J:19.0.1 FX:19)
23:30:08.104 [JavaFX Application Thread] DEBUG Engine               - JRE Vendor Name: Oracle Corporation
23:30:08.104 [JavaFX Application Thread] DEBUG Engine               - Running on OS: Mac OS X version 12.5
23:30:08.104 [JavaFX Application Thread] DEBUG Engine               - Architecture: aarch64
23:30:08.104 [JavaFX Application Thread] INFO  Engine               - Source code and latest versions at: https://github.com/AlmasB/FXGL
23:30:08.105 [JavaFX Application Thread] INFO  Engine               -       Ask questions and discuss at: https://github.com/AlmasB/FXGL/discussions
23:30:08.105 [JavaFX Application Thread] INFO  Engine               -              Join the FXGL chat at: https://gitter.im/AlmasB/FXGL
23:30:08.181 [JavaFX Application Thread] DEBUG PrimaryStageWindow   - Creating a JavaFX scene
23:30:08.224 [JavaFX Application Thread] DEBUG PrimaryStageWindow   - Target settings size: 800.0 x 800.0
23:30:08.225 [JavaFX Application Thread] DEBUG PrimaryStageWindow   - Scaled scene size:    800.0 x 800.0
23:30:08.225 [JavaFX Application Thread] DEBUG PrimaryStageWindow   - Scaled ratio: (1.0, 1.0)
23:30:08.226 [JavaFX Application Thread] DEBUG PrimaryStageWindow   - Set initial scene to FXGLStartupScene
23:30:08.230 [JavaFX Application Thread] DEBUG PrimaryStageWindow   - Opening main window
23:30:08.344 [JavaFX Application Thread] DEBUG PrimaryStageWindow   - Window border size: (0.0, 28.0)
23:30:08.344 [JavaFX Application Thread] DEBUG PrimaryStageWindow   - Scaled size: 800.0 x 800.0
23:30:08.345 [JavaFX Application Thread] DEBUG PrimaryStageWindow   - Scaled ratio: (1.0, 1.0)
23:30:08.345 [JavaFX Application Thread] DEBUG PrimaryStageWindow   - Scene size: 800.0 x 800.0
23:30:08.345 [JavaFX Application Thread] DEBUG PrimaryStageWindow   - Stage size: 800.0 x 828.0
23:30:08.351 [FXGL Background Thread 1 ] DEBUG Engine               - Initializing environment variables
23:30:08.405 [FXGL Background Thread 1 ] DEBUG FXGLAssetLoaderServi - User app class for loading assets: class com.example.zeldapuzzle.MainGameApp
23:30:08.405 [FXGL Background Thread 1 ] DEBUG GameApplicationServi - Applying CSS: fxgl_dark.css
23:30:08.406 [FXGL Background Thread 1 ] DEBUG FXGLAssetLoaderServi - Loading from file system: jar:file:///Users/CHLaroche05/.m2/repository/com/github/almasb/fxgl/17/fxgl-17.jar!/fxglassets/ui/css/fxgl_dark.css
23:30:08.461 [FXGL Background Thread 1 ] DEBUG GameApplicationServi - Initializing application scenes
23:30:08.633 [FXGL Background Thread 1 ] DEBUG GameWorld            - Game world initialized
23:30:08.718 [FXGL Background Thread 1 ] DEBUG PhysicsWorld         - Physics world initialized: appHeight=800, physics.ppm=50.0
23:30:08.718 [FXGL Background Thread 1 ] DEBUG PhysicsWorld         - Using strategy: BRUTE_FORCE
23:30:08.722 [FXGL Background Thread 1 ] DEBUG GameScene            - Game scene initialized: 800x800
23:30:08.743 [FXGL Background Thread 1 ] DEBUG FXGL.DefaultMenu     - createMenuBodyMainMenu()
23:30:08.765 [FXGL Background Thread 1 ] DEBUG FXGL.DefaultMenu     - createOptionsMenu()
23:30:08.782 [FXGL Background Thread 1 ] DEBUG FXGLAssetLoaderServi - Loading from file system: jar:file:///Users/CHLaroche05/.m2/repository/com/github/almasb/fxgl/17/fxgl-17.jar!/fxglassets/textures/particles/smoke.png
23:30:08.971 [FXGL Background Thread 1 ] DEBUG FXGLAssetLoaderServi - Loading from file system: jar:file:///Users/CHLaroche05/.m2/repository/com/github/almasb/fxgl/17/fxgl-17.jar!/fxglassets/textures/particles/trace_horizontal.png
23:30:09.013 [FXGL Background Thread 1 ] DEBUG FXGL.DefaultMenu     - createMenuBodyGameMenu()
23:30:09.015 [FXGL Background Thread 1 ] DEBUG FXGL.DefaultMenu     - createOptionsMenu()
23:30:09.069 [FXGL Background Thread 1 ] DEBUG GameApplicationServi - Application scenes initialized
23:30:09.088 [FXGL Background Thread 1 ] DEBUG SystemBundleService  - Loading FXGL system data
23:30:09.093 [FXGL Background Thread 1 ] DEBUG FileSystemAccess     - Reading from: /Users/CHLaroche05/zelda/zeldaPuzzle/system/fxgl.bundle
23:30:09.108 [FXGL Background Thread 1 ] DEBUG SystemBundleService  - Bundle FXGL: {}
23:30:09.108 [FXGL Background Thread 1 ] DEBUG UpdaterService       - Checking for updates
23:30:09.226 [FXGL Background Thread 4 ] DEBUG FXGLApplication      - Loading fonts
23:30:09.226 [FXGL Background Thread 4 ] DEBUG FXGLAssetLoaderServi - Loading from file system: jar:file:///Users/CHLaroche05/.m2/repository/com/github/almasb/fxgl/17/fxgl-17.jar!/fxglassets/ui/fonts/VarelaRound-Regular.ttf
23:30:09.230 [FXGL Background Thread 1 ] DEBUG FXGLApplication      - Loading default localization
23:30:09.231 [FXGL Background Thread 1 ] DEBUG FXGLAssetLoaderServi - Loading from file system: jar:file:///Users/CHLaroche05/.m2/repository/com/github/almasb/fxgl/17/fxgl-17.jar!/fxglassets/languages/english.lang
23:30:09.238 [FXGL Background Thread 4 ] DEBUG FXGLAssetLoaderServi - Loading from file system: jar:file:///Users/CHLaroche05/.m2/repository/com/github/almasb/fxgl/17/fxgl-17.jar!/fxglassets/ui/fonts/Abel-Regular.ttf
23:30:09.241 [FXGL Background Thread 4 ] DEBUG FXGLAssetLoaderServi - Loading from file system: jar:file:///Users/CHLaroche05/.m2/repository/com/github/almasb/fxgl/17/fxgl-17.jar!/fxglassets/ui/fonts/TerminalLandMono-Regular.otf
23:30:09.245 [FXGL Background Thread 4 ] DEBUG FXGLAssetLoaderServi - Loading from file system: jar:file:///Users/CHLaroche05/.m2/repository/com/github/almasb/fxgl/17/fxgl-17.jar!/fxglassets/ui/fonts/Courier-Prime.ttf
23:30:09.251 [JavaFX Application Thread] DEBUG FXGLApplication      - Registering font factories with UI factory
23:30:09.254 [FXGL Background Thread 1 ] INFO  FXGLApplication      - FXGL initialization took: 0.904 sec
23:30:09.267 [JavaFX Application Thread] DEBUG Input                - Registered new binding: inventaire - Tab
23:30:09.267 [JavaFX Application Thread] DEBUG Input                - Registered new binding: getPosition - P
23:30:09.267 [JavaFX Application Thread] DEBUG Input                - Registered new binding: zoom+ - Up
23:30:09.267 [JavaFX Application Thread] DEBUG Input                - Registered new binding: zoom- - Down
23:30:09.267 [JavaFX Application Thread] DEBUG Input                - Registered new binding: resetZoom - 0
23:30:09.268 [JavaFX Application Thread] DEBUG Input                - Registered new binding: Move right - D
23:30:09.268 [JavaFX Application Thread] DEBUG Input                - Registered new binding: Move left - A
23:30:09.268 [JavaFX Application Thread] DEBUG Input                - Registered new binding: Move Up - W
23:30:09.268 [JavaFX Application Thread] DEBUG Input                - Registered new binding: Move Down - S
23:30:09.268 [JavaFX Application Thread] DEBUG Input                - Registered new binding: Jump - Space
23:30:09.268 [JavaFX Application Thread] DEBUG FXGLAssetLoaderServi - Loading from file system: jar:file:///Users/CHLaroche05/.m2/repository/com/github/almasb/fxgl/17/fxgl-17.jar!/fxglassets/textures/fxgl_icon.png
23:30:09.295 [JavaFX Application Thread] DEBUG FXGLAssetLoaderServi - Loading from file system: jar:file:///Users/CHLaroche05/.m2/repository/com/github/almasb/fxgl/17/fxgl-17.jar!/fxglassets/textures/fxgl_default_cursor.png
23:30:09.297 [JavaFX Application Thread] DEBUG Input                - Registered new binding: Screenshot - CTRL+8
23:30:09.298 [JavaFX Application Thread] DEBUG Input                - Registered new binding: Dev Options - 1
23:30:09.298 [JavaFX Application Thread] DEBUG Input                - Registered new binding: Dev Console - 2
23:30:09.298 [JavaFX Application Thread] DEBUG Input                - Registered new binding: System info dump - CTRL+9
23:30:09.299 [JavaFX Application Thread] DEBUG Input                - Registered new binding: Restart - CTRL+R
23:30:09.299 [JavaFX Application Thread] DEBUG Input                - Registered new binding: Toggle Debug Camera - CTRL+7
23:30:09.301 [JavaFX Application Thread] DEBUG LoopRunner           - Starting loop
23:30:09.324 [JavaFX Application Thread] DEBUG LoopRunner           - Initializing JavaFX AnimationTimerLoop
23:30:09.328 [JavaFX Application Thread] DEBUG Input                - Clearing active input actions
23:30:09.337 [JavaFX Application Thread] DEBUG GameApplicationServi - Removing overlay from FXGLStartupScene and adding to FXGLMainMenuDummyScene
23:30:09.341 [JavaFX Application Thread] DEBUG PrimaryStageWindow   - FXGLStartupScene -> FXGLMainMenuDummyScene
23:30:09.341 [JavaFX Application Thread] DEBUG PrimaryStageWindow   - Push state: FXGLDefaultMenu
23:30:09.343 [JavaFX Application Thread] DEBUG Input                - Clearing active input actions
23:30:09.386 [JavaFX Application Thread] DEBUG GameApplicationServi - Removing overlay from FXGLMainMenuDummyScene and adding to FXGLDefaultMenu
23:30:09.386 [JavaFX Application Thread] DEBUG PrimaryStageWindow   - FXGLMainMenuDummyScene -> FXGLDefaultMenu
23:30:09.705 [FXGL Background Thread 2 ] INFO  UpdaterService       - Your current version:  17
23:30:09.705 [FXGL Background Thread 2 ] INFO  UpdaterService       - Latest stable version: 21.1
23:30:10.393 [JavaFX Application Thread] DEBUG Menu                 - fireNewGame()
23:30:10.394 [JavaFX Application Thread] DEBUG GameApplicationServi - Starting new game
23:30:10.395 [JavaFX Application Thread] DEBUG PrimaryStageWindow   - Pop state: FXGLDefaultMenu
23:30:10.395 [JavaFX Application Thread] DEBUG Input                - Clearing active input actions
23:30:10.396 [JavaFX Application Thread] DEBUG GameApplicationServi - Removing overlay from FXGLDefaultMenu and adding to FXGLMainMenuDummyScene
23:30:10.397 [JavaFX Application Thread] DEBUG PrimaryStageWindow   - FXGLMainMenuDummyScene <- FXGLDefaultMenu
23:30:10.398 [JavaFX Application Thread] DEBUG Input                - Clearing active input actions
23:30:10.406 [JavaFX Application Thread] DEBUG GameApplicationServi - Removing overlay from FXGLMainMenuDummyScene and adding to FXGLLoadingScene
23:30:10.407 [JavaFX Application Thread] DEBUG PrimaryStageWindow   - FXGLMainMenuDummyScene -> FXGLLoadingScene
23:30:10.407 [JavaFX Application Thread] DEBUG GameApplicationServi - Clearing previous game
23:30:10.407 [JavaFX Application Thread] DEBUG GameScene            - Clearing game scene
23:30:10.407 [JavaFX Application Thread] DEBUG GameWorld            - Clearing game world
23:30:10.407 [JavaFX Application Thread] DEBUG PhysicsWorld         - Clearing physics world
23:30:10.408 [FXGL Background Thread 2 ] DEBUG FXGLApplication      - Initializing game
23:30:10.450 [FXGL Background Thread 2 ] WARN  TMXLevelLoader       - TiledMap generated from 1.10.2. Supported version: 1.2.3. Some features may not be parsed fully.
23:30:10.532 [FXGL Background Thread 2 ] DEBUG TMXLevelLoader       - Parsed TiledMap: file:/Users/CHLaroche05/zelda/zeldaPuzzle/target/classes/assets/levels/mapFinal.tmx
23:30:10.535 [FXGL Background Thread 2 ] DEBUG TMXLevelLoader       - Creating tile layer entities
23:30:10.538 [FXGL Background Thread 2 ] DEBUG TilesetLoader        - Loading view for layer background
23:30:10.555 [FXGL Background Thread 2 ] DEBUG TilesetLoader        - Created buffer with size 4800.0x4800.0
23:30:10.788 [FXGL Background Thread 2 ] DEBUG TilesetLoader        - Loading view for layer devant
23:30:10.805 [FXGL Background Thread 2 ] DEBUG TilesetLoader        - Created buffer with size 4800.0x4800.0
23:30:10.849 [FXGL Background Thread 2 ] DEBUG TilesetLoader        - Loading view for layer devant1
23:30:10.864 [FXGL Background Thread 2 ] DEBUG TilesetLoader        - Created buffer with size 4800.0x4800.0
23:30:10.883 [FXGL Background Thread 2 ] DEBUG TMXLevelLoader       - Creating object layer entities
23:30:10.937 [FXGL Background Thread 2 ] DEBUG GameWorld            - Clearing removable entities
23:30:10.937 [FXGL Background Thread 2 ] DEBUG GameWorld            - Setting level: com.almasb.fxgl.entity.level.Level@2508d8a0
23:30:10.958 [FXGL Background Thread 2 ] WARN  GameWorld            - Entity is already attached to world
23:30:10.959 [FXGL Background Thread 2 ] WARN  GameWorld            - Entity is already attached to world
23:30:10.966 [FXGL Background Thread 2 ] INFO  FXGLApplication      - Game initialization took: 0.557 sec
23:30:10.967 [JavaFX Application Thread] DEBUG Input                - Clearing active input actions
23:30:10.973 [JavaFX Application Thread] DEBUG GameApplicationServi - Removing overlay from FXGLLoadingScene and adding to GameScene
23:30:10.976 [JavaFX Application Thread] DEBUG PrimaryStageWindow   - FXGLLoadingScene -> GameScene
23:30:12.227 [FXGL Background Thread 3 ] DEBUG Engine               - Logging environment variables
23:30:12.227 [FXGL Background Thread 3 ] DEBUG Engine               - achievements: []
23:30:12.227 [FXGL Background Thread 3 ] DEBUG Engine               - actualHeight: 800.0
23:30:12.227 [FXGL Background Thread 3 ] DEBUG Engine               - actualHeightProperty: ReadOnlyDoubleProperty [value: 800.0]
23:30:12.228 [FXGL Background Thread 3 ] DEBUG Engine               - actualWidth: 800.0
23:30:12.228 [FXGL Background Thread 3 ] DEBUG Engine               - actualWidthProperty: ReadOnlyDoubleProperty [value: 800.0]
23:30:12.228 [FXGL Background Thread 3 ] DEBUG Engine               - appIcon: fxgl_icon.png
23:30:12.228 [FXGL Background Thread 3 ] DEBUG Engine               - applicationMode: DEVELOPER
23:30:12.228 [FXGL Background Thread 3 ] DEBUG Engine               - cSSList: [fxgl_dark.css]
23:30:12.228 [FXGL Background Thread 3 ] DEBUG Engine               - collisionDetectionStrategy: BRUTE_FORCE
23:30:12.228 [FXGL Background Thread 3 ] DEBUG Engine               - configClass: Optional.empty
23:30:12.228 [FXGL Background Thread 3 ] DEBUG Engine               - credits: []
23:30:12.228 [FXGL Background Thread 3 ] DEBUG Engine               - defaultCursor: CursorInfo(imageName=fxgl_default_cursor.png, hotspotX=7.0, hotspotY=6.0)
23:30:12.229 [FXGL Background Thread 3 ] DEBUG Engine               - devBBoxColorProperty: ObjectProperty [value: 0xff0000ff]
23:30:12.229 [FXGL Background Thread 3 ] DEBUG Engine               - devEnableDebugCameraProperty: BooleanProperty [value: false]
23:30:12.229 [FXGL Background Thread 3 ] DEBUG Engine               - devSensorColorProperty: ObjectProperty [value: 0xffff00ff]
23:30:12.229 [FXGL Background Thread 3 ] DEBUG Engine               - devShowBBoxProperty: BooleanProperty [value: false]
23:30:12.229 [FXGL Background Thread 3 ] DEBUG Engine               - devShowPositionProperty: BooleanProperty [value: false]
23:30:12.229 [FXGL Background Thread 3 ] DEBUG Engine               - enabledMenuItems: []
23:30:12.229 [FXGL Background Thread 3 ] DEBUG Engine               - engineServices: [class com.almasb.fxgl.app.services.FXGLAssetLoaderService, class com.almasb.fxgl.app.FXGLApplication$GameApplicationService, class com.almasb.fxgl.app.services.FXGLDialogService, class com.almasb.fxgl.app.services.IOTaskExecutorService, class com.almasb.fxgl.io.FileSystemService, class com.almasb.fxgl.localization.LocalizationService, class com.almasb.fxgl.app.services.SystemBundleService, class com.almasb.fxgl.profile.SaveLoadService, class com.almasb.fxgl.ui.FXGLUIFactoryServiceProvider, class com.almasb.fxgl.ui.FXGLDialogFactoryServiceProvider, class com.almasb.fxgl.audio.AudioPlayer, class com.almasb.fxgl.notification.impl.NotificationServiceProvider, class com.almasb.fxgl.achievement.AchievementService, class com.almasb.fxgl.cutscene.CutsceneService, class com.almasb.fxgl.minigames.MiniGameService, class com.almasb.fxgl.net.NetService, class com.almasb.fxgl.app.services.UpdaterService, class com.almasb.fxgl.dev.DevService]
23:30:12.229 [FXGL Background Thread 3 ] DEBUG Engine               - fontGame: Abel-Regular.ttf
23:30:12.229 [FXGL Background Thread 3 ] DEBUG Engine               - fontMono: TerminalLandMono-Regular.otf
23:30:12.229 [FXGL Background Thread 3 ] DEBUG Engine               - fontText: Courier-Prime.ttf
23:30:12.229 [FXGL Background Thread 3 ] DEBUG Engine               - fontUI: VarelaRound-Regular.ttf
23:30:12.229 [FXGL Background Thread 3 ] DEBUG Engine               - fullScreen: BooleanProperty [value: false]
23:30:12.229 [FXGL Background Thread 3 ] DEBUG Engine               - gameDifficulty: MEDIUM
23:30:12.230 [FXGL Background Thread 3 ] DEBUG Engine               - gameDifficultyProperty: ObjectProperty [value: MEDIUM]
23:30:12.230 [FXGL Background Thread 3 ] DEBUG Engine               - globalMusicVolume: 0.5
23:30:12.230 [FXGL Background Thread 3 ] DEBUG Engine               - globalMusicVolumeProperty: DoubleProperty [value: 0.5]
23:30:12.230 [FXGL Background Thread 3 ] DEBUG Engine               - globalSoundVolume: 0.5
23:30:12.230 [FXGL Background Thread 3 ] DEBUG Engine               - globalSoundVolumeProperty: DoubleProperty [value: 0.5]
23:30:12.230 [FXGL Background Thread 3 ] DEBUG Engine               - height: 800
23:30:12.230 [FXGL Background Thread 3 ] DEBUG Engine               - is3D: false
23:30:12.230 [FXGL Background Thread 3 ] DEBUG Engine               - isAndroid: false
23:30:12.230 [FXGL Background Thread 3 ] DEBUG Engine               - isBrowser: false
23:30:12.230 [FXGL Background Thread 3 ] DEBUG Engine               - isClickFeedbackEnabled: false
23:30:12.230 [FXGL Background Thread 3 ] DEBUG Engine               - isCloseConfirmation: false
23:30:12.230 [FXGL Background Thread 3 ] DEBUG Engine               - isDesktop: true
23:30:12.230 [FXGL Background Thread 3 ] DEBUG Engine               - isDeveloperMenuEnabled: true
23:30:12.230 [FXGL Background Thread 3 ] DEBUG Engine               - isEmbedded: false
23:30:12.230 [FXGL Background Thread 3 ] DEBUG Engine               - isEntityPreloadEnabled: true
23:30:12.231 [FXGL Background Thread 3 ] DEBUG Engine               - isExperimentalTiledLargeMap: false
23:30:12.231 [FXGL Background Thread 3 ] DEBUG Engine               - isFileSystemWriteAllowed: true
23:30:12.231 [FXGL Background Thread 3 ] DEBUG Engine               - isFullScreenAllowed: true
23:30:12.231 [FXGL Background Thread 3 ] DEBUG Engine               - isFullScreenFromStart: false
23:30:12.231 [FXGL Background Thread 3 ] DEBUG Engine               - isGameMenuEnabled: true
23:30:12.231 [FXGL Background Thread 3 ] DEBUG Engine               - isIOS: false
23:30:12.231 [FXGL Background Thread 3 ] DEBUG Engine               - isIntroEnabled: false
23:30:12.231 [FXGL Background Thread 3 ] DEBUG Engine               - isLinux: false
23:30:12.231 [FXGL Background Thread 3 ] DEBUG Engine               - isMac: true
23:30:12.231 [FXGL Background Thread 3 ] DEBUG Engine               - isMainMenuEnabled: true
23:30:12.231 [FXGL Background Thread 3 ] DEBUG Engine               - isManualResizeEnabled: false
23:30:12.231 [FXGL Background Thread 3 ] DEBUG Engine               - isMobile: false
23:30:12.231 [FXGL Background Thread 3 ] DEBUG Engine               - isNative: false
23:30:12.232 [FXGL Background Thread 3 ] DEBUG Engine               - isPauseMusicWhenMinimized: true
23:30:12.232 [FXGL Background Thread 3 ] DEBUG Engine               - isPreserveResizeRatio: false
23:30:12.232 [FXGL Background Thread 3 ] DEBUG Engine               - isProfilingEnabled: false
23:30:12.232 [FXGL Background Thread 3 ] DEBUG Engine               - isScaleAffectedOnResize: true
23:30:12.232 [FXGL Background Thread 3 ] DEBUG Engine               - isSingleStep: false
23:30:12.232 [FXGL Background Thread 3 ] DEBUG Engine               - isUserProfileEnabled: false
23:30:12.232 [FXGL Background Thread 3 ] DEBUG Engine               - isWindows: false
23:30:12.232 [FXGL Background Thread 3 ] DEBUG Engine               - language: ObjectProperty [value: ENGLISH]
23:30:12.232 [FXGL Background Thread 3 ] DEBUG Engine               - menuKey: ESCAPE
23:30:12.232 [FXGL Background Thread 3 ] DEBUG Engine               - mouseSensitivity: 0.2
23:30:12.232 [FXGL Background Thread 3 ] DEBUG Engine               - notificationViewClass: class com.almasb.fxgl.notification.view.XboxNotificationView
23:30:12.232 [FXGL Background Thread 3 ] DEBUG Engine               - pixelsPerMeter: 50.0
23:30:12.232 [FXGL Background Thread 3 ] DEBUG Engine               - platform: MAC
23:30:12.232 [FXGL Background Thread 3 ] DEBUG Engine               - prefHeightProperty: ReadOnlyDoubleProperty [value: 800.0]
23:30:12.232 [FXGL Background Thread 3 ] DEBUG Engine               - prefWidthProperty: ReadOnlyDoubleProperty [value: 800.0]
23:30:12.232 [FXGL Background Thread 3 ] DEBUG Engine               - profileDir: profiles/
23:30:12.232 [FXGL Background Thread 3 ] DEBUG Engine               - profileName: StringProperty [value: DEFAULT]
23:30:12.232 [FXGL Background Thread 3 ] DEBUG Engine               - randomSeed: -1
23:30:12.233 [FXGL Background Thread 3 ] DEBUG Engine               - runtimeInfo: RuntimeInfo(platform=MAC, version=17, build=31.12.2021 18.16)
23:30:12.233 [FXGL Background Thread 3 ] DEBUG Engine               - saveFileExt: sav
23:30:12.233 [FXGL Background Thread 3 ] DEBUG Engine               - scaledHeightProp$fxgl: DoubleProperty [bound, value: 800.0]
23:30:12.233 [FXGL Background Thread 3 ] DEBUG Engine               - scaledWidthProp$fxgl: DoubleProperty [bound, value: 800.0]
23:30:12.233 [FXGL Background Thread 3 ] DEBUG Engine               - sceneFactory: com.almasb.fxgl.app.scene.SceneFactory@728a646
23:30:12.233 [FXGL Background Thread 3 ] DEBUG Engine               - secondsIn24h: 60
23:30:12.233 [FXGL Background Thread 3 ] DEBUG Engine               - soundMenuBack: menu/back.wav
23:30:12.233 [FXGL Background Thread 3 ] DEBUG Engine               - soundMenuPress: menu/press.wav
23:30:12.233 [FXGL Background Thread 3 ] DEBUG Engine               - soundMenuSelect: menu/select.wav
23:30:12.233 [FXGL Background Thread 3 ] DEBUG Engine               - soundNotification: core/notification.wav
23:30:12.233 [FXGL Background Thread 3 ] DEBUG Engine               - stageStyle: DECORATED
23:30:12.233 [FXGL Background Thread 3 ] DEBUG Engine               - supportedLanguages: [ENGLISH, FRENCH, GERMAN, HUNGARIAN, RUSSIAN]
23:30:12.233 [FXGL Background Thread 3 ] DEBUG Engine               - ticksPerSecond: -1
23:30:12.233 [FXGL Background Thread 3 ] DEBUG Engine               - title: Zelda 2D Game
23:30:12.233 [FXGL Background Thread 3 ] DEBUG Engine               - urlGithub: https://github.com/AlmasB/FXGL
23:30:12.233 [FXGL Background Thread 3 ] DEBUG Engine               - urlLeaderboard: http://fxgl-top.herokuapp.com/
23:30:12.233 [FXGL Background Thread 3 ] DEBUG Engine               - urlPOM: https://raw.githubusercontent.com/AlmasB/FXGL/release/README.md
23:30:12.233 [FXGL Background Thread 3 ] DEBUG Engine               - userAppClass: class com.example.zeldapuzzle.MainGameApp
23:30:12.233 [FXGL Background Thread 3 ] DEBUG Engine               - version: 1
23:30:12.233 [FXGL Background Thread 3 ] DEBUG Engine               - versionCheckDays: 7
23:30:12.234 [FXGL Background Thread 3 ] DEBUG Engine               - width: 800
23:30:12.234 [FXGL Background Thread 3 ] DEBUG Engine               - Logging services
23:30:12.234 [FXGL Background Thread 3 ] DEBUG Engine               - class com.almasb.fxgl.app.services.FXGLAssetLoaderService
23:30:12.234 [FXGL Background Thread 3 ] DEBUG Engine               - class com.almasb.fxgl.app.FXGLApplication$GameApplicationService
23:30:12.234 [FXGL Background Thread 3 ] DEBUG Engine               - class com.almasb.fxgl.app.services.FXGLDialogService
23:30:12.234 [FXGL Background Thread 3 ] DEBUG Engine               - class com.almasb.fxgl.app.services.IOTaskExecutorService
23:30:12.234 [FXGL Background Thread 3 ] DEBUG Engine               - class com.almasb.fxgl.io.FileSystemService
23:30:12.234 [FXGL Background Thread 3 ] DEBUG Engine               - class com.almasb.fxgl.localization.LocalizationService
23:30:12.234 [FXGL Background Thread 3 ] DEBUG Engine               - class com.almasb.fxgl.app.services.SystemBundleService
23:30:12.234 [FXGL Background Thread 3 ] DEBUG Engine               - class com.almasb.fxgl.profile.SaveLoadService
23:30:12.234 [FXGL Background Thread 3 ] DEBUG Engine               - class com.almasb.fxgl.ui.FXGLUIFactoryServiceProvider
23:30:12.234 [FXGL Background Thread 3 ] DEBUG Engine               - class com.almasb.fxgl.ui.FXGLDialogFactoryServiceProvider
23:30:12.234 [FXGL Background Thread 3 ] DEBUG Engine               - class com.almasb.fxgl.audio.AudioPlayer
23:30:12.234 [FXGL Background Thread 3 ] DEBUG Engine               - class com.almasb.fxgl.notification.impl.NotificationServiceProvider
23:30:12.234 [FXGL Background Thread 3 ] DEBUG Engine               - class com.almasb.fxgl.achievement.AchievementService
23:30:12.234 [FXGL Background Thread 3 ] DEBUG Engine               - class com.almasb.fxgl.cutscene.CutsceneService
23:30:12.234 [FXGL Background Thread 3 ] DEBUG Engine               - class com.almasb.fxgl.minigames.MiniGameService
23:30:12.234 [FXGL Background Thread 3 ] DEBUG Engine               - class com.almasb.fxgl.net.NetService
23:30:12.234 [FXGL Background Thread 3 ] DEBUG Engine               - class com.almasb.fxgl.app.services.UpdaterService
23:30:12.234 [FXGL Background Thread 3 ] DEBUG Engine               - class com.almasb.fxgl.dev.DevService
23:30:17.465 [JavaFX Application Thread] WARN  TMXLevelLoader       - TiledMap generated from 1.10.2. Supported version: 1.2.3. Some features may not be parsed fully.
23:30:17.482 [JavaFX Application Thread] DEBUG TMXLevelLoader       - Parsed TiledMap: file:/Users/CHLaroche05/zelda/zeldaPuzzle/target/classes/assets/levels/leDongeon.tmx
23:30:17.482 [JavaFX Application Thread] DEBUG TMXLevelLoader       - Creating tile layer entities
23:30:17.482 [JavaFX Application Thread] DEBUG TilesetLoader        - Loading view for layer BG1
23:30:17.483 [JavaFX Application Thread] DEBUG TilesetLoader        - Created buffer with size 2400.0x800.0
23:30:17.497 [JavaFX Application Thread] DEBUG TilesetLoader        - Loading view for layer BG2
23:30:17.498 [JavaFX Application Thread] DEBUG TilesetLoader        - Created buffer with size 2400.0x800.0
23:30:17.506 [JavaFX Application Thread] DEBUG TilesetLoader        - Loading view for layer BG3
23:30:17.507 [JavaFX Application Thread] DEBUG TilesetLoader        - Created buffer with size 2400.0x800.0
23:30:17.516 [JavaFX Application Thread] DEBUG TilesetLoader        - Loading view for layer BG4a
23:30:17.517 [JavaFX Application Thread] DEBUG TilesetLoader        - Created buffer with size 2400.0x800.0
23:30:17.526 [JavaFX Application Thread] DEBUG TilesetLoader        - Loading view for layer BG4b
23:30:17.527 [JavaFX Application Thread] DEBUG TilesetLoader        - Created buffer with size 2400.0x800.0
23:30:17.537 [JavaFX Application Thread] DEBUG TilesetLoader        - Loading view for layer MainBuild2
23:30:17.537 [JavaFX Application Thread] DEBUG TilesetLoader        - Created buffer with size 2400.0x800.0
23:30:17.559 [JavaFX Application Thread] WARN  TilesetLoader        - Diagonally flipped tiles are not currently supported
23:30:17.559 [JavaFX Application Thread] WARN  TilesetLoader        - Diagonally flipped tiles are not currently supported
23:30:17.559 [JavaFX Application Thread] WARN  TilesetLoader        - Diagonally flipped tiles are not currently supported
23:30:17.559 [JavaFX Application Thread] WARN  TilesetLoader        - Diagonally flipped tiles are not currently supported
23:30:17.559 [JavaFX Application Thread] WARN  TilesetLoader        - Diagonally flipped tiles are not currently supported
23:30:17.559 [JavaFX Application Thread] WARN  TilesetLoader        - Diagonally flipped tiles are not currently supported
23:30:17.559 [JavaFX Application Thread] WARN  TilesetLoader        - Diagonally flipped tiles are not currently supported
23:30:17.560 [JavaFX Application Thread] WARN  TilesetLoader        - Diagonally flipped tiles are not currently supported
23:30:17.560 [JavaFX Application Thread] WARN  TilesetLoader        - Diagonally flipped tiles are not currently supported
23:30:17.560 [JavaFX Application Thread] WARN  TilesetLoader        - Diagonally flipped tiles are not currently supported
23:30:17.560 [JavaFX Application Thread] WARN  TilesetLoader        - Diagonally flipped tiles are not currently supported
23:30:17.560 [JavaFX Application Thread] WARN  TilesetLoader        - Diagonally flipped tiles are not currently supported
23:30:17.560 [JavaFX Application Thread] WARN  TilesetLoader        - Diagonally flipped tiles are not currently supported
23:30:17.560 [JavaFX Application Thread] WARN  TilesetLoader        - Diagonally flipped tiles are not currently supported
23:30:17.560 [JavaFX Application Thread] WARN  TilesetLoader        - Diagonally flipped tiles are not currently supported
23:30:17.561 [JavaFX Application Thread] DEBUG TilesetLoader        - Loading view for layer MainBuild3
23:30:17.561 [JavaFX Application Thread] DEBUG TilesetLoader        - Created buffer with size 2400.0x800.0
23:30:17.561 [JavaFX Application Thread] DEBUG TilesetLoader        - Loading view for layer MainBuild
23:30:17.562 [JavaFX Application Thread] DEBUG TilesetLoader        - Created buffer with size 2400.0x800.0
23:30:17.563 [JavaFX Application Thread] DEBUG TMXLevelLoader       - Creating object layer entities
23:30:17.576 [JavaFX Application Thread] DEBUG GameWorld            - Clearing removable entities
23:30:17.583 [JavaFX Application Thread] DEBUG GameWorld            - Setting level: com.almasb.fxgl.entity.level.Level@53f3c98b
23:30:17.591 [JavaFX Application Thread] WARN  GameWorld            - Entity is already attached to world
23:30:40.110 [JavaFX Application Thread] DEBUG FXGLApplication      - Exiting FXGL
23:30:40.110 [JavaFX Application Thread] DEBUG LoopRunner           - Stopping loop
23:30:40.110 [JavaFX Application Thread] DEBUG SystemBundleService  - Saving FXGL system data
23:30:40.112 [JavaFX Application Thread] DEBUG FileSystemAccess     - Writing to: /Users/CHLaroche05/zelda/zeldaPuzzle/system/fxgl.bundle
23:30:40.114 [JavaFX Application Thread] DEBUG Async                - Shutting down background threads
23:30:40.115 [JavaFX Application Thread] DEBUG PrimaryStageWindow   - Closing main window
23:30:40.123 [JavaFX Application Thread] DEBUG Logger               - Closing Logger
