00:01:58.268 [main                     ] DEBUG Logger               - Configured Logger
00:01:58.290 [main                     ] DEBUG GameApplication      - Logging settings
Title: Zelda 2D Game
Version: 1
Width: 800
Height: 800
Fullscreen: true
Intro: false
Profiling: false
Single step:false
App Mode: DEVELOPER
Menu Key: ESCAPE
Stage Style: DECORATED
Scene Factory: class com.almasb.fxgl.app.scene.SceneFactory

00:01:58.503 [JavaFX Application Thread] DEBUG FXGLApplication      - Initializing FXGL
00:01:58.508 [JavaFX Application Thread] INFO  Engine               - FXGL-17 (31.12.2021 18.16) on MAC (J:19.0.1 FX:19)
00:01:58.509 [JavaFX Application Thread] DEBUG Engine               - JRE Vendor Name: Oracle Corporation
00:01:58.509 [JavaFX Application Thread] DEBUG Engine               - Running on OS: Mac OS X version 12.5
00:01:58.510 [JavaFX Application Thread] DEBUG Engine               - Architecture: aarch64
00:01:58.510 [JavaFX Application Thread] INFO  Engine               - Source code and latest versions at: https://github.com/AlmasB/FXGL
00:01:58.510 [JavaFX Application Thread] INFO  Engine               -       Ask questions and discuss at: https://github.com/AlmasB/FXGL/discussions
00:01:58.510 [JavaFX Application Thread] INFO  Engine               -              Join the FXGL chat at: https://gitter.im/AlmasB/FXGL
00:01:58.576 [JavaFX Application Thread] DEBUG PrimaryStageWindow   - Creating a JavaFX scene
00:01:58.620 [JavaFX Application Thread] DEBUG PrimaryStageWindow   - Target settings size: 800.0 x 800.0
00:01:58.620 [JavaFX Application Thread] DEBUG PrimaryStageWindow   - Scaled scene size:    800.0 x 800.0
00:01:58.621 [JavaFX Application Thread] DEBUG PrimaryStageWindow   - Scaled ratio: (1.0, 1.0)
00:01:58.622 [JavaFX Application Thread] DEBUG PrimaryStageWindow   - Set initial scene to FXGLStartupScene
00:01:58.626 [JavaFX Application Thread] DEBUG PrimaryStageWindow   - Opening main window
00:01:58.744 [JavaFX Application Thread] DEBUG PrimaryStageWindow   - Window border size: (0.0, 28.0)
00:01:58.744 [JavaFX Application Thread] DEBUG PrimaryStageWindow   - Scaled size: 800.0 x 800.0
00:01:58.745 [JavaFX Application Thread] DEBUG PrimaryStageWindow   - Scaled ratio: (1.0, 1.0)
00:01:58.745 [JavaFX Application Thread] DEBUG PrimaryStageWindow   - Scene size: 800.0 x 800.0
00:01:58.745 [JavaFX Application Thread] DEBUG PrimaryStageWindow   - Stage size: 800.0 x 828.0
00:01:58.751 [FXGL Background Thread 1 ] DEBUG Engine               - Initializing environment variables
00:01:58.798 [FXGL Background Thread 1 ] DEBUG FXGLAssetLoaderServi - User app class for loading assets: class com.example.zeldapuzzle.MainGameApp
00:01:58.798 [FXGL Background Thread 1 ] DEBUG GameApplicationServi - Applying CSS: fxgl_dark.css
00:01:58.799 [FXGL Background Thread 1 ] DEBUG FXGLAssetLoaderServi - Loading from file system: jar:file:///Users/CHLaroche05/.m2/repository/com/github/almasb/fxgl/17/fxgl-17.jar!/fxglassets/ui/css/fxgl_dark.css
00:01:58.838 [FXGL Background Thread 1 ] DEBUG GameApplicationServi - Initializing application scenes
00:01:58.998 [FXGL Background Thread 1 ] DEBUG GameWorld            - Game world initialized
00:01:59.046 [FXGL Background Thread 1 ] DEBUG PhysicsWorld         - Physics world initialized: appHeight=800, physics.ppm=50.0
00:01:59.046 [FXGL Background Thread 1 ] DEBUG PhysicsWorld         - Using strategy: BRUTE_FORCE
00:01:59.049 [FXGL Background Thread 1 ] DEBUG GameScene            - Game scene initialized: 800x800
00:01:59.073 [FXGL Background Thread 1 ] DEBUG FXGL.DefaultMenu     - createMenuBodyMainMenu()
00:01:59.094 [FXGL Background Thread 1 ] DEBUG FXGL.DefaultMenu     - createOptionsMenu()
00:01:59.107 [FXGL Background Thread 1 ] DEBUG FXGLAssetLoaderServi - Loading from file system: jar:file:///Users/CHLaroche05/.m2/repository/com/github/almasb/fxgl/17/fxgl-17.jar!/fxglassets/textures/particles/smoke.png
00:01:59.324 [FXGL Background Thread 1 ] DEBUG FXGLAssetLoaderServi - Loading from file system: jar:file:///Users/CHLaroche05/.m2/repository/com/github/almasb/fxgl/17/fxgl-17.jar!/fxglassets/textures/particles/trace_horizontal.png
00:01:59.378 [FXGL Background Thread 1 ] DEBUG FXGL.DefaultMenu     - createMenuBodyGameMenu()
00:01:59.380 [FXGL Background Thread 1 ] DEBUG FXGL.DefaultMenu     - createOptionsMenu()
00:01:59.433 [FXGL Background Thread 1 ] DEBUG GameApplicationServi - Application scenes initialized
00:01:59.454 [FXGL Background Thread 1 ] DEBUG SystemBundleService  - Loading FXGL system data
00:01:59.460 [FXGL Background Thread 1 ] DEBUG FileSystemAccess     - Reading from: /Users/CHLaroche05/zelda/zeldaPuzzle/system/fxgl.bundle
00:01:59.473 [FXGL Background Thread 1 ] DEBUG SystemBundleService  - Bundle FXGL: {}
00:01:59.473 [FXGL Background Thread 1 ] DEBUG UpdaterService       - Checking for updates
00:01:59.524 [FXGL Background Thread 4 ] DEBUG FXGLApplication      - Loading fonts
00:01:59.524 [FXGL Background Thread 4 ] DEBUG FXGLAssetLoaderServi - Loading from file system: jar:file:///Users/CHLaroche05/.m2/repository/com/github/almasb/fxgl/17/fxgl-17.jar!/fxglassets/ui/fonts/VarelaRound-Regular.ttf
00:01:59.525 [FXGL Background Thread 1 ] DEBUG FXGLApplication      - Loading default localization
00:01:59.525 [FXGL Background Thread 1 ] DEBUG FXGLAssetLoaderServi - Loading from file system: jar:file:///Users/CHLaroche05/.m2/repository/com/github/almasb/fxgl/17/fxgl-17.jar!/fxglassets/languages/english.lang
00:01:59.535 [FXGL Background Thread 4 ] DEBUG FXGLAssetLoaderServi - Loading from file system: jar:file:///Users/CHLaroche05/.m2/repository/com/github/almasb/fxgl/17/fxgl-17.jar!/fxglassets/ui/fonts/Abel-Regular.ttf
00:01:59.538 [FXGL Background Thread 4 ] DEBUG FXGLAssetLoaderServi - Loading from file system: jar:file:///Users/CHLaroche05/.m2/repository/com/github/almasb/fxgl/17/fxgl-17.jar!/fxglassets/ui/fonts/TerminalLandMono-Regular.otf
00:01:59.543 [FXGL Background Thread 4 ] DEBUG FXGLAssetLoaderServi - Loading from file system: jar:file:///Users/CHLaroche05/.m2/repository/com/github/almasb/fxgl/17/fxgl-17.jar!/fxglassets/ui/fonts/Courier-Prime.ttf
00:01:59.550 [JavaFX Application Thread] DEBUG FXGLApplication      - Registering font factories with UI factory
00:01:59.550 [FXGL Background Thread 1 ] INFO  FXGLApplication      - FXGL initialization took: 0.800 sec
00:01:59.562 [JavaFX Application Thread] DEBUG Input                - Registered new binding: inventaire - Tab
00:01:59.562 [JavaFX Application Thread] DEBUG Input                - Registered new binding: getPosition - P
00:01:59.563 [JavaFX Application Thread] DEBUG Input                - Registered new binding: zoom+ - Up
00:01:59.563 [JavaFX Application Thread] DEBUG Input                - Registered new binding: zoom- - Down
00:01:59.563 [JavaFX Application Thread] DEBUG Input                - Registered new binding: resetZoom - 0
00:01:59.563 [JavaFX Application Thread] DEBUG Input                - Registered new binding: Move right - D
00:01:59.563 [JavaFX Application Thread] DEBUG Input                - Registered new binding: Move left - A
00:01:59.563 [JavaFX Application Thread] DEBUG Input                - Registered new binding: Move Up - W
00:01:59.563 [JavaFX Application Thread] DEBUG Input                - Registered new binding: Move Down - S
00:01:59.564 [JavaFX Application Thread] DEBUG Input                - Registered new binding: Jump - Space
00:01:59.564 [JavaFX Application Thread] DEBUG FXGLAssetLoaderServi - Loading from file system: jar:file:///Users/CHLaroche05/.m2/repository/com/github/almasb/fxgl/17/fxgl-17.jar!/fxglassets/textures/fxgl_icon.png
00:01:59.595 [JavaFX Application Thread] DEBUG FXGLAssetLoaderServi - Loading from file system: jar:file:///Users/CHLaroche05/.m2/repository/com/github/almasb/fxgl/17/fxgl-17.jar!/fxglassets/textures/fxgl_default_cursor.png
00:01:59.597 [JavaFX Application Thread] DEBUG Input                - Registered new binding: Screenshot - CTRL+8
00:01:59.597 [JavaFX Application Thread] DEBUG Input                - Registered new binding: Dev Options - 1
00:01:59.597 [JavaFX Application Thread] DEBUG Input                - Registered new binding: Dev Console - 2
00:01:59.598 [JavaFX Application Thread] DEBUG Input                - Registered new binding: System info dump - CTRL+9
00:01:59.598 [JavaFX Application Thread] DEBUG Input                - Registered new binding: Restart - CTRL+R
00:01:59.599 [JavaFX Application Thread] DEBUG Input                - Registered new binding: Toggle Debug Camera - CTRL+7
00:01:59.601 [JavaFX Application Thread] DEBUG LoopRunner           - Starting loop
00:01:59.613 [JavaFX Application Thread] DEBUG LoopRunner           - Initializing JavaFX AnimationTimerLoop
00:01:59.616 [JavaFX Application Thread] DEBUG Input                - Clearing active input actions
00:01:59.625 [JavaFX Application Thread] DEBUG GameApplicationServi - Removing overlay from FXGLStartupScene and adding to FXGLMainMenuDummyScene
00:01:59.630 [JavaFX Application Thread] DEBUG PrimaryStageWindow   - FXGLStartupScene -> FXGLMainMenuDummyScene
00:01:59.631 [JavaFX Application Thread] DEBUG PrimaryStageWindow   - Push state: FXGLDefaultMenu
00:01:59.633 [JavaFX Application Thread] DEBUG Input                - Clearing active input actions
00:01:59.640 [JavaFX Application Thread] DEBUG GameApplicationServi - Removing overlay from FXGLMainMenuDummyScene and adding to FXGLDefaultMenu
00:01:59.640 [JavaFX Application Thread] DEBUG PrimaryStageWindow   - FXGLMainMenuDummyScene -> FXGLDefaultMenu
00:01:59.937 [FXGL Background Thread 2 ] INFO  UpdaterService       - Your current version:  17
00:01:59.937 [FXGL Background Thread 2 ] INFO  UpdaterService       - Latest stable version: 21.1
00:02:00.688 [JavaFX Application Thread] DEBUG Menu                 - fireNewGame()
00:02:00.688 [JavaFX Application Thread] DEBUG GameApplicationServi - Starting new game
00:02:00.690 [JavaFX Application Thread] DEBUG PrimaryStageWindow   - Pop state: FXGLDefaultMenu
00:02:00.690 [JavaFX Application Thread] DEBUG Input                - Clearing active input actions
00:02:00.691 [JavaFX Application Thread] DEBUG GameApplicationServi - Removing overlay from FXGLDefaultMenu and adding to FXGLMainMenuDummyScene
00:02:00.693 [JavaFX Application Thread] DEBUG PrimaryStageWindow   - FXGLMainMenuDummyScene <- FXGLDefaultMenu
00:02:00.693 [JavaFX Application Thread] DEBUG Input                - Clearing active input actions
00:02:00.705 [JavaFX Application Thread] DEBUG GameApplicationServi - Removing overlay from FXGLMainMenuDummyScene and adding to FXGLLoadingScene
00:02:00.705 [JavaFX Application Thread] DEBUG PrimaryStageWindow   - FXGLMainMenuDummyScene -> FXGLLoadingScene
00:02:00.706 [JavaFX Application Thread] DEBUG GameApplicationServi - Clearing previous game
00:02:00.706 [JavaFX Application Thread] DEBUG GameScene            - Clearing game scene
00:02:00.706 [JavaFX Application Thread] DEBUG GameWorld            - Clearing game world
00:02:00.706 [JavaFX Application Thread] DEBUG PhysicsWorld         - Clearing physics world
00:02:00.707 [FXGL Background Thread 2 ] DEBUG FXGLApplication      - Initializing game
00:02:00.752 [FXGL Background Thread 2 ] WARN  TMXLevelLoader       - TiledMap generated from 1.10.2. Supported version: 1.2.3. Some features may not be parsed fully.
00:02:00.844 [FXGL Background Thread 2 ] DEBUG TMXLevelLoader       - Parsed TiledMap: file:/Users/CHLaroche05/zelda/zeldaPuzzle/target/classes/assets/levels/mapFinal.tmx
00:02:00.846 [FXGL Background Thread 2 ] DEBUG TMXLevelLoader       - Creating tile layer entities
00:02:00.850 [FXGL Background Thread 2 ] DEBUG TilesetLoader        - Loading view for layer background
00:02:00.869 [FXGL Background Thread 2 ] DEBUG TilesetLoader        - Created buffer with size 4800.0x4800.0
00:02:01.090 [FXGL Background Thread 2 ] DEBUG TilesetLoader        - Loading view for layer devant
00:02:01.101 [FXGL Background Thread 2 ] DEBUG TilesetLoader        - Created buffer with size 4800.0x4800.0
00:02:01.146 [FXGL Background Thread 2 ] DEBUG TilesetLoader        - Loading view for layer devant1
00:02:01.163 [FXGL Background Thread 2 ] DEBUG TilesetLoader        - Created buffer with size 4800.0x4800.0
00:02:01.184 [FXGL Background Thread 2 ] DEBUG TMXLevelLoader       - Creating object layer entities
00:02:01.237 [FXGL Background Thread 2 ] DEBUG GameWorld            - Clearing removable entities
00:02:01.237 [FXGL Background Thread 2 ] DEBUG GameWorld            - Setting level: com.almasb.fxgl.entity.level.Level@47f6e32b
00:02:01.261 [FXGL Background Thread 2 ] WARN  GameWorld            - Entity is already attached to world
00:02:01.263 [FXGL Background Thread 2 ] WARN  GameWorld            - Entity is already attached to world
00:02:01.266 [FXGL Background Thread 2 ] INFO  FXGLApplication      - Game initialization took: 0.559 sec
00:02:01.267 [JavaFX Application Thread] DEBUG Input                - Clearing active input actions
00:02:01.274 [JavaFX Application Thread] DEBUG GameApplicationServi - Removing overlay from FXGLLoadingScene and adding to GameScene
00:02:01.278 [JavaFX Application Thread] DEBUG PrimaryStageWindow   - FXGLLoadingScene -> GameScene
00:02:02.522 [FXGL Background Thread 3 ] DEBUG Engine               - Logging environment variables
00:02:02.524 [FXGL Background Thread 3 ] DEBUG Engine               - achievements: []
00:02:02.524 [FXGL Background Thread 3 ] DEBUG Engine               - actualHeight: 800.0
00:02:02.524 [FXGL Background Thread 3 ] DEBUG Engine               - actualHeightProperty: ReadOnlyDoubleProperty [value: 800.0]
00:02:02.524 [FXGL Background Thread 3 ] DEBUG Engine               - actualWidth: 800.0
00:02:02.524 [FXGL Background Thread 3 ] DEBUG Engine               - actualWidthProperty: ReadOnlyDoubleProperty [value: 800.0]
00:02:02.524 [FXGL Background Thread 3 ] DEBUG Engine               - appIcon: fxgl_icon.png
00:02:02.524 [FXGL Background Thread 3 ] DEBUG Engine               - applicationMode: DEVELOPER
00:02:02.524 [FXGL Background Thread 3 ] DEBUG Engine               - cSSList: [fxgl_dark.css]
00:02:02.525 [FXGL Background Thread 3 ] DEBUG Engine               - collisionDetectionStrategy: BRUTE_FORCE
00:02:02.525 [FXGL Background Thread 3 ] DEBUG Engine               - configClass: Optional.empty
00:02:02.525 [FXGL Background Thread 3 ] DEBUG Engine               - credits: []
00:02:02.525 [FXGL Background Thread 3 ] DEBUG Engine               - defaultCursor: CursorInfo(imageName=fxgl_default_cursor.png, hotspotX=7.0, hotspotY=6.0)
00:02:02.525 [FXGL Background Thread 3 ] DEBUG Engine               - devBBoxColorProperty: ObjectProperty [value: 0xff0000ff]
00:02:02.525 [FXGL Background Thread 3 ] DEBUG Engine               - devEnableDebugCameraProperty: BooleanProperty [value: false]
00:02:02.526 [FXGL Background Thread 3 ] DEBUG Engine               - devSensorColorProperty: ObjectProperty [value: 0xffff00ff]
00:02:02.526 [FXGL Background Thread 3 ] DEBUG Engine               - devShowBBoxProperty: BooleanProperty [value: false]
00:02:02.526 [FXGL Background Thread 3 ] DEBUG Engine               - devShowPositionProperty: BooleanProperty [value: false]
00:02:02.526 [FXGL Background Thread 3 ] DEBUG Engine               - enabledMenuItems: []
00:02:02.526 [FXGL Background Thread 3 ] DEBUG Engine               - engineServices: [class com.almasb.fxgl.app.services.FXGLAssetLoaderService, class com.almasb.fxgl.app.FXGLApplication$GameApplicationService, class com.almasb.fxgl.app.services.FXGLDialogService, class com.almasb.fxgl.app.services.IOTaskExecutorService, class com.almasb.fxgl.io.FileSystemService, class com.almasb.fxgl.localization.LocalizationService, class com.almasb.fxgl.app.services.SystemBundleService, class com.almasb.fxgl.profile.SaveLoadService, class com.almasb.fxgl.ui.FXGLUIFactoryServiceProvider, class com.almasb.fxgl.ui.FXGLDialogFactoryServiceProvider, class com.almasb.fxgl.audio.AudioPlayer, class com.almasb.fxgl.notification.impl.NotificationServiceProvider, class com.almasb.fxgl.achievement.AchievementService, class com.almasb.fxgl.cutscene.CutsceneService, class com.almasb.fxgl.minigames.MiniGameService, class com.almasb.fxgl.net.NetService, class com.almasb.fxgl.app.services.UpdaterService, class com.almasb.fxgl.dev.DevService]
00:02:02.526 [FXGL Background Thread 3 ] DEBUG Engine               - fontGame: Abel-Regular.ttf
00:02:02.526 [FXGL Background Thread 3 ] DEBUG Engine               - fontMono: TerminalLandMono-Regular.otf
00:02:02.526 [FXGL Background Thread 3 ] DEBUG Engine               - fontText: Courier-Prime.ttf
00:02:02.526 [FXGL Background Thread 3 ] DEBUG Engine               - fontUI: VarelaRound-Regular.ttf
00:02:02.526 [FXGL Background Thread 3 ] DEBUG Engine               - fullScreen: BooleanProperty [value: false]
00:02:02.527 [FXGL Background Thread 3 ] DEBUG Engine               - gameDifficulty: MEDIUM
00:02:02.527 [FXGL Background Thread 3 ] DEBUG Engine               - gameDifficultyProperty: ObjectProperty [value: MEDIUM]
00:02:02.527 [FXGL Background Thread 3 ] DEBUG Engine               - globalMusicVolume: 0.5
00:02:02.527 [FXGL Background Thread 3 ] DEBUG Engine               - globalMusicVolumeProperty: DoubleProperty [value: 0.5]
00:02:02.527 [FXGL Background Thread 3 ] DEBUG Engine               - globalSoundVolume: 0.5
00:02:02.527 [FXGL Background Thread 3 ] DEBUG Engine               - globalSoundVolumeProperty: DoubleProperty [value: 0.5]
00:02:02.527 [FXGL Background Thread 3 ] DEBUG Engine               - height: 800
00:02:02.527 [FXGL Background Thread 3 ] DEBUG Engine               - is3D: false
00:02:02.527 [FXGL Background Thread 3 ] DEBUG Engine               - isAndroid: false
00:02:02.527 [FXGL Background Thread 3 ] DEBUG Engine               - isBrowser: false
00:02:02.527 [FXGL Background Thread 3 ] DEBUG Engine               - isClickFeedbackEnabled: false
00:02:02.527 [FXGL Background Thread 3 ] DEBUG Engine               - isCloseConfirmation: false
00:02:02.527 [FXGL Background Thread 3 ] DEBUG Engine               - isDesktop: true
00:02:02.528 [FXGL Background Thread 3 ] DEBUG Engine               - isDeveloperMenuEnabled: true
00:02:02.528 [FXGL Background Thread 3 ] DEBUG Engine               - isEmbedded: false
00:02:02.528 [FXGL Background Thread 3 ] DEBUG Engine               - isEntityPreloadEnabled: true
00:02:02.528 [FXGL Background Thread 3 ] DEBUG Engine               - isExperimentalTiledLargeMap: false
00:02:02.528 [FXGL Background Thread 3 ] DEBUG Engine               - isFileSystemWriteAllowed: true
00:02:02.528 [FXGL Background Thread 3 ] DEBUG Engine               - isFullScreenAllowed: true
00:02:02.528 [FXGL Background Thread 3 ] DEBUG Engine               - isFullScreenFromStart: false
00:02:02.528 [FXGL Background Thread 3 ] DEBUG Engine               - isGameMenuEnabled: true
00:02:02.528 [FXGL Background Thread 3 ] DEBUG Engine               - isIOS: false
00:02:02.528 [FXGL Background Thread 3 ] DEBUG Engine               - isIntroEnabled: false
00:02:02.529 [FXGL Background Thread 3 ] DEBUG Engine               - isLinux: false
00:02:02.529 [FXGL Background Thread 3 ] DEBUG Engine               - isMac: true
00:02:02.529 [FXGL Background Thread 3 ] DEBUG Engine               - isMainMenuEnabled: true
00:02:02.529 [FXGL Background Thread 3 ] DEBUG Engine               - isManualResizeEnabled: false
00:02:02.529 [FXGL Background Thread 3 ] DEBUG Engine               - isMobile: false
00:02:02.529 [FXGL Background Thread 3 ] DEBUG Engine               - isNative: false
00:02:02.529 [FXGL Background Thread 3 ] DEBUG Engine               - isPauseMusicWhenMinimized: true
00:02:02.529 [FXGL Background Thread 3 ] DEBUG Engine               - isPreserveResizeRatio: false
00:02:02.529 [FXGL Background Thread 3 ] DEBUG Engine               - isProfilingEnabled: false
00:02:02.529 [FXGL Background Thread 3 ] DEBUG Engine               - isScaleAffectedOnResize: true
00:02:02.529 [FXGL Background Thread 3 ] DEBUG Engine               - isSingleStep: false
00:02:02.529 [FXGL Background Thread 3 ] DEBUG Engine               - isUserProfileEnabled: false
00:02:02.529 [FXGL Background Thread 3 ] DEBUG Engine               - isWindows: false
00:02:02.530 [FXGL Background Thread 3 ] DEBUG Engine               - language: ObjectProperty [value: ENGLISH]
00:02:02.530 [FXGL Background Thread 3 ] DEBUG Engine               - menuKey: ESCAPE
00:02:02.530 [FXGL Background Thread 3 ] DEBUG Engine               - mouseSensitivity: 0.2
00:02:02.530 [FXGL Background Thread 3 ] DEBUG Engine               - notificationViewClass: class com.almasb.fxgl.notification.view.XboxNotificationView
00:02:02.530 [FXGL Background Thread 3 ] DEBUG Engine               - pixelsPerMeter: 50.0
00:02:02.530 [FXGL Background Thread 3 ] DEBUG Engine               - platform: MAC
00:02:02.530 [FXGL Background Thread 3 ] DEBUG Engine               - prefHeightProperty: ReadOnlyDoubleProperty [value: 800.0]
00:02:02.530 [FXGL Background Thread 3 ] DEBUG Engine               - prefWidthProperty: ReadOnlyDoubleProperty [value: 800.0]
00:02:02.530 [FXGL Background Thread 3 ] DEBUG Engine               - profileDir: profiles/
00:02:02.530 [FXGL Background Thread 3 ] DEBUG Engine               - profileName: StringProperty [value: DEFAULT]
00:02:02.530 [FXGL Background Thread 3 ] DEBUG Engine               - randomSeed: -1
00:02:02.531 [FXGL Background Thread 3 ] DEBUG Engine               - runtimeInfo: RuntimeInfo(platform=MAC, version=17, build=31.12.2021 18.16)
00:02:02.531 [FXGL Background Thread 3 ] DEBUG Engine               - saveFileExt: sav
00:02:02.531 [FXGL Background Thread 3 ] DEBUG Engine               - scaledHeightProp$fxgl: DoubleProperty [bound, value: 800.0]
00:02:02.531 [FXGL Background Thread 3 ] DEBUG Engine               - scaledWidthProp$fxgl: DoubleProperty [bound, value: 800.0]
00:02:02.531 [FXGL Background Thread 3 ] DEBUG Engine               - sceneFactory: com.almasb.fxgl.app.scene.SceneFactory@35e5a9e4
00:02:02.531 [FXGL Background Thread 3 ] DEBUG Engine               - secondsIn24h: 60
00:02:02.531 [FXGL Background Thread 3 ] DEBUG Engine               - soundMenuBack: menu/back.wav
00:02:02.531 [FXGL Background Thread 3 ] DEBUG Engine               - soundMenuPress: menu/press.wav
00:02:02.531 [FXGL Background Thread 3 ] DEBUG Engine               - soundMenuSelect: menu/select.wav
00:02:02.531 [FXGL Background Thread 3 ] DEBUG Engine               - soundNotification: core/notification.wav
00:02:02.531 [FXGL Background Thread 3 ] DEBUG Engine               - stageStyle: DECORATED
00:02:02.531 [FXGL Background Thread 3 ] DEBUG Engine               - supportedLanguages: [ENGLISH, FRENCH, GERMAN, HUNGARIAN, RUSSIAN]
00:02:02.531 [FXGL Background Thread 3 ] DEBUG Engine               - ticksPerSecond: -1
00:02:02.531 [FXGL Background Thread 3 ] DEBUG Engine               - title: Zelda 2D Game
00:02:02.531 [FXGL Background Thread 3 ] DEBUG Engine               - urlGithub: https://github.com/AlmasB/FXGL
00:02:02.532 [FXGL Background Thread 3 ] DEBUG Engine               - urlLeaderboard: http://fxgl-top.herokuapp.com/
00:02:02.532 [FXGL Background Thread 3 ] DEBUG Engine               - urlPOM: https://raw.githubusercontent.com/AlmasB/FXGL/release/README.md
00:02:02.532 [FXGL Background Thread 3 ] DEBUG Engine               - userAppClass: class com.example.zeldapuzzle.MainGameApp
00:02:02.532 [FXGL Background Thread 3 ] DEBUG Engine               - version: 1
00:02:02.532 [FXGL Background Thread 3 ] DEBUG Engine               - versionCheckDays: 7
00:02:02.532 [FXGL Background Thread 3 ] DEBUG Engine               - width: 800
00:02:02.532 [FXGL Background Thread 3 ] DEBUG Engine               - Logging services
00:02:02.532 [FXGL Background Thread 3 ] DEBUG Engine               - class com.almasb.fxgl.app.services.FXGLAssetLoaderService
00:02:02.532 [FXGL Background Thread 3 ] DEBUG Engine               - class com.almasb.fxgl.app.FXGLApplication$GameApplicationService
00:02:02.532 [FXGL Background Thread 3 ] DEBUG Engine               - class com.almasb.fxgl.app.services.FXGLDialogService
00:02:02.532 [FXGL Background Thread 3 ] DEBUG Engine               - class com.almasb.fxgl.app.services.IOTaskExecutorService
00:02:02.532 [FXGL Background Thread 3 ] DEBUG Engine               - class com.almasb.fxgl.io.FileSystemService
00:02:02.532 [FXGL Background Thread 3 ] DEBUG Engine               - class com.almasb.fxgl.localization.LocalizationService
00:02:02.532 [FXGL Background Thread 3 ] DEBUG Engine               - class com.almasb.fxgl.app.services.SystemBundleService
00:02:02.532 [FXGL Background Thread 3 ] DEBUG Engine               - class com.almasb.fxgl.profile.SaveLoadService
00:02:02.532 [FXGL Background Thread 3 ] DEBUG Engine               - class com.almasb.fxgl.ui.FXGLUIFactoryServiceProvider
00:02:02.532 [FXGL Background Thread 3 ] DEBUG Engine               - class com.almasb.fxgl.ui.FXGLDialogFactoryServiceProvider
00:02:02.533 [FXGL Background Thread 3 ] DEBUG Engine               - class com.almasb.fxgl.audio.AudioPlayer
00:02:02.533 [FXGL Background Thread 3 ] DEBUG Engine               - class com.almasb.fxgl.notification.impl.NotificationServiceProvider
00:02:02.533 [FXGL Background Thread 3 ] DEBUG Engine               - class com.almasb.fxgl.achievement.AchievementService
00:02:02.533 [FXGL Background Thread 3 ] DEBUG Engine               - class com.almasb.fxgl.cutscene.CutsceneService
00:02:02.533 [FXGL Background Thread 3 ] DEBUG Engine               - class com.almasb.fxgl.minigames.MiniGameService
00:02:02.533 [FXGL Background Thread 3 ] DEBUG Engine               - class com.almasb.fxgl.net.NetService
00:02:02.533 [FXGL Background Thread 3 ] DEBUG Engine               - class com.almasb.fxgl.app.services.UpdaterService
00:02:02.533 [FXGL Background Thread 3 ] DEBUG Engine               - class com.almasb.fxgl.dev.DevService
00:02:08.473 [JavaFX Application Thread] WARN  TMXLevelLoader       - TiledMap generated from 1.10.2. Supported version: 1.2.3. Some features may not be parsed fully.
00:02:08.500 [JavaFX Application Thread] DEBUG TMXLevelLoader       - Parsed TiledMap: file:/Users/CHLaroche05/zelda/zeldaPuzzle/target/classes/assets/levels/leDongeon.tmx
00:02:08.500 [JavaFX Application Thread] DEBUG TMXLevelLoader       - Creating tile layer entities
00:02:08.501 [JavaFX Application Thread] DEBUG TilesetLoader        - Loading view for layer BG1
00:02:08.504 [JavaFX Application Thread] DEBUG TilesetLoader        - Created buffer with size 2400.0x800.0
00:02:08.521 [JavaFX Application Thread] DEBUG TilesetLoader        - Loading view for layer BG2
00:02:08.522 [JavaFX Application Thread] DEBUG TilesetLoader        - Created buffer with size 2400.0x800.0
00:02:08.530 [JavaFX Application Thread] DEBUG TilesetLoader        - Loading view for layer BG3
00:02:08.531 [JavaFX Application Thread] DEBUG TilesetLoader        - Created buffer with size 2400.0x800.0
00:02:08.540 [JavaFX Application Thread] DEBUG TilesetLoader        - Loading view for layer BG4a
00:02:08.541 [JavaFX Application Thread] DEBUG TilesetLoader        - Created buffer with size 2400.0x800.0
00:02:08.551 [JavaFX Application Thread] DEBUG TilesetLoader        - Loading view for layer BG4b
00:02:08.551 [JavaFX Application Thread] DEBUG TilesetLoader        - Created buffer with size 2400.0x800.0
00:02:08.561 [JavaFX Application Thread] DEBUG TilesetLoader        - Loading view for layer MainBuild2
00:02:08.562 [JavaFX Application Thread] DEBUG TilesetLoader        - Created buffer with size 2400.0x800.0
00:02:08.584 [JavaFX Application Thread] WARN  TilesetLoader        - Diagonally flipped tiles are not currently supported
00:02:08.584 [JavaFX Application Thread] WARN  TilesetLoader        - Diagonally flipped tiles are not currently supported
00:02:08.585 [JavaFX Application Thread] WARN  TilesetLoader        - Diagonally flipped tiles are not currently supported
00:02:08.585 [JavaFX Application Thread] WARN  TilesetLoader        - Diagonally flipped tiles are not currently supported
00:02:08.585 [JavaFX Application Thread] WARN  TilesetLoader        - Diagonally flipped tiles are not currently supported
00:02:08.585 [JavaFX Application Thread] WARN  TilesetLoader        - Diagonally flipped tiles are not currently supported
00:02:08.585 [JavaFX Application Thread] WARN  TilesetLoader        - Diagonally flipped tiles are not currently supported
00:02:08.585 [JavaFX Application Thread] WARN  TilesetLoader        - Diagonally flipped tiles are not currently supported
00:02:08.585 [JavaFX Application Thread] WARN  TilesetLoader        - Diagonally flipped tiles are not currently supported
00:02:08.585 [JavaFX Application Thread] WARN  TilesetLoader        - Diagonally flipped tiles are not currently supported
00:02:08.585 [JavaFX Application Thread] WARN  TilesetLoader        - Diagonally flipped tiles are not currently supported
00:02:08.586 [JavaFX Application Thread] WARN  TilesetLoader        - Diagonally flipped tiles are not currently supported
00:02:08.586 [JavaFX Application Thread] WARN  TilesetLoader        - Diagonally flipped tiles are not currently supported
00:02:08.586 [JavaFX Application Thread] WARN  TilesetLoader        - Diagonally flipped tiles are not currently supported
00:02:08.586 [JavaFX Application Thread] WARN  TilesetLoader        - Diagonally flipped tiles are not currently supported
00:02:08.586 [JavaFX Application Thread] DEBUG TilesetLoader        - Loading view for layer MainBuild3
00:02:08.587 [JavaFX Application Thread] DEBUG TilesetLoader        - Created buffer with size 2400.0x800.0
00:02:08.588 [JavaFX Application Thread] DEBUG TilesetLoader        - Loading view for layer MainBuild
00:02:08.592 [JavaFX Application Thread] DEBUG TilesetLoader        - Created buffer with size 2400.0x800.0
00:02:08.593 [JavaFX Application Thread] DEBUG TMXLevelLoader       - Creating object layer entities
00:02:08.601 [JavaFX Application Thread] DEBUG GameWorld            - Clearing removable entities
00:02:08.606 [JavaFX Application Thread] DEBUG GameWorld            - Setting level: com.almasb.fxgl.entity.level.Level@5abcd244
00:02:08.613 [JavaFX Application Thread] WARN  GameWorld            - Entity is already attached to world
00:02:35.869 [JavaFX Application Thread] DEBUG FXGLApplication      - Exiting FXGL
00:02:35.869 [JavaFX Application Thread] DEBUG LoopRunner           - Stopping loop
00:02:35.869 [JavaFX Application Thread] DEBUG SystemBundleService  - Saving FXGL system data
00:02:35.872 [JavaFX Application Thread] DEBUG FileSystemAccess     - Writing to: /Users/CHLaroche05/zelda/zeldaPuzzle/system/fxgl.bundle
00:02:35.875 [JavaFX Application Thread] DEBUG Async                - Shutting down background threads
00:02:35.875 [JavaFX Application Thread] DEBUG PrimaryStageWindow   - Closing main window
00:02:35.884 [JavaFX Application Thread] DEBUG Logger               - Closing Logger
