11:20:56.194 [main                     ] DEBUG Logger               - Configured Logger
11:20:56.210 [main                     ] DEBUG GameApplication      - Logging settings
Title: Zelda 2D Game
Version: 1
Width: 800
Height: 800
Fullscreen: false
Intro: false
Profiling: false
Single step:false
App Mode: DEVELOPER
Menu Key: ESCAPE
Stage Style: DECORATED
Scene Factory: class com.almasb.fxgl.app.scene.SceneFactory

11:20:56.404 [JavaFX Application Thread] DEBUG FXGLApplication      - Initializing FXGL
11:20:56.408 [JavaFX Application Thread] INFO  Engine               - FXGL-17 (31.12.2021 18.16) on WINDOWS (J:21.0.2 FX:19)
11:20:56.408 [JavaFX Application Thread] DEBUG Engine               - JRE Vendor Name: Oracle Corporation
11:20:56.408 [JavaFX Application Thread] DEBUG Engine               - Running on OS: Windows 11 version 10.0
11:20:56.408 [JavaFX Application Thread] DEBUG Engine               - Architecture: amd64
11:20:56.408 [JavaFX Application Thread] INFO  Engine               - Source code and latest versions at: https://github.com/AlmasB/FXGL
11:20:56.408 [JavaFX Application Thread] INFO  Engine               -       Ask questions and discuss at: https://github.com/AlmasB/FXGL/discussions
11:20:56.409 [JavaFX Application Thread] INFO  Engine               -              Join the FXGL chat at: https://gitter.im/AlmasB/FXGL
11:20:56.459 [JavaFX Application Thread] DEBUG PrimaryStageWindow   - Creating a JavaFX scene
11:20:56.487 [JavaFX Application Thread] DEBUG PrimaryStageWindow   - Target settings size: 800.0 x 800.0
11:20:56.487 [JavaFX Application Thread] DEBUG PrimaryStageWindow   - Scaled scene size:    800.0 x 800.0
11:20:56.487 [JavaFX Application Thread] DEBUG PrimaryStageWindow   - Scaled ratio: (1.0, 1.0)
11:20:56.488 [JavaFX Application Thread] DEBUG PrimaryStageWindow   - Set initial scene to FXGLStartupScene
11:20:56.490 [JavaFX Application Thread] DEBUG PrimaryStageWindow   - Opening main window
11:20:56.536 [JavaFX Application Thread] DEBUG PrimaryStageWindow   - Window border size: (16.0, 39.0)
11:20:56.537 [JavaFX Application Thread] DEBUG PrimaryStageWindow   - Scaled size: 800.0 x 800.0
11:20:56.537 [JavaFX Application Thread] DEBUG PrimaryStageWindow   - Scaled ratio: (1.0, 1.0)
11:20:56.537 [JavaFX Application Thread] DEBUG PrimaryStageWindow   - Scene size: 800.0 x 800.0
11:20:56.537 [JavaFX Application Thread] DEBUG PrimaryStageWindow   - Stage size: 816.0 x 839.0
11:20:56.543 [FXGL Background Thread 1 ] DEBUG Engine               - Initializing environment variables
11:20:56.578 [FXGL Background Thread 1 ] DEBUG FXGLAssetLoaderServi - User app class for loading assets: class com.example.zeldapuzzle.MainGameApp
11:20:56.578 [FXGL Background Thread 1 ] DEBUG GameApplicationServi - Applying CSS: fxgl_dark.css
11:20:56.579 [FXGL Background Thread 1 ] DEBUG FXGLAssetLoaderServi - Loading from file system: jar:file:///C:/Users/User/.m2/repository/com/github/almasb/fxgl/17/fxgl-17.jar!/fxglassets/ui/css/fxgl_dark.css
11:20:56.613 [FXGL Background Thread 1 ] DEBUG GameApplicationServi - Initializing application scenes
11:20:56.648 [FXGL Background Thread 1 ] DEBUG GameWorld            - Game world initialized
11:20:56.683 [FXGL Background Thread 1 ] DEBUG PhysicsWorld         - Physics world initialized: appHeight=800, physics.ppm=50.0
11:20:56.683 [FXGL Background Thread 1 ] DEBUG PhysicsWorld         - Using strategy: BRUTE_FORCE
11:20:56.686 [FXGL Background Thread 1 ] DEBUG GameScene            - Game scene initialized: 800x800
11:20:56.691 [FXGL Background Thread 1 ] DEBUG FXGL.DefaultMenu     - createMenuBodyMainMenu()
11:20:56.699 [FXGL Background Thread 1 ] DEBUG FXGL.DefaultMenu     - createOptionsMenu()
11:20:56.705 [FXGL Background Thread 1 ] DEBUG FXGLAssetLoaderServi - Loading from file system: jar:file:///C:/Users/User/.m2/repository/com/github/almasb/fxgl/17/fxgl-17.jar!/fxglassets/textures/particles/smoke.png
11:20:56.756 [FXGL Background Thread 1 ] DEBUG FXGLAssetLoaderServi - Loading from file system: jar:file:///C:/Users/User/.m2/repository/com/github/almasb/fxgl/17/fxgl-17.jar!/fxglassets/textures/particles/trace_horizontal.png
11:20:56.775 [FXGL Background Thread 1 ] DEBUG FXGL.DefaultMenu     - createMenuBodyGameMenu()
11:20:56.776 [FXGL Background Thread 1 ] DEBUG FXGL.DefaultMenu     - createOptionsMenu()
11:20:56.783 [FXGL Background Thread 1 ] DEBUG GameApplicationServi - Application scenes initialized
11:20:56.790 [FXGL Background Thread 1 ] DEBUG SystemBundleService  - Loading FXGL system data
11:20:56.793 [FXGL Background Thread 1 ] DEBUG FileSystemAccess     - Reading from: C:\Users\User\zeldaPuzzle\system\fxgl.bundle
11:20:56.799 [FXGL Background Thread 1 ] DEBUG SystemBundleService  - Bundle FXGL: {}
11:20:56.800 [FXGL Background Thread 1 ] DEBUG UpdaterService       - Checking for updates
11:20:56.816 [FXGL Background Thread 4 ] DEBUG FXGLApplication      - Loading fonts
11:20:56.816 [FXGL Background Thread 1 ] DEBUG FXGLApplication      - Loading default localization
11:20:56.817 [FXGL Background Thread 1 ] DEBUG FXGLAssetLoaderServi - Loading from file system: jar:file:///C:/Users/User/.m2/repository/com/github/almasb/fxgl/17/fxgl-17.jar!/fxglassets/languages/english.lang
11:20:56.817 [FXGL Background Thread 4 ] DEBUG FXGLAssetLoaderServi - Loading from file system: jar:file:///C:/Users/User/.m2/repository/com/github/almasb/fxgl/17/fxgl-17.jar!/fxglassets/ui/fonts/VarelaRound-Regular.ttf
11:20:56.832 [FXGL Background Thread 1 ] INFO  FXGLApplication      - FXGL initialization took: 0.289 sec
11:20:56.841 [JavaFX Application Thread] DEBUG Input                - Registered new binding: getPosition - P
11:20:56.841 [JavaFX Application Thread] DEBUG Input                - Registered new binding: zoom+ - Up
11:20:56.841 [JavaFX Application Thread] DEBUG Input                - Registered new binding: zoom- - Down
11:20:56.841 [JavaFX Application Thread] DEBUG Input                - Registered new binding: resetZoom - 0
11:20:56.841 [JavaFX Application Thread] DEBUG Input                - Registered new binding: Move right - D
11:20:56.843 [JavaFX Application Thread] DEBUG Input                - Registered new binding: Move left - A
11:20:56.843 [JavaFX Application Thread] DEBUG Input                - Registered new binding: Move Up - W
11:20:56.843 [JavaFX Application Thread] DEBUG Input                - Registered new binding: Move Down - S
11:20:56.843 [JavaFX Application Thread] DEBUG FXGLAssetLoaderServi - Loading from file system: jar:file:///C:/Users/User/.m2/repository/com/github/almasb/fxgl/17/fxgl-17.jar!/fxglassets/textures/fxgl_icon.png
11:20:56.849 [FXGL Background Thread 4 ] DEBUG FXGLAssetLoaderServi - Loading from file system: jar:file:///C:/Users/User/.m2/repository/com/github/almasb/fxgl/17/fxgl-17.jar!/fxglassets/ui/fonts/Abel-Regular.ttf
11:20:56.859 [JavaFX Application Thread] DEBUG FXGLAssetLoaderServi - Loading from file system: jar:file:///C:/Users/User/.m2/repository/com/github/almasb/fxgl/17/fxgl-17.jar!/fxglassets/textures/fxgl_default_cursor.png
11:20:56.859 [FXGL Background Thread 4 ] DEBUG FXGLAssetLoaderServi - Loading from file system: jar:file:///C:/Users/User/.m2/repository/com/github/almasb/fxgl/17/fxgl-17.jar!/fxglassets/ui/fonts/TerminalLandMono-Regular.otf
11:20:56.860 [JavaFX Application Thread] DEBUG Input                - Registered new binding: Screenshot - CTRL+8
11:20:56.861 [JavaFX Application Thread] DEBUG Input                - Registered new binding: Dev Options - 1
11:20:56.861 [JavaFX Application Thread] DEBUG Input                - Registered new binding: Dev Console - 2
11:20:56.861 [JavaFX Application Thread] DEBUG Input                - Registered new binding: System info dump - CTRL+9
11:20:56.861 [JavaFX Application Thread] DEBUG Input                - Registered new binding: Restart - CTRL+R
11:20:56.863 [JavaFX Application Thread] DEBUG Input                - Registered new binding: Toggle Debug Camera - CTRL+7
11:20:56.866 [JavaFX Application Thread] DEBUG LoopRunner           - Starting loop
11:20:56.868 [FXGL Background Thread 4 ] DEBUG FXGLAssetLoaderServi - Loading from file system: jar:file:///C:/Users/User/.m2/repository/com/github/almasb/fxgl/17/fxgl-17.jar!/fxglassets/ui/fonts/Courier-Prime.ttf
11:20:56.879 [JavaFX Application Thread] DEBUG LoopRunner           - Initializing JavaFX AnimationTimerLoop
11:20:56.881 [JavaFX Application Thread] DEBUG Input                - Clearing active input actions
11:20:56.889 [JavaFX Application Thread] DEBUG GameApplicationServi - Removing overlay from FXGLStartupScene and adding to FXGLMainMenuDummyScene
11:20:56.896 [JavaFX Application Thread] DEBUG PrimaryStageWindow   - FXGLStartupScene -> FXGLMainMenuDummyScene
11:20:56.897 [JavaFX Application Thread] DEBUG PrimaryStageWindow   - Push state: FXGLDefaultMenu
11:20:56.903 [JavaFX Application Thread] DEBUG Input                - Clearing active input actions
11:20:56.908 [JavaFX Application Thread] DEBUG GameApplicationServi - Removing overlay from FXGLMainMenuDummyScene and adding to FXGLDefaultMenu
11:20:56.908 [JavaFX Application Thread] DEBUG PrimaryStageWindow   - FXGLMainMenuDummyScene -> FXGLDefaultMenu
11:20:56.922 [JavaFX Application Thread] DEBUG FXGLApplication      - Registering font factories with UI factory
11:20:57.195 [FXGL Background Thread 2 ] INFO  UpdaterService       - Your current version:  17
11:20:57.195 [FXGL Background Thread 2 ] INFO  UpdaterService       - Latest stable version: 21
11:20:57.713 [JavaFX Application Thread] DEBUG Menu                 - fireNewGame()
11:20:57.713 [JavaFX Application Thread] DEBUG GameApplicationServi - Starting new game
11:20:57.714 [JavaFX Application Thread] DEBUG PrimaryStageWindow   - Pop state: FXGLDefaultMenu
11:20:57.714 [JavaFX Application Thread] DEBUG Input                - Clearing active input actions
11:20:57.715 [JavaFX Application Thread] DEBUG GameApplicationServi - Removing overlay from FXGLDefaultMenu and adding to FXGLMainMenuDummyScene
11:20:57.717 [JavaFX Application Thread] DEBUG PrimaryStageWindow   - FXGLMainMenuDummyScene <- FXGLDefaultMenu
11:20:57.717 [JavaFX Application Thread] DEBUG Input                - Clearing active input actions
11:20:57.722 [JavaFX Application Thread] DEBUG GameApplicationServi - Removing overlay from FXGLMainMenuDummyScene and adding to FXGLLoadingScene
11:20:57.723 [JavaFX Application Thread] DEBUG PrimaryStageWindow   - FXGLMainMenuDummyScene -> FXGLLoadingScene
11:20:57.723 [JavaFX Application Thread] DEBUG GameApplicationServi - Clearing previous game
11:20:57.723 [JavaFX Application Thread] DEBUG GameScene            - Clearing game scene
11:20:57.723 [JavaFX Application Thread] DEBUG GameWorld            - Clearing game world
11:20:57.723 [JavaFX Application Thread] DEBUG PhysicsWorld         - Clearing physics world
11:20:57.726 [FXGL Background Thread 2 ] DEBUG FXGLApplication      - Initializing game
11:20:57.757 [FXGL Background Thread 2 ] WARN  TMXLevelLoader       - TiledMap generated from 1.10.2. Supported version: 1.2.3. Some features may not be parsed fully.
11:20:57.765 [FXGL Background Thread 2 ] DEBUG TMXLevelLoader       - Parsed TiledMap: file:/C:/Users/User/zeldaPuzzle/target/classes/assets/levels/StartingMap.tmx
11:20:57.766 [FXGL Background Thread 2 ] DEBUG TMXLevelLoader       - Creating tile layer entities
11:20:57.768 [FXGL Background Thread 2 ] DEBUG TilesetLoader        - Loading view for layer Calque de Tuiles 1
11:20:57.770 [FXGL Background Thread 2 ] DEBUG TilesetLoader        - Created buffer with size 1920.0x1920.0
11:20:57.777 [FXGL Background Thread 2 ] DEBUG TilesetLoader        - Loading view for layer Calque de Tuiles 2
11:20:57.780 [FXGL Background Thread 2 ] DEBUG TilesetLoader        - Created buffer with size 1920.0x1920.0
11:20:57.784 [FXGL Background Thread 2 ] DEBUG TilesetLoader        - Loading view for layer Calque de Tuiles 3
11:20:57.789 [FXGL Background Thread 2 ] DEBUG TilesetLoader        - Created buffer with size 1920.0x1920.0
11:20:57.790 [FXGL Background Thread 2 ] DEBUG TMXLevelLoader       - Creating object layer entities
11:20:57.800 [FXGL Background Thread 2 ] DEBUG GameWorld            - Clearing removable entities
11:20:57.800 [FXGL Background Thread 2 ] DEBUG GameWorld            - Setting level: com.almasb.fxgl.entity.level.Level@55acf3fd
11:20:57.808 [FXGL Background Thread 2 ] WARN  GameWorld            - Entity is already attached to world
11:20:57.824 [FXGL Background Thread 2 ] WARN  GameWorld            - Entity is already attached to world
11:20:57.825 [FXGL Background Thread 2 ] INFO  FXGLApplication      - Game initialization took: 0.099 sec
11:20:57.825 [JavaFX Application Thread] DEBUG Input                - Clearing active input actions
11:20:57.828 [JavaFX Application Thread] DEBUG GameApplicationServi - Removing overlay from FXGLLoadingScene and adding to GameScene
11:20:57.829 [JavaFX Application Thread] DEBUG PrimaryStageWindow   - FXGLLoadingScene -> GameScene
11:20:58.392 [JavaFX Application Thread] DEBUG LoopRunner           - Stopping loop
11:20:58.393 [JavaFX Application Thread] FATAL FXGLApplication      - Uncaught Exception:
java.lang.NullPointerException: Cannot invoke "com.almasb.fxgl.physics.PhysicsComponent.getEntity()" because "this.physics" is null
	at com.example.zeldapuzzle/com.example.zeldapuzzle.animation.AnimationComponent.moveRight(AnimationComponent.java:104)
	at com.example.zeldapuzzle/com.example.zeldapuzzle.MainGameApp$5.onAction(MainGameApp.java:81)
	at com.almasb.fxgl.core@17/com.almasb.fxgl.input.UserAction.action$fxgl_core(UserAction.kt:38)
	at com.almasb.fxgl.core@17/com.almasb.fxgl.input.Input.update(Input.kt:271)
	at com.almasb.fxgl.scene@17/com.almasb.fxgl.scene.Scene.update(Scene.kt:103)
	at com.almasb.fxgl.all@17/com.almasb.fxgl.app.MainWindow$update$1.invoke(MainWindow.kt:115)
	at com.almasb.fxgl.all@17/com.almasb.fxgl.app.MainWindow$update$1.invoke(MainWindow.kt:115)
	at com.almasb.fxgl.core@17/com.almasb.fxgl.core.fsm.StateMachine.runOnActiveStates(StateMachine.kt:69)
	at com.almasb.fxgl.all@17/com.almasb.fxgl.app.MainWindow.update(MainWindow.kt:115)
	at com.almasb.fxgl.all@17/com.almasb.fxgl.app.FXGLApplication$GameApplicationService.onUpdate(FXGLApplication.kt:426)
	at com.almasb.fxgl.all@17/com.almasb.fxgl.app.Engine.loop(Engine.kt:134)
	at com.almasb.fxgl.all@17/com.almasb.fxgl.app.Engine.access$loop(Engine.kt:24)
	at com.almasb.fxgl.all@17/com.almasb.fxgl.app.Engine$loop$1.invoke(Engine.kt:28)
	at com.almasb.fxgl.all@17/com.almasb.fxgl.app.Engine$loop$1.invoke(Engine.kt:28)
	at com.almasb.fxgl.all@17/com.almasb.fxgl.app.LoopRunner.frame(LoopRunner.kt:103)
	at com.almasb.fxgl.all@17/com.almasb.fxgl.app.LoopRunner.access$frame(LoopRunner.kt:23)
	at com.almasb.fxgl.all@17/com.almasb.fxgl.app.LoopRunner$impl$2$1.onTick(LoopRunner.kt:57)
	at com.almasb.fxgl.all@17/com.almasb.fxgl.app.AnimationTimerLoop$timer$1.handle(LoopRunner.kt:137)
	at javafx.graphics@19/javafx.animation.AnimationTimer$AnimationTimerReceiver.lambda$handle$0(AnimationTimer.java:58)
	at java.base/java.security.AccessController.doPrivileged(AccessController.java:400)
	at javafx.graphics@19/javafx.animation.AnimationTimer$AnimationTimerReceiver.handle(AnimationTimer.java:57)
	at javafx.graphics@19/com.sun.scenario.animation.AbstractPrimaryTimer.timePulseImpl(AbstractPrimaryTimer.java:356)
	at javafx.graphics@19/com.sun.scenario.animation.AbstractPrimaryTimer$MainLoop.run(AbstractPrimaryTimer.java:266)
	at javafx.graphics@19/com.sun.javafx.tk.quantum.QuantumToolkit.pulse(QuantumToolkit.java:571)
	at javafx.graphics@19/com.sun.javafx.tk.quantum.QuantumToolkit.pulse(QuantumToolkit.java:555)
	at javafx.graphics@19/com.sun.javafx.tk.quantum.QuantumToolkit.pulseFromQueue(QuantumToolkit.java:548)
	at javafx.graphics@19/com.sun.javafx.tk.quantum.QuantumToolkit.lambda$runToolkit$11(QuantumToolkit.java:352)
	at javafx.graphics@19/com.sun.glass.ui.InvokeLaterDispatcher$Future.run(InvokeLaterDispatcher.java:96)
	at javafx.graphics@19/com.sun.glass.ui.win.WinApplication._runLoop(Native Method)
	at javafx.graphics@19/com.sun.glass.ui.win.WinApplication.lambda$runLoop$3(WinApplication.java:184)
	at java.base/java.lang.Thread.run(Thread.java:1583)

11:20:58.393 [JavaFX Application Thread] FATAL FXGLApplication      - Application will now exit
11:20:58.396 [JavaFX Application Thread] DEBUG PrimaryStageWindow   - Push state: ErrorSubScene
11:20:58.396 [JavaFX Application Thread] DEBUG Input                - Clearing active input actions
11:20:58.397 [JavaFX Application Thread] DEBUG GameApplicationServi - Removing overlay from GameScene and adding to ErrorSubScene
11:20:58.397 [JavaFX Application Thread] DEBUG PrimaryStageWindow   - GameScene -> ErrorSubScene
11:20:59.817 [FXGL Background Thread 3 ] DEBUG Engine               - Logging environment variables
11:20:59.817 [FXGL Background Thread 3 ] DEBUG Engine               - achievements: []
11:20:59.817 [FXGL Background Thread 3 ] DEBUG Engine               - actualHeight: 800.0
11:20:59.818 [FXGL Background Thread 3 ] DEBUG Engine               - actualHeightProperty: ReadOnlyDoubleProperty [value: 800.0]
11:20:59.818 [FXGL Background Thread 3 ] DEBUG Engine               - actualWidth: 800.0
11:20:59.818 [FXGL Background Thread 3 ] DEBUG Engine               - actualWidthProperty: ReadOnlyDoubleProperty [value: 800.0]
11:20:59.818 [FXGL Background Thread 3 ] DEBUG Engine               - appIcon: fxgl_icon.png
11:20:59.818 [FXGL Background Thread 3 ] DEBUG Engine               - applicationMode: DEVELOPER
11:20:59.818 [FXGL Background Thread 3 ] DEBUG Engine               - cSSList: [fxgl_dark.css]
11:20:59.818 [FXGL Background Thread 3 ] DEBUG Engine               - collisionDetectionStrategy: BRUTE_FORCE
11:20:59.818 [FXGL Background Thread 3 ] DEBUG Engine               - configClass: Optional.empty
11:20:59.818 [FXGL Background Thread 3 ] DEBUG Engine               - credits: []
11:20:59.819 [FXGL Background Thread 3 ] DEBUG Engine               - defaultCursor: CursorInfo(imageName=fxgl_default_cursor.png, hotspotX=7.0, hotspotY=6.0)
11:20:59.819 [FXGL Background Thread 3 ] DEBUG Engine               - devBBoxColorProperty: ObjectProperty [value: 0xff0000ff]
11:20:59.819 [FXGL Background Thread 3 ] DEBUG Engine               - devEnableDebugCameraProperty: BooleanProperty [value: false]
11:20:59.819 [FXGL Background Thread 3 ] DEBUG Engine               - devSensorColorProperty: ObjectProperty [value: 0xffff00ff]
11:20:59.819 [FXGL Background Thread 3 ] DEBUG Engine               - devShowBBoxProperty: BooleanProperty [value: false]
11:20:59.819 [FXGL Background Thread 3 ] DEBUG Engine               - devShowPositionProperty: BooleanProperty [value: false]
11:20:59.819 [FXGL Background Thread 3 ] DEBUG Engine               - enabledMenuItems: []
11:20:59.819 [FXGL Background Thread 3 ] DEBUG Engine               - engineServices: [class com.almasb.fxgl.app.services.FXGLAssetLoaderService, class com.almasb.fxgl.app.FXGLApplication$GameApplicationService, class com.almasb.fxgl.app.services.FXGLDialogService, class com.almasb.fxgl.app.services.IOTaskExecutorService, class com.almasb.fxgl.io.FileSystemService, class com.almasb.fxgl.localization.LocalizationService, class com.almasb.fxgl.app.services.SystemBundleService, class com.almasb.fxgl.profile.SaveLoadService, class com.almasb.fxgl.ui.FXGLUIFactoryServiceProvider, class com.almasb.fxgl.ui.FXGLDialogFactoryServiceProvider, class com.almasb.fxgl.audio.AudioPlayer, class com.almasb.fxgl.notification.impl.NotificationServiceProvider, class com.almasb.fxgl.achievement.AchievementService, class com.almasb.fxgl.cutscene.CutsceneService, class com.almasb.fxgl.minigames.MiniGameService, class com.almasb.fxgl.net.NetService, class com.almasb.fxgl.app.services.UpdaterService, class com.almasb.fxgl.dev.DevService]
11:20:59.819 [FXGL Background Thread 3 ] DEBUG Engine               - fontGame: Abel-Regular.ttf
11:20:59.819 [FXGL Background Thread 3 ] DEBUG Engine               - fontMono: TerminalLandMono-Regular.otf
11:20:59.820 [FXGL Background Thread 3 ] DEBUG Engine               - fontText: Courier-Prime.ttf
11:20:59.820 [FXGL Background Thread 3 ] DEBUG Engine               - fontUI: VarelaRound-Regular.ttf
11:20:59.820 [FXGL Background Thread 3 ] DEBUG Engine               - fullScreen: BooleanProperty [value: false]
11:20:59.820 [FXGL Background Thread 3 ] DEBUG Engine               - gameDifficulty: MEDIUM
11:20:59.820 [FXGL Background Thread 3 ] DEBUG Engine               - gameDifficultyProperty: ObjectProperty [value: MEDIUM]
11:20:59.820 [FXGL Background Thread 3 ] DEBUG Engine               - globalMusicVolume: 0.5
11:20:59.820 [FXGL Background Thread 3 ] DEBUG Engine               - globalMusicVolumeProperty: DoubleProperty [value: 0.5]
11:20:59.820 [FXGL Background Thread 3 ] DEBUG Engine               - globalSoundVolume: 0.5
11:20:59.820 [FXGL Background Thread 3 ] DEBUG Engine               - globalSoundVolumeProperty: DoubleProperty [value: 0.5]
11:20:59.820 [FXGL Background Thread 3 ] DEBUG Engine               - height: 800
11:20:59.820 [FXGL Background Thread 3 ] DEBUG Engine               - is3D: false
11:20:59.820 [FXGL Background Thread 3 ] DEBUG Engine               - isAndroid: false
11:20:59.820 [FXGL Background Thread 3 ] DEBUG Engine               - isBrowser: false
11:20:59.820 [FXGL Background Thread 3 ] DEBUG Engine               - isClickFeedbackEnabled: false
11:20:59.820 [FXGL Background Thread 3 ] DEBUG Engine               - isCloseConfirmation: false
11:20:59.820 [FXGL Background Thread 3 ] DEBUG Engine               - isDesktop: true
11:20:59.820 [FXGL Background Thread 3 ] DEBUG Engine               - isDeveloperMenuEnabled: true
11:20:59.820 [FXGL Background Thread 3 ] DEBUG Engine               - isEmbedded: false
11:20:59.820 [FXGL Background Thread 3 ] DEBUG Engine               - isEntityPreloadEnabled: true
11:20:59.820 [FXGL Background Thread 3 ] DEBUG Engine               - isExperimentalTiledLargeMap: false
11:20:59.820 [FXGL Background Thread 3 ] DEBUG Engine               - isFileSystemWriteAllowed: true
11:20:59.820 [FXGL Background Thread 3 ] DEBUG Engine               - isFullScreenAllowed: false
11:20:59.820 [FXGL Background Thread 3 ] DEBUG Engine               - isFullScreenFromStart: false
11:20:59.820 [FXGL Background Thread 3 ] DEBUG Engine               - isGameMenuEnabled: true
11:20:59.820 [FXGL Background Thread 3 ] DEBUG Engine               - isIOS: false
11:20:59.820 [FXGL Background Thread 3 ] DEBUG Engine               - isIntroEnabled: false
11:20:59.821 [FXGL Background Thread 3 ] DEBUG Engine               - isLinux: false
11:20:59.821 [FXGL Background Thread 3 ] DEBUG Engine               - isMac: false
11:20:59.821 [FXGL Background Thread 3 ] DEBUG Engine               - isMainMenuEnabled: true
11:20:59.821 [FXGL Background Thread 3 ] DEBUG Engine               - isManualResizeEnabled: false
11:20:59.821 [FXGL Background Thread 3 ] DEBUG Engine               - isMobile: false
11:20:59.821 [FXGL Background Thread 3 ] DEBUG Engine               - isNative: false
11:20:59.821 [FXGL Background Thread 3 ] DEBUG Engine               - isPauseMusicWhenMinimized: true
11:20:59.821 [FXGL Background Thread 3 ] DEBUG Engine               - isPreserveResizeRatio: false
11:20:59.821 [FXGL Background Thread 3 ] DEBUG Engine               - isProfilingEnabled: false
11:20:59.821 [FXGL Background Thread 3 ] DEBUG Engine               - isScaleAffectedOnResize: true
11:20:59.821 [FXGL Background Thread 3 ] DEBUG Engine               - isSingleStep: false
11:20:59.821 [FXGL Background Thread 3 ] DEBUG Engine               - isUserProfileEnabled: false
11:20:59.821 [FXGL Background Thread 3 ] DEBUG Engine               - isWindows: true
11:20:59.821 [FXGL Background Thread 3 ] DEBUG Engine               - language: ObjectProperty [value: ENGLISH]
11:20:59.821 [FXGL Background Thread 3 ] DEBUG Engine               - menuKey: ESCAPE
11:20:59.821 [FXGL Background Thread 3 ] DEBUG Engine               - mouseSensitivity: 0.2
11:20:59.821 [FXGL Background Thread 3 ] DEBUG Engine               - notificationViewClass: class com.almasb.fxgl.notification.view.XboxNotificationView
11:20:59.821 [FXGL Background Thread 3 ] DEBUG Engine               - pixelsPerMeter: 50.0
11:20:59.821 [FXGL Background Thread 3 ] DEBUG Engine               - platform: WINDOWS
11:20:59.821 [FXGL Background Thread 3 ] DEBUG Engine               - prefHeightProperty: ReadOnlyDoubleProperty [value: 800.0]
11:20:59.821 [FXGL Background Thread 3 ] DEBUG Engine               - prefWidthProperty: ReadOnlyDoubleProperty [value: 800.0]
11:20:59.821 [FXGL Background Thread 3 ] DEBUG Engine               - profileDir: profiles/
11:20:59.821 [FXGL Background Thread 3 ] DEBUG Engine               - profileName: StringProperty [value: DEFAULT]
11:20:59.821 [FXGL Background Thread 3 ] DEBUG Engine               - randomSeed: -1
11:20:59.821 [FXGL Background Thread 3 ] DEBUG Engine               - runtimeInfo: RuntimeInfo(platform=WINDOWS, version=17, build=31.12.2021 18.16)
11:20:59.821 [FXGL Background Thread 3 ] DEBUG Engine               - saveFileExt: sav
11:20:59.821 [FXGL Background Thread 3 ] DEBUG Engine               - scaledHeightProp$fxgl: DoubleProperty [bound, value: 800.0]
11:20:59.821 [FXGL Background Thread 3 ] DEBUG Engine               - scaledWidthProp$fxgl: DoubleProperty [bound, value: 800.0]
11:20:59.822 [FXGL Background Thread 3 ] DEBUG Engine               - sceneFactory: com.almasb.fxgl.app.scene.SceneFactory@6f5b8c47
11:20:59.822 [FXGL Background Thread 3 ] DEBUG Engine               - secondsIn24h: 60
11:20:59.822 [FXGL Background Thread 3 ] DEBUG Engine               - soundMenuBack: menu/back.wav
11:20:59.822 [FXGL Background Thread 3 ] DEBUG Engine               - soundMenuPress: menu/press.wav
11:20:59.822 [FXGL Background Thread 3 ] DEBUG Engine               - soundMenuSelect: menu/select.wav
11:20:59.822 [FXGL Background Thread 3 ] DEBUG Engine               - soundNotification: core/notification.wav
11:20:59.822 [FXGL Background Thread 3 ] DEBUG Engine               - stageStyle: DECORATED
11:20:59.822 [FXGL Background Thread 3 ] DEBUG Engine               - supportedLanguages: [ENGLISH, FRENCH, GERMAN, HUNGARIAN, RUSSIAN]
11:20:59.822 [FXGL Background Thread 3 ] DEBUG Engine               - ticksPerSecond: -1
11:20:59.822 [FXGL Background Thread 3 ] DEBUG Engine               - title: Zelda 2D Game
11:20:59.822 [FXGL Background Thread 3 ] DEBUG Engine               - urlGithub: https://github.com/AlmasB/FXGL
11:20:59.822 [FXGL Background Thread 3 ] DEBUG Engine               - urlLeaderboard: http://fxgl-top.herokuapp.com/
11:20:59.822 [FXGL Background Thread 3 ] DEBUG Engine               - urlPOM: https://raw.githubusercontent.com/AlmasB/FXGL/release/README.md
11:20:59.822 [FXGL Background Thread 3 ] DEBUG Engine               - userAppClass: class com.example.zeldapuzzle.MainGameApp
11:20:59.822 [FXGL Background Thread 3 ] DEBUG Engine               - version: 1
11:20:59.822 [FXGL Background Thread 3 ] DEBUG Engine               - versionCheckDays: 7
11:20:59.822 [FXGL Background Thread 3 ] DEBUG Engine               - width: 800
11:20:59.822 [FXGL Background Thread 3 ] DEBUG Engine               - Logging services
11:20:59.822 [FXGL Background Thread 3 ] DEBUG Engine               - class com.almasb.fxgl.app.services.FXGLAssetLoaderService
11:20:59.822 [FXGL Background Thread 3 ] DEBUG Engine               - class com.almasb.fxgl.app.FXGLApplication$GameApplicationService
11:20:59.823 [FXGL Background Thread 3 ] DEBUG Engine               - class com.almasb.fxgl.app.services.FXGLDialogService
11:20:59.823 [FXGL Background Thread 3 ] DEBUG Engine               - class com.almasb.fxgl.app.services.IOTaskExecutorService
11:20:59.823 [FXGL Background Thread 3 ] DEBUG Engine               - class com.almasb.fxgl.io.FileSystemService
11:20:59.823 [FXGL Background Thread 3 ] DEBUG Engine               - class com.almasb.fxgl.localization.LocalizationService
11:20:59.823 [FXGL Background Thread 3 ] DEBUG Engine               - class com.almasb.fxgl.app.services.SystemBundleService
11:20:59.823 [FXGL Background Thread 3 ] DEBUG Engine               - class com.almasb.fxgl.profile.SaveLoadService
11:20:59.823 [FXGL Background Thread 3 ] DEBUG Engine               - class com.almasb.fxgl.ui.FXGLUIFactoryServiceProvider
11:20:59.823 [FXGL Background Thread 3 ] DEBUG Engine               - class com.almasb.fxgl.ui.FXGLDialogFactoryServiceProvider
11:20:59.823 [FXGL Background Thread 3 ] DEBUG Engine               - class com.almasb.fxgl.audio.AudioPlayer
11:20:59.823 [FXGL Background Thread 3 ] DEBUG Engine               - class com.almasb.fxgl.notification.impl.NotificationServiceProvider
11:20:59.823 [FXGL Background Thread 3 ] DEBUG Engine               - class com.almasb.fxgl.achievement.AchievementService
11:20:59.823 [FXGL Background Thread 3 ] DEBUG Engine               - class com.almasb.fxgl.cutscene.CutsceneService
11:20:59.823 [FXGL Background Thread 3 ] DEBUG Engine               - class com.almasb.fxgl.minigames.MiniGameService
11:20:59.823 [FXGL Background Thread 3 ] DEBUG Engine               - class com.almasb.fxgl.net.NetService
11:20:59.823 [FXGL Background Thread 3 ] DEBUG Engine               - class com.almasb.fxgl.app.services.UpdaterService
11:20:59.823 [FXGL Background Thread 3 ] DEBUG Engine               - class com.almasb.fxgl.dev.DevService
11:21:02.003 [JavaFX Application Thread] DEBUG FXGLApplication      - Exiting FXGL
11:21:02.004 [JavaFX Application Thread] DEBUG Async                - Shutting down background threads
11:21:02.004 [JavaFX Application Thread] DEBUG PrimaryStageWindow   - Closing main window
11:21:02.011 [JavaFX Application Thread] DEBUG Logger               - Closing Logger
