23:04:17.522 [main                     ] DEBUG Logger               - Configured Logger
23:04:17.537 [main                     ] DEBUG GameApplication      - Logging settings
Title: Zelda 2D Game
Version: 1
Width: 800
Height: 800
Fullscreen: true
Intro: false
Profiling: false
Single step:false
App Mode: DEVELOPER
Menu Key: ESCAPE
Stage Style: DECORATED
Scene Factory: class com.almasb.fxgl.app.scene.SceneFactory

23:04:17.669 [JavaFX Application Thread] DEBUG FXGLApplication      - Initializing FXGL
23:04:17.673 [JavaFX Application Thread] INFO  Engine               - FXGL-17 (31.12.2021 18.16) on WINDOWS (J:21.0.2 FX:19)
23:04:17.673 [JavaFX Application Thread] DEBUG Engine               - JRE Vendor Name: Oracle Corporation
23:04:17.673 [JavaFX Application Thread] DEBUG Engine               - Running on OS: Windows 10 version 10.0
23:04:17.674 [JavaFX Application Thread] DEBUG Engine               - Architecture: amd64
23:04:17.674 [JavaFX Application Thread] INFO  Engine               - Source code and latest versions at: https://github.com/AlmasB/FXGL
23:04:17.674 [JavaFX Application Thread] INFO  Engine               -       Ask questions and discuss at: https://github.com/AlmasB/FXGL/discussions
23:04:17.674 [JavaFX Application Thread] INFO  Engine               -              Join the FXGL chat at: https://gitter.im/AlmasB/FXGL
23:04:17.744 [JavaFX Application Thread] DEBUG PrimaryStageWindow   - Creating a JavaFX scene
23:04:17.793 [JavaFX Application Thread] DEBUG PrimaryStageWindow   - Target settings size: 800.0 x 800.0
23:04:17.793 [JavaFX Application Thread] DEBUG PrimaryStageWindow   - Scaled scene size:    800.0 x 800.0
23:04:17.793 [JavaFX Application Thread] DEBUG PrimaryStageWindow   - Scaled ratio: (1.0, 1.0)
23:04:17.795 [JavaFX Application Thread] DEBUG PrimaryStageWindow   - Set initial scene to FXGLStartupScene
23:04:17.801 [JavaFX Application Thread] DEBUG PrimaryStageWindow   - Opening main window
23:04:17.906 [JavaFX Application Thread] DEBUG PrimaryStageWindow   - Window border size: (16.0, 39.0)
23:04:17.906 [JavaFX Application Thread] DEBUG PrimaryStageWindow   - Scaled size: 800.0 x 800.0
23:04:17.907 [JavaFX Application Thread] DEBUG PrimaryStageWindow   - Scaled ratio: (1.0, 1.0)
23:04:17.907 [JavaFX Application Thread] DEBUG PrimaryStageWindow   - Scene size: 800.0 x 800.0
23:04:17.907 [JavaFX Application Thread] DEBUG PrimaryStageWindow   - Stage size: 816.0 x 839.0
23:04:17.914 [FXGL Background Thread 1 ] DEBUG Engine               - Initializing environment variables
23:04:17.968 [FXGL Background Thread 1 ] DEBUG FXGLAssetLoaderServi - User app class for loading assets: class com.example.zeldapuzzle.MainGameApp
23:04:17.968 [FXGL Background Thread 1 ] DEBUG GameApplicationServi - Applying CSS: fxgl_dark.css
23:04:17.969 [FXGL Background Thread 1 ] DEBUG FXGLAssetLoaderServi - Loading from file system: jar:file:///C:/Users/mbour/.m2/repository/com/github/almasb/fxgl/17/fxgl-17.jar!/fxglassets/ui/css/fxgl_dark.css
23:04:18.014 [FXGL Background Thread 1 ] DEBUG GameApplicationServi - Initializing application scenes
23:04:18.050 [FXGL Background Thread 1 ] DEBUG GameWorld            - Game world initialized
23:04:18.120 [FXGL Background Thread 1 ] DEBUG PhysicsWorld         - Physics world initialized: appHeight=800, physics.ppm=50,0
23:04:18.121 [FXGL Background Thread 1 ] DEBUG PhysicsWorld         - Using strategy: BRUTE_FORCE
23:04:18.126 [FXGL Background Thread 1 ] DEBUG GameScene            - Game scene initialized: 800x800
23:04:18.138 [FXGL Background Thread 1 ] DEBUG FXGL.DefaultMenu     - createMenuBodyMainMenu()
23:04:18.152 [FXGL Background Thread 1 ] DEBUG FXGL.DefaultMenu     - createOptionsMenu()
23:04:18.160 [FXGL Background Thread 1 ] DEBUG FXGLAssetLoaderServi - Loading from file system: jar:file:///C:/Users/mbour/.m2/repository/com/github/almasb/fxgl/17/fxgl-17.jar!/fxglassets/textures/particles/smoke.png
23:04:18.228 [FXGL Background Thread 1 ] DEBUG FXGLAssetLoaderServi - Loading from file system: jar:file:///C:/Users/mbour/.m2/repository/com/github/almasb/fxgl/17/fxgl-17.jar!/fxglassets/textures/particles/trace_horizontal.png
23:04:18.245 [FXGL Background Thread 1 ] DEBUG FXGL.DefaultMenu     - createMenuBodyGameMenu()
23:04:18.246 [FXGL Background Thread 1 ] DEBUG FXGL.DefaultMenu     - createOptionsMenu()
23:04:18.263 [FXGL Background Thread 1 ] DEBUG GameApplicationServi - Application scenes initialized
23:04:18.274 [FXGL Background Thread 1 ] DEBUG SystemBundleService  - Loading FXGL system data
23:04:18.278 [FXGL Background Thread 1 ] DEBUG FileSystemAccess     - Reading from: C:\Users\mbour\OneDrive\Bureau\Zelda TOTK WINRAR\zeldaPuzzle\system\fxgl.bundle
23:04:18.288 [FXGL Background Thread 1 ] DEBUG SystemBundleService  - Bundle FXGL: {}
23:04:18.288 [FXGL Background Thread 1 ] DEBUG UpdaterService       - Checking for updates
23:04:18.312 [FXGL Background Thread 4 ] DEBUG FXGLApplication      - Loading fonts
23:04:18.313 [FXGL Background Thread 1 ] DEBUG FXGLApplication      - Loading default localization
23:04:18.313 [FXGL Background Thread 4 ] DEBUG FXGLAssetLoaderServi - Loading from file system: jar:file:///C:/Users/mbour/.m2/repository/com/github/almasb/fxgl/17/fxgl-17.jar!/fxglassets/ui/fonts/VarelaRound-Regular.ttf
23:04:18.313 [FXGL Background Thread 1 ] DEBUG FXGLAssetLoaderServi - Loading from file system: jar:file:///C:/Users/mbour/.m2/repository/com/github/almasb/fxgl/17/fxgl-17.jar!/fxglassets/languages/english.lang
23:04:18.329 [FXGL Background Thread 1 ] INFO  FXGLApplication      - FXGL initialization took: 0,416 sec
23:04:18.343 [JavaFX Application Thread] DEBUG Input                - Registered new binding: inventaire - Tab
23:04:18.344 [JavaFX Application Thread] DEBUG Input                - Registered new binding: getPosition - P
23:04:18.344 [JavaFX Application Thread] DEBUG Input                - Registered new binding: zoom+ - Up
23:04:18.344 [JavaFX Application Thread] DEBUG Input                - Registered new binding: zoom- - Down
23:04:18.344 [JavaFX Application Thread] DEBUG Input                - Registered new binding: resetZoom - 0
23:04:18.345 [JavaFX Application Thread] DEBUG Input                - Registered new binding: Move right - D
23:04:18.345 [JavaFX Application Thread] DEBUG Input                - Registered new binding: Move left - A
23:04:18.345 [JavaFX Application Thread] DEBUG Input                - Registered new binding: Move Up - W
23:04:18.345 [JavaFX Application Thread] DEBUG Input                - Registered new binding: Move Down - S
23:04:18.346 [JavaFX Application Thread] DEBUG FXGLAssetLoaderServi - Loading from file system: jar:file:///C:/Users/mbour/.m2/repository/com/github/almasb/fxgl/17/fxgl-17.jar!/fxglassets/textures/fxgl_icon.png
23:04:18.352 [FXGL Background Thread 4 ] DEBUG FXGLAssetLoaderServi - Loading from file system: jar:file:///C:/Users/mbour/.m2/repository/com/github/almasb/fxgl/17/fxgl-17.jar!/fxglassets/ui/fonts/Abel-Regular.ttf
23:04:18.360 [JavaFX Application Thread] DEBUG FXGLAssetLoaderServi - Loading from file system: jar:file:///C:/Users/mbour/.m2/repository/com/github/almasb/fxgl/17/fxgl-17.jar!/fxglassets/textures/fxgl_default_cursor.png
23:04:18.362 [JavaFX Application Thread] DEBUG Input                - Registered new binding: Screenshot - CTRL+8
23:04:18.363 [JavaFX Application Thread] DEBUG Input                - Registered new binding: Dev Options - 1
23:04:18.363 [JavaFX Application Thread] DEBUG Input                - Registered new binding: Dev Console - 2
23:04:18.363 [FXGL Background Thread 4 ] DEBUG FXGLAssetLoaderServi - Loading from file system: jar:file:///C:/Users/mbour/.m2/repository/com/github/almasb/fxgl/17/fxgl-17.jar!/fxglassets/ui/fonts/TerminalLandMono-Regular.otf
23:04:18.363 [JavaFX Application Thread] DEBUG Input                - Registered new binding: System info dump - CTRL+9
23:04:18.363 [JavaFX Application Thread] DEBUG Input                - Registered new binding: Restart - CTRL+R
23:04:18.364 [JavaFX Application Thread] DEBUG Input                - Registered new binding: Toggle Debug Camera - CTRL+7
23:04:18.367 [JavaFX Application Thread] DEBUG LoopRunner           - Starting loop
23:04:18.374 [FXGL Background Thread 4 ] DEBUG FXGLAssetLoaderServi - Loading from file system: jar:file:///C:/Users/mbour/.m2/repository/com/github/almasb/fxgl/17/fxgl-17.jar!/fxglassets/ui/fonts/Courier-Prime.ttf
23:04:18.379 [JavaFX Application Thread] DEBUG LoopRunner           - Initializing JavaFX AnimationTimerLoop
23:04:18.382 [JavaFX Application Thread] DEBUG Input                - Clearing active input actions
23:04:18.392 [JavaFX Application Thread] DEBUG GameApplicationServi - Removing overlay from FXGLStartupScene and adding to FXGLMainMenuDummyScene
23:04:18.398 [JavaFX Application Thread] DEBUG PrimaryStageWindow   - FXGLStartupScene -> FXGLMainMenuDummyScene
23:04:18.398 [JavaFX Application Thread] DEBUG PrimaryStageWindow   - Push state: FXGLDefaultMenu
23:04:18.400 [JavaFX Application Thread] DEBUG Input                - Clearing active input actions
23:04:18.409 [JavaFX Application Thread] DEBUG GameApplicationServi - Removing overlay from FXGLMainMenuDummyScene and adding to FXGLDefaultMenu
23:04:18.409 [JavaFX Application Thread] DEBUG PrimaryStageWindow   - FXGLMainMenuDummyScene -> FXGLDefaultMenu
23:04:18.413 [JavaFX Application Thread] DEBUG FXGLApplication      - Registering font factories with UI factory
23:04:18.714 [FXGL Background Thread 2 ] INFO  UpdaterService       - Your current version:  17
23:04:18.715 [FXGL Background Thread 2 ] INFO  UpdaterService       - Latest stable version: 21.1
23:04:19.627 [JavaFX Application Thread] DEBUG Menu                 - fireNewGame()
23:04:19.627 [JavaFX Application Thread] DEBUG GameApplicationServi - Starting new game
23:04:19.631 [JavaFX Application Thread] DEBUG PrimaryStageWindow   - Pop state: FXGLDefaultMenu
23:04:19.631 [JavaFX Application Thread] DEBUG Input                - Clearing active input actions
23:04:19.633 [JavaFX Application Thread] DEBUG GameApplicationServi - Removing overlay from FXGLDefaultMenu and adding to FXGLMainMenuDummyScene
23:04:19.636 [JavaFX Application Thread] DEBUG PrimaryStageWindow   - FXGLMainMenuDummyScene <- FXGLDefaultMenu
23:04:19.636 [JavaFX Application Thread] DEBUG Input                - Clearing active input actions
23:04:19.646 [JavaFX Application Thread] DEBUG GameApplicationServi - Removing overlay from FXGLMainMenuDummyScene and adding to FXGLLoadingScene
23:04:19.647 [JavaFX Application Thread] DEBUG PrimaryStageWindow   - FXGLMainMenuDummyScene -> FXGLLoadingScene
23:04:19.648 [JavaFX Application Thread] DEBUG GameApplicationServi - Clearing previous game
23:04:19.648 [JavaFX Application Thread] DEBUG GameScene            - Clearing game scene
23:04:19.648 [JavaFX Application Thread] DEBUG GameWorld            - Clearing game world
23:04:19.648 [JavaFX Application Thread] DEBUG PhysicsWorld         - Clearing physics world
23:04:19.651 [FXGL Background Thread 2 ] DEBUG FXGLApplication      - Initializing game
23:04:19.734 [FXGL Background Thread 2 ] WARN  TMXLevelLoader       - TiledMap generated from 1.10.2. Supported version: 1.2.3. Some features may not be parsed fully.
23:04:19.791 [FXGL Background Thread 2 ] DEBUG TMXLevelLoader       - Parsed TiledMap: file:/C:/Users/mbour/OneDrive/Bureau/Zelda%20TOTK%20WINRAR/zeldaPuzzle/target/classes/assets/levels/mapFinal.tmx
23:04:19.792 [FXGL Background Thread 2 ] DEBUG TMXLevelLoader       - Creating tile layer entities
23:04:19.793 [FXGL Background Thread 2 ] DEBUG TilesetLoader        - Loading view for layer background
23:04:19.828 [FXGL Background Thread 2 ] DEBUG TilesetLoader        - Created buffer with size 4800.0x4800.0
23:04:20.002 [FXGL Background Thread 2 ] DEBUG TilesetLoader        - Loading view for layer devant
23:04:20.042 [FXGL Background Thread 2 ] DEBUG TilesetLoader        - Created buffer with size 4800.0x4800.0
23:04:20.084 [FXGL Background Thread 2 ] DEBUG TilesetLoader        - Loading view for layer devant1
23:04:20.126 [FXGL Background Thread 2 ] DEBUG TilesetLoader        - Created buffer with size 4800.0x4800.0
23:04:20.140 [FXGL Background Thread 2 ] DEBUG TMXLevelLoader       - Creating object layer entities
23:04:20.183 [FXGL Background Thread 2 ] DEBUG GameWorld            - Clearing removable entities
23:04:20.183 [FXGL Background Thread 2 ] DEBUG GameWorld            - Setting level: com.almasb.fxgl.entity.level.Level@1cbaa943
23:04:20.200 [FXGL Background Thread 2 ] WARN  GameWorld            - Entity is already attached to world
23:04:20.201 [FXGL Background Thread 2 ] WARN  GameWorld            - Entity is already attached to world
23:04:20.207 [FXGL Background Thread 2 ] INFO  FXGLApplication      - Game initialization took: 0,556 sec
23:04:20.208 [JavaFX Application Thread] DEBUG Input                - Clearing active input actions
23:04:20.215 [JavaFX Application Thread] DEBUG GameApplicationServi - Removing overlay from FXGLLoadingScene and adding to GameScene
23:04:20.217 [JavaFX Application Thread] DEBUG PrimaryStageWindow   - FXGLLoadingScene -> GameScene
23:04:21.312 [FXGL Background Thread 3 ] DEBUG Engine               - Logging environment variables
23:04:21.312 [FXGL Background Thread 3 ] DEBUG Engine               - achievements: []
23:04:21.312 [FXGL Background Thread 3 ] DEBUG Engine               - actualHeight: 800.0
23:04:21.312 [FXGL Background Thread 3 ] DEBUG Engine               - actualHeightProperty: ReadOnlyDoubleProperty [value: 800.0]
23:04:21.312 [FXGL Background Thread 3 ] DEBUG Engine               - actualWidth: 800.0
23:04:21.312 [FXGL Background Thread 3 ] DEBUG Engine               - actualWidthProperty: ReadOnlyDoubleProperty [value: 800.0]
23:04:21.312 [FXGL Background Thread 3 ] DEBUG Engine               - appIcon: fxgl_icon.png
23:04:21.312 [FXGL Background Thread 3 ] DEBUG Engine               - applicationMode: DEVELOPER
23:04:21.313 [FXGL Background Thread 3 ] DEBUG Engine               - cSSList: [fxgl_dark.css]
23:04:21.313 [FXGL Background Thread 3 ] DEBUG Engine               - collisionDetectionStrategy: BRUTE_FORCE
23:04:21.313 [FXGL Background Thread 3 ] DEBUG Engine               - configClass: Optional.empty
23:04:21.313 [FXGL Background Thread 3 ] DEBUG Engine               - credits: []
23:04:21.313 [FXGL Background Thread 3 ] DEBUG Engine               - defaultCursor: CursorInfo(imageName=fxgl_default_cursor.png, hotspotX=7.0, hotspotY=6.0)
23:04:21.313 [FXGL Background Thread 3 ] DEBUG Engine               - devBBoxColorProperty: ObjectProperty [value: 0xff0000ff]
23:04:21.313 [FXGL Background Thread 3 ] DEBUG Engine               - devEnableDebugCameraProperty: BooleanProperty [value: false]
23:04:21.313 [FXGL Background Thread 3 ] DEBUG Engine               - devSensorColorProperty: ObjectProperty [value: 0xffff00ff]
23:04:21.313 [FXGL Background Thread 3 ] DEBUG Engine               - devShowBBoxProperty: BooleanProperty [value: false]
23:04:21.313 [FXGL Background Thread 3 ] DEBUG Engine               - devShowPositionProperty: BooleanProperty [value: false]
23:04:21.313 [FXGL Background Thread 3 ] DEBUG Engine               - enabledMenuItems: []
23:04:21.314 [FXGL Background Thread 3 ] DEBUG Engine               - engineServices: [class com.almasb.fxgl.app.services.FXGLAssetLoaderService, class com.almasb.fxgl.app.FXGLApplication$GameApplicationService, class com.almasb.fxgl.app.services.FXGLDialogService, class com.almasb.fxgl.app.services.IOTaskExecutorService, class com.almasb.fxgl.io.FileSystemService, class com.almasb.fxgl.localization.LocalizationService, class com.almasb.fxgl.app.services.SystemBundleService, class com.almasb.fxgl.profile.SaveLoadService, class com.almasb.fxgl.ui.FXGLUIFactoryServiceProvider, class com.almasb.fxgl.ui.FXGLDialogFactoryServiceProvider, class com.almasb.fxgl.audio.AudioPlayer, class com.almasb.fxgl.notification.impl.NotificationServiceProvider, class com.almasb.fxgl.achievement.AchievementService, class com.almasb.fxgl.cutscene.CutsceneService, class com.almasb.fxgl.minigames.MiniGameService, class com.almasb.fxgl.net.NetService, class com.almasb.fxgl.app.services.UpdaterService, class com.almasb.fxgl.dev.DevService]
23:04:21.314 [FXGL Background Thread 3 ] DEBUG Engine               - fontGame: Abel-Regular.ttf
23:04:21.314 [FXGL Background Thread 3 ] DEBUG Engine               - fontMono: TerminalLandMono-Regular.otf
23:04:21.314 [FXGL Background Thread 3 ] DEBUG Engine               - fontText: Courier-Prime.ttf
23:04:21.314 [FXGL Background Thread 3 ] DEBUG Engine               - fontUI: VarelaRound-Regular.ttf
23:04:21.314 [FXGL Background Thread 3 ] DEBUG Engine               - fullScreen: BooleanProperty [value: false]
23:04:21.314 [FXGL Background Thread 3 ] DEBUG Engine               - gameDifficulty: MEDIUM
23:04:21.314 [FXGL Background Thread 3 ] DEBUG Engine               - gameDifficultyProperty: ObjectProperty [value: MEDIUM]
23:04:21.314 [FXGL Background Thread 3 ] DEBUG Engine               - globalMusicVolume: 0.5
23:04:21.314 [FXGL Background Thread 3 ] DEBUG Engine               - globalMusicVolumeProperty: DoubleProperty [value: 0.5]
23:04:21.314 [FXGL Background Thread 3 ] DEBUG Engine               - globalSoundVolume: 0.5
23:04:21.314 [FXGL Background Thread 3 ] DEBUG Engine               - globalSoundVolumeProperty: DoubleProperty [value: 0.5]
23:04:21.314 [FXGL Background Thread 3 ] DEBUG Engine               - height: 800
23:04:21.314 [FXGL Background Thread 3 ] DEBUG Engine               - is3D: false
23:04:21.314 [FXGL Background Thread 3 ] DEBUG Engine               - isAndroid: false
23:04:21.314 [FXGL Background Thread 3 ] DEBUG Engine               - isBrowser: false
23:04:21.314 [FXGL Background Thread 3 ] DEBUG Engine               - isClickFeedbackEnabled: false
23:04:21.314 [FXGL Background Thread 3 ] DEBUG Engine               - isCloseConfirmation: false
23:04:21.314 [FXGL Background Thread 3 ] DEBUG Engine               - isDesktop: true
23:04:21.315 [FXGL Background Thread 3 ] DEBUG Engine               - isDeveloperMenuEnabled: true
23:04:21.315 [FXGL Background Thread 3 ] DEBUG Engine               - isEmbedded: false
23:04:21.315 [FXGL Background Thread 3 ] DEBUG Engine               - isEntityPreloadEnabled: true
23:04:21.315 [FXGL Background Thread 3 ] DEBUG Engine               - isExperimentalTiledLargeMap: false
23:04:21.315 [FXGL Background Thread 3 ] DEBUG Engine               - isFileSystemWriteAllowed: true
23:04:21.315 [FXGL Background Thread 3 ] DEBUG Engine               - isFullScreenAllowed: true
23:04:21.315 [FXGL Background Thread 3 ] DEBUG Engine               - isFullScreenFromStart: false
23:04:21.315 [FXGL Background Thread 3 ] DEBUG Engine               - isGameMenuEnabled: true
23:04:21.315 [FXGL Background Thread 3 ] DEBUG Engine               - isIOS: false
23:04:21.315 [FXGL Background Thread 3 ] DEBUG Engine               - isIntroEnabled: false
23:04:21.315 [FXGL Background Thread 3 ] DEBUG Engine               - isLinux: false
23:04:21.315 [FXGL Background Thread 3 ] DEBUG Engine               - isMac: false
23:04:21.315 [FXGL Background Thread 3 ] DEBUG Engine               - isMainMenuEnabled: true
23:04:21.315 [FXGL Background Thread 3 ] DEBUG Engine               - isManualResizeEnabled: false
23:04:21.315 [FXGL Background Thread 3 ] DEBUG Engine               - isMobile: false
23:04:21.315 [FXGL Background Thread 3 ] DEBUG Engine               - isNative: false
23:04:21.315 [FXGL Background Thread 3 ] DEBUG Engine               - isPauseMusicWhenMinimized: true
23:04:21.315 [FXGL Background Thread 3 ] DEBUG Engine               - isPreserveResizeRatio: false
23:04:21.316 [FXGL Background Thread 3 ] DEBUG Engine               - isProfilingEnabled: false
23:04:21.316 [FXGL Background Thread 3 ] DEBUG Engine               - isScaleAffectedOnResize: true
23:04:21.316 [FXGL Background Thread 3 ] DEBUG Engine               - isSingleStep: false
23:04:21.316 [FXGL Background Thread 3 ] DEBUG Engine               - isUserProfileEnabled: false
23:04:21.316 [FXGL Background Thread 3 ] DEBUG Engine               - isWindows: true
23:04:21.316 [FXGL Background Thread 3 ] DEBUG Engine               - language: ObjectProperty [value: ENGLISH]
23:04:21.316 [FXGL Background Thread 3 ] DEBUG Engine               - menuKey: ESCAPE
23:04:21.316 [FXGL Background Thread 3 ] DEBUG Engine               - mouseSensitivity: 0.2
23:04:21.316 [FXGL Background Thread 3 ] DEBUG Engine               - notificationViewClass: class com.almasb.fxgl.notification.view.XboxNotificationView
23:04:21.316 [FXGL Background Thread 3 ] DEBUG Engine               - pixelsPerMeter: 50.0
23:04:21.316 [FXGL Background Thread 3 ] DEBUG Engine               - platform: WINDOWS
23:04:21.316 [FXGL Background Thread 3 ] DEBUG Engine               - prefHeightProperty: ReadOnlyDoubleProperty [value: 800.0]
23:04:21.316 [FXGL Background Thread 3 ] DEBUG Engine               - prefWidthProperty: ReadOnlyDoubleProperty [value: 800.0]
23:04:21.316 [FXGL Background Thread 3 ] DEBUG Engine               - profileDir: profiles/
23:04:21.316 [FXGL Background Thread 3 ] DEBUG Engine               - profileName: StringProperty [value: DEFAULT]
23:04:21.316 [FXGL Background Thread 3 ] DEBUG Engine               - randomSeed: -1
23:04:21.317 [FXGL Background Thread 3 ] DEBUG Engine               - runtimeInfo: RuntimeInfo(platform=WINDOWS, version=17, build=31.12.2021 18.16)
23:04:21.317 [FXGL Background Thread 3 ] DEBUG Engine               - saveFileExt: sav
23:04:21.317 [FXGL Background Thread 3 ] DEBUG Engine               - scaledHeightProp$fxgl: DoubleProperty [bound, value: 800.0]
23:04:21.317 [FXGL Background Thread 3 ] DEBUG Engine               - scaledWidthProp$fxgl: DoubleProperty [bound, value: 800.0]
23:04:21.317 [FXGL Background Thread 3 ] DEBUG Engine               - sceneFactory: com.almasb.fxgl.app.scene.SceneFactory@7ceed69d
23:04:21.317 [FXGL Background Thread 3 ] DEBUG Engine               - secondsIn24h: 60
23:04:21.317 [FXGL Background Thread 3 ] DEBUG Engine               - soundMenuBack: menu/back.wav
23:04:21.317 [FXGL Background Thread 3 ] DEBUG Engine               - soundMenuPress: menu/press.wav
23:04:21.317 [FXGL Background Thread 3 ] DEBUG Engine               - soundMenuSelect: menu/select.wav
23:04:21.317 [FXGL Background Thread 3 ] DEBUG Engine               - soundNotification: core/notification.wav
23:04:21.317 [FXGL Background Thread 3 ] DEBUG Engine               - stageStyle: DECORATED
23:04:21.317 [FXGL Background Thread 3 ] DEBUG Engine               - supportedLanguages: [ENGLISH, FRENCH, GERMAN, HUNGARIAN, RUSSIAN]
23:04:21.317 [FXGL Background Thread 3 ] DEBUG Engine               - ticksPerSecond: -1
23:04:21.317 [FXGL Background Thread 3 ] DEBUG Engine               - title: Zelda 2D Game
23:04:21.317 [FXGL Background Thread 3 ] DEBUG Engine               - urlGithub: https://github.com/AlmasB/FXGL
23:04:21.317 [FXGL Background Thread 3 ] DEBUG Engine               - urlLeaderboard: http://fxgl-top.herokuapp.com/
23:04:21.317 [FXGL Background Thread 3 ] DEBUG Engine               - urlPOM: https://raw.githubusercontent.com/AlmasB/FXGL/release/README.md
23:04:21.317 [FXGL Background Thread 3 ] DEBUG Engine               - userAppClass: class com.example.zeldapuzzle.MainGameApp
23:04:21.317 [FXGL Background Thread 3 ] DEBUG Engine               - version: 1
23:04:21.317 [FXGL Background Thread 3 ] DEBUG Engine               - versionCheckDays: 7
23:04:21.317 [FXGL Background Thread 3 ] DEBUG Engine               - width: 800
23:04:21.318 [FXGL Background Thread 3 ] DEBUG Engine               - Logging services
23:04:21.318 [FXGL Background Thread 3 ] DEBUG Engine               - class com.almasb.fxgl.app.services.FXGLAssetLoaderService
23:04:21.318 [FXGL Background Thread 3 ] DEBUG Engine               - class com.almasb.fxgl.app.FXGLApplication$GameApplicationService
23:04:21.318 [FXGL Background Thread 3 ] DEBUG Engine               - class com.almasb.fxgl.app.services.FXGLDialogService
23:04:21.318 [FXGL Background Thread 3 ] DEBUG Engine               - class com.almasb.fxgl.app.services.IOTaskExecutorService
23:04:21.318 [FXGL Background Thread 3 ] DEBUG Engine               - class com.almasb.fxgl.io.FileSystemService
23:04:21.318 [FXGL Background Thread 3 ] DEBUG Engine               - class com.almasb.fxgl.localization.LocalizationService
23:04:21.318 [FXGL Background Thread 3 ] DEBUG Engine               - class com.almasb.fxgl.app.services.SystemBundleService
23:04:21.318 [FXGL Background Thread 3 ] DEBUG Engine               - class com.almasb.fxgl.profile.SaveLoadService
23:04:21.318 [FXGL Background Thread 3 ] DEBUG Engine               - class com.almasb.fxgl.ui.FXGLUIFactoryServiceProvider
23:04:21.318 [FXGL Background Thread 3 ] DEBUG Engine               - class com.almasb.fxgl.ui.FXGLDialogFactoryServiceProvider
23:04:21.318 [FXGL Background Thread 3 ] DEBUG Engine               - class com.almasb.fxgl.audio.AudioPlayer
23:04:21.318 [FXGL Background Thread 3 ] DEBUG Engine               - class com.almasb.fxgl.notification.impl.NotificationServiceProvider
23:04:21.318 [FXGL Background Thread 3 ] DEBUG Engine               - class com.almasb.fxgl.achievement.AchievementService
23:04:21.318 [FXGL Background Thread 3 ] DEBUG Engine               - class com.almasb.fxgl.cutscene.CutsceneService
23:04:21.318 [FXGL Background Thread 3 ] DEBUG Engine               - class com.almasb.fxgl.minigames.MiniGameService
23:04:21.318 [FXGL Background Thread 3 ] DEBUG Engine               - class com.almasb.fxgl.net.NetService
23:04:21.318 [FXGL Background Thread 3 ] DEBUG Engine               - class com.almasb.fxgl.app.services.UpdaterService
23:04:21.318 [FXGL Background Thread 3 ] DEBUG Engine               - class com.almasb.fxgl.dev.DevService
23:04:21.773 [JavaFX Application Thread] WARN  TMXLevelLoader       - TiledMap generated from 1.10.2. Supported version: 1.2.3. Some features may not be parsed fully.
23:04:21.776 [JavaFX Application Thread] DEBUG TMXLevelLoader       - Parsed TiledMap: file:/C:/Users/mbour/OneDrive/Bureau/Zelda%20TOTK%20WINRAR/zeldaPuzzle/target/classes/assets/levels/interieurMaisonPlayer1.tmx
23:04:21.776 [JavaFX Application Thread] DEBUG TMXLevelLoader       - Creating tile layer entities
23:04:21.777 [JavaFX Application Thread] DEBUG TilesetLoader        - Loading view for layer background
23:04:21.777 [JavaFX Application Thread] DEBUG TilesetLoader        - Created buffer with size 1440.0x960.0
23:04:21.780 [JavaFX Application Thread] DEBUG TilesetLoader        - Loading view for layer devant
23:04:21.781 [JavaFX Application Thread] DEBUG TilesetLoader        - Created buffer with size 1440.0x960.0
23:04:21.781 [JavaFX Application Thread] DEBUG TilesetLoader        - Loading view for layer devant1
23:04:21.782 [JavaFX Application Thread] DEBUG TilesetLoader        - Created buffer with size 1440.0x960.0
23:04:21.783 [JavaFX Application Thread] DEBUG TMXLevelLoader       - Creating object layer entities
23:04:21.788 [JavaFX Application Thread] DEBUG GameWorld            - Clearing removable entities
23:04:21.794 [JavaFX Application Thread] DEBUG GameWorld            - Setting level: com.almasb.fxgl.entity.level.Level@51614e65
23:04:21.799 [JavaFX Application Thread] WARN  GameWorld            - Entity is already attached to world
23:04:23.485 [JavaFX Application Thread] WARN  TMXLevelLoader       - TiledMap generated from 1.10.2. Supported version: 1.2.3. Some features may not be parsed fully.
23:04:23.496 [JavaFX Application Thread] DEBUG TMXLevelLoader       - Parsed TiledMap: file:/C:/Users/mbour/OneDrive/Bureau/Zelda%20TOTK%20WINRAR/zeldaPuzzle/target/classes/assets/levels/mapFinal.tmx
23:04:23.496 [JavaFX Application Thread] DEBUG TMXLevelLoader       - Creating tile layer entities
23:04:23.496 [JavaFX Application Thread] DEBUG TilesetLoader        - Loading view for layer background
23:04:23.547 [JavaFX Application Thread] DEBUG TilesetLoader        - Created buffer with size 4800.0x4800.0
23:04:23.663 [JavaFX Application Thread] DEBUG TilesetLoader        - Loading view for layer devant
23:04:23.701 [JavaFX Application Thread] DEBUG TilesetLoader        - Created buffer with size 4800.0x4800.0
23:04:23.732 [JavaFX Application Thread] DEBUG TilesetLoader        - Loading view for layer devant1
23:04:23.740 [JavaFX Application Thread] DEBUG TilesetLoader        - Created buffer with size 4800.0x4800.0
23:04:23.756 [JavaFX Application Thread] DEBUG TMXLevelLoader       - Creating object layer entities
23:04:23.772 [JavaFX Application Thread] DEBUG GameWorld            - Clearing removable entities
23:04:23.774 [JavaFX Application Thread] DEBUG GameWorld            - Setting level: com.almasb.fxgl.entity.level.Level@2eb95767
23:04:23.781 [JavaFX Application Thread] WARN  GameWorld            - Entity is already attached to world
23:04:45.631 [JavaFX Application Thread] WARN  TMXLevelLoader       - TiledMap generated from 1.10.2. Supported version: 1.2.3. Some features may not be parsed fully.
23:04:45.645 [JavaFX Application Thread] DEBUG TMXLevelLoader       - Parsed TiledMap: file:/C:/Users/mbour/OneDrive/Bureau/Zelda%20TOTK%20WINRAR/zeldaPuzzle/target/classes/assets/levels/leDongeon.tmx
23:04:45.645 [JavaFX Application Thread] DEBUG TMXLevelLoader       - Creating tile layer entities
23:04:45.645 [JavaFX Application Thread] DEBUG TilesetLoader        - Loading view for layer BG1
23:04:45.647 [JavaFX Application Thread] DEBUG TilesetLoader        - Created buffer with size 2400.0x800.0
23:04:45.664 [JavaFX Application Thread] DEBUG TilesetLoader        - Loading view for layer BG2
23:04:45.666 [JavaFX Application Thread] DEBUG TilesetLoader        - Created buffer with size 2400.0x800.0
23:04:45.676 [JavaFX Application Thread] DEBUG TilesetLoader        - Loading view for layer BG3
23:04:45.678 [JavaFX Application Thread] DEBUG TilesetLoader        - Created buffer with size 2400.0x800.0
23:04:45.690 [JavaFX Application Thread] DEBUG TilesetLoader        - Loading view for layer BG4a
23:04:45.691 [JavaFX Application Thread] DEBUG TilesetLoader        - Created buffer with size 2400.0x800.0
23:04:45.703 [JavaFX Application Thread] DEBUG TilesetLoader        - Loading view for layer BG4b
23:04:45.707 [JavaFX Application Thread] DEBUG TilesetLoader        - Created buffer with size 2400.0x800.0
23:04:45.719 [JavaFX Application Thread] DEBUG TilesetLoader        - Loading view for layer MainBuild2
23:04:45.722 [JavaFX Application Thread] DEBUG TilesetLoader        - Created buffer with size 2400.0x800.0
23:04:45.749 [JavaFX Application Thread] WARN  TilesetLoader        - Diagonally flipped tiles are not currently supported
23:04:45.750 [JavaFX Application Thread] WARN  TilesetLoader        - Diagonally flipped tiles are not currently supported
23:04:45.750 [JavaFX Application Thread] WARN  TilesetLoader        - Diagonally flipped tiles are not currently supported
23:04:45.750 [JavaFX Application Thread] WARN  TilesetLoader        - Diagonally flipped tiles are not currently supported
23:04:45.750 [JavaFX Application Thread] WARN  TilesetLoader        - Diagonally flipped tiles are not currently supported
23:04:45.751 [JavaFX Application Thread] WARN  TilesetLoader        - Diagonally flipped tiles are not currently supported
23:04:45.751 [JavaFX Application Thread] WARN  TilesetLoader        - Diagonally flipped tiles are not currently supported
23:04:45.751 [JavaFX Application Thread] WARN  TilesetLoader        - Diagonally flipped tiles are not currently supported
23:04:45.751 [JavaFX Application Thread] WARN  TilesetLoader        - Diagonally flipped tiles are not currently supported
23:04:45.752 [JavaFX Application Thread] WARN  TilesetLoader        - Diagonally flipped tiles are not currently supported
23:04:45.752 [JavaFX Application Thread] WARN  TilesetLoader        - Diagonally flipped tiles are not currently supported
23:04:45.752 [JavaFX Application Thread] WARN  TilesetLoader        - Diagonally flipped tiles are not currently supported
23:04:45.753 [JavaFX Application Thread] WARN  TilesetLoader        - Diagonally flipped tiles are not currently supported
23:04:45.753 [JavaFX Application Thread] WARN  TilesetLoader        - Diagonally flipped tiles are not currently supported
23:04:45.753 [JavaFX Application Thread] WARN  TilesetLoader        - Diagonally flipped tiles are not currently supported
23:04:45.754 [JavaFX Application Thread] DEBUG TilesetLoader        - Loading view for layer MainBuild3
23:04:45.758 [JavaFX Application Thread] DEBUG TilesetLoader        - Created buffer with size 2400.0x800.0
23:04:45.758 [JavaFX Application Thread] DEBUG TilesetLoader        - Loading view for layer MainBuild
23:04:45.763 [JavaFX Application Thread] DEBUG TilesetLoader        - Created buffer with size 2400.0x800.0
23:04:45.767 [JavaFX Application Thread] DEBUG TMXLevelLoader       - Creating object layer entities
23:04:45.775 [JavaFX Application Thread] DEBUG GameWorld            - Clearing removable entities
23:04:45.779 [JavaFX Application Thread] DEBUG GameWorld            - Setting level: com.almasb.fxgl.entity.level.Level@45e0b744
23:04:45.789 [JavaFX Application Thread] WARN  GameWorld            - Entity is already attached to world
23:04:58.981 [JavaFX Application Thread] WARN  GameWorld            - Entity is already attached to world
23:05:02.788 [JavaFX Application Thread] WARN  GameWorld            - Entity is already attached to world
23:05:12.595 [JavaFX Application Thread] WARN  GameWorld            - Entity is already attached to world
23:05:13.893 [JavaFX Application Thread] WARN  GameWorld            - Entity is already attached to world
23:05:15.413 [JavaFX Application Thread] WARN  GameWorld            - Entity is already attached to world
23:05:16.825 [JavaFX Application Thread] WARN  GameWorld            - Entity is already attached to world
23:05:18.178 [JavaFX Application Thread] WARN  GameWorld            - Entity is already attached to world
23:05:18.442 [JavaFX Application Thread] WARN  TMXLevelLoader       - TiledMap generated from 1.10.2. Supported version: 1.2.3. Some features may not be parsed fully.
23:05:18.448 [JavaFX Application Thread] DEBUG TMXLevelLoader       - Parsed TiledMap: file:/C:/Users/mbour/OneDrive/Bureau/Zelda%20TOTK%20WINRAR/zeldaPuzzle/target/classes/assets/levels/mapFinal.tmx
23:05:18.448 [JavaFX Application Thread] DEBUG TMXLevelLoader       - Creating tile layer entities
23:05:18.448 [JavaFX Application Thread] DEBUG TilesetLoader        - Loading view for layer background
23:05:18.460 [JavaFX Application Thread] DEBUG TilesetLoader        - Created buffer with size 4800.0x4800.0
23:05:18.556 [JavaFX Application Thread] DEBUG TilesetLoader        - Loading view for layer devant
23:05:18.562 [JavaFX Application Thread] DEBUG TilesetLoader        - Created buffer with size 4800.0x4800.0
23:05:18.583 [JavaFX Application Thread] DEBUG TilesetLoader        - Loading view for layer devant1
23:05:18.591 [JavaFX Application Thread] DEBUG TilesetLoader        - Created buffer with size 4800.0x4800.0
23:05:18.600 [JavaFX Application Thread] DEBUG TMXLevelLoader       - Creating object layer entities
23:05:18.615 [JavaFX Application Thread] DEBUG GameWorld            - Clearing removable entities
23:05:18.619 [JavaFX Application Thread] DEBUG GameWorld            - Setting level: com.almasb.fxgl.entity.level.Level@3e910edc
23:05:18.625 [JavaFX Application Thread] WARN  GameWorld            - Entity is already attached to world
23:05:40.059 [JavaFX Application Thread] WARN  TMXLevelLoader       - TiledMap generated from 1.10.2. Supported version: 1.2.3. Some features may not be parsed fully.
23:05:40.060 [JavaFX Application Thread] DEBUG TMXLevelLoader       - Parsed TiledMap: file:/C:/Users/mbour/OneDrive/Bureau/Zelda%20TOTK%20WINRAR/zeldaPuzzle/target/classes/assets/levels/interieurMaisonPlayer1.tmx
23:05:40.060 [JavaFX Application Thread] DEBUG TMXLevelLoader       - Creating tile layer entities
23:05:40.060 [JavaFX Application Thread] DEBUG TilesetLoader        - Loading view for layer background
23:05:40.061 [JavaFX Application Thread] DEBUG TilesetLoader        - Created buffer with size 1440.0x960.0
23:05:40.063 [JavaFX Application Thread] DEBUG TilesetLoader        - Loading view for layer devant
23:05:40.063 [JavaFX Application Thread] DEBUG TilesetLoader        - Created buffer with size 1440.0x960.0
23:05:40.063 [JavaFX Application Thread] DEBUG TilesetLoader        - Loading view for layer devant1
23:05:40.064 [JavaFX Application Thread] DEBUG TilesetLoader        - Created buffer with size 1440.0x960.0
23:05:40.064 [JavaFX Application Thread] DEBUG TMXLevelLoader       - Creating object layer entities
23:05:40.068 [JavaFX Application Thread] DEBUG GameWorld            - Clearing removable entities
23:05:40.070 [JavaFX Application Thread] DEBUG GameWorld            - Setting level: com.almasb.fxgl.entity.level.Level@7a9a180b
23:05:40.074 [JavaFX Application Thread] WARN  GameWorld            - Entity is already attached to world
23:05:40.685 [JavaFX Application Thread] WARN  TMXLevelLoader       - TiledMap generated from 1.10.2. Supported version: 1.2.3. Some features may not be parsed fully.
23:05:40.693 [JavaFX Application Thread] DEBUG TMXLevelLoader       - Parsed TiledMap: file:/C:/Users/mbour/OneDrive/Bureau/Zelda%20TOTK%20WINRAR/zeldaPuzzle/target/classes/assets/levels/mapFinal.tmx
23:05:40.693 [JavaFX Application Thread] DEBUG TMXLevelLoader       - Creating tile layer entities
23:05:40.693 [JavaFX Application Thread] DEBUG TilesetLoader        - Loading view for layer background
23:05:40.698 [JavaFX Application Thread] DEBUG TilesetLoader        - Created buffer with size 4800.0x4800.0
23:05:40.800 [JavaFX Application Thread] DEBUG TilesetLoader        - Loading view for layer devant
23:05:40.805 [JavaFX Application Thread] DEBUG TilesetLoader        - Created buffer with size 4800.0x4800.0
23:05:40.826 [JavaFX Application Thread] DEBUG TilesetLoader        - Loading view for layer devant1
23:05:40.852 [JavaFX Application Thread] DEBUG TilesetLoader        - Created buffer with size 4800.0x4800.0
23:05:40.860 [JavaFX Application Thread] DEBUG TMXLevelLoader       - Creating object layer entities
23:05:40.872 [JavaFX Application Thread] DEBUG GameWorld            - Clearing removable entities
23:05:40.873 [JavaFX Application Thread] DEBUG GameWorld            - Setting level: com.almasb.fxgl.entity.level.Level@4ef678fe
23:05:40.878 [JavaFX Application Thread] WARN  GameWorld            - Entity is already attached to world
23:05:49.165 [JavaFX Application Thread] WARN  TMXLevelLoader       - TiledMap generated from 1.10.2. Supported version: 1.2.3. Some features may not be parsed fully.
23:05:49.166 [JavaFX Application Thread] DEBUG TMXLevelLoader       - Parsed TiledMap: file:/C:/Users/mbour/OneDrive/Bureau/Zelda%20TOTK%20WINRAR/zeldaPuzzle/target/classes/assets/levels/interieurMaisonPlayer1.tmx
23:05:49.166 [JavaFX Application Thread] DEBUG TMXLevelLoader       - Creating tile layer entities
23:05:49.166 [JavaFX Application Thread] DEBUG TilesetLoader        - Loading view for layer background
23:05:49.167 [JavaFX Application Thread] DEBUG TilesetLoader        - Created buffer with size 1440.0x960.0
23:05:49.169 [JavaFX Application Thread] DEBUG TilesetLoader        - Loading view for layer devant
23:05:49.169 [JavaFX Application Thread] DEBUG TilesetLoader        - Created buffer with size 1440.0x960.0
23:05:49.170 [JavaFX Application Thread] DEBUG TilesetLoader        - Loading view for layer devant1
23:05:49.170 [JavaFX Application Thread] DEBUG TilesetLoader        - Created buffer with size 1440.0x960.0
23:05:49.171 [JavaFX Application Thread] DEBUG TMXLevelLoader       - Creating object layer entities
23:05:49.174 [JavaFX Application Thread] DEBUG GameWorld            - Clearing removable entities
23:05:49.176 [JavaFX Application Thread] DEBUG GameWorld            - Setting level: com.almasb.fxgl.entity.level.Level@1c0b8369
23:05:49.180 [JavaFX Application Thread] WARN  GameWorld            - Entity is already attached to world
23:05:56.272 [JavaFX Application Thread] DEBUG FXGLApplication      - Exiting FXGL
23:05:56.272 [JavaFX Application Thread] DEBUG LoopRunner           - Stopping loop
23:05:56.273 [JavaFX Application Thread] DEBUG SystemBundleService  - Saving FXGL system data
23:05:56.275 [JavaFX Application Thread] DEBUG FileSystemAccess     - Writing to: C:\Users\mbour\OneDrive\Bureau\Zelda TOTK WINRAR\zeldaPuzzle\system\fxgl.bundle
23:05:56.277 [JavaFX Application Thread] DEBUG Async                - Shutting down background threads
23:05:56.277 [JavaFX Application Thread] DEBUG PrimaryStageWindow   - Closing main window
23:05:56.288 [JavaFX Application Thread] DEBUG Logger               - Closing Logger
