10:19:22.488 [main                     ] DEBUG Logger               - Configured Logger
10:19:22.502 [main                     ] DEBUG GameApplication      - Logging settings
Title: Zelda 2D Game
Version: 1
Width: 800
Height: 800
Fullscreen: true
Intro: false
Profiling: false
Single step:false
App Mode: DEVELOPER
Menu Key: ESCAPE
Stage Style: DECORATED
Scene Factory: class com.almasb.fxgl.app.scene.SceneFactory

10:19:22.628 [JavaFX Application Thread] DEBUG FXGLApplication      - Initializing FXGL
10:19:22.631 [JavaFX Application Thread] INFO  Engine               - FXGL-17 (31.12.2021 18.16) on WINDOWS (J:21.0.2 FX:19)
10:19:22.632 [JavaFX Application Thread] DEBUG Engine               - JRE Vendor Name: Oracle Corporation
10:19:22.632 [JavaFX Application Thread] DEBUG Engine               - Running on OS: Windows 10 version 10.0
10:19:22.632 [JavaFX Application Thread] DEBUG Engine               - Architecture: amd64
10:19:22.632 [JavaFX Application Thread] INFO  Engine               - Source code and latest versions at: https://github.com/AlmasB/FXGL
10:19:22.632 [JavaFX Application Thread] INFO  Engine               -       Ask questions and discuss at: https://github.com/AlmasB/FXGL/discussions
10:19:22.633 [JavaFX Application Thread] INFO  Engine               -              Join the FXGL chat at: https://gitter.im/AlmasB/FXGL
10:19:22.703 [JavaFX Application Thread] DEBUG PrimaryStageWindow   - Creating a JavaFX scene
10:19:22.745 [JavaFX Application Thread] DEBUG PrimaryStageWindow   - Target settings size: 800.0 x 800.0
10:19:22.745 [JavaFX Application Thread] DEBUG PrimaryStageWindow   - Scaled scene size:    800.0 x 800.0
10:19:22.746 [JavaFX Application Thread] DEBUG PrimaryStageWindow   - Scaled ratio: (1.0, 1.0)
10:19:22.747 [JavaFX Application Thread] DEBUG PrimaryStageWindow   - Set initial scene to FXGLStartupScene
10:19:22.751 [JavaFX Application Thread] DEBUG PrimaryStageWindow   - Opening main window
10:19:22.825 [JavaFX Application Thread] DEBUG PrimaryStageWindow   - Window border size: (16.0, 39.0)
10:19:22.826 [JavaFX Application Thread] DEBUG PrimaryStageWindow   - Scaled size: 800.0 x 800.0
10:19:22.826 [JavaFX Application Thread] DEBUG PrimaryStageWindow   - Scaled ratio: (1.0, 1.0)
10:19:22.826 [JavaFX Application Thread] DEBUG PrimaryStageWindow   - Scene size: 800.0 x 800.0
10:19:22.826 [JavaFX Application Thread] DEBUG PrimaryStageWindow   - Stage size: 816.0 x 839.0
10:19:22.832 [FXGL Background Thread 1 ] DEBUG Engine               - Initializing environment variables
10:19:22.869 [FXGL Background Thread 1 ] DEBUG FXGLAssetLoaderServi - User app class for loading assets: class com.example.zeldapuzzle.MainGameApp
10:19:22.869 [FXGL Background Thread 1 ] DEBUG GameApplicationServi - Applying CSS: fxgl_dark.css
10:19:22.870 [FXGL Background Thread 1 ] DEBUG FXGLAssetLoaderServi - Loading from file system: jar:file:///C:/Users/mbour/.m2/repository/com/github/almasb/fxgl/17/fxgl-17.jar!/fxglassets/ui/css/fxgl_dark.css
10:19:22.908 [FXGL Background Thread 1 ] DEBUG GameApplicationServi - Initializing application scenes
10:19:22.943 [FXGL Background Thread 1 ] DEBUG GameWorld            - Game world initialized
10:19:22.998 [FXGL Background Thread 1 ] DEBUG PhysicsWorld         - Physics world initialized: appHeight=800, physics.ppm=50,0
10:19:22.998 [FXGL Background Thread 1 ] DEBUG PhysicsWorld         - Using strategy: BRUTE_FORCE
10:19:23.003 [FXGL Background Thread 1 ] DEBUG GameScene            - Game scene initialized: 800x800
10:19:23.013 [FXGL Background Thread 1 ] DEBUG FXGL.DefaultMenu     - createMenuBodyMainMenu()
10:19:23.025 [FXGL Background Thread 1 ] DEBUG FXGL.DefaultMenu     - createOptionsMenu()
10:19:23.032 [FXGL Background Thread 1 ] DEBUG FXGLAssetLoaderServi - Loading from file system: jar:file:///C:/Users/mbour/.m2/repository/com/github/almasb/fxgl/17/fxgl-17.jar!/fxglassets/textures/particles/smoke.png
10:19:23.099 [FXGL Background Thread 1 ] DEBUG FXGLAssetLoaderServi - Loading from file system: jar:file:///C:/Users/mbour/.m2/repository/com/github/almasb/fxgl/17/fxgl-17.jar!/fxglassets/textures/particles/trace_horizontal.png
10:19:23.117 [FXGL Background Thread 1 ] DEBUG FXGL.DefaultMenu     - createMenuBodyGameMenu()
10:19:23.118 [FXGL Background Thread 1 ] DEBUG FXGL.DefaultMenu     - createOptionsMenu()
10:19:23.133 [FXGL Background Thread 1 ] DEBUG GameApplicationServi - Application scenes initialized
10:19:23.145 [FXGL Background Thread 1 ] DEBUG SystemBundleService  - Loading FXGL system data
10:19:23.149 [FXGL Background Thread 1 ] DEBUG FileSystemAccess     - Reading from: C:\Users\mbour\OneDrive\Bureau\Zelda TOTK WINRAR\zeldaPuzzle\system\fxgl.bundle
10:19:23.158 [FXGL Background Thread 1 ] DEBUG SystemBundleService  - Bundle FXGL: {}
10:19:23.158 [FXGL Background Thread 1 ] DEBUG UpdaterService       - Checking for updates
10:19:23.183 [FXGL Background Thread 4 ] DEBUG FXGLApplication      - Loading fonts
10:19:23.183 [FXGL Background Thread 1 ] DEBUG FXGLApplication      - Loading default localization
10:19:23.184 [FXGL Background Thread 4 ] DEBUG FXGLAssetLoaderServi - Loading from file system: jar:file:///C:/Users/mbour/.m2/repository/com/github/almasb/fxgl/17/fxgl-17.jar!/fxglassets/ui/fonts/VarelaRound-Regular.ttf
10:19:23.184 [FXGL Background Thread 1 ] DEBUG FXGLAssetLoaderServi - Loading from file system: jar:file:///C:/Users/mbour/.m2/repository/com/github/almasb/fxgl/17/fxgl-17.jar!/fxglassets/languages/english.lang
10:19:23.202 [FXGL Background Thread 1 ] INFO  FXGLApplication      - FXGL initialization took: 0,370 sec
10:19:23.213 [JavaFX Application Thread] DEBUG Input                - Registered new binding: getPosition - P
10:19:23.213 [JavaFX Application Thread] DEBUG Input                - Registered new binding: zoom+ - Up
10:19:23.213 [JavaFX Application Thread] DEBUG Input                - Registered new binding: zoom- - Down
10:19:23.213 [JavaFX Application Thread] DEBUG Input                - Registered new binding: resetZoom - 0
10:19:23.213 [JavaFX Application Thread] DEBUG Input                - Registered new binding: Move right - D
10:19:23.213 [JavaFX Application Thread] DEBUG Input                - Registered new binding: Move left - A
10:19:23.214 [JavaFX Application Thread] DEBUG Input                - Registered new binding: Move Up - W
10:19:23.214 [JavaFX Application Thread] DEBUG Input                - Registered new binding: Move Down - S
10:19:23.214 [JavaFX Application Thread] DEBUG FXGLAssetLoaderServi - Loading from file system: jar:file:///C:/Users/mbour/.m2/repository/com/github/almasb/fxgl/17/fxgl-17.jar!/fxglassets/textures/fxgl_icon.png
10:19:23.217 [FXGL Background Thread 4 ] DEBUG FXGLAssetLoaderServi - Loading from file system: jar:file:///C:/Users/mbour/.m2/repository/com/github/almasb/fxgl/17/fxgl-17.jar!/fxglassets/ui/fonts/Abel-Regular.ttf
10:19:23.226 [JavaFX Application Thread] DEBUG FXGLAssetLoaderServi - Loading from file system: jar:file:///C:/Users/mbour/.m2/repository/com/github/almasb/fxgl/17/fxgl-17.jar!/fxglassets/textures/fxgl_default_cursor.png
10:19:23.230 [FXGL Background Thread 4 ] DEBUG FXGLAssetLoaderServi - Loading from file system: jar:file:///C:/Users/mbour/.m2/repository/com/github/almasb/fxgl/17/fxgl-17.jar!/fxglassets/ui/fonts/TerminalLandMono-Regular.otf
10:19:23.230 [JavaFX Application Thread] DEBUG Input                - Registered new binding: Dev Options - 1
10:19:23.231 [JavaFX Application Thread] DEBUG Input                - Registered new binding: Dev Console - 2
10:19:23.231 [JavaFX Application Thread] DEBUG Input                - Registered new binding: System info dump - CTRL+9
10:19:23.231 [JavaFX Application Thread] DEBUG Input                - Registered new binding: Restart - CTRL+R
10:19:23.232 [JavaFX Application Thread] DEBUG Input                - Registered new binding: Toggle Debug Camera - CTRL+7
10:19:23.235 [JavaFX Application Thread] DEBUG LoopRunner           - Starting loop
10:19:23.240 [FXGL Background Thread 4 ] DEBUG FXGLAssetLoaderServi - Loading from file system: jar:file:///C:/Users/mbour/.m2/repository/com/github/almasb/fxgl/17/fxgl-17.jar!/fxglassets/ui/fonts/Courier-Prime.ttf
10:19:23.247 [JavaFX Application Thread] DEBUG LoopRunner           - Initializing JavaFX AnimationTimerLoop
10:19:23.250 [JavaFX Application Thread] DEBUG Input                - Clearing active input actions
10:19:23.257 [JavaFX Application Thread] DEBUG GameApplicationServi - Removing overlay from FXGLStartupScene and adding to FXGLMainMenuDummyScene
10:19:23.262 [JavaFX Application Thread] DEBUG PrimaryStageWindow   - FXGLStartupScene -> FXGLMainMenuDummyScene
10:19:23.262 [JavaFX Application Thread] DEBUG PrimaryStageWindow   - Push state: FXGLDefaultMenu
10:19:23.265 [JavaFX Application Thread] DEBUG Input                - Clearing active input actions
10:19:23.273 [JavaFX Application Thread] DEBUG GameApplicationServi - Removing overlay from FXGLMainMenuDummyScene and adding to FXGLDefaultMenu
10:19:23.274 [JavaFX Application Thread] DEBUG PrimaryStageWindow   - FXGLMainMenuDummyScene -> FXGLDefaultMenu
10:19:23.459 [JavaFX Application Thread] DEBUG FXGLApplication      - Registering font factories with UI factory
10:19:23.591 [FXGL Background Thread 2 ] INFO  UpdaterService       - Your current version:  17
10:19:23.591 [FXGL Background Thread 2 ] INFO  UpdaterService       - Latest stable version: 21.1
10:19:24.559 [JavaFX Application Thread] DEBUG Menu                 - fireNewGame()
10:19:24.559 [JavaFX Application Thread] DEBUG GameApplicationServi - Starting new game
10:19:24.561 [JavaFX Application Thread] DEBUG PrimaryStageWindow   - Pop state: FXGLDefaultMenu
10:19:24.561 [JavaFX Application Thread] DEBUG Input                - Clearing active input actions
10:19:24.562 [JavaFX Application Thread] DEBUG GameApplicationServi - Removing overlay from FXGLDefaultMenu and adding to FXGLMainMenuDummyScene
10:19:24.564 [JavaFX Application Thread] DEBUG PrimaryStageWindow   - FXGLMainMenuDummyScene <- FXGLDefaultMenu
10:19:24.564 [JavaFX Application Thread] DEBUG Input                - Clearing active input actions
10:19:24.572 [JavaFX Application Thread] DEBUG GameApplicationServi - Removing overlay from FXGLMainMenuDummyScene and adding to FXGLLoadingScene
10:19:24.573 [JavaFX Application Thread] DEBUG PrimaryStageWindow   - FXGLMainMenuDummyScene -> FXGLLoadingScene
10:19:24.573 [JavaFX Application Thread] DEBUG GameApplicationServi - Clearing previous game
10:19:24.573 [JavaFX Application Thread] DEBUG GameScene            - Clearing game scene
10:19:24.573 [JavaFX Application Thread] DEBUG GameWorld            - Clearing game world
10:19:24.574 [JavaFX Application Thread] DEBUG PhysicsWorld         - Clearing physics world
10:19:24.576 [FXGL Background Thread 2 ] DEBUG FXGLApplication      - Initializing game
10:19:24.616 [FXGL Background Thread 2 ] WARN  TMXLevelLoader       - TiledMap generated from 1.10.2. Supported version: 1.2.3. Some features may not be parsed fully.
10:19:24.628 [FXGL Background Thread 2 ] DEBUG TMXLevelLoader       - Parsed TiledMap: file:/C:/Users/mbour/OneDrive/Bureau/Zelda%20TOTK%20WINRAR/zeldaPuzzle/target/classes/assets/levels/StartingMap.tmx
10:19:24.629 [FXGL Background Thread 2 ] DEBUG TMXLevelLoader       - Creating tile layer entities
10:19:24.631 [FXGL Background Thread 2 ] DEBUG TilesetLoader        - Loading view for layer Calque de Tuiles 1
10:19:24.632 [FXGL Background Thread 2 ] DEBUG TilesetLoader        - Created buffer with size 960.0x960.0
10:19:24.655 [FXGL Background Thread 2 ] DEBUG TilesetLoader        - Loading view for layer Calque de Tuiles 2
10:19:24.656 [FXGL Background Thread 2 ] DEBUG TilesetLoader        - Created buffer with size 960.0x960.0
10:19:24.685 [FXGL Background Thread 2 ] WARN  TilesetLoader        - file:/C:/Users/mbour/OneDrive/Bureau/Zelda%20TOTK%20WINRAR/zeldaPuzzle/target/classes/assets/levels/#1 - Transparent Icons.png cannot be loaded
10:19:24.755 [FXGL Background Thread 2 ] DEBUG TMXLevelLoader       - Creating object layer entities
10:19:24.766 [FXGL Background Thread 2 ] DEBUG GameWorld            - Clearing removable entities
10:19:24.767 [FXGL Background Thread 2 ] DEBUG GameWorld            - Setting level: com.almasb.fxgl.entity.level.Level@f7a7c6a
10:19:24.774 [FXGL Background Thread 2 ] WARN  GameWorld            - Entity is already attached to world
10:19:24.839 [FXGL Background Thread 2 ] WARN  GameWorld            - Entity is already attached to world
10:19:24.840 [FXGL Background Thread 2 ] INFO  FXGLApplication      - Game initialization took: 0,264 sec
10:19:24.840 [JavaFX Application Thread] DEBUG Input                - Clearing active input actions
10:19:24.845 [JavaFX Application Thread] DEBUG GameApplicationServi - Removing overlay from FXGLLoadingScene and adding to GameScene
10:19:24.847 [JavaFX Application Thread] DEBUG PrimaryStageWindow   - FXGLLoadingScene -> GameScene
10:19:26.183 [FXGL Background Thread 3 ] DEBUG Engine               - Logging environment variables
10:19:26.183 [FXGL Background Thread 3 ] DEBUG Engine               - achievements: []
10:19:26.183 [FXGL Background Thread 3 ] DEBUG Engine               - actualHeight: 800.0
10:19:26.183 [FXGL Background Thread 3 ] DEBUG Engine               - actualHeightProperty: ReadOnlyDoubleProperty [value: 800.0]
10:19:26.183 [FXGL Background Thread 3 ] DEBUG Engine               - actualWidth: 800.0
10:19:26.183 [FXGL Background Thread 3 ] DEBUG Engine               - actualWidthProperty: ReadOnlyDoubleProperty [value: 800.0]
10:19:26.183 [FXGL Background Thread 3 ] DEBUG Engine               - appIcon: fxgl_icon.png
10:19:26.184 [FXGL Background Thread 3 ] DEBUG Engine               - applicationMode: DEVELOPER
10:19:26.184 [FXGL Background Thread 3 ] DEBUG Engine               - cSSList: [fxgl_dark.css]
10:19:26.184 [FXGL Background Thread 3 ] DEBUG Engine               - collisionDetectionStrategy: BRUTE_FORCE
10:19:26.184 [FXGL Background Thread 3 ] DEBUG Engine               - configClass: Optional.empty
10:19:26.184 [FXGL Background Thread 3 ] DEBUG Engine               - credits: []
10:19:26.184 [FXGL Background Thread 3 ] DEBUG Engine               - defaultCursor: CursorInfo(imageName=fxgl_default_cursor.png, hotspotX=7.0, hotspotY=6.0)
10:19:26.184 [FXGL Background Thread 3 ] DEBUG Engine               - devBBoxColorProperty: ObjectProperty [value: 0xff0000ff]
10:19:26.184 [FXGL Background Thread 3 ] DEBUG Engine               - devEnableDebugCameraProperty: BooleanProperty [value: false]
10:19:26.184 [FXGL Background Thread 3 ] DEBUG Engine               - devSensorColorProperty: ObjectProperty [value: 0xffff00ff]
10:19:26.184 [FXGL Background Thread 3 ] DEBUG Engine               - devShowBBoxProperty: BooleanProperty [value: false]
10:19:26.184 [FXGL Background Thread 3 ] DEBUG Engine               - devShowPositionProperty: BooleanProperty [value: false]
10:19:26.184 [FXGL Background Thread 3 ] DEBUG Engine               - enabledMenuItems: []
10:19:26.184 [FXGL Background Thread 3 ] DEBUG Engine               - engineServices: [class com.almasb.fxgl.app.services.FXGLAssetLoaderService, class com.almasb.fxgl.app.FXGLApplication$GameApplicationService, class com.almasb.fxgl.app.services.FXGLDialogService, class com.almasb.fxgl.app.services.IOTaskExecutorService, class com.almasb.fxgl.io.FileSystemService, class com.almasb.fxgl.localization.LocalizationService, class com.almasb.fxgl.app.services.SystemBundleService, class com.almasb.fxgl.profile.SaveLoadService, class com.almasb.fxgl.ui.FXGLUIFactoryServiceProvider, class com.almasb.fxgl.ui.FXGLDialogFactoryServiceProvider, class com.almasb.fxgl.audio.AudioPlayer, class com.almasb.fxgl.notification.impl.NotificationServiceProvider, class com.almasb.fxgl.achievement.AchievementService, class com.almasb.fxgl.cutscene.CutsceneService, class com.almasb.fxgl.minigames.MiniGameService, class com.almasb.fxgl.net.NetService, class com.almasb.fxgl.app.services.UpdaterService, class com.almasb.fxgl.dev.DevService]
10:19:26.185 [FXGL Background Thread 3 ] DEBUG Engine               - fontGame: Abel-Regular.ttf
10:19:26.185 [FXGL Background Thread 3 ] DEBUG Engine               - fontMono: TerminalLandMono-Regular.otf
10:19:26.185 [FXGL Background Thread 3 ] DEBUG Engine               - fontText: Courier-Prime.ttf
10:19:26.185 [FXGL Background Thread 3 ] DEBUG Engine               - fontUI: VarelaRound-Regular.ttf
10:19:26.185 [FXGL Background Thread 3 ] DEBUG Engine               - fullScreen: BooleanProperty [value: false]
10:19:26.185 [FXGL Background Thread 3 ] DEBUG Engine               - gameDifficulty: MEDIUM
10:19:26.185 [FXGL Background Thread 3 ] DEBUG Engine               - gameDifficultyProperty: ObjectProperty [value: MEDIUM]
10:19:26.185 [FXGL Background Thread 3 ] DEBUG Engine               - globalMusicVolume: 0.5
10:19:26.185 [FXGL Background Thread 3 ] DEBUG Engine               - globalMusicVolumeProperty: DoubleProperty [value: 0.5]
10:19:26.185 [FXGL Background Thread 3 ] DEBUG Engine               - globalSoundVolume: 0.5
10:19:26.185 [FXGL Background Thread 3 ] DEBUG Engine               - globalSoundVolumeProperty: DoubleProperty [value: 0.5]
10:19:26.185 [FXGL Background Thread 3 ] DEBUG Engine               - height: 800
10:19:26.185 [FXGL Background Thread 3 ] DEBUG Engine               - is3D: false
10:19:26.185 [FXGL Background Thread 3 ] DEBUG Engine               - isAndroid: false
10:19:26.185 [FXGL Background Thread 3 ] DEBUG Engine               - isBrowser: false
10:19:26.185 [FXGL Background Thread 3 ] DEBUG Engine               - isClickFeedbackEnabled: false
10:19:26.185 [FXGL Background Thread 3 ] DEBUG Engine               - isCloseConfirmation: false
10:19:26.185 [FXGL Background Thread 3 ] DEBUG Engine               - isDesktop: true
10:19:26.185 [FXGL Background Thread 3 ] DEBUG Engine               - isDeveloperMenuEnabled: true
10:19:26.185 [FXGL Background Thread 3 ] DEBUG Engine               - isEmbedded: false
10:19:26.186 [FXGL Background Thread 3 ] DEBUG Engine               - isEntityPreloadEnabled: true
10:19:26.186 [FXGL Background Thread 3 ] DEBUG Engine               - isExperimentalTiledLargeMap: false
10:19:26.186 [FXGL Background Thread 3 ] DEBUG Engine               - isFileSystemWriteAllowed: true
10:19:26.186 [FXGL Background Thread 3 ] DEBUG Engine               - isFullScreenAllowed: true
10:19:26.186 [FXGL Background Thread 3 ] DEBUG Engine               - isFullScreenFromStart: false
10:19:26.186 [FXGL Background Thread 3 ] DEBUG Engine               - isGameMenuEnabled: true
10:19:26.186 [FXGL Background Thread 3 ] DEBUG Engine               - isIOS: false
10:19:26.186 [FXGL Background Thread 3 ] DEBUG Engine               - isIntroEnabled: false
10:19:26.186 [FXGL Background Thread 3 ] DEBUG Engine               - isLinux: false
10:19:26.186 [FXGL Background Thread 3 ] DEBUG Engine               - isMac: false
10:19:26.186 [FXGL Background Thread 3 ] DEBUG Engine               - isMainMenuEnabled: true
10:19:26.186 [FXGL Background Thread 3 ] DEBUG Engine               - isManualResizeEnabled: false
10:19:26.186 [FXGL Background Thread 3 ] DEBUG Engine               - isMobile: false
10:19:26.186 [FXGL Background Thread 3 ] DEBUG Engine               - isNative: false
10:19:26.186 [FXGL Background Thread 3 ] DEBUG Engine               - isPauseMusicWhenMinimized: true
10:19:26.186 [FXGL Background Thread 3 ] DEBUG Engine               - isPreserveResizeRatio: false
10:19:26.186 [FXGL Background Thread 3 ] DEBUG Engine               - isProfilingEnabled: false
10:19:26.186 [FXGL Background Thread 3 ] DEBUG Engine               - isScaleAffectedOnResize: true
10:19:26.186 [FXGL Background Thread 3 ] DEBUG Engine               - isSingleStep: false
10:19:26.186 [FXGL Background Thread 3 ] DEBUG Engine               - isUserProfileEnabled: false
10:19:26.186 [FXGL Background Thread 3 ] DEBUG Engine               - isWindows: true
10:19:26.186 [FXGL Background Thread 3 ] DEBUG Engine               - language: ObjectProperty [value: ENGLISH]
10:19:26.186 [FXGL Background Thread 3 ] DEBUG Engine               - menuKey: ESCAPE
10:19:26.186 [FXGL Background Thread 3 ] DEBUG Engine               - mouseSensitivity: 0.2
10:19:26.186 [FXGL Background Thread 3 ] DEBUG Engine               - notificationViewClass: class com.almasb.fxgl.notification.view.XboxNotificationView
10:19:26.187 [FXGL Background Thread 3 ] DEBUG Engine               - pixelsPerMeter: 50.0
10:19:26.187 [FXGL Background Thread 3 ] DEBUG Engine               - platform: WINDOWS
10:19:26.187 [FXGL Background Thread 3 ] DEBUG Engine               - prefHeightProperty: ReadOnlyDoubleProperty [value: 800.0]
10:19:26.187 [FXGL Background Thread 3 ] DEBUG Engine               - prefWidthProperty: ReadOnlyDoubleProperty [value: 800.0]
10:19:26.187 [FXGL Background Thread 3 ] DEBUG Engine               - profileDir: profiles/
10:19:26.187 [FXGL Background Thread 3 ] DEBUG Engine               - profileName: StringProperty [value: DEFAULT]
10:19:26.187 [FXGL Background Thread 3 ] DEBUG Engine               - randomSeed: -1
10:19:26.187 [FXGL Background Thread 3 ] DEBUG Engine               - runtimeInfo: RuntimeInfo(platform=WINDOWS, version=17, build=31.12.2021 18.16)
10:19:26.187 [FXGL Background Thread 3 ] DEBUG Engine               - saveFileExt: sav
10:19:26.187 [FXGL Background Thread 3 ] DEBUG Engine               - scaledHeightProp$fxgl: DoubleProperty [bound, value: 800.0]
10:19:26.187 [FXGL Background Thread 3 ] DEBUG Engine               - scaledWidthProp$fxgl: DoubleProperty [bound, value: 800.0]
10:19:26.187 [FXGL Background Thread 3 ] DEBUG Engine               - sceneFactory: com.almasb.fxgl.app.scene.SceneFactory@57c984bc
10:19:26.187 [FXGL Background Thread 3 ] DEBUG Engine               - secondsIn24h: 60
10:19:26.188 [FXGL Background Thread 3 ] DEBUG Engine               - soundMenuBack: menu/back.wav
10:19:26.188 [FXGL Background Thread 3 ] DEBUG Engine               - soundMenuPress: menu/press.wav
10:19:26.188 [FXGL Background Thread 3 ] DEBUG Engine               - soundMenuSelect: menu/select.wav
10:19:26.188 [FXGL Background Thread 3 ] DEBUG Engine               - soundNotification: core/notification.wav
10:19:26.188 [FXGL Background Thread 3 ] DEBUG Engine               - stageStyle: DECORATED
10:19:26.188 [FXGL Background Thread 3 ] DEBUG Engine               - supportedLanguages: [ENGLISH, FRENCH, GERMAN, HUNGARIAN, RUSSIAN]
10:19:26.188 [FXGL Background Thread 3 ] DEBUG Engine               - ticksPerSecond: -1
10:19:26.188 [FXGL Background Thread 3 ] DEBUG Engine               - title: Zelda 2D Game
10:19:26.188 [FXGL Background Thread 3 ] DEBUG Engine               - urlGithub: https://github.com/AlmasB/FXGL
10:19:26.188 [FXGL Background Thread 3 ] DEBUG Engine               - urlLeaderboard: http://fxgl-top.herokuapp.com/
10:19:26.188 [FXGL Background Thread 3 ] DEBUG Engine               - urlPOM: https://raw.githubusercontent.com/AlmasB/FXGL/release/README.md
10:19:26.188 [FXGL Background Thread 3 ] DEBUG Engine               - userAppClass: class com.example.zeldapuzzle.MainGameApp
10:19:26.188 [FXGL Background Thread 3 ] DEBUG Engine               - version: 1
10:19:26.188 [FXGL Background Thread 3 ] DEBUG Engine               - versionCheckDays: 7
10:19:26.188 [FXGL Background Thread 3 ] DEBUG Engine               - width: 800
10:19:26.188 [FXGL Background Thread 3 ] DEBUG Engine               - Logging services
10:19:26.188 [FXGL Background Thread 3 ] DEBUG Engine               - class com.almasb.fxgl.app.services.FXGLAssetLoaderService
10:19:26.188 [FXGL Background Thread 3 ] DEBUG Engine               - class com.almasb.fxgl.app.FXGLApplication$GameApplicationService
10:19:26.188 [FXGL Background Thread 3 ] DEBUG Engine               - class com.almasb.fxgl.app.services.FXGLDialogService
10:19:26.188 [FXGL Background Thread 3 ] DEBUG Engine               - class com.almasb.fxgl.app.services.IOTaskExecutorService
10:19:26.188 [FXGL Background Thread 3 ] DEBUG Engine               - class com.almasb.fxgl.io.FileSystemService
10:19:26.188 [FXGL Background Thread 3 ] DEBUG Engine               - class com.almasb.fxgl.localization.LocalizationService
10:19:26.188 [FXGL Background Thread 3 ] DEBUG Engine               - class com.almasb.fxgl.app.services.SystemBundleService
10:19:26.188 [FXGL Background Thread 3 ] DEBUG Engine               - class com.almasb.fxgl.profile.SaveLoadService
10:19:26.188 [FXGL Background Thread 3 ] DEBUG Engine               - class com.almasb.fxgl.ui.FXGLUIFactoryServiceProvider
10:19:26.188 [FXGL Background Thread 3 ] DEBUG Engine               - class com.almasb.fxgl.ui.FXGLDialogFactoryServiceProvider
10:19:26.189 [FXGL Background Thread 3 ] DEBUG Engine               - class com.almasb.fxgl.audio.AudioPlayer
10:19:26.189 [FXGL Background Thread 3 ] DEBUG Engine               - class com.almasb.fxgl.notification.impl.NotificationServiceProvider
10:19:26.189 [FXGL Background Thread 3 ] DEBUG Engine               - class com.almasb.fxgl.achievement.AchievementService
10:19:26.189 [FXGL Background Thread 3 ] DEBUG Engine               - class com.almasb.fxgl.cutscene.CutsceneService
10:19:26.189 [FXGL Background Thread 3 ] DEBUG Engine               - class com.almasb.fxgl.minigames.MiniGameService
10:19:26.189 [FXGL Background Thread 3 ] DEBUG Engine               - class com.almasb.fxgl.net.NetService
10:19:26.189 [FXGL Background Thread 3 ] DEBUG Engine               - class com.almasb.fxgl.app.services.UpdaterService
10:19:26.189 [FXGL Background Thread 3 ] DEBUG Engine               - class com.almasb.fxgl.dev.DevService
10:19:33.271 [JavaFX Application Thread] DEBUG FXGLApplication      - Exiting FXGL
10:19:33.271 [JavaFX Application Thread] DEBUG LoopRunner           - Stopping loop
10:19:33.271 [JavaFX Application Thread] DEBUG SystemBundleService  - Saving FXGL system data
10:19:33.273 [JavaFX Application Thread] DEBUG FileSystemAccess     - Writing to: C:\Users\mbour\OneDrive\Bureau\Zelda TOTK WINRAR\zeldaPuzzle\system\fxgl.bundle
10:19:33.276 [JavaFX Application Thread] DEBUG Async                - Shutting down background threads
10:19:33.276 [JavaFX Application Thread] DEBUG PrimaryStageWindow   - Closing main window
10:19:33.288 [JavaFX Application Thread] DEBUG Logger               - Closing Logger
