15:09:53.024 [main                     ] DEBUG Logger               - Configured Logger
15:09:53.039 [main                     ] DEBUG GameApplication      - Logging settings
Title: Zelda 2D Game par ماستن
Version: 1
Width: 800
Height: 800
Fullscreen: true
Intro: false
Profiling: false
Single step:false
App Mode: DEVELOPER
Menu Key: ESCAPE
Stage Style: DECORATED
Scene Factory: class com.almasb.fxgl.app.scene.SceneFactory

15:09:53.170 [JavaFX Application Thread] DEBUG FXGLApplication      - Initializing FXGL
15:09:53.174 [JavaFX Application Thread] INFO  Engine               - FXGL-17 (31.12.2021 18.16) on WINDOWS (J:21.0.2 FX:19)
15:09:53.174 [JavaFX Application Thread] DEBUG Engine               - JRE Vendor Name: Oracle Corporation
15:09:53.174 [JavaFX Application Thread] DEBUG Engine               - Running on OS: Windows 10 version 10.0
15:09:53.174 [JavaFX Application Thread] DEBUG Engine               - Architecture: amd64
15:09:53.174 [JavaFX Application Thread] INFO  Engine               - Source code and latest versions at: https://github.com/AlmasB/FXGL
15:09:53.175 [JavaFX Application Thread] INFO  Engine               -       Ask questions and discuss at: https://github.com/AlmasB/FXGL/discussions
15:09:53.175 [JavaFX Application Thread] INFO  Engine               -              Join the FXGL chat at: https://gitter.im/AlmasB/FXGL
15:09:53.244 [JavaFX Application Thread] DEBUG PrimaryStageWindow   - Creating a JavaFX scene
15:09:53.291 [JavaFX Application Thread] DEBUG PrimaryStageWindow   - Target settings size: 800.0 x 800.0
15:09:53.291 [JavaFX Application Thread] DEBUG PrimaryStageWindow   - Scaled scene size:    800.0 x 800.0
15:09:53.291 [JavaFX Application Thread] DEBUG PrimaryStageWindow   - Scaled ratio: (1.0, 1.0)
15:09:53.292 [JavaFX Application Thread] DEBUG PrimaryStageWindow   - Set initial scene to FXGLStartupScene
15:09:53.296 [JavaFX Application Thread] DEBUG PrimaryStageWindow   - Opening main window
15:09:53.383 [JavaFX Application Thread] DEBUG PrimaryStageWindow   - Window border size: (16.0, 39.0)
15:09:53.384 [JavaFX Application Thread] DEBUG PrimaryStageWindow   - Scaled size: 800.0 x 800.0
15:09:53.384 [JavaFX Application Thread] DEBUG PrimaryStageWindow   - Scaled ratio: (1.0, 1.0)
15:09:53.384 [JavaFX Application Thread] DEBUG PrimaryStageWindow   - Scene size: 800.0 x 800.0
15:09:53.384 [JavaFX Application Thread] DEBUG PrimaryStageWindow   - Stage size: 816.0 x 839.0
15:09:53.392 [FXGL Background Thread 1 ] DEBUG Engine               - Initializing environment variables
15:09:53.441 [FXGL Background Thread 1 ] DEBUG FXGLAssetLoaderServi - User app class for loading assets: class com.example.zeldapuzzle.MainGameApp
15:09:53.442 [FXGL Background Thread 1 ] DEBUG GameApplicationServi - Applying CSS: fxgl_dark.css
15:09:53.442 [FXGL Background Thread 1 ] DEBUG FXGLAssetLoaderServi - Loading from file system: jar:file:///C:/Users/mbour/.m2/repository/com/github/almasb/fxgl/17/fxgl-17.jar!/fxglassets/ui/css/fxgl_dark.css
15:09:53.484 [FXGL Background Thread 1 ] DEBUG GameApplicationServi - Initializing application scenes
15:09:53.524 [FXGL Background Thread 1 ] DEBUG GameWorld            - Game world initialized
15:09:53.584 [FXGL Background Thread 1 ] DEBUG PhysicsWorld         - Physics world initialized: appHeight=800, physics.ppm=50,0
15:09:53.584 [FXGL Background Thread 1 ] DEBUG PhysicsWorld         - Using strategy: BRUTE_FORCE
15:09:53.589 [FXGL Background Thread 1 ] DEBUG GameScene            - Game scene initialized: 800x800
15:09:53.601 [FXGL Background Thread 1 ] DEBUG FXGL.DefaultMenu     - createMenuBodyMainMenu()
15:09:53.617 [FXGL Background Thread 1 ] DEBUG FXGL.DefaultMenu     - createOptionsMenu()
15:09:53.625 [FXGL Background Thread 1 ] DEBUG FXGLAssetLoaderServi - Loading from file system: jar:file:///C:/Users/mbour/.m2/repository/com/github/almasb/fxgl/17/fxgl-17.jar!/fxglassets/textures/particles/smoke.png
15:09:53.704 [FXGL Background Thread 1 ] DEBUG FXGLAssetLoaderServi - Loading from file system: jar:file:///C:/Users/mbour/.m2/repository/com/github/almasb/fxgl/17/fxgl-17.jar!/fxglassets/textures/particles/trace_horizontal.png
15:09:53.740 [FXGL Background Thread 1 ] DEBUG FXGL.DefaultMenu     - createMenuBodyGameMenu()
15:09:53.742 [FXGL Background Thread 1 ] DEBUG FXGL.DefaultMenu     - createOptionsMenu()
15:09:53.757 [FXGL Background Thread 1 ] DEBUG GameApplicationServi - Application scenes initialized
15:09:53.768 [FXGL Background Thread 1 ] DEBUG SystemBundleService  - Loading FXGL system data
15:09:53.772 [FXGL Background Thread 1 ] DEBUG FileSystemAccess     - Reading from: C:\Users\mbour\OneDrive\Bureau\Zelda TOTK WINRAR\zeldaPuzzle\system\fxgl.bundle
15:09:53.782 [FXGL Background Thread 1 ] DEBUG SystemBundleService  - Bundle FXGL: {}
15:09:53.782 [FXGL Background Thread 1 ] DEBUG UpdaterService       - Checking for updates
15:09:53.806 [FXGL Background Thread 4 ] DEBUG FXGLApplication      - Loading fonts
15:09:53.806 [FXGL Background Thread 1 ] DEBUG FXGLApplication      - Loading default localization
15:09:53.806 [FXGL Background Thread 4 ] DEBUG FXGLAssetLoaderServi - Loading from file system: jar:file:///C:/Users/mbour/.m2/repository/com/github/almasb/fxgl/17/fxgl-17.jar!/fxglassets/ui/fonts/VarelaRound-Regular.ttf
15:09:53.807 [FXGL Background Thread 1 ] DEBUG FXGLAssetLoaderServi - Loading from file system: jar:file:///C:/Users/mbour/.m2/repository/com/github/almasb/fxgl/17/fxgl-17.jar!/fxglassets/languages/english.lang
15:09:53.824 [FXGL Background Thread 1 ] INFO  FXGLApplication      - FXGL initialization took: 0,432 sec
15:09:53.837 [JavaFX Application Thread] DEBUG Input                - Registered new binding: inventaire - Tab
15:09:53.837 [JavaFX Application Thread] DEBUG Input                - Registered new binding: getPosition - P
15:09:53.838 [JavaFX Application Thread] DEBUG Input                - Registered new binding: zoom+ - Up
15:09:53.838 [JavaFX Application Thread] DEBUG Input                - Registered new binding: zoom- - Down
15:09:53.838 [JavaFX Application Thread] DEBUG Input                - Registered new binding: resetZoom - 0
15:09:53.838 [JavaFX Application Thread] DEBUG Input                - Registered new binding: Move right - D
15:09:53.839 [JavaFX Application Thread] DEBUG Input                - Registered new binding: Move left - A
15:09:53.839 [JavaFX Application Thread] DEBUG Input                - Registered new binding: Move Up - W
15:09:53.839 [JavaFX Application Thread] DEBUG Input                - Registered new binding: Move Down - S
15:09:53.840 [JavaFX Application Thread] DEBUG FXGLAssetLoaderServi - Loading from file system: jar:file:///C:/Users/mbour/.m2/repository/com/github/almasb/fxgl/17/fxgl-17.jar!/fxglassets/textures/fxgl_icon.png
15:09:53.849 [FXGL Background Thread 4 ] DEBUG FXGLAssetLoaderServi - Loading from file system: jar:file:///C:/Users/mbour/.m2/repository/com/github/almasb/fxgl/17/fxgl-17.jar!/fxglassets/ui/fonts/Abel-Regular.ttf
15:09:53.853 [JavaFX Application Thread] DEBUG FXGLAssetLoaderServi - Loading from file system: jar:file:///C:/Users/mbour/.m2/repository/com/github/almasb/fxgl/17/fxgl-17.jar!/fxglassets/textures/fxgl_default_cursor.png
15:09:53.855 [JavaFX Application Thread] DEBUG Input                - Registered new binding: Screenshot - CTRL+8
15:09:53.855 [JavaFX Application Thread] DEBUG Input                - Registered new binding: Dev Options - 1
15:09:53.856 [JavaFX Application Thread] DEBUG Input                - Registered new binding: Dev Console - 2
15:09:53.857 [JavaFX Application Thread] DEBUG Input                - Registered new binding: System info dump - CTRL+9
15:09:53.857 [JavaFX Application Thread] DEBUG Input                - Registered new binding: Restart - CTRL+R
15:09:53.858 [JavaFX Application Thread] DEBUG Input                - Registered new binding: Toggle Debug Camera - CTRL+7
15:09:53.862 [JavaFX Application Thread] DEBUG LoopRunner           - Starting loop
15:09:53.875 [JavaFX Application Thread] DEBUG LoopRunner           - Initializing JavaFX AnimationTimerLoop
15:09:53.879 [JavaFX Application Thread] DEBUG Input                - Clearing active input actions
15:09:53.890 [JavaFX Application Thread] DEBUG GameApplicationServi - Removing overlay from FXGLStartupScene and adding to FXGLMainMenuDummyScene
15:09:53.893 [FXGL Background Thread 4 ] DEBUG FXGLAssetLoaderServi - Loading from file system: jar:file:///C:/Users/mbour/.m2/repository/com/github/almasb/fxgl/17/fxgl-17.jar!/fxglassets/ui/fonts/Courier-Prime.ttf
15:09:53.897 [JavaFX Application Thread] DEBUG PrimaryStageWindow   - FXGLStartupScene -> FXGLMainMenuDummyScene
15:09:53.897 [JavaFX Application Thread] DEBUG PrimaryStageWindow   - Push state: FXGLDefaultMenu
15:09:53.899 [JavaFX Application Thread] DEBUG Input                - Clearing active input actions
15:09:53.911 [JavaFX Application Thread] DEBUG GameApplicationServi - Removing overlay from FXGLMainMenuDummyScene and adding to FXGLDefaultMenu
15:09:53.912 [JavaFX Application Thread] DEBUG PrimaryStageWindow   - FXGLMainMenuDummyScene -> FXGLDefaultMenu
15:09:54.110 [JavaFX Application Thread] DEBUG FXGLApplication      - Registering font factories with UI factory
15:09:54.219 [FXGL Background Thread 2 ] INFO  UpdaterService       - Your current version:  17
15:09:54.220 [FXGL Background Thread 2 ] INFO  UpdaterService       - Latest stable version: 21.1
15:09:56.805 [FXGL Background Thread 3 ] DEBUG Engine               - Logging environment variables
15:09:56.805 [FXGL Background Thread 3 ] DEBUG Engine               - achievements: []
15:09:56.805 [FXGL Background Thread 3 ] DEBUG Engine               - actualHeight: 800.0
15:09:56.806 [FXGL Background Thread 3 ] DEBUG Engine               - actualHeightProperty: ReadOnlyDoubleProperty [value: 800.0]
15:09:56.806 [FXGL Background Thread 3 ] DEBUG Engine               - actualWidth: 800.0
15:09:56.806 [FXGL Background Thread 3 ] DEBUG Engine               - actualWidthProperty: ReadOnlyDoubleProperty [value: 800.0]
15:09:56.806 [FXGL Background Thread 3 ] DEBUG Engine               - appIcon: fxgl_icon.png
15:09:56.806 [FXGL Background Thread 3 ] DEBUG Engine               - applicationMode: DEVELOPER
15:09:56.806 [FXGL Background Thread 3 ] DEBUG Engine               - cSSList: [fxgl_dark.css]
15:09:56.806 [FXGL Background Thread 3 ] DEBUG Engine               - collisionDetectionStrategy: BRUTE_FORCE
15:09:56.806 [FXGL Background Thread 3 ] DEBUG Engine               - configClass: Optional.empty
15:09:56.806 [FXGL Background Thread 3 ] DEBUG Engine               - credits: []
15:09:56.807 [FXGL Background Thread 3 ] DEBUG Engine               - defaultCursor: CursorInfo(imageName=fxgl_default_cursor.png, hotspotX=7.0, hotspotY=6.0)
15:09:56.807 [FXGL Background Thread 3 ] DEBUG Engine               - devBBoxColorProperty: ObjectProperty [value: 0xff0000ff]
15:09:56.807 [FXGL Background Thread 3 ] DEBUG Engine               - devEnableDebugCameraProperty: BooleanProperty [value: false]
15:09:56.807 [FXGL Background Thread 3 ] DEBUG Engine               - devSensorColorProperty: ObjectProperty [value: 0xffff00ff]
15:09:56.807 [FXGL Background Thread 3 ] DEBUG Engine               - devShowBBoxProperty: BooleanProperty [value: false]
15:09:56.807 [FXGL Background Thread 3 ] DEBUG Engine               - devShowPositionProperty: BooleanProperty [value: false]
15:09:56.807 [FXGL Background Thread 3 ] DEBUG Engine               - enabledMenuItems: []
15:09:56.808 [FXGL Background Thread 3 ] DEBUG Engine               - engineServices: [class com.almasb.fxgl.app.services.FXGLAssetLoaderService, class com.almasb.fxgl.app.FXGLApplication$GameApplicationService, class com.almasb.fxgl.app.services.FXGLDialogService, class com.almasb.fxgl.app.services.IOTaskExecutorService, class com.almasb.fxgl.io.FileSystemService, class com.almasb.fxgl.localization.LocalizationService, class com.almasb.fxgl.app.services.SystemBundleService, class com.almasb.fxgl.profile.SaveLoadService, class com.almasb.fxgl.ui.FXGLUIFactoryServiceProvider, class com.almasb.fxgl.ui.FXGLDialogFactoryServiceProvider, class com.almasb.fxgl.audio.AudioPlayer, class com.almasb.fxgl.notification.impl.NotificationServiceProvider, class com.almasb.fxgl.achievement.AchievementService, class com.almasb.fxgl.cutscene.CutsceneService, class com.almasb.fxgl.minigames.MiniGameService, class com.almasb.fxgl.net.NetService, class com.almasb.fxgl.app.services.UpdaterService, class com.almasb.fxgl.dev.DevService]
15:09:56.808 [FXGL Background Thread 3 ] DEBUG Engine               - fontGame: Abel-Regular.ttf
15:09:56.808 [FXGL Background Thread 3 ] DEBUG Engine               - fontMono: TerminalLandMono-Regular.otf
15:09:56.808 [FXGL Background Thread 3 ] DEBUG Engine               - fontText: Courier-Prime.ttf
15:09:56.808 [FXGL Background Thread 3 ] DEBUG Engine               - fontUI: VarelaRound-Regular.ttf
15:09:56.808 [FXGL Background Thread 3 ] DEBUG Engine               - fullScreen: BooleanProperty [value: false]
15:09:56.808 [FXGL Background Thread 3 ] DEBUG Engine               - gameDifficulty: MEDIUM
15:09:56.808 [FXGL Background Thread 3 ] DEBUG Engine               - gameDifficultyProperty: ObjectProperty [value: MEDIUM]
15:09:56.808 [FXGL Background Thread 3 ] DEBUG Engine               - globalMusicVolume: 0.5
15:09:56.808 [FXGL Background Thread 3 ] DEBUG Engine               - globalMusicVolumeProperty: DoubleProperty [value: 0.5]
15:09:56.808 [FXGL Background Thread 3 ] DEBUG Engine               - globalSoundVolume: 0.5
15:09:56.808 [FXGL Background Thread 3 ] DEBUG Engine               - globalSoundVolumeProperty: DoubleProperty [value: 0.5]
15:09:56.809 [FXGL Background Thread 3 ] DEBUG Engine               - height: 800
15:09:56.809 [FXGL Background Thread 3 ] DEBUG Engine               - is3D: false
15:09:56.809 [FXGL Background Thread 3 ] DEBUG Engine               - isAndroid: false
15:09:56.809 [FXGL Background Thread 3 ] DEBUG Engine               - isBrowser: false
15:09:56.809 [FXGL Background Thread 3 ] DEBUG Engine               - isClickFeedbackEnabled: false
15:09:56.809 [FXGL Background Thread 3 ] DEBUG Engine               - isCloseConfirmation: false
15:09:56.809 [FXGL Background Thread 3 ] DEBUG Engine               - isDesktop: true
15:09:56.809 [FXGL Background Thread 3 ] DEBUG Engine               - isDeveloperMenuEnabled: true
15:09:56.809 [FXGL Background Thread 3 ] DEBUG Engine               - isEmbedded: false
15:09:56.809 [FXGL Background Thread 3 ] DEBUG Engine               - isEntityPreloadEnabled: true
15:09:56.809 [FXGL Background Thread 3 ] DEBUG Engine               - isExperimentalTiledLargeMap: false
15:09:56.809 [FXGL Background Thread 3 ] DEBUG Engine               - isFileSystemWriteAllowed: true
15:09:56.810 [FXGL Background Thread 3 ] DEBUG Engine               - isFullScreenAllowed: true
15:09:56.810 [FXGL Background Thread 3 ] DEBUG Engine               - isFullScreenFromStart: false
15:09:56.810 [FXGL Background Thread 3 ] DEBUG Engine               - isGameMenuEnabled: true
15:09:56.810 [FXGL Background Thread 3 ] DEBUG Engine               - isIOS: false
15:09:56.810 [FXGL Background Thread 3 ] DEBUG Engine               - isIntroEnabled: false
15:09:56.810 [FXGL Background Thread 3 ] DEBUG Engine               - isLinux: false
15:09:56.810 [FXGL Background Thread 3 ] DEBUG Engine               - isMac: false
15:09:56.810 [FXGL Background Thread 3 ] DEBUG Engine               - isMainMenuEnabled: true
15:09:56.810 [FXGL Background Thread 3 ] DEBUG Engine               - isManualResizeEnabled: false
15:09:56.810 [FXGL Background Thread 3 ] DEBUG Engine               - isMobile: false
15:09:56.810 [FXGL Background Thread 3 ] DEBUG Engine               - isNative: false
15:09:56.810 [FXGL Background Thread 3 ] DEBUG Engine               - isPauseMusicWhenMinimized: true
15:09:56.810 [FXGL Background Thread 3 ] DEBUG Engine               - isPreserveResizeRatio: false
15:09:56.810 [FXGL Background Thread 3 ] DEBUG Engine               - isProfilingEnabled: false
15:09:56.810 [FXGL Background Thread 3 ] DEBUG Engine               - isScaleAffectedOnResize: true
15:09:56.810 [FXGL Background Thread 3 ] DEBUG Engine               - isSingleStep: false
15:09:56.811 [FXGL Background Thread 3 ] DEBUG Engine               - isUserProfileEnabled: false
15:09:56.811 [FXGL Background Thread 3 ] DEBUG Engine               - isWindows: true
15:09:56.811 [FXGL Background Thread 3 ] DEBUG Engine               - language: ObjectProperty [value: ENGLISH]
15:09:56.811 [FXGL Background Thread 3 ] DEBUG Engine               - menuKey: ESCAPE
15:09:56.811 [FXGL Background Thread 3 ] DEBUG Engine               - mouseSensitivity: 0.2
15:09:56.811 [FXGL Background Thread 3 ] DEBUG Engine               - notificationViewClass: class com.almasb.fxgl.notification.view.XboxNotificationView
15:09:56.811 [FXGL Background Thread 3 ] DEBUG Engine               - pixelsPerMeter: 50.0
15:09:56.811 [FXGL Background Thread 3 ] DEBUG Engine               - platform: WINDOWS
15:09:56.811 [FXGL Background Thread 3 ] DEBUG Engine               - prefHeightProperty: ReadOnlyDoubleProperty [value: 800.0]
15:09:56.811 [FXGL Background Thread 3 ] DEBUG Engine               - prefWidthProperty: ReadOnlyDoubleProperty [value: 800.0]
15:09:56.811 [FXGL Background Thread 3 ] DEBUG Engine               - profileDir: profiles/
15:09:56.811 [FXGL Background Thread 3 ] DEBUG Engine               - profileName: StringProperty [value: DEFAULT]
15:09:56.811 [FXGL Background Thread 3 ] DEBUG Engine               - randomSeed: -1
15:09:56.811 [FXGL Background Thread 3 ] DEBUG Engine               - runtimeInfo: RuntimeInfo(platform=WINDOWS, version=17, build=31.12.2021 18.16)
15:09:56.812 [FXGL Background Thread 3 ] DEBUG Engine               - saveFileExt: sav
15:09:56.812 [FXGL Background Thread 3 ] DEBUG Engine               - scaledHeightProp$fxgl: DoubleProperty [bound, value: 800.0]
15:09:56.812 [FXGL Background Thread 3 ] DEBUG Engine               - scaledWidthProp$fxgl: DoubleProperty [bound, value: 800.0]
15:09:56.812 [FXGL Background Thread 3 ] DEBUG Engine               - sceneFactory: com.almasb.fxgl.app.scene.SceneFactory@61d103ab
15:09:56.812 [FXGL Background Thread 3 ] DEBUG Engine               - secondsIn24h: 60
15:09:56.812 [FXGL Background Thread 3 ] DEBUG Engine               - soundMenuBack: menu/back.wav
15:09:56.812 [FXGL Background Thread 3 ] DEBUG Engine               - soundMenuPress: menu/press.wav
15:09:56.812 [FXGL Background Thread 3 ] DEBUG Engine               - soundMenuSelect: menu/select.wav
15:09:56.812 [FXGL Background Thread 3 ] DEBUG Engine               - soundNotification: core/notification.wav
15:09:56.812 [FXGL Background Thread 3 ] DEBUG Engine               - stageStyle: DECORATED
15:09:56.812 [FXGL Background Thread 3 ] DEBUG Engine               - supportedLanguages: [ENGLISH, FRENCH, GERMAN, HUNGARIAN, RUSSIAN]
15:09:56.812 [FXGL Background Thread 3 ] DEBUG Engine               - ticksPerSecond: -1
15:09:56.812 [FXGL Background Thread 3 ] DEBUG Engine               - title: Zelda 2D Game par ماستن
15:09:56.812 [FXGL Background Thread 3 ] DEBUG Engine               - urlGithub: https://github.com/AlmasB/FXGL
15:09:56.812 [FXGL Background Thread 3 ] DEBUG Engine               - urlLeaderboard: http://fxgl-top.herokuapp.com/
15:09:56.812 [FXGL Background Thread 3 ] DEBUG Engine               - urlPOM: https://raw.githubusercontent.com/AlmasB/FXGL/release/README.md
15:09:56.812 [FXGL Background Thread 3 ] DEBUG Engine               - userAppClass: class com.example.zeldapuzzle.MainGameApp
15:09:56.812 [FXGL Background Thread 3 ] DEBUG Engine               - version: 1
15:09:56.812 [FXGL Background Thread 3 ] DEBUG Engine               - versionCheckDays: 7
15:09:56.812 [FXGL Background Thread 3 ] DEBUG Engine               - width: 800
15:09:56.813 [FXGL Background Thread 3 ] DEBUG Engine               - Logging services
15:09:56.813 [FXGL Background Thread 3 ] DEBUG Engine               - class com.almasb.fxgl.app.services.FXGLAssetLoaderService
15:09:56.813 [FXGL Background Thread 3 ] DEBUG Engine               - class com.almasb.fxgl.app.FXGLApplication$GameApplicationService
15:09:56.813 [FXGL Background Thread 3 ] DEBUG Engine               - class com.almasb.fxgl.app.services.FXGLDialogService
15:09:56.813 [FXGL Background Thread 3 ] DEBUG Engine               - class com.almasb.fxgl.app.services.IOTaskExecutorService
15:09:56.813 [FXGL Background Thread 3 ] DEBUG Engine               - class com.almasb.fxgl.io.FileSystemService
15:09:56.813 [FXGL Background Thread 3 ] DEBUG Engine               - class com.almasb.fxgl.localization.LocalizationService
15:09:56.813 [FXGL Background Thread 3 ] DEBUG Engine               - class com.almasb.fxgl.app.services.SystemBundleService
15:09:56.813 [FXGL Background Thread 3 ] DEBUG Engine               - class com.almasb.fxgl.profile.SaveLoadService
15:09:56.813 [FXGL Background Thread 3 ] DEBUG Engine               - class com.almasb.fxgl.ui.FXGLUIFactoryServiceProvider
15:09:56.813 [FXGL Background Thread 3 ] DEBUG Engine               - class com.almasb.fxgl.ui.FXGLDialogFactoryServiceProvider
15:09:56.813 [FXGL Background Thread 3 ] DEBUG Engine               - class com.almasb.fxgl.audio.AudioPlayer
15:09:56.813 [FXGL Background Thread 3 ] DEBUG Engine               - class com.almasb.fxgl.notification.impl.NotificationServiceProvider
15:09:56.813 [FXGL Background Thread 3 ] DEBUG Engine               - class com.almasb.fxgl.achievement.AchievementService
15:09:56.813 [FXGL Background Thread 3 ] DEBUG Engine               - class com.almasb.fxgl.cutscene.CutsceneService
15:09:56.813 [FXGL Background Thread 3 ] DEBUG Engine               - class com.almasb.fxgl.minigames.MiniGameService
15:09:56.813 [FXGL Background Thread 3 ] DEBUG Engine               - class com.almasb.fxgl.net.NetService
15:09:56.813 [FXGL Background Thread 3 ] DEBUG Engine               - class com.almasb.fxgl.app.services.UpdaterService
15:09:56.813 [FXGL Background Thread 3 ] DEBUG Engine               - class com.almasb.fxgl.dev.DevService
15:10:06.953 [JavaFX Application Thread] DEBUG Menu                 - fireNewGame()
15:10:06.953 [JavaFX Application Thread] DEBUG GameApplicationServi - Starting new game
15:10:06.955 [JavaFX Application Thread] DEBUG PrimaryStageWindow   - Pop state: FXGLDefaultMenu
15:10:06.955 [JavaFX Application Thread] DEBUG Input                - Clearing active input actions
15:10:06.956 [JavaFX Application Thread] DEBUG GameApplicationServi - Removing overlay from FXGLDefaultMenu and adding to FXGLMainMenuDummyScene
15:10:06.958 [JavaFX Application Thread] DEBUG PrimaryStageWindow   - FXGLMainMenuDummyScene <- FXGLDefaultMenu
15:10:06.958 [JavaFX Application Thread] DEBUG Input                - Clearing active input actions
15:10:06.963 [JavaFX Application Thread] DEBUG GameApplicationServi - Removing overlay from FXGLMainMenuDummyScene and adding to FXGLLoadingScene
15:10:06.964 [JavaFX Application Thread] DEBUG PrimaryStageWindow   - FXGLMainMenuDummyScene -> FXGLLoadingScene
15:10:06.964 [JavaFX Application Thread] DEBUG GameApplicationServi - Clearing previous game
15:10:06.964 [JavaFX Application Thread] DEBUG GameScene            - Clearing game scene
15:10:06.964 [JavaFX Application Thread] DEBUG GameWorld            - Clearing game world
15:10:06.964 [JavaFX Application Thread] DEBUG PhysicsWorld         - Clearing physics world
15:10:06.965 [FXGL Background Thread 2 ] DEBUG FXGLApplication      - Initializing game
15:10:07.007 [FXGL Background Thread 2 ] WARN  TMXLevelLoader       - TiledMap generated from 1.10.2. Supported version: 1.2.3. Some features may not be parsed fully.
15:10:07.078 [FXGL Background Thread 2 ] DEBUG TMXLevelLoader       - Parsed TiledMap: file:/C:/Users/mbour/OneDrive/Bureau/Zelda%20TOTK%20WINRAR/zeldaPuzzle/target/classes/assets/levels/MapDeMerde2.tmx
15:10:07.079 [FXGL Background Thread 2 ] DEBUG TMXLevelLoader       - Creating tile layer entities
15:10:07.082 [FXGL Background Thread 2 ] DEBUG TilesetLoader        - Loading view for layer background
15:10:07.112 [FXGL Background Thread 2 ] DEBUG TilesetLoader        - Created buffer with size 4800.0x4800.0
15:10:07.276 [FXGL Background Thread 2 ] DEBUG TilesetLoader        - Loading view for layer devant
15:10:07.313 [FXGL Background Thread 2 ] DEBUG TilesetLoader        - Created buffer with size 4800.0x4800.0
15:10:07.348 [FXGL Background Thread 2 ] DEBUG TilesetLoader        - Loading view for layer devant1
15:10:07.380 [FXGL Background Thread 2 ] DEBUG TilesetLoader        - Created buffer with size 4800.0x4800.0
15:10:07.395 [FXGL Background Thread 2 ] DEBUG TMXLevelLoader       - Creating object layer entities
15:10:07.440 [FXGL Background Thread 2 ] DEBUG GameWorld            - Clearing removable entities
15:10:07.440 [FXGL Background Thread 2 ] DEBUG GameWorld            - Setting level: com.almasb.fxgl.entity.level.Level@76671d0e
15:10:07.458 [FXGL Background Thread 2 ] WARN  GameWorld            - Entity is already attached to world
15:10:07.460 [FXGL Background Thread 2 ] WARN  GameWorld            - Entity is already attached to world
15:10:07.466 [FXGL Background Thread 2 ] INFO  FXGLApplication      - Game initialization took: 0,500 sec
15:10:07.471 [JavaFX Application Thread] DEBUG Input                - Clearing active input actions
15:10:07.477 [JavaFX Application Thread] DEBUG GameApplicationServi - Removing overlay from FXGLLoadingScene and adding to GameScene
15:10:07.478 [JavaFX Application Thread] DEBUG PrimaryStageWindow   - FXGLLoadingScene -> GameScene
15:11:24.730 [JavaFX Application Thread] DEBUG LoopRunner           - Pausing loop
15:11:39.035 [JavaFX Application Thread] DEBUG LoopRunner           - Resuming loop
15:11:44.703 [JavaFX Application Thread] DEBUG FXGLApplication      - Exiting FXGL
15:11:44.703 [JavaFX Application Thread] DEBUG LoopRunner           - Stopping loop
15:11:44.703 [JavaFX Application Thread] DEBUG SystemBundleService  - Saving FXGL system data
15:11:44.705 [JavaFX Application Thread] DEBUG FileSystemAccess     - Writing to: C:\Users\mbour\OneDrive\Bureau\Zelda TOTK WINRAR\zeldaPuzzle\system\fxgl.bundle
15:11:44.707 [JavaFX Application Thread] DEBUG Async                - Shutting down background threads
15:11:44.707 [JavaFX Application Thread] DEBUG PrimaryStageWindow   - Closing main window
15:11:44.717 [JavaFX Application Thread] DEBUG Logger               - Closing Logger
