22:27:35.956 [main                     ] DEBUG Logger               - Configured Logger
22:27:35.979 [main                     ] DEBUG GameApplication      - Logging settings
Title: Zelda 2D Game
Version: 1
Width: 800
Height: 800
Fullscreen: true
Intro: false
Profiling: false
Single step:false
App Mode: DEVELOPER
Menu Key: ESCAPE
Stage Style: DECORATED
Scene Factory: class com.almasb.fxgl.app.scene.SceneFactory

22:27:36.193 [JavaFX Application Thread] DEBUG FXGLApplication      - Initializing FXGL
22:27:36.197 [JavaFX Application Thread] INFO  Engine               - FXGL-17 (31.12.2021 18.16) on MAC (J:19.0.1 FX:19)
22:27:36.198 [JavaFX Application Thread] DEBUG Engine               - JRE Vendor Name: Oracle Corporation
22:27:36.198 [JavaFX Application Thread] DEBUG Engine               - Running on OS: Mac OS X version 12.5
22:27:36.198 [JavaFX Application Thread] DEBUG Engine               - Architecture: aarch64
22:27:36.198 [JavaFX Application Thread] INFO  Engine               - Source code and latest versions at: https://github.com/AlmasB/FXGL
22:27:36.199 [JavaFX Application Thread] INFO  Engine               -       Ask questions and discuss at: https://github.com/AlmasB/FXGL/discussions
22:27:36.199 [JavaFX Application Thread] INFO  Engine               -              Join the FXGL chat at: https://gitter.im/AlmasB/FXGL
22:27:36.271 [JavaFX Application Thread] DEBUG PrimaryStageWindow   - Creating a JavaFX scene
22:27:36.314 [JavaFX Application Thread] DEBUG PrimaryStageWindow   - Target settings size: 800.0 x 800.0
22:27:36.314 [JavaFX Application Thread] DEBUG PrimaryStageWindow   - Scaled scene size:    800.0 x 800.0
22:27:36.314 [JavaFX Application Thread] DEBUG PrimaryStageWindow   - Scaled ratio: (1.0, 1.0)
22:27:36.315 [JavaFX Application Thread] DEBUG PrimaryStageWindow   - Set initial scene to FXGLStartupScene
22:27:36.319 [JavaFX Application Thread] DEBUG PrimaryStageWindow   - Opening main window
22:27:36.430 [JavaFX Application Thread] DEBUG PrimaryStageWindow   - Window border size: (0.0, 28.0)
22:27:36.431 [JavaFX Application Thread] DEBUG PrimaryStageWindow   - Scaled size: 800.0 x 800.0
22:27:36.431 [JavaFX Application Thread] DEBUG PrimaryStageWindow   - Scaled ratio: (1.0, 1.0)
22:27:36.431 [JavaFX Application Thread] DEBUG PrimaryStageWindow   - Scene size: 800.0 x 800.0
22:27:36.431 [JavaFX Application Thread] DEBUG PrimaryStageWindow   - Stage size: 800.0 x 828.0
22:27:36.437 [FXGL Background Thread 1 ] DEBUG Engine               - Initializing environment variables
22:27:36.488 [FXGL Background Thread 1 ] DEBUG FXGLAssetLoaderServi - User app class for loading assets: class com.example.zeldapuzzle.MainGameApp
22:27:36.488 [FXGL Background Thread 1 ] DEBUG GameApplicationServi - Applying CSS: fxgl_dark.css
22:27:36.490 [FXGL Background Thread 1 ] DEBUG FXGLAssetLoaderServi - Loading from file system: jar:file:///Users/CHLaroche05/.m2/repository/com/github/almasb/fxgl/17/fxgl-17.jar!/fxglassets/ui/css/fxgl_dark.css
22:27:36.548 [FXGL Background Thread 1 ] DEBUG GameApplicationServi - Initializing application scenes
22:27:36.784 [FXGL Background Thread 1 ] DEBUG GameWorld            - Game world initialized
22:27:36.850 [FXGL Background Thread 1 ] DEBUG PhysicsWorld         - Physics world initialized: appHeight=800, physics.ppm=50.0
22:27:36.851 [FXGL Background Thread 1 ] DEBUG PhysicsWorld         - Using strategy: BRUTE_FORCE
22:27:36.857 [FXGL Background Thread 1 ] DEBUG GameScene            - Game scene initialized: 800x800
22:27:36.882 [FXGL Background Thread 1 ] DEBUG FXGL.DefaultMenu     - createMenuBodyMainMenu()
22:27:36.901 [FXGL Background Thread 1 ] DEBUG FXGL.DefaultMenu     - createOptionsMenu()
22:27:36.912 [FXGL Background Thread 1 ] DEBUG FXGLAssetLoaderServi - Loading from file system: jar:file:///Users/CHLaroche05/.m2/repository/com/github/almasb/fxgl/17/fxgl-17.jar!/fxglassets/textures/particles/smoke.png
22:27:37.059 [FXGL Background Thread 1 ] DEBUG FXGLAssetLoaderServi - Loading from file system: jar:file:///Users/CHLaroche05/.m2/repository/com/github/almasb/fxgl/17/fxgl-17.jar!/fxglassets/textures/particles/trace_horizontal.png
22:27:37.086 [FXGL Background Thread 1 ] DEBUG FXGL.DefaultMenu     - createMenuBodyGameMenu()
22:27:37.087 [FXGL Background Thread 1 ] DEBUG FXGL.DefaultMenu     - createOptionsMenu()
22:27:37.126 [FXGL Background Thread 1 ] DEBUG GameApplicationServi - Application scenes initialized
22:27:37.146 [FXGL Background Thread 1 ] DEBUG SystemBundleService  - Loading FXGL system data
22:27:37.150 [FXGL Background Thread 1 ] DEBUG FileSystemAccess     - Reading from: /Users/CHLaroche05/zelda/zeldaPuzzle/system/fxgl.bundle
22:27:37.162 [FXGL Background Thread 1 ] DEBUG SystemBundleService  - Bundle FXGL: {}
22:27:37.162 [FXGL Background Thread 1 ] DEBUG UpdaterService       - Checking for updates
22:27:37.216 [FXGL Background Thread 4 ] DEBUG FXGLApplication      - Loading fonts
22:27:37.216 [FXGL Background Thread 1 ] DEBUG FXGLApplication      - Loading default localization
22:27:37.217 [FXGL Background Thread 4 ] DEBUG FXGLAssetLoaderServi - Loading from file system: jar:file:///Users/CHLaroche05/.m2/repository/com/github/almasb/fxgl/17/fxgl-17.jar!/fxglassets/ui/fonts/VarelaRound-Regular.ttf
22:27:37.217 [FXGL Background Thread 1 ] DEBUG FXGLAssetLoaderServi - Loading from file system: jar:file:///Users/CHLaroche05/.m2/repository/com/github/almasb/fxgl/17/fxgl-17.jar!/fxglassets/languages/english.lang
22:27:37.231 [FXGL Background Thread 4 ] DEBUG FXGLAssetLoaderServi - Loading from file system: jar:file:///Users/CHLaroche05/.m2/repository/com/github/almasb/fxgl/17/fxgl-17.jar!/fxglassets/ui/fonts/Abel-Regular.ttf
22:27:37.235 [FXGL Background Thread 4 ] DEBUG FXGLAssetLoaderServi - Loading from file system: jar:file:///Users/CHLaroche05/.m2/repository/com/github/almasb/fxgl/17/fxgl-17.jar!/fxglassets/ui/fonts/TerminalLandMono-Regular.otf
22:27:37.236 [FXGL Background Thread 1 ] INFO  FXGLApplication      - FXGL initialization took: 0.799 sec
22:27:37.240 [FXGL Background Thread 4 ] DEBUG FXGLAssetLoaderServi - Loading from file system: jar:file:///Users/CHLaroche05/.m2/repository/com/github/almasb/fxgl/17/fxgl-17.jar!/fxglassets/ui/fonts/Courier-Prime.ttf
22:27:37.250 [JavaFX Application Thread] DEBUG Input                - Registered new binding: inventaire - Tab
22:27:37.250 [JavaFX Application Thread] DEBUG Input                - Registered new binding: getPosition - P
22:27:37.250 [JavaFX Application Thread] DEBUG Input                - Registered new binding: zoom+ - Up
22:27:37.250 [JavaFX Application Thread] DEBUG Input                - Registered new binding: zoom- - Down
22:27:37.251 [JavaFX Application Thread] DEBUG Input                - Registered new binding: resetZoom - 0
22:27:37.251 [JavaFX Application Thread] DEBUG Input                - Registered new binding: Move right - D
22:27:37.251 [JavaFX Application Thread] DEBUG Input                - Registered new binding: Move left - A
22:27:37.251 [JavaFX Application Thread] DEBUG Input                - Registered new binding: Move Up - W
22:27:37.251 [JavaFX Application Thread] DEBUG Input                - Registered new binding: Move Down - S
22:27:37.251 [JavaFX Application Thread] DEBUG FXGLAssetLoaderServi - Loading from file system: jar:file:///Users/CHLaroche05/.m2/repository/com/github/almasb/fxgl/17/fxgl-17.jar!/fxglassets/textures/fxgl_icon.png
22:27:37.276 [JavaFX Application Thread] DEBUG FXGLAssetLoaderServi - Loading from file system: jar:file:///Users/CHLaroche05/.m2/repository/com/github/almasb/fxgl/17/fxgl-17.jar!/fxglassets/textures/fxgl_default_cursor.png
22:27:37.278 [JavaFX Application Thread] DEBUG Input                - Registered new binding: Screenshot - CTRL+8
22:27:37.278 [JavaFX Application Thread] DEBUG Input                - Registered new binding: Dev Options - 1
22:27:37.279 [JavaFX Application Thread] DEBUG Input                - Registered new binding: Dev Console - 2
22:27:37.279 [JavaFX Application Thread] DEBUG Input                - Registered new binding: System info dump - CTRL+9
22:27:37.279 [JavaFX Application Thread] DEBUG Input                - Registered new binding: Restart - CTRL+R
22:27:37.280 [JavaFX Application Thread] DEBUG Input                - Registered new binding: Toggle Debug Camera - CTRL+7
22:27:37.282 [JavaFX Application Thread] DEBUG LoopRunner           - Starting loop
22:27:37.297 [JavaFX Application Thread] DEBUG LoopRunner           - Initializing JavaFX AnimationTimerLoop
22:27:37.300 [JavaFX Application Thread] DEBUG Input                - Clearing active input actions
22:27:37.308 [JavaFX Application Thread] DEBUG GameApplicationServi - Removing overlay from FXGLStartupScene and adding to FXGLMainMenuDummyScene
22:27:37.311 [JavaFX Application Thread] DEBUG PrimaryStageWindow   - FXGLStartupScene -> FXGLMainMenuDummyScene
22:27:37.311 [JavaFX Application Thread] DEBUG PrimaryStageWindow   - Push state: FXGLDefaultMenu
22:27:37.313 [JavaFX Application Thread] DEBUG Input                - Clearing active input actions
22:27:37.319 [JavaFX Application Thread] DEBUG GameApplicationServi - Removing overlay from FXGLMainMenuDummyScene and adding to FXGLDefaultMenu
22:27:37.320 [JavaFX Application Thread] DEBUG PrimaryStageWindow   - FXGLMainMenuDummyScene -> FXGLDefaultMenu
22:27:37.341 [JavaFX Application Thread] DEBUG FXGLApplication      - Registering font factories with UI factory
22:27:37.984 [FXGL Background Thread 2 ] INFO  UpdaterService       - Your current version:  17
22:27:37.984 [FXGL Background Thread 2 ] INFO  UpdaterService       - Latest stable version: 21.1
22:27:38.525 [JavaFX Application Thread] DEBUG Menu                 - fireNewGame()
22:27:38.525 [JavaFX Application Thread] DEBUG GameApplicationServi - Starting new game
22:27:38.528 [JavaFX Application Thread] DEBUG PrimaryStageWindow   - Pop state: FXGLDefaultMenu
22:27:38.528 [JavaFX Application Thread] DEBUG Input                - Clearing active input actions
22:27:38.530 [JavaFX Application Thread] DEBUG GameApplicationServi - Removing overlay from FXGLDefaultMenu and adding to FXGLMainMenuDummyScene
22:27:38.532 [JavaFX Application Thread] DEBUG PrimaryStageWindow   - FXGLMainMenuDummyScene <- FXGLDefaultMenu
22:27:38.532 [JavaFX Application Thread] DEBUG Input                - Clearing active input actions
22:27:38.544 [JavaFX Application Thread] DEBUG GameApplicationServi - Removing overlay from FXGLMainMenuDummyScene and adding to FXGLLoadingScene
22:27:38.544 [JavaFX Application Thread] DEBUG PrimaryStageWindow   - FXGLMainMenuDummyScene -> FXGLLoadingScene
22:27:38.544 [JavaFX Application Thread] DEBUG GameApplicationServi - Clearing previous game
22:27:38.544 [JavaFX Application Thread] DEBUG GameScene            - Clearing game scene
22:27:38.544 [JavaFX Application Thread] DEBUG GameWorld            - Clearing game world
22:27:38.545 [JavaFX Application Thread] DEBUG PhysicsWorld         - Clearing physics world
22:27:38.546 [FXGL Background Thread 2 ] DEBUG FXGLApplication      - Initializing game
22:27:38.587 [FXGL Background Thread 2 ] WARN  TMXLevelLoader       - TiledMap generated from 1.10.2. Supported version: 1.2.3. Some features may not be parsed fully.
22:27:38.682 [FXGL Background Thread 2 ] DEBUG TMXLevelLoader       - Parsed TiledMap: file:/Users/CHLaroche05/zelda/zeldaPuzzle/target/classes/assets/levels/mapFinal.tmx
22:27:38.683 [FXGL Background Thread 2 ] DEBUG TMXLevelLoader       - Creating tile layer entities
22:27:38.687 [FXGL Background Thread 2 ] DEBUG TilesetLoader        - Loading view for layer background
22:27:38.705 [FXGL Background Thread 2 ] DEBUG TilesetLoader        - Created buffer with size 4800.0x4800.0
22:27:38.940 [FXGL Background Thread 2 ] DEBUG TilesetLoader        - Loading view for layer devant
22:27:38.957 [FXGL Background Thread 2 ] DEBUG TilesetLoader        - Created buffer with size 4800.0x4800.0
22:27:39.007 [FXGL Background Thread 2 ] DEBUG TilesetLoader        - Loading view for layer devant1
22:27:39.024 [FXGL Background Thread 2 ] DEBUG TilesetLoader        - Created buffer with size 4800.0x4800.0
22:27:39.046 [FXGL Background Thread 2 ] DEBUG TMXLevelLoader       - Creating object layer entities
22:27:39.104 [FXGL Background Thread 2 ] DEBUG GameWorld            - Clearing removable entities
22:27:39.104 [FXGL Background Thread 2 ] DEBUG GameWorld            - Setting level: com.almasb.fxgl.entity.level.Level@64cf35f8
22:27:39.128 [FXGL Background Thread 2 ] WARN  GameWorld            - Entity is already attached to world
22:27:39.130 [FXGL Background Thread 2 ] WARN  GameWorld            - Entity is already attached to world
22:27:39.137 [FXGL Background Thread 2 ] INFO  FXGLApplication      - Game initialization took: 0.591 sec
22:27:39.138 [JavaFX Application Thread] DEBUG Input                - Clearing active input actions
22:27:39.145 [JavaFX Application Thread] DEBUG GameApplicationServi - Removing overlay from FXGLLoadingScene and adding to GameScene
22:27:39.148 [JavaFX Application Thread] DEBUG PrimaryStageWindow   - FXGLLoadingScene -> GameScene
22:27:40.217 [FXGL Background Thread 3 ] DEBUG Engine               - Logging environment variables
22:27:40.217 [FXGL Background Thread 3 ] DEBUG Engine               - achievements: []
22:27:40.218 [FXGL Background Thread 3 ] DEBUG Engine               - actualHeight: 800.0
22:27:40.218 [FXGL Background Thread 3 ] DEBUG Engine               - actualHeightProperty: ReadOnlyDoubleProperty [value: 800.0]
22:27:40.218 [FXGL Background Thread 3 ] DEBUG Engine               - actualWidth: 800.0
22:27:40.218 [FXGL Background Thread 3 ] DEBUG Engine               - actualWidthProperty: ReadOnlyDoubleProperty [value: 800.0]
22:27:40.218 [FXGL Background Thread 3 ] DEBUG Engine               - appIcon: fxgl_icon.png
22:27:40.218 [FXGL Background Thread 3 ] DEBUG Engine               - applicationMode: DEVELOPER
22:27:40.218 [FXGL Background Thread 3 ] DEBUG Engine               - cSSList: [fxgl_dark.css]
22:27:40.218 [FXGL Background Thread 3 ] DEBUG Engine               - collisionDetectionStrategy: BRUTE_FORCE
22:27:40.218 [FXGL Background Thread 3 ] DEBUG Engine               - configClass: Optional.empty
22:27:40.218 [FXGL Background Thread 3 ] DEBUG Engine               - credits: []
22:27:40.219 [FXGL Background Thread 3 ] DEBUG Engine               - defaultCursor: CursorInfo(imageName=fxgl_default_cursor.png, hotspotX=7.0, hotspotY=6.0)
22:27:40.219 [FXGL Background Thread 3 ] DEBUG Engine               - devBBoxColorProperty: ObjectProperty [value: 0xff0000ff]
22:27:40.219 [FXGL Background Thread 3 ] DEBUG Engine               - devEnableDebugCameraProperty: BooleanProperty [value: false]
22:27:40.219 [FXGL Background Thread 3 ] DEBUG Engine               - devSensorColorProperty: ObjectProperty [value: 0xffff00ff]
22:27:40.219 [FXGL Background Thread 3 ] DEBUG Engine               - devShowBBoxProperty: BooleanProperty [value: false]
22:27:40.219 [FXGL Background Thread 3 ] DEBUG Engine               - devShowPositionProperty: BooleanProperty [value: false]
22:27:40.219 [FXGL Background Thread 3 ] DEBUG Engine               - enabledMenuItems: []
22:27:40.219 [FXGL Background Thread 3 ] DEBUG Engine               - engineServices: [class com.almasb.fxgl.app.services.FXGLAssetLoaderService, class com.almasb.fxgl.app.FXGLApplication$GameApplicationService, class com.almasb.fxgl.app.services.FXGLDialogService, class com.almasb.fxgl.app.services.IOTaskExecutorService, class com.almasb.fxgl.io.FileSystemService, class com.almasb.fxgl.localization.LocalizationService, class com.almasb.fxgl.app.services.SystemBundleService, class com.almasb.fxgl.profile.SaveLoadService, class com.almasb.fxgl.ui.FXGLUIFactoryServiceProvider, class com.almasb.fxgl.ui.FXGLDialogFactoryServiceProvider, class com.almasb.fxgl.audio.AudioPlayer, class com.almasb.fxgl.notification.impl.NotificationServiceProvider, class com.almasb.fxgl.achievement.AchievementService, class com.almasb.fxgl.cutscene.CutsceneService, class com.almasb.fxgl.minigames.MiniGameService, class com.almasb.fxgl.net.NetService, class com.almasb.fxgl.app.services.UpdaterService, class com.almasb.fxgl.dev.DevService]
22:27:40.219 [FXGL Background Thread 3 ] DEBUG Engine               - fontGame: Abel-Regular.ttf
22:27:40.219 [FXGL Background Thread 3 ] DEBUG Engine               - fontMono: TerminalLandMono-Regular.otf
22:27:40.220 [FXGL Background Thread 3 ] DEBUG Engine               - fontText: Courier-Prime.ttf
22:27:40.220 [FXGL Background Thread 3 ] DEBUG Engine               - fontUI: VarelaRound-Regular.ttf
22:27:40.220 [FXGL Background Thread 3 ] DEBUG Engine               - fullScreen: BooleanProperty [value: false]
22:27:40.220 [FXGL Background Thread 3 ] DEBUG Engine               - gameDifficulty: MEDIUM
22:27:40.220 [FXGL Background Thread 3 ] DEBUG Engine               - gameDifficultyProperty: ObjectProperty [value: MEDIUM]
22:27:40.220 [FXGL Background Thread 3 ] DEBUG Engine               - globalMusicVolume: 0.5
22:27:40.220 [FXGL Background Thread 3 ] DEBUG Engine               - globalMusicVolumeProperty: DoubleProperty [value: 0.5]
22:27:40.220 [FXGL Background Thread 3 ] DEBUG Engine               - globalSoundVolume: 0.5
22:27:40.220 [FXGL Background Thread 3 ] DEBUG Engine               - globalSoundVolumeProperty: DoubleProperty [value: 0.5]
22:27:40.220 [FXGL Background Thread 3 ] DEBUG Engine               - height: 800
22:27:40.220 [FXGL Background Thread 3 ] DEBUG Engine               - is3D: false
22:27:40.220 [FXGL Background Thread 3 ] DEBUG Engine               - isAndroid: false
22:27:40.220 [FXGL Background Thread 3 ] DEBUG Engine               - isBrowser: false
22:27:40.220 [FXGL Background Thread 3 ] DEBUG Engine               - isClickFeedbackEnabled: false
22:27:40.220 [FXGL Background Thread 3 ] DEBUG Engine               - isCloseConfirmation: false
22:27:40.221 [FXGL Background Thread 3 ] DEBUG Engine               - isDesktop: true
22:27:40.221 [FXGL Background Thread 3 ] DEBUG Engine               - isDeveloperMenuEnabled: true
22:27:40.221 [FXGL Background Thread 3 ] DEBUG Engine               - isEmbedded: false
22:27:40.221 [FXGL Background Thread 3 ] DEBUG Engine               - isEntityPreloadEnabled: true
22:27:40.221 [FXGL Background Thread 3 ] DEBUG Engine               - isExperimentalTiledLargeMap: false
22:27:40.221 [FXGL Background Thread 3 ] DEBUG Engine               - isFileSystemWriteAllowed: true
22:27:40.221 [FXGL Background Thread 3 ] DEBUG Engine               - isFullScreenAllowed: true
22:27:40.221 [FXGL Background Thread 3 ] DEBUG Engine               - isFullScreenFromStart: false
22:27:40.221 [FXGL Background Thread 3 ] DEBUG Engine               - isGameMenuEnabled: true
22:27:40.221 [FXGL Background Thread 3 ] DEBUG Engine               - isIOS: false
22:27:40.221 [FXGL Background Thread 3 ] DEBUG Engine               - isIntroEnabled: false
22:27:40.222 [FXGL Background Thread 3 ] DEBUG Engine               - isLinux: false
22:27:40.222 [FXGL Background Thread 3 ] DEBUG Engine               - isMac: true
22:27:40.222 [FXGL Background Thread 3 ] DEBUG Engine               - isMainMenuEnabled: true
22:27:40.222 [FXGL Background Thread 3 ] DEBUG Engine               - isManualResizeEnabled: false
22:27:40.222 [FXGL Background Thread 3 ] DEBUG Engine               - isMobile: false
22:27:40.222 [FXGL Background Thread 3 ] DEBUG Engine               - isNative: false
22:27:40.222 [FXGL Background Thread 3 ] DEBUG Engine               - isPauseMusicWhenMinimized: true
22:27:40.222 [FXGL Background Thread 3 ] DEBUG Engine               - isPreserveResizeRatio: false
22:27:40.222 [FXGL Background Thread 3 ] DEBUG Engine               - isProfilingEnabled: false
22:27:40.222 [FXGL Background Thread 3 ] DEBUG Engine               - isScaleAffectedOnResize: true
22:27:40.222 [FXGL Background Thread 3 ] DEBUG Engine               - isSingleStep: false
22:27:40.222 [FXGL Background Thread 3 ] DEBUG Engine               - isUserProfileEnabled: false
22:27:40.222 [FXGL Background Thread 3 ] DEBUG Engine               - isWindows: false
22:27:40.223 [FXGL Background Thread 3 ] DEBUG Engine               - language: ObjectProperty [value: ENGLISH]
22:27:40.223 [FXGL Background Thread 3 ] DEBUG Engine               - menuKey: ESCAPE
22:27:40.223 [FXGL Background Thread 3 ] DEBUG Engine               - mouseSensitivity: 0.2
22:27:40.223 [FXGL Background Thread 3 ] DEBUG Engine               - notificationViewClass: class com.almasb.fxgl.notification.view.XboxNotificationView
22:27:40.223 [FXGL Background Thread 3 ] DEBUG Engine               - pixelsPerMeter: 50.0
22:27:40.223 [FXGL Background Thread 3 ] DEBUG Engine               - platform: MAC
22:27:40.223 [FXGL Background Thread 3 ] DEBUG Engine               - prefHeightProperty: ReadOnlyDoubleProperty [value: 800.0]
22:27:40.223 [FXGL Background Thread 3 ] DEBUG Engine               - prefWidthProperty: ReadOnlyDoubleProperty [value: 800.0]
22:27:40.223 [FXGL Background Thread 3 ] DEBUG Engine               - profileDir: profiles/
22:27:40.223 [FXGL Background Thread 3 ] DEBUG Engine               - profileName: StringProperty [value: DEFAULT]
22:27:40.223 [FXGL Background Thread 3 ] DEBUG Engine               - randomSeed: -1
22:27:40.223 [FXGL Background Thread 3 ] DEBUG Engine               - runtimeInfo: RuntimeInfo(platform=MAC, version=17, build=31.12.2021 18.16)
22:27:40.223 [FXGL Background Thread 3 ] DEBUG Engine               - saveFileExt: sav
22:27:40.223 [FXGL Background Thread 3 ] DEBUG Engine               - scaledHeightProp$fxgl: DoubleProperty [bound, value: 800.0]
22:27:40.224 [FXGL Background Thread 3 ] DEBUG Engine               - scaledWidthProp$fxgl: DoubleProperty [bound, value: 800.0]
22:27:40.224 [FXGL Background Thread 3 ] DEBUG Engine               - sceneFactory: com.almasb.fxgl.app.scene.SceneFactory@6fd812
22:27:40.224 [FXGL Background Thread 3 ] DEBUG Engine               - secondsIn24h: 60
22:27:40.224 [FXGL Background Thread 3 ] DEBUG Engine               - soundMenuBack: menu/back.wav
22:27:40.224 [FXGL Background Thread 3 ] DEBUG Engine               - soundMenuPress: menu/press.wav
22:27:40.224 [FXGL Background Thread 3 ] DEBUG Engine               - soundMenuSelect: menu/select.wav
22:27:40.224 [FXGL Background Thread 3 ] DEBUG Engine               - soundNotification: core/notification.wav
22:27:40.224 [FXGL Background Thread 3 ] DEBUG Engine               - stageStyle: DECORATED
22:27:40.224 [FXGL Background Thread 3 ] DEBUG Engine               - supportedLanguages: [ENGLISH, FRENCH, GERMAN, HUNGARIAN, RUSSIAN]
22:27:40.224 [FXGL Background Thread 3 ] DEBUG Engine               - ticksPerSecond: -1
22:27:40.224 [FXGL Background Thread 3 ] DEBUG Engine               - title: Zelda 2D Game
22:27:40.224 [FXGL Background Thread 3 ] DEBUG Engine               - urlGithub: https://github.com/AlmasB/FXGL
22:27:40.224 [FXGL Background Thread 3 ] DEBUG Engine               - urlLeaderboard: http://fxgl-top.herokuapp.com/
22:27:40.224 [FXGL Background Thread 3 ] DEBUG Engine               - urlPOM: https://raw.githubusercontent.com/AlmasB/FXGL/release/README.md
22:27:40.224 [FXGL Background Thread 3 ] DEBUG Engine               - userAppClass: class com.example.zeldapuzzle.MainGameApp
22:27:40.224 [FXGL Background Thread 3 ] DEBUG Engine               - version: 1
22:27:40.224 [FXGL Background Thread 3 ] DEBUG Engine               - versionCheckDays: 7
22:27:40.224 [FXGL Background Thread 3 ] DEBUG Engine               - width: 800
22:27:40.224 [FXGL Background Thread 3 ] DEBUG Engine               - Logging services
22:27:40.224 [FXGL Background Thread 3 ] DEBUG Engine               - class com.almasb.fxgl.app.services.FXGLAssetLoaderService
22:27:40.224 [FXGL Background Thread 3 ] DEBUG Engine               - class com.almasb.fxgl.app.FXGLApplication$GameApplicationService
22:27:40.224 [FXGL Background Thread 3 ] DEBUG Engine               - class com.almasb.fxgl.app.services.FXGLDialogService
22:27:40.225 [FXGL Background Thread 3 ] DEBUG Engine               - class com.almasb.fxgl.app.services.IOTaskExecutorService
22:27:40.225 [FXGL Background Thread 3 ] DEBUG Engine               - class com.almasb.fxgl.io.FileSystemService
22:27:40.225 [FXGL Background Thread 3 ] DEBUG Engine               - class com.almasb.fxgl.localization.LocalizationService
22:27:40.225 [FXGL Background Thread 3 ] DEBUG Engine               - class com.almasb.fxgl.app.services.SystemBundleService
22:27:40.225 [FXGL Background Thread 3 ] DEBUG Engine               - class com.almasb.fxgl.profile.SaveLoadService
22:27:40.225 [FXGL Background Thread 3 ] DEBUG Engine               - class com.almasb.fxgl.ui.FXGLUIFactoryServiceProvider
22:27:40.225 [FXGL Background Thread 3 ] DEBUG Engine               - class com.almasb.fxgl.ui.FXGLDialogFactoryServiceProvider
22:27:40.225 [FXGL Background Thread 3 ] DEBUG Engine               - class com.almasb.fxgl.audio.AudioPlayer
22:27:40.225 [FXGL Background Thread 3 ] DEBUG Engine               - class com.almasb.fxgl.notification.impl.NotificationServiceProvider
22:27:40.225 [FXGL Background Thread 3 ] DEBUG Engine               - class com.almasb.fxgl.achievement.AchievementService
22:27:40.225 [FXGL Background Thread 3 ] DEBUG Engine               - class com.almasb.fxgl.cutscene.CutsceneService
22:27:40.225 [FXGL Background Thread 3 ] DEBUG Engine               - class com.almasb.fxgl.minigames.MiniGameService
22:27:40.225 [FXGL Background Thread 3 ] DEBUG Engine               - class com.almasb.fxgl.net.NetService
22:27:40.225 [FXGL Background Thread 3 ] DEBUG Engine               - class com.almasb.fxgl.app.services.UpdaterService
22:27:40.225 [FXGL Background Thread 3 ] DEBUG Engine               - class com.almasb.fxgl.dev.DevService
22:27:45.993 [JavaFX Application Thread] WARN  TMXLevelLoader       - TiledMap generated from 1.10.2. Supported version: 1.2.3. Some features may not be parsed fully.
22:27:46.009 [JavaFX Application Thread] DEBUG TMXLevelLoader       - Parsed TiledMap: file:/Users/CHLaroche05/zelda/zeldaPuzzle/target/classes/assets/levels/leDongeon.tmx
22:27:46.009 [JavaFX Application Thread] DEBUG TMXLevelLoader       - Creating tile layer entities
22:27:46.009 [JavaFX Application Thread] DEBUG TilesetLoader        - Loading view for layer BG1
22:27:46.012 [JavaFX Application Thread] DEBUG TilesetLoader        - Created buffer with size 2400.0x800.0
22:27:46.033 [JavaFX Application Thread] DEBUG TilesetLoader        - Loading view for layer BG2
22:27:46.033 [JavaFX Application Thread] DEBUG TilesetLoader        - Created buffer with size 2400.0x800.0
22:27:46.042 [JavaFX Application Thread] DEBUG TilesetLoader        - Loading view for layer BG3
22:27:46.043 [JavaFX Application Thread] DEBUG TilesetLoader        - Created buffer with size 2400.0x800.0
22:27:46.054 [JavaFX Application Thread] DEBUG TilesetLoader        - Loading view for layer BG4a
22:27:46.055 [JavaFX Application Thread] DEBUG TilesetLoader        - Created buffer with size 2400.0x800.0
22:27:46.065 [JavaFX Application Thread] DEBUG TilesetLoader        - Loading view for layer BG4b
22:27:46.066 [JavaFX Application Thread] DEBUG TilesetLoader        - Created buffer with size 2400.0x800.0
22:27:46.075 [JavaFX Application Thread] DEBUG TilesetLoader        - Loading view for layer MainBuild2
22:27:46.076 [JavaFX Application Thread] DEBUG TilesetLoader        - Created buffer with size 2400.0x800.0
22:27:46.098 [JavaFX Application Thread] WARN  TilesetLoader        - Diagonally flipped tiles are not currently supported
22:27:46.098 [JavaFX Application Thread] WARN  TilesetLoader        - Diagonally flipped tiles are not currently supported
22:27:46.099 [JavaFX Application Thread] WARN  TilesetLoader        - Diagonally flipped tiles are not currently supported
22:27:46.099 [JavaFX Application Thread] WARN  TilesetLoader        - Diagonally flipped tiles are not currently supported
22:27:46.099 [JavaFX Application Thread] WARN  TilesetLoader        - Diagonally flipped tiles are not currently supported
22:27:46.099 [JavaFX Application Thread] WARN  TilesetLoader        - Diagonally flipped tiles are not currently supported
22:27:46.099 [JavaFX Application Thread] WARN  TilesetLoader        - Diagonally flipped tiles are not currently supported
22:27:46.099 [JavaFX Application Thread] WARN  TilesetLoader        - Diagonally flipped tiles are not currently supported
22:27:46.099 [JavaFX Application Thread] WARN  TilesetLoader        - Diagonally flipped tiles are not currently supported
22:27:46.099 [JavaFX Application Thread] WARN  TilesetLoader        - Diagonally flipped tiles are not currently supported
22:27:46.099 [JavaFX Application Thread] WARN  TilesetLoader        - Diagonally flipped tiles are not currently supported
22:27:46.099 [JavaFX Application Thread] WARN  TilesetLoader        - Diagonally flipped tiles are not currently supported
22:27:46.100 [JavaFX Application Thread] WARN  TilesetLoader        - Diagonally flipped tiles are not currently supported
22:27:46.100 [JavaFX Application Thread] WARN  TilesetLoader        - Diagonally flipped tiles are not currently supported
22:27:46.100 [JavaFX Application Thread] WARN  TilesetLoader        - Diagonally flipped tiles are not currently supported
22:27:46.100 [JavaFX Application Thread] DEBUG TilesetLoader        - Loading view for layer MainBuild3
22:27:46.101 [JavaFX Application Thread] DEBUG TilesetLoader        - Created buffer with size 2400.0x800.0
22:27:46.101 [JavaFX Application Thread] DEBUG TilesetLoader        - Loading view for layer MainBuild
22:27:46.101 [JavaFX Application Thread] DEBUG TilesetLoader        - Created buffer with size 2400.0x800.0
22:27:46.103 [JavaFX Application Thread] DEBUG TMXLevelLoader       - Creating object layer entities
22:27:46.110 [JavaFX Application Thread] DEBUG GameWorld            - Clearing removable entities
22:27:46.117 [JavaFX Application Thread] DEBUG GameWorld            - Setting level: com.almasb.fxgl.entity.level.Level@4b661649
22:27:46.125 [JavaFX Application Thread] WARN  GameWorld            - Entity is already attached to world
22:27:53.110 [JavaFX Application Thread] WARN  GameWorld            - Entity is already attached to world
22:27:55.058 [JavaFX Application Thread] WARN  GameWorld            - Entity is already attached to world
22:27:56.573 [JavaFX Application Thread] WARN  GameWorld            - Entity is already attached to world
22:27:58.555 [JavaFX Application Thread] WARN  GameWorld            - Entity is already attached to world
22:27:58.661 [JavaFX Application Thread] WARN  TMXLevelLoader       - TiledMap generated from 1.10.2. Supported version: 1.2.3. Some features may not be parsed fully.
22:27:58.679 [JavaFX Application Thread] DEBUG TMXLevelLoader       - Parsed TiledMap: file:/Users/CHLaroche05/zelda/zeldaPuzzle/target/classes/assets/levels/mapFinal.tmx
22:27:58.679 [JavaFX Application Thread] DEBUG TMXLevelLoader       - Creating tile layer entities
22:27:58.679 [JavaFX Application Thread] DEBUG TilesetLoader        - Loading view for layer background
22:27:58.692 [JavaFX Application Thread] DEBUG TilesetLoader        - Created buffer with size 4800.0x4800.0
22:27:58.794 [JavaFX Application Thread] DEBUG TilesetLoader        - Loading view for layer devant
22:27:58.805 [JavaFX Application Thread] DEBUG TilesetLoader        - Created buffer with size 4800.0x4800.0
22:27:58.832 [JavaFX Application Thread] DEBUG TilesetLoader        - Loading view for layer devant1
22:27:58.838 [JavaFX Application Thread] DEBUG TilesetLoader        - Created buffer with size 4800.0x4800.0
22:27:58.847 [JavaFX Application Thread] DEBUG TMXLevelLoader       - Creating object layer entities
22:27:58.858 [JavaFX Application Thread] DEBUG GameWorld            - Clearing removable entities
22:27:58.861 [JavaFX Application Thread] DEBUG GameWorld            - Setting level: com.almasb.fxgl.entity.level.Level@3b8241cb
22:27:58.867 [JavaFX Application Thread] WARN  GameWorld            - Entity is already attached to world
22:27:58.867 [JavaFX Application Thread] WARN  GameWorld            - Entity is already attached to world
22:28:12.087 [JavaFX Application Thread] DEBUG FXGLApplication      - Exiting FXGL
22:28:12.088 [JavaFX Application Thread] DEBUG LoopRunner           - Stopping loop
22:28:12.088 [JavaFX Application Thread] DEBUG SystemBundleService  - Saving FXGL system data
22:28:12.091 [JavaFX Application Thread] DEBUG FileSystemAccess     - Writing to: /Users/CHLaroche05/zelda/zeldaPuzzle/system/fxgl.bundle
22:28:12.095 [JavaFX Application Thread] DEBUG Async                - Shutting down background threads
22:28:12.095 [JavaFX Application Thread] DEBUG PrimaryStageWindow   - Closing main window
22:28:12.103 [JavaFX Application Thread] DEBUG Logger               - Closing Logger
