12:49:58.788 [main                     ] DEBUG Logger               - Configured Logger
12:49:58.801 [main                     ] DEBUG GameApplication      - Logging settings
Title: Zelda 2D Game
Version: 1
Width: 800
Height: 800
Fullscreen: true
Intro: false
Profiling: false
Single step:false
App Mode: DEVELOPER
Menu Key: ESCAPE
Stage Style: DECORATED
Scene Factory: class com.almasb.fxgl.app.scene.SceneFactory

12:49:58.937 [JavaFX Application Thread] DEBUG FXGLApplication      - Initializing FXGL
12:49:58.940 [JavaFX Application Thread] INFO  Engine               - FXGL-17 (31.12.2021 18.16) on WINDOWS (J:19.0.2 FX:19)
12:49:58.941 [JavaFX Application Thread] DEBUG Engine               - JRE Vendor Name: Amazon.com Inc.
12:49:58.941 [JavaFX Application Thread] DEBUG Engine               - Running on OS: Windows 10 version 10.0
12:49:58.941 [JavaFX Application Thread] DEBUG Engine               - Architecture: amd64
12:49:58.941 [JavaFX Application Thread] INFO  Engine               - Source code and latest versions at: https://github.com/AlmasB/FXGL
12:49:58.941 [JavaFX Application Thread] INFO  Engine               -       Ask questions and discuss at: https://github.com/AlmasB/FXGL/discussions
12:49:58.941 [JavaFX Application Thread] INFO  Engine               -              Join the FXGL chat at: https://gitter.im/AlmasB/FXGL
12:49:59.007 [JavaFX Application Thread] DEBUG PrimaryStageWindow   - Creating a JavaFX scene
12:49:59.051 [JavaFX Application Thread] DEBUG PrimaryStageWindow   - Target settings size: 800.0 x 800.0
12:49:59.052 [JavaFX Application Thread] DEBUG PrimaryStageWindow   - Scaled scene size:    800.0 x 800.0
12:49:59.052 [JavaFX Application Thread] DEBUG PrimaryStageWindow   - Scaled ratio: (1.0, 1.0)
12:49:59.053 [JavaFX Application Thread] DEBUG PrimaryStageWindow   - Set initial scene to FXGLStartupScene
12:49:59.057 [JavaFX Application Thread] DEBUG PrimaryStageWindow   - Opening main window
12:49:59.134 [JavaFX Application Thread] DEBUG PrimaryStageWindow   - Window border size: (16.0, 39.0)
12:49:59.135 [JavaFX Application Thread] DEBUG PrimaryStageWindow   - Scaled size: 800.0 x 800.0
12:49:59.135 [JavaFX Application Thread] DEBUG PrimaryStageWindow   - Scaled ratio: (1.0, 1.0)
12:49:59.135 [JavaFX Application Thread] DEBUG PrimaryStageWindow   - Scene size: 800.0 x 800.0
12:49:59.135 [JavaFX Application Thread] DEBUG PrimaryStageWindow   - Stage size: 816.0 x 839.0
12:49:59.174 [JavaFX Application Thread] DEBUG PrimaryStageWindow   - Going fullscreen
12:49:59.180 [FXGL Background Thread 1 ] DEBUG Engine               - Initializing environment variables
12:49:59.219 [FXGL Background Thread 1 ] DEBUG FXGLAssetLoaderServi - User app class for loading assets: class com.example.zeldapuzzle.MainGameApp
12:49:59.219 [FXGL Background Thread 1 ] DEBUG GameApplicationServi - Applying CSS: fxgl_dark.css
12:49:59.219 [FXGL Background Thread 1 ] DEBUG FXGLAssetLoaderServi - Loading from file system: jar:file:///C:/Users/mbour/.m2/repository/com/github/almasb/fxgl/17/fxgl-17.jar!/fxglassets/ui/css/fxgl_dark.css
12:49:59.260 [FXGL Background Thread 1 ] DEBUG GameApplicationServi - Initializing application scenes
12:49:59.298 [FXGL Background Thread 1 ] DEBUG GameWorld            - Game world initialized
12:49:59.354 [FXGL Background Thread 1 ] DEBUG PhysicsWorld         - Physics world initialized: appHeight=800, physics.ppm=50,0
12:49:59.354 [FXGL Background Thread 1 ] DEBUG PhysicsWorld         - Using strategy: BRUTE_FORCE
12:49:59.358 [FXGL Background Thread 1 ] DEBUG GameScene            - Game scene initialized: 800x800
12:49:59.369 [FXGL Background Thread 1 ] DEBUG FXGL.DefaultMenu     - createMenuBodyMainMenu()
12:49:59.381 [FXGL Background Thread 1 ] DEBUG FXGL.DefaultMenu     - createOptionsMenu()
12:49:59.389 [FXGL Background Thread 1 ] DEBUG FXGLAssetLoaderServi - Loading from file system: jar:file:///C:/Users/mbour/.m2/repository/com/github/almasb/fxgl/17/fxgl-17.jar!/fxglassets/textures/particles/smoke.png
12:49:59.451 [FXGL Background Thread 1 ] DEBUG FXGLAssetLoaderServi - Loading from file system: jar:file:///C:/Users/mbour/.m2/repository/com/github/almasb/fxgl/17/fxgl-17.jar!/fxglassets/textures/particles/trace_horizontal.png
12:49:59.469 [FXGL Background Thread 1 ] DEBUG FXGL.DefaultMenu     - createMenuBodyGameMenu()
12:49:59.471 [FXGL Background Thread 1 ] DEBUG FXGL.DefaultMenu     - createOptionsMenu()
12:49:59.487 [FXGL Background Thread 1 ] DEBUG GameApplicationServi - Application scenes initialized
12:49:59.497 [FXGL Background Thread 1 ] DEBUG SystemBundleService  - Loading FXGL system data
12:49:59.501 [FXGL Background Thread 1 ] DEBUG FileSystemAccess     - Reading from: C:\Users\mbour\OneDrive\Bureau\Zelda TOTK WINRAR\zeldaPuzzle\system\fxgl.bundle
12:49:59.510 [FXGL Background Thread 1 ] DEBUG SystemBundleService  - Bundle FXGL: {}
12:49:59.510 [FXGL Background Thread 1 ] DEBUG UpdaterService       - Checking for updates
12:49:59.530 [FXGL Background Thread 4 ] DEBUG FXGLApplication      - Loading fonts
12:49:59.530 [FXGL Background Thread 1 ] DEBUG FXGLApplication      - Loading default localization
12:49:59.530 [FXGL Background Thread 4 ] DEBUG FXGLAssetLoaderServi - Loading from file system: jar:file:///C:/Users/mbour/.m2/repository/com/github/almasb/fxgl/17/fxgl-17.jar!/fxglassets/ui/fonts/VarelaRound-Regular.ttf
12:49:59.531 [FXGL Background Thread 1 ] DEBUG FXGLAssetLoaderServi - Loading from file system: jar:file:///C:/Users/mbour/.m2/repository/com/github/almasb/fxgl/17/fxgl-17.jar!/fxglassets/languages/english.lang
12:49:59.549 [FXGL Background Thread 1 ] INFO  FXGLApplication      - FXGL initialization took: 0,369 sec
12:49:59.558 [JavaFX Application Thread] DEBUG Input                - Registered new binding: getPosition - P
12:49:59.559 [JavaFX Application Thread] DEBUG Input                - Registered new binding: zoom+ - Up
12:49:59.559 [JavaFX Application Thread] DEBUG Input                - Registered new binding: zoom- - Down
12:49:59.559 [JavaFX Application Thread] DEBUG Input                - Registered new binding: resetZoom - 0
12:49:59.559 [JavaFX Application Thread] DEBUG Input                - Registered new binding: Move right - D
12:49:59.560 [JavaFX Application Thread] DEBUG Input                - Registered new binding: Move left - A
12:49:59.560 [JavaFX Application Thread] DEBUG Input                - Registered new binding: Move Up - W
12:49:59.560 [JavaFX Application Thread] DEBUG Input                - Registered new binding: Move Down - S
12:49:59.561 [JavaFX Application Thread] DEBUG FXGLAssetLoaderServi - Loading from file system: jar:file:///C:/Users/mbour/.m2/repository/com/github/almasb/fxgl/17/fxgl-17.jar!/fxglassets/textures/fxgl_icon.png
12:49:59.575 [JavaFX Application Thread] DEBUG FXGLAssetLoaderServi - Loading from file system: jar:file:///C:/Users/mbour/.m2/repository/com/github/almasb/fxgl/17/fxgl-17.jar!/fxglassets/textures/fxgl_default_cursor.png
12:49:59.577 [JavaFX Application Thread] DEBUG Input                - Registered new binding: Screenshot - CTRL+8
12:49:59.578 [JavaFX Application Thread] DEBUG Input                - Registered new binding: Dev Options - 1
12:49:59.578 [JavaFX Application Thread] DEBUG Input                - Registered new binding: Dev Console - 2
12:49:59.578 [JavaFX Application Thread] DEBUG Input                - Registered new binding: System info dump - CTRL+9
12:49:59.578 [JavaFX Application Thread] DEBUG Input                - Registered new binding: Restart - CTRL+R
12:49:59.579 [JavaFX Application Thread] DEBUG Input                - Registered new binding: Toggle Debug Camera - CTRL+7
12:49:59.582 [JavaFX Application Thread] DEBUG LoopRunner           - Starting loop
12:49:59.595 [JavaFX Application Thread] DEBUG LoopRunner           - Initializing JavaFX AnimationTimerLoop
12:49:59.597 [JavaFX Application Thread] DEBUG Input                - Clearing active input actions
12:49:59.605 [JavaFX Application Thread] DEBUG GameApplicationServi - Removing overlay from FXGLStartupScene and adding to FXGLMainMenuDummyScene
12:49:59.612 [JavaFX Application Thread] DEBUG PrimaryStageWindow   - FXGLStartupScene -> FXGLMainMenuDummyScene
12:49:59.612 [JavaFX Application Thread] DEBUG PrimaryStageWindow   - Push state: FXGLDefaultMenu
12:49:59.614 [JavaFX Application Thread] DEBUG Input                - Clearing active input actions
12:49:59.623 [JavaFX Application Thread] DEBUG GameApplicationServi - Removing overlay from FXGLMainMenuDummyScene and adding to FXGLDefaultMenu
12:49:59.625 [JavaFX Application Thread] DEBUG PrimaryStageWindow   - FXGLMainMenuDummyScene -> FXGLDefaultMenu
12:49:59.634 [FXGL Background Thread 4 ] DEBUG FXGLAssetLoaderServi - Loading from file system: jar:file:///C:/Users/mbour/.m2/repository/com/github/almasb/fxgl/17/fxgl-17.jar!/fxglassets/ui/fonts/Abel-Regular.ttf
12:49:59.648 [FXGL Background Thread 4 ] DEBUG FXGLAssetLoaderServi - Loading from file system: jar:file:///C:/Users/mbour/.m2/repository/com/github/almasb/fxgl/17/fxgl-17.jar!/fxglassets/ui/fonts/TerminalLandMono-Regular.otf
12:49:59.660 [FXGL Background Thread 4 ] DEBUG FXGLAssetLoaderServi - Loading from file system: jar:file:///C:/Users/mbour/.m2/repository/com/github/almasb/fxgl/17/fxgl-17.jar!/fxglassets/ui/fonts/Courier-Prime.ttf
12:49:59.845 [JavaFX Application Thread] DEBUG FXGLApplication      - Registering font factories with UI factory
12:49:59.947 [FXGL Background Thread 2 ] INFO  UpdaterService       - Your current version:  17
12:49:59.947 [FXGL Background Thread 2 ] INFO  UpdaterService       - Latest stable version: 21.1
12:50:01.163 [JavaFX Application Thread] DEBUG Menu                 - fireNewGame()
12:50:01.163 [JavaFX Application Thread] DEBUG GameApplicationServi - Starting new game
12:50:01.166 [JavaFX Application Thread] DEBUG PrimaryStageWindow   - Pop state: FXGLDefaultMenu
12:50:01.166 [JavaFX Application Thread] DEBUG Input                - Clearing active input actions
12:50:01.168 [JavaFX Application Thread] DEBUG GameApplicationServi - Removing overlay from FXGLDefaultMenu and adding to FXGLMainMenuDummyScene
12:50:01.170 [JavaFX Application Thread] DEBUG PrimaryStageWindow   - FXGLMainMenuDummyScene <- FXGLDefaultMenu
12:50:01.171 [JavaFX Application Thread] DEBUG Input                - Clearing active input actions
12:50:01.183 [JavaFX Application Thread] DEBUG GameApplicationServi - Removing overlay from FXGLMainMenuDummyScene and adding to FXGLLoadingScene
12:50:01.184 [JavaFX Application Thread] DEBUG PrimaryStageWindow   - FXGLMainMenuDummyScene -> FXGLLoadingScene
12:50:01.184 [JavaFX Application Thread] DEBUG GameApplicationServi - Clearing previous game
12:50:01.184 [JavaFX Application Thread] DEBUG GameScene            - Clearing game scene
12:50:01.185 [JavaFX Application Thread] DEBUG GameWorld            - Clearing game world
12:50:01.185 [JavaFX Application Thread] DEBUG PhysicsWorld         - Clearing physics world
12:50:01.187 [FXGL Background Thread 2 ] DEBUG FXGLApplication      - Initializing game
12:50:01.269 [FXGL Background Thread 2 ] WARN  TMXLevelLoader       - TiledMap generated from 1.10.2. Supported version: 1.2.3. Some features may not be parsed fully.
12:50:01.278 [FXGL Background Thread 2 ] DEBUG TMXLevelLoader       - Parsed TiledMap: file:/C:/Users/mbour/OneDrive/Bureau/Zelda%20TOTK%20WINRAR/zeldaPuzzle/target/classes/assets/levels/StartingMap.tmx
12:50:01.280 [FXGL Background Thread 2 ] DEBUG TMXLevelLoader       - Creating tile layer entities
12:50:01.282 [FXGL Background Thread 2 ] DEBUG TilesetLoader        - Loading view for layer Calque de Tuiles 1
12:50:01.284 [FXGL Background Thread 2 ] DEBUG TilesetLoader        - Created buffer with size 960.0x960.0
12:50:01.303 [FXGL Background Thread 2 ] DEBUG TilesetLoader        - Loading view for layer Calque de Tuiles 2
12:50:01.307 [FXGL Background Thread 2 ] DEBUG TilesetLoader        - Created buffer with size 960.0x960.0
12:50:01.316 [FXGL Background Thread 2 ] DEBUG TMXLevelLoader       - Creating object layer entities
12:50:01.317 [FXGL Background Thread 2 ] DEBUG GameWorld            - Clearing removable entities
12:50:01.318 [FXGL Background Thread 2 ] DEBUG GameWorld            - Setting level: com.almasb.fxgl.entity.level.Level@2d6c22b3
12:50:01.339 [FXGL Background Thread 2 ] WARN  GameWorld            - Entity is already attached to world
12:50:01.402 [FXGL Background Thread 2 ] WARN  GameWorld            - Entity is already attached to world
12:50:01.409 [FXGL Background Thread 2 ] INFO  FXGLApplication      - Game initialization took: 0,222 sec
12:50:01.411 [JavaFX Application Thread] DEBUG Input                - Clearing active input actions
12:50:01.416 [JavaFX Application Thread] DEBUG GameApplicationServi - Removing overlay from FXGLLoadingScene and adding to GameScene
12:50:01.418 [JavaFX Application Thread] DEBUG PrimaryStageWindow   - FXGLLoadingScene -> GameScene
12:50:02.531 [FXGL Background Thread 3 ] DEBUG Engine               - Logging environment variables
12:50:02.531 [FXGL Background Thread 3 ] DEBUG Engine               - achievements: []
12:50:02.531 [FXGL Background Thread 3 ] DEBUG Engine               - actualHeight: 1080.0
12:50:02.531 [FXGL Background Thread 3 ] DEBUG Engine               - actualHeightProperty: ReadOnlyDoubleProperty [value: 1080.0]
12:50:02.531 [FXGL Background Thread 3 ] DEBUG Engine               - actualWidth: 1920.0
12:50:02.531 [FXGL Background Thread 3 ] DEBUG Engine               - actualWidthProperty: ReadOnlyDoubleProperty [value: 1920.0]
12:50:02.531 [FXGL Background Thread 3 ] DEBUG Engine               - appIcon: fxgl_icon.png
12:50:02.532 [FXGL Background Thread 3 ] DEBUG Engine               - applicationMode: DEVELOPER
12:50:02.532 [FXGL Background Thread 3 ] DEBUG Engine               - cSSList: [fxgl_dark.css]
12:50:02.532 [FXGL Background Thread 3 ] DEBUG Engine               - collisionDetectionStrategy: BRUTE_FORCE
12:50:02.532 [FXGL Background Thread 3 ] DEBUG Engine               - configClass: Optional.empty
12:50:02.532 [FXGL Background Thread 3 ] DEBUG Engine               - credits: []
12:50:02.532 [FXGL Background Thread 3 ] DEBUG Engine               - defaultCursor: CursorInfo(imageName=fxgl_default_cursor.png, hotspotX=7.0, hotspotY=6.0)
12:50:02.532 [FXGL Background Thread 3 ] DEBUG Engine               - devBBoxColorProperty: ObjectProperty [value: 0xff0000ff]
12:50:02.532 [FXGL Background Thread 3 ] DEBUG Engine               - devEnableDebugCameraProperty: BooleanProperty [value: false]
12:50:02.532 [FXGL Background Thread 3 ] DEBUG Engine               - devSensorColorProperty: ObjectProperty [value: 0xffff00ff]
12:50:02.532 [FXGL Background Thread 3 ] DEBUG Engine               - devShowBBoxProperty: BooleanProperty [value: false]
12:50:02.532 [FXGL Background Thread 3 ] DEBUG Engine               - devShowPositionProperty: BooleanProperty [value: false]
12:50:02.532 [FXGL Background Thread 3 ] DEBUG Engine               - enabledMenuItems: []
12:50:02.532 [FXGL Background Thread 3 ] DEBUG Engine               - engineServices: [class com.almasb.fxgl.app.services.FXGLAssetLoaderService, class com.almasb.fxgl.app.FXGLApplication$GameApplicationService, class com.almasb.fxgl.app.services.FXGLDialogService, class com.almasb.fxgl.app.services.IOTaskExecutorService, class com.almasb.fxgl.io.FileSystemService, class com.almasb.fxgl.localization.LocalizationService, class com.almasb.fxgl.app.services.SystemBundleService, class com.almasb.fxgl.profile.SaveLoadService, class com.almasb.fxgl.ui.FXGLUIFactoryServiceProvider, class com.almasb.fxgl.ui.FXGLDialogFactoryServiceProvider, class com.almasb.fxgl.audio.AudioPlayer, class com.almasb.fxgl.notification.impl.NotificationServiceProvider, class com.almasb.fxgl.achievement.AchievementService, class com.almasb.fxgl.cutscene.CutsceneService, class com.almasb.fxgl.minigames.MiniGameService, class com.almasb.fxgl.net.NetService, class com.almasb.fxgl.app.services.UpdaterService, class com.almasb.fxgl.dev.DevService]
12:50:02.533 [FXGL Background Thread 3 ] DEBUG Engine               - fontGame: Abel-Regular.ttf
12:50:02.533 [FXGL Background Thread 3 ] DEBUG Engine               - fontMono: TerminalLandMono-Regular.otf
12:50:02.533 [FXGL Background Thread 3 ] DEBUG Engine               - fontText: Courier-Prime.ttf
12:50:02.533 [FXGL Background Thread 3 ] DEBUG Engine               - fontUI: VarelaRound-Regular.ttf
12:50:02.533 [FXGL Background Thread 3 ] DEBUG Engine               - fullScreen: BooleanProperty [value: true]
12:50:02.533 [FXGL Background Thread 3 ] DEBUG Engine               - gameDifficulty: MEDIUM
12:50:02.533 [FXGL Background Thread 3 ] DEBUG Engine               - gameDifficultyProperty: ObjectProperty [value: MEDIUM]
12:50:02.533 [FXGL Background Thread 3 ] DEBUG Engine               - globalMusicVolume: 0.5
12:50:02.533 [FXGL Background Thread 3 ] DEBUG Engine               - globalMusicVolumeProperty: DoubleProperty [value: 0.5]
12:50:02.533 [FXGL Background Thread 3 ] DEBUG Engine               - globalSoundVolume: 0.5
12:50:02.533 [FXGL Background Thread 3 ] DEBUG Engine               - globalSoundVolumeProperty: DoubleProperty [value: 0.5]
12:50:02.533 [FXGL Background Thread 3 ] DEBUG Engine               - height: 800
12:50:02.533 [FXGL Background Thread 3 ] DEBUG Engine               - is3D: false
12:50:02.533 [FXGL Background Thread 3 ] DEBUG Engine               - isAndroid: false
12:50:02.533 [FXGL Background Thread 3 ] DEBUG Engine               - isBrowser: false
12:50:02.533 [FXGL Background Thread 3 ] DEBUG Engine               - isClickFeedbackEnabled: false
12:50:02.533 [FXGL Background Thread 3 ] DEBUG Engine               - isCloseConfirmation: false
12:50:02.533 [FXGL Background Thread 3 ] DEBUG Engine               - isDesktop: true
12:50:02.533 [FXGL Background Thread 3 ] DEBUG Engine               - isDeveloperMenuEnabled: true
12:50:02.533 [FXGL Background Thread 3 ] DEBUG Engine               - isEmbedded: false
12:50:02.533 [FXGL Background Thread 3 ] DEBUG Engine               - isEntityPreloadEnabled: true
12:50:02.534 [FXGL Background Thread 3 ] DEBUG Engine               - isExperimentalTiledLargeMap: false
12:50:02.534 [FXGL Background Thread 3 ] DEBUG Engine               - isFileSystemWriteAllowed: true
12:50:02.534 [FXGL Background Thread 3 ] DEBUG Engine               - isFullScreenAllowed: true
12:50:02.534 [FXGL Background Thread 3 ] DEBUG Engine               - isFullScreenFromStart: true
12:50:02.534 [FXGL Background Thread 3 ] DEBUG Engine               - isGameMenuEnabled: true
12:50:02.534 [FXGL Background Thread 3 ] DEBUG Engine               - isIOS: false
12:50:02.534 [FXGL Background Thread 3 ] DEBUG Engine               - isIntroEnabled: false
12:50:02.534 [FXGL Background Thread 3 ] DEBUG Engine               - isLinux: false
12:50:02.534 [FXGL Background Thread 3 ] DEBUG Engine               - isMac: false
12:50:02.534 [FXGL Background Thread 3 ] DEBUG Engine               - isMainMenuEnabled: true
12:50:02.534 [FXGL Background Thread 3 ] DEBUG Engine               - isManualResizeEnabled: false
12:50:02.534 [FXGL Background Thread 3 ] DEBUG Engine               - isMobile: false
12:50:02.534 [FXGL Background Thread 3 ] DEBUG Engine               - isNative: false
12:50:02.534 [FXGL Background Thread 3 ] DEBUG Engine               - isPauseMusicWhenMinimized: true
12:50:02.534 [FXGL Background Thread 3 ] DEBUG Engine               - isPreserveResizeRatio: false
12:50:02.534 [FXGL Background Thread 3 ] DEBUG Engine               - isProfilingEnabled: false
12:50:02.534 [FXGL Background Thread 3 ] DEBUG Engine               - isScaleAffectedOnResize: true
12:50:02.534 [FXGL Background Thread 3 ] DEBUG Engine               - isSingleStep: false
12:50:02.534 [FXGL Background Thread 3 ] DEBUG Engine               - isUserProfileEnabled: false
12:50:02.534 [FXGL Background Thread 3 ] DEBUG Engine               - isWindows: true
12:50:02.534 [FXGL Background Thread 3 ] DEBUG Engine               - language: ObjectProperty [value: ENGLISH]
12:50:02.534 [FXGL Background Thread 3 ] DEBUG Engine               - menuKey: ESCAPE
12:50:02.534 [FXGL Background Thread 3 ] DEBUG Engine               - mouseSensitivity: 0.2
12:50:02.534 [FXGL Background Thread 3 ] DEBUG Engine               - notificationViewClass: class com.almasb.fxgl.notification.view.XboxNotificationView
12:50:02.534 [FXGL Background Thread 3 ] DEBUG Engine               - pixelsPerMeter: 50.0
12:50:02.535 [FXGL Background Thread 3 ] DEBUG Engine               - platform: WINDOWS
12:50:02.535 [FXGL Background Thread 3 ] DEBUG Engine               - prefHeightProperty: ReadOnlyDoubleProperty [value: 800.0]
12:50:02.535 [FXGL Background Thread 3 ] DEBUG Engine               - prefWidthProperty: ReadOnlyDoubleProperty [value: 800.0]
12:50:02.535 [FXGL Background Thread 3 ] DEBUG Engine               - profileDir: profiles/
12:50:02.535 [FXGL Background Thread 3 ] DEBUG Engine               - profileName: StringProperty [value: DEFAULT]
12:50:02.535 [FXGL Background Thread 3 ] DEBUG Engine               - randomSeed: -1
12:50:02.535 [FXGL Background Thread 3 ] DEBUG Engine               - runtimeInfo: RuntimeInfo(platform=WINDOWS, version=17, build=31.12.2021 18.16)
12:50:02.535 [FXGL Background Thread 3 ] DEBUG Engine               - saveFileExt: sav
12:50:02.535 [FXGL Background Thread 3 ] DEBUG Engine               - scaledHeightProp$fxgl: DoubleProperty [bound, value: 1080.0]
12:50:02.535 [FXGL Background Thread 3 ] DEBUG Engine               - scaledWidthProp$fxgl: DoubleProperty [bound, value: 1920.0]
12:50:02.535 [FXGL Background Thread 3 ] DEBUG Engine               - sceneFactory: com.almasb.fxgl.app.scene.SceneFactory@10c43752
12:50:02.535 [FXGL Background Thread 3 ] DEBUG Engine               - secondsIn24h: 60
12:50:02.535 [FXGL Background Thread 3 ] DEBUG Engine               - soundMenuBack: menu/back.wav
12:50:02.535 [FXGL Background Thread 3 ] DEBUG Engine               - soundMenuPress: menu/press.wav
12:50:02.535 [FXGL Background Thread 3 ] DEBUG Engine               - soundMenuSelect: menu/select.wav
12:50:02.535 [FXGL Background Thread 3 ] DEBUG Engine               - soundNotification: core/notification.wav
12:50:02.535 [FXGL Background Thread 3 ] DEBUG Engine               - stageStyle: DECORATED
12:50:02.535 [FXGL Background Thread 3 ] DEBUG Engine               - supportedLanguages: [ENGLISH, FRENCH, GERMAN, HUNGARIAN, RUSSIAN]
12:50:02.535 [FXGL Background Thread 3 ] DEBUG Engine               - ticksPerSecond: -1
12:50:02.536 [FXGL Background Thread 3 ] DEBUG Engine               - title: Zelda 2D Game
12:50:02.536 [FXGL Background Thread 3 ] DEBUG Engine               - urlGithub: https://github.com/AlmasB/FXGL
12:50:02.536 [FXGL Background Thread 3 ] DEBUG Engine               - urlLeaderboard: http://fxgl-top.herokuapp.com/
12:50:02.536 [FXGL Background Thread 3 ] DEBUG Engine               - urlPOM: https://raw.githubusercontent.com/AlmasB/FXGL/release/README.md
12:50:02.536 [FXGL Background Thread 3 ] DEBUG Engine               - userAppClass: class com.example.zeldapuzzle.MainGameApp
12:50:02.536 [FXGL Background Thread 3 ] DEBUG Engine               - version: 1
12:50:02.536 [FXGL Background Thread 3 ] DEBUG Engine               - versionCheckDays: 7
12:50:02.536 [FXGL Background Thread 3 ] DEBUG Engine               - width: 800
12:50:02.536 [FXGL Background Thread 3 ] DEBUG Engine               - Logging services
12:50:02.536 [FXGL Background Thread 3 ] DEBUG Engine               - class com.almasb.fxgl.app.services.FXGLAssetLoaderService
12:50:02.536 [FXGL Background Thread 3 ] DEBUG Engine               - class com.almasb.fxgl.app.FXGLApplication$GameApplicationService
12:50:02.536 [FXGL Background Thread 3 ] DEBUG Engine               - class com.almasb.fxgl.app.services.FXGLDialogService
12:50:02.536 [FXGL Background Thread 3 ] DEBUG Engine               - class com.almasb.fxgl.app.services.IOTaskExecutorService
12:50:02.536 [FXGL Background Thread 3 ] DEBUG Engine               - class com.almasb.fxgl.io.FileSystemService
12:50:02.536 [FXGL Background Thread 3 ] DEBUG Engine               - class com.almasb.fxgl.localization.LocalizationService
12:50:02.536 [FXGL Background Thread 3 ] DEBUG Engine               - class com.almasb.fxgl.app.services.SystemBundleService
12:50:02.536 [FXGL Background Thread 3 ] DEBUG Engine               - class com.almasb.fxgl.profile.SaveLoadService
12:50:02.536 [FXGL Background Thread 3 ] DEBUG Engine               - class com.almasb.fxgl.ui.FXGLUIFactoryServiceProvider
12:50:02.536 [FXGL Background Thread 3 ] DEBUG Engine               - class com.almasb.fxgl.ui.FXGLDialogFactoryServiceProvider
12:50:02.536 [FXGL Background Thread 3 ] DEBUG Engine               - class com.almasb.fxgl.audio.AudioPlayer
12:50:02.536 [FXGL Background Thread 3 ] DEBUG Engine               - class com.almasb.fxgl.notification.impl.NotificationServiceProvider
12:50:02.536 [FXGL Background Thread 3 ] DEBUG Engine               - class com.almasb.fxgl.achievement.AchievementService
12:50:02.536 [FXGL Background Thread 3 ] DEBUG Engine               - class com.almasb.fxgl.cutscene.CutsceneService
12:50:02.536 [FXGL Background Thread 3 ] DEBUG Engine               - class com.almasb.fxgl.minigames.MiniGameService
12:50:02.536 [FXGL Background Thread 3 ] DEBUG Engine               - class com.almasb.fxgl.net.NetService
12:50:02.536 [FXGL Background Thread 3 ] DEBUG Engine               - class com.almasb.fxgl.app.services.UpdaterService
12:50:02.536 [FXGL Background Thread 3 ] DEBUG Engine               - class com.almasb.fxgl.dev.DevService
12:50:04.957 [JavaFX Application Thread] DEBUG PrimaryStageWindow   - Push state: FXGLDefaultMenu
12:50:04.957 [JavaFX Application Thread] DEBUG Input                - Clearing active input actions
12:50:04.957 [JavaFX Application Thread] DEBUG GameApplicationServi - Removing overlay from GameScene and adding to FXGLDefaultMenu
12:50:04.958 [JavaFX Application Thread] DEBUG PrimaryStageWindow   - GameScene -> FXGLDefaultMenu
12:50:06.421 [JavaFX Application Thread] DEBUG PrimaryStageWindow   - Pop state: FXGLDefaultMenu
12:50:06.421 [JavaFX Application Thread] DEBUG Input                - Clearing active input actions
12:50:06.422 [JavaFX Application Thread] DEBUG GameApplicationServi - Removing overlay from FXGLDefaultMenu and adding to GameScene
12:50:06.422 [JavaFX Application Thread] DEBUG PrimaryStageWindow   - GameScene <- FXGLDefaultMenu
12:50:08.397 [JavaFX Application Thread] DEBUG PrimaryStageWindow   - Push state: FXGLDefaultMenu
12:50:08.397 [JavaFX Application Thread] DEBUG Input                - Clearing active input actions
12:50:08.398 [JavaFX Application Thread] DEBUG GameApplicationServi - Removing overlay from GameScene and adding to FXGLDefaultMenu
12:50:08.399 [JavaFX Application Thread] DEBUG PrimaryStageWindow   - GameScene -> FXGLDefaultMenu
12:50:09.174 [JavaFX Application Thread] DEBUG Menu                 - fireExitToMainMenu()
12:50:09.176 [JavaFX Application Thread] DEBUG PrimaryStageWindow   - Push state: DialogSubScene
12:50:09.176 [JavaFX Application Thread] DEBUG Input                - Clearing active input actions
12:50:09.176 [JavaFX Application Thread] DEBUG GameApplicationServi - Removing overlay from FXGLDefaultMenu and adding to DialogSubScene
12:50:09.177 [JavaFX Application Thread] DEBUG PrimaryStageWindow   - FXGLDefaultMenu -> DialogSubScene
12:50:11.604 [JavaFX Application Thread] DEBUG PrimaryStageWindow   - Pop state: DialogSubScene
12:50:11.604 [JavaFX Application Thread] DEBUG Input                - Clearing active input actions
12:50:11.605 [JavaFX Application Thread] DEBUG GameApplicationServi - Removing overlay from DialogSubScene and adding to FXGLDefaultMenu
12:50:11.605 [JavaFX Application Thread] DEBUG PrimaryStageWindow   - FXGLDefaultMenu <- DialogSubScene
12:50:11.605 [JavaFX Application Thread] DEBUG PrimaryStageWindow   - Pop state: FXGLDefaultMenu
12:50:11.605 [JavaFX Application Thread] DEBUG Input                - Clearing active input actions
12:50:11.606 [JavaFX Application Thread] DEBUG GameApplicationServi - Removing overlay from FXGLDefaultMenu and adding to GameScene
12:50:11.606 [JavaFX Application Thread] DEBUG PrimaryStageWindow   - GameScene <- FXGLDefaultMenu
12:50:11.606 [JavaFX Application Thread] DEBUG Input                - Clearing active input actions
12:50:11.609 [JavaFX Application Thread] DEBUG GameApplicationServi - Removing overlay from GameScene and adding to FXGLMainMenuDummyScene
12:50:11.612 [JavaFX Application Thread] DEBUG PrimaryStageWindow   - GameScene -> FXGLMainMenuDummyScene
12:50:11.612 [JavaFX Application Thread] DEBUG PrimaryStageWindow   - Push state: FXGLDefaultMenu
12:50:11.612 [JavaFX Application Thread] DEBUG Input                - Clearing active input actions
12:50:11.613 [JavaFX Application Thread] DEBUG GameApplicationServi - Removing overlay from FXGLMainMenuDummyScene and adding to FXGLDefaultMenu
12:50:11.613 [JavaFX Application Thread] DEBUG PrimaryStageWindow   - FXGLMainMenuDummyScene -> FXGLDefaultMenu
12:50:12.692 [JavaFX Application Thread] DEBUG Menu                 - fireExit()
12:50:12.693 [JavaFX Application Thread] DEBUG PrimaryStageWindow   - Push state: DialogSubScene
12:50:12.693 [JavaFX Application Thread] DEBUG Input                - Clearing active input actions
12:50:12.694 [JavaFX Application Thread] DEBUG GameApplicationServi - Removing overlay from FXGLDefaultMenu and adding to DialogSubScene
12:50:12.694 [JavaFX Application Thread] DEBUG PrimaryStageWindow   - FXGLDefaultMenu -> DialogSubScene
12:50:13.583 [JavaFX Application Thread] DEBUG PrimaryStageWindow   - Pop state: DialogSubScene
12:50:13.583 [JavaFX Application Thread] DEBUG Input                - Clearing active input actions
12:50:13.583 [JavaFX Application Thread] DEBUG GameApplicationServi - Removing overlay from DialogSubScene and adding to FXGLDefaultMenu
12:50:13.584 [JavaFX Application Thread] DEBUG PrimaryStageWindow   - FXGLDefaultMenu <- DialogSubScene
12:50:13.584 [JavaFX Application Thread] DEBUG FXGLApplication      - Exiting FXGL
12:50:13.584 [JavaFX Application Thread] DEBUG LoopRunner           - Stopping loop
12:50:13.584 [JavaFX Application Thread] DEBUG SystemBundleService  - Saving FXGL system data
12:50:13.585 [JavaFX Application Thread] DEBUG FileSystemAccess     - Writing to: C:\Users\mbour\OneDrive\Bureau\Zelda TOTK WINRAR\zeldaPuzzle\system\fxgl.bundle
12:50:13.587 [JavaFX Application Thread] DEBUG Async                - Shutting down background threads
12:50:13.587 [JavaFX Application Thread] DEBUG PrimaryStageWindow   - Closing main window
12:50:13.612 [JavaFX Application Thread] DEBUG Logger               - Closing Logger
