23:35:53.035 [main                     ] DEBUG Logger               - Configured Logger
23:35:53.050 [main                     ] DEBUG GameApplication      - Logging settings
Title: Zelda 2D Game
Version: 1
Width: 800
Height: 800
Fullscreen: true
Intro: false
Profiling: false
Single step:false
App Mode: DEVELOPER
Menu Key: ESCAPE
Stage Style: DECORATED
Scene Factory: class com.almasb.fxgl.app.scene.SceneFactory

23:35:53.179 [JavaFX Application Thread] DEBUG FXGLApplication      - Initializing FXGL
23:35:53.183 [JavaFX Application Thread] INFO  Engine               - FXGL-17 (31.12.2021 18.16) on WINDOWS (J:21.0.2 FX:19)
23:35:53.184 [JavaFX Application Thread] DEBUG Engine               - JRE Vendor Name: Oracle Corporation
23:35:53.184 [JavaFX Application Thread] DEBUG Engine               - Running on OS: Windows 10 version 10.0
23:35:53.184 [JavaFX Application Thread] DEBUG Engine               - Architecture: amd64
23:35:53.184 [JavaFX Application Thread] INFO  Engine               - Source code and latest versions at: https://github.com/AlmasB/FXGL
23:35:53.184 [JavaFX Application Thread] INFO  Engine               -       Ask questions and discuss at: https://github.com/AlmasB/FXGL/discussions
23:35:53.184 [JavaFX Application Thread] INFO  Engine               -              Join the FXGL chat at: https://gitter.im/AlmasB/FXGL
23:35:53.255 [JavaFX Application Thread] DEBUG PrimaryStageWindow   - Creating a JavaFX scene
23:35:53.302 [JavaFX Application Thread] DEBUG PrimaryStageWindow   - Target settings size: 800.0 x 800.0
23:35:53.303 [JavaFX Application Thread] DEBUG PrimaryStageWindow   - Scaled scene size:    800.0 x 800.0
23:35:53.303 [JavaFX Application Thread] DEBUG PrimaryStageWindow   - Scaled ratio: (1.0, 1.0)
23:35:53.304 [JavaFX Application Thread] DEBUG PrimaryStageWindow   - Set initial scene to FXGLStartupScene
23:35:53.309 [JavaFX Application Thread] DEBUG PrimaryStageWindow   - Opening main window
23:35:53.398 [JavaFX Application Thread] DEBUG PrimaryStageWindow   - Window border size: (16.0, 39.0)
23:35:53.398 [JavaFX Application Thread] DEBUG PrimaryStageWindow   - Scaled size: 800.0 x 800.0
23:35:53.398 [JavaFX Application Thread] DEBUG PrimaryStageWindow   - Scaled ratio: (1.0, 1.0)
23:35:53.399 [JavaFX Application Thread] DEBUG PrimaryStageWindow   - Scene size: 800.0 x 800.0
23:35:53.399 [JavaFX Application Thread] DEBUG PrimaryStageWindow   - Stage size: 816.0 x 839.0
23:35:53.407 [FXGL Background Thread 1 ] DEBUG Engine               - Initializing environment variables
23:35:53.454 [FXGL Background Thread 1 ] DEBUG FXGLAssetLoaderServi - User app class for loading assets: class com.example.zeldapuzzle.MainGameApp
23:35:53.455 [FXGL Background Thread 1 ] DEBUG GameApplicationServi - Applying CSS: fxgl_dark.css
23:35:53.455 [FXGL Background Thread 1 ] DEBUG FXGLAssetLoaderServi - Loading from file system: jar:file:///C:/Users/mbour/.m2/repository/com/github/almasb/fxgl/17/fxgl-17.jar!/fxglassets/ui/css/fxgl_dark.css
23:35:53.495 [FXGL Background Thread 1 ] DEBUG GameApplicationServi - Initializing application scenes
23:35:53.530 [FXGL Background Thread 1 ] DEBUG GameWorld            - Game world initialized
23:35:53.595 [FXGL Background Thread 1 ] DEBUG PhysicsWorld         - Physics world initialized: appHeight=800, physics.ppm=50,0
23:35:53.596 [FXGL Background Thread 1 ] DEBUG PhysicsWorld         - Using strategy: BRUTE_FORCE
23:35:53.600 [FXGL Background Thread 1 ] DEBUG GameScene            - Game scene initialized: 800x800
23:35:53.612 [FXGL Background Thread 1 ] DEBUG FXGL.DefaultMenu     - createMenuBodyMainMenu()
23:35:53.626 [FXGL Background Thread 1 ] DEBUG FXGL.DefaultMenu     - createOptionsMenu()
23:35:53.636 [FXGL Background Thread 1 ] DEBUG FXGLAssetLoaderServi - Loading from file system: jar:file:///C:/Users/mbour/.m2/repository/com/github/almasb/fxgl/17/fxgl-17.jar!/fxglassets/textures/particles/smoke.png
23:35:53.710 [FXGL Background Thread 1 ] DEBUG FXGLAssetLoaderServi - Loading from file system: jar:file:///C:/Users/mbour/.m2/repository/com/github/almasb/fxgl/17/fxgl-17.jar!/fxglassets/textures/particles/trace_horizontal.png
23:35:53.729 [FXGL Background Thread 1 ] DEBUG FXGL.DefaultMenu     - createMenuBodyGameMenu()
23:35:53.730 [FXGL Background Thread 1 ] DEBUG FXGL.DefaultMenu     - createOptionsMenu()
23:35:53.744 [FXGL Background Thread 1 ] DEBUG GameApplicationServi - Application scenes initialized
23:35:53.756 [FXGL Background Thread 1 ] DEBUG SystemBundleService  - Loading FXGL system data
23:35:53.759 [FXGL Background Thread 1 ] DEBUG FileSystemAccess     - Reading from: C:\Users\mbour\OneDrive\Bureau\Zelda TOTK WINRAR\zeldaPuzzle\system\fxgl.bundle
23:35:53.769 [FXGL Background Thread 1 ] DEBUG SystemBundleService  - Bundle FXGL: {}
23:35:53.769 [FXGL Background Thread 1 ] DEBUG UpdaterService       - Checking for updates
23:35:53.793 [FXGL Background Thread 4 ] DEBUG FXGLApplication      - Loading fonts
23:35:53.793 [FXGL Background Thread 1 ] DEBUG FXGLApplication      - Loading default localization
23:35:53.794 [FXGL Background Thread 4 ] DEBUG FXGLAssetLoaderServi - Loading from file system: jar:file:///C:/Users/mbour/.m2/repository/com/github/almasb/fxgl/17/fxgl-17.jar!/fxglassets/ui/fonts/VarelaRound-Regular.ttf
23:35:53.794 [FXGL Background Thread 1 ] DEBUG FXGLAssetLoaderServi - Loading from file system: jar:file:///C:/Users/mbour/.m2/repository/com/github/almasb/fxgl/17/fxgl-17.jar!/fxglassets/languages/english.lang
23:35:53.811 [FXGL Background Thread 1 ] INFO  FXGLApplication      - FXGL initialization took: 0,404 sec
23:35:53.822 [JavaFX Application Thread] DEBUG Input                - Registered new binding: inventaire - Tab
23:35:53.822 [JavaFX Application Thread] DEBUG Input                - Registered new binding: getPosition - P
23:35:53.822 [JavaFX Application Thread] DEBUG Input                - Registered new binding: zoom+ - Up
23:35:53.822 [JavaFX Application Thread] DEBUG Input                - Registered new binding: zoom- - Down
23:35:53.823 [JavaFX Application Thread] DEBUG Input                - Registered new binding: resetZoom - 0
23:35:53.823 [JavaFX Application Thread] DEBUG Input                - Registered new binding: Move right - D
23:35:53.823 [JavaFX Application Thread] DEBUG Input                - Registered new binding: Move left - A
23:35:53.823 [JavaFX Application Thread] DEBUG Input                - Registered new binding: Move Up - W
23:35:53.823 [JavaFX Application Thread] DEBUG Input                - Registered new binding: Move Down - S
23:35:53.824 [JavaFX Application Thread] DEBUG FXGLAssetLoaderServi - Loading from file system: jar:file:///C:/Users/mbour/.m2/repository/com/github/almasb/fxgl/17/fxgl-17.jar!/fxglassets/textures/fxgl_icon.png
23:35:53.826 [FXGL Background Thread 4 ] DEBUG FXGLAssetLoaderServi - Loading from file system: jar:file:///C:/Users/mbour/.m2/repository/com/github/almasb/fxgl/17/fxgl-17.jar!/fxglassets/ui/fonts/Abel-Regular.ttf
23:35:53.833 [JavaFX Application Thread] DEBUG FXGLAssetLoaderServi - Loading from file system: jar:file:///C:/Users/mbour/.m2/repository/com/github/almasb/fxgl/17/fxgl-17.jar!/fxglassets/textures/fxgl_default_cursor.png
23:35:53.835 [JavaFX Application Thread] DEBUG Input                - Registered new binding: Screenshot - CTRL+8
23:35:53.835 [JavaFX Application Thread] DEBUG Input                - Registered new binding: Dev Options - 1
23:35:53.836 [JavaFX Application Thread] DEBUG Input                - Registered new binding: Dev Console - 2
23:35:53.837 [JavaFX Application Thread] DEBUG Input                - Registered new binding: System info dump - CTRL+9
23:35:53.837 [FXGL Background Thread 4 ] DEBUG FXGLAssetLoaderServi - Loading from file system: jar:file:///C:/Users/mbour/.m2/repository/com/github/almasb/fxgl/17/fxgl-17.jar!/fxglassets/ui/fonts/TerminalLandMono-Regular.otf
23:35:53.837 [JavaFX Application Thread] DEBUG Input                - Registered new binding: Restart - CTRL+R
23:35:53.838 [JavaFX Application Thread] DEBUG Input                - Registered new binding: Toggle Debug Camera - CTRL+7
23:35:53.842 [JavaFX Application Thread] DEBUG LoopRunner           - Starting loop
23:35:53.850 [FXGL Background Thread 4 ] DEBUG FXGLAssetLoaderServi - Loading from file system: jar:file:///C:/Users/mbour/.m2/repository/com/github/almasb/fxgl/17/fxgl-17.jar!/fxglassets/ui/fonts/Courier-Prime.ttf
23:35:53.858 [JavaFX Application Thread] DEBUG LoopRunner           - Initializing JavaFX AnimationTimerLoop
23:35:53.861 [JavaFX Application Thread] DEBUG Input                - Clearing active input actions
23:35:53.869 [JavaFX Application Thread] DEBUG GameApplicationServi - Removing overlay from FXGLStartupScene and adding to FXGLMainMenuDummyScene
23:35:53.874 [JavaFX Application Thread] DEBUG PrimaryStageWindow   - FXGLStartupScene -> FXGLMainMenuDummyScene
23:35:53.874 [JavaFX Application Thread] DEBUG PrimaryStageWindow   - Push state: FXGLDefaultMenu
23:35:53.877 [JavaFX Application Thread] DEBUG Input                - Clearing active input actions
23:35:53.885 [JavaFX Application Thread] DEBUG GameApplicationServi - Removing overlay from FXGLMainMenuDummyScene and adding to FXGLDefaultMenu
23:35:53.886 [JavaFX Application Thread] DEBUG PrimaryStageWindow   - FXGLMainMenuDummyScene -> FXGLDefaultMenu
23:35:54.097 [JavaFX Application Thread] DEBUG FXGLApplication      - Registering font factories with UI factory
23:35:54.205 [FXGL Background Thread 2 ] INFO  UpdaterService       - Your current version:  17
23:35:54.205 [FXGL Background Thread 2 ] INFO  UpdaterService       - Latest stable version: 21.1
23:35:55.419 [JavaFX Application Thread] DEBUG Menu                 - fireNewGame()
23:35:55.420 [JavaFX Application Thread] DEBUG GameApplicationServi - Starting new game
23:35:55.423 [JavaFX Application Thread] DEBUG PrimaryStageWindow   - Pop state: FXGLDefaultMenu
23:35:55.423 [JavaFX Application Thread] DEBUG Input                - Clearing active input actions
23:35:55.425 [JavaFX Application Thread] DEBUG GameApplicationServi - Removing overlay from FXGLDefaultMenu and adding to FXGLMainMenuDummyScene
23:35:55.430 [JavaFX Application Thread] DEBUG PrimaryStageWindow   - FXGLMainMenuDummyScene <- FXGLDefaultMenu
23:35:55.430 [JavaFX Application Thread] DEBUG Input                - Clearing active input actions
23:35:55.443 [JavaFX Application Thread] DEBUG GameApplicationServi - Removing overlay from FXGLMainMenuDummyScene and adding to FXGLLoadingScene
23:35:55.444 [JavaFX Application Thread] DEBUG PrimaryStageWindow   - FXGLMainMenuDummyScene -> FXGLLoadingScene
23:35:55.444 [JavaFX Application Thread] DEBUG GameApplicationServi - Clearing previous game
23:35:55.444 [JavaFX Application Thread] DEBUG GameScene            - Clearing game scene
23:35:55.444 [JavaFX Application Thread] DEBUG GameWorld            - Clearing game world
23:35:55.444 [JavaFX Application Thread] DEBUG PhysicsWorld         - Clearing physics world
23:35:55.446 [FXGL Background Thread 2 ] DEBUG FXGLApplication      - Initializing game
23:35:55.527 [FXGL Background Thread 2 ] WARN  TMXLevelLoader       - TiledMap generated from 1.10.2. Supported version: 1.2.3. Some features may not be parsed fully.
23:35:55.601 [FXGL Background Thread 2 ] DEBUG TMXLevelLoader       - Parsed TiledMap: file:/C:/Users/mbour/OneDrive/Bureau/Zelda%20TOTK%20WINRAR/zeldaPuzzle/target/classes/assets/levels/mapFinal.tmx
23:35:55.602 [FXGL Background Thread 2 ] DEBUG TMXLevelLoader       - Creating tile layer entities
23:35:55.604 [FXGL Background Thread 2 ] DEBUG TilesetLoader        - Loading view for layer background
23:35:55.638 [FXGL Background Thread 2 ] DEBUG TilesetLoader        - Created buffer with size 4800.0x4800.0
23:35:55.835 [FXGL Background Thread 2 ] DEBUG TilesetLoader        - Loading view for layer devant
23:35:55.870 [FXGL Background Thread 2 ] DEBUG TilesetLoader        - Created buffer with size 4800.0x4800.0
23:35:55.920 [FXGL Background Thread 2 ] DEBUG TilesetLoader        - Loading view for layer devant1
23:35:55.953 [FXGL Background Thread 2 ] DEBUG TilesetLoader        - Created buffer with size 4800.0x4800.0
23:35:55.966 [FXGL Background Thread 2 ] DEBUG TMXLevelLoader       - Creating object layer entities
23:35:56.008 [FXGL Background Thread 2 ] DEBUG GameWorld            - Clearing removable entities
23:35:56.009 [FXGL Background Thread 2 ] DEBUG GameWorld            - Setting level: com.almasb.fxgl.entity.level.Level@302d7c98
23:35:56.024 [FXGL Background Thread 2 ] WARN  GameWorld            - Entity is already attached to world
23:35:56.025 [FXGL Background Thread 2 ] WARN  GameWorld            - Entity is already attached to world
23:35:56.031 [FXGL Background Thread 2 ] INFO  FXGLApplication      - Game initialization took: 0,585 sec
23:35:56.031 [JavaFX Application Thread] DEBUG Input                - Clearing active input actions
23:35:56.038 [JavaFX Application Thread] DEBUG GameApplicationServi - Removing overlay from FXGLLoadingScene and adding to GameScene
23:35:56.040 [JavaFX Application Thread] DEBUG PrimaryStageWindow   - FXGLLoadingScene -> GameScene
23:35:56.792 [FXGL Background Thread 3 ] DEBUG Engine               - Logging environment variables
23:35:56.792 [FXGL Background Thread 3 ] DEBUG Engine               - achievements: []
23:35:56.792 [FXGL Background Thread 3 ] DEBUG Engine               - actualHeight: 800.0
23:35:56.792 [FXGL Background Thread 3 ] DEBUG Engine               - actualHeightProperty: ReadOnlyDoubleProperty [value: 800.0]
23:35:56.792 [FXGL Background Thread 3 ] DEBUG Engine               - actualWidth: 800.0
23:35:56.793 [FXGL Background Thread 3 ] DEBUG Engine               - actualWidthProperty: ReadOnlyDoubleProperty [value: 800.0]
23:35:56.793 [FXGL Background Thread 3 ] DEBUG Engine               - appIcon: fxgl_icon.png
23:35:56.793 [FXGL Background Thread 3 ] DEBUG Engine               - applicationMode: DEVELOPER
23:35:56.793 [FXGL Background Thread 3 ] DEBUG Engine               - cSSList: [fxgl_dark.css]
23:35:56.793 [FXGL Background Thread 3 ] DEBUG Engine               - collisionDetectionStrategy: BRUTE_FORCE
23:35:56.793 [FXGL Background Thread 3 ] DEBUG Engine               - configClass: Optional.empty
23:35:56.793 [FXGL Background Thread 3 ] DEBUG Engine               - credits: []
23:35:56.793 [FXGL Background Thread 3 ] DEBUG Engine               - defaultCursor: CursorInfo(imageName=fxgl_default_cursor.png, hotspotX=7.0, hotspotY=6.0)
23:35:56.793 [FXGL Background Thread 3 ] DEBUG Engine               - devBBoxColorProperty: ObjectProperty [value: 0xff0000ff]
23:35:56.793 [FXGL Background Thread 3 ] DEBUG Engine               - devEnableDebugCameraProperty: BooleanProperty [value: false]
23:35:56.793 [FXGL Background Thread 3 ] DEBUG Engine               - devSensorColorProperty: ObjectProperty [value: 0xffff00ff]
23:35:56.793 [FXGL Background Thread 3 ] DEBUG Engine               - devShowBBoxProperty: BooleanProperty [value: false]
23:35:56.794 [FXGL Background Thread 3 ] DEBUG Engine               - devShowPositionProperty: BooleanProperty [value: false]
23:35:56.794 [FXGL Background Thread 3 ] DEBUG Engine               - enabledMenuItems: []
23:35:56.794 [FXGL Background Thread 3 ] DEBUG Engine               - engineServices: [class com.almasb.fxgl.app.services.FXGLAssetLoaderService, class com.almasb.fxgl.app.FXGLApplication$GameApplicationService, class com.almasb.fxgl.app.services.FXGLDialogService, class com.almasb.fxgl.app.services.IOTaskExecutorService, class com.almasb.fxgl.io.FileSystemService, class com.almasb.fxgl.localization.LocalizationService, class com.almasb.fxgl.app.services.SystemBundleService, class com.almasb.fxgl.profile.SaveLoadService, class com.almasb.fxgl.ui.FXGLUIFactoryServiceProvider, class com.almasb.fxgl.ui.FXGLDialogFactoryServiceProvider, class com.almasb.fxgl.audio.AudioPlayer, class com.almasb.fxgl.notification.impl.NotificationServiceProvider, class com.almasb.fxgl.achievement.AchievementService, class com.almasb.fxgl.cutscene.CutsceneService, class com.almasb.fxgl.minigames.MiniGameService, class com.almasb.fxgl.net.NetService, class com.almasb.fxgl.app.services.UpdaterService, class com.almasb.fxgl.dev.DevService]
23:35:56.794 [FXGL Background Thread 3 ] DEBUG Engine               - fontGame: Abel-Regular.ttf
23:35:56.794 [FXGL Background Thread 3 ] DEBUG Engine               - fontMono: TerminalLandMono-Regular.otf
23:35:56.794 [FXGL Background Thread 3 ] DEBUG Engine               - fontText: Courier-Prime.ttf
23:35:56.794 [FXGL Background Thread 3 ] DEBUG Engine               - fontUI: VarelaRound-Regular.ttf
23:35:56.794 [FXGL Background Thread 3 ] DEBUG Engine               - fullScreen: BooleanProperty [value: false]
23:35:56.794 [FXGL Background Thread 3 ] DEBUG Engine               - gameDifficulty: MEDIUM
23:35:56.794 [FXGL Background Thread 3 ] DEBUG Engine               - gameDifficultyProperty: ObjectProperty [value: MEDIUM]
23:35:56.794 [FXGL Background Thread 3 ] DEBUG Engine               - globalMusicVolume: 0.5
23:35:56.794 [FXGL Background Thread 3 ] DEBUG Engine               - globalMusicVolumeProperty: DoubleProperty [value: 0.5]
23:35:56.794 [FXGL Background Thread 3 ] DEBUG Engine               - globalSoundVolume: 0.5
23:35:56.794 [FXGL Background Thread 3 ] DEBUG Engine               - globalSoundVolumeProperty: DoubleProperty [value: 0.5]
23:35:56.795 [FXGL Background Thread 3 ] DEBUG Engine               - height: 800
23:35:56.795 [FXGL Background Thread 3 ] DEBUG Engine               - is3D: false
23:35:56.795 [FXGL Background Thread 3 ] DEBUG Engine               - isAndroid: false
23:35:56.795 [FXGL Background Thread 3 ] DEBUG Engine               - isBrowser: false
23:35:56.795 [FXGL Background Thread 3 ] DEBUG Engine               - isClickFeedbackEnabled: false
23:35:56.795 [FXGL Background Thread 3 ] DEBUG Engine               - isCloseConfirmation: false
23:35:56.795 [FXGL Background Thread 3 ] DEBUG Engine               - isDesktop: true
23:35:56.795 [FXGL Background Thread 3 ] DEBUG Engine               - isDeveloperMenuEnabled: true
23:35:56.795 [FXGL Background Thread 3 ] DEBUG Engine               - isEmbedded: false
23:35:56.795 [FXGL Background Thread 3 ] DEBUG Engine               - isEntityPreloadEnabled: true
23:35:56.795 [FXGL Background Thread 3 ] DEBUG Engine               - isExperimentalTiledLargeMap: false
23:35:56.795 [FXGL Background Thread 3 ] DEBUG Engine               - isFileSystemWriteAllowed: true
23:35:56.795 [FXGL Background Thread 3 ] DEBUG Engine               - isFullScreenAllowed: true
23:35:56.795 [FXGL Background Thread 3 ] DEBUG Engine               - isFullScreenFromStart: false
23:35:56.795 [FXGL Background Thread 3 ] DEBUG Engine               - isGameMenuEnabled: true
23:35:56.795 [FXGL Background Thread 3 ] DEBUG Engine               - isIOS: false
23:35:56.795 [FXGL Background Thread 3 ] DEBUG Engine               - isIntroEnabled: false
23:35:56.795 [FXGL Background Thread 3 ] DEBUG Engine               - isLinux: false
23:35:56.795 [FXGL Background Thread 3 ] DEBUG Engine               - isMac: false
23:35:56.796 [FXGL Background Thread 3 ] DEBUG Engine               - isMainMenuEnabled: true
23:35:56.796 [FXGL Background Thread 3 ] DEBUG Engine               - isManualResizeEnabled: false
23:35:56.796 [FXGL Background Thread 3 ] DEBUG Engine               - isMobile: false
23:35:56.796 [FXGL Background Thread 3 ] DEBUG Engine               - isNative: false
23:35:56.796 [FXGL Background Thread 3 ] DEBUG Engine               - isPauseMusicWhenMinimized: true
23:35:56.796 [FXGL Background Thread 3 ] DEBUG Engine               - isPreserveResizeRatio: false
23:35:56.796 [FXGL Background Thread 3 ] DEBUG Engine               - isProfilingEnabled: false
23:35:56.796 [FXGL Background Thread 3 ] DEBUG Engine               - isScaleAffectedOnResize: true
23:35:56.796 [FXGL Background Thread 3 ] DEBUG Engine               - isSingleStep: false
23:35:56.796 [FXGL Background Thread 3 ] DEBUG Engine               - isUserProfileEnabled: false
23:35:56.796 [FXGL Background Thread 3 ] DEBUG Engine               - isWindows: true
23:35:56.796 [FXGL Background Thread 3 ] DEBUG Engine               - language: ObjectProperty [value: ENGLISH]
23:35:56.796 [FXGL Background Thread 3 ] DEBUG Engine               - menuKey: ESCAPE
23:35:56.796 [FXGL Background Thread 3 ] DEBUG Engine               - mouseSensitivity: 0.2
23:35:56.796 [FXGL Background Thread 3 ] DEBUG Engine               - notificationViewClass: class com.almasb.fxgl.notification.view.XboxNotificationView
23:35:56.796 [FXGL Background Thread 3 ] DEBUG Engine               - pixelsPerMeter: 50.0
23:35:56.796 [FXGL Background Thread 3 ] DEBUG Engine               - platform: WINDOWS
23:35:56.796 [FXGL Background Thread 3 ] DEBUG Engine               - prefHeightProperty: ReadOnlyDoubleProperty [value: 800.0]
23:35:56.796 [FXGL Background Thread 3 ] DEBUG Engine               - prefWidthProperty: ReadOnlyDoubleProperty [value: 800.0]
23:35:56.796 [FXGL Background Thread 3 ] DEBUG Engine               - profileDir: profiles/
23:35:56.797 [FXGL Background Thread 3 ] DEBUG Engine               - profileName: StringProperty [value: DEFAULT]
23:35:56.797 [FXGL Background Thread 3 ] DEBUG Engine               - randomSeed: -1
23:35:56.797 [FXGL Background Thread 3 ] DEBUG Engine               - runtimeInfo: RuntimeInfo(platform=WINDOWS, version=17, build=31.12.2021 18.16)
23:35:56.797 [FXGL Background Thread 3 ] DEBUG Engine               - saveFileExt: sav
23:35:56.797 [FXGL Background Thread 3 ] DEBUG Engine               - scaledHeightProp$fxgl: DoubleProperty [bound, value: 800.0]
23:35:56.797 [FXGL Background Thread 3 ] DEBUG Engine               - scaledWidthProp$fxgl: DoubleProperty [bound, value: 800.0]
23:35:56.798 [FXGL Background Thread 3 ] DEBUG Engine               - sceneFactory: com.almasb.fxgl.app.scene.SceneFactory@2e90f59b
23:35:56.798 [FXGL Background Thread 3 ] DEBUG Engine               - secondsIn24h: 60
23:35:56.798 [FXGL Background Thread 3 ] DEBUG Engine               - soundMenuBack: menu/back.wav
23:35:56.798 [FXGL Background Thread 3 ] DEBUG Engine               - soundMenuPress: menu/press.wav
23:35:56.798 [FXGL Background Thread 3 ] DEBUG Engine               - soundMenuSelect: menu/select.wav
23:35:56.798 [FXGL Background Thread 3 ] DEBUG Engine               - soundNotification: core/notification.wav
23:35:56.798 [FXGL Background Thread 3 ] DEBUG Engine               - stageStyle: DECORATED
23:35:56.798 [FXGL Background Thread 3 ] DEBUG Engine               - supportedLanguages: [ENGLISH, FRENCH, GERMAN, HUNGARIAN, RUSSIAN]
23:35:56.798 [FXGL Background Thread 3 ] DEBUG Engine               - ticksPerSecond: -1
23:35:56.798 [FXGL Background Thread 3 ] DEBUG Engine               - title: Zelda 2D Game
23:35:56.798 [FXGL Background Thread 3 ] DEBUG Engine               - urlGithub: https://github.com/AlmasB/FXGL
23:35:56.798 [FXGL Background Thread 3 ] DEBUG Engine               - urlLeaderboard: http://fxgl-top.herokuapp.com/
23:35:56.798 [FXGL Background Thread 3 ] DEBUG Engine               - urlPOM: https://raw.githubusercontent.com/AlmasB/FXGL/release/README.md
23:35:56.798 [FXGL Background Thread 3 ] DEBUG Engine               - userAppClass: class com.example.zeldapuzzle.MainGameApp
23:35:56.798 [FXGL Background Thread 3 ] DEBUG Engine               - version: 1
23:35:56.798 [FXGL Background Thread 3 ] DEBUG Engine               - versionCheckDays: 7
23:35:56.798 [FXGL Background Thread 3 ] DEBUG Engine               - width: 800
23:35:56.798 [FXGL Background Thread 3 ] DEBUG Engine               - Logging services
23:35:56.798 [FXGL Background Thread 3 ] DEBUG Engine               - class com.almasb.fxgl.app.services.FXGLAssetLoaderService
23:35:56.798 [FXGL Background Thread 3 ] DEBUG Engine               - class com.almasb.fxgl.app.FXGLApplication$GameApplicationService
23:35:56.798 [FXGL Background Thread 3 ] DEBUG Engine               - class com.almasb.fxgl.app.services.FXGLDialogService
23:35:56.798 [FXGL Background Thread 3 ] DEBUG Engine               - class com.almasb.fxgl.app.services.IOTaskExecutorService
23:35:56.799 [FXGL Background Thread 3 ] DEBUG Engine               - class com.almasb.fxgl.io.FileSystemService
23:35:56.799 [FXGL Background Thread 3 ] DEBUG Engine               - class com.almasb.fxgl.localization.LocalizationService
23:35:56.799 [FXGL Background Thread 3 ] DEBUG Engine               - class com.almasb.fxgl.app.services.SystemBundleService
23:35:56.799 [FXGL Background Thread 3 ] DEBUG Engine               - class com.almasb.fxgl.profile.SaveLoadService
23:35:56.799 [FXGL Background Thread 3 ] DEBUG Engine               - class com.almasb.fxgl.ui.FXGLUIFactoryServiceProvider
23:35:56.799 [FXGL Background Thread 3 ] DEBUG Engine               - class com.almasb.fxgl.ui.FXGLDialogFactoryServiceProvider
23:35:56.799 [FXGL Background Thread 3 ] DEBUG Engine               - class com.almasb.fxgl.audio.AudioPlayer
23:35:56.799 [FXGL Background Thread 3 ] DEBUG Engine               - class com.almasb.fxgl.notification.impl.NotificationServiceProvider
23:35:56.799 [FXGL Background Thread 3 ] DEBUG Engine               - class com.almasb.fxgl.achievement.AchievementService
23:35:56.799 [FXGL Background Thread 3 ] DEBUG Engine               - class com.almasb.fxgl.cutscene.CutsceneService
23:35:56.799 [FXGL Background Thread 3 ] DEBUG Engine               - class com.almasb.fxgl.minigames.MiniGameService
23:35:56.799 [FXGL Background Thread 3 ] DEBUG Engine               - class com.almasb.fxgl.net.NetService
23:35:56.799 [FXGL Background Thread 3 ] DEBUG Engine               - class com.almasb.fxgl.app.services.UpdaterService
23:35:56.799 [FXGL Background Thread 3 ] DEBUG Engine               - class com.almasb.fxgl.dev.DevService
23:36:03.572 [JavaFX Application Thread] WARN  TMXLevelLoader       - TiledMap generated from 1.10.2. Supported version: 1.2.3. Some features may not be parsed fully.
23:36:03.593 [JavaFX Application Thread] DEBUG TMXLevelLoader       - Parsed TiledMap: file:/C:/Users/mbour/OneDrive/Bureau/Zelda%20TOTK%20WINRAR/zeldaPuzzle/target/classes/assets/levels/leDongeon.tmx
23:36:03.593 [JavaFX Application Thread] DEBUG TMXLevelLoader       - Creating tile layer entities
23:36:03.594 [JavaFX Application Thread] DEBUG TilesetLoader        - Loading view for layer BG1
23:36:03.598 [JavaFX Application Thread] DEBUG TilesetLoader        - Created buffer with size 2400.0x800.0
23:36:03.620 [JavaFX Application Thread] DEBUG TilesetLoader        - Loading view for layer BG2
23:36:03.622 [JavaFX Application Thread] DEBUG TilesetLoader        - Created buffer with size 2400.0x800.0
23:36:03.631 [JavaFX Application Thread] DEBUG TilesetLoader        - Loading view for layer BG3
23:36:03.632 [JavaFX Application Thread] DEBUG TilesetLoader        - Created buffer with size 2400.0x800.0
23:36:03.642 [JavaFX Application Thread] DEBUG TilesetLoader        - Loading view for layer BG4a
23:36:03.644 [JavaFX Application Thread] DEBUG TilesetLoader        - Created buffer with size 2400.0x800.0
23:36:03.654 [JavaFX Application Thread] DEBUG TilesetLoader        - Loading view for layer BG4b
23:36:03.655 [JavaFX Application Thread] DEBUG TilesetLoader        - Created buffer with size 2400.0x800.0
23:36:03.665 [JavaFX Application Thread] DEBUG TilesetLoader        - Loading view for layer MainBuild2
23:36:03.666 [JavaFX Application Thread] DEBUG TilesetLoader        - Created buffer with size 2400.0x800.0
23:36:03.687 [JavaFX Application Thread] WARN  TilesetLoader        - Diagonally flipped tiles are not currently supported
23:36:03.688 [JavaFX Application Thread] WARN  TilesetLoader        - Diagonally flipped tiles are not currently supported
23:36:03.688 [JavaFX Application Thread] WARN  TilesetLoader        - Diagonally flipped tiles are not currently supported
23:36:03.688 [JavaFX Application Thread] WARN  TilesetLoader        - Diagonally flipped tiles are not currently supported
23:36:03.688 [JavaFX Application Thread] WARN  TilesetLoader        - Diagonally flipped tiles are not currently supported
23:36:03.688 [JavaFX Application Thread] WARN  TilesetLoader        - Diagonally flipped tiles are not currently supported
23:36:03.689 [JavaFX Application Thread] WARN  TilesetLoader        - Diagonally flipped tiles are not currently supported
23:36:03.689 [JavaFX Application Thread] WARN  TilesetLoader        - Diagonally flipped tiles are not currently supported
23:36:03.689 [JavaFX Application Thread] WARN  TilesetLoader        - Diagonally flipped tiles are not currently supported
23:36:03.689 [JavaFX Application Thread] WARN  TilesetLoader        - Diagonally flipped tiles are not currently supported
23:36:03.689 [JavaFX Application Thread] WARN  TilesetLoader        - Diagonally flipped tiles are not currently supported
23:36:03.690 [JavaFX Application Thread] WARN  TilesetLoader        - Diagonally flipped tiles are not currently supported
23:36:03.690 [JavaFX Application Thread] WARN  TilesetLoader        - Diagonally flipped tiles are not currently supported
23:36:03.690 [JavaFX Application Thread] WARN  TilesetLoader        - Diagonally flipped tiles are not currently supported
23:36:03.690 [JavaFX Application Thread] WARN  TilesetLoader        - Diagonally flipped tiles are not currently supported
23:36:03.691 [JavaFX Application Thread] DEBUG TilesetLoader        - Loading view for layer MainBuild3
23:36:03.693 [JavaFX Application Thread] DEBUG TilesetLoader        - Created buffer with size 2400.0x800.0
23:36:03.693 [JavaFX Application Thread] DEBUG TilesetLoader        - Loading view for layer MainBuild
23:36:03.695 [JavaFX Application Thread] DEBUG TilesetLoader        - Created buffer with size 2400.0x800.0
23:36:03.698 [JavaFX Application Thread] DEBUG TMXLevelLoader       - Creating object layer entities
23:36:03.710 [JavaFX Application Thread] DEBUG GameWorld            - Clearing removable entities
23:36:03.717 [JavaFX Application Thread] DEBUG GameWorld            - Setting level: com.almasb.fxgl.entity.level.Level@4af2ef34
23:36:03.727 [JavaFX Application Thread] WARN  GameWorld            - Entity is already attached to world
23:38:11.302 [JavaFX Application Thread] DEBUG FXGLApplication      - Exiting FXGL
23:38:11.302 [JavaFX Application Thread] DEBUG LoopRunner           - Stopping loop
23:38:11.302 [JavaFX Application Thread] DEBUG SystemBundleService  - Saving FXGL system data
23:38:11.304 [JavaFX Application Thread] DEBUG FileSystemAccess     - Writing to: C:\Users\mbour\OneDrive\Bureau\Zelda TOTK WINRAR\zeldaPuzzle\system\fxgl.bundle
23:38:11.307 [JavaFX Application Thread] DEBUG Async                - Shutting down background threads
23:38:11.307 [JavaFX Application Thread] DEBUG PrimaryStageWindow   - Closing main window
23:38:11.319 [JavaFX Application Thread] DEBUG Logger               - Closing Logger
