18:55:32.643 [main                     ] DEBUG Logger               - Configured Logger
18:55:32.659 [main                     ] DEBUG GameApplication      - Logging settings
Title: Zelda 2D Game par ماستن
Version: 1
Width: 800
Height: 800
Fullscreen: true
Intro: false
Profiling: false
Single step:false
App Mode: DEVELOPER
Menu Key: ESCAPE
Stage Style: DECORATED
Scene Factory: class com.almasb.fxgl.app.scene.SceneFactory

18:55:32.818 [JavaFX Application Thread] DEBUG FXGLApplication      - Initializing FXGL
18:55:32.822 [JavaFX Application Thread] INFO  Engine               - FXGL-17 (31.12.2021 18.16) on WINDOWS (J:21.0.2 FX:19)
18:55:32.823 [JavaFX Application Thread] DEBUG Engine               - JRE Vendor Name: Oracle Corporation
18:55:32.823 [JavaFX Application Thread] DEBUG Engine               - Running on OS: Windows 10 version 10.0
18:55:32.823 [JavaFX Application Thread] DEBUG Engine               - Architecture: amd64
18:55:32.823 [JavaFX Application Thread] INFO  Engine               - Source code and latest versions at: https://github.com/AlmasB/FXGL
18:55:32.823 [JavaFX Application Thread] INFO  Engine               -       Ask questions and discuss at: https://github.com/AlmasB/FXGL/discussions
18:55:32.824 [JavaFX Application Thread] INFO  Engine               -              Join the FXGL chat at: https://gitter.im/AlmasB/FXGL
18:55:32.907 [JavaFX Application Thread] DEBUG PrimaryStageWindow   - Creating a JavaFX scene
18:55:32.959 [JavaFX Application Thread] DEBUG PrimaryStageWindow   - Target settings size: 800.0 x 800.0
18:55:32.959 [JavaFX Application Thread] DEBUG PrimaryStageWindow   - Scaled scene size:    800.0 x 800.0
18:55:32.959 [JavaFX Application Thread] DEBUG PrimaryStageWindow   - Scaled ratio: (1.0, 1.0)
18:55:32.960 [JavaFX Application Thread] DEBUG PrimaryStageWindow   - Set initial scene to FXGLStartupScene
18:55:32.964 [JavaFX Application Thread] DEBUG PrimaryStageWindow   - Opening main window
18:55:33.052 [JavaFX Application Thread] DEBUG PrimaryStageWindow   - Window border size: (16.0, 39.0)
18:55:33.053 [JavaFX Application Thread] DEBUG PrimaryStageWindow   - Scaled size: 800.0 x 800.0
18:55:33.053 [JavaFX Application Thread] DEBUG PrimaryStageWindow   - Scaled ratio: (1.0, 1.0)
18:55:33.053 [JavaFX Application Thread] DEBUG PrimaryStageWindow   - Scene size: 800.0 x 800.0
18:55:33.053 [JavaFX Application Thread] DEBUG PrimaryStageWindow   - Stage size: 816.0 x 839.0
18:55:33.060 [FXGL Background Thread 1 ] DEBUG Engine               - Initializing environment variables
18:55:33.108 [FXGL Background Thread 1 ] DEBUG FXGLAssetLoaderServi - User app class for loading assets: class com.example.zeldapuzzle.MainGameApp
18:55:33.109 [FXGL Background Thread 1 ] DEBUG GameApplicationServi - Applying CSS: fxgl_dark.css
18:55:33.109 [FXGL Background Thread 1 ] DEBUG FXGLAssetLoaderServi - Loading from file system: jar:file:///C:/Users/mbour/.m2/repository/com/github/almasb/fxgl/17/fxgl-17.jar!/fxglassets/ui/css/fxgl_dark.css
18:55:33.148 [FXGL Background Thread 1 ] DEBUG GameApplicationServi - Initializing application scenes
18:55:33.181 [FXGL Background Thread 1 ] DEBUG GameWorld            - Game world initialized
18:55:33.235 [FXGL Background Thread 1 ] DEBUG PhysicsWorld         - Physics world initialized: appHeight=800, physics.ppm=50,0
18:55:33.235 [FXGL Background Thread 1 ] DEBUG PhysicsWorld         - Using strategy: BRUTE_FORCE
18:55:33.240 [FXGL Background Thread 1 ] DEBUG GameScene            - Game scene initialized: 800x800
18:55:33.250 [FXGL Background Thread 1 ] DEBUG FXGL.DefaultMenu     - createMenuBodyMainMenu()
18:55:33.265 [FXGL Background Thread 1 ] DEBUG FXGL.DefaultMenu     - createOptionsMenu()
18:55:33.277 [FXGL Background Thread 1 ] DEBUG FXGLAssetLoaderServi - Loading from file system: jar:file:///C:/Users/mbour/.m2/repository/com/github/almasb/fxgl/17/fxgl-17.jar!/fxglassets/textures/particles/smoke.png
18:55:33.363 [FXGL Background Thread 1 ] DEBUG FXGLAssetLoaderServi - Loading from file system: jar:file:///C:/Users/mbour/.m2/repository/com/github/almasb/fxgl/17/fxgl-17.jar!/fxglassets/textures/particles/trace_horizontal.png
18:55:33.381 [FXGL Background Thread 1 ] DEBUG FXGL.DefaultMenu     - createMenuBodyGameMenu()
18:55:33.382 [FXGL Background Thread 1 ] DEBUG FXGL.DefaultMenu     - createOptionsMenu()
18:55:33.398 [FXGL Background Thread 1 ] DEBUG GameApplicationServi - Application scenes initialized
18:55:33.409 [FXGL Background Thread 1 ] DEBUG SystemBundleService  - Loading FXGL system data
18:55:33.413 [FXGL Background Thread 1 ] DEBUG FileSystemAccess     - Reading from: C:\Users\mbour\OneDrive\Bureau\Zelda TOTK WINRAR\zeldaPuzzle\system\fxgl.bundle
18:55:33.423 [FXGL Background Thread 1 ] DEBUG SystemBundleService  - Bundle FXGL: {}
18:55:33.423 [FXGL Background Thread 1 ] DEBUG UpdaterService       - Checking for updates
18:55:33.450 [FXGL Background Thread 4 ] DEBUG FXGLApplication      - Loading fonts
18:55:33.450 [FXGL Background Thread 1 ] DEBUG FXGLApplication      - Loading default localization
18:55:33.450 [FXGL Background Thread 4 ] DEBUG FXGLAssetLoaderServi - Loading from file system: jar:file:///C:/Users/mbour/.m2/repository/com/github/almasb/fxgl/17/fxgl-17.jar!/fxglassets/ui/fonts/VarelaRound-Regular.ttf
18:55:33.451 [FXGL Background Thread 1 ] DEBUG FXGLAssetLoaderServi - Loading from file system: jar:file:///C:/Users/mbour/.m2/repository/com/github/almasb/fxgl/17/fxgl-17.jar!/fxglassets/languages/english.lang
18:55:33.473 [FXGL Background Thread 1 ] INFO  FXGLApplication      - FXGL initialization took: 0,412 sec
18:55:33.484 [JavaFX Application Thread] DEBUG Input                - Registered new binding: inventaire - Tab
18:55:33.484 [JavaFX Application Thread] DEBUG Input                - Registered new binding: getPosition - P
18:55:33.484 [JavaFX Application Thread] DEBUG Input                - Registered new binding: zoom+ - Up
18:55:33.484 [JavaFX Application Thread] DEBUG Input                - Registered new binding: zoom- - Down
18:55:33.484 [JavaFX Application Thread] DEBUG Input                - Registered new binding: resetZoom - 0
18:55:33.485 [JavaFX Application Thread] DEBUG Input                - Registered new binding: Move right - D
18:55:33.485 [JavaFX Application Thread] DEBUG Input                - Registered new binding: Move left - A
18:55:33.485 [JavaFX Application Thread] DEBUG Input                - Registered new binding: Move Up - W
18:55:33.485 [JavaFX Application Thread] DEBUG Input                - Registered new binding: Move Down - S
18:55:33.486 [JavaFX Application Thread] DEBUG FXGLAssetLoaderServi - Loading from file system: jar:file:///C:/Users/mbour/.m2/repository/com/github/almasb/fxgl/17/fxgl-17.jar!/fxglassets/textures/fxgl_icon.png
18:55:33.489 [FXGL Background Thread 4 ] DEBUG FXGLAssetLoaderServi - Loading from file system: jar:file:///C:/Users/mbour/.m2/repository/com/github/almasb/fxgl/17/fxgl-17.jar!/fxglassets/ui/fonts/Abel-Regular.ttf
18:55:33.499 [FXGL Background Thread 4 ] DEBUG FXGLAssetLoaderServi - Loading from file system: jar:file:///C:/Users/mbour/.m2/repository/com/github/almasb/fxgl/17/fxgl-17.jar!/fxglassets/ui/fonts/TerminalLandMono-Regular.otf
18:55:33.501 [JavaFX Application Thread] DEBUG FXGLAssetLoaderServi - Loading from file system: jar:file:///C:/Users/mbour/.m2/repository/com/github/almasb/fxgl/17/fxgl-17.jar!/fxglassets/textures/fxgl_default_cursor.png
18:55:33.504 [JavaFX Application Thread] DEBUG Input                - Registered new binding: Screenshot - CTRL+8
18:55:33.504 [JavaFX Application Thread] DEBUG Input                - Registered new binding: Dev Options - 1
18:55:33.504 [JavaFX Application Thread] DEBUG Input                - Registered new binding: Dev Console - 2
18:55:33.505 [JavaFX Application Thread] DEBUG Input                - Registered new binding: System info dump - CTRL+9
18:55:33.505 [JavaFX Application Thread] DEBUG Input                - Registered new binding: Restart - CTRL+R
18:55:33.506 [JavaFX Application Thread] DEBUG Input                - Registered new binding: Toggle Debug Camera - CTRL+7
18:55:33.509 [JavaFX Application Thread] DEBUG LoopRunner           - Starting loop
18:55:33.511 [FXGL Background Thread 4 ] DEBUG FXGLAssetLoaderServi - Loading from file system: jar:file:///C:/Users/mbour/.m2/repository/com/github/almasb/fxgl/17/fxgl-17.jar!/fxglassets/ui/fonts/Courier-Prime.ttf
18:55:33.523 [JavaFX Application Thread] DEBUG LoopRunner           - Initializing JavaFX AnimationTimerLoop
18:55:33.527 [JavaFX Application Thread] DEBUG Input                - Clearing active input actions
18:55:33.536 [JavaFX Application Thread] DEBUG GameApplicationServi - Removing overlay from FXGLStartupScene and adding to FXGLMainMenuDummyScene
18:55:33.541 [JavaFX Application Thread] DEBUG PrimaryStageWindow   - FXGLStartupScene -> FXGLMainMenuDummyScene
18:55:33.542 [JavaFX Application Thread] DEBUG PrimaryStageWindow   - Push state: FXGLDefaultMenu
18:55:33.544 [JavaFX Application Thread] DEBUG Input                - Clearing active input actions
18:55:33.553 [JavaFX Application Thread] DEBUG GameApplicationServi - Removing overlay from FXGLMainMenuDummyScene and adding to FXGLDefaultMenu
18:55:33.554 [JavaFX Application Thread] DEBUG PrimaryStageWindow   - FXGLMainMenuDummyScene -> FXGLDefaultMenu
18:55:33.807 [JavaFX Application Thread] DEBUG FXGLApplication      - Registering font factories with UI factory
18:55:33.916 [FXGL Background Thread 2 ] INFO  UpdaterService       - Your current version:  17
18:55:33.917 [FXGL Background Thread 2 ] INFO  UpdaterService       - Latest stable version: 21.1
18:55:34.530 [JavaFX Application Thread] DEBUG Menu                 - fireNewGame()
18:55:34.531 [JavaFX Application Thread] DEBUG GameApplicationServi - Starting new game
18:55:34.533 [JavaFX Application Thread] DEBUG PrimaryStageWindow   - Pop state: FXGLDefaultMenu
18:55:34.533 [JavaFX Application Thread] DEBUG Input                - Clearing active input actions
18:55:34.534 [JavaFX Application Thread] DEBUG GameApplicationServi - Removing overlay from FXGLDefaultMenu and adding to FXGLMainMenuDummyScene
18:55:34.536 [JavaFX Application Thread] DEBUG PrimaryStageWindow   - FXGLMainMenuDummyScene <- FXGLDefaultMenu
18:55:34.536 [JavaFX Application Thread] DEBUG Input                - Clearing active input actions
18:55:34.548 [JavaFX Application Thread] DEBUG GameApplicationServi - Removing overlay from FXGLMainMenuDummyScene and adding to FXGLLoadingScene
18:55:34.549 [JavaFX Application Thread] DEBUG PrimaryStageWindow   - FXGLMainMenuDummyScene -> FXGLLoadingScene
18:55:34.550 [JavaFX Application Thread] DEBUG GameApplicationServi - Clearing previous game
18:55:34.550 [JavaFX Application Thread] DEBUG GameScene            - Clearing game scene
18:55:34.550 [JavaFX Application Thread] DEBUG GameWorld            - Clearing game world
18:55:34.550 [JavaFX Application Thread] DEBUG PhysicsWorld         - Clearing physics world
18:55:34.552 [FXGL Background Thread 2 ] DEBUG FXGLApplication      - Initializing game
18:55:34.617 [FXGL Background Thread 2 ] WARN  TMXLevelLoader       - TiledMap generated from 1.10.2. Supported version: 1.2.3. Some features may not be parsed fully.
18:55:34.624 [FXGL Background Thread 2 ] DEBUG TMXLevelLoader       - Parsed TiledMap: file:/C:/Users/mbour/OneDrive/Bureau/Zelda%20TOTK%20WINRAR/zeldaPuzzle/target/classes/assets/levels/StartingMap.tmx
18:55:34.625 [FXGL Background Thread 2 ] DEBUG TMXLevelLoader       - Creating tile layer entities
18:55:34.627 [FXGL Background Thread 2 ] DEBUG TilesetLoader        - Loading view for layer Calque de Tuiles 1
18:55:34.628 [FXGL Background Thread 2 ] DEBUG TilesetLoader        - Created buffer with size 960.0x960.0
18:55:34.643 [FXGL Background Thread 2 ] DEBUG TilesetLoader        - Loading view for layer Calque de Tuiles 2
18:55:34.644 [FXGL Background Thread 2 ] DEBUG TilesetLoader        - Created buffer with size 960.0x960.0
18:55:34.651 [FXGL Background Thread 2 ] DEBUG TMXLevelLoader       - Creating object layer entities
18:55:34.652 [FXGL Background Thread 2 ] DEBUG GameWorld            - Clearing removable entities
18:55:34.652 [FXGL Background Thread 2 ] DEBUG GameWorld            - Setting level: com.almasb.fxgl.entity.level.Level@16207381
18:55:34.670 [FXGL Background Thread 2 ] WARN  GameWorld            - Entity is already attached to world
18:55:34.724 [FXGL Background Thread 2 ] WARN  GameWorld            - Entity is already attached to world
18:55:34.729 [FXGL Background Thread 2 ] INFO  FXGLApplication      - Game initialization took: 0,177 sec
18:55:34.732 [JavaFX Application Thread] DEBUG Input                - Clearing active input actions
18:55:34.736 [JavaFX Application Thread] DEBUG GameApplicationServi - Removing overlay from FXGLLoadingScene and adding to GameScene
18:55:34.738 [JavaFX Application Thread] DEBUG PrimaryStageWindow   - FXGLLoadingScene -> GameScene
18:55:36.449 [FXGL Background Thread 3 ] DEBUG Engine               - Logging environment variables
18:55:36.449 [FXGL Background Thread 3 ] DEBUG Engine               - achievements: []
18:55:36.449 [FXGL Background Thread 3 ] DEBUG Engine               - actualHeight: 800.0
18:55:36.449 [FXGL Background Thread 3 ] DEBUG Engine               - actualHeightProperty: ReadOnlyDoubleProperty [value: 800.0]
18:55:36.449 [FXGL Background Thread 3 ] DEBUG Engine               - actualWidth: 800.0
18:55:36.449 [FXGL Background Thread 3 ] DEBUG Engine               - actualWidthProperty: ReadOnlyDoubleProperty [value: 800.0]
18:55:36.449 [FXGL Background Thread 3 ] DEBUG Engine               - appIcon: fxgl_icon.png
18:55:36.449 [FXGL Background Thread 3 ] DEBUG Engine               - applicationMode: DEVELOPER
18:55:36.449 [FXGL Background Thread 3 ] DEBUG Engine               - cSSList: [fxgl_dark.css]
18:55:36.450 [FXGL Background Thread 3 ] DEBUG Engine               - collisionDetectionStrategy: BRUTE_FORCE
18:55:36.450 [FXGL Background Thread 3 ] DEBUG Engine               - configClass: Optional.empty
18:55:36.450 [FXGL Background Thread 3 ] DEBUG Engine               - credits: []
18:55:36.450 [FXGL Background Thread 3 ] DEBUG Engine               - defaultCursor: CursorInfo(imageName=fxgl_default_cursor.png, hotspotX=7.0, hotspotY=6.0)
18:55:36.450 [FXGL Background Thread 3 ] DEBUG Engine               - devBBoxColorProperty: ObjectProperty [value: 0xff0000ff]
18:55:36.450 [FXGL Background Thread 3 ] DEBUG Engine               - devEnableDebugCameraProperty: BooleanProperty [value: false]
18:55:36.450 [FXGL Background Thread 3 ] DEBUG Engine               - devSensorColorProperty: ObjectProperty [value: 0xffff00ff]
18:55:36.450 [FXGL Background Thread 3 ] DEBUG Engine               - devShowBBoxProperty: BooleanProperty [value: false]
18:55:36.450 [FXGL Background Thread 3 ] DEBUG Engine               - devShowPositionProperty: BooleanProperty [value: false]
18:55:36.450 [FXGL Background Thread 3 ] DEBUG Engine               - enabledMenuItems: []
18:55:36.450 [FXGL Background Thread 3 ] DEBUG Engine               - engineServices: [class com.almasb.fxgl.app.services.FXGLAssetLoaderService, class com.almasb.fxgl.app.FXGLApplication$GameApplicationService, class com.almasb.fxgl.app.services.FXGLDialogService, class com.almasb.fxgl.app.services.IOTaskExecutorService, class com.almasb.fxgl.io.FileSystemService, class com.almasb.fxgl.localization.LocalizationService, class com.almasb.fxgl.app.services.SystemBundleService, class com.almasb.fxgl.profile.SaveLoadService, class com.almasb.fxgl.ui.FXGLUIFactoryServiceProvider, class com.almasb.fxgl.ui.FXGLDialogFactoryServiceProvider, class com.almasb.fxgl.audio.AudioPlayer, class com.almasb.fxgl.notification.impl.NotificationServiceProvider, class com.almasb.fxgl.achievement.AchievementService, class com.almasb.fxgl.cutscene.CutsceneService, class com.almasb.fxgl.minigames.MiniGameService, class com.almasb.fxgl.net.NetService, class com.almasb.fxgl.app.services.UpdaterService, class com.almasb.fxgl.dev.DevService]
18:55:36.451 [FXGL Background Thread 3 ] DEBUG Engine               - fontGame: Abel-Regular.ttf
18:55:36.451 [FXGL Background Thread 3 ] DEBUG Engine               - fontMono: TerminalLandMono-Regular.otf
18:55:36.451 [FXGL Background Thread 3 ] DEBUG Engine               - fontText: Courier-Prime.ttf
18:55:36.451 [FXGL Background Thread 3 ] DEBUG Engine               - fontUI: VarelaRound-Regular.ttf
18:55:36.451 [FXGL Background Thread 3 ] DEBUG Engine               - fullScreen: BooleanProperty [value: false]
18:55:36.451 [FXGL Background Thread 3 ] DEBUG Engine               - gameDifficulty: MEDIUM
18:55:36.451 [FXGL Background Thread 3 ] DEBUG Engine               - gameDifficultyProperty: ObjectProperty [value: MEDIUM]
18:55:36.451 [FXGL Background Thread 3 ] DEBUG Engine               - globalMusicVolume: 0.5
18:55:36.451 [FXGL Background Thread 3 ] DEBUG Engine               - globalMusicVolumeProperty: DoubleProperty [value: 0.5]
18:55:36.451 [FXGL Background Thread 3 ] DEBUG Engine               - globalSoundVolume: 0.5
18:55:36.451 [FXGL Background Thread 3 ] DEBUG Engine               - globalSoundVolumeProperty: DoubleProperty [value: 0.5]
18:55:36.451 [FXGL Background Thread 3 ] DEBUG Engine               - height: 800
18:55:36.451 [FXGL Background Thread 3 ] DEBUG Engine               - is3D: false
18:55:36.451 [FXGL Background Thread 3 ] DEBUG Engine               - isAndroid: false
18:55:36.451 [FXGL Background Thread 3 ] DEBUG Engine               - isBrowser: false
18:55:36.451 [FXGL Background Thread 3 ] DEBUG Engine               - isClickFeedbackEnabled: false
18:55:36.451 [FXGL Background Thread 3 ] DEBUG Engine               - isCloseConfirmation: false
18:55:36.451 [FXGL Background Thread 3 ] DEBUG Engine               - isDesktop: true
18:55:36.451 [FXGL Background Thread 3 ] DEBUG Engine               - isDeveloperMenuEnabled: true
18:55:36.451 [FXGL Background Thread 3 ] DEBUG Engine               - isEmbedded: false
18:55:36.451 [FXGL Background Thread 3 ] DEBUG Engine               - isEntityPreloadEnabled: true
18:55:36.451 [FXGL Background Thread 3 ] DEBUG Engine               - isExperimentalTiledLargeMap: false
18:55:36.451 [FXGL Background Thread 3 ] DEBUG Engine               - isFileSystemWriteAllowed: true
18:55:36.451 [FXGL Background Thread 3 ] DEBUG Engine               - isFullScreenAllowed: true
18:55:36.452 [FXGL Background Thread 3 ] DEBUG Engine               - isFullScreenFromStart: false
18:55:36.452 [FXGL Background Thread 3 ] DEBUG Engine               - isGameMenuEnabled: true
18:55:36.452 [FXGL Background Thread 3 ] DEBUG Engine               - isIOS: false
18:55:36.452 [FXGL Background Thread 3 ] DEBUG Engine               - isIntroEnabled: false
18:55:36.452 [FXGL Background Thread 3 ] DEBUG Engine               - isLinux: false
18:55:36.452 [FXGL Background Thread 3 ] DEBUG Engine               - isMac: false
18:55:36.452 [FXGL Background Thread 3 ] DEBUG Engine               - isMainMenuEnabled: true
18:55:36.452 [FXGL Background Thread 3 ] DEBUG Engine               - isManualResizeEnabled: false
18:55:36.452 [FXGL Background Thread 3 ] DEBUG Engine               - isMobile: false
18:55:36.452 [FXGL Background Thread 3 ] DEBUG Engine               - isNative: false
18:55:36.452 [FXGL Background Thread 3 ] DEBUG Engine               - isPauseMusicWhenMinimized: true
18:55:36.452 [FXGL Background Thread 3 ] DEBUG Engine               - isPreserveResizeRatio: false
18:55:36.452 [FXGL Background Thread 3 ] DEBUG Engine               - isProfilingEnabled: false
18:55:36.452 [FXGL Background Thread 3 ] DEBUG Engine               - isScaleAffectedOnResize: true
18:55:36.452 [FXGL Background Thread 3 ] DEBUG Engine               - isSingleStep: false
18:55:36.452 [FXGL Background Thread 3 ] DEBUG Engine               - isUserProfileEnabled: false
18:55:36.452 [FXGL Background Thread 3 ] DEBUG Engine               - isWindows: true
18:55:36.452 [FXGL Background Thread 3 ] DEBUG Engine               - language: ObjectProperty [value: ENGLISH]
18:55:36.452 [FXGL Background Thread 3 ] DEBUG Engine               - menuKey: ESCAPE
18:55:36.452 [FXGL Background Thread 3 ] DEBUG Engine               - mouseSensitivity: 0.2
18:55:36.452 [FXGL Background Thread 3 ] DEBUG Engine               - notificationViewClass: class com.almasb.fxgl.notification.view.XboxNotificationView
18:55:36.452 [FXGL Background Thread 3 ] DEBUG Engine               - pixelsPerMeter: 50.0
18:55:36.452 [FXGL Background Thread 3 ] DEBUG Engine               - platform: WINDOWS
18:55:36.452 [FXGL Background Thread 3 ] DEBUG Engine               - prefHeightProperty: ReadOnlyDoubleProperty [value: 800.0]
18:55:36.452 [FXGL Background Thread 3 ] DEBUG Engine               - prefWidthProperty: ReadOnlyDoubleProperty [value: 800.0]
18:55:36.452 [FXGL Background Thread 3 ] DEBUG Engine               - profileDir: profiles/
18:55:36.453 [FXGL Background Thread 3 ] DEBUG Engine               - profileName: StringProperty [value: DEFAULT]
18:55:36.453 [FXGL Background Thread 3 ] DEBUG Engine               - randomSeed: -1
18:55:36.453 [FXGL Background Thread 3 ] DEBUG Engine               - runtimeInfo: RuntimeInfo(platform=WINDOWS, version=17, build=31.12.2021 18.16)
18:55:36.453 [FXGL Background Thread 3 ] DEBUG Engine               - saveFileExt: sav
18:55:36.453 [FXGL Background Thread 3 ] DEBUG Engine               - scaledHeightProp$fxgl: DoubleProperty [bound, value: 800.0]
18:55:36.453 [FXGL Background Thread 3 ] DEBUG Engine               - scaledWidthProp$fxgl: DoubleProperty [bound, value: 800.0]
18:55:36.453 [FXGL Background Thread 3 ] DEBUG Engine               - sceneFactory: com.almasb.fxgl.app.scene.SceneFactory@6c610d39
18:55:36.453 [FXGL Background Thread 3 ] DEBUG Engine               - secondsIn24h: 60
18:55:36.453 [FXGL Background Thread 3 ] DEBUG Engine               - soundMenuBack: menu/back.wav
18:55:36.453 [FXGL Background Thread 3 ] DEBUG Engine               - soundMenuPress: menu/press.wav
18:55:36.453 [FXGL Background Thread 3 ] DEBUG Engine               - soundMenuSelect: menu/select.wav
18:55:36.453 [FXGL Background Thread 3 ] DEBUG Engine               - soundNotification: core/notification.wav
18:55:36.453 [FXGL Background Thread 3 ] DEBUG Engine               - stageStyle: DECORATED
18:55:36.453 [FXGL Background Thread 3 ] DEBUG Engine               - supportedLanguages: [ENGLISH, FRENCH, GERMAN, HUNGARIAN, RUSSIAN]
18:55:36.453 [FXGL Background Thread 3 ] DEBUG Engine               - ticksPerSecond: -1
18:55:36.453 [FXGL Background Thread 3 ] DEBUG Engine               - title: Zelda 2D Game par ماستن
18:55:36.453 [FXGL Background Thread 3 ] DEBUG Engine               - urlGithub: https://github.com/AlmasB/FXGL
18:55:36.453 [FXGL Background Thread 3 ] DEBUG Engine               - urlLeaderboard: http://fxgl-top.herokuapp.com/
18:55:36.454 [FXGL Background Thread 3 ] DEBUG Engine               - urlPOM: https://raw.githubusercontent.com/AlmasB/FXGL/release/README.md
18:55:36.454 [FXGL Background Thread 3 ] DEBUG Engine               - userAppClass: class com.example.zeldapuzzle.MainGameApp
18:55:36.454 [FXGL Background Thread 3 ] DEBUG Engine               - version: 1
18:55:36.454 [FXGL Background Thread 3 ] DEBUG Engine               - versionCheckDays: 7
18:55:36.454 [FXGL Background Thread 3 ] DEBUG Engine               - width: 800
18:55:36.454 [FXGL Background Thread 3 ] DEBUG Engine               - Logging services
18:55:36.454 [FXGL Background Thread 3 ] DEBUG Engine               - class com.almasb.fxgl.app.services.FXGLAssetLoaderService
18:55:36.454 [FXGL Background Thread 3 ] DEBUG Engine               - class com.almasb.fxgl.app.FXGLApplication$GameApplicationService
18:55:36.454 [FXGL Background Thread 3 ] DEBUG Engine               - class com.almasb.fxgl.app.services.FXGLDialogService
18:55:36.454 [FXGL Background Thread 3 ] DEBUG Engine               - class com.almasb.fxgl.app.services.IOTaskExecutorService
18:55:36.454 [FXGL Background Thread 3 ] DEBUG Engine               - class com.almasb.fxgl.io.FileSystemService
18:55:36.454 [FXGL Background Thread 3 ] DEBUG Engine               - class com.almasb.fxgl.localization.LocalizationService
18:55:36.454 [FXGL Background Thread 3 ] DEBUG Engine               - class com.almasb.fxgl.app.services.SystemBundleService
18:55:36.454 [FXGL Background Thread 3 ] DEBUG Engine               - class com.almasb.fxgl.profile.SaveLoadService
18:55:36.454 [FXGL Background Thread 3 ] DEBUG Engine               - class com.almasb.fxgl.ui.FXGLUIFactoryServiceProvider
18:55:36.454 [FXGL Background Thread 3 ] DEBUG Engine               - class com.almasb.fxgl.ui.FXGLDialogFactoryServiceProvider
18:55:36.454 [FXGL Background Thread 3 ] DEBUG Engine               - class com.almasb.fxgl.audio.AudioPlayer
18:55:36.454 [FXGL Background Thread 3 ] DEBUG Engine               - class com.almasb.fxgl.notification.impl.NotificationServiceProvider
18:55:36.454 [FXGL Background Thread 3 ] DEBUG Engine               - class com.almasb.fxgl.achievement.AchievementService
18:55:36.454 [FXGL Background Thread 3 ] DEBUG Engine               - class com.almasb.fxgl.cutscene.CutsceneService
18:55:36.454 [FXGL Background Thread 3 ] DEBUG Engine               - class com.almasb.fxgl.minigames.MiniGameService
18:55:36.454 [FXGL Background Thread 3 ] DEBUG Engine               - class com.almasb.fxgl.net.NetService
18:55:36.454 [FXGL Background Thread 3 ] DEBUG Engine               - class com.almasb.fxgl.app.services.UpdaterService
18:55:36.454 [FXGL Background Thread 3 ] DEBUG Engine               - class com.almasb.fxgl.dev.DevService
18:56:27.141 [JavaFX Application Thread] DEBUG LoopRunner           - Stopping loop
18:56:27.143 [JavaFX Application Thread] FATAL FXGLApplication      - Uncaught Exception:
java.lang.NullPointerException: Cannot invoke "javafx.scene.image.ImageView.getImage()" because "this.this$0.imageViewTab[this.this$0.placeInventaireX][this.this$0.placeInventaireY]" is null
	at com.example.zeldapuzzle/com.example.zeldapuzzle.MainGameApp$14.onCollisionEnd(MainGameApp.java:325)
	at com.almasb.fxgl.entity@17/com.almasb.fxgl.physics.CollisionPair.collisionEnd(CollisionPair.java:45)
	at com.almasb.fxgl.entity@17/com.almasb.fxgl.physics.PhysicsWorld.collisionEndFor(PhysicsWorld.java:466)
	at com.almasb.fxgl.entity@17/com.almasb.fxgl.physics.PhysicsWorld.endContact(PhysicsWorld.java:261)
	at com.almasb.fxgl.entity@17/com.almasb.fxgl.physics.box2d.dynamics.ContactManager.destroy(ContactManager.java:197)
	at com.almasb.fxgl.entity@17/com.almasb.fxgl.physics.box2d.dynamics.Body.destroyAttachedContacts(Body.java:905)
	at com.almasb.fxgl.entity@17/com.almasb.fxgl.physics.box2d.dynamics.Body.setType(Body.java:852)
	at com.example.zeldapuzzle/com.example.zeldapuzzle.MainGameApp$7.onActionEnd(MainGameApp.java:168)
	at com.almasb.fxgl.core@17/com.almasb.fxgl.input.UserAction.end$fxgl_core(UserAction.kt:39)
	at com.almasb.fxgl.core@17/com.almasb.fxgl.input.Input.handleReleased(Input.kt:379)
	at com.almasb.fxgl.core@17/com.almasb.fxgl.input.Input.onKeyEvent(Input.kt:293)
	at com.almasb.fxgl.all@17/com.almasb.fxgl.app.PrimaryStageWindow$1$1.invoke(MainWindow.kt:308)
	at com.almasb.fxgl.all@17/com.almasb.fxgl.app.PrimaryStageWindow$1$1.invoke(MainWindow.kt:308)
	at com.almasb.fxgl.core@17/com.almasb.fxgl.core.fsm.StateMachine.runOnActiveStates(StateMachine.kt:69)
	at com.almasb.fxgl.all@17/com.almasb.fxgl.app.PrimaryStageWindow$1.invoke(MainWindow.kt:308)
	at com.almasb.fxgl.all@17/com.almasb.fxgl.app.PrimaryStageWindow$1.invoke(MainWindow.kt:306)
	at com.almasb.fxgl.all@17/com.almasb.fxgl.app.MainWindow.addKeyHandler$lambda-1(MainWindow.kt:221)
	at javafx.base@19/com.sun.javafx.event.CompositeEventHandler$NormalEventHandlerRecord.handleBubblingEvent(CompositeEventHandler.java:247)
	at javafx.base@19/com.sun.javafx.event.CompositeEventHandler.dispatchBubblingEvent(CompositeEventHandler.java:80)
	at javafx.base@19/com.sun.javafx.event.EventHandlerManager.dispatchBubblingEvent(EventHandlerManager.java:234)
	at javafx.base@19/com.sun.javafx.event.EventHandlerManager.dispatchBubblingEvent(EventHandlerManager.java:191)
	at javafx.base@19/com.sun.javafx.event.CompositeEventDispatcher.dispatchBubblingEvent(CompositeEventDispatcher.java:59)
	at javafx.base@19/com.sun.javafx.event.BasicEventDispatcher.dispatchEvent(BasicEventDispatcher.java:58)
	at javafx.base@19/com.sun.javafx.event.EventDispatchChainImpl.dispatchEvent(EventDispatchChainImpl.java:114)
	at javafx.base@19/com.sun.javafx.event.BasicEventDispatcher.dispatchEvent(BasicEventDispatcher.java:56)
	at javafx.base@19/com.sun.javafx.event.EventDispatchChainImpl.dispatchEvent(EventDispatchChainImpl.java:114)
	at javafx.base@19/com.sun.javafx.event.EventUtil.fireEventImpl(EventUtil.java:74)
	at javafx.base@19/com.sun.javafx.event.EventUtil.fireEvent(EventUtil.java:54)
	at javafx.base@19/javafx.event.Event.fireEvent(Event.java:198)
	at javafx.graphics@19/javafx.scene.Scene$KeyHandler.process(Scene.java:4113)
	at javafx.graphics@19/javafx.scene.Scene.processKeyEvent(Scene.java:2159)
	at javafx.graphics@19/javafx.scene.Scene$ScenePeerListener.keyEvent(Scene.java:2627)
	at javafx.graphics@19/com.sun.javafx.tk.quantum.GlassViewEventHandler$KeyEventNotification.run(GlassViewEventHandler.java:218)
	at javafx.graphics@19/com.sun.javafx.tk.quantum.GlassViewEventHandler$KeyEventNotification.run(GlassViewEventHandler.java:150)
	at java.base/java.security.AccessController.doPrivileged(AccessController.java:400)
	at javafx.graphics@19/com.sun.javafx.tk.quantum.GlassViewEventHandler.lambda$handleKeyEvent$1(GlassViewEventHandler.java:250)
	at javafx.graphics@19/com.sun.javafx.tk.quantum.QuantumToolkit.runWithoutRenderLock(QuantumToolkit.java:424)
	at javafx.graphics@19/com.sun.javafx.tk.quantum.GlassViewEventHandler.handleKeyEvent(GlassViewEventHandler.java:249)
	at javafx.graphics@19/com.sun.glass.ui.View.handleKeyEvent(View.java:542)
	at javafx.graphics@19/com.sun.glass.ui.View.notifyKey(View.java:966)
	at javafx.graphics@19/com.sun.glass.ui.win.WinApplication._runLoop(Native Method)
	at javafx.graphics@19/com.sun.glass.ui.win.WinApplication.lambda$runLoop$3(WinApplication.java:184)
	at java.base/java.lang.Thread.run(Thread.java:1583)

18:56:27.143 [JavaFX Application Thread] FATAL FXGLApplication      - Application will now exit
18:56:27.147 [JavaFX Application Thread] DEBUG PrimaryStageWindow   - Push state: ErrorSubScene
18:56:27.147 [JavaFX Application Thread] DEBUG Input                - Clearing active input actions
18:56:27.148 [JavaFX Application Thread] DEBUG GameApplicationServi - Removing overlay from GameScene and adding to ErrorSubScene
18:56:27.149 [JavaFX Application Thread] DEBUG PrimaryStageWindow   - GameScene -> ErrorSubScene
18:56:31.110 [JavaFX Application Thread] DEBUG FXGLApplication      - Exiting FXGL
18:56:31.110 [JavaFX Application Thread] DEBUG Async                - Shutting down background threads
18:56:31.110 [JavaFX Application Thread] DEBUG PrimaryStageWindow   - Closing main window
18:56:31.120 [JavaFX Application Thread] DEBUG Logger               - Closing Logger
