14:40:53.754 [main                     ] DEBUG Logger               - Configured Logger
14:40:53.770 [main                     ] DEBUG GameApplication      - Logging settings
Title: Zelda 2D Game
Version: 1
Width: 800
Height: 800
Fullscreen: true
Intro: false
Profiling: false
Single step:false
App Mode: DEVELOPER
Menu Key: ESCAPE
Stage Style: DECORATED
Scene Factory: class com.almasb.fxgl.app.scene.SceneFactory

14:40:53.903 [JavaFX Application Thread] DEBUG FXGLApplication      - Initializing FXGL
14:40:53.906 [JavaFX Application Thread] INFO  Engine               - FXGL-17 (31.12.2021 18.16) on WINDOWS (J:21.0.2 FX:19)
14:40:53.907 [JavaFX Application Thread] DEBUG Engine               - JRE Vendor Name: Oracle Corporation
14:40:53.907 [JavaFX Application Thread] DEBUG Engine               - Running on OS: Windows 10 version 10.0
14:40:53.907 [JavaFX Application Thread] DEBUG Engine               - Architecture: amd64
14:40:53.907 [JavaFX Application Thread] INFO  Engine               - Source code and latest versions at: https://github.com/AlmasB/FXGL
14:40:53.908 [JavaFX Application Thread] INFO  Engine               -       Ask questions and discuss at: https://github.com/AlmasB/FXGL/discussions
14:40:53.908 [JavaFX Application Thread] INFO  Engine               -              Join the FXGL chat at: https://gitter.im/AlmasB/FXGL
14:40:53.987 [JavaFX Application Thread] DEBUG PrimaryStageWindow   - Creating a JavaFX scene
14:40:54.035 [JavaFX Application Thread] DEBUG PrimaryStageWindow   - Target settings size: 800.0 x 800.0
14:40:54.035 [JavaFX Application Thread] DEBUG PrimaryStageWindow   - Scaled scene size:    800.0 x 800.0
14:40:54.035 [JavaFX Application Thread] DEBUG PrimaryStageWindow   - Scaled ratio: (1.0, 1.0)
14:40:54.036 [JavaFX Application Thread] DEBUG PrimaryStageWindow   - Set initial scene to FXGLStartupScene
14:40:54.040 [JavaFX Application Thread] DEBUG PrimaryStageWindow   - Opening main window
14:40:54.126 [JavaFX Application Thread] DEBUG PrimaryStageWindow   - Window border size: (16.0, 39.0)
14:40:54.127 [JavaFX Application Thread] DEBUG PrimaryStageWindow   - Scaled size: 800.0 x 800.0
14:40:54.127 [JavaFX Application Thread] DEBUG PrimaryStageWindow   - Scaled ratio: (1.0, 1.0)
14:40:54.127 [JavaFX Application Thread] DEBUG PrimaryStageWindow   - Scene size: 800.0 x 800.0
14:40:54.127 [JavaFX Application Thread] DEBUG PrimaryStageWindow   - Stage size: 816.0 x 839.0
14:40:54.137 [FXGL Background Thread 1 ] DEBUG Engine               - Initializing environment variables
14:40:54.197 [FXGL Background Thread 1 ] DEBUG FXGLAssetLoaderServi - User app class for loading assets: class com.example.zeldapuzzle.MainGameApp
14:40:54.197 [FXGL Background Thread 1 ] DEBUG GameApplicationServi - Applying CSS: fxgl_dark.css
14:40:54.198 [FXGL Background Thread 1 ] DEBUG FXGLAssetLoaderServi - Loading from file system: jar:file:///C:/Users/mbour/.m2/repository/com/github/almasb/fxgl/17/fxgl-17.jar!/fxglassets/ui/css/fxgl_dark.css
14:40:54.246 [FXGL Background Thread 1 ] DEBUG GameApplicationServi - Initializing application scenes
14:40:54.288 [FXGL Background Thread 1 ] DEBUG GameWorld            - Game world initialized
14:40:54.353 [FXGL Background Thread 1 ] DEBUG PhysicsWorld         - Physics world initialized: appHeight=800, physics.ppm=50,0
14:40:54.354 [FXGL Background Thread 1 ] DEBUG PhysicsWorld         - Using strategy: BRUTE_FORCE
14:40:54.360 [FXGL Background Thread 1 ] DEBUG GameScene            - Game scene initialized: 800x800
14:40:54.371 [FXGL Background Thread 1 ] DEBUG FXGL.DefaultMenu     - createMenuBodyMainMenu()
14:40:54.384 [FXGL Background Thread 1 ] DEBUG FXGL.DefaultMenu     - createOptionsMenu()
14:40:54.393 [FXGL Background Thread 1 ] DEBUG FXGLAssetLoaderServi - Loading from file system: jar:file:///C:/Users/mbour/.m2/repository/com/github/almasb/fxgl/17/fxgl-17.jar!/fxglassets/textures/particles/smoke.png
14:40:54.464 [FXGL Background Thread 1 ] DEBUG FXGLAssetLoaderServi - Loading from file system: jar:file:///C:/Users/mbour/.m2/repository/com/github/almasb/fxgl/17/fxgl-17.jar!/fxglassets/textures/particles/trace_horizontal.png
14:40:54.481 [FXGL Background Thread 1 ] DEBUG FXGL.DefaultMenu     - createMenuBodyGameMenu()
14:40:54.482 [FXGL Background Thread 1 ] DEBUG FXGL.DefaultMenu     - createOptionsMenu()
14:40:54.497 [FXGL Background Thread 1 ] DEBUG GameApplicationServi - Application scenes initialized
14:40:54.510 [FXGL Background Thread 1 ] DEBUG SystemBundleService  - Loading FXGL system data
14:40:54.514 [FXGL Background Thread 1 ] DEBUG FileSystemAccess     - Reading from: C:\Users\mbour\OneDrive\Bureau\Zelda TOTK WINRAR\zeldaPuzzle\system\fxgl.bundle
14:40:54.524 [FXGL Background Thread 1 ] DEBUG SystemBundleService  - Bundle FXGL: {}
14:40:54.524 [FXGL Background Thread 1 ] DEBUG UpdaterService       - Checking for updates
14:40:54.550 [FXGL Background Thread 4 ] DEBUG FXGLApplication      - Loading fonts
14:40:54.551 [FXGL Background Thread 1 ] DEBUG FXGLApplication      - Loading default localization
14:40:54.551 [FXGL Background Thread 4 ] DEBUG FXGLAssetLoaderServi - Loading from file system: jar:file:///C:/Users/mbour/.m2/repository/com/github/almasb/fxgl/17/fxgl-17.jar!/fxglassets/ui/fonts/VarelaRound-Regular.ttf
14:40:54.551 [FXGL Background Thread 1 ] DEBUG FXGLAssetLoaderServi - Loading from file system: jar:file:///C:/Users/mbour/.m2/repository/com/github/almasb/fxgl/17/fxgl-17.jar!/fxglassets/languages/english.lang
14:40:54.570 [FXGL Background Thread 1 ] INFO  FXGLApplication      - FXGL initialization took: 0,434 sec
14:40:54.583 [JavaFX Application Thread] DEBUG Input                - Registered new binding: getPosition - P
14:40:54.583 [JavaFX Application Thread] DEBUG Input                - Registered new binding: zoom+ - Up
14:40:54.583 [JavaFX Application Thread] DEBUG Input                - Registered new binding: zoom- - Down
14:40:54.583 [JavaFX Application Thread] DEBUG Input                - Registered new binding: resetZoom - 0
14:40:54.583 [JavaFX Application Thread] DEBUG Input                - Registered new binding: Move right - D
14:40:54.584 [JavaFX Application Thread] DEBUG Input                - Registered new binding: Move left - A
14:40:54.584 [JavaFX Application Thread] DEBUG Input                - Registered new binding: Move Up - W
14:40:54.584 [JavaFX Application Thread] DEBUG Input                - Registered new binding: Move Down - S
14:40:54.584 [JavaFX Application Thread] DEBUG FXGLAssetLoaderServi - Loading from file system: jar:file:///C:/Users/mbour/.m2/repository/com/github/almasb/fxgl/17/fxgl-17.jar!/fxglassets/textures/fxgl_icon.png
14:40:54.589 [FXGL Background Thread 4 ] DEBUG FXGLAssetLoaderServi - Loading from file system: jar:file:///C:/Users/mbour/.m2/repository/com/github/almasb/fxgl/17/fxgl-17.jar!/fxglassets/ui/fonts/Abel-Regular.ttf
14:40:54.599 [JavaFX Application Thread] DEBUG FXGLAssetLoaderServi - Loading from file system: jar:file:///C:/Users/mbour/.m2/repository/com/github/almasb/fxgl/17/fxgl-17.jar!/fxglassets/textures/fxgl_default_cursor.png
14:40:54.600 [FXGL Background Thread 4 ] DEBUG FXGLAssetLoaderServi - Loading from file system: jar:file:///C:/Users/mbour/.m2/repository/com/github/almasb/fxgl/17/fxgl-17.jar!/fxglassets/ui/fonts/TerminalLandMono-Regular.otf
14:40:54.602 [JavaFX Application Thread] DEBUG Input                - Registered new binding: Screenshot - CTRL+8
14:40:54.602 [JavaFX Application Thread] DEBUG Input                - Registered new binding: Dev Options - 1
14:40:54.602 [JavaFX Application Thread] DEBUG Input                - Registered new binding: Dev Console - 2
14:40:54.603 [JavaFX Application Thread] DEBUG Input                - Registered new binding: System info dump - CTRL+9
14:40:54.603 [JavaFX Application Thread] DEBUG Input                - Registered new binding: Restart - CTRL+R
14:40:54.604 [JavaFX Application Thread] DEBUG Input                - Registered new binding: Toggle Debug Camera - CTRL+7
14:40:54.607 [JavaFX Application Thread] DEBUG LoopRunner           - Starting loop
14:40:54.610 [FXGL Background Thread 4 ] DEBUG FXGLAssetLoaderServi - Loading from file system: jar:file:///C:/Users/mbour/.m2/repository/com/github/almasb/fxgl/17/fxgl-17.jar!/fxglassets/ui/fonts/Courier-Prime.ttf
14:40:54.619 [JavaFX Application Thread] DEBUG LoopRunner           - Initializing JavaFX AnimationTimerLoop
14:40:54.622 [JavaFX Application Thread] DEBUG Input                - Clearing active input actions
14:40:54.633 [JavaFX Application Thread] DEBUG GameApplicationServi - Removing overlay from FXGLStartupScene and adding to FXGLMainMenuDummyScene
14:40:54.638 [JavaFX Application Thread] DEBUG PrimaryStageWindow   - FXGLStartupScene -> FXGLMainMenuDummyScene
14:40:54.638 [JavaFX Application Thread] DEBUG PrimaryStageWindow   - Push state: FXGLDefaultMenu
14:40:54.641 [JavaFX Application Thread] DEBUG Input                - Clearing active input actions
14:40:54.648 [JavaFX Application Thread] DEBUG GameApplicationServi - Removing overlay from FXGLMainMenuDummyScene and adding to FXGLDefaultMenu
14:40:54.649 [JavaFX Application Thread] DEBUG PrimaryStageWindow   - FXGLMainMenuDummyScene -> FXGLDefaultMenu
14:40:54.902 [JavaFX Application Thread] DEBUG FXGLApplication      - Registering font factories with UI factory
14:40:55.041 [FXGL Background Thread 2 ] INFO  UpdaterService       - Your current version:  17
14:40:55.041 [FXGL Background Thread 2 ] INFO  UpdaterService       - Latest stable version: 21.1
14:40:56.188 [JavaFX Application Thread] DEBUG Menu                 - fireNewGame()
14:40:56.189 [JavaFX Application Thread] DEBUG GameApplicationServi - Starting new game
14:40:56.191 [JavaFX Application Thread] DEBUG PrimaryStageWindow   - Pop state: FXGLDefaultMenu
14:40:56.191 [JavaFX Application Thread] DEBUG Input                - Clearing active input actions
14:40:56.193 [JavaFX Application Thread] DEBUG GameApplicationServi - Removing overlay from FXGLDefaultMenu and adding to FXGLMainMenuDummyScene
14:40:56.197 [JavaFX Application Thread] DEBUG PrimaryStageWindow   - FXGLMainMenuDummyScene <- FXGLDefaultMenu
14:40:56.197 [JavaFX Application Thread] DEBUG Input                - Clearing active input actions
14:40:56.206 [JavaFX Application Thread] DEBUG GameApplicationServi - Removing overlay from FXGLMainMenuDummyScene and adding to FXGLLoadingScene
14:40:56.209 [JavaFX Application Thread] DEBUG PrimaryStageWindow   - FXGLMainMenuDummyScene -> FXGLLoadingScene
14:40:56.209 [JavaFX Application Thread] DEBUG GameApplicationServi - Clearing previous game
14:40:56.209 [JavaFX Application Thread] DEBUG GameScene            - Clearing game scene
14:40:56.209 [JavaFX Application Thread] DEBUG GameWorld            - Clearing game world
14:40:56.209 [JavaFX Application Thread] DEBUG PhysicsWorld         - Clearing physics world
14:40:56.213 [FXGL Background Thread 2 ] DEBUG FXGLApplication      - Initializing game
14:40:56.300 [FXGL Background Thread 2 ] WARN  TMXLevelLoader       - TiledMap generated from 1.10.2. Supported version: 1.2.3. Some features may not be parsed fully.
14:40:56.313 [FXGL Background Thread 2 ] DEBUG TMXLevelLoader       - Parsed TiledMap: file:/C:/Users/mbour/OneDrive/Bureau/Zelda%20TOTK%20WINRAR/zeldaPuzzle/target/classes/assets/levels/StartingMap.tmx
14:40:56.315 [FXGL Background Thread 2 ] DEBUG TMXLevelLoader       - Creating tile layer entities
14:40:56.317 [FXGL Background Thread 2 ] DEBUG TilesetLoader        - Loading view for layer Calque de Tuiles 1
14:40:56.321 [FXGL Background Thread 2 ] DEBUG TilesetLoader        - Created buffer with size 1920.0x1920.0
14:40:56.334 [FXGL Background Thread 2 ] DEBUG TilesetLoader        - Loading view for layer Calque de Tuiles 2
14:40:56.348 [FXGL Background Thread 2 ] DEBUG TilesetLoader        - Created buffer with size 1920.0x1920.0
14:40:56.359 [FXGL Background Thread 2 ] DEBUG TilesetLoader        - Loading view for layer Calque de Tuiles 3
14:40:56.372 [FXGL Background Thread 2 ] DEBUG TilesetLoader        - Created buffer with size 1920.0x1920.0
14:40:56.380 [FXGL Background Thread 2 ] DEBUG TMXLevelLoader       - Creating object layer entities
14:40:56.400 [FXGL Background Thread 2 ] DEBUG GameWorld            - Clearing removable entities
14:40:56.401 [FXGL Background Thread 2 ] DEBUG GameWorld            - Setting level: com.almasb.fxgl.entity.level.Level@5029e68a
14:40:56.413 [FXGL Background Thread 2 ] WARN  GameWorld            - Entity is already attached to world
14:40:56.481 [FXGL Background Thread 2 ] WARN  GameWorld            - Entity is already attached to world
14:40:56.482 [FXGL Background Thread 2 ] INFO  FXGLApplication      - Game initialization took: 0,268 sec
14:40:56.483 [JavaFX Application Thread] DEBUG Input                - Clearing active input actions
14:40:56.489 [JavaFX Application Thread] DEBUG GameApplicationServi - Removing overlay from FXGLLoadingScene and adding to GameScene
14:40:56.491 [JavaFX Application Thread] DEBUG PrimaryStageWindow   - FXGLLoadingScene -> GameScene
14:40:57.550 [FXGL Background Thread 3 ] DEBUG Engine               - Logging environment variables
14:40:57.550 [FXGL Background Thread 3 ] DEBUG Engine               - achievements: []
14:40:57.550 [FXGL Background Thread 3 ] DEBUG Engine               - actualHeight: 800.0
14:40:57.550 [FXGL Background Thread 3 ] DEBUG Engine               - actualHeightProperty: ReadOnlyDoubleProperty [value: 800.0]
14:40:57.550 [FXGL Background Thread 3 ] DEBUG Engine               - actualWidth: 800.0
14:40:57.550 [FXGL Background Thread 3 ] DEBUG Engine               - actualWidthProperty: ReadOnlyDoubleProperty [value: 800.0]
14:40:57.550 [FXGL Background Thread 3 ] DEBUG Engine               - appIcon: fxgl_icon.png
14:40:57.551 [FXGL Background Thread 3 ] DEBUG Engine               - applicationMode: DEVELOPER
14:40:57.551 [FXGL Background Thread 3 ] DEBUG Engine               - cSSList: [fxgl_dark.css]
14:40:57.551 [FXGL Background Thread 3 ] DEBUG Engine               - collisionDetectionStrategy: BRUTE_FORCE
14:40:57.551 [FXGL Background Thread 3 ] DEBUG Engine               - configClass: Optional.empty
14:40:57.551 [FXGL Background Thread 3 ] DEBUG Engine               - credits: []
14:40:57.551 [FXGL Background Thread 3 ] DEBUG Engine               - defaultCursor: CursorInfo(imageName=fxgl_default_cursor.png, hotspotX=7.0, hotspotY=6.0)
14:40:57.551 [FXGL Background Thread 3 ] DEBUG Engine               - devBBoxColorProperty: ObjectProperty [value: 0xff0000ff]
14:40:57.551 [FXGL Background Thread 3 ] DEBUG Engine               - devEnableDebugCameraProperty: BooleanProperty [value: false]
14:40:57.551 [FXGL Background Thread 3 ] DEBUG Engine               - devSensorColorProperty: ObjectProperty [value: 0xffff00ff]
14:40:57.551 [FXGL Background Thread 3 ] DEBUG Engine               - devShowBBoxProperty: BooleanProperty [value: false]
14:40:57.551 [FXGL Background Thread 3 ] DEBUG Engine               - devShowPositionProperty: BooleanProperty [value: false]
14:40:57.551 [FXGL Background Thread 3 ] DEBUG Engine               - enabledMenuItems: []
14:40:57.552 [FXGL Background Thread 3 ] DEBUG Engine               - engineServices: [class com.almasb.fxgl.app.services.FXGLAssetLoaderService, class com.almasb.fxgl.app.FXGLApplication$GameApplicationService, class com.almasb.fxgl.app.services.FXGLDialogService, class com.almasb.fxgl.app.services.IOTaskExecutorService, class com.almasb.fxgl.io.FileSystemService, class com.almasb.fxgl.localization.LocalizationService, class com.almasb.fxgl.app.services.SystemBundleService, class com.almasb.fxgl.profile.SaveLoadService, class com.almasb.fxgl.ui.FXGLUIFactoryServiceProvider, class com.almasb.fxgl.ui.FXGLDialogFactoryServiceProvider, class com.almasb.fxgl.audio.AudioPlayer, class com.almasb.fxgl.notification.impl.NotificationServiceProvider, class com.almasb.fxgl.achievement.AchievementService, class com.almasb.fxgl.cutscene.CutsceneService, class com.almasb.fxgl.minigames.MiniGameService, class com.almasb.fxgl.net.NetService, class com.almasb.fxgl.app.services.UpdaterService, class com.almasb.fxgl.dev.DevService]
14:40:57.552 [FXGL Background Thread 3 ] DEBUG Engine               - fontGame: Abel-Regular.ttf
14:40:57.552 [FXGL Background Thread 3 ] DEBUG Engine               - fontMono: TerminalLandMono-Regular.otf
14:40:57.552 [FXGL Background Thread 3 ] DEBUG Engine               - fontText: Courier-Prime.ttf
14:40:57.552 [FXGL Background Thread 3 ] DEBUG Engine               - fontUI: VarelaRound-Regular.ttf
14:40:57.552 [FXGL Background Thread 3 ] DEBUG Engine               - fullScreen: BooleanProperty [value: false]
14:40:57.552 [FXGL Background Thread 3 ] DEBUG Engine               - gameDifficulty: MEDIUM
14:40:57.552 [FXGL Background Thread 3 ] DEBUG Engine               - gameDifficultyProperty: ObjectProperty [value: MEDIUM]
14:40:57.552 [FXGL Background Thread 3 ] DEBUG Engine               - globalMusicVolume: 0.5
14:40:57.552 [FXGL Background Thread 3 ] DEBUG Engine               - globalMusicVolumeProperty: DoubleProperty [value: 0.5]
14:40:57.552 [FXGL Background Thread 3 ] DEBUG Engine               - globalSoundVolume: 0.5
14:40:57.552 [FXGL Background Thread 3 ] DEBUG Engine               - globalSoundVolumeProperty: DoubleProperty [value: 0.5]
14:40:57.552 [FXGL Background Thread 3 ] DEBUG Engine               - height: 800
14:40:57.552 [FXGL Background Thread 3 ] DEBUG Engine               - is3D: false
14:40:57.553 [FXGL Background Thread 3 ] DEBUG Engine               - isAndroid: false
14:40:57.553 [FXGL Background Thread 3 ] DEBUG Engine               - isBrowser: false
14:40:57.553 [FXGL Background Thread 3 ] DEBUG Engine               - isClickFeedbackEnabled: false
14:40:57.553 [FXGL Background Thread 3 ] DEBUG Engine               - isCloseConfirmation: false
14:40:57.553 [FXGL Background Thread 3 ] DEBUG Engine               - isDesktop: true
14:40:57.553 [FXGL Background Thread 3 ] DEBUG Engine               - isDeveloperMenuEnabled: true
14:40:57.553 [FXGL Background Thread 3 ] DEBUG Engine               - isEmbedded: false
14:40:57.553 [FXGL Background Thread 3 ] DEBUG Engine               - isEntityPreloadEnabled: true
14:40:57.553 [FXGL Background Thread 3 ] DEBUG Engine               - isExperimentalTiledLargeMap: false
14:40:57.553 [FXGL Background Thread 3 ] DEBUG Engine               - isFileSystemWriteAllowed: true
14:40:57.553 [FXGL Background Thread 3 ] DEBUG Engine               - isFullScreenAllowed: true
14:40:57.553 [FXGL Background Thread 3 ] DEBUG Engine               - isFullScreenFromStart: false
14:40:57.553 [FXGL Background Thread 3 ] DEBUG Engine               - isGameMenuEnabled: true
14:40:57.553 [FXGL Background Thread 3 ] DEBUG Engine               - isIOS: false
14:40:57.553 [FXGL Background Thread 3 ] DEBUG Engine               - isIntroEnabled: false
14:40:57.553 [FXGL Background Thread 3 ] DEBUG Engine               - isLinux: false
14:40:57.553 [FXGL Background Thread 3 ] DEBUG Engine               - isMac: false
14:40:57.553 [FXGL Background Thread 3 ] DEBUG Engine               - isMainMenuEnabled: true
14:40:57.553 [FXGL Background Thread 3 ] DEBUG Engine               - isManualResizeEnabled: false
14:40:57.553 [FXGL Background Thread 3 ] DEBUG Engine               - isMobile: false
14:40:57.553 [FXGL Background Thread 3 ] DEBUG Engine               - isNative: false
14:40:57.553 [FXGL Background Thread 3 ] DEBUG Engine               - isPauseMusicWhenMinimized: true
14:40:57.553 [FXGL Background Thread 3 ] DEBUG Engine               - isPreserveResizeRatio: false
14:40:57.553 [FXGL Background Thread 3 ] DEBUG Engine               - isProfilingEnabled: false
14:40:57.554 [FXGL Background Thread 3 ] DEBUG Engine               - isScaleAffectedOnResize: true
14:40:57.554 [FXGL Background Thread 3 ] DEBUG Engine               - isSingleStep: false
14:40:57.554 [FXGL Background Thread 3 ] DEBUG Engine               - isUserProfileEnabled: false
14:40:57.554 [FXGL Background Thread 3 ] DEBUG Engine               - isWindows: true
14:40:57.554 [FXGL Background Thread 3 ] DEBUG Engine               - language: ObjectProperty [value: ENGLISH]
14:40:57.554 [FXGL Background Thread 3 ] DEBUG Engine               - menuKey: ESCAPE
14:40:57.554 [FXGL Background Thread 3 ] DEBUG Engine               - mouseSensitivity: 0.2
14:40:57.554 [FXGL Background Thread 3 ] DEBUG Engine               - notificationViewClass: class com.almasb.fxgl.notification.view.XboxNotificationView
14:40:57.554 [FXGL Background Thread 3 ] DEBUG Engine               - pixelsPerMeter: 50.0
14:40:57.554 [FXGL Background Thread 3 ] DEBUG Engine               - platform: WINDOWS
14:40:57.554 [FXGL Background Thread 3 ] DEBUG Engine               - prefHeightProperty: ReadOnlyDoubleProperty [value: 800.0]
14:40:57.554 [FXGL Background Thread 3 ] DEBUG Engine               - prefWidthProperty: ReadOnlyDoubleProperty [value: 800.0]
14:40:57.554 [FXGL Background Thread 3 ] DEBUG Engine               - profileDir: profiles/
14:40:57.554 [FXGL Background Thread 3 ] DEBUG Engine               - profileName: StringProperty [value: DEFAULT]
14:40:57.554 [FXGL Background Thread 3 ] DEBUG Engine               - randomSeed: -1
14:40:57.555 [FXGL Background Thread 3 ] DEBUG Engine               - runtimeInfo: RuntimeInfo(platform=WINDOWS, version=17, build=31.12.2021 18.16)
14:40:57.555 [FXGL Background Thread 3 ] DEBUG Engine               - saveFileExt: sav
14:40:57.555 [FXGL Background Thread 3 ] DEBUG Engine               - scaledHeightProp$fxgl: DoubleProperty [bound, value: 800.0]
14:40:57.555 [FXGL Background Thread 3 ] DEBUG Engine               - scaledWidthProp$fxgl: DoubleProperty [bound, value: 800.0]
14:40:57.555 [FXGL Background Thread 3 ] DEBUG Engine               - sceneFactory: com.almasb.fxgl.app.scene.SceneFactory@4f2cdde2
14:40:57.555 [FXGL Background Thread 3 ] DEBUG Engine               - secondsIn24h: 60
14:40:57.555 [FXGL Background Thread 3 ] DEBUG Engine               - soundMenuBack: menu/back.wav
14:40:57.555 [FXGL Background Thread 3 ] DEBUG Engine               - soundMenuPress: menu/press.wav
14:40:57.555 [FXGL Background Thread 3 ] DEBUG Engine               - soundMenuSelect: menu/select.wav
14:40:57.555 [FXGL Background Thread 3 ] DEBUG Engine               - soundNotification: core/notification.wav
14:40:57.555 [FXGL Background Thread 3 ] DEBUG Engine               - stageStyle: DECORATED
14:40:57.555 [FXGL Background Thread 3 ] DEBUG Engine               - supportedLanguages: [ENGLISH, FRENCH, GERMAN, HUNGARIAN, RUSSIAN]
14:40:57.555 [FXGL Background Thread 3 ] DEBUG Engine               - ticksPerSecond: -1
14:40:57.556 [FXGL Background Thread 3 ] DEBUG Engine               - title: Zelda 2D Game
14:40:57.556 [FXGL Background Thread 3 ] DEBUG Engine               - urlGithub: https://github.com/AlmasB/FXGL
14:40:57.556 [FXGL Background Thread 3 ] DEBUG Engine               - urlLeaderboard: http://fxgl-top.herokuapp.com/
14:40:57.556 [FXGL Background Thread 3 ] DEBUG Engine               - urlPOM: https://raw.githubusercontent.com/AlmasB/FXGL/release/README.md
14:40:57.556 [FXGL Background Thread 3 ] DEBUG Engine               - userAppClass: class com.example.zeldapuzzle.MainGameApp
14:40:57.556 [FXGL Background Thread 3 ] DEBUG Engine               - version: 1
14:40:57.556 [FXGL Background Thread 3 ] DEBUG Engine               - versionCheckDays: 7
14:40:57.556 [FXGL Background Thread 3 ] DEBUG Engine               - width: 800
14:40:57.556 [FXGL Background Thread 3 ] DEBUG Engine               - Logging services
14:40:57.556 [FXGL Background Thread 3 ] DEBUG Engine               - class com.almasb.fxgl.app.services.FXGLAssetLoaderService
14:40:57.556 [FXGL Background Thread 3 ] DEBUG Engine               - class com.almasb.fxgl.app.FXGLApplication$GameApplicationService
14:40:57.556 [FXGL Background Thread 3 ] DEBUG Engine               - class com.almasb.fxgl.app.services.FXGLDialogService
14:40:57.556 [FXGL Background Thread 3 ] DEBUG Engine               - class com.almasb.fxgl.app.services.IOTaskExecutorService
14:40:57.556 [FXGL Background Thread 3 ] DEBUG Engine               - class com.almasb.fxgl.io.FileSystemService
14:40:57.556 [FXGL Background Thread 3 ] DEBUG Engine               - class com.almasb.fxgl.localization.LocalizationService
14:40:57.556 [FXGL Background Thread 3 ] DEBUG Engine               - class com.almasb.fxgl.app.services.SystemBundleService
14:40:57.556 [FXGL Background Thread 3 ] DEBUG Engine               - class com.almasb.fxgl.profile.SaveLoadService
14:40:57.557 [FXGL Background Thread 3 ] DEBUG Engine               - class com.almasb.fxgl.ui.FXGLUIFactoryServiceProvider
14:40:57.557 [FXGL Background Thread 3 ] DEBUG Engine               - class com.almasb.fxgl.ui.FXGLDialogFactoryServiceProvider
14:40:57.557 [FXGL Background Thread 3 ] DEBUG Engine               - class com.almasb.fxgl.audio.AudioPlayer
14:40:57.557 [FXGL Background Thread 3 ] DEBUG Engine               - class com.almasb.fxgl.notification.impl.NotificationServiceProvider
14:40:57.557 [FXGL Background Thread 3 ] DEBUG Engine               - class com.almasb.fxgl.achievement.AchievementService
14:40:57.557 [FXGL Background Thread 3 ] DEBUG Engine               - class com.almasb.fxgl.cutscene.CutsceneService
14:40:57.557 [FXGL Background Thread 3 ] DEBUG Engine               - class com.almasb.fxgl.minigames.MiniGameService
14:40:57.557 [FXGL Background Thread 3 ] DEBUG Engine               - class com.almasb.fxgl.net.NetService
14:40:57.557 [FXGL Background Thread 3 ] DEBUG Engine               - class com.almasb.fxgl.app.services.UpdaterService
14:40:57.557 [FXGL Background Thread 3 ] DEBUG Engine               - class com.almasb.fxgl.dev.DevService
14:40:59.214 [JavaFX Application Thread] WARN  TMXLevelLoader       - TiledMap generated from 1.10.2. Supported version: 1.2.3. Some features may not be parsed fully.
14:40:59.226 [JavaFX Application Thread] DEBUG TMXLevelLoader       - Parsed TiledMap: file:/C:/Users/mbour/OneDrive/Bureau/Zelda%20TOTK%20WINRAR/zeldaPuzzle/target/classes/assets/levels/donjonPasFini.tmx
14:40:59.227 [JavaFX Application Thread] DEBUG TMXLevelLoader       - Creating tile layer entities
14:40:59.227 [JavaFX Application Thread] DEBUG TilesetLoader        - Loading view for layer Calque de Tuiles 2
14:40:59.228 [JavaFX Application Thread] DEBUG TilesetLoader        - Created buffer with size 3200.0x960.0
14:40:59.270 [JavaFX Application Thread] WARN  TilesetLoader        - Diagonally flipped tiles are not currently supported
14:40:59.270 [JavaFX Application Thread] WARN  TilesetLoader        - Diagonally flipped tiles are not currently supported
14:40:59.271 [JavaFX Application Thread] WARN  TilesetLoader        - Diagonally flipped tiles are not currently supported
14:40:59.271 [JavaFX Application Thread] WARN  TilesetLoader        - Diagonally flipped tiles are not currently supported
14:40:59.271 [JavaFX Application Thread] WARN  TilesetLoader        - Diagonally flipped tiles are not currently supported
14:40:59.271 [JavaFX Application Thread] WARN  TilesetLoader        - Diagonally flipped tiles are not currently supported
14:40:59.272 [JavaFX Application Thread] WARN  TilesetLoader        - Diagonally flipped tiles are not currently supported
14:40:59.272 [JavaFX Application Thread] WARN  TilesetLoader        - Diagonally flipped tiles are not currently supported
14:40:59.272 [JavaFX Application Thread] WARN  TilesetLoader        - Diagonally flipped tiles are not currently supported
14:40:59.272 [JavaFX Application Thread] WARN  TilesetLoader        - Diagonally flipped tiles are not currently supported
14:40:59.273 [JavaFX Application Thread] DEBUG TilesetLoader        - Loading view for layer background
14:40:59.280 [JavaFX Application Thread] DEBUG TilesetLoader        - Created buffer with size 3200.0x960.0
14:40:59.290 [JavaFX Application Thread] DEBUG TilesetLoader        - Loading view for layer Calque de Tuiles 3
14:40:59.296 [JavaFX Application Thread] DEBUG TilesetLoader        - Created buffer with size 3200.0x960.0
14:40:59.298 [JavaFX Application Thread] DEBUG TilesetLoader        - Loading view for layer Calque de Tuiles 1
14:40:59.305 [JavaFX Application Thread] DEBUG TilesetLoader        - Created buffer with size 3200.0x960.0
14:40:59.307 [JavaFX Application Thread] DEBUG TMXLevelLoader       - Creating object layer entities
14:40:59.316 [JavaFX Application Thread] DEBUG GameWorld            - Clearing removable entities
14:40:59.320 [JavaFX Application Thread] DEBUG GameWorld            - Setting level: com.almasb.fxgl.entity.level.Level@30df9a07
14:40:59.380 [JavaFX Application Thread] WARN  GameWorld            - Entity is already attached to world
14:41:15.828 [JavaFX Application Thread] DEBUG FXGLApplication      - Exiting FXGL
14:41:15.828 [JavaFX Application Thread] DEBUG LoopRunner           - Stopping loop
14:41:15.828 [JavaFX Application Thread] DEBUG SystemBundleService  - Saving FXGL system data
14:41:15.832 [JavaFX Application Thread] DEBUG FileSystemAccess     - Writing to: C:\Users\mbour\OneDrive\Bureau\Zelda TOTK WINRAR\zeldaPuzzle\system\fxgl.bundle
14:41:15.836 [JavaFX Application Thread] DEBUG Async                - Shutting down background threads
14:41:15.837 [JavaFX Application Thread] DEBUG PrimaryStageWindow   - Closing main window
14:41:15.850 [JavaFX Application Thread] DEBUG Logger               - Closing Logger
