09:41:38.927 [main                     ] DEBUG Logger               - Configured Logger
09:41:38.952 [main                     ] DEBUG GameApplication      - Logging settings
Title: Zelda 2D Game
Version: 1
Width: 800
Height: 800
Fullscreen: false
Intro: false
Profiling: false
Single step:false
App Mode: DEVELOPER
Menu Key: ESCAPE
Stage Style: DECORATED
Scene Factory: class com.almasb.fxgl.app.scene.SceneFactory

09:41:39.418 [JavaFX Application Thread] DEBUG FXGLApplication      - Initializing FXGL
09:41:39.423 [JavaFX Application Thread] INFO  Engine               - FXGL-17 (31.12.2021 18.16) on WINDOWS (J:21.0.2 FX:19)
09:41:39.424 [JavaFX Application Thread] DEBUG Engine               - JRE Vendor Name: Oracle Corporation
09:41:39.424 [JavaFX Application Thread] DEBUG Engine               - Running on OS: Windows 10 version 10.0
09:41:39.424 [JavaFX Application Thread] DEBUG Engine               - Architecture: amd64
09:41:39.424 [JavaFX Application Thread] INFO  Engine               - Source code and latest versions at: https://github.com/AlmasB/FXGL
09:41:39.425 [JavaFX Application Thread] INFO  Engine               -       Ask questions and discuss at: https://github.com/AlmasB/FXGL/discussions
09:41:39.425 [JavaFX Application Thread] INFO  Engine               -              Join the FXGL chat at: https://gitter.im/AlmasB/FXGL
09:41:39.537 [JavaFX Application Thread] DEBUG PrimaryStageWindow   - Creating a JavaFX scene
09:41:39.591 [JavaFX Application Thread] DEBUG PrimaryStageWindow   - Target settings size: 800.0 x 800.0
09:41:39.592 [JavaFX Application Thread] DEBUG PrimaryStageWindow   - Scaled scene size:    800.0 x 800.0
09:41:39.592 [JavaFX Application Thread] DEBUG PrimaryStageWindow   - Scaled ratio: (1.0, 1.0)
09:41:39.594 [JavaFX Application Thread] DEBUG PrimaryStageWindow   - Set initial scene to FXGLStartupScene
09:41:39.597 [JavaFX Application Thread] DEBUG PrimaryStageWindow   - Opening main window
09:41:39.695 [JavaFX Application Thread] DEBUG PrimaryStageWindow   - Window border size: (16.0, 39.0)
09:41:39.695 [JavaFX Application Thread] DEBUG PrimaryStageWindow   - Scaled size: 800.0 x 800.0
09:41:39.695 [JavaFX Application Thread] DEBUG PrimaryStageWindow   - Scaled ratio: (1.0, 1.0)
09:41:39.695 [JavaFX Application Thread] DEBUG PrimaryStageWindow   - Scene size: 800.0 x 800.0
09:41:39.696 [JavaFX Application Thread] DEBUG PrimaryStageWindow   - Stage size: 816.0 x 839.0
09:41:39.705 [FXGL Background Thread 1 ] DEBUG Engine               - Initializing environment variables
09:41:39.766 [FXGL Background Thread 1 ] DEBUG FXGLAssetLoaderServi - User app class for loading assets: class com.example.zeldapuzzle.MainGameApp
09:41:39.766 [FXGL Background Thread 1 ] DEBUG GameApplicationServi - Applying CSS: fxgl_dark.css
09:41:39.768 [FXGL Background Thread 1 ] DEBUG FXGLAssetLoaderServi - Loading from file system: jar:file:///C:/Users/mbour/.m2/repository/com/github/almasb/fxgl/17/fxgl-17.jar!/fxglassets/ui/css/fxgl_dark.css
09:41:39.843 [FXGL Background Thread 1 ] DEBUG GameApplicationServi - Initializing application scenes
09:41:39.896 [FXGL Background Thread 1 ] DEBUG GameWorld            - Game world initialized
09:41:39.970 [FXGL Background Thread 1 ] DEBUG PhysicsWorld         - Physics world initialized: appHeight=800, physics.ppm=50,0
09:41:39.970 [FXGL Background Thread 1 ] DEBUG PhysicsWorld         - Using strategy: BRUTE_FORCE
09:41:39.974 [FXGL Background Thread 1 ] DEBUG GameScene            - Game scene initialized: 800x800
09:41:39.988 [FXGL Background Thread 1 ] DEBUG FXGL.DefaultMenu     - createMenuBodyMainMenu()
09:41:40.004 [FXGL Background Thread 1 ] DEBUG FXGL.DefaultMenu     - createOptionsMenu()
09:41:40.016 [FXGL Background Thread 1 ] DEBUG FXGLAssetLoaderServi - Loading from file system: jar:file:///C:/Users/mbour/.m2/repository/com/github/almasb/fxgl/17/fxgl-17.jar!/fxglassets/textures/particles/smoke.png
09:41:40.094 [FXGL Background Thread 1 ] DEBUG FXGLAssetLoaderServi - Loading from file system: jar:file:///C:/Users/mbour/.m2/repository/com/github/almasb/fxgl/17/fxgl-17.jar!/fxglassets/textures/particles/trace_horizontal.png
09:41:40.123 [FXGL Background Thread 1 ] DEBUG FXGL.DefaultMenu     - createMenuBodyGameMenu()
09:41:40.125 [FXGL Background Thread 1 ] DEBUG FXGL.DefaultMenu     - createOptionsMenu()
09:41:40.140 [FXGL Background Thread 1 ] DEBUG GameApplicationServi - Application scenes initialized
09:41:40.151 [FXGL Background Thread 1 ] DEBUG SystemBundleService  - Loading FXGL system data
09:41:40.155 [FXGL Background Thread 1 ] DEBUG FileSystemAccess     - Reading from: C:\Users\mbour\OneDrive\Bureau\Zelda TOTK WINRAR\zeldaPuzzle\system\fxgl.bundle
09:41:40.168 [FXGL Background Thread 1 ] DEBUG SystemBundleService  - Bundle FXGL: {}
09:41:40.168 [FXGL Background Thread 1 ] DEBUG UpdaterService       - Checking for updates
09:41:40.201 [FXGL Background Thread 4 ] DEBUG FXGLApplication      - Loading fonts
09:41:40.201 [FXGL Background Thread 1 ] DEBUG FXGLApplication      - Loading default localization
09:41:40.201 [FXGL Background Thread 4 ] DEBUG FXGLAssetLoaderServi - Loading from file system: jar:file:///C:/Users/mbour/.m2/repository/com/github/almasb/fxgl/17/fxgl-17.jar!/fxglassets/ui/fonts/VarelaRound-Regular.ttf
09:41:40.202 [FXGL Background Thread 1 ] DEBUG FXGLAssetLoaderServi - Loading from file system: jar:file:///C:/Users/mbour/.m2/repository/com/github/almasb/fxgl/17/fxgl-17.jar!/fxglassets/languages/english.lang
09:41:40.221 [FXGL Background Thread 1 ] INFO  FXGLApplication      - FXGL initialization took: 0,517 sec
09:41:40.234 [JavaFX Application Thread] DEBUG Input                - Registered new binding: getPosition - P
09:41:40.234 [JavaFX Application Thread] DEBUG Input                - Registered new binding: zoom+ - Up
09:41:40.234 [JavaFX Application Thread] DEBUG Input                - Registered new binding: zoom- - Down
09:41:40.234 [JavaFX Application Thread] DEBUG Input                - Registered new binding: resetZoom - 0
09:41:40.234 [JavaFX Application Thread] DEBUG Input                - Registered new binding: Move right - D
09:41:40.235 [JavaFX Application Thread] DEBUG Input                - Registered new binding: Move left - A
09:41:40.235 [JavaFX Application Thread] DEBUG Input                - Registered new binding: Move Up - W
09:41:40.235 [JavaFX Application Thread] DEBUG Input                - Registered new binding: Move Down - S
09:41:40.236 [JavaFX Application Thread] DEBUG FXGLAssetLoaderServi - Loading from file system: jar:file:///C:/Users/mbour/.m2/repository/com/github/almasb/fxgl/17/fxgl-17.jar!/fxglassets/textures/fxgl_icon.png
09:41:40.259 [JavaFX Application Thread] DEBUG FXGLAssetLoaderServi - Loading from file system: jar:file:///C:/Users/mbour/.m2/repository/com/github/almasb/fxgl/17/fxgl-17.jar!/fxglassets/textures/fxgl_default_cursor.png
09:41:40.261 [JavaFX Application Thread] DEBUG Input                - Registered new binding: Screenshot - CTRL+8
09:41:40.262 [JavaFX Application Thread] DEBUG Input                - Registered new binding: Dev Options - 1
09:41:40.262 [JavaFX Application Thread] DEBUG Input                - Registered new binding: Dev Console - 2
09:41:40.263 [JavaFX Application Thread] DEBUG Input                - Registered new binding: System info dump - CTRL+9
09:41:40.263 [JavaFX Application Thread] DEBUG Input                - Registered new binding: Restart - CTRL+R
09:41:40.264 [JavaFX Application Thread] DEBUG Input                - Registered new binding: Toggle Debug Camera - CTRL+7
09:41:40.267 [JavaFX Application Thread] DEBUG LoopRunner           - Starting loop
09:41:40.283 [JavaFX Application Thread] DEBUG LoopRunner           - Initializing JavaFX AnimationTimerLoop
09:41:40.286 [JavaFX Application Thread] DEBUG Input                - Clearing active input actions
09:41:40.296 [JavaFX Application Thread] DEBUG GameApplicationServi - Removing overlay from FXGLStartupScene and adding to FXGLMainMenuDummyScene
09:41:40.303 [JavaFX Application Thread] DEBUG PrimaryStageWindow   - FXGLStartupScene -> FXGLMainMenuDummyScene
09:41:40.303 [JavaFX Application Thread] DEBUG PrimaryStageWindow   - Push state: FXGLDefaultMenu
09:41:40.308 [JavaFX Application Thread] DEBUG Input                - Clearing active input actions
09:41:40.318 [JavaFX Application Thread] DEBUG GameApplicationServi - Removing overlay from FXGLMainMenuDummyScene and adding to FXGLDefaultMenu
09:41:40.319 [JavaFX Application Thread] DEBUG PrimaryStageWindow   - FXGLMainMenuDummyScene -> FXGLDefaultMenu
09:41:40.414 [FXGL Background Thread 4 ] DEBUG FXGLAssetLoaderServi - Loading from file system: jar:file:///C:/Users/mbour/.m2/repository/com/github/almasb/fxgl/17/fxgl-17.jar!/fxglassets/ui/fonts/Abel-Regular.ttf
09:41:40.513 [FXGL Background Thread 4 ] DEBUG FXGLAssetLoaderServi - Loading from file system: jar:file:///C:/Users/mbour/.m2/repository/com/github/almasb/fxgl/17/fxgl-17.jar!/fxglassets/ui/fonts/TerminalLandMono-Regular.otf
09:41:40.536 [FXGL Background Thread 4 ] DEBUG FXGLAssetLoaderServi - Loading from file system: jar:file:///C:/Users/mbour/.m2/repository/com/github/almasb/fxgl/17/fxgl-17.jar!/fxglassets/ui/fonts/Courier-Prime.ttf
09:41:40.617 [JavaFX Application Thread] DEBUG FXGLApplication      - Registering font factories with UI factory
09:41:40.729 [FXGL Background Thread 2 ] INFO  UpdaterService       - Your current version:  17
09:41:40.730 [FXGL Background Thread 2 ] INFO  UpdaterService       - Latest stable version: 21
09:41:41.179 [JavaFX Application Thread] DEBUG FXGLApplication      - Exiting FXGL
09:41:41.179 [JavaFX Application Thread] DEBUG LoopRunner           - Stopping loop
09:41:41.179 [JavaFX Application Thread] DEBUG SystemBundleService  - Saving FXGL system data
09:41:41.184 [JavaFX Application Thread] DEBUG FileSystemAccess     - Writing to: C:\Users\mbour\OneDrive\Bureau\Zelda TOTK WINRAR\zeldaPuzzle\system\fxgl.bundle
09:41:41.187 [JavaFX Application Thread] DEBUG Async                - Shutting down background threads
09:41:41.187 [JavaFX Application Thread] DEBUG PrimaryStageWindow   - Closing main window
09:41:41.203 [JavaFX Application Thread] DEBUG Logger               - Closing Logger
