12:06:02.481 [main                     ] DEBUG Logger               - Configured Logger
12:06:02.496 [main                     ] DEBUG GameApplication      - Logging settings
Title: Zelda 2D Game par ماستن
Version: 1
Width: 800
Height: 800
Fullscreen: true
Intro: false
Profiling: false
Single step:false
App Mode: DEVELOPER
Menu Key: ESCAPE
Stage Style: DECORATED
Scene Factory: class com.almasb.fxgl.app.scene.SceneFactory

12:06:02.554 [JavaFX Application Thread] DEBUG FXGLApplication      - Initializing FXGL
12:06:02.557 [JavaFX Application Thread] INFO  Engine               - FXGL-17 (31.12.2021 18.16) on WINDOWS (J:21.0.2 FX:19)
12:06:02.557 [JavaFX Application Thread] DEBUG Engine               - JRE Vendor Name: Oracle Corporation
12:06:02.557 [JavaFX Application Thread] DEBUG Engine               - Running on OS: Windows 11 version 10.0
12:06:02.557 [JavaFX Application Thread] DEBUG Engine               - Architecture: amd64
12:06:02.557 [JavaFX Application Thread] INFO  Engine               - Source code and latest versions at: https://github.com/AlmasB/FXGL
12:06:02.557 [JavaFX Application Thread] INFO  Engine               -       Ask questions and discuss at: https://github.com/AlmasB/FXGL/discussions
12:06:02.557 [JavaFX Application Thread] INFO  Engine               -              Join the FXGL chat at: https://gitter.im/AlmasB/FXGL
12:06:02.600 [JavaFX Application Thread] DEBUG PrimaryStageWindow   - Creating a JavaFX scene
12:06:02.634 [JavaFX Application Thread] DEBUG PrimaryStageWindow   - Target settings size: 800.0 x 800.0
12:06:02.635 [JavaFX Application Thread] DEBUG PrimaryStageWindow   - Scaled scene size:    800.0 x 800.0
12:06:02.635 [JavaFX Application Thread] DEBUG PrimaryStageWindow   - Scaled ratio: (1.0, 1.0)
12:06:02.636 [JavaFX Application Thread] DEBUG PrimaryStageWindow   - Set initial scene to FXGLStartupScene
12:06:02.639 [JavaFX Application Thread] DEBUG PrimaryStageWindow   - Opening main window
12:06:02.698 [JavaFX Application Thread] DEBUG PrimaryStageWindow   - Window border size: (16.0, 39.0)
12:06:02.698 [JavaFX Application Thread] DEBUG PrimaryStageWindow   - Scaled size: 800.0 x 800.0
12:06:02.698 [JavaFX Application Thread] DEBUG PrimaryStageWindow   - Scaled ratio: (1.0, 1.0)
12:06:02.698 [JavaFX Application Thread] DEBUG PrimaryStageWindow   - Scene size: 800.0 x 800.0
12:06:02.698 [JavaFX Application Thread] DEBUG PrimaryStageWindow   - Stage size: 816.0 x 839.0
12:06:02.703 [FXGL Background Thread 1 ] DEBUG Engine               - Initializing environment variables
12:06:02.740 [FXGL Background Thread 1 ] DEBUG FXGLAssetLoaderServi - User app class for loading assets: class com.example.zeldapuzzle.MainGameApp
12:06:02.740 [FXGL Background Thread 1 ] DEBUG GameApplicationServi - Applying CSS: fxgl_dark.css
12:06:02.741 [FXGL Background Thread 1 ] DEBUG FXGLAssetLoaderServi - Loading from file system: jar:file:///C:/Users/User/.m2/repository/com/github/almasb/fxgl/17/fxgl-17.jar!/fxglassets/ui/css/fxgl_dark.css
12:06:02.773 [FXGL Background Thread 1 ] DEBUG GameApplicationServi - Initializing application scenes
12:06:02.800 [FXGL Background Thread 1 ] DEBUG GameWorld            - Game world initialized
12:06:02.838 [FXGL Background Thread 1 ] DEBUG PhysicsWorld         - Physics world initialized: appHeight=800, physics.ppm=50.0
12:06:02.839 [FXGL Background Thread 1 ] DEBUG PhysicsWorld         - Using strategy: BRUTE_FORCE
12:06:02.842 [FXGL Background Thread 1 ] DEBUG GameScene            - Game scene initialized: 800x800
12:06:02.849 [FXGL Background Thread 1 ] DEBUG FXGL.DefaultMenu     - createMenuBodyMainMenu()
12:06:02.858 [FXGL Background Thread 1 ] DEBUG FXGL.DefaultMenu     - createOptionsMenu()
12:06:02.863 [FXGL Background Thread 1 ] DEBUG FXGLAssetLoaderServi - Loading from file system: jar:file:///C:/Users/User/.m2/repository/com/github/almasb/fxgl/17/fxgl-17.jar!/fxglassets/textures/particles/smoke.png
12:06:02.911 [FXGL Background Thread 1 ] DEBUG FXGLAssetLoaderServi - Loading from file system: jar:file:///C:/Users/User/.m2/repository/com/github/almasb/fxgl/17/fxgl-17.jar!/fxglassets/textures/particles/trace_horizontal.png
12:06:02.921 [FXGL Background Thread 1 ] DEBUG FXGL.DefaultMenu     - createMenuBodyGameMenu()
12:06:02.922 [FXGL Background Thread 1 ] DEBUG FXGL.DefaultMenu     - createOptionsMenu()
12:06:02.929 [FXGL Background Thread 1 ] DEBUG GameApplicationServi - Application scenes initialized
12:06:02.936 [FXGL Background Thread 1 ] DEBUG SystemBundleService  - Loading FXGL system data
12:06:02.938 [FXGL Background Thread 1 ] DEBUG FileSystemAccess     - Reading from: C:\Users\User\zeldaPuzzle\system\fxgl.bundle
12:06:02.945 [FXGL Background Thread 1 ] DEBUG SystemBundleService  - Bundle FXGL: {}
12:06:02.945 [FXGL Background Thread 1 ] DEBUG UpdaterService       - Checking for updates
12:06:02.961 [FXGL Background Thread 4 ] DEBUG FXGLApplication      - Loading fonts
12:06:02.961 [FXGL Background Thread 1 ] DEBUG FXGLApplication      - Loading default localization
12:06:02.961 [FXGL Background Thread 4 ] DEBUG FXGLAssetLoaderServi - Loading from file system: jar:file:///C:/Users/User/.m2/repository/com/github/almasb/fxgl/17/fxgl-17.jar!/fxglassets/ui/fonts/VarelaRound-Regular.ttf
12:06:02.963 [FXGL Background Thread 1 ] DEBUG FXGLAssetLoaderServi - Loading from file system: jar:file:///C:/Users/User/.m2/repository/com/github/almasb/fxgl/17/fxgl-17.jar!/fxglassets/languages/english.lang
12:06:02.977 [FXGL Background Thread 1 ] INFO  FXGLApplication      - FXGL initialization took: 0.274 sec
12:06:02.985 [JavaFX Application Thread] DEBUG Input                - Registered new binding: inventaire - Tab
12:06:02.985 [JavaFX Application Thread] DEBUG Input                - Registered new binding: getPosition - P
12:06:02.985 [JavaFX Application Thread] DEBUG Input                - Registered new binding: zoom+ - Up
12:06:02.985 [JavaFX Application Thread] DEBUG Input                - Registered new binding: zoom- - Down
12:06:02.985 [JavaFX Application Thread] DEBUG Input                - Registered new binding: resetZoom - 0
12:06:02.986 [JavaFX Application Thread] DEBUG Input                - Registered new binding: Move right - D
12:06:02.986 [JavaFX Application Thread] DEBUG Input                - Registered new binding: Move left - A
12:06:02.986 [JavaFX Application Thread] DEBUG Input                - Registered new binding: Move Up - W
12:06:02.986 [JavaFX Application Thread] DEBUG Input                - Registered new binding: Move Down - S
12:06:02.986 [JavaFX Application Thread] DEBUG FXGLAssetLoaderServi - Loading from file system: jar:file:///C:/Users/User/.m2/repository/com/github/almasb/fxgl/17/fxgl-17.jar!/fxglassets/textures/fxgl_icon.png
12:06:02.990 [FXGL Background Thread 4 ] DEBUG FXGLAssetLoaderServi - Loading from file system: jar:file:///C:/Users/User/.m2/repository/com/github/almasb/fxgl/17/fxgl-17.jar!/fxglassets/ui/fonts/Abel-Regular.ttf
12:06:02.997 [JavaFX Application Thread] DEBUG FXGLAssetLoaderServi - Loading from file system: jar:file:///C:/Users/User/.m2/repository/com/github/almasb/fxgl/17/fxgl-17.jar!/fxglassets/textures/fxgl_default_cursor.png
12:06:02.999 [JavaFX Application Thread] DEBUG Input                - Registered new binding: Screenshot - CTRL+8
12:06:02.999 [JavaFX Application Thread] DEBUG Input                - Registered new binding: Dev Options - 1
12:06:03.000 [JavaFX Application Thread] DEBUG Input                - Registered new binding: Dev Console - 2
12:06:03.000 [JavaFX Application Thread] DEBUG Input                - Registered new binding: System info dump - CTRL+9
12:06:03.000 [JavaFX Application Thread] DEBUG Input                - Registered new binding: Restart - CTRL+R
12:06:03.001 [JavaFX Application Thread] DEBUG Input                - Registered new binding: Toggle Debug Camera - CTRL+7
12:06:03.001 [FXGL Background Thread 4 ] DEBUG FXGLAssetLoaderServi - Loading from file system: jar:file:///C:/Users/User/.m2/repository/com/github/almasb/fxgl/17/fxgl-17.jar!/fxglassets/ui/fonts/TerminalLandMono-Regular.otf
12:06:03.004 [JavaFX Application Thread] DEBUG LoopRunner           - Starting loop
12:06:03.013 [FXGL Background Thread 4 ] DEBUG FXGLAssetLoaderServi - Loading from file system: jar:file:///C:/Users/User/.m2/repository/com/github/almasb/fxgl/17/fxgl-17.jar!/fxglassets/ui/fonts/Courier-Prime.ttf
12:06:03.015 [JavaFX Application Thread] DEBUG LoopRunner           - Initializing JavaFX AnimationTimerLoop
12:06:03.018 [JavaFX Application Thread] DEBUG Input                - Clearing active input actions
12:06:03.025 [JavaFX Application Thread] DEBUG GameApplicationServi - Removing overlay from FXGLStartupScene and adding to FXGLMainMenuDummyScene
12:06:03.032 [JavaFX Application Thread] DEBUG PrimaryStageWindow   - FXGLStartupScene -> FXGLMainMenuDummyScene
12:06:03.032 [JavaFX Application Thread] DEBUG PrimaryStageWindow   - Push state: FXGLDefaultMenu
12:06:03.035 [JavaFX Application Thread] DEBUG Input                - Clearing active input actions
12:06:03.042 [JavaFX Application Thread] DEBUG GameApplicationServi - Removing overlay from FXGLMainMenuDummyScene and adding to FXGLDefaultMenu
12:06:03.042 [JavaFX Application Thread] DEBUG PrimaryStageWindow   - FXGLMainMenuDummyScene -> FXGLDefaultMenu
12:06:03.176 [JavaFX Application Thread] DEBUG FXGLApplication      - Registering font factories with UI factory
12:06:03.289 [FXGL Background Thread 2 ] INFO  UpdaterService       - Your current version:  17
12:06:03.289 [FXGL Background Thread 2 ] INFO  UpdaterService       - Latest stable version: 21.1
12:06:04.302 [JavaFX Application Thread] DEBUG Menu                 - fireNewGame()
12:06:04.302 [JavaFX Application Thread] DEBUG GameApplicationServi - Starting new game
12:06:04.303 [JavaFX Application Thread] DEBUG PrimaryStageWindow   - Pop state: FXGLDefaultMenu
12:06:04.303 [JavaFX Application Thread] DEBUG Input                - Clearing active input actions
12:06:04.304 [JavaFX Application Thread] DEBUG GameApplicationServi - Removing overlay from FXGLDefaultMenu and adding to FXGLMainMenuDummyScene
12:06:04.305 [JavaFX Application Thread] DEBUG PrimaryStageWindow   - FXGLMainMenuDummyScene <- FXGLDefaultMenu
12:06:04.306 [JavaFX Application Thread] DEBUG Input                - Clearing active input actions
12:06:04.313 [JavaFX Application Thread] DEBUG GameApplicationServi - Removing overlay from FXGLMainMenuDummyScene and adding to FXGLLoadingScene
12:06:04.314 [JavaFX Application Thread] DEBUG PrimaryStageWindow   - FXGLMainMenuDummyScene -> FXGLLoadingScene
12:06:04.314 [JavaFX Application Thread] DEBUG GameApplicationServi - Clearing previous game
12:06:04.314 [JavaFX Application Thread] DEBUG GameScene            - Clearing game scene
12:06:04.315 [JavaFX Application Thread] DEBUG GameWorld            - Clearing game world
12:06:04.315 [JavaFX Application Thread] DEBUG PhysicsWorld         - Clearing physics world
12:06:04.316 [FXGL Background Thread 2 ] DEBUG FXGLApplication      - Initializing game
12:06:04.351 [FXGL Background Thread 2 ] WARN  TMXLevelLoader       - TiledMap generated from 1.10.2. Supported version: 1.2.3. Some features may not be parsed fully.
12:06:04.365 [FXGL Background Thread 2 ] DEBUG TMXLevelLoader       - Parsed TiledMap: file:/C:/Users/User/zeldaPuzzle/target/classes/assets/levels/MapDeMerde2.tmx
12:06:04.366 [FXGL Background Thread 2 ] DEBUG TMXLevelLoader       - Creating tile layer entities
12:06:04.368 [FXGL Background Thread 2 ] DEBUG TilesetLoader        - Loading view for layer Calque de Tuiles 1
12:06:04.398 [FXGL Background Thread 2 ] DEBUG TilesetLoader        - Created buffer with size 4800.0x4800.0
12:06:04.423 [FXGL Background Thread 2 ] DEBUG TMXLevelLoader       - Creating object layer entities
12:06:04.424 [FXGL Background Thread 2 ] DEBUG GameWorld            - Clearing removable entities
12:06:04.424 [FXGL Background Thread 2 ] DEBUG GameWorld            - Setting level: com.almasb.fxgl.entity.level.Level@79ab0002
12:06:04.443 [FXGL Background Thread 2 ] WARN  GameWorld            - Entity is already attached to world
12:06:04.449 [FXGL Background Thread 2 ] WARN  GameWorld            - Entity is already attached to world
12:06:04.452 [FXGL Background Thread 2 ] WARN  GameWorld            - Entity is already attached to world
12:06:04.456 [FXGL Background Thread 2 ] INFO  FXGLApplication      - Game initialization took: 0.140 sec
12:06:04.457 [JavaFX Application Thread] DEBUG Input                - Clearing active input actions
12:06:04.460 [JavaFX Application Thread] DEBUG GameApplicationServi - Removing overlay from FXGLLoadingScene and adding to GameScene
12:06:04.462 [JavaFX Application Thread] DEBUG PrimaryStageWindow   - FXGLLoadingScene -> GameScene
12:06:05.961 [FXGL Background Thread 3 ] DEBUG Engine               - Logging environment variables
12:06:05.961 [FXGL Background Thread 3 ] DEBUG Engine               - achievements: []
12:06:05.961 [FXGL Background Thread 3 ] DEBUG Engine               - actualHeight: 800.0
12:06:05.961 [FXGL Background Thread 3 ] DEBUG Engine               - actualHeightProperty: ReadOnlyDoubleProperty [value: 800.0]
12:06:05.961 [FXGL Background Thread 3 ] DEBUG Engine               - actualWidth: 800.0
12:06:05.961 [FXGL Background Thread 3 ] DEBUG Engine               - actualWidthProperty: ReadOnlyDoubleProperty [value: 800.0]
12:06:05.962 [FXGL Background Thread 3 ] DEBUG Engine               - appIcon: fxgl_icon.png
12:06:05.962 [FXGL Background Thread 3 ] DEBUG Engine               - applicationMode: DEVELOPER
12:06:05.962 [FXGL Background Thread 3 ] DEBUG Engine               - cSSList: [fxgl_dark.css]
12:06:05.962 [FXGL Background Thread 3 ] DEBUG Engine               - collisionDetectionStrategy: BRUTE_FORCE
12:06:05.962 [FXGL Background Thread 3 ] DEBUG Engine               - configClass: Optional.empty
12:06:05.962 [FXGL Background Thread 3 ] DEBUG Engine               - credits: []
12:06:05.962 [FXGL Background Thread 3 ] DEBUG Engine               - defaultCursor: CursorInfo(imageName=fxgl_default_cursor.png, hotspotX=7.0, hotspotY=6.0)
12:06:05.962 [FXGL Background Thread 3 ] DEBUG Engine               - devBBoxColorProperty: ObjectProperty [value: 0xff0000ff]
12:06:05.962 [FXGL Background Thread 3 ] DEBUG Engine               - devEnableDebugCameraProperty: BooleanProperty [value: false]
12:06:05.962 [FXGL Background Thread 3 ] DEBUG Engine               - devSensorColorProperty: ObjectProperty [value: 0xffff00ff]
12:06:05.962 [FXGL Background Thread 3 ] DEBUG Engine               - devShowBBoxProperty: BooleanProperty [value: false]
12:06:05.962 [FXGL Background Thread 3 ] DEBUG Engine               - devShowPositionProperty: BooleanProperty [value: false]
12:06:05.962 [FXGL Background Thread 3 ] DEBUG Engine               - enabledMenuItems: []
12:06:05.962 [FXGL Background Thread 3 ] DEBUG Engine               - engineServices: [class com.almasb.fxgl.app.services.FXGLAssetLoaderService, class com.almasb.fxgl.app.FXGLApplication$GameApplicationService, class com.almasb.fxgl.app.services.FXGLDialogService, class com.almasb.fxgl.app.services.IOTaskExecutorService, class com.almasb.fxgl.io.FileSystemService, class com.almasb.fxgl.localization.LocalizationService, class com.almasb.fxgl.app.services.SystemBundleService, class com.almasb.fxgl.profile.SaveLoadService, class com.almasb.fxgl.ui.FXGLUIFactoryServiceProvider, class com.almasb.fxgl.ui.FXGLDialogFactoryServiceProvider, class com.almasb.fxgl.audio.AudioPlayer, class com.almasb.fxgl.notification.impl.NotificationServiceProvider, class com.almasb.fxgl.achievement.AchievementService, class com.almasb.fxgl.cutscene.CutsceneService, class com.almasb.fxgl.minigames.MiniGameService, class com.almasb.fxgl.net.NetService, class com.almasb.fxgl.app.services.UpdaterService, class com.almasb.fxgl.dev.DevService]
12:06:05.962 [FXGL Background Thread 3 ] DEBUG Engine               - fontGame: Abel-Regular.ttf
12:06:05.962 [FXGL Background Thread 3 ] DEBUG Engine               - fontMono: TerminalLandMono-Regular.otf
12:06:05.962 [FXGL Background Thread 3 ] DEBUG Engine               - fontText: Courier-Prime.ttf
12:06:05.962 [FXGL Background Thread 3 ] DEBUG Engine               - fontUI: VarelaRound-Regular.ttf
12:06:05.962 [FXGL Background Thread 3 ] DEBUG Engine               - fullScreen: BooleanProperty [value: false]
12:06:05.962 [FXGL Background Thread 3 ] DEBUG Engine               - gameDifficulty: MEDIUM
12:06:05.963 [FXGL Background Thread 3 ] DEBUG Engine               - gameDifficultyProperty: ObjectProperty [value: MEDIUM]
12:06:05.963 [FXGL Background Thread 3 ] DEBUG Engine               - globalMusicVolume: 0.5
12:06:05.963 [FXGL Background Thread 3 ] DEBUG Engine               - globalMusicVolumeProperty: DoubleProperty [value: 0.5]
12:06:05.963 [FXGL Background Thread 3 ] DEBUG Engine               - globalSoundVolume: 0.5
12:06:05.963 [FXGL Background Thread 3 ] DEBUG Engine               - globalSoundVolumeProperty: DoubleProperty [value: 0.5]
12:06:05.963 [FXGL Background Thread 3 ] DEBUG Engine               - height: 800
12:06:05.963 [FXGL Background Thread 3 ] DEBUG Engine               - is3D: false
12:06:05.963 [FXGL Background Thread 3 ] DEBUG Engine               - isAndroid: false
12:06:05.963 [FXGL Background Thread 3 ] DEBUG Engine               - isBrowser: false
12:06:05.964 [FXGL Background Thread 3 ] DEBUG Engine               - isClickFeedbackEnabled: false
12:06:05.964 [FXGL Background Thread 3 ] DEBUG Engine               - isCloseConfirmation: false
12:06:05.964 [FXGL Background Thread 3 ] DEBUG Engine               - isDesktop: true
12:06:05.964 [FXGL Background Thread 3 ] DEBUG Engine               - isDeveloperMenuEnabled: true
12:06:05.964 [FXGL Background Thread 3 ] DEBUG Engine               - isEmbedded: false
12:06:05.964 [FXGL Background Thread 3 ] DEBUG Engine               - isEntityPreloadEnabled: true
12:06:05.964 [FXGL Background Thread 3 ] DEBUG Engine               - isExperimentalTiledLargeMap: false
12:06:05.964 [FXGL Background Thread 3 ] DEBUG Engine               - isFileSystemWriteAllowed: true
12:06:05.964 [FXGL Background Thread 3 ] DEBUG Engine               - isFullScreenAllowed: true
12:06:05.964 [FXGL Background Thread 3 ] DEBUG Engine               - isFullScreenFromStart: false
12:06:05.964 [FXGL Background Thread 3 ] DEBUG Engine               - isGameMenuEnabled: true
12:06:05.964 [FXGL Background Thread 3 ] DEBUG Engine               - isIOS: false
12:06:05.964 [FXGL Background Thread 3 ] DEBUG Engine               - isIntroEnabled: false
12:06:05.964 [FXGL Background Thread 3 ] DEBUG Engine               - isLinux: false
12:06:05.964 [FXGL Background Thread 3 ] DEBUG Engine               - isMac: false
12:06:05.964 [FXGL Background Thread 3 ] DEBUG Engine               - isMainMenuEnabled: true
12:06:05.964 [FXGL Background Thread 3 ] DEBUG Engine               - isManualResizeEnabled: false
12:06:05.964 [FXGL Background Thread 3 ] DEBUG Engine               - isMobile: false
12:06:05.964 [FXGL Background Thread 3 ] DEBUG Engine               - isNative: false
12:06:05.964 [FXGL Background Thread 3 ] DEBUG Engine               - isPauseMusicWhenMinimized: true
12:06:05.965 [FXGL Background Thread 3 ] DEBUG Engine               - isPreserveResizeRatio: false
12:06:05.965 [FXGL Background Thread 3 ] DEBUG Engine               - isProfilingEnabled: false
12:06:05.965 [FXGL Background Thread 3 ] DEBUG Engine               - isScaleAffectedOnResize: true
12:06:05.965 [FXGL Background Thread 3 ] DEBUG Engine               - isSingleStep: false
12:06:05.965 [FXGL Background Thread 3 ] DEBUG Engine               - isUserProfileEnabled: false
12:06:05.965 [FXGL Background Thread 3 ] DEBUG Engine               - isWindows: true
12:06:05.965 [FXGL Background Thread 3 ] DEBUG Engine               - language: ObjectProperty [value: ENGLISH]
12:06:05.965 [FXGL Background Thread 3 ] DEBUG Engine               - menuKey: ESCAPE
12:06:05.965 [FXGL Background Thread 3 ] DEBUG Engine               - mouseSensitivity: 0.2
12:06:05.965 [FXGL Background Thread 3 ] DEBUG Engine               - notificationViewClass: class com.almasb.fxgl.notification.view.XboxNotificationView
12:06:05.965 [FXGL Background Thread 3 ] DEBUG Engine               - pixelsPerMeter: 50.0
12:06:05.965 [FXGL Background Thread 3 ] DEBUG Engine               - platform: WINDOWS
12:06:05.965 [FXGL Background Thread 3 ] DEBUG Engine               - prefHeightProperty: ReadOnlyDoubleProperty [value: 800.0]
12:06:05.965 [FXGL Background Thread 3 ] DEBUG Engine               - prefWidthProperty: ReadOnlyDoubleProperty [value: 800.0]
12:06:05.965 [FXGL Background Thread 3 ] DEBUG Engine               - profileDir: profiles/
12:06:05.965 [FXGL Background Thread 3 ] DEBUG Engine               - profileName: StringProperty [value: DEFAULT]
12:06:05.965 [FXGL Background Thread 3 ] DEBUG Engine               - randomSeed: -1
12:06:05.966 [FXGL Background Thread 3 ] DEBUG Engine               - runtimeInfo: RuntimeInfo(platform=WINDOWS, version=17, build=31.12.2021 18.16)
12:06:05.966 [FXGL Background Thread 3 ] DEBUG Engine               - saveFileExt: sav
12:06:05.966 [FXGL Background Thread 3 ] DEBUG Engine               - scaledHeightProp$fxgl: DoubleProperty [bound, value: 800.0]
12:06:05.966 [FXGL Background Thread 3 ] DEBUG Engine               - scaledWidthProp$fxgl: DoubleProperty [bound, value: 800.0]
12:06:05.966 [FXGL Background Thread 3 ] DEBUG Engine               - sceneFactory: com.almasb.fxgl.app.scene.SceneFactory@14e82e42
12:06:05.966 [FXGL Background Thread 3 ] DEBUG Engine               - secondsIn24h: 60
12:06:05.966 [FXGL Background Thread 3 ] DEBUG Engine               - soundMenuBack: menu/back.wav
12:06:05.966 [FXGL Background Thread 3 ] DEBUG Engine               - soundMenuPress: menu/press.wav
12:06:05.966 [FXGL Background Thread 3 ] DEBUG Engine               - soundMenuSelect: menu/select.wav
12:06:05.966 [FXGL Background Thread 3 ] DEBUG Engine               - soundNotification: core/notification.wav
12:06:05.966 [FXGL Background Thread 3 ] DEBUG Engine               - stageStyle: DECORATED
12:06:05.966 [FXGL Background Thread 3 ] DEBUG Engine               - supportedLanguages: [ENGLISH, FRENCH, GERMAN, HUNGARIAN, RUSSIAN]
12:06:05.966 [FXGL Background Thread 3 ] DEBUG Engine               - ticksPerSecond: -1
12:06:05.966 [FXGL Background Thread 3 ] DEBUG Engine               - title: Zelda 2D Game par ماستن
12:06:05.966 [FXGL Background Thread 3 ] DEBUG Engine               - urlGithub: https://github.com/AlmasB/FXGL
12:06:05.966 [FXGL Background Thread 3 ] DEBUG Engine               - urlLeaderboard: http://fxgl-top.herokuapp.com/
12:06:05.966 [FXGL Background Thread 3 ] DEBUG Engine               - urlPOM: https://raw.githubusercontent.com/AlmasB/FXGL/release/README.md
12:06:05.966 [FXGL Background Thread 3 ] DEBUG Engine               - userAppClass: class com.example.zeldapuzzle.MainGameApp
12:06:05.966 [FXGL Background Thread 3 ] DEBUG Engine               - version: 1
12:06:05.966 [FXGL Background Thread 3 ] DEBUG Engine               - versionCheckDays: 7
12:06:05.966 [FXGL Background Thread 3 ] DEBUG Engine               - width: 800
12:06:05.966 [FXGL Background Thread 3 ] DEBUG Engine               - Logging services
12:06:05.966 [FXGL Background Thread 3 ] DEBUG Engine               - class com.almasb.fxgl.app.services.FXGLAssetLoaderService
12:06:05.966 [FXGL Background Thread 3 ] DEBUG Engine               - class com.almasb.fxgl.app.FXGLApplication$GameApplicationService
12:06:05.966 [FXGL Background Thread 3 ] DEBUG Engine               - class com.almasb.fxgl.app.services.FXGLDialogService
12:06:05.966 [FXGL Background Thread 3 ] DEBUG Engine               - class com.almasb.fxgl.app.services.IOTaskExecutorService
12:06:05.966 [FXGL Background Thread 3 ] DEBUG Engine               - class com.almasb.fxgl.io.FileSystemService
12:06:05.966 [FXGL Background Thread 3 ] DEBUG Engine               - class com.almasb.fxgl.localization.LocalizationService
12:06:05.966 [FXGL Background Thread 3 ] DEBUG Engine               - class com.almasb.fxgl.app.services.SystemBundleService
12:06:05.966 [FXGL Background Thread 3 ] DEBUG Engine               - class com.almasb.fxgl.profile.SaveLoadService
12:06:05.966 [FXGL Background Thread 3 ] DEBUG Engine               - class com.almasb.fxgl.ui.FXGLUIFactoryServiceProvider
12:06:05.966 [FXGL Background Thread 3 ] DEBUG Engine               - class com.almasb.fxgl.ui.FXGLDialogFactoryServiceProvider
12:06:05.966 [FXGL Background Thread 3 ] DEBUG Engine               - class com.almasb.fxgl.audio.AudioPlayer
12:06:05.966 [FXGL Background Thread 3 ] DEBUG Engine               - class com.almasb.fxgl.notification.impl.NotificationServiceProvider
12:06:05.967 [FXGL Background Thread 3 ] DEBUG Engine               - class com.almasb.fxgl.achievement.AchievementService
12:06:05.967 [FXGL Background Thread 3 ] DEBUG Engine               - class com.almasb.fxgl.cutscene.CutsceneService
12:06:05.967 [FXGL Background Thread 3 ] DEBUG Engine               - class com.almasb.fxgl.minigames.MiniGameService
12:06:05.967 [FXGL Background Thread 3 ] DEBUG Engine               - class com.almasb.fxgl.net.NetService
12:06:05.967 [FXGL Background Thread 3 ] DEBUG Engine               - class com.almasb.fxgl.app.services.UpdaterService
12:06:05.967 [FXGL Background Thread 3 ] DEBUG Engine               - class com.almasb.fxgl.dev.DevService
12:06:26.230 [JavaFX Application Thread] DEBUG FXGLApplication      - Exiting FXGL
12:06:26.231 [JavaFX Application Thread] DEBUG LoopRunner           - Stopping loop
12:06:26.231 [JavaFX Application Thread] DEBUG SystemBundleService  - Saving FXGL system data
12:06:26.232 [JavaFX Application Thread] DEBUG FileSystemAccess     - Writing to: C:\Users\User\zeldaPuzzle\system\fxgl.bundle
12:06:26.233 [JavaFX Application Thread] DEBUG Async                - Shutting down background threads
12:06:26.233 [JavaFX Application Thread] DEBUG PrimaryStageWindow   - Closing main window
12:06:26.241 [JavaFX Application Thread] DEBUG Logger               - Closing Logger
