15:58:52.570 [main                     ] DEBUG Logger               - Configured Logger
15:58:52.580 [main                     ] DEBUG GameApplication      - Logging settings
Title: Zelda 2D Game
Version: 1
Width: 800
Height: 800
Fullscreen: true
Intro: false
Profiling: false
Single step:false
App Mode: DEVELOPER
Menu Key: ESCAPE
Stage Style: DECORATED
Scene Factory: class com.almasb.fxgl.app.scene.SceneFactory

15:58:52.662 [JavaFX Application Thread] DEBUG FXGLApplication      - Initializing FXGL
15:58:52.665 [JavaFX Application Thread] INFO  Engine               - FXGL-17 (31.12.2021 18.16) on WINDOWS (J:21.0.2 FX:19)
15:58:52.665 [JavaFX Application Thread] DEBUG Engine               - JRE Vendor Name: Oracle Corporation
15:58:52.665 [JavaFX Application Thread] DEBUG Engine               - Running on OS: Windows 11 version 10.0
15:58:52.665 [JavaFX Application Thread] DEBUG Engine               - Architecture: amd64
15:58:52.665 [JavaFX Application Thread] INFO  Engine               - Source code and latest versions at: https://github.com/AlmasB/FXGL
15:58:52.665 [JavaFX Application Thread] INFO  Engine               -       Ask questions and discuss at: https://github.com/AlmasB/FXGL/discussions
15:58:52.665 [JavaFX Application Thread] INFO  Engine               -              Join the FXGL chat at: https://gitter.im/AlmasB/FXGL
15:58:52.707 [JavaFX Application Thread] DEBUG PrimaryStageWindow   - Creating a JavaFX scene
15:58:52.759 [JavaFX Application Thread] DEBUG PrimaryStageWindow   - Target settings size: 800.0 x 800.0
15:58:52.760 [JavaFX Application Thread] DEBUG PrimaryStageWindow   - Scaled scene size:    800.0 x 800.0
15:58:52.760 [JavaFX Application Thread] DEBUG PrimaryStageWindow   - Scaled ratio: (1.0, 1.0)
15:58:52.761 [JavaFX Application Thread] DEBUG PrimaryStageWindow   - Set initial scene to FXGLStartupScene
15:58:52.763 [JavaFX Application Thread] DEBUG PrimaryStageWindow   - Opening main window
15:58:52.836 [JavaFX Application Thread] DEBUG PrimaryStageWindow   - Window border size: (16.0, 39.0)
15:58:52.836 [JavaFX Application Thread] DEBUG PrimaryStageWindow   - Scaled size: 800.0 x 800.0
15:58:52.836 [JavaFX Application Thread] DEBUG PrimaryStageWindow   - Scaled ratio: (1.0, 1.0)
15:58:52.836 [JavaFX Application Thread] DEBUG PrimaryStageWindow   - Scene size: 800.0 x 800.0
15:58:52.837 [JavaFX Application Thread] DEBUG PrimaryStageWindow   - Stage size: 816.0 x 839.0
15:58:52.846 [FXGL Background Thread 1 ] DEBUG Engine               - Initializing environment variables
15:58:52.880 [FXGL Background Thread 1 ] DEBUG FXGLAssetLoaderServi - User app class for loading assets: class com.example.zeldapuzzle.MainGameApp
15:58:52.880 [FXGL Background Thread 1 ] DEBUG GameApplicationServi - Applying CSS: fxgl_dark.css
15:58:52.881 [FXGL Background Thread 1 ] DEBUG FXGLAssetLoaderServi - Loading from file system: jar:file:///C:/Users/User/.m2/repository/com/github/almasb/fxgl/17/fxgl-17.jar!/fxglassets/ui/css/fxgl_dark.css
15:58:52.910 [FXGL Background Thread 1 ] DEBUG GameApplicationServi - Initializing application scenes
15:58:52.939 [FXGL Background Thread 1 ] DEBUG GameWorld            - Game world initialized
15:58:52.973 [FXGL Background Thread 1 ] DEBUG PhysicsWorld         - Physics world initialized: appHeight=800, physics.ppm=50.0
15:58:52.974 [FXGL Background Thread 1 ] DEBUG PhysicsWorld         - Using strategy: BRUTE_FORCE
15:58:52.976 [FXGL Background Thread 1 ] DEBUG GameScene            - Game scene initialized: 800x800
15:58:52.982 [FXGL Background Thread 1 ] DEBUG FXGL.DefaultMenu     - createMenuBodyMainMenu()
15:58:52.989 [FXGL Background Thread 1 ] DEBUG FXGL.DefaultMenu     - createOptionsMenu()
15:58:52.993 [FXGL Background Thread 1 ] DEBUG FXGLAssetLoaderServi - Loading from file system: jar:file:///C:/Users/User/.m2/repository/com/github/almasb/fxgl/17/fxgl-17.jar!/fxglassets/textures/particles/smoke.png
15:58:53.036 [FXGL Background Thread 1 ] DEBUG FXGLAssetLoaderServi - Loading from file system: jar:file:///C:/Users/User/.m2/repository/com/github/almasb/fxgl/17/fxgl-17.jar!/fxglassets/textures/particles/trace_horizontal.png
15:58:53.046 [FXGL Background Thread 1 ] DEBUG FXGL.DefaultMenu     - createMenuBodyGameMenu()
15:58:53.047 [FXGL Background Thread 1 ] DEBUG FXGL.DefaultMenu     - createOptionsMenu()
15:58:53.055 [FXGL Background Thread 1 ] DEBUG GameApplicationServi - Application scenes initialized
15:58:53.064 [FXGL Background Thread 1 ] DEBUG SystemBundleService  - Loading FXGL system data
15:58:53.068 [FXGL Background Thread 1 ] DEBUG FileSystemAccess     - Reading from: C:\Users\User\zeldaPuzzle\system\fxgl.bundle
15:58:53.075 [FXGL Background Thread 1 ] DEBUG SystemBundleService  - Bundle FXGL: {}
15:58:53.075 [FXGL Background Thread 1 ] DEBUG UpdaterService       - Checking for updates
15:58:53.098 [FXGL Background Thread 4 ] DEBUG FXGLApplication      - Loading fonts
15:58:53.098 [FXGL Background Thread 1 ] DEBUG FXGLApplication      - Loading default localization
15:58:53.098 [FXGL Background Thread 4 ] DEBUG FXGLAssetLoaderServi - Loading from file system: jar:file:///C:/Users/User/.m2/repository/com/github/almasb/fxgl/17/fxgl-17.jar!/fxglassets/ui/fonts/VarelaRound-Regular.ttf
15:58:53.099 [FXGL Background Thread 1 ] DEBUG FXGLAssetLoaderServi - Loading from file system: jar:file:///C:/Users/User/.m2/repository/com/github/almasb/fxgl/17/fxgl-17.jar!/fxglassets/languages/english.lang
15:58:53.116 [FXGL Background Thread 1 ] INFO  FXGLApplication      - FXGL initialization took: 0.270 sec
15:58:53.123 [JavaFX Application Thread] DEBUG Input                - Registered new binding: inventaire - Tab
15:58:53.123 [JavaFX Application Thread] DEBUG Input                - Registered new binding: getPosition - P
15:58:53.123 [JavaFX Application Thread] DEBUG Input                - Registered new binding: zoom+ - Up
15:58:53.123 [JavaFX Application Thread] DEBUG Input                - Registered new binding: zoom- - Down
15:58:53.124 [JavaFX Application Thread] DEBUG Input                - Registered new binding: resetZoom - 0
15:58:53.124 [JavaFX Application Thread] DEBUG Input                - Registered new binding: Move right - D
15:58:53.124 [JavaFX Application Thread] DEBUG Input                - Registered new binding: Move left - A
15:58:53.124 [JavaFX Application Thread] DEBUG Input                - Registered new binding: Move Up - W
15:58:53.124 [JavaFX Application Thread] DEBUG Input                - Registered new binding: Move Down - S
15:58:53.125 [JavaFX Application Thread] DEBUG FXGLAssetLoaderServi - Loading from file system: jar:file:///C:/Users/User/.m2/repository/com/github/almasb/fxgl/17/fxgl-17.jar!/fxglassets/textures/fxgl_icon.png
15:58:53.127 [FXGL Background Thread 4 ] DEBUG FXGLAssetLoaderServi - Loading from file system: jar:file:///C:/Users/User/.m2/repository/com/github/almasb/fxgl/17/fxgl-17.jar!/fxglassets/ui/fonts/Abel-Regular.ttf
15:58:53.131 [JavaFX Application Thread] DEBUG FXGLAssetLoaderServi - Loading from file system: jar:file:///C:/Users/User/.m2/repository/com/github/almasb/fxgl/17/fxgl-17.jar!/fxglassets/textures/fxgl_default_cursor.png
15:58:53.136 [JavaFX Application Thread] DEBUG Input                - Registered new binding: Screenshot - CTRL+8
15:58:53.136 [JavaFX Application Thread] DEBUG Input                - Registered new binding: Dev Options - 1
15:58:53.137 [JavaFX Application Thread] DEBUG Input                - Registered new binding: Dev Console - 2
15:58:53.137 [JavaFX Application Thread] DEBUG Input                - Registered new binding: System info dump - CTRL+9
15:58:53.137 [JavaFX Application Thread] DEBUG Input                - Registered new binding: Restart - CTRL+R
15:58:53.138 [JavaFX Application Thread] DEBUG Input                - Registered new binding: Toggle Debug Camera - CTRL+7
15:58:53.141 [FXGL Background Thread 4 ] DEBUG FXGLAssetLoaderServi - Loading from file system: jar:file:///C:/Users/User/.m2/repository/com/github/almasb/fxgl/17/fxgl-17.jar!/fxglassets/ui/fonts/TerminalLandMono-Regular.otf
15:58:53.142 [JavaFX Application Thread] DEBUG LoopRunner           - Starting loop
15:58:53.157 [FXGL Background Thread 4 ] DEBUG FXGLAssetLoaderServi - Loading from file system: jar:file:///C:/Users/User/.m2/repository/com/github/almasb/fxgl/17/fxgl-17.jar!/fxglassets/ui/fonts/Courier-Prime.ttf
15:58:53.160 [JavaFX Application Thread] DEBUG LoopRunner           - Initializing JavaFX AnimationTimerLoop
15:58:53.163 [JavaFX Application Thread] DEBUG Input                - Clearing active input actions
15:58:53.170 [JavaFX Application Thread] DEBUG GameApplicationServi - Removing overlay from FXGLStartupScene and adding to FXGLMainMenuDummyScene
15:58:53.175 [JavaFX Application Thread] DEBUG PrimaryStageWindow   - FXGLStartupScene -> FXGLMainMenuDummyScene
15:58:53.175 [JavaFX Application Thread] DEBUG PrimaryStageWindow   - Push state: FXGLDefaultMenu
15:58:53.193 [JavaFX Application Thread] DEBUG Input                - Clearing active input actions
15:58:53.201 [JavaFX Application Thread] DEBUG GameApplicationServi - Removing overlay from FXGLMainMenuDummyScene and adding to FXGLDefaultMenu
15:58:53.201 [JavaFX Application Thread] DEBUG PrimaryStageWindow   - FXGLMainMenuDummyScene -> FXGLDefaultMenu
15:58:53.324 [JavaFX Application Thread] DEBUG FXGLApplication      - Registering font factories with UI factory
15:58:53.467 [FXGL Background Thread 2 ] INFO  UpdaterService       - Your current version:  17
15:58:53.467 [FXGL Background Thread 2 ] INFO  UpdaterService       - Latest stable version: 21.1
15:58:53.814 [JavaFX Application Thread] DEBUG Menu                 - fireNewGame()
15:58:53.814 [JavaFX Application Thread] DEBUG GameApplicationServi - Starting new game
15:58:53.816 [JavaFX Application Thread] DEBUG PrimaryStageWindow   - Pop state: FXGLDefaultMenu
15:58:53.816 [JavaFX Application Thread] DEBUG Input                - Clearing active input actions
15:58:53.817 [JavaFX Application Thread] DEBUG GameApplicationServi - Removing overlay from FXGLDefaultMenu and adding to FXGLMainMenuDummyScene
15:58:53.819 [JavaFX Application Thread] DEBUG PrimaryStageWindow   - FXGLMainMenuDummyScene <- FXGLDefaultMenu
15:58:53.819 [JavaFX Application Thread] DEBUG Input                - Clearing active input actions
15:58:53.826 [JavaFX Application Thread] DEBUG GameApplicationServi - Removing overlay from FXGLMainMenuDummyScene and adding to FXGLLoadingScene
15:58:53.826 [JavaFX Application Thread] DEBUG PrimaryStageWindow   - FXGLMainMenuDummyScene -> FXGLLoadingScene
15:58:53.827 [JavaFX Application Thread] DEBUG GameApplicationServi - Clearing previous game
15:58:53.827 [JavaFX Application Thread] DEBUG GameScene            - Clearing game scene
15:58:53.827 [JavaFX Application Thread] DEBUG GameWorld            - Clearing game world
15:58:53.827 [JavaFX Application Thread] DEBUG PhysicsWorld         - Clearing physics world
15:58:53.829 [FXGL Background Thread 2 ] DEBUG FXGLApplication      - Initializing game
15:58:53.892 [FXGL Background Thread 2 ] WARN  TMXLevelLoader       - TiledMap generated from 1.10.2. Supported version: 1.2.3. Some features may not be parsed fully.
15:58:53.924 [FXGL Background Thread 2 ] DEBUG TMXLevelLoader       - Parsed TiledMap: file:/C:/Users/User/zeldaPuzzle/target/classes/assets/levels/MapDeMerde2.tmx
15:58:53.925 [FXGL Background Thread 2 ] DEBUG TMXLevelLoader       - Creating tile layer entities
15:58:53.926 [FXGL Background Thread 2 ] DEBUG TilesetLoader        - Loading view for layer background
15:58:53.957 [FXGL Background Thread 2 ] DEBUG TilesetLoader        - Created buffer with size 4800.0x4800.0
15:58:54.060 [FXGL Background Thread 2 ] DEBUG TilesetLoader        - Loading view for layer devant
15:58:54.093 [FXGL Background Thread 2 ] DEBUG TilesetLoader        - Created buffer with size 4800.0x4800.0
15:58:54.122 [FXGL Background Thread 2 ] DEBUG TilesetLoader        - Loading view for layer devant1
15:58:54.157 [FXGL Background Thread 2 ] DEBUG TilesetLoader        - Created buffer with size 4800.0x4800.0
15:58:54.165 [FXGL Background Thread 2 ] DEBUG TMXLevelLoader       - Creating object layer entities
15:58:54.196 [FXGL Background Thread 2 ] DEBUG GameWorld            - Clearing removable entities
15:58:54.196 [FXGL Background Thread 2 ] DEBUG GameWorld            - Setting level: com.almasb.fxgl.entity.level.Level@93517fc
15:58:54.211 [FXGL Background Thread 2 ] WARN  GameWorld            - Entity is already attached to world
15:58:54.212 [FXGL Background Thread 2 ] WARN  GameWorld            - Entity is already attached to world
15:58:54.225 [FXGL Background Thread 2 ] INFO  FXGLApplication      - Game initialization took: 0.397 sec
15:58:54.227 [JavaFX Application Thread] DEBUG Input                - Clearing active input actions
15:58:54.230 [JavaFX Application Thread] DEBUG GameApplicationServi - Removing overlay from FXGLLoadingScene and adding to GameScene
15:58:54.231 [JavaFX Application Thread] DEBUG PrimaryStageWindow   - FXGLLoadingScene -> GameScene
15:58:56.099 [FXGL Background Thread 3 ] DEBUG Engine               - Logging environment variables
15:58:56.099 [FXGL Background Thread 3 ] DEBUG Engine               - achievements: []
15:58:56.099 [FXGL Background Thread 3 ] DEBUG Engine               - actualHeight: 800.0
15:58:56.099 [FXGL Background Thread 3 ] DEBUG Engine               - actualHeightProperty: ReadOnlyDoubleProperty [value: 800.0]
15:58:56.099 [FXGL Background Thread 3 ] DEBUG Engine               - actualWidth: 800.0
15:58:56.099 [FXGL Background Thread 3 ] DEBUG Engine               - actualWidthProperty: ReadOnlyDoubleProperty [value: 800.0]
15:58:56.099 [FXGL Background Thread 3 ] DEBUG Engine               - appIcon: fxgl_icon.png
15:58:56.099 [FXGL Background Thread 3 ] DEBUG Engine               - applicationMode: DEVELOPER
15:58:56.099 [FXGL Background Thread 3 ] DEBUG Engine               - cSSList: [fxgl_dark.css]
15:58:56.099 [FXGL Background Thread 3 ] DEBUG Engine               - collisionDetectionStrategy: BRUTE_FORCE
15:58:56.099 [FXGL Background Thread 3 ] DEBUG Engine               - configClass: Optional.empty
15:58:56.099 [FXGL Background Thread 3 ] DEBUG Engine               - credits: []
15:58:56.100 [FXGL Background Thread 3 ] DEBUG Engine               - defaultCursor: CursorInfo(imageName=fxgl_default_cursor.png, hotspotX=7.0, hotspotY=6.0)
15:58:56.100 [FXGL Background Thread 3 ] DEBUG Engine               - devBBoxColorProperty: ObjectProperty [value: 0xff0000ff]
15:58:56.100 [FXGL Background Thread 3 ] DEBUG Engine               - devEnableDebugCameraProperty: BooleanProperty [value: false]
15:58:56.100 [FXGL Background Thread 3 ] DEBUG Engine               - devSensorColorProperty: ObjectProperty [value: 0xffff00ff]
15:58:56.100 [FXGL Background Thread 3 ] DEBUG Engine               - devShowBBoxProperty: BooleanProperty [value: false]
15:58:56.100 [FXGL Background Thread 3 ] DEBUG Engine               - devShowPositionProperty: BooleanProperty [value: false]
15:58:56.100 [FXGL Background Thread 3 ] DEBUG Engine               - enabledMenuItems: []
15:58:56.100 [FXGL Background Thread 3 ] DEBUG Engine               - engineServices: [class com.almasb.fxgl.app.services.FXGLAssetLoaderService, class com.almasb.fxgl.app.FXGLApplication$GameApplicationService, class com.almasb.fxgl.app.services.FXGLDialogService, class com.almasb.fxgl.app.services.IOTaskExecutorService, class com.almasb.fxgl.io.FileSystemService, class com.almasb.fxgl.localization.LocalizationService, class com.almasb.fxgl.app.services.SystemBundleService, class com.almasb.fxgl.profile.SaveLoadService, class com.almasb.fxgl.ui.FXGLUIFactoryServiceProvider, class com.almasb.fxgl.ui.FXGLDialogFactoryServiceProvider, class com.almasb.fxgl.audio.AudioPlayer, class com.almasb.fxgl.notification.impl.NotificationServiceProvider, class com.almasb.fxgl.achievement.AchievementService, class com.almasb.fxgl.cutscene.CutsceneService, class com.almasb.fxgl.minigames.MiniGameService, class com.almasb.fxgl.net.NetService, class com.almasb.fxgl.app.services.UpdaterService, class com.almasb.fxgl.dev.DevService]
15:58:56.100 [FXGL Background Thread 3 ] DEBUG Engine               - fontGame: Abel-Regular.ttf
15:58:56.101 [FXGL Background Thread 3 ] DEBUG Engine               - fontMono: TerminalLandMono-Regular.otf
15:58:56.101 [FXGL Background Thread 3 ] DEBUG Engine               - fontText: Courier-Prime.ttf
15:58:56.101 [FXGL Background Thread 3 ] DEBUG Engine               - fontUI: VarelaRound-Regular.ttf
15:58:56.101 [FXGL Background Thread 3 ] DEBUG Engine               - fullScreen: BooleanProperty [value: false]
15:58:56.101 [FXGL Background Thread 3 ] DEBUG Engine               - gameDifficulty: MEDIUM
15:58:56.101 [FXGL Background Thread 3 ] DEBUG Engine               - gameDifficultyProperty: ObjectProperty [value: MEDIUM]
15:58:56.101 [FXGL Background Thread 3 ] DEBUG Engine               - globalMusicVolume: 0.5
15:58:56.101 [FXGL Background Thread 3 ] DEBUG Engine               - globalMusicVolumeProperty: DoubleProperty [value: 0.5]
15:58:56.101 [FXGL Background Thread 3 ] DEBUG Engine               - globalSoundVolume: 0.5
15:58:56.101 [FXGL Background Thread 3 ] DEBUG Engine               - globalSoundVolumeProperty: DoubleProperty [value: 0.5]
15:58:56.101 [FXGL Background Thread 3 ] DEBUG Engine               - height: 800
15:58:56.101 [FXGL Background Thread 3 ] DEBUG Engine               - is3D: false
15:58:56.101 [FXGL Background Thread 3 ] DEBUG Engine               - isAndroid: false
15:58:56.101 [FXGL Background Thread 3 ] DEBUG Engine               - isBrowser: false
15:58:56.101 [FXGL Background Thread 3 ] DEBUG Engine               - isClickFeedbackEnabled: false
15:58:56.101 [FXGL Background Thread 3 ] DEBUG Engine               - isCloseConfirmation: false
15:58:56.101 [FXGL Background Thread 3 ] DEBUG Engine               - isDesktop: true
15:58:56.101 [FXGL Background Thread 3 ] DEBUG Engine               - isDeveloperMenuEnabled: true
15:58:56.101 [FXGL Background Thread 3 ] DEBUG Engine               - isEmbedded: false
15:58:56.102 [FXGL Background Thread 3 ] DEBUG Engine               - isEntityPreloadEnabled: true
15:58:56.102 [FXGL Background Thread 3 ] DEBUG Engine               - isExperimentalTiledLargeMap: false
15:58:56.102 [FXGL Background Thread 3 ] DEBUG Engine               - isFileSystemWriteAllowed: true
15:58:56.102 [FXGL Background Thread 3 ] DEBUG Engine               - isFullScreenAllowed: true
15:58:56.102 [FXGL Background Thread 3 ] DEBUG Engine               - isFullScreenFromStart: false
15:58:56.102 [FXGL Background Thread 3 ] DEBUG Engine               - isGameMenuEnabled: true
15:58:56.102 [FXGL Background Thread 3 ] DEBUG Engine               - isIOS: false
15:58:56.102 [FXGL Background Thread 3 ] DEBUG Engine               - isIntroEnabled: false
15:58:56.102 [FXGL Background Thread 3 ] DEBUG Engine               - isLinux: false
15:58:56.102 [FXGL Background Thread 3 ] DEBUG Engine               - isMac: false
15:58:56.102 [FXGL Background Thread 3 ] DEBUG Engine               - isMainMenuEnabled: true
15:58:56.102 [FXGL Background Thread 3 ] DEBUG Engine               - isManualResizeEnabled: false
15:58:56.102 [FXGL Background Thread 3 ] DEBUG Engine               - isMobile: false
15:58:56.102 [FXGL Background Thread 3 ] DEBUG Engine               - isNative: false
15:58:56.102 [FXGL Background Thread 3 ] DEBUG Engine               - isPauseMusicWhenMinimized: true
15:58:56.103 [FXGL Background Thread 3 ] DEBUG Engine               - isPreserveResizeRatio: false
15:58:56.103 [FXGL Background Thread 3 ] DEBUG Engine               - isProfilingEnabled: false
15:58:56.103 [FXGL Background Thread 3 ] DEBUG Engine               - isScaleAffectedOnResize: true
15:58:56.103 [FXGL Background Thread 3 ] DEBUG Engine               - isSingleStep: false
15:58:56.103 [FXGL Background Thread 3 ] DEBUG Engine               - isUserProfileEnabled: false
15:58:56.103 [FXGL Background Thread 3 ] DEBUG Engine               - isWindows: true
15:58:56.103 [FXGL Background Thread 3 ] DEBUG Engine               - language: ObjectProperty [value: ENGLISH]
15:58:56.103 [FXGL Background Thread 3 ] DEBUG Engine               - menuKey: ESCAPE
15:58:56.103 [FXGL Background Thread 3 ] DEBUG Engine               - mouseSensitivity: 0.2
15:58:56.103 [FXGL Background Thread 3 ] DEBUG Engine               - notificationViewClass: class com.almasb.fxgl.notification.view.XboxNotificationView
15:58:56.103 [FXGL Background Thread 3 ] DEBUG Engine               - pixelsPerMeter: 50.0
15:58:56.103 [FXGL Background Thread 3 ] DEBUG Engine               - platform: WINDOWS
15:58:56.103 [FXGL Background Thread 3 ] DEBUG Engine               - prefHeightProperty: ReadOnlyDoubleProperty [value: 800.0]
15:58:56.103 [FXGL Background Thread 3 ] DEBUG Engine               - prefWidthProperty: ReadOnlyDoubleProperty [value: 800.0]
15:58:56.103 [FXGL Background Thread 3 ] DEBUG Engine               - profileDir: profiles/
15:58:56.103 [FXGL Background Thread 3 ] DEBUG Engine               - profileName: StringProperty [value: DEFAULT]
15:58:56.103 [FXGL Background Thread 3 ] DEBUG Engine               - randomSeed: -1
15:58:56.104 [FXGL Background Thread 3 ] DEBUG Engine               - runtimeInfo: RuntimeInfo(platform=WINDOWS, version=17, build=31.12.2021 18.16)
15:58:56.104 [FXGL Background Thread 3 ] DEBUG Engine               - saveFileExt: sav
15:58:56.104 [FXGL Background Thread 3 ] DEBUG Engine               - scaledHeightProp$fxgl: DoubleProperty [bound, value: 800.0]
15:58:56.104 [FXGL Background Thread 3 ] DEBUG Engine               - scaledWidthProp$fxgl: DoubleProperty [bound, value: 800.0]
15:58:56.104 [FXGL Background Thread 3 ] DEBUG Engine               - sceneFactory: com.almasb.fxgl.app.scene.SceneFactory@143cc85e
15:58:56.104 [FXGL Background Thread 3 ] DEBUG Engine               - secondsIn24h: 60
15:58:56.104 [FXGL Background Thread 3 ] DEBUG Engine               - soundMenuBack: menu/back.wav
15:58:56.104 [FXGL Background Thread 3 ] DEBUG Engine               - soundMenuPress: menu/press.wav
15:58:56.104 [FXGL Background Thread 3 ] DEBUG Engine               - soundMenuSelect: menu/select.wav
15:58:56.105 [FXGL Background Thread 3 ] DEBUG Engine               - soundNotification: core/notification.wav
15:58:56.105 [FXGL Background Thread 3 ] DEBUG Engine               - stageStyle: DECORATED
15:58:56.105 [FXGL Background Thread 3 ] DEBUG Engine               - supportedLanguages: [ENGLISH, FRENCH, GERMAN, HUNGARIAN, RUSSIAN]
15:58:56.105 [FXGL Background Thread 3 ] DEBUG Engine               - ticksPerSecond: -1
15:58:56.105 [FXGL Background Thread 3 ] DEBUG Engine               - title: Zelda 2D Game
15:58:56.105 [FXGL Background Thread 3 ] DEBUG Engine               - urlGithub: https://github.com/AlmasB/FXGL
15:58:56.105 [FXGL Background Thread 3 ] DEBUG Engine               - urlLeaderboard: http://fxgl-top.herokuapp.com/
15:58:56.105 [FXGL Background Thread 3 ] DEBUG Engine               - urlPOM: https://raw.githubusercontent.com/AlmasB/FXGL/release/README.md
15:58:56.105 [FXGL Background Thread 3 ] DEBUG Engine               - userAppClass: class com.example.zeldapuzzle.MainGameApp
15:58:56.105 [FXGL Background Thread 3 ] DEBUG Engine               - version: 1
15:58:56.106 [FXGL Background Thread 3 ] DEBUG Engine               - versionCheckDays: 7
15:58:56.106 [FXGL Background Thread 3 ] DEBUG Engine               - width: 800
15:58:56.106 [FXGL Background Thread 3 ] DEBUG Engine               - Logging services
15:58:56.106 [FXGL Background Thread 3 ] DEBUG Engine               - class com.almasb.fxgl.app.services.FXGLAssetLoaderService
15:58:56.106 [FXGL Background Thread 3 ] DEBUG Engine               - class com.almasb.fxgl.app.FXGLApplication$GameApplicationService
15:58:56.106 [FXGL Background Thread 3 ] DEBUG Engine               - class com.almasb.fxgl.app.services.FXGLDialogService
15:58:56.106 [FXGL Background Thread 3 ] DEBUG Engine               - class com.almasb.fxgl.app.services.IOTaskExecutorService
15:58:56.106 [FXGL Background Thread 3 ] DEBUG Engine               - class com.almasb.fxgl.io.FileSystemService
15:58:56.106 [FXGL Background Thread 3 ] DEBUG Engine               - class com.almasb.fxgl.localization.LocalizationService
15:58:56.106 [FXGL Background Thread 3 ] DEBUG Engine               - class com.almasb.fxgl.app.services.SystemBundleService
15:58:56.106 [FXGL Background Thread 3 ] DEBUG Engine               - class com.almasb.fxgl.profile.SaveLoadService
15:58:56.106 [FXGL Background Thread 3 ] DEBUG Engine               - class com.almasb.fxgl.ui.FXGLUIFactoryServiceProvider
15:58:56.106 [FXGL Background Thread 3 ] DEBUG Engine               - class com.almasb.fxgl.ui.FXGLDialogFactoryServiceProvider
15:58:56.106 [FXGL Background Thread 3 ] DEBUG Engine               - class com.almasb.fxgl.audio.AudioPlayer
15:58:56.106 [FXGL Background Thread 3 ] DEBUG Engine               - class com.almasb.fxgl.notification.impl.NotificationServiceProvider
15:58:56.106 [FXGL Background Thread 3 ] DEBUG Engine               - class com.almasb.fxgl.achievement.AchievementService
15:58:56.106 [FXGL Background Thread 3 ] DEBUG Engine               - class com.almasb.fxgl.cutscene.CutsceneService
15:58:56.106 [FXGL Background Thread 3 ] DEBUG Engine               - class com.almasb.fxgl.minigames.MiniGameService
15:58:56.106 [FXGL Background Thread 3 ] DEBUG Engine               - class com.almasb.fxgl.net.NetService
15:58:56.107 [FXGL Background Thread 3 ] DEBUG Engine               - class com.almasb.fxgl.app.services.UpdaterService
15:58:56.107 [FXGL Background Thread 3 ] DEBUG Engine               - class com.almasb.fxgl.dev.DevService
15:59:13.575 [JavaFX Application Thread] WARN  TMXLevelLoader       - TiledMap generated from 1.10.2. Supported version: 1.2.3. Some features may not be parsed fully.
15:59:13.578 [JavaFX Application Thread] DEBUG TMXLevelLoader       - Parsed TiledMap: file:/C:/Users/User/zeldaPuzzle/target/classes/assets/levels/interieurMaisonPlayer1.tmx
15:59:13.578 [JavaFX Application Thread] DEBUG TMXLevelLoader       - Creating tile layer entities
15:59:13.579 [JavaFX Application Thread] DEBUG TilesetLoader        - Loading view for layer background
15:59:13.582 [JavaFX Application Thread] DEBUG TilesetLoader        - Created buffer with size 1440.0x960.0
15:59:13.586 [JavaFX Application Thread] DEBUG TilesetLoader        - Loading view for layer devant
15:59:13.587 [JavaFX Application Thread] DEBUG TilesetLoader        - Created buffer with size 1440.0x960.0
15:59:13.587 [JavaFX Application Thread] DEBUG TilesetLoader        - Loading view for layer devant1
15:59:13.588 [JavaFX Application Thread] DEBUG TilesetLoader        - Created buffer with size 1440.0x960.0
15:59:13.588 [JavaFX Application Thread] DEBUG TMXLevelLoader       - Creating object layer entities
15:59:13.595 [JavaFX Application Thread] DEBUG GameWorld            - Clearing removable entities
15:59:13.600 [JavaFX Application Thread] DEBUG GameWorld            - Setting level: com.almasb.fxgl.entity.level.Level@5ebd6cd1
15:59:13.605 [JavaFX Application Thread] WARN  GameWorld            - Entity is already attached to world
15:59:27.313 [JavaFX Application Thread] WARN  TMXLevelLoader       - TiledMap generated from 1.10.2. Supported version: 1.2.3. Some features may not be parsed fully.
15:59:27.321 [JavaFX Application Thread] DEBUG TMXLevelLoader       - Parsed TiledMap: file:/C:/Users/User/zeldaPuzzle/target/classes/assets/levels/MapDeMerde2.tmx
15:59:27.321 [JavaFX Application Thread] DEBUG TMXLevelLoader       - Creating tile layer entities
15:59:27.322 [JavaFX Application Thread] DEBUG TilesetLoader        - Loading view for layer background
15:59:27.351 [JavaFX Application Thread] DEBUG TilesetLoader        - Created buffer with size 4800.0x4800.0
15:59:27.418 [JavaFX Application Thread] DEBUG TilesetLoader        - Loading view for layer devant
15:59:27.446 [JavaFX Application Thread] DEBUG TilesetLoader        - Created buffer with size 4800.0x4800.0
15:59:27.462 [JavaFX Application Thread] DEBUG TilesetLoader        - Loading view for layer devant1
15:59:27.473 [JavaFX Application Thread] DEBUG TilesetLoader        - Created buffer with size 4800.0x4800.0
15:59:27.478 [JavaFX Application Thread] DEBUG TMXLevelLoader       - Creating object layer entities
15:59:27.490 [JavaFX Application Thread] DEBUG GameWorld            - Clearing removable entities
15:59:27.491 [JavaFX Application Thread] DEBUG GameWorld            - Setting level: com.almasb.fxgl.entity.level.Level@3299c1b2
15:59:27.497 [JavaFX Application Thread] WARN  GameWorld            - Entity is already attached to world
16:00:59.798 [JavaFX Application Thread] DEBUG FXGLApplication      - Exiting FXGL
16:00:59.799 [JavaFX Application Thread] DEBUG LoopRunner           - Stopping loop
16:00:59.799 [JavaFX Application Thread] DEBUG SystemBundleService  - Saving FXGL system data
16:00:59.800 [JavaFX Application Thread] DEBUG FileSystemAccess     - Writing to: C:\Users\User\zeldaPuzzle\system\fxgl.bundle
16:00:59.801 [JavaFX Application Thread] DEBUG Async                - Shutting down background threads
16:00:59.801 [JavaFX Application Thread] DEBUG PrimaryStageWindow   - Closing main window
16:00:59.809 [JavaFX Application Thread] DEBUG Logger               - Closing Logger
