10:29:45.456 [main                     ] DEBUG Logger               - Configured Logger
10:29:45.472 [main                     ] DEBUG GameApplication      - Logging settings
Title: Zelda 2D Game
Version: 1
Width: 800
Height: 800
Fullscreen: true
Intro: false
Profiling: false
Single step:false
App Mode: DEVELOPER
Menu Key: ESCAPE
Stage Style: DECORATED
Scene Factory: class com.almasb.fxgl.app.scene.SceneFactory

10:29:45.610 [JavaFX Application Thread] DEBUG FXGLApplication      - Initializing FXGL
10:29:45.614 [JavaFX Application Thread] INFO  Engine               - FXGL-17 (31.12.2021 18.16) on WINDOWS (J:21.0.2 FX:19)
10:29:45.614 [JavaFX Application Thread] DEBUG Engine               - JRE Vendor Name: Oracle Corporation
10:29:45.615 [JavaFX Application Thread] DEBUG Engine               - Running on OS: Windows 10 version 10.0
10:29:45.615 [JavaFX Application Thread] DEBUG Engine               - Architecture: amd64
10:29:45.615 [JavaFX Application Thread] INFO  Engine               - Source code and latest versions at: https://github.com/AlmasB/FXGL
10:29:45.615 [JavaFX Application Thread] INFO  Engine               -       Ask questions and discuss at: https://github.com/AlmasB/FXGL/discussions
10:29:45.615 [JavaFX Application Thread] INFO  Engine               -              Join the FXGL chat at: https://gitter.im/AlmasB/FXGL
10:29:45.685 [JavaFX Application Thread] DEBUG PrimaryStageWindow   - Creating a JavaFX scene
10:29:45.730 [JavaFX Application Thread] DEBUG PrimaryStageWindow   - Target settings size: 800.0 x 800.0
10:29:45.730 [JavaFX Application Thread] DEBUG PrimaryStageWindow   - Scaled scene size:    800.0 x 800.0
10:29:45.731 [JavaFX Application Thread] DEBUG PrimaryStageWindow   - Scaled ratio: (1.0, 1.0)
10:29:45.732 [JavaFX Application Thread] DEBUG PrimaryStageWindow   - Set initial scene to FXGLStartupScene
10:29:45.737 [JavaFX Application Thread] DEBUG PrimaryStageWindow   - Opening main window
10:29:45.829 [JavaFX Application Thread] DEBUG PrimaryStageWindow   - Window border size: (16.0, 39.0)
10:29:45.830 [JavaFX Application Thread] DEBUG PrimaryStageWindow   - Scaled size: 800.0 x 800.0
10:29:45.830 [JavaFX Application Thread] DEBUG PrimaryStageWindow   - Scaled ratio: (1.0, 1.0)
10:29:45.830 [JavaFX Application Thread] DEBUG PrimaryStageWindow   - Scene size: 800.0 x 800.0
10:29:45.830 [JavaFX Application Thread] DEBUG PrimaryStageWindow   - Stage size: 816.0 x 839.0
10:29:45.838 [FXGL Background Thread 1 ] DEBUG Engine               - Initializing environment variables
10:29:45.885 [FXGL Background Thread 1 ] DEBUG FXGLAssetLoaderServi - User app class for loading assets: class com.example.zeldapuzzle.MainGameApp
10:29:45.886 [FXGL Background Thread 1 ] DEBUG GameApplicationServi - Applying CSS: fxgl_dark.css
10:29:45.886 [FXGL Background Thread 1 ] DEBUG FXGLAssetLoaderServi - Loading from file system: jar:file:///C:/Users/mbour/.m2/repository/com/github/almasb/fxgl/17/fxgl-17.jar!/fxglassets/ui/css/fxgl_dark.css
10:29:45.929 [FXGL Background Thread 1 ] DEBUG GameApplicationServi - Initializing application scenes
10:29:45.965 [FXGL Background Thread 1 ] DEBUG GameWorld            - Game world initialized
10:29:46.026 [FXGL Background Thread 1 ] DEBUG PhysicsWorld         - Physics world initialized: appHeight=800, physics.ppm=50,0
10:29:46.026 [FXGL Background Thread 1 ] DEBUG PhysicsWorld         - Using strategy: BRUTE_FORCE
10:29:46.030 [FXGL Background Thread 1 ] DEBUG GameScene            - Game scene initialized: 800x800
10:29:46.043 [FXGL Background Thread 1 ] DEBUG FXGL.DefaultMenu     - createMenuBodyMainMenu()
10:29:46.058 [FXGL Background Thread 1 ] DEBUG FXGL.DefaultMenu     - createOptionsMenu()
10:29:46.068 [FXGL Background Thread 1 ] DEBUG FXGLAssetLoaderServi - Loading from file system: jar:file:///C:/Users/mbour/.m2/repository/com/github/almasb/fxgl/17/fxgl-17.jar!/fxglassets/textures/particles/smoke.png
10:29:46.140 [FXGL Background Thread 1 ] DEBUG FXGLAssetLoaderServi - Loading from file system: jar:file:///C:/Users/mbour/.m2/repository/com/github/almasb/fxgl/17/fxgl-17.jar!/fxglassets/textures/particles/trace_horizontal.png
10:29:46.159 [FXGL Background Thread 1 ] DEBUG FXGL.DefaultMenu     - createMenuBodyGameMenu()
10:29:46.160 [FXGL Background Thread 1 ] DEBUG FXGL.DefaultMenu     - createOptionsMenu()
10:29:46.176 [FXGL Background Thread 1 ] DEBUG GameApplicationServi - Application scenes initialized
10:29:46.187 [FXGL Background Thread 1 ] DEBUG SystemBundleService  - Loading FXGL system data
10:29:46.192 [FXGL Background Thread 1 ] DEBUG FileSystemAccess     - Reading from: C:\Users\mbour\OneDrive\Bureau\Zelda TOTK WINRAR\zeldaPuzzle\system\fxgl.bundle
10:29:46.202 [FXGL Background Thread 1 ] DEBUG SystemBundleService  - Bundle FXGL: {}
10:29:46.203 [FXGL Background Thread 1 ] DEBUG UpdaterService       - Checking for updates
10:29:46.228 [FXGL Background Thread 4 ] DEBUG FXGLApplication      - Loading fonts
10:29:46.229 [FXGL Background Thread 1 ] DEBUG FXGLApplication      - Loading default localization
10:29:46.229 [FXGL Background Thread 4 ] DEBUG FXGLAssetLoaderServi - Loading from file system: jar:file:///C:/Users/mbour/.m2/repository/com/github/almasb/fxgl/17/fxgl-17.jar!/fxglassets/ui/fonts/VarelaRound-Regular.ttf
10:29:46.229 [FXGL Background Thread 1 ] DEBUG FXGLAssetLoaderServi - Loading from file system: jar:file:///C:/Users/mbour/.m2/repository/com/github/almasb/fxgl/17/fxgl-17.jar!/fxglassets/languages/english.lang
10:29:46.252 [FXGL Background Thread 1 ] INFO  FXGLApplication      - FXGL initialization took: 0,413 sec
10:29:46.266 [JavaFX Application Thread] DEBUG Input                - Registered new binding: getPosition - P
10:29:46.266 [JavaFX Application Thread] DEBUG Input                - Registered new binding: zoom+ - Up
10:29:46.266 [JavaFX Application Thread] DEBUG Input                - Registered new binding: zoom- - Down
10:29:46.266 [JavaFX Application Thread] DEBUG Input                - Registered new binding: resetZoom - 0
10:29:46.267 [JavaFX Application Thread] DEBUG Input                - Registered new binding: Move right - D
10:29:46.267 [JavaFX Application Thread] DEBUG Input                - Registered new binding: Move left - A
10:29:46.267 [JavaFX Application Thread] DEBUG Input                - Registered new binding: Move Up - W
10:29:46.268 [JavaFX Application Thread] DEBUG Input                - Registered new binding: Move Down - S
10:29:46.268 [JavaFX Application Thread] DEBUG FXGLAssetLoaderServi - Loading from file system: jar:file:///C:/Users/mbour/.m2/repository/com/github/almasb/fxgl/17/fxgl-17.jar!/fxglassets/textures/fxgl_icon.png
10:29:46.276 [FXGL Background Thread 4 ] DEBUG FXGLAssetLoaderServi - Loading from file system: jar:file:///C:/Users/mbour/.m2/repository/com/github/almasb/fxgl/17/fxgl-17.jar!/fxglassets/ui/fonts/Abel-Regular.ttf
10:29:46.283 [JavaFX Application Thread] DEBUG FXGLAssetLoaderServi - Loading from file system: jar:file:///C:/Users/mbour/.m2/repository/com/github/almasb/fxgl/17/fxgl-17.jar!/fxglassets/textures/fxgl_default_cursor.png
10:29:46.285 [JavaFX Application Thread] DEBUG Input                - Registered new binding: Screenshot - CTRL+8
10:29:46.286 [JavaFX Application Thread] DEBUG Input                - Registered new binding: Dev Options - 1
10:29:46.287 [JavaFX Application Thread] DEBUG Input                - Registered new binding: Dev Console - 2
10:29:46.287 [JavaFX Application Thread] DEBUG Input                - Registered new binding: System info dump - CTRL+9
10:29:46.287 [JavaFX Application Thread] DEBUG Input                - Registered new binding: Restart - CTRL+R
10:29:46.288 [JavaFX Application Thread] DEBUG Input                - Registered new binding: Toggle Debug Camera - CTRL+7
10:29:46.291 [JavaFX Application Thread] DEBUG LoopRunner           - Starting loop
10:29:46.291 [FXGL Background Thread 4 ] DEBUG FXGLAssetLoaderServi - Loading from file system: jar:file:///C:/Users/mbour/.m2/repository/com/github/almasb/fxgl/17/fxgl-17.jar!/fxglassets/ui/fonts/TerminalLandMono-Regular.otf
10:29:46.304 [JavaFX Application Thread] DEBUG LoopRunner           - Initializing JavaFX AnimationTimerLoop
10:29:46.309 [JavaFX Application Thread] DEBUG Input                - Clearing active input actions
10:29:46.320 [JavaFX Application Thread] DEBUG GameApplicationServi - Removing overlay from FXGLStartupScene and adding to FXGLMainMenuDummyScene
10:29:46.323 [FXGL Background Thread 4 ] DEBUG FXGLAssetLoaderServi - Loading from file system: jar:file:///C:/Users/mbour/.m2/repository/com/github/almasb/fxgl/17/fxgl-17.jar!/fxglassets/ui/fonts/Courier-Prime.ttf
10:29:46.326 [JavaFX Application Thread] DEBUG PrimaryStageWindow   - FXGLStartupScene -> FXGLMainMenuDummyScene
10:29:46.326 [JavaFX Application Thread] DEBUG PrimaryStageWindow   - Push state: FXGLDefaultMenu
10:29:46.329 [JavaFX Application Thread] DEBUG Input                - Clearing active input actions
10:29:46.339 [JavaFX Application Thread] DEBUG GameApplicationServi - Removing overlay from FXGLMainMenuDummyScene and adding to FXGLDefaultMenu
10:29:46.340 [JavaFX Application Thread] DEBUG PrimaryStageWindow   - FXGLMainMenuDummyScene -> FXGLDefaultMenu
10:29:46.548 [JavaFX Application Thread] DEBUG FXGLApplication      - Registering font factories with UI factory
10:29:46.671 [FXGL Background Thread 2 ] INFO  UpdaterService       - Your current version:  17
10:29:46.672 [FXGL Background Thread 2 ] INFO  UpdaterService       - Latest stable version: 21.1
10:29:47.288 [JavaFX Application Thread] DEBUG Menu                 - fireNewGame()
10:29:47.288 [JavaFX Application Thread] DEBUG GameApplicationServi - Starting new game
10:29:47.290 [JavaFX Application Thread] DEBUG PrimaryStageWindow   - Pop state: FXGLDefaultMenu
10:29:47.290 [JavaFX Application Thread] DEBUG Input                - Clearing active input actions
10:29:47.291 [JavaFX Application Thread] DEBUG GameApplicationServi - Removing overlay from FXGLDefaultMenu and adding to FXGLMainMenuDummyScene
10:29:47.294 [JavaFX Application Thread] DEBUG PrimaryStageWindow   - FXGLMainMenuDummyScene <- FXGLDefaultMenu
10:29:47.295 [JavaFX Application Thread] DEBUG Input                - Clearing active input actions
10:29:47.305 [JavaFX Application Thread] DEBUG GameApplicationServi - Removing overlay from FXGLMainMenuDummyScene and adding to FXGLLoadingScene
10:29:47.306 [JavaFX Application Thread] DEBUG PrimaryStageWindow   - FXGLMainMenuDummyScene -> FXGLLoadingScene
10:29:47.306 [JavaFX Application Thread] DEBUG GameApplicationServi - Clearing previous game
10:29:47.306 [JavaFX Application Thread] DEBUG GameScene            - Clearing game scene
10:29:47.306 [JavaFX Application Thread] DEBUG GameWorld            - Clearing game world
10:29:47.306 [JavaFX Application Thread] DEBUG PhysicsWorld         - Clearing physics world
10:29:47.308 [FXGL Background Thread 2 ] DEBUG FXGLApplication      - Initializing game
10:29:47.362 [FXGL Background Thread 2 ] WARN  TMXLevelLoader       - TiledMap generated from 1.10.2. Supported version: 1.2.3. Some features may not be parsed fully.
10:29:47.376 [FXGL Background Thread 2 ] DEBUG TMXLevelLoader       - Parsed TiledMap: file:/C:/Users/mbour/OneDrive/Bureau/Zelda%20TOTK%20WINRAR/zeldaPuzzle/target/classes/assets/levels/StartingMap.tmx
10:29:47.377 [FXGL Background Thread 2 ] DEBUG TMXLevelLoader       - Creating tile layer entities
10:29:47.380 [FXGL Background Thread 2 ] DEBUG TilesetLoader        - Loading view for layer Calque de Tuiles 1
10:29:47.383 [FXGL Background Thread 2 ] DEBUG TilesetLoader        - Created buffer with size 960.0x960.0
10:29:47.423 [FXGL Background Thread 2 ] DEBUG TilesetLoader        - Loading view for layer Calque de Tuiles 2
10:29:47.425 [FXGL Background Thread 2 ] DEBUG TilesetLoader        - Created buffer with size 960.0x960.0
10:29:47.445 [FXGL Background Thread 2 ] DEBUG TMXLevelLoader       - Creating object layer entities
10:29:47.458 [FXGL Background Thread 2 ] DEBUG GameWorld            - Clearing removable entities
10:29:47.459 [FXGL Background Thread 2 ] DEBUG GameWorld            - Setting level: com.almasb.fxgl.entity.level.Level@5f88deb9
10:29:47.467 [FXGL Background Thread 2 ] WARN  GameWorld            - Entity is already attached to world
10:29:47.522 [FXGL Background Thread 2 ] WARN  GameWorld            - Entity is already attached to world
10:29:47.523 [FXGL Background Thread 2 ] INFO  FXGLApplication      - Game initialization took: 0,215 sec
10:29:47.524 [JavaFX Application Thread] DEBUG Input                - Clearing active input actions
10:29:47.528 [JavaFX Application Thread] DEBUG GameApplicationServi - Removing overlay from FXGLLoadingScene and adding to GameScene
10:29:47.530 [JavaFX Application Thread] DEBUG PrimaryStageWindow   - FXGLLoadingScene -> GameScene
10:29:49.228 [FXGL Background Thread 3 ] DEBUG Engine               - Logging environment variables
10:29:49.228 [FXGL Background Thread 3 ] DEBUG Engine               - achievements: []
10:29:49.228 [FXGL Background Thread 3 ] DEBUG Engine               - actualHeight: 800.0
10:29:49.228 [FXGL Background Thread 3 ] DEBUG Engine               - actualHeightProperty: ReadOnlyDoubleProperty [value: 800.0]
10:29:49.228 [FXGL Background Thread 3 ] DEBUG Engine               - actualWidth: 800.0
10:29:49.228 [FXGL Background Thread 3 ] DEBUG Engine               - actualWidthProperty: ReadOnlyDoubleProperty [value: 800.0]
10:29:49.229 [FXGL Background Thread 3 ] DEBUG Engine               - appIcon: fxgl_icon.png
10:29:49.229 [FXGL Background Thread 3 ] DEBUG Engine               - applicationMode: DEVELOPER
10:29:49.229 [FXGL Background Thread 3 ] DEBUG Engine               - cSSList: [fxgl_dark.css]
10:29:49.229 [FXGL Background Thread 3 ] DEBUG Engine               - collisionDetectionStrategy: BRUTE_FORCE
10:29:49.229 [FXGL Background Thread 3 ] DEBUG Engine               - configClass: Optional.empty
10:29:49.229 [FXGL Background Thread 3 ] DEBUG Engine               - credits: []
10:29:49.229 [FXGL Background Thread 3 ] DEBUG Engine               - defaultCursor: CursorInfo(imageName=fxgl_default_cursor.png, hotspotX=7.0, hotspotY=6.0)
10:29:49.229 [FXGL Background Thread 3 ] DEBUG Engine               - devBBoxColorProperty: ObjectProperty [value: 0xff0000ff]
10:29:49.229 [FXGL Background Thread 3 ] DEBUG Engine               - devEnableDebugCameraProperty: BooleanProperty [value: false]
10:29:49.229 [FXGL Background Thread 3 ] DEBUG Engine               - devSensorColorProperty: ObjectProperty [value: 0xffff00ff]
10:29:49.230 [FXGL Background Thread 3 ] DEBUG Engine               - devShowBBoxProperty: BooleanProperty [value: false]
10:29:49.230 [FXGL Background Thread 3 ] DEBUG Engine               - devShowPositionProperty: BooleanProperty [value: false]
10:29:49.230 [FXGL Background Thread 3 ] DEBUG Engine               - enabledMenuItems: []
10:29:49.230 [FXGL Background Thread 3 ] DEBUG Engine               - engineServices: [class com.almasb.fxgl.app.services.FXGLAssetLoaderService, class com.almasb.fxgl.app.FXGLApplication$GameApplicationService, class com.almasb.fxgl.app.services.FXGLDialogService, class com.almasb.fxgl.app.services.IOTaskExecutorService, class com.almasb.fxgl.io.FileSystemService, class com.almasb.fxgl.localization.LocalizationService, class com.almasb.fxgl.app.services.SystemBundleService, class com.almasb.fxgl.profile.SaveLoadService, class com.almasb.fxgl.ui.FXGLUIFactoryServiceProvider, class com.almasb.fxgl.ui.FXGLDialogFactoryServiceProvider, class com.almasb.fxgl.audio.AudioPlayer, class com.almasb.fxgl.notification.impl.NotificationServiceProvider, class com.almasb.fxgl.achievement.AchievementService, class com.almasb.fxgl.cutscene.CutsceneService, class com.almasb.fxgl.minigames.MiniGameService, class com.almasb.fxgl.net.NetService, class com.almasb.fxgl.app.services.UpdaterService, class com.almasb.fxgl.dev.DevService]
10:29:49.230 [FXGL Background Thread 3 ] DEBUG Engine               - fontGame: Abel-Regular.ttf
10:29:49.230 [FXGL Background Thread 3 ] DEBUG Engine               - fontMono: TerminalLandMono-Regular.otf
10:29:49.230 [FXGL Background Thread 3 ] DEBUG Engine               - fontText: Courier-Prime.ttf
10:29:49.230 [FXGL Background Thread 3 ] DEBUG Engine               - fontUI: VarelaRound-Regular.ttf
10:29:49.230 [FXGL Background Thread 3 ] DEBUG Engine               - fullScreen: BooleanProperty [value: false]
10:29:49.230 [FXGL Background Thread 3 ] DEBUG Engine               - gameDifficulty: MEDIUM
10:29:49.230 [FXGL Background Thread 3 ] DEBUG Engine               - gameDifficultyProperty: ObjectProperty [value: MEDIUM]
10:29:49.230 [FXGL Background Thread 3 ] DEBUG Engine               - globalMusicVolume: 0.5
10:29:49.230 [FXGL Background Thread 3 ] DEBUG Engine               - globalMusicVolumeProperty: DoubleProperty [value: 0.5]
10:29:49.230 [FXGL Background Thread 3 ] DEBUG Engine               - globalSoundVolume: 0.5
10:29:49.230 [FXGL Background Thread 3 ] DEBUG Engine               - globalSoundVolumeProperty: DoubleProperty [value: 0.5]
10:29:49.231 [FXGL Background Thread 3 ] DEBUG Engine               - height: 800
10:29:49.231 [FXGL Background Thread 3 ] DEBUG Engine               - is3D: false
10:29:49.231 [FXGL Background Thread 3 ] DEBUG Engine               - isAndroid: false
10:29:49.231 [FXGL Background Thread 3 ] DEBUG Engine               - isBrowser: false
10:29:49.231 [FXGL Background Thread 3 ] DEBUG Engine               - isClickFeedbackEnabled: false
10:29:49.231 [FXGL Background Thread 3 ] DEBUG Engine               - isCloseConfirmation: false
10:29:49.231 [FXGL Background Thread 3 ] DEBUG Engine               - isDesktop: true
10:29:49.231 [FXGL Background Thread 3 ] DEBUG Engine               - isDeveloperMenuEnabled: true
10:29:49.231 [FXGL Background Thread 3 ] DEBUG Engine               - isEmbedded: false
10:29:49.231 [FXGL Background Thread 3 ] DEBUG Engine               - isEntityPreloadEnabled: true
10:29:49.231 [FXGL Background Thread 3 ] DEBUG Engine               - isExperimentalTiledLargeMap: false
10:29:49.231 [FXGL Background Thread 3 ] DEBUG Engine               - isFileSystemWriteAllowed: true
10:29:49.231 [FXGL Background Thread 3 ] DEBUG Engine               - isFullScreenAllowed: true
10:29:49.231 [FXGL Background Thread 3 ] DEBUG Engine               - isFullScreenFromStart: false
10:29:49.231 [FXGL Background Thread 3 ] DEBUG Engine               - isGameMenuEnabled: true
10:29:49.231 [FXGL Background Thread 3 ] DEBUG Engine               - isIOS: false
10:29:49.231 [FXGL Background Thread 3 ] DEBUG Engine               - isIntroEnabled: false
10:29:49.231 [FXGL Background Thread 3 ] DEBUG Engine               - isLinux: false
10:29:49.231 [FXGL Background Thread 3 ] DEBUG Engine               - isMac: false
10:29:49.231 [FXGL Background Thread 3 ] DEBUG Engine               - isMainMenuEnabled: true
10:29:49.231 [FXGL Background Thread 3 ] DEBUG Engine               - isManualResizeEnabled: false
10:29:49.231 [FXGL Background Thread 3 ] DEBUG Engine               - isMobile: false
10:29:49.231 [FXGL Background Thread 3 ] DEBUG Engine               - isNative: false
10:29:49.232 [FXGL Background Thread 3 ] DEBUG Engine               - isPauseMusicWhenMinimized: true
10:29:49.232 [FXGL Background Thread 3 ] DEBUG Engine               - isPreserveResizeRatio: false
10:29:49.232 [FXGL Background Thread 3 ] DEBUG Engine               - isProfilingEnabled: false
10:29:49.232 [FXGL Background Thread 3 ] DEBUG Engine               - isScaleAffectedOnResize: true
10:29:49.232 [FXGL Background Thread 3 ] DEBUG Engine               - isSingleStep: false
10:29:49.232 [FXGL Background Thread 3 ] DEBUG Engine               - isUserProfileEnabled: false
10:29:49.232 [FXGL Background Thread 3 ] DEBUG Engine               - isWindows: true
10:29:49.232 [FXGL Background Thread 3 ] DEBUG Engine               - language: ObjectProperty [value: ENGLISH]
10:29:49.232 [FXGL Background Thread 3 ] DEBUG Engine               - menuKey: ESCAPE
10:29:49.232 [FXGL Background Thread 3 ] DEBUG Engine               - mouseSensitivity: 0.2
10:29:49.232 [FXGL Background Thread 3 ] DEBUG Engine               - notificationViewClass: class com.almasb.fxgl.notification.view.XboxNotificationView
10:29:49.232 [FXGL Background Thread 3 ] DEBUG Engine               - pixelsPerMeter: 50.0
10:29:49.232 [FXGL Background Thread 3 ] DEBUG Engine               - platform: WINDOWS
10:29:49.232 [FXGL Background Thread 3 ] DEBUG Engine               - prefHeightProperty: ReadOnlyDoubleProperty [value: 800.0]
10:29:49.232 [FXGL Background Thread 3 ] DEBUG Engine               - prefWidthProperty: ReadOnlyDoubleProperty [value: 800.0]
10:29:49.232 [FXGL Background Thread 3 ] DEBUG Engine               - profileDir: profiles/
10:29:49.232 [FXGL Background Thread 3 ] DEBUG Engine               - profileName: StringProperty [value: DEFAULT]
10:29:49.232 [FXGL Background Thread 3 ] DEBUG Engine               - randomSeed: -1
10:29:49.233 [FXGL Background Thread 3 ] DEBUG Engine               - runtimeInfo: RuntimeInfo(platform=WINDOWS, version=17, build=31.12.2021 18.16)
10:29:49.233 [FXGL Background Thread 3 ] DEBUG Engine               - saveFileExt: sav
10:29:49.233 [FXGL Background Thread 3 ] DEBUG Engine               - scaledHeightProp$fxgl: DoubleProperty [bound, value: 800.0]
10:29:49.233 [FXGL Background Thread 3 ] DEBUG Engine               - scaledWidthProp$fxgl: DoubleProperty [bound, value: 800.0]
10:29:49.233 [FXGL Background Thread 3 ] DEBUG Engine               - sceneFactory: com.almasb.fxgl.app.scene.SceneFactory@516fd307
10:29:49.233 [FXGL Background Thread 3 ] DEBUG Engine               - secondsIn24h: 60
10:29:49.233 [FXGL Background Thread 3 ] DEBUG Engine               - soundMenuBack: menu/back.wav
10:29:49.233 [FXGL Background Thread 3 ] DEBUG Engine               - soundMenuPress: menu/press.wav
10:29:49.233 [FXGL Background Thread 3 ] DEBUG Engine               - soundMenuSelect: menu/select.wav
10:29:49.233 [FXGL Background Thread 3 ] DEBUG Engine               - soundNotification: core/notification.wav
10:29:49.233 [FXGL Background Thread 3 ] DEBUG Engine               - stageStyle: DECORATED
10:29:49.233 [FXGL Background Thread 3 ] DEBUG Engine               - supportedLanguages: [ENGLISH, FRENCH, GERMAN, HUNGARIAN, RUSSIAN]
10:29:49.233 [FXGL Background Thread 3 ] DEBUG Engine               - ticksPerSecond: -1
10:29:49.233 [FXGL Background Thread 3 ] DEBUG Engine               - title: Zelda 2D Game
10:29:49.233 [FXGL Background Thread 3 ] DEBUG Engine               - urlGithub: https://github.com/AlmasB/FXGL
10:29:49.233 [FXGL Background Thread 3 ] DEBUG Engine               - urlLeaderboard: http://fxgl-top.herokuapp.com/
10:29:49.233 [FXGL Background Thread 3 ] DEBUG Engine               - urlPOM: https://raw.githubusercontent.com/AlmasB/FXGL/release/README.md
10:29:49.233 [FXGL Background Thread 3 ] DEBUG Engine               - userAppClass: class com.example.zeldapuzzle.MainGameApp
10:29:49.233 [FXGL Background Thread 3 ] DEBUG Engine               - version: 1
10:29:49.233 [FXGL Background Thread 3 ] DEBUG Engine               - versionCheckDays: 7
10:29:49.233 [FXGL Background Thread 3 ] DEBUG Engine               - width: 800
10:29:49.234 [FXGL Background Thread 3 ] DEBUG Engine               - Logging services
10:29:49.234 [FXGL Background Thread 3 ] DEBUG Engine               - class com.almasb.fxgl.app.services.FXGLAssetLoaderService
10:29:49.234 [FXGL Background Thread 3 ] DEBUG Engine               - class com.almasb.fxgl.app.FXGLApplication$GameApplicationService
10:29:49.234 [FXGL Background Thread 3 ] DEBUG Engine               - class com.almasb.fxgl.app.services.FXGLDialogService
10:29:49.234 [FXGL Background Thread 3 ] DEBUG Engine               - class com.almasb.fxgl.app.services.IOTaskExecutorService
10:29:49.234 [FXGL Background Thread 3 ] DEBUG Engine               - class com.almasb.fxgl.io.FileSystemService
10:29:49.234 [FXGL Background Thread 3 ] DEBUG Engine               - class com.almasb.fxgl.localization.LocalizationService
10:29:49.234 [FXGL Background Thread 3 ] DEBUG Engine               - class com.almasb.fxgl.app.services.SystemBundleService
10:29:49.234 [FXGL Background Thread 3 ] DEBUG Engine               - class com.almasb.fxgl.profile.SaveLoadService
10:29:49.234 [FXGL Background Thread 3 ] DEBUG Engine               - class com.almasb.fxgl.ui.FXGLUIFactoryServiceProvider
10:29:49.234 [FXGL Background Thread 3 ] DEBUG Engine               - class com.almasb.fxgl.ui.FXGLDialogFactoryServiceProvider
10:29:49.234 [FXGL Background Thread 3 ] DEBUG Engine               - class com.almasb.fxgl.audio.AudioPlayer
10:29:49.234 [FXGL Background Thread 3 ] DEBUG Engine               - class com.almasb.fxgl.notification.impl.NotificationServiceProvider
10:29:49.234 [FXGL Background Thread 3 ] DEBUG Engine               - class com.almasb.fxgl.achievement.AchievementService
10:29:49.234 [FXGL Background Thread 3 ] DEBUG Engine               - class com.almasb.fxgl.cutscene.CutsceneService
10:29:49.234 [FXGL Background Thread 3 ] DEBUG Engine               - class com.almasb.fxgl.minigames.MiniGameService
10:29:49.234 [FXGL Background Thread 3 ] DEBUG Engine               - class com.almasb.fxgl.net.NetService
10:29:49.234 [FXGL Background Thread 3 ] DEBUG Engine               - class com.almasb.fxgl.app.services.UpdaterService
10:29:49.234 [FXGL Background Thread 3 ] DEBUG Engine               - class com.almasb.fxgl.dev.DevService
10:29:55.294 [JavaFX Application Thread] WARN  TMXLevelLoader       - TiledMap generated from 1.10.2. Supported version: 1.2.3. Some features may not be parsed fully.
10:29:55.308 [JavaFX Application Thread] DEBUG TMXLevelLoader       - Parsed TiledMap: file:/C:/Users/mbour/OneDrive/Bureau/Zelda%20TOTK%20WINRAR/zeldaPuzzle/target/classes/assets/levels/donjonPasFini.tmx
10:29:55.308 [JavaFX Application Thread] DEBUG TMXLevelLoader       - Creating tile layer entities
10:29:55.309 [JavaFX Application Thread] DEBUG TilesetLoader        - Loading view for layer Calque de Tuiles 2
10:29:55.310 [JavaFX Application Thread] DEBUG TilesetLoader        - Created buffer with size 3200.0x960.0
10:29:55.337 [JavaFX Application Thread] WARN  TilesetLoader        - Diagonally flipped tiles are not currently supported
10:29:55.337 [JavaFX Application Thread] WARN  TilesetLoader        - Diagonally flipped tiles are not currently supported
10:29:55.338 [JavaFX Application Thread] WARN  TilesetLoader        - Diagonally flipped tiles are not currently supported
10:29:55.338 [JavaFX Application Thread] WARN  TilesetLoader        - Diagonally flipped tiles are not currently supported
10:29:55.338 [JavaFX Application Thread] WARN  TilesetLoader        - Diagonally flipped tiles are not currently supported
10:29:55.339 [JavaFX Application Thread] WARN  TilesetLoader        - Diagonally flipped tiles are not currently supported
10:29:55.339 [JavaFX Application Thread] WARN  TilesetLoader        - Diagonally flipped tiles are not currently supported
10:29:55.339 [JavaFX Application Thread] WARN  TilesetLoader        - Diagonally flipped tiles are not currently supported
10:29:55.339 [JavaFX Application Thread] WARN  TilesetLoader        - Diagonally flipped tiles are not currently supported
10:29:55.340 [JavaFX Application Thread] WARN  TilesetLoader        - Diagonally flipped tiles are not currently supported
10:29:55.340 [JavaFX Application Thread] DEBUG TilesetLoader        - Loading view for layer background
10:29:55.345 [JavaFX Application Thread] DEBUG TilesetLoader        - Created buffer with size 3200.0x960.0
10:29:55.357 [JavaFX Application Thread] DEBUG TilesetLoader        - Loading view for layer Calque de Tuiles 3
10:29:55.362 [JavaFX Application Thread] DEBUG TilesetLoader        - Created buffer with size 3200.0x960.0
10:29:55.365 [JavaFX Application Thread] DEBUG TilesetLoader        - Loading view for layer Calque de Tuiles 1
10:29:55.374 [JavaFX Application Thread] DEBUG TilesetLoader        - Created buffer with size 3200.0x960.0
10:29:55.377 [JavaFX Application Thread] DEBUG TilesetLoader        - Loading view for layer cible1
10:29:55.381 [JavaFX Application Thread] DEBUG TilesetLoader        - Created buffer with size 3200.0x960.0
10:29:55.382 [JavaFX Application Thread] DEBUG TMXLevelLoader       - Creating object layer entities
10:29:55.387 [JavaFX Application Thread] DEBUG GameWorld            - Clearing removable entities
10:29:55.389 [JavaFX Application Thread] DEBUG GameWorld            - Setting level: com.almasb.fxgl.entity.level.Level@593f9db1
10:29:55.443 [JavaFX Application Thread] WARN  GameWorld            - Entity is already attached to world
10:29:57.810 [JavaFX Application Thread] WARN  GameWorld            - Entity is already attached to world
10:30:04.601 [JavaFX Application Thread] WARN  GameWorld            - Entity is already attached to world
10:30:06.205 [JavaFX Application Thread] WARN  GameWorld            - Entity is already attached to world
10:30:06.859 [JavaFX Application Thread] WARN  GameWorld            - Entity is already attached to world
10:30:21.701 [JavaFX Application Thread] WARN  GameWorld            - Entity is already attached to world
10:30:23.008 [JavaFX Application Thread] WARN  GameWorld            - Entity is already attached to world
10:30:24.400 [JavaFX Application Thread] WARN  GameWorld            - Entity is already attached to world
10:30:26.359 [JavaFX Application Thread] WARN  GameWorld            - Entity is already attached to world
10:30:27.638 [JavaFX Application Thread] WARN  GameWorld            - Entity is already attached to world
10:30:28.930 [JavaFX Application Thread] WARN  GameWorld            - Entity is already attached to world
10:30:30.508 [JavaFX Application Thread] WARN  GameWorld            - Entity is already attached to world
10:30:32.141 [JavaFX Application Thread] WARN  GameWorld            - Entity is already attached to world
10:30:33.704 [JavaFX Application Thread] WARN  GameWorld            - Entity is already attached to world
10:30:35.257 [JavaFX Application Thread] WARN  GameWorld            - Entity is already attached to world
10:30:36.830 [JavaFX Application Thread] WARN  GameWorld            - Entity is already attached to world
10:30:37.076 [JavaFX Application Thread] WARN  TMXLevelLoader       - TiledMap generated from 1.10.2. Supported version: 1.2.3. Some features may not be parsed fully.
10:30:37.083 [JavaFX Application Thread] DEBUG TMXLevelLoader       - Parsed TiledMap: file:/C:/Users/mbour/OneDrive/Bureau/Zelda%20TOTK%20WINRAR/zeldaPuzzle/target/classes/assets/levels/donjonFini.tmx
10:30:37.083 [JavaFX Application Thread] DEBUG TMXLevelLoader       - Creating tile layer entities
10:30:37.083 [JavaFX Application Thread] DEBUG TilesetLoader        - Loading view for layer Calque de Tuiles 2
10:30:37.088 [JavaFX Application Thread] DEBUG TilesetLoader        - Created buffer with size 3200.0x960.0
10:30:37.114 [JavaFX Application Thread] WARN  TilesetLoader        - Diagonally flipped tiles are not currently supported
10:30:37.114 [JavaFX Application Thread] WARN  TilesetLoader        - Diagonally flipped tiles are not currently supported
10:30:37.114 [JavaFX Application Thread] WARN  TilesetLoader        - Diagonally flipped tiles are not currently supported
10:30:37.115 [JavaFX Application Thread] WARN  TilesetLoader        - Diagonally flipped tiles are not currently supported
10:30:37.115 [JavaFX Application Thread] WARN  TilesetLoader        - Diagonally flipped tiles are not currently supported
10:30:37.115 [JavaFX Application Thread] WARN  TilesetLoader        - Diagonally flipped tiles are not currently supported
10:30:37.115 [JavaFX Application Thread] WARN  TilesetLoader        - Diagonally flipped tiles are not currently supported
10:30:37.115 [JavaFX Application Thread] WARN  TilesetLoader        - Diagonally flipped tiles are not currently supported
10:30:37.116 [JavaFX Application Thread] WARN  TilesetLoader        - Diagonally flipped tiles are not currently supported
10:30:37.116 [JavaFX Application Thread] WARN  TilesetLoader        - Diagonally flipped tiles are not currently supported
10:30:37.116 [JavaFX Application Thread] DEBUG TilesetLoader        - Loading view for layer background
10:30:37.120 [JavaFX Application Thread] DEBUG TilesetLoader        - Created buffer with size 3200.0x960.0
10:30:37.126 [JavaFX Application Thread] DEBUG TilesetLoader        - Loading view for layer Calque de Tuiles 3
10:30:37.131 [JavaFX Application Thread] DEBUG TilesetLoader        - Created buffer with size 3200.0x960.0
10:30:37.132 [JavaFX Application Thread] DEBUG TilesetLoader        - Loading view for layer Calque de Tuiles 1
10:30:37.137 [JavaFX Application Thread] DEBUG TilesetLoader        - Created buffer with size 3200.0x960.0
10:30:37.139 [JavaFX Application Thread] DEBUG TMXLevelLoader       - Creating object layer entities
10:30:37.140 [JavaFX Application Thread] DEBUG GameWorld            - Clearing removable entities
10:30:37.142 [JavaFX Application Thread] DEBUG GameWorld            - Setting level: com.almasb.fxgl.entity.level.Level@2147ddd7
10:30:37.198 [JavaFX Application Thread] WARN  GameWorld            - Entity is already attached to world
10:30:43.916 [JavaFX Application Thread] WARN  TMXLevelLoader       - TiledMap generated from 1.10.2. Supported version: 1.2.3. Some features may not be parsed fully.
10:30:43.918 [JavaFX Application Thread] DEBUG TMXLevelLoader       - Parsed TiledMap: file:/C:/Users/mbour/OneDrive/Bureau/Zelda%20TOTK%20WINRAR/zeldaPuzzle/target/classes/assets/levels/StartingMap.tmx
10:30:43.918 [JavaFX Application Thread] DEBUG TMXLevelLoader       - Creating tile layer entities
10:30:43.918 [JavaFX Application Thread] DEBUG TilesetLoader        - Loading view for layer Calque de Tuiles 1
10:30:43.918 [JavaFX Application Thread] DEBUG TilesetLoader        - Created buffer with size 960.0x960.0
10:30:43.927 [JavaFX Application Thread] DEBUG TilesetLoader        - Loading view for layer Calque de Tuiles 2
10:30:43.928 [JavaFX Application Thread] DEBUG TilesetLoader        - Created buffer with size 960.0x960.0
10:30:43.944 [JavaFX Application Thread] DEBUG TMXLevelLoader       - Creating object layer entities
10:30:43.945 [JavaFX Application Thread] DEBUG GameWorld            - Clearing removable entities
10:30:43.946 [JavaFX Application Thread] DEBUG GameWorld            - Setting level: com.almasb.fxgl.entity.level.Level@1c9de385
10:30:43.996 [JavaFX Application Thread] WARN  GameWorld            - Entity is already attached to world
10:31:33.269 [JavaFX Application Thread] DEBUG FXGLApplication      - Exiting FXGL
10:31:33.270 [JavaFX Application Thread] DEBUG LoopRunner           - Stopping loop
10:31:33.270 [JavaFX Application Thread] DEBUG SystemBundleService  - Saving FXGL system data
10:31:33.272 [JavaFX Application Thread] DEBUG FileSystemAccess     - Writing to: C:\Users\mbour\OneDrive\Bureau\Zelda TOTK WINRAR\zeldaPuzzle\system\fxgl.bundle
10:31:33.274 [JavaFX Application Thread] DEBUG Async                - Shutting down background threads
10:31:33.275 [JavaFX Application Thread] DEBUG PrimaryStageWindow   - Closing main window
10:31:33.289 [JavaFX Application Thread] DEBUG Logger               - Closing Logger
