11:49:18.516 [main                     ] DEBUG Logger               - Configured Logger
11:49:18.542 [main                     ] DEBUG GameApplication      - Logging settings
Title: Zelda 2D Game
Version: 1
Width: 800
Height: 800
Fullscreen: true
Intro: false
Profiling: false
Single step:false
App Mode: DEVELOPER
Menu Key: ESCAPE
Stage Style: DECORATED
Scene Factory: class com.almasb.fxgl.app.scene.SceneFactory

11:49:18.642 [JavaFX Application Thread] DEBUG FXGLApplication      - Initializing FXGL
11:49:18.646 [JavaFX Application Thread] INFO  Engine               - FXGL-17 (31.12.2021 18.16) on WINDOWS (J:19.0.2 FX:19)
11:49:18.647 [JavaFX Application Thread] DEBUG Engine               - JRE Vendor Name: Amazon.com Inc.
11:49:18.647 [JavaFX Application Thread] DEBUG Engine               - Running on OS: Windows 11 version 10.0
11:49:18.647 [JavaFX Application Thread] DEBUG Engine               - Architecture: amd64
11:49:18.647 [JavaFX Application Thread] INFO  Engine               - Source code and latest versions at: https://github.com/AlmasB/FXGL
11:49:18.648 [JavaFX Application Thread] INFO  Engine               -       Ask questions and discuss at: https://github.com/AlmasB/FXGL/discussions
11:49:18.648 [JavaFX Application Thread] INFO  Engine               -              Join the FXGL chat at: https://gitter.im/AlmasB/FXGL
11:49:18.718 [JavaFX Application Thread] DEBUG PrimaryStageWindow   - Creating a JavaFX scene
11:49:18.765 [JavaFX Application Thread] DEBUG PrimaryStageWindow   - Target settings size: 800.0 x 800.0
11:49:18.765 [JavaFX Application Thread] DEBUG PrimaryStageWindow   - Scaled scene size:    800.0 x 800.0
11:49:18.766 [JavaFX Application Thread] DEBUG PrimaryStageWindow   - Scaled ratio: (1.0, 1.0)
11:49:18.767 [JavaFX Application Thread] DEBUG PrimaryStageWindow   - Set initial scene to FXGLStartupScene
11:49:18.772 [JavaFX Application Thread] DEBUG PrimaryStageWindow   - Opening main window
11:49:18.887 [JavaFX Application Thread] DEBUG PrimaryStageWindow   - Window border size: (13.0, 35.5)
11:49:18.888 [JavaFX Application Thread] DEBUG PrimaryStageWindow   - Scaled size: 800.0 x 800.0
11:49:18.888 [JavaFX Application Thread] DEBUG PrimaryStageWindow   - Scaled ratio: (1.0, 1.0)
11:49:18.888 [JavaFX Application Thread] DEBUG PrimaryStageWindow   - Scene size: 800.0 x 800.0
11:49:18.889 [JavaFX Application Thread] DEBUG PrimaryStageWindow   - Stage size: 813.0 x 835.5
11:49:18.898 [FXGL Background Thread 1 ] DEBUG Engine               - Initializing environment variables
11:49:18.981 [FXGL Background Thread 1 ] DEBUG FXGLAssetLoaderServi - User app class for loading assets: class com.example.zeldapuzzle.MainGameApp
11:49:18.982 [FXGL Background Thread 1 ] DEBUG GameApplicationServi - Applying CSS: fxgl_dark.css
11:49:18.983 [FXGL Background Thread 1 ] DEBUG FXGLAssetLoaderServi - Loading from file system: jar:file:///C:/Users/Utilisateur/.m2/repository/com/github/almasb/fxgl/17/fxgl-17.jar!/fxglassets/ui/css/fxgl_dark.css
11:49:19.051 [FXGL Background Thread 1 ] DEBUG GameApplicationServi - Initializing application scenes
11:49:19.125 [FXGL Background Thread 1 ] DEBUG GameWorld            - Game world initialized
11:49:19.211 [FXGL Background Thread 1 ] DEBUG PhysicsWorld         - Physics world initialized: appHeight=800, physics.ppm=50,0
11:49:19.211 [FXGL Background Thread 1 ] DEBUG PhysicsWorld         - Using strategy: BRUTE_FORCE
11:49:19.216 [FXGL Background Thread 1 ] DEBUG GameScene            - Game scene initialized: 800x800
11:49:19.230 [FXGL Background Thread 1 ] DEBUG FXGL.DefaultMenu     - createMenuBodyMainMenu()
11:49:19.246 [FXGL Background Thread 1 ] DEBUG FXGL.DefaultMenu     - createOptionsMenu()
11:49:19.261 [FXGL Background Thread 1 ] DEBUG FXGLAssetLoaderServi - Loading from file system: jar:file:///C:/Users/Utilisateur/.m2/repository/com/github/almasb/fxgl/17/fxgl-17.jar!/fxglassets/textures/particles/smoke.png
11:49:19.390 [FXGL Background Thread 1 ] DEBUG FXGLAssetLoaderServi - Loading from file system: jar:file:///C:/Users/Utilisateur/.m2/repository/com/github/almasb/fxgl/17/fxgl-17.jar!/fxglassets/textures/particles/trace_horizontal.png
11:49:19.422 [FXGL Background Thread 1 ] DEBUG FXGL.DefaultMenu     - createMenuBodyGameMenu()
11:49:19.425 [FXGL Background Thread 1 ] DEBUG FXGL.DefaultMenu     - createOptionsMenu()
11:49:19.442 [FXGL Background Thread 1 ] DEBUG GameApplicationServi - Application scenes initialized
11:49:19.455 [FXGL Background Thread 1 ] DEBUG SystemBundleService  - Loading FXGL system data
11:49:19.461 [FXGL Background Thread 1 ] DEBUG FileSystemAccess     - Reading from: C:\Users\Utilisateur\IdeaProjects\zeldaPuzzle\system\fxgl.bundle
11:49:19.471 [FXGL Background Thread 1 ] DEBUG SystemBundleService  - Bundle FXGL: {}
11:49:19.471 [FXGL Background Thread 1 ] DEBUG UpdaterService       - Checking for updates
11:49:19.510 [FXGL Background Thread 4 ] DEBUG FXGLApplication      - Loading fonts
11:49:19.511 [FXGL Background Thread 4 ] DEBUG FXGLAssetLoaderServi - Loading from file system: jar:file:///C:/Users/Utilisateur/.m2/repository/com/github/almasb/fxgl/17/fxgl-17.jar!/fxglassets/ui/fonts/VarelaRound-Regular.ttf
11:49:19.512 [FXGL Background Thread 1 ] DEBUG FXGLApplication      - Loading default localization
11:49:19.514 [FXGL Background Thread 1 ] DEBUG FXGLAssetLoaderServi - Loading from file system: jar:file:///C:/Users/Utilisateur/.m2/repository/com/github/almasb/fxgl/17/fxgl-17.jar!/fxglassets/languages/english.lang
11:49:19.601 [FXGL Background Thread 1 ] INFO  FXGLApplication      - FXGL initialization took: 0,702 sec
11:49:19.601 [FXGL Background Thread 4 ] DEBUG FXGLAssetLoaderServi - Loading from file system: jar:file:///C:/Users/Utilisateur/.m2/repository/com/github/almasb/fxgl/17/fxgl-17.jar!/fxglassets/ui/fonts/Abel-Regular.ttf
11:49:19.613 [FXGL Background Thread 4 ] DEBUG FXGLAssetLoaderServi - Loading from file system: jar:file:///C:/Users/Utilisateur/.m2/repository/com/github/almasb/fxgl/17/fxgl-17.jar!/fxglassets/ui/fonts/TerminalLandMono-Regular.otf
11:49:19.627 [FXGL Background Thread 4 ] DEBUG FXGLAssetLoaderServi - Loading from file system: jar:file:///C:/Users/Utilisateur/.m2/repository/com/github/almasb/fxgl/17/fxgl-17.jar!/fxglassets/ui/fonts/Courier-Prime.ttf
11:49:19.629 [JavaFX Application Thread] DEBUG Input                - Registered new binding: getPosition - P
11:49:19.629 [JavaFX Application Thread] DEBUG Input                - Registered new binding: zoom+ - Up
11:49:19.630 [JavaFX Application Thread] DEBUG Input                - Registered new binding: zoom- - Down
11:49:19.631 [JavaFX Application Thread] DEBUG Input                - Registered new binding: resetZoom - 0
11:49:19.631 [JavaFX Application Thread] DEBUG Input                - Registered new binding: Move right - D
11:49:19.632 [JavaFX Application Thread] DEBUG Input                - Registered new binding: Move left - A
11:49:19.632 [JavaFX Application Thread] DEBUG Input                - Registered new binding: Move Up - W
11:49:19.633 [JavaFX Application Thread] DEBUG Input                - Registered new binding: Move Down - S
11:49:19.633 [JavaFX Application Thread] DEBUG FXGLAssetLoaderServi - Loading from file system: jar:file:///C:/Users/Utilisateur/.m2/repository/com/github/almasb/fxgl/17/fxgl-17.jar!/fxglassets/textures/fxgl_icon.png
11:49:19.659 [JavaFX Application Thread] DEBUG FXGLAssetLoaderServi - Loading from file system: jar:file:///C:/Users/Utilisateur/.m2/repository/com/github/almasb/fxgl/17/fxgl-17.jar!/fxglassets/textures/fxgl_default_cursor.png
11:49:19.664 [JavaFX Application Thread] DEBUG Input                - Registered new binding: Screenshot - CTRL+8
11:49:19.665 [JavaFX Application Thread] DEBUG Input                - Registered new binding: Dev Options - 1
11:49:19.666 [JavaFX Application Thread] DEBUG Input                - Registered new binding: Dev Console - 2
11:49:19.667 [JavaFX Application Thread] DEBUG Input                - Registered new binding: System info dump - CTRL+9
11:49:19.668 [JavaFX Application Thread] DEBUG Input                - Registered new binding: Restart - CTRL+R
11:49:19.671 [JavaFX Application Thread] DEBUG Input                - Registered new binding: Toggle Debug Camera - CTRL+7
11:49:19.678 [JavaFX Application Thread] DEBUG LoopRunner           - Starting loop
11:49:19.731 [JavaFX Application Thread] DEBUG LoopRunner           - Initializing JavaFX AnimationTimerLoop
11:49:19.743 [JavaFX Application Thread] DEBUG Input                - Clearing active input actions
11:49:19.752 [JavaFX Application Thread] DEBUG GameApplicationServi - Removing overlay from FXGLStartupScene and adding to FXGLMainMenuDummyScene
11:49:19.766 [JavaFX Application Thread] DEBUG PrimaryStageWindow   - FXGLStartupScene -> FXGLMainMenuDummyScene
11:49:19.766 [JavaFX Application Thread] DEBUG PrimaryStageWindow   - Push state: FXGLDefaultMenu
11:49:19.776 [JavaFX Application Thread] DEBUG Input                - Clearing active input actions
11:49:19.808 [JavaFX Application Thread] DEBUG GameApplicationServi - Removing overlay from FXGLMainMenuDummyScene and adding to FXGLDefaultMenu
11:49:19.809 [JavaFX Application Thread] DEBUG PrimaryStageWindow   - FXGLMainMenuDummyScene -> FXGLDefaultMenu
11:49:19.824 [JavaFX Application Thread] DEBUG FXGLApplication      - Registering font factories with UI factory
11:49:20.219 [FXGL Background Thread 2 ] INFO  UpdaterService       - Your current version:  17
11:49:20.219 [FXGL Background Thread 2 ] INFO  UpdaterService       - Latest stable version: 21.1
11:49:20.869 [JavaFX Application Thread] DEBUG Menu                 - fireNewGame()
11:49:20.870 [JavaFX Application Thread] DEBUG GameApplicationServi - Starting new game
11:49:20.875 [JavaFX Application Thread] DEBUG PrimaryStageWindow   - Pop state: FXGLDefaultMenu
11:49:20.875 [JavaFX Application Thread] DEBUG Input                - Clearing active input actions
11:49:20.877 [JavaFX Application Thread] DEBUG GameApplicationServi - Removing overlay from FXGLDefaultMenu and adding to FXGLMainMenuDummyScene
11:49:20.884 [JavaFX Application Thread] DEBUG PrimaryStageWindow   - FXGLMainMenuDummyScene <- FXGLDefaultMenu
11:49:20.885 [JavaFX Application Thread] DEBUG Input                - Clearing active input actions
11:49:20.898 [JavaFX Application Thread] DEBUG GameApplicationServi - Removing overlay from FXGLMainMenuDummyScene and adding to FXGLLoadingScene
11:49:20.899 [JavaFX Application Thread] DEBUG PrimaryStageWindow   - FXGLMainMenuDummyScene -> FXGLLoadingScene
11:49:20.899 [JavaFX Application Thread] DEBUG GameApplicationServi - Clearing previous game
11:49:20.900 [JavaFX Application Thread] DEBUG GameScene            - Clearing game scene
11:49:20.900 [JavaFX Application Thread] DEBUG GameWorld            - Clearing game world
11:49:20.900 [JavaFX Application Thread] DEBUG PhysicsWorld         - Clearing physics world
11:49:20.906 [FXGL Background Thread 2 ] DEBUG FXGLApplication      - Initializing game
11:49:21.014 [FXGL Background Thread 2 ] WARN  TMXLevelLoader       - TiledMap generated from 1.10.2. Supported version: 1.2.3. Some features may not be parsed fully.
11:49:21.038 [FXGL Background Thread 2 ] DEBUG TMXLevelLoader       - Parsed TiledMap: file:/C:/Users/Utilisateur/IdeaProjects/zeldaPuzzle/target/classes/assets/levels/StartingMap.tmx
11:49:21.041 [FXGL Background Thread 2 ] DEBUG TMXLevelLoader       - Creating tile layer entities
11:49:21.045 [FXGL Background Thread 2 ] DEBUG TilesetLoader        - Loading view for layer Calque de Tuiles 1
11:49:21.047 [FXGL Background Thread 2 ] DEBUG TilesetLoader        - Created buffer with size 1920.0x1920.0
11:49:21.061 [FXGL Background Thread 2 ] DEBUG TilesetLoader        - Loading view for layer Calque de Tuiles 2
11:49:21.069 [FXGL Background Thread 2 ] DEBUG TilesetLoader        - Created buffer with size 1920.0x1920.0
11:49:21.082 [FXGL Background Thread 2 ] DEBUG TilesetLoader        - Loading view for layer Calque de Tuiles 3
11:49:21.092 [FXGL Background Thread 2 ] DEBUG TilesetLoader        - Created buffer with size 1920.0x1920.0
11:49:21.094 [FXGL Background Thread 2 ] DEBUG TMXLevelLoader       - Creating object layer entities
11:49:21.131 [FXGL Background Thread 2 ] DEBUG GameWorld            - Clearing removable entities
11:49:21.131 [FXGL Background Thread 2 ] DEBUG GameWorld            - Setting level: com.almasb.fxgl.entity.level.Level@2bb3d05e
11:49:21.145 [FXGL Background Thread 2 ] WARN  GameWorld            - Entity is already attached to world
11:49:21.216 [FXGL Background Thread 2 ] WARN  GameWorld            - Entity is already attached to world
11:49:21.217 [FXGL Background Thread 2 ] INFO  FXGLApplication      - Game initialization took: 0,311 sec
11:49:21.218 [JavaFX Application Thread] DEBUG Input                - Clearing active input actions
11:49:21.226 [JavaFX Application Thread] DEBUG GameApplicationServi - Removing overlay from FXGLLoadingScene and adding to GameScene
11:49:21.230 [JavaFX Application Thread] DEBUG PrimaryStageWindow   - FXGLLoadingScene -> GameScene
11:49:22.504 [FXGL Background Thread 3 ] DEBUG Engine               - Logging environment variables
11:49:22.506 [FXGL Background Thread 3 ] DEBUG Engine               - achievements: []
11:49:22.507 [FXGL Background Thread 3 ] DEBUG Engine               - actualHeight: 800.0
11:49:22.507 [FXGL Background Thread 3 ] DEBUG Engine               - actualHeightProperty: ReadOnlyDoubleProperty [value: 800.0]
11:49:22.507 [FXGL Background Thread 3 ] DEBUG Engine               - actualWidth: 800.0
11:49:22.508 [FXGL Background Thread 3 ] DEBUG Engine               - actualWidthProperty: ReadOnlyDoubleProperty [value: 800.0]
11:49:22.508 [FXGL Background Thread 3 ] DEBUG Engine               - appIcon: fxgl_icon.png
11:49:22.508 [FXGL Background Thread 3 ] DEBUG Engine               - applicationMode: DEVELOPER
11:49:22.508 [FXGL Background Thread 3 ] DEBUG Engine               - cSSList: [fxgl_dark.css]
11:49:22.509 [FXGL Background Thread 3 ] DEBUG Engine               - collisionDetectionStrategy: BRUTE_FORCE
11:49:22.509 [FXGL Background Thread 3 ] DEBUG Engine               - configClass: Optional.empty
11:49:22.509 [FXGL Background Thread 3 ] DEBUG Engine               - credits: []
11:49:22.510 [FXGL Background Thread 3 ] DEBUG Engine               - defaultCursor: CursorInfo(imageName=fxgl_default_cursor.png, hotspotX=7.0, hotspotY=6.0)
11:49:22.510 [FXGL Background Thread 3 ] DEBUG Engine               - devBBoxColorProperty: ObjectProperty [value: 0xff0000ff]
11:49:22.511 [FXGL Background Thread 3 ] DEBUG Engine               - devEnableDebugCameraProperty: BooleanProperty [value: false]
11:49:22.511 [FXGL Background Thread 3 ] DEBUG Engine               - devSensorColorProperty: ObjectProperty [value: 0xffff00ff]
11:49:22.512 [FXGL Background Thread 3 ] DEBUG Engine               - devShowBBoxProperty: BooleanProperty [value: false]
11:49:22.513 [FXGL Background Thread 3 ] DEBUG Engine               - devShowPositionProperty: BooleanProperty [value: false]
11:49:22.514 [FXGL Background Thread 3 ] DEBUG Engine               - enabledMenuItems: []
11:49:22.515 [FXGL Background Thread 3 ] DEBUG Engine               - engineServices: [class com.almasb.fxgl.app.services.FXGLAssetLoaderService, class com.almasb.fxgl.app.FXGLApplication$GameApplicationService, class com.almasb.fxgl.app.services.FXGLDialogService, class com.almasb.fxgl.app.services.IOTaskExecutorService, class com.almasb.fxgl.io.FileSystemService, class com.almasb.fxgl.localization.LocalizationService, class com.almasb.fxgl.app.services.SystemBundleService, class com.almasb.fxgl.profile.SaveLoadService, class com.almasb.fxgl.ui.FXGLUIFactoryServiceProvider, class com.almasb.fxgl.ui.FXGLDialogFactoryServiceProvider, class com.almasb.fxgl.audio.AudioPlayer, class com.almasb.fxgl.notification.impl.NotificationServiceProvider, class com.almasb.fxgl.achievement.AchievementService, class com.almasb.fxgl.cutscene.CutsceneService, class com.almasb.fxgl.minigames.MiniGameService, class com.almasb.fxgl.net.NetService, class com.almasb.fxgl.app.services.UpdaterService, class com.almasb.fxgl.dev.DevService]
11:49:22.515 [FXGL Background Thread 3 ] DEBUG Engine               - fontGame: Abel-Regular.ttf
11:49:22.516 [FXGL Background Thread 3 ] DEBUG Engine               - fontMono: TerminalLandMono-Regular.otf
11:49:22.516 [FXGL Background Thread 3 ] DEBUG Engine               - fontText: Courier-Prime.ttf
11:49:22.516 [FXGL Background Thread 3 ] DEBUG Engine               - fontUI: VarelaRound-Regular.ttf
11:49:22.517 [FXGL Background Thread 3 ] DEBUG Engine               - fullScreen: BooleanProperty [value: false]
11:49:22.517 [FXGL Background Thread 3 ] DEBUG Engine               - gameDifficulty: MEDIUM
11:49:22.518 [FXGL Background Thread 3 ] DEBUG Engine               - gameDifficultyProperty: ObjectProperty [value: MEDIUM]
11:49:22.518 [FXGL Background Thread 3 ] DEBUG Engine               - globalMusicVolume: 0.5
11:49:22.518 [FXGL Background Thread 3 ] DEBUG Engine               - globalMusicVolumeProperty: DoubleProperty [value: 0.5]
11:49:22.518 [FXGL Background Thread 3 ] DEBUG Engine               - globalSoundVolume: 0.5
11:49:22.519 [FXGL Background Thread 3 ] DEBUG Engine               - globalSoundVolumeProperty: DoubleProperty [value: 0.5]
11:49:22.519 [FXGL Background Thread 3 ] DEBUG Engine               - height: 800
11:49:22.519 [FXGL Background Thread 3 ] DEBUG Engine               - is3D: false
11:49:22.519 [FXGL Background Thread 3 ] DEBUG Engine               - isAndroid: false
11:49:22.519 [FXGL Background Thread 3 ] DEBUG Engine               - isBrowser: false
11:49:22.519 [FXGL Background Thread 3 ] DEBUG Engine               - isClickFeedbackEnabled: false
11:49:22.519 [FXGL Background Thread 3 ] DEBUG Engine               - isCloseConfirmation: false
11:49:22.520 [FXGL Background Thread 3 ] DEBUG Engine               - isDesktop: true
11:49:22.520 [FXGL Background Thread 3 ] DEBUG Engine               - isDeveloperMenuEnabled: true
11:49:22.520 [FXGL Background Thread 3 ] DEBUG Engine               - isEmbedded: false
11:49:22.520 [FXGL Background Thread 3 ] DEBUG Engine               - isEntityPreloadEnabled: true
11:49:22.520 [FXGL Background Thread 3 ] DEBUG Engine               - isExperimentalTiledLargeMap: false
11:49:22.520 [FXGL Background Thread 3 ] DEBUG Engine               - isFileSystemWriteAllowed: true
11:49:22.520 [FXGL Background Thread 3 ] DEBUG Engine               - isFullScreenAllowed: true
11:49:22.520 [FXGL Background Thread 3 ] DEBUG Engine               - isFullScreenFromStart: false
11:49:22.521 [FXGL Background Thread 3 ] DEBUG Engine               - isGameMenuEnabled: true
11:49:22.521 [FXGL Background Thread 3 ] DEBUG Engine               - isIOS: false
11:49:22.521 [FXGL Background Thread 3 ] DEBUG Engine               - isIntroEnabled: false
11:49:22.521 [FXGL Background Thread 3 ] DEBUG Engine               - isLinux: false
11:49:22.521 [FXGL Background Thread 3 ] DEBUG Engine               - isMac: false
11:49:22.521 [FXGL Background Thread 3 ] DEBUG Engine               - isMainMenuEnabled: true
11:49:22.521 [FXGL Background Thread 3 ] DEBUG Engine               - isManualResizeEnabled: false
11:49:22.521 [FXGL Background Thread 3 ] DEBUG Engine               - isMobile: false
11:49:22.522 [FXGL Background Thread 3 ] DEBUG Engine               - isNative: false
11:49:22.522 [FXGL Background Thread 3 ] DEBUG Engine               - isPauseMusicWhenMinimized: true
11:49:22.522 [FXGL Background Thread 3 ] DEBUG Engine               - isPreserveResizeRatio: false
11:49:22.522 [FXGL Background Thread 3 ] DEBUG Engine               - isProfilingEnabled: false
11:49:22.522 [FXGL Background Thread 3 ] DEBUG Engine               - isScaleAffectedOnResize: true
11:49:22.522 [FXGL Background Thread 3 ] DEBUG Engine               - isSingleStep: false
11:49:22.523 [FXGL Background Thread 3 ] DEBUG Engine               - isUserProfileEnabled: false
11:49:22.523 [FXGL Background Thread 3 ] DEBUG Engine               - isWindows: true
11:49:22.523 [FXGL Background Thread 3 ] DEBUG Engine               - language: ObjectProperty [value: ENGLISH]
11:49:22.523 [FXGL Background Thread 3 ] DEBUG Engine               - menuKey: ESCAPE
11:49:22.523 [FXGL Background Thread 3 ] DEBUG Engine               - mouseSensitivity: 0.2
11:49:22.524 [FXGL Background Thread 3 ] DEBUG Engine               - notificationViewClass: class com.almasb.fxgl.notification.view.XboxNotificationView
11:49:22.524 [FXGL Background Thread 3 ] DEBUG Engine               - pixelsPerMeter: 50.0
11:49:22.524 [FXGL Background Thread 3 ] DEBUG Engine               - platform: WINDOWS
11:49:22.524 [FXGL Background Thread 3 ] DEBUG Engine               - prefHeightProperty: ReadOnlyDoubleProperty [value: 800.0]
11:49:22.524 [FXGL Background Thread 3 ] DEBUG Engine               - prefWidthProperty: ReadOnlyDoubleProperty [value: 800.0]
11:49:22.524 [FXGL Background Thread 3 ] DEBUG Engine               - profileDir: profiles/
11:49:22.524 [FXGL Background Thread 3 ] DEBUG Engine               - profileName: StringProperty [value: DEFAULT]
11:49:22.525 [FXGL Background Thread 3 ] DEBUG Engine               - randomSeed: -1
11:49:22.525 [FXGL Background Thread 3 ] DEBUG Engine               - runtimeInfo: RuntimeInfo(platform=WINDOWS, version=17, build=31.12.2021 18.16)
11:49:22.525 [FXGL Background Thread 3 ] DEBUG Engine               - saveFileExt: sav
11:49:22.525 [FXGL Background Thread 3 ] DEBUG Engine               - scaledHeightProp$fxgl: DoubleProperty [bound, value: 800.0]
11:49:22.525 [FXGL Background Thread 3 ] DEBUG Engine               - scaledWidthProp$fxgl: DoubleProperty [bound, value: 800.0]
11:49:22.526 [FXGL Background Thread 3 ] DEBUG Engine               - sceneFactory: com.almasb.fxgl.app.scene.SceneFactory@71c67c0f
11:49:22.526 [FXGL Background Thread 3 ] DEBUG Engine               - secondsIn24h: 60
11:49:22.526 [FXGL Background Thread 3 ] DEBUG Engine               - soundMenuBack: menu/back.wav
11:49:22.526 [FXGL Background Thread 3 ] DEBUG Engine               - soundMenuPress: menu/press.wav
11:49:22.526 [FXGL Background Thread 3 ] DEBUG Engine               - soundMenuSelect: menu/select.wav
11:49:22.526 [FXGL Background Thread 3 ] DEBUG Engine               - soundNotification: core/notification.wav
11:49:22.526 [FXGL Background Thread 3 ] DEBUG Engine               - stageStyle: DECORATED
11:49:22.526 [FXGL Background Thread 3 ] DEBUG Engine               - supportedLanguages: [ENGLISH, FRENCH, GERMAN, HUNGARIAN, RUSSIAN]
11:49:22.527 [FXGL Background Thread 3 ] DEBUG Engine               - ticksPerSecond: -1
11:49:22.527 [FXGL Background Thread 3 ] DEBUG Engine               - title: Zelda 2D Game
11:49:22.527 [FXGL Background Thread 3 ] DEBUG Engine               - urlGithub: https://github.com/AlmasB/FXGL
11:49:22.527 [FXGL Background Thread 3 ] DEBUG Engine               - urlLeaderboard: http://fxgl-top.herokuapp.com/
11:49:22.527 [FXGL Background Thread 3 ] DEBUG Engine               - urlPOM: https://raw.githubusercontent.com/AlmasB/FXGL/release/README.md
11:49:22.527 [FXGL Background Thread 3 ] DEBUG Engine               - userAppClass: class com.example.zeldapuzzle.MainGameApp
11:49:22.527 [FXGL Background Thread 3 ] DEBUG Engine               - version: 1
11:49:22.528 [FXGL Background Thread 3 ] DEBUG Engine               - versionCheckDays: 7
11:49:22.528 [FXGL Background Thread 3 ] DEBUG Engine               - width: 800
11:49:22.528 [FXGL Background Thread 3 ] DEBUG Engine               - Logging services
11:49:22.528 [FXGL Background Thread 3 ] DEBUG Engine               - class com.almasb.fxgl.app.services.FXGLAssetLoaderService
11:49:22.528 [FXGL Background Thread 3 ] DEBUG Engine               - class com.almasb.fxgl.app.FXGLApplication$GameApplicationService
11:49:22.528 [FXGL Background Thread 3 ] DEBUG Engine               - class com.almasb.fxgl.app.services.FXGLDialogService
11:49:22.528 [FXGL Background Thread 3 ] DEBUG Engine               - class com.almasb.fxgl.app.services.IOTaskExecutorService
11:49:22.528 [FXGL Background Thread 3 ] DEBUG Engine               - class com.almasb.fxgl.io.FileSystemService
11:49:22.528 [FXGL Background Thread 3 ] DEBUG Engine               - class com.almasb.fxgl.localization.LocalizationService
11:49:22.528 [FXGL Background Thread 3 ] DEBUG Engine               - class com.almasb.fxgl.app.services.SystemBundleService
11:49:22.533 [FXGL Background Thread 3 ] DEBUG Engine               - class com.almasb.fxgl.profile.SaveLoadService
11:49:22.533 [FXGL Background Thread 3 ] DEBUG Engine               - class com.almasb.fxgl.ui.FXGLUIFactoryServiceProvider
11:49:22.533 [FXGL Background Thread 3 ] DEBUG Engine               - class com.almasb.fxgl.ui.FXGLDialogFactoryServiceProvider
11:49:22.533 [FXGL Background Thread 3 ] DEBUG Engine               - class com.almasb.fxgl.audio.AudioPlayer
11:49:22.533 [FXGL Background Thread 3 ] DEBUG Engine               - class com.almasb.fxgl.notification.impl.NotificationServiceProvider
11:49:22.533 [FXGL Background Thread 3 ] DEBUG Engine               - class com.almasb.fxgl.achievement.AchievementService
11:49:22.533 [FXGL Background Thread 3 ] DEBUG Engine               - class com.almasb.fxgl.cutscene.CutsceneService
11:49:22.533 [FXGL Background Thread 3 ] DEBUG Engine               - class com.almasb.fxgl.minigames.MiniGameService
11:49:22.533 [FXGL Background Thread 3 ] DEBUG Engine               - class com.almasb.fxgl.net.NetService
11:49:22.533 [FXGL Background Thread 3 ] DEBUG Engine               - class com.almasb.fxgl.app.services.UpdaterService
11:49:22.533 [FXGL Background Thread 3 ] DEBUG Engine               - class com.almasb.fxgl.dev.DevService
11:49:23.820 [JavaFX Application Thread] WARN  TMXLevelLoader       - TiledMap generated from 1.10.2. Supported version: 1.2.3. Some features may not be parsed fully.
11:49:23.854 [JavaFX Application Thread] DEBUG TMXLevelLoader       - Parsed TiledMap: file:/C:/Users/Utilisateur/IdeaProjects/zeldaPuzzle/target/classes/assets/levels/donjonPasFini.tmx
11:49:23.855 [JavaFX Application Thread] DEBUG TMXLevelLoader       - Creating tile layer entities
11:49:23.856 [JavaFX Application Thread] DEBUG TilesetLoader        - Loading view for layer Calque de Tuiles 2
11:49:23.857 [JavaFX Application Thread] DEBUG TilesetLoader        - Created buffer with size 3200.0x960.0
11:49:23.899 [JavaFX Application Thread] WARN  TilesetLoader        - Diagonally flipped tiles are not currently supported
11:49:23.900 [JavaFX Application Thread] WARN  TilesetLoader        - Diagonally flipped tiles are not currently supported
11:49:23.900 [JavaFX Application Thread] WARN  TilesetLoader        - Diagonally flipped tiles are not currently supported
11:49:23.901 [JavaFX Application Thread] WARN  TilesetLoader        - Diagonally flipped tiles are not currently supported
11:49:23.901 [JavaFX Application Thread] WARN  TilesetLoader        - Diagonally flipped tiles are not currently supported
11:49:23.901 [JavaFX Application Thread] WARN  TilesetLoader        - Diagonally flipped tiles are not currently supported
11:49:23.902 [JavaFX Application Thread] WARN  TilesetLoader        - Diagonally flipped tiles are not currently supported
11:49:23.902 [JavaFX Application Thread] WARN  TilesetLoader        - Diagonally flipped tiles are not currently supported
11:49:23.903 [JavaFX Application Thread] WARN  TilesetLoader        - Diagonally flipped tiles are not currently supported
11:49:23.903 [JavaFX Application Thread] WARN  TilesetLoader        - Diagonally flipped tiles are not currently supported
11:49:23.904 [JavaFX Application Thread] DEBUG TilesetLoader        - Loading view for layer background
11:49:23.910 [JavaFX Application Thread] DEBUG TilesetLoader        - Created buffer with size 3200.0x960.0
11:49:23.918 [JavaFX Application Thread] DEBUG TilesetLoader        - Loading view for layer Calque de Tuiles 3
11:49:23.922 [JavaFX Application Thread] DEBUG TilesetLoader        - Created buffer with size 3200.0x960.0
11:49:23.925 [JavaFX Application Thread] DEBUG TilesetLoader        - Loading view for layer Calque de Tuiles 1
11:49:23.930 [JavaFX Application Thread] DEBUG TilesetLoader        - Created buffer with size 3200.0x960.0
11:49:23.932 [JavaFX Application Thread] DEBUG TMXLevelLoader       - Creating object layer entities
11:49:23.938 [JavaFX Application Thread] DEBUG GameWorld            - Clearing removable entities
11:49:23.945 [JavaFX Application Thread] DEBUG GameWorld            - Setting level: com.almasb.fxgl.entity.level.Level@6f8da02a
11:49:24.003 [JavaFX Application Thread] WARN  GameWorld            - Entity is already attached to world
11:49:26.586 [JavaFX Application Thread] WARN  GameWorld            - Entity is already attached to world
11:49:28.567 [JavaFX Application Thread] WARN  GameWorld            - Entity is already attached to world
11:49:28.568 [JavaFX Application Thread] WARN  GameWorld            - Entity is already attached to world
11:49:30.152 [JavaFX Application Thread] WARN  GameWorld            - Entity is already attached to world
11:49:32.840 [JavaFX Application Thread] WARN  GameWorld            - Entity is already attached to world
11:49:32.840 [JavaFX Application Thread] WARN  GameWorld            - Entity is already attached to world
11:49:34.487 [JavaFX Application Thread] WARN  GameWorld            - Entity is already attached to world
11:49:36.151 [JavaFX Application Thread] WARN  GameWorld            - Entity is already attached to world
11:49:36.151 [JavaFX Application Thread] WARN  GameWorld            - Entity is already attached to world
11:49:38.098 [JavaFX Application Thread] WARN  GameWorld            - Entity is already attached to world
11:49:45.031 [JavaFX Application Thread] WARN  GameWorld            - Entity is already attached to world
11:49:45.848 [JavaFX Application Thread] WARN  GameWorld            - Entity is already attached to world
11:49:49.129 [JavaFX Application Thread] WARN  GameWorld            - Entity is already attached to world
11:49:49.129 [JavaFX Application Thread] WARN  GameWorld            - Entity is already attached to world
11:49:54.871 [JavaFX Application Thread] WARN  GameWorld            - Entity is already attached to world
11:49:56.803 [JavaFX Application Thread] WARN  GameWorld            - Entity is already attached to world
11:49:56.803 [JavaFX Application Thread] WARN  GameWorld            - Entity is already attached to world
11:49:59.400 [JavaFX Application Thread] WARN  GameWorld            - Entity is already attached to world
11:50:00.727 [JavaFX Application Thread] WARN  GameWorld            - Entity is already attached to world
11:50:03.553 [JavaFX Application Thread] WARN  GameWorld            - Entity is already attached to world
11:50:03.553 [JavaFX Application Thread] WARN  GameWorld            - Entity is already attached to world
11:50:12.151 [JavaFX Application Thread] WARN  GameWorld            - Entity is already attached to world
11:50:15.194 [JavaFX Application Thread] WARN  GameWorld            - Entity is already attached to world
11:50:15.194 [JavaFX Application Thread] WARN  GameWorld            - Entity is already attached to world
11:50:16.984 [JavaFX Application Thread] WARN  GameWorld            - Entity is already attached to world
11:50:18.536 [JavaFX Application Thread] WARN  GameWorld            - Entity is already attached to world
11:50:20.808 [JavaFX Application Thread] WARN  GameWorld            - Entity is already attached to world
11:50:24.625 [JavaFX Application Thread] WARN  GameWorld            - Entity is already attached to world
11:50:24.625 [JavaFX Application Thread] WARN  GameWorld            - Entity is already attached to world
11:50:26.264 [JavaFX Application Thread] WARN  GameWorld            - Entity is already attached to world
11:50:28.312 [JavaFX Application Thread] WARN  GameWorld            - Entity is already attached to world
11:50:30.023 [JavaFX Application Thread] WARN  GameWorld            - Entity is already attached to world
11:50:30.824 [JavaFX Application Thread] WARN  GameWorld            - Entity is already attached to world
11:50:35.806 [JavaFX Application Thread] DEBUG FXGLApplication      - Exiting FXGL
11:50:35.806 [JavaFX Application Thread] DEBUG LoopRunner           - Stopping loop
11:50:35.806 [JavaFX Application Thread] DEBUG SystemBundleService  - Saving FXGL system data
11:50:35.809 [JavaFX Application Thread] DEBUG FileSystemAccess     - Writing to: C:\Users\Utilisateur\IdeaProjects\zeldaPuzzle\system\fxgl.bundle
11:50:35.811 [JavaFX Application Thread] DEBUG Async                - Shutting down background threads
11:50:35.812 [JavaFX Application Thread] DEBUG PrimaryStageWindow   - Closing main window
11:50:35.839 [JavaFX Application Thread] DEBUG Logger               - Closing Logger
