16:15:49.411 [main                     ] DEBUG Logger               - Configured Logger
16:15:49.425 [main                     ] DEBUG GameApplication      - Logging settings
Title: Zelda 2D Game par ماستن
Version: 1
Width: 800
Height: 800
Fullscreen: true
Intro: false
Profiling: false
Single step:false
App Mode: DEVELOPER
Menu Key: ESCAPE
Stage Style: DECORATED
Scene Factory: class com.almasb.fxgl.app.scene.SceneFactory

16:15:49.482 [JavaFX Application Thread] DEBUG FXGLApplication      - Initializing FXGL
16:15:49.485 [JavaFX Application Thread] INFO  Engine               - FXGL-17 (31.12.2021 18.16) on WINDOWS (J:19.0.2 FX:19)
16:15:49.485 [JavaFX Application Thread] DEBUG Engine               - JRE Vendor Name: Amazon.com Inc.
16:15:49.485 [JavaFX Application Thread] DEBUG Engine               - Running on OS: Windows 11 version 10.0
16:15:49.485 [JavaFX Application Thread] DEBUG Engine               - Architecture: amd64
16:15:49.486 [JavaFX Application Thread] INFO  Engine               - Source code and latest versions at: https://github.com/AlmasB/FXGL
16:15:49.486 [JavaFX Application Thread] INFO  Engine               -       Ask questions and discuss at: https://github.com/AlmasB/FXGL/discussions
16:15:49.486 [JavaFX Application Thread] INFO  Engine               -              Join the FXGL chat at: https://gitter.im/AlmasB/FXGL
16:15:49.529 [JavaFX Application Thread] DEBUG PrimaryStageWindow   - Creating a JavaFX scene
16:15:49.565 [JavaFX Application Thread] DEBUG PrimaryStageWindow   - Target settings size: 800.0 x 800.0
16:15:49.565 [JavaFX Application Thread] DEBUG PrimaryStageWindow   - Scaled scene size:    800.0 x 800.0
16:15:49.565 [JavaFX Application Thread] DEBUG PrimaryStageWindow   - Scaled ratio: (1.0, 1.0)
16:15:49.567 [JavaFX Application Thread] DEBUG PrimaryStageWindow   - Set initial scene to FXGLStartupScene
16:15:49.570 [JavaFX Application Thread] DEBUG PrimaryStageWindow   - Opening main window
16:15:49.634 [JavaFX Application Thread] DEBUG PrimaryStageWindow   - Window border size: (16.0, 39.0)
16:15:49.634 [JavaFX Application Thread] DEBUG PrimaryStageWindow   - Scaled size: 800.0 x 800.0
16:15:49.635 [JavaFX Application Thread] DEBUG PrimaryStageWindow   - Scaled ratio: (1.0, 1.0)
16:15:49.635 [JavaFX Application Thread] DEBUG PrimaryStageWindow   - Scene size: 800.0 x 800.0
16:15:49.635 [JavaFX Application Thread] DEBUG PrimaryStageWindow   - Stage size: 816.0 x 839.0
16:15:49.641 [FXGL Background Thread 1 ] DEBUG Engine               - Initializing environment variables
16:15:49.705 [FXGL Background Thread 1 ] DEBUG FXGLAssetLoaderServi - User app class for loading assets: class com.example.zeldapuzzle.MainGameApp
16:15:49.705 [FXGL Background Thread 1 ] DEBUG GameApplicationServi - Applying CSS: fxgl_dark.css
16:15:49.708 [FXGL Background Thread 1 ] DEBUG FXGLAssetLoaderServi - Loading from file system: jar:file:///C:/Users/Utilisateur/.m2/repository/com/github/almasb/fxgl/17/fxgl-17.jar!/fxglassets/ui/css/fxgl_dark.css
16:15:49.768 [FXGL Background Thread 1 ] DEBUG GameApplicationServi - Initializing application scenes
16:15:49.834 [FXGL Background Thread 1 ] DEBUG GameWorld            - Game world initialized
16:15:49.905 [FXGL Background Thread 1 ] DEBUG PhysicsWorld         - Physics world initialized: appHeight=800, physics.ppm=50,0
16:15:49.907 [FXGL Background Thread 1 ] DEBUG PhysicsWorld         - Using strategy: BRUTE_FORCE
16:15:49.913 [FXGL Background Thread 1 ] DEBUG GameScene            - Game scene initialized: 800x800
16:15:49.925 [FXGL Background Thread 1 ] DEBUG FXGL.DefaultMenu     - createMenuBodyMainMenu()
16:15:49.936 [FXGL Background Thread 1 ] DEBUG FXGL.DefaultMenu     - createOptionsMenu()
16:15:49.946 [FXGL Background Thread 1 ] DEBUG FXGLAssetLoaderServi - Loading from file system: jar:file:///C:/Users/Utilisateur/.m2/repository/com/github/almasb/fxgl/17/fxgl-17.jar!/fxglassets/textures/particles/smoke.png
16:15:50.030 [FXGL Background Thread 1 ] DEBUG FXGLAssetLoaderServi - Loading from file system: jar:file:///C:/Users/Utilisateur/.m2/repository/com/github/almasb/fxgl/17/fxgl-17.jar!/fxglassets/textures/particles/trace_horizontal.png
16:15:50.045 [FXGL Background Thread 1 ] DEBUG FXGL.DefaultMenu     - createMenuBodyGameMenu()
16:15:50.047 [FXGL Background Thread 1 ] DEBUG FXGL.DefaultMenu     - createOptionsMenu()
16:15:50.057 [FXGL Background Thread 1 ] DEBUG GameApplicationServi - Application scenes initialized
16:15:50.067 [FXGL Background Thread 1 ] DEBUG SystemBundleService  - Loading FXGL system data
16:15:50.070 [FXGL Background Thread 1 ] DEBUG FileSystemAccess     - Reading from: C:\Users\Utilisateur\IdeaProjects\zeldaPuzzle\system\fxgl.bundle
16:15:50.080 [FXGL Background Thread 1 ] DEBUG SystemBundleService  - Bundle FXGL: {}
16:15:50.080 [FXGL Background Thread 1 ] DEBUG UpdaterService       - Checking for updates
16:15:50.111 [FXGL Background Thread 4 ] DEBUG FXGLApplication      - Loading fonts
16:15:50.112 [FXGL Background Thread 4 ] DEBUG FXGLAssetLoaderServi - Loading from file system: jar:file:///C:/Users/Utilisateur/.m2/repository/com/github/almasb/fxgl/17/fxgl-17.jar!/fxglassets/ui/fonts/VarelaRound-Regular.ttf
16:15:50.114 [FXGL Background Thread 1 ] DEBUG FXGLApplication      - Loading default localization
16:15:50.115 [FXGL Background Thread 1 ] DEBUG FXGLAssetLoaderServi - Loading from file system: jar:file:///C:/Users/Utilisateur/.m2/repository/com/github/almasb/fxgl/17/fxgl-17.jar!/fxglassets/languages/english.lang
16:15:50.177 [FXGL Background Thread 4 ] DEBUG FXGLAssetLoaderServi - Loading from file system: jar:file:///C:/Users/Utilisateur/.m2/repository/com/github/almasb/fxgl/17/fxgl-17.jar!/fxglassets/ui/fonts/Abel-Regular.ttf
16:15:50.181 [FXGL Background Thread 1 ] INFO  FXGLApplication      - FXGL initialization took: 0,540 sec
16:15:50.184 [FXGL Background Thread 4 ] DEBUG FXGLAssetLoaderServi - Loading from file system: jar:file:///C:/Users/Utilisateur/.m2/repository/com/github/almasb/fxgl/17/fxgl-17.jar!/fxglassets/ui/fonts/TerminalLandMono-Regular.otf
16:15:50.193 [FXGL Background Thread 4 ] DEBUG FXGLAssetLoaderServi - Loading from file system: jar:file:///C:/Users/Utilisateur/.m2/repository/com/github/almasb/fxgl/17/fxgl-17.jar!/fxglassets/ui/fonts/Courier-Prime.ttf
16:15:50.199 [JavaFX Application Thread] DEBUG Input                - Registered new binding: inventaire - Tab
16:15:50.199 [JavaFX Application Thread] DEBUG Input                - Registered new binding: getPosition - P
16:15:50.200 [JavaFX Application Thread] DEBUG Input                - Registered new binding: zoom+ - Up
16:15:50.200 [JavaFX Application Thread] DEBUG Input                - Registered new binding: zoom- - Down
16:15:50.200 [JavaFX Application Thread] DEBUG Input                - Registered new binding: resetZoom - 0
16:15:50.201 [JavaFX Application Thread] DEBUG Input                - Registered new binding: Move right - D
16:15:50.201 [JavaFX Application Thread] DEBUG Input                - Registered new binding: Move left - A
16:15:50.202 [JavaFX Application Thread] DEBUG Input                - Registered new binding: Move Up - W
16:15:50.202 [JavaFX Application Thread] DEBUG Input                - Registered new binding: Move Down - S
16:15:50.202 [JavaFX Application Thread] DEBUG FXGLAssetLoaderServi - Loading from file system: jar:file:///C:/Users/Utilisateur/.m2/repository/com/github/almasb/fxgl/17/fxgl-17.jar!/fxglassets/textures/fxgl_icon.png
16:15:50.217 [JavaFX Application Thread] DEBUG FXGLAssetLoaderServi - Loading from file system: jar:file:///C:/Users/Utilisateur/.m2/repository/com/github/almasb/fxgl/17/fxgl-17.jar!/fxglassets/textures/fxgl_default_cursor.png
16:15:50.219 [JavaFX Application Thread] DEBUG Input                - Registered new binding: Screenshot - CTRL+8
16:15:50.219 [JavaFX Application Thread] DEBUG Input                - Registered new binding: Dev Options - 1
16:15:50.220 [JavaFX Application Thread] DEBUG Input                - Registered new binding: Dev Console - 2
16:15:50.221 [JavaFX Application Thread] DEBUG Input                - Registered new binding: System info dump - CTRL+9
16:15:50.221 [JavaFX Application Thread] DEBUG Input                - Registered new binding: Restart - CTRL+R
16:15:50.222 [JavaFX Application Thread] DEBUG Input                - Registered new binding: Toggle Debug Camera - CTRL+7
16:15:50.227 [JavaFX Application Thread] DEBUG LoopRunner           - Starting loop
16:15:50.263 [JavaFX Application Thread] DEBUG LoopRunner           - Initializing JavaFX AnimationTimerLoop
16:15:50.270 [JavaFX Application Thread] DEBUG Input                - Clearing active input actions
16:15:50.290 [JavaFX Application Thread] DEBUG GameApplicationServi - Removing overlay from FXGLStartupScene and adding to FXGLMainMenuDummyScene
16:15:50.295 [JavaFX Application Thread] DEBUG PrimaryStageWindow   - FXGLStartupScene -> FXGLMainMenuDummyScene
16:15:50.295 [JavaFX Application Thread] DEBUG PrimaryStageWindow   - Push state: FXGLDefaultMenu
16:15:50.297 [JavaFX Application Thread] DEBUG Input                - Clearing active input actions
16:15:50.301 [JavaFX Application Thread] DEBUG GameApplicationServi - Removing overlay from FXGLMainMenuDummyScene and adding to FXGLDefaultMenu
16:15:50.302 [JavaFX Application Thread] DEBUG PrimaryStageWindow   - FXGLMainMenuDummyScene -> FXGLDefaultMenu
16:15:50.311 [JavaFX Application Thread] DEBUG FXGLApplication      - Registering font factories with UI factory
16:15:50.572 [FXGL Background Thread 2 ] INFO  UpdaterService       - Your current version:  17
16:15:50.573 [FXGL Background Thread 2 ] INFO  UpdaterService       - Latest stable version: 21.1
16:15:51.361 [JavaFX Application Thread] DEBUG Menu                 - fireNewGame()
16:15:51.361 [JavaFX Application Thread] DEBUG GameApplicationServi - Starting new game
16:15:51.364 [JavaFX Application Thread] DEBUG PrimaryStageWindow   - Pop state: FXGLDefaultMenu
16:15:51.364 [JavaFX Application Thread] DEBUG Input                - Clearing active input actions
16:15:51.365 [JavaFX Application Thread] DEBUG GameApplicationServi - Removing overlay from FXGLDefaultMenu and adding to FXGLMainMenuDummyScene
16:15:51.366 [JavaFX Application Thread] DEBUG PrimaryStageWindow   - FXGLMainMenuDummyScene <- FXGLDefaultMenu
16:15:51.366 [JavaFX Application Thread] DEBUG Input                - Clearing active input actions
16:15:51.372 [JavaFX Application Thread] DEBUG GameApplicationServi - Removing overlay from FXGLMainMenuDummyScene and adding to FXGLLoadingScene
16:15:51.372 [JavaFX Application Thread] DEBUG PrimaryStageWindow   - FXGLMainMenuDummyScene -> FXGLLoadingScene
16:15:51.373 [JavaFX Application Thread] DEBUG GameApplicationServi - Clearing previous game
16:15:51.373 [JavaFX Application Thread] DEBUG GameScene            - Clearing game scene
16:15:51.373 [JavaFX Application Thread] DEBUG GameWorld            - Clearing game world
16:15:51.373 [JavaFX Application Thread] DEBUG PhysicsWorld         - Clearing physics world
16:15:51.378 [FXGL Background Thread 2 ] DEBUG FXGLApplication      - Initializing game
16:15:51.430 [FXGL Background Thread 2 ] WARN  TMXLevelLoader       - TiledMap generated from 1.10.2. Supported version: 1.2.3. Some features may not be parsed fully.
16:15:51.450 [FXGL Background Thread 2 ] DEBUG TMXLevelLoader       - Parsed TiledMap: file:/C:/Users/Utilisateur/IdeaProjects/zeldaPuzzle/target/classes/assets/levels/MapDeMerde2.tmx
16:15:51.452 [FXGL Background Thread 2 ] DEBUG TMXLevelLoader       - Creating tile layer entities
16:15:51.453 [FXGL Background Thread 2 ] DEBUG TilesetLoader        - Loading view for layer Calque de Tuiles 1
16:15:51.483 [FXGL Background Thread 2 ] DEBUG TilesetLoader        - Created buffer with size 4800.0x4800.0
16:15:51.529 [FXGL Background Thread 2 ] DEBUG TMXLevelLoader       - Creating object layer entities
16:15:51.533 [FXGL Background Thread 2 ] DEBUG GameWorld            - Clearing removable entities
16:15:51.534 [FXGL Background Thread 2 ] DEBUG GameWorld            - Setting level: com.almasb.fxgl.entity.level.Level@7371817e
16:15:51.575 [FXGL Background Thread 2 ] WARN  GameWorld            - Entity is already attached to world
16:15:51.586 [FXGL Background Thread 2 ] WARN  GameWorld            - Entity is already attached to world
16:15:51.588 [FXGL Background Thread 2 ] WARN  GameWorld            - Entity is already attached to world
16:15:51.604 [FXGL Background Thread 2 ] INFO  FXGLApplication      - Game initialization took: 0,225 sec
16:15:51.608 [JavaFX Application Thread] DEBUG Input                - Clearing active input actions
16:15:51.615 [JavaFX Application Thread] DEBUG GameApplicationServi - Removing overlay from FXGLLoadingScene and adding to GameScene
16:15:51.618 [JavaFX Application Thread] DEBUG PrimaryStageWindow   - FXGLLoadingScene -> GameScene
16:15:53.105 [FXGL Background Thread 3 ] DEBUG Engine               - Logging environment variables
16:15:53.105 [FXGL Background Thread 3 ] DEBUG Engine               - achievements: []
16:15:53.105 [FXGL Background Thread 3 ] DEBUG Engine               - actualHeight: 800.0
16:15:53.105 [FXGL Background Thread 3 ] DEBUG Engine               - actualHeightProperty: ReadOnlyDoubleProperty [value: 800.0]
16:15:53.105 [FXGL Background Thread 3 ] DEBUG Engine               - actualWidth: 800.0
16:15:53.105 [FXGL Background Thread 3 ] DEBUG Engine               - actualWidthProperty: ReadOnlyDoubleProperty [value: 800.0]
16:15:53.105 [FXGL Background Thread 3 ] DEBUG Engine               - appIcon: fxgl_icon.png
16:15:53.105 [FXGL Background Thread 3 ] DEBUG Engine               - applicationMode: DEVELOPER
16:15:53.106 [FXGL Background Thread 3 ] DEBUG Engine               - cSSList: [fxgl_dark.css]
16:15:53.106 [FXGL Background Thread 3 ] DEBUG Engine               - collisionDetectionStrategy: BRUTE_FORCE
16:15:53.106 [FXGL Background Thread 3 ] DEBUG Engine               - configClass: Optional.empty
16:15:53.106 [FXGL Background Thread 3 ] DEBUG Engine               - credits: []
16:15:53.106 [FXGL Background Thread 3 ] DEBUG Engine               - defaultCursor: CursorInfo(imageName=fxgl_default_cursor.png, hotspotX=7.0, hotspotY=6.0)
16:15:53.106 [FXGL Background Thread 3 ] DEBUG Engine               - devBBoxColorProperty: ObjectProperty [value: 0xff0000ff]
16:15:53.107 [FXGL Background Thread 3 ] DEBUG Engine               - devEnableDebugCameraProperty: BooleanProperty [value: false]
16:15:53.107 [FXGL Background Thread 3 ] DEBUG Engine               - devSensorColorProperty: ObjectProperty [value: 0xffff00ff]
16:15:53.107 [FXGL Background Thread 3 ] DEBUG Engine               - devShowBBoxProperty: BooleanProperty [value: false]
16:15:53.107 [FXGL Background Thread 3 ] DEBUG Engine               - devShowPositionProperty: BooleanProperty [value: false]
16:15:53.107 [FXGL Background Thread 3 ] DEBUG Engine               - enabledMenuItems: []
16:15:53.107 [FXGL Background Thread 3 ] DEBUG Engine               - engineServices: [class com.almasb.fxgl.app.services.FXGLAssetLoaderService, class com.almasb.fxgl.app.FXGLApplication$GameApplicationService, class com.almasb.fxgl.app.services.FXGLDialogService, class com.almasb.fxgl.app.services.IOTaskExecutorService, class com.almasb.fxgl.io.FileSystemService, class com.almasb.fxgl.localization.LocalizationService, class com.almasb.fxgl.app.services.SystemBundleService, class com.almasb.fxgl.profile.SaveLoadService, class com.almasb.fxgl.ui.FXGLUIFactoryServiceProvider, class com.almasb.fxgl.ui.FXGLDialogFactoryServiceProvider, class com.almasb.fxgl.audio.AudioPlayer, class com.almasb.fxgl.notification.impl.NotificationServiceProvider, class com.almasb.fxgl.achievement.AchievementService, class com.almasb.fxgl.cutscene.CutsceneService, class com.almasb.fxgl.minigames.MiniGameService, class com.almasb.fxgl.net.NetService, class com.almasb.fxgl.app.services.UpdaterService, class com.almasb.fxgl.dev.DevService]
16:15:53.107 [FXGL Background Thread 3 ] DEBUG Engine               - fontGame: Abel-Regular.ttf
16:15:53.107 [FXGL Background Thread 3 ] DEBUG Engine               - fontMono: TerminalLandMono-Regular.otf
16:15:53.107 [FXGL Background Thread 3 ] DEBUG Engine               - fontText: Courier-Prime.ttf
16:15:53.107 [FXGL Background Thread 3 ] DEBUG Engine               - fontUI: VarelaRound-Regular.ttf
16:15:53.107 [FXGL Background Thread 3 ] DEBUG Engine               - fullScreen: BooleanProperty [value: false]
16:15:53.107 [FXGL Background Thread 3 ] DEBUG Engine               - gameDifficulty: MEDIUM
16:15:53.107 [FXGL Background Thread 3 ] DEBUG Engine               - gameDifficultyProperty: ObjectProperty [value: MEDIUM]
16:15:53.107 [FXGL Background Thread 3 ] DEBUG Engine               - globalMusicVolume: 0.5
16:15:53.107 [FXGL Background Thread 3 ] DEBUG Engine               - globalMusicVolumeProperty: DoubleProperty [value: 0.5]
16:15:53.107 [FXGL Background Thread 3 ] DEBUG Engine               - globalSoundVolume: 0.5
16:15:53.108 [FXGL Background Thread 3 ] DEBUG Engine               - globalSoundVolumeProperty: DoubleProperty [value: 0.5]
16:15:53.108 [FXGL Background Thread 3 ] DEBUG Engine               - height: 800
16:15:53.108 [FXGL Background Thread 3 ] DEBUG Engine               - is3D: false
16:15:53.108 [FXGL Background Thread 3 ] DEBUG Engine               - isAndroid: false
16:15:53.108 [FXGL Background Thread 3 ] DEBUG Engine               - isBrowser: false
16:15:53.108 [FXGL Background Thread 3 ] DEBUG Engine               - isClickFeedbackEnabled: false
16:15:53.108 [FXGL Background Thread 3 ] DEBUG Engine               - isCloseConfirmation: false
16:15:53.108 [FXGL Background Thread 3 ] DEBUG Engine               - isDesktop: true
16:15:53.108 [FXGL Background Thread 3 ] DEBUG Engine               - isDeveloperMenuEnabled: true
16:15:53.108 [FXGL Background Thread 3 ] DEBUG Engine               - isEmbedded: false
16:15:53.108 [FXGL Background Thread 3 ] DEBUG Engine               - isEntityPreloadEnabled: true
16:15:53.108 [FXGL Background Thread 3 ] DEBUG Engine               - isExperimentalTiledLargeMap: false
16:15:53.108 [FXGL Background Thread 3 ] DEBUG Engine               - isFileSystemWriteAllowed: true
16:15:53.108 [FXGL Background Thread 3 ] DEBUG Engine               - isFullScreenAllowed: true
16:15:53.108 [FXGL Background Thread 3 ] DEBUG Engine               - isFullScreenFromStart: false
16:15:53.108 [FXGL Background Thread 3 ] DEBUG Engine               - isGameMenuEnabled: true
16:15:53.108 [FXGL Background Thread 3 ] DEBUG Engine               - isIOS: false
16:15:53.108 [FXGL Background Thread 3 ] DEBUG Engine               - isIntroEnabled: false
16:15:53.108 [FXGL Background Thread 3 ] DEBUG Engine               - isLinux: false
16:15:53.108 [FXGL Background Thread 3 ] DEBUG Engine               - isMac: false
16:15:53.108 [FXGL Background Thread 3 ] DEBUG Engine               - isMainMenuEnabled: true
16:15:53.108 [FXGL Background Thread 3 ] DEBUG Engine               - isManualResizeEnabled: false
16:15:53.108 [FXGL Background Thread 3 ] DEBUG Engine               - isMobile: false
16:15:53.108 [FXGL Background Thread 3 ] DEBUG Engine               - isNative: false
16:15:53.108 [FXGL Background Thread 3 ] DEBUG Engine               - isPauseMusicWhenMinimized: true
16:15:53.108 [FXGL Background Thread 3 ] DEBUG Engine               - isPreserveResizeRatio: false
16:15:53.109 [FXGL Background Thread 3 ] DEBUG Engine               - isProfilingEnabled: false
16:15:53.109 [FXGL Background Thread 3 ] DEBUG Engine               - isScaleAffectedOnResize: true
16:15:53.109 [FXGL Background Thread 3 ] DEBUG Engine               - isSingleStep: false
16:15:53.109 [FXGL Background Thread 3 ] DEBUG Engine               - isUserProfileEnabled: false
16:15:53.109 [FXGL Background Thread 3 ] DEBUG Engine               - isWindows: true
16:15:53.109 [FXGL Background Thread 3 ] DEBUG Engine               - language: ObjectProperty [value: ENGLISH]
16:15:53.109 [FXGL Background Thread 3 ] DEBUG Engine               - menuKey: ESCAPE
16:15:53.109 [FXGL Background Thread 3 ] DEBUG Engine               - mouseSensitivity: 0.2
16:15:53.109 [FXGL Background Thread 3 ] DEBUG Engine               - notificationViewClass: class com.almasb.fxgl.notification.view.XboxNotificationView
16:15:53.109 [FXGL Background Thread 3 ] DEBUG Engine               - pixelsPerMeter: 50.0
16:15:53.109 [FXGL Background Thread 3 ] DEBUG Engine               - platform: WINDOWS
16:15:53.109 [FXGL Background Thread 3 ] DEBUG Engine               - prefHeightProperty: ReadOnlyDoubleProperty [value: 800.0]
16:15:53.109 [FXGL Background Thread 3 ] DEBUG Engine               - prefWidthProperty: ReadOnlyDoubleProperty [value: 800.0]
16:15:53.109 [FXGL Background Thread 3 ] DEBUG Engine               - profileDir: profiles/
16:15:53.109 [FXGL Background Thread 3 ] DEBUG Engine               - profileName: StringProperty [value: DEFAULT]
16:15:53.109 [FXGL Background Thread 3 ] DEBUG Engine               - randomSeed: -1
16:15:53.110 [FXGL Background Thread 3 ] DEBUG Engine               - runtimeInfo: RuntimeInfo(platform=WINDOWS, version=17, build=31.12.2021 18.16)
16:15:53.110 [FXGL Background Thread 3 ] DEBUG Engine               - saveFileExt: sav
16:15:53.111 [FXGL Background Thread 3 ] DEBUG Engine               - scaledHeightProp$fxgl: DoubleProperty [bound, value: 800.0]
16:15:53.111 [FXGL Background Thread 3 ] DEBUG Engine               - scaledWidthProp$fxgl: DoubleProperty [bound, value: 800.0]
16:15:53.111 [FXGL Background Thread 3 ] DEBUG Engine               - sceneFactory: com.almasb.fxgl.app.scene.SceneFactory@fcc50ad
16:15:53.111 [FXGL Background Thread 3 ] DEBUG Engine               - secondsIn24h: 60
16:15:53.111 [FXGL Background Thread 3 ] DEBUG Engine               - soundMenuBack: menu/back.wav
16:15:53.111 [FXGL Background Thread 3 ] DEBUG Engine               - soundMenuPress: menu/press.wav
16:15:53.111 [FXGL Background Thread 3 ] DEBUG Engine               - soundMenuSelect: menu/select.wav
16:15:53.111 [FXGL Background Thread 3 ] DEBUG Engine               - soundNotification: core/notification.wav
16:15:53.111 [FXGL Background Thread 3 ] DEBUG Engine               - stageStyle: DECORATED
16:15:53.111 [FXGL Background Thread 3 ] DEBUG Engine               - supportedLanguages: [ENGLISH, FRENCH, GERMAN, HUNGARIAN, RUSSIAN]
16:15:53.111 [FXGL Background Thread 3 ] DEBUG Engine               - ticksPerSecond: -1
16:15:53.111 [FXGL Background Thread 3 ] DEBUG Engine               - title: Zelda 2D Game par ماستن
16:15:53.111 [FXGL Background Thread 3 ] DEBUG Engine               - urlGithub: https://github.com/AlmasB/FXGL
16:15:53.111 [FXGL Background Thread 3 ] DEBUG Engine               - urlLeaderboard: http://fxgl-top.herokuapp.com/
16:15:53.111 [FXGL Background Thread 3 ] DEBUG Engine               - urlPOM: https://raw.githubusercontent.com/AlmasB/FXGL/release/README.md
16:15:53.111 [FXGL Background Thread 3 ] DEBUG Engine               - userAppClass: class com.example.zeldapuzzle.MainGameApp
16:15:53.111 [FXGL Background Thread 3 ] DEBUG Engine               - version: 1
16:15:53.111 [FXGL Background Thread 3 ] DEBUG Engine               - versionCheckDays: 7
16:15:53.111 [FXGL Background Thread 3 ] DEBUG Engine               - width: 800
16:15:53.111 [FXGL Background Thread 3 ] DEBUG Engine               - Logging services
16:15:53.111 [FXGL Background Thread 3 ] DEBUG Engine               - class com.almasb.fxgl.app.services.FXGLAssetLoaderService
16:15:53.111 [FXGL Background Thread 3 ] DEBUG Engine               - class com.almasb.fxgl.app.FXGLApplication$GameApplicationService
16:15:53.111 [FXGL Background Thread 3 ] DEBUG Engine               - class com.almasb.fxgl.app.services.FXGLDialogService
16:15:53.111 [FXGL Background Thread 3 ] DEBUG Engine               - class com.almasb.fxgl.app.services.IOTaskExecutorService
16:15:53.111 [FXGL Background Thread 3 ] DEBUG Engine               - class com.almasb.fxgl.io.FileSystemService
16:15:53.111 [FXGL Background Thread 3 ] DEBUG Engine               - class com.almasb.fxgl.localization.LocalizationService
16:15:53.111 [FXGL Background Thread 3 ] DEBUG Engine               - class com.almasb.fxgl.app.services.SystemBundleService
16:15:53.111 [FXGL Background Thread 3 ] DEBUG Engine               - class com.almasb.fxgl.profile.SaveLoadService
16:15:53.111 [FXGL Background Thread 3 ] DEBUG Engine               - class com.almasb.fxgl.ui.FXGLUIFactoryServiceProvider
16:15:53.111 [FXGL Background Thread 3 ] DEBUG Engine               - class com.almasb.fxgl.ui.FXGLDialogFactoryServiceProvider
16:15:53.112 [FXGL Background Thread 3 ] DEBUG Engine               - class com.almasb.fxgl.audio.AudioPlayer
16:15:53.112 [FXGL Background Thread 3 ] DEBUG Engine               - class com.almasb.fxgl.notification.impl.NotificationServiceProvider
16:15:53.112 [FXGL Background Thread 3 ] DEBUG Engine               - class com.almasb.fxgl.achievement.AchievementService
16:15:53.112 [FXGL Background Thread 3 ] DEBUG Engine               - class com.almasb.fxgl.cutscene.CutsceneService
16:15:53.112 [FXGL Background Thread 3 ] DEBUG Engine               - class com.almasb.fxgl.minigames.MiniGameService
16:15:53.112 [FXGL Background Thread 3 ] DEBUG Engine               - class com.almasb.fxgl.net.NetService
16:15:53.112 [FXGL Background Thread 3 ] DEBUG Engine               - class com.almasb.fxgl.app.services.UpdaterService
16:15:53.112 [FXGL Background Thread 3 ] DEBUG Engine               - class com.almasb.fxgl.dev.DevService
16:15:54.420 [JavaFX Application Thread] WARN  TMXLevelLoader       - TiledMap generated from 1.10.2. Supported version: 1.2.3. Some features may not be parsed fully.
16:15:54.459 [JavaFX Application Thread] DEBUG TMXLevelLoader       - Parsed TiledMap: file:/C:/Users/Utilisateur/IdeaProjects/zeldaPuzzle/target/classes/assets/levels/leDongeon.tmx
16:15:54.459 [JavaFX Application Thread] DEBUG TMXLevelLoader       - Creating tile layer entities
16:15:54.459 [JavaFX Application Thread] DEBUG TilesetLoader        - Loading view for layer BG1
16:15:54.466 [JavaFX Application Thread] DEBUG TilesetLoader        - Created buffer with size 2400.0x800.0
16:15:54.487 [JavaFX Application Thread] DEBUG TilesetLoader        - Loading view for layer BG2
16:15:54.490 [JavaFX Application Thread] DEBUG TilesetLoader        - Created buffer with size 2400.0x800.0
16:15:54.506 [JavaFX Application Thread] DEBUG TilesetLoader        - Loading view for layer BG3
16:15:54.506 [JavaFX Application Thread] DEBUG TilesetLoader        - Created buffer with size 2400.0x800.0
16:15:54.521 [JavaFX Application Thread] DEBUG TilesetLoader        - Loading view for layer BG4a
16:15:54.525 [JavaFX Application Thread] DEBUG TilesetLoader        - Created buffer with size 2400.0x800.0
16:15:54.538 [JavaFX Application Thread] DEBUG TilesetLoader        - Loading view for layer BG4b
16:15:54.544 [JavaFX Application Thread] DEBUG TilesetLoader        - Created buffer with size 2400.0x800.0
16:15:54.558 [JavaFX Application Thread] DEBUG TilesetLoader        - Loading view for layer MainBuild3
16:15:54.561 [JavaFX Application Thread] DEBUG TilesetLoader        - Created buffer with size 2400.0x800.0
16:15:54.607 [JavaFX Application Thread] DEBUG TilesetLoader        - Loading view for layer MainBuild2
16:15:54.612 [JavaFX Application Thread] DEBUG TilesetLoader        - Created buffer with size 2400.0x800.0
16:15:54.619 [JavaFX Application Thread] DEBUG TilesetLoader        - Loading view for layer MainBuild
16:15:54.619 [JavaFX Application Thread] DEBUG TilesetLoader        - Created buffer with size 2400.0x800.0
16:15:54.623 [JavaFX Application Thread] DEBUG TMXLevelLoader       - Creating object layer entities
16:15:54.636 [JavaFX Application Thread] DEBUG GameWorld            - Clearing removable entities
16:15:54.639 [JavaFX Application Thread] DEBUG GameWorld            - Setting level: com.almasb.fxgl.entity.level.Level@2ba723d6
16:15:54.651 [JavaFX Application Thread] WARN  GameWorld            - Entity is already attached to world
16:15:58.835 [JavaFX Application Thread] WARN  GameWorld            - Entity is already attached to world
16:15:59.800 [JavaFX Application Thread] DEBUG LoopRunner           - Stopping loop
16:15:59.802 [JavaFX Application Thread] FATAL FXGLApplication      - Uncaught Exception:
java.lang.NullPointerException: Cannot invoke "com.almasb.fxgl.entity.Entity.getX()" because "this.lance" is null
	at com.example.zeldapuzzle/com.example.zeldapuzzle.GameEntityFactory.lanceMove(GameEntityFactory.java:417)
	at java.base/jdk.internal.reflect.DirectMethodHandleAccessor.invoke(DirectMethodHandleAccessor.java:104)
	at java.base/java.lang.reflect.Method.invoke(Method.java:578)
	at com.almasb.fxgl.core@17/com.almasb.fxgl.core.reflect.ReflectionUtils.call(ReflectionUtils.java:104)
	at com.almasb.fxgl.core@17/com.almasb.fxgl.core.reflect.ReflectionUtils.lambda$mapToFunction$3(ReflectionUtils.java:111)
	at com.almasb.fxgl.entity@17/com.almasb.fxgl.entity.GameWorld$create$2.invoke(GameWorld.kt:430)
	at com.almasb.fxgl.entity@17/com.almasb.fxgl.entity.GameWorld$create$2.invoke(GameWorld.kt:430)
	at com.almasb.fxgl.core@17/com.almasb.fxgl.core.util.DSLKt.tryCatchRoot(DSL.kt:34)
	at com.almasb.fxgl.entity@17/com.almasb.fxgl.entity.GameWorld.create(GameWorld.kt:430)
	at com.almasb.fxgl.entity@17/com.almasb.fxgl.entity.GameWorld.spawn(GameWorld.kt:396)
	at com.almasb.fxgl.entity@17/com.almasb.fxgl.entity.GameWorld.spawn(GameWorld.kt:384)
	at com.almasb.fxgl.entity@17/com.almasb.fxgl.entity.GameWorld.spawn(GameWorld.kt:359)
	at com.almasb.fxgl.all@17/com.almasb.fxgl.dsl.FXGL$Companion.spawn(FXGL.kt:451)
	at com.almasb.fxgl.all@17/com.almasb.fxgl.dsl.FXGL.spawn(FXGL.kt)
	at com.example.zeldapuzzle/com.example.zeldapuzzle.MainGameApp$13.lambda$onCollisionBegin$0(MainGameApp.java:356)
	at javafx.base@19/com.sun.javafx.event.CompositeEventHandler.dispatchBubblingEvent(CompositeEventHandler.java:86)
	at javafx.base@19/com.sun.javafx.event.EventHandlerManager.dispatchBubblingEvent(EventHandlerManager.java:234)
	at javafx.base@19/com.sun.javafx.event.EventHandlerManager.dispatchBubblingEvent(EventHandlerManager.java:191)
	at javafx.base@19/com.sun.javafx.event.CompositeEventDispatcher.dispatchBubblingEvent(CompositeEventDispatcher.java:59)
	at javafx.base@19/com.sun.javafx.event.BasicEventDispatcher.dispatchEvent(BasicEventDispatcher.java:58)
	at javafx.base@19/com.sun.javafx.event.EventDispatchChainImpl.dispatchEvent(EventDispatchChainImpl.java:114)
	at javafx.base@19/com.sun.javafx.event.BasicEventDispatcher.dispatchEvent(BasicEventDispatcher.java:56)
	at javafx.base@19/com.sun.javafx.event.EventDispatchChainImpl.dispatchEvent(EventDispatchChainImpl.java:114)
	at javafx.base@19/com.sun.javafx.event.BasicEventDispatcher.dispatchEvent(BasicEventDispatcher.java:56)
	at javafx.base@19/com.sun.javafx.event.EventDispatchChainImpl.dispatchEvent(EventDispatchChainImpl.java:114)
	at javafx.base@19/com.sun.javafx.event.EventUtil.fireEventImpl(EventUtil.java:74)
	at javafx.base@19/com.sun.javafx.event.EventUtil.fireEvent(EventUtil.java:54)
	at javafx.base@19/javafx.event.Event.fireEvent(Event.java:198)
	at javafx.graphics@19/javafx.scene.Scene$ClickGenerator.postProcess(Scene.java:3599)
	at javafx.graphics@19/javafx.scene.Scene$MouseHandler.process(Scene.java:3903)
	at javafx.graphics@19/javafx.scene.Scene.processMouseEvent(Scene.java:1887)
	at javafx.graphics@19/javafx.scene.Scene$ScenePeerListener.mouseEvent(Scene.java:2620)
	at javafx.graphics@19/com.sun.javafx.tk.quantum.GlassViewEventHandler$MouseEventNotification.run(GlassViewEventHandler.java:411)
	at javafx.graphics@19/com.sun.javafx.tk.quantum.GlassViewEventHandler$MouseEventNotification.run(GlassViewEventHandler.java:301)
	at java.base/java.security.AccessController.doPrivileged(AccessController.java:399)
	at javafx.graphics@19/com.sun.javafx.tk.quantum.GlassViewEventHandler.lambda$handleMouseEvent$2(GlassViewEventHandler.java:450)
	at javafx.graphics@19/com.sun.javafx.tk.quantum.QuantumToolkit.runWithoutRenderLock(QuantumToolkit.java:424)
	at javafx.graphics@19/com.sun.javafx.tk.quantum.GlassViewEventHandler.handleMouseEvent(GlassViewEventHandler.java:449)
	at javafx.graphics@19/com.sun.glass.ui.View.handleMouseEvent(View.java:551)
	at javafx.graphics@19/com.sun.glass.ui.View.notifyMouse(View.java:937)
	at javafx.graphics@19/com.sun.glass.ui.win.WinApplication._runLoop(Native Method)
	at javafx.graphics@19/com.sun.glass.ui.win.WinApplication.lambda$runLoop$3(WinApplication.java:184)
	at java.base/java.lang.Thread.run(Thread.java:1589)

16:15:59.802 [JavaFX Application Thread] FATAL FXGLApplication      - Application will now exit
16:15:59.806 [JavaFX Application Thread] DEBUG PrimaryStageWindow   - Push state: ErrorSubScene
16:15:59.806 [JavaFX Application Thread] DEBUG Input                - Clearing active input actions
16:15:59.806 [JavaFX Application Thread] DEBUG GameApplicationServi - Removing overlay from GameScene and adding to ErrorSubScene
16:15:59.807 [JavaFX Application Thread] DEBUG PrimaryStageWindow   - GameScene -> ErrorSubScene
16:16:02.629 [JavaFX Application Thread] DEBUG FXGLApplication      - Exiting FXGL
16:16:02.629 [JavaFX Application Thread] DEBUG Async                - Shutting down background threads
16:16:02.630 [JavaFX Application Thread] DEBUG PrimaryStageWindow   - Closing main window
16:16:02.642 [JavaFX Application Thread] DEBUG Logger               - Closing Logger
