11:34:42.158 [main                     ] DEBUG Logger               - Configured Logger
11:34:42.193 [main                     ] DEBUG GameApplication      - Logging settings
Title: Untitled
Version: 0.0
Width: 800
Height: 600
Fullscreen: false
Intro: false
Profiling: false
Single step:false
App Mode: DEVELOPER
Menu Key: ESCAPE
Stage Style: DECORATED
Scene Factory: class com.almasb.fxgl.app.scene.SceneFactory

11:34:42.575 [JavaFX Application Thread] DEBUG FXGLApplication      - Initializing FXGL
11:34:42.580 [JavaFX Application Thread] INFO  Engine               - FXGL-17 (31.12.2021 18.16) on MAC (J:21.0.2 FX:19)
11:34:42.581 [JavaFX Application Thread] DEBUG Engine               - JRE Vendor Name: Oracle Corporation
11:34:42.581 [JavaFX Application Thread] DEBUG Engine               - Running on OS: Mac OS X version 12.5
11:34:42.581 [JavaFX Application Thread] DEBUG Engine               - Architecture: aarch64
11:34:42.581 [JavaFX Application Thread] INFO  Engine               - Source code and latest versions at: https://github.com/AlmasB/FXGL
11:34:42.582 [JavaFX Application Thread] INFO  Engine               -       Ask questions and discuss at: https://github.com/AlmasB/FXGL/discussions
11:34:42.582 [JavaFX Application Thread] INFO  Engine               -              Join the FXGL chat at: https://gitter.im/AlmasB/FXGL
11:34:42.680 [JavaFX Application Thread] DEBUG PrimaryStageWindow   - Creating a JavaFX scene
11:34:42.728 [JavaFX Application Thread] DEBUG PrimaryStageWindow   - Target settings size: 800.0 x 600.0
11:34:42.728 [JavaFX Application Thread] DEBUG PrimaryStageWindow   - Scaled scene size:    800.0 x 600.0
11:34:42.728 [JavaFX Application Thread] DEBUG PrimaryStageWindow   - Scaled ratio: (1.0, 1.0)
11:34:42.729 [JavaFX Application Thread] DEBUG PrimaryStageWindow   - Set initial scene to FXGLStartupScene
11:34:42.734 [JavaFX Application Thread] DEBUG PrimaryStageWindow   - Opening main window
11:34:42.822 [JavaFX Application Thread] DEBUG PrimaryStageWindow   - Window border size: (0.0, 28.0)
11:34:42.822 [JavaFX Application Thread] DEBUG PrimaryStageWindow   - Scaled size: 800.0 x 600.0
11:34:42.823 [JavaFX Application Thread] DEBUG PrimaryStageWindow   - Scaled ratio: (1.0, 1.0)
11:34:42.823 [JavaFX Application Thread] DEBUG PrimaryStageWindow   - Scene size: 800.0 x 600.0
11:34:42.823 [JavaFX Application Thread] DEBUG PrimaryStageWindow   - Stage size: 800.0 x 628.0
11:34:42.830 [FXGL Background Thread 1 ] DEBUG Engine               - Initializing environment variables
11:34:42.918 [FXGL Background Thread 1 ] DEBUG FXGLAssetLoaderServi - User app class for loading assets: class com.example.zeldapuzzle.spriteAnimations
11:34:42.918 [FXGL Background Thread 1 ] DEBUG GameApplicationServi - Applying CSS: fxgl_dark.css
11:34:42.921 [FXGL Background Thread 1 ] DEBUG FXGLAssetLoaderServi - Loading from file system: jar:file:///Users/CHLaroche05/.m2/repository/com/github/almasb/fxgl/17/fxgl-17.jar!/fxglassets/ui/css/fxgl_dark.css
11:34:42.990 [FXGL Background Thread 1 ] DEBUG GameApplicationServi - Initializing application scenes
11:34:43.328 [FXGL Background Thread 1 ] DEBUG GameWorld            - Game world initialized
11:34:43.390 [FXGL Background Thread 1 ] DEBUG PhysicsWorld         - Physics world initialized: appHeight=600, physics.ppm=50.0
11:34:43.390 [FXGL Background Thread 1 ] DEBUG PhysicsWorld         - Using strategy: BRUTE_FORCE
11:34:43.393 [FXGL Background Thread 1 ] DEBUG GameScene            - Game scene initialized: 800x600
11:34:43.402 [FXGL Background Thread 1 ] DEBUG FXGL.DefaultMenu     - createMenuBodyGameMenu()
11:34:43.415 [FXGL Background Thread 1 ] DEBUG FXGL.DefaultMenu     - createOptionsMenu()
11:34:43.423 [FXGL Background Thread 1 ] DEBUG FXGLAssetLoaderServi - Loading from file system: jar:file:///Users/CHLaroche05/.m2/repository/com/github/almasb/fxgl/17/fxgl-17.jar!/fxglassets/textures/particles/smoke.png
11:34:43.505 [FXGL Background Thread 1 ] DEBUG FXGLAssetLoaderServi - Loading from file system: jar:file:///Users/CHLaroche05/.m2/repository/com/github/almasb/fxgl/17/fxgl-17.jar!/fxglassets/textures/particles/trace_horizontal.png
11:34:43.529 [FXGL Background Thread 1 ] DEBUG GameApplicationServi - Application scenes initialized
11:34:43.538 [FXGL Background Thread 1 ] DEBUG SystemBundleService  - Loading FXGL system data
11:34:43.542 [FXGL Background Thread 1 ] DEBUG FileSystemAccess     - Reading from: /Users/CHLaroche05/zelda/zeldaPuzzle/system/fxgl.bundle
11:34:43.547 [FXGL Background Thread 1 ] DEBUG SystemBundleService  - Bundle FXGL: {}
11:34:43.548 [FXGL Background Thread 1 ] DEBUG UpdaterService       - Checking for updates
11:34:43.550 [FXGL Background Thread 4 ] DEBUG FXGLApplication      - Loading fonts
11:34:43.551 [FXGL Background Thread 1 ] DEBUG FXGLApplication      - Loading default localization
11:34:43.551 [FXGL Background Thread 4 ] DEBUG FXGLAssetLoaderServi - Loading from file system: jar:file:///Users/CHLaroche05/.m2/repository/com/github/almasb/fxgl/17/fxgl-17.jar!/fxglassets/ui/fonts/VarelaRound-Regular.ttf
11:34:43.551 [FXGL Background Thread 1 ] DEBUG FXGLAssetLoaderServi - Loading from file system: jar:file:///Users/CHLaroche05/.m2/repository/com/github/almasb/fxgl/17/fxgl-17.jar!/fxglassets/languages/english.lang
11:34:43.558 [FXGL Background Thread 4 ] DEBUG FXGLAssetLoaderServi - Loading from file system: jar:file:///Users/CHLaroche05/.m2/repository/com/github/almasb/fxgl/17/fxgl-17.jar!/fxglassets/ui/fonts/Abel-Regular.ttf
11:34:43.560 [FXGL Background Thread 4 ] DEBUG FXGLAssetLoaderServi - Loading from file system: jar:file:///Users/CHLaroche05/.m2/repository/com/github/almasb/fxgl/17/fxgl-17.jar!/fxglassets/ui/fonts/TerminalLandMono-Regular.otf
11:34:43.562 [FXGL Background Thread 4 ] DEBUG FXGLAssetLoaderServi - Loading from file system: jar:file:///Users/CHLaroche05/.m2/repository/com/github/almasb/fxgl/17/fxgl-17.jar!/fxglassets/ui/fonts/Courier-Prime.ttf
11:34:43.563 [FXGL Background Thread 1 ] INFO  FXGLApplication      - FXGL initialization took: 0.732 sec
11:34:43.563 [JavaFX Application Thread] DEBUG FXGLAssetLoaderServi - Loading from file system: jar:file:///Users/CHLaroche05/.m2/repository/com/github/almasb/fxgl/17/fxgl-17.jar!/fxglassets/textures/fxgl_icon.png
11:34:43.586 [JavaFX Application Thread] DEBUG FXGLAssetLoaderServi - Loading from file system: jar:file:///Users/CHLaroche05/.m2/repository/com/github/almasb/fxgl/17/fxgl-17.jar!/fxglassets/textures/fxgl_default_cursor.png
11:34:43.593 [JavaFX Application Thread] DEBUG Input                - Registered new binding: Screenshot - CTRL+8
11:34:43.593 [JavaFX Application Thread] DEBUG Input                - Registered new binding: System info dump - CTRL+9
11:34:43.593 [JavaFX Application Thread] DEBUG Input                - Registered new binding: Restart - CTRL+R
11:34:43.593 [JavaFX Application Thread] DEBUG Input                - Registered new binding: Toggle Debug Camera - CTRL+7
11:34:43.594 [JavaFX Application Thread] DEBUG LoopRunner           - Starting loop
11:34:43.594 [JavaFX Application Thread] DEBUG LoopRunner           - Initializing JavaFX AnimationTimerLoop
11:34:43.595 [JavaFX Application Thread] DEBUG GameApplicationServi - Starting new game
11:34:43.595 [JavaFX Application Thread] DEBUG Input                - Clearing active input actions
11:34:43.602 [JavaFX Application Thread] DEBUG GameApplicationServi - Removing overlay from FXGLStartupScene and adding to FXGLLoadingScene
11:34:43.602 [JavaFX Application Thread] DEBUG PrimaryStageWindow   - FXGLStartupScene -> FXGLLoadingScene
11:34:43.602 [JavaFX Application Thread] DEBUG GameApplicationServi - Clearing previous game
11:34:43.602 [JavaFX Application Thread] DEBUG GameScene            - Clearing game scene
11:34:43.602 [JavaFX Application Thread] DEBUG GameWorld            - Clearing game world
11:34:43.603 [JavaFX Application Thread] DEBUG PhysicsWorld         - Clearing physics world
11:34:43.604 [FXGL Background Thread 4 ] DEBUG FXGLApplication      - Initializing game
11:34:43.604 [FXGL Background Thread 4 ] INFO  FXGLApplication      - Game initialization took: 0.000 sec
11:34:43.620 [JavaFX Application Thread] DEBUG FXGLApplication      - Registering font factories with UI factory
11:34:43.623 [JavaFX Application Thread] DEBUG Input                - Clearing active input actions
11:34:43.627 [JavaFX Application Thread] DEBUG GameApplicationServi - Removing overlay from FXGLLoadingScene and adding to GameScene
11:34:43.627 [JavaFX Application Thread] DEBUG PrimaryStageWindow   - FXGLLoadingScene -> GameScene
11:34:43.870 [FXGL Background Thread 2 ] INFO  UpdaterService       - Your current version:  17
11:34:43.870 [FXGL Background Thread 2 ] INFO  UpdaterService       - Latest stable version: 21
11:34:44.613 [JavaFX Application Thread] DEBUG FXGLApplication      - Exiting FXGL
11:34:44.613 [JavaFX Application Thread] DEBUG LoopRunner           - Stopping loop
11:34:44.613 [JavaFX Application Thread] DEBUG SystemBundleService  - Saving FXGL system data
11:34:44.617 [JavaFX Application Thread] DEBUG FileSystemAccess     - Writing to: /Users/CHLaroche05/zelda/zeldaPuzzle/system/fxgl.bundle
11:34:44.621 [JavaFX Application Thread] DEBUG Async                - Shutting down background threads
11:34:44.622 [JavaFX Application Thread] DEBUG PrimaryStageWindow   - Closing main window
11:34:44.630 [JavaFX Application Thread] DEBUG Logger               - Closing Logger
