02:30:02.927 [main                     ] DEBUG Logger               - Configured Logger
02:30:02.942 [main                     ] DEBUG GameApplication      - Logging settings
Title: Zelda 2D Game
Version: 1
Width: 800
Height: 800
Fullscreen: true
Intro: false
Profiling: false
Single step:false
App Mode: DEVELOPER
Menu Key: ESCAPE
Stage Style: DECORATED
Scene Factory: class com.almasb.fxgl.app.scene.SceneFactory

02:30:03.069 [JavaFX Application Thread] DEBUG FXGLApplication      - Initializing FXGL
02:30:03.073 [JavaFX Application Thread] INFO  Engine               - FXGL-17 (31.12.2021 18.16) on WINDOWS (J:21.0.2 FX:19)
02:30:03.074 [JavaFX Application Thread] DEBUG Engine               - JRE Vendor Name: Oracle Corporation
02:30:03.074 [JavaFX Application Thread] DEBUG Engine               - Running on OS: Windows 10 version 10.0
02:30:03.074 [JavaFX Application Thread] DEBUG Engine               - Architecture: amd64
02:30:03.074 [JavaFX Application Thread] INFO  Engine               - Source code and latest versions at: https://github.com/AlmasB/FXGL
02:30:03.074 [JavaFX Application Thread] INFO  Engine               -       Ask questions and discuss at: https://github.com/AlmasB/FXGL/discussions
02:30:03.074 [JavaFX Application Thread] INFO  Engine               -              Join the FXGL chat at: https://gitter.im/AlmasB/FXGL
02:30:03.146 [JavaFX Application Thread] DEBUG PrimaryStageWindow   - Creating a JavaFX scene
02:30:03.193 [JavaFX Application Thread] DEBUG PrimaryStageWindow   - Target settings size: 800.0 x 800.0
02:30:03.193 [JavaFX Application Thread] DEBUG PrimaryStageWindow   - Scaled scene size:    800.0 x 800.0
02:30:03.194 [JavaFX Application Thread] DEBUG PrimaryStageWindow   - Scaled ratio: (1.0, 1.0)
02:30:03.194 [JavaFX Application Thread] DEBUG PrimaryStageWindow   - Set initial scene to FXGLStartupScene
02:30:03.199 [JavaFX Application Thread] DEBUG PrimaryStageWindow   - Opening main window
02:30:03.278 [JavaFX Application Thread] DEBUG PrimaryStageWindow   - Window border size: (16.0, 39.0)
02:30:03.278 [JavaFX Application Thread] DEBUG PrimaryStageWindow   - Scaled size: 800.0 x 800.0
02:30:03.278 [JavaFX Application Thread] DEBUG PrimaryStageWindow   - Scaled ratio: (1.0, 1.0)
02:30:03.278 [JavaFX Application Thread] DEBUG PrimaryStageWindow   - Scene size: 800.0 x 800.0
02:30:03.278 [JavaFX Application Thread] DEBUG PrimaryStageWindow   - Stage size: 816.0 x 839.0
02:30:03.285 [FXGL Background Thread 1 ] DEBUG Engine               - Initializing environment variables
02:30:03.330 [FXGL Background Thread 1 ] DEBUG FXGLAssetLoaderServi - User app class for loading assets: class com.example.zeldapuzzle.MainGameApp
02:30:03.330 [FXGL Background Thread 1 ] DEBUG GameApplicationServi - Applying CSS: fxgl_dark.css
02:30:03.331 [FXGL Background Thread 1 ] DEBUG FXGLAssetLoaderServi - Loading from file system: jar:file:///C:/Users/mbour/.m2/repository/com/github/almasb/fxgl/17/fxgl-17.jar!/fxglassets/ui/css/fxgl_dark.css
02:30:03.368 [FXGL Background Thread 1 ] DEBUG GameApplicationServi - Initializing application scenes
02:30:03.405 [FXGL Background Thread 1 ] DEBUG GameWorld            - Game world initialized
02:30:03.464 [FXGL Background Thread 1 ] DEBUG PhysicsWorld         - Physics world initialized: appHeight=800, physics.ppm=50,0
02:30:03.464 [FXGL Background Thread 1 ] DEBUG PhysicsWorld         - Using strategy: BRUTE_FORCE
02:30:03.467 [FXGL Background Thread 1 ] DEBUG GameScene            - Game scene initialized: 800x800
02:30:03.476 [FXGL Background Thread 1 ] DEBUG FXGL.DefaultMenu     - createMenuBodyMainMenu()
02:30:03.488 [FXGL Background Thread 1 ] DEBUG FXGL.DefaultMenu     - createOptionsMenu()
02:30:03.497 [FXGL Background Thread 1 ] DEBUG FXGLAssetLoaderServi - Loading from file system: jar:file:///C:/Users/mbour/.m2/repository/com/github/almasb/fxgl/17/fxgl-17.jar!/fxglassets/textures/particles/smoke.png
02:30:03.563 [FXGL Background Thread 1 ] DEBUG FXGLAssetLoaderServi - Loading from file system: jar:file:///C:/Users/mbour/.m2/repository/com/github/almasb/fxgl/17/fxgl-17.jar!/fxglassets/textures/particles/trace_horizontal.png
02:30:03.577 [FXGL Background Thread 1 ] DEBUG FXGL.DefaultMenu     - createMenuBodyGameMenu()
02:30:03.578 [FXGL Background Thread 1 ] DEBUG FXGL.DefaultMenu     - createOptionsMenu()
02:30:03.592 [FXGL Background Thread 1 ] DEBUG GameApplicationServi - Application scenes initialized
02:30:03.604 [FXGL Background Thread 1 ] DEBUG SystemBundleService  - Loading FXGL system data
02:30:03.609 [FXGL Background Thread 1 ] DEBUG FileSystemAccess     - Reading from: C:\Users\mbour\OneDrive\Bureau\Zelda TOTK WINRAR\zeldaPuzzle\system\fxgl.bundle
02:30:03.619 [FXGL Background Thread 1 ] DEBUG SystemBundleService  - Bundle FXGL: {}
02:30:03.619 [FXGL Background Thread 1 ] DEBUG UpdaterService       - Checking for updates
02:30:03.643 [FXGL Background Thread 4 ] DEBUG FXGLApplication      - Loading fonts
02:30:03.643 [FXGL Background Thread 1 ] DEBUG FXGLApplication      - Loading default localization
02:30:03.644 [FXGL Background Thread 4 ] DEBUG FXGLAssetLoaderServi - Loading from file system: jar:file:///C:/Users/mbour/.m2/repository/com/github/almasb/fxgl/17/fxgl-17.jar!/fxglassets/ui/fonts/VarelaRound-Regular.ttf
02:30:03.644 [FXGL Background Thread 1 ] DEBUG FXGLAssetLoaderServi - Loading from file system: jar:file:///C:/Users/mbour/.m2/repository/com/github/almasb/fxgl/17/fxgl-17.jar!/fxglassets/languages/english.lang
02:30:03.659 [FXGL Background Thread 1 ] INFO  FXGLApplication      - FXGL initialization took: 0,375 sec
02:30:03.671 [JavaFX Application Thread] DEBUG Input                - Registered new binding: getPosition - P
02:30:03.672 [JavaFX Application Thread] DEBUG Input                - Registered new binding: zoom+ - Up
02:30:03.672 [JavaFX Application Thread] DEBUG Input                - Registered new binding: zoom- - Down
02:30:03.672 [JavaFX Application Thread] DEBUG Input                - Registered new binding: resetZoom - 0
02:30:03.672 [JavaFX Application Thread] DEBUG Input                - Registered new binding: Move right - D
02:30:03.672 [JavaFX Application Thread] DEBUG Input                - Registered new binding: Move left - A
02:30:03.673 [JavaFX Application Thread] DEBUG Input                - Registered new binding: Move Up - W
02:30:03.673 [JavaFX Application Thread] DEBUG Input                - Registered new binding: Move Down - S
02:30:03.673 [JavaFX Application Thread] DEBUG FXGLAssetLoaderServi - Loading from file system: jar:file:///C:/Users/mbour/.m2/repository/com/github/almasb/fxgl/17/fxgl-17.jar!/fxglassets/textures/fxgl_icon.png
02:30:03.683 [FXGL Background Thread 4 ] DEBUG FXGLAssetLoaderServi - Loading from file system: jar:file:///C:/Users/mbour/.m2/repository/com/github/almasb/fxgl/17/fxgl-17.jar!/fxglassets/ui/fonts/Abel-Regular.ttf
02:30:03.686 [JavaFX Application Thread] DEBUG FXGLAssetLoaderServi - Loading from file system: jar:file:///C:/Users/mbour/.m2/repository/com/github/almasb/fxgl/17/fxgl-17.jar!/fxglassets/textures/fxgl_default_cursor.png
02:30:03.689 [JavaFX Application Thread] DEBUG Input                - Registered new binding: Screenshot - CTRL+8
02:30:03.689 [JavaFX Application Thread] DEBUG Input                - Registered new binding: Dev Options - 1
02:30:03.690 [JavaFX Application Thread] DEBUG Input                - Registered new binding: Dev Console - 2
02:30:03.690 [JavaFX Application Thread] DEBUG Input                - Registered new binding: System info dump - CTRL+9
02:30:03.691 [JavaFX Application Thread] DEBUG Input                - Registered new binding: Restart - CTRL+R
02:30:03.692 [JavaFX Application Thread] DEBUG Input                - Registered new binding: Toggle Debug Camera - CTRL+7
02:30:03.693 [FXGL Background Thread 4 ] DEBUG FXGLAssetLoaderServi - Loading from file system: jar:file:///C:/Users/mbour/.m2/repository/com/github/almasb/fxgl/17/fxgl-17.jar!/fxglassets/ui/fonts/TerminalLandMono-Regular.otf
02:30:03.695 [JavaFX Application Thread] DEBUG LoopRunner           - Starting loop
02:30:03.705 [FXGL Background Thread 4 ] DEBUG FXGLAssetLoaderServi - Loading from file system: jar:file:///C:/Users/mbour/.m2/repository/com/github/almasb/fxgl/17/fxgl-17.jar!/fxglassets/ui/fonts/Courier-Prime.ttf
02:30:03.710 [JavaFX Application Thread] DEBUG LoopRunner           - Initializing JavaFX AnimationTimerLoop
02:30:03.713 [JavaFX Application Thread] DEBUG Input                - Clearing active input actions
02:30:03.723 [JavaFX Application Thread] DEBUG GameApplicationServi - Removing overlay from FXGLStartupScene and adding to FXGLMainMenuDummyScene
02:30:03.728 [JavaFX Application Thread] DEBUG PrimaryStageWindow   - FXGLStartupScene -> FXGLMainMenuDummyScene
02:30:03.728 [JavaFX Application Thread] DEBUG PrimaryStageWindow   - Push state: FXGLDefaultMenu
02:30:03.729 [JavaFX Application Thread] DEBUG Input                - Clearing active input actions
02:30:03.738 [JavaFX Application Thread] DEBUG GameApplicationServi - Removing overlay from FXGLMainMenuDummyScene and adding to FXGLDefaultMenu
02:30:03.739 [JavaFX Application Thread] DEBUG PrimaryStageWindow   - FXGLMainMenuDummyScene -> FXGLDefaultMenu
02:30:03.937 [JavaFX Application Thread] DEBUG FXGLApplication      - Registering font factories with UI factory
02:30:04.084 [FXGL Background Thread 2 ] INFO  UpdaterService       - Your current version:  17
02:30:04.084 [FXGL Background Thread 2 ] INFO  UpdaterService       - Latest stable version: 21.1
02:30:04.979 [JavaFX Application Thread] DEBUG Menu                 - fireNewGame()
02:30:04.979 [JavaFX Application Thread] DEBUG GameApplicationServi - Starting new game
02:30:04.981 [JavaFX Application Thread] DEBUG PrimaryStageWindow   - Pop state: FXGLDefaultMenu
02:30:04.981 [JavaFX Application Thread] DEBUG Input                - Clearing active input actions
02:30:04.982 [JavaFX Application Thread] DEBUG GameApplicationServi - Removing overlay from FXGLDefaultMenu and adding to FXGLMainMenuDummyScene
02:30:04.985 [JavaFX Application Thread] DEBUG PrimaryStageWindow   - FXGLMainMenuDummyScene <- FXGLDefaultMenu
02:30:04.985 [JavaFX Application Thread] DEBUG Input                - Clearing active input actions
02:30:04.992 [JavaFX Application Thread] DEBUG GameApplicationServi - Removing overlay from FXGLMainMenuDummyScene and adding to FXGLLoadingScene
02:30:04.992 [JavaFX Application Thread] DEBUG PrimaryStageWindow   - FXGLMainMenuDummyScene -> FXGLLoadingScene
02:30:04.992 [JavaFX Application Thread] DEBUG GameApplicationServi - Clearing previous game
02:30:04.992 [JavaFX Application Thread] DEBUG GameScene            - Clearing game scene
02:30:04.992 [JavaFX Application Thread] DEBUG GameWorld            - Clearing game world
02:30:04.993 [JavaFX Application Thread] DEBUG PhysicsWorld         - Clearing physics world
02:30:04.995 [FXGL Background Thread 2 ] DEBUG FXGLApplication      - Initializing game
02:30:05.039 [FXGL Background Thread 2 ] WARN  TMXLevelLoader       - TiledMap generated from 1.10.2. Supported version: 1.2.3. Some features may not be parsed fully.
02:30:05.050 [FXGL Background Thread 2 ] DEBUG TMXLevelLoader       - Parsed TiledMap: file:/C:/Users/mbour/OneDrive/Bureau/Zelda%20TOTK%20WINRAR/zeldaPuzzle/target/classes/assets/levels/StartingMap.tmx
02:30:05.051 [FXGL Background Thread 2 ] DEBUG TMXLevelLoader       - Creating tile layer entities
02:30:05.054 [FXGL Background Thread 2 ] DEBUG TilesetLoader        - Loading view for layer Calque de Tuiles 1
02:30:05.058 [FXGL Background Thread 2 ] DEBUG TilesetLoader        - Created buffer with size 1920.0x1920.0
02:30:05.070 [FXGL Background Thread 2 ] DEBUG TilesetLoader        - Loading view for layer Calque de Tuiles 2
02:30:05.073 [FXGL Background Thread 2 ] DEBUG TilesetLoader        - Created buffer with size 1920.0x1920.0
02:30:05.084 [FXGL Background Thread 2 ] DEBUG TilesetLoader        - Loading view for layer Calque de Tuiles 3
02:30:05.090 [FXGL Background Thread 2 ] DEBUG TilesetLoader        - Created buffer with size 1920.0x1920.0
02:30:05.091 [FXGL Background Thread 2 ] DEBUG TMXLevelLoader       - Creating object layer entities
02:30:05.108 [FXGL Background Thread 2 ] DEBUG GameWorld            - Clearing removable entities
02:30:05.108 [FXGL Background Thread 2 ] DEBUG GameWorld            - Setting level: com.almasb.fxgl.entity.level.Level@68f3baae
02:30:05.118 [FXGL Background Thread 2 ] WARN  GameWorld            - Entity is already attached to world
02:30:05.180 [FXGL Background Thread 2 ] WARN  GameWorld            - Entity is already attached to world
02:30:05.181 [FXGL Background Thread 2 ] INFO  FXGLApplication      - Game initialization took: 0,187 sec
02:30:05.182 [JavaFX Application Thread] DEBUG Input                - Clearing active input actions
02:30:05.187 [JavaFX Application Thread] DEBUG GameApplicationServi - Removing overlay from FXGLLoadingScene and adding to GameScene
02:30:05.189 [JavaFX Application Thread] DEBUG PrimaryStageWindow   - FXGLLoadingScene -> GameScene
02:30:06.642 [FXGL Background Thread 3 ] DEBUG Engine               - Logging environment variables
02:30:06.642 [FXGL Background Thread 3 ] DEBUG Engine               - achievements: []
02:30:06.642 [FXGL Background Thread 3 ] DEBUG Engine               - actualHeight: 800.0
02:30:06.642 [FXGL Background Thread 3 ] DEBUG Engine               - actualHeightProperty: ReadOnlyDoubleProperty [value: 800.0]
02:30:06.642 [FXGL Background Thread 3 ] DEBUG Engine               - actualWidth: 800.0
02:30:06.642 [FXGL Background Thread 3 ] DEBUG Engine               - actualWidthProperty: ReadOnlyDoubleProperty [value: 800.0]
02:30:06.642 [FXGL Background Thread 3 ] DEBUG Engine               - appIcon: fxgl_icon.png
02:30:06.642 [FXGL Background Thread 3 ] DEBUG Engine               - applicationMode: DEVELOPER
02:30:06.643 [FXGL Background Thread 3 ] DEBUG Engine               - cSSList: [fxgl_dark.css]
02:30:06.643 [FXGL Background Thread 3 ] DEBUG Engine               - collisionDetectionStrategy: BRUTE_FORCE
02:30:06.643 [FXGL Background Thread 3 ] DEBUG Engine               - configClass: Optional.empty
02:30:06.643 [FXGL Background Thread 3 ] DEBUG Engine               - credits: []
02:30:06.643 [FXGL Background Thread 3 ] DEBUG Engine               - defaultCursor: CursorInfo(imageName=fxgl_default_cursor.png, hotspotX=7.0, hotspotY=6.0)
02:30:06.643 [FXGL Background Thread 3 ] DEBUG Engine               - devBBoxColorProperty: ObjectProperty [value: 0xff0000ff]
02:30:06.643 [FXGL Background Thread 3 ] DEBUG Engine               - devEnableDebugCameraProperty: BooleanProperty [value: false]
02:30:06.643 [FXGL Background Thread 3 ] DEBUG Engine               - devSensorColorProperty: ObjectProperty [value: 0xffff00ff]
02:30:06.643 [FXGL Background Thread 3 ] DEBUG Engine               - devShowBBoxProperty: BooleanProperty [value: false]
02:30:06.643 [FXGL Background Thread 3 ] DEBUG Engine               - devShowPositionProperty: BooleanProperty [value: false]
02:30:06.643 [FXGL Background Thread 3 ] DEBUG Engine               - enabledMenuItems: []
02:30:06.644 [FXGL Background Thread 3 ] DEBUG Engine               - engineServices: [class com.almasb.fxgl.app.services.FXGLAssetLoaderService, class com.almasb.fxgl.app.FXGLApplication$GameApplicationService, class com.almasb.fxgl.app.services.FXGLDialogService, class com.almasb.fxgl.app.services.IOTaskExecutorService, class com.almasb.fxgl.io.FileSystemService, class com.almasb.fxgl.localization.LocalizationService, class com.almasb.fxgl.app.services.SystemBundleService, class com.almasb.fxgl.profile.SaveLoadService, class com.almasb.fxgl.ui.FXGLUIFactoryServiceProvider, class com.almasb.fxgl.ui.FXGLDialogFactoryServiceProvider, class com.almasb.fxgl.audio.AudioPlayer, class com.almasb.fxgl.notification.impl.NotificationServiceProvider, class com.almasb.fxgl.achievement.AchievementService, class com.almasb.fxgl.cutscene.CutsceneService, class com.almasb.fxgl.minigames.MiniGameService, class com.almasb.fxgl.net.NetService, class com.almasb.fxgl.app.services.UpdaterService, class com.almasb.fxgl.dev.DevService]
02:30:06.644 [FXGL Background Thread 3 ] DEBUG Engine               - fontGame: Abel-Regular.ttf
02:30:06.644 [FXGL Background Thread 3 ] DEBUG Engine               - fontMono: TerminalLandMono-Regular.otf
02:30:06.644 [FXGL Background Thread 3 ] DEBUG Engine               - fontText: Courier-Prime.ttf
02:30:06.644 [FXGL Background Thread 3 ] DEBUG Engine               - fontUI: VarelaRound-Regular.ttf
02:30:06.644 [FXGL Background Thread 3 ] DEBUG Engine               - fullScreen: BooleanProperty [value: false]
02:30:06.644 [FXGL Background Thread 3 ] DEBUG Engine               - gameDifficulty: MEDIUM
02:30:06.644 [FXGL Background Thread 3 ] DEBUG Engine               - gameDifficultyProperty: ObjectProperty [value: MEDIUM]
02:30:06.644 [FXGL Background Thread 3 ] DEBUG Engine               - globalMusicVolume: 0.5
02:30:06.644 [FXGL Background Thread 3 ] DEBUG Engine               - globalMusicVolumeProperty: DoubleProperty [value: 0.5]
02:30:06.644 [FXGL Background Thread 3 ] DEBUG Engine               - globalSoundVolume: 0.5
02:30:06.644 [FXGL Background Thread 3 ] DEBUG Engine               - globalSoundVolumeProperty: DoubleProperty [value: 0.5]
02:30:06.644 [FXGL Background Thread 3 ] DEBUG Engine               - height: 800
02:30:06.644 [FXGL Background Thread 3 ] DEBUG Engine               - is3D: false
02:30:06.644 [FXGL Background Thread 3 ] DEBUG Engine               - isAndroid: false
02:30:06.644 [FXGL Background Thread 3 ] DEBUG Engine               - isBrowser: false
02:30:06.644 [FXGL Background Thread 3 ] DEBUG Engine               - isClickFeedbackEnabled: false
02:30:06.644 [FXGL Background Thread 3 ] DEBUG Engine               - isCloseConfirmation: false
02:30:06.644 [FXGL Background Thread 3 ] DEBUG Engine               - isDesktop: true
02:30:06.644 [FXGL Background Thread 3 ] DEBUG Engine               - isDeveloperMenuEnabled: true
02:30:06.644 [FXGL Background Thread 3 ] DEBUG Engine               - isEmbedded: false
02:30:06.645 [FXGL Background Thread 3 ] DEBUG Engine               - isEntityPreloadEnabled: true
02:30:06.645 [FXGL Background Thread 3 ] DEBUG Engine               - isExperimentalTiledLargeMap: false
02:30:06.645 [FXGL Background Thread 3 ] DEBUG Engine               - isFileSystemWriteAllowed: true
02:30:06.645 [FXGL Background Thread 3 ] DEBUG Engine               - isFullScreenAllowed: true
02:30:06.645 [FXGL Background Thread 3 ] DEBUG Engine               - isFullScreenFromStart: false
02:30:06.645 [FXGL Background Thread 3 ] DEBUG Engine               - isGameMenuEnabled: true
02:30:06.645 [FXGL Background Thread 3 ] DEBUG Engine               - isIOS: false
02:30:06.645 [FXGL Background Thread 3 ] DEBUG Engine               - isIntroEnabled: false
02:30:06.645 [FXGL Background Thread 3 ] DEBUG Engine               - isLinux: false
02:30:06.645 [FXGL Background Thread 3 ] DEBUG Engine               - isMac: false
02:30:06.645 [FXGL Background Thread 3 ] DEBUG Engine               - isMainMenuEnabled: true
02:30:06.645 [FXGL Background Thread 3 ] DEBUG Engine               - isManualResizeEnabled: false
02:30:06.645 [FXGL Background Thread 3 ] DEBUG Engine               - isMobile: false
02:30:06.645 [FXGL Background Thread 3 ] DEBUG Engine               - isNative: false
02:30:06.645 [FXGL Background Thread 3 ] DEBUG Engine               - isPauseMusicWhenMinimized: true
02:30:06.645 [FXGL Background Thread 3 ] DEBUG Engine               - isPreserveResizeRatio: false
02:30:06.645 [FXGL Background Thread 3 ] DEBUG Engine               - isProfilingEnabled: false
02:30:06.645 [FXGL Background Thread 3 ] DEBUG Engine               - isScaleAffectedOnResize: true
02:30:06.645 [FXGL Background Thread 3 ] DEBUG Engine               - isSingleStep: false
02:30:06.645 [FXGL Background Thread 3 ] DEBUG Engine               - isUserProfileEnabled: false
02:30:06.645 [FXGL Background Thread 3 ] DEBUG Engine               - isWindows: true
02:30:06.645 [FXGL Background Thread 3 ] DEBUG Engine               - language: ObjectProperty [value: ENGLISH]
02:30:06.645 [FXGL Background Thread 3 ] DEBUG Engine               - menuKey: ESCAPE
02:30:06.645 [FXGL Background Thread 3 ] DEBUG Engine               - mouseSensitivity: 0.2
02:30:06.645 [FXGL Background Thread 3 ] DEBUG Engine               - notificationViewClass: class com.almasb.fxgl.notification.view.XboxNotificationView
02:30:06.645 [FXGL Background Thread 3 ] DEBUG Engine               - pixelsPerMeter: 50.0
02:30:06.646 [FXGL Background Thread 3 ] DEBUG Engine               - platform: WINDOWS
02:30:06.646 [FXGL Background Thread 3 ] DEBUG Engine               - prefHeightProperty: ReadOnlyDoubleProperty [value: 800.0]
02:30:06.646 [FXGL Background Thread 3 ] DEBUG Engine               - prefWidthProperty: ReadOnlyDoubleProperty [value: 800.0]
02:30:06.646 [FXGL Background Thread 3 ] DEBUG Engine               - profileDir: profiles/
02:30:06.646 [FXGL Background Thread 3 ] DEBUG Engine               - profileName: StringProperty [value: DEFAULT]
02:30:06.646 [FXGL Background Thread 3 ] DEBUG Engine               - randomSeed: -1
02:30:06.646 [FXGL Background Thread 3 ] DEBUG Engine               - runtimeInfo: RuntimeInfo(platform=WINDOWS, version=17, build=31.12.2021 18.16)
02:30:06.646 [FXGL Background Thread 3 ] DEBUG Engine               - saveFileExt: sav
02:30:06.646 [FXGL Background Thread 3 ] DEBUG Engine               - scaledHeightProp$fxgl: DoubleProperty [bound, value: 800.0]
02:30:06.646 [FXGL Background Thread 3 ] DEBUG Engine               - scaledWidthProp$fxgl: DoubleProperty [bound, value: 800.0]
02:30:06.646 [FXGL Background Thread 3 ] DEBUG Engine               - sceneFactory: com.almasb.fxgl.app.scene.SceneFactory@7cadd7b9
02:30:06.646 [FXGL Background Thread 3 ] DEBUG Engine               - secondsIn24h: 60
02:30:06.646 [FXGL Background Thread 3 ] DEBUG Engine               - soundMenuBack: menu/back.wav
02:30:06.646 [FXGL Background Thread 3 ] DEBUG Engine               - soundMenuPress: menu/press.wav
02:30:06.646 [FXGL Background Thread 3 ] DEBUG Engine               - soundMenuSelect: menu/select.wav
02:30:06.646 [FXGL Background Thread 3 ] DEBUG Engine               - soundNotification: core/notification.wav
02:30:06.646 [FXGL Background Thread 3 ] DEBUG Engine               - stageStyle: DECORATED
02:30:06.646 [FXGL Background Thread 3 ] DEBUG Engine               - supportedLanguages: [ENGLISH, FRENCH, GERMAN, HUNGARIAN, RUSSIAN]
02:30:06.647 [FXGL Background Thread 3 ] DEBUG Engine               - ticksPerSecond: -1
02:30:06.647 [FXGL Background Thread 3 ] DEBUG Engine               - title: Zelda 2D Game
02:30:06.647 [FXGL Background Thread 3 ] DEBUG Engine               - urlGithub: https://github.com/AlmasB/FXGL
02:30:06.647 [FXGL Background Thread 3 ] DEBUG Engine               - urlLeaderboard: http://fxgl-top.herokuapp.com/
02:30:06.647 [FXGL Background Thread 3 ] DEBUG Engine               - urlPOM: https://raw.githubusercontent.com/AlmasB/FXGL/release/README.md
02:30:06.647 [FXGL Background Thread 3 ] DEBUG Engine               - userAppClass: class com.example.zeldapuzzle.MainGameApp
02:30:06.647 [FXGL Background Thread 3 ] DEBUG Engine               - version: 1
02:30:06.647 [FXGL Background Thread 3 ] DEBUG Engine               - versionCheckDays: 7
02:30:06.647 [FXGL Background Thread 3 ] DEBUG Engine               - width: 800
02:30:06.647 [FXGL Background Thread 3 ] DEBUG Engine               - Logging services
02:30:06.647 [FXGL Background Thread 3 ] DEBUG Engine               - class com.almasb.fxgl.app.services.FXGLAssetLoaderService
02:30:06.647 [FXGL Background Thread 3 ] DEBUG Engine               - class com.almasb.fxgl.app.FXGLApplication$GameApplicationService
02:30:06.647 [FXGL Background Thread 3 ] DEBUG Engine               - class com.almasb.fxgl.app.services.FXGLDialogService
02:30:06.647 [FXGL Background Thread 3 ] DEBUG Engine               - class com.almasb.fxgl.app.services.IOTaskExecutorService
02:30:06.647 [FXGL Background Thread 3 ] DEBUG Engine               - class com.almasb.fxgl.io.FileSystemService
02:30:06.647 [FXGL Background Thread 3 ] DEBUG Engine               - class com.almasb.fxgl.localization.LocalizationService
02:30:06.647 [FXGL Background Thread 3 ] DEBUG Engine               - class com.almasb.fxgl.app.services.SystemBundleService
02:30:06.647 [FXGL Background Thread 3 ] DEBUG Engine               - class com.almasb.fxgl.profile.SaveLoadService
02:30:06.647 [FXGL Background Thread 3 ] DEBUG Engine               - class com.almasb.fxgl.ui.FXGLUIFactoryServiceProvider
02:30:06.647 [FXGL Background Thread 3 ] DEBUG Engine               - class com.almasb.fxgl.ui.FXGLDialogFactoryServiceProvider
02:30:06.647 [FXGL Background Thread 3 ] DEBUG Engine               - class com.almasb.fxgl.audio.AudioPlayer
02:30:06.647 [FXGL Background Thread 3 ] DEBUG Engine               - class com.almasb.fxgl.notification.impl.NotificationServiceProvider
02:30:06.647 [FXGL Background Thread 3 ] DEBUG Engine               - class com.almasb.fxgl.achievement.AchievementService
02:30:06.647 [FXGL Background Thread 3 ] DEBUG Engine               - class com.almasb.fxgl.cutscene.CutsceneService
02:30:06.647 [FXGL Background Thread 3 ] DEBUG Engine               - class com.almasb.fxgl.minigames.MiniGameService
02:30:06.647 [FXGL Background Thread 3 ] DEBUG Engine               - class com.almasb.fxgl.net.NetService
02:30:06.648 [FXGL Background Thread 3 ] DEBUG Engine               - class com.almasb.fxgl.app.services.UpdaterService
02:30:06.648 [FXGL Background Thread 3 ] DEBUG Engine               - class com.almasb.fxgl.dev.DevService
02:30:11.346 [JavaFX Application Thread] WARN  TMXLevelLoader       - TiledMap generated from 1.10.2. Supported version: 1.2.3. Some features may not be parsed fully.
02:30:11.357 [JavaFX Application Thread] DEBUG TMXLevelLoader       - Parsed TiledMap: file:/C:/Users/mbour/OneDrive/Bureau/Zelda%20TOTK%20WINRAR/zeldaPuzzle/target/classes/assets/levels/donjonPasFini.tmx
02:30:11.357 [JavaFX Application Thread] DEBUG TMXLevelLoader       - Creating tile layer entities
02:30:11.357 [JavaFX Application Thread] DEBUG TilesetLoader        - Loading view for layer Calque de Tuiles 2
02:30:11.362 [JavaFX Application Thread] DEBUG TilesetLoader        - Created buffer with size 3200.0x960.0
02:30:11.398 [JavaFX Application Thread] WARN  TilesetLoader        - Diagonally flipped tiles are not currently supported
02:30:11.399 [JavaFX Application Thread] WARN  TilesetLoader        - Diagonally flipped tiles are not currently supported
02:30:11.399 [JavaFX Application Thread] WARN  TilesetLoader        - Diagonally flipped tiles are not currently supported
02:30:11.399 [JavaFX Application Thread] WARN  TilesetLoader        - Diagonally flipped tiles are not currently supported
02:30:11.400 [JavaFX Application Thread] WARN  TilesetLoader        - Diagonally flipped tiles are not currently supported
02:30:11.400 [JavaFX Application Thread] WARN  TilesetLoader        - Diagonally flipped tiles are not currently supported
02:30:11.400 [JavaFX Application Thread] WARN  TilesetLoader        - Diagonally flipped tiles are not currently supported
02:30:11.400 [JavaFX Application Thread] WARN  TilesetLoader        - Diagonally flipped tiles are not currently supported
02:30:11.401 [JavaFX Application Thread] WARN  TilesetLoader        - Diagonally flipped tiles are not currently supported
02:30:11.401 [JavaFX Application Thread] WARN  TilesetLoader        - Diagonally flipped tiles are not currently supported
02:30:11.401 [JavaFX Application Thread] DEBUG TilesetLoader        - Loading view for layer background
02:30:11.406 [JavaFX Application Thread] DEBUG TilesetLoader        - Created buffer with size 3200.0x960.0
02:30:11.417 [JavaFX Application Thread] DEBUG TilesetLoader        - Loading view for layer Calque de Tuiles 3
02:30:11.422 [JavaFX Application Thread] DEBUG TilesetLoader        - Created buffer with size 3200.0x960.0
02:30:11.423 [JavaFX Application Thread] DEBUG TilesetLoader        - Loading view for layer Calque de Tuiles 1
02:30:11.428 [JavaFX Application Thread] DEBUG TilesetLoader        - Created buffer with size 3200.0x960.0
02:30:11.430 [JavaFX Application Thread] DEBUG TMXLevelLoader       - Creating object layer entities
02:30:11.434 [JavaFX Application Thread] DEBUG GameWorld            - Clearing removable entities
02:30:11.438 [JavaFX Application Thread] DEBUG GameWorld            - Setting level: com.almasb.fxgl.entity.level.Level@38a12e9b
02:30:11.493 [JavaFX Application Thread] WARN  GameWorld            - Entity is already attached to world
02:35:09.209 [JavaFX Application Thread] DEBUG LoopRunner           - Pausing loop
02:36:42.970 [JavaFX Application Thread] DEBUG LoopRunner           - Resuming loop
02:36:54.311 [JavaFX Application Thread] DEBUG FXGLApplication      - Exiting FXGL
02:36:54.311 [JavaFX Application Thread] DEBUG LoopRunner           - Stopping loop
02:36:54.311 [JavaFX Application Thread] DEBUG SystemBundleService  - Saving FXGL system data
02:36:54.314 [JavaFX Application Thread] DEBUG FileSystemAccess     - Writing to: C:\Users\mbour\OneDrive\Bureau\Zelda TOTK WINRAR\zeldaPuzzle\system\fxgl.bundle
02:36:54.316 [JavaFX Application Thread] DEBUG Async                - Shutting down background threads
02:36:54.316 [JavaFX Application Thread] DEBUG PrimaryStageWindow   - Closing main window
02:36:54.330 [JavaFX Application Thread] DEBUG Logger               - Closing Logger
