20:11:41.637 [main                     ] DEBUG Logger               - Configured Logger
20:11:41.652 [main                     ] DEBUG GameApplication      - Logging settings
Title: Zelda 2D Game
Version: 1
Width: 800
Height: 800
Fullscreen: true
Intro: false
Profiling: false
Single step:false
App Mode: DEVELOPER
Menu Key: ESCAPE
Stage Style: DECORATED
Scene Factory: class com.almasb.fxgl.app.scene.SceneFactory

20:11:41.887 [JavaFX Application Thread] DEBUG FXGLApplication      - Initializing FXGL
20:11:41.892 [JavaFX Application Thread] INFO  Engine               - FXGL-17 (31.12.2021 18.16) on MAC (J:19.0.1 FX:19)
20:11:41.893 [JavaFX Application Thread] DEBUG Engine               - JRE Vendor Name: Oracle Corporation
20:11:41.893 [JavaFX Application Thread] DEBUG Engine               - Running on OS: Mac OS X version 12.5
20:11:41.893 [JavaFX Application Thread] DEBUG Engine               - Architecture: aarch64
20:11:41.894 [JavaFX Application Thread] INFO  Engine               - Source code and latest versions at: https://github.com/AlmasB/FXGL
20:11:41.894 [JavaFX Application Thread] INFO  Engine               -       Ask questions and discuss at: https://github.com/AlmasB/FXGL/discussions
20:11:41.894 [JavaFX Application Thread] INFO  Engine               -              Join the FXGL chat at: https://gitter.im/AlmasB/FXGL
20:11:41.973 [JavaFX Application Thread] DEBUG PrimaryStageWindow   - Creating a JavaFX scene
20:11:42.018 [JavaFX Application Thread] DEBUG PrimaryStageWindow   - Target settings size: 800.0 x 800.0
20:11:42.018 [JavaFX Application Thread] DEBUG PrimaryStageWindow   - Scaled scene size:    800.0 x 800.0
20:11:42.018 [JavaFX Application Thread] DEBUG PrimaryStageWindow   - Scaled ratio: (1.0, 1.0)
20:11:42.019 [JavaFX Application Thread] DEBUG PrimaryStageWindow   - Set initial scene to FXGLStartupScene
20:11:42.024 [JavaFX Application Thread] DEBUG PrimaryStageWindow   - Opening main window
20:11:42.158 [JavaFX Application Thread] DEBUG PrimaryStageWindow   - Window border size: (0.0, 28.0)
20:11:42.158 [JavaFX Application Thread] DEBUG PrimaryStageWindow   - Scaled size: 800.0 x 800.0
20:11:42.158 [JavaFX Application Thread] DEBUG PrimaryStageWindow   - Scaled ratio: (1.0, 1.0)
20:11:42.159 [JavaFX Application Thread] DEBUG PrimaryStageWindow   - Scene size: 800.0 x 800.0
20:11:42.159 [JavaFX Application Thread] DEBUG PrimaryStageWindow   - Stage size: 800.0 x 828.0
20:11:42.164 [FXGL Background Thread 1 ] DEBUG Engine               - Initializing environment variables
20:11:42.211 [FXGL Background Thread 1 ] DEBUG FXGLAssetLoaderServi - User app class for loading assets: class com.example.zeldapuzzle.MainGameApp
20:11:42.211 [FXGL Background Thread 1 ] DEBUG GameApplicationServi - Applying CSS: fxgl_dark.css
20:11:42.212 [FXGL Background Thread 1 ] DEBUG FXGLAssetLoaderServi - Loading from file system: jar:file:///Users/CHLaroche05/.m2/repository/com/github/almasb/fxgl/17/fxgl-17.jar!/fxglassets/ui/css/fxgl_dark.css
20:11:42.257 [FXGL Background Thread 1 ] DEBUG GameApplicationServi - Initializing application scenes
20:11:42.436 [FXGL Background Thread 1 ] DEBUG GameWorld            - Game world initialized
20:11:42.505 [FXGL Background Thread 1 ] DEBUG PhysicsWorld         - Physics world initialized: appHeight=800, physics.ppm=50.0
20:11:42.506 [FXGL Background Thread 1 ] DEBUG PhysicsWorld         - Using strategy: BRUTE_FORCE
20:11:42.511 [FXGL Background Thread 1 ] DEBUG GameScene            - Game scene initialized: 800x800
20:11:42.528 [FXGL Background Thread 1 ] DEBUG FXGL.DefaultMenu     - createMenuBodyMainMenu()
20:11:42.554 [FXGL Background Thread 1 ] DEBUG FXGL.DefaultMenu     - createOptionsMenu()
20:11:42.586 [FXGL Background Thread 1 ] DEBUG FXGLAssetLoaderServi - Loading from file system: jar:file:///Users/CHLaroche05/.m2/repository/com/github/almasb/fxgl/17/fxgl-17.jar!/fxglassets/textures/particles/smoke.png
20:11:42.756 [FXGL Background Thread 1 ] DEBUG FXGLAssetLoaderServi - Loading from file system: jar:file:///Users/CHLaroche05/.m2/repository/com/github/almasb/fxgl/17/fxgl-17.jar!/fxglassets/textures/particles/trace_horizontal.png
20:11:42.784 [FXGL Background Thread 1 ] DEBUG FXGL.DefaultMenu     - createMenuBodyGameMenu()
20:11:42.785 [FXGL Background Thread 1 ] DEBUG FXGL.DefaultMenu     - createOptionsMenu()
20:11:42.832 [FXGL Background Thread 1 ] DEBUG GameApplicationServi - Application scenes initialized
20:11:42.849 [FXGL Background Thread 1 ] DEBUG SystemBundleService  - Loading FXGL system data
20:11:42.855 [FXGL Background Thread 1 ] DEBUG FileSystemAccess     - Reading from: /Users/CHLaroche05/zelda/zeldaPuzzle/system/fxgl.bundle
20:11:42.869 [FXGL Background Thread 1 ] DEBUG SystemBundleService  - Bundle FXGL: {}
20:11:42.869 [FXGL Background Thread 1 ] DEBUG UpdaterService       - Checking for updates
20:11:42.968 [FXGL Background Thread 4 ] DEBUG FXGLApplication      - Loading fonts
20:11:42.969 [FXGL Background Thread 4 ] DEBUG FXGLAssetLoaderServi - Loading from file system: jar:file:///Users/CHLaroche05/.m2/repository/com/github/almasb/fxgl/17/fxgl-17.jar!/fxglassets/ui/fonts/VarelaRound-Regular.ttf
20:11:42.990 [FXGL Background Thread 1 ] DEBUG FXGLApplication      - Loading default localization
20:11:42.994 [FXGL Background Thread 1 ] DEBUG FXGLAssetLoaderServi - Loading from file system: jar:file:///Users/CHLaroche05/.m2/repository/com/github/almasb/fxgl/17/fxgl-17.jar!/fxglassets/languages/english.lang
20:11:42.998 [FXGL Background Thread 4 ] DEBUG FXGLAssetLoaderServi - Loading from file system: jar:file:///Users/CHLaroche05/.m2/repository/com/github/almasb/fxgl/17/fxgl-17.jar!/fxglassets/ui/fonts/Abel-Regular.ttf
20:11:43.001 [FXGL Background Thread 4 ] DEBUG FXGLAssetLoaderServi - Loading from file system: jar:file:///Users/CHLaroche05/.m2/repository/com/github/almasb/fxgl/17/fxgl-17.jar!/fxglassets/ui/fonts/TerminalLandMono-Regular.otf
20:11:43.010 [FXGL Background Thread 4 ] DEBUG FXGLAssetLoaderServi - Loading from file system: jar:file:///Users/CHLaroche05/.m2/repository/com/github/almasb/fxgl/17/fxgl-17.jar!/fxglassets/ui/fonts/Courier-Prime.ttf
20:11:43.015 [JavaFX Application Thread] DEBUG FXGLApplication      - Registering font factories with UI factory
20:11:43.033 [FXGL Background Thread 1 ] INFO  FXGLApplication      - FXGL initialization took: 0.869 sec
20:11:43.044 [JavaFX Application Thread] DEBUG Input                - Registered new binding: inventaire - Tab
20:11:43.044 [JavaFX Application Thread] DEBUG Input                - Registered new binding: getPosition - P
20:11:43.044 [JavaFX Application Thread] DEBUG Input                - Registered new binding: zoom+ - Up
20:11:43.044 [JavaFX Application Thread] DEBUG Input                - Registered new binding: zoom- - Down
20:11:43.044 [JavaFX Application Thread] DEBUG Input                - Registered new binding: resetZoom - 0
20:11:43.045 [JavaFX Application Thread] DEBUG Input                - Registered new binding: Move right - D
20:11:43.045 [JavaFX Application Thread] DEBUG Input                - Registered new binding: Move left - A
20:11:43.045 [JavaFX Application Thread] DEBUG Input                - Registered new binding: Move Up - W
20:11:43.045 [JavaFX Application Thread] DEBUG Input                - Registered new binding: Move Down - S
20:11:43.045 [JavaFX Application Thread] DEBUG FXGLAssetLoaderServi - Loading from file system: jar:file:///Users/CHLaroche05/.m2/repository/com/github/almasb/fxgl/17/fxgl-17.jar!/fxglassets/textures/fxgl_icon.png
20:11:43.072 [JavaFX Application Thread] DEBUG FXGLAssetLoaderServi - Loading from file system: jar:file:///Users/CHLaroche05/.m2/repository/com/github/almasb/fxgl/17/fxgl-17.jar!/fxglassets/textures/fxgl_default_cursor.png
20:11:43.074 [JavaFX Application Thread] DEBUG Input                - Registered new binding: Screenshot - CTRL+8
20:11:43.074 [JavaFX Application Thread] DEBUG Input                - Registered new binding: Dev Options - 1
20:11:43.075 [JavaFX Application Thread] DEBUG Input                - Registered new binding: Dev Console - 2
20:11:43.075 [JavaFX Application Thread] DEBUG Input                - Registered new binding: System info dump - CTRL+9
20:11:43.075 [JavaFX Application Thread] DEBUG Input                - Registered new binding: Restart - CTRL+R
20:11:43.076 [JavaFX Application Thread] DEBUG Input                - Registered new binding: Toggle Debug Camera - CTRL+7
20:11:43.078 [JavaFX Application Thread] DEBUG LoopRunner           - Starting loop
20:11:43.108 [JavaFX Application Thread] DEBUG LoopRunner           - Initializing JavaFX AnimationTimerLoop
20:11:43.110 [JavaFX Application Thread] DEBUG Input                - Clearing active input actions
20:11:43.118 [JavaFX Application Thread] DEBUG GameApplicationServi - Removing overlay from FXGLStartupScene and adding to FXGLMainMenuDummyScene
20:11:43.121 [JavaFX Application Thread] DEBUG PrimaryStageWindow   - FXGLStartupScene -> FXGLMainMenuDummyScene
20:11:43.121 [JavaFX Application Thread] DEBUG PrimaryStageWindow   - Push state: FXGLDefaultMenu
20:11:43.124 [JavaFX Application Thread] DEBUG Input                - Clearing active input actions
20:11:43.133 [JavaFX Application Thread] DEBUG GameApplicationServi - Removing overlay from FXGLMainMenuDummyScene and adding to FXGLDefaultMenu
20:11:43.161 [JavaFX Application Thread] DEBUG PrimaryStageWindow   - FXGLMainMenuDummyScene -> FXGLDefaultMenu
20:11:43.519 [FXGL Background Thread 2 ] INFO  UpdaterService       - Your current version:  17
20:11:43.520 [FXGL Background Thread 2 ] INFO  UpdaterService       - Latest stable version: 21.1
20:11:44.645 [JavaFX Application Thread] DEBUG Menu                 - fireNewGame()
20:11:44.645 [JavaFX Application Thread] DEBUG GameApplicationServi - Starting new game
20:11:44.647 [JavaFX Application Thread] DEBUG PrimaryStageWindow   - Pop state: FXGLDefaultMenu
20:11:44.647 [JavaFX Application Thread] DEBUG Input                - Clearing active input actions
20:11:44.649 [JavaFX Application Thread] DEBUG GameApplicationServi - Removing overlay from FXGLDefaultMenu and adding to FXGLMainMenuDummyScene
20:11:44.651 [JavaFX Application Thread] DEBUG PrimaryStageWindow   - FXGLMainMenuDummyScene <- FXGLDefaultMenu
20:11:44.652 [JavaFX Application Thread] DEBUG Input                - Clearing active input actions
20:11:44.669 [JavaFX Application Thread] DEBUG GameApplicationServi - Removing overlay from FXGLMainMenuDummyScene and adding to FXGLLoadingScene
20:11:44.670 [JavaFX Application Thread] DEBUG PrimaryStageWindow   - FXGLMainMenuDummyScene -> FXGLLoadingScene
20:11:44.670 [JavaFX Application Thread] DEBUG GameApplicationServi - Clearing previous game
20:11:44.670 [JavaFX Application Thread] DEBUG GameScene            - Clearing game scene
20:11:44.670 [JavaFX Application Thread] DEBUG GameWorld            - Clearing game world
20:11:44.670 [JavaFX Application Thread] DEBUG PhysicsWorld         - Clearing physics world
20:11:44.672 [FXGL Background Thread 2 ] DEBUG FXGLApplication      - Initializing game
20:11:44.723 [FXGL Background Thread 2 ] WARN  TMXLevelLoader       - TiledMap generated from 1.10.2. Supported version: 1.2.3. Some features may not be parsed fully.
20:11:44.821 [FXGL Background Thread 2 ] DEBUG TMXLevelLoader       - Parsed TiledMap: file:/Users/CHLaroche05/zelda/zeldaPuzzle/target/classes/assets/levels/MapDeMerde2.tmx
20:11:44.823 [FXGL Background Thread 2 ] DEBUG TMXLevelLoader       - Creating tile layer entities
20:11:44.826 [FXGL Background Thread 2 ] DEBUG TilesetLoader        - Loading view for layer background
20:11:44.843 [FXGL Background Thread 2 ] DEBUG TilesetLoader        - Created buffer with size 4800.0x4800.0
20:11:45.029 [FXGL Background Thread 2 ] DEBUG TilesetLoader        - Loading view for layer devant
20:11:45.042 [FXGL Background Thread 2 ] DEBUG TilesetLoader        - Created buffer with size 4800.0x4800.0
20:11:45.087 [FXGL Background Thread 2 ] DEBUG TilesetLoader        - Loading view for layer devant1
20:11:45.102 [FXGL Background Thread 2 ] DEBUG TilesetLoader        - Created buffer with size 4800.0x4800.0
20:11:45.126 [FXGL Background Thread 2 ] DEBUG TMXLevelLoader       - Creating object layer entities
20:11:45.180 [FXGL Background Thread 2 ] DEBUG GameWorld            - Clearing removable entities
20:11:45.180 [FXGL Background Thread 2 ] DEBUG GameWorld            - Setting level: com.almasb.fxgl.entity.level.Level@3ed48590
20:11:45.205 [FXGL Background Thread 2 ] WARN  GameWorld            - Entity is already attached to world
20:11:45.206 [FXGL Background Thread 2 ] WARN  GameWorld            - Entity is already attached to world
20:11:45.211 [FXGL Background Thread 2 ] INFO  FXGLApplication      - Game initialization took: 0.539 sec
20:11:45.213 [JavaFX Application Thread] DEBUG Input                - Clearing active input actions
20:11:45.221 [JavaFX Application Thread] DEBUG GameApplicationServi - Removing overlay from FXGLLoadingScene and adding to GameScene
20:11:45.226 [JavaFX Application Thread] DEBUG PrimaryStageWindow   - FXGLLoadingScene -> GameScene
20:11:45.935 [FXGL Background Thread 3 ] DEBUG Engine               - Logging environment variables
20:11:45.936 [FXGL Background Thread 3 ] DEBUG Engine               - achievements: []
20:11:45.936 [FXGL Background Thread 3 ] DEBUG Engine               - actualHeight: 800.0
20:11:45.936 [FXGL Background Thread 3 ] DEBUG Engine               - actualHeightProperty: ReadOnlyDoubleProperty [value: 800.0]
20:11:45.936 [FXGL Background Thread 3 ] DEBUG Engine               - actualWidth: 800.0
20:11:45.936 [FXGL Background Thread 3 ] DEBUG Engine               - actualWidthProperty: ReadOnlyDoubleProperty [value: 800.0]
20:11:45.936 [FXGL Background Thread 3 ] DEBUG Engine               - appIcon: fxgl_icon.png
20:11:45.936 [FXGL Background Thread 3 ] DEBUG Engine               - applicationMode: DEVELOPER
20:11:45.937 [FXGL Background Thread 3 ] DEBUG Engine               - cSSList: [fxgl_dark.css]
20:11:45.937 [FXGL Background Thread 3 ] DEBUG Engine               - collisionDetectionStrategy: BRUTE_FORCE
20:11:45.937 [FXGL Background Thread 3 ] DEBUG Engine               - configClass: Optional.empty
20:11:45.937 [FXGL Background Thread 3 ] DEBUG Engine               - credits: []
20:11:45.937 [FXGL Background Thread 3 ] DEBUG Engine               - defaultCursor: CursorInfo(imageName=fxgl_default_cursor.png, hotspotX=7.0, hotspotY=6.0)
20:11:45.938 [FXGL Background Thread 3 ] DEBUG Engine               - devBBoxColorProperty: ObjectProperty [value: 0xff0000ff]
20:11:45.938 [FXGL Background Thread 3 ] DEBUG Engine               - devEnableDebugCameraProperty: BooleanProperty [value: false]
20:11:45.938 [FXGL Background Thread 3 ] DEBUG Engine               - devSensorColorProperty: ObjectProperty [value: 0xffff00ff]
20:11:45.938 [FXGL Background Thread 3 ] DEBUG Engine               - devShowBBoxProperty: BooleanProperty [value: false]
20:11:45.938 [FXGL Background Thread 3 ] DEBUG Engine               - devShowPositionProperty: BooleanProperty [value: false]
20:11:45.938 [FXGL Background Thread 3 ] DEBUG Engine               - enabledMenuItems: []
20:11:45.939 [FXGL Background Thread 3 ] DEBUG Engine               - engineServices: [class com.almasb.fxgl.app.services.FXGLAssetLoaderService, class com.almasb.fxgl.app.FXGLApplication$GameApplicationService, class com.almasb.fxgl.app.services.FXGLDialogService, class com.almasb.fxgl.app.services.IOTaskExecutorService, class com.almasb.fxgl.io.FileSystemService, class com.almasb.fxgl.localization.LocalizationService, class com.almasb.fxgl.app.services.SystemBundleService, class com.almasb.fxgl.profile.SaveLoadService, class com.almasb.fxgl.ui.FXGLUIFactoryServiceProvider, class com.almasb.fxgl.ui.FXGLDialogFactoryServiceProvider, class com.almasb.fxgl.audio.AudioPlayer, class com.almasb.fxgl.notification.impl.NotificationServiceProvider, class com.almasb.fxgl.achievement.AchievementService, class com.almasb.fxgl.cutscene.CutsceneService, class com.almasb.fxgl.minigames.MiniGameService, class com.almasb.fxgl.net.NetService, class com.almasb.fxgl.app.services.UpdaterService, class com.almasb.fxgl.dev.DevService]
20:11:45.939 [FXGL Background Thread 3 ] DEBUG Engine               - fontGame: Abel-Regular.ttf
20:11:45.939 [FXGL Background Thread 3 ] DEBUG Engine               - fontMono: TerminalLandMono-Regular.otf
20:11:45.939 [FXGL Background Thread 3 ] DEBUG Engine               - fontText: Courier-Prime.ttf
20:11:45.939 [FXGL Background Thread 3 ] DEBUG Engine               - fontUI: VarelaRound-Regular.ttf
20:11:45.939 [FXGL Background Thread 3 ] DEBUG Engine               - fullScreen: BooleanProperty [value: false]
20:11:45.939 [FXGL Background Thread 3 ] DEBUG Engine               - gameDifficulty: MEDIUM
20:11:45.939 [FXGL Background Thread 3 ] DEBUG Engine               - gameDifficultyProperty: ObjectProperty [value: MEDIUM]
20:11:45.939 [FXGL Background Thread 3 ] DEBUG Engine               - globalMusicVolume: 0.5
20:11:45.939 [FXGL Background Thread 3 ] DEBUG Engine               - globalMusicVolumeProperty: DoubleProperty [value: 0.5]
20:11:45.939 [FXGL Background Thread 3 ] DEBUG Engine               - globalSoundVolume: 0.5
20:11:45.940 [FXGL Background Thread 3 ] DEBUG Engine               - globalSoundVolumeProperty: DoubleProperty [value: 0.5]
20:11:45.940 [FXGL Background Thread 3 ] DEBUG Engine               - height: 800
20:11:45.940 [FXGL Background Thread 3 ] DEBUG Engine               - is3D: false
20:11:45.940 [FXGL Background Thread 3 ] DEBUG Engine               - isAndroid: false
20:11:45.940 [FXGL Background Thread 3 ] DEBUG Engine               - isBrowser: false
20:11:45.940 [FXGL Background Thread 3 ] DEBUG Engine               - isClickFeedbackEnabled: false
20:11:45.940 [FXGL Background Thread 3 ] DEBUG Engine               - isCloseConfirmation: false
20:11:45.940 [FXGL Background Thread 3 ] DEBUG Engine               - isDesktop: true
20:11:45.940 [FXGL Background Thread 3 ] DEBUG Engine               - isDeveloperMenuEnabled: true
20:11:45.940 [FXGL Background Thread 3 ] DEBUG Engine               - isEmbedded: false
20:11:45.940 [FXGL Background Thread 3 ] DEBUG Engine               - isEntityPreloadEnabled: true
20:11:45.940 [FXGL Background Thread 3 ] DEBUG Engine               - isExperimentalTiledLargeMap: false
20:11:45.940 [FXGL Background Thread 3 ] DEBUG Engine               - isFileSystemWriteAllowed: true
20:11:45.940 [FXGL Background Thread 3 ] DEBUG Engine               - isFullScreenAllowed: true
20:11:45.940 [FXGL Background Thread 3 ] DEBUG Engine               - isFullScreenFromStart: false
20:11:45.941 [FXGL Background Thread 3 ] DEBUG Engine               - isGameMenuEnabled: true
20:11:45.941 [FXGL Background Thread 3 ] DEBUG Engine               - isIOS: false
20:11:45.941 [FXGL Background Thread 3 ] DEBUG Engine               - isIntroEnabled: false
20:11:45.941 [FXGL Background Thread 3 ] DEBUG Engine               - isLinux: false
20:11:45.941 [FXGL Background Thread 3 ] DEBUG Engine               - isMac: true
20:11:45.941 [FXGL Background Thread 3 ] DEBUG Engine               - isMainMenuEnabled: true
20:11:45.941 [FXGL Background Thread 3 ] DEBUG Engine               - isManualResizeEnabled: false
20:11:45.941 [FXGL Background Thread 3 ] DEBUG Engine               - isMobile: false
20:11:45.941 [FXGL Background Thread 3 ] DEBUG Engine               - isNative: false
20:11:45.941 [FXGL Background Thread 3 ] DEBUG Engine               - isPauseMusicWhenMinimized: true
20:11:45.942 [FXGL Background Thread 3 ] DEBUG Engine               - isPreserveResizeRatio: false
20:11:45.942 [FXGL Background Thread 3 ] DEBUG Engine               - isProfilingEnabled: false
20:11:45.942 [FXGL Background Thread 3 ] DEBUG Engine               - isScaleAffectedOnResize: true
20:11:45.942 [FXGL Background Thread 3 ] DEBUG Engine               - isSingleStep: false
20:11:45.942 [FXGL Background Thread 3 ] DEBUG Engine               - isUserProfileEnabled: false
20:11:45.942 [FXGL Background Thread 3 ] DEBUG Engine               - isWindows: false
20:11:45.942 [FXGL Background Thread 3 ] DEBUG Engine               - language: ObjectProperty [value: ENGLISH]
20:11:45.942 [FXGL Background Thread 3 ] DEBUG Engine               - menuKey: ESCAPE
20:11:45.942 [FXGL Background Thread 3 ] DEBUG Engine               - mouseSensitivity: 0.2
20:11:45.942 [FXGL Background Thread 3 ] DEBUG Engine               - notificationViewClass: class com.almasb.fxgl.notification.view.XboxNotificationView
20:11:45.942 [FXGL Background Thread 3 ] DEBUG Engine               - pixelsPerMeter: 50.0
20:11:45.942 [FXGL Background Thread 3 ] DEBUG Engine               - platform: MAC
20:11:45.942 [FXGL Background Thread 3 ] DEBUG Engine               - prefHeightProperty: ReadOnlyDoubleProperty [value: 800.0]
20:11:45.942 [FXGL Background Thread 3 ] DEBUG Engine               - prefWidthProperty: ReadOnlyDoubleProperty [value: 800.0]
20:11:45.943 [FXGL Background Thread 3 ] DEBUG Engine               - profileDir: profiles/
20:11:45.943 [FXGL Background Thread 3 ] DEBUG Engine               - profileName: StringProperty [value: DEFAULT]
20:11:45.943 [FXGL Background Thread 3 ] DEBUG Engine               - randomSeed: -1
20:11:45.943 [FXGL Background Thread 3 ] DEBUG Engine               - runtimeInfo: RuntimeInfo(platform=MAC, version=17, build=31.12.2021 18.16)
20:11:45.943 [FXGL Background Thread 3 ] DEBUG Engine               - saveFileExt: sav
20:11:45.943 [FXGL Background Thread 3 ] DEBUG Engine               - scaledHeightProp$fxgl: DoubleProperty [bound, value: 800.0]
20:11:45.943 [FXGL Background Thread 3 ] DEBUG Engine               - scaledWidthProp$fxgl: DoubleProperty [bound, value: 800.0]
20:11:45.943 [FXGL Background Thread 3 ] DEBUG Engine               - sceneFactory: com.almasb.fxgl.app.scene.SceneFactory@cfdee3d
20:11:45.944 [FXGL Background Thread 3 ] DEBUG Engine               - secondsIn24h: 60
20:11:45.944 [FXGL Background Thread 3 ] DEBUG Engine               - soundMenuBack: menu/back.wav
20:11:45.944 [FXGL Background Thread 3 ] DEBUG Engine               - soundMenuPress: menu/press.wav
20:11:45.944 [FXGL Background Thread 3 ] DEBUG Engine               - soundMenuSelect: menu/select.wav
20:11:45.944 [FXGL Background Thread 3 ] DEBUG Engine               - soundNotification: core/notification.wav
20:11:45.944 [FXGL Background Thread 3 ] DEBUG Engine               - stageStyle: DECORATED
20:11:45.944 [FXGL Background Thread 3 ] DEBUG Engine               - supportedLanguages: [ENGLISH, FRENCH, GERMAN, HUNGARIAN, RUSSIAN]
20:11:45.944 [FXGL Background Thread 3 ] DEBUG Engine               - ticksPerSecond: -1
20:11:45.944 [FXGL Background Thread 3 ] DEBUG Engine               - title: Zelda 2D Game
20:11:45.944 [FXGL Background Thread 3 ] DEBUG Engine               - urlGithub: https://github.com/AlmasB/FXGL
20:11:45.944 [FXGL Background Thread 3 ] DEBUG Engine               - urlLeaderboard: http://fxgl-top.herokuapp.com/
20:11:45.944 [FXGL Background Thread 3 ] DEBUG Engine               - urlPOM: https://raw.githubusercontent.com/AlmasB/FXGL/release/README.md
20:11:45.944 [FXGL Background Thread 3 ] DEBUG Engine               - userAppClass: class com.example.zeldapuzzle.MainGameApp
20:11:45.944 [FXGL Background Thread 3 ] DEBUG Engine               - version: 1
20:11:45.944 [FXGL Background Thread 3 ] DEBUG Engine               - versionCheckDays: 7
20:11:45.944 [FXGL Background Thread 3 ] DEBUG Engine               - width: 800
20:11:45.944 [FXGL Background Thread 3 ] DEBUG Engine               - Logging services
20:11:45.945 [FXGL Background Thread 3 ] DEBUG Engine               - class com.almasb.fxgl.app.services.FXGLAssetLoaderService
20:11:45.945 [FXGL Background Thread 3 ] DEBUG Engine               - class com.almasb.fxgl.app.FXGLApplication$GameApplicationService
20:11:45.945 [FXGL Background Thread 3 ] DEBUG Engine               - class com.almasb.fxgl.app.services.FXGLDialogService
20:11:45.945 [FXGL Background Thread 3 ] DEBUG Engine               - class com.almasb.fxgl.app.services.IOTaskExecutorService
20:11:45.945 [FXGL Background Thread 3 ] DEBUG Engine               - class com.almasb.fxgl.io.FileSystemService
20:11:45.945 [FXGL Background Thread 3 ] DEBUG Engine               - class com.almasb.fxgl.localization.LocalizationService
20:11:45.945 [FXGL Background Thread 3 ] DEBUG Engine               - class com.almasb.fxgl.app.services.SystemBundleService
20:11:45.945 [FXGL Background Thread 3 ] DEBUG Engine               - class com.almasb.fxgl.profile.SaveLoadService
20:11:45.945 [FXGL Background Thread 3 ] DEBUG Engine               - class com.almasb.fxgl.ui.FXGLUIFactoryServiceProvider
20:11:45.945 [FXGL Background Thread 3 ] DEBUG Engine               - class com.almasb.fxgl.ui.FXGLDialogFactoryServiceProvider
20:11:45.945 [FXGL Background Thread 3 ] DEBUG Engine               - class com.almasb.fxgl.audio.AudioPlayer
20:11:45.945 [FXGL Background Thread 3 ] DEBUG Engine               - class com.almasb.fxgl.notification.impl.NotificationServiceProvider
20:11:45.945 [FXGL Background Thread 3 ] DEBUG Engine               - class com.almasb.fxgl.achievement.AchievementService
20:11:45.945 [FXGL Background Thread 3 ] DEBUG Engine               - class com.almasb.fxgl.cutscene.CutsceneService
20:11:45.945 [FXGL Background Thread 3 ] DEBUG Engine               - class com.almasb.fxgl.minigames.MiniGameService
20:11:45.945 [FXGL Background Thread 3 ] DEBUG Engine               - class com.almasb.fxgl.net.NetService
20:11:45.945 [FXGL Background Thread 3 ] DEBUG Engine               - class com.almasb.fxgl.app.services.UpdaterService
20:11:45.945 [FXGL Background Thread 3 ] DEBUG Engine               - class com.almasb.fxgl.dev.DevService
20:11:56.517 [JavaFX Application Thread] WARN  TMXLevelLoader       - TiledMap generated from 1.10.2. Supported version: 1.2.3. Some features may not be parsed fully.
20:11:56.543 [JavaFX Application Thread] DEBUG TMXLevelLoader       - Parsed TiledMap: file:/Users/CHLaroche05/zelda/zeldaPuzzle/target/classes/assets/levels/leDongeon.tmx
20:11:56.543 [JavaFX Application Thread] DEBUG TMXLevelLoader       - Creating tile layer entities
20:11:56.543 [JavaFX Application Thread] DEBUG TilesetLoader        - Loading view for layer BG1
20:11:56.547 [JavaFX Application Thread] DEBUG TilesetLoader        - Created buffer with size 2400.0x800.0
20:11:56.563 [JavaFX Application Thread] DEBUG TilesetLoader        - Loading view for layer BG2
20:11:56.564 [JavaFX Application Thread] DEBUG TilesetLoader        - Created buffer with size 2400.0x800.0
20:11:56.573 [JavaFX Application Thread] DEBUG TilesetLoader        - Loading view for layer BG3
20:11:56.574 [JavaFX Application Thread] DEBUG TilesetLoader        - Created buffer with size 2400.0x800.0
20:11:56.584 [JavaFX Application Thread] DEBUG TilesetLoader        - Loading view for layer BG4a
20:11:56.585 [JavaFX Application Thread] DEBUG TilesetLoader        - Created buffer with size 2400.0x800.0
20:11:56.596 [JavaFX Application Thread] DEBUG TilesetLoader        - Loading view for layer BG4b
20:11:56.597 [JavaFX Application Thread] DEBUG TilesetLoader        - Created buffer with size 2400.0x800.0
20:11:56.607 [JavaFX Application Thread] DEBUG TilesetLoader        - Loading view for layer MainBuild2
20:11:56.608 [JavaFX Application Thread] DEBUG TilesetLoader        - Created buffer with size 2400.0x800.0
20:11:56.633 [JavaFX Application Thread] WARN  TilesetLoader        - Diagonally flipped tiles are not currently supported
20:11:56.634 [JavaFX Application Thread] WARN  TilesetLoader        - Diagonally flipped tiles are not currently supported
20:11:56.634 [JavaFX Application Thread] WARN  TilesetLoader        - Diagonally flipped tiles are not currently supported
20:11:56.634 [JavaFX Application Thread] WARN  TilesetLoader        - Diagonally flipped tiles are not currently supported
20:11:56.634 [JavaFX Application Thread] WARN  TilesetLoader        - Diagonally flipped tiles are not currently supported
20:11:56.634 [JavaFX Application Thread] WARN  TilesetLoader        - Diagonally flipped tiles are not currently supported
20:11:56.634 [JavaFX Application Thread] WARN  TilesetLoader        - Diagonally flipped tiles are not currently supported
20:11:56.635 [JavaFX Application Thread] WARN  TilesetLoader        - Diagonally flipped tiles are not currently supported
20:11:56.635 [JavaFX Application Thread] WARN  TilesetLoader        - Diagonally flipped tiles are not currently supported
20:11:56.635 [JavaFX Application Thread] WARN  TilesetLoader        - Diagonally flipped tiles are not currently supported
20:11:56.635 [JavaFX Application Thread] WARN  TilesetLoader        - Diagonally flipped tiles are not currently supported
20:11:56.635 [JavaFX Application Thread] WARN  TilesetLoader        - Diagonally flipped tiles are not currently supported
20:11:56.635 [JavaFX Application Thread] WARN  TilesetLoader        - Diagonally flipped tiles are not currently supported
20:11:56.635 [JavaFX Application Thread] WARN  TilesetLoader        - Diagonally flipped tiles are not currently supported
20:11:56.636 [JavaFX Application Thread] WARN  TilesetLoader        - Diagonally flipped tiles are not currently supported
20:11:56.636 [JavaFX Application Thread] DEBUG TilesetLoader        - Loading view for layer MainBuild3
20:11:56.637 [JavaFX Application Thread] DEBUG TilesetLoader        - Created buffer with size 2400.0x800.0
20:11:56.637 [JavaFX Application Thread] DEBUG TilesetLoader        - Loading view for layer MainBuild
20:11:56.638 [JavaFX Application Thread] DEBUG TilesetLoader        - Created buffer with size 2400.0x800.0
20:11:56.640 [JavaFX Application Thread] DEBUG TMXLevelLoader       - Creating object layer entities
20:11:56.649 [JavaFX Application Thread] DEBUG GameWorld            - Clearing removable entities
20:11:56.654 [JavaFX Application Thread] DEBUG GameWorld            - Setting level: com.almasb.fxgl.entity.level.Level@6ac30432
20:11:56.662 [JavaFX Application Thread] WARN  GameWorld            - Entity is already attached to world
20:12:13.150 [JavaFX Application Thread] WARN  GameWorld            - Entity is already attached to world
20:12:23.765 [JavaFX Application Thread] WARN  GameWorld            - Entity is already attached to world
20:12:42.613 [JavaFX Application Thread] WARN  GameWorld            - Entity is already attached to world
20:12:46.695 [JavaFX Application Thread] WARN  GameWorld            - Entity is already attached to world
20:13:03.426 [JavaFX Application Thread] WARN  GameWorld            - Entity is already attached to world
20:13:09.643 [JavaFX Application Thread] WARN  GameWorld            - Entity is already attached to world
20:13:14.742 [JavaFX Application Thread] WARN  GameWorld            - Entity is already attached to world
20:13:20.526 [JavaFX Application Thread] WARN  GameWorld            - Entity is already attached to world
20:13:26.126 [JavaFX Application Thread] WARN  GameWorld            - Entity is already attached to world
20:13:26.331 [JavaFX Application Thread] WARN  TMXLevelLoader       - TiledMap generated from 1.10.2. Supported version: 1.2.3. Some features may not be parsed fully.
20:13:26.341 [JavaFX Application Thread] DEBUG TMXLevelLoader       - Parsed TiledMap: file:/Users/CHLaroche05/zelda/zeldaPuzzle/target/classes/assets/levels/MapDeMerde2.tmx
20:13:26.341 [JavaFX Application Thread] DEBUG TMXLevelLoader       - Creating tile layer entities
20:13:26.341 [JavaFX Application Thread] DEBUG TilesetLoader        - Loading view for layer background
20:13:26.349 [JavaFX Application Thread] DEBUG TilesetLoader        - Created buffer with size 4800.0x4800.0
20:13:26.441 [JavaFX Application Thread] DEBUG TilesetLoader        - Loading view for layer devant
20:13:26.443 [JavaFX Application Thread] DEBUG TilesetLoader        - Created buffer with size 4800.0x4800.0
20:13:26.462 [JavaFX Application Thread] DEBUG TilesetLoader        - Loading view for layer devant1
20:13:26.473 [JavaFX Application Thread] DEBUG TilesetLoader        - Created buffer with size 4800.0x4800.0
20:13:26.483 [JavaFX Application Thread] DEBUG TMXLevelLoader       - Creating object layer entities
20:13:26.491 [JavaFX Application Thread] DEBUG GameWorld            - Clearing removable entities
20:13:26.493 [JavaFX Application Thread] DEBUG GameWorld            - Setting level: com.almasb.fxgl.entity.level.Level@45544d61
20:13:26.499 [JavaFX Application Thread] WARN  GameWorld            - Entity is already attached to world
20:13:48.730 [JavaFX Application Thread] WARN  TMXLevelLoader       - TiledMap generated from 1.10.2. Supported version: 1.2.3. Some features may not be parsed fully.
20:13:48.733 [JavaFX Application Thread] DEBUG TMXLevelLoader       - Parsed TiledMap: file:/Users/CHLaroche05/zelda/zeldaPuzzle/target/classes/assets/levels/interieurMaisonPlayer1.tmx
20:13:48.733 [JavaFX Application Thread] DEBUG TMXLevelLoader       - Creating tile layer entities
20:13:48.733 [JavaFX Application Thread] DEBUG TilesetLoader        - Loading view for layer background
20:13:48.733 [JavaFX Application Thread] DEBUG TilesetLoader        - Created buffer with size 1440.0x960.0
20:13:48.736 [JavaFX Application Thread] DEBUG TilesetLoader        - Loading view for layer devant
20:13:48.737 [JavaFX Application Thread] DEBUG TilesetLoader        - Created buffer with size 1440.0x960.0
20:13:48.737 [JavaFX Application Thread] DEBUG TilesetLoader        - Loading view for layer devant1
20:13:48.738 [JavaFX Application Thread] DEBUG TilesetLoader        - Created buffer with size 1440.0x960.0
20:13:48.738 [JavaFX Application Thread] DEBUG TMXLevelLoader       - Creating object layer entities
20:13:48.743 [JavaFX Application Thread] DEBUG GameWorld            - Clearing removable entities
20:13:48.746 [JavaFX Application Thread] DEBUG GameWorld            - Setting level: com.almasb.fxgl.entity.level.Level@58e4a6e3
20:13:48.752 [JavaFX Application Thread] WARN  GameWorld            - Entity is already attached to world
20:13:57.462 [JavaFX Application Thread] WARN  TMXLevelLoader       - TiledMap generated from 1.10.2. Supported version: 1.2.3. Some features may not be parsed fully.
20:13:57.473 [JavaFX Application Thread] DEBUG TMXLevelLoader       - Parsed TiledMap: file:/Users/CHLaroche05/zelda/zeldaPuzzle/target/classes/assets/levels/MapDeMerde2.tmx
20:13:57.473 [JavaFX Application Thread] DEBUG TMXLevelLoader       - Creating tile layer entities
20:13:57.474 [JavaFX Application Thread] DEBUG TilesetLoader        - Loading view for layer background
20:13:57.489 [JavaFX Application Thread] DEBUG TilesetLoader        - Created buffer with size 4800.0x4800.0
20:13:57.585 [JavaFX Application Thread] DEBUG TilesetLoader        - Loading view for layer devant
20:13:57.588 [JavaFX Application Thread] DEBUG TilesetLoader        - Created buffer with size 4800.0x4800.0
20:13:57.608 [JavaFX Application Thread] DEBUG TilesetLoader        - Loading view for layer devant1
20:13:57.610 [JavaFX Application Thread] DEBUG TilesetLoader        - Created buffer with size 4800.0x4800.0
20:13:57.619 [JavaFX Application Thread] DEBUG TMXLevelLoader       - Creating object layer entities
20:13:57.627 [JavaFX Application Thread] DEBUG GameWorld            - Clearing removable entities
20:13:57.628 [JavaFX Application Thread] DEBUG GameWorld            - Setting level: com.almasb.fxgl.entity.level.Level@497d1599
20:13:57.633 [JavaFX Application Thread] WARN  GameWorld            - Entity is already attached to world
20:15:46.605 [JavaFX Application Thread] DEBUG FXGLApplication      - Exiting FXGL
20:15:46.605 [JavaFX Application Thread] DEBUG LoopRunner           - Stopping loop
20:15:46.605 [JavaFX Application Thread] DEBUG SystemBundleService  - Saving FXGL system data
20:15:46.611 [JavaFX Application Thread] DEBUG FileSystemAccess     - Writing to: /Users/CHLaroche05/zelda/zeldaPuzzle/system/fxgl.bundle
20:15:46.614 [JavaFX Application Thread] DEBUG Async                - Shutting down background threads
20:15:46.615 [JavaFX Application Thread] DEBUG PrimaryStageWindow   - Closing main window
20:15:46.624 [JavaFX Application Thread] DEBUG Logger               - Closing Logger
