12:15:52.579 [main                     ] DEBUG Logger               - Configured Logger
12:15:52.591 [main                     ] DEBUG GameApplication      - Logging settings
Title: Zelda 2D Game
Version: 1
Width: 800
Height: 800
Fullscreen: true
Intro: false
Profiling: false
Single step:false
App Mode: DEVELOPER
Menu Key: ESCAPE
Stage Style: DECORATED
Scene Factory: class com.almasb.fxgl.app.scene.SceneFactory

12:15:52.723 [JavaFX Application Thread] DEBUG FXGLApplication      - Initializing FXGL
12:15:52.727 [JavaFX Application Thread] INFO  Engine               - FXGL-17 (31.12.2021 18.16) on WINDOWS (J:19.0.2 FX:19)
12:15:52.727 [JavaFX Application Thread] DEBUG Engine               - JRE Vendor Name: Amazon.com Inc.
12:15:52.727 [JavaFX Application Thread] DEBUG Engine               - Running on OS: Windows 10 version 10.0
12:15:52.727 [JavaFX Application Thread] DEBUG Engine               - Architecture: amd64
12:15:52.727 [JavaFX Application Thread] INFO  Engine               - Source code and latest versions at: https://github.com/AlmasB/FXGL
12:15:52.728 [JavaFX Application Thread] INFO  Engine               -       Ask questions and discuss at: https://github.com/AlmasB/FXGL/discussions
12:15:52.728 [JavaFX Application Thread] INFO  Engine               -              Join the FXGL chat at: https://gitter.im/AlmasB/FXGL
12:15:52.790 [JavaFX Application Thread] DEBUG PrimaryStageWindow   - Creating a JavaFX scene
12:15:52.831 [JavaFX Application Thread] DEBUG PrimaryStageWindow   - Target settings size: 800.0 x 800.0
12:15:52.831 [JavaFX Application Thread] DEBUG PrimaryStageWindow   - Scaled scene size:    800.0 x 800.0
12:15:52.832 [JavaFX Application Thread] DEBUG PrimaryStageWindow   - Scaled ratio: (1.0, 1.0)
12:15:52.833 [JavaFX Application Thread] DEBUG PrimaryStageWindow   - Set initial scene to FXGLStartupScene
12:15:52.837 [JavaFX Application Thread] DEBUG PrimaryStageWindow   - Opening main window
12:15:52.912 [JavaFX Application Thread] DEBUG PrimaryStageWindow   - Window border size: (16.0, 39.0)
12:15:52.912 [JavaFX Application Thread] DEBUG PrimaryStageWindow   - Scaled size: 800.0 x 800.0
12:15:52.913 [JavaFX Application Thread] DEBUG PrimaryStageWindow   - Scaled ratio: (1.0, 1.0)
12:15:52.913 [JavaFX Application Thread] DEBUG PrimaryStageWindow   - Scene size: 800.0 x 800.0
12:15:52.913 [JavaFX Application Thread] DEBUG PrimaryStageWindow   - Stage size: 816.0 x 839.0
12:15:52.921 [FXGL Background Thread 1 ] DEBUG Engine               - Initializing environment variables
12:15:52.967 [FXGL Background Thread 1 ] DEBUG FXGLAssetLoaderServi - User app class for loading assets: class com.example.zeldapuzzle.MainGameApp
12:15:52.967 [FXGL Background Thread 1 ] DEBUG GameApplicationServi - Applying CSS: fxgl_dark.css
12:15:52.968 [FXGL Background Thread 1 ] DEBUG FXGLAssetLoaderServi - Loading from file system: jar:file:///C:/Users/mbour/.m2/repository/com/github/almasb/fxgl/17/fxgl-17.jar!/fxglassets/ui/css/fxgl_dark.css
12:15:53.006 [FXGL Background Thread 1 ] DEBUG GameApplicationServi - Initializing application scenes
12:15:53.043 [FXGL Background Thread 1 ] DEBUG GameWorld            - Game world initialized
12:15:53.095 [FXGL Background Thread 1 ] DEBUG PhysicsWorld         - Physics world initialized: appHeight=800, physics.ppm=50,0
12:15:53.095 [FXGL Background Thread 1 ] DEBUG PhysicsWorld         - Using strategy: BRUTE_FORCE
12:15:53.099 [FXGL Background Thread 1 ] DEBUG GameScene            - Game scene initialized: 800x800
12:15:53.109 [FXGL Background Thread 1 ] DEBUG FXGL.DefaultMenu     - createMenuBodyMainMenu()
12:15:53.122 [FXGL Background Thread 1 ] DEBUG FXGL.DefaultMenu     - createOptionsMenu()
12:15:53.130 [FXGL Background Thread 1 ] DEBUG FXGLAssetLoaderServi - Loading from file system: jar:file:///C:/Users/mbour/.m2/repository/com/github/almasb/fxgl/17/fxgl-17.jar!/fxglassets/textures/particles/smoke.png
12:15:53.194 [FXGL Background Thread 1 ] DEBUG FXGLAssetLoaderServi - Loading from file system: jar:file:///C:/Users/mbour/.m2/repository/com/github/almasb/fxgl/17/fxgl-17.jar!/fxglassets/textures/particles/trace_horizontal.png
12:15:53.213 [FXGL Background Thread 1 ] DEBUG FXGL.DefaultMenu     - createMenuBodyGameMenu()
12:15:53.214 [FXGL Background Thread 1 ] DEBUG FXGL.DefaultMenu     - createOptionsMenu()
12:15:53.227 [FXGL Background Thread 1 ] DEBUG GameApplicationServi - Application scenes initialized
12:15:53.237 [FXGL Background Thread 1 ] DEBUG SystemBundleService  - Loading FXGL system data
12:15:53.241 [FXGL Background Thread 1 ] DEBUG FileSystemAccess     - Reading from: C:\Users\mbour\OneDrive\Bureau\Zelda TOTK WINRAR\zeldaPuzzle\system\fxgl.bundle
12:15:53.249 [FXGL Background Thread 1 ] DEBUG SystemBundleService  - Bundle FXGL: {}
12:15:53.249 [FXGL Background Thread 1 ] DEBUG UpdaterService       - Checking for updates
12:15:53.267 [FXGL Background Thread 4 ] DEBUG FXGLApplication      - Loading fonts
12:15:53.267 [FXGL Background Thread 1 ] DEBUG FXGLApplication      - Loading default localization
12:15:53.268 [FXGL Background Thread 4 ] DEBUG FXGLAssetLoaderServi - Loading from file system: jar:file:///C:/Users/mbour/.m2/repository/com/github/almasb/fxgl/17/fxgl-17.jar!/fxglassets/ui/fonts/VarelaRound-Regular.ttf
12:15:53.268 [FXGL Background Thread 1 ] DEBUG FXGLAssetLoaderServi - Loading from file system: jar:file:///C:/Users/mbour/.m2/repository/com/github/almasb/fxgl/17/fxgl-17.jar!/fxglassets/languages/english.lang
12:15:53.284 [FXGL Background Thread 1 ] INFO  FXGLApplication      - FXGL initialization took: 0,364 sec
12:15:53.293 [JavaFX Application Thread] DEBUG Input                - Registered new binding: getPosition - P
12:15:53.293 [JavaFX Application Thread] DEBUG Input                - Registered new binding: zoom+ - Up
12:15:53.294 [JavaFX Application Thread] DEBUG Input                - Registered new binding: zoom- - Down
12:15:53.294 [JavaFX Application Thread] DEBUG Input                - Registered new binding: resetZoom - 0
12:15:53.294 [JavaFX Application Thread] DEBUG Input                - Registered new binding: Move right - D
12:15:53.294 [JavaFX Application Thread] DEBUG Input                - Registered new binding: Move left - A
12:15:53.294 [JavaFX Application Thread] DEBUG Input                - Registered new binding: Move Up - W
12:15:53.295 [JavaFX Application Thread] DEBUG Input                - Registered new binding: Move Down - S
12:15:53.295 [JavaFX Application Thread] DEBUG FXGLAssetLoaderServi - Loading from file system: jar:file:///C:/Users/mbour/.m2/repository/com/github/almasb/fxgl/17/fxgl-17.jar!/fxglassets/textures/fxgl_icon.png
12:15:53.308 [JavaFX Application Thread] DEBUG FXGLAssetLoaderServi - Loading from file system: jar:file:///C:/Users/mbour/.m2/repository/com/github/almasb/fxgl/17/fxgl-17.jar!/fxglassets/textures/fxgl_default_cursor.png
12:15:53.310 [JavaFX Application Thread] DEBUG Input                - Registered new binding: Screenshot - CTRL+8
12:15:53.310 [JavaFX Application Thread] DEBUG Input                - Registered new binding: Dev Options - 1
12:15:53.311 [JavaFX Application Thread] DEBUG Input                - Registered new binding: Dev Console - 2
12:15:53.312 [JavaFX Application Thread] DEBUG Input                - Registered new binding: System info dump - CTRL+9
12:15:53.312 [JavaFX Application Thread] DEBUG Input                - Registered new binding: Restart - CTRL+R
12:15:53.313 [JavaFX Application Thread] DEBUG Input                - Registered new binding: Toggle Debug Camera - CTRL+7
12:15:53.316 [JavaFX Application Thread] DEBUG LoopRunner           - Starting loop
12:15:53.328 [JavaFX Application Thread] DEBUG LoopRunner           - Initializing JavaFX AnimationTimerLoop
12:15:53.330 [JavaFX Application Thread] DEBUG Input                - Clearing active input actions
12:15:53.337 [JavaFX Application Thread] DEBUG GameApplicationServi - Removing overlay from FXGLStartupScene and adding to FXGLMainMenuDummyScene
12:15:53.344 [JavaFX Application Thread] DEBUG PrimaryStageWindow   - FXGLStartupScene -> FXGLMainMenuDummyScene
12:15:53.344 [JavaFX Application Thread] DEBUG PrimaryStageWindow   - Push state: FXGLDefaultMenu
12:15:53.347 [JavaFX Application Thread] DEBUG Input                - Clearing active input actions
12:15:53.354 [JavaFX Application Thread] DEBUG GameApplicationServi - Removing overlay from FXGLMainMenuDummyScene and adding to FXGLDefaultMenu
12:15:53.355 [JavaFX Application Thread] DEBUG PrimaryStageWindow   - FXGLMainMenuDummyScene -> FXGLDefaultMenu
12:15:53.361 [FXGL Background Thread 4 ] DEBUG FXGLAssetLoaderServi - Loading from file system: jar:file:///C:/Users/mbour/.m2/repository/com/github/almasb/fxgl/17/fxgl-17.jar!/fxglassets/ui/fonts/Abel-Regular.ttf
12:15:53.377 [FXGL Background Thread 4 ] DEBUG FXGLAssetLoaderServi - Loading from file system: jar:file:///C:/Users/mbour/.m2/repository/com/github/almasb/fxgl/17/fxgl-17.jar!/fxglassets/ui/fonts/TerminalLandMono-Regular.otf
12:15:53.390 [FXGL Background Thread 4 ] DEBUG FXGLAssetLoaderServi - Loading from file system: jar:file:///C:/Users/mbour/.m2/repository/com/github/almasb/fxgl/17/fxgl-17.jar!/fxglassets/ui/fonts/Courier-Prime.ttf
12:15:53.574 [JavaFX Application Thread] DEBUG FXGLApplication      - Registering font factories with UI factory
12:15:53.631 [FXGL Background Thread 2 ] INFO  UpdaterService       - Your current version:  17
12:15:53.631 [FXGL Background Thread 2 ] INFO  UpdaterService       - Latest stable version: 21.1
12:15:54.603 [JavaFX Application Thread] DEBUG FXGLApplication      - Exiting FXGL
12:15:54.603 [JavaFX Application Thread] DEBUG LoopRunner           - Stopping loop
12:15:54.603 [JavaFX Application Thread] DEBUG SystemBundleService  - Saving FXGL system data
12:15:54.605 [JavaFX Application Thread] DEBUG FileSystemAccess     - Writing to: C:\Users\mbour\OneDrive\Bureau\Zelda TOTK WINRAR\zeldaPuzzle\system\fxgl.bundle
12:15:54.607 [JavaFX Application Thread] DEBUG Async                - Shutting down background threads
12:15:54.608 [JavaFX Application Thread] DEBUG PrimaryStageWindow   - Closing main window
12:15:54.619 [JavaFX Application Thread] DEBUG Logger               - Closing Logger
