12:04:00.098 [main                     ] DEBUG Logger               - Configured Logger
12:04:00.119 [main                     ] DEBUG GameApplication      - Logging settings
Title: Zelda 2D Game
Version: 1
Width: 800
Height: 800
Fullscreen: false
Intro: false
Profiling: false
Single step:false
App Mode: DEVELOPER
Menu Key: ESCAPE
Stage Style: DECORATED
Scene Factory: class com.almasb.fxgl.app.scene.SceneFactory

12:04:00.442 [JavaFX Application Thread] DEBUG FXGLApplication      - Initializing FXGL
12:04:00.446 [JavaFX Application Thread] INFO  Engine               - FXGL-17 (31.12.2021 18.16) on MAC (J:19.0.1 FX:19)
12:04:00.446 [JavaFX Application Thread] DEBUG Engine               - JRE Vendor Name: Oracle Corporation
12:04:00.446 [JavaFX Application Thread] DEBUG Engine               - Running on OS: Mac OS X version 12.5
12:04:00.446 [JavaFX Application Thread] DEBUG Engine               - Architecture: aarch64
12:04:00.446 [JavaFX Application Thread] INFO  Engine               - Source code and latest versions at: https://github.com/AlmasB/FXGL
12:04:00.447 [JavaFX Application Thread] INFO  Engine               -       Ask questions and discuss at: https://github.com/AlmasB/FXGL/discussions
12:04:00.447 [JavaFX Application Thread] INFO  Engine               -              Join the FXGL chat at: https://gitter.im/AlmasB/FXGL
12:04:00.535 [JavaFX Application Thread] DEBUG PrimaryStageWindow   - Creating a JavaFX scene
12:04:00.581 [JavaFX Application Thread] DEBUG PrimaryStageWindow   - Target settings size: 800.0 x 800.0
12:04:00.581 [JavaFX Application Thread] DEBUG PrimaryStageWindow   - Scaled scene size:    800.0 x 800.0
12:04:00.582 [JavaFX Application Thread] DEBUG PrimaryStageWindow   - Scaled ratio: (1.0, 1.0)
12:04:00.583 [JavaFX Application Thread] DEBUG PrimaryStageWindow   - Set initial scene to FXGLStartupScene
12:04:00.586 [JavaFX Application Thread] DEBUG PrimaryStageWindow   - Opening main window
12:04:00.712 [JavaFX Application Thread] DEBUG PrimaryStageWindow   - Window border size: (0.0, 28.0)
12:04:00.713 [JavaFX Application Thread] DEBUG PrimaryStageWindow   - Scaled size: 800.0 x 800.0
12:04:00.713 [JavaFX Application Thread] DEBUG PrimaryStageWindow   - Scaled ratio: (1.0, 1.0)
12:04:00.713 [JavaFX Application Thread] DEBUG PrimaryStageWindow   - Scene size: 800.0 x 800.0
12:04:00.714 [JavaFX Application Thread] DEBUG PrimaryStageWindow   - Stage size: 800.0 x 828.0
12:04:00.720 [FXGL Background Thread 1 ] DEBUG Engine               - Initializing environment variables
12:04:00.788 [FXGL Background Thread 1 ] DEBUG FXGLAssetLoaderServi - User app class for loading assets: class com.example.zeldapuzzle.MainGameApp
12:04:00.788 [FXGL Background Thread 1 ] DEBUG GameApplicationServi - Applying CSS: fxgl_dark.css
12:04:00.789 [FXGL Background Thread 1 ] DEBUG FXGLAssetLoaderServi - Loading from file system: jar:file:///Users/CHLaroche05/.m2/repository/com/github/almasb/fxgl/17/fxgl-17.jar!/fxglassets/ui/css/fxgl_dark.css
12:04:00.883 [FXGL Background Thread 1 ] DEBUG GameApplicationServi - Initializing application scenes
12:04:01.474 [FXGL Background Thread 1 ] DEBUG GameWorld            - Game world initialized
12:04:01.556 [FXGL Background Thread 1 ] DEBUG PhysicsWorld         - Physics world initialized: appHeight=800, physics.ppm=50.0
12:04:01.557 [FXGL Background Thread 1 ] DEBUG PhysicsWorld         - Using strategy: BRUTE_FORCE
12:04:01.562 [FXGL Background Thread 1 ] DEBUG GameScene            - Game scene initialized: 800x800
12:04:01.577 [FXGL Background Thread 1 ] DEBUG FXGL.DefaultMenu     - createMenuBodyMainMenu()
12:04:01.599 [FXGL Background Thread 1 ] DEBUG FXGL.DefaultMenu     - createOptionsMenu()
12:04:01.645 [FXGL Background Thread 1 ] DEBUG FXGLAssetLoaderServi - Loading from file system: jar:file:///Users/CHLaroche05/.m2/repository/com/github/almasb/fxgl/17/fxgl-17.jar!/fxglassets/textures/particles/smoke.png
12:04:01.793 [FXGL Background Thread 1 ] DEBUG FXGLAssetLoaderServi - Loading from file system: jar:file:///Users/CHLaroche05/.m2/repository/com/github/almasb/fxgl/17/fxgl-17.jar!/fxglassets/textures/particles/trace_horizontal.png
12:04:01.834 [FXGL Background Thread 1 ] DEBUG FXGL.DefaultMenu     - createMenuBodyGameMenu()
12:04:01.836 [FXGL Background Thread 1 ] DEBUG FXGL.DefaultMenu     - createOptionsMenu()
12:04:01.866 [FXGL Background Thread 1 ] DEBUG GameApplicationServi - Application scenes initialized
12:04:01.879 [FXGL Background Thread 1 ] DEBUG SystemBundleService  - Loading FXGL system data
12:04:01.885 [FXGL Background Thread 1 ] DEBUG FileSystemAccess     - Reading from: /Users/CHLaroche05/zelda/zeldaPuzzle/system/fxgl.bundle
12:04:01.894 [FXGL Background Thread 1 ] DEBUG SystemBundleService  - Bundle FXGL: {}
12:04:01.895 [FXGL Background Thread 1 ] DEBUG UpdaterService       - Checking for updates
12:04:01.921 [FXGL Background Thread 4 ] DEBUG FXGLApplication      - Loading fonts
12:04:01.921 [FXGL Background Thread 1 ] DEBUG FXGLApplication      - Loading default localization
12:04:01.921 [FXGL Background Thread 4 ] DEBUG FXGLAssetLoaderServi - Loading from file system: jar:file:///Users/CHLaroche05/.m2/repository/com/github/almasb/fxgl/17/fxgl-17.jar!/fxglassets/ui/fonts/VarelaRound-Regular.ttf
12:04:01.922 [FXGL Background Thread 1 ] DEBUG FXGLAssetLoaderServi - Loading from file system: jar:file:///Users/CHLaroche05/.m2/repository/com/github/almasb/fxgl/17/fxgl-17.jar!/fxglassets/languages/english.lang
12:04:01.933 [FXGL Background Thread 4 ] DEBUG FXGLAssetLoaderServi - Loading from file system: jar:file:///Users/CHLaroche05/.m2/repository/com/github/almasb/fxgl/17/fxgl-17.jar!/fxglassets/ui/fonts/Abel-Regular.ttf
12:04:01.936 [FXGL Background Thread 4 ] DEBUG FXGLAssetLoaderServi - Loading from file system: jar:file:///Users/CHLaroche05/.m2/repository/com/github/almasb/fxgl/17/fxgl-17.jar!/fxglassets/ui/fonts/TerminalLandMono-Regular.otf
12:04:01.939 [FXGL Background Thread 1 ] INFO  FXGLApplication      - FXGL initialization took: 1.219 sec
12:04:01.939 [FXGL Background Thread 4 ] DEBUG FXGLAssetLoaderServi - Loading from file system: jar:file:///Users/CHLaroche05/.m2/repository/com/github/almasb/fxgl/17/fxgl-17.jar!/fxglassets/ui/fonts/Courier-Prime.ttf
12:04:01.952 [JavaFX Application Thread] DEBUG Input                - Registered new binding: getPosition - P
12:04:01.952 [JavaFX Application Thread] DEBUG Input                - Registered new binding: zoom+ - Up
12:04:01.952 [JavaFX Application Thread] DEBUG Input                - Registered new binding: zoom- - Down
12:04:01.952 [JavaFX Application Thread] DEBUG Input                - Registered new binding: resetZoom - 0
12:04:01.953 [JavaFX Application Thread] DEBUG Input                - Registered new binding: Move right - D
12:04:01.953 [JavaFX Application Thread] DEBUG Input                - Registered new binding: Move left - A
12:04:01.953 [JavaFX Application Thread] DEBUG Input                - Registered new binding: Move Up - W
12:04:01.953 [JavaFX Application Thread] DEBUG Input                - Registered new binding: Move Down - S
12:04:01.953 [JavaFX Application Thread] DEBUG FXGLAssetLoaderServi - Loading from file system: jar:file:///Users/CHLaroche05/.m2/repository/com/github/almasb/fxgl/17/fxgl-17.jar!/fxglassets/textures/fxgl_icon.png
12:04:01.995 [JavaFX Application Thread] DEBUG FXGLAssetLoaderServi - Loading from file system: jar:file:///Users/CHLaroche05/.m2/repository/com/github/almasb/fxgl/17/fxgl-17.jar!/fxglassets/textures/fxgl_default_cursor.png
12:04:01.997 [JavaFX Application Thread] DEBUG Input                - Registered new binding: Screenshot - CTRL+8
12:04:01.998 [JavaFX Application Thread] DEBUG Input                - Registered new binding: Dev Options - 1
12:04:01.998 [JavaFX Application Thread] DEBUG Input                - Registered new binding: Dev Console - 2
12:04:01.999 [JavaFX Application Thread] DEBUG Input                - Registered new binding: System info dump - CTRL+9
12:04:01.999 [JavaFX Application Thread] DEBUG Input                - Registered new binding: Restart - CTRL+R
12:04:01.999 [JavaFX Application Thread] DEBUG Input                - Registered new binding: Toggle Debug Camera - CTRL+7
12:04:02.001 [JavaFX Application Thread] DEBUG LoopRunner           - Starting loop
12:04:02.011 [JavaFX Application Thread] DEBUG LoopRunner           - Initializing JavaFX AnimationTimerLoop
12:04:02.012 [JavaFX Application Thread] DEBUG Input                - Clearing active input actions
12:04:02.018 [JavaFX Application Thread] DEBUG GameApplicationServi - Removing overlay from FXGLStartupScene and adding to FXGLMainMenuDummyScene
12:04:02.020 [JavaFX Application Thread] DEBUG PrimaryStageWindow   - FXGLStartupScene -> FXGLMainMenuDummyScene
12:04:02.020 [JavaFX Application Thread] DEBUG PrimaryStageWindow   - Push state: FXGLDefaultMenu
12:04:02.023 [JavaFX Application Thread] DEBUG Input                - Clearing active input actions
12:04:02.028 [JavaFX Application Thread] DEBUG GameApplicationServi - Removing overlay from FXGLMainMenuDummyScene and adding to FXGLDefaultMenu
12:04:02.028 [JavaFX Application Thread] DEBUG PrimaryStageWindow   - FXGLMainMenuDummyScene -> FXGLDefaultMenu
12:04:02.058 [JavaFX Application Thread] DEBUG FXGLApplication      - Registering font factories with UI factory
12:04:02.435 [FXGL Background Thread 2 ] INFO  UpdaterService       - Your current version:  17
12:04:02.435 [FXGL Background Thread 2 ] INFO  UpdaterService       - Latest stable version: 21.1
12:04:03.027 [JavaFX Application Thread] DEBUG Menu                 - fireNewGame()
12:04:03.027 [JavaFX Application Thread] DEBUG GameApplicationServi - Starting new game
12:04:03.028 [JavaFX Application Thread] DEBUG PrimaryStageWindow   - Pop state: FXGLDefaultMenu
12:04:03.028 [JavaFX Application Thread] DEBUG Input                - Clearing active input actions
12:04:03.029 [JavaFX Application Thread] DEBUG GameApplicationServi - Removing overlay from FXGLDefaultMenu and adding to FXGLMainMenuDummyScene
12:04:03.030 [JavaFX Application Thread] DEBUG PrimaryStageWindow   - FXGLMainMenuDummyScene <- FXGLDefaultMenu
12:04:03.031 [JavaFX Application Thread] DEBUG Input                - Clearing active input actions
12:04:03.038 [JavaFX Application Thread] DEBUG GameApplicationServi - Removing overlay from FXGLMainMenuDummyScene and adding to FXGLLoadingScene
12:04:03.038 [JavaFX Application Thread] DEBUG PrimaryStageWindow   - FXGLMainMenuDummyScene -> FXGLLoadingScene
12:04:03.038 [JavaFX Application Thread] DEBUG GameApplicationServi - Clearing previous game
12:04:03.038 [JavaFX Application Thread] DEBUG GameScene            - Clearing game scene
12:04:03.038 [JavaFX Application Thread] DEBUG GameWorld            - Clearing game world
12:04:03.038 [JavaFX Application Thread] DEBUG PhysicsWorld         - Clearing physics world
12:04:03.039 [FXGL Background Thread 2 ] DEBUG FXGLApplication      - Initializing game
12:04:03.059 [FXGL Background Thread 2 ] WARN  TMXLevelLoader       - TiledMap generated from 1.10.2. Supported version: 1.2.3. Some features may not be parsed fully.
12:04:03.067 [FXGL Background Thread 2 ] DEBUG TMXLevelLoader       - Parsed TiledMap: file:/Users/CHLaroche05/zelda/zeldaPuzzle/target/classes/assets/levels/StartingMap.tmx
12:04:03.067 [FXGL Background Thread 2 ] DEBUG TMXLevelLoader       - Creating tile layer entities
12:04:03.069 [FXGL Background Thread 2 ] DEBUG TilesetLoader        - Loading view for layer Calque de Tuiles 1
12:04:03.071 [FXGL Background Thread 2 ] DEBUG TilesetLoader        - Created buffer with size 1920.0x1920.0
12:04:03.084 [FXGL Background Thread 2 ] DEBUG TilesetLoader        - Loading view for layer Calque de Tuiles 2
12:04:03.087 [FXGL Background Thread 2 ] DEBUG TilesetLoader        - Created buffer with size 1920.0x1920.0
12:04:03.092 [FXGL Background Thread 2 ] DEBUG TilesetLoader        - Loading view for layer Calque de Tuiles 3
12:04:03.094 [FXGL Background Thread 2 ] DEBUG TilesetLoader        - Created buffer with size 1920.0x1920.0
12:04:03.095 [FXGL Background Thread 2 ] DEBUG TMXLevelLoader       - Creating object layer entities
12:04:03.106 [FXGL Background Thread 2 ] DEBUG GameWorld            - Clearing removable entities
12:04:03.107 [FXGL Background Thread 2 ] DEBUG GameWorld            - Setting level: com.almasb.fxgl.entity.level.Level@3e9b617e
12:04:03.116 [FXGL Background Thread 2 ] WARN  GameWorld            - Entity is already attached to world
12:04:03.197 [FXGL Background Thread 2 ] WARN  GameWorld            - Entity is already attached to world
12:04:03.198 [FXGL Background Thread 2 ] INFO  FXGLApplication      - Game initialization took: 0.158 sec
12:04:03.199 [JavaFX Application Thread] DEBUG Input                - Clearing active input actions
12:04:03.203 [JavaFX Application Thread] DEBUG GameApplicationServi - Removing overlay from FXGLLoadingScene and adding to GameScene
12:04:03.205 [JavaFX Application Thread] DEBUG PrimaryStageWindow   - FXGLLoadingScene -> GameScene
12:04:04.922 [FXGL Background Thread 3 ] DEBUG Engine               - Logging environment variables
12:04:04.923 [FXGL Background Thread 3 ] DEBUG Engine               - achievements: []
12:04:04.923 [FXGL Background Thread 3 ] DEBUG Engine               - actualHeight: 800.0
12:04:04.924 [FXGL Background Thread 3 ] DEBUG Engine               - actualHeightProperty: ReadOnlyDoubleProperty [value: 800.0]
12:04:04.924 [FXGL Background Thread 3 ] DEBUG Engine               - actualWidth: 800.0
12:04:04.924 [FXGL Background Thread 3 ] DEBUG Engine               - actualWidthProperty: ReadOnlyDoubleProperty [value: 800.0]
12:04:04.924 [FXGL Background Thread 3 ] DEBUG Engine               - appIcon: fxgl_icon.png
12:04:04.924 [FXGL Background Thread 3 ] DEBUG Engine               - applicationMode: DEVELOPER
12:04:04.924 [FXGL Background Thread 3 ] DEBUG Engine               - cSSList: [fxgl_dark.css]
12:04:04.924 [FXGL Background Thread 3 ] DEBUG Engine               - collisionDetectionStrategy: BRUTE_FORCE
12:04:04.925 [FXGL Background Thread 3 ] DEBUG Engine               - configClass: Optional.empty
12:04:04.925 [FXGL Background Thread 3 ] DEBUG Engine               - credits: []
12:04:04.925 [FXGL Background Thread 3 ] DEBUG Engine               - defaultCursor: CursorInfo(imageName=fxgl_default_cursor.png, hotspotX=7.0, hotspotY=6.0)
12:04:04.926 [FXGL Background Thread 3 ] DEBUG Engine               - devBBoxColorProperty: ObjectProperty [value: 0xff0000ff]
12:04:04.926 [FXGL Background Thread 3 ] DEBUG Engine               - devEnableDebugCameraProperty: BooleanProperty [value: false]
12:04:04.926 [FXGL Background Thread 3 ] DEBUG Engine               - devSensorColorProperty: ObjectProperty [value: 0xffff00ff]
12:04:04.926 [FXGL Background Thread 3 ] DEBUG Engine               - devShowBBoxProperty: BooleanProperty [value: false]
12:04:04.926 [FXGL Background Thread 3 ] DEBUG Engine               - devShowPositionProperty: BooleanProperty [value: false]
12:04:04.926 [FXGL Background Thread 3 ] DEBUG Engine               - enabledMenuItems: []
12:04:04.926 [FXGL Background Thread 3 ] DEBUG Engine               - engineServices: [class com.almasb.fxgl.app.services.FXGLAssetLoaderService, class com.almasb.fxgl.app.FXGLApplication$GameApplicationService, class com.almasb.fxgl.app.services.FXGLDialogService, class com.almasb.fxgl.app.services.IOTaskExecutorService, class com.almasb.fxgl.io.FileSystemService, class com.almasb.fxgl.localization.LocalizationService, class com.almasb.fxgl.app.services.SystemBundleService, class com.almasb.fxgl.profile.SaveLoadService, class com.almasb.fxgl.ui.FXGLUIFactoryServiceProvider, class com.almasb.fxgl.ui.FXGLDialogFactoryServiceProvider, class com.almasb.fxgl.audio.AudioPlayer, class com.almasb.fxgl.notification.impl.NotificationServiceProvider, class com.almasb.fxgl.achievement.AchievementService, class com.almasb.fxgl.cutscene.CutsceneService, class com.almasb.fxgl.minigames.MiniGameService, class com.almasb.fxgl.net.NetService, class com.almasb.fxgl.app.services.UpdaterService, class com.almasb.fxgl.dev.DevService]
12:04:04.926 [FXGL Background Thread 3 ] DEBUG Engine               - fontGame: Abel-Regular.ttf
12:04:04.926 [FXGL Background Thread 3 ] DEBUG Engine               - fontMono: TerminalLandMono-Regular.otf
12:04:04.927 [FXGL Background Thread 3 ] DEBUG Engine               - fontText: Courier-Prime.ttf
12:04:04.927 [FXGL Background Thread 3 ] DEBUG Engine               - fontUI: VarelaRound-Regular.ttf
12:04:04.927 [FXGL Background Thread 3 ] DEBUG Engine               - fullScreen: BooleanProperty [value: false]
12:04:04.927 [FXGL Background Thread 3 ] DEBUG Engine               - gameDifficulty: MEDIUM
12:04:04.927 [FXGL Background Thread 3 ] DEBUG Engine               - gameDifficultyProperty: ObjectProperty [value: MEDIUM]
12:04:04.927 [FXGL Background Thread 3 ] DEBUG Engine               - globalMusicVolume: 0.5
12:04:04.927 [FXGL Background Thread 3 ] DEBUG Engine               - globalMusicVolumeProperty: DoubleProperty [value: 0.5]
12:04:04.927 [FXGL Background Thread 3 ] DEBUG Engine               - globalSoundVolume: 0.5
12:04:04.927 [FXGL Background Thread 3 ] DEBUG Engine               - globalSoundVolumeProperty: DoubleProperty [value: 0.5]
12:04:04.927 [FXGL Background Thread 3 ] DEBUG Engine               - height: 800
12:04:04.927 [FXGL Background Thread 3 ] DEBUG Engine               - is3D: false
12:04:04.927 [FXGL Background Thread 3 ] DEBUG Engine               - isAndroid: false
12:04:04.928 [FXGL Background Thread 3 ] DEBUG Engine               - isBrowser: false
12:04:04.928 [FXGL Background Thread 3 ] DEBUG Engine               - isClickFeedbackEnabled: false
12:04:04.928 [FXGL Background Thread 3 ] DEBUG Engine               - isCloseConfirmation: false
12:04:04.928 [FXGL Background Thread 3 ] DEBUG Engine               - isDesktop: true
12:04:04.928 [FXGL Background Thread 3 ] DEBUG Engine               - isDeveloperMenuEnabled: true
12:04:04.928 [FXGL Background Thread 3 ] DEBUG Engine               - isEmbedded: false
12:04:04.928 [FXGL Background Thread 3 ] DEBUG Engine               - isEntityPreloadEnabled: true
12:04:04.928 [FXGL Background Thread 3 ] DEBUG Engine               - isExperimentalTiledLargeMap: false
12:04:04.928 [FXGL Background Thread 3 ] DEBUG Engine               - isFileSystemWriteAllowed: true
12:04:04.928 [FXGL Background Thread 3 ] DEBUG Engine               - isFullScreenAllowed: false
12:04:04.928 [FXGL Background Thread 3 ] DEBUG Engine               - isFullScreenFromStart: false
12:04:04.928 [FXGL Background Thread 3 ] DEBUG Engine               - isGameMenuEnabled: true
12:04:04.928 [FXGL Background Thread 3 ] DEBUG Engine               - isIOS: false
12:04:04.928 [FXGL Background Thread 3 ] DEBUG Engine               - isIntroEnabled: false
12:04:04.928 [FXGL Background Thread 3 ] DEBUG Engine               - isLinux: false
12:04:04.928 [FXGL Background Thread 3 ] DEBUG Engine               - isMac: true
12:04:04.929 [FXGL Background Thread 3 ] DEBUG Engine               - isMainMenuEnabled: true
12:04:04.929 [FXGL Background Thread 3 ] DEBUG Engine               - isManualResizeEnabled: false
12:04:04.929 [FXGL Background Thread 3 ] DEBUG Engine               - isMobile: false
12:04:04.929 [FXGL Background Thread 3 ] DEBUG Engine               - isNative: false
12:04:04.929 [FXGL Background Thread 3 ] DEBUG Engine               - isPauseMusicWhenMinimized: true
12:04:04.929 [FXGL Background Thread 3 ] DEBUG Engine               - isPreserveResizeRatio: false
12:04:04.929 [FXGL Background Thread 3 ] DEBUG Engine               - isProfilingEnabled: false
12:04:04.929 [FXGL Background Thread 3 ] DEBUG Engine               - isScaleAffectedOnResize: true
12:04:04.929 [FXGL Background Thread 3 ] DEBUG Engine               - isSingleStep: false
12:04:04.929 [FXGL Background Thread 3 ] DEBUG Engine               - isUserProfileEnabled: false
12:04:04.930 [FXGL Background Thread 3 ] DEBUG Engine               - isWindows: false
12:04:04.930 [FXGL Background Thread 3 ] DEBUG Engine               - language: ObjectProperty [value: ENGLISH]
12:04:04.930 [FXGL Background Thread 3 ] DEBUG Engine               - menuKey: ESCAPE
12:04:04.930 [FXGL Background Thread 3 ] DEBUG Engine               - mouseSensitivity: 0.2
12:04:04.930 [FXGL Background Thread 3 ] DEBUG Engine               - notificationViewClass: class com.almasb.fxgl.notification.view.XboxNotificationView
12:04:04.930 [FXGL Background Thread 3 ] DEBUG Engine               - pixelsPerMeter: 50.0
12:04:04.930 [FXGL Background Thread 3 ] DEBUG Engine               - platform: MAC
12:04:04.930 [FXGL Background Thread 3 ] DEBUG Engine               - prefHeightProperty: ReadOnlyDoubleProperty [value: 800.0]
12:04:04.930 [FXGL Background Thread 3 ] DEBUG Engine               - prefWidthProperty: ReadOnlyDoubleProperty [value: 800.0]
12:04:04.930 [FXGL Background Thread 3 ] DEBUG Engine               - profileDir: profiles/
12:04:04.931 [FXGL Background Thread 3 ] DEBUG Engine               - profileName: StringProperty [value: DEFAULT]
12:04:04.931 [FXGL Background Thread 3 ] DEBUG Engine               - randomSeed: -1
12:04:04.931 [FXGL Background Thread 3 ] DEBUG Engine               - runtimeInfo: RuntimeInfo(platform=MAC, version=17, build=31.12.2021 18.16)
12:04:04.931 [FXGL Background Thread 3 ] DEBUG Engine               - saveFileExt: sav
12:04:04.931 [FXGL Background Thread 3 ] DEBUG Engine               - scaledHeightProp$fxgl: DoubleProperty [bound, value: 800.0]
12:04:04.931 [FXGL Background Thread 3 ] DEBUG Engine               - scaledWidthProp$fxgl: DoubleProperty [bound, value: 800.0]
12:04:04.931 [FXGL Background Thread 3 ] DEBUG Engine               - sceneFactory: com.almasb.fxgl.app.scene.SceneFactory@90cbee0
12:04:04.931 [FXGL Background Thread 3 ] DEBUG Engine               - secondsIn24h: 60
12:04:04.932 [FXGL Background Thread 3 ] DEBUG Engine               - soundMenuBack: menu/back.wav
12:04:04.932 [FXGL Background Thread 3 ] DEBUG Engine               - soundMenuPress: menu/press.wav
12:04:04.932 [FXGL Background Thread 3 ] DEBUG Engine               - soundMenuSelect: menu/select.wav
12:04:04.932 [FXGL Background Thread 3 ] DEBUG Engine               - soundNotification: core/notification.wav
12:04:04.932 [FXGL Background Thread 3 ] DEBUG Engine               - stageStyle: DECORATED
12:04:04.932 [FXGL Background Thread 3 ] DEBUG Engine               - supportedLanguages: [ENGLISH, FRENCH, GERMAN, HUNGARIAN, RUSSIAN]
12:04:04.932 [FXGL Background Thread 3 ] DEBUG Engine               - ticksPerSecond: -1
12:04:04.932 [FXGL Background Thread 3 ] DEBUG Engine               - title: Zelda 2D Game
12:04:04.932 [FXGL Background Thread 3 ] DEBUG Engine               - urlGithub: https://github.com/AlmasB/FXGL
12:04:04.932 [FXGL Background Thread 3 ] DEBUG Engine               - urlLeaderboard: http://fxgl-top.herokuapp.com/
12:04:04.932 [FXGL Background Thread 3 ] DEBUG Engine               - urlPOM: https://raw.githubusercontent.com/AlmasB/FXGL/release/README.md
12:04:04.932 [FXGL Background Thread 3 ] DEBUG Engine               - userAppClass: class com.example.zeldapuzzle.MainGameApp
12:04:04.932 [FXGL Background Thread 3 ] DEBUG Engine               - version: 1
12:04:04.932 [FXGL Background Thread 3 ] DEBUG Engine               - versionCheckDays: 7
12:04:04.932 [FXGL Background Thread 3 ] DEBUG Engine               - width: 800
12:04:04.932 [FXGL Background Thread 3 ] DEBUG Engine               - Logging services
12:04:04.933 [FXGL Background Thread 3 ] DEBUG Engine               - class com.almasb.fxgl.app.services.FXGLAssetLoaderService
12:04:04.933 [FXGL Background Thread 3 ] DEBUG Engine               - class com.almasb.fxgl.app.FXGLApplication$GameApplicationService
12:04:04.933 [FXGL Background Thread 3 ] DEBUG Engine               - class com.almasb.fxgl.app.services.FXGLDialogService
12:04:04.933 [FXGL Background Thread 3 ] DEBUG Engine               - class com.almasb.fxgl.app.services.IOTaskExecutorService
12:04:04.933 [FXGL Background Thread 3 ] DEBUG Engine               - class com.almasb.fxgl.io.FileSystemService
12:04:04.933 [FXGL Background Thread 3 ] DEBUG Engine               - class com.almasb.fxgl.localization.LocalizationService
12:04:04.933 [FXGL Background Thread 3 ] DEBUG Engine               - class com.almasb.fxgl.app.services.SystemBundleService
12:04:04.933 [FXGL Background Thread 3 ] DEBUG Engine               - class com.almasb.fxgl.profile.SaveLoadService
12:04:04.933 [FXGL Background Thread 3 ] DEBUG Engine               - class com.almasb.fxgl.ui.FXGLUIFactoryServiceProvider
12:04:04.933 [FXGL Background Thread 3 ] DEBUG Engine               - class com.almasb.fxgl.ui.FXGLDialogFactoryServiceProvider
12:04:04.933 [FXGL Background Thread 3 ] DEBUG Engine               - class com.almasb.fxgl.audio.AudioPlayer
12:04:04.933 [FXGL Background Thread 3 ] DEBUG Engine               - class com.almasb.fxgl.notification.impl.NotificationServiceProvider
12:04:04.933 [FXGL Background Thread 3 ] DEBUG Engine               - class com.almasb.fxgl.achievement.AchievementService
12:04:04.933 [FXGL Background Thread 3 ] DEBUG Engine               - class com.almasb.fxgl.cutscene.CutsceneService
12:04:04.933 [FXGL Background Thread 3 ] DEBUG Engine               - class com.almasb.fxgl.minigames.MiniGameService
12:04:04.933 [FXGL Background Thread 3 ] DEBUG Engine               - class com.almasb.fxgl.net.NetService
12:04:04.933 [FXGL Background Thread 3 ] DEBUG Engine               - class com.almasb.fxgl.app.services.UpdaterService
12:04:04.933 [FXGL Background Thread 3 ] DEBUG Engine               - class com.almasb.fxgl.dev.DevService
12:04:44.510 [JavaFX Application Thread] DEBUG FXGLApplication      - Exiting FXGL
12:04:44.511 [JavaFX Application Thread] DEBUG LoopRunner           - Stopping loop
12:04:44.511 [JavaFX Application Thread] DEBUG SystemBundleService  - Saving FXGL system data
12:04:44.514 [JavaFX Application Thread] DEBUG FileSystemAccess     - Writing to: /Users/CHLaroche05/zelda/zeldaPuzzle/system/fxgl.bundle
12:04:44.518 [JavaFX Application Thread] DEBUG Async                - Shutting down background threads
12:04:44.518 [JavaFX Application Thread] DEBUG PrimaryStageWindow   - Closing main window
12:04:44.525 [JavaFX Application Thread] DEBUG Logger               - Closing Logger
