16:46:45.379 [main                     ] DEBUG Logger               - Configured Logger
16:46:45.393 [main                     ] DEBUG GameApplication      - Logging settings
Title: Zelda 2D Game
Version: 1
Width: 800
Height: 800
Fullscreen: true
Intro: false
Profiling: false
Single step:false
App Mode: DEVELOPER
Menu Key: ESCAPE
Stage Style: DECORATED
Scene Factory: class com.almasb.fxgl.app.scene.SceneFactory

16:46:45.523 [JavaFX Application Thread] DEBUG FXGLApplication      - Initializing FXGL
16:46:45.527 [JavaFX Application Thread] INFO  Engine               - FXGL-17 (31.12.2021 18.16) on WINDOWS (J:21.0.2 FX:19)
16:46:45.527 [JavaFX Application Thread] DEBUG Engine               - JRE Vendor Name: Oracle Corporation
16:46:45.528 [JavaFX Application Thread] DEBUG Engine               - Running on OS: Windows 10 version 10.0
16:46:45.528 [JavaFX Application Thread] DEBUG Engine               - Architecture: amd64
16:46:45.528 [JavaFX Application Thread] INFO  Engine               - Source code and latest versions at: https://github.com/AlmasB/FXGL
16:46:45.528 [JavaFX Application Thread] INFO  Engine               -       Ask questions and discuss at: https://github.com/AlmasB/FXGL/discussions
16:46:45.528 [JavaFX Application Thread] INFO  Engine               -              Join the FXGL chat at: https://gitter.im/AlmasB/FXGL
16:46:45.599 [JavaFX Application Thread] DEBUG PrimaryStageWindow   - Creating a JavaFX scene
16:46:45.649 [JavaFX Application Thread] DEBUG PrimaryStageWindow   - Target settings size: 800.0 x 800.0
16:46:45.649 [JavaFX Application Thread] DEBUG PrimaryStageWindow   - Scaled scene size:    800.0 x 800.0
16:46:45.649 [JavaFX Application Thread] DEBUG PrimaryStageWindow   - Scaled ratio: (1.0, 1.0)
16:46:45.650 [JavaFX Application Thread] DEBUG PrimaryStageWindow   - Set initial scene to FXGLStartupScene
16:46:45.655 [JavaFX Application Thread] DEBUG PrimaryStageWindow   - Opening main window
16:46:45.750 [JavaFX Application Thread] DEBUG PrimaryStageWindow   - Window border size: (16.0, 39.0)
16:46:45.750 [JavaFX Application Thread] DEBUG PrimaryStageWindow   - Scaled size: 800.0 x 800.0
16:46:45.750 [JavaFX Application Thread] DEBUG PrimaryStageWindow   - Scaled ratio: (1.0, 1.0)
16:46:45.751 [JavaFX Application Thread] DEBUG PrimaryStageWindow   - Scene size: 800.0 x 800.0
16:46:45.751 [JavaFX Application Thread] DEBUG PrimaryStageWindow   - Stage size: 816.0 x 839.0
16:46:45.758 [FXGL Background Thread 1 ] DEBUG Engine               - Initializing environment variables
16:46:45.808 [FXGL Background Thread 1 ] DEBUG FXGLAssetLoaderServi - User app class for loading assets: class com.example.zeldapuzzle.MainGameApp
16:46:45.809 [FXGL Background Thread 1 ] DEBUG GameApplicationServi - Applying CSS: fxgl_dark.css
16:46:45.809 [FXGL Background Thread 1 ] DEBUG FXGLAssetLoaderServi - Loading from file system: jar:file:///C:/Users/mbour/.m2/repository/com/github/almasb/fxgl/17/fxgl-17.jar!/fxglassets/ui/css/fxgl_dark.css
16:46:45.852 [FXGL Background Thread 1 ] DEBUG GameApplicationServi - Initializing application scenes
16:46:45.889 [FXGL Background Thread 1 ] DEBUG GameWorld            - Game world initialized
16:46:45.953 [FXGL Background Thread 1 ] DEBUG PhysicsWorld         - Physics world initialized: appHeight=800, physics.ppm=50,0
16:46:45.953 [FXGL Background Thread 1 ] DEBUG PhysicsWorld         - Using strategy: BRUTE_FORCE
16:46:45.957 [FXGL Background Thread 1 ] DEBUG GameScene            - Game scene initialized: 800x800
16:46:45.972 [FXGL Background Thread 1 ] DEBUG FXGL.DefaultMenu     - createMenuBodyMainMenu()
16:46:45.986 [FXGL Background Thread 1 ] DEBUG FXGL.DefaultMenu     - createOptionsMenu()
16:46:45.996 [FXGL Background Thread 1 ] DEBUG FXGLAssetLoaderServi - Loading from file system: jar:file:///C:/Users/mbour/.m2/repository/com/github/almasb/fxgl/17/fxgl-17.jar!/fxglassets/textures/particles/smoke.png
16:46:46.079 [FXGL Background Thread 1 ] DEBUG FXGLAssetLoaderServi - Loading from file system: jar:file:///C:/Users/mbour/.m2/repository/com/github/almasb/fxgl/17/fxgl-17.jar!/fxglassets/textures/particles/trace_horizontal.png
16:46:46.094 [FXGL Background Thread 1 ] DEBUG FXGL.DefaultMenu     - createMenuBodyGameMenu()
16:46:46.096 [FXGL Background Thread 1 ] DEBUG FXGL.DefaultMenu     - createOptionsMenu()
16:46:46.114 [FXGL Background Thread 1 ] DEBUG GameApplicationServi - Application scenes initialized
16:46:46.125 [FXGL Background Thread 1 ] DEBUG SystemBundleService  - Loading FXGL system data
16:46:46.129 [FXGL Background Thread 1 ] DEBUG FileSystemAccess     - Reading from: C:\Users\mbour\OneDrive\Bureau\Zelda TOTK WINRAR\zeldaPuzzle\system\fxgl.bundle
16:46:46.139 [FXGL Background Thread 1 ] DEBUG SystemBundleService  - Bundle FXGL: {}
16:46:46.140 [FXGL Background Thread 1 ] DEBUG UpdaterService       - Checking for updates
16:46:46.166 [FXGL Background Thread 4 ] DEBUG FXGLApplication      - Loading fonts
16:46:46.167 [FXGL Background Thread 1 ] DEBUG FXGLApplication      - Loading default localization
16:46:46.167 [FXGL Background Thread 4 ] DEBUG FXGLAssetLoaderServi - Loading from file system: jar:file:///C:/Users/mbour/.m2/repository/com/github/almasb/fxgl/17/fxgl-17.jar!/fxglassets/ui/fonts/VarelaRound-Regular.ttf
16:46:46.167 [FXGL Background Thread 1 ] DEBUG FXGLAssetLoaderServi - Loading from file system: jar:file:///C:/Users/mbour/.m2/repository/com/github/almasb/fxgl/17/fxgl-17.jar!/fxglassets/languages/english.lang
16:46:46.187 [FXGL Background Thread 1 ] INFO  FXGLApplication      - FXGL initialization took: 0,428 sec
16:46:46.198 [JavaFX Application Thread] DEBUG Input                - Registered new binding: inventaire - Tab
16:46:46.198 [JavaFX Application Thread] DEBUG Input                - Registered new binding: getPosition - P
16:46:46.198 [JavaFX Application Thread] DEBUG Input                - Registered new binding: zoom+ - Up
16:46:46.198 [JavaFX Application Thread] DEBUG Input                - Registered new binding: zoom- - Down
16:46:46.198 [JavaFX Application Thread] DEBUG Input                - Registered new binding: resetZoom - 0
16:46:46.199 [JavaFX Application Thread] DEBUG Input                - Registered new binding: Move right - D
16:46:46.199 [JavaFX Application Thread] DEBUG Input                - Registered new binding: Move left - A
16:46:46.199 [JavaFX Application Thread] DEBUG Input                - Registered new binding: Move Up - W
16:46:46.200 [JavaFX Application Thread] DEBUG Input                - Registered new binding: Move Down - S
16:46:46.200 [JavaFX Application Thread] DEBUG FXGLAssetLoaderServi - Loading from file system: jar:file:///C:/Users/mbour/.m2/repository/com/github/almasb/fxgl/17/fxgl-17.jar!/fxglassets/textures/fxgl_icon.png
16:46:46.209 [FXGL Background Thread 4 ] DEBUG FXGLAssetLoaderServi - Loading from file system: jar:file:///C:/Users/mbour/.m2/repository/com/github/almasb/fxgl/17/fxgl-17.jar!/fxglassets/ui/fonts/Abel-Regular.ttf
16:46:46.211 [JavaFX Application Thread] DEBUG FXGLAssetLoaderServi - Loading from file system: jar:file:///C:/Users/mbour/.m2/repository/com/github/almasb/fxgl/17/fxgl-17.jar!/fxglassets/textures/fxgl_default_cursor.png
16:46:46.214 [JavaFX Application Thread] DEBUG Input                - Registered new binding: Screenshot - CTRL+8
16:46:46.215 [JavaFX Application Thread] DEBUG Input                - Registered new binding: Dev Options - 1
16:46:46.216 [JavaFX Application Thread] DEBUG Input                - Registered new binding: Dev Console - 2
16:46:46.216 [JavaFX Application Thread] DEBUG Input                - Registered new binding: System info dump - CTRL+9
16:46:46.217 [JavaFX Application Thread] DEBUG Input                - Registered new binding: Restart - CTRL+R
16:46:46.218 [JavaFX Application Thread] DEBUG Input                - Registered new binding: Toggle Debug Camera - CTRL+7
16:46:46.221 [JavaFX Application Thread] DEBUG LoopRunner           - Starting loop
16:46:46.224 [FXGL Background Thread 4 ] DEBUG FXGLAssetLoaderServi - Loading from file system: jar:file:///C:/Users/mbour/.m2/repository/com/github/almasb/fxgl/17/fxgl-17.jar!/fxglassets/ui/fonts/TerminalLandMono-Regular.otf
16:46:46.233 [JavaFX Application Thread] DEBUG LoopRunner           - Initializing JavaFX AnimationTimerLoop
16:46:46.235 [JavaFX Application Thread] DEBUG Input                - Clearing active input actions
16:46:46.244 [JavaFX Application Thread] DEBUG GameApplicationServi - Removing overlay from FXGLStartupScene and adding to FXGLMainMenuDummyScene
16:46:46.247 [FXGL Background Thread 4 ] DEBUG FXGLAssetLoaderServi - Loading from file system: jar:file:///C:/Users/mbour/.m2/repository/com/github/almasb/fxgl/17/fxgl-17.jar!/fxglassets/ui/fonts/Courier-Prime.ttf
16:46:46.250 [JavaFX Application Thread] DEBUG PrimaryStageWindow   - FXGLStartupScene -> FXGLMainMenuDummyScene
16:46:46.250 [JavaFX Application Thread] DEBUG PrimaryStageWindow   - Push state: FXGLDefaultMenu
16:46:46.253 [JavaFX Application Thread] DEBUG Input                - Clearing active input actions
16:46:46.262 [JavaFX Application Thread] DEBUG GameApplicationServi - Removing overlay from FXGLMainMenuDummyScene and adding to FXGLDefaultMenu
16:46:46.263 [JavaFX Application Thread] DEBUG PrimaryStageWindow   - FXGLMainMenuDummyScene -> FXGLDefaultMenu
16:46:46.469 [JavaFX Application Thread] DEBUG FXGLApplication      - Registering font factories with UI factory
16:46:46.574 [FXGL Background Thread 2 ] INFO  UpdaterService       - Your current version:  17
16:46:46.575 [FXGL Background Thread 2 ] INFO  UpdaterService       - Latest stable version: 21.1
16:46:47.069 [JavaFX Application Thread] DEBUG Menu                 - fireNewGame()
16:46:47.070 [JavaFX Application Thread] DEBUG GameApplicationServi - Starting new game
16:46:47.073 [JavaFX Application Thread] DEBUG PrimaryStageWindow   - Pop state: FXGLDefaultMenu
16:46:47.073 [JavaFX Application Thread] DEBUG Input                - Clearing active input actions
16:46:47.075 [JavaFX Application Thread] DEBUG GameApplicationServi - Removing overlay from FXGLDefaultMenu and adding to FXGLMainMenuDummyScene
16:46:47.078 [JavaFX Application Thread] DEBUG PrimaryStageWindow   - FXGLMainMenuDummyScene <- FXGLDefaultMenu
16:46:47.078 [JavaFX Application Thread] DEBUG Input                - Clearing active input actions
16:46:47.086 [JavaFX Application Thread] DEBUG GameApplicationServi - Removing overlay from FXGLMainMenuDummyScene and adding to FXGLLoadingScene
16:46:47.087 [JavaFX Application Thread] DEBUG PrimaryStageWindow   - FXGLMainMenuDummyScene -> FXGLLoadingScene
16:46:47.088 [JavaFX Application Thread] DEBUG GameApplicationServi - Clearing previous game
16:46:47.088 [JavaFX Application Thread] DEBUG GameScene            - Clearing game scene
16:46:47.088 [JavaFX Application Thread] DEBUG GameWorld            - Clearing game world
16:46:47.088 [JavaFX Application Thread] DEBUG PhysicsWorld         - Clearing physics world
16:46:47.092 [FXGL Background Thread 2 ] DEBUG FXGLApplication      - Initializing game
16:46:47.141 [FXGL Background Thread 2 ] WARN  TMXLevelLoader       - TiledMap generated from 1.10.2. Supported version: 1.2.3. Some features may not be parsed fully.
16:46:47.208 [FXGL Background Thread 2 ] DEBUG TMXLevelLoader       - Parsed TiledMap: file:/C:/Users/mbour/OneDrive/Bureau/Zelda%20TOTK%20WINRAR/zeldaPuzzle/target/classes/assets/levels/MapDeMerde2.tmx
16:46:47.209 [FXGL Background Thread 2 ] DEBUG TMXLevelLoader       - Creating tile layer entities
16:46:47.211 [FXGL Background Thread 2 ] DEBUG TilesetLoader        - Loading view for layer background
16:46:47.246 [FXGL Background Thread 2 ] DEBUG TilesetLoader        - Created buffer with size 4800.0x4800.0
16:46:47.441 [FXGL Background Thread 2 ] DEBUG TilesetLoader        - Loading view for layer devant
16:46:47.477 [FXGL Background Thread 2 ] DEBUG TilesetLoader        - Created buffer with size 4800.0x4800.0
16:46:47.521 [FXGL Background Thread 2 ] DEBUG TilesetLoader        - Loading view for layer devant1
16:46:47.555 [FXGL Background Thread 2 ] DEBUG TilesetLoader        - Created buffer with size 4800.0x4800.0
16:46:47.569 [FXGL Background Thread 2 ] DEBUG TMXLevelLoader       - Creating object layer entities
16:46:47.616 [FXGL Background Thread 2 ] DEBUG GameWorld            - Clearing removable entities
16:46:47.616 [FXGL Background Thread 2 ] DEBUG GameWorld            - Setting level: com.almasb.fxgl.entity.level.Level@2e58821a
16:46:47.634 [FXGL Background Thread 2 ] WARN  GameWorld            - Entity is already attached to world
16:46:47.635 [FXGL Background Thread 2 ] WARN  GameWorld            - Entity is already attached to world
16:46:47.643 [FXGL Background Thread 2 ] INFO  FXGLApplication      - Game initialization took: 0,550 sec
16:46:47.645 [JavaFX Application Thread] DEBUG Input                - Clearing active input actions
16:46:47.650 [JavaFX Application Thread] DEBUG GameApplicationServi - Removing overlay from FXGLLoadingScene and adding to GameScene
16:46:47.653 [JavaFX Application Thread] DEBUG PrimaryStageWindow   - FXGLLoadingScene -> GameScene
16:46:49.166 [FXGL Background Thread 3 ] DEBUG Engine               - Logging environment variables
16:46:49.166 [FXGL Background Thread 3 ] DEBUG Engine               - achievements: []
16:46:49.166 [FXGL Background Thread 3 ] DEBUG Engine               - actualHeight: 800.0
16:46:49.166 [FXGL Background Thread 3 ] DEBUG Engine               - actualHeightProperty: ReadOnlyDoubleProperty [value: 800.0]
16:46:49.166 [FXGL Background Thread 3 ] DEBUG Engine               - actualWidth: 800.0
16:46:49.166 [FXGL Background Thread 3 ] DEBUG Engine               - actualWidthProperty: ReadOnlyDoubleProperty [value: 800.0]
16:46:49.166 [FXGL Background Thread 3 ] DEBUG Engine               - appIcon: fxgl_icon.png
16:46:49.166 [FXGL Background Thread 3 ] DEBUG Engine               - applicationMode: DEVELOPER
16:46:49.166 [FXGL Background Thread 3 ] DEBUG Engine               - cSSList: [fxgl_dark.css]
16:46:49.167 [FXGL Background Thread 3 ] DEBUG Engine               - collisionDetectionStrategy: BRUTE_FORCE
16:46:49.167 [FXGL Background Thread 3 ] DEBUG Engine               - configClass: Optional.empty
16:46:49.167 [FXGL Background Thread 3 ] DEBUG Engine               - credits: []
16:46:49.167 [FXGL Background Thread 3 ] DEBUG Engine               - defaultCursor: CursorInfo(imageName=fxgl_default_cursor.png, hotspotX=7.0, hotspotY=6.0)
16:46:49.167 [FXGL Background Thread 3 ] DEBUG Engine               - devBBoxColorProperty: ObjectProperty [value: 0xff0000ff]
16:46:49.167 [FXGL Background Thread 3 ] DEBUG Engine               - devEnableDebugCameraProperty: BooleanProperty [value: false]
16:46:49.167 [FXGL Background Thread 3 ] DEBUG Engine               - devSensorColorProperty: ObjectProperty [value: 0xffff00ff]
16:46:49.167 [FXGL Background Thread 3 ] DEBUG Engine               - devShowBBoxProperty: BooleanProperty [value: false]
16:46:49.167 [FXGL Background Thread 3 ] DEBUG Engine               - devShowPositionProperty: BooleanProperty [value: false]
16:46:49.167 [FXGL Background Thread 3 ] DEBUG Engine               - enabledMenuItems: []
16:46:49.167 [FXGL Background Thread 3 ] DEBUG Engine               - engineServices: [class com.almasb.fxgl.app.services.FXGLAssetLoaderService, class com.almasb.fxgl.app.FXGLApplication$GameApplicationService, class com.almasb.fxgl.app.services.FXGLDialogService, class com.almasb.fxgl.app.services.IOTaskExecutorService, class com.almasb.fxgl.io.FileSystemService, class com.almasb.fxgl.localization.LocalizationService, class com.almasb.fxgl.app.services.SystemBundleService, class com.almasb.fxgl.profile.SaveLoadService, class com.almasb.fxgl.ui.FXGLUIFactoryServiceProvider, class com.almasb.fxgl.ui.FXGLDialogFactoryServiceProvider, class com.almasb.fxgl.audio.AudioPlayer, class com.almasb.fxgl.notification.impl.NotificationServiceProvider, class com.almasb.fxgl.achievement.AchievementService, class com.almasb.fxgl.cutscene.CutsceneService, class com.almasb.fxgl.minigames.MiniGameService, class com.almasb.fxgl.net.NetService, class com.almasb.fxgl.app.services.UpdaterService, class com.almasb.fxgl.dev.DevService]
16:46:49.167 [FXGL Background Thread 3 ] DEBUG Engine               - fontGame: Abel-Regular.ttf
16:46:49.168 [FXGL Background Thread 3 ] DEBUG Engine               - fontMono: TerminalLandMono-Regular.otf
16:46:49.168 [FXGL Background Thread 3 ] DEBUG Engine               - fontText: Courier-Prime.ttf
16:46:49.168 [FXGL Background Thread 3 ] DEBUG Engine               - fontUI: VarelaRound-Regular.ttf
16:46:49.168 [FXGL Background Thread 3 ] DEBUG Engine               - fullScreen: BooleanProperty [value: false]
16:46:49.168 [FXGL Background Thread 3 ] DEBUG Engine               - gameDifficulty: MEDIUM
16:46:49.168 [FXGL Background Thread 3 ] DEBUG Engine               - gameDifficultyProperty: ObjectProperty [value: MEDIUM]
16:46:49.168 [FXGL Background Thread 3 ] DEBUG Engine               - globalMusicVolume: 0.5
16:46:49.168 [FXGL Background Thread 3 ] DEBUG Engine               - globalMusicVolumeProperty: DoubleProperty [value: 0.5]
16:46:49.168 [FXGL Background Thread 3 ] DEBUG Engine               - globalSoundVolume: 0.5
16:46:49.168 [FXGL Background Thread 3 ] DEBUG Engine               - globalSoundVolumeProperty: DoubleProperty [value: 0.5]
16:46:49.168 [FXGL Background Thread 3 ] DEBUG Engine               - height: 800
16:46:49.168 [FXGL Background Thread 3 ] DEBUG Engine               - is3D: false
16:46:49.168 [FXGL Background Thread 3 ] DEBUG Engine               - isAndroid: false
16:46:49.168 [FXGL Background Thread 3 ] DEBUG Engine               - isBrowser: false
16:46:49.168 [FXGL Background Thread 3 ] DEBUG Engine               - isClickFeedbackEnabled: false
16:46:49.168 [FXGL Background Thread 3 ] DEBUG Engine               - isCloseConfirmation: false
16:46:49.168 [FXGL Background Thread 3 ] DEBUG Engine               - isDesktop: true
16:46:49.168 [FXGL Background Thread 3 ] DEBUG Engine               - isDeveloperMenuEnabled: true
16:46:49.168 [FXGL Background Thread 3 ] DEBUG Engine               - isEmbedded: false
16:46:49.168 [FXGL Background Thread 3 ] DEBUG Engine               - isEntityPreloadEnabled: true
16:46:49.168 [FXGL Background Thread 3 ] DEBUG Engine               - isExperimentalTiledLargeMap: false
16:46:49.169 [FXGL Background Thread 3 ] DEBUG Engine               - isFileSystemWriteAllowed: true
16:46:49.169 [FXGL Background Thread 3 ] DEBUG Engine               - isFullScreenAllowed: true
16:46:49.169 [FXGL Background Thread 3 ] DEBUG Engine               - isFullScreenFromStart: false
16:46:49.169 [FXGL Background Thread 3 ] DEBUG Engine               - isGameMenuEnabled: true
16:46:49.169 [FXGL Background Thread 3 ] DEBUG Engine               - isIOS: false
16:46:49.169 [FXGL Background Thread 3 ] DEBUG Engine               - isIntroEnabled: false
16:46:49.169 [FXGL Background Thread 3 ] DEBUG Engine               - isLinux: false
16:46:49.169 [FXGL Background Thread 3 ] DEBUG Engine               - isMac: false
16:46:49.169 [FXGL Background Thread 3 ] DEBUG Engine               - isMainMenuEnabled: true
16:46:49.169 [FXGL Background Thread 3 ] DEBUG Engine               - isManualResizeEnabled: false
16:46:49.169 [FXGL Background Thread 3 ] DEBUG Engine               - isMobile: false
16:46:49.169 [FXGL Background Thread 3 ] DEBUG Engine               - isNative: false
16:46:49.169 [FXGL Background Thread 3 ] DEBUG Engine               - isPauseMusicWhenMinimized: true
16:46:49.169 [FXGL Background Thread 3 ] DEBUG Engine               - isPreserveResizeRatio: false
16:46:49.169 [FXGL Background Thread 3 ] DEBUG Engine               - isProfilingEnabled: false
16:46:49.169 [FXGL Background Thread 3 ] DEBUG Engine               - isScaleAffectedOnResize: true
16:46:49.169 [FXGL Background Thread 3 ] DEBUG Engine               - isSingleStep: false
16:46:49.169 [FXGL Background Thread 3 ] DEBUG Engine               - isUserProfileEnabled: false
16:46:49.169 [FXGL Background Thread 3 ] DEBUG Engine               - isWindows: true
16:46:49.169 [FXGL Background Thread 3 ] DEBUG Engine               - language: ObjectProperty [value: ENGLISH]
16:46:49.169 [FXGL Background Thread 3 ] DEBUG Engine               - menuKey: ESCAPE
16:46:49.169 [FXGL Background Thread 3 ] DEBUG Engine               - mouseSensitivity: 0.2
16:46:49.169 [FXGL Background Thread 3 ] DEBUG Engine               - notificationViewClass: class com.almasb.fxgl.notification.view.XboxNotificationView
16:46:49.169 [FXGL Background Thread 3 ] DEBUG Engine               - pixelsPerMeter: 50.0
16:46:49.170 [FXGL Background Thread 3 ] DEBUG Engine               - platform: WINDOWS
16:46:49.170 [FXGL Background Thread 3 ] DEBUG Engine               - prefHeightProperty: ReadOnlyDoubleProperty [value: 800.0]
16:46:49.170 [FXGL Background Thread 3 ] DEBUG Engine               - prefWidthProperty: ReadOnlyDoubleProperty [value: 800.0]
16:46:49.170 [FXGL Background Thread 3 ] DEBUG Engine               - profileDir: profiles/
16:46:49.170 [FXGL Background Thread 3 ] DEBUG Engine               - profileName: StringProperty [value: DEFAULT]
16:46:49.170 [FXGL Background Thread 3 ] DEBUG Engine               - randomSeed: -1
16:46:49.170 [FXGL Background Thread 3 ] DEBUG Engine               - runtimeInfo: RuntimeInfo(platform=WINDOWS, version=17, build=31.12.2021 18.16)
16:46:49.170 [FXGL Background Thread 3 ] DEBUG Engine               - saveFileExt: sav
16:46:49.170 [FXGL Background Thread 3 ] DEBUG Engine               - scaledHeightProp$fxgl: DoubleProperty [bound, value: 800.0]
16:46:49.170 [FXGL Background Thread 3 ] DEBUG Engine               - scaledWidthProp$fxgl: DoubleProperty [bound, value: 800.0]
16:46:49.170 [FXGL Background Thread 3 ] DEBUG Engine               - sceneFactory: com.almasb.fxgl.app.scene.SceneFactory@2f8e7462
16:46:49.170 [FXGL Background Thread 3 ] DEBUG Engine               - secondsIn24h: 60
16:46:49.170 [FXGL Background Thread 3 ] DEBUG Engine               - soundMenuBack: menu/back.wav
16:46:49.170 [FXGL Background Thread 3 ] DEBUG Engine               - soundMenuPress: menu/press.wav
16:46:49.170 [FXGL Background Thread 3 ] DEBUG Engine               - soundMenuSelect: menu/select.wav
16:46:49.170 [FXGL Background Thread 3 ] DEBUG Engine               - soundNotification: core/notification.wav
16:46:49.170 [FXGL Background Thread 3 ] DEBUG Engine               - stageStyle: DECORATED
16:46:49.170 [FXGL Background Thread 3 ] DEBUG Engine               - supportedLanguages: [ENGLISH, FRENCH, GERMAN, HUNGARIAN, RUSSIAN]
16:46:49.171 [FXGL Background Thread 3 ] DEBUG Engine               - ticksPerSecond: -1
16:46:49.171 [FXGL Background Thread 3 ] DEBUG Engine               - title: Zelda 2D Game
16:46:49.171 [FXGL Background Thread 3 ] DEBUG Engine               - urlGithub: https://github.com/AlmasB/FXGL
16:46:49.171 [FXGL Background Thread 3 ] DEBUG Engine               - urlLeaderboard: http://fxgl-top.herokuapp.com/
16:46:49.171 [FXGL Background Thread 3 ] DEBUG Engine               - urlPOM: https://raw.githubusercontent.com/AlmasB/FXGL/release/README.md
16:46:49.171 [FXGL Background Thread 3 ] DEBUG Engine               - userAppClass: class com.example.zeldapuzzle.MainGameApp
16:46:49.171 [FXGL Background Thread 3 ] DEBUG Engine               - version: 1
16:46:49.171 [FXGL Background Thread 3 ] DEBUG Engine               - versionCheckDays: 7
16:46:49.171 [FXGL Background Thread 3 ] DEBUG Engine               - width: 800
16:46:49.171 [FXGL Background Thread 3 ] DEBUG Engine               - Logging services
16:46:49.171 [FXGL Background Thread 3 ] DEBUG Engine               - class com.almasb.fxgl.app.services.FXGLAssetLoaderService
16:46:49.171 [FXGL Background Thread 3 ] DEBUG Engine               - class com.almasb.fxgl.app.FXGLApplication$GameApplicationService
16:46:49.171 [FXGL Background Thread 3 ] DEBUG Engine               - class com.almasb.fxgl.app.services.FXGLDialogService
16:46:49.171 [FXGL Background Thread 3 ] DEBUG Engine               - class com.almasb.fxgl.app.services.IOTaskExecutorService
16:46:49.171 [FXGL Background Thread 3 ] DEBUG Engine               - class com.almasb.fxgl.io.FileSystemService
16:46:49.171 [FXGL Background Thread 3 ] DEBUG Engine               - class com.almasb.fxgl.localization.LocalizationService
16:46:49.171 [FXGL Background Thread 3 ] DEBUG Engine               - class com.almasb.fxgl.app.services.SystemBundleService
16:46:49.171 [FXGL Background Thread 3 ] DEBUG Engine               - class com.almasb.fxgl.profile.SaveLoadService
16:46:49.171 [FXGL Background Thread 3 ] DEBUG Engine               - class com.almasb.fxgl.ui.FXGLUIFactoryServiceProvider
16:46:49.171 [FXGL Background Thread 3 ] DEBUG Engine               - class com.almasb.fxgl.ui.FXGLDialogFactoryServiceProvider
16:46:49.171 [FXGL Background Thread 3 ] DEBUG Engine               - class com.almasb.fxgl.audio.AudioPlayer
16:46:49.171 [FXGL Background Thread 3 ] DEBUG Engine               - class com.almasb.fxgl.notification.impl.NotificationServiceProvider
16:46:49.171 [FXGL Background Thread 3 ] DEBUG Engine               - class com.almasb.fxgl.achievement.AchievementService
16:46:49.172 [FXGL Background Thread 3 ] DEBUG Engine               - class com.almasb.fxgl.cutscene.CutsceneService
16:46:49.172 [FXGL Background Thread 3 ] DEBUG Engine               - class com.almasb.fxgl.minigames.MiniGameService
16:46:49.172 [FXGL Background Thread 3 ] DEBUG Engine               - class com.almasb.fxgl.net.NetService
16:46:49.172 [FXGL Background Thread 3 ] DEBUG Engine               - class com.almasb.fxgl.app.services.UpdaterService
16:46:49.172 [FXGL Background Thread 3 ] DEBUG Engine               - class com.almasb.fxgl.dev.DevService
16:46:53.187 [JavaFX Application Thread] WARN  TMXLevelLoader       - TiledMap generated from 1.10.2. Supported version: 1.2.3. Some features may not be parsed fully.
16:46:53.192 [JavaFX Application Thread] DEBUG TMXLevelLoader       - Parsed TiledMap: file:/C:/Users/mbour/OneDrive/Bureau/Zelda%20TOTK%20WINRAR/zeldaPuzzle/target/classes/assets/levels/donjonPasFini.tmx
16:46:53.192 [JavaFX Application Thread] DEBUG TMXLevelLoader       - Creating tile layer entities
16:46:53.193 [JavaFX Application Thread] DEBUG TilesetLoader        - Loading view for layer Calque de Tuiles 2
16:46:53.195 [JavaFX Application Thread] DEBUG TilesetLoader        - Created buffer with size 3200.0x960.0
16:46:53.220 [JavaFX Application Thread] WARN  TilesetLoader        - Diagonally flipped tiles are not currently supported
16:46:53.220 [JavaFX Application Thread] WARN  TilesetLoader        - Diagonally flipped tiles are not currently supported
16:46:53.220 [JavaFX Application Thread] WARN  TilesetLoader        - Diagonally flipped tiles are not currently supported
16:46:53.220 [JavaFX Application Thread] WARN  TilesetLoader        - Diagonally flipped tiles are not currently supported
16:46:53.221 [JavaFX Application Thread] WARN  TilesetLoader        - Diagonally flipped tiles are not currently supported
16:46:53.221 [JavaFX Application Thread] WARN  TilesetLoader        - Diagonally flipped tiles are not currently supported
16:46:53.221 [JavaFX Application Thread] WARN  TilesetLoader        - Diagonally flipped tiles are not currently supported
16:46:53.221 [JavaFX Application Thread] WARN  TilesetLoader        - Diagonally flipped tiles are not currently supported
16:46:53.221 [JavaFX Application Thread] WARN  TilesetLoader        - Diagonally flipped tiles are not currently supported
16:46:53.221 [JavaFX Application Thread] WARN  TilesetLoader        - Diagonally flipped tiles are not currently supported
16:46:53.222 [JavaFX Application Thread] DEBUG TilesetLoader        - Loading view for layer background
16:46:53.223 [JavaFX Application Thread] DEBUG TilesetLoader        - Created buffer with size 3200.0x960.0
16:46:53.233 [JavaFX Application Thread] DEBUG TilesetLoader        - Loading view for layer Calque de Tuiles 3
16:46:53.238 [JavaFX Application Thread] DEBUG TilesetLoader        - Created buffer with size 3200.0x960.0
16:46:53.239 [JavaFX Application Thread] DEBUG TilesetLoader        - Loading view for layer Calque de Tuiles 1
16:46:53.243 [JavaFX Application Thread] DEBUG TilesetLoader        - Created buffer with size 3200.0x960.0
16:46:53.244 [JavaFX Application Thread] DEBUG TMXLevelLoader       - Creating object layer entities
16:46:53.249 [JavaFX Application Thread] DEBUG GameWorld            - Clearing removable entities
16:46:53.256 [JavaFX Application Thread] DEBUG GameWorld            - Setting level: com.almasb.fxgl.entity.level.Level@6bd38618
16:46:53.261 [JavaFX Application Thread] WARN  GameWorld            - Entity is already attached to world
16:46:59.275 [JavaFX Application Thread] WARN  GameWorld            - Entity is already attached to world
16:47:01.049 [JavaFX Application Thread] WARN  GameWorld            - Entity is already attached to world
16:47:02.411 [JavaFX Application Thread] WARN  GameWorld            - Entity is already attached to world
16:47:08.003 [JavaFX Application Thread] WARN  GameWorld            - Entity is already attached to world
16:47:10.473 [JavaFX Application Thread] WARN  GameWorld            - Entity is already attached to world
16:47:18.714 [JavaFX Application Thread] DEBUG LoopRunner           - Pausing loop
16:47:22.385 [JavaFX Application Thread] DEBUG LoopRunner           - Resuming loop
16:47:23.754 [JavaFX Application Thread] WARN  GameWorld            - Entity is already attached to world
16:47:28.981 [JavaFX Application Thread] WARN  GameWorld            - Entity is already attached to world
16:47:35.552 [JavaFX Application Thread] WARN  GameWorld            - Entity is already attached to world
16:47:38.745 [JavaFX Application Thread] DEBUG FXGLApplication      - Exiting FXGL
16:47:38.745 [JavaFX Application Thread] DEBUG LoopRunner           - Stopping loop
16:47:38.746 [JavaFX Application Thread] DEBUG SystemBundleService  - Saving FXGL system data
16:47:38.748 [JavaFX Application Thread] DEBUG FileSystemAccess     - Writing to: C:\Users\mbour\OneDrive\Bureau\Zelda TOTK WINRAR\zeldaPuzzle\system\fxgl.bundle
16:47:38.750 [JavaFX Application Thread] DEBUG Async                - Shutting down background threads
16:47:38.750 [JavaFX Application Thread] DEBUG PrimaryStageWindow   - Closing main window
16:47:38.764 [JavaFX Application Thread] DEBUG Logger               - Closing Logger
