08:38:51.086 [main                     ] DEBUG Logger               - Configured Logger
08:38:51.107 [main                     ] DEBUG GameApplication      - Logging settings
Title: Zelda 2D Game
Version: 1
Width: 800
Height: 800
Fullscreen: true
Intro: false
Profiling: false
Single step:false
App Mode: DEVELOPER
Menu Key: ESCAPE
Stage Style: DECORATED
Scene Factory: class com.almasb.fxgl.app.scene.SceneFactory

08:38:51.379 [JavaFX Application Thread] DEBUG FXGLApplication      - Initializing FXGL
08:38:51.384 [JavaFX Application Thread] INFO  Engine               - FXGL-17 (31.12.2021 18.16) on MAC (J:19.0.1 FX:19)
08:38:51.385 [JavaFX Application Thread] DEBUG Engine               - JRE Vendor Name: Oracle Corporation
08:38:51.385 [JavaFX Application Thread] DEBUG Engine               - Running on OS: Mac OS X version 12.5
08:38:51.385 [JavaFX Application Thread] DEBUG Engine               - Architecture: aarch64
08:38:51.385 [JavaFX Application Thread] INFO  Engine               - Source code and latest versions at: https://github.com/AlmasB/FXGL
08:38:51.386 [JavaFX Application Thread] INFO  Engine               -       Ask questions and discuss at: https://github.com/AlmasB/FXGL/discussions
08:38:51.386 [JavaFX Application Thread] INFO  Engine               -              Join the FXGL chat at: https://gitter.im/AlmasB/FXGL
08:38:51.486 [JavaFX Application Thread] DEBUG PrimaryStageWindow   - Creating a JavaFX scene
08:38:51.548 [JavaFX Application Thread] DEBUG PrimaryStageWindow   - Target settings size: 800.0 x 800.0
08:38:51.548 [JavaFX Application Thread] DEBUG PrimaryStageWindow   - Scaled scene size:    800.0 x 800.0
08:38:51.548 [JavaFX Application Thread] DEBUG PrimaryStageWindow   - Scaled ratio: (1.0, 1.0)
08:38:51.550 [JavaFX Application Thread] DEBUG PrimaryStageWindow   - Set initial scene to FXGLStartupScene
08:38:51.555 [JavaFX Application Thread] DEBUG PrimaryStageWindow   - Opening main window
08:38:51.702 [JavaFX Application Thread] DEBUG PrimaryStageWindow   - Window border size: (0.0, 28.0)
08:38:51.703 [JavaFX Application Thread] DEBUG PrimaryStageWindow   - Scaled size: 800.0 x 800.0
08:38:51.703 [JavaFX Application Thread] DEBUG PrimaryStageWindow   - Scaled ratio: (1.0, 1.0)
08:38:51.703 [JavaFX Application Thread] DEBUG PrimaryStageWindow   - Scene size: 800.0 x 800.0
08:38:51.703 [JavaFX Application Thread] DEBUG PrimaryStageWindow   - Stage size: 800.0 x 828.0
08:38:51.709 [FXGL Background Thread 1 ] DEBUG Engine               - Initializing environment variables
08:38:51.746 [FXGL Background Thread 1 ] DEBUG FXGLAssetLoaderServi - User app class for loading assets: class com.example.zeldapuzzle.MainGameApp
08:38:51.746 [FXGL Background Thread 1 ] DEBUG GameApplicationServi - Applying CSS: fxgl_dark.css
08:38:51.747 [FXGL Background Thread 1 ] DEBUG FXGLAssetLoaderServi - Loading from file system: jar:file:///Users/CHLaroche05/.m2/repository/com/github/almasb/fxgl/17/fxgl-17.jar!/fxglassets/ui/css/fxgl_dark.css
08:38:51.786 [FXGL Background Thread 1 ] DEBUG GameApplicationServi - Initializing application scenes
08:38:52.036 [FXGL Background Thread 1 ] DEBUG GameWorld            - Game world initialized
08:38:52.115 [FXGL Background Thread 1 ] DEBUG PhysicsWorld         - Physics world initialized: appHeight=800, physics.ppm=50.0
08:38:52.115 [FXGL Background Thread 1 ] DEBUG PhysicsWorld         - Using strategy: BRUTE_FORCE
08:38:52.119 [FXGL Background Thread 1 ] DEBUG GameScene            - Game scene initialized: 800x800
08:38:52.143 [FXGL Background Thread 1 ] DEBUG FXGL.DefaultMenu     - createMenuBodyMainMenu()
08:38:52.167 [FXGL Background Thread 1 ] DEBUG FXGL.DefaultMenu     - createOptionsMenu()
08:38:52.187 [FXGL Background Thread 1 ] DEBUG FXGLAssetLoaderServi - Loading from file system: jar:file:///Users/CHLaroche05/.m2/repository/com/github/almasb/fxgl/17/fxgl-17.jar!/fxglassets/textures/particles/smoke.png
08:38:52.441 [FXGL Background Thread 1 ] DEBUG FXGLAssetLoaderServi - Loading from file system: jar:file:///Users/CHLaroche05/.m2/repository/com/github/almasb/fxgl/17/fxgl-17.jar!/fxglassets/textures/particles/trace_horizontal.png
08:38:52.488 [FXGL Background Thread 1 ] DEBUG FXGL.DefaultMenu     - createMenuBodyGameMenu()
08:38:52.489 [FXGL Background Thread 1 ] DEBUG FXGL.DefaultMenu     - createOptionsMenu()
08:38:52.561 [FXGL Background Thread 1 ] DEBUG GameApplicationServi - Application scenes initialized
08:38:52.577 [FXGL Background Thread 1 ] DEBUG SystemBundleService  - Loading FXGL system data
08:38:52.582 [FXGL Background Thread 1 ] DEBUG FileSystemAccess     - Reading from: /Users/CHLaroche05/zelda/zeldaPuzzle/system/fxgl.bundle
08:38:52.592 [FXGL Background Thread 1 ] DEBUG SystemBundleService  - Bundle FXGL: {}
08:38:52.592 [FXGL Background Thread 1 ] DEBUG UpdaterService       - Checking for updates
08:38:52.670 [FXGL Background Thread 4 ] DEBUG FXGLApplication      - Loading fonts
08:38:52.670 [FXGL Background Thread 4 ] DEBUG FXGLAssetLoaderServi - Loading from file system: jar:file:///Users/CHLaroche05/.m2/repository/com/github/almasb/fxgl/17/fxgl-17.jar!/fxglassets/ui/fonts/VarelaRound-Regular.ttf
08:38:52.673 [FXGL Background Thread 1 ] DEBUG FXGLApplication      - Loading default localization
08:38:52.676 [FXGL Background Thread 1 ] DEBUG FXGLAssetLoaderServi - Loading from file system: jar:file:///Users/CHLaroche05/.m2/repository/com/github/almasb/fxgl/17/fxgl-17.jar!/fxglassets/languages/english.lang
08:38:52.682 [FXGL Background Thread 4 ] DEBUG FXGLAssetLoaderServi - Loading from file system: jar:file:///Users/CHLaroche05/.m2/repository/com/github/almasb/fxgl/17/fxgl-17.jar!/fxglassets/ui/fonts/Abel-Regular.ttf
08:38:52.686 [FXGL Background Thread 4 ] DEBUG FXGLAssetLoaderServi - Loading from file system: jar:file:///Users/CHLaroche05/.m2/repository/com/github/almasb/fxgl/17/fxgl-17.jar!/fxglassets/ui/fonts/TerminalLandMono-Regular.otf
08:38:52.690 [FXGL Background Thread 4 ] DEBUG FXGLAssetLoaderServi - Loading from file system: jar:file:///Users/CHLaroche05/.m2/repository/com/github/almasb/fxgl/17/fxgl-17.jar!/fxglassets/ui/fonts/Courier-Prime.ttf
08:38:52.696 [JavaFX Application Thread] DEBUG FXGLApplication      - Registering font factories with UI factory
08:38:52.712 [FXGL Background Thread 1 ] INFO  FXGLApplication      - FXGL initialization took: 1.002 sec
08:38:52.723 [JavaFX Application Thread] DEBUG Input                - Registered new binding: inventaire - Tab
08:38:52.723 [JavaFX Application Thread] DEBUG Input                - Registered new binding: getPosition - P
08:38:52.723 [JavaFX Application Thread] DEBUG Input                - Registered new binding: zoom+ - Up
08:38:52.723 [JavaFX Application Thread] DEBUG Input                - Registered new binding: zoom- - Down
08:38:52.724 [JavaFX Application Thread] DEBUG Input                - Registered new binding: resetZoom - 0
08:38:52.724 [JavaFX Application Thread] DEBUG Input                - Registered new binding: Move right - D
08:38:52.724 [JavaFX Application Thread] DEBUG Input                - Registered new binding: Move left - A
08:38:52.724 [JavaFX Application Thread] DEBUG Input                - Registered new binding: Move Up - W
08:38:52.724 [JavaFX Application Thread] DEBUG Input                - Registered new binding: Move Down - S
08:38:52.724 [JavaFX Application Thread] DEBUG Input                - Registered new binding: Jump - Space
08:38:52.724 [JavaFX Application Thread] DEBUG FXGLAssetLoaderServi - Loading from file system: jar:file:///Users/CHLaroche05/.m2/repository/com/github/almasb/fxgl/17/fxgl-17.jar!/fxglassets/textures/fxgl_icon.png
08:38:52.743 [JavaFX Application Thread] DEBUG FXGLAssetLoaderServi - Loading from file system: jar:file:///Users/CHLaroche05/.m2/repository/com/github/almasb/fxgl/17/fxgl-17.jar!/fxglassets/textures/fxgl_default_cursor.png
08:38:52.745 [JavaFX Application Thread] DEBUG Input                - Registered new binding: Screenshot - CTRL+8
08:38:52.746 [JavaFX Application Thread] DEBUG Input                - Registered new binding: Dev Options - 1
08:38:52.746 [JavaFX Application Thread] DEBUG Input                - Registered new binding: Dev Console - 2
08:38:52.746 [JavaFX Application Thread] DEBUG Input                - Registered new binding: System info dump - CTRL+9
08:38:52.746 [JavaFX Application Thread] DEBUG Input                - Registered new binding: Restart - CTRL+R
08:38:52.747 [JavaFX Application Thread] DEBUG Input                - Registered new binding: Toggle Debug Camera - CTRL+7
08:38:52.749 [JavaFX Application Thread] DEBUG LoopRunner           - Starting loop
08:38:52.765 [JavaFX Application Thread] DEBUG LoopRunner           - Initializing JavaFX AnimationTimerLoop
08:38:52.767 [JavaFX Application Thread] DEBUG Input                - Clearing active input actions
08:38:52.775 [JavaFX Application Thread] DEBUG GameApplicationServi - Removing overlay from FXGLStartupScene and adding to FXGLMainMenuDummyScene
08:38:52.778 [JavaFX Application Thread] DEBUG PrimaryStageWindow   - FXGLStartupScene -> FXGLMainMenuDummyScene
08:38:52.779 [JavaFX Application Thread] DEBUG PrimaryStageWindow   - Push state: FXGLDefaultMenu
08:38:52.781 [JavaFX Application Thread] DEBUG Input                - Clearing active input actions
08:38:52.788 [JavaFX Application Thread] DEBUG GameApplicationServi - Removing overlay from FXGLMainMenuDummyScene and adding to FXGLDefaultMenu
08:38:52.788 [JavaFX Application Thread] DEBUG PrimaryStageWindow   - FXGLMainMenuDummyScene -> FXGLDefaultMenu
08:38:53.299 [FXGL Background Thread 2 ] INFO  UpdaterService       - Your current version:  17
08:38:53.299 [FXGL Background Thread 2 ] INFO  UpdaterService       - Latest stable version: 21.1
08:38:55.024 [JavaFX Application Thread] DEBUG Menu                 - fireNewGame()
08:38:55.024 [JavaFX Application Thread] DEBUG GameApplicationServi - Starting new game
08:38:55.027 [JavaFX Application Thread] DEBUG PrimaryStageWindow   - Pop state: FXGLDefaultMenu
08:38:55.027 [JavaFX Application Thread] DEBUG Input                - Clearing active input actions
08:38:55.039 [JavaFX Application Thread] DEBUG GameApplicationServi - Removing overlay from FXGLDefaultMenu and adding to FXGLMainMenuDummyScene
08:38:55.042 [JavaFX Application Thread] DEBUG PrimaryStageWindow   - FXGLMainMenuDummyScene <- FXGLDefaultMenu
08:38:55.042 [JavaFX Application Thread] DEBUG Input                - Clearing active input actions
08:38:55.055 [JavaFX Application Thread] DEBUG GameApplicationServi - Removing overlay from FXGLMainMenuDummyScene and adding to FXGLLoadingScene
08:38:55.055 [JavaFX Application Thread] DEBUG PrimaryStageWindow   - FXGLMainMenuDummyScene -> FXGLLoadingScene
08:38:55.056 [JavaFX Application Thread] DEBUG GameApplicationServi - Clearing previous game
08:38:55.056 [JavaFX Application Thread] DEBUG GameScene            - Clearing game scene
08:38:55.056 [JavaFX Application Thread] DEBUG GameWorld            - Clearing game world
08:38:55.056 [JavaFX Application Thread] DEBUG PhysicsWorld         - Clearing physics world
08:38:55.058 [FXGL Background Thread 2 ] DEBUG FXGLApplication      - Initializing game
08:38:55.116 [FXGL Background Thread 2 ] WARN  TMXLevelLoader       - TiledMap generated from 1.10.2. Supported version: 1.2.3. Some features may not be parsed fully.
08:38:55.226 [FXGL Background Thread 2 ] DEBUG TMXLevelLoader       - Parsed TiledMap: file:/Users/CHLaroche05/zelda/zeldaPuzzle/target/classes/assets/levels/mapFinal.tmx
08:38:55.229 [FXGL Background Thread 2 ] DEBUG TMXLevelLoader       - Creating tile layer entities
08:38:55.231 [FXGL Background Thread 2 ] DEBUG TilesetLoader        - Loading view for layer background
08:38:55.273 [FXGL Background Thread 2 ] DEBUG TilesetLoader        - Created buffer with size 4800.0x4800.0
08:38:55.665 [FXGL Background Thread 3 ] DEBUG Engine               - Logging environment variables
08:38:55.666 [FXGL Background Thread 3 ] DEBUG Engine               - achievements: []
08:38:55.666 [FXGL Background Thread 3 ] DEBUG Engine               - actualHeight: 800.0
08:38:55.666 [FXGL Background Thread 3 ] DEBUG Engine               - actualHeightProperty: ReadOnlyDoubleProperty [value: 800.0]
08:38:55.666 [FXGL Background Thread 3 ] DEBUG Engine               - actualWidth: 800.0
08:38:55.666 [FXGL Background Thread 3 ] DEBUG Engine               - actualWidthProperty: ReadOnlyDoubleProperty [value: 800.0]
08:38:55.666 [FXGL Background Thread 3 ] DEBUG Engine               - appIcon: fxgl_icon.png
08:38:55.666 [FXGL Background Thread 3 ] DEBUG Engine               - applicationMode: DEVELOPER
08:38:55.666 [FXGL Background Thread 3 ] DEBUG Engine               - cSSList: [fxgl_dark.css]
08:38:55.667 [FXGL Background Thread 3 ] DEBUG Engine               - collisionDetectionStrategy: BRUTE_FORCE
08:38:55.667 [FXGL Background Thread 3 ] DEBUG Engine               - configClass: Optional.empty
08:38:55.667 [FXGL Background Thread 3 ] DEBUG Engine               - credits: []
08:38:55.667 [FXGL Background Thread 3 ] DEBUG Engine               - defaultCursor: CursorInfo(imageName=fxgl_default_cursor.png, hotspotX=7.0, hotspotY=6.0)
08:38:55.667 [FXGL Background Thread 3 ] DEBUG Engine               - devBBoxColorProperty: ObjectProperty [value: 0xff0000ff]
08:38:55.667 [FXGL Background Thread 3 ] DEBUG Engine               - devEnableDebugCameraProperty: BooleanProperty [value: false]
08:38:55.668 [FXGL Background Thread 3 ] DEBUG Engine               - devSensorColorProperty: ObjectProperty [value: 0xffff00ff]
08:38:55.668 [FXGL Background Thread 3 ] DEBUG Engine               - devShowBBoxProperty: BooleanProperty [value: false]
08:38:55.668 [FXGL Background Thread 3 ] DEBUG Engine               - devShowPositionProperty: BooleanProperty [value: false]
08:38:55.668 [FXGL Background Thread 3 ] DEBUG Engine               - enabledMenuItems: []
08:38:55.668 [FXGL Background Thread 3 ] DEBUG Engine               - engineServices: [class com.almasb.fxgl.app.services.FXGLAssetLoaderService, class com.almasb.fxgl.app.FXGLApplication$GameApplicationService, class com.almasb.fxgl.app.services.FXGLDialogService, class com.almasb.fxgl.app.services.IOTaskExecutorService, class com.almasb.fxgl.io.FileSystemService, class com.almasb.fxgl.localization.LocalizationService, class com.almasb.fxgl.app.services.SystemBundleService, class com.almasb.fxgl.profile.SaveLoadService, class com.almasb.fxgl.ui.FXGLUIFactoryServiceProvider, class com.almasb.fxgl.ui.FXGLDialogFactoryServiceProvider, class com.almasb.fxgl.audio.AudioPlayer, class com.almasb.fxgl.notification.impl.NotificationServiceProvider, class com.almasb.fxgl.achievement.AchievementService, class com.almasb.fxgl.cutscene.CutsceneService, class com.almasb.fxgl.minigames.MiniGameService, class com.almasb.fxgl.net.NetService, class com.almasb.fxgl.app.services.UpdaterService, class com.almasb.fxgl.dev.DevService]
08:38:55.668 [FXGL Background Thread 3 ] DEBUG Engine               - fontGame: Abel-Regular.ttf
08:38:55.668 [FXGL Background Thread 3 ] DEBUG Engine               - fontMono: TerminalLandMono-Regular.otf
08:38:55.668 [FXGL Background Thread 3 ] DEBUG Engine               - fontText: Courier-Prime.ttf
08:38:55.668 [FXGL Background Thread 3 ] DEBUG Engine               - fontUI: VarelaRound-Regular.ttf
08:38:55.668 [FXGL Background Thread 3 ] DEBUG Engine               - fullScreen: BooleanProperty [value: false]
08:38:55.668 [FXGL Background Thread 3 ] DEBUG Engine               - gameDifficulty: MEDIUM
08:38:55.669 [FXGL Background Thread 3 ] DEBUG Engine               - gameDifficultyProperty: ObjectProperty [value: MEDIUM]
08:38:55.669 [FXGL Background Thread 3 ] DEBUG Engine               - globalMusicVolume: 0.5
08:38:55.669 [FXGL Background Thread 3 ] DEBUG Engine               - globalMusicVolumeProperty: DoubleProperty [value: 0.5]
08:38:55.669 [FXGL Background Thread 3 ] DEBUG Engine               - globalSoundVolume: 0.5
08:38:55.669 [FXGL Background Thread 3 ] DEBUG Engine               - globalSoundVolumeProperty: DoubleProperty [value: 0.5]
08:38:55.669 [FXGL Background Thread 3 ] DEBUG Engine               - height: 800
08:38:55.669 [FXGL Background Thread 3 ] DEBUG Engine               - is3D: false
08:38:55.669 [FXGL Background Thread 3 ] DEBUG Engine               - isAndroid: false
08:38:55.669 [FXGL Background Thread 3 ] DEBUG Engine               - isBrowser: false
08:38:55.669 [FXGL Background Thread 3 ] DEBUG Engine               - isClickFeedbackEnabled: false
08:38:55.669 [FXGL Background Thread 3 ] DEBUG Engine               - isCloseConfirmation: false
08:38:55.670 [FXGL Background Thread 3 ] DEBUG Engine               - isDesktop: true
08:38:55.670 [FXGL Background Thread 3 ] DEBUG Engine               - isDeveloperMenuEnabled: true
08:38:55.670 [FXGL Background Thread 3 ] DEBUG Engine               - isEmbedded: false
08:38:55.670 [FXGL Background Thread 3 ] DEBUG Engine               - isEntityPreloadEnabled: true
08:38:55.670 [FXGL Background Thread 3 ] DEBUG Engine               - isExperimentalTiledLargeMap: false
08:38:55.670 [FXGL Background Thread 3 ] DEBUG Engine               - isFileSystemWriteAllowed: true
08:38:55.670 [FXGL Background Thread 3 ] DEBUG Engine               - isFullScreenAllowed: true
08:38:55.670 [FXGL Background Thread 3 ] DEBUG Engine               - isFullScreenFromStart: false
08:38:55.670 [FXGL Background Thread 3 ] DEBUG Engine               - isGameMenuEnabled: true
08:38:55.670 [FXGL Background Thread 3 ] DEBUG Engine               - isIOS: false
08:38:55.670 [FXGL Background Thread 3 ] DEBUG Engine               - isIntroEnabled: false
08:38:55.670 [FXGL Background Thread 3 ] DEBUG Engine               - isLinux: false
08:38:55.670 [FXGL Background Thread 3 ] DEBUG Engine               - isMac: true
08:38:55.671 [FXGL Background Thread 3 ] DEBUG Engine               - isMainMenuEnabled: true
08:38:55.671 [FXGL Background Thread 3 ] DEBUG Engine               - isManualResizeEnabled: false
08:38:55.671 [FXGL Background Thread 3 ] DEBUG Engine               - isMobile: false
08:38:55.671 [FXGL Background Thread 3 ] DEBUG Engine               - isNative: false
08:38:55.671 [FXGL Background Thread 3 ] DEBUG Engine               - isPauseMusicWhenMinimized: true
08:38:55.671 [FXGL Background Thread 3 ] DEBUG Engine               - isPreserveResizeRatio: false
08:38:55.671 [FXGL Background Thread 3 ] DEBUG Engine               - isProfilingEnabled: false
08:38:55.671 [FXGL Background Thread 3 ] DEBUG Engine               - isScaleAffectedOnResize: true
08:38:55.671 [FXGL Background Thread 3 ] DEBUG Engine               - isSingleStep: false
08:38:55.671 [FXGL Background Thread 3 ] DEBUG Engine               - isUserProfileEnabled: false
08:38:55.671 [FXGL Background Thread 3 ] DEBUG Engine               - isWindows: false
08:38:55.671 [FXGL Background Thread 3 ] DEBUG Engine               - language: ObjectProperty [value: ENGLISH]
08:38:55.671 [FXGL Background Thread 3 ] DEBUG Engine               - menuKey: ESCAPE
08:38:55.671 [FXGL Background Thread 3 ] DEBUG Engine               - mouseSensitivity: 0.2
08:38:55.672 [FXGL Background Thread 3 ] DEBUG Engine               - notificationViewClass: class com.almasb.fxgl.notification.view.XboxNotificationView
08:38:55.672 [FXGL Background Thread 3 ] DEBUG Engine               - pixelsPerMeter: 50.0
08:38:55.672 [FXGL Background Thread 3 ] DEBUG Engine               - platform: MAC
08:38:55.672 [FXGL Background Thread 3 ] DEBUG Engine               - prefHeightProperty: ReadOnlyDoubleProperty [value: 800.0]
08:38:55.672 [FXGL Background Thread 3 ] DEBUG Engine               - prefWidthProperty: ReadOnlyDoubleProperty [value: 800.0]
08:38:55.672 [FXGL Background Thread 3 ] DEBUG Engine               - profileDir: profiles/
08:38:55.672 [FXGL Background Thread 3 ] DEBUG Engine               - profileName: StringProperty [value: DEFAULT]
08:38:55.672 [FXGL Background Thread 3 ] DEBUG Engine               - randomSeed: -1
08:38:55.673 [FXGL Background Thread 3 ] DEBUG Engine               - runtimeInfo: RuntimeInfo(platform=MAC, version=17, build=31.12.2021 18.16)
08:38:55.673 [FXGL Background Thread 3 ] DEBUG Engine               - saveFileExt: sav
08:38:55.673 [FXGL Background Thread 3 ] DEBUG Engine               - scaledHeightProp$fxgl: DoubleProperty [bound, value: 800.0]
08:38:55.673 [FXGL Background Thread 3 ] DEBUG Engine               - scaledWidthProp$fxgl: DoubleProperty [bound, value: 800.0]
08:38:55.673 [FXGL Background Thread 3 ] DEBUG Engine               - sceneFactory: com.almasb.fxgl.app.scene.SceneFactory@3d2d14d2
08:38:55.673 [FXGL Background Thread 3 ] DEBUG Engine               - secondsIn24h: 60
08:38:55.673 [FXGL Background Thread 3 ] DEBUG Engine               - soundMenuBack: menu/back.wav
08:38:55.673 [FXGL Background Thread 3 ] DEBUG Engine               - soundMenuPress: menu/press.wav
08:38:55.673 [FXGL Background Thread 3 ] DEBUG Engine               - soundMenuSelect: menu/select.wav
08:38:55.673 [FXGL Background Thread 3 ] DEBUG Engine               - soundNotification: core/notification.wav
08:38:55.673 [FXGL Background Thread 3 ] DEBUG Engine               - stageStyle: DECORATED
08:38:55.673 [FXGL Background Thread 3 ] DEBUG Engine               - supportedLanguages: [ENGLISH, FRENCH, GERMAN, HUNGARIAN, RUSSIAN]
08:38:55.673 [FXGL Background Thread 3 ] DEBUG Engine               - ticksPerSecond: -1
08:38:55.674 [FXGL Background Thread 3 ] DEBUG Engine               - title: Zelda 2D Game
08:38:55.674 [FXGL Background Thread 3 ] DEBUG Engine               - urlGithub: https://github.com/AlmasB/FXGL
08:38:55.674 [FXGL Background Thread 3 ] DEBUG Engine               - urlLeaderboard: http://fxgl-top.herokuapp.com/
08:38:55.674 [FXGL Background Thread 3 ] DEBUG Engine               - urlPOM: https://raw.githubusercontent.com/AlmasB/FXGL/release/README.md
08:38:55.674 [FXGL Background Thread 3 ] DEBUG Engine               - userAppClass: class com.example.zeldapuzzle.MainGameApp
08:38:55.674 [FXGL Background Thread 3 ] DEBUG Engine               - version: 1
08:38:55.674 [FXGL Background Thread 3 ] DEBUG Engine               - versionCheckDays: 7
08:38:55.674 [FXGL Background Thread 3 ] DEBUG Engine               - width: 800
08:38:55.674 [FXGL Background Thread 3 ] DEBUG Engine               - Logging services
08:38:55.674 [FXGL Background Thread 3 ] DEBUG Engine               - class com.almasb.fxgl.app.services.FXGLAssetLoaderService
08:38:55.675 [FXGL Background Thread 3 ] DEBUG Engine               - class com.almasb.fxgl.app.FXGLApplication$GameApplicationService
08:38:55.675 [FXGL Background Thread 3 ] DEBUG Engine               - class com.almasb.fxgl.app.services.FXGLDialogService
08:38:55.675 [FXGL Background Thread 3 ] DEBUG Engine               - class com.almasb.fxgl.app.services.IOTaskExecutorService
08:38:55.675 [FXGL Background Thread 3 ] DEBUG Engine               - class com.almasb.fxgl.io.FileSystemService
08:38:55.675 [FXGL Background Thread 3 ] DEBUG Engine               - class com.almasb.fxgl.localization.LocalizationService
08:38:55.675 [FXGL Background Thread 3 ] DEBUG Engine               - class com.almasb.fxgl.app.services.SystemBundleService
08:38:55.676 [FXGL Background Thread 3 ] DEBUG Engine               - class com.almasb.fxgl.profile.SaveLoadService
08:38:55.676 [FXGL Background Thread 3 ] DEBUG Engine               - class com.almasb.fxgl.ui.FXGLUIFactoryServiceProvider
08:38:55.676 [FXGL Background Thread 3 ] DEBUG Engine               - class com.almasb.fxgl.ui.FXGLDialogFactoryServiceProvider
08:38:55.676 [FXGL Background Thread 3 ] DEBUG Engine               - class com.almasb.fxgl.audio.AudioPlayer
08:38:55.676 [FXGL Background Thread 3 ] DEBUG Engine               - class com.almasb.fxgl.notification.impl.NotificationServiceProvider
08:38:55.676 [FXGL Background Thread 3 ] DEBUG Engine               - class com.almasb.fxgl.achievement.AchievementService
08:38:55.676 [FXGL Background Thread 3 ] DEBUG Engine               - class com.almasb.fxgl.cutscene.CutsceneService
08:38:55.676 [FXGL Background Thread 3 ] DEBUG Engine               - class com.almasb.fxgl.minigames.MiniGameService
08:38:55.676 [FXGL Background Thread 3 ] DEBUG Engine               - class com.almasb.fxgl.net.NetService
08:38:55.676 [FXGL Background Thread 3 ] DEBUG Engine               - class com.almasb.fxgl.app.services.UpdaterService
08:38:55.676 [FXGL Background Thread 3 ] DEBUG Engine               - class com.almasb.fxgl.dev.DevService
08:38:55.693 [FXGL Background Thread 2 ] DEBUG TilesetLoader        - Loading view for layer devant
08:38:55.714 [FXGL Background Thread 2 ] DEBUG TilesetLoader        - Created buffer with size 4800.0x4800.0
08:38:55.796 [FXGL Background Thread 2 ] DEBUG TilesetLoader        - Loading view for layer devant1
08:38:55.842 [FXGL Background Thread 2 ] DEBUG TilesetLoader        - Created buffer with size 4800.0x4800.0
08:38:55.874 [FXGL Background Thread 2 ] DEBUG TMXLevelLoader       - Creating object layer entities
08:38:55.961 [FXGL Background Thread 2 ] DEBUG GameWorld            - Clearing removable entities
08:38:55.962 [FXGL Background Thread 2 ] DEBUG GameWorld            - Setting level: com.almasb.fxgl.entity.level.Level@35ce38ee
08:38:55.994 [FXGL Background Thread 2 ] WARN  GameWorld            - Entity is already attached to world
08:38:55.996 [FXGL Background Thread 2 ] WARN  GameWorld            - Entity is already attached to world
08:38:56.005 [FXGL Background Thread 2 ] INFO  FXGLApplication      - Game initialization took: 0.946 sec
08:38:56.007 [JavaFX Application Thread] DEBUG Input                - Clearing active input actions
08:38:56.016 [JavaFX Application Thread] DEBUG GameApplicationServi - Removing overlay from FXGLLoadingScene and adding to GameScene
08:38:56.020 [JavaFX Application Thread] DEBUG PrimaryStageWindow   - FXGLLoadingScene -> GameScene
08:39:02.136 [JavaFX Application Thread] WARN  TMXLevelLoader       - TiledMap generated from 1.10.2. Supported version: 1.2.3. Some features may not be parsed fully.
08:39:02.156 [JavaFX Application Thread] DEBUG TMXLevelLoader       - Parsed TiledMap: file:/Users/CHLaroche05/zelda/zeldaPuzzle/target/classes/assets/levels/leDongeon.tmx
08:39:02.156 [JavaFX Application Thread] DEBUG TMXLevelLoader       - Creating tile layer entities
08:39:02.156 [JavaFX Application Thread] DEBUG TilesetLoader        - Loading view for layer BG1
08:39:02.160 [JavaFX Application Thread] DEBUG TilesetLoader        - Created buffer with size 2400.0x800.0
08:39:02.175 [JavaFX Application Thread] DEBUG TilesetLoader        - Loading view for layer BG2
08:39:02.176 [JavaFX Application Thread] DEBUG TilesetLoader        - Created buffer with size 2400.0x800.0
08:39:02.186 [JavaFX Application Thread] DEBUG TilesetLoader        - Loading view for layer BG3
08:39:02.187 [JavaFX Application Thread] DEBUG TilesetLoader        - Created buffer with size 2400.0x800.0
08:39:02.198 [JavaFX Application Thread] DEBUG TilesetLoader        - Loading view for layer BG4a
08:39:02.199 [JavaFX Application Thread] DEBUG TilesetLoader        - Created buffer with size 2400.0x800.0
08:39:02.209 [JavaFX Application Thread] DEBUG TilesetLoader        - Loading view for layer BG4b
08:39:02.210 [JavaFX Application Thread] DEBUG TilesetLoader        - Created buffer with size 2400.0x800.0
08:39:02.221 [JavaFX Application Thread] DEBUG TilesetLoader        - Loading view for layer MainBuild3
08:39:02.221 [JavaFX Application Thread] DEBUG TilesetLoader        - Created buffer with size 2400.0x800.0
08:39:02.268 [JavaFX Application Thread] DEBUG TilesetLoader        - Loading view for layer MainBuild2
08:39:02.269 [JavaFX Application Thread] DEBUG TilesetLoader        - Created buffer with size 2400.0x800.0
08:39:02.270 [JavaFX Application Thread] DEBUG TilesetLoader        - Loading view for layer MainBuild
08:39:02.271 [JavaFX Application Thread] DEBUG TilesetLoader        - Created buffer with size 2400.0x800.0
08:39:02.275 [JavaFX Application Thread] DEBUG TMXLevelLoader       - Creating object layer entities
08:39:02.283 [JavaFX Application Thread] DEBUG GameWorld            - Clearing removable entities
08:39:02.289 [JavaFX Application Thread] DEBUG GameWorld            - Setting level: com.almasb.fxgl.entity.level.Level@463e2b5e
08:39:02.297 [JavaFX Application Thread] WARN  GameWorld            - Entity is already attached to world
08:39:16.885 [JavaFX Application Thread] WARN  GameWorld            - Entity is already attached to world
08:39:17.921 [JavaFX Application Thread] WARN  GameWorld            - Entity is already attached to world
08:39:21.557 [JavaFX Application Thread] WARN  GameWorld            - Entity is already attached to world
08:39:22.889 [JavaFX Application Thread] WARN  GameWorld            - Entity is already attached to world
08:39:23.088 [JavaFX Application Thread] WARN  TMXLevelLoader       - TiledMap generated from 1.10.2. Supported version: 1.2.3. Some features may not be parsed fully.
08:39:23.106 [JavaFX Application Thread] DEBUG TMXLevelLoader       - Parsed TiledMap: file:/Users/CHLaroche05/zelda/zeldaPuzzle/target/classes/assets/levels/mapFinal.tmx
08:39:23.106 [JavaFX Application Thread] DEBUG TMXLevelLoader       - Creating tile layer entities
08:39:23.107 [JavaFX Application Thread] DEBUG TilesetLoader        - Loading view for layer background
08:39:23.121 [JavaFX Application Thread] DEBUG TilesetLoader        - Created buffer with size 4800.0x4800.0
08:39:23.230 [JavaFX Application Thread] DEBUG TilesetLoader        - Loading view for layer devant
08:39:23.234 [JavaFX Application Thread] DEBUG TilesetLoader        - Created buffer with size 4800.0x4800.0
08:39:23.260 [JavaFX Application Thread] DEBUG TilesetLoader        - Loading view for layer devant1
08:39:23.266 [JavaFX Application Thread] DEBUG TilesetLoader        - Created buffer with size 4800.0x4800.0
08:39:23.276 [JavaFX Application Thread] DEBUG TMXLevelLoader       - Creating object layer entities
08:39:23.289 [JavaFX Application Thread] DEBUG GameWorld            - Clearing removable entities
08:39:23.292 [JavaFX Application Thread] DEBUG GameWorld            - Setting level: com.almasb.fxgl.entity.level.Level@55c3d883
08:39:23.298 [JavaFX Application Thread] WARN  GameWorld            - Entity is already attached to world
08:39:23.299 [JavaFX Application Thread] WARN  GameWorld            - Entity is already attached to world
08:39:25.881 [JavaFX Application Thread] WARN  GameWorld            - Entity is already attached to world
08:39:35.429 [JavaFX Application Thread] DEBUG FXGLApplication      - Exiting FXGL
08:39:35.429 [JavaFX Application Thread] DEBUG LoopRunner           - Stopping loop
08:39:35.429 [JavaFX Application Thread] DEBUG SystemBundleService  - Saving FXGL system data
08:39:35.432 [JavaFX Application Thread] DEBUG FileSystemAccess     - Writing to: /Users/CHLaroche05/zelda/zeldaPuzzle/system/fxgl.bundle
08:39:35.434 [JavaFX Application Thread] DEBUG Async                - Shutting down background threads
08:39:35.434 [JavaFX Application Thread] DEBUG PrimaryStageWindow   - Closing main window
08:39:35.441 [JavaFX Application Thread] DEBUG Logger               - Closing Logger
