11:07:35.332 [main                     ] DEBUG Logger               - Configured Logger
11:07:35.355 [main                     ] DEBUG GameApplication      - Logging settings
Title: Zelda 2D Game
Version: 1
Width: 800
Height: 800
Fullscreen: false
Intro: false
Profiling: false
Single step:false
App Mode: DEVELOPER
Menu Key: ESCAPE
Stage Style: DECORATED
Scene Factory: class com.almasb.fxgl.app.scene.SceneFactory

11:07:35.634 [JavaFX Application Thread] DEBUG FXGLApplication      - Initializing FXGL
11:07:35.641 [JavaFX Application Thread] INFO  Engine               - FXGL-17 (31.12.2021 18.16) on WINDOWS (J:19.0.2 FX:19)
11:07:35.641 [JavaFX Application Thread] DEBUG Engine               - JRE Vendor Name: Amazon.com Inc.
11:07:35.641 [JavaFX Application Thread] DEBUG Engine               - Running on OS: Windows 11 version 10.0
11:07:35.641 [JavaFX Application Thread] DEBUG Engine               - Architecture: amd64
11:07:35.641 [JavaFX Application Thread] INFO  Engine               - Source code and latest versions at: https://github.com/AlmasB/FXGL
11:07:35.641 [JavaFX Application Thread] INFO  Engine               -       Ask questions and discuss at: https://github.com/AlmasB/FXGL/discussions
11:07:35.642 [JavaFX Application Thread] INFO  Engine               -              Join the FXGL chat at: https://gitter.im/AlmasB/FXGL
11:07:35.723 [JavaFX Application Thread] DEBUG PrimaryStageWindow   - Creating a JavaFX scene
11:07:35.780 [JavaFX Application Thread] DEBUG PrimaryStageWindow   - Target settings size: 800.0 x 800.0
11:07:35.781 [JavaFX Application Thread] DEBUG PrimaryStageWindow   - Scaled scene size:    800.0 x 800.0
11:07:35.781 [JavaFX Application Thread] DEBUG PrimaryStageWindow   - Scaled ratio: (1.0, 1.0)
11:07:35.783 [JavaFX Application Thread] DEBUG PrimaryStageWindow   - Set initial scene to FXGLStartupScene
11:07:35.787 [JavaFX Application Thread] DEBUG PrimaryStageWindow   - Opening main window
11:07:35.910 [JavaFX Application Thread] DEBUG PrimaryStageWindow   - Window border size: (13.0, 35.5)
11:07:35.911 [JavaFX Application Thread] DEBUG PrimaryStageWindow   - Scaled size: 800.0 x 800.0
11:07:35.911 [JavaFX Application Thread] DEBUG PrimaryStageWindow   - Scaled ratio: (1.0, 1.0)
11:07:35.911 [JavaFX Application Thread] DEBUG PrimaryStageWindow   - Scene size: 800.0 x 800.0
11:07:35.911 [JavaFX Application Thread] DEBUG PrimaryStageWindow   - Stage size: 813.0 x 835.5
11:07:35.929 [FXGL Background Thread 1 ] DEBUG Engine               - Initializing environment variables
11:07:36.024 [FXGL Background Thread 1 ] DEBUG FXGLAssetLoaderServi - User app class for loading assets: class com.example.zeldapuzzle.MainGameApp
11:07:36.024 [FXGL Background Thread 1 ] DEBUG GameApplicationServi - Applying CSS: fxgl_dark.css
11:07:36.026 [FXGL Background Thread 1 ] DEBUG FXGLAssetLoaderServi - Loading from file system: jar:file:///C:/Users/Utilisateur/.m2/repository/com/github/almasb/fxgl/17/fxgl-17.jar!/fxglassets/ui/css/fxgl_dark.css
11:07:36.098 [FXGL Background Thread 1 ] DEBUG GameApplicationServi - Initializing application scenes
11:07:36.171 [FXGL Background Thread 1 ] DEBUG GameWorld            - Game world initialized
11:07:36.260 [FXGL Background Thread 1 ] DEBUG PhysicsWorld         - Physics world initialized: appHeight=800, physics.ppm=50,0
11:07:36.262 [FXGL Background Thread 1 ] DEBUG PhysicsWorld         - Using strategy: BRUTE_FORCE
11:07:36.270 [FXGL Background Thread 1 ] DEBUG GameScene            - Game scene initialized: 800x800
11:07:36.289 [FXGL Background Thread 1 ] DEBUG FXGL.DefaultMenu     - createMenuBodyMainMenu()
11:07:36.301 [FXGL Background Thread 1 ] DEBUG FXGL.DefaultMenu     - createOptionsMenu()
11:07:36.315 [FXGL Background Thread 1 ] DEBUG FXGLAssetLoaderServi - Loading from file system: jar:file:///C:/Users/Utilisateur/.m2/repository/com/github/almasb/fxgl/17/fxgl-17.jar!/fxglassets/textures/particles/smoke.png
11:07:36.419 [FXGL Background Thread 1 ] DEBUG FXGLAssetLoaderServi - Loading from file system: jar:file:///C:/Users/Utilisateur/.m2/repository/com/github/almasb/fxgl/17/fxgl-17.jar!/fxglassets/textures/particles/trace_horizontal.png
11:07:36.447 [FXGL Background Thread 1 ] DEBUG FXGL.DefaultMenu     - createMenuBodyGameMenu()
11:07:36.448 [FXGL Background Thread 1 ] DEBUG FXGL.DefaultMenu     - createOptionsMenu()
11:07:36.461 [FXGL Background Thread 1 ] DEBUG GameApplicationServi - Application scenes initialized
11:07:36.471 [FXGL Background Thread 1 ] DEBUG SystemBundleService  - Loading FXGL system data
11:07:36.477 [FXGL Background Thread 1 ] DEBUG FileSystemAccess     - Reading from: C:\Users\Utilisateur\IdeaProjects\zeldaPuzzle\system\fxgl.bundle
11:07:36.484 [FXGL Background Thread 1 ] DEBUG SystemBundleService  - Bundle FXGL: {}
11:07:36.484 [FXGL Background Thread 1 ] DEBUG UpdaterService       - Checking for updates
11:07:36.487 [FXGL Background Thread 4 ] DEBUG FXGLApplication      - Loading fonts
11:07:36.487 [FXGL Background Thread 1 ] DEBUG FXGLApplication      - Loading default localization
11:07:36.487 [FXGL Background Thread 4 ] DEBUG FXGLAssetLoaderServi - Loading from file system: jar:file:///C:/Users/Utilisateur/.m2/repository/com/github/almasb/fxgl/17/fxgl-17.jar!/fxglassets/ui/fonts/VarelaRound-Regular.ttf
11:07:36.488 [FXGL Background Thread 1 ] DEBUG FXGLAssetLoaderServi - Loading from file system: jar:file:///C:/Users/Utilisateur/.m2/repository/com/github/almasb/fxgl/17/fxgl-17.jar!/fxglassets/languages/english.lang
11:07:36.513 [FXGL Background Thread 1 ] INFO  FXGLApplication      - FXGL initialization took: 0,583 sec
11:07:36.522 [JavaFX Application Thread] DEBUG Input                - Registered new binding: getPosition - P
11:07:36.523 [JavaFX Application Thread] DEBUG Input                - Registered new binding: zoom+ - Up
11:07:36.523 [JavaFX Application Thread] DEBUG Input                - Registered new binding: zoom- - Down
11:07:36.523 [JavaFX Application Thread] DEBUG Input                - Registered new binding: resetZoom - 0
11:07:36.523 [JavaFX Application Thread] DEBUG Input                - Registered new binding: Move right - D
11:07:36.524 [JavaFX Application Thread] DEBUG Input                - Registered new binding: Move left - A
11:07:36.524 [JavaFX Application Thread] DEBUG Input                - Registered new binding: Move Up - W
11:07:36.524 [JavaFX Application Thread] DEBUG Input                - Registered new binding: Move Down - S
11:07:36.525 [JavaFX Application Thread] DEBUG FXGLAssetLoaderServi - Loading from file system: jar:file:///C:/Users/Utilisateur/.m2/repository/com/github/almasb/fxgl/17/fxgl-17.jar!/fxglassets/textures/fxgl_icon.png
11:07:36.550 [JavaFX Application Thread] DEBUG FXGLAssetLoaderServi - Loading from file system: jar:file:///C:/Users/Utilisateur/.m2/repository/com/github/almasb/fxgl/17/fxgl-17.jar!/fxglassets/textures/fxgl_default_cursor.png
11:07:36.554 [FXGL Background Thread 4 ] DEBUG FXGLAssetLoaderServi - Loading from file system: jar:file:///C:/Users/Utilisateur/.m2/repository/com/github/almasb/fxgl/17/fxgl-17.jar!/fxglassets/ui/fonts/Abel-Regular.ttf
11:07:36.555 [JavaFX Application Thread] DEBUG Input                - Registered new binding: Screenshot - CTRL+8
11:07:36.557 [JavaFX Application Thread] DEBUG Input                - Registered new binding: System info dump - CTRL+9
11:07:36.558 [JavaFX Application Thread] DEBUG Input                - Registered new binding: Restart - CTRL+R
11:07:36.560 [JavaFX Application Thread] DEBUG Input                - Registered new binding: Toggle Debug Camera - CTRL+7
11:07:36.565 [JavaFX Application Thread] DEBUG LoopRunner           - Starting loop
11:07:36.565 [JavaFX Application Thread] DEBUG LoopRunner           - Initializing JavaFX AnimationTimerLoop
11:07:36.570 [FXGL Background Thread 4 ] DEBUG FXGLAssetLoaderServi - Loading from file system: jar:file:///C:/Users/Utilisateur/.m2/repository/com/github/almasb/fxgl/17/fxgl-17.jar!/fxglassets/ui/fonts/TerminalLandMono-Regular.otf
11:07:36.571 [JavaFX Application Thread] DEBUG Input                - Clearing active input actions
11:07:36.578 [JavaFX Application Thread] DEBUG GameApplicationServi - Removing overlay from FXGLStartupScene and adding to FXGLMainMenuDummyScene
11:07:36.578 [JavaFX Application Thread] DEBUG PrimaryStageWindow   - FXGLStartupScene -> FXGLMainMenuDummyScene
11:07:36.578 [JavaFX Application Thread] DEBUG PrimaryStageWindow   - Push state: FXGLDefaultMenu
11:07:36.582 [FXGL Background Thread 4 ] DEBUG FXGLAssetLoaderServi - Loading from file system: jar:file:///C:/Users/Utilisateur/.m2/repository/com/github/almasb/fxgl/17/fxgl-17.jar!/fxglassets/ui/fonts/Courier-Prime.ttf
11:07:36.598 [JavaFX Application Thread] DEBUG Input                - Clearing active input actions
11:07:36.608 [JavaFX Application Thread] DEBUG GameApplicationServi - Removing overlay from FXGLMainMenuDummyScene and adding to FXGLDefaultMenu
11:07:36.609 [JavaFX Application Thread] DEBUG PrimaryStageWindow   - FXGLMainMenuDummyScene -> FXGLDefaultMenu
11:07:36.715 [JavaFX Application Thread] DEBUG FXGLApplication      - Registering font factories with UI factory
11:07:36.938 [FXGL Background Thread 2 ] INFO  UpdaterService       - Your current version:  17
11:07:36.938 [FXGL Background Thread 2 ] INFO  UpdaterService       - Latest stable version: 21
11:07:37.473 [JavaFX Application Thread] DEBUG Menu                 - fireNewGame()
11:07:37.473 [JavaFX Application Thread] DEBUG GameApplicationServi - Starting new game
11:07:37.477 [JavaFX Application Thread] DEBUG PrimaryStageWindow   - Pop state: FXGLDefaultMenu
11:07:37.478 [JavaFX Application Thread] DEBUG Input                - Clearing active input actions
11:07:37.479 [JavaFX Application Thread] DEBUG GameApplicationServi - Removing overlay from FXGLDefaultMenu and adding to FXGLMainMenuDummyScene
11:07:37.480 [JavaFX Application Thread] DEBUG PrimaryStageWindow   - FXGLMainMenuDummyScene <- FXGLDefaultMenu
11:07:37.481 [JavaFX Application Thread] DEBUG Input                - Clearing active input actions
11:07:37.488 [JavaFX Application Thread] DEBUG GameApplicationServi - Removing overlay from FXGLMainMenuDummyScene and adding to FXGLLoadingScene
11:07:37.489 [JavaFX Application Thread] DEBUG PrimaryStageWindow   - FXGLMainMenuDummyScene -> FXGLLoadingScene
11:07:37.489 [JavaFX Application Thread] DEBUG GameApplicationServi - Clearing previous game
11:07:37.489 [JavaFX Application Thread] DEBUG GameScene            - Clearing game scene
11:07:37.489 [JavaFX Application Thread] DEBUG GameWorld            - Clearing game world
11:07:37.489 [JavaFX Application Thread] DEBUG PhysicsWorld         - Clearing physics world
11:07:37.499 [FXGL Background Thread 2 ] DEBUG FXGLApplication      - Initializing game
11:07:37.591 [FXGL Background Thread 2 ] WARN  GameWorld            - Entity is already attached to world
11:07:37.613 [FXGL Background Thread 2 ] WARN  GameWorld            - Entity is already attached to world
11:07:37.624 [FXGL Background Thread 2 ] WARN  GameWorld            - Entity is already attached to world
11:07:37.625 [FXGL Background Thread 2 ] INFO  FXGLApplication      - Game initialization took: 0,127 sec
11:07:37.637 [JavaFX Application Thread] DEBUG Input                - Clearing active input actions
11:07:37.643 [JavaFX Application Thread] DEBUG GameApplicationServi - Removing overlay from FXGLLoadingScene and adding to GameScene
11:07:37.643 [JavaFX Application Thread] DEBUG PrimaryStageWindow   - FXGLLoadingScene -> GameScene
11:07:39.487 [FXGL Background Thread 3 ] DEBUG Engine               - Logging environment variables
11:07:39.487 [FXGL Background Thread 3 ] DEBUG Engine               - achievements: []
11:07:39.487 [FXGL Background Thread 3 ] DEBUG Engine               - actualHeight: 800.0
11:07:39.488 [FXGL Background Thread 3 ] DEBUG Engine               - actualHeightProperty: ReadOnlyDoubleProperty [value: 800.0]
11:07:39.488 [FXGL Background Thread 3 ] DEBUG Engine               - actualWidth: 800.0
11:07:39.488 [FXGL Background Thread 3 ] DEBUG Engine               - actualWidthProperty: ReadOnlyDoubleProperty [value: 800.0]
11:07:39.488 [FXGL Background Thread 3 ] DEBUG Engine               - appIcon: fxgl_icon.png
11:07:39.488 [FXGL Background Thread 3 ] DEBUG Engine               - applicationMode: DEVELOPER
11:07:39.488 [FXGL Background Thread 3 ] DEBUG Engine               - cSSList: [fxgl_dark.css]
11:07:39.488 [FXGL Background Thread 3 ] DEBUG Engine               - collisionDetectionStrategy: BRUTE_FORCE
11:07:39.488 [FXGL Background Thread 3 ] DEBUG Engine               - configClass: Optional.empty
11:07:39.488 [FXGL Background Thread 3 ] DEBUG Engine               - credits: []
11:07:39.489 [FXGL Background Thread 3 ] DEBUG Engine               - defaultCursor: CursorInfo(imageName=fxgl_default_cursor.png, hotspotX=7.0, hotspotY=6.0)
11:07:39.489 [FXGL Background Thread 3 ] DEBUG Engine               - devBBoxColorProperty: ObjectProperty [value: 0xff0000ff]
11:07:39.489 [FXGL Background Thread 3 ] DEBUG Engine               - devEnableDebugCameraProperty: BooleanProperty [value: false]
11:07:39.489 [FXGL Background Thread 3 ] DEBUG Engine               - devSensorColorProperty: ObjectProperty [value: 0xffff00ff]
11:07:39.489 [FXGL Background Thread 3 ] DEBUG Engine               - devShowBBoxProperty: BooleanProperty [value: false]
11:07:39.489 [FXGL Background Thread 3 ] DEBUG Engine               - devShowPositionProperty: BooleanProperty [value: false]
11:07:39.489 [FXGL Background Thread 3 ] DEBUG Engine               - enabledMenuItems: []
11:07:39.489 [FXGL Background Thread 3 ] DEBUG Engine               - engineServices: [class com.almasb.fxgl.app.services.FXGLAssetLoaderService, class com.almasb.fxgl.app.FXGLApplication$GameApplicationService, class com.almasb.fxgl.app.services.FXGLDialogService, class com.almasb.fxgl.app.services.IOTaskExecutorService, class com.almasb.fxgl.io.FileSystemService, class com.almasb.fxgl.localization.LocalizationService, class com.almasb.fxgl.app.services.SystemBundleService, class com.almasb.fxgl.profile.SaveLoadService, class com.almasb.fxgl.ui.FXGLUIFactoryServiceProvider, class com.almasb.fxgl.ui.FXGLDialogFactoryServiceProvider, class com.almasb.fxgl.audio.AudioPlayer, class com.almasb.fxgl.notification.impl.NotificationServiceProvider, class com.almasb.fxgl.achievement.AchievementService, class com.almasb.fxgl.cutscene.CutsceneService, class com.almasb.fxgl.minigames.MiniGameService, class com.almasb.fxgl.net.NetService, class com.almasb.fxgl.app.services.UpdaterService, class com.almasb.fxgl.dev.DevService]
11:07:39.489 [FXGL Background Thread 3 ] DEBUG Engine               - fontGame: Abel-Regular.ttf
11:07:39.489 [FXGL Background Thread 3 ] DEBUG Engine               - fontMono: TerminalLandMono-Regular.otf
11:07:39.489 [FXGL Background Thread 3 ] DEBUG Engine               - fontText: Courier-Prime.ttf
11:07:39.489 [FXGL Background Thread 3 ] DEBUG Engine               - fontUI: VarelaRound-Regular.ttf
11:07:39.489 [FXGL Background Thread 3 ] DEBUG Engine               - fullScreen: BooleanProperty [value: false]
11:07:39.490 [FXGL Background Thread 3 ] DEBUG Engine               - gameDifficulty: MEDIUM
11:07:39.490 [FXGL Background Thread 3 ] DEBUG Engine               - gameDifficultyProperty: ObjectProperty [value: MEDIUM]
11:07:39.490 [FXGL Background Thread 3 ] DEBUG Engine               - globalMusicVolume: 0.5
11:07:39.490 [FXGL Background Thread 3 ] DEBUG Engine               - globalMusicVolumeProperty: DoubleProperty [value: 0.5]
11:07:39.490 [FXGL Background Thread 3 ] DEBUG Engine               - globalSoundVolume: 0.5
11:07:39.490 [FXGL Background Thread 3 ] DEBUG Engine               - globalSoundVolumeProperty: DoubleProperty [value: 0.5]
11:07:39.490 [FXGL Background Thread 3 ] DEBUG Engine               - height: 800
11:07:39.490 [FXGL Background Thread 3 ] DEBUG Engine               - is3D: false
11:07:39.490 [FXGL Background Thread 3 ] DEBUG Engine               - isAndroid: false
11:07:39.490 [FXGL Background Thread 3 ] DEBUG Engine               - isBrowser: false
11:07:39.490 [FXGL Background Thread 3 ] DEBUG Engine               - isClickFeedbackEnabled: false
11:07:39.491 [FXGL Background Thread 3 ] DEBUG Engine               - isCloseConfirmation: false
11:07:39.491 [FXGL Background Thread 3 ] DEBUG Engine               - isDesktop: true
11:07:39.491 [FXGL Background Thread 3 ] DEBUG Engine               - isDeveloperMenuEnabled: false
11:07:39.491 [FXGL Background Thread 3 ] DEBUG Engine               - isEmbedded: false
11:07:39.491 [FXGL Background Thread 3 ] DEBUG Engine               - isEntityPreloadEnabled: true
11:07:39.491 [FXGL Background Thread 3 ] DEBUG Engine               - isExperimentalTiledLargeMap: false
11:07:39.491 [FXGL Background Thread 3 ] DEBUG Engine               - isFileSystemWriteAllowed: true
11:07:39.491 [FXGL Background Thread 3 ] DEBUG Engine               - isFullScreenAllowed: false
11:07:39.491 [FXGL Background Thread 3 ] DEBUG Engine               - isFullScreenFromStart: false
11:07:39.491 [FXGL Background Thread 3 ] DEBUG Engine               - isGameMenuEnabled: true
11:07:39.491 [FXGL Background Thread 3 ] DEBUG Engine               - isIOS: false
11:07:39.491 [FXGL Background Thread 3 ] DEBUG Engine               - isIntroEnabled: false
11:07:39.491 [FXGL Background Thread 3 ] DEBUG Engine               - isLinux: false
11:07:39.491 [FXGL Background Thread 3 ] DEBUG Engine               - isMac: false
11:07:39.491 [FXGL Background Thread 3 ] DEBUG Engine               - isMainMenuEnabled: true
11:07:39.491 [FXGL Background Thread 3 ] DEBUG Engine               - isManualResizeEnabled: false
11:07:39.491 [FXGL Background Thread 3 ] DEBUG Engine               - isMobile: false
11:07:39.491 [FXGL Background Thread 3 ] DEBUG Engine               - isNative: false
11:07:39.491 [FXGL Background Thread 3 ] DEBUG Engine               - isPauseMusicWhenMinimized: true
11:07:39.491 [FXGL Background Thread 3 ] DEBUG Engine               - isPreserveResizeRatio: false
11:07:39.492 [FXGL Background Thread 3 ] DEBUG Engine               - isProfilingEnabled: false
11:07:39.492 [FXGL Background Thread 3 ] DEBUG Engine               - isScaleAffectedOnResize: true
11:07:39.492 [FXGL Background Thread 3 ] DEBUG Engine               - isSingleStep: false
11:07:39.492 [FXGL Background Thread 3 ] DEBUG Engine               - isUserProfileEnabled: false
11:07:39.492 [FXGL Background Thread 3 ] DEBUG Engine               - isWindows: true
11:07:39.492 [FXGL Background Thread 3 ] DEBUG Engine               - language: ObjectProperty [value: ENGLISH]
11:07:39.492 [FXGL Background Thread 3 ] DEBUG Engine               - menuKey: ESCAPE
11:07:39.492 [FXGL Background Thread 3 ] DEBUG Engine               - mouseSensitivity: 0.2
11:07:39.492 [FXGL Background Thread 3 ] DEBUG Engine               - notificationViewClass: class com.almasb.fxgl.notification.view.XboxNotificationView
11:07:39.492 [FXGL Background Thread 3 ] DEBUG Engine               - pixelsPerMeter: 50.0
11:07:39.492 [FXGL Background Thread 3 ] DEBUG Engine               - platform: WINDOWS
11:07:39.492 [FXGL Background Thread 3 ] DEBUG Engine               - prefHeightProperty: ReadOnlyDoubleProperty [value: 800.0]
11:07:39.492 [FXGL Background Thread 3 ] DEBUG Engine               - prefWidthProperty: ReadOnlyDoubleProperty [value: 800.0]
11:07:39.492 [FXGL Background Thread 3 ] DEBUG Engine               - profileDir: profiles/
11:07:39.492 [FXGL Background Thread 3 ] DEBUG Engine               - profileName: StringProperty [value: DEFAULT]
11:07:39.492 [FXGL Background Thread 3 ] DEBUG Engine               - randomSeed: -1
11:07:39.493 [FXGL Background Thread 3 ] DEBUG Engine               - runtimeInfo: RuntimeInfo(platform=WINDOWS, version=17, build=31.12.2021 18.16)
11:07:39.493 [FXGL Background Thread 3 ] DEBUG Engine               - saveFileExt: sav
11:07:39.493 [FXGL Background Thread 3 ] DEBUG Engine               - scaledHeightProp$fxgl: DoubleProperty [bound, value: 800.0]
11:07:39.493 [FXGL Background Thread 3 ] DEBUG Engine               - scaledWidthProp$fxgl: DoubleProperty [bound, value: 800.0]
11:07:39.493 [FXGL Background Thread 3 ] DEBUG Engine               - sceneFactory: com.almasb.fxgl.app.scene.SceneFactory@4db6b38
11:07:39.493 [FXGL Background Thread 3 ] DEBUG Engine               - secondsIn24h: 60
11:07:39.493 [FXGL Background Thread 3 ] DEBUG Engine               - soundMenuBack: menu/back.wav
11:07:39.493 [FXGL Background Thread 3 ] DEBUG Engine               - soundMenuPress: menu/press.wav
11:07:39.493 [FXGL Background Thread 3 ] DEBUG Engine               - soundMenuSelect: menu/select.wav
11:07:39.493 [FXGL Background Thread 3 ] DEBUG Engine               - soundNotification: core/notification.wav
11:07:39.493 [FXGL Background Thread 3 ] DEBUG Engine               - stageStyle: DECORATED
11:07:39.493 [FXGL Background Thread 3 ] DEBUG Engine               - supportedLanguages: [ENGLISH, FRENCH, GERMAN, HUNGARIAN, RUSSIAN]
11:07:39.493 [FXGL Background Thread 3 ] DEBUG Engine               - ticksPerSecond: -1
11:07:39.493 [FXGL Background Thread 3 ] DEBUG Engine               - title: Zelda 2D Game
11:07:39.493 [FXGL Background Thread 3 ] DEBUG Engine               - urlGithub: https://github.com/AlmasB/FXGL
11:07:39.493 [FXGL Background Thread 3 ] DEBUG Engine               - urlLeaderboard: http://fxgl-top.herokuapp.com/
11:07:39.493 [FXGL Background Thread 3 ] DEBUG Engine               - urlPOM: https://raw.githubusercontent.com/AlmasB/FXGL/release/README.md
11:07:39.493 [FXGL Background Thread 3 ] DEBUG Engine               - userAppClass: class com.example.zeldapuzzle.MainGameApp
11:07:39.493 [FXGL Background Thread 3 ] DEBUG Engine               - version: 1
11:07:39.493 [FXGL Background Thread 3 ] DEBUG Engine               - versionCheckDays: 7
11:07:39.493 [FXGL Background Thread 3 ] DEBUG Engine               - width: 800
11:07:39.493 [FXGL Background Thread 3 ] DEBUG Engine               - Logging services
11:07:39.493 [FXGL Background Thread 3 ] DEBUG Engine               - class com.almasb.fxgl.app.services.FXGLAssetLoaderService
11:07:39.493 [FXGL Background Thread 3 ] DEBUG Engine               - class com.almasb.fxgl.app.FXGLApplication$GameApplicationService
11:07:39.493 [FXGL Background Thread 3 ] DEBUG Engine               - class com.almasb.fxgl.app.services.FXGLDialogService
11:07:39.494 [FXGL Background Thread 3 ] DEBUG Engine               - class com.almasb.fxgl.app.services.IOTaskExecutorService
11:07:39.494 [FXGL Background Thread 3 ] DEBUG Engine               - class com.almasb.fxgl.io.FileSystemService
11:07:39.494 [FXGL Background Thread 3 ] DEBUG Engine               - class com.almasb.fxgl.localization.LocalizationService
11:07:39.494 [FXGL Background Thread 3 ] DEBUG Engine               - class com.almasb.fxgl.app.services.SystemBundleService
11:07:39.494 [FXGL Background Thread 3 ] DEBUG Engine               - class com.almasb.fxgl.profile.SaveLoadService
11:07:39.494 [FXGL Background Thread 3 ] DEBUG Engine               - class com.almasb.fxgl.ui.FXGLUIFactoryServiceProvider
11:07:39.494 [FXGL Background Thread 3 ] DEBUG Engine               - class com.almasb.fxgl.ui.FXGLDialogFactoryServiceProvider
11:07:39.494 [FXGL Background Thread 3 ] DEBUG Engine               - class com.almasb.fxgl.audio.AudioPlayer
11:07:39.494 [FXGL Background Thread 3 ] DEBUG Engine               - class com.almasb.fxgl.notification.impl.NotificationServiceProvider
11:07:39.494 [FXGL Background Thread 3 ] DEBUG Engine               - class com.almasb.fxgl.achievement.AchievementService
11:07:39.494 [FXGL Background Thread 3 ] DEBUG Engine               - class com.almasb.fxgl.cutscene.CutsceneService
11:07:39.494 [FXGL Background Thread 3 ] DEBUG Engine               - class com.almasb.fxgl.minigames.MiniGameService
11:07:39.494 [FXGL Background Thread 3 ] DEBUG Engine               - class com.almasb.fxgl.net.NetService
11:07:39.494 [FXGL Background Thread 3 ] DEBUG Engine               - class com.almasb.fxgl.app.services.UpdaterService
11:07:39.494 [FXGL Background Thread 3 ] DEBUG Engine               - class com.almasb.fxgl.dev.DevService
11:07:42.853 [JavaFX Application Thread] WARN  GameWorld            - Entity is already attached to world
11:07:45.907 [JavaFX Application Thread] WARN  GameWorld            - Entity is already attached to world
11:08:01.989 [JavaFX Application Thread] WARN  GameWorld            - Entity is already attached to world
11:08:04.627 [JavaFX Application Thread] WARN  GameWorld            - Entity is already attached to world
11:08:08.853 [JavaFX Application Thread] WARN  GameWorld            - Entity is already attached to world
11:08:11.247 [JavaFX Application Thread] WARN  GameWorld            - Entity is already attached to world
11:08:14.997 [JavaFX Application Thread] WARN  GameWorld            - Entity is already attached to world
11:08:17.613 [JavaFX Application Thread] WARN  GameWorld            - Entity is already attached to world
11:08:23.100 [JavaFX Application Thread] WARN  GameWorld            - Entity is already attached to world
11:08:25.980 [JavaFX Application Thread] WARN  GameWorld            - Entity is already attached to world
11:08:30.268 [JavaFX Application Thread] DEBUG FXGLApplication      - Exiting FXGL
11:08:30.268 [JavaFX Application Thread] DEBUG LoopRunner           - Stopping loop
11:08:30.268 [JavaFX Application Thread] DEBUG SystemBundleService  - Saving FXGL system data
11:08:30.270 [JavaFX Application Thread] DEBUG FileSystemAccess     - Writing to: C:\Users\Utilisateur\IdeaProjects\zeldaPuzzle\system\fxgl.bundle
11:08:30.273 [JavaFX Application Thread] DEBUG Async                - Shutting down background threads
11:08:30.273 [JavaFX Application Thread] DEBUG PrimaryStageWindow   - Closing main window
11:08:30.292 [JavaFX Application Thread] DEBUG Logger               - Closing Logger
