17:04:54.501 [main                     ] DEBUG Logger               - Configured Logger
17:04:54.519 [main                     ] DEBUG GameApplication      - Logging settings
Title: Zelda 2D Game
Version: 1
Width: 800
Height: 800
Fullscreen: true
Intro: false
Profiling: false
Single step:false
App Mode: DEVELOPER
Menu Key: ESCAPE
Stage Style: DECORATED
Scene Factory: class com.almasb.fxgl.app.scene.SceneFactory

17:04:54.712 [JavaFX Application Thread] DEBUG FXGLApplication      - Initializing FXGL
17:04:54.719 [JavaFX Application Thread] INFO  Engine               - FXGL-17 (31.12.2021 18.16) on WINDOWS (J:21.0.2 FX:19)
17:04:54.719 [JavaFX Application Thread] DEBUG Engine               - JRE Vendor Name: Oracle Corporation
17:04:54.720 [JavaFX Application Thread] DEBUG Engine               - Running on OS: Windows 10 version 10.0
17:04:54.720 [JavaFX Application Thread] DEBUG Engine               - Architecture: amd64
17:04:54.720 [JavaFX Application Thread] INFO  Engine               - Source code and latest versions at: https://github.com/AlmasB/FXGL
17:04:54.720 [JavaFX Application Thread] INFO  Engine               -       Ask questions and discuss at: https://github.com/AlmasB/FXGL/discussions
17:04:54.720 [JavaFX Application Thread] INFO  Engine               -              Join the FXGL chat at: https://gitter.im/AlmasB/FXGL
17:04:54.823 [JavaFX Application Thread] DEBUG PrimaryStageWindow   - Creating a JavaFX scene
17:04:54.887 [JavaFX Application Thread] DEBUG PrimaryStageWindow   - Target settings size: 800.0 x 800.0
17:04:54.888 [JavaFX Application Thread] DEBUG PrimaryStageWindow   - Scaled scene size:    800.0 x 800.0
17:04:54.888 [JavaFX Application Thread] DEBUG PrimaryStageWindow   - Scaled ratio: (1.0, 1.0)
17:04:54.889 [JavaFX Application Thread] DEBUG PrimaryStageWindow   - Set initial scene to FXGLStartupScene
17:04:54.894 [JavaFX Application Thread] DEBUG PrimaryStageWindow   - Opening main window
17:04:54.995 [JavaFX Application Thread] DEBUG PrimaryStageWindow   - Window border size: (16.0, 39.0)
17:04:54.995 [JavaFX Application Thread] DEBUG PrimaryStageWindow   - Scaled size: 800.0 x 800.0
17:04:54.995 [JavaFX Application Thread] DEBUG PrimaryStageWindow   - Scaled ratio: (1.0, 1.0)
17:04:54.995 [JavaFX Application Thread] DEBUG PrimaryStageWindow   - Scene size: 800.0 x 800.0
17:04:54.996 [JavaFX Application Thread] DEBUG PrimaryStageWindow   - Stage size: 816.0 x 839.0
17:04:55.004 [FXGL Background Thread 1 ] DEBUG Engine               - Initializing environment variables
17:04:55.050 [FXGL Background Thread 1 ] DEBUG FXGLAssetLoaderServi - User app class for loading assets: class com.example.zeldapuzzle.MainGameApp
17:04:55.050 [FXGL Background Thread 1 ] DEBUG GameApplicationServi - Applying CSS: fxgl_dark.css
17:04:55.051 [FXGL Background Thread 1 ] DEBUG FXGLAssetLoaderServi - Loading from file system: jar:file:///C:/Users/mbour/.m2/repository/com/github/almasb/fxgl/17/fxgl-17.jar!/fxglassets/ui/css/fxgl_dark.css
17:04:55.097 [FXGL Background Thread 1 ] DEBUG GameApplicationServi - Initializing application scenes
17:04:55.147 [FXGL Background Thread 1 ] DEBUG GameWorld            - Game world initialized
17:04:55.212 [FXGL Background Thread 1 ] DEBUG PhysicsWorld         - Physics world initialized: appHeight=800, physics.ppm=50,0
17:04:55.212 [FXGL Background Thread 1 ] DEBUG PhysicsWorld         - Using strategy: BRUTE_FORCE
17:04:55.217 [FXGL Background Thread 1 ] DEBUG GameScene            - Game scene initialized: 800x800
17:04:55.228 [FXGL Background Thread 1 ] DEBUG FXGL.DefaultMenu     - createMenuBodyMainMenu()
17:04:55.243 [FXGL Background Thread 1 ] DEBUG FXGL.DefaultMenu     - createOptionsMenu()
17:04:55.255 [FXGL Background Thread 1 ] DEBUG FXGLAssetLoaderServi - Loading from file system: jar:file:///C:/Users/mbour/.m2/repository/com/github/almasb/fxgl/17/fxgl-17.jar!/fxglassets/textures/particles/smoke.png
17:04:55.329 [FXGL Background Thread 1 ] DEBUG FXGLAssetLoaderServi - Loading from file system: jar:file:///C:/Users/mbour/.m2/repository/com/github/almasb/fxgl/17/fxgl-17.jar!/fxglassets/textures/particles/trace_horizontal.png
17:04:55.353 [FXGL Background Thread 1 ] DEBUG FXGL.DefaultMenu     - createMenuBodyGameMenu()
17:04:55.354 [FXGL Background Thread 1 ] DEBUG FXGL.DefaultMenu     - createOptionsMenu()
17:04:55.367 [FXGL Background Thread 1 ] DEBUG GameApplicationServi - Application scenes initialized
17:04:55.379 [FXGL Background Thread 1 ] DEBUG SystemBundleService  - Loading FXGL system data
17:04:55.382 [FXGL Background Thread 1 ] DEBUG FileSystemAccess     - Reading from: C:\Users\mbour\OneDrive\Bureau\Zelda TOTK WINRAR\zeldaPuzzle\system\fxgl.bundle
17:04:55.392 [FXGL Background Thread 1 ] DEBUG SystemBundleService  - Bundle FXGL: {}
17:04:55.392 [FXGL Background Thread 1 ] DEBUG UpdaterService       - Checking for updates
17:04:55.418 [FXGL Background Thread 4 ] DEBUG FXGLApplication      - Loading fonts
17:04:55.419 [FXGL Background Thread 1 ] DEBUG FXGLApplication      - Loading default localization
17:04:55.420 [FXGL Background Thread 4 ] DEBUG FXGLAssetLoaderServi - Loading from file system: jar:file:///C:/Users/mbour/.m2/repository/com/github/almasb/fxgl/17/fxgl-17.jar!/fxglassets/ui/fonts/VarelaRound-Regular.ttf
17:04:55.420 [FXGL Background Thread 1 ] DEBUG FXGLAssetLoaderServi - Loading from file system: jar:file:///C:/Users/mbour/.m2/repository/com/github/almasb/fxgl/17/fxgl-17.jar!/fxglassets/languages/english.lang
17:04:55.436 [FXGL Background Thread 1 ] INFO  FXGLApplication      - FXGL initialization took: 0,431 sec
17:04:55.451 [JavaFX Application Thread] DEBUG Input                - Registered new binding: inventaire - Tab
17:04:55.451 [JavaFX Application Thread] DEBUG Input                - Registered new binding: getPosition - P
17:04:55.451 [JavaFX Application Thread] DEBUG Input                - Registered new binding: zoom+ - Up
17:04:55.452 [JavaFX Application Thread] DEBUG Input                - Registered new binding: zoom- - Down
17:04:55.452 [JavaFX Application Thread] DEBUG Input                - Registered new binding: resetZoom - 0
17:04:55.452 [JavaFX Application Thread] DEBUG Input                - Registered new binding: Move right - D
17:04:55.453 [JavaFX Application Thread] DEBUG Input                - Registered new binding: Move left - A
17:04:55.453 [JavaFX Application Thread] DEBUG Input                - Registered new binding: Move Up - W
17:04:55.453 [JavaFX Application Thread] DEBUG Input                - Registered new binding: Move Down - S
17:04:55.453 [JavaFX Application Thread] DEBUG FXGLAssetLoaderServi - Loading from file system: jar:file:///C:/Users/mbour/.m2/repository/com/github/almasb/fxgl/17/fxgl-17.jar!/fxglassets/textures/fxgl_icon.png
17:04:55.464 [FXGL Background Thread 4 ] DEBUG FXGLAssetLoaderServi - Loading from file system: jar:file:///C:/Users/mbour/.m2/repository/com/github/almasb/fxgl/17/fxgl-17.jar!/fxglassets/ui/fonts/Abel-Regular.ttf
17:04:55.469 [JavaFX Application Thread] DEBUG FXGLAssetLoaderServi - Loading from file system: jar:file:///C:/Users/mbour/.m2/repository/com/github/almasb/fxgl/17/fxgl-17.jar!/fxglassets/textures/fxgl_default_cursor.png
17:04:55.471 [JavaFX Application Thread] DEBUG Input                - Registered new binding: Screenshot - CTRL+8
17:04:55.471 [JavaFX Application Thread] DEBUG Input                - Registered new binding: Dev Options - 1
17:04:55.472 [JavaFX Application Thread] DEBUG Input                - Registered new binding: Dev Console - 2
17:04:55.472 [JavaFX Application Thread] DEBUG Input                - Registered new binding: System info dump - CTRL+9
17:04:55.472 [JavaFX Application Thread] DEBUG Input                - Registered new binding: Restart - CTRL+R
17:04:55.473 [JavaFX Application Thread] DEBUG Input                - Registered new binding: Toggle Debug Camera - CTRL+7
17:04:55.476 [JavaFX Application Thread] DEBUG LoopRunner           - Starting loop
17:04:55.477 [FXGL Background Thread 4 ] DEBUG FXGLAssetLoaderServi - Loading from file system: jar:file:///C:/Users/mbour/.m2/repository/com/github/almasb/fxgl/17/fxgl-17.jar!/fxglassets/ui/fonts/TerminalLandMono-Regular.otf
17:04:55.493 [JavaFX Application Thread] DEBUG LoopRunner           - Initializing JavaFX AnimationTimerLoop
17:04:55.496 [JavaFX Application Thread] DEBUG Input                - Clearing active input actions
17:04:55.506 [JavaFX Application Thread] DEBUG GameApplicationServi - Removing overlay from FXGLStartupScene and adding to FXGLMainMenuDummyScene
17:04:55.508 [FXGL Background Thread 4 ] DEBUG FXGLAssetLoaderServi - Loading from file system: jar:file:///C:/Users/mbour/.m2/repository/com/github/almasb/fxgl/17/fxgl-17.jar!/fxglassets/ui/fonts/Courier-Prime.ttf
17:04:55.512 [JavaFX Application Thread] DEBUG PrimaryStageWindow   - FXGLStartupScene -> FXGLMainMenuDummyScene
17:04:55.513 [JavaFX Application Thread] DEBUG PrimaryStageWindow   - Push state: FXGLDefaultMenu
17:04:55.515 [JavaFX Application Thread] DEBUG Input                - Clearing active input actions
17:04:55.525 [JavaFX Application Thread] DEBUG GameApplicationServi - Removing overlay from FXGLMainMenuDummyScene and adding to FXGLDefaultMenu
17:04:55.526 [JavaFX Application Thread] DEBUG PrimaryStageWindow   - FXGLMainMenuDummyScene -> FXGLDefaultMenu
17:04:55.752 [JavaFX Application Thread] DEBUG FXGLApplication      - Registering font factories with UI factory
17:04:55.854 [FXGL Background Thread 2 ] INFO  UpdaterService       - Your current version:  17
17:04:55.855 [FXGL Background Thread 2 ] INFO  UpdaterService       - Latest stable version: 21.1
17:04:57.728 [JavaFX Application Thread] DEBUG Menu                 - fireNewGame()
17:04:57.728 [JavaFX Application Thread] DEBUG GameApplicationServi - Starting new game
17:04:57.732 [JavaFX Application Thread] DEBUG PrimaryStageWindow   - Pop state: FXGLDefaultMenu
17:04:57.733 [JavaFX Application Thread] DEBUG Input                - Clearing active input actions
17:04:57.734 [JavaFX Application Thread] DEBUG GameApplicationServi - Removing overlay from FXGLDefaultMenu and adding to FXGLMainMenuDummyScene
17:04:57.737 [JavaFX Application Thread] DEBUG PrimaryStageWindow   - FXGLMainMenuDummyScene <- FXGLDefaultMenu
17:04:57.737 [JavaFX Application Thread] DEBUG Input                - Clearing active input actions
17:04:57.747 [JavaFX Application Thread] DEBUG GameApplicationServi - Removing overlay from FXGLMainMenuDummyScene and adding to FXGLLoadingScene
17:04:57.748 [JavaFX Application Thread] DEBUG PrimaryStageWindow   - FXGLMainMenuDummyScene -> FXGLLoadingScene
17:04:57.748 [JavaFX Application Thread] DEBUG GameApplicationServi - Clearing previous game
17:04:57.748 [JavaFX Application Thread] DEBUG GameScene            - Clearing game scene
17:04:57.748 [JavaFX Application Thread] DEBUG GameWorld            - Clearing game world
17:04:57.748 [JavaFX Application Thread] DEBUG PhysicsWorld         - Clearing physics world
17:04:57.751 [FXGL Background Thread 2 ] DEBUG FXGLApplication      - Initializing game
17:04:57.811 [FXGL Background Thread 2 ] WARN  TMXLevelLoader       - TiledMap generated from 1.10.2. Supported version: 1.2.3. Some features may not be parsed fully.
17:04:57.886 [FXGL Background Thread 2 ] DEBUG TMXLevelLoader       - Parsed TiledMap: file:/C:/Users/mbour/OneDrive/Bureau/Zelda%20TOTK%20WINRAR/zeldaPuzzle/target/classes/assets/levels/MapDeMerde2.tmx
17:04:57.887 [FXGL Background Thread 2 ] DEBUG TMXLevelLoader       - Creating tile layer entities
17:04:57.889 [FXGL Background Thread 2 ] DEBUG TilesetLoader        - Loading view for layer background
17:04:57.926 [FXGL Background Thread 2 ] DEBUG TilesetLoader        - Created buffer with size 4800.0x4800.0
17:04:58.143 [FXGL Background Thread 2 ] DEBUG TilesetLoader        - Loading view for layer devant
17:04:58.178 [FXGL Background Thread 2 ] DEBUG TilesetLoader        - Created buffer with size 4800.0x4800.0
17:04:58.224 [FXGL Background Thread 2 ] DEBUG TilesetLoader        - Loading view for layer devant1
17:04:58.259 [FXGL Background Thread 2 ] DEBUG TilesetLoader        - Created buffer with size 4800.0x4800.0
17:04:58.274 [FXGL Background Thread 2 ] DEBUG TMXLevelLoader       - Creating object layer entities
17:04:58.321 [FXGL Background Thread 2 ] DEBUG GameWorld            - Clearing removable entities
17:04:58.321 [FXGL Background Thread 2 ] DEBUG GameWorld            - Setting level: com.almasb.fxgl.entity.level.Level@75dfa425
17:04:58.337 [FXGL Background Thread 2 ] WARN  GameWorld            - Entity is already attached to world
17:04:58.338 [FXGL Background Thread 2 ] WARN  GameWorld            - Entity is already attached to world
17:04:58.345 [FXGL Background Thread 2 ] INFO  FXGLApplication      - Game initialization took: 0,594 sec
17:04:58.346 [JavaFX Application Thread] DEBUG Input                - Clearing active input actions
17:04:58.351 [JavaFX Application Thread] DEBUG GameApplicationServi - Removing overlay from FXGLLoadingScene and adding to GameScene
17:04:58.353 [JavaFX Application Thread] DEBUG PrimaryStageWindow   - FXGLLoadingScene -> GameScene
17:04:58.417 [FXGL Background Thread 3 ] DEBUG Engine               - Logging environment variables
17:04:58.418 [FXGL Background Thread 3 ] DEBUG Engine               - achievements: []
17:04:58.418 [FXGL Background Thread 3 ] DEBUG Engine               - actualHeight: 800.0
17:04:58.418 [FXGL Background Thread 3 ] DEBUG Engine               - actualHeightProperty: ReadOnlyDoubleProperty [value: 800.0]
17:04:58.418 [FXGL Background Thread 3 ] DEBUG Engine               - actualWidth: 800.0
17:04:58.418 [FXGL Background Thread 3 ] DEBUG Engine               - actualWidthProperty: ReadOnlyDoubleProperty [value: 800.0]
17:04:58.418 [FXGL Background Thread 3 ] DEBUG Engine               - appIcon: fxgl_icon.png
17:04:58.418 [FXGL Background Thread 3 ] DEBUG Engine               - applicationMode: DEVELOPER
17:04:58.418 [FXGL Background Thread 3 ] DEBUG Engine               - cSSList: [fxgl_dark.css]
17:04:58.418 [FXGL Background Thread 3 ] DEBUG Engine               - collisionDetectionStrategy: BRUTE_FORCE
17:04:58.418 [FXGL Background Thread 3 ] DEBUG Engine               - configClass: Optional.empty
17:04:58.419 [FXGL Background Thread 3 ] DEBUG Engine               - credits: []
17:04:58.419 [FXGL Background Thread 3 ] DEBUG Engine               - defaultCursor: CursorInfo(imageName=fxgl_default_cursor.png, hotspotX=7.0, hotspotY=6.0)
17:04:58.419 [FXGL Background Thread 3 ] DEBUG Engine               - devBBoxColorProperty: ObjectProperty [value: 0xff0000ff]
17:04:58.419 [FXGL Background Thread 3 ] DEBUG Engine               - devEnableDebugCameraProperty: BooleanProperty [value: false]
17:04:58.419 [FXGL Background Thread 3 ] DEBUG Engine               - devSensorColorProperty: ObjectProperty [value: 0xffff00ff]
17:04:58.420 [FXGL Background Thread 3 ] DEBUG Engine               - devShowBBoxProperty: BooleanProperty [value: false]
17:04:58.420 [FXGL Background Thread 3 ] DEBUG Engine               - devShowPositionProperty: BooleanProperty [value: false]
17:04:58.420 [FXGL Background Thread 3 ] DEBUG Engine               - enabledMenuItems: []
17:04:58.420 [FXGL Background Thread 3 ] DEBUG Engine               - engineServices: [class com.almasb.fxgl.app.services.FXGLAssetLoaderService, class com.almasb.fxgl.app.FXGLApplication$GameApplicationService, class com.almasb.fxgl.app.services.FXGLDialogService, class com.almasb.fxgl.app.services.IOTaskExecutorService, class com.almasb.fxgl.io.FileSystemService, class com.almasb.fxgl.localization.LocalizationService, class com.almasb.fxgl.app.services.SystemBundleService, class com.almasb.fxgl.profile.SaveLoadService, class com.almasb.fxgl.ui.FXGLUIFactoryServiceProvider, class com.almasb.fxgl.ui.FXGLDialogFactoryServiceProvider, class com.almasb.fxgl.audio.AudioPlayer, class com.almasb.fxgl.notification.impl.NotificationServiceProvider, class com.almasb.fxgl.achievement.AchievementService, class com.almasb.fxgl.cutscene.CutsceneService, class com.almasb.fxgl.minigames.MiniGameService, class com.almasb.fxgl.net.NetService, class com.almasb.fxgl.app.services.UpdaterService, class com.almasb.fxgl.dev.DevService]
17:04:58.420 [FXGL Background Thread 3 ] DEBUG Engine               - fontGame: Abel-Regular.ttf
17:04:58.421 [FXGL Background Thread 3 ] DEBUG Engine               - fontMono: TerminalLandMono-Regular.otf
17:04:58.421 [FXGL Background Thread 3 ] DEBUG Engine               - fontText: Courier-Prime.ttf
17:04:58.421 [FXGL Background Thread 3 ] DEBUG Engine               - fontUI: VarelaRound-Regular.ttf
17:04:58.421 [FXGL Background Thread 3 ] DEBUG Engine               - fullScreen: BooleanProperty [value: false]
17:04:58.421 [FXGL Background Thread 3 ] DEBUG Engine               - gameDifficulty: MEDIUM
17:04:58.421 [FXGL Background Thread 3 ] DEBUG Engine               - gameDifficultyProperty: ObjectProperty [value: MEDIUM]
17:04:58.421 [FXGL Background Thread 3 ] DEBUG Engine               - globalMusicVolume: 0.5
17:04:58.421 [FXGL Background Thread 3 ] DEBUG Engine               - globalMusicVolumeProperty: DoubleProperty [value: 0.5]
17:04:58.421 [FXGL Background Thread 3 ] DEBUG Engine               - globalSoundVolume: 0.5
17:04:58.421 [FXGL Background Thread 3 ] DEBUG Engine               - globalSoundVolumeProperty: DoubleProperty [value: 0.5]
17:04:58.421 [FXGL Background Thread 3 ] DEBUG Engine               - height: 800
17:04:58.422 [FXGL Background Thread 3 ] DEBUG Engine               - is3D: false
17:04:58.422 [FXGL Background Thread 3 ] DEBUG Engine               - isAndroid: false
17:04:58.422 [FXGL Background Thread 3 ] DEBUG Engine               - isBrowser: false
17:04:58.422 [FXGL Background Thread 3 ] DEBUG Engine               - isClickFeedbackEnabled: false
17:04:58.422 [FXGL Background Thread 3 ] DEBUG Engine               - isCloseConfirmation: false
17:04:58.422 [FXGL Background Thread 3 ] DEBUG Engine               - isDesktop: true
17:04:58.422 [FXGL Background Thread 3 ] DEBUG Engine               - isDeveloperMenuEnabled: true
17:04:58.422 [FXGL Background Thread 3 ] DEBUG Engine               - isEmbedded: false
17:04:58.422 [FXGL Background Thread 3 ] DEBUG Engine               - isEntityPreloadEnabled: true
17:04:58.422 [FXGL Background Thread 3 ] DEBUG Engine               - isExperimentalTiledLargeMap: false
17:04:58.422 [FXGL Background Thread 3 ] DEBUG Engine               - isFileSystemWriteAllowed: true
17:04:58.422 [FXGL Background Thread 3 ] DEBUG Engine               - isFullScreenAllowed: true
17:04:58.422 [FXGL Background Thread 3 ] DEBUG Engine               - isFullScreenFromStart: false
17:04:58.422 [FXGL Background Thread 3 ] DEBUG Engine               - isGameMenuEnabled: true
17:04:58.422 [FXGL Background Thread 3 ] DEBUG Engine               - isIOS: false
17:04:58.422 [FXGL Background Thread 3 ] DEBUG Engine               - isIntroEnabled: false
17:04:58.423 [FXGL Background Thread 3 ] DEBUG Engine               - isLinux: false
17:04:58.423 [FXGL Background Thread 3 ] DEBUG Engine               - isMac: false
17:04:58.423 [FXGL Background Thread 3 ] DEBUG Engine               - isMainMenuEnabled: true
17:04:58.423 [FXGL Background Thread 3 ] DEBUG Engine               - isManualResizeEnabled: false
17:04:58.423 [FXGL Background Thread 3 ] DEBUG Engine               - isMobile: false
17:04:58.423 [FXGL Background Thread 3 ] DEBUG Engine               - isNative: false
17:04:58.423 [FXGL Background Thread 3 ] DEBUG Engine               - isPauseMusicWhenMinimized: true
17:04:58.423 [FXGL Background Thread 3 ] DEBUG Engine               - isPreserveResizeRatio: false
17:04:58.423 [FXGL Background Thread 3 ] DEBUG Engine               - isProfilingEnabled: false
17:04:58.423 [FXGL Background Thread 3 ] DEBUG Engine               - isScaleAffectedOnResize: true
17:04:58.423 [FXGL Background Thread 3 ] DEBUG Engine               - isSingleStep: false
17:04:58.423 [FXGL Background Thread 3 ] DEBUG Engine               - isUserProfileEnabled: false
17:04:58.423 [FXGL Background Thread 3 ] DEBUG Engine               - isWindows: true
17:04:58.423 [FXGL Background Thread 3 ] DEBUG Engine               - language: ObjectProperty [value: ENGLISH]
17:04:58.423 [FXGL Background Thread 3 ] DEBUG Engine               - menuKey: ESCAPE
17:04:58.423 [FXGL Background Thread 3 ] DEBUG Engine               - mouseSensitivity: 0.2
17:04:58.423 [FXGL Background Thread 3 ] DEBUG Engine               - notificationViewClass: class com.almasb.fxgl.notification.view.XboxNotificationView
17:04:58.424 [FXGL Background Thread 3 ] DEBUG Engine               - pixelsPerMeter: 50.0
17:04:58.424 [FXGL Background Thread 3 ] DEBUG Engine               - platform: WINDOWS
17:04:58.424 [FXGL Background Thread 3 ] DEBUG Engine               - prefHeightProperty: ReadOnlyDoubleProperty [value: 800.0]
17:04:58.424 [FXGL Background Thread 3 ] DEBUG Engine               - prefWidthProperty: ReadOnlyDoubleProperty [value: 800.0]
17:04:58.424 [FXGL Background Thread 3 ] DEBUG Engine               - profileDir: profiles/
17:04:58.424 [FXGL Background Thread 3 ] DEBUG Engine               - profileName: StringProperty [value: DEFAULT]
17:04:58.424 [FXGL Background Thread 3 ] DEBUG Engine               - randomSeed: -1
17:04:58.424 [FXGL Background Thread 3 ] DEBUG Engine               - runtimeInfo: RuntimeInfo(platform=WINDOWS, version=17, build=31.12.2021 18.16)
17:04:58.424 [FXGL Background Thread 3 ] DEBUG Engine               - saveFileExt: sav
17:04:58.424 [FXGL Background Thread 3 ] DEBUG Engine               - scaledHeightProp$fxgl: DoubleProperty [bound, value: 800.0]
17:04:58.425 [FXGL Background Thread 3 ] DEBUG Engine               - scaledWidthProp$fxgl: DoubleProperty [bound, value: 800.0]
17:04:58.425 [FXGL Background Thread 3 ] DEBUG Engine               - sceneFactory: com.almasb.fxgl.app.scene.SceneFactory@781e9d38
17:04:58.425 [FXGL Background Thread 3 ] DEBUG Engine               - secondsIn24h: 60
17:04:58.425 [FXGL Background Thread 3 ] DEBUG Engine               - soundMenuBack: menu/back.wav
17:04:58.425 [FXGL Background Thread 3 ] DEBUG Engine               - soundMenuPress: menu/press.wav
17:04:58.425 [FXGL Background Thread 3 ] DEBUG Engine               - soundMenuSelect: menu/select.wav
17:04:58.425 [FXGL Background Thread 3 ] DEBUG Engine               - soundNotification: core/notification.wav
17:04:58.425 [FXGL Background Thread 3 ] DEBUG Engine               - stageStyle: DECORATED
17:04:58.425 [FXGL Background Thread 3 ] DEBUG Engine               - supportedLanguages: [ENGLISH, FRENCH, GERMAN, HUNGARIAN, RUSSIAN]
17:04:58.425 [FXGL Background Thread 3 ] DEBUG Engine               - ticksPerSecond: -1
17:04:58.425 [FXGL Background Thread 3 ] DEBUG Engine               - title: Zelda 2D Game
17:04:58.425 [FXGL Background Thread 3 ] DEBUG Engine               - urlGithub: https://github.com/AlmasB/FXGL
17:04:58.425 [FXGL Background Thread 3 ] DEBUG Engine               - urlLeaderboard: http://fxgl-top.herokuapp.com/
17:04:58.425 [FXGL Background Thread 3 ] DEBUG Engine               - urlPOM: https://raw.githubusercontent.com/AlmasB/FXGL/release/README.md
17:04:58.425 [FXGL Background Thread 3 ] DEBUG Engine               - userAppClass: class com.example.zeldapuzzle.MainGameApp
17:04:58.425 [FXGL Background Thread 3 ] DEBUG Engine               - version: 1
17:04:58.425 [FXGL Background Thread 3 ] DEBUG Engine               - versionCheckDays: 7
17:04:58.426 [FXGL Background Thread 3 ] DEBUG Engine               - width: 800
17:04:58.426 [FXGL Background Thread 3 ] DEBUG Engine               - Logging services
17:04:58.426 [FXGL Background Thread 3 ] DEBUG Engine               - class com.almasb.fxgl.app.services.FXGLAssetLoaderService
17:04:58.426 [FXGL Background Thread 3 ] DEBUG Engine               - class com.almasb.fxgl.app.FXGLApplication$GameApplicationService
17:04:58.426 [FXGL Background Thread 3 ] DEBUG Engine               - class com.almasb.fxgl.app.services.FXGLDialogService
17:04:58.426 [FXGL Background Thread 3 ] DEBUG Engine               - class com.almasb.fxgl.app.services.IOTaskExecutorService
17:04:58.426 [FXGL Background Thread 3 ] DEBUG Engine               - class com.almasb.fxgl.io.FileSystemService
17:04:58.426 [FXGL Background Thread 3 ] DEBUG Engine               - class com.almasb.fxgl.localization.LocalizationService
17:04:58.426 [FXGL Background Thread 3 ] DEBUG Engine               - class com.almasb.fxgl.app.services.SystemBundleService
17:04:58.426 [FXGL Background Thread 3 ] DEBUG Engine               - class com.almasb.fxgl.profile.SaveLoadService
17:04:58.426 [FXGL Background Thread 3 ] DEBUG Engine               - class com.almasb.fxgl.ui.FXGLUIFactoryServiceProvider
17:04:58.426 [FXGL Background Thread 3 ] DEBUG Engine               - class com.almasb.fxgl.ui.FXGLDialogFactoryServiceProvider
17:04:58.426 [FXGL Background Thread 3 ] DEBUG Engine               - class com.almasb.fxgl.audio.AudioPlayer
17:04:58.426 [FXGL Background Thread 3 ] DEBUG Engine               - class com.almasb.fxgl.notification.impl.NotificationServiceProvider
17:04:58.426 [FXGL Background Thread 3 ] DEBUG Engine               - class com.almasb.fxgl.achievement.AchievementService
17:04:58.426 [FXGL Background Thread 3 ] DEBUG Engine               - class com.almasb.fxgl.cutscene.CutsceneService
17:04:58.426 [FXGL Background Thread 3 ] DEBUG Engine               - class com.almasb.fxgl.minigames.MiniGameService
17:04:58.426 [FXGL Background Thread 3 ] DEBUG Engine               - class com.almasb.fxgl.net.NetService
17:04:58.426 [FXGL Background Thread 3 ] DEBUG Engine               - class com.almasb.fxgl.app.services.UpdaterService
17:04:58.426 [FXGL Background Thread 3 ] DEBUG Engine               - class com.almasb.fxgl.dev.DevService
17:05:04.523 [JavaFX Application Thread] WARN  TMXLevelLoader       - TiledMap generated from 1.10.2. Supported version: 1.2.3. Some features may not be parsed fully.
17:05:04.528 [JavaFX Application Thread] DEBUG TMXLevelLoader       - Parsed TiledMap: file:/C:/Users/mbour/OneDrive/Bureau/Zelda%20TOTK%20WINRAR/zeldaPuzzle/target/classes/assets/levels/donjonPasFini.tmx
17:05:04.528 [JavaFX Application Thread] DEBUG TMXLevelLoader       - Creating tile layer entities
17:05:04.528 [JavaFX Application Thread] DEBUG TilesetLoader        - Loading view for layer Calque de Tuiles 2
17:05:04.530 [JavaFX Application Thread] DEBUG TilesetLoader        - Created buffer with size 3200.0x960.0
17:05:04.555 [JavaFX Application Thread] WARN  TilesetLoader        - Diagonally flipped tiles are not currently supported
17:05:04.556 [JavaFX Application Thread] WARN  TilesetLoader        - Diagonally flipped tiles are not currently supported
17:05:04.556 [JavaFX Application Thread] WARN  TilesetLoader        - Diagonally flipped tiles are not currently supported
17:05:04.556 [JavaFX Application Thread] WARN  TilesetLoader        - Diagonally flipped tiles are not currently supported
17:05:04.556 [JavaFX Application Thread] WARN  TilesetLoader        - Diagonally flipped tiles are not currently supported
17:05:04.556 [JavaFX Application Thread] WARN  TilesetLoader        - Diagonally flipped tiles are not currently supported
17:05:04.556 [JavaFX Application Thread] WARN  TilesetLoader        - Diagonally flipped tiles are not currently supported
17:05:04.557 [JavaFX Application Thread] WARN  TilesetLoader        - Diagonally flipped tiles are not currently supported
17:05:04.557 [JavaFX Application Thread] WARN  TilesetLoader        - Diagonally flipped tiles are not currently supported
17:05:04.557 [JavaFX Application Thread] WARN  TilesetLoader        - Diagonally flipped tiles are not currently supported
17:05:04.557 [JavaFX Application Thread] DEBUG TilesetLoader        - Loading view for layer background
17:05:04.562 [JavaFX Application Thread] DEBUG TilesetLoader        - Created buffer with size 3200.0x960.0
17:05:04.571 [JavaFX Application Thread] DEBUG TilesetLoader        - Loading view for layer Calque de Tuiles 3
17:05:04.573 [JavaFX Application Thread] DEBUG TilesetLoader        - Created buffer with size 3200.0x960.0
17:05:04.574 [JavaFX Application Thread] DEBUG TilesetLoader        - Loading view for layer Calque de Tuiles 1
17:05:04.575 [JavaFX Application Thread] DEBUG TilesetLoader        - Created buffer with size 3200.0x960.0
17:05:04.576 [JavaFX Application Thread] DEBUG TMXLevelLoader       - Creating object layer entities
17:05:04.583 [JavaFX Application Thread] DEBUG GameWorld            - Clearing removable entities
17:05:04.589 [JavaFX Application Thread] DEBUG GameWorld            - Setting level: com.almasb.fxgl.entity.level.Level@7e60b036
17:05:04.595 [JavaFX Application Thread] WARN  GameWorld            - Entity is already attached to world
17:05:15.242 [JavaFX Application Thread] WARN  TMXLevelLoader       - TiledMap generated from 1.10.2. Supported version: 1.2.3. Some features may not be parsed fully.
17:05:15.252 [JavaFX Application Thread] DEBUG TMXLevelLoader       - Parsed TiledMap: file:/C:/Users/mbour/OneDrive/Bureau/Zelda%20TOTK%20WINRAR/zeldaPuzzle/target/classes/assets/levels/MapDeMerde2.tmx
17:05:15.252 [JavaFX Application Thread] DEBUG TMXLevelLoader       - Creating tile layer entities
17:05:15.253 [JavaFX Application Thread] DEBUG TilesetLoader        - Loading view for layer background
17:05:15.280 [JavaFX Application Thread] DEBUG TilesetLoader        - Created buffer with size 4800.0x4800.0
17:05:15.384 [JavaFX Application Thread] DEBUG TilesetLoader        - Loading view for layer devant
17:05:15.416 [JavaFX Application Thread] DEBUG TilesetLoader        - Created buffer with size 4800.0x4800.0
17:05:15.441 [JavaFX Application Thread] DEBUG TilesetLoader        - Loading view for layer devant1
17:05:15.468 [JavaFX Application Thread] DEBUG TilesetLoader        - Created buffer with size 4800.0x4800.0
17:05:15.476 [JavaFX Application Thread] DEBUG TMXLevelLoader       - Creating object layer entities
17:05:15.492 [JavaFX Application Thread] DEBUG GameWorld            - Clearing removable entities
17:05:15.494 [JavaFX Application Thread] DEBUG GameWorld            - Setting level: com.almasb.fxgl.entity.level.Level@33d22e5d
17:05:15.501 [JavaFX Application Thread] WARN  GameWorld            - Entity is already attached to world
17:05:21.420 [JavaFX Application Thread] DEBUG LoopRunner           - Pausing loop
17:05:25.746 [JavaFX Application Thread] DEBUG LoopRunner           - Resuming loop
17:05:32.212 [JavaFX Application Thread] DEBUG FXGLApplication      - Exiting FXGL
17:05:32.212 [JavaFX Application Thread] DEBUG LoopRunner           - Stopping loop
17:05:32.212 [JavaFX Application Thread] DEBUG SystemBundleService  - Saving FXGL system data
17:05:32.214 [JavaFX Application Thread] DEBUG FileSystemAccess     - Writing to: C:\Users\mbour\OneDrive\Bureau\Zelda TOTK WINRAR\zeldaPuzzle\system\fxgl.bundle
17:05:32.216 [JavaFX Application Thread] DEBUG Async                - Shutting down background threads
17:05:32.216 [JavaFX Application Thread] DEBUG PrimaryStageWindow   - Closing main window
17:05:32.232 [JavaFX Application Thread] DEBUG Logger               - Closing Logger
