11:50:28.747 [main                     ] DEBUG Logger               - Configured Logger
11:50:28.760 [main                     ] DEBUG GameApplication      - Logging settings
Title: Zelda 2D Game par ماستن
Version: 1
Width: 800
Height: 800
Fullscreen: true
Intro: false
Profiling: false
Single step:false
App Mode: DEVELOPER
Menu Key: ESCAPE
Stage Style: DECORATED
Scene Factory: class com.almasb.fxgl.app.scene.SceneFactory

11:50:28.813 [JavaFX Application Thread] DEBUG FXGLApplication      - Initializing FXGL
11:50:28.816 [JavaFX Application Thread] INFO  Engine               - FXGL-17 (31.12.2021 18.16) on WINDOWS (J:21.0.2 FX:19)
11:50:28.816 [JavaFX Application Thread] DEBUG Engine               - JRE Vendor Name: Oracle Corporation
11:50:28.816 [JavaFX Application Thread] DEBUG Engine               - Running on OS: Windows 11 version 10.0
11:50:28.816 [JavaFX Application Thread] DEBUG Engine               - Architecture: amd64
11:50:28.816 [JavaFX Application Thread] INFO  Engine               - Source code and latest versions at: https://github.com/AlmasB/FXGL
11:50:28.816 [JavaFX Application Thread] INFO  Engine               -       Ask questions and discuss at: https://github.com/AlmasB/FXGL/discussions
11:50:28.817 [JavaFX Application Thread] INFO  Engine               -              Join the FXGL chat at: https://gitter.im/AlmasB/FXGL
11:50:28.860 [JavaFX Application Thread] DEBUG PrimaryStageWindow   - Creating a JavaFX scene
11:50:28.889 [JavaFX Application Thread] DEBUG PrimaryStageWindow   - Target settings size: 800.0 x 800.0
11:50:28.890 [JavaFX Application Thread] DEBUG PrimaryStageWindow   - Scaled scene size:    800.0 x 800.0
11:50:28.890 [JavaFX Application Thread] DEBUG PrimaryStageWindow   - Scaled ratio: (1.0, 1.0)
11:50:28.891 [JavaFX Application Thread] DEBUG PrimaryStageWindow   - Set initial scene to FXGLStartupScene
11:50:28.895 [JavaFX Application Thread] DEBUG PrimaryStageWindow   - Opening main window
11:50:28.947 [JavaFX Application Thread] DEBUG PrimaryStageWindow   - Window border size: (16.0, 39.0)
11:50:28.947 [JavaFX Application Thread] DEBUG PrimaryStageWindow   - Scaled size: 800.0 x 800.0
11:50:28.947 [JavaFX Application Thread] DEBUG PrimaryStageWindow   - Scaled ratio: (1.0, 1.0)
11:50:28.947 [JavaFX Application Thread] DEBUG PrimaryStageWindow   - Scene size: 800.0 x 800.0
11:50:28.948 [JavaFX Application Thread] DEBUG PrimaryStageWindow   - Stage size: 816.0 x 839.0
11:50:28.953 [FXGL Background Thread 1 ] DEBUG Engine               - Initializing environment variables
11:50:28.993 [FXGL Background Thread 1 ] DEBUG FXGLAssetLoaderServi - User app class for loading assets: class com.example.zeldapuzzle.MainGameApp
11:50:28.994 [FXGL Background Thread 1 ] DEBUG GameApplicationServi - Applying CSS: fxgl_dark.css
11:50:28.995 [FXGL Background Thread 1 ] DEBUG FXGLAssetLoaderServi - Loading from file system: jar:file:///C:/Users/User/.m2/repository/com/github/almasb/fxgl/17/fxgl-17.jar!/fxglassets/ui/css/fxgl_dark.css
11:50:29.028 [FXGL Background Thread 1 ] DEBUG GameApplicationServi - Initializing application scenes
11:50:29.061 [FXGL Background Thread 1 ] DEBUG GameWorld            - Game world initialized
11:50:29.101 [FXGL Background Thread 1 ] DEBUG PhysicsWorld         - Physics world initialized: appHeight=800, physics.ppm=50.0
11:50:29.102 [FXGL Background Thread 1 ] DEBUG PhysicsWorld         - Using strategy: BRUTE_FORCE
11:50:29.104 [FXGL Background Thread 1 ] DEBUG GameScene            - Game scene initialized: 800x800
11:50:29.111 [FXGL Background Thread 1 ] DEBUG FXGL.DefaultMenu     - createMenuBodyMainMenu()
11:50:29.119 [FXGL Background Thread 1 ] DEBUG FXGL.DefaultMenu     - createOptionsMenu()
11:50:29.124 [FXGL Background Thread 1 ] DEBUG FXGLAssetLoaderServi - Loading from file system: jar:file:///C:/Users/User/.m2/repository/com/github/almasb/fxgl/17/fxgl-17.jar!/fxglassets/textures/particles/smoke.png
11:50:29.169 [FXGL Background Thread 1 ] DEBUG FXGLAssetLoaderServi - Loading from file system: jar:file:///C:/Users/User/.m2/repository/com/github/almasb/fxgl/17/fxgl-17.jar!/fxglassets/textures/particles/trace_horizontal.png
11:50:29.179 [FXGL Background Thread 1 ] DEBUG FXGL.DefaultMenu     - createMenuBodyGameMenu()
11:50:29.180 [FXGL Background Thread 1 ] DEBUG FXGL.DefaultMenu     - createOptionsMenu()
11:50:29.189 [FXGL Background Thread 1 ] DEBUG GameApplicationServi - Application scenes initialized
11:50:29.196 [FXGL Background Thread 1 ] DEBUG SystemBundleService  - Loading FXGL system data
11:50:29.199 [FXGL Background Thread 1 ] DEBUG FileSystemAccess     - Reading from: C:\Users\User\zeldaPuzzle\system\fxgl.bundle
11:50:29.205 [FXGL Background Thread 1 ] DEBUG SystemBundleService  - Bundle FXGL: {}
11:50:29.206 [FXGL Background Thread 1 ] DEBUG UpdaterService       - Checking for updates
11:50:29.223 [FXGL Background Thread 4 ] DEBUG FXGLApplication      - Loading fonts
11:50:29.223 [FXGL Background Thread 1 ] DEBUG FXGLApplication      - Loading default localization
11:50:29.223 [FXGL Background Thread 4 ] DEBUG FXGLAssetLoaderServi - Loading from file system: jar:file:///C:/Users/User/.m2/repository/com/github/almasb/fxgl/17/fxgl-17.jar!/fxglassets/ui/fonts/VarelaRound-Regular.ttf
11:50:29.223 [FXGL Background Thread 1 ] DEBUG FXGLAssetLoaderServi - Loading from file system: jar:file:///C:/Users/User/.m2/repository/com/github/almasb/fxgl/17/fxgl-17.jar!/fxglassets/languages/english.lang
11:50:29.239 [FXGL Background Thread 1 ] INFO  FXGLApplication      - FXGL initialization took: 0.285 sec
11:50:29.248 [JavaFX Application Thread] DEBUG Input                - Registered new binding: inventaire - Tab
11:50:29.249 [JavaFX Application Thread] DEBUG Input                - Registered new binding: getPosition - P
11:50:29.249 [JavaFX Application Thread] DEBUG Input                - Registered new binding: zoom+ - Up
11:50:29.249 [JavaFX Application Thread] DEBUG Input                - Registered new binding: zoom- - Down
11:50:29.249 [JavaFX Application Thread] DEBUG Input                - Registered new binding: resetZoom - 0
11:50:29.249 [JavaFX Application Thread] DEBUG Input                - Registered new binding: Move right - D
11:50:29.250 [JavaFX Application Thread] DEBUG Input                - Registered new binding: Move left - A
11:50:29.250 [JavaFX Application Thread] DEBUG Input                - Registered new binding: Move Up - W
11:50:29.250 [JavaFX Application Thread] DEBUG Input                - Registered new binding: Move Down - S
11:50:29.251 [JavaFX Application Thread] DEBUG FXGLAssetLoaderServi - Loading from file system: jar:file:///C:/Users/User/.m2/repository/com/github/almasb/fxgl/17/fxgl-17.jar!/fxglassets/textures/fxgl_icon.png
11:50:29.262 [JavaFX Application Thread] DEBUG FXGLAssetLoaderServi - Loading from file system: jar:file:///C:/Users/User/.m2/repository/com/github/almasb/fxgl/17/fxgl-17.jar!/fxglassets/textures/fxgl_default_cursor.png
11:50:29.262 [FXGL Background Thread 4 ] DEBUG FXGLAssetLoaderServi - Loading from file system: jar:file:///C:/Users/User/.m2/repository/com/github/almasb/fxgl/17/fxgl-17.jar!/fxglassets/ui/fonts/Abel-Regular.ttf
11:50:29.264 [JavaFX Application Thread] DEBUG Input                - Registered new binding: Screenshot - CTRL+8
11:50:29.264 [JavaFX Application Thread] DEBUG Input                - Registered new binding: Dev Options - 1
11:50:29.264 [JavaFX Application Thread] DEBUG Input                - Registered new binding: Dev Console - 2
11:50:29.264 [JavaFX Application Thread] DEBUG Input                - Registered new binding: System info dump - CTRL+9
11:50:29.265 [JavaFX Application Thread] DEBUG Input                - Registered new binding: Restart - CTRL+R
11:50:29.265 [JavaFX Application Thread] DEBUG Input                - Registered new binding: Toggle Debug Camera - CTRL+7
11:50:29.268 [JavaFX Application Thread] DEBUG LoopRunner           - Starting loop
11:50:29.274 [FXGL Background Thread 4 ] DEBUG FXGLAssetLoaderServi - Loading from file system: jar:file:///C:/Users/User/.m2/repository/com/github/almasb/fxgl/17/fxgl-17.jar!/fxglassets/ui/fonts/TerminalLandMono-Regular.otf
11:50:29.284 [JavaFX Application Thread] DEBUG LoopRunner           - Initializing JavaFX AnimationTimerLoop
11:50:29.286 [JavaFX Application Thread] DEBUG Input                - Clearing active input actions
11:50:29.295 [FXGL Background Thread 4 ] DEBUG FXGLAssetLoaderServi - Loading from file system: jar:file:///C:/Users/User/.m2/repository/com/github/almasb/fxgl/17/fxgl-17.jar!/fxglassets/ui/fonts/Courier-Prime.ttf
11:50:29.295 [JavaFX Application Thread] DEBUG GameApplicationServi - Removing overlay from FXGLStartupScene and adding to FXGLMainMenuDummyScene
11:50:29.298 [JavaFX Application Thread] DEBUG PrimaryStageWindow   - FXGLStartupScene -> FXGLMainMenuDummyScene
11:50:29.299 [JavaFX Application Thread] DEBUG PrimaryStageWindow   - Push state: FXGLDefaultMenu
11:50:29.301 [JavaFX Application Thread] DEBUG Input                - Clearing active input actions
11:50:29.308 [JavaFX Application Thread] DEBUG GameApplicationServi - Removing overlay from FXGLMainMenuDummyScene and adding to FXGLDefaultMenu
11:50:29.308 [JavaFX Application Thread] DEBUG PrimaryStageWindow   - FXGLMainMenuDummyScene -> FXGLDefaultMenu
11:50:29.451 [JavaFX Application Thread] DEBUG FXGLApplication      - Registering font factories with UI factory
11:50:29.567 [FXGL Background Thread 2 ] INFO  UpdaterService       - Your current version:  17
11:50:29.568 [FXGL Background Thread 2 ] INFO  UpdaterService       - Latest stable version: 21.1
11:50:30.668 [JavaFX Application Thread] DEBUG Menu                 - fireNewGame()
11:50:30.668 [JavaFX Application Thread] DEBUG GameApplicationServi - Starting new game
11:50:30.669 [JavaFX Application Thread] DEBUG PrimaryStageWindow   - Pop state: FXGLDefaultMenu
11:50:30.669 [JavaFX Application Thread] DEBUG Input                - Clearing active input actions
11:50:30.670 [JavaFX Application Thread] DEBUG GameApplicationServi - Removing overlay from FXGLDefaultMenu and adding to FXGLMainMenuDummyScene
11:50:30.673 [JavaFX Application Thread] DEBUG PrimaryStageWindow   - FXGLMainMenuDummyScene <- FXGLDefaultMenu
11:50:30.674 [JavaFX Application Thread] DEBUG Input                - Clearing active input actions
11:50:30.679 [JavaFX Application Thread] DEBUG GameApplicationServi - Removing overlay from FXGLMainMenuDummyScene and adding to FXGLLoadingScene
11:50:30.680 [JavaFX Application Thread] DEBUG PrimaryStageWindow   - FXGLMainMenuDummyScene -> FXGLLoadingScene
11:50:30.680 [JavaFX Application Thread] DEBUG GameApplicationServi - Clearing previous game
11:50:30.680 [JavaFX Application Thread] DEBUG GameScene            - Clearing game scene
11:50:30.680 [JavaFX Application Thread] DEBUG GameWorld            - Clearing game world
11:50:30.680 [JavaFX Application Thread] DEBUG PhysicsWorld         - Clearing physics world
11:50:30.682 [FXGL Background Thread 2 ] DEBUG FXGLApplication      - Initializing game
11:50:30.725 [FXGL Background Thread 2 ] WARN  TMXLevelLoader       - TiledMap generated from 1.10.2. Supported version: 1.2.3. Some features may not be parsed fully.
11:50:30.740 [FXGL Background Thread 2 ] DEBUG TMXLevelLoader       - Parsed TiledMap: file:/C:/Users/User/zeldaPuzzle/target/classes/assets/levels/MapDeMerde2.tmx
11:50:30.740 [FXGL Background Thread 2 ] DEBUG TMXLevelLoader       - Creating tile layer entities
11:50:30.742 [FXGL Background Thread 2 ] DEBUG TilesetLoader        - Loading view for layer Calque de Tuiles 1
11:50:30.774 [FXGL Background Thread 2 ] DEBUG TilesetLoader        - Created buffer with size 4800.0x4800.0
11:50:30.802 [FXGL Background Thread 2 ] DEBUG TMXLevelLoader       - Creating object layer entities
11:50:30.803 [FXGL Background Thread 2 ] DEBUG GameWorld            - Clearing removable entities
11:50:30.804 [FXGL Background Thread 2 ] DEBUG GameWorld            - Setting level: com.almasb.fxgl.entity.level.Level@4299cd52
11:50:30.824 [FXGL Background Thread 2 ] WARN  GameWorld            - Entity is already attached to world
11:50:30.831 [FXGL Background Thread 2 ] WARN  GameWorld            - Entity is already attached to world
11:50:30.835 [FXGL Background Thread 2 ] WARN  GameWorld            - Entity is already attached to world
11:50:30.838 [FXGL Background Thread 2 ] INFO  FXGLApplication      - Game initialization took: 0.156 sec
11:50:30.839 [JavaFX Application Thread] DEBUG Input                - Clearing active input actions
11:50:30.841 [JavaFX Application Thread] DEBUG GameApplicationServi - Removing overlay from FXGLLoadingScene and adding to GameScene
11:50:30.842 [JavaFX Application Thread] DEBUG PrimaryStageWindow   - FXGLLoadingScene -> GameScene
11:50:32.224 [FXGL Background Thread 3 ] DEBUG Engine               - Logging environment variables
11:50:32.224 [FXGL Background Thread 3 ] DEBUG Engine               - achievements: []
11:50:32.224 [FXGL Background Thread 3 ] DEBUG Engine               - actualHeight: 800.0
11:50:32.224 [FXGL Background Thread 3 ] DEBUG Engine               - actualHeightProperty: ReadOnlyDoubleProperty [value: 800.0]
11:50:32.224 [FXGL Background Thread 3 ] DEBUG Engine               - actualWidth: 800.0
11:50:32.224 [FXGL Background Thread 3 ] DEBUG Engine               - actualWidthProperty: ReadOnlyDoubleProperty [value: 800.0]
11:50:32.224 [FXGL Background Thread 3 ] DEBUG Engine               - appIcon: fxgl_icon.png
11:50:32.224 [FXGL Background Thread 3 ] DEBUG Engine               - applicationMode: DEVELOPER
11:50:32.224 [FXGL Background Thread 3 ] DEBUG Engine               - cSSList: [fxgl_dark.css]
11:50:32.224 [FXGL Background Thread 3 ] DEBUG Engine               - collisionDetectionStrategy: BRUTE_FORCE
11:50:32.224 [FXGL Background Thread 3 ] DEBUG Engine               - configClass: Optional.empty
11:50:32.224 [FXGL Background Thread 3 ] DEBUG Engine               - credits: []
11:50:32.224 [FXGL Background Thread 3 ] DEBUG Engine               - defaultCursor: CursorInfo(imageName=fxgl_default_cursor.png, hotspotX=7.0, hotspotY=6.0)
11:50:32.224 [FXGL Background Thread 3 ] DEBUG Engine               - devBBoxColorProperty: ObjectProperty [value: 0xff0000ff]
11:50:32.224 [FXGL Background Thread 3 ] DEBUG Engine               - devEnableDebugCameraProperty: BooleanProperty [value: false]
11:50:32.224 [FXGL Background Thread 3 ] DEBUG Engine               - devSensorColorProperty: ObjectProperty [value: 0xffff00ff]
11:50:32.224 [FXGL Background Thread 3 ] DEBUG Engine               - devShowBBoxProperty: BooleanProperty [value: false]
11:50:32.224 [FXGL Background Thread 3 ] DEBUG Engine               - devShowPositionProperty: BooleanProperty [value: false]
11:50:32.224 [FXGL Background Thread 3 ] DEBUG Engine               - enabledMenuItems: []
11:50:32.224 [FXGL Background Thread 3 ] DEBUG Engine               - engineServices: [class com.almasb.fxgl.app.services.FXGLAssetLoaderService, class com.almasb.fxgl.app.FXGLApplication$GameApplicationService, class com.almasb.fxgl.app.services.FXGLDialogService, class com.almasb.fxgl.app.services.IOTaskExecutorService, class com.almasb.fxgl.io.FileSystemService, class com.almasb.fxgl.localization.LocalizationService, class com.almasb.fxgl.app.services.SystemBundleService, class com.almasb.fxgl.profile.SaveLoadService, class com.almasb.fxgl.ui.FXGLUIFactoryServiceProvider, class com.almasb.fxgl.ui.FXGLDialogFactoryServiceProvider, class com.almasb.fxgl.audio.AudioPlayer, class com.almasb.fxgl.notification.impl.NotificationServiceProvider, class com.almasb.fxgl.achievement.AchievementService, class com.almasb.fxgl.cutscene.CutsceneService, class com.almasb.fxgl.minigames.MiniGameService, class com.almasb.fxgl.net.NetService, class com.almasb.fxgl.app.services.UpdaterService, class com.almasb.fxgl.dev.DevService]
11:50:32.224 [FXGL Background Thread 3 ] DEBUG Engine               - fontGame: Abel-Regular.ttf
11:50:32.224 [FXGL Background Thread 3 ] DEBUG Engine               - fontMono: TerminalLandMono-Regular.otf
11:50:32.224 [FXGL Background Thread 3 ] DEBUG Engine               - fontText: Courier-Prime.ttf
11:50:32.224 [FXGL Background Thread 3 ] DEBUG Engine               - fontUI: VarelaRound-Regular.ttf
11:50:32.224 [FXGL Background Thread 3 ] DEBUG Engine               - fullScreen: BooleanProperty [value: false]
11:50:32.224 [FXGL Background Thread 3 ] DEBUG Engine               - gameDifficulty: MEDIUM
11:50:32.224 [FXGL Background Thread 3 ] DEBUG Engine               - gameDifficultyProperty: ObjectProperty [value: MEDIUM]
11:50:32.224 [FXGL Background Thread 3 ] DEBUG Engine               - globalMusicVolume: 0.5
11:50:32.225 [FXGL Background Thread 3 ] DEBUG Engine               - globalMusicVolumeProperty: DoubleProperty [value: 0.5]
11:50:32.225 [FXGL Background Thread 3 ] DEBUG Engine               - globalSoundVolume: 0.5
11:50:32.225 [FXGL Background Thread 3 ] DEBUG Engine               - globalSoundVolumeProperty: DoubleProperty [value: 0.5]
11:50:32.225 [FXGL Background Thread 3 ] DEBUG Engine               - height: 800
11:50:32.225 [FXGL Background Thread 3 ] DEBUG Engine               - is3D: false
11:50:32.225 [FXGL Background Thread 3 ] DEBUG Engine               - isAndroid: false
11:50:32.225 [FXGL Background Thread 3 ] DEBUG Engine               - isBrowser: false
11:50:32.225 [FXGL Background Thread 3 ] DEBUG Engine               - isClickFeedbackEnabled: false
11:50:32.225 [FXGL Background Thread 3 ] DEBUG Engine               - isCloseConfirmation: false
11:50:32.225 [FXGL Background Thread 3 ] DEBUG Engine               - isDesktop: true
11:50:32.225 [FXGL Background Thread 3 ] DEBUG Engine               - isDeveloperMenuEnabled: true
11:50:32.225 [FXGL Background Thread 3 ] DEBUG Engine               - isEmbedded: false
11:50:32.225 [FXGL Background Thread 3 ] DEBUG Engine               - isEntityPreloadEnabled: true
11:50:32.225 [FXGL Background Thread 3 ] DEBUG Engine               - isExperimentalTiledLargeMap: false
11:50:32.225 [FXGL Background Thread 3 ] DEBUG Engine               - isFileSystemWriteAllowed: true
11:50:32.225 [FXGL Background Thread 3 ] DEBUG Engine               - isFullScreenAllowed: true
11:50:32.225 [FXGL Background Thread 3 ] DEBUG Engine               - isFullScreenFromStart: false
11:50:32.225 [FXGL Background Thread 3 ] DEBUG Engine               - isGameMenuEnabled: true
11:50:32.225 [FXGL Background Thread 3 ] DEBUG Engine               - isIOS: false
11:50:32.225 [FXGL Background Thread 3 ] DEBUG Engine               - isIntroEnabled: false
11:50:32.225 [FXGL Background Thread 3 ] DEBUG Engine               - isLinux: false
11:50:32.225 [FXGL Background Thread 3 ] DEBUG Engine               - isMac: false
11:50:32.225 [FXGL Background Thread 3 ] DEBUG Engine               - isMainMenuEnabled: true
11:50:32.225 [FXGL Background Thread 3 ] DEBUG Engine               - isManualResizeEnabled: false
11:50:32.225 [FXGL Background Thread 3 ] DEBUG Engine               - isMobile: false
11:50:32.225 [FXGL Background Thread 3 ] DEBUG Engine               - isNative: false
11:50:32.225 [FXGL Background Thread 3 ] DEBUG Engine               - isPauseMusicWhenMinimized: true
11:50:32.225 [FXGL Background Thread 3 ] DEBUG Engine               - isPreserveResizeRatio: false
11:50:32.225 [FXGL Background Thread 3 ] DEBUG Engine               - isProfilingEnabled: false
11:50:32.225 [FXGL Background Thread 3 ] DEBUG Engine               - isScaleAffectedOnResize: true
11:50:32.225 [FXGL Background Thread 3 ] DEBUG Engine               - isSingleStep: false
11:50:32.225 [FXGL Background Thread 3 ] DEBUG Engine               - isUserProfileEnabled: false
11:50:32.225 [FXGL Background Thread 3 ] DEBUG Engine               - isWindows: true
11:50:32.225 [FXGL Background Thread 3 ] DEBUG Engine               - language: ObjectProperty [value: ENGLISH]
11:50:32.225 [FXGL Background Thread 3 ] DEBUG Engine               - menuKey: ESCAPE
11:50:32.225 [FXGL Background Thread 3 ] DEBUG Engine               - mouseSensitivity: 0.2
11:50:32.225 [FXGL Background Thread 3 ] DEBUG Engine               - notificationViewClass: class com.almasb.fxgl.notification.view.XboxNotificationView
11:50:32.225 [FXGL Background Thread 3 ] DEBUG Engine               - pixelsPerMeter: 50.0
11:50:32.225 [FXGL Background Thread 3 ] DEBUG Engine               - platform: WINDOWS
11:50:32.225 [FXGL Background Thread 3 ] DEBUG Engine               - prefHeightProperty: ReadOnlyDoubleProperty [value: 800.0]
11:50:32.225 [FXGL Background Thread 3 ] DEBUG Engine               - prefWidthProperty: ReadOnlyDoubleProperty [value: 800.0]
11:50:32.227 [FXGL Background Thread 3 ] DEBUG Engine               - profileDir: profiles/
11:50:32.227 [FXGL Background Thread 3 ] DEBUG Engine               - profileName: StringProperty [value: DEFAULT]
11:50:32.227 [FXGL Background Thread 3 ] DEBUG Engine               - randomSeed: -1
11:50:32.227 [FXGL Background Thread 3 ] DEBUG Engine               - runtimeInfo: RuntimeInfo(platform=WINDOWS, version=17, build=31.12.2021 18.16)
11:50:32.227 [FXGL Background Thread 3 ] DEBUG Engine               - saveFileExt: sav
11:50:32.227 [FXGL Background Thread 3 ] DEBUG Engine               - scaledHeightProp$fxgl: DoubleProperty [bound, value: 800.0]
11:50:32.227 [FXGL Background Thread 3 ] DEBUG Engine               - scaledWidthProp$fxgl: DoubleProperty [bound, value: 800.0]
11:50:32.228 [FXGL Background Thread 3 ] DEBUG Engine               - sceneFactory: com.almasb.fxgl.app.scene.SceneFactory@49ad1007
11:50:32.228 [FXGL Background Thread 3 ] DEBUG Engine               - secondsIn24h: 60
11:50:32.228 [FXGL Background Thread 3 ] DEBUG Engine               - soundMenuBack: menu/back.wav
11:50:32.228 [FXGL Background Thread 3 ] DEBUG Engine               - soundMenuPress: menu/press.wav
11:50:32.228 [FXGL Background Thread 3 ] DEBUG Engine               - soundMenuSelect: menu/select.wav
11:50:32.228 [FXGL Background Thread 3 ] DEBUG Engine               - soundNotification: core/notification.wav
11:50:32.228 [FXGL Background Thread 3 ] DEBUG Engine               - stageStyle: DECORATED
11:50:32.228 [FXGL Background Thread 3 ] DEBUG Engine               - supportedLanguages: [ENGLISH, FRENCH, GERMAN, HUNGARIAN, RUSSIAN]
11:50:32.228 [FXGL Background Thread 3 ] DEBUG Engine               - ticksPerSecond: -1
11:50:32.228 [FXGL Background Thread 3 ] DEBUG Engine               - title: Zelda 2D Game par ماستن
11:50:32.228 [FXGL Background Thread 3 ] DEBUG Engine               - urlGithub: https://github.com/AlmasB/FXGL
11:50:32.228 [FXGL Background Thread 3 ] DEBUG Engine               - urlLeaderboard: http://fxgl-top.herokuapp.com/
11:50:32.228 [FXGL Background Thread 3 ] DEBUG Engine               - urlPOM: https://raw.githubusercontent.com/AlmasB/FXGL/release/README.md
11:50:32.228 [FXGL Background Thread 3 ] DEBUG Engine               - userAppClass: class com.example.zeldapuzzle.MainGameApp
11:50:32.228 [FXGL Background Thread 3 ] DEBUG Engine               - version: 1
11:50:32.228 [FXGL Background Thread 3 ] DEBUG Engine               - versionCheckDays: 7
11:50:32.229 [FXGL Background Thread 3 ] DEBUG Engine               - width: 800
11:50:32.229 [FXGL Background Thread 3 ] DEBUG Engine               - Logging services
11:50:32.229 [FXGL Background Thread 3 ] DEBUG Engine               - class com.almasb.fxgl.app.services.FXGLAssetLoaderService
11:50:32.229 [FXGL Background Thread 3 ] DEBUG Engine               - class com.almasb.fxgl.app.FXGLApplication$GameApplicationService
11:50:32.229 [FXGL Background Thread 3 ] DEBUG Engine               - class com.almasb.fxgl.app.services.FXGLDialogService
11:50:32.229 [FXGL Background Thread 3 ] DEBUG Engine               - class com.almasb.fxgl.app.services.IOTaskExecutorService
11:50:32.229 [FXGL Background Thread 3 ] DEBUG Engine               - class com.almasb.fxgl.io.FileSystemService
11:50:32.229 [FXGL Background Thread 3 ] DEBUG Engine               - class com.almasb.fxgl.localization.LocalizationService
11:50:32.229 [FXGL Background Thread 3 ] DEBUG Engine               - class com.almasb.fxgl.app.services.SystemBundleService
11:50:32.230 [FXGL Background Thread 3 ] DEBUG Engine               - class com.almasb.fxgl.profile.SaveLoadService
11:50:32.230 [FXGL Background Thread 3 ] DEBUG Engine               - class com.almasb.fxgl.ui.FXGLUIFactoryServiceProvider
11:50:32.230 [FXGL Background Thread 3 ] DEBUG Engine               - class com.almasb.fxgl.ui.FXGLDialogFactoryServiceProvider
11:50:32.230 [FXGL Background Thread 3 ] DEBUG Engine               - class com.almasb.fxgl.audio.AudioPlayer
11:50:32.230 [FXGL Background Thread 3 ] DEBUG Engine               - class com.almasb.fxgl.notification.impl.NotificationServiceProvider
11:50:32.230 [FXGL Background Thread 3 ] DEBUG Engine               - class com.almasb.fxgl.achievement.AchievementService
11:50:32.230 [FXGL Background Thread 3 ] DEBUG Engine               - class com.almasb.fxgl.cutscene.CutsceneService
11:50:32.230 [FXGL Background Thread 3 ] DEBUG Engine               - class com.almasb.fxgl.minigames.MiniGameService
11:50:32.230 [FXGL Background Thread 3 ] DEBUG Engine               - class com.almasb.fxgl.net.NetService
11:50:32.230 [FXGL Background Thread 3 ] DEBUG Engine               - class com.almasb.fxgl.app.services.UpdaterService
11:50:32.230 [FXGL Background Thread 3 ] DEBUG Engine               - class com.almasb.fxgl.dev.DevService
11:50:37.704 [JavaFX Application Thread] DEBUG FXGLApplication      - Exiting FXGL
11:50:37.704 [JavaFX Application Thread] DEBUG LoopRunner           - Stopping loop
11:50:37.704 [JavaFX Application Thread] DEBUG SystemBundleService  - Saving FXGL system data
11:50:37.706 [JavaFX Application Thread] DEBUG FileSystemAccess     - Writing to: C:\Users\User\zeldaPuzzle\system\fxgl.bundle
11:50:37.707 [JavaFX Application Thread] DEBUG Async                - Shutting down background threads
11:50:37.707 [JavaFX Application Thread] DEBUG PrimaryStageWindow   - Closing main window
11:50:37.714 [JavaFX Application Thread] DEBUG Logger               - Closing Logger
