20:40:09.382 [main                     ] DEBUG Logger               - Configured Logger
20:40:09.402 [main                     ] DEBUG GameApplication      - Logging settings
Title: Zelda 2D Game
Version: 1
Width: 800
Height: 800
Fullscreen: true
Intro: false
Profiling: false
Single step:false
App Mode: DEVELOPER
Menu Key: ESCAPE
Stage Style: DECORATED
Scene Factory: class com.almasb.fxgl.app.scene.SceneFactory

20:40:09.617 [JavaFX Application Thread] DEBUG FXGLApplication      - Initializing FXGL
20:40:09.622 [JavaFX Application Thread] INFO  Engine               - FXGL-17 (31.12.2021 18.16) on MAC (J:19.0.1 FX:19)
20:40:09.622 [JavaFX Application Thread] DEBUG Engine               - JRE Vendor Name: Oracle Corporation
20:40:09.622 [JavaFX Application Thread] DEBUG Engine               - Running on OS: Mac OS X version 12.5
20:40:09.623 [JavaFX Application Thread] DEBUG Engine               - Architecture: aarch64
20:40:09.623 [JavaFX Application Thread] INFO  Engine               - Source code and latest versions at: https://github.com/AlmasB/FXGL
20:40:09.623 [JavaFX Application Thread] INFO  Engine               -       Ask questions and discuss at: https://github.com/AlmasB/FXGL/discussions
20:40:09.623 [JavaFX Application Thread] INFO  Engine               -              Join the FXGL chat at: https://gitter.im/AlmasB/FXGL
20:40:09.691 [JavaFX Application Thread] DEBUG PrimaryStageWindow   - Creating a JavaFX scene
20:40:09.731 [JavaFX Application Thread] DEBUG PrimaryStageWindow   - Target settings size: 800.0 x 800.0
20:40:09.731 [JavaFX Application Thread] DEBUG PrimaryStageWindow   - Scaled scene size:    800.0 x 800.0
20:40:09.731 [JavaFX Application Thread] DEBUG PrimaryStageWindow   - Scaled ratio: (1.0, 1.0)
20:40:09.732 [JavaFX Application Thread] DEBUG PrimaryStageWindow   - Set initial scene to FXGLStartupScene
20:40:09.736 [JavaFX Application Thread] DEBUG PrimaryStageWindow   - Opening main window
20:40:09.845 [JavaFX Application Thread] DEBUG PrimaryStageWindow   - Window border size: (0.0, 28.0)
20:40:09.845 [JavaFX Application Thread] DEBUG PrimaryStageWindow   - Scaled size: 800.0 x 800.0
20:40:09.846 [JavaFX Application Thread] DEBUG PrimaryStageWindow   - Scaled ratio: (1.0, 1.0)
20:40:09.846 [JavaFX Application Thread] DEBUG PrimaryStageWindow   - Scene size: 800.0 x 800.0
20:40:09.846 [JavaFX Application Thread] DEBUG PrimaryStageWindow   - Stage size: 800.0 x 828.0
20:40:09.851 [FXGL Background Thread 1 ] DEBUG Engine               - Initializing environment variables
20:40:09.906 [FXGL Background Thread 1 ] DEBUG FXGLAssetLoaderServi - User app class for loading assets: class com.example.zeldapuzzle.MainGameApp
20:40:09.907 [FXGL Background Thread 1 ] DEBUG GameApplicationServi - Applying CSS: fxgl_dark.css
20:40:09.908 [FXGL Background Thread 1 ] DEBUG FXGLAssetLoaderServi - Loading from file system: jar:file:///Users/CHLaroche05/.m2/repository/com/github/almasb/fxgl/17/fxgl-17.jar!/fxglassets/ui/css/fxgl_dark.css
20:40:09.948 [FXGL Background Thread 1 ] DEBUG GameApplicationServi - Initializing application scenes
20:40:10.099 [FXGL Background Thread 1 ] DEBUG GameWorld            - Game world initialized
20:40:10.143 [FXGL Background Thread 1 ] DEBUG PhysicsWorld         - Physics world initialized: appHeight=800, physics.ppm=50.0
20:40:10.144 [FXGL Background Thread 1 ] DEBUG PhysicsWorld         - Using strategy: BRUTE_FORCE
20:40:10.146 [FXGL Background Thread 1 ] DEBUG GameScene            - Game scene initialized: 800x800
20:40:10.154 [FXGL Background Thread 1 ] DEBUG FXGL.DefaultMenu     - createMenuBodyMainMenu()
20:40:10.168 [FXGL Background Thread 1 ] DEBUG FXGL.DefaultMenu     - createOptionsMenu()
20:40:10.183 [FXGL Background Thread 1 ] DEBUG FXGLAssetLoaderServi - Loading from file system: jar:file:///Users/CHLaroche05/.m2/repository/com/github/almasb/fxgl/17/fxgl-17.jar!/fxglassets/textures/particles/smoke.png
20:40:10.378 [FXGL Background Thread 1 ] DEBUG FXGLAssetLoaderServi - Loading from file system: jar:file:///Users/CHLaroche05/.m2/repository/com/github/almasb/fxgl/17/fxgl-17.jar!/fxglassets/textures/particles/trace_horizontal.png
20:40:10.447 [FXGL Background Thread 1 ] DEBUG FXGL.DefaultMenu     - createMenuBodyGameMenu()
20:40:10.449 [FXGL Background Thread 1 ] DEBUG FXGL.DefaultMenu     - createOptionsMenu()
20:40:10.506 [FXGL Background Thread 1 ] DEBUG GameApplicationServi - Application scenes initialized
20:40:10.524 [FXGL Background Thread 1 ] DEBUG SystemBundleService  - Loading FXGL system data
20:40:10.529 [FXGL Background Thread 1 ] DEBUG FileSystemAccess     - Reading from: /Users/CHLaroche05/zelda/zeldaPuzzle/system/fxgl.bundle
20:40:10.544 [FXGL Background Thread 1 ] DEBUG SystemBundleService  - Bundle FXGL: {}
20:40:10.545 [FXGL Background Thread 1 ] DEBUG UpdaterService       - Checking for updates
20:40:10.634 [FXGL Background Thread 4 ] DEBUG FXGLApplication      - Loading fonts
20:40:10.635 [FXGL Background Thread 4 ] DEBUG FXGLAssetLoaderServi - Loading from file system: jar:file:///Users/CHLaroche05/.m2/repository/com/github/almasb/fxgl/17/fxgl-17.jar!/fxglassets/ui/fonts/VarelaRound-Regular.ttf
20:40:10.635 [FXGL Background Thread 1 ] DEBUG FXGLApplication      - Loading default localization
20:40:10.636 [FXGL Background Thread 1 ] DEBUG FXGLAssetLoaderServi - Loading from file system: jar:file:///Users/CHLaroche05/.m2/repository/com/github/almasb/fxgl/17/fxgl-17.jar!/fxglassets/languages/english.lang
20:40:10.645 [FXGL Background Thread 4 ] DEBUG FXGLAssetLoaderServi - Loading from file system: jar:file:///Users/CHLaroche05/.m2/repository/com/github/almasb/fxgl/17/fxgl-17.jar!/fxglassets/ui/fonts/Abel-Regular.ttf
20:40:10.649 [FXGL Background Thread 4 ] DEBUG FXGLAssetLoaderServi - Loading from file system: jar:file:///Users/CHLaroche05/.m2/repository/com/github/almasb/fxgl/17/fxgl-17.jar!/fxglassets/ui/fonts/TerminalLandMono-Regular.otf
20:40:10.654 [FXGL Background Thread 4 ] DEBUG FXGLAssetLoaderServi - Loading from file system: jar:file:///Users/CHLaroche05/.m2/repository/com/github/almasb/fxgl/17/fxgl-17.jar!/fxglassets/ui/fonts/Courier-Prime.ttf
20:40:10.661 [JavaFX Application Thread] DEBUG FXGLApplication      - Registering font factories with UI factory
20:40:10.671 [FXGL Background Thread 1 ] INFO  FXGLApplication      - FXGL initialization took: 0.820 sec
20:40:10.692 [JavaFX Application Thread] DEBUG Input                - Registered new binding: inventaire - Tab
20:40:10.693 [JavaFX Application Thread] DEBUG Input                - Registered new binding: getPosition - P
20:40:10.693 [JavaFX Application Thread] DEBUG Input                - Registered new binding: zoom+ - Up
20:40:10.693 [JavaFX Application Thread] DEBUG Input                - Registered new binding: zoom- - Down
20:40:10.693 [JavaFX Application Thread] DEBUG Input                - Registered new binding: resetZoom - 0
20:40:10.693 [JavaFX Application Thread] DEBUG Input                - Registered new binding: Move right - D
20:40:10.693 [JavaFX Application Thread] DEBUG Input                - Registered new binding: Move left - A
20:40:10.694 [JavaFX Application Thread] DEBUG Input                - Registered new binding: Move Up - W
20:40:10.694 [JavaFX Application Thread] DEBUG Input                - Registered new binding: Move Down - S
20:40:10.694 [JavaFX Application Thread] DEBUG FXGLAssetLoaderServi - Loading from file system: jar:file:///Users/CHLaroche05/.m2/repository/com/github/almasb/fxgl/17/fxgl-17.jar!/fxglassets/textures/fxgl_icon.png
20:40:10.730 [JavaFX Application Thread] DEBUG FXGLAssetLoaderServi - Loading from file system: jar:file:///Users/CHLaroche05/.m2/repository/com/github/almasb/fxgl/17/fxgl-17.jar!/fxglassets/textures/fxgl_default_cursor.png
20:40:10.731 [JavaFX Application Thread] DEBUG Input                - Registered new binding: Screenshot - CTRL+8
20:40:10.732 [JavaFX Application Thread] DEBUG Input                - Registered new binding: Dev Options - 1
20:40:10.732 [JavaFX Application Thread] DEBUG Input                - Registered new binding: Dev Console - 2
20:40:10.733 [JavaFX Application Thread] DEBUG Input                - Registered new binding: System info dump - CTRL+9
20:40:10.733 [JavaFX Application Thread] DEBUG Input                - Registered new binding: Restart - CTRL+R
20:40:10.733 [JavaFX Application Thread] DEBUG Input                - Registered new binding: Toggle Debug Camera - CTRL+7
20:40:10.736 [JavaFX Application Thread] DEBUG LoopRunner           - Starting loop
20:40:10.749 [JavaFX Application Thread] DEBUG LoopRunner           - Initializing JavaFX AnimationTimerLoop
20:40:10.751 [JavaFX Application Thread] DEBUG Input                - Clearing active input actions
20:40:10.761 [JavaFX Application Thread] DEBUG GameApplicationServi - Removing overlay from FXGLStartupScene and adding to FXGLMainMenuDummyScene
20:40:10.767 [JavaFX Application Thread] DEBUG PrimaryStageWindow   - FXGLStartupScene -> FXGLMainMenuDummyScene
20:40:10.784 [JavaFX Application Thread] DEBUG PrimaryStageWindow   - Push state: FXGLDefaultMenu
20:40:10.786 [JavaFX Application Thread] DEBUG Input                - Clearing active input actions
20:40:10.793 [JavaFX Application Thread] DEBUG GameApplicationServi - Removing overlay from FXGLMainMenuDummyScene and adding to FXGLDefaultMenu
20:40:10.794 [JavaFX Application Thread] DEBUG PrimaryStageWindow   - FXGLMainMenuDummyScene -> FXGLDefaultMenu
20:40:11.162 [FXGL Background Thread 2 ] INFO  UpdaterService       - Your current version:  17
20:40:11.162 [FXGL Background Thread 2 ] INFO  UpdaterService       - Latest stable version: 21.1
20:40:13.633 [FXGL Background Thread 3 ] DEBUG Engine               - Logging environment variables
20:40:13.634 [FXGL Background Thread 3 ] DEBUG Engine               - achievements: []
20:40:13.634 [FXGL Background Thread 3 ] DEBUG Engine               - actualHeight: 800.0
20:40:13.634 [FXGL Background Thread 3 ] DEBUG Engine               - actualHeightProperty: ReadOnlyDoubleProperty [value: 800.0]
20:40:13.634 [FXGL Background Thread 3 ] DEBUG Engine               - actualWidth: 800.0
20:40:13.634 [FXGL Background Thread 3 ] DEBUG Engine               - actualWidthProperty: ReadOnlyDoubleProperty [value: 800.0]
20:40:13.634 [FXGL Background Thread 3 ] DEBUG Engine               - appIcon: fxgl_icon.png
20:40:13.635 [FXGL Background Thread 3 ] DEBUG Engine               - applicationMode: DEVELOPER
20:40:13.635 [FXGL Background Thread 3 ] DEBUG Engine               - cSSList: [fxgl_dark.css]
20:40:13.635 [FXGL Background Thread 3 ] DEBUG Engine               - collisionDetectionStrategy: BRUTE_FORCE
20:40:13.635 [FXGL Background Thread 3 ] DEBUG Engine               - configClass: Optional.empty
20:40:13.635 [FXGL Background Thread 3 ] DEBUG Engine               - credits: []
20:40:13.635 [FXGL Background Thread 3 ] DEBUG Engine               - defaultCursor: CursorInfo(imageName=fxgl_default_cursor.png, hotspotX=7.0, hotspotY=6.0)
20:40:13.635 [FXGL Background Thread 3 ] DEBUG Engine               - devBBoxColorProperty: ObjectProperty [value: 0xff0000ff]
20:40:13.635 [FXGL Background Thread 3 ] DEBUG Engine               - devEnableDebugCameraProperty: BooleanProperty [value: false]
20:40:13.635 [FXGL Background Thread 3 ] DEBUG Engine               - devSensorColorProperty: ObjectProperty [value: 0xffff00ff]
20:40:13.635 [FXGL Background Thread 3 ] DEBUG Engine               - devShowBBoxProperty: BooleanProperty [value: false]
20:40:13.635 [FXGL Background Thread 3 ] DEBUG Engine               - devShowPositionProperty: BooleanProperty [value: false]
20:40:13.636 [FXGL Background Thread 3 ] DEBUG Engine               - enabledMenuItems: []
20:40:13.636 [FXGL Background Thread 3 ] DEBUG Engine               - engineServices: [class com.almasb.fxgl.app.services.FXGLAssetLoaderService, class com.almasb.fxgl.app.FXGLApplication$GameApplicationService, class com.almasb.fxgl.app.services.FXGLDialogService, class com.almasb.fxgl.app.services.IOTaskExecutorService, class com.almasb.fxgl.io.FileSystemService, class com.almasb.fxgl.localization.LocalizationService, class com.almasb.fxgl.app.services.SystemBundleService, class com.almasb.fxgl.profile.SaveLoadService, class com.almasb.fxgl.ui.FXGLUIFactoryServiceProvider, class com.almasb.fxgl.ui.FXGLDialogFactoryServiceProvider, class com.almasb.fxgl.audio.AudioPlayer, class com.almasb.fxgl.notification.impl.NotificationServiceProvider, class com.almasb.fxgl.achievement.AchievementService, class com.almasb.fxgl.cutscene.CutsceneService, class com.almasb.fxgl.minigames.MiniGameService, class com.almasb.fxgl.net.NetService, class com.almasb.fxgl.app.services.UpdaterService, class com.almasb.fxgl.dev.DevService]
20:40:13.636 [FXGL Background Thread 3 ] DEBUG Engine               - fontGame: Abel-Regular.ttf
20:40:13.636 [FXGL Background Thread 3 ] DEBUG Engine               - fontMono: TerminalLandMono-Regular.otf
20:40:13.636 [FXGL Background Thread 3 ] DEBUG Engine               - fontText: Courier-Prime.ttf
20:40:13.636 [FXGL Background Thread 3 ] DEBUG Engine               - fontUI: VarelaRound-Regular.ttf
20:40:13.636 [FXGL Background Thread 3 ] DEBUG Engine               - fullScreen: BooleanProperty [value: false]
20:40:13.636 [FXGL Background Thread 3 ] DEBUG Engine               - gameDifficulty: MEDIUM
20:40:13.636 [FXGL Background Thread 3 ] DEBUG Engine               - gameDifficultyProperty: ObjectProperty [value: MEDIUM]
20:40:13.636 [FXGL Background Thread 3 ] DEBUG Engine               - globalMusicVolume: 0.5
20:40:13.636 [FXGL Background Thread 3 ] DEBUG Engine               - globalMusicVolumeProperty: DoubleProperty [value: 0.5]
20:40:13.636 [FXGL Background Thread 3 ] DEBUG Engine               - globalSoundVolume: 0.5
20:40:13.636 [FXGL Background Thread 3 ] DEBUG Engine               - globalSoundVolumeProperty: DoubleProperty [value: 0.5]
20:40:13.636 [FXGL Background Thread 3 ] DEBUG Engine               - height: 800
20:40:13.636 [FXGL Background Thread 3 ] DEBUG Engine               - is3D: false
20:40:13.637 [FXGL Background Thread 3 ] DEBUG Engine               - isAndroid: false
20:40:13.637 [FXGL Background Thread 3 ] DEBUG Engine               - isBrowser: false
20:40:13.637 [FXGL Background Thread 3 ] DEBUG Engine               - isClickFeedbackEnabled: false
20:40:13.637 [FXGL Background Thread 3 ] DEBUG Engine               - isCloseConfirmation: false
20:40:13.637 [FXGL Background Thread 3 ] DEBUG Engine               - isDesktop: true
20:40:13.637 [FXGL Background Thread 3 ] DEBUG Engine               - isDeveloperMenuEnabled: true
20:40:13.637 [FXGL Background Thread 3 ] DEBUG Engine               - isEmbedded: false
20:40:13.637 [FXGL Background Thread 3 ] DEBUG Engine               - isEntityPreloadEnabled: true
20:40:13.637 [FXGL Background Thread 3 ] DEBUG Engine               - isExperimentalTiledLargeMap: false
20:40:13.637 [FXGL Background Thread 3 ] DEBUG Engine               - isFileSystemWriteAllowed: true
20:40:13.637 [FXGL Background Thread 3 ] DEBUG Engine               - isFullScreenAllowed: true
20:40:13.637 [FXGL Background Thread 3 ] DEBUG Engine               - isFullScreenFromStart: false
20:40:13.637 [FXGL Background Thread 3 ] DEBUG Engine               - isGameMenuEnabled: true
20:40:13.638 [FXGL Background Thread 3 ] DEBUG Engine               - isIOS: false
20:40:13.638 [FXGL Background Thread 3 ] DEBUG Engine               - isIntroEnabled: false
20:40:13.638 [FXGL Background Thread 3 ] DEBUG Engine               - isLinux: false
20:40:13.638 [FXGL Background Thread 3 ] DEBUG Engine               - isMac: true
20:40:13.638 [FXGL Background Thread 3 ] DEBUG Engine               - isMainMenuEnabled: true
20:40:13.638 [FXGL Background Thread 3 ] DEBUG Engine               - isManualResizeEnabled: false
20:40:13.638 [FXGL Background Thread 3 ] DEBUG Engine               - isMobile: false
20:40:13.638 [FXGL Background Thread 3 ] DEBUG Engine               - isNative: false
20:40:13.638 [FXGL Background Thread 3 ] DEBUG Engine               - isPauseMusicWhenMinimized: true
20:40:13.638 [FXGL Background Thread 3 ] DEBUG Engine               - isPreserveResizeRatio: false
20:40:13.638 [FXGL Background Thread 3 ] DEBUG Engine               - isProfilingEnabled: false
20:40:13.638 [FXGL Background Thread 3 ] DEBUG Engine               - isScaleAffectedOnResize: true
20:40:13.638 [FXGL Background Thread 3 ] DEBUG Engine               - isSingleStep: false
20:40:13.638 [FXGL Background Thread 3 ] DEBUG Engine               - isUserProfileEnabled: false
20:40:13.638 [FXGL Background Thread 3 ] DEBUG Engine               - isWindows: false
20:40:13.638 [FXGL Background Thread 3 ] DEBUG Engine               - language: ObjectProperty [value: ENGLISH]
20:40:13.639 [FXGL Background Thread 3 ] DEBUG Engine               - menuKey: ESCAPE
20:40:13.639 [FXGL Background Thread 3 ] DEBUG Engine               - mouseSensitivity: 0.2
20:40:13.639 [FXGL Background Thread 3 ] DEBUG Engine               - notificationViewClass: class com.almasb.fxgl.notification.view.XboxNotificationView
20:40:13.639 [FXGL Background Thread 3 ] DEBUG Engine               - pixelsPerMeter: 50.0
20:40:13.639 [FXGL Background Thread 3 ] DEBUG Engine               - platform: MAC
20:40:13.639 [FXGL Background Thread 3 ] DEBUG Engine               - prefHeightProperty: ReadOnlyDoubleProperty [value: 800.0]
20:40:13.639 [FXGL Background Thread 3 ] DEBUG Engine               - prefWidthProperty: ReadOnlyDoubleProperty [value: 800.0]
20:40:13.639 [FXGL Background Thread 3 ] DEBUG Engine               - profileDir: profiles/
20:40:13.639 [FXGL Background Thread 3 ] DEBUG Engine               - profileName: StringProperty [value: DEFAULT]
20:40:13.639 [FXGL Background Thread 3 ] DEBUG Engine               - randomSeed: -1
20:40:13.640 [FXGL Background Thread 3 ] DEBUG Engine               - runtimeInfo: RuntimeInfo(platform=MAC, version=17, build=31.12.2021 18.16)
20:40:13.640 [FXGL Background Thread 3 ] DEBUG Engine               - saveFileExt: sav
20:40:13.640 [FXGL Background Thread 3 ] DEBUG Engine               - scaledHeightProp$fxgl: DoubleProperty [bound, value: 800.0]
20:40:13.640 [FXGL Background Thread 3 ] DEBUG Engine               - scaledWidthProp$fxgl: DoubleProperty [bound, value: 800.0]
20:40:13.640 [FXGL Background Thread 3 ] DEBUG Engine               - sceneFactory: com.almasb.fxgl.app.scene.SceneFactory@3f85657f
20:40:13.640 [FXGL Background Thread 3 ] DEBUG Engine               - secondsIn24h: 60
20:40:13.640 [FXGL Background Thread 3 ] DEBUG Engine               - soundMenuBack: menu/back.wav
20:40:13.640 [FXGL Background Thread 3 ] DEBUG Engine               - soundMenuPress: menu/press.wav
20:40:13.640 [FXGL Background Thread 3 ] DEBUG Engine               - soundMenuSelect: menu/select.wav
20:40:13.640 [FXGL Background Thread 3 ] DEBUG Engine               - soundNotification: core/notification.wav
20:40:13.640 [FXGL Background Thread 3 ] DEBUG Engine               - stageStyle: DECORATED
20:40:13.640 [FXGL Background Thread 3 ] DEBUG Engine               - supportedLanguages: [ENGLISH, FRENCH, GERMAN, HUNGARIAN, RUSSIAN]
20:40:13.640 [FXGL Background Thread 3 ] DEBUG Engine               - ticksPerSecond: -1
20:40:13.640 [FXGL Background Thread 3 ] DEBUG Engine               - title: Zelda 2D Game
20:40:13.640 [FXGL Background Thread 3 ] DEBUG Engine               - urlGithub: https://github.com/AlmasB/FXGL
20:40:13.640 [FXGL Background Thread 3 ] DEBUG Engine               - urlLeaderboard: http://fxgl-top.herokuapp.com/
20:40:13.640 [FXGL Background Thread 3 ] DEBUG Engine               - urlPOM: https://raw.githubusercontent.com/AlmasB/FXGL/release/README.md
20:40:13.640 [FXGL Background Thread 3 ] DEBUG Engine               - userAppClass: class com.example.zeldapuzzle.MainGameApp
20:40:13.640 [FXGL Background Thread 3 ] DEBUG Engine               - version: 1
20:40:13.641 [FXGL Background Thread 3 ] DEBUG Engine               - versionCheckDays: 7
20:40:13.641 [FXGL Background Thread 3 ] DEBUG Engine               - width: 800
20:40:13.641 [FXGL Background Thread 3 ] DEBUG Engine               - Logging services
20:40:13.641 [FXGL Background Thread 3 ] DEBUG Engine               - class com.almasb.fxgl.app.services.FXGLAssetLoaderService
20:40:13.641 [FXGL Background Thread 3 ] DEBUG Engine               - class com.almasb.fxgl.app.FXGLApplication$GameApplicationService
20:40:13.641 [FXGL Background Thread 3 ] DEBUG Engine               - class com.almasb.fxgl.app.services.FXGLDialogService
20:40:13.641 [FXGL Background Thread 3 ] DEBUG Engine               - class com.almasb.fxgl.app.services.IOTaskExecutorService
20:40:13.641 [FXGL Background Thread 3 ] DEBUG Engine               - class com.almasb.fxgl.io.FileSystemService
20:40:13.641 [FXGL Background Thread 3 ] DEBUG Engine               - class com.almasb.fxgl.localization.LocalizationService
20:40:13.641 [FXGL Background Thread 3 ] DEBUG Engine               - class com.almasb.fxgl.app.services.SystemBundleService
20:40:13.641 [FXGL Background Thread 3 ] DEBUG Engine               - class com.almasb.fxgl.profile.SaveLoadService
20:40:13.641 [FXGL Background Thread 3 ] DEBUG Engine               - class com.almasb.fxgl.ui.FXGLUIFactoryServiceProvider
20:40:13.641 [FXGL Background Thread 3 ] DEBUG Engine               - class com.almasb.fxgl.ui.FXGLDialogFactoryServiceProvider
20:40:13.641 [FXGL Background Thread 3 ] DEBUG Engine               - class com.almasb.fxgl.audio.AudioPlayer
20:40:13.641 [FXGL Background Thread 3 ] DEBUG Engine               - class com.almasb.fxgl.notification.impl.NotificationServiceProvider
20:40:13.641 [FXGL Background Thread 3 ] DEBUG Engine               - class com.almasb.fxgl.achievement.AchievementService
20:40:13.641 [FXGL Background Thread 3 ] DEBUG Engine               - class com.almasb.fxgl.cutscene.CutsceneService
20:40:13.641 [FXGL Background Thread 3 ] DEBUG Engine               - class com.almasb.fxgl.minigames.MiniGameService
20:40:13.641 [FXGL Background Thread 3 ] DEBUG Engine               - class com.almasb.fxgl.net.NetService
20:40:13.641 [FXGL Background Thread 3 ] DEBUG Engine               - class com.almasb.fxgl.app.services.UpdaterService
20:40:13.641 [FXGL Background Thread 3 ] DEBUG Engine               - class com.almasb.fxgl.dev.DevService
20:40:17.604 [JavaFX Application Thread] DEBUG Menu                 - fireNewGame()
20:40:17.605 [JavaFX Application Thread] DEBUG GameApplicationServi - Starting new game
20:40:17.606 [JavaFX Application Thread] DEBUG PrimaryStageWindow   - Pop state: FXGLDefaultMenu
20:40:17.606 [JavaFX Application Thread] DEBUG Input                - Clearing active input actions
20:40:17.607 [JavaFX Application Thread] DEBUG GameApplicationServi - Removing overlay from FXGLDefaultMenu and adding to FXGLMainMenuDummyScene
20:40:17.608 [JavaFX Application Thread] DEBUG PrimaryStageWindow   - FXGLMainMenuDummyScene <- FXGLDefaultMenu
20:40:17.608 [JavaFX Application Thread] DEBUG Input                - Clearing active input actions
20:40:17.613 [JavaFX Application Thread] DEBUG GameApplicationServi - Removing overlay from FXGLMainMenuDummyScene and adding to FXGLLoadingScene
20:40:17.613 [JavaFX Application Thread] DEBUG PrimaryStageWindow   - FXGLMainMenuDummyScene -> FXGLLoadingScene
20:40:17.613 [JavaFX Application Thread] DEBUG GameApplicationServi - Clearing previous game
20:40:17.613 [JavaFX Application Thread] DEBUG GameScene            - Clearing game scene
20:40:17.613 [JavaFX Application Thread] DEBUG GameWorld            - Clearing game world
20:40:17.613 [JavaFX Application Thread] DEBUG PhysicsWorld         - Clearing physics world
20:40:17.614 [FXGL Background Thread 2 ] DEBUG FXGLApplication      - Initializing game
20:40:17.648 [FXGL Background Thread 2 ] WARN  TMXLevelLoader       - TiledMap generated from 1.10.2. Supported version: 1.2.3. Some features may not be parsed fully.
20:40:17.696 [FXGL Background Thread 2 ] DEBUG TMXLevelLoader       - Parsed TiledMap: file:/Users/CHLaroche05/zelda/zeldaPuzzle/target/classes/assets/levels/MapDeMerde2.tmx
20:40:17.697 [FXGL Background Thread 2 ] DEBUG TMXLevelLoader       - Creating tile layer entities
20:40:17.697 [FXGL Background Thread 2 ] DEBUG TilesetLoader        - Loading view for layer background
20:40:17.709 [FXGL Background Thread 2 ] DEBUG TilesetLoader        - Created buffer with size 4800.0x4800.0
20:40:17.860 [FXGL Background Thread 2 ] DEBUG TilesetLoader        - Loading view for layer devant
20:40:17.875 [FXGL Background Thread 2 ] DEBUG TilesetLoader        - Created buffer with size 4800.0x4800.0
20:40:17.925 [FXGL Background Thread 2 ] DEBUG TilesetLoader        - Loading view for layer devant1
20:40:17.944 [FXGL Background Thread 2 ] DEBUG TilesetLoader        - Created buffer with size 4800.0x4800.0
20:40:17.973 [FXGL Background Thread 2 ] DEBUG TMXLevelLoader       - Creating object layer entities
20:40:18.038 [FXGL Background Thread 2 ] DEBUG GameWorld            - Clearing removable entities
20:40:18.039 [FXGL Background Thread 2 ] DEBUG GameWorld            - Setting level: com.almasb.fxgl.entity.level.Level@781dc1a6
20:40:18.063 [FXGL Background Thread 2 ] WARN  GameWorld            - Entity is already attached to world
20:40:18.065 [FXGL Background Thread 2 ] WARN  GameWorld            - Entity is already attached to world
20:40:18.075 [FXGL Background Thread 2 ] INFO  FXGLApplication      - Game initialization took: 0.461 sec
20:40:18.076 [JavaFX Application Thread] DEBUG Input                - Clearing active input actions
20:40:18.086 [JavaFX Application Thread] DEBUG GameApplicationServi - Removing overlay from FXGLLoadingScene and adding to GameScene
20:40:18.090 [JavaFX Application Thread] DEBUG PrimaryStageWindow   - FXGLLoadingScene -> GameScene
20:41:15.750 [JavaFX Application Thread] WARN  TMXLevelLoader       - TiledMap generated from 1.10.2. Supported version: 1.2.3. Some features may not be parsed fully.
20:41:15.782 [JavaFX Application Thread] DEBUG TMXLevelLoader       - Parsed TiledMap: file:/Users/CHLaroche05/zelda/zeldaPuzzle/target/classes/assets/levels/leDongeon.tmx
20:41:15.782 [JavaFX Application Thread] DEBUG TMXLevelLoader       - Creating tile layer entities
20:41:15.783 [JavaFX Application Thread] DEBUG TilesetLoader        - Loading view for layer BG1
20:41:15.785 [JavaFX Application Thread] DEBUG TilesetLoader        - Created buffer with size 2400.0x800.0
20:41:15.801 [JavaFX Application Thread] DEBUG TilesetLoader        - Loading view for layer BG2
20:41:15.802 [JavaFX Application Thread] DEBUG TilesetLoader        - Created buffer with size 2400.0x800.0
20:41:15.811 [JavaFX Application Thread] DEBUG TilesetLoader        - Loading view for layer BG3
20:41:15.814 [JavaFX Application Thread] DEBUG TilesetLoader        - Created buffer with size 2400.0x800.0
20:41:15.827 [JavaFX Application Thread] DEBUG TilesetLoader        - Loading view for layer BG4a
20:41:15.828 [JavaFX Application Thread] DEBUG TilesetLoader        - Created buffer with size 2400.0x800.0
20:41:15.838 [JavaFX Application Thread] DEBUG TilesetLoader        - Loading view for layer BG4b
20:41:15.841 [JavaFX Application Thread] DEBUG TilesetLoader        - Created buffer with size 2400.0x800.0
20:41:15.854 [JavaFX Application Thread] DEBUG TilesetLoader        - Loading view for layer MainBuild2
20:41:15.855 [JavaFX Application Thread] DEBUG TilesetLoader        - Created buffer with size 2400.0x800.0
20:41:15.880 [JavaFX Application Thread] WARN  TilesetLoader        - Diagonally flipped tiles are not currently supported
20:41:15.880 [JavaFX Application Thread] WARN  TilesetLoader        - Diagonally flipped tiles are not currently supported
20:41:15.880 [JavaFX Application Thread] WARN  TilesetLoader        - Diagonally flipped tiles are not currently supported
20:41:15.880 [JavaFX Application Thread] WARN  TilesetLoader        - Diagonally flipped tiles are not currently supported
20:41:15.880 [JavaFX Application Thread] WARN  TilesetLoader        - Diagonally flipped tiles are not currently supported
20:41:15.881 [JavaFX Application Thread] WARN  TilesetLoader        - Diagonally flipped tiles are not currently supported
20:41:15.881 [JavaFX Application Thread] WARN  TilesetLoader        - Diagonally flipped tiles are not currently supported
20:41:15.881 [JavaFX Application Thread] WARN  TilesetLoader        - Diagonally flipped tiles are not currently supported
20:41:15.881 [JavaFX Application Thread] WARN  TilesetLoader        - Diagonally flipped tiles are not currently supported
20:41:15.881 [JavaFX Application Thread] WARN  TilesetLoader        - Diagonally flipped tiles are not currently supported
20:41:15.881 [JavaFX Application Thread] WARN  TilesetLoader        - Diagonally flipped tiles are not currently supported
20:41:15.881 [JavaFX Application Thread] WARN  TilesetLoader        - Diagonally flipped tiles are not currently supported
20:41:15.881 [JavaFX Application Thread] WARN  TilesetLoader        - Diagonally flipped tiles are not currently supported
20:41:15.882 [JavaFX Application Thread] WARN  TilesetLoader        - Diagonally flipped tiles are not currently supported
20:41:15.882 [JavaFX Application Thread] WARN  TilesetLoader        - Diagonally flipped tiles are not currently supported
20:41:15.882 [JavaFX Application Thread] DEBUG TilesetLoader        - Loading view for layer MainBuild3
20:41:15.884 [JavaFX Application Thread] DEBUG TilesetLoader        - Created buffer with size 2400.0x800.0
20:41:15.885 [JavaFX Application Thread] DEBUG TilesetLoader        - Loading view for layer MainBuild
20:41:15.885 [JavaFX Application Thread] DEBUG TilesetLoader        - Created buffer with size 2400.0x800.0
20:41:15.886 [JavaFX Application Thread] DEBUG TMXLevelLoader       - Creating object layer entities
20:41:15.893 [JavaFX Application Thread] DEBUG GameWorld            - Clearing removable entities
20:41:15.898 [JavaFX Application Thread] DEBUG GameWorld            - Setting level: com.almasb.fxgl.entity.level.Level@ce747aa
20:41:15.906 [JavaFX Application Thread] WARN  GameWorld            - Entity is already attached to world
20:41:29.749 [JavaFX Application Thread] WARN  GameWorld            - Entity is already attached to world
20:41:41.412 [JavaFX Application Thread] WARN  GameWorld            - Entity is already attached to world
20:41:53.896 [JavaFX Application Thread] WARN  GameWorld            - Entity is already attached to world
20:42:03.828 [JavaFX Application Thread] WARN  GameWorld            - Entity is already attached to world
20:42:08.325 [JavaFX Application Thread] WARN  GameWorld            - Entity is already attached to world
20:42:22.809 [JavaFX Application Thread] WARN  GameWorld            - Entity is already attached to world
20:42:28.642 [JavaFX Application Thread] WARN  GameWorld            - Entity is already attached to world
20:42:33.992 [JavaFX Application Thread] WARN  GameWorld            - Entity is already attached to world
20:42:39.058 [JavaFX Application Thread] WARN  GameWorld            - Entity is already attached to world
20:42:44.508 [JavaFX Application Thread] WARN  GameWorld            - Entity is already attached to world
20:42:54.356 [JavaFX Application Thread] WARN  GameWorld            - Entity is already attached to world
20:42:54.746 [JavaFX Application Thread] WARN  TMXLevelLoader       - TiledMap generated from 1.10.2. Supported version: 1.2.3. Some features may not be parsed fully.
20:42:54.763 [JavaFX Application Thread] DEBUG TMXLevelLoader       - Parsed TiledMap: file:/Users/CHLaroche05/zelda/zeldaPuzzle/target/classes/assets/levels/MapDeMerde2.tmx
20:42:54.763 [JavaFX Application Thread] DEBUG TMXLevelLoader       - Creating tile layer entities
20:42:54.763 [JavaFX Application Thread] DEBUG TilesetLoader        - Loading view for layer background
20:42:54.769 [JavaFX Application Thread] DEBUG TilesetLoader        - Created buffer with size 4800.0x4800.0
20:42:54.869 [JavaFX Application Thread] DEBUG TilesetLoader        - Loading view for layer devant
20:42:54.884 [JavaFX Application Thread] DEBUG TilesetLoader        - Created buffer with size 4800.0x4800.0
20:42:54.910 [JavaFX Application Thread] DEBUG TilesetLoader        - Loading view for layer devant1
20:42:54.928 [JavaFX Application Thread] DEBUG TilesetLoader        - Created buffer with size 4800.0x4800.0
20:42:54.939 [JavaFX Application Thread] DEBUG TMXLevelLoader       - Creating object layer entities
20:42:54.948 [JavaFX Application Thread] DEBUG GameWorld            - Clearing removable entities
20:42:54.950 [JavaFX Application Thread] DEBUG GameWorld            - Setting level: com.almasb.fxgl.entity.level.Level@4b7a2386
20:42:54.955 [JavaFX Application Thread] WARN  GameWorld            - Entity is already attached to world
20:43:19.512 [JavaFX Application Thread] WARN  TMXLevelLoader       - TiledMap generated from 1.10.2. Supported version: 1.2.3. Some features may not be parsed fully.
20:43:19.515 [JavaFX Application Thread] DEBUG TMXLevelLoader       - Parsed TiledMap: file:/Users/CHLaroche05/zelda/zeldaPuzzle/target/classes/assets/levels/interieurMaisonPlayer1.tmx
20:43:19.515 [JavaFX Application Thread] DEBUG TMXLevelLoader       - Creating tile layer entities
20:43:19.516 [JavaFX Application Thread] DEBUG TilesetLoader        - Loading view for layer background
20:43:19.516 [JavaFX Application Thread] DEBUG TilesetLoader        - Created buffer with size 1440.0x960.0
20:43:19.520 [JavaFX Application Thread] DEBUG TilesetLoader        - Loading view for layer devant
20:43:19.520 [JavaFX Application Thread] DEBUG TilesetLoader        - Created buffer with size 1440.0x960.0
20:43:19.520 [JavaFX Application Thread] DEBUG TilesetLoader        - Loading view for layer devant1
20:43:19.520 [JavaFX Application Thread] DEBUG TilesetLoader        - Created buffer with size 1440.0x960.0
20:43:19.520 [JavaFX Application Thread] DEBUG TMXLevelLoader       - Creating object layer entities
20:43:19.525 [JavaFX Application Thread] DEBUG GameWorld            - Clearing removable entities
20:43:19.528 [JavaFX Application Thread] DEBUG GameWorld            - Setting level: com.almasb.fxgl.entity.level.Level@396b0c4
20:43:19.534 [JavaFX Application Thread] WARN  GameWorld            - Entity is already attached to world
20:43:21.628 [JavaFX Application Thread] WARN  TMXLevelLoader       - TiledMap generated from 1.10.2. Supported version: 1.2.3. Some features may not be parsed fully.
20:43:21.640 [JavaFX Application Thread] DEBUG TMXLevelLoader       - Parsed TiledMap: file:/Users/CHLaroche05/zelda/zeldaPuzzle/target/classes/assets/levels/MapDeMerde2.tmx
20:43:21.640 [JavaFX Application Thread] DEBUG TMXLevelLoader       - Creating tile layer entities
20:43:21.640 [JavaFX Application Thread] DEBUG TilesetLoader        - Loading view for layer background
20:43:21.645 [JavaFX Application Thread] DEBUG TilesetLoader        - Created buffer with size 4800.0x4800.0
20:43:21.740 [JavaFX Application Thread] DEBUG TilesetLoader        - Loading view for layer devant
20:43:21.747 [JavaFX Application Thread] DEBUG TilesetLoader        - Created buffer with size 4800.0x4800.0
20:43:21.768 [JavaFX Application Thread] DEBUG TilesetLoader        - Loading view for layer devant1
20:43:21.772 [JavaFX Application Thread] DEBUG TilesetLoader        - Created buffer with size 4800.0x4800.0
20:43:21.782 [JavaFX Application Thread] DEBUG TMXLevelLoader       - Creating object layer entities
20:43:21.789 [JavaFX Application Thread] DEBUG GameWorld            - Clearing removable entities
20:43:21.790 [JavaFX Application Thread] DEBUG GameWorld            - Setting level: com.almasb.fxgl.entity.level.Level@7b868d
20:43:21.794 [JavaFX Application Thread] WARN  GameWorld            - Entity is already attached to world
20:43:22.126 [JavaFX Application Thread] WARN  TMXLevelLoader       - TiledMap generated from 1.10.2. Supported version: 1.2.3. Some features may not be parsed fully.
20:43:22.128 [JavaFX Application Thread] DEBUG TMXLevelLoader       - Parsed TiledMap: file:/Users/CHLaroche05/zelda/zeldaPuzzle/target/classes/assets/levels/interieurMaisonPlayer1.tmx
20:43:22.128 [JavaFX Application Thread] DEBUG TMXLevelLoader       - Creating tile layer entities
20:43:22.128 [JavaFX Application Thread] DEBUG TilesetLoader        - Loading view for layer background
20:43:22.129 [JavaFX Application Thread] DEBUG TilesetLoader        - Created buffer with size 1440.0x960.0
20:43:22.131 [JavaFX Application Thread] DEBUG TilesetLoader        - Loading view for layer devant
20:43:22.131 [JavaFX Application Thread] DEBUG TilesetLoader        - Created buffer with size 1440.0x960.0
20:43:22.131 [JavaFX Application Thread] DEBUG TilesetLoader        - Loading view for layer devant1
20:43:22.131 [JavaFX Application Thread] DEBUG TilesetLoader        - Created buffer with size 1440.0x960.0
20:43:22.132 [JavaFX Application Thread] DEBUG TMXLevelLoader       - Creating object layer entities
20:43:22.136 [JavaFX Application Thread] DEBUG GameWorld            - Clearing removable entities
20:43:22.138 [JavaFX Application Thread] DEBUG GameWorld            - Setting level: com.almasb.fxgl.entity.level.Level@41a119db
20:43:22.144 [JavaFX Application Thread] WARN  GameWorld            - Entity is already attached to world
20:43:23.426 [JavaFX Application Thread] WARN  TMXLevelLoader       - TiledMap generated from 1.10.2. Supported version: 1.2.3. Some features may not be parsed fully.
20:43:23.432 [JavaFX Application Thread] DEBUG TMXLevelLoader       - Parsed TiledMap: file:/Users/CHLaroche05/zelda/zeldaPuzzle/target/classes/assets/levels/MapDeMerde2.tmx
20:43:23.432 [JavaFX Application Thread] DEBUG TMXLevelLoader       - Creating tile layer entities
20:43:23.432 [JavaFX Application Thread] DEBUG TilesetLoader        - Loading view for layer background
20:43:23.444 [JavaFX Application Thread] DEBUG TilesetLoader        - Created buffer with size 4800.0x4800.0
20:43:23.541 [JavaFX Application Thread] DEBUG TilesetLoader        - Loading view for layer devant
20:43:23.548 [JavaFX Application Thread] DEBUG TilesetLoader        - Created buffer with size 4800.0x4800.0
20:43:23.566 [JavaFX Application Thread] DEBUG TilesetLoader        - Loading view for layer devant1
20:43:23.576 [JavaFX Application Thread] DEBUG TilesetLoader        - Created buffer with size 4800.0x4800.0
20:43:23.591 [JavaFX Application Thread] DEBUG TMXLevelLoader       - Creating object layer entities
20:43:23.598 [JavaFX Application Thread] DEBUG GameWorld            - Clearing removable entities
20:43:23.599 [JavaFX Application Thread] DEBUG GameWorld            - Setting level: com.almasb.fxgl.entity.level.Level@29cd3040
20:43:23.603 [JavaFX Application Thread] WARN  GameWorld            - Entity is already attached to world
20:43:27.410 [JavaFX Application Thread] WARN  TMXLevelLoader       - TiledMap generated from 1.10.2. Supported version: 1.2.3. Some features may not be parsed fully.
20:43:27.412 [JavaFX Application Thread] DEBUG TMXLevelLoader       - Parsed TiledMap: file:/Users/CHLaroche05/zelda/zeldaPuzzle/target/classes/assets/levels/interieurMaisonPlayer1.tmx
20:43:27.412 [JavaFX Application Thread] DEBUG TMXLevelLoader       - Creating tile layer entities
20:43:27.413 [JavaFX Application Thread] DEBUG TilesetLoader        - Loading view for layer background
20:43:27.413 [JavaFX Application Thread] DEBUG TilesetLoader        - Created buffer with size 1440.0x960.0
20:43:27.416 [JavaFX Application Thread] DEBUG TilesetLoader        - Loading view for layer devant
20:43:27.417 [JavaFX Application Thread] DEBUG TilesetLoader        - Created buffer with size 1440.0x960.0
20:43:27.417 [JavaFX Application Thread] DEBUG TilesetLoader        - Loading view for layer devant1
20:43:27.417 [JavaFX Application Thread] DEBUG TilesetLoader        - Created buffer with size 1440.0x960.0
20:43:27.417 [JavaFX Application Thread] DEBUG TMXLevelLoader       - Creating object layer entities
20:43:27.421 [JavaFX Application Thread] DEBUG GameWorld            - Clearing removable entities
20:43:27.423 [JavaFX Application Thread] DEBUG GameWorld            - Setting level: com.almasb.fxgl.entity.level.Level@3dbc0536
20:43:27.430 [JavaFX Application Thread] WARN  GameWorld            - Entity is already attached to world
20:43:36.309 [JavaFX Application Thread] WARN  TMXLevelLoader       - TiledMap generated from 1.10.2. Supported version: 1.2.3. Some features may not be parsed fully.
20:43:36.319 [JavaFX Application Thread] DEBUG TMXLevelLoader       - Parsed TiledMap: file:/Users/CHLaroche05/zelda/zeldaPuzzle/target/classes/assets/levels/MapDeMerde2.tmx
20:43:36.319 [JavaFX Application Thread] DEBUG TMXLevelLoader       - Creating tile layer entities
20:43:36.319 [JavaFX Application Thread] DEBUG TilesetLoader        - Loading view for layer background
20:43:36.321 [JavaFX Application Thread] DEBUG TilesetLoader        - Created buffer with size 4800.0x4800.0
20:43:36.415 [JavaFX Application Thread] DEBUG TilesetLoader        - Loading view for layer devant
20:43:36.443 [JavaFX Application Thread] DEBUG TilesetLoader        - Created buffer with size 4800.0x4800.0
20:43:36.461 [JavaFX Application Thread] DEBUG TilesetLoader        - Loading view for layer devant1
20:43:36.462 [JavaFX Application Thread] DEBUG TilesetLoader        - Created buffer with size 4800.0x4800.0
20:43:36.471 [JavaFX Application Thread] DEBUG TMXLevelLoader       - Creating object layer entities
20:43:36.476 [JavaFX Application Thread] DEBUG GameWorld            - Clearing removable entities
20:43:36.477 [JavaFX Application Thread] DEBUG GameWorld            - Setting level: com.almasb.fxgl.entity.level.Level@74c19bcf
20:43:36.481 [JavaFX Application Thread] WARN  GameWorld            - Entity is already attached to world
20:44:45.724 [JavaFX Application Thread] DEBUG PrimaryStageWindow   - Push state: FXGLDefaultMenu
20:44:45.725 [JavaFX Application Thread] DEBUG Input                - Clearing active input actions
20:44:45.726 [JavaFX Application Thread] DEBUG GameApplicationServi - Removing overlay from GameScene and adding to FXGLDefaultMenu
20:44:45.727 [JavaFX Application Thread] DEBUG PrimaryStageWindow   - GameScene -> FXGLDefaultMenu
20:44:47.851 [JavaFX Application Thread] DEBUG Menu                 - fireExitToMainMenu()
20:44:47.852 [JavaFX Application Thread] DEBUG PrimaryStageWindow   - Push state: DialogSubScene
20:44:47.852 [JavaFX Application Thread] DEBUG Input                - Clearing active input actions
20:44:47.852 [JavaFX Application Thread] DEBUG GameApplicationServi - Removing overlay from FXGLDefaultMenu and adding to DialogSubScene
20:44:47.852 [JavaFX Application Thread] DEBUG PrimaryStageWindow   - FXGLDefaultMenu -> DialogSubScene
20:44:49.118 [JavaFX Application Thread] DEBUG PrimaryStageWindow   - Pop state: DialogSubScene
20:44:49.118 [JavaFX Application Thread] DEBUG Input                - Clearing active input actions
20:44:49.119 [JavaFX Application Thread] DEBUG GameApplicationServi - Removing overlay from DialogSubScene and adding to FXGLDefaultMenu
20:44:49.120 [JavaFX Application Thread] DEBUG PrimaryStageWindow   - FXGLDefaultMenu <- DialogSubScene
20:44:49.121 [JavaFX Application Thread] DEBUG PrimaryStageWindow   - Pop state: FXGLDefaultMenu
20:44:49.121 [JavaFX Application Thread] DEBUG Input                - Clearing active input actions
20:44:49.121 [JavaFX Application Thread] DEBUG GameApplicationServi - Removing overlay from FXGLDefaultMenu and adding to GameScene
20:44:49.121 [JavaFX Application Thread] DEBUG PrimaryStageWindow   - GameScene <- FXGLDefaultMenu
20:44:49.121 [JavaFX Application Thread] DEBUG Input                - Clearing active input actions
20:44:49.127 [JavaFX Application Thread] DEBUG GameApplicationServi - Removing overlay from GameScene and adding to FXGLMainMenuDummyScene
20:44:49.131 [JavaFX Application Thread] DEBUG PrimaryStageWindow   - GameScene -> FXGLMainMenuDummyScene
20:44:49.131 [JavaFX Application Thread] DEBUG PrimaryStageWindow   - Push state: FXGLDefaultMenu
20:44:49.132 [JavaFX Application Thread] DEBUG Input                - Clearing active input actions
20:44:49.133 [JavaFX Application Thread] DEBUG GameApplicationServi - Removing overlay from FXGLMainMenuDummyScene and adding to FXGLDefaultMenu
20:44:49.133 [JavaFX Application Thread] DEBUG PrimaryStageWindow   - FXGLMainMenuDummyScene -> FXGLDefaultMenu
20:44:51.050 [JavaFX Application Thread] DEBUG Menu                 - fireNewGame()
20:44:51.050 [JavaFX Application Thread] DEBUG GameApplicationServi - Starting new game
20:44:51.051 [JavaFX Application Thread] DEBUG PrimaryStageWindow   - Pop state: FXGLDefaultMenu
20:44:51.051 [JavaFX Application Thread] DEBUG Input                - Clearing active input actions
20:44:51.051 [JavaFX Application Thread] DEBUG GameApplicationServi - Removing overlay from FXGLDefaultMenu and adding to FXGLMainMenuDummyScene
20:44:51.051 [JavaFX Application Thread] DEBUG PrimaryStageWindow   - FXGLMainMenuDummyScene <- FXGLDefaultMenu
20:44:51.051 [JavaFX Application Thread] DEBUG Input                - Clearing active input actions
20:44:51.054 [JavaFX Application Thread] DEBUG GameApplicationServi - Removing overlay from FXGLMainMenuDummyScene and adding to FXGLLoadingScene
20:44:51.054 [JavaFX Application Thread] DEBUG PrimaryStageWindow   - FXGLMainMenuDummyScene -> FXGLLoadingScene
20:44:51.054 [JavaFX Application Thread] DEBUG GameApplicationServi - Clearing previous game
20:44:51.054 [JavaFX Application Thread] DEBUG GameScene            - Clearing game scene
20:44:51.054 [JavaFX Application Thread] DEBUG GameWorld            - Clearing game world
20:44:51.055 [JavaFX Application Thread] DEBUG PhysicsWorld         - Clearing physics world
20:44:51.055 [FXGL Background Thread 5 ] DEBUG FXGLApplication      - Initializing game
20:44:51.059 [FXGL Background Thread 5 ] WARN  TMXLevelLoader       - TiledMap generated from 1.10.2. Supported version: 1.2.3. Some features may not be parsed fully.
20:44:51.063 [FXGL Background Thread 5 ] DEBUG TMXLevelLoader       - Parsed TiledMap: file:/Users/CHLaroche05/zelda/zeldaPuzzle/target/classes/assets/levels/MapDeMerde2.tmx
20:44:51.063 [FXGL Background Thread 5 ] DEBUG TMXLevelLoader       - Creating tile layer entities
20:44:51.064 [FXGL Background Thread 5 ] DEBUG TilesetLoader        - Loading view for layer background
20:44:51.066 [FXGL Background Thread 5 ] DEBUG TilesetLoader        - Created buffer with size 4800.0x4800.0
20:44:51.153 [FXGL Background Thread 5 ] DEBUG TilesetLoader        - Loading view for layer devant
20:44:51.155 [FXGL Background Thread 5 ] DEBUG TilesetLoader        - Created buffer with size 4800.0x4800.0
20:44:51.173 [FXGL Background Thread 5 ] DEBUG TilesetLoader        - Loading view for layer devant1
20:44:51.176 [FXGL Background Thread 5 ] DEBUG TilesetLoader        - Created buffer with size 4800.0x4800.0
20:44:51.184 [FXGL Background Thread 5 ] DEBUG TMXLevelLoader       - Creating object layer entities
20:44:51.190 [FXGL Background Thread 5 ] DEBUG GameWorld            - Clearing removable entities
20:44:51.190 [FXGL Background Thread 5 ] DEBUG GameWorld            - Setting level: com.almasb.fxgl.entity.level.Level@5be36846
20:44:51.196 [FXGL Background Thread 5 ] WARN  GameWorld            - Entity is already attached to world
20:44:51.196 [FXGL Background Thread 5 ] WARN  GameWorld            - Entity is already attached to world
20:44:51.196 [FXGL Background Thread 5 ] INFO  FXGLApplication      - Game initialization took: 0.141 sec
20:44:51.198 [JavaFX Application Thread] DEBUG Input                - Clearing active input actions
20:44:51.204 [JavaFX Application Thread] DEBUG GameApplicationServi - Removing overlay from FXGLLoadingScene and adding to GameScene
20:44:51.204 [JavaFX Application Thread] DEBUG PrimaryStageWindow   - FXGLLoadingScene -> GameScene
20:46:15.259 [JavaFX Application Thread] DEBUG PrimaryStageWindow   - Push state: FXGLDefaultMenu
20:46:15.260 [JavaFX Application Thread] DEBUG Input                - Clearing active input actions
20:46:15.260 [JavaFX Application Thread] DEBUG GameApplicationServi - Removing overlay from GameScene and adding to FXGLDefaultMenu
20:46:15.260 [JavaFX Application Thread] DEBUG PrimaryStageWindow   - GameScene -> FXGLDefaultMenu
20:46:16.383 [JavaFX Application Thread] DEBUG PrimaryStageWindow   - Pop state: FXGLDefaultMenu
20:46:16.383 [JavaFX Application Thread] DEBUG Input                - Clearing active input actions
20:46:16.383 [JavaFX Application Thread] DEBUG GameApplicationServi - Removing overlay from FXGLDefaultMenu and adding to GameScene
20:46:16.384 [JavaFX Application Thread] DEBUG PrimaryStageWindow   - GameScene <- FXGLDefaultMenu
20:47:38.283 [JavaFX Application Thread] WARN  TMXLevelLoader       - TiledMap generated from 1.10.2. Supported version: 1.2.3. Some features may not be parsed fully.
20:47:38.291 [JavaFX Application Thread] DEBUG TMXLevelLoader       - Parsed TiledMap: file:/Users/CHLaroche05/zelda/zeldaPuzzle/target/classes/assets/levels/leDongeon.tmx
20:47:38.291 [JavaFX Application Thread] DEBUG TMXLevelLoader       - Creating tile layer entities
20:47:38.291 [JavaFX Application Thread] DEBUG TilesetLoader        - Loading view for layer BG1
20:47:38.293 [JavaFX Application Thread] DEBUG TilesetLoader        - Created buffer with size 2400.0x800.0
20:47:38.302 [JavaFX Application Thread] DEBUG TilesetLoader        - Loading view for layer BG2
20:47:38.302 [JavaFX Application Thread] DEBUG TilesetLoader        - Created buffer with size 2400.0x800.0
20:47:38.311 [JavaFX Application Thread] DEBUG TilesetLoader        - Loading view for layer BG3
20:47:38.311 [JavaFX Application Thread] DEBUG TilesetLoader        - Created buffer with size 2400.0x800.0
20:47:38.323 [JavaFX Application Thread] DEBUG TilesetLoader        - Loading view for layer BG4a
20:47:38.323 [JavaFX Application Thread] DEBUG TilesetLoader        - Created buffer with size 2400.0x800.0
20:47:38.333 [JavaFX Application Thread] DEBUG TilesetLoader        - Loading view for layer BG4b
20:47:38.333 [JavaFX Application Thread] DEBUG TilesetLoader        - Created buffer with size 2400.0x800.0
20:47:38.342 [JavaFX Application Thread] DEBUG TilesetLoader        - Loading view for layer MainBuild2
20:47:38.342 [JavaFX Application Thread] DEBUG TilesetLoader        - Created buffer with size 2400.0x800.0
20:47:38.364 [JavaFX Application Thread] WARN  TilesetLoader        - Diagonally flipped tiles are not currently supported
20:47:38.364 [JavaFX Application Thread] WARN  TilesetLoader        - Diagonally flipped tiles are not currently supported
20:47:38.364 [JavaFX Application Thread] WARN  TilesetLoader        - Diagonally flipped tiles are not currently supported
20:47:38.364 [JavaFX Application Thread] WARN  TilesetLoader        - Diagonally flipped tiles are not currently supported
20:47:38.364 [JavaFX Application Thread] WARN  TilesetLoader        - Diagonally flipped tiles are not currently supported
20:47:38.364 [JavaFX Application Thread] WARN  TilesetLoader        - Diagonally flipped tiles are not currently supported
20:47:38.365 [JavaFX Application Thread] WARN  TilesetLoader        - Diagonally flipped tiles are not currently supported
20:47:38.365 [JavaFX Application Thread] WARN  TilesetLoader        - Diagonally flipped tiles are not currently supported
20:47:38.365 [JavaFX Application Thread] WARN  TilesetLoader        - Diagonally flipped tiles are not currently supported
20:47:38.365 [JavaFX Application Thread] WARN  TilesetLoader        - Diagonally flipped tiles are not currently supported
20:47:38.365 [JavaFX Application Thread] WARN  TilesetLoader        - Diagonally flipped tiles are not currently supported
20:47:38.365 [JavaFX Application Thread] WARN  TilesetLoader        - Diagonally flipped tiles are not currently supported
20:47:38.365 [JavaFX Application Thread] WARN  TilesetLoader        - Diagonally flipped tiles are not currently supported
20:47:38.365 [JavaFX Application Thread] WARN  TilesetLoader        - Diagonally flipped tiles are not currently supported
20:47:38.365 [JavaFX Application Thread] WARN  TilesetLoader        - Diagonally flipped tiles are not currently supported
20:47:38.365 [JavaFX Application Thread] DEBUG TilesetLoader        - Loading view for layer MainBuild3
20:47:38.365 [JavaFX Application Thread] DEBUG TilesetLoader        - Created buffer with size 2400.0x800.0
20:47:38.366 [JavaFX Application Thread] DEBUG TilesetLoader        - Loading view for layer MainBuild
20:47:38.366 [JavaFX Application Thread] DEBUG TilesetLoader        - Created buffer with size 2400.0x800.0
20:47:38.367 [JavaFX Application Thread] DEBUG TMXLevelLoader       - Creating object layer entities
20:47:38.369 [JavaFX Application Thread] DEBUG GameWorld            - Clearing removable entities
20:47:38.371 [JavaFX Application Thread] DEBUG GameWorld            - Setting level: com.almasb.fxgl.entity.level.Level@45d569cc
20:47:38.376 [JavaFX Application Thread] WARN  GameWorld            - Entity is already attached to world
20:47:45.166 [JavaFX Application Thread] WARN  GameWorld            - Entity is already attached to world
20:47:57.498 [JavaFX Application Thread] WARN  GameWorld            - Entity is already attached to world
20:47:59.381 [JavaFX Application Thread] WARN  GameWorld            - Entity is already attached to world
20:48:01.167 [JavaFX Application Thread] WARN  GameWorld            - Entity is already attached to world
20:48:03.100 [JavaFX Application Thread] WARN  GameWorld            - Entity is already attached to world
20:48:04.616 [JavaFX Application Thread] WARN  GameWorld            - Entity is already attached to world
20:48:06.567 [JavaFX Application Thread] WARN  GameWorld            - Entity is already attached to world
20:48:07.960 [JavaFX Application Thread] WARN  GameWorld            - Entity is already attached to world
20:48:09.777 [JavaFX Application Thread] WARN  GameWorld            - Entity is already attached to world
20:48:24.798 [JavaFX Application Thread] DEBUG FXGLApplication      - Exiting FXGL
20:48:24.798 [JavaFX Application Thread] DEBUG LoopRunner           - Stopping loop
20:48:24.798 [JavaFX Application Thread] DEBUG SystemBundleService  - Saving FXGL system data
20:48:24.802 [JavaFX Application Thread] DEBUG FileSystemAccess     - Writing to: /Users/CHLaroche05/zelda/zeldaPuzzle/system/fxgl.bundle
20:48:24.805 [JavaFX Application Thread] DEBUG Async                - Shutting down background threads
20:48:24.806 [JavaFX Application Thread] DEBUG PrimaryStageWindow   - Closing main window
20:48:24.809 [JavaFX Application Thread] DEBUG Logger               - Closing Logger
