11:44:14.141 [main                     ] DEBUG Logger               - Configured Logger
11:44:14.167 [main                     ] DEBUG GameApplication      - Logging settings
Title: Zelda 2D Game
Version: 1
Width: 800
Height: 800
Fullscreen: true
Intro: false
Profiling: false
Single step:false
App Mode: DEVELOPER
Menu Key: ESCAPE
Stage Style: DECORATED
Scene Factory: class com.almasb.fxgl.app.scene.SceneFactory

11:44:14.254 [JavaFX Application Thread] DEBUG FXGLApplication      - Initializing FXGL
11:44:14.259 [JavaFX Application Thread] INFO  Engine               - FXGL-17 (31.12.2021 18.16) on WINDOWS (J:19.0.2 FX:19)
11:44:14.260 [JavaFX Application Thread] DEBUG Engine               - JRE Vendor Name: Amazon.com Inc.
11:44:14.260 [JavaFX Application Thread] DEBUG Engine               - Running on OS: Windows 11 version 10.0
11:44:14.260 [JavaFX Application Thread] DEBUG Engine               - Architecture: amd64
11:44:14.260 [JavaFX Application Thread] INFO  Engine               - Source code and latest versions at: https://github.com/AlmasB/FXGL
11:44:14.261 [JavaFX Application Thread] INFO  Engine               -       Ask questions and discuss at: https://github.com/AlmasB/FXGL/discussions
11:44:14.261 [JavaFX Application Thread] INFO  Engine               -              Join the FXGL chat at: https://gitter.im/AlmasB/FXGL
11:44:14.336 [JavaFX Application Thread] DEBUG PrimaryStageWindow   - Creating a JavaFX scene
11:44:14.400 [JavaFX Application Thread] DEBUG PrimaryStageWindow   - Target settings size: 800.0 x 800.0
11:44:14.400 [JavaFX Application Thread] DEBUG PrimaryStageWindow   - Scaled scene size:    800.0 x 800.0
11:44:14.400 [JavaFX Application Thread] DEBUG PrimaryStageWindow   - Scaled ratio: (1.0, 1.0)
11:44:14.401 [JavaFX Application Thread] DEBUG PrimaryStageWindow   - Set initial scene to FXGLStartupScene
11:44:14.406 [JavaFX Application Thread] DEBUG PrimaryStageWindow   - Opening main window
11:44:14.497 [JavaFX Application Thread] DEBUG PrimaryStageWindow   - Window border size: (13.0, 35.5)
11:44:14.498 [JavaFX Application Thread] DEBUG PrimaryStageWindow   - Scaled size: 800.0 x 800.0
11:44:14.498 [JavaFX Application Thread] DEBUG PrimaryStageWindow   - Scaled ratio: (1.0, 1.0)
11:44:14.499 [JavaFX Application Thread] DEBUG PrimaryStageWindow   - Scene size: 800.0 x 800.0
11:44:14.499 [JavaFX Application Thread] DEBUG PrimaryStageWindow   - Stage size: 813.0 x 835.5
11:44:14.512 [FXGL Background Thread 1 ] DEBUG Engine               - Initializing environment variables
11:44:14.578 [FXGL Background Thread 1 ] DEBUG FXGLAssetLoaderServi - User app class for loading assets: class com.example.zeldapuzzle.MainGameApp
11:44:14.578 [FXGL Background Thread 1 ] DEBUG GameApplicationServi - Applying CSS: fxgl_dark.css
11:44:14.579 [FXGL Background Thread 1 ] DEBUG FXGLAssetLoaderServi - Loading from file system: jar:file:///C:/Users/Utilisateur/.m2/repository/com/github/almasb/fxgl/17/fxgl-17.jar!/fxglassets/ui/css/fxgl_dark.css
11:44:14.633 [FXGL Background Thread 1 ] DEBUG GameApplicationServi - Initializing application scenes
11:44:14.727 [FXGL Background Thread 1 ] DEBUG GameWorld            - Game world initialized
11:44:14.809 [FXGL Background Thread 1 ] DEBUG PhysicsWorld         - Physics world initialized: appHeight=800, physics.ppm=50,0
11:44:14.809 [FXGL Background Thread 1 ] DEBUG PhysicsWorld         - Using strategy: BRUTE_FORCE
11:44:14.816 [FXGL Background Thread 1 ] DEBUG GameScene            - Game scene initialized: 800x800
11:44:14.831 [FXGL Background Thread 1 ] DEBUG FXGL.DefaultMenu     - createMenuBodyMainMenu()
11:44:14.846 [FXGL Background Thread 1 ] DEBUG FXGL.DefaultMenu     - createOptionsMenu()
11:44:14.860 [FXGL Background Thread 1 ] DEBUG FXGLAssetLoaderServi - Loading from file system: jar:file:///C:/Users/Utilisateur/.m2/repository/com/github/almasb/fxgl/17/fxgl-17.jar!/fxglassets/textures/particles/smoke.png
11:44:14.976 [FXGL Background Thread 1 ] DEBUG FXGLAssetLoaderServi - Loading from file system: jar:file:///C:/Users/Utilisateur/.m2/repository/com/github/almasb/fxgl/17/fxgl-17.jar!/fxglassets/textures/particles/trace_horizontal.png
11:44:15.004 [FXGL Background Thread 1 ] DEBUG FXGL.DefaultMenu     - createMenuBodyGameMenu()
11:44:15.006 [FXGL Background Thread 1 ] DEBUG FXGL.DefaultMenu     - createOptionsMenu()
11:44:15.024 [FXGL Background Thread 1 ] DEBUG GameApplicationServi - Application scenes initialized
11:44:15.038 [FXGL Background Thread 1 ] DEBUG SystemBundleService  - Loading FXGL system data
11:44:15.044 [FXGL Background Thread 1 ] DEBUG FileSystemAccess     - Reading from: C:\Users\Utilisateur\IdeaProjects\zeldaPuzzle\system\fxgl.bundle
11:44:15.057 [FXGL Background Thread 1 ] DEBUG SystemBundleService  - Bundle FXGL: {}
11:44:15.057 [FXGL Background Thread 1 ] DEBUG UpdaterService       - Checking for updates
11:44:15.093 [FXGL Background Thread 4 ] DEBUG FXGLApplication      - Loading fonts
11:44:15.093 [FXGL Background Thread 1 ] DEBUG FXGLApplication      - Loading default localization
11:44:15.094 [FXGL Background Thread 4 ] DEBUG FXGLAssetLoaderServi - Loading from file system: jar:file:///C:/Users/Utilisateur/.m2/repository/com/github/almasb/fxgl/17/fxgl-17.jar!/fxglassets/ui/fonts/VarelaRound-Regular.ttf
11:44:15.094 [FXGL Background Thread 1 ] DEBUG FXGLAssetLoaderServi - Loading from file system: jar:file:///C:/Users/Utilisateur/.m2/repository/com/github/almasb/fxgl/17/fxgl-17.jar!/fxglassets/languages/english.lang
11:44:15.144 [FXGL Background Thread 1 ] INFO  FXGLApplication      - FXGL initialization took: 0,631 sec
11:44:15.168 [JavaFX Application Thread] DEBUG Input                - Registered new binding: getPosition - P
11:44:15.168 [JavaFX Application Thread] DEBUG Input                - Registered new binding: zoom+ - Up
11:44:15.169 [JavaFX Application Thread] DEBUG Input                - Registered new binding: zoom- - Down
11:44:15.169 [JavaFX Application Thread] DEBUG Input                - Registered new binding: resetZoom - 0
11:44:15.169 [JavaFX Application Thread] DEBUG Input                - Registered new binding: Move right - D
11:44:15.170 [JavaFX Application Thread] DEBUG Input                - Registered new binding: Move left - A
11:44:15.170 [JavaFX Application Thread] DEBUG Input                - Registered new binding: Move Up - W
11:44:15.170 [JavaFX Application Thread] DEBUG Input                - Registered new binding: Move Down - S
11:44:15.172 [JavaFX Application Thread] DEBUG FXGLAssetLoaderServi - Loading from file system: jar:file:///C:/Users/Utilisateur/.m2/repository/com/github/almasb/fxgl/17/fxgl-17.jar!/fxglassets/textures/fxgl_icon.png
11:44:15.191 [JavaFX Application Thread] DEBUG FXGLAssetLoaderServi - Loading from file system: jar:file:///C:/Users/Utilisateur/.m2/repository/com/github/almasb/fxgl/17/fxgl-17.jar!/fxglassets/textures/fxgl_default_cursor.png
11:44:15.195 [JavaFX Application Thread] DEBUG Input                - Registered new binding: Screenshot - CTRL+8
11:44:15.196 [JavaFX Application Thread] DEBUG Input                - Registered new binding: Dev Options - 1
11:44:15.197 [JavaFX Application Thread] DEBUG Input                - Registered new binding: Dev Console - 2
11:44:15.198 [JavaFX Application Thread] DEBUG Input                - Registered new binding: System info dump - CTRL+9
11:44:15.199 [FXGL Background Thread 4 ] DEBUG FXGLAssetLoaderServi - Loading from file system: jar:file:///C:/Users/Utilisateur/.m2/repository/com/github/almasb/fxgl/17/fxgl-17.jar!/fxglassets/ui/fonts/Abel-Regular.ttf
11:44:15.199 [JavaFX Application Thread] DEBUG Input                - Registered new binding: Restart - CTRL+R
11:44:15.200 [JavaFX Application Thread] DEBUG Input                - Registered new binding: Toggle Debug Camera - CTRL+7
11:44:15.208 [JavaFX Application Thread] DEBUG LoopRunner           - Starting loop
11:44:15.211 [FXGL Background Thread 4 ] DEBUG FXGLAssetLoaderServi - Loading from file system: jar:file:///C:/Users/Utilisateur/.m2/repository/com/github/almasb/fxgl/17/fxgl-17.jar!/fxglassets/ui/fonts/TerminalLandMono-Regular.otf
11:44:15.229 [JavaFX Application Thread] DEBUG LoopRunner           - Initializing JavaFX AnimationTimerLoop
11:44:15.232 [JavaFX Application Thread] DEBUG Input                - Clearing active input actions
11:44:15.242 [FXGL Background Thread 4 ] DEBUG FXGLAssetLoaderServi - Loading from file system: jar:file:///C:/Users/Utilisateur/.m2/repository/com/github/almasb/fxgl/17/fxgl-17.jar!/fxglassets/ui/fonts/Courier-Prime.ttf
11:44:15.242 [JavaFX Application Thread] DEBUG GameApplicationServi - Removing overlay from FXGLStartupScene and adding to FXGLMainMenuDummyScene
11:44:15.258 [JavaFX Application Thread] DEBUG PrimaryStageWindow   - FXGLStartupScene -> FXGLMainMenuDummyScene
11:44:15.259 [JavaFX Application Thread] DEBUG PrimaryStageWindow   - Push state: FXGLDefaultMenu
11:44:15.270 [JavaFX Application Thread] DEBUG Input                - Clearing active input actions
11:44:15.294 [JavaFX Application Thread] DEBUG GameApplicationServi - Removing overlay from FXGLMainMenuDummyScene and adding to FXGLDefaultMenu
11:44:15.295 [JavaFX Application Thread] DEBUG PrimaryStageWindow   - FXGLMainMenuDummyScene -> FXGLDefaultMenu
11:44:15.577 [JavaFX Application Thread] DEBUG FXGLApplication      - Registering font factories with UI factory
11:44:15.737 [FXGL Background Thread 2 ] INFO  UpdaterService       - Your current version:  17
11:44:15.737 [FXGL Background Thread 2 ] INFO  UpdaterService       - Latest stable version: 21.1
11:44:16.399 [JavaFX Application Thread] DEBUG Menu                 - fireNewGame()
11:44:16.399 [JavaFX Application Thread] DEBUG GameApplicationServi - Starting new game
11:44:16.402 [JavaFX Application Thread] DEBUG PrimaryStageWindow   - Pop state: FXGLDefaultMenu
11:44:16.402 [JavaFX Application Thread] DEBUG Input                - Clearing active input actions
11:44:16.404 [JavaFX Application Thread] DEBUG GameApplicationServi - Removing overlay from FXGLDefaultMenu and adding to FXGLMainMenuDummyScene
11:44:16.407 [JavaFX Application Thread] DEBUG PrimaryStageWindow   - FXGLMainMenuDummyScene <- FXGLDefaultMenu
11:44:16.408 [JavaFX Application Thread] DEBUG Input                - Clearing active input actions
11:44:16.419 [JavaFX Application Thread] DEBUG GameApplicationServi - Removing overlay from FXGLMainMenuDummyScene and adding to FXGLLoadingScene
11:44:16.420 [JavaFX Application Thread] DEBUG PrimaryStageWindow   - FXGLMainMenuDummyScene -> FXGLLoadingScene
11:44:16.420 [JavaFX Application Thread] DEBUG GameApplicationServi - Clearing previous game
11:44:16.421 [JavaFX Application Thread] DEBUG GameScene            - Clearing game scene
11:44:16.421 [JavaFX Application Thread] DEBUG GameWorld            - Clearing game world
11:44:16.422 [JavaFX Application Thread] DEBUG PhysicsWorld         - Clearing physics world
11:44:16.429 [FXGL Background Thread 2 ] DEBUG FXGLApplication      - Initializing game
11:44:16.539 [FXGL Background Thread 2 ] WARN  TMXLevelLoader       - TiledMap generated from 1.10.2. Supported version: 1.2.3. Some features may not be parsed fully.
11:44:16.553 [FXGL Background Thread 2 ] DEBUG TMXLevelLoader       - Parsed TiledMap: file:/C:/Users/Utilisateur/IdeaProjects/zeldaPuzzle/target/classes/assets/levels/StartingMap.tmx
11:44:16.556 [FXGL Background Thread 2 ] DEBUG TMXLevelLoader       - Creating tile layer entities
11:44:16.559 [FXGL Background Thread 2 ] DEBUG TilesetLoader        - Loading view for layer Calque de Tuiles 1
11:44:16.563 [FXGL Background Thread 2 ] DEBUG TilesetLoader        - Created buffer with size 1920.0x1920.0
11:44:16.575 [FXGL Background Thread 2 ] DEBUG TilesetLoader        - Loading view for layer Calque de Tuiles 2
11:44:16.586 [FXGL Background Thread 2 ] DEBUG TilesetLoader        - Created buffer with size 1920.0x1920.0
11:44:16.602 [FXGL Background Thread 2 ] DEBUG TilesetLoader        - Loading view for layer Calque de Tuiles 3
11:44:16.612 [FXGL Background Thread 2 ] DEBUG TilesetLoader        - Created buffer with size 1920.0x1920.0
11:44:16.614 [FXGL Background Thread 2 ] DEBUG TMXLevelLoader       - Creating object layer entities
11:44:16.637 [FXGL Background Thread 2 ] DEBUG GameWorld            - Clearing removable entities
11:44:16.638 [FXGL Background Thread 2 ] DEBUG GameWorld            - Setting level: com.almasb.fxgl.entity.level.Level@3f7accd
11:44:16.650 [FXGL Background Thread 2 ] WARN  GameWorld            - Entity is already attached to world
11:44:16.727 [FXGL Background Thread 2 ] WARN  GameWorld            - Entity is already attached to world
11:44:16.728 [FXGL Background Thread 2 ] INFO  FXGLApplication      - Game initialization took: 0,299 sec
11:44:16.732 [JavaFX Application Thread] DEBUG Input                - Clearing active input actions
11:44:16.739 [JavaFX Application Thread] DEBUG GameApplicationServi - Removing overlay from FXGLLoadingScene and adding to GameScene
11:44:16.743 [JavaFX Application Thread] DEBUG PrimaryStageWindow   - FXGLLoadingScene -> GameScene
11:44:18.092 [FXGL Background Thread 3 ] DEBUG Engine               - Logging environment variables
11:44:18.093 [FXGL Background Thread 3 ] DEBUG Engine               - achievements: []
11:44:18.094 [FXGL Background Thread 3 ] DEBUG Engine               - actualHeight: 800.0
11:44:18.094 [FXGL Background Thread 3 ] DEBUG Engine               - actualHeightProperty: ReadOnlyDoubleProperty [value: 800.0]
11:44:18.095 [FXGL Background Thread 3 ] DEBUG Engine               - actualWidth: 800.0
11:44:18.095 [FXGL Background Thread 3 ] DEBUG Engine               - actualWidthProperty: ReadOnlyDoubleProperty [value: 800.0]
11:44:18.095 [FXGL Background Thread 3 ] DEBUG Engine               - appIcon: fxgl_icon.png
11:44:18.095 [FXGL Background Thread 3 ] DEBUG Engine               - applicationMode: DEVELOPER
11:44:18.096 [FXGL Background Thread 3 ] DEBUG Engine               - cSSList: [fxgl_dark.css]
11:44:18.096 [FXGL Background Thread 3 ] DEBUG Engine               - collisionDetectionStrategy: BRUTE_FORCE
11:44:18.096 [FXGL Background Thread 3 ] DEBUG Engine               - configClass: Optional.empty
11:44:18.096 [FXGL Background Thread 3 ] DEBUG Engine               - credits: []
11:44:18.098 [FXGL Background Thread 3 ] DEBUG Engine               - defaultCursor: CursorInfo(imageName=fxgl_default_cursor.png, hotspotX=7.0, hotspotY=6.0)
11:44:18.099 [FXGL Background Thread 3 ] DEBUG Engine               - devBBoxColorProperty: ObjectProperty [value: 0xff0000ff]
11:44:18.099 [FXGL Background Thread 3 ] DEBUG Engine               - devEnableDebugCameraProperty: BooleanProperty [value: false]
11:44:18.099 [FXGL Background Thread 3 ] DEBUG Engine               - devSensorColorProperty: ObjectProperty [value: 0xffff00ff]
11:44:18.100 [FXGL Background Thread 3 ] DEBUG Engine               - devShowBBoxProperty: BooleanProperty [value: false]
11:44:18.100 [FXGL Background Thread 3 ] DEBUG Engine               - devShowPositionProperty: BooleanProperty [value: false]
11:44:18.101 [FXGL Background Thread 3 ] DEBUG Engine               - enabledMenuItems: []
11:44:18.101 [FXGL Background Thread 3 ] DEBUG Engine               - engineServices: [class com.almasb.fxgl.app.services.FXGLAssetLoaderService, class com.almasb.fxgl.app.FXGLApplication$GameApplicationService, class com.almasb.fxgl.app.services.FXGLDialogService, class com.almasb.fxgl.app.services.IOTaskExecutorService, class com.almasb.fxgl.io.FileSystemService, class com.almasb.fxgl.localization.LocalizationService, class com.almasb.fxgl.app.services.SystemBundleService, class com.almasb.fxgl.profile.SaveLoadService, class com.almasb.fxgl.ui.FXGLUIFactoryServiceProvider, class com.almasb.fxgl.ui.FXGLDialogFactoryServiceProvider, class com.almasb.fxgl.audio.AudioPlayer, class com.almasb.fxgl.notification.impl.NotificationServiceProvider, class com.almasb.fxgl.achievement.AchievementService, class com.almasb.fxgl.cutscene.CutsceneService, class com.almasb.fxgl.minigames.MiniGameService, class com.almasb.fxgl.net.NetService, class com.almasb.fxgl.app.services.UpdaterService, class com.almasb.fxgl.dev.DevService]
11:44:18.102 [FXGL Background Thread 3 ] DEBUG Engine               - fontGame: Abel-Regular.ttf
11:44:18.102 [FXGL Background Thread 3 ] DEBUG Engine               - fontMono: TerminalLandMono-Regular.otf
11:44:18.102 [FXGL Background Thread 3 ] DEBUG Engine               - fontText: Courier-Prime.ttf
11:44:18.102 [FXGL Background Thread 3 ] DEBUG Engine               - fontUI: VarelaRound-Regular.ttf
11:44:18.102 [FXGL Background Thread 3 ] DEBUG Engine               - fullScreen: BooleanProperty [value: false]
11:44:18.103 [FXGL Background Thread 3 ] DEBUG Engine               - gameDifficulty: MEDIUM
11:44:18.103 [FXGL Background Thread 3 ] DEBUG Engine               - gameDifficultyProperty: ObjectProperty [value: MEDIUM]
11:44:18.103 [FXGL Background Thread 3 ] DEBUG Engine               - globalMusicVolume: 0.5
11:44:18.104 [FXGL Background Thread 3 ] DEBUG Engine               - globalMusicVolumeProperty: DoubleProperty [value: 0.5]
11:44:18.104 [FXGL Background Thread 3 ] DEBUG Engine               - globalSoundVolume: 0.5
11:44:18.104 [FXGL Background Thread 3 ] DEBUG Engine               - globalSoundVolumeProperty: DoubleProperty [value: 0.5]
11:44:18.105 [FXGL Background Thread 3 ] DEBUG Engine               - height: 800
11:44:18.105 [FXGL Background Thread 3 ] DEBUG Engine               - is3D: false
11:44:18.106 [FXGL Background Thread 3 ] DEBUG Engine               - isAndroid: false
11:44:18.106 [FXGL Background Thread 3 ] DEBUG Engine               - isBrowser: false
11:44:18.106 [FXGL Background Thread 3 ] DEBUG Engine               - isClickFeedbackEnabled: false
11:44:18.107 [FXGL Background Thread 3 ] DEBUG Engine               - isCloseConfirmation: false
11:44:18.107 [FXGL Background Thread 3 ] DEBUG Engine               - isDesktop: true
11:44:18.107 [FXGL Background Thread 3 ] DEBUG Engine               - isDeveloperMenuEnabled: true
11:44:18.108 [FXGL Background Thread 3 ] DEBUG Engine               - isEmbedded: false
11:44:18.108 [FXGL Background Thread 3 ] DEBUG Engine               - isEntityPreloadEnabled: true
11:44:18.108 [FXGL Background Thread 3 ] DEBUG Engine               - isExperimentalTiledLargeMap: false
11:44:18.108 [FXGL Background Thread 3 ] DEBUG Engine               - isFileSystemWriteAllowed: true
11:44:18.108 [FXGL Background Thread 3 ] DEBUG Engine               - isFullScreenAllowed: true
11:44:18.108 [FXGL Background Thread 3 ] DEBUG Engine               - isFullScreenFromStart: false
11:44:18.108 [FXGL Background Thread 3 ] DEBUG Engine               - isGameMenuEnabled: true
11:44:18.109 [FXGL Background Thread 3 ] DEBUG Engine               - isIOS: false
11:44:18.109 [FXGL Background Thread 3 ] DEBUG Engine               - isIntroEnabled: false
11:44:18.109 [FXGL Background Thread 3 ] DEBUG Engine               - isLinux: false
11:44:18.109 [FXGL Background Thread 3 ] DEBUG Engine               - isMac: false
11:44:18.110 [FXGL Background Thread 3 ] DEBUG Engine               - isMainMenuEnabled: true
11:44:18.110 [FXGL Background Thread 3 ] DEBUG Engine               - isManualResizeEnabled: false
11:44:18.110 [FXGL Background Thread 3 ] DEBUG Engine               - isMobile: false
11:44:18.110 [FXGL Background Thread 3 ] DEBUG Engine               - isNative: false
11:44:18.110 [FXGL Background Thread 3 ] DEBUG Engine               - isPauseMusicWhenMinimized: true
11:44:18.110 [FXGL Background Thread 3 ] DEBUG Engine               - isPreserveResizeRatio: false
11:44:18.111 [FXGL Background Thread 3 ] DEBUG Engine               - isProfilingEnabled: false
11:44:18.111 [FXGL Background Thread 3 ] DEBUG Engine               - isScaleAffectedOnResize: true
11:44:18.111 [FXGL Background Thread 3 ] DEBUG Engine               - isSingleStep: false
11:44:18.111 [FXGL Background Thread 3 ] DEBUG Engine               - isUserProfileEnabled: false
11:44:18.111 [FXGL Background Thread 3 ] DEBUG Engine               - isWindows: true
11:44:18.111 [FXGL Background Thread 3 ] DEBUG Engine               - language: ObjectProperty [value: ENGLISH]
11:44:18.112 [FXGL Background Thread 3 ] DEBUG Engine               - menuKey: ESCAPE
11:44:18.112 [FXGL Background Thread 3 ] DEBUG Engine               - mouseSensitivity: 0.2
11:44:18.112 [FXGL Background Thread 3 ] DEBUG Engine               - notificationViewClass: class com.almasb.fxgl.notification.view.XboxNotificationView
11:44:18.113 [FXGL Background Thread 3 ] DEBUG Engine               - pixelsPerMeter: 50.0
11:44:18.113 [FXGL Background Thread 3 ] DEBUG Engine               - platform: WINDOWS
11:44:18.114 [FXGL Background Thread 3 ] DEBUG Engine               - prefHeightProperty: ReadOnlyDoubleProperty [value: 800.0]
11:44:18.115 [FXGL Background Thread 3 ] DEBUG Engine               - prefWidthProperty: ReadOnlyDoubleProperty [value: 800.0]
11:44:18.115 [FXGL Background Thread 3 ] DEBUG Engine               - profileDir: profiles/
11:44:18.115 [FXGL Background Thread 3 ] DEBUG Engine               - profileName: StringProperty [value: DEFAULT]
11:44:18.115 [FXGL Background Thread 3 ] DEBUG Engine               - randomSeed: -1
11:44:18.116 [FXGL Background Thread 3 ] DEBUG Engine               - runtimeInfo: RuntimeInfo(platform=WINDOWS, version=17, build=31.12.2021 18.16)
11:44:18.116 [FXGL Background Thread 3 ] DEBUG Engine               - saveFileExt: sav
11:44:18.116 [FXGL Background Thread 3 ] DEBUG Engine               - scaledHeightProp$fxgl: DoubleProperty [bound, value: 800.0]
11:44:18.116 [FXGL Background Thread 3 ] DEBUG Engine               - scaledWidthProp$fxgl: DoubleProperty [bound, value: 800.0]
11:44:18.117 [FXGL Background Thread 3 ] DEBUG Engine               - sceneFactory: com.almasb.fxgl.app.scene.SceneFactory@60d617d8
11:44:18.117 [FXGL Background Thread 3 ] DEBUG Engine               - secondsIn24h: 60
11:44:18.117 [FXGL Background Thread 3 ] DEBUG Engine               - soundMenuBack: menu/back.wav
11:44:18.117 [FXGL Background Thread 3 ] DEBUG Engine               - soundMenuPress: menu/press.wav
11:44:18.117 [FXGL Background Thread 3 ] DEBUG Engine               - soundMenuSelect: menu/select.wav
11:44:18.117 [FXGL Background Thread 3 ] DEBUG Engine               - soundNotification: core/notification.wav
11:44:18.117 [FXGL Background Thread 3 ] DEBUG Engine               - stageStyle: DECORATED
11:44:18.117 [FXGL Background Thread 3 ] DEBUG Engine               - supportedLanguages: [ENGLISH, FRENCH, GERMAN, HUNGARIAN, RUSSIAN]
11:44:18.118 [FXGL Background Thread 3 ] DEBUG Engine               - ticksPerSecond: -1
11:44:18.118 [FXGL Background Thread 3 ] DEBUG Engine               - title: Zelda 2D Game
11:44:18.118 [FXGL Background Thread 3 ] DEBUG Engine               - urlGithub: https://github.com/AlmasB/FXGL
11:44:18.118 [FXGL Background Thread 3 ] DEBUG Engine               - urlLeaderboard: http://fxgl-top.herokuapp.com/
11:44:18.118 [FXGL Background Thread 3 ] DEBUG Engine               - urlPOM: https://raw.githubusercontent.com/AlmasB/FXGL/release/README.md
11:44:18.118 [FXGL Background Thread 3 ] DEBUG Engine               - userAppClass: class com.example.zeldapuzzle.MainGameApp
11:44:18.118 [FXGL Background Thread 3 ] DEBUG Engine               - version: 1
11:44:18.118 [FXGL Background Thread 3 ] DEBUG Engine               - versionCheckDays: 7
11:44:18.119 [FXGL Background Thread 3 ] DEBUG Engine               - width: 800
11:44:18.119 [FXGL Background Thread 3 ] DEBUG Engine               - Logging services
11:44:18.119 [FXGL Background Thread 3 ] DEBUG Engine               - class com.almasb.fxgl.app.services.FXGLAssetLoaderService
11:44:18.119 [FXGL Background Thread 3 ] DEBUG Engine               - class com.almasb.fxgl.app.FXGLApplication$GameApplicationService
11:44:18.119 [FXGL Background Thread 3 ] DEBUG Engine               - class com.almasb.fxgl.app.services.FXGLDialogService
11:44:18.119 [FXGL Background Thread 3 ] DEBUG Engine               - class com.almasb.fxgl.app.services.IOTaskExecutorService
11:44:18.119 [FXGL Background Thread 3 ] DEBUG Engine               - class com.almasb.fxgl.io.FileSystemService
11:44:18.119 [FXGL Background Thread 3 ] DEBUG Engine               - class com.almasb.fxgl.localization.LocalizationService
11:44:18.119 [FXGL Background Thread 3 ] DEBUG Engine               - class com.almasb.fxgl.app.services.SystemBundleService
11:44:18.119 [FXGL Background Thread 3 ] DEBUG Engine               - class com.almasb.fxgl.profile.SaveLoadService
11:44:18.119 [FXGL Background Thread 3 ] DEBUG Engine               - class com.almasb.fxgl.ui.FXGLUIFactoryServiceProvider
11:44:18.119 [FXGL Background Thread 3 ] DEBUG Engine               - class com.almasb.fxgl.ui.FXGLDialogFactoryServiceProvider
11:44:18.119 [FXGL Background Thread 3 ] DEBUG Engine               - class com.almasb.fxgl.audio.AudioPlayer
11:44:18.119 [FXGL Background Thread 3 ] DEBUG Engine               - class com.almasb.fxgl.notification.impl.NotificationServiceProvider
11:44:18.120 [FXGL Background Thread 3 ] DEBUG Engine               - class com.almasb.fxgl.achievement.AchievementService
11:44:18.120 [FXGL Background Thread 3 ] DEBUG Engine               - class com.almasb.fxgl.cutscene.CutsceneService
11:44:18.120 [FXGL Background Thread 3 ] DEBUG Engine               - class com.almasb.fxgl.minigames.MiniGameService
11:44:18.120 [FXGL Background Thread 3 ] DEBUG Engine               - class com.almasb.fxgl.net.NetService
11:44:18.120 [FXGL Background Thread 3 ] DEBUG Engine               - class com.almasb.fxgl.app.services.UpdaterService
11:44:18.121 [FXGL Background Thread 3 ] DEBUG Engine               - class com.almasb.fxgl.dev.DevService
11:44:19.210 [JavaFX Application Thread] WARN  TMXLevelLoader       - TiledMap generated from 1.10.2. Supported version: 1.2.3. Some features may not be parsed fully.
11:44:19.241 [JavaFX Application Thread] DEBUG TMXLevelLoader       - Parsed TiledMap: file:/C:/Users/Utilisateur/IdeaProjects/zeldaPuzzle/target/classes/assets/levels/donjonPasFini.tmx
11:44:19.242 [JavaFX Application Thread] DEBUG TMXLevelLoader       - Creating tile layer entities
11:44:19.244 [JavaFX Application Thread] DEBUG TilesetLoader        - Loading view for layer Calque de Tuiles 2
11:44:19.252 [JavaFX Application Thread] DEBUG TilesetLoader        - Created buffer with size 3200.0x960.0
11:44:19.301 [JavaFX Application Thread] WARN  TilesetLoader        - Diagonally flipped tiles are not currently supported
11:44:19.302 [JavaFX Application Thread] WARN  TilesetLoader        - Diagonally flipped tiles are not currently supported
11:44:19.304 [JavaFX Application Thread] WARN  TilesetLoader        - Diagonally flipped tiles are not currently supported
11:44:19.305 [JavaFX Application Thread] WARN  TilesetLoader        - Diagonally flipped tiles are not currently supported
11:44:19.306 [JavaFX Application Thread] WARN  TilesetLoader        - Diagonally flipped tiles are not currently supported
11:44:19.306 [JavaFX Application Thread] WARN  TilesetLoader        - Diagonally flipped tiles are not currently supported
11:44:19.306 [JavaFX Application Thread] WARN  TilesetLoader        - Diagonally flipped tiles are not currently supported
11:44:19.307 [JavaFX Application Thread] WARN  TilesetLoader        - Diagonally flipped tiles are not currently supported
11:44:19.307 [JavaFX Application Thread] WARN  TilesetLoader        - Diagonally flipped tiles are not currently supported
11:44:19.307 [JavaFX Application Thread] WARN  TilesetLoader        - Diagonally flipped tiles are not currently supported
11:44:19.307 [JavaFX Application Thread] DEBUG TilesetLoader        - Loading view for layer background
11:44:19.316 [JavaFX Application Thread] DEBUG TilesetLoader        - Created buffer with size 3200.0x960.0
11:44:19.337 [JavaFX Application Thread] DEBUG TilesetLoader        - Loading view for layer Calque de Tuiles 3
11:44:19.343 [JavaFX Application Thread] DEBUG TilesetLoader        - Created buffer with size 3200.0x960.0
11:44:19.345 [JavaFX Application Thread] DEBUG TilesetLoader        - Loading view for layer Calque de Tuiles 1
11:44:19.351 [JavaFX Application Thread] DEBUG TilesetLoader        - Created buffer with size 3200.0x960.0
11:44:19.353 [JavaFX Application Thread] DEBUG TMXLevelLoader       - Creating object layer entities
11:44:19.365 [JavaFX Application Thread] DEBUG GameWorld            - Clearing removable entities
11:44:19.369 [JavaFX Application Thread] DEBUG GameWorld            - Setting level: com.almasb.fxgl.entity.level.Level@1c637d97
11:44:19.432 [JavaFX Application Thread] WARN  GameWorld            - Entity is already attached to world
11:44:21.813 [JavaFX Application Thread] WARN  GameWorld            - Entity is already attached to world
11:44:22.828 [JavaFX Application Thread] WARN  GameWorld            - Entity is already attached to world
11:44:22.828 [JavaFX Application Thread] WARN  GameWorld            - Entity is already attached to world
11:44:23.206 [JavaFX Application Thread] WARN  GameWorld            - Entity is already attached to world
11:44:26.287 [JavaFX Application Thread] DEBUG FXGLApplication      - Exiting FXGL
11:44:26.287 [JavaFX Application Thread] DEBUG LoopRunner           - Stopping loop
11:44:26.287 [JavaFX Application Thread] DEBUG SystemBundleService  - Saving FXGL system data
11:44:26.290 [JavaFX Application Thread] DEBUG FileSystemAccess     - Writing to: C:\Users\Utilisateur\IdeaProjects\zeldaPuzzle\system\fxgl.bundle
11:44:26.293 [JavaFX Application Thread] DEBUG Async                - Shutting down background threads
11:44:26.293 [JavaFX Application Thread] DEBUG PrimaryStageWindow   - Closing main window
11:44:26.319 [JavaFX Application Thread] DEBUG Logger               - Closing Logger
