09:25:51.873 [main                     ] DEBUG Logger               - Configured Logger
09:25:51.909 [main                     ] DEBUG GameApplication      - Logging settings
Title: Zelda 2D Game
Version: 1
Width: 800
Height: 800
Fullscreen: false
Intro: false
Profiling: false
Single step:false
App Mode: DEVELOPER
Menu Key: ESCAPE
Stage Style: DECORATED
Scene Factory: class com.almasb.fxgl.app.scene.SceneFactory

09:25:52.252 [JavaFX Application Thread] DEBUG FXGLApplication      - Initializing FXGL
09:25:52.257 [JavaFX Application Thread] INFO  Engine               - FXGL-17 (31.12.2021 18.16) on MAC (J:21.0.2 FX:19)
09:25:52.257 [JavaFX Application Thread] DEBUG Engine               - JRE Vendor Name: Oracle Corporation
09:25:52.258 [JavaFX Application Thread] DEBUG Engine               - Running on OS: Mac OS X version 12.5
09:25:52.258 [JavaFX Application Thread] DEBUG Engine               - Architecture: aarch64
09:25:52.258 [JavaFX Application Thread] INFO  Engine               - Source code and latest versions at: https://github.com/AlmasB/FXGL
09:25:52.258 [JavaFX Application Thread] INFO  Engine               -       Ask questions and discuss at: https://github.com/AlmasB/FXGL/discussions
09:25:52.258 [JavaFX Application Thread] INFO  Engine               -              Join the FXGL chat at: https://gitter.im/AlmasB/FXGL
09:25:52.354 [JavaFX Application Thread] DEBUG PrimaryStageWindow   - Creating a JavaFX scene
09:25:52.399 [JavaFX Application Thread] DEBUG PrimaryStageWindow   - Target settings size: 800.0 x 800.0
09:25:52.400 [JavaFX Application Thread] DEBUG PrimaryStageWindow   - Scaled scene size:    800.0 x 800.0
09:25:52.400 [JavaFX Application Thread] DEBUG PrimaryStageWindow   - Scaled ratio: (1.0, 1.0)
09:25:52.401 [JavaFX Application Thread] DEBUG PrimaryStageWindow   - Set initial scene to FXGLStartupScene
09:25:52.406 [JavaFX Application Thread] DEBUG PrimaryStageWindow   - Opening main window
09:25:52.554 [JavaFX Application Thread] DEBUG PrimaryStageWindow   - Window border size: (0.0, 28.0)
09:25:52.554 [JavaFX Application Thread] DEBUG PrimaryStageWindow   - Scaled size: 800.0 x 800.0
09:25:52.554 [JavaFX Application Thread] DEBUG PrimaryStageWindow   - Scaled ratio: (1.0, 1.0)
09:25:52.555 [JavaFX Application Thread] DEBUG PrimaryStageWindow   - Scene size: 800.0 x 800.0
09:25:52.555 [JavaFX Application Thread] DEBUG PrimaryStageWindow   - Stage size: 800.0 x 828.0
09:25:52.562 [FXGL Background Thread 1 ] DEBUG Engine               - Initializing environment variables
09:25:52.623 [FXGL Background Thread 1 ] DEBUG FXGLAssetLoaderServi - User app class for loading assets: class com.example.zeldapuzzle.MainGameApp
09:25:52.623 [FXGL Background Thread 1 ] DEBUG GameApplicationServi - Applying CSS: fxgl_dark.css
09:25:52.624 [FXGL Background Thread 1 ] DEBUG FXGLAssetLoaderServi - Loading from file system: jar:file:///Users/CHLaroche05/.m2/repository/com/github/almasb/fxgl/17/fxgl-17.jar!/fxglassets/ui/css/fxgl_dark.css
09:25:52.696 [FXGL Background Thread 1 ] DEBUG GameApplicationServi - Initializing application scenes
09:25:52.951 [FXGL Background Thread 1 ] DEBUG GameWorld            - Game world initialized
09:25:53.004 [FXGL Background Thread 1 ] DEBUG PhysicsWorld         - Physics world initialized: appHeight=800, physics.ppm=50.0
09:25:53.004 [FXGL Background Thread 1 ] DEBUG PhysicsWorld         - Using strategy: BRUTE_FORCE
09:25:53.007 [FXGL Background Thread 1 ] DEBUG GameScene            - Game scene initialized: 800x800
09:25:53.016 [FXGL Background Thread 1 ] DEBUG FXGL.DefaultMenu     - createMenuBodyMainMenu()
09:25:53.033 [FXGL Background Thread 1 ] DEBUG FXGL.DefaultMenu     - createOptionsMenu()
09:25:53.040 [FXGL Background Thread 1 ] DEBUG FXGLAssetLoaderServi - Loading from file system: jar:file:///Users/CHLaroche05/.m2/repository/com/github/almasb/fxgl/17/fxgl-17.jar!/fxglassets/textures/particles/smoke.png
09:25:53.115 [FXGL Background Thread 1 ] DEBUG FXGLAssetLoaderServi - Loading from file system: jar:file:///Users/CHLaroche05/.m2/repository/com/github/almasb/fxgl/17/fxgl-17.jar!/fxglassets/textures/particles/trace_horizontal.png
09:25:53.141 [FXGL Background Thread 1 ] DEBUG FXGL.DefaultMenu     - createMenuBodyGameMenu()
09:25:53.141 [FXGL Background Thread 1 ] DEBUG FXGL.DefaultMenu     - createOptionsMenu()
09:25:53.152 [FXGL Background Thread 1 ] DEBUG GameApplicationServi - Application scenes initialized
09:25:53.159 [FXGL Background Thread 1 ] DEBUG SystemBundleService  - Loading FXGL system data
09:25:53.162 [FXGL Background Thread 1 ] DEBUG FileSystemAccess     - Reading from: /Users/CHLaroche05/zelda/zeldaPuzzle/system/fxgl.bundle
09:25:53.174 [FXGL Background Thread 1 ] DEBUG SystemBundleService  - Bundle FXGL: {}
09:25:53.174 [FXGL Background Thread 1 ] DEBUG UpdaterService       - Checking for updates
09:25:53.176 [FXGL Background Thread 4 ] DEBUG FXGLApplication      - Loading fonts
09:25:53.177 [FXGL Background Thread 4 ] DEBUG FXGLAssetLoaderServi - Loading from file system: jar:file:///Users/CHLaroche05/.m2/repository/com/github/almasb/fxgl/17/fxgl-17.jar!/fxglassets/ui/fonts/VarelaRound-Regular.ttf
09:25:53.177 [FXGL Background Thread 1 ] DEBUG FXGLApplication      - Loading default localization
09:25:53.177 [FXGL Background Thread 1 ] DEBUG FXGLAssetLoaderServi - Loading from file system: jar:file:///Users/CHLaroche05/.m2/repository/com/github/almasb/fxgl/17/fxgl-17.jar!/fxglassets/languages/english.lang
09:25:53.184 [FXGL Background Thread 4 ] DEBUG FXGLAssetLoaderServi - Loading from file system: jar:file:///Users/CHLaroche05/.m2/repository/com/github/almasb/fxgl/17/fxgl-17.jar!/fxglassets/ui/fonts/Abel-Regular.ttf
09:25:53.186 [FXGL Background Thread 4 ] DEBUG FXGLAssetLoaderServi - Loading from file system: jar:file:///Users/CHLaroche05/.m2/repository/com/github/almasb/fxgl/17/fxgl-17.jar!/fxglassets/ui/fonts/TerminalLandMono-Regular.otf
09:25:53.188 [FXGL Background Thread 4 ] DEBUG FXGLAssetLoaderServi - Loading from file system: jar:file:///Users/CHLaroche05/.m2/repository/com/github/almasb/fxgl/17/fxgl-17.jar!/fxglassets/ui/fonts/Courier-Prime.ttf
09:25:53.189 [FXGL Background Thread 1 ] INFO  FXGLApplication      - FXGL initialization took: 0.627 sec
09:25:53.194 [JavaFX Application Thread] DEBUG Input                - Registered new binding: getPosition - P
09:25:53.194 [JavaFX Application Thread] DEBUG Input                - Registered new binding: zoom+ - Up
09:25:53.194 [JavaFX Application Thread] DEBUG Input                - Registered new binding: zoom- - Down
09:25:53.194 [JavaFX Application Thread] DEBUG Input                - Registered new binding: resetZoom - 0
09:25:53.195 [JavaFX Application Thread] DEBUG Input                - Registered new binding: Move right - D
09:25:53.195 [JavaFX Application Thread] DEBUG Input                - Registered new binding: Move left - A
09:25:53.195 [JavaFX Application Thread] DEBUG Input                - Registered new binding: Move Up - W
09:25:53.195 [JavaFX Application Thread] DEBUG Input                - Registered new binding: Move Down - S
09:25:53.195 [JavaFX Application Thread] DEBUG FXGLAssetLoaderServi - Loading from file system: jar:file:///Users/CHLaroche05/.m2/repository/com/github/almasb/fxgl/17/fxgl-17.jar!/fxglassets/textures/fxgl_icon.png
09:25:53.220 [JavaFX Application Thread] DEBUG FXGLAssetLoaderServi - Loading from file system: jar:file:///Users/CHLaroche05/.m2/repository/com/github/almasb/fxgl/17/fxgl-17.jar!/fxglassets/textures/fxgl_default_cursor.png
09:25:53.222 [JavaFX Application Thread] DEBUG Input                - Registered new binding: Screenshot - CTRL+8
09:25:53.222 [JavaFX Application Thread] DEBUG Input                - Registered new binding: System info dump - CTRL+9
09:25:53.222 [JavaFX Application Thread] DEBUG Input                - Registered new binding: Restart - CTRL+R
09:25:53.222 [JavaFX Application Thread] DEBUG Input                - Registered new binding: Toggle Debug Camera - CTRL+7
09:25:53.223 [JavaFX Application Thread] DEBUG LoopRunner           - Starting loop
09:25:53.224 [JavaFX Application Thread] DEBUG LoopRunner           - Initializing JavaFX AnimationTimerLoop
09:25:53.225 [JavaFX Application Thread] DEBUG Input                - Clearing active input actions
09:25:53.229 [JavaFX Application Thread] DEBUG GameApplicationServi - Removing overlay from FXGLStartupScene and adding to FXGLMainMenuDummyScene
09:25:53.230 [JavaFX Application Thread] DEBUG PrimaryStageWindow   - FXGLStartupScene -> FXGLMainMenuDummyScene
09:25:53.230 [JavaFX Application Thread] DEBUG PrimaryStageWindow   - Push state: FXGLDefaultMenu
09:25:53.232 [JavaFX Application Thread] DEBUG Input                - Clearing active input actions
09:25:53.238 [JavaFX Application Thread] DEBUG GameApplicationServi - Removing overlay from FXGLMainMenuDummyScene and adding to FXGLDefaultMenu
09:25:53.238 [JavaFX Application Thread] DEBUG PrimaryStageWindow   - FXGLMainMenuDummyScene -> FXGLDefaultMenu
09:25:53.259 [JavaFX Application Thread] DEBUG FXGLApplication      - Registering font factories with UI factory
09:25:53.557 [FXGL Background Thread 2 ] INFO  UpdaterService       - Your current version:  17
09:25:53.557 [FXGL Background Thread 2 ] INFO  UpdaterService       - Latest stable version: 21
09:25:54.497 [JavaFX Application Thread] DEBUG Menu                 - fireNewGame()
09:25:54.498 [JavaFX Application Thread] DEBUG GameApplicationServi - Starting new game
09:25:54.499 [JavaFX Application Thread] DEBUG PrimaryStageWindow   - Pop state: FXGLDefaultMenu
09:25:54.499 [JavaFX Application Thread] DEBUG Input                - Clearing active input actions
09:25:54.500 [JavaFX Application Thread] DEBUG GameApplicationServi - Removing overlay from FXGLDefaultMenu and adding to FXGLMainMenuDummyScene
09:25:54.500 [JavaFX Application Thread] DEBUG PrimaryStageWindow   - FXGLMainMenuDummyScene <- FXGLDefaultMenu
09:25:54.500 [JavaFX Application Thread] DEBUG Input                - Clearing active input actions
09:25:54.508 [JavaFX Application Thread] DEBUG GameApplicationServi - Removing overlay from FXGLMainMenuDummyScene and adding to FXGLLoadingScene
09:25:54.508 [JavaFX Application Thread] DEBUG PrimaryStageWindow   - FXGLMainMenuDummyScene -> FXGLLoadingScene
09:25:54.509 [JavaFX Application Thread] DEBUG GameApplicationServi - Clearing previous game
09:25:54.509 [JavaFX Application Thread] DEBUG GameScene            - Clearing game scene
09:25:54.509 [JavaFX Application Thread] DEBUG GameWorld            - Clearing game world
09:25:54.509 [JavaFX Application Thread] DEBUG PhysicsWorld         - Clearing physics world
09:25:54.510 [FXGL Background Thread 2 ] DEBUG FXGLApplication      - Initializing game
09:25:54.627 [FXGL Background Thread 2 ] WARN  GameWorld            - Entity is already attached to world
09:25:54.643 [FXGL Background Thread 2 ] WARN  GameWorld            - Entity is already attached to world
09:25:54.651 [FXGL Background Thread 2 ] WARN  GameWorld            - Entity is already attached to world
09:25:54.652 [FXGL Background Thread 2 ] INFO  FXGLApplication      - Game initialization took: 0.142 sec
09:25:54.653 [JavaFX Application Thread] DEBUG Input                - Clearing active input actions
09:25:54.658 [JavaFX Application Thread] DEBUG GameApplicationServi - Removing overlay from FXGLLoadingScene and adding to GameScene
09:25:54.658 [JavaFX Application Thread] DEBUG PrimaryStageWindow   - FXGLLoadingScene -> GameScene
09:25:56.181 [FXGL Background Thread 3 ] DEBUG Engine               - Logging environment variables
09:25:56.183 [FXGL Background Thread 3 ] DEBUG Engine               - achievements: []
09:25:56.183 [FXGL Background Thread 3 ] DEBUG Engine               - actualHeight: 800.0
09:25:56.183 [FXGL Background Thread 3 ] DEBUG Engine               - actualHeightProperty: ReadOnlyDoubleProperty [value: 800.0]
09:25:56.183 [FXGL Background Thread 3 ] DEBUG Engine               - actualWidth: 800.0
09:25:56.183 [FXGL Background Thread 3 ] DEBUG Engine               - actualWidthProperty: ReadOnlyDoubleProperty [value: 800.0]
09:25:56.184 [FXGL Background Thread 3 ] DEBUG Engine               - appIcon: fxgl_icon.png
09:25:56.184 [FXGL Background Thread 3 ] DEBUG Engine               - applicationMode: DEVELOPER
09:25:56.184 [FXGL Background Thread 3 ] DEBUG Engine               - cSSList: [fxgl_dark.css]
09:25:56.184 [FXGL Background Thread 3 ] DEBUG Engine               - collisionDetectionStrategy: BRUTE_FORCE
09:25:56.184 [FXGL Background Thread 3 ] DEBUG Engine               - configClass: Optional.empty
09:25:56.184 [FXGL Background Thread 3 ] DEBUG Engine               - credits: []
09:25:56.185 [FXGL Background Thread 3 ] DEBUG Engine               - defaultCursor: CursorInfo(imageName=fxgl_default_cursor.png, hotspotX=7.0, hotspotY=6.0)
09:25:56.185 [FXGL Background Thread 3 ] DEBUG Engine               - devBBoxColorProperty: ObjectProperty [value: 0xff0000ff]
09:25:56.186 [FXGL Background Thread 3 ] DEBUG Engine               - devEnableDebugCameraProperty: BooleanProperty [value: false]
09:25:56.186 [FXGL Background Thread 3 ] DEBUG Engine               - devSensorColorProperty: ObjectProperty [value: 0xffff00ff]
09:25:56.186 [FXGL Background Thread 3 ] DEBUG Engine               - devShowBBoxProperty: BooleanProperty [value: false]
09:25:56.186 [FXGL Background Thread 3 ] DEBUG Engine               - devShowPositionProperty: BooleanProperty [value: false]
09:25:56.186 [FXGL Background Thread 3 ] DEBUG Engine               - enabledMenuItems: []
09:25:56.186 [FXGL Background Thread 3 ] DEBUG Engine               - engineServices: [class com.almasb.fxgl.app.services.FXGLAssetLoaderService, class com.almasb.fxgl.app.FXGLApplication$GameApplicationService, class com.almasb.fxgl.app.services.FXGLDialogService, class com.almasb.fxgl.app.services.IOTaskExecutorService, class com.almasb.fxgl.io.FileSystemService, class com.almasb.fxgl.localization.LocalizationService, class com.almasb.fxgl.app.services.SystemBundleService, class com.almasb.fxgl.profile.SaveLoadService, class com.almasb.fxgl.ui.FXGLUIFactoryServiceProvider, class com.almasb.fxgl.ui.FXGLDialogFactoryServiceProvider, class com.almasb.fxgl.audio.AudioPlayer, class com.almasb.fxgl.notification.impl.NotificationServiceProvider, class com.almasb.fxgl.achievement.AchievementService, class com.almasb.fxgl.cutscene.CutsceneService, class com.almasb.fxgl.minigames.MiniGameService, class com.almasb.fxgl.net.NetService, class com.almasb.fxgl.app.services.UpdaterService, class com.almasb.fxgl.dev.DevService]
09:25:56.186 [FXGL Background Thread 3 ] DEBUG Engine               - fontGame: Abel-Regular.ttf
09:25:56.186 [FXGL Background Thread 3 ] DEBUG Engine               - fontMono: TerminalLandMono-Regular.otf
09:25:56.187 [FXGL Background Thread 3 ] DEBUG Engine               - fontText: Courier-Prime.ttf
09:25:56.187 [FXGL Background Thread 3 ] DEBUG Engine               - fontUI: VarelaRound-Regular.ttf
09:25:56.187 [FXGL Background Thread 3 ] DEBUG Engine               - fullScreen: BooleanProperty [value: false]
09:25:56.187 [FXGL Background Thread 3 ] DEBUG Engine               - gameDifficulty: MEDIUM
09:25:56.187 [FXGL Background Thread 3 ] DEBUG Engine               - gameDifficultyProperty: ObjectProperty [value: MEDIUM]
09:25:56.187 [FXGL Background Thread 3 ] DEBUG Engine               - globalMusicVolume: 0.5
09:25:56.187 [FXGL Background Thread 3 ] DEBUG Engine               - globalMusicVolumeProperty: DoubleProperty [value: 0.5]
09:25:56.187 [FXGL Background Thread 3 ] DEBUG Engine               - globalSoundVolume: 0.5
09:25:56.188 [FXGL Background Thread 3 ] DEBUG Engine               - globalSoundVolumeProperty: DoubleProperty [value: 0.5]
09:25:56.188 [FXGL Background Thread 3 ] DEBUG Engine               - height: 800
09:25:56.188 [FXGL Background Thread 3 ] DEBUG Engine               - is3D: false
09:25:56.188 [FXGL Background Thread 3 ] DEBUG Engine               - isAndroid: false
09:25:56.188 [FXGL Background Thread 3 ] DEBUG Engine               - isBrowser: false
09:25:56.188 [FXGL Background Thread 3 ] DEBUG Engine               - isClickFeedbackEnabled: false
09:25:56.189 [FXGL Background Thread 3 ] DEBUG Engine               - isCloseConfirmation: false
09:25:56.189 [FXGL Background Thread 3 ] DEBUG Engine               - isDesktop: true
09:25:56.189 [FXGL Background Thread 3 ] DEBUG Engine               - isDeveloperMenuEnabled: false
09:25:56.189 [FXGL Background Thread 3 ] DEBUG Engine               - isEmbedded: false
09:25:56.189 [FXGL Background Thread 3 ] DEBUG Engine               - isEntityPreloadEnabled: true
09:25:56.189 [FXGL Background Thread 3 ] DEBUG Engine               - isExperimentalTiledLargeMap: false
09:25:56.189 [FXGL Background Thread 3 ] DEBUG Engine               - isFileSystemWriteAllowed: true
09:25:56.189 [FXGL Background Thread 3 ] DEBUG Engine               - isFullScreenAllowed: false
09:25:56.189 [FXGL Background Thread 3 ] DEBUG Engine               - isFullScreenFromStart: false
09:25:56.189 [FXGL Background Thread 3 ] DEBUG Engine               - isGameMenuEnabled: true
09:25:56.189 [FXGL Background Thread 3 ] DEBUG Engine               - isIOS: false
09:25:56.189 [FXGL Background Thread 3 ] DEBUG Engine               - isIntroEnabled: false
09:25:56.189 [FXGL Background Thread 3 ] DEBUG Engine               - isLinux: false
09:25:56.189 [FXGL Background Thread 3 ] DEBUG Engine               - isMac: true
09:25:56.189 [FXGL Background Thread 3 ] DEBUG Engine               - isMainMenuEnabled: true
09:25:56.189 [FXGL Background Thread 3 ] DEBUG Engine               - isManualResizeEnabled: false
09:25:56.190 [FXGL Background Thread 3 ] DEBUG Engine               - isMobile: false
09:25:56.190 [FXGL Background Thread 3 ] DEBUG Engine               - isNative: false
09:25:56.190 [FXGL Background Thread 3 ] DEBUG Engine               - isPauseMusicWhenMinimized: true
09:25:56.190 [FXGL Background Thread 3 ] DEBUG Engine               - isPreserveResizeRatio: false
09:25:56.190 [FXGL Background Thread 3 ] DEBUG Engine               - isProfilingEnabled: false
09:25:56.190 [FXGL Background Thread 3 ] DEBUG Engine               - isScaleAffectedOnResize: true
09:25:56.190 [FXGL Background Thread 3 ] DEBUG Engine               - isSingleStep: false
09:25:56.190 [FXGL Background Thread 3 ] DEBUG Engine               - isUserProfileEnabled: false
09:25:56.190 [FXGL Background Thread 3 ] DEBUG Engine               - isWindows: false
09:25:56.190 [FXGL Background Thread 3 ] DEBUG Engine               - language: ObjectProperty [value: ENGLISH]
09:25:56.190 [FXGL Background Thread 3 ] DEBUG Engine               - menuKey: ESCAPE
09:25:56.190 [FXGL Background Thread 3 ] DEBUG Engine               - mouseSensitivity: 0.2
09:25:56.190 [FXGL Background Thread 3 ] DEBUG Engine               - notificationViewClass: class com.almasb.fxgl.notification.view.XboxNotificationView
09:25:56.190 [FXGL Background Thread 3 ] DEBUG Engine               - pixelsPerMeter: 50.0
09:25:56.190 [FXGL Background Thread 3 ] DEBUG Engine               - platform: MAC
09:25:56.191 [FXGL Background Thread 3 ] DEBUG Engine               - prefHeightProperty: ReadOnlyDoubleProperty [value: 800.0]
09:25:56.191 [FXGL Background Thread 3 ] DEBUG Engine               - prefWidthProperty: ReadOnlyDoubleProperty [value: 800.0]
09:25:56.191 [FXGL Background Thread 3 ] DEBUG Engine               - profileDir: profiles/
09:25:56.191 [FXGL Background Thread 3 ] DEBUG Engine               - profileName: StringProperty [value: DEFAULT]
09:25:56.191 [FXGL Background Thread 3 ] DEBUG Engine               - randomSeed: -1
09:25:56.191 [FXGL Background Thread 3 ] DEBUG Engine               - runtimeInfo: RuntimeInfo(platform=MAC, version=17, build=31.12.2021 18.16)
09:25:56.192 [FXGL Background Thread 3 ] DEBUG Engine               - saveFileExt: sav
09:25:56.192 [FXGL Background Thread 3 ] DEBUG Engine               - scaledHeightProp$fxgl: DoubleProperty [bound, value: 800.0]
09:25:56.192 [FXGL Background Thread 3 ] DEBUG Engine               - scaledWidthProp$fxgl: DoubleProperty [bound, value: 800.0]
09:25:56.192 [FXGL Background Thread 3 ] DEBUG Engine               - sceneFactory: com.almasb.fxgl.app.scene.SceneFactory@7698ecda
09:25:56.192 [FXGL Background Thread 3 ] DEBUG Engine               - secondsIn24h: 60
09:25:56.192 [FXGL Background Thread 3 ] DEBUG Engine               - soundMenuBack: menu/back.wav
09:25:56.192 [FXGL Background Thread 3 ] DEBUG Engine               - soundMenuPress: menu/press.wav
09:25:56.192 [FXGL Background Thread 3 ] DEBUG Engine               - soundMenuSelect: menu/select.wav
09:25:56.192 [FXGL Background Thread 3 ] DEBUG Engine               - soundNotification: core/notification.wav
09:25:56.192 [FXGL Background Thread 3 ] DEBUG Engine               - stageStyle: DECORATED
09:25:56.192 [FXGL Background Thread 3 ] DEBUG Engine               - supportedLanguages: [ENGLISH, FRENCH, GERMAN, HUNGARIAN, RUSSIAN]
09:25:56.192 [FXGL Background Thread 3 ] DEBUG Engine               - ticksPerSecond: -1
09:25:56.192 [FXGL Background Thread 3 ] DEBUG Engine               - title: Zelda 2D Game
09:25:56.192 [FXGL Background Thread 3 ] DEBUG Engine               - urlGithub: https://github.com/AlmasB/FXGL
09:25:56.192 [FXGL Background Thread 3 ] DEBUG Engine               - urlLeaderboard: http://fxgl-top.herokuapp.com/
09:25:56.192 [FXGL Background Thread 3 ] DEBUG Engine               - urlPOM: https://raw.githubusercontent.com/AlmasB/FXGL/release/README.md
09:25:56.193 [FXGL Background Thread 3 ] DEBUG Engine               - userAppClass: class com.example.zeldapuzzle.MainGameApp
09:25:56.193 [FXGL Background Thread 3 ] DEBUG Engine               - version: 1
09:25:56.193 [FXGL Background Thread 3 ] DEBUG Engine               - versionCheckDays: 7
09:25:56.193 [FXGL Background Thread 3 ] DEBUG Engine               - width: 800
09:25:56.193 [FXGL Background Thread 3 ] DEBUG Engine               - Logging services
09:25:56.193 [FXGL Background Thread 3 ] DEBUG Engine               - class com.almasb.fxgl.app.services.FXGLAssetLoaderService
09:25:56.193 [FXGL Background Thread 3 ] DEBUG Engine               - class com.almasb.fxgl.app.FXGLApplication$GameApplicationService
09:25:56.193 [FXGL Background Thread 3 ] DEBUG Engine               - class com.almasb.fxgl.app.services.FXGLDialogService
09:25:56.193 [FXGL Background Thread 3 ] DEBUG Engine               - class com.almasb.fxgl.app.services.IOTaskExecutorService
09:25:56.193 [FXGL Background Thread 3 ] DEBUG Engine               - class com.almasb.fxgl.io.FileSystemService
09:25:56.193 [FXGL Background Thread 3 ] DEBUG Engine               - class com.almasb.fxgl.localization.LocalizationService
09:25:56.193 [FXGL Background Thread 3 ] DEBUG Engine               - class com.almasb.fxgl.app.services.SystemBundleService
09:25:56.193 [FXGL Background Thread 3 ] DEBUG Engine               - class com.almasb.fxgl.profile.SaveLoadService
09:25:56.193 [FXGL Background Thread 3 ] DEBUG Engine               - class com.almasb.fxgl.ui.FXGLUIFactoryServiceProvider
09:25:56.193 [FXGL Background Thread 3 ] DEBUG Engine               - class com.almasb.fxgl.ui.FXGLDialogFactoryServiceProvider
09:25:56.193 [FXGL Background Thread 3 ] DEBUG Engine               - class com.almasb.fxgl.audio.AudioPlayer
09:25:56.193 [FXGL Background Thread 3 ] DEBUG Engine               - class com.almasb.fxgl.notification.impl.NotificationServiceProvider
09:25:56.193 [FXGL Background Thread 3 ] DEBUG Engine               - class com.almasb.fxgl.achievement.AchievementService
09:25:56.193 [FXGL Background Thread 3 ] DEBUG Engine               - class com.almasb.fxgl.cutscene.CutsceneService
09:25:56.193 [FXGL Background Thread 3 ] DEBUG Engine               - class com.almasb.fxgl.minigames.MiniGameService
09:25:56.193 [FXGL Background Thread 3 ] DEBUG Engine               - class com.almasb.fxgl.net.NetService
09:25:56.193 [FXGL Background Thread 3 ] DEBUG Engine               - class com.almasb.fxgl.app.services.UpdaterService
09:25:56.193 [FXGL Background Thread 3 ] DEBUG Engine               - class com.almasb.fxgl.dev.DevService
09:26:41.780 [JavaFX Application Thread] DEBUG FXGLApplication      - Exiting FXGL
09:26:41.780 [JavaFX Application Thread] DEBUG LoopRunner           - Stopping loop
09:26:41.780 [JavaFX Application Thread] DEBUG SystemBundleService  - Saving FXGL system data
09:26:41.786 [JavaFX Application Thread] DEBUG FileSystemAccess     - Writing to: /Users/CHLaroche05/zelda/zeldaPuzzle/system/fxgl.bundle
09:26:41.790 [JavaFX Application Thread] DEBUG Async                - Shutting down background threads
09:26:41.790 [JavaFX Application Thread] DEBUG PrimaryStageWindow   - Closing main window
09:26:41.798 [JavaFX Application Thread] DEBUG Logger               - Closing Logger
