10:59:19.561 [main                     ] DEBUG Logger               - Configured Logger
10:59:19.577 [main                     ] DEBUG GameApplication      - Logging settings
Title: Untitled
Version: 0.0
Width: 800
Height: 600
Fullscreen: false
Intro: false
Profiling: false
Single step:false
App Mode: DEVELOPER
Menu Key: ESCAPE
Stage Style: DECORATED
Scene Factory: class com.almasb.fxgl.app.scene.SceneFactory

10:59:19.770 [JavaFX Application Thread] DEBUG FXGLApplication      - Initializing FXGL
10:59:19.773 [JavaFX Application Thread] INFO  Engine               - FXGL-17 (31.12.2021 18.16) on WINDOWS (J:21.0.2 FX:19)
10:59:19.774 [JavaFX Application Thread] DEBUG Engine               - JRE Vendor Name: Oracle Corporation
10:59:19.774 [JavaFX Application Thread] DEBUG Engine               - Running on OS: Windows 11 version 10.0
10:59:19.774 [JavaFX Application Thread] DEBUG Engine               - Architecture: amd64
10:59:19.774 [JavaFX Application Thread] INFO  Engine               - Source code and latest versions at: https://github.com/AlmasB/FXGL
10:59:19.775 [JavaFX Application Thread] INFO  Engine               -       Ask questions and discuss at: https://github.com/AlmasB/FXGL/discussions
10:59:19.775 [JavaFX Application Thread] INFO  Engine               -              Join the FXGL chat at: https://gitter.im/AlmasB/FXGL
10:59:19.826 [JavaFX Application Thread] DEBUG PrimaryStageWindow   - Creating a JavaFX scene
10:59:19.853 [JavaFX Application Thread] DEBUG PrimaryStageWindow   - Target settings size: 800.0 x 600.0
10:59:19.853 [JavaFX Application Thread] DEBUG PrimaryStageWindow   - Scaled scene size:    800.0 x 600.0
10:59:19.853 [JavaFX Application Thread] DEBUG PrimaryStageWindow   - Scaled ratio: (1.0, 1.0)
10:59:19.853 [JavaFX Application Thread] DEBUG PrimaryStageWindow   - Set initial scene to FXGLStartupScene
10:59:19.855 [JavaFX Application Thread] DEBUG PrimaryStageWindow   - Opening main window
10:59:19.902 [JavaFX Application Thread] DEBUG PrimaryStageWindow   - Window border size: (16.0, 39.0)
10:59:19.902 [JavaFX Application Thread] DEBUG PrimaryStageWindow   - Scaled size: 800.0 x 600.0
10:59:19.902 [JavaFX Application Thread] DEBUG PrimaryStageWindow   - Scaled ratio: (1.0, 1.0)
10:59:19.902 [JavaFX Application Thread] DEBUG PrimaryStageWindow   - Scene size: 800.0 x 600.0
10:59:19.902 [JavaFX Application Thread] DEBUG PrimaryStageWindow   - Stage size: 816.0 x 639.0
10:59:19.908 [FXGL Background Thread 1 ] DEBUG Engine               - Initializing environment variables
10:59:19.942 [FXGL Background Thread 1 ] DEBUG FXGLAssetLoaderServi - User app class for loading assets: class com.example.zeldapuzzle.animation.spriteAnimations
10:59:19.942 [FXGL Background Thread 1 ] DEBUG GameApplicationServi - Applying CSS: fxgl_dark.css
10:59:19.943 [FXGL Background Thread 1 ] DEBUG FXGLAssetLoaderServi - Loading from file system: jar:file:///C:/Users/User/.m2/repository/com/github/almasb/fxgl/17/fxgl-17.jar!/fxglassets/ui/css/fxgl_dark.css
10:59:19.972 [FXGL Background Thread 1 ] DEBUG GameApplicationServi - Initializing application scenes
10:59:20.006 [FXGL Background Thread 1 ] DEBUG GameWorld            - Game world initialized
10:59:20.047 [FXGL Background Thread 1 ] DEBUG PhysicsWorld         - Physics world initialized: appHeight=600, physics.ppm=50.0
10:59:20.047 [FXGL Background Thread 1 ] DEBUG PhysicsWorld         - Using strategy: BRUTE_FORCE
10:59:20.049 [FXGL Background Thread 1 ] DEBUG GameScene            - Game scene initialized: 800x600
10:59:20.056 [FXGL Background Thread 1 ] DEBUG FXGL.DefaultMenu     - createMenuBodyGameMenu()
10:59:20.063 [FXGL Background Thread 1 ] DEBUG FXGL.DefaultMenu     - createOptionsMenu()
10:59:20.070 [FXGL Background Thread 1 ] DEBUG FXGLAssetLoaderServi - Loading from file system: jar:file:///C:/Users/User/.m2/repository/com/github/almasb/fxgl/17/fxgl-17.jar!/fxglassets/textures/particles/smoke.png
10:59:20.120 [FXGL Background Thread 1 ] DEBUG FXGLAssetLoaderServi - Loading from file system: jar:file:///C:/Users/User/.m2/repository/com/github/almasb/fxgl/17/fxgl-17.jar!/fxglassets/textures/particles/trace_horizontal.png
10:59:20.137 [FXGL Background Thread 1 ] DEBUG GameApplicationServi - Application scenes initialized
10:59:20.144 [FXGL Background Thread 1 ] DEBUG SystemBundleService  - Loading FXGL system data
10:59:20.146 [FXGL Background Thread 1 ] DEBUG FileSystemAccess     - Reading from: C:\Users\User\zeldaPuzzle\system\fxgl.bundle
10:59:20.152 [FXGL Background Thread 1 ] DEBUG SystemBundleService  - Bundle FXGL: {}
10:59:20.152 [FXGL Background Thread 1 ] DEBUG UpdaterService       - Checking for updates
10:59:20.154 [FXGL Background Thread 4 ] DEBUG FXGLApplication      - Loading fonts
10:59:20.154 [FXGL Background Thread 1 ] DEBUG FXGLApplication      - Loading default localization
10:59:20.154 [FXGL Background Thread 4 ] DEBUG FXGLAssetLoaderServi - Loading from file system: jar:file:///C:/Users/User/.m2/repository/com/github/almasb/fxgl/17/fxgl-17.jar!/fxglassets/ui/fonts/VarelaRound-Regular.ttf
10:59:20.155 [FXGL Background Thread 1 ] DEBUG FXGLAssetLoaderServi - Loading from file system: jar:file:///C:/Users/User/.m2/repository/com/github/almasb/fxgl/17/fxgl-17.jar!/fxglassets/languages/english.lang
10:59:20.170 [FXGL Background Thread 1 ] INFO  FXGLApplication      - FXGL initialization took: 0.262 sec
10:59:20.176 [FXGL Background Thread 4 ] DEBUG FXGLAssetLoaderServi - Loading from file system: jar:file:///C:/Users/User/.m2/repository/com/github/almasb/fxgl/17/fxgl-17.jar!/fxglassets/ui/fonts/Abel-Regular.ttf
10:59:20.176 [JavaFX Application Thread] DEBUG Input                - Registered new binding: Right - D
10:59:20.176 [JavaFX Application Thread] DEBUG Input                - Registered new binding: Left - A
10:59:20.176 [JavaFX Application Thread] DEBUG Input                - Registered new binding: Up - W
10:59:20.177 [JavaFX Application Thread] DEBUG FXGLAssetLoaderServi - Loading from file system: jar:file:///C:/Users/User/.m2/repository/com/github/almasb/fxgl/17/fxgl-17.jar!/fxglassets/textures/fxgl_icon.png
10:59:20.183 [FXGL Background Thread 4 ] DEBUG FXGLAssetLoaderServi - Loading from file system: jar:file:///C:/Users/User/.m2/repository/com/github/almasb/fxgl/17/fxgl-17.jar!/fxglassets/ui/fonts/TerminalLandMono-Regular.otf
10:59:20.189 [FXGL Background Thread 4 ] DEBUG FXGLAssetLoaderServi - Loading from file system: jar:file:///C:/Users/User/.m2/repository/com/github/almasb/fxgl/17/fxgl-17.jar!/fxglassets/ui/fonts/Courier-Prime.ttf
10:59:20.190 [JavaFX Application Thread] DEBUG FXGLAssetLoaderServi - Loading from file system: jar:file:///C:/Users/User/.m2/repository/com/github/almasb/fxgl/17/fxgl-17.jar!/fxglassets/textures/fxgl_default_cursor.png
10:59:20.191 [JavaFX Application Thread] DEBUG Input                - Registered new binding: Screenshot - CTRL+8
10:59:20.192 [JavaFX Application Thread] DEBUG Input                - Registered new binding: System info dump - CTRL+9
10:59:20.192 [JavaFX Application Thread] DEBUG Input                - Registered new binding: Restart - CTRL+R
10:59:20.193 [JavaFX Application Thread] DEBUG Input                - Registered new binding: Toggle Debug Camera - CTRL+7
10:59:20.195 [JavaFX Application Thread] DEBUG LoopRunner           - Starting loop
10:59:20.195 [JavaFX Application Thread] DEBUG LoopRunner           - Initializing JavaFX AnimationTimerLoop
10:59:20.199 [JavaFX Application Thread] DEBUG GameApplicationServi - Starting new game
10:59:20.200 [JavaFX Application Thread] DEBUG Input                - Clearing active input actions
10:59:20.211 [JavaFX Application Thread] DEBUG GameApplicationServi - Removing overlay from FXGLStartupScene and adding to FXGLLoadingScene
10:59:20.211 [JavaFX Application Thread] DEBUG PrimaryStageWindow   - FXGLStartupScene -> FXGLLoadingScene
10:59:20.211 [JavaFX Application Thread] DEBUG GameApplicationServi - Clearing previous game
10:59:20.212 [JavaFX Application Thread] DEBUG GameScene            - Clearing game scene
10:59:20.212 [JavaFX Application Thread] DEBUG GameWorld            - Clearing game world
10:59:20.212 [JavaFX Application Thread] DEBUG PhysicsWorld         - Clearing physics world
10:59:20.214 [FXGL Background Thread 4 ] DEBUG FXGLApplication      - Initializing game
10:59:20.254 [FXGL Background Thread 4 ] INFO  FXGLApplication      - Game initialization took: 0.039 sec
10:59:20.255 [JavaFX Application Thread] DEBUG Input                - Clearing active input actions
10:59:20.261 [JavaFX Application Thread] DEBUG GameApplicationServi - Removing overlay from FXGLLoadingScene and adding to GameScene
10:59:20.261 [JavaFX Application Thread] DEBUG PrimaryStageWindow   - FXGLLoadingScene -> GameScene
10:59:20.272 [JavaFX Application Thread] DEBUG LoopRunner           - Stopping loop
10:59:20.276 [JavaFX Application Thread] FATAL FXGLApplication      - Uncaught Exception:
java.lang.IllegalArgumentException: Trigger is already bound: W
	at com.almasb.fxgl.core@17/com.almasb.fxgl.input.Input.addBinding(Input.kt:451)
	at com.almasb.fxgl.core@17/com.almasb.fxgl.input.Input.addAction(Input.kt:446)
	at com.almasb.fxgl.core@17/com.almasb.fxgl.input.Input.addAction$default(Input.kt:443)
	at com.almasb.fxgl.all@17/com.almasb.fxgl.dsl.FXGL$Companion.onKey(FXGL.kt:394)
	at com.almasb.fxgl.all@17/com.almasb.fxgl.dsl.FXGL.onKey(FXGL.kt)
	at com.example.zeldapuzzle/com.example.zeldapuzzle.animation.AnimationComponent.onUpdate(AnimationComponent.java:43)
	at com.almasb.fxgl.entity@17/com.almasb.fxgl.entity.Entity$ComponentMap.update(Entity.java:60)
	at com.almasb.fxgl.entity@17/com.almasb.fxgl.entity.Entity.update(Entity.java:248)
	at com.almasb.fxgl.entity@17/com.almasb.fxgl.entity.GameWorld.onUpdate(GameWorld.kt:177)
	at com.almasb.fxgl.all@17/com.almasb.fxgl.app.scene.GameScene.step(GameScene.kt:224)
	at com.almasb.fxgl.all@17/com.almasb.fxgl.app.scene.GameScene.onUpdate(GameScene.kt:220)
	at com.almasb.fxgl.scene@17/com.almasb.fxgl.scene.Scene.update(Scene.kt:105)
	at com.almasb.fxgl.all@17/com.almasb.fxgl.app.MainWindow$update$1.invoke(MainWindow.kt:115)
	at com.almasb.fxgl.all@17/com.almasb.fxgl.app.MainWindow$update$1.invoke(MainWindow.kt:115)
	at com.almasb.fxgl.core@17/com.almasb.fxgl.core.fsm.StateMachine.runOnActiveStates(StateMachine.kt:69)
	at com.almasb.fxgl.all@17/com.almasb.fxgl.app.MainWindow.update(MainWindow.kt:115)
	at com.almasb.fxgl.all@17/com.almasb.fxgl.app.FXGLApplication$GameApplicationService.onUpdate(FXGLApplication.kt:426)
	at com.almasb.fxgl.all@17/com.almasb.fxgl.app.Engine.loop(Engine.kt:134)
	at com.almasb.fxgl.all@17/com.almasb.fxgl.app.Engine.access$loop(Engine.kt:24)
	at com.almasb.fxgl.all@17/com.almasb.fxgl.app.Engine$loop$1.invoke(Engine.kt:28)
	at com.almasb.fxgl.all@17/com.almasb.fxgl.app.Engine$loop$1.invoke(Engine.kt:28)
	at com.almasb.fxgl.all@17/com.almasb.fxgl.app.LoopRunner.frame(LoopRunner.kt:103)
	at com.almasb.fxgl.all@17/com.almasb.fxgl.app.LoopRunner.access$frame(LoopRunner.kt:23)
	at com.almasb.fxgl.all@17/com.almasb.fxgl.app.LoopRunner$impl$2$1.onTick(LoopRunner.kt:57)
	at com.almasb.fxgl.all@17/com.almasb.fxgl.app.AnimationTimerLoop$timer$1.handle(LoopRunner.kt:137)
	at javafx.graphics@19/javafx.animation.AnimationTimer$AnimationTimerReceiver.lambda$handle$0(AnimationTimer.java:58)
	at java.base/java.security.AccessController.doPrivileged(AccessController.java:400)
	at javafx.graphics@19/javafx.animation.AnimationTimer$AnimationTimerReceiver.handle(AnimationTimer.java:57)
	at javafx.graphics@19/com.sun.scenario.animation.AbstractPrimaryTimer.timePulseImpl(AbstractPrimaryTimer.java:356)
	at javafx.graphics@19/com.sun.scenario.animation.AbstractPrimaryTimer$MainLoop.run(AbstractPrimaryTimer.java:266)
	at javafx.graphics@19/com.sun.javafx.tk.quantum.QuantumToolkit.pulse(QuantumToolkit.java:571)
	at javafx.graphics@19/com.sun.javafx.tk.quantum.QuantumToolkit.pulse(QuantumToolkit.java:555)
	at javafx.graphics@19/com.sun.javafx.tk.quantum.QuantumToolkit.pulseFromQueue(QuantumToolkit.java:548)
	at javafx.graphics@19/com.sun.javafx.tk.quantum.QuantumToolkit.lambda$runToolkit$11(QuantumToolkit.java:352)
	at javafx.graphics@19/com.sun.glass.ui.InvokeLaterDispatcher$Future.run(InvokeLaterDispatcher.java:96)
	at javafx.graphics@19/com.sun.glass.ui.win.WinApplication._runLoop(Native Method)
	at javafx.graphics@19/com.sun.glass.ui.win.WinApplication.lambda$runLoop$3(WinApplication.java:184)
	at java.base/java.lang.Thread.run(Thread.java:1583)

10:59:20.276 [JavaFX Application Thread] FATAL FXGLApplication      - Application will now exit
10:59:20.293 [JavaFX Application Thread] DEBUG PrimaryStageWindow   - Push state: ErrorSubScene
10:59:20.294 [JavaFX Application Thread] DEBUG Input                - Clearing active input actions
10:59:20.297 [JavaFX Application Thread] DEBUG GameApplicationServi - Removing overlay from GameScene and adding to ErrorSubScene
10:59:20.298 [JavaFX Application Thread] DEBUG PrimaryStageWindow   - GameScene -> ErrorSubScene
10:59:20.562 [FXGL Background Thread 2 ] INFO  UpdaterService       - Your current version:  17
10:59:20.562 [FXGL Background Thread 2 ] INFO  UpdaterService       - Latest stable version: 21
10:59:23.154 [FXGL Background Thread 3 ] DEBUG Engine               - Logging environment variables
10:59:23.156 [FXGL Background Thread 3 ] DEBUG Engine               - achievements: []
10:59:23.158 [FXGL Background Thread 3 ] DEBUG Engine               - actualHeight: 600.0
10:59:23.158 [FXGL Background Thread 3 ] DEBUG Engine               - actualHeightProperty: ReadOnlyDoubleProperty [value: 600.0]
10:59:23.159 [FXGL Background Thread 3 ] DEBUG Engine               - actualWidth: 800.0
10:59:23.159 [FXGL Background Thread 3 ] DEBUG Engine               - actualWidthProperty: ReadOnlyDoubleProperty [value: 800.0]
10:59:23.160 [FXGL Background Thread 3 ] DEBUG Engine               - appIcon: fxgl_icon.png
10:59:23.160 [FXGL Background Thread 3 ] DEBUG Engine               - applicationMode: DEVELOPER
10:59:23.160 [FXGL Background Thread 3 ] DEBUG Engine               - cSSList: [fxgl_dark.css]
10:59:23.160 [FXGL Background Thread 3 ] DEBUG Engine               - collisionDetectionStrategy: BRUTE_FORCE
10:59:23.160 [FXGL Background Thread 3 ] DEBUG Engine               - configClass: Optional.empty
10:59:23.160 [FXGL Background Thread 3 ] DEBUG Engine               - credits: []
10:59:23.161 [FXGL Background Thread 3 ] DEBUG Engine               - defaultCursor: CursorInfo(imageName=fxgl_default_cursor.png, hotspotX=7.0, hotspotY=6.0)
10:59:23.161 [FXGL Background Thread 3 ] DEBUG Engine               - devBBoxColorProperty: ObjectProperty [value: 0xff0000ff]
10:59:23.161 [FXGL Background Thread 3 ] DEBUG Engine               - devEnableDebugCameraProperty: BooleanProperty [value: false]
10:59:23.162 [FXGL Background Thread 3 ] DEBUG Engine               - devSensorColorProperty: ObjectProperty [value: 0xffff00ff]
10:59:23.162 [FXGL Background Thread 3 ] DEBUG Engine               - devShowBBoxProperty: BooleanProperty [value: false]
10:59:23.162 [FXGL Background Thread 3 ] DEBUG Engine               - devShowPositionProperty: BooleanProperty [value: false]
10:59:23.162 [FXGL Background Thread 3 ] DEBUG Engine               - enabledMenuItems: []
10:59:23.162 [FXGL Background Thread 3 ] DEBUG Engine               - engineServices: [class com.almasb.fxgl.app.services.FXGLAssetLoaderService, class com.almasb.fxgl.app.FXGLApplication$GameApplicationService, class com.almasb.fxgl.app.services.FXGLDialogService, class com.almasb.fxgl.app.services.IOTaskExecutorService, class com.almasb.fxgl.io.FileSystemService, class com.almasb.fxgl.localization.LocalizationService, class com.almasb.fxgl.app.services.SystemBundleService, class com.almasb.fxgl.profile.SaveLoadService, class com.almasb.fxgl.ui.FXGLUIFactoryServiceProvider, class com.almasb.fxgl.ui.FXGLDialogFactoryServiceProvider, class com.almasb.fxgl.audio.AudioPlayer, class com.almasb.fxgl.notification.impl.NotificationServiceProvider, class com.almasb.fxgl.achievement.AchievementService, class com.almasb.fxgl.cutscene.CutsceneService, class com.almasb.fxgl.minigames.MiniGameService, class com.almasb.fxgl.net.NetService, class com.almasb.fxgl.app.services.UpdaterService, class com.almasb.fxgl.dev.DevService]
10:59:23.162 [FXGL Background Thread 3 ] DEBUG Engine               - fontGame: Abel-Regular.ttf
10:59:23.162 [FXGL Background Thread 3 ] DEBUG Engine               - fontMono: TerminalLandMono-Regular.otf
10:59:23.162 [FXGL Background Thread 3 ] DEBUG Engine               - fontText: Courier-Prime.ttf
10:59:23.162 [FXGL Background Thread 3 ] DEBUG Engine               - fontUI: VarelaRound-Regular.ttf
10:59:23.162 [FXGL Background Thread 3 ] DEBUG Engine               - fullScreen: BooleanProperty [value: false]
10:59:23.162 [FXGL Background Thread 3 ] DEBUG Engine               - gameDifficulty: MEDIUM
10:59:23.162 [FXGL Background Thread 3 ] DEBUG Engine               - gameDifficultyProperty: ObjectProperty [value: MEDIUM]
10:59:23.162 [FXGL Background Thread 3 ] DEBUG Engine               - globalMusicVolume: 0.5
10:59:23.162 [FXGL Background Thread 3 ] DEBUG Engine               - globalMusicVolumeProperty: DoubleProperty [value: 0.5]
10:59:23.163 [FXGL Background Thread 3 ] DEBUG Engine               - globalSoundVolume: 0.5
10:59:23.163 [FXGL Background Thread 3 ] DEBUG Engine               - globalSoundVolumeProperty: DoubleProperty [value: 0.5]
10:59:23.163 [FXGL Background Thread 3 ] DEBUG Engine               - height: 600
10:59:23.163 [FXGL Background Thread 3 ] DEBUG Engine               - is3D: false
10:59:23.163 [FXGL Background Thread 3 ] DEBUG Engine               - isAndroid: false
10:59:23.163 [FXGL Background Thread 3 ] DEBUG Engine               - isBrowser: false
10:59:23.163 [FXGL Background Thread 3 ] DEBUG Engine               - isClickFeedbackEnabled: false
10:59:23.163 [FXGL Background Thread 3 ] DEBUG Engine               - isCloseConfirmation: false
10:59:23.163 [FXGL Background Thread 3 ] DEBUG Engine               - isDesktop: true
10:59:23.163 [FXGL Background Thread 3 ] DEBUG Engine               - isDeveloperMenuEnabled: false
10:59:23.163 [FXGL Background Thread 3 ] DEBUG Engine               - isEmbedded: false
10:59:23.163 [FXGL Background Thread 3 ] DEBUG Engine               - isEntityPreloadEnabled: true
10:59:23.163 [FXGL Background Thread 3 ] DEBUG Engine               - isExperimentalTiledLargeMap: false
10:59:23.163 [FXGL Background Thread 3 ] DEBUG Engine               - isFileSystemWriteAllowed: true
10:59:23.163 [FXGL Background Thread 3 ] DEBUG Engine               - isFullScreenAllowed: false
10:59:23.163 [FXGL Background Thread 3 ] DEBUG Engine               - isFullScreenFromStart: false
10:59:23.163 [FXGL Background Thread 3 ] DEBUG Engine               - isGameMenuEnabled: true
10:59:23.163 [FXGL Background Thread 3 ] DEBUG Engine               - isIOS: false
10:59:23.163 [FXGL Background Thread 3 ] DEBUG Engine               - isIntroEnabled: false
10:59:23.163 [FXGL Background Thread 3 ] DEBUG Engine               - isLinux: false
10:59:23.163 [FXGL Background Thread 3 ] DEBUG Engine               - isMac: false
10:59:23.163 [FXGL Background Thread 3 ] DEBUG Engine               - isMainMenuEnabled: false
10:59:23.164 [FXGL Background Thread 3 ] DEBUG Engine               - isManualResizeEnabled: false
10:59:23.164 [FXGL Background Thread 3 ] DEBUG Engine               - isMobile: false
10:59:23.164 [FXGL Background Thread 3 ] DEBUG Engine               - isNative: false
10:59:23.164 [FXGL Background Thread 3 ] DEBUG Engine               - isPauseMusicWhenMinimized: true
10:59:23.164 [FXGL Background Thread 3 ] DEBUG Engine               - isPreserveResizeRatio: false
10:59:23.164 [FXGL Background Thread 3 ] DEBUG Engine               - isProfilingEnabled: false
10:59:23.164 [FXGL Background Thread 3 ] DEBUG Engine               - isScaleAffectedOnResize: true
10:59:23.164 [FXGL Background Thread 3 ] DEBUG Engine               - isSingleStep: false
10:59:23.164 [FXGL Background Thread 3 ] DEBUG Engine               - isUserProfileEnabled: false
10:59:23.164 [FXGL Background Thread 3 ] DEBUG Engine               - isWindows: true
10:59:23.164 [FXGL Background Thread 3 ] DEBUG Engine               - language: ObjectProperty [value: ENGLISH]
10:59:23.164 [FXGL Background Thread 3 ] DEBUG Engine               - menuKey: ESCAPE
10:59:23.164 [FXGL Background Thread 3 ] DEBUG Engine               - mouseSensitivity: 0.2
10:59:23.164 [FXGL Background Thread 3 ] DEBUG Engine               - notificationViewClass: class com.almasb.fxgl.notification.view.XboxNotificationView
10:59:23.164 [FXGL Background Thread 3 ] DEBUG Engine               - pixelsPerMeter: 50.0
10:59:23.165 [FXGL Background Thread 3 ] DEBUG Engine               - platform: WINDOWS
10:59:23.165 [FXGL Background Thread 3 ] DEBUG Engine               - prefHeightProperty: ReadOnlyDoubleProperty [value: 600.0]
10:59:23.165 [FXGL Background Thread 3 ] DEBUG Engine               - prefWidthProperty: ReadOnlyDoubleProperty [value: 800.0]
10:59:23.165 [FXGL Background Thread 3 ] DEBUG Engine               - profileDir: profiles/
10:59:23.165 [FXGL Background Thread 3 ] DEBUG Engine               - profileName: StringProperty [value: DEFAULT]
10:59:23.165 [FXGL Background Thread 3 ] DEBUG Engine               - randomSeed: -1
10:59:23.166 [FXGL Background Thread 3 ] DEBUG Engine               - runtimeInfo: RuntimeInfo(platform=WINDOWS, version=17, build=31.12.2021 18.16)
10:59:23.166 [FXGL Background Thread 3 ] DEBUG Engine               - saveFileExt: sav
10:59:23.166 [FXGL Background Thread 3 ] DEBUG Engine               - scaledHeightProp$fxgl: DoubleProperty [bound, value: 600.0]
10:59:23.166 [FXGL Background Thread 3 ] DEBUG Engine               - scaledWidthProp$fxgl: DoubleProperty [bound, value: 800.0]
10:59:23.166 [FXGL Background Thread 3 ] DEBUG Engine               - sceneFactory: com.almasb.fxgl.app.scene.SceneFactory@401daaf7
10:59:23.166 [FXGL Background Thread 3 ] DEBUG Engine               - secondsIn24h: 60
10:59:23.166 [FXGL Background Thread 3 ] DEBUG Engine               - soundMenuBack: menu/back.wav
10:59:23.166 [FXGL Background Thread 3 ] DEBUG Engine               - soundMenuPress: menu/press.wav
10:59:23.166 [FXGL Background Thread 3 ] DEBUG Engine               - soundMenuSelect: menu/select.wav
10:59:23.166 [FXGL Background Thread 3 ] DEBUG Engine               - soundNotification: core/notification.wav
10:59:23.166 [FXGL Background Thread 3 ] DEBUG Engine               - stageStyle: DECORATED
10:59:23.166 [FXGL Background Thread 3 ] DEBUG Engine               - supportedLanguages: [ENGLISH, FRENCH, GERMAN, HUNGARIAN, RUSSIAN]
10:59:23.166 [FXGL Background Thread 3 ] DEBUG Engine               - ticksPerSecond: -1
10:59:23.166 [FXGL Background Thread 3 ] DEBUG Engine               - title: Untitled
10:59:23.166 [FXGL Background Thread 3 ] DEBUG Engine               - urlGithub: https://github.com/AlmasB/FXGL
10:59:23.166 [FXGL Background Thread 3 ] DEBUG Engine               - urlLeaderboard: http://fxgl-top.herokuapp.com/
10:59:23.166 [FXGL Background Thread 3 ] DEBUG Engine               - urlPOM: https://raw.githubusercontent.com/AlmasB/FXGL/release/README.md
10:59:23.166 [FXGL Background Thread 3 ] DEBUG Engine               - userAppClass: class com.example.zeldapuzzle.animation.spriteAnimations
10:59:23.166 [FXGL Background Thread 3 ] DEBUG Engine               - version: 0.0
10:59:23.166 [FXGL Background Thread 3 ] DEBUG Engine               - versionCheckDays: 7
10:59:23.166 [FXGL Background Thread 3 ] DEBUG Engine               - width: 800
10:59:23.166 [FXGL Background Thread 3 ] DEBUG Engine               - Logging services
10:59:23.166 [FXGL Background Thread 3 ] DEBUG Engine               - class com.almasb.fxgl.app.services.FXGLAssetLoaderService
10:59:23.166 [FXGL Background Thread 3 ] DEBUG Engine               - class com.almasb.fxgl.app.FXGLApplication$GameApplicationService
10:59:23.166 [FXGL Background Thread 3 ] DEBUG Engine               - class com.almasb.fxgl.app.services.FXGLDialogService
10:59:23.166 [FXGL Background Thread 3 ] DEBUG Engine               - class com.almasb.fxgl.app.services.IOTaskExecutorService
10:59:23.166 [FXGL Background Thread 3 ] DEBUG Engine               - class com.almasb.fxgl.io.FileSystemService
10:59:23.166 [FXGL Background Thread 3 ] DEBUG Engine               - class com.almasb.fxgl.localization.LocalizationService
10:59:23.166 [FXGL Background Thread 3 ] DEBUG Engine               - class com.almasb.fxgl.app.services.SystemBundleService
10:59:23.166 [FXGL Background Thread 3 ] DEBUG Engine               - class com.almasb.fxgl.profile.SaveLoadService
10:59:23.166 [FXGL Background Thread 3 ] DEBUG Engine               - class com.almasb.fxgl.ui.FXGLUIFactoryServiceProvider
10:59:23.166 [FXGL Background Thread 3 ] DEBUG Engine               - class com.almasb.fxgl.ui.FXGLDialogFactoryServiceProvider
10:59:23.166 [FXGL Background Thread 3 ] DEBUG Engine               - class com.almasb.fxgl.audio.AudioPlayer
10:59:23.166 [FXGL Background Thread 3 ] DEBUG Engine               - class com.almasb.fxgl.notification.impl.NotificationServiceProvider
10:59:23.166 [FXGL Background Thread 3 ] DEBUG Engine               - class com.almasb.fxgl.achievement.AchievementService
10:59:23.166 [FXGL Background Thread 3 ] DEBUG Engine               - class com.almasb.fxgl.cutscene.CutsceneService
10:59:23.166 [FXGL Background Thread 3 ] DEBUG Engine               - class com.almasb.fxgl.minigames.MiniGameService
10:59:23.166 [FXGL Background Thread 3 ] DEBUG Engine               - class com.almasb.fxgl.net.NetService
10:59:23.166 [FXGL Background Thread 3 ] DEBUG Engine               - class com.almasb.fxgl.app.services.UpdaterService
10:59:23.166 [FXGL Background Thread 3 ] DEBUG Engine               - class com.almasb.fxgl.dev.DevService
11:00:12.560 [JavaFX Application Thread] DEBUG FXGLApplication      - Exiting FXGL
11:00:12.560 [JavaFX Application Thread] DEBUG Async                - Shutting down background threads
11:00:12.560 [JavaFX Application Thread] DEBUG PrimaryStageWindow   - Closing main window
11:00:12.573 [JavaFX Application Thread] DEBUG Logger               - Closing Logger
