11:16:53.464 [main                     ] DEBUG Logger               - Configured Logger
11:16:53.500 [main                     ] DEBUG GameApplication      - Logging settings
Title: Zelda 2D Game
Version: 1
Width: 800
Height: 800
Fullscreen: true
Intro: false
Profiling: false
Single step:false
App Mode: DEVELOPER
Menu Key: ESCAPE
Stage Style: DECORATED
Scene Factory: class com.almasb.fxgl.app.scene.SceneFactory

11:16:53.804 [JavaFX Application Thread] DEBUG FXGLApplication      - Initializing FXGL
11:16:53.810 [JavaFX Application Thread] INFO  Engine               - FXGL-17 (31.12.2021 18.16) on MAC (J:19.0.1 FX:19)
11:16:53.810 [JavaFX Application Thread] DEBUG Engine               - JRE Vendor Name: Oracle Corporation
11:16:53.811 [JavaFX Application Thread] DEBUG Engine               - Running on OS: Mac OS X version 12.5
11:16:53.811 [JavaFX Application Thread] DEBUG Engine               - Architecture: aarch64
11:16:53.811 [JavaFX Application Thread] INFO  Engine               - Source code and latest versions at: https://github.com/AlmasB/FXGL
11:16:53.811 [JavaFX Application Thread] INFO  Engine               -       Ask questions and discuss at: https://github.com/AlmasB/FXGL/discussions
11:16:53.811 [JavaFX Application Thread] INFO  Engine               -              Join the FXGL chat at: https://gitter.im/AlmasB/FXGL
11:16:53.896 [JavaFX Application Thread] DEBUG PrimaryStageWindow   - Creating a JavaFX scene
11:16:53.943 [JavaFX Application Thread] DEBUG PrimaryStageWindow   - Target settings size: 800.0 x 800.0
11:16:53.944 [JavaFX Application Thread] DEBUG PrimaryStageWindow   - Scaled scene size:    800.0 x 800.0
11:16:53.944 [JavaFX Application Thread] DEBUG PrimaryStageWindow   - Scaled ratio: (1.0, 1.0)
11:16:53.945 [JavaFX Application Thread] DEBUG PrimaryStageWindow   - Set initial scene to FXGLStartupScene
11:16:53.949 [JavaFX Application Thread] DEBUG PrimaryStageWindow   - Opening main window
11:16:54.096 [JavaFX Application Thread] DEBUG PrimaryStageWindow   - Window border size: (0.0, 28.0)
11:16:54.096 [JavaFX Application Thread] DEBUG PrimaryStageWindow   - Scaled size: 800.0 x 800.0
11:16:54.096 [JavaFX Application Thread] DEBUG PrimaryStageWindow   - Scaled ratio: (1.0, 1.0)
11:16:54.097 [JavaFX Application Thread] DEBUG PrimaryStageWindow   - Scene size: 800.0 x 800.0
11:16:54.097 [JavaFX Application Thread] DEBUG PrimaryStageWindow   - Stage size: 800.0 x 828.0
11:16:54.102 [FXGL Background Thread 1 ] DEBUG Engine               - Initializing environment variables
11:16:54.145 [FXGL Background Thread 1 ] DEBUG FXGLAssetLoaderServi - User app class for loading assets: class com.example.zeldapuzzle.MainGameApp
11:16:54.145 [FXGL Background Thread 1 ] DEBUG GameApplicationServi - Applying CSS: fxgl_dark.css
11:16:54.145 [FXGL Background Thread 1 ] DEBUG FXGLAssetLoaderServi - Loading from file system: jar:file:///Users/CHLaroche05/.m2/repository/com/github/almasb/fxgl/17/fxgl-17.jar!/fxglassets/ui/css/fxgl_dark.css
11:16:54.187 [FXGL Background Thread 1 ] DEBUG GameApplicationServi - Initializing application scenes
11:16:54.403 [FXGL Background Thread 1 ] DEBUG GameWorld            - Game world initialized
11:16:54.478 [FXGL Background Thread 1 ] DEBUG PhysicsWorld         - Physics world initialized: appHeight=800, physics.ppm=50.0
11:16:54.479 [FXGL Background Thread 1 ] DEBUG PhysicsWorld         - Using strategy: BRUTE_FORCE
11:16:54.484 [FXGL Background Thread 1 ] DEBUG GameScene            - Game scene initialized: 800x800
11:16:54.501 [FXGL Background Thread 1 ] DEBUG FXGL.DefaultMenu     - createMenuBodyMainMenu()
11:16:54.523 [FXGL Background Thread 1 ] DEBUG FXGL.DefaultMenu     - createOptionsMenu()
11:16:54.541 [FXGL Background Thread 1 ] DEBUG FXGLAssetLoaderServi - Loading from file system: jar:file:///Users/CHLaroche05/.m2/repository/com/github/almasb/fxgl/17/fxgl-17.jar!/fxglassets/textures/particles/smoke.png
11:16:54.742 [FXGL Background Thread 1 ] DEBUG FXGLAssetLoaderServi - Loading from file system: jar:file:///Users/CHLaroche05/.m2/repository/com/github/almasb/fxgl/17/fxgl-17.jar!/fxglassets/textures/particles/trace_horizontal.png
11:16:54.773 [FXGL Background Thread 1 ] DEBUG FXGL.DefaultMenu     - createMenuBodyGameMenu()
11:16:54.776 [FXGL Background Thread 1 ] DEBUG FXGL.DefaultMenu     - createOptionsMenu()
11:16:54.859 [FXGL Background Thread 1 ] DEBUG GameApplicationServi - Application scenes initialized
11:16:54.893 [FXGL Background Thread 1 ] DEBUG SystemBundleService  - Loading FXGL system data
11:16:54.902 [FXGL Background Thread 1 ] DEBUG FileSystemAccess     - Reading from: /Users/CHLaroche05/zelda/zeldaPuzzle copy/system/fxgl.bundle
11:16:54.940 [FXGL Background Thread 1 ] DEBUG SystemBundleService  - Bundle FXGL: {}
11:16:54.941 [FXGL Background Thread 1 ] DEBUG UpdaterService       - Checking for updates
11:16:55.027 [FXGL Background Thread 4 ] DEBUG FXGLApplication      - Loading fonts
11:16:55.028 [FXGL Background Thread 4 ] DEBUG FXGLAssetLoaderServi - Loading from file system: jar:file:///Users/CHLaroche05/.m2/repository/com/github/almasb/fxgl/17/fxgl-17.jar!/fxglassets/ui/fonts/VarelaRound-Regular.ttf
11:16:55.028 [FXGL Background Thread 1 ] DEBUG FXGLApplication      - Loading default localization
11:16:55.029 [FXGL Background Thread 1 ] DEBUG FXGLAssetLoaderServi - Loading from file system: jar:file:///Users/CHLaroche05/.m2/repository/com/github/almasb/fxgl/17/fxgl-17.jar!/fxglassets/languages/english.lang
11:16:55.040 [FXGL Background Thread 4 ] DEBUG FXGLAssetLoaderServi - Loading from file system: jar:file:///Users/CHLaroche05/.m2/repository/com/github/almasb/fxgl/17/fxgl-17.jar!/fxglassets/ui/fonts/Abel-Regular.ttf
11:16:55.043 [FXGL Background Thread 4 ] DEBUG FXGLAssetLoaderServi - Loading from file system: jar:file:///Users/CHLaroche05/.m2/repository/com/github/almasb/fxgl/17/fxgl-17.jar!/fxglassets/ui/fonts/TerminalLandMono-Regular.otf
11:16:55.047 [FXGL Background Thread 4 ] DEBUG FXGLAssetLoaderServi - Loading from file system: jar:file:///Users/CHLaroche05/.m2/repository/com/github/almasb/fxgl/17/fxgl-17.jar!/fxglassets/ui/fonts/Courier-Prime.ttf
11:16:55.050 [FXGL Background Thread 1 ] INFO  FXGLApplication      - FXGL initialization took: 0.948 sec
11:16:55.060 [JavaFX Application Thread] DEBUG Input                - Registered new binding: inventaire - Tab
11:16:55.061 [JavaFX Application Thread] DEBUG Input                - Registered new binding: getPosition - P
11:16:55.061 [JavaFX Application Thread] DEBUG Input                - Registered new binding: zoom+ - Up
11:16:55.061 [JavaFX Application Thread] DEBUG Input                - Registered new binding: zoom- - Down
11:16:55.061 [JavaFX Application Thread] DEBUG Input                - Registered new binding: resetZoom - 0
11:16:55.061 [JavaFX Application Thread] DEBUG Input                - Registered new binding: Move right - D
11:16:55.061 [JavaFX Application Thread] DEBUG Input                - Registered new binding: Move left - A
11:16:55.061 [JavaFX Application Thread] DEBUG Input                - Registered new binding: Move Up - W
11:16:55.062 [JavaFX Application Thread] DEBUG Input                - Registered new binding: Move Down - S
11:16:55.062 [JavaFX Application Thread] DEBUG Input                - Registered new binding: Jump - Space
11:16:55.062 [JavaFX Application Thread] DEBUG FXGLAssetLoaderServi - Loading from file system: jar:file:///Users/CHLaroche05/.m2/repository/com/github/almasb/fxgl/17/fxgl-17.jar!/fxglassets/textures/fxgl_icon.png
11:16:55.093 [JavaFX Application Thread] DEBUG FXGLAssetLoaderServi - Loading from file system: jar:file:///Users/CHLaroche05/.m2/repository/com/github/almasb/fxgl/17/fxgl-17.jar!/fxglassets/textures/fxgl_default_cursor.png
11:16:55.095 [JavaFX Application Thread] DEBUG Input                - Registered new binding: Screenshot - CTRL+8
11:16:55.095 [JavaFX Application Thread] DEBUG Input                - Registered new binding: Dev Options - 1
11:16:55.096 [JavaFX Application Thread] DEBUG Input                - Registered new binding: Dev Console - 2
11:16:55.096 [JavaFX Application Thread] DEBUG Input                - Registered new binding: System info dump - CTRL+9
11:16:55.096 [JavaFX Application Thread] DEBUG Input                - Registered new binding: Restart - CTRL+R
11:16:55.097 [JavaFX Application Thread] DEBUG Input                - Registered new binding: Toggle Debug Camera - CTRL+7
11:16:55.100 [JavaFX Application Thread] DEBUG LoopRunner           - Starting loop
11:16:55.116 [JavaFX Application Thread] DEBUG LoopRunner           - Initializing JavaFX AnimationTimerLoop
11:16:55.118 [JavaFX Application Thread] DEBUG Input                - Clearing active input actions
11:16:55.127 [JavaFX Application Thread] DEBUG GameApplicationServi - Removing overlay from FXGLStartupScene and adding to FXGLMainMenuDummyScene
11:16:55.130 [JavaFX Application Thread] DEBUG PrimaryStageWindow   - FXGLStartupScene -> FXGLMainMenuDummyScene
11:16:55.131 [JavaFX Application Thread] DEBUG PrimaryStageWindow   - Push state: FXGLDefaultMenu
11:16:55.133 [JavaFX Application Thread] DEBUG Input                - Clearing active input actions
11:16:55.139 [JavaFX Application Thread] DEBUG GameApplicationServi - Removing overlay from FXGLMainMenuDummyScene and adding to FXGLDefaultMenu
11:16:55.147 [JavaFX Application Thread] DEBUG PrimaryStageWindow   - FXGLMainMenuDummyScene -> FXGLDefaultMenu
11:16:55.171 [JavaFX Application Thread] DEBUG FXGLApplication      - Registering font factories with UI factory
11:16:55.539 [FXGL Background Thread 2 ] INFO  UpdaterService       - Your current version:  17
11:16:55.539 [FXGL Background Thread 2 ] INFO  UpdaterService       - Latest stable version: 21.1
11:16:56.078 [JavaFX Application Thread] DEBUG Menu                 - fireNewGame()
11:16:56.079 [JavaFX Application Thread] DEBUG GameApplicationServi - Starting new game
11:16:56.080 [JavaFX Application Thread] DEBUG PrimaryStageWindow   - Pop state: FXGLDefaultMenu
11:16:56.080 [JavaFX Application Thread] DEBUG Input                - Clearing active input actions
11:16:56.081 [JavaFX Application Thread] DEBUG GameApplicationServi - Removing overlay from FXGLDefaultMenu and adding to FXGLMainMenuDummyScene
11:16:56.084 [JavaFX Application Thread] DEBUG PrimaryStageWindow   - FXGLMainMenuDummyScene <- FXGLDefaultMenu
11:16:56.084 [JavaFX Application Thread] DEBUG Input                - Clearing active input actions
11:16:56.096 [JavaFX Application Thread] DEBUG GameApplicationServi - Removing overlay from FXGLMainMenuDummyScene and adding to FXGLLoadingScene
11:16:56.096 [JavaFX Application Thread] DEBUG PrimaryStageWindow   - FXGLMainMenuDummyScene -> FXGLLoadingScene
11:16:56.096 [JavaFX Application Thread] DEBUG GameApplicationServi - Clearing previous game
11:16:56.096 [JavaFX Application Thread] DEBUG GameScene            - Clearing game scene
11:16:56.096 [JavaFX Application Thread] DEBUG GameWorld            - Clearing game world
11:16:56.096 [JavaFX Application Thread] DEBUG PhysicsWorld         - Clearing physics world
11:16:56.098 [FXGL Background Thread 2 ] DEBUG FXGLApplication      - Initializing game
11:16:56.143 [FXGL Background Thread 2 ] WARN  TMXLevelLoader       - TiledMap generated from 1.10.2. Supported version: 1.2.3. Some features may not be parsed fully.
11:16:56.233 [FXGL Background Thread 2 ] DEBUG TMXLevelLoader       - Parsed TiledMap: file:/Users/CHLaroche05/zelda/zeldaPuzzle%20copy/target/classes/assets/levels/mapFinal.tmx
11:16:56.236 [FXGL Background Thread 2 ] DEBUG TMXLevelLoader       - Creating tile layer entities
11:16:56.238 [FXGL Background Thread 2 ] DEBUG TilesetLoader        - Loading view for layer background
11:16:56.258 [FXGL Background Thread 2 ] DEBUG TilesetLoader        - Created buffer with size 4800.0x4800.0
11:16:56.484 [FXGL Background Thread 2 ] DEBUG TilesetLoader        - Loading view for layer devant
11:16:56.506 [FXGL Background Thread 2 ] DEBUG TilesetLoader        - Created buffer with size 4800.0x4800.0
11:16:56.570 [FXGL Background Thread 2 ] DEBUG TilesetLoader        - Loading view for layer devant1
11:16:56.590 [FXGL Background Thread 2 ] DEBUG TilesetLoader        - Created buffer with size 4800.0x4800.0
11:16:56.617 [FXGL Background Thread 2 ] DEBUG TMXLevelLoader       - Creating object layer entities
11:16:56.699 [FXGL Background Thread 2 ] DEBUG GameWorld            - Clearing removable entities
11:16:56.700 [FXGL Background Thread 2 ] DEBUG GameWorld            - Setting level: com.almasb.fxgl.entity.level.Level@6d98cb52
11:16:56.733 [FXGL Background Thread 2 ] WARN  GameWorld            - Entity is already attached to world
11:16:56.734 [FXGL Background Thread 2 ] WARN  GameWorld            - Entity is already attached to world
11:16:56.746 [FXGL Background Thread 2 ] INFO  FXGLApplication      - Game initialization took: 0.648 sec
11:16:56.747 [JavaFX Application Thread] DEBUG Input                - Clearing active input actions
11:16:56.754 [JavaFX Application Thread] DEBUG GameApplicationServi - Removing overlay from FXGLLoadingScene and adding to GameScene
11:16:56.757 [JavaFX Application Thread] DEBUG PrimaryStageWindow   - FXGLLoadingScene -> GameScene
11:16:58.029 [FXGL Background Thread 3 ] DEBUG Engine               - Logging environment variables
11:16:58.030 [FXGL Background Thread 3 ] DEBUG Engine               - achievements: []
11:16:58.030 [FXGL Background Thread 3 ] DEBUG Engine               - actualHeight: 800.0
11:16:58.030 [FXGL Background Thread 3 ] DEBUG Engine               - actualHeightProperty: ReadOnlyDoubleProperty [value: 800.0]
11:16:58.030 [FXGL Background Thread 3 ] DEBUG Engine               - actualWidth: 800.0
11:16:58.030 [FXGL Background Thread 3 ] DEBUG Engine               - actualWidthProperty: ReadOnlyDoubleProperty [value: 800.0]
11:16:58.030 [FXGL Background Thread 3 ] DEBUG Engine               - appIcon: fxgl_icon.png
11:16:58.030 [FXGL Background Thread 3 ] DEBUG Engine               - applicationMode: DEVELOPER
11:16:58.030 [FXGL Background Thread 3 ] DEBUG Engine               - cSSList: [fxgl_dark.css]
11:16:58.030 [FXGL Background Thread 3 ] DEBUG Engine               - collisionDetectionStrategy: BRUTE_FORCE
11:16:58.030 [FXGL Background Thread 3 ] DEBUG Engine               - configClass: Optional.empty
11:16:58.030 [FXGL Background Thread 3 ] DEBUG Engine               - credits: []
11:16:58.031 [FXGL Background Thread 3 ] DEBUG Engine               - defaultCursor: CursorInfo(imageName=fxgl_default_cursor.png, hotspotX=7.0, hotspotY=6.0)
11:16:58.031 [FXGL Background Thread 3 ] DEBUG Engine               - devBBoxColorProperty: ObjectProperty [value: 0xff0000ff]
11:16:58.031 [FXGL Background Thread 3 ] DEBUG Engine               - devEnableDebugCameraProperty: BooleanProperty [value: false]
11:16:58.031 [FXGL Background Thread 3 ] DEBUG Engine               - devSensorColorProperty: ObjectProperty [value: 0xffff00ff]
11:16:58.032 [FXGL Background Thread 3 ] DEBUG Engine               - devShowBBoxProperty: BooleanProperty [value: false]
11:16:58.032 [FXGL Background Thread 3 ] DEBUG Engine               - devShowPositionProperty: BooleanProperty [value: false]
11:16:58.032 [FXGL Background Thread 3 ] DEBUG Engine               - enabledMenuItems: []
11:16:58.032 [FXGL Background Thread 3 ] DEBUG Engine               - engineServices: [class com.almasb.fxgl.app.services.FXGLAssetLoaderService, class com.almasb.fxgl.app.FXGLApplication$GameApplicationService, class com.almasb.fxgl.app.services.FXGLDialogService, class com.almasb.fxgl.app.services.IOTaskExecutorService, class com.almasb.fxgl.io.FileSystemService, class com.almasb.fxgl.localization.LocalizationService, class com.almasb.fxgl.app.services.SystemBundleService, class com.almasb.fxgl.profile.SaveLoadService, class com.almasb.fxgl.ui.FXGLUIFactoryServiceProvider, class com.almasb.fxgl.ui.FXGLDialogFactoryServiceProvider, class com.almasb.fxgl.audio.AudioPlayer, class com.almasb.fxgl.notification.impl.NotificationServiceProvider, class com.almasb.fxgl.achievement.AchievementService, class com.almasb.fxgl.cutscene.CutsceneService, class com.almasb.fxgl.minigames.MiniGameService, class com.almasb.fxgl.net.NetService, class com.almasb.fxgl.app.services.UpdaterService, class com.almasb.fxgl.dev.DevService]
11:16:58.032 [FXGL Background Thread 3 ] DEBUG Engine               - fontGame: Abel-Regular.ttf
11:16:58.032 [FXGL Background Thread 3 ] DEBUG Engine               - fontMono: TerminalLandMono-Regular.otf
11:16:58.032 [FXGL Background Thread 3 ] DEBUG Engine               - fontText: Courier-Prime.ttf
11:16:58.032 [FXGL Background Thread 3 ] DEBUG Engine               - fontUI: VarelaRound-Regular.ttf
11:16:58.032 [FXGL Background Thread 3 ] DEBUG Engine               - fullScreen: BooleanProperty [value: false]
11:16:58.032 [FXGL Background Thread 3 ] DEBUG Engine               - gameDifficulty: MEDIUM
11:16:58.032 [FXGL Background Thread 3 ] DEBUG Engine               - gameDifficultyProperty: ObjectProperty [value: MEDIUM]
11:16:58.032 [FXGL Background Thread 3 ] DEBUG Engine               - globalMusicVolume: 0.5
11:16:58.032 [FXGL Background Thread 3 ] DEBUG Engine               - globalMusicVolumeProperty: DoubleProperty [value: 0.5]
11:16:58.033 [FXGL Background Thread 3 ] DEBUG Engine               - globalSoundVolume: 0.5
11:16:58.033 [FXGL Background Thread 3 ] DEBUG Engine               - globalSoundVolumeProperty: DoubleProperty [value: 0.5]
11:16:58.033 [FXGL Background Thread 3 ] DEBUG Engine               - height: 800
11:16:58.033 [FXGL Background Thread 3 ] DEBUG Engine               - is3D: false
11:16:58.033 [FXGL Background Thread 3 ] DEBUG Engine               - isAndroid: false
11:16:58.033 [FXGL Background Thread 3 ] DEBUG Engine               - isBrowser: false
11:16:58.033 [FXGL Background Thread 3 ] DEBUG Engine               - isClickFeedbackEnabled: false
11:16:58.033 [FXGL Background Thread 3 ] DEBUG Engine               - isCloseConfirmation: false
11:16:58.033 [FXGL Background Thread 3 ] DEBUG Engine               - isDesktop: true
11:16:58.033 [FXGL Background Thread 3 ] DEBUG Engine               - isDeveloperMenuEnabled: true
11:16:58.033 [FXGL Background Thread 3 ] DEBUG Engine               - isEmbedded: false
11:16:58.033 [FXGL Background Thread 3 ] DEBUG Engine               - isEntityPreloadEnabled: true
11:16:58.033 [FXGL Background Thread 3 ] DEBUG Engine               - isExperimentalTiledLargeMap: false
11:16:58.033 [FXGL Background Thread 3 ] DEBUG Engine               - isFileSystemWriteAllowed: true
11:16:58.034 [FXGL Background Thread 3 ] DEBUG Engine               - isFullScreenAllowed: true
11:16:58.034 [FXGL Background Thread 3 ] DEBUG Engine               - isFullScreenFromStart: false
11:16:58.034 [FXGL Background Thread 3 ] DEBUG Engine               - isGameMenuEnabled: true
11:16:58.034 [FXGL Background Thread 3 ] DEBUG Engine               - isIOS: false
11:16:58.034 [FXGL Background Thread 3 ] DEBUG Engine               - isIntroEnabled: false
11:16:58.034 [FXGL Background Thread 3 ] DEBUG Engine               - isLinux: false
11:16:58.034 [FXGL Background Thread 3 ] DEBUG Engine               - isMac: true
11:16:58.034 [FXGL Background Thread 3 ] DEBUG Engine               - isMainMenuEnabled: true
11:16:58.034 [FXGL Background Thread 3 ] DEBUG Engine               - isManualResizeEnabled: false
11:16:58.034 [FXGL Background Thread 3 ] DEBUG Engine               - isMobile: false
11:16:58.034 [FXGL Background Thread 3 ] DEBUG Engine               - isNative: false
11:16:58.034 [FXGL Background Thread 3 ] DEBUG Engine               - isPauseMusicWhenMinimized: true
11:16:58.034 [FXGL Background Thread 3 ] DEBUG Engine               - isPreserveResizeRatio: false
11:16:58.034 [FXGL Background Thread 3 ] DEBUG Engine               - isProfilingEnabled: false
11:16:58.034 [FXGL Background Thread 3 ] DEBUG Engine               - isScaleAffectedOnResize: true
11:16:58.034 [FXGL Background Thread 3 ] DEBUG Engine               - isSingleStep: false
11:16:58.035 [FXGL Background Thread 3 ] DEBUG Engine               - isUserProfileEnabled: false
11:16:58.035 [FXGL Background Thread 3 ] DEBUG Engine               - isWindows: false
11:16:58.035 [FXGL Background Thread 3 ] DEBUG Engine               - language: ObjectProperty [value: ENGLISH]
11:16:58.035 [FXGL Background Thread 3 ] DEBUG Engine               - menuKey: ESCAPE
11:16:58.035 [FXGL Background Thread 3 ] DEBUG Engine               - mouseSensitivity: 0.2
11:16:58.035 [FXGL Background Thread 3 ] DEBUG Engine               - notificationViewClass: class com.almasb.fxgl.notification.view.XboxNotificationView
11:16:58.035 [FXGL Background Thread 3 ] DEBUG Engine               - pixelsPerMeter: 50.0
11:16:58.035 [FXGL Background Thread 3 ] DEBUG Engine               - platform: MAC
11:16:58.035 [FXGL Background Thread 3 ] DEBUG Engine               - prefHeightProperty: ReadOnlyDoubleProperty [value: 800.0]
11:16:58.035 [FXGL Background Thread 3 ] DEBUG Engine               - prefWidthProperty: ReadOnlyDoubleProperty [value: 800.0]
11:16:58.035 [FXGL Background Thread 3 ] DEBUG Engine               - profileDir: profiles/
11:16:58.035 [FXGL Background Thread 3 ] DEBUG Engine               - profileName: StringProperty [value: DEFAULT]
11:16:58.035 [FXGL Background Thread 3 ] DEBUG Engine               - randomSeed: -1
11:16:58.036 [FXGL Background Thread 3 ] DEBUG Engine               - runtimeInfo: RuntimeInfo(platform=MAC, version=17, build=31.12.2021 18.16)
11:16:58.036 [FXGL Background Thread 3 ] DEBUG Engine               - saveFileExt: sav
11:16:58.036 [FXGL Background Thread 3 ] DEBUG Engine               - scaledHeightProp$fxgl: DoubleProperty [bound, value: 800.0]
11:16:58.036 [FXGL Background Thread 3 ] DEBUG Engine               - scaledWidthProp$fxgl: DoubleProperty [bound, value: 800.0]
11:16:58.036 [FXGL Background Thread 3 ] DEBUG Engine               - sceneFactory: com.almasb.fxgl.app.scene.SceneFactory@6a90ed1f
11:16:58.036 [FXGL Background Thread 3 ] DEBUG Engine               - secondsIn24h: 60
11:16:58.036 [FXGL Background Thread 3 ] DEBUG Engine               - soundMenuBack: menu/back.wav
11:16:58.036 [FXGL Background Thread 3 ] DEBUG Engine               - soundMenuPress: menu/press.wav
11:16:58.036 [FXGL Background Thread 3 ] DEBUG Engine               - soundMenuSelect: menu/select.wav
11:16:58.037 [FXGL Background Thread 3 ] DEBUG Engine               - soundNotification: core/notification.wav
11:16:58.037 [FXGL Background Thread 3 ] DEBUG Engine               - stageStyle: DECORATED
11:16:58.037 [FXGL Background Thread 3 ] DEBUG Engine               - supportedLanguages: [ENGLISH, FRENCH, GERMAN, HUNGARIAN, RUSSIAN]
11:16:58.037 [FXGL Background Thread 3 ] DEBUG Engine               - ticksPerSecond: -1
11:16:58.037 [FXGL Background Thread 3 ] DEBUG Engine               - title: Zelda 2D Game
11:16:58.037 [FXGL Background Thread 3 ] DEBUG Engine               - urlGithub: https://github.com/AlmasB/FXGL
11:16:58.037 [FXGL Background Thread 3 ] DEBUG Engine               - urlLeaderboard: http://fxgl-top.herokuapp.com/
11:16:58.037 [FXGL Background Thread 3 ] DEBUG Engine               - urlPOM: https://raw.githubusercontent.com/AlmasB/FXGL/release/README.md
11:16:58.037 [FXGL Background Thread 3 ] DEBUG Engine               - userAppClass: class com.example.zeldapuzzle.MainGameApp
11:16:58.037 [FXGL Background Thread 3 ] DEBUG Engine               - version: 1
11:16:58.037 [FXGL Background Thread 3 ] DEBUG Engine               - versionCheckDays: 7
11:16:58.037 [FXGL Background Thread 3 ] DEBUG Engine               - width: 800
11:16:58.037 [FXGL Background Thread 3 ] DEBUG Engine               - Logging services
11:16:58.037 [FXGL Background Thread 3 ] DEBUG Engine               - class com.almasb.fxgl.app.services.FXGLAssetLoaderService
11:16:58.038 [FXGL Background Thread 3 ] DEBUG Engine               - class com.almasb.fxgl.app.FXGLApplication$GameApplicationService
11:16:58.038 [FXGL Background Thread 3 ] DEBUG Engine               - class com.almasb.fxgl.app.services.FXGLDialogService
11:16:58.038 [FXGL Background Thread 3 ] DEBUG Engine               - class com.almasb.fxgl.app.services.IOTaskExecutorService
11:16:58.038 [FXGL Background Thread 3 ] DEBUG Engine               - class com.almasb.fxgl.io.FileSystemService
11:16:58.038 [FXGL Background Thread 3 ] DEBUG Engine               - class com.almasb.fxgl.localization.LocalizationService
11:16:58.038 [FXGL Background Thread 3 ] DEBUG Engine               - class com.almasb.fxgl.app.services.SystemBundleService
11:16:58.038 [FXGL Background Thread 3 ] DEBUG Engine               - class com.almasb.fxgl.profile.SaveLoadService
11:16:58.038 [FXGL Background Thread 3 ] DEBUG Engine               - class com.almasb.fxgl.ui.FXGLUIFactoryServiceProvider
11:16:58.038 [FXGL Background Thread 3 ] DEBUG Engine               - class com.almasb.fxgl.ui.FXGLDialogFactoryServiceProvider
11:16:58.038 [FXGL Background Thread 3 ] DEBUG Engine               - class com.almasb.fxgl.audio.AudioPlayer
11:16:58.038 [FXGL Background Thread 3 ] DEBUG Engine               - class com.almasb.fxgl.notification.impl.NotificationServiceProvider
11:16:58.038 [FXGL Background Thread 3 ] DEBUG Engine               - class com.almasb.fxgl.achievement.AchievementService
11:16:58.038 [FXGL Background Thread 3 ] DEBUG Engine               - class com.almasb.fxgl.cutscene.CutsceneService
11:16:58.038 [FXGL Background Thread 3 ] DEBUG Engine               - class com.almasb.fxgl.minigames.MiniGameService
11:16:58.038 [FXGL Background Thread 3 ] DEBUG Engine               - class com.almasb.fxgl.net.NetService
11:16:58.038 [FXGL Background Thread 3 ] DEBUG Engine               - class com.almasb.fxgl.app.services.UpdaterService
11:16:58.038 [FXGL Background Thread 3 ] DEBUG Engine               - class com.almasb.fxgl.dev.DevService
11:19:49.265 [JavaFX Application Thread] WARN  TMXLevelLoader       - TiledMap generated from 1.10.2. Supported version: 1.2.3. Some features may not be parsed fully.
11:19:49.272 [JavaFX Application Thread] DEBUG TMXLevelLoader       - Parsed TiledMap: file:/Users/CHLaroche05/zelda/zeldaPuzzle%20copy/target/classes/assets/levels/interieurMaisonPlayer1.tmx
11:19:49.272 [JavaFX Application Thread] DEBUG TMXLevelLoader       - Creating tile layer entities
11:19:49.272 [JavaFX Application Thread] DEBUG TilesetLoader        - Loading view for layer background
11:19:49.276 [JavaFX Application Thread] DEBUG TilesetLoader        - Created buffer with size 1440.0x960.0
11:19:49.279 [JavaFX Application Thread] DEBUG TilesetLoader        - Loading view for layer devant
11:19:49.280 [JavaFX Application Thread] DEBUG TilesetLoader        - Created buffer with size 1440.0x960.0
11:19:49.280 [JavaFX Application Thread] DEBUG TilesetLoader        - Loading view for layer devant1
11:19:49.281 [JavaFX Application Thread] DEBUG TilesetLoader        - Created buffer with size 1440.0x960.0
11:19:49.281 [JavaFX Application Thread] DEBUG TMXLevelLoader       - Creating object layer entities
11:19:49.287 [JavaFX Application Thread] DEBUG GameWorld            - Clearing removable entities
11:19:49.291 [JavaFX Application Thread] DEBUG GameWorld            - Setting level: com.almasb.fxgl.entity.level.Level@6f340dab
11:19:49.300 [JavaFX Application Thread] WARN  GameWorld            - Entity is already attached to world
11:19:54.015 [JavaFX Application Thread] WARN  TMXLevelLoader       - TiledMap generated from 1.10.2. Supported version: 1.2.3. Some features may not be parsed fully.
11:19:54.037 [JavaFX Application Thread] DEBUG TMXLevelLoader       - Parsed TiledMap: file:/Users/CHLaroche05/zelda/zeldaPuzzle%20copy/target/classes/assets/levels/mapFinal.tmx
11:19:54.037 [JavaFX Application Thread] DEBUG TMXLevelLoader       - Creating tile layer entities
11:19:54.038 [JavaFX Application Thread] DEBUG TilesetLoader        - Loading view for layer background
11:19:54.051 [JavaFX Application Thread] DEBUG TilesetLoader        - Created buffer with size 4800.0x4800.0
11:19:54.152 [JavaFX Application Thread] DEBUG TilesetLoader        - Loading view for layer devant
11:19:54.162 [JavaFX Application Thread] DEBUG TilesetLoader        - Created buffer with size 4800.0x4800.0
11:19:54.186 [JavaFX Application Thread] DEBUG TilesetLoader        - Loading view for layer devant1
11:19:54.198 [JavaFX Application Thread] DEBUG TilesetLoader        - Created buffer with size 4800.0x4800.0
11:19:54.211 [JavaFX Application Thread] DEBUG TMXLevelLoader       - Creating object layer entities
11:19:54.221 [JavaFX Application Thread] DEBUG GameWorld            - Clearing removable entities
11:19:54.221 [JavaFX Application Thread] DEBUG GameWorld            - Setting level: com.almasb.fxgl.entity.level.Level@61ab7ac0
11:19:54.227 [JavaFX Application Thread] WARN  GameWorld            - Entity is already attached to world
11:19:54.228 [JavaFX Application Thread] WARN  GameWorld            - Entity is already attached to world
11:20:01.781 [JavaFX Application Thread] WARN  TMXLevelLoader       - TiledMap generated from 1.10.2. Supported version: 1.2.3. Some features may not be parsed fully.
11:20:01.798 [JavaFX Application Thread] DEBUG TMXLevelLoader       - Parsed TiledMap: file:/Users/CHLaroche05/zelda/zeldaPuzzle%20copy/target/classes/assets/levels/leDongeon.tmx
11:20:01.798 [JavaFX Application Thread] DEBUG TMXLevelLoader       - Creating tile layer entities
11:20:01.798 [JavaFX Application Thread] DEBUG TilesetLoader        - Loading view for layer BG1
11:20:01.800 [JavaFX Application Thread] DEBUG TilesetLoader        - Created buffer with size 2400.0x800.0
11:20:01.817 [JavaFX Application Thread] DEBUG TilesetLoader        - Loading view for layer BG2
11:20:01.822 [JavaFX Application Thread] DEBUG TilesetLoader        - Created buffer with size 2400.0x800.0
11:20:01.832 [JavaFX Application Thread] DEBUG TilesetLoader        - Loading view for layer BG3
11:20:01.832 [JavaFX Application Thread] DEBUG TilesetLoader        - Created buffer with size 2400.0x800.0
11:20:01.842 [JavaFX Application Thread] DEBUG TilesetLoader        - Loading view for layer BG4a
11:20:01.842 [JavaFX Application Thread] DEBUG TilesetLoader        - Created buffer with size 2400.0x800.0
11:20:01.852 [JavaFX Application Thread] DEBUG TilesetLoader        - Loading view for layer BG4b
11:20:01.852 [JavaFX Application Thread] DEBUG TilesetLoader        - Created buffer with size 2400.0x800.0
11:20:01.862 [JavaFX Application Thread] DEBUG TilesetLoader        - Loading view for layer MainBuild3
11:20:01.864 [JavaFX Application Thread] DEBUG TilesetLoader        - Created buffer with size 2400.0x800.0
11:20:01.913 [JavaFX Application Thread] DEBUG TilesetLoader        - Loading view for layer MainBuild2
11:20:01.914 [JavaFX Application Thread] DEBUG TilesetLoader        - Created buffer with size 2400.0x800.0
11:20:01.915 [JavaFX Application Thread] DEBUG TilesetLoader        - Loading view for layer MainBuild
11:20:01.916 [JavaFX Application Thread] DEBUG TilesetLoader        - Created buffer with size 2400.0x800.0
11:20:01.920 [JavaFX Application Thread] DEBUG TMXLevelLoader       - Creating object layer entities
11:20:01.924 [JavaFX Application Thread] DEBUG GameWorld            - Clearing removable entities
11:20:01.927 [JavaFX Application Thread] DEBUG GameWorld            - Setting level: com.almasb.fxgl.entity.level.Level@15e8342e
11:20:01.933 [JavaFX Application Thread] WARN  GameWorld            - Entity is already attached to world
11:22:08.474 [JavaFX Application Thread] WARN  GameWorld            - Entity is already attached to world
11:22:34.429 [JavaFX Application Thread] WARN  GameWorld            - Entity is already attached to world
11:22:36.046 [JavaFX Application Thread] WARN  GameWorld            - Entity is already attached to world
11:22:37.980 [JavaFX Application Thread] WARN  GameWorld            - Entity is already attached to world
11:22:38.944 [JavaFX Application Thread] WARN  GameWorld            - Entity is already attached to world
11:22:39.923 [JavaFX Application Thread] WARN  GameWorld            - Entity is already attached to world
11:22:40.897 [JavaFX Application Thread] WARN  GameWorld            - Entity is already attached to world
11:22:46.496 [JavaFX Application Thread] WARN  GameWorld            - Entity is already attached to world
11:22:47.465 [JavaFX Application Thread] WARN  GameWorld            - Entity is already attached to world
11:22:48.989 [JavaFX Application Thread] WARN  GameWorld            - Entity is already attached to world
11:22:49.338 [JavaFX Application Thread] WARN  TMXLevelLoader       - TiledMap generated from 1.10.2. Supported version: 1.2.3. Some features may not be parsed fully.
11:22:49.349 [JavaFX Application Thread] DEBUG TMXLevelLoader       - Parsed TiledMap: file:/Users/CHLaroche05/zelda/zeldaPuzzle%20copy/target/classes/assets/levels/mapFinal.tmx
11:22:49.349 [JavaFX Application Thread] DEBUG TMXLevelLoader       - Creating tile layer entities
11:22:49.349 [JavaFX Application Thread] DEBUG TilesetLoader        - Loading view for layer background
11:22:49.352 [JavaFX Application Thread] DEBUG TilesetLoader        - Created buffer with size 4800.0x4800.0
11:22:49.443 [JavaFX Application Thread] DEBUG TilesetLoader        - Loading view for layer devant
11:22:49.457 [JavaFX Application Thread] DEBUG TilesetLoader        - Created buffer with size 4800.0x4800.0
11:22:49.482 [JavaFX Application Thread] DEBUG TilesetLoader        - Loading view for layer devant1
11:22:49.498 [JavaFX Application Thread] DEBUG TilesetLoader        - Created buffer with size 4800.0x4800.0
11:22:49.513 [JavaFX Application Thread] DEBUG TMXLevelLoader       - Creating object layer entities
11:22:49.525 [JavaFX Application Thread] DEBUG GameWorld            - Clearing removable entities
11:22:49.527 [JavaFX Application Thread] DEBUG GameWorld            - Setting level: com.almasb.fxgl.entity.level.Level@77f1dc12
11:22:49.532 [JavaFX Application Thread] WARN  GameWorld            - Entity is already attached to world
11:22:49.534 [JavaFX Application Thread] WARN  GameWorld            - Entity is already attached to world
11:24:12.816 [JavaFX Application Thread] WARN  GameWorld            - Entity is already attached to world
11:24:13.029 [JavaFX Application Thread] WARN  GameWorld            - Entity is already attached to world
11:24:14.032 [JavaFX Application Thread] WARN  GameWorld            - Entity is already attached to world
11:24:14.364 [JavaFX Application Thread] WARN  GameWorld            - Entity is already attached to world
11:24:30.861 [JavaFX Application Thread] DEBUG FXGLApplication      - Exiting FXGL
11:24:30.861 [JavaFX Application Thread] DEBUG LoopRunner           - Stopping loop
11:24:30.861 [JavaFX Application Thread] DEBUG SystemBundleService  - Saving FXGL system data
11:24:30.864 [JavaFX Application Thread] DEBUG FileSystemAccess     - Writing to: /Users/CHLaroche05/zelda/zeldaPuzzle copy/system/fxgl.bundle
11:24:30.867 [JavaFX Application Thread] DEBUG Async                - Shutting down background threads
11:24:30.867 [JavaFX Application Thread] DEBUG PrimaryStageWindow   - Closing main window
11:24:30.875 [JavaFX Application Thread] DEBUG Logger               - Closing Logger
