11:09:30.262 [main                     ] DEBUG Logger               - Configured Logger
11:09:30.289 [main                     ] DEBUG GameApplication      - Logging settings
Title: Zelda 2D Game
Version: 1
Width: 800
Height: 800
Fullscreen: true
Intro: false
Profiling: false
Single step:false
App Mode: DEVELOPER
Menu Key: ESCAPE
Stage Style: DECORATED
Scene Factory: class com.almasb.fxgl.app.scene.SceneFactory

11:09:30.378 [JavaFX Application Thread] DEBUG FXGLApplication      - Initializing FXGL
11:09:30.384 [JavaFX Application Thread] INFO  Engine               - FXGL-17 (31.12.2021 18.16) on WINDOWS (J:19.0.2 FX:19)
11:09:30.384 [JavaFX Application Thread] DEBUG Engine               - JRE Vendor Name: Amazon.com Inc.
11:09:30.384 [JavaFX Application Thread] DEBUG Engine               - Running on OS: Windows 11 version 10.0
11:09:30.384 [JavaFX Application Thread] DEBUG Engine               - Architecture: amd64
11:09:30.384 [JavaFX Application Thread] INFO  Engine               - Source code and latest versions at: https://github.com/AlmasB/FXGL
11:09:30.385 [JavaFX Application Thread] INFO  Engine               -       Ask questions and discuss at: https://github.com/AlmasB/FXGL/discussions
11:09:30.385 [JavaFX Application Thread] INFO  Engine               -              Join the FXGL chat at: https://gitter.im/AlmasB/FXGL
11:09:30.458 [JavaFX Application Thread] DEBUG PrimaryStageWindow   - Creating a JavaFX scene
11:09:30.512 [JavaFX Application Thread] DEBUG PrimaryStageWindow   - Target settings size: 800.0 x 800.0
11:09:30.512 [JavaFX Application Thread] DEBUG PrimaryStageWindow   - Scaled scene size:    800.0 x 800.0
11:09:30.513 [JavaFX Application Thread] DEBUG PrimaryStageWindow   - Scaled ratio: (1.0, 1.0)
11:09:30.514 [JavaFX Application Thread] DEBUG PrimaryStageWindow   - Set initial scene to FXGLStartupScene
11:09:30.519 [JavaFX Application Thread] DEBUG PrimaryStageWindow   - Opening main window
11:09:30.623 [JavaFX Application Thread] DEBUG PrimaryStageWindow   - Window border size: (13.0, 35.5)
11:09:30.624 [JavaFX Application Thread] DEBUG PrimaryStageWindow   - Scaled size: 800.0 x 800.0
11:09:30.624 [JavaFX Application Thread] DEBUG PrimaryStageWindow   - Scaled ratio: (1.0, 1.0)
11:09:30.625 [JavaFX Application Thread] DEBUG PrimaryStageWindow   - Scene size: 800.0 x 800.0
11:09:30.625 [JavaFX Application Thread] DEBUG PrimaryStageWindow   - Stage size: 813.0 x 835.5
11:09:30.635 [FXGL Background Thread 1 ] DEBUG Engine               - Initializing environment variables
11:09:30.712 [FXGL Background Thread 1 ] DEBUG FXGLAssetLoaderServi - User app class for loading assets: class com.example.zeldapuzzle.MainGameApp
11:09:30.713 [FXGL Background Thread 1 ] DEBUG GameApplicationServi - Applying CSS: fxgl_dark.css
11:09:30.714 [FXGL Background Thread 1 ] DEBUG FXGLAssetLoaderServi - Loading from file system: jar:file:///C:/Users/Utilisateur/.m2/repository/com/github/almasb/fxgl/17/fxgl-17.jar!/fxglassets/ui/css/fxgl_dark.css
11:09:30.775 [FXGL Background Thread 1 ] DEBUG GameApplicationServi - Initializing application scenes
11:09:30.874 [FXGL Background Thread 1 ] DEBUG GameWorld            - Game world initialized
11:09:30.957 [FXGL Background Thread 1 ] DEBUG PhysicsWorld         - Physics world initialized: appHeight=800, physics.ppm=50,0
11:09:30.957 [FXGL Background Thread 1 ] DEBUG PhysicsWorld         - Using strategy: BRUTE_FORCE
11:09:30.964 [FXGL Background Thread 1 ] DEBUG GameScene            - Game scene initialized: 800x800
11:09:30.977 [FXGL Background Thread 1 ] DEBUG FXGL.DefaultMenu     - createMenuBodyMainMenu()
11:09:30.990 [FXGL Background Thread 1 ] DEBUG FXGL.DefaultMenu     - createOptionsMenu()
11:09:31.003 [FXGL Background Thread 1 ] DEBUG FXGLAssetLoaderServi - Loading from file system: jar:file:///C:/Users/Utilisateur/.m2/repository/com/github/almasb/fxgl/17/fxgl-17.jar!/fxglassets/textures/particles/smoke.png
11:09:31.125 [FXGL Background Thread 1 ] DEBUG FXGLAssetLoaderServi - Loading from file system: jar:file:///C:/Users/Utilisateur/.m2/repository/com/github/almasb/fxgl/17/fxgl-17.jar!/fxglassets/textures/particles/trace_horizontal.png
11:09:31.150 [FXGL Background Thread 1 ] DEBUG FXGL.DefaultMenu     - createMenuBodyGameMenu()
11:09:31.153 [FXGL Background Thread 1 ] DEBUG FXGL.DefaultMenu     - createOptionsMenu()
11:09:31.173 [FXGL Background Thread 1 ] DEBUG GameApplicationServi - Application scenes initialized
11:09:31.186 [FXGL Background Thread 1 ] DEBUG SystemBundleService  - Loading FXGL system data
11:09:31.192 [FXGL Background Thread 1 ] DEBUG FileSystemAccess     - Reading from: C:\Users\Utilisateur\IdeaProjects\zeldaPuzzle\system\fxgl.bundle
11:09:31.204 [FXGL Background Thread 1 ] DEBUG SystemBundleService  - Bundle FXGL: {}
11:09:31.204 [FXGL Background Thread 1 ] DEBUG UpdaterService       - Checking for updates
11:09:31.238 [FXGL Background Thread 4 ] DEBUG FXGLApplication      - Loading fonts
11:09:31.238 [FXGL Background Thread 1 ] DEBUG FXGLApplication      - Loading default localization
11:09:31.239 [FXGL Background Thread 4 ] DEBUG FXGLAssetLoaderServi - Loading from file system: jar:file:///C:/Users/Utilisateur/.m2/repository/com/github/almasb/fxgl/17/fxgl-17.jar!/fxglassets/ui/fonts/VarelaRound-Regular.ttf
11:09:31.240 [FXGL Background Thread 1 ] DEBUG FXGLAssetLoaderServi - Loading from file system: jar:file:///C:/Users/Utilisateur/.m2/repository/com/github/almasb/fxgl/17/fxgl-17.jar!/fxglassets/languages/english.lang
11:09:31.301 [FXGL Background Thread 1 ] INFO  FXGLApplication      - FXGL initialization took: 0,665 sec
11:09:31.322 [FXGL Background Thread 4 ] DEBUG FXGLAssetLoaderServi - Loading from file system: jar:file:///C:/Users/Utilisateur/.m2/repository/com/github/almasb/fxgl/17/fxgl-17.jar!/fxglassets/ui/fonts/Abel-Regular.ttf
11:09:31.328 [JavaFX Application Thread] DEBUG Input                - Registered new binding: getPosition - P
11:09:31.328 [JavaFX Application Thread] DEBUG Input                - Registered new binding: zoom+ - Up
11:09:31.328 [JavaFX Application Thread] DEBUG Input                - Registered new binding: zoom- - Down
11:09:31.329 [JavaFX Application Thread] DEBUG Input                - Registered new binding: resetZoom - 0
11:09:31.329 [JavaFX Application Thread] DEBUG Input                - Registered new binding: Move right - D
11:09:31.330 [JavaFX Application Thread] DEBUG Input                - Registered new binding: Move left - A
11:09:31.330 [JavaFX Application Thread] DEBUG Input                - Registered new binding: Move Up - W
11:09:31.331 [JavaFX Application Thread] DEBUG Input                - Registered new binding: Move Down - S
11:09:31.332 [JavaFX Application Thread] DEBUG FXGLAssetLoaderServi - Loading from file system: jar:file:///C:/Users/Utilisateur/.m2/repository/com/github/almasb/fxgl/17/fxgl-17.jar!/fxglassets/textures/fxgl_icon.png
11:09:31.334 [FXGL Background Thread 4 ] DEBUG FXGLAssetLoaderServi - Loading from file system: jar:file:///C:/Users/Utilisateur/.m2/repository/com/github/almasb/fxgl/17/fxgl-17.jar!/fxglassets/ui/fonts/TerminalLandMono-Regular.otf
11:09:31.345 [FXGL Background Thread 4 ] DEBUG FXGLAssetLoaderServi - Loading from file system: jar:file:///C:/Users/Utilisateur/.m2/repository/com/github/almasb/fxgl/17/fxgl-17.jar!/fxglassets/ui/fonts/Courier-Prime.ttf
11:09:31.361 [JavaFX Application Thread] DEBUG FXGLAssetLoaderServi - Loading from file system: jar:file:///C:/Users/Utilisateur/.m2/repository/com/github/almasb/fxgl/17/fxgl-17.jar!/fxglassets/textures/fxgl_default_cursor.png
11:09:31.367 [JavaFX Application Thread] DEBUG Input                - Registered new binding: Screenshot - CTRL+8
11:09:31.368 [JavaFX Application Thread] DEBUG Input                - Registered new binding: Dev Options - 1
11:09:31.369 [JavaFX Application Thread] DEBUG Input                - Registered new binding: Dev Console - 2
11:09:31.370 [JavaFX Application Thread] DEBUG Input                - Registered new binding: System info dump - CTRL+9
11:09:31.371 [JavaFX Application Thread] DEBUG Input                - Registered new binding: Restart - CTRL+R
11:09:31.375 [JavaFX Application Thread] DEBUG Input                - Registered new binding: Toggle Debug Camera - CTRL+7
11:09:31.384 [JavaFX Application Thread] DEBUG LoopRunner           - Starting loop
11:09:31.430 [JavaFX Application Thread] DEBUG LoopRunner           - Initializing JavaFX AnimationTimerLoop
11:09:31.443 [JavaFX Application Thread] DEBUG Input                - Clearing active input actions
11:09:31.452 [JavaFX Application Thread] DEBUG GameApplicationServi - Removing overlay from FXGLStartupScene and adding to FXGLMainMenuDummyScene
11:09:31.466 [JavaFX Application Thread] DEBUG PrimaryStageWindow   - FXGLStartupScene -> FXGLMainMenuDummyScene
11:09:31.466 [JavaFX Application Thread] DEBUG PrimaryStageWindow   - Push state: FXGLDefaultMenu
11:09:31.473 [JavaFX Application Thread] DEBUG Input                - Clearing active input actions
11:09:31.492 [JavaFX Application Thread] DEBUG GameApplicationServi - Removing overlay from FXGLMainMenuDummyScene and adding to FXGLDefaultMenu
11:09:31.493 [JavaFX Application Thread] DEBUG PrimaryStageWindow   - FXGLMainMenuDummyScene -> FXGLDefaultMenu
11:09:31.493 [JavaFX Application Thread] DEBUG FXGLApplication      - Registering font factories with UI factory
11:09:31.869 [FXGL Background Thread 2 ] INFO  UpdaterService       - Your current version:  17
11:09:31.869 [FXGL Background Thread 2 ] INFO  UpdaterService       - Latest stable version: 21.1
11:09:32.766 [JavaFX Application Thread] DEBUG Menu                 - fireNewGame()
11:09:32.766 [JavaFX Application Thread] DEBUG GameApplicationServi - Starting new game
11:09:32.769 [JavaFX Application Thread] DEBUG PrimaryStageWindow   - Pop state: FXGLDefaultMenu
11:09:32.769 [JavaFX Application Thread] DEBUG Input                - Clearing active input actions
11:09:32.771 [JavaFX Application Thread] DEBUG GameApplicationServi - Removing overlay from FXGLDefaultMenu and adding to FXGLMainMenuDummyScene
11:09:32.774 [JavaFX Application Thread] DEBUG PrimaryStageWindow   - FXGLMainMenuDummyScene <- FXGLDefaultMenu
11:09:32.775 [JavaFX Application Thread] DEBUG Input                - Clearing active input actions
11:09:32.790 [JavaFX Application Thread] DEBUG GameApplicationServi - Removing overlay from FXGLMainMenuDummyScene and adding to FXGLLoadingScene
11:09:32.791 [JavaFX Application Thread] DEBUG PrimaryStageWindow   - FXGLMainMenuDummyScene -> FXGLLoadingScene
11:09:32.791 [JavaFX Application Thread] DEBUG GameApplicationServi - Clearing previous game
11:09:32.792 [JavaFX Application Thread] DEBUG GameScene            - Clearing game scene
11:09:32.792 [JavaFX Application Thread] DEBUG GameWorld            - Clearing game world
11:09:32.793 [JavaFX Application Thread] DEBUG PhysicsWorld         - Clearing physics world
11:09:32.800 [FXGL Background Thread 2 ] DEBUG FXGLApplication      - Initializing game
11:09:32.950 [FXGL Background Thread 2 ] WARN  TMXLevelLoader       - TiledMap generated from 1.10.2. Supported version: 1.2.3. Some features may not be parsed fully.
11:09:32.967 [FXGL Background Thread 2 ] DEBUG TMXLevelLoader       - Parsed TiledMap: file:/C:/Users/Utilisateur/IdeaProjects/zeldaPuzzle/target/classes/assets/levels/StartingMap.tmx
11:09:32.970 [FXGL Background Thread 2 ] DEBUG TMXLevelLoader       - Creating tile layer entities
11:09:32.974 [FXGL Background Thread 2 ] DEBUG TilesetLoader        - Loading view for layer Calque de Tuiles 1
11:09:32.979 [FXGL Background Thread 2 ] DEBUG TilesetLoader        - Created buffer with size 1920.0x1920.0
11:09:32.993 [FXGL Background Thread 2 ] DEBUG TilesetLoader        - Loading view for layer Calque de Tuiles 2
11:09:33.003 [FXGL Background Thread 2 ] DEBUG TilesetLoader        - Created buffer with size 1920.0x1920.0
11:09:33.018 [FXGL Background Thread 2 ] DEBUG TilesetLoader        - Loading view for layer Calque de Tuiles 3
11:09:33.026 [FXGL Background Thread 2 ] DEBUG TilesetLoader        - Created buffer with size 1920.0x1920.0
11:09:33.027 [FXGL Background Thread 2 ] DEBUG TMXLevelLoader       - Creating object layer entities
11:09:33.054 [FXGL Background Thread 2 ] DEBUG GameWorld            - Clearing removable entities
11:09:33.055 [FXGL Background Thread 2 ] DEBUG GameWorld            - Setting level: com.almasb.fxgl.entity.level.Level@2bb3d05e
11:09:33.067 [FXGL Background Thread 2 ] WARN  GameWorld            - Entity is already attached to world
11:09:33.132 [FXGL Background Thread 2 ] WARN  GameWorld            - Entity is already attached to world
11:09:33.133 [FXGL Background Thread 2 ] INFO  FXGLApplication      - Game initialization took: 0,333 sec
11:09:33.134 [JavaFX Application Thread] DEBUG Input                - Clearing active input actions
11:09:33.144 [JavaFX Application Thread] DEBUG GameApplicationServi - Removing overlay from FXGLLoadingScene and adding to GameScene
11:09:33.149 [JavaFX Application Thread] DEBUG PrimaryStageWindow   - FXGLLoadingScene -> GameScene
11:09:34.236 [FXGL Background Thread 3 ] DEBUG Engine               - Logging environment variables
11:09:34.237 [FXGL Background Thread 3 ] DEBUG Engine               - achievements: []
11:09:34.238 [FXGL Background Thread 3 ] DEBUG Engine               - actualHeight: 800.0
11:09:34.238 [FXGL Background Thread 3 ] DEBUG Engine               - actualHeightProperty: ReadOnlyDoubleProperty [value: 800.0]
11:09:34.239 [FXGL Background Thread 3 ] DEBUG Engine               - actualWidth: 800.0
11:09:34.239 [FXGL Background Thread 3 ] DEBUG Engine               - actualWidthProperty: ReadOnlyDoubleProperty [value: 800.0]
11:09:34.239 [FXGL Background Thread 3 ] DEBUG Engine               - appIcon: fxgl_icon.png
11:09:34.239 [FXGL Background Thread 3 ] DEBUG Engine               - applicationMode: DEVELOPER
11:09:34.239 [FXGL Background Thread 3 ] DEBUG Engine               - cSSList: [fxgl_dark.css]
11:09:34.239 [FXGL Background Thread 3 ] DEBUG Engine               - collisionDetectionStrategy: BRUTE_FORCE
11:09:34.239 [FXGL Background Thread 3 ] DEBUG Engine               - configClass: Optional.empty
11:09:34.240 [FXGL Background Thread 3 ] DEBUG Engine               - credits: []
11:09:34.240 [FXGL Background Thread 3 ] DEBUG Engine               - defaultCursor: CursorInfo(imageName=fxgl_default_cursor.png, hotspotX=7.0, hotspotY=6.0)
11:09:34.241 [FXGL Background Thread 3 ] DEBUG Engine               - devBBoxColorProperty: ObjectProperty [value: 0xff0000ff]
11:09:34.241 [FXGL Background Thread 3 ] DEBUG Engine               - devEnableDebugCameraProperty: BooleanProperty [value: false]
11:09:34.241 [FXGL Background Thread 3 ] DEBUG Engine               - devSensorColorProperty: ObjectProperty [value: 0xffff00ff]
11:09:34.242 [FXGL Background Thread 3 ] DEBUG Engine               - devShowBBoxProperty: BooleanProperty [value: false]
11:09:34.242 [FXGL Background Thread 3 ] DEBUG Engine               - devShowPositionProperty: BooleanProperty [value: false]
11:09:34.243 [FXGL Background Thread 3 ] DEBUG Engine               - enabledMenuItems: []
11:09:34.244 [FXGL Background Thread 3 ] DEBUG Engine               - engineServices: [class com.almasb.fxgl.app.services.FXGLAssetLoaderService, class com.almasb.fxgl.app.FXGLApplication$GameApplicationService, class com.almasb.fxgl.app.services.FXGLDialogService, class com.almasb.fxgl.app.services.IOTaskExecutorService, class com.almasb.fxgl.io.FileSystemService, class com.almasb.fxgl.localization.LocalizationService, class com.almasb.fxgl.app.services.SystemBundleService, class com.almasb.fxgl.profile.SaveLoadService, class com.almasb.fxgl.ui.FXGLUIFactoryServiceProvider, class com.almasb.fxgl.ui.FXGLDialogFactoryServiceProvider, class com.almasb.fxgl.audio.AudioPlayer, class com.almasb.fxgl.notification.impl.NotificationServiceProvider, class com.almasb.fxgl.achievement.AchievementService, class com.almasb.fxgl.cutscene.CutsceneService, class com.almasb.fxgl.minigames.MiniGameService, class com.almasb.fxgl.net.NetService, class com.almasb.fxgl.app.services.UpdaterService, class com.almasb.fxgl.dev.DevService]
11:09:34.244 [FXGL Background Thread 3 ] DEBUG Engine               - fontGame: Abel-Regular.ttf
11:09:34.244 [FXGL Background Thread 3 ] DEBUG Engine               - fontMono: TerminalLandMono-Regular.otf
11:09:34.244 [FXGL Background Thread 3 ] DEBUG Engine               - fontText: Courier-Prime.ttf
11:09:34.244 [FXGL Background Thread 3 ] DEBUG Engine               - fontUI: VarelaRound-Regular.ttf
11:09:34.245 [FXGL Background Thread 3 ] DEBUG Engine               - fullScreen: BooleanProperty [value: false]
11:09:34.245 [FXGL Background Thread 3 ] DEBUG Engine               - gameDifficulty: MEDIUM
11:09:34.245 [FXGL Background Thread 3 ] DEBUG Engine               - gameDifficultyProperty: ObjectProperty [value: MEDIUM]
11:09:34.245 [FXGL Background Thread 3 ] DEBUG Engine               - globalMusicVolume: 0.5
11:09:34.245 [FXGL Background Thread 3 ] DEBUG Engine               - globalMusicVolumeProperty: DoubleProperty [value: 0.5]
11:09:34.245 [FXGL Background Thread 3 ] DEBUG Engine               - globalSoundVolume: 0.5
11:09:34.246 [FXGL Background Thread 3 ] DEBUG Engine               - globalSoundVolumeProperty: DoubleProperty [value: 0.5]
11:09:34.246 [FXGL Background Thread 3 ] DEBUG Engine               - height: 800
11:09:34.246 [FXGL Background Thread 3 ] DEBUG Engine               - is3D: false
11:09:34.246 [FXGL Background Thread 3 ] DEBUG Engine               - isAndroid: false
11:09:34.246 [FXGL Background Thread 3 ] DEBUG Engine               - isBrowser: false
11:09:34.246 [FXGL Background Thread 3 ] DEBUG Engine               - isClickFeedbackEnabled: false
11:09:34.246 [FXGL Background Thread 3 ] DEBUG Engine               - isCloseConfirmation: false
11:09:34.246 [FXGL Background Thread 3 ] DEBUG Engine               - isDesktop: true
11:09:34.246 [FXGL Background Thread 3 ] DEBUG Engine               - isDeveloperMenuEnabled: true
11:09:34.247 [FXGL Background Thread 3 ] DEBUG Engine               - isEmbedded: false
11:09:34.247 [FXGL Background Thread 3 ] DEBUG Engine               - isEntityPreloadEnabled: true
11:09:34.248 [FXGL Background Thread 3 ] DEBUG Engine               - isExperimentalTiledLargeMap: false
11:09:34.248 [FXGL Background Thread 3 ] DEBUG Engine               - isFileSystemWriteAllowed: true
11:09:34.248 [FXGL Background Thread 3 ] DEBUG Engine               - isFullScreenAllowed: true
11:09:34.248 [FXGL Background Thread 3 ] DEBUG Engine               - isFullScreenFromStart: false
11:09:34.248 [FXGL Background Thread 3 ] DEBUG Engine               - isGameMenuEnabled: true
11:09:34.248 [FXGL Background Thread 3 ] DEBUG Engine               - isIOS: false
11:09:34.248 [FXGL Background Thread 3 ] DEBUG Engine               - isIntroEnabled: false
11:09:34.248 [FXGL Background Thread 3 ] DEBUG Engine               - isLinux: false
11:09:34.248 [FXGL Background Thread 3 ] DEBUG Engine               - isMac: false
11:09:34.248 [FXGL Background Thread 3 ] DEBUG Engine               - isMainMenuEnabled: true
11:09:34.248 [FXGL Background Thread 3 ] DEBUG Engine               - isManualResizeEnabled: false
11:09:34.248 [FXGL Background Thread 3 ] DEBUG Engine               - isMobile: false
11:09:34.248 [FXGL Background Thread 3 ] DEBUG Engine               - isNative: false
11:09:34.248 [FXGL Background Thread 3 ] DEBUG Engine               - isPauseMusicWhenMinimized: true
11:09:34.249 [FXGL Background Thread 3 ] DEBUG Engine               - isPreserveResizeRatio: false
11:09:34.249 [FXGL Background Thread 3 ] DEBUG Engine               - isProfilingEnabled: false
11:09:34.249 [FXGL Background Thread 3 ] DEBUG Engine               - isScaleAffectedOnResize: true
11:09:34.249 [FXGL Background Thread 3 ] DEBUG Engine               - isSingleStep: false
11:09:34.249 [FXGL Background Thread 3 ] DEBUG Engine               - isUserProfileEnabled: false
11:09:34.249 [FXGL Background Thread 3 ] DEBUG Engine               - isWindows: true
11:09:34.249 [FXGL Background Thread 3 ] DEBUG Engine               - language: ObjectProperty [value: ENGLISH]
11:09:34.249 [FXGL Background Thread 3 ] DEBUG Engine               - menuKey: ESCAPE
11:09:34.249 [FXGL Background Thread 3 ] DEBUG Engine               - mouseSensitivity: 0.2
11:09:34.249 [FXGL Background Thread 3 ] DEBUG Engine               - notificationViewClass: class com.almasb.fxgl.notification.view.XboxNotificationView
11:09:34.249 [FXGL Background Thread 3 ] DEBUG Engine               - pixelsPerMeter: 50.0
11:09:34.249 [FXGL Background Thread 3 ] DEBUG Engine               - platform: WINDOWS
11:09:34.249 [FXGL Background Thread 3 ] DEBUG Engine               - prefHeightProperty: ReadOnlyDoubleProperty [value: 800.0]
11:09:34.249 [FXGL Background Thread 3 ] DEBUG Engine               - prefWidthProperty: ReadOnlyDoubleProperty [value: 800.0]
11:09:34.249 [FXGL Background Thread 3 ] DEBUG Engine               - profileDir: profiles/
11:09:34.250 [FXGL Background Thread 3 ] DEBUG Engine               - profileName: StringProperty [value: DEFAULT]
11:09:34.250 [FXGL Background Thread 3 ] DEBUG Engine               - randomSeed: -1
11:09:34.250 [FXGL Background Thread 3 ] DEBUG Engine               - runtimeInfo: RuntimeInfo(platform=WINDOWS, version=17, build=31.12.2021 18.16)
11:09:34.250 [FXGL Background Thread 3 ] DEBUG Engine               - saveFileExt: sav
11:09:34.251 [FXGL Background Thread 3 ] DEBUG Engine               - scaledHeightProp$fxgl: DoubleProperty [bound, value: 800.0]
11:09:34.251 [FXGL Background Thread 3 ] DEBUG Engine               - scaledWidthProp$fxgl: DoubleProperty [bound, value: 800.0]
11:09:34.251 [FXGL Background Thread 3 ] DEBUG Engine               - sceneFactory: com.almasb.fxgl.app.scene.SceneFactory@67cd7e6a
11:09:34.251 [FXGL Background Thread 3 ] DEBUG Engine               - secondsIn24h: 60
11:09:34.251 [FXGL Background Thread 3 ] DEBUG Engine               - soundMenuBack: menu/back.wav
11:09:34.251 [FXGL Background Thread 3 ] DEBUG Engine               - soundMenuPress: menu/press.wav
11:09:34.251 [FXGL Background Thread 3 ] DEBUG Engine               - soundMenuSelect: menu/select.wav
11:09:34.251 [FXGL Background Thread 3 ] DEBUG Engine               - soundNotification: core/notification.wav
11:09:34.251 [FXGL Background Thread 3 ] DEBUG Engine               - stageStyle: DECORATED
11:09:34.252 [FXGL Background Thread 3 ] DEBUG Engine               - supportedLanguages: [ENGLISH, FRENCH, GERMAN, HUNGARIAN, RUSSIAN]
11:09:34.252 [FXGL Background Thread 3 ] DEBUG Engine               - ticksPerSecond: -1
11:09:34.252 [FXGL Background Thread 3 ] DEBUG Engine               - title: Zelda 2D Game
11:09:34.252 [FXGL Background Thread 3 ] DEBUG Engine               - urlGithub: https://github.com/AlmasB/FXGL
11:09:34.252 [FXGL Background Thread 3 ] DEBUG Engine               - urlLeaderboard: http://fxgl-top.herokuapp.com/
11:09:34.252 [FXGL Background Thread 3 ] DEBUG Engine               - urlPOM: https://raw.githubusercontent.com/AlmasB/FXGL/release/README.md
11:09:34.252 [FXGL Background Thread 3 ] DEBUG Engine               - userAppClass: class com.example.zeldapuzzle.MainGameApp
11:09:34.252 [FXGL Background Thread 3 ] DEBUG Engine               - version: 1
11:09:34.252 [FXGL Background Thread 3 ] DEBUG Engine               - versionCheckDays: 7
11:09:34.252 [FXGL Background Thread 3 ] DEBUG Engine               - width: 800
11:09:34.252 [FXGL Background Thread 3 ] DEBUG Engine               - Logging services
11:09:34.252 [FXGL Background Thread 3 ] DEBUG Engine               - class com.almasb.fxgl.app.services.FXGLAssetLoaderService
11:09:34.252 [FXGL Background Thread 3 ] DEBUG Engine               - class com.almasb.fxgl.app.FXGLApplication$GameApplicationService
11:09:34.252 [FXGL Background Thread 3 ] DEBUG Engine               - class com.almasb.fxgl.app.services.FXGLDialogService
11:09:34.252 [FXGL Background Thread 3 ] DEBUG Engine               - class com.almasb.fxgl.app.services.IOTaskExecutorService
11:09:34.253 [FXGL Background Thread 3 ] DEBUG Engine               - class com.almasb.fxgl.io.FileSystemService
11:09:34.253 [FXGL Background Thread 3 ] DEBUG Engine               - class com.almasb.fxgl.localization.LocalizationService
11:09:34.253 [FXGL Background Thread 3 ] DEBUG Engine               - class com.almasb.fxgl.app.services.SystemBundleService
11:09:34.253 [FXGL Background Thread 3 ] DEBUG Engine               - class com.almasb.fxgl.profile.SaveLoadService
11:09:34.253 [FXGL Background Thread 3 ] DEBUG Engine               - class com.almasb.fxgl.ui.FXGLUIFactoryServiceProvider
11:09:34.253 [FXGL Background Thread 3 ] DEBUG Engine               - class com.almasb.fxgl.ui.FXGLDialogFactoryServiceProvider
11:09:34.253 [FXGL Background Thread 3 ] DEBUG Engine               - class com.almasb.fxgl.audio.AudioPlayer
11:09:34.253 [FXGL Background Thread 3 ] DEBUG Engine               - class com.almasb.fxgl.notification.impl.NotificationServiceProvider
11:09:34.253 [FXGL Background Thread 3 ] DEBUG Engine               - class com.almasb.fxgl.achievement.AchievementService
11:09:34.253 [FXGL Background Thread 3 ] DEBUG Engine               - class com.almasb.fxgl.cutscene.CutsceneService
11:09:34.253 [FXGL Background Thread 3 ] DEBUG Engine               - class com.almasb.fxgl.minigames.MiniGameService
11:09:34.253 [FXGL Background Thread 3 ] DEBUG Engine               - class com.almasb.fxgl.net.NetService
11:09:34.253 [FXGL Background Thread 3 ] DEBUG Engine               - class com.almasb.fxgl.app.services.UpdaterService
11:09:34.253 [FXGL Background Thread 3 ] DEBUG Engine               - class com.almasb.fxgl.dev.DevService
11:09:37.092 [JavaFX Application Thread] WARN  TMXLevelLoader       - TiledMap generated from 1.10.2. Supported version: 1.2.3. Some features may not be parsed fully.
11:09:37.115 [JavaFX Application Thread] DEBUG TMXLevelLoader       - Parsed TiledMap: file:/C:/Users/Utilisateur/IdeaProjects/zeldaPuzzle/target/classes/assets/levels/donjonPasFini.tmx
11:09:37.115 [JavaFX Application Thread] DEBUG TMXLevelLoader       - Creating tile layer entities
11:09:37.116 [JavaFX Application Thread] DEBUG TilesetLoader        - Loading view for layer Calque de Tuiles 2
11:09:37.121 [JavaFX Application Thread] DEBUG TilesetLoader        - Created buffer with size 3200.0x960.0
11:09:37.159 [JavaFX Application Thread] WARN  TilesetLoader        - Diagonally flipped tiles are not currently supported
11:09:37.160 [JavaFX Application Thread] WARN  TilesetLoader        - Diagonally flipped tiles are not currently supported
11:09:37.160 [JavaFX Application Thread] WARN  TilesetLoader        - Diagonally flipped tiles are not currently supported
11:09:37.160 [JavaFX Application Thread] WARN  TilesetLoader        - Diagonally flipped tiles are not currently supported
11:09:37.161 [JavaFX Application Thread] WARN  TilesetLoader        - Diagonally flipped tiles are not currently supported
11:09:37.161 [JavaFX Application Thread] WARN  TilesetLoader        - Diagonally flipped tiles are not currently supported
11:09:37.161 [JavaFX Application Thread] WARN  TilesetLoader        - Diagonally flipped tiles are not currently supported
11:09:37.162 [JavaFX Application Thread] WARN  TilesetLoader        - Diagonally flipped tiles are not currently supported
11:09:37.162 [JavaFX Application Thread] WARN  TilesetLoader        - Diagonally flipped tiles are not currently supported
11:09:37.162 [JavaFX Application Thread] WARN  TilesetLoader        - Diagonally flipped tiles are not currently supported
11:09:37.163 [JavaFX Application Thread] DEBUG TilesetLoader        - Loading view for layer background
11:09:37.169 [JavaFX Application Thread] DEBUG TilesetLoader        - Created buffer with size 3200.0x960.0
11:09:37.180 [JavaFX Application Thread] DEBUG TilesetLoader        - Loading view for layer Calque de Tuiles 3
11:09:37.185 [JavaFX Application Thread] DEBUG TilesetLoader        - Created buffer with size 3200.0x960.0
11:09:37.186 [JavaFX Application Thread] DEBUG TilesetLoader        - Loading view for layer Calque de Tuiles 1
11:09:37.193 [JavaFX Application Thread] DEBUG TilesetLoader        - Created buffer with size 3200.0x960.0
11:09:37.195 [JavaFX Application Thread] DEBUG TMXLevelLoader       - Creating object layer entities
11:09:37.215 [JavaFX Application Thread] DEBUG GameWorld            - Clearing removable entities
11:09:37.222 [JavaFX Application Thread] DEBUG GameWorld            - Setting level: com.almasb.fxgl.entity.level.Level@42f2ce20
11:09:37.292 [JavaFX Application Thread] WARN  GameWorld            - Entity is already attached to world
11:09:39.698 [JavaFX Application Thread] WARN  GameWorld            - Entity is already attached to world
11:09:40.881 [JavaFX Application Thread] WARN  GameWorld            - Entity is already attached to world
11:09:40.881 [JavaFX Application Thread] WARN  GameWorld            - Entity is already attached to world
11:09:45.743 [JavaFX Application Thread] WARN  GameWorld            - Entity is already attached to world
11:09:45.743 [JavaFX Application Thread] WARN  GameWorld            - Entity is already attached to world
11:09:48.768 [JavaFX Application Thread] WARN  GameWorld            - Entity is already attached to world
11:09:48.768 [JavaFX Application Thread] WARN  GameWorld            - Entity is already attached to world
11:09:50.511 [JavaFX Application Thread] WARN  GameWorld            - Entity is already attached to world
11:09:50.511 [JavaFX Application Thread] WARN  GameWorld            - Entity is already attached to world
11:09:52.360 [JavaFX Application Thread] WARN  GameWorld            - Entity is already attached to world
11:09:52.360 [JavaFX Application Thread] WARN  GameWorld            - Entity is already attached to world
11:09:55.542 [JavaFX Application Thread] DEBUG FXGLApplication      - Exiting FXGL
11:09:55.543 [JavaFX Application Thread] DEBUG LoopRunner           - Stopping loop
11:09:55.543 [JavaFX Application Thread] DEBUG SystemBundleService  - Saving FXGL system data
11:09:55.545 [JavaFX Application Thread] DEBUG FileSystemAccess     - Writing to: C:\Users\Utilisateur\IdeaProjects\zeldaPuzzle\system\fxgl.bundle
11:09:55.547 [JavaFX Application Thread] DEBUG Async                - Shutting down background threads
11:09:55.547 [JavaFX Application Thread] DEBUG PrimaryStageWindow   - Closing main window
11:09:55.593 [JavaFX Application Thread] DEBUG Logger               - Closing Logger
