01:13:39.285 [main                     ] DEBUG Logger               - Configured Logger
01:13:39.300 [main                     ] DEBUG GameApplication      - Logging settings
Title: Zelda 2D Game
Version: 1
Width: 800
Height: 800
Fullscreen: true
Intro: false
Profiling: false
Single step:false
App Mode: DEVELOPER
Menu Key: ESCAPE
Stage Style: DECORATED
Scene Factory: class com.almasb.fxgl.app.scene.SceneFactory

01:13:39.432 [JavaFX Application Thread] DEBUG FXGLApplication      - Initializing FXGL
01:13:39.437 [JavaFX Application Thread] INFO  Engine               - FXGL-17 (31.12.2021 18.16) on WINDOWS (J:21.0.2 FX:19)
01:13:39.437 [JavaFX Application Thread] DEBUG Engine               - JRE Vendor Name: Oracle Corporation
01:13:39.438 [JavaFX Application Thread] DEBUG Engine               - Running on OS: Windows 10 version 10.0
01:13:39.438 [JavaFX Application Thread] DEBUG Engine               - Architecture: amd64
01:13:39.438 [JavaFX Application Thread] INFO  Engine               - Source code and latest versions at: https://github.com/AlmasB/FXGL
01:13:39.438 [JavaFX Application Thread] INFO  Engine               -       Ask questions and discuss at: https://github.com/AlmasB/FXGL/discussions
01:13:39.438 [JavaFX Application Thread] INFO  Engine               -              Join the FXGL chat at: https://gitter.im/AlmasB/FXGL
01:13:39.526 [JavaFX Application Thread] DEBUG PrimaryStageWindow   - Creating a JavaFX scene
01:13:39.580 [JavaFX Application Thread] DEBUG PrimaryStageWindow   - Target settings size: 800.0 x 800.0
01:13:39.581 [JavaFX Application Thread] DEBUG PrimaryStageWindow   - Scaled scene size:    800.0 x 800.0
01:13:39.581 [JavaFX Application Thread] DEBUG PrimaryStageWindow   - Scaled ratio: (1.0, 1.0)
01:13:39.582 [JavaFX Application Thread] DEBUG PrimaryStageWindow   - Set initial scene to FXGLStartupScene
01:13:39.590 [JavaFX Application Thread] DEBUG PrimaryStageWindow   - Opening main window
01:13:39.678 [JavaFX Application Thread] DEBUG PrimaryStageWindow   - Window border size: (16.0, 39.0)
01:13:39.678 [JavaFX Application Thread] DEBUG PrimaryStageWindow   - Scaled size: 800.0 x 800.0
01:13:39.678 [JavaFX Application Thread] DEBUG PrimaryStageWindow   - Scaled ratio: (1.0, 1.0)
01:13:39.678 [JavaFX Application Thread] DEBUG PrimaryStageWindow   - Scene size: 800.0 x 800.0
01:13:39.679 [JavaFX Application Thread] DEBUG PrimaryStageWindow   - Stage size: 816.0 x 839.0
01:13:39.686 [FXGL Background Thread 1 ] DEBUG Engine               - Initializing environment variables
01:13:39.746 [FXGL Background Thread 1 ] DEBUG FXGLAssetLoaderServi - User app class for loading assets: class com.example.zeldapuzzle.MainGameApp
01:13:39.746 [FXGL Background Thread 1 ] DEBUG GameApplicationServi - Applying CSS: fxgl_dark.css
01:13:39.747 [FXGL Background Thread 1 ] DEBUG FXGLAssetLoaderServi - Loading from file system: jar:file:///C:/Users/mbour/.m2/repository/com/github/almasb/fxgl/17/fxgl-17.jar!/fxglassets/ui/css/fxgl_dark.css
01:13:39.795 [FXGL Background Thread 1 ] DEBUG GameApplicationServi - Initializing application scenes
01:13:39.835 [FXGL Background Thread 1 ] DEBUG GameWorld            - Game world initialized
01:13:39.912 [FXGL Background Thread 1 ] DEBUG PhysicsWorld         - Physics world initialized: appHeight=800, physics.ppm=50,0
01:13:39.913 [FXGL Background Thread 1 ] DEBUG PhysicsWorld         - Using strategy: BRUTE_FORCE
01:13:39.918 [FXGL Background Thread 1 ] DEBUG GameScene            - Game scene initialized: 800x800
01:13:39.929 [FXGL Background Thread 1 ] DEBUG FXGL.DefaultMenu     - createMenuBodyMainMenu()
01:13:39.950 [FXGL Background Thread 1 ] DEBUG FXGL.DefaultMenu     - createOptionsMenu()
01:13:39.959 [FXGL Background Thread 1 ] DEBUG FXGLAssetLoaderServi - Loading from file system: jar:file:///C:/Users/mbour/.m2/repository/com/github/almasb/fxgl/17/fxgl-17.jar!/fxglassets/textures/particles/smoke.png
01:13:40.040 [FXGL Background Thread 1 ] DEBUG FXGLAssetLoaderServi - Loading from file system: jar:file:///C:/Users/mbour/.m2/repository/com/github/almasb/fxgl/17/fxgl-17.jar!/fxglassets/textures/particles/trace_horizontal.png
01:13:40.062 [FXGL Background Thread 1 ] DEBUG FXGL.DefaultMenu     - createMenuBodyGameMenu()
01:13:40.063 [FXGL Background Thread 1 ] DEBUG FXGL.DefaultMenu     - createOptionsMenu()
01:13:40.079 [FXGL Background Thread 1 ] DEBUG GameApplicationServi - Application scenes initialized
01:13:40.090 [FXGL Background Thread 1 ] DEBUG SystemBundleService  - Loading FXGL system data
01:13:40.094 [FXGL Background Thread 1 ] DEBUG FileSystemAccess     - Reading from: C:\Users\mbour\OneDrive\Bureau\Zelda TOTK WINRAR\zeldaPuzzle\system\fxgl.bundle
01:13:40.104 [FXGL Background Thread 1 ] DEBUG SystemBundleService  - Bundle FXGL: {}
01:13:40.104 [FXGL Background Thread 1 ] DEBUG UpdaterService       - Checking for updates
01:13:40.129 [FXGL Background Thread 4 ] DEBUG FXGLApplication      - Loading fonts
01:13:40.129 [FXGL Background Thread 1 ] DEBUG FXGLApplication      - Loading default localization
01:13:40.129 [FXGL Background Thread 4 ] DEBUG FXGLAssetLoaderServi - Loading from file system: jar:file:///C:/Users/mbour/.m2/repository/com/github/almasb/fxgl/17/fxgl-17.jar!/fxglassets/ui/fonts/VarelaRound-Regular.ttf
01:13:40.129 [FXGL Background Thread 1 ] DEBUG FXGLAssetLoaderServi - Loading from file system: jar:file:///C:/Users/mbour/.m2/repository/com/github/almasb/fxgl/17/fxgl-17.jar!/fxglassets/languages/english.lang
01:13:40.146 [FXGL Background Thread 1 ] INFO  FXGLApplication      - FXGL initialization took: 0,461 sec
01:13:40.161 [JavaFX Application Thread] DEBUG Input                - Registered new binding: inventaire - Tab
01:13:40.162 [JavaFX Application Thread] DEBUG Input                - Registered new binding: getPosition - P
01:13:40.162 [JavaFX Application Thread] DEBUG Input                - Registered new binding: zoom+ - Up
01:13:40.162 [JavaFX Application Thread] DEBUG Input                - Registered new binding: zoom- - Down
01:13:40.162 [JavaFX Application Thread] DEBUG Input                - Registered new binding: resetZoom - 0
01:13:40.162 [JavaFX Application Thread] DEBUG Input                - Registered new binding: Move right - D
01:13:40.163 [JavaFX Application Thread] DEBUG Input                - Registered new binding: Move left - A
01:13:40.163 [JavaFX Application Thread] DEBUG Input                - Registered new binding: Move Up - W
01:13:40.163 [JavaFX Application Thread] DEBUG Input                - Registered new binding: Move Down - S
01:13:40.164 [JavaFX Application Thread] DEBUG Input                - Registered new binding: Jump - Space
01:13:40.164 [JavaFX Application Thread] DEBUG FXGLAssetLoaderServi - Loading from file system: jar:file:///C:/Users/mbour/.m2/repository/com/github/almasb/fxgl/17/fxgl-17.jar!/fxglassets/textures/fxgl_icon.png
01:13:40.171 [FXGL Background Thread 4 ] DEBUG FXGLAssetLoaderServi - Loading from file system: jar:file:///C:/Users/mbour/.m2/repository/com/github/almasb/fxgl/17/fxgl-17.jar!/fxglassets/ui/fonts/Abel-Regular.ttf
01:13:40.182 [JavaFX Application Thread] DEBUG FXGLAssetLoaderServi - Loading from file system: jar:file:///C:/Users/mbour/.m2/repository/com/github/almasb/fxgl/17/fxgl-17.jar!/fxglassets/textures/fxgl_default_cursor.png
01:13:40.182 [FXGL Background Thread 4 ] DEBUG FXGLAssetLoaderServi - Loading from file system: jar:file:///C:/Users/mbour/.m2/repository/com/github/almasb/fxgl/17/fxgl-17.jar!/fxglassets/ui/fonts/TerminalLandMono-Regular.otf
01:13:40.184 [JavaFX Application Thread] DEBUG Input                - Registered new binding: Screenshot - CTRL+8
01:13:40.185 [JavaFX Application Thread] DEBUG Input                - Registered new binding: Dev Options - 1
01:13:40.185 [JavaFX Application Thread] DEBUG Input                - Registered new binding: Dev Console - 2
01:13:40.185 [JavaFX Application Thread] DEBUG Input                - Registered new binding: System info dump - CTRL+9
01:13:40.186 [JavaFX Application Thread] DEBUG Input                - Registered new binding: Restart - CTRL+R
01:13:40.186 [JavaFX Application Thread] DEBUG Input                - Registered new binding: Toggle Debug Camera - CTRL+7
01:13:40.189 [JavaFX Application Thread] DEBUG LoopRunner           - Starting loop
01:13:40.193 [FXGL Background Thread 4 ] DEBUG FXGLAssetLoaderServi - Loading from file system: jar:file:///C:/Users/mbour/.m2/repository/com/github/almasb/fxgl/17/fxgl-17.jar!/fxglassets/ui/fonts/Courier-Prime.ttf
01:13:40.202 [JavaFX Application Thread] DEBUG LoopRunner           - Initializing JavaFX AnimationTimerLoop
01:13:40.206 [JavaFX Application Thread] DEBUG Input                - Clearing active input actions
01:13:40.221 [JavaFX Application Thread] DEBUG GameApplicationServi - Removing overlay from FXGLStartupScene and adding to FXGLMainMenuDummyScene
01:13:40.227 [JavaFX Application Thread] DEBUG PrimaryStageWindow   - FXGLStartupScene -> FXGLMainMenuDummyScene
01:13:40.227 [JavaFX Application Thread] DEBUG PrimaryStageWindow   - Push state: FXGLDefaultMenu
01:13:40.230 [JavaFX Application Thread] DEBUG Input                - Clearing active input actions
01:13:40.238 [JavaFX Application Thread] DEBUG GameApplicationServi - Removing overlay from FXGLMainMenuDummyScene and adding to FXGLDefaultMenu
01:13:40.238 [JavaFX Application Thread] DEBUG PrimaryStageWindow   - FXGLMainMenuDummyScene -> FXGLDefaultMenu
01:13:40.483 [JavaFX Application Thread] DEBUG FXGLApplication      - Registering font factories with UI factory
01:13:40.614 [FXGL Background Thread 2 ] INFO  UpdaterService       - Your current version:  17
01:13:40.614 [FXGL Background Thread 2 ] INFO  UpdaterService       - Latest stable version: 21.1
01:13:41.546 [JavaFX Application Thread] DEBUG Menu                 - fireNewGame()
01:13:41.546 [JavaFX Application Thread] DEBUG GameApplicationServi - Starting new game
01:13:41.550 [JavaFX Application Thread] DEBUG PrimaryStageWindow   - Pop state: FXGLDefaultMenu
01:13:41.551 [JavaFX Application Thread] DEBUG Input                - Clearing active input actions
01:13:41.552 [JavaFX Application Thread] DEBUG GameApplicationServi - Removing overlay from FXGLDefaultMenu and adding to FXGLMainMenuDummyScene
01:13:41.554 [JavaFX Application Thread] DEBUG PrimaryStageWindow   - FXGLMainMenuDummyScene <- FXGLDefaultMenu
01:13:41.554 [JavaFX Application Thread] DEBUG Input                - Clearing active input actions
01:13:41.568 [JavaFX Application Thread] DEBUG GameApplicationServi - Removing overlay from FXGLMainMenuDummyScene and adding to FXGLLoadingScene
01:13:41.569 [JavaFX Application Thread] DEBUG PrimaryStageWindow   - FXGLMainMenuDummyScene -> FXGLLoadingScene
01:13:41.569 [JavaFX Application Thread] DEBUG GameApplicationServi - Clearing previous game
01:13:41.570 [JavaFX Application Thread] DEBUG GameScene            - Clearing game scene
01:13:41.570 [JavaFX Application Thread] DEBUG GameWorld            - Clearing game world
01:13:41.570 [JavaFX Application Thread] DEBUG PhysicsWorld         - Clearing physics world
01:13:41.572 [FXGL Background Thread 2 ] DEBUG FXGLApplication      - Initializing game
01:13:41.649 [FXGL Background Thread 2 ] WARN  TMXLevelLoader       - TiledMap generated from 1.10.2. Supported version: 1.2.3. Some features may not be parsed fully.
01:13:41.735 [FXGL Background Thread 2 ] DEBUG TMXLevelLoader       - Parsed TiledMap: file:/C:/Users/mbour/OneDrive/Bureau/Zelda%20TOTK%20WINRAR/zeldaPuzzle/target/classes/assets/levels/mapFinal.tmx
01:13:41.736 [FXGL Background Thread 2 ] DEBUG TMXLevelLoader       - Creating tile layer entities
01:13:41.738 [FXGL Background Thread 2 ] DEBUG TilesetLoader        - Loading view for layer background
01:13:41.777 [FXGL Background Thread 2 ] DEBUG TilesetLoader        - Created buffer with size 4800.0x4800.0
01:13:42.014 [FXGL Background Thread 2 ] DEBUG TilesetLoader        - Loading view for layer devant
01:13:42.068 [FXGL Background Thread 2 ] DEBUG TilesetLoader        - Created buffer with size 4800.0x4800.0
01:13:42.132 [FXGL Background Thread 2 ] DEBUG TilesetLoader        - Loading view for layer devant1
01:13:42.177 [FXGL Background Thread 2 ] DEBUG TilesetLoader        - Created buffer with size 4800.0x4800.0
01:13:42.198 [FXGL Background Thread 2 ] DEBUG TMXLevelLoader       - Creating object layer entities
01:13:42.281 [FXGL Background Thread 2 ] DEBUG GameWorld            - Clearing removable entities
01:13:42.282 [FXGL Background Thread 2 ] DEBUG GameWorld            - Setting level: com.almasb.fxgl.entity.level.Level@363a3257
01:13:42.317 [FXGL Background Thread 2 ] WARN  GameWorld            - Entity is already attached to world
01:13:42.319 [FXGL Background Thread 2 ] WARN  GameWorld            - Entity is already attached to world
01:13:42.329 [FXGL Background Thread 2 ] INFO  FXGLApplication      - Game initialization took: 0,755 sec
01:13:42.333 [JavaFX Application Thread] DEBUG Input                - Clearing active input actions
01:13:42.342 [JavaFX Application Thread] DEBUG GameApplicationServi - Removing overlay from FXGLLoadingScene and adding to GameScene
01:13:42.344 [JavaFX Application Thread] DEBUG PrimaryStageWindow   - FXGLLoadingScene -> GameScene
01:13:43.129 [FXGL Background Thread 3 ] DEBUG Engine               - Logging environment variables
01:13:43.129 [FXGL Background Thread 3 ] DEBUG Engine               - achievements: []
01:13:43.129 [FXGL Background Thread 3 ] DEBUG Engine               - actualHeight: 800.0
01:13:43.129 [FXGL Background Thread 3 ] DEBUG Engine               - actualHeightProperty: ReadOnlyDoubleProperty [value: 800.0]
01:13:43.130 [FXGL Background Thread 3 ] DEBUG Engine               - actualWidth: 800.0
01:13:43.130 [FXGL Background Thread 3 ] DEBUG Engine               - actualWidthProperty: ReadOnlyDoubleProperty [value: 800.0]
01:13:43.130 [FXGL Background Thread 3 ] DEBUG Engine               - appIcon: fxgl_icon.png
01:13:43.130 [FXGL Background Thread 3 ] DEBUG Engine               - applicationMode: DEVELOPER
01:13:43.130 [FXGL Background Thread 3 ] DEBUG Engine               - cSSList: [fxgl_dark.css]
01:13:43.130 [FXGL Background Thread 3 ] DEBUG Engine               - collisionDetectionStrategy: BRUTE_FORCE
01:13:43.130 [FXGL Background Thread 3 ] DEBUG Engine               - configClass: Optional.empty
01:13:43.130 [FXGL Background Thread 3 ] DEBUG Engine               - credits: []
01:13:43.130 [FXGL Background Thread 3 ] DEBUG Engine               - defaultCursor: CursorInfo(imageName=fxgl_default_cursor.png, hotspotX=7.0, hotspotY=6.0)
01:13:43.130 [FXGL Background Thread 3 ] DEBUG Engine               - devBBoxColorProperty: ObjectProperty [value: 0xff0000ff]
01:13:43.131 [FXGL Background Thread 3 ] DEBUG Engine               - devEnableDebugCameraProperty: BooleanProperty [value: false]
01:13:43.131 [FXGL Background Thread 3 ] DEBUG Engine               - devSensorColorProperty: ObjectProperty [value: 0xffff00ff]
01:13:43.131 [FXGL Background Thread 3 ] DEBUG Engine               - devShowBBoxProperty: BooleanProperty [value: false]
01:13:43.131 [FXGL Background Thread 3 ] DEBUG Engine               - devShowPositionProperty: BooleanProperty [value: false]
01:13:43.131 [FXGL Background Thread 3 ] DEBUG Engine               - enabledMenuItems: []
01:13:43.131 [FXGL Background Thread 3 ] DEBUG Engine               - engineServices: [class com.almasb.fxgl.app.services.FXGLAssetLoaderService, class com.almasb.fxgl.app.FXGLApplication$GameApplicationService, class com.almasb.fxgl.app.services.FXGLDialogService, class com.almasb.fxgl.app.services.IOTaskExecutorService, class com.almasb.fxgl.io.FileSystemService, class com.almasb.fxgl.localization.LocalizationService, class com.almasb.fxgl.app.services.SystemBundleService, class com.almasb.fxgl.profile.SaveLoadService, class com.almasb.fxgl.ui.FXGLUIFactoryServiceProvider, class com.almasb.fxgl.ui.FXGLDialogFactoryServiceProvider, class com.almasb.fxgl.audio.AudioPlayer, class com.almasb.fxgl.notification.impl.NotificationServiceProvider, class com.almasb.fxgl.achievement.AchievementService, class com.almasb.fxgl.cutscene.CutsceneService, class com.almasb.fxgl.minigames.MiniGameService, class com.almasb.fxgl.net.NetService, class com.almasb.fxgl.app.services.UpdaterService, class com.almasb.fxgl.dev.DevService]
01:13:43.131 [FXGL Background Thread 3 ] DEBUG Engine               - fontGame: Abel-Regular.ttf
01:13:43.131 [FXGL Background Thread 3 ] DEBUG Engine               - fontMono: TerminalLandMono-Regular.otf
01:13:43.131 [FXGL Background Thread 3 ] DEBUG Engine               - fontText: Courier-Prime.ttf
01:13:43.131 [FXGL Background Thread 3 ] DEBUG Engine               - fontUI: VarelaRound-Regular.ttf
01:13:43.131 [FXGL Background Thread 3 ] DEBUG Engine               - fullScreen: BooleanProperty [value: false]
01:13:43.131 [FXGL Background Thread 3 ] DEBUG Engine               - gameDifficulty: MEDIUM
01:13:43.131 [FXGL Background Thread 3 ] DEBUG Engine               - gameDifficultyProperty: ObjectProperty [value: MEDIUM]
01:13:43.132 [FXGL Background Thread 3 ] DEBUG Engine               - globalMusicVolume: 0.5
01:13:43.132 [FXGL Background Thread 3 ] DEBUG Engine               - globalMusicVolumeProperty: DoubleProperty [value: 0.5]
01:13:43.132 [FXGL Background Thread 3 ] DEBUG Engine               - globalSoundVolume: 0.5
01:13:43.132 [FXGL Background Thread 3 ] DEBUG Engine               - globalSoundVolumeProperty: DoubleProperty [value: 0.5]
01:13:43.132 [FXGL Background Thread 3 ] DEBUG Engine               - height: 800
01:13:43.132 [FXGL Background Thread 3 ] DEBUG Engine               - is3D: false
01:13:43.132 [FXGL Background Thread 3 ] DEBUG Engine               - isAndroid: false
01:13:43.132 [FXGL Background Thread 3 ] DEBUG Engine               - isBrowser: false
01:13:43.132 [FXGL Background Thread 3 ] DEBUG Engine               - isClickFeedbackEnabled: false
01:13:43.132 [FXGL Background Thread 3 ] DEBUG Engine               - isCloseConfirmation: false
01:13:43.132 [FXGL Background Thread 3 ] DEBUG Engine               - isDesktop: true
01:13:43.132 [FXGL Background Thread 3 ] DEBUG Engine               - isDeveloperMenuEnabled: true
01:13:43.132 [FXGL Background Thread 3 ] DEBUG Engine               - isEmbedded: false
01:13:43.132 [FXGL Background Thread 3 ] DEBUG Engine               - isEntityPreloadEnabled: true
01:13:43.132 [FXGL Background Thread 3 ] DEBUG Engine               - isExperimentalTiledLargeMap: false
01:13:43.132 [FXGL Background Thread 3 ] DEBUG Engine               - isFileSystemWriteAllowed: true
01:13:43.133 [FXGL Background Thread 3 ] DEBUG Engine               - isFullScreenAllowed: true
01:13:43.133 [FXGL Background Thread 3 ] DEBUG Engine               - isFullScreenFromStart: false
01:13:43.133 [FXGL Background Thread 3 ] DEBUG Engine               - isGameMenuEnabled: true
01:13:43.133 [FXGL Background Thread 3 ] DEBUG Engine               - isIOS: false
01:13:43.133 [FXGL Background Thread 3 ] DEBUG Engine               - isIntroEnabled: false
01:13:43.133 [FXGL Background Thread 3 ] DEBUG Engine               - isLinux: false
01:13:43.133 [FXGL Background Thread 3 ] DEBUG Engine               - isMac: false
01:13:43.133 [FXGL Background Thread 3 ] DEBUG Engine               - isMainMenuEnabled: true
01:13:43.133 [FXGL Background Thread 3 ] DEBUG Engine               - isManualResizeEnabled: false
01:13:43.133 [FXGL Background Thread 3 ] DEBUG Engine               - isMobile: false
01:13:43.133 [FXGL Background Thread 3 ] DEBUG Engine               - isNative: false
01:13:43.133 [FXGL Background Thread 3 ] DEBUG Engine               - isPauseMusicWhenMinimized: true
01:13:43.133 [FXGL Background Thread 3 ] DEBUG Engine               - isPreserveResizeRatio: false
01:13:43.133 [FXGL Background Thread 3 ] DEBUG Engine               - isProfilingEnabled: false
01:13:43.133 [FXGL Background Thread 3 ] DEBUG Engine               - isScaleAffectedOnResize: true
01:13:43.133 [FXGL Background Thread 3 ] DEBUG Engine               - isSingleStep: false
01:13:43.133 [FXGL Background Thread 3 ] DEBUG Engine               - isUserProfileEnabled: false
01:13:43.133 [FXGL Background Thread 3 ] DEBUG Engine               - isWindows: true
01:13:43.133 [FXGL Background Thread 3 ] DEBUG Engine               - language: ObjectProperty [value: ENGLISH]
01:13:43.133 [FXGL Background Thread 3 ] DEBUG Engine               - menuKey: ESCAPE
01:13:43.133 [FXGL Background Thread 3 ] DEBUG Engine               - mouseSensitivity: 0.2
01:13:43.134 [FXGL Background Thread 3 ] DEBUG Engine               - notificationViewClass: class com.almasb.fxgl.notification.view.XboxNotificationView
01:13:43.134 [FXGL Background Thread 3 ] DEBUG Engine               - pixelsPerMeter: 50.0
01:13:43.134 [FXGL Background Thread 3 ] DEBUG Engine               - platform: WINDOWS
01:13:43.134 [FXGL Background Thread 3 ] DEBUG Engine               - prefHeightProperty: ReadOnlyDoubleProperty [value: 800.0]
01:13:43.134 [FXGL Background Thread 3 ] DEBUG Engine               - prefWidthProperty: ReadOnlyDoubleProperty [value: 800.0]
01:13:43.134 [FXGL Background Thread 3 ] DEBUG Engine               - profileDir: profiles/
01:13:43.134 [FXGL Background Thread 3 ] DEBUG Engine               - profileName: StringProperty [value: DEFAULT]
01:13:43.134 [FXGL Background Thread 3 ] DEBUG Engine               - randomSeed: -1
01:13:43.134 [FXGL Background Thread 3 ] DEBUG Engine               - runtimeInfo: RuntimeInfo(platform=WINDOWS, version=17, build=31.12.2021 18.16)
01:13:43.135 [FXGL Background Thread 3 ] DEBUG Engine               - saveFileExt: sav
01:13:43.135 [FXGL Background Thread 3 ] DEBUG Engine               - scaledHeightProp$fxgl: DoubleProperty [bound, value: 800.0]
01:13:43.135 [FXGL Background Thread 3 ] DEBUG Engine               - scaledWidthProp$fxgl: DoubleProperty [bound, value: 800.0]
01:13:43.135 [FXGL Background Thread 3 ] DEBUG Engine               - sceneFactory: com.almasb.fxgl.app.scene.SceneFactory@6c8a4ab1
01:13:43.135 [FXGL Background Thread 3 ] DEBUG Engine               - secondsIn24h: 60
01:13:43.135 [FXGL Background Thread 3 ] DEBUG Engine               - soundMenuBack: menu/back.wav
01:13:43.135 [FXGL Background Thread 3 ] DEBUG Engine               - soundMenuPress: menu/press.wav
01:13:43.135 [FXGL Background Thread 3 ] DEBUG Engine               - soundMenuSelect: menu/select.wav
01:13:43.135 [FXGL Background Thread 3 ] DEBUG Engine               - soundNotification: core/notification.wav
01:13:43.135 [FXGL Background Thread 3 ] DEBUG Engine               - stageStyle: DECORATED
01:13:43.135 [FXGL Background Thread 3 ] DEBUG Engine               - supportedLanguages: [ENGLISH, FRENCH, GERMAN, HUNGARIAN, RUSSIAN]
01:13:43.135 [FXGL Background Thread 3 ] DEBUG Engine               - ticksPerSecond: -1
01:13:43.135 [FXGL Background Thread 3 ] DEBUG Engine               - title: Zelda 2D Game
01:13:43.135 [FXGL Background Thread 3 ] DEBUG Engine               - urlGithub: https://github.com/AlmasB/FXGL
01:13:43.135 [FXGL Background Thread 3 ] DEBUG Engine               - urlLeaderboard: http://fxgl-top.herokuapp.com/
01:13:43.135 [FXGL Background Thread 3 ] DEBUG Engine               - urlPOM: https://raw.githubusercontent.com/AlmasB/FXGL/release/README.md
01:13:43.136 [FXGL Background Thread 3 ] DEBUG Engine               - userAppClass: class com.example.zeldapuzzle.MainGameApp
01:13:43.136 [FXGL Background Thread 3 ] DEBUG Engine               - version: 1
01:13:43.136 [FXGL Background Thread 3 ] DEBUG Engine               - versionCheckDays: 7
01:13:43.136 [FXGL Background Thread 3 ] DEBUG Engine               - width: 800
01:13:43.136 [FXGL Background Thread 3 ] DEBUG Engine               - Logging services
01:13:43.136 [FXGL Background Thread 3 ] DEBUG Engine               - class com.almasb.fxgl.app.services.FXGLAssetLoaderService
01:13:43.136 [FXGL Background Thread 3 ] DEBUG Engine               - class com.almasb.fxgl.app.FXGLApplication$GameApplicationService
01:13:43.136 [FXGL Background Thread 3 ] DEBUG Engine               - class com.almasb.fxgl.app.services.FXGLDialogService
01:13:43.136 [FXGL Background Thread 3 ] DEBUG Engine               - class com.almasb.fxgl.app.services.IOTaskExecutorService
01:13:43.136 [FXGL Background Thread 3 ] DEBUG Engine               - class com.almasb.fxgl.io.FileSystemService
01:13:43.136 [FXGL Background Thread 3 ] DEBUG Engine               - class com.almasb.fxgl.localization.LocalizationService
01:13:43.136 [FXGL Background Thread 3 ] DEBUG Engine               - class com.almasb.fxgl.app.services.SystemBundleService
01:13:43.136 [FXGL Background Thread 3 ] DEBUG Engine               - class com.almasb.fxgl.profile.SaveLoadService
01:13:43.136 [FXGL Background Thread 3 ] DEBUG Engine               - class com.almasb.fxgl.ui.FXGLUIFactoryServiceProvider
01:13:43.136 [FXGL Background Thread 3 ] DEBUG Engine               - class com.almasb.fxgl.ui.FXGLDialogFactoryServiceProvider
01:13:43.136 [FXGL Background Thread 3 ] DEBUG Engine               - class com.almasb.fxgl.audio.AudioPlayer
01:13:43.136 [FXGL Background Thread 3 ] DEBUG Engine               - class com.almasb.fxgl.notification.impl.NotificationServiceProvider
01:13:43.136 [FXGL Background Thread 3 ] DEBUG Engine               - class com.almasb.fxgl.achievement.AchievementService
01:13:43.136 [FXGL Background Thread 3 ] DEBUG Engine               - class com.almasb.fxgl.cutscene.CutsceneService
01:13:43.136 [FXGL Background Thread 3 ] DEBUG Engine               - class com.almasb.fxgl.minigames.MiniGameService
01:13:43.136 [FXGL Background Thread 3 ] DEBUG Engine               - class com.almasb.fxgl.net.NetService
01:13:43.136 [FXGL Background Thread 3 ] DEBUG Engine               - class com.almasb.fxgl.app.services.UpdaterService
01:13:43.136 [FXGL Background Thread 3 ] DEBUG Engine               - class com.almasb.fxgl.dev.DevService
01:13:48.266 [JavaFX Application Thread] DEBUG LoopRunner           - Stopping loop
01:13:48.268 [JavaFX Application Thread] FATAL FXGLApplication      - Uncaught Exception:
java.lang.NullPointerException: Cannot invoke "com.example.zeldapuzzle.animation.AnimationComponentPlayer.augmenterIntVec()" because "this.animationComponentPlayer" is null
	at com.example.zeldapuzzle/com.example.zeldapuzzle.Inventaire.Vitesse.utiliser(Vitesse.java:39)
	at com.example.zeldapuzzle/com.example.zeldapuzzle.MainGameApp.lambda$initGame$2(MainGameApp.java:310)
	at javafx.base@19/com.sun.javafx.event.CompositeEventHandler.dispatchBubblingEvent(CompositeEventHandler.java:86)
	at javafx.base@19/com.sun.javafx.event.EventHandlerManager.dispatchBubblingEvent(EventHandlerManager.java:234)
	at javafx.base@19/com.sun.javafx.event.EventHandlerManager.dispatchBubblingEvent(EventHandlerManager.java:191)
	at javafx.base@19/com.sun.javafx.event.CompositeEventDispatcher.dispatchBubblingEvent(CompositeEventDispatcher.java:59)
	at javafx.base@19/com.sun.javafx.event.BasicEventDispatcher.dispatchEvent(BasicEventDispatcher.java:58)
	at javafx.base@19/com.sun.javafx.event.EventDispatchChainImpl.dispatchEvent(EventDispatchChainImpl.java:114)
	at javafx.base@19/com.sun.javafx.event.BasicEventDispatcher.dispatchEvent(BasicEventDispatcher.java:56)
	at javafx.base@19/com.sun.javafx.event.EventDispatchChainImpl.dispatchEvent(EventDispatchChainImpl.java:114)
	at javafx.base@19/com.sun.javafx.event.BasicEventDispatcher.dispatchEvent(BasicEventDispatcher.java:56)
	at javafx.base@19/com.sun.javafx.event.EventDispatchChainImpl.dispatchEvent(EventDispatchChainImpl.java:114)
	at javafx.base@19/com.sun.javafx.event.EventUtil.fireEventImpl(EventUtil.java:74)
	at javafx.base@19/com.sun.javafx.event.EventUtil.fireEvent(EventUtil.java:54)
	at javafx.base@19/javafx.event.Event.fireEvent(Event.java:198)
	at javafx.graphics@19/javafx.scene.Scene$ClickGenerator.postProcess(Scene.java:3599)
	at javafx.graphics@19/javafx.scene.Scene$MouseHandler.process(Scene.java:3903)
	at javafx.graphics@19/javafx.scene.Scene.processMouseEvent(Scene.java:1887)
	at javafx.graphics@19/javafx.scene.Scene$ScenePeerListener.mouseEvent(Scene.java:2620)
	at javafx.graphics@19/com.sun.javafx.tk.quantum.GlassViewEventHandler$MouseEventNotification.run(GlassViewEventHandler.java:411)
	at javafx.graphics@19/com.sun.javafx.tk.quantum.GlassViewEventHandler$MouseEventNotification.run(GlassViewEventHandler.java:301)
	at java.base/java.security.AccessController.doPrivileged(AccessController.java:400)
	at javafx.graphics@19/com.sun.javafx.tk.quantum.GlassViewEventHandler.lambda$handleMouseEvent$2(GlassViewEventHandler.java:450)
	at javafx.graphics@19/com.sun.javafx.tk.quantum.QuantumToolkit.runWithoutRenderLock(QuantumToolkit.java:424)
	at javafx.graphics@19/com.sun.javafx.tk.quantum.GlassViewEventHandler.handleMouseEvent(GlassViewEventHandler.java:449)
	at javafx.graphics@19/com.sun.glass.ui.View.handleMouseEvent(View.java:551)
	at javafx.graphics@19/com.sun.glass.ui.View.notifyMouse(View.java:937)
	at javafx.graphics@19/com.sun.glass.ui.win.WinApplication._runLoop(Native Method)
	at javafx.graphics@19/com.sun.glass.ui.win.WinApplication.lambda$runLoop$3(WinApplication.java:184)
	at java.base/java.lang.Thread.run(Thread.java:1583)

01:13:48.269 [JavaFX Application Thread] FATAL FXGLApplication      - Application will now exit
01:13:48.273 [JavaFX Application Thread] DEBUG PrimaryStageWindow   - Push state: ErrorSubScene
01:13:48.274 [JavaFX Application Thread] DEBUG Input                - Clearing active input actions
01:13:48.274 [JavaFX Application Thread] DEBUG GameApplicationServi - Removing overlay from GameScene and adding to ErrorSubScene
01:13:48.275 [JavaFX Application Thread] DEBUG PrimaryStageWindow   - GameScene -> ErrorSubScene
01:13:54.170 [JavaFX Application Thread] DEBUG FXGLApplication      - Exiting FXGL
01:13:54.170 [JavaFX Application Thread] DEBUG Async                - Shutting down background threads
01:13:54.171 [JavaFX Application Thread] DEBUG PrimaryStageWindow   - Closing main window
01:13:54.188 [JavaFX Application Thread] DEBUG Logger               - Closing Logger
