20:36:24.061 [main                     ] DEBUG Logger               - Configured Logger
20:36:24.078 [main                     ] DEBUG GameApplication      - Logging settings
Title: Zelda 2D Game
Version: 1
Width: 800
Height: 800
Fullscreen: true
Intro: false
Profiling: false
Single step:false
App Mode: DEVELOPER
Menu Key: ESCAPE
Stage Style: DECORATED
Scene Factory: class com.almasb.fxgl.app.scene.SceneFactory

20:36:24.272 [JavaFX Application Thread] DEBUG FXGLApplication      - Initializing FXGL
20:36:24.277 [JavaFX Application Thread] INFO  Engine               - FXGL-17 (31.12.2021 18.16) on MAC (J:19.0.1 FX:19)
20:36:24.277 [JavaFX Application Thread] DEBUG Engine               - JRE Vendor Name: Oracle Corporation
20:36:24.277 [JavaFX Application Thread] DEBUG Engine               - Running on OS: Mac OS X version 12.5
20:36:24.278 [JavaFX Application Thread] DEBUG Engine               - Architecture: aarch64
20:36:24.278 [JavaFX Application Thread] INFO  Engine               - Source code and latest versions at: https://github.com/AlmasB/FXGL
20:36:24.278 [JavaFX Application Thread] INFO  Engine               -       Ask questions and discuss at: https://github.com/AlmasB/FXGL/discussions
20:36:24.278 [JavaFX Application Thread] INFO  Engine               -              Join the FXGL chat at: https://gitter.im/AlmasB/FXGL
20:36:24.338 [JavaFX Application Thread] DEBUG PrimaryStageWindow   - Creating a JavaFX scene
20:36:24.377 [JavaFX Application Thread] DEBUG PrimaryStageWindow   - Target settings size: 800.0 x 800.0
20:36:24.377 [JavaFX Application Thread] DEBUG PrimaryStageWindow   - Scaled scene size:    800.0 x 800.0
20:36:24.378 [JavaFX Application Thread] DEBUG PrimaryStageWindow   - Scaled ratio: (1.0, 1.0)
20:36:24.379 [JavaFX Application Thread] DEBUG PrimaryStageWindow   - Set initial scene to FXGLStartupScene
20:36:24.383 [JavaFX Application Thread] DEBUG PrimaryStageWindow   - Opening main window
20:36:24.494 [JavaFX Application Thread] DEBUG PrimaryStageWindow   - Window border size: (0.0, 28.0)
20:36:24.494 [JavaFX Application Thread] DEBUG PrimaryStageWindow   - Scaled size: 800.0 x 800.0
20:36:24.494 [JavaFX Application Thread] DEBUG PrimaryStageWindow   - Scaled ratio: (1.0, 1.0)
20:36:24.495 [JavaFX Application Thread] DEBUG PrimaryStageWindow   - Scene size: 800.0 x 800.0
20:36:24.495 [JavaFX Application Thread] DEBUG PrimaryStageWindow   - Stage size: 800.0 x 828.0
20:36:24.500 [FXGL Background Thread 1 ] DEBUG Engine               - Initializing environment variables
20:36:24.572 [FXGL Background Thread 1 ] DEBUG FXGLAssetLoaderServi - User app class for loading assets: class com.example.zeldapuzzle.MainGameApp
20:36:24.572 [FXGL Background Thread 1 ] DEBUG GameApplicationServi - Applying CSS: fxgl_dark.css
20:36:24.573 [FXGL Background Thread 1 ] DEBUG FXGLAssetLoaderServi - Loading from file system: jar:file:///Users/CHLaroche05/.m2/repository/com/github/almasb/fxgl/17/fxgl-17.jar!/fxglassets/ui/css/fxgl_dark.css
20:36:24.637 [FXGL Background Thread 1 ] DEBUG GameApplicationServi - Initializing application scenes
20:36:25.036 [FXGL Background Thread 1 ] DEBUG GameWorld            - Game world initialized
20:36:25.181 [FXGL Background Thread 1 ] DEBUG PhysicsWorld         - Physics world initialized: appHeight=800, physics.ppm=50.0
20:36:25.181 [FXGL Background Thread 1 ] DEBUG PhysicsWorld         - Using strategy: BRUTE_FORCE
20:36:25.187 [FXGL Background Thread 1 ] DEBUG GameScene            - Game scene initialized: 800x800
20:36:25.201 [FXGL Background Thread 1 ] DEBUG FXGL.DefaultMenu     - createMenuBodyMainMenu()
20:36:25.223 [FXGL Background Thread 1 ] DEBUG FXGL.DefaultMenu     - createOptionsMenu()
20:36:25.235 [FXGL Background Thread 1 ] DEBUG FXGLAssetLoaderServi - Loading from file system: jar:file:///Users/CHLaroche05/.m2/repository/com/github/almasb/fxgl/17/fxgl-17.jar!/fxglassets/textures/particles/smoke.png
20:36:25.442 [FXGL Background Thread 1 ] DEBUG FXGLAssetLoaderServi - Loading from file system: jar:file:///Users/CHLaroche05/.m2/repository/com/github/almasb/fxgl/17/fxgl-17.jar!/fxglassets/textures/particles/trace_horizontal.png
20:36:25.486 [FXGL Background Thread 1 ] DEBUG FXGL.DefaultMenu     - createMenuBodyGameMenu()
20:36:25.488 [FXGL Background Thread 1 ] DEBUG FXGL.DefaultMenu     - createOptionsMenu()
20:36:25.522 [FXGL Background Thread 1 ] DEBUG GameApplicationServi - Application scenes initialized
20:36:25.539 [FXGL Background Thread 1 ] DEBUG SystemBundleService  - Loading FXGL system data
20:36:25.547 [FXGL Background Thread 1 ] DEBUG FileSystemAccess     - Reading from: /Users/CHLaroche05/zelda/zeldaPuzzle/system/fxgl.bundle
20:36:25.569 [FXGL Background Thread 1 ] DEBUG SystemBundleService  - Bundle FXGL: {}
20:36:25.569 [FXGL Background Thread 1 ] DEBUG UpdaterService       - Checking for updates
20:36:25.609 [FXGL Background Thread 4 ] DEBUG FXGLApplication      - Loading fonts
20:36:25.609 [FXGL Background Thread 1 ] DEBUG FXGLApplication      - Loading default localization
20:36:25.609 [FXGL Background Thread 4 ] DEBUG FXGLAssetLoaderServi - Loading from file system: jar:file:///Users/CHLaroche05/.m2/repository/com/github/almasb/fxgl/17/fxgl-17.jar!/fxglassets/ui/fonts/VarelaRound-Regular.ttf
20:36:25.610 [FXGL Background Thread 1 ] DEBUG FXGLAssetLoaderServi - Loading from file system: jar:file:///Users/CHLaroche05/.m2/repository/com/github/almasb/fxgl/17/fxgl-17.jar!/fxglassets/languages/english.lang
20:36:25.628 [FXGL Background Thread 4 ] DEBUG FXGLAssetLoaderServi - Loading from file system: jar:file:///Users/CHLaroche05/.m2/repository/com/github/almasb/fxgl/17/fxgl-17.jar!/fxglassets/ui/fonts/Abel-Regular.ttf
20:36:25.632 [FXGL Background Thread 4 ] DEBUG FXGLAssetLoaderServi - Loading from file system: jar:file:///Users/CHLaroche05/.m2/repository/com/github/almasb/fxgl/17/fxgl-17.jar!/fxglassets/ui/fonts/TerminalLandMono-Regular.otf
20:36:25.636 [FXGL Background Thread 4 ] DEBUG FXGLAssetLoaderServi - Loading from file system: jar:file:///Users/CHLaroche05/.m2/repository/com/github/almasb/fxgl/17/fxgl-17.jar!/fxglassets/ui/fonts/Courier-Prime.ttf
20:36:25.643 [JavaFX Application Thread] DEBUG FXGLApplication      - Registering font factories with UI factory
20:36:25.647 [FXGL Background Thread 1 ] INFO  FXGLApplication      - FXGL initialization took: 1.147 sec
20:36:25.658 [JavaFX Application Thread] DEBUG Input                - Registered new binding: inventaire - Tab
20:36:25.658 [JavaFX Application Thread] DEBUG Input                - Registered new binding: getPosition - P
20:36:25.658 [JavaFX Application Thread] DEBUG Input                - Registered new binding: zoom+ - Up
20:36:25.658 [JavaFX Application Thread] DEBUG Input                - Registered new binding: zoom- - Down
20:36:25.658 [JavaFX Application Thread] DEBUG Input                - Registered new binding: resetZoom - 0
20:36:25.659 [JavaFX Application Thread] DEBUG Input                - Registered new binding: Move right - D
20:36:25.659 [JavaFX Application Thread] DEBUG Input                - Registered new binding: Move left - A
20:36:25.659 [JavaFX Application Thread] DEBUG Input                - Registered new binding: Move Up - W
20:36:25.659 [JavaFX Application Thread] DEBUG Input                - Registered new binding: Move Down - S
20:36:25.660 [JavaFX Application Thread] DEBUG FXGLAssetLoaderServi - Loading from file system: jar:file:///Users/CHLaroche05/.m2/repository/com/github/almasb/fxgl/17/fxgl-17.jar!/fxglassets/textures/fxgl_icon.png
20:36:25.689 [JavaFX Application Thread] DEBUG FXGLAssetLoaderServi - Loading from file system: jar:file:///Users/CHLaroche05/.m2/repository/com/github/almasb/fxgl/17/fxgl-17.jar!/fxglassets/textures/fxgl_default_cursor.png
20:36:25.692 [JavaFX Application Thread] DEBUG Input                - Registered new binding: Screenshot - CTRL+8
20:36:25.692 [JavaFX Application Thread] DEBUG Input                - Registered new binding: Dev Options - 1
20:36:25.693 [JavaFX Application Thread] DEBUG Input                - Registered new binding: Dev Console - 2
20:36:25.694 [JavaFX Application Thread] DEBUG Input                - Registered new binding: System info dump - CTRL+9
20:36:25.694 [JavaFX Application Thread] DEBUG Input                - Registered new binding: Restart - CTRL+R
20:36:25.694 [JavaFX Application Thread] DEBUG Input                - Registered new binding: Toggle Debug Camera - CTRL+7
20:36:25.697 [JavaFX Application Thread] DEBUG LoopRunner           - Starting loop
20:36:25.709 [JavaFX Application Thread] DEBUG LoopRunner           - Initializing JavaFX AnimationTimerLoop
20:36:25.711 [JavaFX Application Thread] DEBUG Input                - Clearing active input actions
20:36:25.720 [JavaFX Application Thread] DEBUG GameApplicationServi - Removing overlay from FXGLStartupScene and adding to FXGLMainMenuDummyScene
20:36:25.724 [JavaFX Application Thread] DEBUG PrimaryStageWindow   - FXGLStartupScene -> FXGLMainMenuDummyScene
20:36:25.724 [JavaFX Application Thread] DEBUG PrimaryStageWindow   - Push state: FXGLDefaultMenu
20:36:25.726 [JavaFX Application Thread] DEBUG Input                - Clearing active input actions
20:36:25.733 [JavaFX Application Thread] DEBUG GameApplicationServi - Removing overlay from FXGLMainMenuDummyScene and adding to FXGLDefaultMenu
20:36:25.734 [JavaFX Application Thread] DEBUG PrimaryStageWindow   - FXGLMainMenuDummyScene -> FXGLDefaultMenu
20:36:26.023 [FXGL Background Thread 2 ] INFO  UpdaterService       - Your current version:  17
20:36:26.024 [FXGL Background Thread 2 ] INFO  UpdaterService       - Latest stable version: 21.1
20:36:27.139 [JavaFX Application Thread] DEBUG Menu                 - fireNewGame()
20:36:27.140 [JavaFX Application Thread] DEBUG GameApplicationServi - Starting new game
20:36:27.141 [JavaFX Application Thread] DEBUG PrimaryStageWindow   - Pop state: FXGLDefaultMenu
20:36:27.141 [JavaFX Application Thread] DEBUG Input                - Clearing active input actions
20:36:27.142 [JavaFX Application Thread] DEBUG GameApplicationServi - Removing overlay from FXGLDefaultMenu and adding to FXGLMainMenuDummyScene
20:36:27.144 [JavaFX Application Thread] DEBUG PrimaryStageWindow   - FXGLMainMenuDummyScene <- FXGLDefaultMenu
20:36:27.144 [JavaFX Application Thread] DEBUG Input                - Clearing active input actions
20:36:27.154 [JavaFX Application Thread] DEBUG GameApplicationServi - Removing overlay from FXGLMainMenuDummyScene and adding to FXGLLoadingScene
20:36:27.154 [JavaFX Application Thread] DEBUG PrimaryStageWindow   - FXGLMainMenuDummyScene -> FXGLLoadingScene
20:36:27.155 [JavaFX Application Thread] DEBUG GameApplicationServi - Clearing previous game
20:36:27.155 [JavaFX Application Thread] DEBUG GameScene            - Clearing game scene
20:36:27.155 [JavaFX Application Thread] DEBUG GameWorld            - Clearing game world
20:36:27.155 [JavaFX Application Thread] DEBUG PhysicsWorld         - Clearing physics world
20:36:27.156 [FXGL Background Thread 2 ] DEBUG FXGLApplication      - Initializing game
20:36:27.200 [FXGL Background Thread 2 ] WARN  TMXLevelLoader       - TiledMap generated from 1.10.2. Supported version: 1.2.3. Some features may not be parsed fully.
20:36:27.283 [FXGL Background Thread 2 ] DEBUG TMXLevelLoader       - Parsed TiledMap: file:/Users/CHLaroche05/zelda/zeldaPuzzle/target/classes/assets/levels/MapDeMerde2.tmx
20:36:27.284 [FXGL Background Thread 2 ] DEBUG TMXLevelLoader       - Creating tile layer entities
20:36:27.287 [FXGL Background Thread 2 ] DEBUG TilesetLoader        - Loading view for layer background
20:36:27.305 [FXGL Background Thread 2 ] DEBUG TilesetLoader        - Created buffer with size 4800.0x4800.0
20:36:27.525 [FXGL Background Thread 2 ] DEBUG TilesetLoader        - Loading view for layer devant
20:36:27.538 [FXGL Background Thread 2 ] DEBUG TilesetLoader        - Created buffer with size 4800.0x4800.0
20:36:27.593 [FXGL Background Thread 2 ] DEBUG TilesetLoader        - Loading view for layer devant1
20:36:27.613 [FXGL Background Thread 2 ] DEBUG TilesetLoader        - Created buffer with size 4800.0x4800.0
20:36:27.638 [FXGL Background Thread 2 ] DEBUG TMXLevelLoader       - Creating object layer entities
20:36:27.699 [FXGL Background Thread 2 ] DEBUG GameWorld            - Clearing removable entities
20:36:27.700 [FXGL Background Thread 2 ] DEBUG GameWorld            - Setting level: com.almasb.fxgl.entity.level.Level@5ac7ad43
20:36:27.722 [FXGL Background Thread 2 ] WARN  GameWorld            - Entity is already attached to world
20:36:27.724 [FXGL Background Thread 2 ] WARN  GameWorld            - Entity is already attached to world
20:36:27.730 [FXGL Background Thread 2 ] INFO  FXGLApplication      - Game initialization took: 0.574 sec
20:36:27.732 [JavaFX Application Thread] DEBUG Input                - Clearing active input actions
20:36:27.740 [JavaFX Application Thread] DEBUG GameApplicationServi - Removing overlay from FXGLLoadingScene and adding to GameScene
20:36:27.744 [JavaFX Application Thread] DEBUG PrimaryStageWindow   - FXGLLoadingScene -> GameScene
20:36:28.606 [FXGL Background Thread 3 ] DEBUG Engine               - Logging environment variables
20:36:28.606 [FXGL Background Thread 3 ] DEBUG Engine               - achievements: []
20:36:28.606 [FXGL Background Thread 3 ] DEBUG Engine               - actualHeight: 800.0
20:36:28.606 [FXGL Background Thread 3 ] DEBUG Engine               - actualHeightProperty: ReadOnlyDoubleProperty [value: 800.0]
20:36:28.606 [FXGL Background Thread 3 ] DEBUG Engine               - actualWidth: 800.0
20:36:28.607 [FXGL Background Thread 3 ] DEBUG Engine               - actualWidthProperty: ReadOnlyDoubleProperty [value: 800.0]
20:36:28.607 [FXGL Background Thread 3 ] DEBUG Engine               - appIcon: fxgl_icon.png
20:36:28.607 [FXGL Background Thread 3 ] DEBUG Engine               - applicationMode: DEVELOPER
20:36:28.607 [FXGL Background Thread 3 ] DEBUG Engine               - cSSList: [fxgl_dark.css]
20:36:28.607 [FXGL Background Thread 3 ] DEBUG Engine               - collisionDetectionStrategy: BRUTE_FORCE
20:36:28.607 [FXGL Background Thread 3 ] DEBUG Engine               - configClass: Optional.empty
20:36:28.607 [FXGL Background Thread 3 ] DEBUG Engine               - credits: []
20:36:28.607 [FXGL Background Thread 3 ] DEBUG Engine               - defaultCursor: CursorInfo(imageName=fxgl_default_cursor.png, hotspotX=7.0, hotspotY=6.0)
20:36:28.607 [FXGL Background Thread 3 ] DEBUG Engine               - devBBoxColorProperty: ObjectProperty [value: 0xff0000ff]
20:36:28.607 [FXGL Background Thread 3 ] DEBUG Engine               - devEnableDebugCameraProperty: BooleanProperty [value: false]
20:36:28.607 [FXGL Background Thread 3 ] DEBUG Engine               - devSensorColorProperty: ObjectProperty [value: 0xffff00ff]
20:36:28.608 [FXGL Background Thread 3 ] DEBUG Engine               - devShowBBoxProperty: BooleanProperty [value: false]
20:36:28.608 [FXGL Background Thread 3 ] DEBUG Engine               - devShowPositionProperty: BooleanProperty [value: false]
20:36:28.608 [FXGL Background Thread 3 ] DEBUG Engine               - enabledMenuItems: []
20:36:28.608 [FXGL Background Thread 3 ] DEBUG Engine               - engineServices: [class com.almasb.fxgl.app.services.FXGLAssetLoaderService, class com.almasb.fxgl.app.FXGLApplication$GameApplicationService, class com.almasb.fxgl.app.services.FXGLDialogService, class com.almasb.fxgl.app.services.IOTaskExecutorService, class com.almasb.fxgl.io.FileSystemService, class com.almasb.fxgl.localization.LocalizationService, class com.almasb.fxgl.app.services.SystemBundleService, class com.almasb.fxgl.profile.SaveLoadService, class com.almasb.fxgl.ui.FXGLUIFactoryServiceProvider, class com.almasb.fxgl.ui.FXGLDialogFactoryServiceProvider, class com.almasb.fxgl.audio.AudioPlayer, class com.almasb.fxgl.notification.impl.NotificationServiceProvider, class com.almasb.fxgl.achievement.AchievementService, class com.almasb.fxgl.cutscene.CutsceneService, class com.almasb.fxgl.minigames.MiniGameService, class com.almasb.fxgl.net.NetService, class com.almasb.fxgl.app.services.UpdaterService, class com.almasb.fxgl.dev.DevService]
20:36:28.608 [FXGL Background Thread 3 ] DEBUG Engine               - fontGame: Abel-Regular.ttf
20:36:28.608 [FXGL Background Thread 3 ] DEBUG Engine               - fontMono: TerminalLandMono-Regular.otf
20:36:28.608 [FXGL Background Thread 3 ] DEBUG Engine               - fontText: Courier-Prime.ttf
20:36:28.608 [FXGL Background Thread 3 ] DEBUG Engine               - fontUI: VarelaRound-Regular.ttf
20:36:28.608 [FXGL Background Thread 3 ] DEBUG Engine               - fullScreen: BooleanProperty [value: false]
20:36:28.608 [FXGL Background Thread 3 ] DEBUG Engine               - gameDifficulty: MEDIUM
20:36:28.608 [FXGL Background Thread 3 ] DEBUG Engine               - gameDifficultyProperty: ObjectProperty [value: MEDIUM]
20:36:28.608 [FXGL Background Thread 3 ] DEBUG Engine               - globalMusicVolume: 0.5
20:36:28.608 [FXGL Background Thread 3 ] DEBUG Engine               - globalMusicVolumeProperty: DoubleProperty [value: 0.5]
20:36:28.608 [FXGL Background Thread 3 ] DEBUG Engine               - globalSoundVolume: 0.5
20:36:28.608 [FXGL Background Thread 3 ] DEBUG Engine               - globalSoundVolumeProperty: DoubleProperty [value: 0.5]
20:36:28.608 [FXGL Background Thread 3 ] DEBUG Engine               - height: 800
20:36:28.608 [FXGL Background Thread 3 ] DEBUG Engine               - is3D: false
20:36:28.608 [FXGL Background Thread 3 ] DEBUG Engine               - isAndroid: false
20:36:28.608 [FXGL Background Thread 3 ] DEBUG Engine               - isBrowser: false
20:36:28.608 [FXGL Background Thread 3 ] DEBUG Engine               - isClickFeedbackEnabled: false
20:36:28.608 [FXGL Background Thread 3 ] DEBUG Engine               - isCloseConfirmation: false
20:36:28.609 [FXGL Background Thread 3 ] DEBUG Engine               - isDesktop: true
20:36:28.609 [FXGL Background Thread 3 ] DEBUG Engine               - isDeveloperMenuEnabled: true
20:36:28.609 [FXGL Background Thread 3 ] DEBUG Engine               - isEmbedded: false
20:36:28.609 [FXGL Background Thread 3 ] DEBUG Engine               - isEntityPreloadEnabled: true
20:36:28.609 [FXGL Background Thread 3 ] DEBUG Engine               - isExperimentalTiledLargeMap: false
20:36:28.609 [FXGL Background Thread 3 ] DEBUG Engine               - isFileSystemWriteAllowed: true
20:36:28.609 [FXGL Background Thread 3 ] DEBUG Engine               - isFullScreenAllowed: true
20:36:28.609 [FXGL Background Thread 3 ] DEBUG Engine               - isFullScreenFromStart: false
20:36:28.609 [FXGL Background Thread 3 ] DEBUG Engine               - isGameMenuEnabled: true
20:36:28.609 [FXGL Background Thread 3 ] DEBUG Engine               - isIOS: false
20:36:28.609 [FXGL Background Thread 3 ] DEBUG Engine               - isIntroEnabled: false
20:36:28.609 [FXGL Background Thread 3 ] DEBUG Engine               - isLinux: false
20:36:28.609 [FXGL Background Thread 3 ] DEBUG Engine               - isMac: true
20:36:28.609 [FXGL Background Thread 3 ] DEBUG Engine               - isMainMenuEnabled: true
20:36:28.609 [FXGL Background Thread 3 ] DEBUG Engine               - isManualResizeEnabled: false
20:36:28.609 [FXGL Background Thread 3 ] DEBUG Engine               - isMobile: false
20:36:28.609 [FXGL Background Thread 3 ] DEBUG Engine               - isNative: false
20:36:28.609 [FXGL Background Thread 3 ] DEBUG Engine               - isPauseMusicWhenMinimized: true
20:36:28.609 [FXGL Background Thread 3 ] DEBUG Engine               - isPreserveResizeRatio: false
20:36:28.609 [FXGL Background Thread 3 ] DEBUG Engine               - isProfilingEnabled: false
20:36:28.609 [FXGL Background Thread 3 ] DEBUG Engine               - isScaleAffectedOnResize: true
20:36:28.609 [FXGL Background Thread 3 ] DEBUG Engine               - isSingleStep: false
20:36:28.609 [FXGL Background Thread 3 ] DEBUG Engine               - isUserProfileEnabled: false
20:36:28.609 [FXGL Background Thread 3 ] DEBUG Engine               - isWindows: false
20:36:28.609 [FXGL Background Thread 3 ] DEBUG Engine               - language: ObjectProperty [value: ENGLISH]
20:36:28.609 [FXGL Background Thread 3 ] DEBUG Engine               - menuKey: ESCAPE
20:36:28.609 [FXGL Background Thread 3 ] DEBUG Engine               - mouseSensitivity: 0.2
20:36:28.610 [FXGL Background Thread 3 ] DEBUG Engine               - notificationViewClass: class com.almasb.fxgl.notification.view.XboxNotificationView
20:36:28.610 [FXGL Background Thread 3 ] DEBUG Engine               - pixelsPerMeter: 50.0
20:36:28.610 [FXGL Background Thread 3 ] DEBUG Engine               - platform: MAC
20:36:28.610 [FXGL Background Thread 3 ] DEBUG Engine               - prefHeightProperty: ReadOnlyDoubleProperty [value: 800.0]
20:36:28.610 [FXGL Background Thread 3 ] DEBUG Engine               - prefWidthProperty: ReadOnlyDoubleProperty [value: 800.0]
20:36:28.610 [FXGL Background Thread 3 ] DEBUG Engine               - profileDir: profiles/
20:36:28.610 [FXGL Background Thread 3 ] DEBUG Engine               - profileName: StringProperty [value: DEFAULT]
20:36:28.610 [FXGL Background Thread 3 ] DEBUG Engine               - randomSeed: -1
20:36:28.610 [FXGL Background Thread 3 ] DEBUG Engine               - runtimeInfo: RuntimeInfo(platform=MAC, version=17, build=31.12.2021 18.16)
20:36:28.610 [FXGL Background Thread 3 ] DEBUG Engine               - saveFileExt: sav
20:36:28.610 [FXGL Background Thread 3 ] DEBUG Engine               - scaledHeightProp$fxgl: DoubleProperty [bound, value: 800.0]
20:36:28.610 [FXGL Background Thread 3 ] DEBUG Engine               - scaledWidthProp$fxgl: DoubleProperty [bound, value: 800.0]
20:36:28.610 [FXGL Background Thread 3 ] DEBUG Engine               - sceneFactory: com.almasb.fxgl.app.scene.SceneFactory@5ddce88f
20:36:28.610 [FXGL Background Thread 3 ] DEBUG Engine               - secondsIn24h: 60
20:36:28.610 [FXGL Background Thread 3 ] DEBUG Engine               - soundMenuBack: menu/back.wav
20:36:28.610 [FXGL Background Thread 3 ] DEBUG Engine               - soundMenuPress: menu/press.wav
20:36:28.611 [FXGL Background Thread 3 ] DEBUG Engine               - soundMenuSelect: menu/select.wav
20:36:28.611 [FXGL Background Thread 3 ] DEBUG Engine               - soundNotification: core/notification.wav
20:36:28.611 [FXGL Background Thread 3 ] DEBUG Engine               - stageStyle: DECORATED
20:36:28.611 [FXGL Background Thread 3 ] DEBUG Engine               - supportedLanguages: [ENGLISH, FRENCH, GERMAN, HUNGARIAN, RUSSIAN]
20:36:28.611 [FXGL Background Thread 3 ] DEBUG Engine               - ticksPerSecond: -1
20:36:28.611 [FXGL Background Thread 3 ] DEBUG Engine               - title: Zelda 2D Game
20:36:28.611 [FXGL Background Thread 3 ] DEBUG Engine               - urlGithub: https://github.com/AlmasB/FXGL
20:36:28.611 [FXGL Background Thread 3 ] DEBUG Engine               - urlLeaderboard: http://fxgl-top.herokuapp.com/
20:36:28.611 [FXGL Background Thread 3 ] DEBUG Engine               - urlPOM: https://raw.githubusercontent.com/AlmasB/FXGL/release/README.md
20:36:28.611 [FXGL Background Thread 3 ] DEBUG Engine               - userAppClass: class com.example.zeldapuzzle.MainGameApp
20:36:28.611 [FXGL Background Thread 3 ] DEBUG Engine               - version: 1
20:36:28.611 [FXGL Background Thread 3 ] DEBUG Engine               - versionCheckDays: 7
20:36:28.611 [FXGL Background Thread 3 ] DEBUG Engine               - width: 800
20:36:28.611 [FXGL Background Thread 3 ] DEBUG Engine               - Logging services
20:36:28.611 [FXGL Background Thread 3 ] DEBUG Engine               - class com.almasb.fxgl.app.services.FXGLAssetLoaderService
20:36:28.611 [FXGL Background Thread 3 ] DEBUG Engine               - class com.almasb.fxgl.app.FXGLApplication$GameApplicationService
20:36:28.611 [FXGL Background Thread 3 ] DEBUG Engine               - class com.almasb.fxgl.app.services.FXGLDialogService
20:36:28.611 [FXGL Background Thread 3 ] DEBUG Engine               - class com.almasb.fxgl.app.services.IOTaskExecutorService
20:36:28.611 [FXGL Background Thread 3 ] DEBUG Engine               - class com.almasb.fxgl.io.FileSystemService
20:36:28.611 [FXGL Background Thread 3 ] DEBUG Engine               - class com.almasb.fxgl.localization.LocalizationService
20:36:28.611 [FXGL Background Thread 3 ] DEBUG Engine               - class com.almasb.fxgl.app.services.SystemBundleService
20:36:28.611 [FXGL Background Thread 3 ] DEBUG Engine               - class com.almasb.fxgl.profile.SaveLoadService
20:36:28.611 [FXGL Background Thread 3 ] DEBUG Engine               - class com.almasb.fxgl.ui.FXGLUIFactoryServiceProvider
20:36:28.611 [FXGL Background Thread 3 ] DEBUG Engine               - class com.almasb.fxgl.ui.FXGLDialogFactoryServiceProvider
20:36:28.611 [FXGL Background Thread 3 ] DEBUG Engine               - class com.almasb.fxgl.audio.AudioPlayer
20:36:28.611 [FXGL Background Thread 3 ] DEBUG Engine               - class com.almasb.fxgl.notification.impl.NotificationServiceProvider
20:36:28.611 [FXGL Background Thread 3 ] DEBUG Engine               - class com.almasb.fxgl.achievement.AchievementService
20:36:28.611 [FXGL Background Thread 3 ] DEBUG Engine               - class com.almasb.fxgl.cutscene.CutsceneService
20:36:28.611 [FXGL Background Thread 3 ] DEBUG Engine               - class com.almasb.fxgl.minigames.MiniGameService
20:36:28.612 [FXGL Background Thread 3 ] DEBUG Engine               - class com.almasb.fxgl.net.NetService
20:36:28.612 [FXGL Background Thread 3 ] DEBUG Engine               - class com.almasb.fxgl.app.services.UpdaterService
20:36:28.612 [FXGL Background Thread 3 ] DEBUG Engine               - class com.almasb.fxgl.dev.DevService
20:36:31.209 [JavaFX Application Thread] WARN  TMXLevelLoader       - TiledMap generated from 1.10.2. Supported version: 1.2.3. Some features may not be parsed fully.
20:36:31.213 [JavaFX Application Thread] DEBUG TMXLevelLoader       - Parsed TiledMap: file:/Users/CHLaroche05/zelda/zeldaPuzzle/target/classes/assets/levels/interieurMaisonPlayer1.tmx
20:36:31.213 [JavaFX Application Thread] DEBUG TMXLevelLoader       - Creating tile layer entities
20:36:31.214 [JavaFX Application Thread] DEBUG TilesetLoader        - Loading view for layer background
20:36:31.218 [JavaFX Application Thread] DEBUG TilesetLoader        - Created buffer with size 1440.0x960.0
20:36:31.224 [JavaFX Application Thread] DEBUG TilesetLoader        - Loading view for layer devant
20:36:31.225 [JavaFX Application Thread] DEBUG TilesetLoader        - Created buffer with size 1440.0x960.0
20:36:31.225 [JavaFX Application Thread] DEBUG TilesetLoader        - Loading view for layer devant1
20:36:31.225 [JavaFX Application Thread] DEBUG TilesetLoader        - Created buffer with size 1440.0x960.0
20:36:31.226 [JavaFX Application Thread] DEBUG TMXLevelLoader       - Creating object layer entities
20:36:31.233 [JavaFX Application Thread] DEBUG GameWorld            - Clearing removable entities
20:36:31.240 [JavaFX Application Thread] DEBUG GameWorld            - Setting level: com.almasb.fxgl.entity.level.Level@3be7db3f
20:36:31.245 [JavaFX Application Thread] WARN  GameWorld            - Entity is already attached to world
20:39:38.046 [JavaFX Application Thread] DEBUG PrimaryStageWindow   - Push state: FXGLDefaultMenu
20:39:38.047 [JavaFX Application Thread] DEBUG Input                - Clearing active input actions
20:39:38.049 [JavaFX Application Thread] DEBUG GameApplicationServi - Removing overlay from GameScene and adding to FXGLDefaultMenu
20:39:38.051 [JavaFX Application Thread] DEBUG PrimaryStageWindow   - GameScene -> FXGLDefaultMenu
20:39:41.996 [JavaFX Application Thread] DEBUG FXGL.DefaultMenu     - createContentVideo()
20:39:45.549 [JavaFX Application Thread] DEBUG FXGLAssetLoaderServi - Loading from file system: jar:file:///Users/CHLaroche05/.m2/repository/com/github/almasb/fxgl/17/fxgl-17.jar!/fxglassets/languages/russian.lang
20:39:52.693 [JavaFX Application Thread] DEBUG FXGLAssetLoaderServi - Loading from file system: jar:file:///Users/CHLaroche05/.m2/repository/com/github/almasb/fxgl/17/fxgl-17.jar!/fxglassets/languages/hungarian.lang
20:40:03.402 [JavaFX Application Thread] DEBUG FXGLApplication      - Exiting FXGL
20:40:03.402 [JavaFX Application Thread] DEBUG LoopRunner           - Stopping loop
20:40:03.402 [JavaFX Application Thread] DEBUG SystemBundleService  - Saving FXGL system data
20:40:03.406 [JavaFX Application Thread] DEBUG FileSystemAccess     - Writing to: /Users/CHLaroche05/zelda/zeldaPuzzle/system/fxgl.bundle
20:40:03.407 [JavaFX Application Thread] DEBUG Async                - Shutting down background threads
20:40:03.407 [JavaFX Application Thread] DEBUG PrimaryStageWindow   - Closing main window
20:40:03.427 [JavaFX Application Thread] DEBUG Logger               - Closing Logger
