01:07:44.525 [main                     ] DEBUG Logger               - Configured Logger
01:07:44.544 [main                     ] DEBUG GameApplication      - Logging settings
Title: Zelda 2D Game par ماستن
Version: 1
Width: 800
Height: 800
Fullscreen: true
Intro: false
Profiling: false
Single step:false
App Mode: DEVELOPER
Menu Key: ESCAPE
Stage Style: DECORATED
Scene Factory: class com.almasb.fxgl.app.scene.SceneFactory

01:07:44.609 [JavaFX Application Thread] DEBUG FXGLApplication      - Initializing FXGL
01:07:44.613 [JavaFX Application Thread] INFO  Engine               - FXGL-17 (31.12.2021 18.16) on WINDOWS (J:19.0.2 FX:19)
01:07:44.613 [JavaFX Application Thread] DEBUG Engine               - JRE Vendor Name: Amazon.com Inc.
01:07:44.613 [JavaFX Application Thread] DEBUG Engine               - Running on OS: Windows 11 version 10.0
01:07:44.613 [JavaFX Application Thread] DEBUG Engine               - Architecture: amd64
01:07:44.613 [JavaFX Application Thread] INFO  Engine               - Source code and latest versions at: https://github.com/AlmasB/FXGL
01:07:44.613 [JavaFX Application Thread] INFO  Engine               -       Ask questions and discuss at: https://github.com/AlmasB/FXGL/discussions
01:07:44.613 [JavaFX Application Thread] INFO  Engine               -              Join the FXGL chat at: https://gitter.im/AlmasB/FXGL
01:07:44.656 [JavaFX Application Thread] DEBUG PrimaryStageWindow   - Creating a JavaFX scene
01:07:44.688 [JavaFX Application Thread] DEBUG PrimaryStageWindow   - Target settings size: 800.0 x 800.0
01:07:44.688 [JavaFX Application Thread] DEBUG PrimaryStageWindow   - Scaled scene size:    800.0 x 800.0
01:07:44.688 [JavaFX Application Thread] DEBUG PrimaryStageWindow   - Scaled ratio: (1.0, 1.0)
01:07:44.689 [JavaFX Application Thread] DEBUG PrimaryStageWindow   - Set initial scene to FXGLStartupScene
01:07:44.693 [JavaFX Application Thread] DEBUG PrimaryStageWindow   - Opening main window
01:07:44.752 [JavaFX Application Thread] DEBUG PrimaryStageWindow   - Window border size: (16.0, 39.0)
01:07:44.752 [JavaFX Application Thread] DEBUG PrimaryStageWindow   - Scaled size: 800.0 x 800.0
01:07:44.752 [JavaFX Application Thread] DEBUG PrimaryStageWindow   - Scaled ratio: (1.0, 1.0)
01:07:44.752 [JavaFX Application Thread] DEBUG PrimaryStageWindow   - Scene size: 800.0 x 800.0
01:07:44.752 [JavaFX Application Thread] DEBUG PrimaryStageWindow   - Stage size: 816.0 x 839.0
01:07:44.761 [FXGL Background Thread 1 ] DEBUG Engine               - Initializing environment variables
01:07:44.807 [FXGL Background Thread 1 ] DEBUG FXGLAssetLoaderServi - User app class for loading assets: class com.example.zeldapuzzle.MainGameApp
01:07:44.807 [FXGL Background Thread 1 ] DEBUG GameApplicationServi - Applying CSS: fxgl_dark.css
01:07:44.808 [FXGL Background Thread 1 ] DEBUG FXGLAssetLoaderServi - Loading from file system: jar:file:///C:/Users/Utilisateur/.m2/repository/com/github/almasb/fxgl/17/fxgl-17.jar!/fxglassets/ui/css/fxgl_dark.css
01:07:44.851 [FXGL Background Thread 1 ] DEBUG GameApplicationServi - Initializing application scenes
01:07:44.899 [FXGL Background Thread 1 ] DEBUG GameWorld            - Game world initialized
01:07:44.954 [FXGL Background Thread 1 ] DEBUG PhysicsWorld         - Physics world initialized: appHeight=800, physics.ppm=50,0
01:07:44.954 [FXGL Background Thread 1 ] DEBUG PhysicsWorld         - Using strategy: BRUTE_FORCE
01:07:44.959 [FXGL Background Thread 1 ] DEBUG GameScene            - Game scene initialized: 800x800
01:07:44.968 [FXGL Background Thread 1 ] DEBUG FXGL.DefaultMenu     - createMenuBodyMainMenu()
01:07:44.977 [FXGL Background Thread 1 ] DEBUG FXGL.DefaultMenu     - createOptionsMenu()
01:07:44.985 [FXGL Background Thread 1 ] DEBUG FXGLAssetLoaderServi - Loading from file system: jar:file:///C:/Users/Utilisateur/.m2/repository/com/github/almasb/fxgl/17/fxgl-17.jar!/fxglassets/textures/particles/smoke.png
01:07:45.071 [FXGL Background Thread 1 ] DEBUG FXGLAssetLoaderServi - Loading from file system: jar:file:///C:/Users/Utilisateur/.m2/repository/com/github/almasb/fxgl/17/fxgl-17.jar!/fxglassets/textures/particles/trace_horizontal.png
01:07:45.085 [FXGL Background Thread 1 ] DEBUG FXGL.DefaultMenu     - createMenuBodyGameMenu()
01:07:45.087 [FXGL Background Thread 1 ] DEBUG FXGL.DefaultMenu     - createOptionsMenu()
01:07:45.100 [FXGL Background Thread 1 ] DEBUG GameApplicationServi - Application scenes initialized
01:07:45.107 [FXGL Background Thread 1 ] DEBUG SystemBundleService  - Loading FXGL system data
01:07:45.111 [FXGL Background Thread 1 ] DEBUG FileSystemAccess     - Reading from: C:\Users\Utilisateur\IdeaProjects\zeldaPuzzle\system\fxgl.bundle
01:07:45.118 [FXGL Background Thread 1 ] DEBUG SystemBundleService  - Bundle FXGL: {}
01:07:45.118 [FXGL Background Thread 1 ] DEBUG UpdaterService       - Checking for updates
01:07:45.139 [FXGL Background Thread 4 ] DEBUG FXGLApplication      - Loading fonts
01:07:45.139 [FXGL Background Thread 4 ] DEBUG FXGLAssetLoaderServi - Loading from file system: jar:file:///C:/Users/Utilisateur/.m2/repository/com/github/almasb/fxgl/17/fxgl-17.jar!/fxglassets/ui/fonts/VarelaRound-Regular.ttf
01:07:45.141 [FXGL Background Thread 1 ] DEBUG FXGLApplication      - Loading default localization
01:07:45.142 [FXGL Background Thread 1 ] DEBUG FXGLAssetLoaderServi - Loading from file system: jar:file:///C:/Users/Utilisateur/.m2/repository/com/github/almasb/fxgl/17/fxgl-17.jar!/fxglassets/languages/english.lang
01:07:45.177 [FXGL Background Thread 1 ] INFO  FXGLApplication      - FXGL initialization took: 0,417 sec
01:07:45.192 [FXGL Background Thread 4 ] DEBUG FXGLAssetLoaderServi - Loading from file system: jar:file:///C:/Users/Utilisateur/.m2/repository/com/github/almasb/fxgl/17/fxgl-17.jar!/fxglassets/ui/fonts/Abel-Regular.ttf
01:07:45.198 [JavaFX Application Thread] DEBUG Input                - Registered new binding: inventaire - Tab
01:07:45.199 [JavaFX Application Thread] DEBUG Input                - Registered new binding: getPosition - P
01:07:45.199 [JavaFX Application Thread] DEBUG Input                - Registered new binding: zoom+ - Up
01:07:45.199 [JavaFX Application Thread] DEBUG Input                - Registered new binding: zoom- - Down
01:07:45.199 [JavaFX Application Thread] DEBUG Input                - Registered new binding: resetZoom - 0
01:07:45.200 [JavaFX Application Thread] DEBUG Input                - Registered new binding: Move right - D
01:07:45.200 [JavaFX Application Thread] DEBUG Input                - Registered new binding: Move left - A
01:07:45.200 [FXGL Background Thread 4 ] DEBUG FXGLAssetLoaderServi - Loading from file system: jar:file:///C:/Users/Utilisateur/.m2/repository/com/github/almasb/fxgl/17/fxgl-17.jar!/fxglassets/ui/fonts/TerminalLandMono-Regular.otf
01:07:45.200 [JavaFX Application Thread] DEBUG Input                - Registered new binding: Move Up - W
01:07:45.201 [JavaFX Application Thread] DEBUG Input                - Registered new binding: Move Down - S
01:07:45.201 [JavaFX Application Thread] DEBUG FXGLAssetLoaderServi - Loading from file system: jar:file:///C:/Users/Utilisateur/.m2/repository/com/github/almasb/fxgl/17/fxgl-17.jar!/fxglassets/textures/fxgl_icon.png
01:07:45.207 [FXGL Background Thread 4 ] DEBUG FXGLAssetLoaderServi - Loading from file system: jar:file:///C:/Users/Utilisateur/.m2/repository/com/github/almasb/fxgl/17/fxgl-17.jar!/fxglassets/ui/fonts/Courier-Prime.ttf
01:07:45.217 [JavaFX Application Thread] DEBUG FXGLAssetLoaderServi - Loading from file system: jar:file:///C:/Users/Utilisateur/.m2/repository/com/github/almasb/fxgl/17/fxgl-17.jar!/fxglassets/textures/fxgl_default_cursor.png
01:07:45.221 [JavaFX Application Thread] DEBUG Input                - Registered new binding: Screenshot - CTRL+8
01:07:45.222 [JavaFX Application Thread] DEBUG Input                - Registered new binding: Dev Options - 1
01:07:45.222 [JavaFX Application Thread] DEBUG Input                - Registered new binding: Dev Console - 2
01:07:45.223 [JavaFX Application Thread] DEBUG Input                - Registered new binding: System info dump - CTRL+9
01:07:45.224 [JavaFX Application Thread] DEBUG Input                - Registered new binding: Restart - CTRL+R
01:07:45.227 [JavaFX Application Thread] DEBUG Input                - Registered new binding: Toggle Debug Camera - CTRL+7
01:07:45.233 [JavaFX Application Thread] DEBUG LoopRunner           - Starting loop
01:07:45.252 [JavaFX Application Thread] DEBUG LoopRunner           - Initializing JavaFX AnimationTimerLoop
01:07:45.254 [JavaFX Application Thread] DEBUG Input                - Clearing active input actions
01:07:45.259 [JavaFX Application Thread] DEBUG GameApplicationServi - Removing overlay from FXGLStartupScene and adding to FXGLMainMenuDummyScene
01:07:45.268 [JavaFX Application Thread] DEBUG PrimaryStageWindow   - FXGLStartupScene -> FXGLMainMenuDummyScene
01:07:45.269 [JavaFX Application Thread] DEBUG PrimaryStageWindow   - Push state: FXGLDefaultMenu
01:07:45.278 [JavaFX Application Thread] DEBUG Input                - Clearing active input actions
01:07:45.300 [JavaFX Application Thread] DEBUG GameApplicationServi - Removing overlay from FXGLMainMenuDummyScene and adding to FXGLDefaultMenu
01:07:45.301 [JavaFX Application Thread] DEBUG PrimaryStageWindow   - FXGLMainMenuDummyScene -> FXGLDefaultMenu
01:07:45.306 [JavaFX Application Thread] DEBUG FXGLApplication      - Registering font factories with UI factory
01:07:45.536 [FXGL Background Thread 2 ] INFO  UpdaterService       - Your current version:  17
01:07:45.536 [FXGL Background Thread 2 ] INFO  UpdaterService       - Latest stable version: 21.1
01:07:46.432 [JavaFX Application Thread] DEBUG Menu                 - fireNewGame()
01:07:46.432 [JavaFX Application Thread] DEBUG GameApplicationServi - Starting new game
01:07:46.433 [JavaFX Application Thread] DEBUG PrimaryStageWindow   - Pop state: FXGLDefaultMenu
01:07:46.433 [JavaFX Application Thread] DEBUG Input                - Clearing active input actions
01:07:46.435 [JavaFX Application Thread] DEBUG GameApplicationServi - Removing overlay from FXGLDefaultMenu and adding to FXGLMainMenuDummyScene
01:07:46.437 [JavaFX Application Thread] DEBUG PrimaryStageWindow   - FXGLMainMenuDummyScene <- FXGLDefaultMenu
01:07:46.437 [JavaFX Application Thread] DEBUG Input                - Clearing active input actions
01:07:46.442 [JavaFX Application Thread] DEBUG GameApplicationServi - Removing overlay from FXGLMainMenuDummyScene and adding to FXGLLoadingScene
01:07:46.442 [JavaFX Application Thread] DEBUG PrimaryStageWindow   - FXGLMainMenuDummyScene -> FXGLLoadingScene
01:07:46.442 [JavaFX Application Thread] DEBUG GameApplicationServi - Clearing previous game
01:07:46.443 [JavaFX Application Thread] DEBUG GameScene            - Clearing game scene
01:07:46.443 [JavaFX Application Thread] DEBUG GameWorld            - Clearing game world
01:07:46.443 [JavaFX Application Thread] DEBUG PhysicsWorld         - Clearing physics world
01:07:46.446 [FXGL Background Thread 2 ] DEBUG FXGLApplication      - Initializing game
01:07:46.511 [FXGL Background Thread 2 ] WARN  TMXLevelLoader       - TiledMap generated from 1.10.2. Supported version: 1.2.3. Some features may not be parsed fully.
01:07:46.529 [FXGL Background Thread 2 ] DEBUG TMXLevelLoader       - Parsed TiledMap: file:/C:/Users/Utilisateur/IdeaProjects/zeldaPuzzle/target/classes/assets/levels/MapDeMerde2.tmx
01:07:46.531 [FXGL Background Thread 2 ] DEBUG TMXLevelLoader       - Creating tile layer entities
01:07:46.533 [FXGL Background Thread 2 ] DEBUG TilesetLoader        - Loading view for layer Calque de Tuiles 1
01:07:46.562 [FXGL Background Thread 2 ] DEBUG TilesetLoader        - Created buffer with size 4800.0x4800.0
01:07:46.606 [FXGL Background Thread 2 ] DEBUG TMXLevelLoader       - Creating object layer entities
01:07:46.608 [FXGL Background Thread 2 ] DEBUG GameWorld            - Clearing removable entities
01:07:46.609 [FXGL Background Thread 2 ] DEBUG GameWorld            - Setting level: com.almasb.fxgl.entity.level.Level@491b9372
01:07:46.643 [FXGL Background Thread 2 ] WARN  GameWorld            - Entity is already attached to world
01:07:46.656 [FXGL Background Thread 2 ] WARN  GameWorld            - Entity is already attached to world
01:07:46.660 [FXGL Background Thread 2 ] WARN  GameWorld            - Entity is already attached to world
01:07:46.667 [FXGL Background Thread 2 ] INFO  FXGLApplication      - Game initialization took: 0,221 sec
01:07:46.682 [JavaFX Application Thread] DEBUG Input                - Clearing active input actions
01:07:46.686 [JavaFX Application Thread] DEBUG GameApplicationServi - Removing overlay from FXGLLoadingScene and adding to GameScene
01:07:46.687 [JavaFX Application Thread] DEBUG PrimaryStageWindow   - FXGLLoadingScene -> GameScene
01:07:48.136 [FXGL Background Thread 3 ] DEBUG Engine               - Logging environment variables
01:07:48.136 [FXGL Background Thread 3 ] DEBUG Engine               - achievements: []
01:07:48.136 [FXGL Background Thread 3 ] DEBUG Engine               - actualHeight: 800.0
01:07:48.136 [FXGL Background Thread 3 ] DEBUG Engine               - actualHeightProperty: ReadOnlyDoubleProperty [value: 800.0]
01:07:48.136 [FXGL Background Thread 3 ] DEBUG Engine               - actualWidth: 800.0
01:07:48.136 [FXGL Background Thread 3 ] DEBUG Engine               - actualWidthProperty: ReadOnlyDoubleProperty [value: 800.0]
01:07:48.136 [FXGL Background Thread 3 ] DEBUG Engine               - appIcon: fxgl_icon.png
01:07:48.136 [FXGL Background Thread 3 ] DEBUG Engine               - applicationMode: DEVELOPER
01:07:48.137 [FXGL Background Thread 3 ] DEBUG Engine               - cSSList: [fxgl_dark.css]
01:07:48.137 [FXGL Background Thread 3 ] DEBUG Engine               - collisionDetectionStrategy: BRUTE_FORCE
01:07:48.137 [FXGL Background Thread 3 ] DEBUG Engine               - configClass: Optional.empty
01:07:48.137 [FXGL Background Thread 3 ] DEBUG Engine               - credits: []
01:07:48.137 [FXGL Background Thread 3 ] DEBUG Engine               - defaultCursor: CursorInfo(imageName=fxgl_default_cursor.png, hotspotX=7.0, hotspotY=6.0)
01:07:48.137 [FXGL Background Thread 3 ] DEBUG Engine               - devBBoxColorProperty: ObjectProperty [value: 0xff0000ff]
01:07:48.137 [FXGL Background Thread 3 ] DEBUG Engine               - devEnableDebugCameraProperty: BooleanProperty [value: false]
01:07:48.137 [FXGL Background Thread 3 ] DEBUG Engine               - devSensorColorProperty: ObjectProperty [value: 0xffff00ff]
01:07:48.137 [FXGL Background Thread 3 ] DEBUG Engine               - devShowBBoxProperty: BooleanProperty [value: false]
01:07:48.137 [FXGL Background Thread 3 ] DEBUG Engine               - devShowPositionProperty: BooleanProperty [value: false]
01:07:48.137 [FXGL Background Thread 3 ] DEBUG Engine               - enabledMenuItems: []
01:07:48.137 [FXGL Background Thread 3 ] DEBUG Engine               - engineServices: [class com.almasb.fxgl.app.services.FXGLAssetLoaderService, class com.almasb.fxgl.app.FXGLApplication$GameApplicationService, class com.almasb.fxgl.app.services.FXGLDialogService, class com.almasb.fxgl.app.services.IOTaskExecutorService, class com.almasb.fxgl.io.FileSystemService, class com.almasb.fxgl.localization.LocalizationService, class com.almasb.fxgl.app.services.SystemBundleService, class com.almasb.fxgl.profile.SaveLoadService, class com.almasb.fxgl.ui.FXGLUIFactoryServiceProvider, class com.almasb.fxgl.ui.FXGLDialogFactoryServiceProvider, class com.almasb.fxgl.audio.AudioPlayer, class com.almasb.fxgl.notification.impl.NotificationServiceProvider, class com.almasb.fxgl.achievement.AchievementService, class com.almasb.fxgl.cutscene.CutsceneService, class com.almasb.fxgl.minigames.MiniGameService, class com.almasb.fxgl.net.NetService, class com.almasb.fxgl.app.services.UpdaterService, class com.almasb.fxgl.dev.DevService]
01:07:48.137 [FXGL Background Thread 3 ] DEBUG Engine               - fontGame: Abel-Regular.ttf
01:07:48.137 [FXGL Background Thread 3 ] DEBUG Engine               - fontMono: TerminalLandMono-Regular.otf
01:07:48.137 [FXGL Background Thread 3 ] DEBUG Engine               - fontText: Courier-Prime.ttf
01:07:48.137 [FXGL Background Thread 3 ] DEBUG Engine               - fontUI: VarelaRound-Regular.ttf
01:07:48.138 [FXGL Background Thread 3 ] DEBUG Engine               - fullScreen: BooleanProperty [value: false]
01:07:48.138 [FXGL Background Thread 3 ] DEBUG Engine               - gameDifficulty: MEDIUM
01:07:48.138 [FXGL Background Thread 3 ] DEBUG Engine               - gameDifficultyProperty: ObjectProperty [value: MEDIUM]
01:07:48.138 [FXGL Background Thread 3 ] DEBUG Engine               - globalMusicVolume: 0.5
01:07:48.138 [FXGL Background Thread 3 ] DEBUG Engine               - globalMusicVolumeProperty: DoubleProperty [value: 0.5]
01:07:48.138 [FXGL Background Thread 3 ] DEBUG Engine               - globalSoundVolume: 0.5
01:07:48.138 [FXGL Background Thread 3 ] DEBUG Engine               - globalSoundVolumeProperty: DoubleProperty [value: 0.5]
01:07:48.138 [FXGL Background Thread 3 ] DEBUG Engine               - height: 800
01:07:48.138 [FXGL Background Thread 3 ] DEBUG Engine               - is3D: false
01:07:48.138 [FXGL Background Thread 3 ] DEBUG Engine               - isAndroid: false
01:07:48.138 [FXGL Background Thread 3 ] DEBUG Engine               - isBrowser: false
01:07:48.138 [FXGL Background Thread 3 ] DEBUG Engine               - isClickFeedbackEnabled: false
01:07:48.138 [FXGL Background Thread 3 ] DEBUG Engine               - isCloseConfirmation: false
01:07:48.138 [FXGL Background Thread 3 ] DEBUG Engine               - isDesktop: true
01:07:48.138 [FXGL Background Thread 3 ] DEBUG Engine               - isDeveloperMenuEnabled: true
01:07:48.138 [FXGL Background Thread 3 ] DEBUG Engine               - isEmbedded: false
01:07:48.138 [FXGL Background Thread 3 ] DEBUG Engine               - isEntityPreloadEnabled: true
01:07:48.138 [FXGL Background Thread 3 ] DEBUG Engine               - isExperimentalTiledLargeMap: false
01:07:48.138 [FXGL Background Thread 3 ] DEBUG Engine               - isFileSystemWriteAllowed: true
01:07:48.138 [FXGL Background Thread 3 ] DEBUG Engine               - isFullScreenAllowed: true
01:07:48.138 [FXGL Background Thread 3 ] DEBUG Engine               - isFullScreenFromStart: false
01:07:48.138 [FXGL Background Thread 3 ] DEBUG Engine               - isGameMenuEnabled: true
01:07:48.138 [FXGL Background Thread 3 ] DEBUG Engine               - isIOS: false
01:07:48.138 [FXGL Background Thread 3 ] DEBUG Engine               - isIntroEnabled: false
01:07:48.138 [FXGL Background Thread 3 ] DEBUG Engine               - isLinux: false
01:07:48.138 [FXGL Background Thread 3 ] DEBUG Engine               - isMac: false
01:07:48.138 [FXGL Background Thread 3 ] DEBUG Engine               - isMainMenuEnabled: true
01:07:48.138 [FXGL Background Thread 3 ] DEBUG Engine               - isManualResizeEnabled: false
01:07:48.138 [FXGL Background Thread 3 ] DEBUG Engine               - isMobile: false
01:07:48.138 [FXGL Background Thread 3 ] DEBUG Engine               - isNative: false
01:07:48.139 [FXGL Background Thread 3 ] DEBUG Engine               - isPauseMusicWhenMinimized: true
01:07:48.139 [FXGL Background Thread 3 ] DEBUG Engine               - isPreserveResizeRatio: false
01:07:48.139 [FXGL Background Thread 3 ] DEBUG Engine               - isProfilingEnabled: false
01:07:48.139 [FXGL Background Thread 3 ] DEBUG Engine               - isScaleAffectedOnResize: true
01:07:48.139 [FXGL Background Thread 3 ] DEBUG Engine               - isSingleStep: false
01:07:48.139 [FXGL Background Thread 3 ] DEBUG Engine               - isUserProfileEnabled: false
01:07:48.139 [FXGL Background Thread 3 ] DEBUG Engine               - isWindows: true
01:07:48.139 [FXGL Background Thread 3 ] DEBUG Engine               - language: ObjectProperty [value: ENGLISH]
01:07:48.139 [FXGL Background Thread 3 ] DEBUG Engine               - menuKey: ESCAPE
01:07:48.139 [FXGL Background Thread 3 ] DEBUG Engine               - mouseSensitivity: 0.2
01:07:48.139 [FXGL Background Thread 3 ] DEBUG Engine               - notificationViewClass: class com.almasb.fxgl.notification.view.XboxNotificationView
01:07:48.139 [FXGL Background Thread 3 ] DEBUG Engine               - pixelsPerMeter: 50.0
01:07:48.139 [FXGL Background Thread 3 ] DEBUG Engine               - platform: WINDOWS
01:07:48.139 [FXGL Background Thread 3 ] DEBUG Engine               - prefHeightProperty: ReadOnlyDoubleProperty [value: 800.0]
01:07:48.139 [FXGL Background Thread 3 ] DEBUG Engine               - prefWidthProperty: ReadOnlyDoubleProperty [value: 800.0]
01:07:48.139 [FXGL Background Thread 3 ] DEBUG Engine               - profileDir: profiles/
01:07:48.139 [FXGL Background Thread 3 ] DEBUG Engine               - profileName: StringProperty [value: DEFAULT]
01:07:48.139 [FXGL Background Thread 3 ] DEBUG Engine               - randomSeed: -1
01:07:48.140 [FXGL Background Thread 3 ] DEBUG Engine               - runtimeInfo: RuntimeInfo(platform=WINDOWS, version=17, build=31.12.2021 18.16)
01:07:48.140 [FXGL Background Thread 3 ] DEBUG Engine               - saveFileExt: sav
01:07:48.140 [FXGL Background Thread 3 ] DEBUG Engine               - scaledHeightProp$fxgl: DoubleProperty [bound, value: 800.0]
01:07:48.140 [FXGL Background Thread 3 ] DEBUG Engine               - scaledWidthProp$fxgl: DoubleProperty [bound, value: 800.0]
01:07:48.140 [FXGL Background Thread 3 ] DEBUG Engine               - sceneFactory: com.almasb.fxgl.app.scene.SceneFactory@3d1de415
01:07:48.140 [FXGL Background Thread 3 ] DEBUG Engine               - secondsIn24h: 60
01:07:48.140 [FXGL Background Thread 3 ] DEBUG Engine               - soundMenuBack: menu/back.wav
01:07:48.140 [FXGL Background Thread 3 ] DEBUG Engine               - soundMenuPress: menu/press.wav
01:07:48.140 [FXGL Background Thread 3 ] DEBUG Engine               - soundMenuSelect: menu/select.wav
01:07:48.140 [FXGL Background Thread 3 ] DEBUG Engine               - soundNotification: core/notification.wav
01:07:48.140 [FXGL Background Thread 3 ] DEBUG Engine               - stageStyle: DECORATED
01:07:48.140 [FXGL Background Thread 3 ] DEBUG Engine               - supportedLanguages: [ENGLISH, FRENCH, GERMAN, HUNGARIAN, RUSSIAN]
01:07:48.140 [FXGL Background Thread 3 ] DEBUG Engine               - ticksPerSecond: -1
01:07:48.140 [FXGL Background Thread 3 ] DEBUG Engine               - title: Zelda 2D Game par ماستن
01:07:48.140 [FXGL Background Thread 3 ] DEBUG Engine               - urlGithub: https://github.com/AlmasB/FXGL
01:07:48.140 [FXGL Background Thread 3 ] DEBUG Engine               - urlLeaderboard: http://fxgl-top.herokuapp.com/
01:07:48.140 [FXGL Background Thread 3 ] DEBUG Engine               - urlPOM: https://raw.githubusercontent.com/AlmasB/FXGL/release/README.md
01:07:48.140 [FXGL Background Thread 3 ] DEBUG Engine               - userAppClass: class com.example.zeldapuzzle.MainGameApp
01:07:48.140 [FXGL Background Thread 3 ] DEBUG Engine               - version: 1
01:07:48.140 [FXGL Background Thread 3 ] DEBUG Engine               - versionCheckDays: 7
01:07:48.140 [FXGL Background Thread 3 ] DEBUG Engine               - width: 800
01:07:48.140 [FXGL Background Thread 3 ] DEBUG Engine               - Logging services
01:07:48.141 [FXGL Background Thread 3 ] DEBUG Engine               - class com.almasb.fxgl.app.services.FXGLAssetLoaderService
01:07:48.141 [FXGL Background Thread 3 ] DEBUG Engine               - class com.almasb.fxgl.app.FXGLApplication$GameApplicationService
01:07:48.141 [FXGL Background Thread 3 ] DEBUG Engine               - class com.almasb.fxgl.app.services.FXGLDialogService
01:07:48.141 [FXGL Background Thread 3 ] DEBUG Engine               - class com.almasb.fxgl.app.services.IOTaskExecutorService
01:07:48.141 [FXGL Background Thread 3 ] DEBUG Engine               - class com.almasb.fxgl.io.FileSystemService
01:07:48.141 [FXGL Background Thread 3 ] DEBUG Engine               - class com.almasb.fxgl.localization.LocalizationService
01:07:48.141 [FXGL Background Thread 3 ] DEBUG Engine               - class com.almasb.fxgl.app.services.SystemBundleService
01:07:48.141 [FXGL Background Thread 3 ] DEBUG Engine               - class com.almasb.fxgl.profile.SaveLoadService
01:07:48.141 [FXGL Background Thread 3 ] DEBUG Engine               - class com.almasb.fxgl.ui.FXGLUIFactoryServiceProvider
01:07:48.141 [FXGL Background Thread 3 ] DEBUG Engine               - class com.almasb.fxgl.ui.FXGLDialogFactoryServiceProvider
01:07:48.141 [FXGL Background Thread 3 ] DEBUG Engine               - class com.almasb.fxgl.audio.AudioPlayer
01:07:48.141 [FXGL Background Thread 3 ] DEBUG Engine               - class com.almasb.fxgl.notification.impl.NotificationServiceProvider
01:07:48.141 [FXGL Background Thread 3 ] DEBUG Engine               - class com.almasb.fxgl.achievement.AchievementService
01:07:48.141 [FXGL Background Thread 3 ] DEBUG Engine               - class com.almasb.fxgl.cutscene.CutsceneService
01:07:48.141 [FXGL Background Thread 3 ] DEBUG Engine               - class com.almasb.fxgl.minigames.MiniGameService
01:07:48.141 [FXGL Background Thread 3 ] DEBUG Engine               - class com.almasb.fxgl.net.NetService
01:07:48.141 [FXGL Background Thread 3 ] DEBUG Engine               - class com.almasb.fxgl.app.services.UpdaterService
01:07:48.141 [FXGL Background Thread 3 ] DEBUG Engine               - class com.almasb.fxgl.dev.DevService
01:07:49.548 [JavaFX Application Thread] WARN  TMXLevelLoader       - TiledMap generated from 1.10.2. Supported version: 1.2.3. Some features may not be parsed fully.
01:07:49.579 [JavaFX Application Thread] DEBUG TMXLevelLoader       - Parsed TiledMap: file:/C:/Users/Utilisateur/IdeaProjects/zeldaPuzzle/target/classes/assets/levels/leDongeon.tmx
01:07:49.579 [JavaFX Application Thread] DEBUG TMXLevelLoader       - Creating tile layer entities
01:07:49.579 [JavaFX Application Thread] DEBUG TilesetLoader        - Loading view for layer BG1
01:07:49.582 [JavaFX Application Thread] DEBUG TilesetLoader        - Created buffer with size 2400.0x800.0
01:07:49.598 [JavaFX Application Thread] DEBUG TilesetLoader        - Loading view for layer BG2
01:07:49.602 [JavaFX Application Thread] DEBUG TilesetLoader        - Created buffer with size 2400.0x800.0
01:07:49.610 [JavaFX Application Thread] DEBUG TilesetLoader        - Loading view for layer BG3
01:07:49.611 [JavaFX Application Thread] DEBUG TilesetLoader        - Created buffer with size 2400.0x800.0
01:07:49.620 [JavaFX Application Thread] DEBUG TilesetLoader        - Loading view for layer BG4a
01:07:49.623 [JavaFX Application Thread] DEBUG TilesetLoader        - Created buffer with size 2400.0x800.0
01:07:49.632 [JavaFX Application Thread] DEBUG TilesetLoader        - Loading view for layer BG4b
01:07:49.635 [JavaFX Application Thread] DEBUG TilesetLoader        - Created buffer with size 2400.0x800.0
01:07:49.643 [JavaFX Application Thread] DEBUG TilesetLoader        - Loading view for layer MainBuild3
01:07:49.647 [JavaFX Application Thread] DEBUG TilesetLoader        - Created buffer with size 2400.0x800.0
01:07:49.681 [JavaFX Application Thread] DEBUG TilesetLoader        - Loading view for layer MainBuild2
01:07:49.684 [JavaFX Application Thread] DEBUG TilesetLoader        - Created buffer with size 2400.0x800.0
01:07:49.687 [JavaFX Application Thread] DEBUG TilesetLoader        - Loading view for layer MainBuild
01:07:49.688 [JavaFX Application Thread] DEBUG TilesetLoader        - Created buffer with size 2400.0x800.0
01:07:49.692 [JavaFX Application Thread] DEBUG TMXLevelLoader       - Creating object layer entities
01:07:49.702 [JavaFX Application Thread] DEBUG GameWorld            - Clearing removable entities
01:07:49.704 [JavaFX Application Thread] DEBUG GameWorld            - Setting level: com.almasb.fxgl.entity.level.Level@15514bc1
01:07:49.709 [JavaFX Application Thread] WARN  GameWorld            - Entity is already attached to world
01:07:54.413 [JavaFX Application Thread] WARN  GameWorld            - Entity is already attached to world
01:07:55.696 [JavaFX Application Thread] WARN  GameWorld            - Entity is already attached to world
01:07:59.676 [JavaFX Application Thread] WARN  GameWorld            - Entity is already attached to world
01:08:00.609 [JavaFX Application Thread] WARN  GameWorld            - Entity is already attached to world
01:08:02.296 [JavaFX Application Thread] WARN  GameWorld            - Entity is already attached to world
01:08:02.912 [JavaFX Application Thread] WARN  GameWorld            - Entity is already attached to world
01:08:03.563 [JavaFX Application Thread] WARN  GameWorld            - Entity is already attached to world
01:08:04.137 [JavaFX Application Thread] WARN  GameWorld            - Entity is already attached to world
01:08:05.037 [JavaFX Application Thread] WARN  GameWorld            - Entity is already attached to world
01:08:06.098 [JavaFX Application Thread] WARN  GameWorld            - Entity is already attached to world
01:08:06.649 [JavaFX Application Thread] WARN  GameWorld            - Entity is already attached to world
01:08:07.623 [JavaFX Application Thread] WARN  GameWorld            - Entity is already attached to world
01:08:08.739 [JavaFX Application Thread] WARN  GameWorld            - Entity is already attached to world
01:08:10.068 [JavaFX Application Thread] WARN  GameWorld            - Entity is already attached to world
01:08:10.819 [JavaFX Application Thread] WARN  GameWorld            - Entity is already attached to world
01:08:12.748 [JavaFX Application Thread] WARN  GameWorld            - Entity is already attached to world
01:08:14.172 [JavaFX Application Thread] WARN  GameWorld            - Entity is already attached to world
01:08:14.843 [JavaFX Application Thread] WARN  GameWorld            - Entity is already attached to world
01:08:16.191 [JavaFX Application Thread] WARN  GameWorld            - Entity is already attached to world
01:08:16.730 [JavaFX Application Thread] WARN  GameWorld            - Entity is already attached to world
01:08:17.097 [JavaFX Application Thread] WARN  GameWorld            - Entity is already attached to world
01:08:17.365 [JavaFX Application Thread] WARN  GameWorld            - Entity is already attached to world
01:08:17.609 [JavaFX Application Thread] WARN  GameWorld            - Entity is already attached to world
01:08:17.825 [JavaFX Application Thread] WARN  GameWorld            - Entity is already attached to world
01:08:18.041 [JavaFX Application Thread] WARN  GameWorld            - Entity is already attached to world
01:08:18.263 [JavaFX Application Thread] WARN  GameWorld            - Entity is already attached to world
01:08:18.478 [JavaFX Application Thread] WARN  GameWorld            - Entity is already attached to world
01:08:18.708 [JavaFX Application Thread] WARN  GameWorld            - Entity is already attached to world
01:08:19.111 [JavaFX Application Thread] WARN  GameWorld            - Entity is already attached to world
01:08:19.331 [JavaFX Application Thread] WARN  GameWorld            - Entity is already attached to world
01:08:20.218 [JavaFX Application Thread] WARN  GameWorld            - Entity is already attached to world
01:08:20.629 [JavaFX Application Thread] WARN  GameWorld            - Entity is already attached to world
01:08:20.877 [JavaFX Application Thread] WARN  GameWorld            - Entity is already attached to world
01:08:21.110 [JavaFX Application Thread] WARN  GameWorld            - Entity is already attached to world
01:08:21.312 [JavaFX Application Thread] WARN  GameWorld            - Entity is already attached to world
01:08:21.500 [JavaFX Application Thread] WARN  GameWorld            - Entity is already attached to world
01:08:21.701 [JavaFX Application Thread] WARN  GameWorld            - Entity is already attached to world
01:08:21.879 [JavaFX Application Thread] WARN  GameWorld            - Entity is already attached to world
01:08:24.120 [JavaFX Application Thread] WARN  GameWorld            - Entity is already attached to world
01:08:24.564 [JavaFX Application Thread] WARN  GameWorld            - Entity is already attached to world
01:08:24.793 [JavaFX Application Thread] WARN  GameWorld            - Entity is already attached to world
01:08:25.003 [JavaFX Application Thread] WARN  GameWorld            - Entity is already attached to world
01:08:25.371 [JavaFX Application Thread] WARN  GameWorld            - Entity is already attached to world
01:08:25.573 [JavaFX Application Thread] WARN  GameWorld            - Entity is already attached to world
01:08:25.764 [JavaFX Application Thread] WARN  GameWorld            - Entity is already attached to world
01:08:25.947 [JavaFX Application Thread] WARN  GameWorld            - Entity is already attached to world
01:08:26.115 [JavaFX Application Thread] WARN  GameWorld            - Entity is already attached to world
01:08:26.565 [JavaFX Application Thread] WARN  GameWorld            - Entity is already attached to world
01:08:26.791 [JavaFX Application Thread] WARN  GameWorld            - Entity is already attached to world
01:08:27.132 [JavaFX Application Thread] WARN  GameWorld            - Entity is already attached to world
01:08:27.300 [JavaFX Application Thread] WARN  GameWorld            - Entity is already attached to world
01:08:27.516 [JavaFX Application Thread] WARN  GameWorld            - Entity is already attached to world
01:08:27.671 [JavaFX Application Thread] WARN  GameWorld            - Entity is already attached to world
01:08:27.867 [JavaFX Application Thread] WARN  GameWorld            - Entity is already attached to world
01:08:28.050 [JavaFX Application Thread] WARN  GameWorld            - Entity is already attached to world
01:08:28.233 [JavaFX Application Thread] WARN  GameWorld            - Entity is already attached to world
01:08:28.436 [JavaFX Application Thread] WARN  GameWorld            - Entity is already attached to world
01:08:28.635 [JavaFX Application Thread] WARN  GameWorld            - Entity is already attached to world
01:08:28.823 [JavaFX Application Thread] WARN  GameWorld            - Entity is already attached to world
01:08:29.050 [JavaFX Application Thread] WARN  GameWorld            - Entity is already attached to world
01:08:29.241 [JavaFX Application Thread] WARN  GameWorld            - Entity is already attached to world
01:08:29.451 [JavaFX Application Thread] WARN  GameWorld            - Entity is already attached to world
01:08:29.635 [JavaFX Application Thread] WARN  GameWorld            - Entity is already attached to world
01:08:29.833 [JavaFX Application Thread] WARN  GameWorld            - Entity is already attached to world
01:08:30.017 [JavaFX Application Thread] WARN  GameWorld            - Entity is already attached to world
01:08:30.201 [JavaFX Application Thread] WARN  GameWorld            - Entity is already attached to world
01:08:30.385 [JavaFX Application Thread] WARN  GameWorld            - Entity is already attached to world
01:08:30.571 [JavaFX Application Thread] WARN  GameWorld            - Entity is already attached to world
01:08:30.762 [JavaFX Application Thread] WARN  GameWorld            - Entity is already attached to world
01:08:30.956 [JavaFX Application Thread] WARN  GameWorld            - Entity is already attached to world
01:08:31.159 [JavaFX Application Thread] WARN  GameWorld            - Entity is already attached to world
01:08:31.371 [JavaFX Application Thread] WARN  GameWorld            - Entity is already attached to world
01:08:31.590 [JavaFX Application Thread] WARN  GameWorld            - Entity is already attached to world
01:08:31.772 [JavaFX Application Thread] WARN  GameWorld            - Entity is already attached to world
01:08:31.992 [JavaFX Application Thread] WARN  GameWorld            - Entity is already attached to world
01:08:32.219 [JavaFX Application Thread] WARN  GameWorld            - Entity is already attached to world
01:08:32.437 [JavaFX Application Thread] WARN  GameWorld            - Entity is already attached to world
01:08:32.655 [JavaFX Application Thread] WARN  GameWorld            - Entity is already attached to world
01:08:33.078 [JavaFX Application Thread] WARN  GameWorld            - Entity is already attached to world
01:08:33.573 [JavaFX Application Thread] WARN  GameWorld            - Entity is already attached to world
01:08:34.555 [JavaFX Application Thread] WARN  GameWorld            - Entity is already attached to world
01:08:34.856 [JavaFX Application Thread] WARN  GameWorld            - Entity is already attached to world
01:08:36.243 [JavaFX Application Thread] WARN  GameWorld            - Entity is already attached to world
01:08:36.524 [JavaFX Application Thread] WARN  GameWorld            - Entity is already attached to world
01:08:37.463 [JavaFX Application Thread] WARN  GameWorld            - Entity is already attached to world
01:08:37.723 [JavaFX Application Thread] WARN  GameWorld            - Entity is already attached to world
01:08:38.375 [JavaFX Application Thread] WARN  GameWorld            - Entity is already attached to world
01:08:38.628 [JavaFX Application Thread] WARN  GameWorld            - Entity is already attached to world
01:08:39.350 [JavaFX Application Thread] WARN  GameWorld            - Entity is already attached to world
01:08:39.692 [JavaFX Application Thread] WARN  GameWorld            - Entity is already attached to world
01:08:41.078 [JavaFX Application Thread] WARN  GameWorld            - Entity is already attached to world
01:08:41.260 [JavaFX Application Thread] WARN  GameWorld            - Entity is already attached to world
01:08:41.427 [JavaFX Application Thread] WARN  GameWorld            - Entity is already attached to world
01:08:41.597 [JavaFX Application Thread] WARN  GameWorld            - Entity is already attached to world
01:08:41.766 [JavaFX Application Thread] WARN  GameWorld            - Entity is already attached to world
01:08:41.944 [JavaFX Application Thread] WARN  GameWorld            - Entity is already attached to world
01:08:42.139 [JavaFX Application Thread] WARN  GameWorld            - Entity is already attached to world
01:08:42.345 [JavaFX Application Thread] WARN  GameWorld            - Entity is already attached to world
01:08:42.533 [JavaFX Application Thread] WARN  GameWorld            - Entity is already attached to world
01:08:42.729 [JavaFX Application Thread] WARN  GameWorld            - Entity is already attached to world
01:08:42.896 [JavaFX Application Thread] WARN  GameWorld            - Entity is already attached to world
01:08:43.096 [JavaFX Application Thread] WARN  GameWorld            - Entity is already attached to world
01:08:43.532 [JavaFX Application Thread] WARN  GameWorld            - Entity is already attached to world
01:08:43.681 [JavaFX Application Thread] WARN  GameWorld            - Entity is already attached to world
01:08:43.867 [JavaFX Application Thread] WARN  GameWorld            - Entity is already attached to world
01:08:44.067 [JavaFX Application Thread] WARN  GameWorld            - Entity is already attached to world
01:08:44.231 [JavaFX Application Thread] WARN  GameWorld            - Entity is already attached to world
01:08:44.682 [JavaFX Application Thread] WARN  GameWorld            - Entity is already attached to world
01:08:44.873 [JavaFX Application Thread] WARN  GameWorld            - Entity is already attached to world
01:08:45.048 [JavaFX Application Thread] WARN  GameWorld            - Entity is already attached to world
01:08:46.154 [JavaFX Application Thread] WARN  GameWorld            - Entity is already attached to world
01:08:47.015 [JavaFX Application Thread] WARN  GameWorld            - Entity is already attached to world
01:08:47.382 [JavaFX Application Thread] WARN  GameWorld            - Entity is already attached to world
01:08:47.866 [JavaFX Application Thread] WARN  GameWorld            - Entity is already attached to world
01:08:48.302 [JavaFX Application Thread] WARN  GameWorld            - Entity is already attached to world
01:08:53.093 [JavaFX Application Thread] WARN  GameWorld            - Entity is already attached to world
01:08:53.941 [JavaFX Application Thread] WARN  GameWorld            - Entity is already attached to world
01:08:54.588 [JavaFX Application Thread] WARN  GameWorld            - Entity is already attached to world
01:08:55.426 [JavaFX Application Thread] WARN  GameWorld            - Entity is already attached to world
01:08:56.439 [JavaFX Application Thread] WARN  GameWorld            - Entity is already attached to world
01:08:57.357 [JavaFX Application Thread] WARN  GameWorld            - Entity is already attached to world
01:08:58.430 [JavaFX Application Thread] WARN  GameWorld            - Entity is already attached to world
01:08:59.397 [JavaFX Application Thread] WARN  GameWorld            - Entity is already attached to world
01:08:59.811 [JavaFX Application Thread] WARN  GameWorld            - Entity is already attached to world
01:09:00.183 [JavaFX Application Thread] WARN  GameWorld            - Entity is already attached to world
01:09:01.037 [JavaFX Application Thread] WARN  GameWorld            - Entity is already attached to world
01:09:02.261 [JavaFX Application Thread] WARN  GameWorld            - Entity is already attached to world
01:09:34.204 [JavaFX Application Thread] WARN  GameWorld            - Entity is already attached to world
01:09:35.033 [JavaFX Application Thread] WARN  GameWorld            - Entity is already attached to world
01:09:35.738 [JavaFX Application Thread] WARN  GameWorld            - Entity is already attached to world
01:09:36.139 [JavaFX Application Thread] WARN  GameWorld            - Entity is already attached to world
01:09:38.109 [JavaFX Application Thread] WARN  GameWorld            - Entity is already attached to world
01:09:38.759 [JavaFX Application Thread] WARN  GameWorld            - Entity is already attached to world
01:09:40.140 [JavaFX Application Thread] WARN  GameWorld            - Entity is already attached to world
01:09:40.494 [JavaFX Application Thread] WARN  GameWorld            - Entity is already attached to world
01:09:40.726 [JavaFX Application Thread] WARN  GameWorld            - Entity is already attached to world
01:09:40.915 [JavaFX Application Thread] WARN  GameWorld            - Entity is already attached to world
01:09:41.112 [JavaFX Application Thread] WARN  GameWorld            - Entity is already attached to world
01:09:41.288 [JavaFX Application Thread] WARN  GameWorld            - Entity is already attached to world
01:09:41.477 [JavaFX Application Thread] WARN  GameWorld            - Entity is already attached to world
01:09:41.661 [JavaFX Application Thread] WARN  GameWorld            - Entity is already attached to world
01:09:41.877 [JavaFX Application Thread] WARN  GameWorld            - Entity is already attached to world
01:09:42.061 [JavaFX Application Thread] WARN  GameWorld            - Entity is already attached to world
01:09:42.261 [JavaFX Application Thread] WARN  GameWorld            - Entity is already attached to world
01:09:42.479 [JavaFX Application Thread] WARN  GameWorld            - Entity is already attached to world
01:09:42.695 [JavaFX Application Thread] WARN  GameWorld            - Entity is already attached to world
01:09:42.921 [JavaFX Application Thread] WARN  GameWorld            - Entity is already attached to world
01:09:43.212 [JavaFX Application Thread] WARN  GameWorld            - Entity is already attached to world
01:09:43.433 [JavaFX Application Thread] WARN  GameWorld            - Entity is already attached to world
01:09:43.649 [JavaFX Application Thread] WARN  GameWorld            - Entity is already attached to world
01:09:43.896 [JavaFX Application Thread] WARN  GameWorld            - Entity is already attached to world
01:09:44.112 [JavaFX Application Thread] WARN  GameWorld            - Entity is already attached to world
01:09:44.331 [JavaFX Application Thread] WARN  GameWorld            - Entity is already attached to world
01:09:44.541 [JavaFX Application Thread] WARN  GameWorld            - Entity is already attached to world
01:09:44.546 [JavaFX Application Thread] WARN  GameWorld            - Entity is already attached to world
01:09:44.757 [JavaFX Application Thread] WARN  GameWorld            - Entity is already attached to world
01:09:45.234 [JavaFX Application Thread] WARN  GameWorld            - Entity is already attached to world
01:09:45.479 [JavaFX Application Thread] WARN  GameWorld            - Entity is already attached to world
01:09:45.669 [JavaFX Application Thread] WARN  GameWorld            - Entity is already attached to world
01:09:45.864 [JavaFX Application Thread] WARN  GameWorld            - Entity is already attached to world
01:09:46.180 [JavaFX Application Thread] WARN  GameWorld            - Entity is already attached to world
01:09:46.397 [JavaFX Application Thread] WARN  GameWorld            - Entity is already attached to world
01:09:46.615 [JavaFX Application Thread] WARN  GameWorld            - Entity is already attached to world
01:09:46.800 [JavaFX Application Thread] WARN  GameWorld            - Entity is already attached to world
01:09:47.031 [JavaFX Application Thread] WARN  GameWorld            - Entity is already attached to world
01:09:47.227 [JavaFX Application Thread] WARN  GameWorld            - Entity is already attached to world
01:09:47.420 [JavaFX Application Thread] WARN  GameWorld            - Entity is already attached to world
01:09:47.620 [JavaFX Application Thread] WARN  GameWorld            - Entity is already attached to world
01:09:47.787 [JavaFX Application Thread] WARN  GameWorld            - Entity is already attached to world
01:09:51.519 [JavaFX Application Thread] DEBUG LoopRunner           - Stopping loop
01:09:51.520 [JavaFX Application Thread] FATAL FXGLApplication      - Uncaught Exception:
java.lang.IndexOutOfBoundsException: Index -1 out of bounds for length 1
	at java.base/jdk.internal.util.Preconditions.outOfBounds(Preconditions.java:100)
	at java.base/jdk.internal.util.Preconditions.outOfBoundsCheckIndex(Preconditions.java:106)
	at java.base/jdk.internal.util.Preconditions.checkIndex(Preconditions.java:302)
	at java.base/java.util.Objects.checkIndex(Objects.java:385)
	at java.base/java.util.ArrayList.get(ArrayList.java:427)
	at javafx.graphics@19/javafx.scene.Parent.updateCachedBounds(Parent.java:1704)
	at javafx.graphics@19/javafx.scene.Parent.recomputeBounds(Parent.java:1648)
	at javafx.graphics@19/javafx.scene.Parent.doComputeGeomBounds(Parent.java:1501)
	at javafx.graphics@19/javafx.scene.Parent$1.doComputeGeomBounds(Parent.java:115)
	at javafx.graphics@19/com.sun.javafx.scene.ParentHelper.computeGeomBoundsImpl(ParentHelper.java:84)
	at javafx.graphics@19/com.sun.javafx.scene.NodeHelper.computeGeomBounds(NodeHelper.java:117)
	at javafx.graphics@19/javafx.scene.Node.updateGeomBounds(Node.java:3825)
	at javafx.graphics@19/javafx.scene.Node.getGeomBounds(Node.java:3814)
	at javafx.graphics@19/javafx.scene.Node.getLocalBounds(Node.java:3735)
	at javafx.graphics@19/javafx.scene.Node.updateTxBounds(Node.java:3889)
	at javafx.graphics@19/javafx.scene.Node.getTransformedBounds(Node.java:3681)
	at javafx.graphics@19/javafx.scene.Parent.getChildTransformedBounds(Parent.java:1848)
	at javafx.graphics@19/javafx.scene.Parent.updateCachedBounds(Parent.java:1709)
	at javafx.graphics@19/javafx.scene.Parent.recomputeBounds(Parent.java:1648)
	at javafx.graphics@19/javafx.scene.Parent.doComputeGeomBounds(Parent.java:1501)
	at javafx.graphics@19/javafx.scene.Parent$1.doComputeGeomBounds(Parent.java:115)
	at javafx.graphics@19/com.sun.javafx.scene.ParentHelper.computeGeomBoundsImpl(ParentHelper.java:84)
	at javafx.graphics@19/com.sun.javafx.scene.layout.RegionHelper.superComputeGeomBoundsImpl(RegionHelper.java:78)
	at javafx.graphics@19/com.sun.javafx.scene.layout.RegionHelper.superComputeGeomBounds(RegionHelper.java:62)
	at javafx.graphics@19/javafx.scene.layout.Region.doComputeGeomBounds(Region.java:3355)
	at javafx.graphics@19/javafx.scene.layout.Region$1.doComputeGeomBounds(Region.java:168)
	at javafx.graphics@19/com.sun.javafx.scene.layout.RegionHelper.computeGeomBoundsImpl(RegionHelper.java:89)
	at javafx.graphics@19/com.sun.javafx.scene.NodeHelper.computeGeomBounds(NodeHelper.java:117)
	at javafx.graphics@19/javafx.scene.Node.updateGeomBounds(Node.java:3825)
	at javafx.graphics@19/javafx.scene.Node.getGeomBounds(Node.java:3787)
	at javafx.graphics@19/javafx.scene.Node.getLocalBounds(Node.java:3735)
	at javafx.graphics@19/javafx.scene.Node.updateTxBounds(Node.java:3889)
	at javafx.graphics@19/javafx.scene.Node.getTransformedBounds(Node.java:3681)
	at javafx.graphics@19/javafx.scene.Parent.getChildTransformedBounds(Parent.java:1848)
	at javafx.graphics@19/javafx.scene.Parent.updateCachedBounds(Parent.java:1709)
	at javafx.graphics@19/javafx.scene.Parent.recomputeBounds(Parent.java:1648)
	at javafx.graphics@19/javafx.scene.Parent.doComputeGeomBounds(Parent.java:1501)
	at javafx.graphics@19/javafx.scene.Parent$1.doComputeGeomBounds(Parent.java:115)
	at javafx.graphics@19/com.sun.javafx.scene.ParentHelper.computeGeomBoundsImpl(ParentHelper.java:84)
	at javafx.graphics@19/com.sun.javafx.scene.layout.RegionHelper.superComputeGeomBoundsImpl(RegionHelper.java:78)
	at javafx.graphics@19/com.sun.javafx.scene.layout.RegionHelper.superComputeGeomBounds(RegionHelper.java:62)
	at javafx.graphics@19/javafx.scene.layout.Region.doComputeGeomBounds(Region.java:3355)
	at javafx.graphics@19/javafx.scene.layout.Region$1.doComputeGeomBounds(Region.java:168)
	at javafx.graphics@19/com.sun.javafx.scene.layout.RegionHelper.computeGeomBoundsImpl(RegionHelper.java:89)
	at javafx.graphics@19/com.sun.javafx.scene.NodeHelper.computeGeomBounds(NodeHelper.java:117)
	at javafx.graphics@19/javafx.scene.Node.updateGeomBounds(Node.java:3825)
	at javafx.graphics@19/javafx.scene.Node.getGeomBounds(Node.java:3787)
	at javafx.graphics@19/javafx.scene.Node.getLocalBounds(Node.java:3735)
	at javafx.graphics@19/javafx.scene.Node.intersectsBounds(Node.java:5270)
	at javafx.graphics@19/javafx.scene.Node$1.intersectsBounds(Node.java:559)
	at javafx.graphics@19/com.sun.javafx.scene.NodeHelper.intersectsBounds(NodeHelper.java:264)
	at javafx.graphics@19/javafx.scene.layout.Region.doPickNodeLocal(Region.java:3224)
	at javafx.graphics@19/javafx.scene.layout.Region$1.doPickNodeLocal(Region.java:184)
	at javafx.graphics@19/com.sun.javafx.scene.layout.RegionHelper.pickNodeLocalImpl(RegionHelper.java:104)
	at javafx.graphics@19/com.sun.javafx.scene.NodeHelper.pickNodeLocal(NodeHelper.java:130)
	at javafx.graphics@19/javafx.scene.Node.pickNode(Node.java:5180)
	at javafx.graphics@19/javafx.scene.Scene$MouseHandler.pickNode(Scene.java:4037)
	at javafx.graphics@19/javafx.scene.Scene.pick(Scene.java:2067)
	at javafx.graphics@19/javafx.scene.Scene$MouseHandler.process(Scene.java:3847)
	at javafx.graphics@19/javafx.scene.Scene.processMouseEvent(Scene.java:1887)
	at javafx.graphics@19/javafx.scene.Scene$ScenePeerListener.mouseEvent(Scene.java:2620)
	at javafx.graphics@19/com.sun.javafx.tk.quantum.GlassViewEventHandler$MouseEventNotification.run(GlassViewEventHandler.java:411)
	at javafx.graphics@19/com.sun.javafx.tk.quantum.GlassViewEventHandler$MouseEventNotification.run(GlassViewEventHandler.java:301)
	at java.base/java.security.AccessController.doPrivileged(AccessController.java:399)
	at javafx.graphics@19/com.sun.javafx.tk.quantum.GlassViewEventHandler.lambda$handleMouseEvent$2(GlassViewEventHandler.java:450)
	at javafx.graphics@19/com.sun.javafx.tk.quantum.QuantumToolkit.runWithoutRenderLock(QuantumToolkit.java:424)
	at javafx.graphics@19/com.sun.javafx.tk.quantum.GlassViewEventHandler.handleMouseEvent(GlassViewEventHandler.java:449)
	at javafx.graphics@19/com.sun.glass.ui.View.handleMouseEvent(View.java:551)
	at javafx.graphics@19/com.sun.glass.ui.View.notifyMouse(View.java:937)
	at javafx.graphics@19/com.sun.glass.ui.win.WinApplication._runLoop(Native Method)
	at javafx.graphics@19/com.sun.glass.ui.win.WinApplication.lambda$runLoop$3(WinApplication.java:184)
	at java.base/java.lang.Thread.run(Thread.java:1589)

01:09:51.520 [JavaFX Application Thread] FATAL FXGLApplication      - Application will now exit
01:09:51.523 [JavaFX Application Thread] DEBUG PrimaryStageWindow   - Push state: ErrorSubScene
01:09:51.523 [JavaFX Application Thread] DEBUG Input                - Clearing active input actions
01:09:51.523 [JavaFX Application Thread] DEBUG GameApplicationServi - Removing overlay from GameScene and adding to ErrorSubScene
01:09:51.525 [JavaFX Application Thread] DEBUG PrimaryStageWindow   - GameScene -> ErrorSubScene
01:09:53.671 [JavaFX Application Thread] DEBUG FXGLApplication      - Exiting FXGL
01:09:53.671 [JavaFX Application Thread] DEBUG Async                - Shutting down background threads
01:09:53.671 [JavaFX Application Thread] DEBUG PrimaryStageWindow   - Closing main window
01:09:53.681 [JavaFX Application Thread] DEBUG Logger               - Closing Logger
