12:29:32.902 [main                     ] DEBUG Logger               - Configured Logger
12:29:32.920 [main                     ] DEBUG GameApplication      - Logging settings
Title: Zelda 2D Game
Version: 1
Width: 800
Height: 800
Fullscreen: false
Intro: false
Profiling: false
Single step:false
App Mode: DEVELOPER
Menu Key: ESCAPE
Stage Style: DECORATED
Scene Factory: class com.almasb.fxgl.app.scene.SceneFactory

12:29:33.120 [JavaFX Application Thread] DEBUG FXGLApplication      - Initializing FXGL
12:29:33.125 [JavaFX Application Thread] INFO  Engine               - FXGL-17 (31.12.2021 18.16) on WINDOWS (J:21.0.2 FX:19)
12:29:33.125 [JavaFX Application Thread] DEBUG Engine               - JRE Vendor Name: Oracle Corporation
12:29:33.125 [JavaFX Application Thread] DEBUG Engine               - Running on OS: Windows 11 version 10.0
12:29:33.125 [JavaFX Application Thread] DEBUG Engine               - Architecture: amd64
12:29:33.126 [JavaFX Application Thread] INFO  Engine               - Source code and latest versions at: https://github.com/AlmasB/FXGL
12:29:33.126 [JavaFX Application Thread] INFO  Engine               -       Ask questions and discuss at: https://github.com/AlmasB/FXGL/discussions
12:29:33.126 [JavaFX Application Thread] INFO  Engine               -              Join the FXGL chat at: https://gitter.im/AlmasB/FXGL
12:29:33.179 [JavaFX Application Thread] DEBUG PrimaryStageWindow   - Creating a JavaFX scene
12:29:33.206 [JavaFX Application Thread] DEBUG PrimaryStageWindow   - Target settings size: 800.0 x 800.0
12:29:33.206 [JavaFX Application Thread] DEBUG PrimaryStageWindow   - Scaled scene size:    800.0 x 800.0
12:29:33.206 [JavaFX Application Thread] DEBUG PrimaryStageWindow   - Scaled ratio: (1.0, 1.0)
12:29:33.207 [JavaFX Application Thread] DEBUG PrimaryStageWindow   - Set initial scene to FXGLStartupScene
12:29:33.209 [JavaFX Application Thread] DEBUG PrimaryStageWindow   - Opening main window
12:29:33.264 [JavaFX Application Thread] DEBUG PrimaryStageWindow   - Window border size: (16.0, 39.0)
12:29:33.264 [JavaFX Application Thread] DEBUG PrimaryStageWindow   - Scaled size: 800.0 x 800.0
12:29:33.264 [JavaFX Application Thread] DEBUG PrimaryStageWindow   - Scaled ratio: (1.0, 1.0)
12:29:33.264 [JavaFX Application Thread] DEBUG PrimaryStageWindow   - Scene size: 800.0 x 800.0
12:29:33.265 [JavaFX Application Thread] DEBUG PrimaryStageWindow   - Stage size: 816.0 x 839.0
12:29:33.272 [FXGL Background Thread 1 ] DEBUG Engine               - Initializing environment variables
12:29:33.309 [FXGL Background Thread 1 ] DEBUG FXGLAssetLoaderServi - User app class for loading assets: class com.example.zeldapuzzle.MainGameApp
12:29:33.309 [FXGL Background Thread 1 ] DEBUG GameApplicationServi - Applying CSS: fxgl_dark.css
12:29:33.309 [FXGL Background Thread 1 ] DEBUG FXGLAssetLoaderServi - Loading from file system: jar:file:///C:/Users/User/.m2/repository/com/github/almasb/fxgl/17/fxgl-17.jar!/fxglassets/ui/css/fxgl_dark.css
12:29:33.343 [FXGL Background Thread 1 ] DEBUG GameApplicationServi - Initializing application scenes
12:29:33.378 [FXGL Background Thread 1 ] DEBUG GameWorld            - Game world initialized
12:29:33.417 [FXGL Background Thread 1 ] DEBUG PhysicsWorld         - Physics world initialized: appHeight=800, physics.ppm=50.0
12:29:33.418 [FXGL Background Thread 1 ] DEBUG PhysicsWorld         - Using strategy: BRUTE_FORCE
12:29:33.420 [FXGL Background Thread 1 ] DEBUG GameScene            - Game scene initialized: 800x800
12:29:33.427 [FXGL Background Thread 1 ] DEBUG FXGL.DefaultMenu     - createMenuBodyMainMenu()
12:29:33.435 [FXGL Background Thread 1 ] DEBUG FXGL.DefaultMenu     - createOptionsMenu()
12:29:33.441 [FXGL Background Thread 1 ] DEBUG FXGLAssetLoaderServi - Loading from file system: jar:file:///C:/Users/User/.m2/repository/com/github/almasb/fxgl/17/fxgl-17.jar!/fxglassets/textures/particles/smoke.png
12:29:33.497 [FXGL Background Thread 1 ] DEBUG FXGLAssetLoaderServi - Loading from file system: jar:file:///C:/Users/User/.m2/repository/com/github/almasb/fxgl/17/fxgl-17.jar!/fxglassets/textures/particles/trace_horizontal.png
12:29:33.521 [FXGL Background Thread 1 ] DEBUG FXGL.DefaultMenu     - createMenuBodyGameMenu()
12:29:33.522 [FXGL Background Thread 1 ] DEBUG FXGL.DefaultMenu     - createOptionsMenu()
12:29:33.530 [FXGL Background Thread 1 ] DEBUG GameApplicationServi - Application scenes initialized
12:29:33.539 [FXGL Background Thread 1 ] DEBUG SystemBundleService  - Loading FXGL system data
12:29:33.543 [FXGL Background Thread 1 ] DEBUG FileSystemAccess     - Reading from: C:\Users\User\zeldaPuzzle\system\fxgl.bundle
12:29:33.551 [FXGL Background Thread 1 ] DEBUG SystemBundleService  - Bundle FXGL: {}
12:29:33.551 [FXGL Background Thread 1 ] DEBUG UpdaterService       - Checking for updates
12:29:33.575 [FXGL Background Thread 4 ] DEBUG FXGLApplication      - Loading fonts
12:29:33.575 [FXGL Background Thread 1 ] DEBUG FXGLApplication      - Loading default localization
12:29:33.575 [FXGL Background Thread 4 ] DEBUG FXGLAssetLoaderServi - Loading from file system: jar:file:///C:/Users/User/.m2/repository/com/github/almasb/fxgl/17/fxgl-17.jar!/fxglassets/ui/fonts/VarelaRound-Regular.ttf
12:29:33.576 [FXGL Background Thread 1 ] DEBUG FXGLAssetLoaderServi - Loading from file system: jar:file:///C:/Users/User/.m2/repository/com/github/almasb/fxgl/17/fxgl-17.jar!/fxglassets/languages/english.lang
12:29:33.589 [FXGL Background Thread 1 ] INFO  FXGLApplication      - FXGL initialization took: 0.318 sec
12:29:33.597 [JavaFX Application Thread] DEBUG Input                - Registered new binding: getPosition - P
12:29:33.598 [JavaFX Application Thread] DEBUG Input                - Registered new binding: zoom+ - Up
12:29:33.598 [JavaFX Application Thread] DEBUG Input                - Registered new binding: zoom- - Down
12:29:33.598 [JavaFX Application Thread] DEBUG Input                - Registered new binding: resetZoom - 0
12:29:33.598 [JavaFX Application Thread] DEBUG Input                - Registered new binding: Move right - D
12:29:33.598 [JavaFX Application Thread] DEBUG Input                - Registered new binding: Move left - A
12:29:33.598 [JavaFX Application Thread] DEBUG Input                - Registered new binding: Move Up - W
12:29:33.599 [JavaFX Application Thread] DEBUG Input                - Registered new binding: Move Down - S
12:29:33.599 [JavaFX Application Thread] DEBUG FXGLAssetLoaderServi - Loading from file system: jar:file:///C:/Users/User/.m2/repository/com/github/almasb/fxgl/17/fxgl-17.jar!/fxglassets/textures/fxgl_icon.png
12:29:33.602 [FXGL Background Thread 4 ] DEBUG FXGLAssetLoaderServi - Loading from file system: jar:file:///C:/Users/User/.m2/repository/com/github/almasb/fxgl/17/fxgl-17.jar!/fxglassets/ui/fonts/Abel-Regular.ttf
12:29:33.610 [FXGL Background Thread 4 ] DEBUG FXGLAssetLoaderServi - Loading from file system: jar:file:///C:/Users/User/.m2/repository/com/github/almasb/fxgl/17/fxgl-17.jar!/fxglassets/ui/fonts/TerminalLandMono-Regular.otf
12:29:33.616 [JavaFX Application Thread] DEBUG FXGLAssetLoaderServi - Loading from file system: jar:file:///C:/Users/User/.m2/repository/com/github/almasb/fxgl/17/fxgl-17.jar!/fxglassets/textures/fxgl_default_cursor.png
12:29:33.617 [JavaFX Application Thread] DEBUG Input                - Registered new binding: Screenshot - CTRL+8
12:29:33.618 [JavaFX Application Thread] DEBUG Input                - Registered new binding: Dev Options - 1
12:29:33.618 [JavaFX Application Thread] DEBUG Input                - Registered new binding: Dev Console - 2
12:29:33.618 [JavaFX Application Thread] DEBUG Input                - Registered new binding: System info dump - CTRL+9
12:29:33.618 [FXGL Background Thread 4 ] DEBUG FXGLAssetLoaderServi - Loading from file system: jar:file:///C:/Users/User/.m2/repository/com/github/almasb/fxgl/17/fxgl-17.jar!/fxglassets/ui/fonts/Courier-Prime.ttf
12:29:33.618 [JavaFX Application Thread] DEBUG Input                - Registered new binding: Restart - CTRL+R
12:29:33.619 [JavaFX Application Thread] DEBUG Input                - Registered new binding: Toggle Debug Camera - CTRL+7
12:29:33.622 [JavaFX Application Thread] DEBUG LoopRunner           - Starting loop
12:29:33.632 [JavaFX Application Thread] DEBUG LoopRunner           - Initializing JavaFX AnimationTimerLoop
12:29:33.634 [JavaFX Application Thread] DEBUG Input                - Clearing active input actions
12:29:33.641 [JavaFX Application Thread] DEBUG GameApplicationServi - Removing overlay from FXGLStartupScene and adding to FXGLMainMenuDummyScene
12:29:33.644 [JavaFX Application Thread] DEBUG PrimaryStageWindow   - FXGLStartupScene -> FXGLMainMenuDummyScene
12:29:33.645 [JavaFX Application Thread] DEBUG PrimaryStageWindow   - Push state: FXGLDefaultMenu
12:29:33.649 [JavaFX Application Thread] DEBUG Input                - Clearing active input actions
12:29:33.656 [JavaFX Application Thread] DEBUG GameApplicationServi - Removing overlay from FXGLMainMenuDummyScene and adding to FXGLDefaultMenu
12:29:33.657 [JavaFX Application Thread] DEBUG PrimaryStageWindow   - FXGLMainMenuDummyScene -> FXGLDefaultMenu
12:29:33.662 [JavaFX Application Thread] DEBUG FXGLApplication      - Registering font factories with UI factory
12:29:33.901 [FXGL Background Thread 2 ] INFO  UpdaterService       - Your current version:  17
12:29:33.903 [FXGL Background Thread 2 ] INFO  UpdaterService       - Latest stable version: 21
12:29:34.575 [JavaFX Application Thread] DEBUG Menu                 - fireNewGame()
12:29:34.575 [JavaFX Application Thread] DEBUG GameApplicationServi - Starting new game
12:29:34.576 [JavaFX Application Thread] DEBUG PrimaryStageWindow   - Pop state: FXGLDefaultMenu
12:29:34.576 [JavaFX Application Thread] DEBUG Input                - Clearing active input actions
12:29:34.577 [JavaFX Application Thread] DEBUG GameApplicationServi - Removing overlay from FXGLDefaultMenu and adding to FXGLMainMenuDummyScene
12:29:34.579 [JavaFX Application Thread] DEBUG PrimaryStageWindow   - FXGLMainMenuDummyScene <- FXGLDefaultMenu
12:29:34.579 [JavaFX Application Thread] DEBUG Input                - Clearing active input actions
12:29:34.587 [JavaFX Application Thread] DEBUG GameApplicationServi - Removing overlay from FXGLMainMenuDummyScene and adding to FXGLLoadingScene
12:29:34.588 [JavaFX Application Thread] DEBUG PrimaryStageWindow   - FXGLMainMenuDummyScene -> FXGLLoadingScene
12:29:34.588 [JavaFX Application Thread] DEBUG GameApplicationServi - Clearing previous game
12:29:34.588 [JavaFX Application Thread] DEBUG GameScene            - Clearing game scene
12:29:34.588 [JavaFX Application Thread] DEBUG GameWorld            - Clearing game world
12:29:34.588 [JavaFX Application Thread] DEBUG PhysicsWorld         - Clearing physics world
12:29:34.590 [FXGL Background Thread 2 ] DEBUG FXGLApplication      - Initializing game
12:29:34.629 [FXGL Background Thread 2 ] WARN  TMXLevelLoader       - TiledMap generated from 1.10.2. Supported version: 1.2.3. Some features may not be parsed fully.
12:29:34.635 [FXGL Background Thread 2 ] DEBUG TMXLevelLoader       - Parsed TiledMap: file:/C:/Users/User/zeldaPuzzle/target/classes/assets/levels/StartingMap.tmx
12:29:34.636 [FXGL Background Thread 2 ] DEBUG TMXLevelLoader       - Creating tile layer entities
12:29:34.637 [FXGL Background Thread 2 ] DEBUG TilesetLoader        - Loading view for layer Calque de Tuiles 1
12:29:34.640 [FXGL Background Thread 2 ] DEBUG TilesetLoader        - Created buffer with size 1920.0x1920.0
12:29:34.648 [FXGL Background Thread 2 ] DEBUG TilesetLoader        - Loading view for layer Calque de Tuiles 2
12:29:34.650 [FXGL Background Thread 2 ] DEBUG TilesetLoader        - Created buffer with size 1920.0x1920.0
12:29:34.655 [FXGL Background Thread 2 ] DEBUG TilesetLoader        - Loading view for layer Calque de Tuiles 3
12:29:34.662 [FXGL Background Thread 2 ] DEBUG TilesetLoader        - Created buffer with size 1920.0x1920.0
12:29:34.663 [FXGL Background Thread 2 ] DEBUG TMXLevelLoader       - Creating object layer entities
12:29:34.672 [FXGL Background Thread 2 ] DEBUG GameWorld            - Clearing removable entities
12:29:34.674 [FXGL Background Thread 2 ] DEBUG GameWorld            - Setting level: com.almasb.fxgl.entity.level.Level@35ba1c02
12:29:34.681 [FXGL Background Thread 2 ] WARN  GameWorld            - Entity is already attached to world
12:29:34.795 [FXGL Background Thread 2 ] WARN  GameWorld            - Entity is already attached to world
12:29:34.796 [FXGL Background Thread 2 ] INFO  FXGLApplication      - Game initialization took: 0.206 sec
12:29:34.796 [JavaFX Application Thread] DEBUG Input                - Clearing active input actions
12:29:34.799 [JavaFX Application Thread] DEBUG GameApplicationServi - Removing overlay from FXGLLoadingScene and adding to GameScene
12:29:34.800 [JavaFX Application Thread] DEBUG PrimaryStageWindow   - FXGLLoadingScene -> GameScene
12:29:36.574 [FXGL Background Thread 3 ] DEBUG Engine               - Logging environment variables
12:29:36.574 [FXGL Background Thread 3 ] DEBUG Engine               - achievements: []
12:29:36.574 [FXGL Background Thread 3 ] DEBUG Engine               - actualHeight: 800.0
12:29:36.574 [FXGL Background Thread 3 ] DEBUG Engine               - actualHeightProperty: ReadOnlyDoubleProperty [value: 800.0]
12:29:36.574 [FXGL Background Thread 3 ] DEBUG Engine               - actualWidth: 800.0
12:29:36.574 [FXGL Background Thread 3 ] DEBUG Engine               - actualWidthProperty: ReadOnlyDoubleProperty [value: 800.0]
12:29:36.574 [FXGL Background Thread 3 ] DEBUG Engine               - appIcon: fxgl_icon.png
12:29:36.574 [FXGL Background Thread 3 ] DEBUG Engine               - applicationMode: DEVELOPER
12:29:36.574 [FXGL Background Thread 3 ] DEBUG Engine               - cSSList: [fxgl_dark.css]
12:29:36.574 [FXGL Background Thread 3 ] DEBUG Engine               - collisionDetectionStrategy: BRUTE_FORCE
12:29:36.574 [FXGL Background Thread 3 ] DEBUG Engine               - configClass: Optional.empty
12:29:36.574 [FXGL Background Thread 3 ] DEBUG Engine               - credits: []
12:29:36.575 [FXGL Background Thread 3 ] DEBUG Engine               - defaultCursor: CursorInfo(imageName=fxgl_default_cursor.png, hotspotX=7.0, hotspotY=6.0)
12:29:36.575 [FXGL Background Thread 3 ] DEBUG Engine               - devBBoxColorProperty: ObjectProperty [value: 0xff0000ff]
12:29:36.575 [FXGL Background Thread 3 ] DEBUG Engine               - devEnableDebugCameraProperty: BooleanProperty [value: false]
12:29:36.575 [FXGL Background Thread 3 ] DEBUG Engine               - devSensorColorProperty: ObjectProperty [value: 0xffff00ff]
12:29:36.575 [FXGL Background Thread 3 ] DEBUG Engine               - devShowBBoxProperty: BooleanProperty [value: false]
12:29:36.575 [FXGL Background Thread 3 ] DEBUG Engine               - devShowPositionProperty: BooleanProperty [value: false]
12:29:36.575 [FXGL Background Thread 3 ] DEBUG Engine               - enabledMenuItems: []
12:29:36.575 [FXGL Background Thread 3 ] DEBUG Engine               - engineServices: [class com.almasb.fxgl.app.services.FXGLAssetLoaderService, class com.almasb.fxgl.app.FXGLApplication$GameApplicationService, class com.almasb.fxgl.app.services.FXGLDialogService, class com.almasb.fxgl.app.services.IOTaskExecutorService, class com.almasb.fxgl.io.FileSystemService, class com.almasb.fxgl.localization.LocalizationService, class com.almasb.fxgl.app.services.SystemBundleService, class com.almasb.fxgl.profile.SaveLoadService, class com.almasb.fxgl.ui.FXGLUIFactoryServiceProvider, class com.almasb.fxgl.ui.FXGLDialogFactoryServiceProvider, class com.almasb.fxgl.audio.AudioPlayer, class com.almasb.fxgl.notification.impl.NotificationServiceProvider, class com.almasb.fxgl.achievement.AchievementService, class com.almasb.fxgl.cutscene.CutsceneService, class com.almasb.fxgl.minigames.MiniGameService, class com.almasb.fxgl.net.NetService, class com.almasb.fxgl.app.services.UpdaterService, class com.almasb.fxgl.dev.DevService]
12:29:36.575 [FXGL Background Thread 3 ] DEBUG Engine               - fontGame: Abel-Regular.ttf
12:29:36.575 [FXGL Background Thread 3 ] DEBUG Engine               - fontMono: TerminalLandMono-Regular.otf
12:29:36.575 [FXGL Background Thread 3 ] DEBUG Engine               - fontText: Courier-Prime.ttf
12:29:36.575 [FXGL Background Thread 3 ] DEBUG Engine               - fontUI: VarelaRound-Regular.ttf
12:29:36.575 [FXGL Background Thread 3 ] DEBUG Engine               - fullScreen: BooleanProperty [value: false]
12:29:36.575 [FXGL Background Thread 3 ] DEBUG Engine               - gameDifficulty: MEDIUM
12:29:36.575 [FXGL Background Thread 3 ] DEBUG Engine               - gameDifficultyProperty: ObjectProperty [value: MEDIUM]
12:29:36.575 [FXGL Background Thread 3 ] DEBUG Engine               - globalMusicVolume: 0.5
12:29:36.575 [FXGL Background Thread 3 ] DEBUG Engine               - globalMusicVolumeProperty: DoubleProperty [value: 0.5]
12:29:36.575 [FXGL Background Thread 3 ] DEBUG Engine               - globalSoundVolume: 0.5
12:29:36.575 [FXGL Background Thread 3 ] DEBUG Engine               - globalSoundVolumeProperty: DoubleProperty [value: 0.5]
12:29:36.575 [FXGL Background Thread 3 ] DEBUG Engine               - height: 800
12:29:36.576 [FXGL Background Thread 3 ] DEBUG Engine               - is3D: false
12:29:36.576 [FXGL Background Thread 3 ] DEBUG Engine               - isAndroid: false
12:29:36.576 [FXGL Background Thread 3 ] DEBUG Engine               - isBrowser: false
12:29:36.576 [FXGL Background Thread 3 ] DEBUG Engine               - isClickFeedbackEnabled: false
12:29:36.576 [FXGL Background Thread 3 ] DEBUG Engine               - isCloseConfirmation: false
12:29:36.576 [FXGL Background Thread 3 ] DEBUG Engine               - isDesktop: true
12:29:36.576 [FXGL Background Thread 3 ] DEBUG Engine               - isDeveloperMenuEnabled: true
12:29:36.576 [FXGL Background Thread 3 ] DEBUG Engine               - isEmbedded: false
12:29:36.576 [FXGL Background Thread 3 ] DEBUG Engine               - isEntityPreloadEnabled: true
12:29:36.576 [FXGL Background Thread 3 ] DEBUG Engine               - isExperimentalTiledLargeMap: false
12:29:36.576 [FXGL Background Thread 3 ] DEBUG Engine               - isFileSystemWriteAllowed: true
12:29:36.576 [FXGL Background Thread 3 ] DEBUG Engine               - isFullScreenAllowed: false
12:29:36.576 [FXGL Background Thread 3 ] DEBUG Engine               - isFullScreenFromStart: false
12:29:36.576 [FXGL Background Thread 3 ] DEBUG Engine               - isGameMenuEnabled: true
12:29:36.576 [FXGL Background Thread 3 ] DEBUG Engine               - isIOS: false
12:29:36.576 [FXGL Background Thread 3 ] DEBUG Engine               - isIntroEnabled: false
12:29:36.576 [FXGL Background Thread 3 ] DEBUG Engine               - isLinux: false
12:29:36.576 [FXGL Background Thread 3 ] DEBUG Engine               - isMac: false
12:29:36.576 [FXGL Background Thread 3 ] DEBUG Engine               - isMainMenuEnabled: true
12:29:36.576 [FXGL Background Thread 3 ] DEBUG Engine               - isManualResizeEnabled: false
12:29:36.576 [FXGL Background Thread 3 ] DEBUG Engine               - isMobile: false
12:29:36.576 [FXGL Background Thread 3 ] DEBUG Engine               - isNative: false
12:29:36.576 [FXGL Background Thread 3 ] DEBUG Engine               - isPauseMusicWhenMinimized: true
12:29:36.576 [FXGL Background Thread 3 ] DEBUG Engine               - isPreserveResizeRatio: false
12:29:36.576 [FXGL Background Thread 3 ] DEBUG Engine               - isProfilingEnabled: false
12:29:36.576 [FXGL Background Thread 3 ] DEBUG Engine               - isScaleAffectedOnResize: true
12:29:36.576 [FXGL Background Thread 3 ] DEBUG Engine               - isSingleStep: false
12:29:36.576 [FXGL Background Thread 3 ] DEBUG Engine               - isUserProfileEnabled: false
12:29:36.576 [FXGL Background Thread 3 ] DEBUG Engine               - isWindows: true
12:29:36.576 [FXGL Background Thread 3 ] DEBUG Engine               - language: ObjectProperty [value: ENGLISH]
12:29:36.576 [FXGL Background Thread 3 ] DEBUG Engine               - menuKey: ESCAPE
12:29:36.576 [FXGL Background Thread 3 ] DEBUG Engine               - mouseSensitivity: 0.2
12:29:36.576 [FXGL Background Thread 3 ] DEBUG Engine               - notificationViewClass: class com.almasb.fxgl.notification.view.XboxNotificationView
12:29:36.576 [FXGL Background Thread 3 ] DEBUG Engine               - pixelsPerMeter: 50.0
12:29:36.576 [FXGL Background Thread 3 ] DEBUG Engine               - platform: WINDOWS
12:29:36.576 [FXGL Background Thread 3 ] DEBUG Engine               - prefHeightProperty: ReadOnlyDoubleProperty [value: 800.0]
12:29:36.576 [FXGL Background Thread 3 ] DEBUG Engine               - prefWidthProperty: ReadOnlyDoubleProperty [value: 800.0]
12:29:36.576 [FXGL Background Thread 3 ] DEBUG Engine               - profileDir: profiles/
12:29:36.576 [FXGL Background Thread 3 ] DEBUG Engine               - profileName: StringProperty [value: DEFAULT]
12:29:36.576 [FXGL Background Thread 3 ] DEBUG Engine               - randomSeed: -1
12:29:36.576 [FXGL Background Thread 3 ] DEBUG Engine               - runtimeInfo: RuntimeInfo(platform=WINDOWS, version=17, build=31.12.2021 18.16)
12:29:36.576 [FXGL Background Thread 3 ] DEBUG Engine               - saveFileExt: sav
12:29:36.576 [FXGL Background Thread 3 ] DEBUG Engine               - scaledHeightProp$fxgl: DoubleProperty [bound, value: 800.0]
12:29:36.576 [FXGL Background Thread 3 ] DEBUG Engine               - scaledWidthProp$fxgl: DoubleProperty [bound, value: 800.0]
12:29:36.576 [FXGL Background Thread 3 ] DEBUG Engine               - sceneFactory: com.almasb.fxgl.app.scene.SceneFactory@6cb06768
12:29:36.576 [FXGL Background Thread 3 ] DEBUG Engine               - secondsIn24h: 60
12:29:36.577 [FXGL Background Thread 3 ] DEBUG Engine               - soundMenuBack: menu/back.wav
12:29:36.577 [FXGL Background Thread 3 ] DEBUG Engine               - soundMenuPress: menu/press.wav
12:29:36.577 [FXGL Background Thread 3 ] DEBUG Engine               - soundMenuSelect: menu/select.wav
12:29:36.577 [FXGL Background Thread 3 ] DEBUG Engine               - soundNotification: core/notification.wav
12:29:36.577 [FXGL Background Thread 3 ] DEBUG Engine               - stageStyle: DECORATED
12:29:36.577 [FXGL Background Thread 3 ] DEBUG Engine               - supportedLanguages: [ENGLISH, FRENCH, GERMAN, HUNGARIAN, RUSSIAN]
12:29:36.577 [FXGL Background Thread 3 ] DEBUG Engine               - ticksPerSecond: -1
12:29:36.577 [FXGL Background Thread 3 ] DEBUG Engine               - title: Zelda 2D Game
12:29:36.577 [FXGL Background Thread 3 ] DEBUG Engine               - urlGithub: https://github.com/AlmasB/FXGL
12:29:36.577 [FXGL Background Thread 3 ] DEBUG Engine               - urlLeaderboard: http://fxgl-top.herokuapp.com/
12:29:36.577 [FXGL Background Thread 3 ] DEBUG Engine               - urlPOM: https://raw.githubusercontent.com/AlmasB/FXGL/release/README.md
12:29:36.577 [FXGL Background Thread 3 ] DEBUG Engine               - userAppClass: class com.example.zeldapuzzle.MainGameApp
12:29:36.577 [FXGL Background Thread 3 ] DEBUG Engine               - version: 1
12:29:36.577 [FXGL Background Thread 3 ] DEBUG Engine               - versionCheckDays: 7
12:29:36.577 [FXGL Background Thread 3 ] DEBUG Engine               - width: 800
12:29:36.577 [FXGL Background Thread 3 ] DEBUG Engine               - Logging services
12:29:36.577 [FXGL Background Thread 3 ] DEBUG Engine               - class com.almasb.fxgl.app.services.FXGLAssetLoaderService
12:29:36.577 [FXGL Background Thread 3 ] DEBUG Engine               - class com.almasb.fxgl.app.FXGLApplication$GameApplicationService
12:29:36.577 [FXGL Background Thread 3 ] DEBUG Engine               - class com.almasb.fxgl.app.services.FXGLDialogService
12:29:36.577 [FXGL Background Thread 3 ] DEBUG Engine               - class com.almasb.fxgl.app.services.IOTaskExecutorService
12:29:36.577 [FXGL Background Thread 3 ] DEBUG Engine               - class com.almasb.fxgl.io.FileSystemService
12:29:36.577 [FXGL Background Thread 3 ] DEBUG Engine               - class com.almasb.fxgl.localization.LocalizationService
12:29:36.577 [FXGL Background Thread 3 ] DEBUG Engine               - class com.almasb.fxgl.app.services.SystemBundleService
12:29:36.577 [FXGL Background Thread 3 ] DEBUG Engine               - class com.almasb.fxgl.profile.SaveLoadService
12:29:36.577 [FXGL Background Thread 3 ] DEBUG Engine               - class com.almasb.fxgl.ui.FXGLUIFactoryServiceProvider
12:29:36.577 [FXGL Background Thread 3 ] DEBUG Engine               - class com.almasb.fxgl.ui.FXGLDialogFactoryServiceProvider
12:29:36.577 [FXGL Background Thread 3 ] DEBUG Engine               - class com.almasb.fxgl.audio.AudioPlayer
12:29:36.577 [FXGL Background Thread 3 ] DEBUG Engine               - class com.almasb.fxgl.notification.impl.NotificationServiceProvider
12:29:36.577 [FXGL Background Thread 3 ] DEBUG Engine               - class com.almasb.fxgl.achievement.AchievementService
12:29:36.577 [FXGL Background Thread 3 ] DEBUG Engine               - class com.almasb.fxgl.cutscene.CutsceneService
12:29:36.577 [FXGL Background Thread 3 ] DEBUG Engine               - class com.almasb.fxgl.minigames.MiniGameService
12:29:36.577 [FXGL Background Thread 3 ] DEBUG Engine               - class com.almasb.fxgl.net.NetService
12:29:36.577 [FXGL Background Thread 3 ] DEBUG Engine               - class com.almasb.fxgl.app.services.UpdaterService
12:29:36.577 [FXGL Background Thread 3 ] DEBUG Engine               - class com.almasb.fxgl.dev.DevService
12:29:41.968 [JavaFX Application Thread] DEBUG PrimaryStageWindow   - Push state: FXGLDefaultMenu
12:29:41.968 [JavaFX Application Thread] DEBUG Input                - Clearing active input actions
12:29:41.969 [JavaFX Application Thread] DEBUG GameApplicationServi - Removing overlay from GameScene and adding to FXGLDefaultMenu
12:29:41.969 [JavaFX Application Thread] DEBUG PrimaryStageWindow   - GameScene -> FXGLDefaultMenu
12:29:42.879 [JavaFX Application Thread] DEBUG PrimaryStageWindow   - Pop state: FXGLDefaultMenu
12:29:42.879 [JavaFX Application Thread] DEBUG Input                - Clearing active input actions
12:29:42.879 [JavaFX Application Thread] DEBUG GameApplicationServi - Removing overlay from FXGLDefaultMenu and adding to GameScene
12:29:42.880 [JavaFX Application Thread] DEBUG PrimaryStageWindow   - GameScene <- FXGLDefaultMenu
12:29:56.604 [JavaFX Application Thread] DEBUG FXGLApplication      - Exiting FXGL
12:29:56.605 [JavaFX Application Thread] DEBUG LoopRunner           - Stopping loop
12:29:56.605 [JavaFX Application Thread] DEBUG SystemBundleService  - Saving FXGL system data
12:29:56.606 [JavaFX Application Thread] DEBUG FileSystemAccess     - Writing to: C:\Users\User\zeldaPuzzle\system\fxgl.bundle
12:29:56.607 [JavaFX Application Thread] DEBUG Async                - Shutting down background threads
12:29:56.608 [JavaFX Application Thread] DEBUG PrimaryStageWindow   - Closing main window
12:29:56.615 [JavaFX Application Thread] DEBUG Logger               - Closing Logger
