21:10:40.100 [main                     ] DEBUG Logger               - Configured Logger
21:10:40.112 [main                     ] DEBUG GameApplication      - Logging settings
Title: Zelda 2D Game par ماستن
Version: 1
Width: 800
Height: 800
Fullscreen: true
Intro: false
Profiling: false
Single step:false
App Mode: DEVELOPER
Menu Key: ESCAPE
Stage Style: DECORATED
Scene Factory: class com.almasb.fxgl.app.scene.SceneFactory

21:10:40.164 [JavaFX Application Thread] DEBUG FXGLApplication      - Initializing FXGL
21:10:40.167 [JavaFX Application Thread] INFO  Engine               - FXGL-17 (31.12.2021 18.16) on WINDOWS (J:21.0.2 FX:19)
21:10:40.168 [JavaFX Application Thread] DEBUG Engine               - JRE Vendor Name: Oracle Corporation
21:10:40.168 [JavaFX Application Thread] DEBUG Engine               - Running on OS: Windows 11 version 10.0
21:10:40.168 [JavaFX Application Thread] DEBUG Engine               - Architecture: amd64
21:10:40.168 [JavaFX Application Thread] INFO  Engine               - Source code and latest versions at: https://github.com/AlmasB/FXGL
21:10:40.168 [JavaFX Application Thread] INFO  Engine               -       Ask questions and discuss at: https://github.com/AlmasB/FXGL/discussions
21:10:40.169 [JavaFX Application Thread] INFO  Engine               -              Join the FXGL chat at: https://gitter.im/AlmasB/FXGL
21:10:40.211 [JavaFX Application Thread] DEBUG PrimaryStageWindow   - Creating a JavaFX scene
21:10:40.241 [JavaFX Application Thread] DEBUG PrimaryStageWindow   - Target settings size: 800.0 x 800.0
21:10:40.242 [JavaFX Application Thread] DEBUG PrimaryStageWindow   - Scaled scene size:    800.0 x 800.0
21:10:40.242 [JavaFX Application Thread] DEBUG PrimaryStageWindow   - Scaled ratio: (1.0, 1.0)
21:10:40.243 [JavaFX Application Thread] DEBUG PrimaryStageWindow   - Set initial scene to FXGLStartupScene
21:10:40.246 [JavaFX Application Thread] DEBUG PrimaryStageWindow   - Opening main window
21:10:40.302 [JavaFX Application Thread] DEBUG PrimaryStageWindow   - Window border size: (16.0, 39.0)
21:10:40.302 [JavaFX Application Thread] DEBUG PrimaryStageWindow   - Scaled size: 800.0 x 800.0
21:10:40.302 [JavaFX Application Thread] DEBUG PrimaryStageWindow   - Scaled ratio: (1.0, 1.0)
21:10:40.303 [JavaFX Application Thread] DEBUG PrimaryStageWindow   - Scene size: 800.0 x 800.0
21:10:40.303 [JavaFX Application Thread] DEBUG PrimaryStageWindow   - Stage size: 816.0 x 839.0
21:10:40.309 [FXGL Background Thread 1 ] DEBUG Engine               - Initializing environment variables
21:10:40.346 [FXGL Background Thread 1 ] DEBUG FXGLAssetLoaderServi - User app class for loading assets: class com.example.zeldapuzzle.MainGameApp
21:10:40.346 [FXGL Background Thread 1 ] DEBUG GameApplicationServi - Applying CSS: fxgl_dark.css
21:10:40.347 [FXGL Background Thread 1 ] DEBUG FXGLAssetLoaderServi - Loading from file system: jar:file:///C:/Users/User/.m2/repository/com/github/almasb/fxgl/17/fxgl-17.jar!/fxglassets/ui/css/fxgl_dark.css
21:10:40.376 [FXGL Background Thread 1 ] DEBUG GameApplicationServi - Initializing application scenes
21:10:40.411 [FXGL Background Thread 1 ] DEBUG GameWorld            - Game world initialized
21:10:40.446 [FXGL Background Thread 1 ] DEBUG PhysicsWorld         - Physics world initialized: appHeight=800, physics.ppm=50.0
21:10:40.447 [FXGL Background Thread 1 ] DEBUG PhysicsWorld         - Using strategy: BRUTE_FORCE
21:10:40.450 [FXGL Background Thread 1 ] DEBUG GameScene            - Game scene initialized: 800x800
21:10:40.456 [FXGL Background Thread 1 ] DEBUG FXGL.DefaultMenu     - createMenuBodyMainMenu()
21:10:40.464 [FXGL Background Thread 1 ] DEBUG FXGL.DefaultMenu     - createOptionsMenu()
21:10:40.470 [FXGL Background Thread 1 ] DEBUG FXGLAssetLoaderServi - Loading from file system: jar:file:///C:/Users/User/.m2/repository/com/github/almasb/fxgl/17/fxgl-17.jar!/fxglassets/textures/particles/smoke.png
21:10:40.513 [FXGL Background Thread 1 ] DEBUG FXGLAssetLoaderServi - Loading from file system: jar:file:///C:/Users/User/.m2/repository/com/github/almasb/fxgl/17/fxgl-17.jar!/fxglassets/textures/particles/trace_horizontal.png
21:10:40.522 [FXGL Background Thread 1 ] DEBUG FXGL.DefaultMenu     - createMenuBodyGameMenu()
21:10:40.522 [FXGL Background Thread 1 ] DEBUG FXGL.DefaultMenu     - createOptionsMenu()
21:10:40.529 [FXGL Background Thread 1 ] DEBUG GameApplicationServi - Application scenes initialized
21:10:40.537 [FXGL Background Thread 1 ] DEBUG SystemBundleService  - Loading FXGL system data
21:10:40.541 [FXGL Background Thread 1 ] DEBUG FileSystemAccess     - Reading from: C:\Users\User\zeldaPuzzle\system\fxgl.bundle
21:10:40.547 [FXGL Background Thread 1 ] DEBUG SystemBundleService  - Bundle FXGL: {}
21:10:40.547 [FXGL Background Thread 1 ] DEBUG UpdaterService       - Checking for updates
21:10:40.566 [FXGL Background Thread 4 ] DEBUG FXGLApplication      - Loading fonts
21:10:40.566 [FXGL Background Thread 1 ] DEBUG FXGLApplication      - Loading default localization
21:10:40.568 [FXGL Background Thread 1 ] DEBUG FXGLAssetLoaderServi - Loading from file system: jar:file:///C:/Users/User/.m2/repository/com/github/almasb/fxgl/17/fxgl-17.jar!/fxglassets/languages/english.lang
21:10:40.568 [FXGL Background Thread 4 ] DEBUG FXGLAssetLoaderServi - Loading from file system: jar:file:///C:/Users/User/.m2/repository/com/github/almasb/fxgl/17/fxgl-17.jar!/fxglassets/ui/fonts/VarelaRound-Regular.ttf
21:10:40.588 [FXGL Background Thread 1 ] INFO  FXGLApplication      - FXGL initialization took: 0.278 sec
21:10:40.596 [JavaFX Application Thread] DEBUG Input                - Registered new binding: inventaire - Tab
21:10:40.596 [JavaFX Application Thread] DEBUG Input                - Registered new binding: getPosition - P
21:10:40.596 [JavaFX Application Thread] DEBUG Input                - Registered new binding: zoom+ - Up
21:10:40.596 [JavaFX Application Thread] DEBUG Input                - Registered new binding: zoom- - Down
21:10:40.597 [JavaFX Application Thread] DEBUG Input                - Registered new binding: resetZoom - 0
21:10:40.597 [JavaFX Application Thread] DEBUG Input                - Registered new binding: Move right - D
21:10:40.597 [JavaFX Application Thread] DEBUG Input                - Registered new binding: Move left - A
21:10:40.597 [JavaFX Application Thread] DEBUG Input                - Registered new binding: Move Up - W
21:10:40.597 [JavaFX Application Thread] DEBUG Input                - Registered new binding: Move Down - S
21:10:40.597 [JavaFX Application Thread] DEBUG FXGLAssetLoaderServi - Loading from file system: jar:file:///C:/Users/User/.m2/repository/com/github/almasb/fxgl/17/fxgl-17.jar!/fxglassets/textures/fxgl_icon.png
21:10:40.602 [FXGL Background Thread 4 ] DEBUG FXGLAssetLoaderServi - Loading from file system: jar:file:///C:/Users/User/.m2/repository/com/github/almasb/fxgl/17/fxgl-17.jar!/fxglassets/ui/fonts/Abel-Regular.ttf
21:10:40.608 [JavaFX Application Thread] DEBUG FXGLAssetLoaderServi - Loading from file system: jar:file:///C:/Users/User/.m2/repository/com/github/almasb/fxgl/17/fxgl-17.jar!/fxglassets/textures/fxgl_default_cursor.png
21:10:40.610 [JavaFX Application Thread] DEBUG Input                - Registered new binding: Screenshot - CTRL+8
21:10:40.610 [JavaFX Application Thread] DEBUG Input                - Registered new binding: Dev Options - 1
21:10:40.611 [JavaFX Application Thread] DEBUG Input                - Registered new binding: Dev Console - 2
21:10:40.611 [JavaFX Application Thread] DEBUG Input                - Registered new binding: System info dump - CTRL+9
21:10:40.611 [JavaFX Application Thread] DEBUG Input                - Registered new binding: Restart - CTRL+R
21:10:40.612 [JavaFX Application Thread] DEBUG Input                - Registered new binding: Toggle Debug Camera - CTRL+7
21:10:40.615 [JavaFX Application Thread] DEBUG LoopRunner           - Starting loop
21:10:40.616 [FXGL Background Thread 4 ] DEBUG FXGLAssetLoaderServi - Loading from file system: jar:file:///C:/Users/User/.m2/repository/com/github/almasb/fxgl/17/fxgl-17.jar!/fxglassets/ui/fonts/TerminalLandMono-Regular.otf
21:10:40.629 [JavaFX Application Thread] DEBUG LoopRunner           - Initializing JavaFX AnimationTimerLoop
21:10:40.632 [JavaFX Application Thread] DEBUG Input                - Clearing active input actions
21:10:40.641 [JavaFX Application Thread] DEBUG GameApplicationServi - Removing overlay from FXGLStartupScene and adding to FXGLMainMenuDummyScene
21:10:40.645 [JavaFX Application Thread] DEBUG PrimaryStageWindow   - FXGLStartupScene -> FXGLMainMenuDummyScene
21:10:40.645 [JavaFX Application Thread] DEBUG PrimaryStageWindow   - Push state: FXGLDefaultMenu
21:10:40.646 [FXGL Background Thread 4 ] DEBUG FXGLAssetLoaderServi - Loading from file system: jar:file:///C:/Users/User/.m2/repository/com/github/almasb/fxgl/17/fxgl-17.jar!/fxglassets/ui/fonts/Courier-Prime.ttf
21:10:40.650 [JavaFX Application Thread] DEBUG Input                - Clearing active input actions
21:10:40.659 [JavaFX Application Thread] DEBUG GameApplicationServi - Removing overlay from FXGLMainMenuDummyScene and adding to FXGLDefaultMenu
21:10:40.660 [JavaFX Application Thread] DEBUG PrimaryStageWindow   - FXGLMainMenuDummyScene -> FXGLDefaultMenu
21:10:40.813 [JavaFX Application Thread] DEBUG FXGLApplication      - Registering font factories with UI factory
21:10:40.974 [FXGL Background Thread 2 ] INFO  UpdaterService       - Your current version:  17
21:10:40.975 [FXGL Background Thread 2 ] INFO  UpdaterService       - Latest stable version: 21.1
21:10:41.450 [JavaFX Application Thread] DEBUG Menu                 - fireNewGame()
21:10:41.450 [JavaFX Application Thread] DEBUG GameApplicationServi - Starting new game
21:10:41.451 [JavaFX Application Thread] DEBUG PrimaryStageWindow   - Pop state: FXGLDefaultMenu
21:10:41.451 [JavaFX Application Thread] DEBUG Input                - Clearing active input actions
21:10:41.452 [JavaFX Application Thread] DEBUG GameApplicationServi - Removing overlay from FXGLDefaultMenu and adding to FXGLMainMenuDummyScene
21:10:41.454 [JavaFX Application Thread] DEBUG PrimaryStageWindow   - FXGLMainMenuDummyScene <- FXGLDefaultMenu
21:10:41.454 [JavaFX Application Thread] DEBUG Input                - Clearing active input actions
21:10:41.460 [JavaFX Application Thread] DEBUG GameApplicationServi - Removing overlay from FXGLMainMenuDummyScene and adding to FXGLLoadingScene
21:10:41.461 [JavaFX Application Thread] DEBUG PrimaryStageWindow   - FXGLMainMenuDummyScene -> FXGLLoadingScene
21:10:41.461 [JavaFX Application Thread] DEBUG GameApplicationServi - Clearing previous game
21:10:41.461 [JavaFX Application Thread] DEBUG GameScene            - Clearing game scene
21:10:41.461 [JavaFX Application Thread] DEBUG GameWorld            - Clearing game world
21:10:41.461 [JavaFX Application Thread] DEBUG PhysicsWorld         - Clearing physics world
21:10:41.464 [FXGL Background Thread 2 ] DEBUG FXGLApplication      - Initializing game
21:10:41.499 [JavaFX Application Thread] DEBUG LoopRunner           - Stopping loop
21:10:41.501 [JavaFX Application Thread] FATAL FXGLApplication      - Uncaught Exception:
java.lang.RuntimeException: Initialization failed
	at com.almasb.fxgl.all@17/com.almasb.fxgl.app.FXGLApplication$InitAppTask.failed(FXGLApplication.kt:343)
	at javafx.graphics@19/javafx.concurrent.Task.setState(Task.java:710)
	at javafx.graphics@19/javafx.concurrent.Task$TaskCallable.lambda$call$2(Task.java:1456)
	at javafx.graphics@19/com.sun.javafx.application.PlatformImpl.lambda$runLater$10(PlatformImpl.java:457)
	at java.base/java.security.AccessController.doPrivileged(AccessController.java:400)
	at javafx.graphics@19/com.sun.javafx.application.PlatformImpl.lambda$runLater$11(PlatformImpl.java:456)
	at javafx.graphics@19/com.sun.glass.ui.InvokeLaterDispatcher$Future.run(InvokeLaterDispatcher.java:96)
	at javafx.graphics@19/com.sun.glass.ui.win.WinApplication._runLoop(Native Method)
	at javafx.graphics@19/com.sun.glass.ui.win.WinApplication.lambda$runLoop$3(WinApplication.java:184)
	at java.base/java.lang.Thread.run(Thread.java:1583)
Caused by: java.lang.IllegalArgumentException: Duplicated @Spawns(cible) in com.example.zeldapuzzle.GameEntityFactory@1b744a5. Already exists in com.example.zeldapuzzle.GameEntityFactory@1b744a5=[cible, background, stationTire, boite, smallTree, dungeonEntry, Tree, pomme, player, mobPassive, plateform, arrow, statue, arrowMove, triangle, dungeon, banane]
	at com.almasb.fxgl.entity@17/com.almasb.fxgl.entity.GameWorld.checkDuplicateSpawners(GameWorld.kt:341)
	at com.almasb.fxgl.entity@17/com.almasb.fxgl.entity.GameWorld.addEntityFactory$lambda-9(GameWorld.kt:314)
	at java.base/java.util.HashMap.forEach(HashMap.java:1429)
	at com.almasb.fxgl.entity@17/com.almasb.fxgl.entity.GameWorld.addEntityFactory(GameWorld.kt:310)
	at com.example.zeldapuzzle/com.example.zeldapuzzle.MainGameApp.initGame(MainGameApp.java:242)
	at com.almasb.fxgl.all@17/com.almasb.fxgl.app.FXGLApplication$InitAppTask.initGame(FXGLApplication.kt:339)
	at com.almasb.fxgl.all@17/com.almasb.fxgl.app.FXGLApplication$InitAppTask.call(FXGLApplication.kt:319)
	at com.almasb.fxgl.all@17/com.almasb.fxgl.app.FXGLApplication$InitAppTask.call(FXGLApplication.kt:311)
	at javafx.graphics@19/javafx.concurrent.Task$TaskCallable.call(Task.java:1426)
	at java.base/java.util.concurrent.FutureTask.run(FutureTask.java:317)
	at java.base/java.util.concurrent.Executors$RunnableAdapter.call(Executors.java:572)
	at java.base/java.util.concurrent.FutureTask.run(FutureTask.java:317)
	at java.base/java.util.concurrent.ThreadPoolExecutor.runWorker(ThreadPoolExecutor.java:1144)
	at java.base/java.util.concurrent.ThreadPoolExecutor$Worker.run(ThreadPoolExecutor.java:642)
	... 1 more

21:10:41.501 [JavaFX Application Thread] FATAL FXGLApplication      - Application will now exit
21:10:41.506 [JavaFX Application Thread] DEBUG PrimaryStageWindow   - Push state: ErrorSubScene
21:10:41.506 [JavaFX Application Thread] DEBUG Input                - Clearing active input actions
21:10:41.507 [JavaFX Application Thread] DEBUG GameApplicationServi - Removing overlay from FXGLLoadingScene and adding to ErrorSubScene
21:10:41.508 [JavaFX Application Thread] DEBUG PrimaryStageWindow   - FXGLLoadingScene -> ErrorSubScene
21:10:43.380 [JavaFX Application Thread] DEBUG FXGLApplication      - Exiting FXGL
21:10:43.380 [JavaFX Application Thread] DEBUG Async                - Shutting down background threads
21:10:43.380 [JavaFX Application Thread] DEBUG PrimaryStageWindow   - Closing main window
21:10:43.387 [JavaFX Application Thread] DEBUG Logger               - Closing Logger
