00:45:37.169 [main                     ] DEBUG Logger               - Configured Logger
00:45:37.184 [main                     ] DEBUG GameApplication      - Logging settings
Title: Zelda 2D Game
Version: 1
Width: 800
Height: 800
Fullscreen: true
Intro: false
Profiling: false
Single step:false
App Mode: DEVELOPER
Menu Key: ESCAPE
Stage Style: DECORATED
Scene Factory: class com.almasb.fxgl.app.scene.SceneFactory

00:45:37.316 [JavaFX Application Thread] DEBUG FXGLApplication      - Initializing FXGL
00:45:37.321 [JavaFX Application Thread] INFO  Engine               - FXGL-17 (31.12.2021 18.16) on WINDOWS (J:21.0.2 FX:19)
00:45:37.321 [JavaFX Application Thread] DEBUG Engine               - JRE Vendor Name: Oracle Corporation
00:45:37.321 [JavaFX Application Thread] DEBUG Engine               - Running on OS: Windows 10 version 10.0
00:45:37.322 [JavaFX Application Thread] DEBUG Engine               - Architecture: amd64
00:45:37.322 [JavaFX Application Thread] INFO  Engine               - Source code and latest versions at: https://github.com/AlmasB/FXGL
00:45:37.322 [JavaFX Application Thread] INFO  Engine               -       Ask questions and discuss at: https://github.com/AlmasB/FXGL/discussions
00:45:37.322 [JavaFX Application Thread] INFO  Engine               -              Join the FXGL chat at: https://gitter.im/AlmasB/FXGL
00:45:37.395 [JavaFX Application Thread] DEBUG PrimaryStageWindow   - Creating a JavaFX scene
00:45:37.441 [JavaFX Application Thread] DEBUG PrimaryStageWindow   - Target settings size: 800.0 x 800.0
00:45:37.442 [JavaFX Application Thread] DEBUG PrimaryStageWindow   - Scaled scene size:    800.0 x 800.0
00:45:37.442 [JavaFX Application Thread] DEBUG PrimaryStageWindow   - Scaled ratio: (1.0, 1.0)
00:45:37.443 [JavaFX Application Thread] DEBUG PrimaryStageWindow   - Set initial scene to FXGLStartupScene
00:45:37.447 [JavaFX Application Thread] DEBUG PrimaryStageWindow   - Opening main window
00:45:37.530 [JavaFX Application Thread] DEBUG PrimaryStageWindow   - Window border size: (16.0, 39.0)
00:45:37.530 [JavaFX Application Thread] DEBUG PrimaryStageWindow   - Scaled size: 800.0 x 800.0
00:45:37.530 [JavaFX Application Thread] DEBUG PrimaryStageWindow   - Scaled ratio: (1.0, 1.0)
00:45:37.531 [JavaFX Application Thread] DEBUG PrimaryStageWindow   - Scene size: 800.0 x 800.0
00:45:37.531 [JavaFX Application Thread] DEBUG PrimaryStageWindow   - Stage size: 816.0 x 839.0
00:45:37.539 [FXGL Background Thread 1 ] DEBUG Engine               - Initializing environment variables
00:45:37.588 [FXGL Background Thread 1 ] DEBUG FXGLAssetLoaderServi - User app class for loading assets: class com.example.zeldapuzzle.MainGameApp
00:45:37.588 [FXGL Background Thread 1 ] DEBUG GameApplicationServi - Applying CSS: fxgl_dark.css
00:45:37.589 [FXGL Background Thread 1 ] DEBUG FXGLAssetLoaderServi - Loading from file system: jar:file:///C:/Users/mbour/.m2/repository/com/github/almasb/fxgl/17/fxgl-17.jar!/fxglassets/ui/css/fxgl_dark.css
00:45:37.634 [FXGL Background Thread 1 ] DEBUG GameApplicationServi - Initializing application scenes
00:45:37.670 [FXGL Background Thread 1 ] DEBUG GameWorld            - Game world initialized
00:45:37.730 [FXGL Background Thread 1 ] DEBUG PhysicsWorld         - Physics world initialized: appHeight=800, physics.ppm=50,0
00:45:37.730 [FXGL Background Thread 1 ] DEBUG PhysicsWorld         - Using strategy: BRUTE_FORCE
00:45:37.736 [FXGL Background Thread 1 ] DEBUG GameScene            - Game scene initialized: 800x800
00:45:37.749 [FXGL Background Thread 1 ] DEBUG FXGL.DefaultMenu     - createMenuBodyMainMenu()
00:45:37.764 [FXGL Background Thread 1 ] DEBUG FXGL.DefaultMenu     - createOptionsMenu()
00:45:37.773 [FXGL Background Thread 1 ] DEBUG FXGLAssetLoaderServi - Loading from file system: jar:file:///C:/Users/mbour/.m2/repository/com/github/almasb/fxgl/17/fxgl-17.jar!/fxglassets/textures/particles/smoke.png
00:45:37.843 [FXGL Background Thread 1 ] DEBUG FXGLAssetLoaderServi - Loading from file system: jar:file:///C:/Users/mbour/.m2/repository/com/github/almasb/fxgl/17/fxgl-17.jar!/fxglassets/textures/particles/trace_horizontal.png
00:45:37.861 [FXGL Background Thread 1 ] DEBUG FXGL.DefaultMenu     - createMenuBodyGameMenu()
00:45:37.863 [FXGL Background Thread 1 ] DEBUG FXGL.DefaultMenu     - createOptionsMenu()
00:45:37.877 [FXGL Background Thread 1 ] DEBUG GameApplicationServi - Application scenes initialized
00:45:37.888 [FXGL Background Thread 1 ] DEBUG SystemBundleService  - Loading FXGL system data
00:45:37.892 [FXGL Background Thread 1 ] DEBUG FileSystemAccess     - Reading from: C:\Users\mbour\OneDrive\Bureau\Zelda TOTK WINRAR\zeldaPuzzle\system\fxgl.bundle
00:45:37.901 [FXGL Background Thread 1 ] DEBUG SystemBundleService  - Bundle FXGL: {}
00:45:37.901 [FXGL Background Thread 1 ] DEBUG UpdaterService       - Checking for updates
00:45:37.926 [FXGL Background Thread 4 ] DEBUG FXGLApplication      - Loading fonts
00:45:37.926 [FXGL Background Thread 1 ] DEBUG FXGLApplication      - Loading default localization
00:45:37.926 [FXGL Background Thread 4 ] DEBUG FXGLAssetLoaderServi - Loading from file system: jar:file:///C:/Users/mbour/.m2/repository/com/github/almasb/fxgl/17/fxgl-17.jar!/fxglassets/ui/fonts/VarelaRound-Regular.ttf
00:45:37.927 [FXGL Background Thread 1 ] DEBUG FXGLAssetLoaderServi - Loading from file system: jar:file:///C:/Users/mbour/.m2/repository/com/github/almasb/fxgl/17/fxgl-17.jar!/fxglassets/languages/english.lang
00:45:37.948 [FXGL Background Thread 1 ] INFO  FXGLApplication      - FXGL initialization took: 0,408 sec
00:45:37.958 [JavaFX Application Thread] DEBUG Input                - Registered new binding: inventaire - Tab
00:45:37.958 [JavaFX Application Thread] DEBUG Input                - Registered new binding: getPosition - P
00:45:37.958 [JavaFX Application Thread] DEBUG Input                - Registered new binding: zoom+ - Up
00:45:37.959 [JavaFX Application Thread] DEBUG Input                - Registered new binding: zoom- - Down
00:45:37.959 [JavaFX Application Thread] DEBUG Input                - Registered new binding: resetZoom - 0
00:45:37.959 [JavaFX Application Thread] DEBUG Input                - Registered new binding: Move right - D
00:45:37.959 [JavaFX Application Thread] DEBUG Input                - Registered new binding: Move left - A
00:45:37.959 [JavaFX Application Thread] DEBUG Input                - Registered new binding: Move Up - W
00:45:37.960 [JavaFX Application Thread] DEBUG Input                - Registered new binding: Move Down - S
00:45:37.960 [JavaFX Application Thread] DEBUG Input                - Registered new binding: Jump - Space
00:45:37.960 [JavaFX Application Thread] DEBUG FXGLAssetLoaderServi - Loading from file system: jar:file:///C:/Users/mbour/.m2/repository/com/github/almasb/fxgl/17/fxgl-17.jar!/fxglassets/textures/fxgl_icon.png
00:45:37.960 [FXGL Background Thread 4 ] DEBUG FXGLAssetLoaderServi - Loading from file system: jar:file:///C:/Users/mbour/.m2/repository/com/github/almasb/fxgl/17/fxgl-17.jar!/fxglassets/ui/fonts/Abel-Regular.ttf
00:45:37.973 [FXGL Background Thread 4 ] DEBUG FXGLAssetLoaderServi - Loading from file system: jar:file:///C:/Users/mbour/.m2/repository/com/github/almasb/fxgl/17/fxgl-17.jar!/fxglassets/ui/fonts/TerminalLandMono-Regular.otf
00:45:37.973 [JavaFX Application Thread] DEBUG FXGLAssetLoaderServi - Loading from file system: jar:file:///C:/Users/mbour/.m2/repository/com/github/almasb/fxgl/17/fxgl-17.jar!/fxglassets/textures/fxgl_default_cursor.png
00:45:37.975 [JavaFX Application Thread] DEBUG Input                - Registered new binding: Screenshot - CTRL+8
00:45:37.975 [JavaFX Application Thread] DEBUG Input                - Registered new binding: Dev Options - 1
00:45:37.976 [JavaFX Application Thread] DEBUG Input                - Registered new binding: Dev Console - 2
00:45:37.976 [JavaFX Application Thread] DEBUG Input                - Registered new binding: System info dump - CTRL+9
00:45:37.977 [JavaFX Application Thread] DEBUG Input                - Registered new binding: Restart - CTRL+R
00:45:37.978 [JavaFX Application Thread] DEBUG Input                - Registered new binding: Toggle Debug Camera - CTRL+7
00:45:37.981 [JavaFX Application Thread] DEBUG LoopRunner           - Starting loop
00:45:37.984 [FXGL Background Thread 4 ] DEBUG FXGLAssetLoaderServi - Loading from file system: jar:file:///C:/Users/mbour/.m2/repository/com/github/almasb/fxgl/17/fxgl-17.jar!/fxglassets/ui/fonts/Courier-Prime.ttf
00:45:37.994 [JavaFX Application Thread] DEBUG LoopRunner           - Initializing JavaFX AnimationTimerLoop
00:45:37.997 [JavaFX Application Thread] DEBUG Input                - Clearing active input actions
00:45:38.006 [JavaFX Application Thread] DEBUG GameApplicationServi - Removing overlay from FXGLStartupScene and adding to FXGLMainMenuDummyScene
00:45:38.013 [JavaFX Application Thread] DEBUG PrimaryStageWindow   - FXGLStartupScene -> FXGLMainMenuDummyScene
00:45:38.013 [JavaFX Application Thread] DEBUG PrimaryStageWindow   - Push state: FXGLDefaultMenu
00:45:38.015 [JavaFX Application Thread] DEBUG Input                - Clearing active input actions
00:45:38.024 [JavaFX Application Thread] DEBUG GameApplicationServi - Removing overlay from FXGLMainMenuDummyScene and adding to FXGLDefaultMenu
00:45:38.025 [JavaFX Application Thread] DEBUG PrimaryStageWindow   - FXGLMainMenuDummyScene -> FXGLDefaultMenu
00:45:38.219 [JavaFX Application Thread] DEBUG FXGLApplication      - Registering font factories with UI factory
00:45:38.332 [FXGL Background Thread 2 ] INFO  UpdaterService       - Your current version:  17
00:45:38.332 [FXGL Background Thread 2 ] INFO  UpdaterService       - Latest stable version: 21.1
00:45:40.471 [JavaFX Application Thread] DEBUG Menu                 - fireNewGame()
00:45:40.471 [JavaFX Application Thread] DEBUG GameApplicationServi - Starting new game
00:45:40.473 [JavaFX Application Thread] DEBUG PrimaryStageWindow   - Pop state: FXGLDefaultMenu
00:45:40.473 [JavaFX Application Thread] DEBUG Input                - Clearing active input actions
00:45:40.474 [JavaFX Application Thread] DEBUG GameApplicationServi - Removing overlay from FXGLDefaultMenu and adding to FXGLMainMenuDummyScene
00:45:40.482 [JavaFX Application Thread] DEBUG PrimaryStageWindow   - FXGLMainMenuDummyScene <- FXGLDefaultMenu
00:45:40.482 [JavaFX Application Thread] DEBUG Input                - Clearing active input actions
00:45:40.491 [JavaFX Application Thread] DEBUG GameApplicationServi - Removing overlay from FXGLMainMenuDummyScene and adding to FXGLLoadingScene
00:45:40.492 [JavaFX Application Thread] DEBUG PrimaryStageWindow   - FXGLMainMenuDummyScene -> FXGLLoadingScene
00:45:40.492 [JavaFX Application Thread] DEBUG GameApplicationServi - Clearing previous game
00:45:40.492 [JavaFX Application Thread] DEBUG GameScene            - Clearing game scene
00:45:40.492 [JavaFX Application Thread] DEBUG GameWorld            - Clearing game world
00:45:40.492 [JavaFX Application Thread] DEBUG PhysicsWorld         - Clearing physics world
00:45:40.495 [FXGL Background Thread 2 ] DEBUG FXGLApplication      - Initializing game
00:45:40.557 [FXGL Background Thread 2 ] WARN  TMXLevelLoader       - TiledMap generated from 1.10.2. Supported version: 1.2.3. Some features may not be parsed fully.
00:45:40.620 [FXGL Background Thread 2 ] DEBUG TMXLevelLoader       - Parsed TiledMap: file:/C:/Users/mbour/OneDrive/Bureau/Zelda%20TOTK%20WINRAR/zeldaPuzzle/target/classes/assets/levels/mapFinal.tmx
00:45:40.621 [FXGL Background Thread 2 ] DEBUG TMXLevelLoader       - Creating tile layer entities
00:45:40.623 [FXGL Background Thread 2 ] DEBUG TilesetLoader        - Loading view for layer background
00:45:40.658 [FXGL Background Thread 2 ] DEBUG TilesetLoader        - Created buffer with size 4800.0x4800.0
00:45:40.833 [FXGL Background Thread 2 ] DEBUG TilesetLoader        - Loading view for layer devant
00:45:40.867 [FXGL Background Thread 2 ] DEBUG TilesetLoader        - Created buffer with size 4800.0x4800.0
00:45:40.900 [FXGL Background Thread 2 ] DEBUG TilesetLoader        - Loading view for layer devant1
00:45:40.925 [FXGL Background Thread 3 ] DEBUG Engine               - Logging environment variables
00:45:40.925 [FXGL Background Thread 3 ] DEBUG Engine               - achievements: []
00:45:40.925 [FXGL Background Thread 3 ] DEBUG Engine               - actualHeight: 800.0
00:45:40.926 [FXGL Background Thread 3 ] DEBUG Engine               - actualHeightProperty: ReadOnlyDoubleProperty [value: 800.0]
00:45:40.926 [FXGL Background Thread 3 ] DEBUG Engine               - actualWidth: 800.0
00:45:40.926 [FXGL Background Thread 3 ] DEBUG Engine               - actualWidthProperty: ReadOnlyDoubleProperty [value: 800.0]
00:45:40.926 [FXGL Background Thread 3 ] DEBUG Engine               - appIcon: fxgl_icon.png
00:45:40.926 [FXGL Background Thread 3 ] DEBUG Engine               - applicationMode: DEVELOPER
00:45:40.926 [FXGL Background Thread 3 ] DEBUG Engine               - cSSList: [fxgl_dark.css]
00:45:40.926 [FXGL Background Thread 3 ] DEBUG Engine               - collisionDetectionStrategy: BRUTE_FORCE
00:45:40.926 [FXGL Background Thread 3 ] DEBUG Engine               - configClass: Optional.empty
00:45:40.926 [FXGL Background Thread 3 ] DEBUG Engine               - credits: []
00:45:40.926 [FXGL Background Thread 3 ] DEBUG Engine               - defaultCursor: CursorInfo(imageName=fxgl_default_cursor.png, hotspotX=7.0, hotspotY=6.0)
00:45:40.926 [FXGL Background Thread 3 ] DEBUG Engine               - devBBoxColorProperty: ObjectProperty [value: 0xff0000ff]
00:45:40.927 [FXGL Background Thread 3 ] DEBUG Engine               - devEnableDebugCameraProperty: BooleanProperty [value: false]
00:45:40.927 [FXGL Background Thread 3 ] DEBUG Engine               - devSensorColorProperty: ObjectProperty [value: 0xffff00ff]
00:45:40.927 [FXGL Background Thread 3 ] DEBUG Engine               - devShowBBoxProperty: BooleanProperty [value: false]
00:45:40.927 [FXGL Background Thread 3 ] DEBUG Engine               - devShowPositionProperty: BooleanProperty [value: false]
00:45:40.927 [FXGL Background Thread 3 ] DEBUG Engine               - enabledMenuItems: []
00:45:40.927 [FXGL Background Thread 3 ] DEBUG Engine               - engineServices: [class com.almasb.fxgl.app.services.FXGLAssetLoaderService, class com.almasb.fxgl.app.FXGLApplication$GameApplicationService, class com.almasb.fxgl.app.services.FXGLDialogService, class com.almasb.fxgl.app.services.IOTaskExecutorService, class com.almasb.fxgl.io.FileSystemService, class com.almasb.fxgl.localization.LocalizationService, class com.almasb.fxgl.app.services.SystemBundleService, class com.almasb.fxgl.profile.SaveLoadService, class com.almasb.fxgl.ui.FXGLUIFactoryServiceProvider, class com.almasb.fxgl.ui.FXGLDialogFactoryServiceProvider, class com.almasb.fxgl.audio.AudioPlayer, class com.almasb.fxgl.notification.impl.NotificationServiceProvider, class com.almasb.fxgl.achievement.AchievementService, class com.almasb.fxgl.cutscene.CutsceneService, class com.almasb.fxgl.minigames.MiniGameService, class com.almasb.fxgl.net.NetService, class com.almasb.fxgl.app.services.UpdaterService, class com.almasb.fxgl.dev.DevService]
00:45:40.927 [FXGL Background Thread 3 ] DEBUG Engine               - fontGame: Abel-Regular.ttf
00:45:40.927 [FXGL Background Thread 3 ] DEBUG Engine               - fontMono: TerminalLandMono-Regular.otf
00:45:40.927 [FXGL Background Thread 3 ] DEBUG Engine               - fontText: Courier-Prime.ttf
00:45:40.927 [FXGL Background Thread 3 ] DEBUG Engine               - fontUI: VarelaRound-Regular.ttf
00:45:40.927 [FXGL Background Thread 3 ] DEBUG Engine               - fullScreen: BooleanProperty [value: false]
00:45:40.927 [FXGL Background Thread 3 ] DEBUG Engine               - gameDifficulty: MEDIUM
00:45:40.927 [FXGL Background Thread 3 ] DEBUG Engine               - gameDifficultyProperty: ObjectProperty [value: MEDIUM]
00:45:40.928 [FXGL Background Thread 3 ] DEBUG Engine               - globalMusicVolume: 0.5
00:45:40.928 [FXGL Background Thread 3 ] DEBUG Engine               - globalMusicVolumeProperty: DoubleProperty [value: 0.5]
00:45:40.928 [FXGL Background Thread 3 ] DEBUG Engine               - globalSoundVolume: 0.5
00:45:40.928 [FXGL Background Thread 3 ] DEBUG Engine               - globalSoundVolumeProperty: DoubleProperty [value: 0.5]
00:45:40.928 [FXGL Background Thread 3 ] DEBUG Engine               - height: 800
00:45:40.928 [FXGL Background Thread 3 ] DEBUG Engine               - is3D: false
00:45:40.928 [FXGL Background Thread 3 ] DEBUG Engine               - isAndroid: false
00:45:40.928 [FXGL Background Thread 3 ] DEBUG Engine               - isBrowser: false
00:45:40.928 [FXGL Background Thread 3 ] DEBUG Engine               - isClickFeedbackEnabled: false
00:45:40.928 [FXGL Background Thread 3 ] DEBUG Engine               - isCloseConfirmation: false
00:45:40.928 [FXGL Background Thread 3 ] DEBUG Engine               - isDesktop: true
00:45:40.928 [FXGL Background Thread 3 ] DEBUG Engine               - isDeveloperMenuEnabled: true
00:45:40.928 [FXGL Background Thread 3 ] DEBUG Engine               - isEmbedded: false
00:45:40.928 [FXGL Background Thread 3 ] DEBUG Engine               - isEntityPreloadEnabled: true
00:45:40.928 [FXGL Background Thread 3 ] DEBUG Engine               - isExperimentalTiledLargeMap: false
00:45:40.928 [FXGL Background Thread 3 ] DEBUG Engine               - isFileSystemWriteAllowed: true
00:45:40.928 [FXGL Background Thread 3 ] DEBUG Engine               - isFullScreenAllowed: true
00:45:40.929 [FXGL Background Thread 3 ] DEBUG Engine               - isFullScreenFromStart: false
00:45:40.929 [FXGL Background Thread 3 ] DEBUG Engine               - isGameMenuEnabled: true
00:45:40.929 [FXGL Background Thread 3 ] DEBUG Engine               - isIOS: false
00:45:40.929 [FXGL Background Thread 3 ] DEBUG Engine               - isIntroEnabled: false
00:45:40.929 [FXGL Background Thread 3 ] DEBUG Engine               - isLinux: false
00:45:40.929 [FXGL Background Thread 3 ] DEBUG Engine               - isMac: false
00:45:40.929 [FXGL Background Thread 3 ] DEBUG Engine               - isMainMenuEnabled: true
00:45:40.929 [FXGL Background Thread 3 ] DEBUG Engine               - isManualResizeEnabled: false
00:45:40.929 [FXGL Background Thread 3 ] DEBUG Engine               - isMobile: false
00:45:40.929 [FXGL Background Thread 3 ] DEBUG Engine               - isNative: false
00:45:40.929 [FXGL Background Thread 3 ] DEBUG Engine               - isPauseMusicWhenMinimized: true
00:45:40.929 [FXGL Background Thread 3 ] DEBUG Engine               - isPreserveResizeRatio: false
00:45:40.929 [FXGL Background Thread 3 ] DEBUG Engine               - isProfilingEnabled: false
00:45:40.929 [FXGL Background Thread 3 ] DEBUG Engine               - isScaleAffectedOnResize: true
00:45:40.929 [FXGL Background Thread 3 ] DEBUG Engine               - isSingleStep: false
00:45:40.929 [FXGL Background Thread 3 ] DEBUG Engine               - isUserProfileEnabled: false
00:45:40.929 [FXGL Background Thread 3 ] DEBUG Engine               - isWindows: true
00:45:40.929 [FXGL Background Thread 3 ] DEBUG Engine               - language: ObjectProperty [value: ENGLISH]
00:45:40.929 [FXGL Background Thread 3 ] DEBUG Engine               - menuKey: ESCAPE
00:45:40.929 [FXGL Background Thread 3 ] DEBUG Engine               - mouseSensitivity: 0.2
00:45:40.929 [FXGL Background Thread 3 ] DEBUG Engine               - notificationViewClass: class com.almasb.fxgl.notification.view.XboxNotificationView
00:45:40.929 [FXGL Background Thread 3 ] DEBUG Engine               - pixelsPerMeter: 50.0
00:45:40.929 [FXGL Background Thread 3 ] DEBUG Engine               - platform: WINDOWS
00:45:40.930 [FXGL Background Thread 3 ] DEBUG Engine               - prefHeightProperty: ReadOnlyDoubleProperty [value: 800.0]
00:45:40.930 [FXGL Background Thread 3 ] DEBUG Engine               - prefWidthProperty: ReadOnlyDoubleProperty [value: 800.0]
00:45:40.930 [FXGL Background Thread 3 ] DEBUG Engine               - profileDir: profiles/
00:45:40.930 [FXGL Background Thread 3 ] DEBUG Engine               - profileName: StringProperty [value: DEFAULT]
00:45:40.930 [FXGL Background Thread 3 ] DEBUG Engine               - randomSeed: -1
00:45:40.930 [FXGL Background Thread 3 ] DEBUG Engine               - runtimeInfo: RuntimeInfo(platform=WINDOWS, version=17, build=31.12.2021 18.16)
00:45:40.930 [FXGL Background Thread 3 ] DEBUG Engine               - saveFileExt: sav
00:45:40.930 [FXGL Background Thread 3 ] DEBUG Engine               - scaledHeightProp$fxgl: DoubleProperty [bound, value: 800.0]
00:45:40.930 [FXGL Background Thread 3 ] DEBUG Engine               - scaledWidthProp$fxgl: DoubleProperty [bound, value: 800.0]
00:45:40.930 [FXGL Background Thread 3 ] DEBUG Engine               - sceneFactory: com.almasb.fxgl.app.scene.SceneFactory@51a41f64
00:45:40.930 [FXGL Background Thread 3 ] DEBUG Engine               - secondsIn24h: 60
00:45:40.930 [FXGL Background Thread 3 ] DEBUG Engine               - soundMenuBack: menu/back.wav
00:45:40.930 [FXGL Background Thread 3 ] DEBUG Engine               - soundMenuPress: menu/press.wav
00:45:40.930 [FXGL Background Thread 3 ] DEBUG Engine               - soundMenuSelect: menu/select.wav
00:45:40.931 [FXGL Background Thread 3 ] DEBUG Engine               - soundNotification: core/notification.wav
00:45:40.931 [FXGL Background Thread 3 ] DEBUG Engine               - stageStyle: DECORATED
00:45:40.931 [FXGL Background Thread 3 ] DEBUG Engine               - supportedLanguages: [ENGLISH, FRENCH, GERMAN, HUNGARIAN, RUSSIAN]
00:45:40.931 [FXGL Background Thread 3 ] DEBUG Engine               - ticksPerSecond: -1
00:45:40.931 [FXGL Background Thread 3 ] DEBUG Engine               - title: Zelda 2D Game
00:45:40.931 [FXGL Background Thread 3 ] DEBUG Engine               - urlGithub: https://github.com/AlmasB/FXGL
00:45:40.931 [FXGL Background Thread 3 ] DEBUG Engine               - urlLeaderboard: http://fxgl-top.herokuapp.com/
00:45:40.931 [FXGL Background Thread 3 ] DEBUG Engine               - urlPOM: https://raw.githubusercontent.com/AlmasB/FXGL/release/README.md
00:45:40.931 [FXGL Background Thread 3 ] DEBUG Engine               - userAppClass: class com.example.zeldapuzzle.MainGameApp
00:45:40.931 [FXGL Background Thread 3 ] DEBUG Engine               - version: 1
00:45:40.931 [FXGL Background Thread 3 ] DEBUG Engine               - versionCheckDays: 7
00:45:40.931 [FXGL Background Thread 3 ] DEBUG Engine               - width: 800
00:45:40.931 [FXGL Background Thread 3 ] DEBUG Engine               - Logging services
00:45:40.931 [FXGL Background Thread 3 ] DEBUG Engine               - class com.almasb.fxgl.app.services.FXGLAssetLoaderService
00:45:40.931 [FXGL Background Thread 3 ] DEBUG Engine               - class com.almasb.fxgl.app.FXGLApplication$GameApplicationService
00:45:40.931 [FXGL Background Thread 3 ] DEBUG Engine               - class com.almasb.fxgl.app.services.FXGLDialogService
00:45:40.931 [FXGL Background Thread 3 ] DEBUG Engine               - class com.almasb.fxgl.app.services.IOTaskExecutorService
00:45:40.931 [FXGL Background Thread 3 ] DEBUG Engine               - class com.almasb.fxgl.io.FileSystemService
00:45:40.931 [FXGL Background Thread 3 ] DEBUG Engine               - class com.almasb.fxgl.localization.LocalizationService
00:45:40.931 [FXGL Background Thread 3 ] DEBUG Engine               - class com.almasb.fxgl.app.services.SystemBundleService
00:45:40.931 [FXGL Background Thread 3 ] DEBUG Engine               - class com.almasb.fxgl.profile.SaveLoadService
00:45:40.932 [FXGL Background Thread 3 ] DEBUG Engine               - class com.almasb.fxgl.ui.FXGLUIFactoryServiceProvider
00:45:40.932 [FXGL Background Thread 3 ] DEBUG Engine               - class com.almasb.fxgl.ui.FXGLDialogFactoryServiceProvider
00:45:40.932 [FXGL Background Thread 3 ] DEBUG Engine               - class com.almasb.fxgl.audio.AudioPlayer
00:45:40.932 [FXGL Background Thread 3 ] DEBUG Engine               - class com.almasb.fxgl.notification.impl.NotificationServiceProvider
00:45:40.932 [FXGL Background Thread 3 ] DEBUG Engine               - class com.almasb.fxgl.achievement.AchievementService
00:45:40.932 [FXGL Background Thread 3 ] DEBUG Engine               - class com.almasb.fxgl.cutscene.CutsceneService
00:45:40.932 [FXGL Background Thread 3 ] DEBUG Engine               - class com.almasb.fxgl.minigames.MiniGameService
00:45:40.932 [FXGL Background Thread 3 ] DEBUG Engine               - class com.almasb.fxgl.net.NetService
00:45:40.932 [FXGL Background Thread 3 ] DEBUG Engine               - class com.almasb.fxgl.app.services.UpdaterService
00:45:40.932 [FXGL Background Thread 3 ] DEBUG Engine               - class com.almasb.fxgl.dev.DevService
00:45:40.933 [FXGL Background Thread 2 ] DEBUG TilesetLoader        - Created buffer with size 4800.0x4800.0
00:45:40.947 [FXGL Background Thread 2 ] DEBUG TMXLevelLoader       - Creating object layer entities
00:45:40.991 [FXGL Background Thread 2 ] DEBUG GameWorld            - Clearing removable entities
00:45:40.992 [FXGL Background Thread 2 ] DEBUG GameWorld            - Setting level: com.almasb.fxgl.entity.level.Level@3ea50a22
00:45:41.008 [FXGL Background Thread 2 ] WARN  GameWorld            - Entity is already attached to world
00:45:41.010 [FXGL Background Thread 2 ] WARN  GameWorld            - Entity is already attached to world
00:45:41.016 [FXGL Background Thread 2 ] INFO  FXGLApplication      - Game initialization took: 0,521 sec
00:45:41.017 [JavaFX Application Thread] DEBUG Input                - Clearing active input actions
00:45:41.022 [JavaFX Application Thread] DEBUG GameApplicationServi - Removing overlay from FXGLLoadingScene and adding to GameScene
00:45:41.024 [JavaFX Application Thread] DEBUG PrimaryStageWindow   - FXGLLoadingScene -> GameScene
00:46:36.652 [JavaFX Application Thread] WARN  TMXLevelLoader       - TiledMap generated from 1.10.2. Supported version: 1.2.3. Some features may not be parsed fully.
00:46:36.655 [JavaFX Application Thread] DEBUG TMXLevelLoader       - Parsed TiledMap: file:/C:/Users/mbour/OneDrive/Bureau/Zelda%20TOTK%20WINRAR/zeldaPuzzle/target/classes/assets/levels/interieurMaisonPlayer1.tmx
00:46:36.656 [JavaFX Application Thread] DEBUG TMXLevelLoader       - Creating tile layer entities
00:46:36.656 [JavaFX Application Thread] DEBUG TilesetLoader        - Loading view for layer background
00:46:36.660 [JavaFX Application Thread] DEBUG TilesetLoader        - Created buffer with size 1440.0x960.0
00:46:36.663 [JavaFX Application Thread] DEBUG TilesetLoader        - Loading view for layer devant
00:46:36.664 [JavaFX Application Thread] DEBUG TilesetLoader        - Created buffer with size 1440.0x960.0
00:46:36.665 [JavaFX Application Thread] DEBUG TilesetLoader        - Loading view for layer devant1
00:46:36.666 [JavaFX Application Thread] DEBUG TilesetLoader        - Created buffer with size 1440.0x960.0
00:46:36.666 [JavaFX Application Thread] DEBUG TMXLevelLoader       - Creating object layer entities
00:46:36.677 [JavaFX Application Thread] DEBUG GameWorld            - Clearing removable entities
00:46:36.682 [JavaFX Application Thread] DEBUG GameWorld            - Setting level: com.almasb.fxgl.entity.level.Level@30572e27
00:46:36.689 [JavaFX Application Thread] WARN  GameWorld            - Entity is already attached to world
00:46:40.574 [JavaFX Application Thread] WARN  TMXLevelLoader       - TiledMap generated from 1.10.2. Supported version: 1.2.3. Some features may not be parsed fully.
00:46:40.588 [JavaFX Application Thread] DEBUG TMXLevelLoader       - Parsed TiledMap: file:/C:/Users/mbour/OneDrive/Bureau/Zelda%20TOTK%20WINRAR/zeldaPuzzle/target/classes/assets/levels/mapFinal.tmx
00:46:40.589 [JavaFX Application Thread] DEBUG TMXLevelLoader       - Creating tile layer entities
00:46:40.589 [JavaFX Application Thread] DEBUG TilesetLoader        - Loading view for layer background
00:46:40.593 [JavaFX Application Thread] DEBUG TilesetLoader        - Created buffer with size 4800.0x4800.0
00:46:40.686 [JavaFX Application Thread] DEBUG TilesetLoader        - Loading view for layer devant
00:46:40.721 [JavaFX Application Thread] DEBUG TilesetLoader        - Created buffer with size 4800.0x4800.0
00:46:40.744 [JavaFX Application Thread] DEBUG TilesetLoader        - Loading view for layer devant1
00:46:40.781 [JavaFX Application Thread] DEBUG TilesetLoader        - Created buffer with size 4800.0x4800.0
00:46:40.790 [JavaFX Application Thread] DEBUG TMXLevelLoader       - Creating object layer entities
00:46:40.805 [JavaFX Application Thread] DEBUG GameWorld            - Clearing removable entities
00:46:40.806 [JavaFX Application Thread] DEBUG GameWorld            - Setting level: com.almasb.fxgl.entity.level.Level@5696acb6
00:46:40.813 [JavaFX Application Thread] WARN  GameWorld            - Entity is already attached to world
00:46:40.815 [JavaFX Application Thread] WARN  GameWorld            - Entity is already attached to world
00:46:47.630 [JavaFX Application Thread] WARN  TMXLevelLoader       - TiledMap generated from 1.10.2. Supported version: 1.2.3. Some features may not be parsed fully.
00:46:47.642 [JavaFX Application Thread] DEBUG TMXLevelLoader       - Parsed TiledMap: file:/C:/Users/mbour/OneDrive/Bureau/Zelda%20TOTK%20WINRAR/zeldaPuzzle/target/classes/assets/levels/leDongeon.tmx
00:46:47.642 [JavaFX Application Thread] DEBUG TMXLevelLoader       - Creating tile layer entities
00:46:47.642 [JavaFX Application Thread] DEBUG TilesetLoader        - Loading view for layer BG1
00:46:47.643 [JavaFX Application Thread] DEBUG TilesetLoader        - Created buffer with size 2400.0x800.0
00:46:47.660 [JavaFX Application Thread] DEBUG TilesetLoader        - Loading view for layer BG2
00:46:47.660 [JavaFX Application Thread] DEBUG TilesetLoader        - Created buffer with size 2400.0x800.0
00:46:47.672 [JavaFX Application Thread] DEBUG TilesetLoader        - Loading view for layer BG3
00:46:47.673 [JavaFX Application Thread] DEBUG TilesetLoader        - Created buffer with size 2400.0x800.0
00:46:47.683 [JavaFX Application Thread] DEBUG TilesetLoader        - Loading view for layer BG4a
00:46:47.685 [JavaFX Application Thread] DEBUG TilesetLoader        - Created buffer with size 2400.0x800.0
00:46:47.696 [JavaFX Application Thread] DEBUG TilesetLoader        - Loading view for layer BG4b
00:46:47.698 [JavaFX Application Thread] DEBUG TilesetLoader        - Created buffer with size 2400.0x800.0
00:46:47.708 [JavaFX Application Thread] DEBUG TilesetLoader        - Loading view for layer MainBuild2
00:46:47.710 [JavaFX Application Thread] DEBUG TilesetLoader        - Created buffer with size 2400.0x800.0
00:46:47.734 [JavaFX Application Thread] WARN  TilesetLoader        - Diagonally flipped tiles are not currently supported
00:46:47.735 [JavaFX Application Thread] WARN  TilesetLoader        - Diagonally flipped tiles are not currently supported
00:46:47.735 [JavaFX Application Thread] WARN  TilesetLoader        - Diagonally flipped tiles are not currently supported
00:46:47.735 [JavaFX Application Thread] WARN  TilesetLoader        - Diagonally flipped tiles are not currently supported
00:46:47.735 [JavaFX Application Thread] WARN  TilesetLoader        - Diagonally flipped tiles are not currently supported
00:46:47.735 [JavaFX Application Thread] WARN  TilesetLoader        - Diagonally flipped tiles are not currently supported
00:46:47.736 [JavaFX Application Thread] WARN  TilesetLoader        - Diagonally flipped tiles are not currently supported
00:46:47.736 [JavaFX Application Thread] WARN  TilesetLoader        - Diagonally flipped tiles are not currently supported
00:46:47.736 [JavaFX Application Thread] WARN  TilesetLoader        - Diagonally flipped tiles are not currently supported
00:46:47.736 [JavaFX Application Thread] WARN  TilesetLoader        - Diagonally flipped tiles are not currently supported
00:46:47.736 [JavaFX Application Thread] WARN  TilesetLoader        - Diagonally flipped tiles are not currently supported
00:46:47.736 [JavaFX Application Thread] WARN  TilesetLoader        - Diagonally flipped tiles are not currently supported
00:46:47.736 [JavaFX Application Thread] WARN  TilesetLoader        - Diagonally flipped tiles are not currently supported
00:46:47.736 [JavaFX Application Thread] WARN  TilesetLoader        - Diagonally flipped tiles are not currently supported
00:46:47.737 [JavaFX Application Thread] WARN  TilesetLoader        - Diagonally flipped tiles are not currently supported
00:46:47.737 [JavaFX Application Thread] DEBUG TilesetLoader        - Loading view for layer MainBuild3
00:46:47.738 [JavaFX Application Thread] DEBUG TilesetLoader        - Created buffer with size 2400.0x800.0
00:46:47.739 [JavaFX Application Thread] DEBUG TilesetLoader        - Loading view for layer MainBuild
00:46:47.740 [JavaFX Application Thread] DEBUG TilesetLoader        - Created buffer with size 2400.0x800.0
00:46:47.744 [JavaFX Application Thread] DEBUG TMXLevelLoader       - Creating object layer entities
00:46:47.752 [JavaFX Application Thread] DEBUG GameWorld            - Clearing removable entities
00:46:47.756 [JavaFX Application Thread] DEBUG GameWorld            - Setting level: com.almasb.fxgl.entity.level.Level@538a3fb4
00:46:47.765 [JavaFX Application Thread] WARN  GameWorld            - Entity is already attached to world
00:47:12.842 [JavaFX Application Thread] DEBUG FXGLApplication      - Exiting FXGL
00:47:12.842 [JavaFX Application Thread] DEBUG LoopRunner           - Stopping loop
00:47:12.842 [JavaFX Application Thread] DEBUG SystemBundleService  - Saving FXGL system data
00:47:12.844 [JavaFX Application Thread] DEBUG FileSystemAccess     - Writing to: C:\Users\mbour\OneDrive\Bureau\Zelda TOTK WINRAR\zeldaPuzzle\system\fxgl.bundle
00:47:12.846 [JavaFX Application Thread] DEBUG Async                - Shutting down background threads
00:47:12.846 [JavaFX Application Thread] DEBUG PrimaryStageWindow   - Closing main window
00:47:12.861 [JavaFX Application Thread] DEBUG Logger               - Closing Logger
