15:08:34.863 [main                     ] DEBUG Logger               - Configured Logger
15:08:34.879 [main                     ] DEBUG GameApplication      - Logging settings
Title: Zelda 2D Game par ماستن
Version: 1
Width: 800
Height: 800
Fullscreen: true
Intro: false
Profiling: false
Single step:false
App Mode: DEVELOPER
Menu Key: ESCAPE
Stage Style: DECORATED
Scene Factory: class com.almasb.fxgl.app.scene.SceneFactory

15:08:35.017 [JavaFX Application Thread] DEBUG FXGLApplication      - Initializing FXGL
15:08:35.021 [JavaFX Application Thread] INFO  Engine               - FXGL-17 (31.12.2021 18.16) on WINDOWS (J:21.0.2 FX:19)
15:08:35.021 [JavaFX Application Thread] DEBUG Engine               - JRE Vendor Name: Oracle Corporation
15:08:35.021 [JavaFX Application Thread] DEBUG Engine               - Running on OS: Windows 10 version 10.0
15:08:35.021 [JavaFX Application Thread] DEBUG Engine               - Architecture: amd64
15:08:35.021 [JavaFX Application Thread] INFO  Engine               - Source code and latest versions at: https://github.com/AlmasB/FXGL
15:08:35.022 [JavaFX Application Thread] INFO  Engine               -       Ask questions and discuss at: https://github.com/AlmasB/FXGL/discussions
15:08:35.022 [JavaFX Application Thread] INFO  Engine               -              Join the FXGL chat at: https://gitter.im/AlmasB/FXGL
15:08:35.093 [JavaFX Application Thread] DEBUG PrimaryStageWindow   - Creating a JavaFX scene
15:08:35.138 [JavaFX Application Thread] DEBUG PrimaryStageWindow   - Target settings size: 800.0 x 800.0
15:08:35.138 [JavaFX Application Thread] DEBUG PrimaryStageWindow   - Scaled scene size:    800.0 x 800.0
15:08:35.138 [JavaFX Application Thread] DEBUG PrimaryStageWindow   - Scaled ratio: (1.0, 1.0)
15:08:35.139 [JavaFX Application Thread] DEBUG PrimaryStageWindow   - Set initial scene to FXGLStartupScene
15:08:35.143 [JavaFX Application Thread] DEBUG PrimaryStageWindow   - Opening main window
15:08:35.226 [JavaFX Application Thread] DEBUG PrimaryStageWindow   - Window border size: (16.0, 39.0)
15:08:35.226 [JavaFX Application Thread] DEBUG PrimaryStageWindow   - Scaled size: 800.0 x 800.0
15:08:35.226 [JavaFX Application Thread] DEBUG PrimaryStageWindow   - Scaled ratio: (1.0, 1.0)
15:08:35.226 [JavaFX Application Thread] DEBUG PrimaryStageWindow   - Scene size: 800.0 x 800.0
15:08:35.227 [JavaFX Application Thread] DEBUG PrimaryStageWindow   - Stage size: 816.0 x 839.0
15:08:35.233 [FXGL Background Thread 1 ] DEBUG Engine               - Initializing environment variables
15:08:35.283 [FXGL Background Thread 1 ] DEBUG FXGLAssetLoaderServi - User app class for loading assets: class com.example.zeldapuzzle.MainGameApp
15:08:35.283 [FXGL Background Thread 1 ] DEBUG GameApplicationServi - Applying CSS: fxgl_dark.css
15:08:35.284 [FXGL Background Thread 1 ] DEBUG FXGLAssetLoaderServi - Loading from file system: jar:file:///C:/Users/mbour/.m2/repository/com/github/almasb/fxgl/17/fxgl-17.jar!/fxglassets/ui/css/fxgl_dark.css
15:08:35.325 [FXGL Background Thread 1 ] DEBUG GameApplicationServi - Initializing application scenes
15:08:35.364 [FXGL Background Thread 1 ] DEBUG GameWorld            - Game world initialized
15:08:35.439 [FXGL Background Thread 1 ] DEBUG PhysicsWorld         - Physics world initialized: appHeight=800, physics.ppm=50,0
15:08:35.439 [FXGL Background Thread 1 ] DEBUG PhysicsWorld         - Using strategy: BRUTE_FORCE
15:08:35.445 [FXGL Background Thread 1 ] DEBUG GameScene            - Game scene initialized: 800x800
15:08:35.458 [FXGL Background Thread 1 ] DEBUG FXGL.DefaultMenu     - createMenuBodyMainMenu()
15:08:35.475 [FXGL Background Thread 1 ] DEBUG FXGL.DefaultMenu     - createOptionsMenu()
15:08:35.486 [FXGL Background Thread 1 ] DEBUG FXGLAssetLoaderServi - Loading from file system: jar:file:///C:/Users/mbour/.m2/repository/com/github/almasb/fxgl/17/fxgl-17.jar!/fxglassets/textures/particles/smoke.png
15:08:35.564 [FXGL Background Thread 1 ] DEBUG FXGLAssetLoaderServi - Loading from file system: jar:file:///C:/Users/mbour/.m2/repository/com/github/almasb/fxgl/17/fxgl-17.jar!/fxglassets/textures/particles/trace_horizontal.png
15:08:35.579 [FXGL Background Thread 1 ] DEBUG FXGL.DefaultMenu     - createMenuBodyGameMenu()
15:08:35.581 [FXGL Background Thread 1 ] DEBUG FXGL.DefaultMenu     - createOptionsMenu()
15:08:35.596 [FXGL Background Thread 1 ] DEBUG GameApplicationServi - Application scenes initialized
15:08:35.609 [FXGL Background Thread 1 ] DEBUG SystemBundleService  - Loading FXGL system data
15:08:35.613 [FXGL Background Thread 1 ] DEBUG FileSystemAccess     - Reading from: C:\Users\mbour\OneDrive\Bureau\Zelda TOTK WINRAR\zeldaPuzzle\system\fxgl.bundle
15:08:35.622 [FXGL Background Thread 1 ] DEBUG SystemBundleService  - Bundle FXGL: {}
15:08:35.623 [FXGL Background Thread 1 ] DEBUG UpdaterService       - Checking for updates
15:08:35.647 [FXGL Background Thread 4 ] DEBUG FXGLApplication      - Loading fonts
15:08:35.647 [FXGL Background Thread 4 ] DEBUG FXGLAssetLoaderServi - Loading from file system: jar:file:///C:/Users/mbour/.m2/repository/com/github/almasb/fxgl/17/fxgl-17.jar!/fxglassets/ui/fonts/VarelaRound-Regular.ttf
15:08:35.647 [FXGL Background Thread 1 ] DEBUG FXGLApplication      - Loading default localization
15:08:35.648 [FXGL Background Thread 1 ] DEBUG FXGLAssetLoaderServi - Loading from file system: jar:file:///C:/Users/mbour/.m2/repository/com/github/almasb/fxgl/17/fxgl-17.jar!/fxglassets/languages/english.lang
15:08:35.667 [FXGL Background Thread 1 ] INFO  FXGLApplication      - FXGL initialization took: 0,433 sec
15:08:35.678 [JavaFX Application Thread] DEBUG Input                - Registered new binding: inventaire - Tab
15:08:35.678 [JavaFX Application Thread] DEBUG Input                - Registered new binding: getPosition - P
15:08:35.678 [JavaFX Application Thread] DEBUG Input                - Registered new binding: zoom+ - Up
15:08:35.679 [JavaFX Application Thread] DEBUG Input                - Registered new binding: zoom- - Down
15:08:35.679 [JavaFX Application Thread] DEBUG Input                - Registered new binding: resetZoom - 0
15:08:35.679 [JavaFX Application Thread] DEBUG Input                - Registered new binding: Move right - D
15:08:35.679 [JavaFX Application Thread] DEBUG Input                - Registered new binding: Move left - A
15:08:35.680 [JavaFX Application Thread] DEBUG Input                - Registered new binding: Move Up - W
15:08:35.680 [JavaFX Application Thread] DEBUG Input                - Registered new binding: Move Down - S
15:08:35.681 [JavaFX Application Thread] DEBUG FXGLAssetLoaderServi - Loading from file system: jar:file:///C:/Users/mbour/.m2/repository/com/github/almasb/fxgl/17/fxgl-17.jar!/fxglassets/textures/fxgl_icon.png
15:08:35.682 [FXGL Background Thread 4 ] DEBUG FXGLAssetLoaderServi - Loading from file system: jar:file:///C:/Users/mbour/.m2/repository/com/github/almasb/fxgl/17/fxgl-17.jar!/fxglassets/ui/fonts/Abel-Regular.ttf
15:08:35.693 [FXGL Background Thread 4 ] DEBUG FXGLAssetLoaderServi - Loading from file system: jar:file:///C:/Users/mbour/.m2/repository/com/github/almasb/fxgl/17/fxgl-17.jar!/fxglassets/ui/fonts/TerminalLandMono-Regular.otf
15:08:35.699 [JavaFX Application Thread] DEBUG FXGLAssetLoaderServi - Loading from file system: jar:file:///C:/Users/mbour/.m2/repository/com/github/almasb/fxgl/17/fxgl-17.jar!/fxglassets/textures/fxgl_default_cursor.png
15:08:35.701 [JavaFX Application Thread] DEBUG Input                - Registered new binding: Screenshot - CTRL+8
15:08:35.701 [JavaFX Application Thread] DEBUG Input                - Registered new binding: Dev Options - 1
15:08:35.702 [JavaFX Application Thread] DEBUG Input                - Registered new binding: Dev Console - 2
15:08:35.702 [JavaFX Application Thread] DEBUG Input                - Registered new binding: System info dump - CTRL+9
15:08:35.702 [JavaFX Application Thread] DEBUG Input                - Registered new binding: Restart - CTRL+R
15:08:35.703 [JavaFX Application Thread] DEBUG Input                - Registered new binding: Toggle Debug Camera - CTRL+7
15:08:35.703 [FXGL Background Thread 4 ] DEBUG FXGLAssetLoaderServi - Loading from file system: jar:file:///C:/Users/mbour/.m2/repository/com/github/almasb/fxgl/17/fxgl-17.jar!/fxglassets/ui/fonts/Courier-Prime.ttf
15:08:35.705 [JavaFX Application Thread] DEBUG LoopRunner           - Starting loop
15:08:35.720 [JavaFX Application Thread] DEBUG LoopRunner           - Initializing JavaFX AnimationTimerLoop
15:08:35.723 [JavaFX Application Thread] DEBUG Input                - Clearing active input actions
15:08:35.732 [JavaFX Application Thread] DEBUG GameApplicationServi - Removing overlay from FXGLStartupScene and adding to FXGLMainMenuDummyScene
15:08:35.748 [JavaFX Application Thread] DEBUG PrimaryStageWindow   - FXGLStartupScene -> FXGLMainMenuDummyScene
15:08:35.749 [JavaFX Application Thread] DEBUG PrimaryStageWindow   - Push state: FXGLDefaultMenu
15:08:35.753 [JavaFX Application Thread] DEBUG Input                - Clearing active input actions
15:08:35.762 [JavaFX Application Thread] DEBUG GameApplicationServi - Removing overlay from FXGLMainMenuDummyScene and adding to FXGLDefaultMenu
15:08:35.762 [JavaFX Application Thread] DEBUG PrimaryStageWindow   - FXGLMainMenuDummyScene -> FXGLDefaultMenu
15:08:35.770 [JavaFX Application Thread] DEBUG FXGLApplication      - Registering font factories with UI factory
15:08:36.028 [FXGL Background Thread 2 ] INFO  UpdaterService       - Your current version:  17
15:08:36.028 [FXGL Background Thread 2 ] INFO  UpdaterService       - Latest stable version: 21.1
15:08:36.799 [JavaFX Application Thread] DEBUG Menu                 - fireNewGame()
15:08:36.799 [JavaFX Application Thread] DEBUG GameApplicationServi - Starting new game
15:08:36.801 [JavaFX Application Thread] DEBUG PrimaryStageWindow   - Pop state: FXGLDefaultMenu
15:08:36.801 [JavaFX Application Thread] DEBUG Input                - Clearing active input actions
15:08:36.802 [JavaFX Application Thread] DEBUG GameApplicationServi - Removing overlay from FXGLDefaultMenu and adding to FXGLMainMenuDummyScene
15:08:36.805 [JavaFX Application Thread] DEBUG PrimaryStageWindow   - FXGLMainMenuDummyScene <- FXGLDefaultMenu
15:08:36.805 [JavaFX Application Thread] DEBUG Input                - Clearing active input actions
15:08:36.816 [JavaFX Application Thread] DEBUG GameApplicationServi - Removing overlay from FXGLMainMenuDummyScene and adding to FXGLLoadingScene
15:08:36.817 [JavaFX Application Thread] DEBUG PrimaryStageWindow   - FXGLMainMenuDummyScene -> FXGLLoadingScene
15:08:36.818 [JavaFX Application Thread] DEBUG GameApplicationServi - Clearing previous game
15:08:36.818 [JavaFX Application Thread] DEBUG GameScene            - Clearing game scene
15:08:36.818 [JavaFX Application Thread] DEBUG GameWorld            - Clearing game world
15:08:36.818 [JavaFX Application Thread] DEBUG PhysicsWorld         - Clearing physics world
15:08:36.820 [FXGL Background Thread 2 ] DEBUG FXGLApplication      - Initializing game
15:08:36.870 [FXGL Background Thread 2 ] WARN  TMXLevelLoader       - TiledMap generated from 1.10.2. Supported version: 1.2.3. Some features may not be parsed fully.
15:08:36.935 [FXGL Background Thread 2 ] DEBUG TMXLevelLoader       - Parsed TiledMap: file:/C:/Users/mbour/OneDrive/Bureau/Zelda%20TOTK%20WINRAR/zeldaPuzzle/target/classes/assets/levels/MapDeMerde2.tmx
15:08:36.937 [FXGL Background Thread 2 ] DEBUG TMXLevelLoader       - Creating tile layer entities
15:08:36.939 [FXGL Background Thread 2 ] DEBUG TilesetLoader        - Loading view for layer background
15:08:36.974 [FXGL Background Thread 2 ] DEBUG TilesetLoader        - Created buffer with size 4800.0x4800.0
15:08:37.152 [FXGL Background Thread 2 ] DEBUG TilesetLoader        - Loading view for layer devant
15:08:37.186 [FXGL Background Thread 2 ] DEBUG TilesetLoader        - Created buffer with size 4800.0x4800.0
15:08:37.236 [FXGL Background Thread 2 ] DEBUG TilesetLoader        - Loading view for layer devant1
15:08:37.270 [FXGL Background Thread 2 ] DEBUG TilesetLoader        - Created buffer with size 4800.0x4800.0
15:08:37.290 [FXGL Background Thread 2 ] DEBUG TMXLevelLoader       - Creating object layer entities
15:08:37.335 [FXGL Background Thread 2 ] DEBUG GameWorld            - Clearing removable entities
15:08:37.336 [FXGL Background Thread 2 ] DEBUG GameWorld            - Setting level: com.almasb.fxgl.entity.level.Level@376e4863
15:08:37.352 [FXGL Background Thread 2 ] WARN  GameWorld            - Entity is already attached to world
15:08:37.354 [FXGL Background Thread 2 ] WARN  GameWorld            - Entity is already attached to world
15:08:37.358 [FXGL Background Thread 2 ] INFO  FXGLApplication      - Game initialization took: 0,538 sec
15:08:37.359 [JavaFX Application Thread] DEBUG Input                - Clearing active input actions
15:08:37.366 [JavaFX Application Thread] DEBUG GameApplicationServi - Removing overlay from FXGLLoadingScene and adding to GameScene
15:08:37.369 [JavaFX Application Thread] DEBUG PrimaryStageWindow   - FXGLLoadingScene -> GameScene
15:08:38.646 [FXGL Background Thread 3 ] DEBUG Engine               - Logging environment variables
15:08:38.646 [FXGL Background Thread 3 ] DEBUG Engine               - achievements: []
15:08:38.646 [FXGL Background Thread 3 ] DEBUG Engine               - actualHeight: 800.0
15:08:38.646 [FXGL Background Thread 3 ] DEBUG Engine               - actualHeightProperty: ReadOnlyDoubleProperty [value: 800.0]
15:08:38.646 [FXGL Background Thread 3 ] DEBUG Engine               - actualWidth: 800.0
15:08:38.647 [FXGL Background Thread 3 ] DEBUG Engine               - actualWidthProperty: ReadOnlyDoubleProperty [value: 800.0]
15:08:38.647 [FXGL Background Thread 3 ] DEBUG Engine               - appIcon: fxgl_icon.png
15:08:38.647 [FXGL Background Thread 3 ] DEBUG Engine               - applicationMode: DEVELOPER
15:08:38.647 [FXGL Background Thread 3 ] DEBUG Engine               - cSSList: [fxgl_dark.css]
15:08:38.647 [FXGL Background Thread 3 ] DEBUG Engine               - collisionDetectionStrategy: BRUTE_FORCE
15:08:38.647 [FXGL Background Thread 3 ] DEBUG Engine               - configClass: Optional.empty
15:08:38.647 [FXGL Background Thread 3 ] DEBUG Engine               - credits: []
15:08:38.647 [FXGL Background Thread 3 ] DEBUG Engine               - defaultCursor: CursorInfo(imageName=fxgl_default_cursor.png, hotspotX=7.0, hotspotY=6.0)
15:08:38.647 [FXGL Background Thread 3 ] DEBUG Engine               - devBBoxColorProperty: ObjectProperty [value: 0xff0000ff]
15:08:38.647 [FXGL Background Thread 3 ] DEBUG Engine               - devEnableDebugCameraProperty: BooleanProperty [value: false]
15:08:38.647 [FXGL Background Thread 3 ] DEBUG Engine               - devSensorColorProperty: ObjectProperty [value: 0xffff00ff]
15:08:38.648 [FXGL Background Thread 3 ] DEBUG Engine               - devShowBBoxProperty: BooleanProperty [value: false]
15:08:38.648 [FXGL Background Thread 3 ] DEBUG Engine               - devShowPositionProperty: BooleanProperty [value: false]
15:08:38.648 [FXGL Background Thread 3 ] DEBUG Engine               - enabledMenuItems: []
15:08:38.648 [FXGL Background Thread 3 ] DEBUG Engine               - engineServices: [class com.almasb.fxgl.app.services.FXGLAssetLoaderService, class com.almasb.fxgl.app.FXGLApplication$GameApplicationService, class com.almasb.fxgl.app.services.FXGLDialogService, class com.almasb.fxgl.app.services.IOTaskExecutorService, class com.almasb.fxgl.io.FileSystemService, class com.almasb.fxgl.localization.LocalizationService, class com.almasb.fxgl.app.services.SystemBundleService, class com.almasb.fxgl.profile.SaveLoadService, class com.almasb.fxgl.ui.FXGLUIFactoryServiceProvider, class com.almasb.fxgl.ui.FXGLDialogFactoryServiceProvider, class com.almasb.fxgl.audio.AudioPlayer, class com.almasb.fxgl.notification.impl.NotificationServiceProvider, class com.almasb.fxgl.achievement.AchievementService, class com.almasb.fxgl.cutscene.CutsceneService, class com.almasb.fxgl.minigames.MiniGameService, class com.almasb.fxgl.net.NetService, class com.almasb.fxgl.app.services.UpdaterService, class com.almasb.fxgl.dev.DevService]
15:08:38.648 [FXGL Background Thread 3 ] DEBUG Engine               - fontGame: Abel-Regular.ttf
15:08:38.648 [FXGL Background Thread 3 ] DEBUG Engine               - fontMono: TerminalLandMono-Regular.otf
15:08:38.648 [FXGL Background Thread 3 ] DEBUG Engine               - fontText: Courier-Prime.ttf
15:08:38.648 [FXGL Background Thread 3 ] DEBUG Engine               - fontUI: VarelaRound-Regular.ttf
15:08:38.648 [FXGL Background Thread 3 ] DEBUG Engine               - fullScreen: BooleanProperty [value: false]
15:08:38.648 [FXGL Background Thread 3 ] DEBUG Engine               - gameDifficulty: MEDIUM
15:08:38.648 [FXGL Background Thread 3 ] DEBUG Engine               - gameDifficultyProperty: ObjectProperty [value: MEDIUM]
15:08:38.648 [FXGL Background Thread 3 ] DEBUG Engine               - globalMusicVolume: 0.5
15:08:38.648 [FXGL Background Thread 3 ] DEBUG Engine               - globalMusicVolumeProperty: DoubleProperty [value: 0.5]
15:08:38.648 [FXGL Background Thread 3 ] DEBUG Engine               - globalSoundVolume: 0.5
15:08:38.648 [FXGL Background Thread 3 ] DEBUG Engine               - globalSoundVolumeProperty: DoubleProperty [value: 0.5]
15:08:38.648 [FXGL Background Thread 3 ] DEBUG Engine               - height: 800
15:08:38.648 [FXGL Background Thread 3 ] DEBUG Engine               - is3D: false
15:08:38.648 [FXGL Background Thread 3 ] DEBUG Engine               - isAndroid: false
15:08:38.648 [FXGL Background Thread 3 ] DEBUG Engine               - isBrowser: false
15:08:38.649 [FXGL Background Thread 3 ] DEBUG Engine               - isClickFeedbackEnabled: false
15:08:38.649 [FXGL Background Thread 3 ] DEBUG Engine               - isCloseConfirmation: false
15:08:38.649 [FXGL Background Thread 3 ] DEBUG Engine               - isDesktop: true
15:08:38.649 [FXGL Background Thread 3 ] DEBUG Engine               - isDeveloperMenuEnabled: true
15:08:38.649 [FXGL Background Thread 3 ] DEBUG Engine               - isEmbedded: false
15:08:38.649 [FXGL Background Thread 3 ] DEBUG Engine               - isEntityPreloadEnabled: true
15:08:38.649 [FXGL Background Thread 3 ] DEBUG Engine               - isExperimentalTiledLargeMap: false
15:08:38.649 [FXGL Background Thread 3 ] DEBUG Engine               - isFileSystemWriteAllowed: true
15:08:38.649 [FXGL Background Thread 3 ] DEBUG Engine               - isFullScreenAllowed: true
15:08:38.649 [FXGL Background Thread 3 ] DEBUG Engine               - isFullScreenFromStart: false
15:08:38.649 [FXGL Background Thread 3 ] DEBUG Engine               - isGameMenuEnabled: true
15:08:38.649 [FXGL Background Thread 3 ] DEBUG Engine               - isIOS: false
15:08:38.649 [FXGL Background Thread 3 ] DEBUG Engine               - isIntroEnabled: false
15:08:38.649 [FXGL Background Thread 3 ] DEBUG Engine               - isLinux: false
15:08:38.649 [FXGL Background Thread 3 ] DEBUG Engine               - isMac: false
15:08:38.649 [FXGL Background Thread 3 ] DEBUG Engine               - isMainMenuEnabled: true
15:08:38.649 [FXGL Background Thread 3 ] DEBUG Engine               - isManualResizeEnabled: false
15:08:38.649 [FXGL Background Thread 3 ] DEBUG Engine               - isMobile: false
15:08:38.649 [FXGL Background Thread 3 ] DEBUG Engine               - isNative: false
15:08:38.649 [FXGL Background Thread 3 ] DEBUG Engine               - isPauseMusicWhenMinimized: true
15:08:38.649 [FXGL Background Thread 3 ] DEBUG Engine               - isPreserveResizeRatio: false
15:08:38.650 [FXGL Background Thread 3 ] DEBUG Engine               - isProfilingEnabled: false
15:08:38.650 [FXGL Background Thread 3 ] DEBUG Engine               - isScaleAffectedOnResize: true
15:08:38.650 [FXGL Background Thread 3 ] DEBUG Engine               - isSingleStep: false
15:08:38.650 [FXGL Background Thread 3 ] DEBUG Engine               - isUserProfileEnabled: false
15:08:38.650 [FXGL Background Thread 3 ] DEBUG Engine               - isWindows: true
15:08:38.650 [FXGL Background Thread 3 ] DEBUG Engine               - language: ObjectProperty [value: ENGLISH]
15:08:38.650 [FXGL Background Thread 3 ] DEBUG Engine               - menuKey: ESCAPE
15:08:38.650 [FXGL Background Thread 3 ] DEBUG Engine               - mouseSensitivity: 0.2
15:08:38.650 [FXGL Background Thread 3 ] DEBUG Engine               - notificationViewClass: class com.almasb.fxgl.notification.view.XboxNotificationView
15:08:38.650 [FXGL Background Thread 3 ] DEBUG Engine               - pixelsPerMeter: 50.0
15:08:38.650 [FXGL Background Thread 3 ] DEBUG Engine               - platform: WINDOWS
15:08:38.650 [FXGL Background Thread 3 ] DEBUG Engine               - prefHeightProperty: ReadOnlyDoubleProperty [value: 800.0]
15:08:38.650 [FXGL Background Thread 3 ] DEBUG Engine               - prefWidthProperty: ReadOnlyDoubleProperty [value: 800.0]
15:08:38.650 [FXGL Background Thread 3 ] DEBUG Engine               - profileDir: profiles/
15:08:38.650 [FXGL Background Thread 3 ] DEBUG Engine               - profileName: StringProperty [value: DEFAULT]
15:08:38.650 [FXGL Background Thread 3 ] DEBUG Engine               - randomSeed: -1
15:08:38.651 [FXGL Background Thread 3 ] DEBUG Engine               - runtimeInfo: RuntimeInfo(platform=WINDOWS, version=17, build=31.12.2021 18.16)
15:08:38.651 [FXGL Background Thread 3 ] DEBUG Engine               - saveFileExt: sav
15:08:38.651 [FXGL Background Thread 3 ] DEBUG Engine               - scaledHeightProp$fxgl: DoubleProperty [bound, value: 800.0]
15:08:38.651 [FXGL Background Thread 3 ] DEBUG Engine               - scaledWidthProp$fxgl: DoubleProperty [bound, value: 800.0]
15:08:38.651 [FXGL Background Thread 3 ] DEBUG Engine               - sceneFactory: com.almasb.fxgl.app.scene.SceneFactory@17f58a6f
15:08:38.651 [FXGL Background Thread 3 ] DEBUG Engine               - secondsIn24h: 60
15:08:38.651 [FXGL Background Thread 3 ] DEBUG Engine               - soundMenuBack: menu/back.wav
15:08:38.651 [FXGL Background Thread 3 ] DEBUG Engine               - soundMenuPress: menu/press.wav
15:08:38.651 [FXGL Background Thread 3 ] DEBUG Engine               - soundMenuSelect: menu/select.wav
15:08:38.651 [FXGL Background Thread 3 ] DEBUG Engine               - soundNotification: core/notification.wav
15:08:38.651 [FXGL Background Thread 3 ] DEBUG Engine               - stageStyle: DECORATED
15:08:38.651 [FXGL Background Thread 3 ] DEBUG Engine               - supportedLanguages: [ENGLISH, FRENCH, GERMAN, HUNGARIAN, RUSSIAN]
15:08:38.651 [FXGL Background Thread 3 ] DEBUG Engine               - ticksPerSecond: -1
15:08:38.652 [FXGL Background Thread 3 ] DEBUG Engine               - title: Zelda 2D Game par ماستن
15:08:38.652 [FXGL Background Thread 3 ] DEBUG Engine               - urlGithub: https://github.com/AlmasB/FXGL
15:08:38.652 [FXGL Background Thread 3 ] DEBUG Engine               - urlLeaderboard: http://fxgl-top.herokuapp.com/
15:08:38.652 [FXGL Background Thread 3 ] DEBUG Engine               - urlPOM: https://raw.githubusercontent.com/AlmasB/FXGL/release/README.md
15:08:38.652 [FXGL Background Thread 3 ] DEBUG Engine               - userAppClass: class com.example.zeldapuzzle.MainGameApp
15:08:38.652 [FXGL Background Thread 3 ] DEBUG Engine               - version: 1
15:08:38.652 [FXGL Background Thread 3 ] DEBUG Engine               - versionCheckDays: 7
15:08:38.652 [FXGL Background Thread 3 ] DEBUG Engine               - width: 800
15:08:38.652 [FXGL Background Thread 3 ] DEBUG Engine               - Logging services
15:08:38.652 [FXGL Background Thread 3 ] DEBUG Engine               - class com.almasb.fxgl.app.services.FXGLAssetLoaderService
15:08:38.652 [FXGL Background Thread 3 ] DEBUG Engine               - class com.almasb.fxgl.app.FXGLApplication$GameApplicationService
15:08:38.652 [FXGL Background Thread 3 ] DEBUG Engine               - class com.almasb.fxgl.app.services.FXGLDialogService
15:08:38.652 [FXGL Background Thread 3 ] DEBUG Engine               - class com.almasb.fxgl.app.services.IOTaskExecutorService
15:08:38.652 [FXGL Background Thread 3 ] DEBUG Engine               - class com.almasb.fxgl.io.FileSystemService
15:08:38.652 [FXGL Background Thread 3 ] DEBUG Engine               - class com.almasb.fxgl.localization.LocalizationService
15:08:38.652 [FXGL Background Thread 3 ] DEBUG Engine               - class com.almasb.fxgl.app.services.SystemBundleService
15:08:38.652 [FXGL Background Thread 3 ] DEBUG Engine               - class com.almasb.fxgl.profile.SaveLoadService
15:08:38.652 [FXGL Background Thread 3 ] DEBUG Engine               - class com.almasb.fxgl.ui.FXGLUIFactoryServiceProvider
15:08:38.652 [FXGL Background Thread 3 ] DEBUG Engine               - class com.almasb.fxgl.ui.FXGLDialogFactoryServiceProvider
15:08:38.652 [FXGL Background Thread 3 ] DEBUG Engine               - class com.almasb.fxgl.audio.AudioPlayer
15:08:38.652 [FXGL Background Thread 3 ] DEBUG Engine               - class com.almasb.fxgl.notification.impl.NotificationServiceProvider
15:08:38.652 [FXGL Background Thread 3 ] DEBUG Engine               - class com.almasb.fxgl.achievement.AchievementService
15:08:38.652 [FXGL Background Thread 3 ] DEBUG Engine               - class com.almasb.fxgl.cutscene.CutsceneService
15:08:38.652 [FXGL Background Thread 3 ] DEBUG Engine               - class com.almasb.fxgl.minigames.MiniGameService
15:08:38.653 [FXGL Background Thread 3 ] DEBUG Engine               - class com.almasb.fxgl.net.NetService
15:08:38.653 [FXGL Background Thread 3 ] DEBUG Engine               - class com.almasb.fxgl.app.services.UpdaterService
15:08:38.653 [FXGL Background Thread 3 ] DEBUG Engine               - class com.almasb.fxgl.dev.DevService
15:09:04.752 [JavaFX Application Thread] DEBUG LoopRunner           - Pausing loop
15:09:36.058 [JavaFX Application Thread] DEBUG LoopRunner           - Resuming loop
15:09:45.730 [JavaFX Application Thread] DEBUG FXGLApplication      - Exiting FXGL
15:09:45.730 [JavaFX Application Thread] DEBUG LoopRunner           - Stopping loop
15:09:45.730 [JavaFX Application Thread] DEBUG SystemBundleService  - Saving FXGL system data
15:09:45.732 [JavaFX Application Thread] DEBUG FileSystemAccess     - Writing to: C:\Users\mbour\OneDrive\Bureau\Zelda TOTK WINRAR\zeldaPuzzle\system\fxgl.bundle
15:09:45.734 [JavaFX Application Thread] DEBUG Async                - Shutting down background threads
15:09:45.735 [JavaFX Application Thread] DEBUG PrimaryStageWindow   - Closing main window
15:09:45.745 [JavaFX Application Thread] DEBUG Logger               - Closing Logger
