01:46:44.565 [main                     ] DEBUG Logger               - Configured Logger
01:46:44.579 [main                     ] DEBUG GameApplication      - Logging settings
Title: Zelda 2D Game par ماستن
Version: 1
Width: 800
Height: 800
Fullscreen: true
Intro: false
Profiling: false
Single step:false
App Mode: DEVELOPER
Menu Key: ESCAPE
Stage Style: DECORATED
Scene Factory: class com.almasb.fxgl.app.scene.SceneFactory

01:46:44.649 [JavaFX Application Thread] DEBUG FXGLApplication      - Initializing FXGL
01:46:44.652 [JavaFX Application Thread] INFO  Engine               - FXGL-17 (31.12.2021 18.16) on WINDOWS (J:19.0.2 FX:19)
01:46:44.652 [JavaFX Application Thread] DEBUG Engine               - JRE Vendor Name: Amazon.com Inc.
01:46:44.652 [JavaFX Application Thread] DEBUG Engine               - Running on OS: Windows 11 version 10.0
01:46:44.652 [JavaFX Application Thread] DEBUG Engine               - Architecture: amd64
01:46:44.652 [JavaFX Application Thread] INFO  Engine               - Source code and latest versions at: https://github.com/AlmasB/FXGL
01:46:44.652 [JavaFX Application Thread] INFO  Engine               -       Ask questions and discuss at: https://github.com/AlmasB/FXGL/discussions
01:46:44.654 [JavaFX Application Thread] INFO  Engine               -              Join the FXGL chat at: https://gitter.im/AlmasB/FXGL
01:46:44.708 [JavaFX Application Thread] DEBUG PrimaryStageWindow   - Creating a JavaFX scene
01:46:44.744 [JavaFX Application Thread] DEBUG PrimaryStageWindow   - Target settings size: 800.0 x 800.0
01:46:44.744 [JavaFX Application Thread] DEBUG PrimaryStageWindow   - Scaled scene size:    800.0 x 800.0
01:46:44.744 [JavaFX Application Thread] DEBUG PrimaryStageWindow   - Scaled ratio: (1.0, 1.0)
01:46:44.745 [JavaFX Application Thread] DEBUG PrimaryStageWindow   - Set initial scene to FXGLStartupScene
01:46:44.750 [JavaFX Application Thread] DEBUG PrimaryStageWindow   - Opening main window
01:46:44.814 [JavaFX Application Thread] DEBUG PrimaryStageWindow   - Window border size: (16.0, 39.0)
01:46:44.814 [JavaFX Application Thread] DEBUG PrimaryStageWindow   - Scaled size: 800.0 x 800.0
01:46:44.814 [JavaFX Application Thread] DEBUG PrimaryStageWindow   - Scaled ratio: (1.0, 1.0)
01:46:44.815 [JavaFX Application Thread] DEBUG PrimaryStageWindow   - Scene size: 800.0 x 800.0
01:46:44.815 [JavaFX Application Thread] DEBUG PrimaryStageWindow   - Stage size: 816.0 x 839.0
01:46:44.824 [FXGL Background Thread 1 ] DEBUG Engine               - Initializing environment variables
01:46:44.884 [FXGL Background Thread 1 ] DEBUG FXGLAssetLoaderServi - User app class for loading assets: class com.example.zeldapuzzle.MainGameApp
01:46:44.884 [FXGL Background Thread 1 ] DEBUG GameApplicationServi - Applying CSS: fxgl_dark.css
01:46:44.886 [FXGL Background Thread 1 ] DEBUG FXGLAssetLoaderServi - Loading from file system: jar:file:///C:/Users/Utilisateur/.m2/repository/com/github/almasb/fxgl/17/fxgl-17.jar!/fxglassets/ui/css/fxgl_dark.css
01:46:44.945 [FXGL Background Thread 1 ] DEBUG GameApplicationServi - Initializing application scenes
01:46:45.006 [FXGL Background Thread 1 ] DEBUG GameWorld            - Game world initialized
01:46:45.067 [FXGL Background Thread 1 ] DEBUG PhysicsWorld         - Physics world initialized: appHeight=800, physics.ppm=50,0
01:46:45.068 [FXGL Background Thread 1 ] DEBUG PhysicsWorld         - Using strategy: BRUTE_FORCE
01:46:45.075 [FXGL Background Thread 1 ] DEBUG GameScene            - Game scene initialized: 800x800
01:46:45.088 [FXGL Background Thread 1 ] DEBUG FXGL.DefaultMenu     - createMenuBodyMainMenu()
01:46:45.098 [FXGL Background Thread 1 ] DEBUG FXGL.DefaultMenu     - createOptionsMenu()
01:46:45.104 [FXGL Background Thread 1 ] DEBUG FXGLAssetLoaderServi - Loading from file system: jar:file:///C:/Users/Utilisateur/.m2/repository/com/github/almasb/fxgl/17/fxgl-17.jar!/fxglassets/textures/particles/smoke.png
01:46:45.200 [FXGL Background Thread 1 ] DEBUG FXGLAssetLoaderServi - Loading from file system: jar:file:///C:/Users/Utilisateur/.m2/repository/com/github/almasb/fxgl/17/fxgl-17.jar!/fxglassets/textures/particles/trace_horizontal.png
01:46:45.217 [FXGL Background Thread 1 ] DEBUG FXGL.DefaultMenu     - createMenuBodyGameMenu()
01:46:45.218 [FXGL Background Thread 1 ] DEBUG FXGL.DefaultMenu     - createOptionsMenu()
01:46:45.231 [FXGL Background Thread 1 ] DEBUG GameApplicationServi - Application scenes initialized
01:46:45.240 [FXGL Background Thread 1 ] DEBUG SystemBundleService  - Loading FXGL system data
01:46:45.244 [FXGL Background Thread 1 ] DEBUG FileSystemAccess     - Reading from: C:\Users\Utilisateur\IdeaProjects\zeldaPuzzle\system\fxgl.bundle
01:46:45.252 [FXGL Background Thread 1 ] DEBUG SystemBundleService  - Bundle FXGL: {}
01:46:45.252 [FXGL Background Thread 1 ] DEBUG UpdaterService       - Checking for updates
01:46:45.282 [FXGL Background Thread 4 ] DEBUG FXGLApplication      - Loading fonts
01:46:45.284 [FXGL Background Thread 4 ] DEBUG FXGLAssetLoaderServi - Loading from file system: jar:file:///C:/Users/Utilisateur/.m2/repository/com/github/almasb/fxgl/17/fxgl-17.jar!/fxglassets/ui/fonts/VarelaRound-Regular.ttf
01:46:45.284 [FXGL Background Thread 1 ] DEBUG FXGLApplication      - Loading default localization
01:46:45.286 [FXGL Background Thread 1 ] DEBUG FXGLAssetLoaderServi - Loading from file system: jar:file:///C:/Users/Utilisateur/.m2/repository/com/github/almasb/fxgl/17/fxgl-17.jar!/fxglassets/languages/english.lang
01:46:45.352 [FXGL Background Thread 4 ] DEBUG FXGLAssetLoaderServi - Loading from file system: jar:file:///C:/Users/Utilisateur/.m2/repository/com/github/almasb/fxgl/17/fxgl-17.jar!/fxglassets/ui/fonts/Abel-Regular.ttf
01:46:45.355 [FXGL Background Thread 1 ] INFO  FXGLApplication      - FXGL initialization took: 0,530 sec
01:46:45.365 [FXGL Background Thread 4 ] DEBUG FXGLAssetLoaderServi - Loading from file system: jar:file:///C:/Users/Utilisateur/.m2/repository/com/github/almasb/fxgl/17/fxgl-17.jar!/fxglassets/ui/fonts/TerminalLandMono-Regular.otf
01:46:45.371 [JavaFX Application Thread] DEBUG Input                - Registered new binding: inventaire - Tab
01:46:45.371 [JavaFX Application Thread] DEBUG Input                - Registered new binding: getPosition - P
01:46:45.371 [JavaFX Application Thread] DEBUG Input                - Registered new binding: zoom+ - Up
01:46:45.372 [JavaFX Application Thread] DEBUG Input                - Registered new binding: zoom- - Down
01:46:45.372 [JavaFX Application Thread] DEBUG Input                - Registered new binding: resetZoom - 0
01:46:45.372 [JavaFX Application Thread] DEBUG Input                - Registered new binding: Move right - D
01:46:45.373 [JavaFX Application Thread] DEBUG Input                - Registered new binding: Move left - A
01:46:45.373 [JavaFX Application Thread] DEBUG Input                - Registered new binding: Move Up - W
01:46:45.373 [JavaFX Application Thread] DEBUG Input                - Registered new binding: Move Down - S
01:46:45.373 [JavaFX Application Thread] DEBUG FXGLAssetLoaderServi - Loading from file system: jar:file:///C:/Users/Utilisateur/.m2/repository/com/github/almasb/fxgl/17/fxgl-17.jar!/fxglassets/textures/fxgl_icon.png
01:46:45.374 [FXGL Background Thread 4 ] DEBUG FXGLAssetLoaderServi - Loading from file system: jar:file:///C:/Users/Utilisateur/.m2/repository/com/github/almasb/fxgl/17/fxgl-17.jar!/fxglassets/ui/fonts/Courier-Prime.ttf
01:46:45.383 [JavaFX Application Thread] DEBUG FXGLAssetLoaderServi - Loading from file system: jar:file:///C:/Users/Utilisateur/.m2/repository/com/github/almasb/fxgl/17/fxgl-17.jar!/fxglassets/textures/fxgl_default_cursor.png
01:46:45.386 [JavaFX Application Thread] DEBUG Input                - Registered new binding: Screenshot - CTRL+8
01:46:45.386 [JavaFX Application Thread] DEBUG Input                - Registered new binding: Dev Options - 1
01:46:45.387 [JavaFX Application Thread] DEBUG Input                - Registered new binding: Dev Console - 2
01:46:45.388 [JavaFX Application Thread] DEBUG Input                - Registered new binding: System info dump - CTRL+9
01:46:45.389 [JavaFX Application Thread] DEBUG Input                - Registered new binding: Restart - CTRL+R
01:46:45.391 [JavaFX Application Thread] DEBUG Input                - Registered new binding: Toggle Debug Camera - CTRL+7
01:46:45.394 [JavaFX Application Thread] DEBUG LoopRunner           - Starting loop
01:46:45.434 [JavaFX Application Thread] DEBUG LoopRunner           - Initializing JavaFX AnimationTimerLoop
01:46:45.440 [JavaFX Application Thread] DEBUG Input                - Clearing active input actions
01:46:45.460 [JavaFX Application Thread] DEBUG GameApplicationServi - Removing overlay from FXGLStartupScene and adding to FXGLMainMenuDummyScene
01:46:45.466 [JavaFX Application Thread] DEBUG PrimaryStageWindow   - FXGLStartupScene -> FXGLMainMenuDummyScene
01:46:45.467 [JavaFX Application Thread] DEBUG PrimaryStageWindow   - Push state: FXGLDefaultMenu
01:46:45.469 [JavaFX Application Thread] DEBUG Input                - Clearing active input actions
01:46:45.474 [JavaFX Application Thread] DEBUG GameApplicationServi - Removing overlay from FXGLMainMenuDummyScene and adding to FXGLDefaultMenu
01:46:45.474 [JavaFX Application Thread] DEBUG PrimaryStageWindow   - FXGLMainMenuDummyScene -> FXGLDefaultMenu
01:46:45.482 [JavaFX Application Thread] DEBUG FXGLApplication      - Registering font factories with UI factory
01:46:45.721 [FXGL Background Thread 2 ] INFO  UpdaterService       - Your current version:  17
01:46:45.721 [FXGL Background Thread 2 ] INFO  UpdaterService       - Latest stable version: 21.1
01:46:46.693 [JavaFX Application Thread] DEBUG Menu                 - fireNewGame()
01:46:46.693 [JavaFX Application Thread] DEBUG GameApplicationServi - Starting new game
01:46:46.696 [JavaFX Application Thread] DEBUG PrimaryStageWindow   - Pop state: FXGLDefaultMenu
01:46:46.696 [JavaFX Application Thread] DEBUG Input                - Clearing active input actions
01:46:46.698 [JavaFX Application Thread] DEBUG GameApplicationServi - Removing overlay from FXGLDefaultMenu and adding to FXGLMainMenuDummyScene
01:46:46.700 [JavaFX Application Thread] DEBUG PrimaryStageWindow   - FXGLMainMenuDummyScene <- FXGLDefaultMenu
01:46:46.700 [JavaFX Application Thread] DEBUG Input                - Clearing active input actions
01:46:46.707 [JavaFX Application Thread] DEBUG GameApplicationServi - Removing overlay from FXGLMainMenuDummyScene and adding to FXGLLoadingScene
01:46:46.707 [JavaFX Application Thread] DEBUG PrimaryStageWindow   - FXGLMainMenuDummyScene -> FXGLLoadingScene
01:46:46.707 [JavaFX Application Thread] DEBUG GameApplicationServi - Clearing previous game
01:46:46.708 [JavaFX Application Thread] DEBUG GameScene            - Clearing game scene
01:46:46.708 [JavaFX Application Thread] DEBUG GameWorld            - Clearing game world
01:46:46.708 [JavaFX Application Thread] DEBUG PhysicsWorld         - Clearing physics world
01:46:46.712 [FXGL Background Thread 2 ] DEBUG FXGLApplication      - Initializing game
01:46:46.781 [FXGL Background Thread 2 ] WARN  TMXLevelLoader       - TiledMap generated from 1.10.2. Supported version: 1.2.3. Some features may not be parsed fully.
01:46:46.801 [FXGL Background Thread 2 ] DEBUG TMXLevelLoader       - Parsed TiledMap: file:/C:/Users/Utilisateur/IdeaProjects/zeldaPuzzle/target/classes/assets/levels/MapDeMerde2.tmx
01:46:46.803 [FXGL Background Thread 2 ] DEBUG TMXLevelLoader       - Creating tile layer entities
01:46:46.805 [FXGL Background Thread 2 ] DEBUG TilesetLoader        - Loading view for layer Calque de Tuiles 1
01:46:46.838 [FXGL Background Thread 2 ] DEBUG TilesetLoader        - Created buffer with size 4800.0x4800.0
01:46:46.886 [FXGL Background Thread 2 ] DEBUG TMXLevelLoader       - Creating object layer entities
01:46:46.889 [FXGL Background Thread 2 ] DEBUG GameWorld            - Clearing removable entities
01:46:46.890 [FXGL Background Thread 2 ] DEBUG GameWorld            - Setting level: com.almasb.fxgl.entity.level.Level@54cfe55d
01:46:46.934 [FXGL Background Thread 2 ] WARN  GameWorld            - Entity is already attached to world
01:46:46.943 [FXGL Background Thread 2 ] WARN  GameWorld            - Entity is already attached to world
01:46:46.952 [FXGL Background Thread 2 ] WARN  GameWorld            - Entity is already attached to world
01:46:46.961 [FXGL Background Thread 2 ] INFO  FXGLApplication      - Game initialization took: 0,248 sec
01:46:46.962 [JavaFX Application Thread] DEBUG Input                - Clearing active input actions
01:46:46.968 [JavaFX Application Thread] DEBUG GameApplicationServi - Removing overlay from FXGLLoadingScene and adding to GameScene
01:46:46.971 [JavaFX Application Thread] DEBUG PrimaryStageWindow   - FXGLLoadingScene -> GameScene
01:46:48.276 [FXGL Background Thread 3 ] DEBUG Engine               - Logging environment variables
01:46:48.277 [FXGL Background Thread 3 ] DEBUG Engine               - achievements: []
01:46:48.277 [FXGL Background Thread 3 ] DEBUG Engine               - actualHeight: 800.0
01:46:48.277 [FXGL Background Thread 3 ] DEBUG Engine               - actualHeightProperty: ReadOnlyDoubleProperty [value: 800.0]
01:46:48.277 [FXGL Background Thread 3 ] DEBUG Engine               - actualWidth: 800.0
01:46:48.277 [FXGL Background Thread 3 ] DEBUG Engine               - actualWidthProperty: ReadOnlyDoubleProperty [value: 800.0]
01:46:48.277 [FXGL Background Thread 3 ] DEBUG Engine               - appIcon: fxgl_icon.png
01:46:48.277 [FXGL Background Thread 3 ] DEBUG Engine               - applicationMode: DEVELOPER
01:46:48.277 [FXGL Background Thread 3 ] DEBUG Engine               - cSSList: [fxgl_dark.css]
01:46:48.277 [FXGL Background Thread 3 ] DEBUG Engine               - collisionDetectionStrategy: BRUTE_FORCE
01:46:48.277 [FXGL Background Thread 3 ] DEBUG Engine               - configClass: Optional.empty
01:46:48.277 [FXGL Background Thread 3 ] DEBUG Engine               - credits: []
01:46:48.277 [FXGL Background Thread 3 ] DEBUG Engine               - defaultCursor: CursorInfo(imageName=fxgl_default_cursor.png, hotspotX=7.0, hotspotY=6.0)
01:46:48.278 [FXGL Background Thread 3 ] DEBUG Engine               - devBBoxColorProperty: ObjectProperty [value: 0xff0000ff]
01:46:48.278 [FXGL Background Thread 3 ] DEBUG Engine               - devEnableDebugCameraProperty: BooleanProperty [value: false]
01:46:48.278 [FXGL Background Thread 3 ] DEBUG Engine               - devSensorColorProperty: ObjectProperty [value: 0xffff00ff]
01:46:48.278 [FXGL Background Thread 3 ] DEBUG Engine               - devShowBBoxProperty: BooleanProperty [value: false]
01:46:48.278 [FXGL Background Thread 3 ] DEBUG Engine               - devShowPositionProperty: BooleanProperty [value: false]
01:46:48.278 [FXGL Background Thread 3 ] DEBUG Engine               - enabledMenuItems: []
01:46:48.278 [FXGL Background Thread 3 ] DEBUG Engine               - engineServices: [class com.almasb.fxgl.app.services.FXGLAssetLoaderService, class com.almasb.fxgl.app.FXGLApplication$GameApplicationService, class com.almasb.fxgl.app.services.FXGLDialogService, class com.almasb.fxgl.app.services.IOTaskExecutorService, class com.almasb.fxgl.io.FileSystemService, class com.almasb.fxgl.localization.LocalizationService, class com.almasb.fxgl.app.services.SystemBundleService, class com.almasb.fxgl.profile.SaveLoadService, class com.almasb.fxgl.ui.FXGLUIFactoryServiceProvider, class com.almasb.fxgl.ui.FXGLDialogFactoryServiceProvider, class com.almasb.fxgl.audio.AudioPlayer, class com.almasb.fxgl.notification.impl.NotificationServiceProvider, class com.almasb.fxgl.achievement.AchievementService, class com.almasb.fxgl.cutscene.CutsceneService, class com.almasb.fxgl.minigames.MiniGameService, class com.almasb.fxgl.net.NetService, class com.almasb.fxgl.app.services.UpdaterService, class com.almasb.fxgl.dev.DevService]
01:46:48.278 [FXGL Background Thread 3 ] DEBUG Engine               - fontGame: Abel-Regular.ttf
01:46:48.278 [FXGL Background Thread 3 ] DEBUG Engine               - fontMono: TerminalLandMono-Regular.otf
01:46:48.278 [FXGL Background Thread 3 ] DEBUG Engine               - fontText: Courier-Prime.ttf
01:46:48.278 [FXGL Background Thread 3 ] DEBUG Engine               - fontUI: VarelaRound-Regular.ttf
01:46:48.278 [FXGL Background Thread 3 ] DEBUG Engine               - fullScreen: BooleanProperty [value: false]
01:46:48.278 [FXGL Background Thread 3 ] DEBUG Engine               - gameDifficulty: MEDIUM
01:46:48.278 [FXGL Background Thread 3 ] DEBUG Engine               - gameDifficultyProperty: ObjectProperty [value: MEDIUM]
01:46:48.278 [FXGL Background Thread 3 ] DEBUG Engine               - globalMusicVolume: 0.5
01:46:48.278 [FXGL Background Thread 3 ] DEBUG Engine               - globalMusicVolumeProperty: DoubleProperty [value: 0.5]
01:46:48.278 [FXGL Background Thread 3 ] DEBUG Engine               - globalSoundVolume: 0.5
01:46:48.278 [FXGL Background Thread 3 ] DEBUG Engine               - globalSoundVolumeProperty: DoubleProperty [value: 0.5]
01:46:48.278 [FXGL Background Thread 3 ] DEBUG Engine               - height: 800
01:46:48.278 [FXGL Background Thread 3 ] DEBUG Engine               - is3D: false
01:46:48.279 [FXGL Background Thread 3 ] DEBUG Engine               - isAndroid: false
01:46:48.279 [FXGL Background Thread 3 ] DEBUG Engine               - isBrowser: false
01:46:48.279 [FXGL Background Thread 3 ] DEBUG Engine               - isClickFeedbackEnabled: false
01:46:48.279 [FXGL Background Thread 3 ] DEBUG Engine               - isCloseConfirmation: false
01:46:48.279 [FXGL Background Thread 3 ] DEBUG Engine               - isDesktop: true
01:46:48.279 [FXGL Background Thread 3 ] DEBUG Engine               - isDeveloperMenuEnabled: true
01:46:48.279 [FXGL Background Thread 3 ] DEBUG Engine               - isEmbedded: false
01:46:48.279 [FXGL Background Thread 3 ] DEBUG Engine               - isEntityPreloadEnabled: true
01:46:48.279 [FXGL Background Thread 3 ] DEBUG Engine               - isExperimentalTiledLargeMap: false
01:46:48.279 [FXGL Background Thread 3 ] DEBUG Engine               - isFileSystemWriteAllowed: true
01:46:48.279 [FXGL Background Thread 3 ] DEBUG Engine               - isFullScreenAllowed: true
01:46:48.279 [FXGL Background Thread 3 ] DEBUG Engine               - isFullScreenFromStart: false
01:46:48.279 [FXGL Background Thread 3 ] DEBUG Engine               - isGameMenuEnabled: true
01:46:48.279 [FXGL Background Thread 3 ] DEBUG Engine               - isIOS: false
01:46:48.279 [FXGL Background Thread 3 ] DEBUG Engine               - isIntroEnabled: false
01:46:48.279 [FXGL Background Thread 3 ] DEBUG Engine               - isLinux: false
01:46:48.279 [FXGL Background Thread 3 ] DEBUG Engine               - isMac: false
01:46:48.279 [FXGL Background Thread 3 ] DEBUG Engine               - isMainMenuEnabled: true
01:46:48.279 [FXGL Background Thread 3 ] DEBUG Engine               - isManualResizeEnabled: false
01:46:48.279 [FXGL Background Thread 3 ] DEBUG Engine               - isMobile: false
01:46:48.279 [FXGL Background Thread 3 ] DEBUG Engine               - isNative: false
01:46:48.279 [FXGL Background Thread 3 ] DEBUG Engine               - isPauseMusicWhenMinimized: true
01:46:48.279 [FXGL Background Thread 3 ] DEBUG Engine               - isPreserveResizeRatio: false
01:46:48.279 [FXGL Background Thread 3 ] DEBUG Engine               - isProfilingEnabled: false
01:46:48.280 [FXGL Background Thread 3 ] DEBUG Engine               - isScaleAffectedOnResize: true
01:46:48.280 [FXGL Background Thread 3 ] DEBUG Engine               - isSingleStep: false
01:46:48.280 [FXGL Background Thread 3 ] DEBUG Engine               - isUserProfileEnabled: false
01:46:48.280 [FXGL Background Thread 3 ] DEBUG Engine               - isWindows: true
01:46:48.280 [FXGL Background Thread 3 ] DEBUG Engine               - language: ObjectProperty [value: ENGLISH]
01:46:48.280 [FXGL Background Thread 3 ] DEBUG Engine               - menuKey: ESCAPE
01:46:48.280 [FXGL Background Thread 3 ] DEBUG Engine               - mouseSensitivity: 0.2
01:46:48.280 [FXGL Background Thread 3 ] DEBUG Engine               - notificationViewClass: class com.almasb.fxgl.notification.view.XboxNotificationView
01:46:48.280 [FXGL Background Thread 3 ] DEBUG Engine               - pixelsPerMeter: 50.0
01:46:48.280 [FXGL Background Thread 3 ] DEBUG Engine               - platform: WINDOWS
01:46:48.280 [FXGL Background Thread 3 ] DEBUG Engine               - prefHeightProperty: ReadOnlyDoubleProperty [value: 800.0]
01:46:48.280 [FXGL Background Thread 3 ] DEBUG Engine               - prefWidthProperty: ReadOnlyDoubleProperty [value: 800.0]
01:46:48.280 [FXGL Background Thread 3 ] DEBUG Engine               - profileDir: profiles/
01:46:48.280 [FXGL Background Thread 3 ] DEBUG Engine               - profileName: StringProperty [value: DEFAULT]
01:46:48.280 [FXGL Background Thread 3 ] DEBUG Engine               - randomSeed: -1
01:46:48.281 [FXGL Background Thread 3 ] DEBUG Engine               - runtimeInfo: RuntimeInfo(platform=WINDOWS, version=17, build=31.12.2021 18.16)
01:46:48.281 [FXGL Background Thread 3 ] DEBUG Engine               - saveFileExt: sav
01:46:48.281 [FXGL Background Thread 3 ] DEBUG Engine               - scaledHeightProp$fxgl: DoubleProperty [bound, value: 800.0]
01:46:48.281 [FXGL Background Thread 3 ] DEBUG Engine               - scaledWidthProp$fxgl: DoubleProperty [bound, value: 800.0]
01:46:48.281 [FXGL Background Thread 3 ] DEBUG Engine               - sceneFactory: com.almasb.fxgl.app.scene.SceneFactory@37161ee2
01:46:48.281 [FXGL Background Thread 3 ] DEBUG Engine               - secondsIn24h: 60
01:46:48.281 [FXGL Background Thread 3 ] DEBUG Engine               - soundMenuBack: menu/back.wav
01:46:48.281 [FXGL Background Thread 3 ] DEBUG Engine               - soundMenuPress: menu/press.wav
01:46:48.281 [FXGL Background Thread 3 ] DEBUG Engine               - soundMenuSelect: menu/select.wav
01:46:48.281 [FXGL Background Thread 3 ] DEBUG Engine               - soundNotification: core/notification.wav
01:46:48.281 [FXGL Background Thread 3 ] DEBUG Engine               - stageStyle: DECORATED
01:46:48.281 [FXGL Background Thread 3 ] DEBUG Engine               - supportedLanguages: [ENGLISH, FRENCH, GERMAN, HUNGARIAN, RUSSIAN]
01:46:48.281 [FXGL Background Thread 3 ] DEBUG Engine               - ticksPerSecond: -1
01:46:48.281 [FXGL Background Thread 3 ] DEBUG Engine               - title: Zelda 2D Game par ماستن
01:46:48.282 [FXGL Background Thread 3 ] DEBUG Engine               - urlGithub: https://github.com/AlmasB/FXGL
01:46:48.282 [FXGL Background Thread 3 ] DEBUG Engine               - urlLeaderboard: http://fxgl-top.herokuapp.com/
01:46:48.282 [FXGL Background Thread 3 ] DEBUG Engine               - urlPOM: https://raw.githubusercontent.com/AlmasB/FXGL/release/README.md
01:46:48.282 [FXGL Background Thread 3 ] DEBUG Engine               - userAppClass: class com.example.zeldapuzzle.MainGameApp
01:46:48.282 [FXGL Background Thread 3 ] DEBUG Engine               - version: 1
01:46:48.282 [FXGL Background Thread 3 ] DEBUG Engine               - versionCheckDays: 7
01:46:48.282 [FXGL Background Thread 3 ] DEBUG Engine               - width: 800
01:46:48.282 [FXGL Background Thread 3 ] DEBUG Engine               - Logging services
01:46:48.282 [FXGL Background Thread 3 ] DEBUG Engine               - class com.almasb.fxgl.app.services.FXGLAssetLoaderService
01:46:48.282 [FXGL Background Thread 3 ] DEBUG Engine               - class com.almasb.fxgl.app.FXGLApplication$GameApplicationService
01:46:48.282 [FXGL Background Thread 3 ] DEBUG Engine               - class com.almasb.fxgl.app.services.FXGLDialogService
01:46:48.282 [FXGL Background Thread 3 ] DEBUG Engine               - class com.almasb.fxgl.app.services.IOTaskExecutorService
01:46:48.282 [FXGL Background Thread 3 ] DEBUG Engine               - class com.almasb.fxgl.io.FileSystemService
01:46:48.282 [FXGL Background Thread 3 ] DEBUG Engine               - class com.almasb.fxgl.localization.LocalizationService
01:46:48.282 [FXGL Background Thread 3 ] DEBUG Engine               - class com.almasb.fxgl.app.services.SystemBundleService
01:46:48.282 [FXGL Background Thread 3 ] DEBUG Engine               - class com.almasb.fxgl.profile.SaveLoadService
01:46:48.282 [FXGL Background Thread 3 ] DEBUG Engine               - class com.almasb.fxgl.ui.FXGLUIFactoryServiceProvider
01:46:48.282 [FXGL Background Thread 3 ] DEBUG Engine               - class com.almasb.fxgl.ui.FXGLDialogFactoryServiceProvider
01:46:48.282 [FXGL Background Thread 3 ] DEBUG Engine               - class com.almasb.fxgl.audio.AudioPlayer
01:46:48.282 [FXGL Background Thread 3 ] DEBUG Engine               - class com.almasb.fxgl.notification.impl.NotificationServiceProvider
01:46:48.282 [FXGL Background Thread 3 ] DEBUG Engine               - class com.almasb.fxgl.achievement.AchievementService
01:46:48.282 [FXGL Background Thread 3 ] DEBUG Engine               - class com.almasb.fxgl.cutscene.CutsceneService
01:46:48.282 [FXGL Background Thread 3 ] DEBUG Engine               - class com.almasb.fxgl.minigames.MiniGameService
01:46:48.282 [FXGL Background Thread 3 ] DEBUG Engine               - class com.almasb.fxgl.net.NetService
01:46:48.282 [FXGL Background Thread 3 ] DEBUG Engine               - class com.almasb.fxgl.app.services.UpdaterService
01:46:48.282 [FXGL Background Thread 3 ] DEBUG Engine               - class com.almasb.fxgl.dev.DevService
01:46:49.681 [JavaFX Application Thread] WARN  TMXLevelLoader       - TiledMap generated from 1.10.2. Supported version: 1.2.3. Some features may not be parsed fully.
01:46:49.712 [JavaFX Application Thread] DEBUG TMXLevelLoader       - Parsed TiledMap: file:/C:/Users/Utilisateur/IdeaProjects/zeldaPuzzle/target/classes/assets/levels/leDongeon.tmx
01:46:49.712 [JavaFX Application Thread] DEBUG TMXLevelLoader       - Creating tile layer entities
01:46:49.712 [JavaFX Application Thread] DEBUG TilesetLoader        - Loading view for layer BG1
01:46:49.717 [JavaFX Application Thread] DEBUG TilesetLoader        - Created buffer with size 2400.0x800.0
01:46:49.732 [JavaFX Application Thread] DEBUG TilesetLoader        - Loading view for layer BG2
01:46:49.736 [JavaFX Application Thread] DEBUG TilesetLoader        - Created buffer with size 2400.0x800.0
01:46:49.745 [JavaFX Application Thread] DEBUG TilesetLoader        - Loading view for layer BG3
01:46:49.746 [JavaFX Application Thread] DEBUG TilesetLoader        - Created buffer with size 2400.0x800.0
01:46:49.756 [JavaFX Application Thread] DEBUG TilesetLoader        - Loading view for layer BG4a
01:46:49.759 [JavaFX Application Thread] DEBUG TilesetLoader        - Created buffer with size 2400.0x800.0
01:46:49.769 [JavaFX Application Thread] DEBUG TilesetLoader        - Loading view for layer BG4b
01:46:49.772 [JavaFX Application Thread] DEBUG TilesetLoader        - Created buffer with size 2400.0x800.0
01:46:49.780 [JavaFX Application Thread] DEBUG TilesetLoader        - Loading view for layer MainBuild3
01:46:49.782 [JavaFX Application Thread] DEBUG TilesetLoader        - Created buffer with size 2400.0x800.0
01:46:49.819 [JavaFX Application Thread] DEBUG TilesetLoader        - Loading view for layer MainBuild2
01:46:49.822 [JavaFX Application Thread] DEBUG TilesetLoader        - Created buffer with size 2400.0x800.0
01:46:49.825 [JavaFX Application Thread] DEBUG TilesetLoader        - Loading view for layer MainBuild
01:46:49.826 [JavaFX Application Thread] DEBUG TilesetLoader        - Created buffer with size 2400.0x800.0
01:46:49.829 [JavaFX Application Thread] DEBUG TMXLevelLoader       - Creating object layer entities
01:46:49.842 [JavaFX Application Thread] DEBUG GameWorld            - Clearing removable entities
01:46:49.843 [JavaFX Application Thread] DEBUG GameWorld            - Setting level: com.almasb.fxgl.entity.level.Level@56c51227
01:46:49.850 [JavaFX Application Thread] WARN  GameWorld            - Entity is already attached to world
01:46:54.513 [JavaFX Application Thread] WARN  GameWorld            - Entity is already attached to world
01:46:57.138 [JavaFX Application Thread] WARN  GameWorld            - Entity is already attached to world
01:46:58.939 [JavaFX Application Thread] WARN  GameWorld            - Entity is already attached to world
01:47:00.257 [JavaFX Application Thread] WARN  GameWorld            - Entity is already attached to world
01:47:03.040 [JavaFX Application Thread] WARN  GameWorld            - Entity is already attached to world
01:47:04.635 [JavaFX Application Thread] WARN  GameWorld            - Entity is already attached to world
01:47:05.469 [JavaFX Application Thread] DEBUG LoopRunner           - Stopping loop
01:47:05.470 [JavaFX Application Thread] FATAL FXGLApplication      - Uncaught Exception:
java.lang.IndexOutOfBoundsException: Index -1 out of bounds for length 1
	at java.base/jdk.internal.util.Preconditions.outOfBounds(Preconditions.java:100)
	at java.base/jdk.internal.util.Preconditions.outOfBoundsCheckIndex(Preconditions.java:106)
	at java.base/jdk.internal.util.Preconditions.checkIndex(Preconditions.java:302)
	at java.base/java.util.Objects.checkIndex(Objects.java:385)
	at java.base/java.util.ArrayList.get(ArrayList.java:427)
	at javafx.graphics@19/javafx.scene.Parent.updateCachedBounds(Parent.java:1704)
	at javafx.graphics@19/javafx.scene.Parent.recomputeBounds(Parent.java:1648)
	at javafx.graphics@19/javafx.scene.Parent.doComputeGeomBounds(Parent.java:1501)
	at javafx.graphics@19/javafx.scene.Parent$1.doComputeGeomBounds(Parent.java:115)
	at javafx.graphics@19/com.sun.javafx.scene.ParentHelper.computeGeomBoundsImpl(ParentHelper.java:84)
	at javafx.graphics@19/com.sun.javafx.scene.NodeHelper.computeGeomBounds(NodeHelper.java:117)
	at javafx.graphics@19/javafx.scene.Node.updateGeomBounds(Node.java:3825)
	at javafx.graphics@19/javafx.scene.Node.getGeomBounds(Node.java:3814)
	at javafx.graphics@19/javafx.scene.Node.getLocalBounds(Node.java:3735)
	at javafx.graphics@19/javafx.scene.Node.updateTxBounds(Node.java:3889)
	at javafx.graphics@19/javafx.scene.Node.getTransformedBounds(Node.java:3681)
	at javafx.graphics@19/javafx.scene.Parent.getChildTransformedBounds(Parent.java:1848)
	at javafx.graphics@19/javafx.scene.Parent.updateCachedBounds(Parent.java:1709)
	at javafx.graphics@19/javafx.scene.Parent.recomputeBounds(Parent.java:1648)
	at javafx.graphics@19/javafx.scene.Parent.doComputeGeomBounds(Parent.java:1501)
	at javafx.graphics@19/javafx.scene.Parent$1.doComputeGeomBounds(Parent.java:115)
	at javafx.graphics@19/com.sun.javafx.scene.ParentHelper.computeGeomBoundsImpl(ParentHelper.java:84)
	at javafx.graphics@19/com.sun.javafx.scene.layout.RegionHelper.superComputeGeomBoundsImpl(RegionHelper.java:78)
	at javafx.graphics@19/com.sun.javafx.scene.layout.RegionHelper.superComputeGeomBounds(RegionHelper.java:62)
	at javafx.graphics@19/javafx.scene.layout.Region.doComputeGeomBounds(Region.java:3355)
	at javafx.graphics@19/javafx.scene.layout.Region$1.doComputeGeomBounds(Region.java:168)
	at javafx.graphics@19/com.sun.javafx.scene.layout.RegionHelper.computeGeomBoundsImpl(RegionHelper.java:89)
	at javafx.graphics@19/com.sun.javafx.scene.NodeHelper.computeGeomBounds(NodeHelper.java:117)
	at javafx.graphics@19/javafx.scene.Node.updateGeomBounds(Node.java:3825)
	at javafx.graphics@19/javafx.scene.Node.getGeomBounds(Node.java:3787)
	at javafx.graphics@19/javafx.scene.Node.getLocalBounds(Node.java:3735)
	at javafx.graphics@19/javafx.scene.Node.updateTxBounds(Node.java:3889)
	at javafx.graphics@19/javafx.scene.Node.getTransformedBounds(Node.java:3681)
	at javafx.graphics@19/javafx.scene.Parent.getChildTransformedBounds(Parent.java:1848)
	at javafx.graphics@19/javafx.scene.Parent.updateCachedBounds(Parent.java:1709)
	at javafx.graphics@19/javafx.scene.Parent.recomputeBounds(Parent.java:1648)
	at javafx.graphics@19/javafx.scene.Parent.doComputeGeomBounds(Parent.java:1501)
	at javafx.graphics@19/javafx.scene.Parent$1.doComputeGeomBounds(Parent.java:115)
	at javafx.graphics@19/com.sun.javafx.scene.ParentHelper.computeGeomBoundsImpl(ParentHelper.java:84)
	at javafx.graphics@19/com.sun.javafx.scene.layout.RegionHelper.superComputeGeomBoundsImpl(RegionHelper.java:78)
	at javafx.graphics@19/com.sun.javafx.scene.layout.RegionHelper.superComputeGeomBounds(RegionHelper.java:62)
	at javafx.graphics@19/javafx.scene.layout.Region.doComputeGeomBounds(Region.java:3355)
	at javafx.graphics@19/javafx.scene.layout.Region$1.doComputeGeomBounds(Region.java:168)
	at javafx.graphics@19/com.sun.javafx.scene.layout.RegionHelper.computeGeomBoundsImpl(RegionHelper.java:89)
	at javafx.graphics@19/com.sun.javafx.scene.NodeHelper.computeGeomBounds(NodeHelper.java:117)
	at javafx.graphics@19/javafx.scene.Node.updateGeomBounds(Node.java:3825)
	at javafx.graphics@19/javafx.scene.Node.getGeomBounds(Node.java:3787)
	at javafx.graphics@19/javafx.scene.Node.getLocalBounds(Node.java:3735)
	at javafx.graphics@19/javafx.scene.Node.intersectsBounds(Node.java:5270)
	at javafx.graphics@19/javafx.scene.Node$1.intersectsBounds(Node.java:559)
	at javafx.graphics@19/com.sun.javafx.scene.NodeHelper.intersectsBounds(NodeHelper.java:264)
	at javafx.graphics@19/javafx.scene.layout.Region.doPickNodeLocal(Region.java:3224)
	at javafx.graphics@19/javafx.scene.layout.Region$1.doPickNodeLocal(Region.java:184)
	at javafx.graphics@19/com.sun.javafx.scene.layout.RegionHelper.pickNodeLocalImpl(RegionHelper.java:104)
	at javafx.graphics@19/com.sun.javafx.scene.NodeHelper.pickNodeLocal(NodeHelper.java:130)
	at javafx.graphics@19/javafx.scene.Node.pickNode(Node.java:5180)
	at javafx.graphics@19/javafx.scene.Scene$MouseHandler.pickNode(Scene.java:4037)
	at javafx.graphics@19/javafx.scene.Scene.pick(Scene.java:2067)
	at javafx.graphics@19/javafx.scene.Scene$MouseHandler.process(Scene.java:3847)
	at javafx.graphics@19/javafx.scene.Scene.processMouseEvent(Scene.java:1887)
	at javafx.graphics@19/javafx.scene.Scene$ScenePeerListener.mouseEvent(Scene.java:2620)
	at javafx.graphics@19/com.sun.javafx.tk.quantum.GlassViewEventHandler$MouseEventNotification.run(GlassViewEventHandler.java:411)
	at javafx.graphics@19/com.sun.javafx.tk.quantum.GlassViewEventHandler$MouseEventNotification.run(GlassViewEventHandler.java:301)
	at java.base/java.security.AccessController.doPrivileged(AccessController.java:399)
	at javafx.graphics@19/com.sun.javafx.tk.quantum.GlassViewEventHandler.lambda$handleMouseEvent$2(GlassViewEventHandler.java:450)
	at javafx.graphics@19/com.sun.javafx.tk.quantum.QuantumToolkit.runWithoutRenderLock(QuantumToolkit.java:424)
	at javafx.graphics@19/com.sun.javafx.tk.quantum.GlassViewEventHandler.handleMouseEvent(GlassViewEventHandler.java:449)
	at javafx.graphics@19/com.sun.glass.ui.View.handleMouseEvent(View.java:551)
	at javafx.graphics@19/com.sun.glass.ui.View.notifyMouse(View.java:937)
	at javafx.graphics@19/com.sun.glass.ui.win.WinApplication._runLoop(Native Method)
	at javafx.graphics@19/com.sun.glass.ui.win.WinApplication.lambda$runLoop$3(WinApplication.java:184)
	at java.base/java.lang.Thread.run(Thread.java:1589)

01:47:05.471 [JavaFX Application Thread] FATAL FXGLApplication      - Application will now exit
01:47:05.474 [JavaFX Application Thread] DEBUG PrimaryStageWindow   - Push state: ErrorSubScene
01:47:05.475 [JavaFX Application Thread] DEBUG Input                - Clearing active input actions
01:47:05.475 [JavaFX Application Thread] DEBUG GameApplicationServi - Removing overlay from GameScene and adding to ErrorSubScene
01:47:05.476 [JavaFX Application Thread] DEBUG PrimaryStageWindow   - GameScene -> ErrorSubScene
01:47:12.786 [JavaFX Application Thread] DEBUG FXGLApplication      - Exiting FXGL
01:47:12.786 [JavaFX Application Thread] DEBUG Async                - Shutting down background threads
01:47:12.786 [JavaFX Application Thread] DEBUG PrimaryStageWindow   - Closing main window
01:47:12.801 [JavaFX Application Thread] DEBUG Logger               - Closing Logger
