01:46:32.135 [main                     ] DEBUG Logger               - Configured Logger
01:46:32.153 [main                     ] DEBUG GameApplication      - Logging settings
Title: Zelda 2D Game
Version: 1
Width: 800
Height: 800
Fullscreen: true
Intro: false
Profiling: false
Single step:false
App Mode: DEVELOPER
Menu Key: ESCAPE
Stage Style: DECORATED
Scene Factory: class com.almasb.fxgl.app.scene.SceneFactory

01:46:32.409 [JavaFX Application Thread] DEBUG FXGLApplication      - Initializing FXGL
01:46:32.415 [JavaFX Application Thread] INFO  Engine               - FXGL-17 (31.12.2021 18.16) on MAC (J:19.0.1 FX:19)
01:46:32.415 [JavaFX Application Thread] DEBUG Engine               - JRE Vendor Name: Oracle Corporation
01:46:32.415 [JavaFX Application Thread] DEBUG Engine               - Running on OS: Mac OS X version 12.5
01:46:32.416 [JavaFX Application Thread] DEBUG Engine               - Architecture: aarch64
01:46:32.416 [JavaFX Application Thread] INFO  Engine               - Source code and latest versions at: https://github.com/AlmasB/FXGL
01:46:32.416 [JavaFX Application Thread] INFO  Engine               -       Ask questions and discuss at: https://github.com/AlmasB/FXGL/discussions
01:46:32.416 [JavaFX Application Thread] INFO  Engine               -              Join the FXGL chat at: https://gitter.im/AlmasB/FXGL
01:46:32.490 [JavaFX Application Thread] DEBUG PrimaryStageWindow   - Creating a JavaFX scene
01:46:32.533 [JavaFX Application Thread] DEBUG PrimaryStageWindow   - Target settings size: 800.0 x 800.0
01:46:32.534 [JavaFX Application Thread] DEBUG PrimaryStageWindow   - Scaled scene size:    800.0 x 800.0
01:46:32.534 [JavaFX Application Thread] DEBUG PrimaryStageWindow   - Scaled ratio: (1.0, 1.0)
01:46:32.535 [JavaFX Application Thread] DEBUG PrimaryStageWindow   - Set initial scene to FXGLStartupScene
01:46:32.539 [JavaFX Application Thread] DEBUG PrimaryStageWindow   - Opening main window
01:46:32.666 [JavaFX Application Thread] DEBUG PrimaryStageWindow   - Window border size: (0.0, 28.0)
01:46:32.666 [JavaFX Application Thread] DEBUG PrimaryStageWindow   - Scaled size: 800.0 x 800.0
01:46:32.666 [JavaFX Application Thread] DEBUG PrimaryStageWindow   - Scaled ratio: (1.0, 1.0)
01:46:32.666 [JavaFX Application Thread] DEBUG PrimaryStageWindow   - Scene size: 800.0 x 800.0
01:46:32.667 [JavaFX Application Thread] DEBUG PrimaryStageWindow   - Stage size: 800.0 x 828.0
01:46:32.673 [FXGL Background Thread 1 ] DEBUG Engine               - Initializing environment variables
01:46:32.714 [FXGL Background Thread 1 ] DEBUG FXGLAssetLoaderServi - User app class for loading assets: class com.example.zeldapuzzle.MainGameApp
01:46:32.714 [FXGL Background Thread 1 ] DEBUG GameApplicationServi - Applying CSS: fxgl_dark.css
01:46:32.715 [FXGL Background Thread 1 ] DEBUG FXGLAssetLoaderServi - Loading from file system: jar:file:///Users/CHLaroche05/.m2/repository/com/github/almasb/fxgl/17/fxgl-17.jar!/fxglassets/ui/css/fxgl_dark.css
01:46:32.756 [FXGL Background Thread 1 ] DEBUG GameApplicationServi - Initializing application scenes
01:46:32.912 [FXGL Background Thread 1 ] DEBUG GameWorld            - Game world initialized
01:46:32.990 [FXGL Background Thread 1 ] DEBUG PhysicsWorld         - Physics world initialized: appHeight=800, physics.ppm=50.0
01:46:32.990 [FXGL Background Thread 1 ] DEBUG PhysicsWorld         - Using strategy: BRUTE_FORCE
01:46:32.998 [FXGL Background Thread 1 ] DEBUG GameScene            - Game scene initialized: 800x800
01:46:33.015 [FXGL Background Thread 1 ] DEBUG FXGL.DefaultMenu     - createMenuBodyMainMenu()
01:46:33.031 [FXGL Background Thread 1 ] DEBUG FXGL.DefaultMenu     - createOptionsMenu()
01:46:33.041 [FXGL Background Thread 1 ] DEBUG FXGLAssetLoaderServi - Loading from file system: jar:file:///Users/CHLaroche05/.m2/repository/com/github/almasb/fxgl/17/fxgl-17.jar!/fxglassets/textures/particles/smoke.png
01:46:33.233 [FXGL Background Thread 1 ] DEBUG FXGLAssetLoaderServi - Loading from file system: jar:file:///Users/CHLaroche05/.m2/repository/com/github/almasb/fxgl/17/fxgl-17.jar!/fxglassets/textures/particles/trace_horizontal.png
01:46:33.263 [FXGL Background Thread 1 ] DEBUG FXGL.DefaultMenu     - createMenuBodyGameMenu()
01:46:33.266 [FXGL Background Thread 1 ] DEBUG FXGL.DefaultMenu     - createOptionsMenu()
01:46:33.315 [FXGL Background Thread 1 ] DEBUG GameApplicationServi - Application scenes initialized
01:46:33.341 [FXGL Background Thread 1 ] DEBUG SystemBundleService  - Loading FXGL system data
01:46:33.351 [FXGL Background Thread 1 ] DEBUG FileSystemAccess     - Reading from: /Users/CHLaroche05/zelda/zeldaPuzzle/system/fxgl.bundle
01:46:33.396 [FXGL Background Thread 1 ] DEBUG SystemBundleService  - Bundle FXGL: {}
01:46:33.397 [FXGL Background Thread 1 ] DEBUG UpdaterService       - Checking for updates
01:46:33.460 [FXGL Background Thread 4 ] DEBUG FXGLApplication      - Loading fonts
01:46:33.461 [FXGL Background Thread 4 ] DEBUG FXGLAssetLoaderServi - Loading from file system: jar:file:///Users/CHLaroche05/.m2/repository/com/github/almasb/fxgl/17/fxgl-17.jar!/fxglassets/ui/fonts/VarelaRound-Regular.ttf
01:46:33.468 [FXGL Background Thread 1 ] DEBUG FXGLApplication      - Loading default localization
01:46:33.468 [FXGL Background Thread 1 ] DEBUG FXGLAssetLoaderServi - Loading from file system: jar:file:///Users/CHLaroche05/.m2/repository/com/github/almasb/fxgl/17/fxgl-17.jar!/fxglassets/languages/english.lang
01:46:33.474 [FXGL Background Thread 4 ] DEBUG FXGLAssetLoaderServi - Loading from file system: jar:file:///Users/CHLaroche05/.m2/repository/com/github/almasb/fxgl/17/fxgl-17.jar!/fxglassets/ui/fonts/Abel-Regular.ttf
01:46:33.478 [FXGL Background Thread 4 ] DEBUG FXGLAssetLoaderServi - Loading from file system: jar:file:///Users/CHLaroche05/.m2/repository/com/github/almasb/fxgl/17/fxgl-17.jar!/fxglassets/ui/fonts/TerminalLandMono-Regular.otf
01:46:33.482 [FXGL Background Thread 4 ] DEBUG FXGLAssetLoaderServi - Loading from file system: jar:file:///Users/CHLaroche05/.m2/repository/com/github/almasb/fxgl/17/fxgl-17.jar!/fxglassets/ui/fonts/Courier-Prime.ttf
01:46:33.488 [JavaFX Application Thread] DEBUG FXGLApplication      - Registering font factories with UI factory
01:46:33.491 [FXGL Background Thread 1 ] INFO  FXGLApplication      - FXGL initialization took: 0.819 sec
01:46:33.502 [JavaFX Application Thread] DEBUG Input                - Registered new binding: inventaire - Tab
01:46:33.502 [JavaFX Application Thread] DEBUG Input                - Registered new binding: getPosition - P
01:46:33.502 [JavaFX Application Thread] DEBUG Input                - Registered new binding: zoom+ - Up
01:46:33.502 [JavaFX Application Thread] DEBUG Input                - Registered new binding: zoom- - Down
01:46:33.502 [JavaFX Application Thread] DEBUG Input                - Registered new binding: resetZoom - 0
01:46:33.503 [JavaFX Application Thread] DEBUG Input                - Registered new binding: Move right - D
01:46:33.503 [JavaFX Application Thread] DEBUG Input                - Registered new binding: Move left - A
01:46:33.503 [JavaFX Application Thread] DEBUG Input                - Registered new binding: Move Up - W
01:46:33.503 [JavaFX Application Thread] DEBUG Input                - Registered new binding: Move Down - S
01:46:33.503 [JavaFX Application Thread] DEBUG Input                - Registered new binding: Jump - Space
01:46:33.503 [JavaFX Application Thread] DEBUG FXGLAssetLoaderServi - Loading from file system: jar:file:///Users/CHLaroche05/.m2/repository/com/github/almasb/fxgl/17/fxgl-17.jar!/fxglassets/textures/fxgl_icon.png
01:46:33.523 [JavaFX Application Thread] DEBUG FXGLAssetLoaderServi - Loading from file system: jar:file:///Users/CHLaroche05/.m2/repository/com/github/almasb/fxgl/17/fxgl-17.jar!/fxglassets/textures/fxgl_default_cursor.png
01:46:33.525 [JavaFX Application Thread] DEBUG Input                - Registered new binding: Screenshot - CTRL+8
01:46:33.525 [JavaFX Application Thread] DEBUG Input                - Registered new binding: Dev Options - 1
01:46:33.525 [JavaFX Application Thread] DEBUG Input                - Registered new binding: Dev Console - 2
01:46:33.526 [JavaFX Application Thread] DEBUG Input                - Registered new binding: System info dump - CTRL+9
01:46:33.526 [JavaFX Application Thread] DEBUG Input                - Registered new binding: Restart - CTRL+R
01:46:33.526 [JavaFX Application Thread] DEBUG Input                - Registered new binding: Toggle Debug Camera - CTRL+7
01:46:33.531 [JavaFX Application Thread] DEBUG LoopRunner           - Starting loop
01:46:33.545 [JavaFX Application Thread] DEBUG LoopRunner           - Initializing JavaFX AnimationTimerLoop
01:46:33.548 [JavaFX Application Thread] DEBUG Input                - Clearing active input actions
01:46:33.558 [JavaFX Application Thread] DEBUG GameApplicationServi - Removing overlay from FXGLStartupScene and adding to FXGLMainMenuDummyScene
01:46:33.563 [JavaFX Application Thread] DEBUG PrimaryStageWindow   - FXGLStartupScene -> FXGLMainMenuDummyScene
01:46:33.563 [JavaFX Application Thread] DEBUG PrimaryStageWindow   - Push state: FXGLDefaultMenu
01:46:33.565 [JavaFX Application Thread] DEBUG Input                - Clearing active input actions
01:46:33.578 [JavaFX Application Thread] DEBUG GameApplicationServi - Removing overlay from FXGLMainMenuDummyScene and adding to FXGLDefaultMenu
01:46:33.579 [JavaFX Application Thread] DEBUG PrimaryStageWindow   - FXGLMainMenuDummyScene -> FXGLDefaultMenu
01:46:34.112 [FXGL Background Thread 2 ] INFO  UpdaterService       - Your current version:  17
01:46:34.112 [FXGL Background Thread 2 ] INFO  UpdaterService       - Latest stable version: 21.1
01:46:34.507 [JavaFX Application Thread] DEBUG Menu                 - fireNewGame()
01:46:34.507 [JavaFX Application Thread] DEBUG GameApplicationServi - Starting new game
01:46:34.509 [JavaFX Application Thread] DEBUG PrimaryStageWindow   - Pop state: FXGLDefaultMenu
01:46:34.509 [JavaFX Application Thread] DEBUG Input                - Clearing active input actions
01:46:34.510 [JavaFX Application Thread] DEBUG GameApplicationServi - Removing overlay from FXGLDefaultMenu and adding to FXGLMainMenuDummyScene
01:46:34.512 [JavaFX Application Thread] DEBUG PrimaryStageWindow   - FXGLMainMenuDummyScene <- FXGLDefaultMenu
01:46:34.513 [JavaFX Application Thread] DEBUG Input                - Clearing active input actions
01:46:34.520 [JavaFX Application Thread] DEBUG GameApplicationServi - Removing overlay from FXGLMainMenuDummyScene and adding to FXGLLoadingScene
01:46:34.520 [JavaFX Application Thread] DEBUG PrimaryStageWindow   - FXGLMainMenuDummyScene -> FXGLLoadingScene
01:46:34.520 [JavaFX Application Thread] DEBUG GameApplicationServi - Clearing previous game
01:46:34.521 [JavaFX Application Thread] DEBUG GameScene            - Clearing game scene
01:46:34.521 [JavaFX Application Thread] DEBUG GameWorld            - Clearing game world
01:46:34.521 [JavaFX Application Thread] DEBUG PhysicsWorld         - Clearing physics world
01:46:34.522 [FXGL Background Thread 2 ] DEBUG FXGLApplication      - Initializing game
01:46:34.558 [FXGL Background Thread 2 ] WARN  TMXLevelLoader       - TiledMap generated from 1.10.2. Supported version: 1.2.3. Some features may not be parsed fully.
01:46:34.655 [FXGL Background Thread 2 ] DEBUG TMXLevelLoader       - Parsed TiledMap: file:/Users/CHLaroche05/zelda/zeldaPuzzle/target/classes/assets/levels/mapFinal.tmx
01:46:34.657 [FXGL Background Thread 2 ] DEBUG TMXLevelLoader       - Creating tile layer entities
01:46:34.658 [FXGL Background Thread 2 ] DEBUG TilesetLoader        - Loading view for layer background
01:46:34.676 [FXGL Background Thread 2 ] DEBUG TilesetLoader        - Created buffer with size 4800.0x4800.0
01:46:34.918 [FXGL Background Thread 2 ] DEBUG TilesetLoader        - Loading view for layer devant
01:46:34.934 [FXGL Background Thread 2 ] DEBUG TilesetLoader        - Created buffer with size 4800.0x4800.0
01:46:34.988 [FXGL Background Thread 2 ] DEBUG TilesetLoader        - Loading view for layer devant1
01:46:35.005 [FXGL Background Thread 2 ] DEBUG TilesetLoader        - Created buffer with size 4800.0x4800.0
01:46:35.034 [FXGL Background Thread 2 ] DEBUG TMXLevelLoader       - Creating object layer entities
01:46:35.093 [FXGL Background Thread 2 ] DEBUG GameWorld            - Clearing removable entities
01:46:35.094 [FXGL Background Thread 2 ] DEBUG GameWorld            - Setting level: com.almasb.fxgl.entity.level.Level@43705958
01:46:35.118 [FXGL Background Thread 2 ] WARN  GameWorld            - Entity is already attached to world
01:46:35.119 [FXGL Background Thread 2 ] WARN  GameWorld            - Entity is already attached to world
01:46:35.124 [FXGL Background Thread 2 ] INFO  FXGLApplication      - Game initialization took: 0.602 sec
01:46:35.125 [JavaFX Application Thread] DEBUG Input                - Clearing active input actions
01:46:35.136 [JavaFX Application Thread] DEBUG GameApplicationServi - Removing overlay from FXGLLoadingScene and adding to GameScene
01:46:35.140 [JavaFX Application Thread] DEBUG PrimaryStageWindow   - FXGLLoadingScene -> GameScene
01:46:36.456 [FXGL Background Thread 3 ] DEBUG Engine               - Logging environment variables
01:46:36.457 [FXGL Background Thread 3 ] DEBUG Engine               - achievements: []
01:46:36.457 [FXGL Background Thread 3 ] DEBUG Engine               - actualHeight: 800.0
01:46:36.457 [FXGL Background Thread 3 ] DEBUG Engine               - actualHeightProperty: ReadOnlyDoubleProperty [value: 800.0]
01:46:36.457 [FXGL Background Thread 3 ] DEBUG Engine               - actualWidth: 800.0
01:46:36.457 [FXGL Background Thread 3 ] DEBUG Engine               - actualWidthProperty: ReadOnlyDoubleProperty [value: 800.0]
01:46:36.457 [FXGL Background Thread 3 ] DEBUG Engine               - appIcon: fxgl_icon.png
01:46:36.458 [FXGL Background Thread 3 ] DEBUG Engine               - applicationMode: DEVELOPER
01:46:36.458 [FXGL Background Thread 3 ] DEBUG Engine               - cSSList: [fxgl_dark.css]
01:46:36.458 [FXGL Background Thread 3 ] DEBUG Engine               - collisionDetectionStrategy: BRUTE_FORCE
01:46:36.458 [FXGL Background Thread 3 ] DEBUG Engine               - configClass: Optional.empty
01:46:36.458 [FXGL Background Thread 3 ] DEBUG Engine               - credits: []
01:46:36.458 [FXGL Background Thread 3 ] DEBUG Engine               - defaultCursor: CursorInfo(imageName=fxgl_default_cursor.png, hotspotX=7.0, hotspotY=6.0)
01:46:36.459 [FXGL Background Thread 3 ] DEBUG Engine               - devBBoxColorProperty: ObjectProperty [value: 0xff0000ff]
01:46:36.459 [FXGL Background Thread 3 ] DEBUG Engine               - devEnableDebugCameraProperty: BooleanProperty [value: false]
01:46:36.459 [FXGL Background Thread 3 ] DEBUG Engine               - devSensorColorProperty: ObjectProperty [value: 0xffff00ff]
01:46:36.459 [FXGL Background Thread 3 ] DEBUG Engine               - devShowBBoxProperty: BooleanProperty [value: false]
01:46:36.459 [FXGL Background Thread 3 ] DEBUG Engine               - devShowPositionProperty: BooleanProperty [value: false]
01:46:36.459 [FXGL Background Thread 3 ] DEBUG Engine               - enabledMenuItems: []
01:46:36.459 [FXGL Background Thread 3 ] DEBUG Engine               - engineServices: [class com.almasb.fxgl.app.services.FXGLAssetLoaderService, class com.almasb.fxgl.app.FXGLApplication$GameApplicationService, class com.almasb.fxgl.app.services.FXGLDialogService, class com.almasb.fxgl.app.services.IOTaskExecutorService, class com.almasb.fxgl.io.FileSystemService, class com.almasb.fxgl.localization.LocalizationService, class com.almasb.fxgl.app.services.SystemBundleService, class com.almasb.fxgl.profile.SaveLoadService, class com.almasb.fxgl.ui.FXGLUIFactoryServiceProvider, class com.almasb.fxgl.ui.FXGLDialogFactoryServiceProvider, class com.almasb.fxgl.audio.AudioPlayer, class com.almasb.fxgl.notification.impl.NotificationServiceProvider, class com.almasb.fxgl.achievement.AchievementService, class com.almasb.fxgl.cutscene.CutsceneService, class com.almasb.fxgl.minigames.MiniGameService, class com.almasb.fxgl.net.NetService, class com.almasb.fxgl.app.services.UpdaterService, class com.almasb.fxgl.dev.DevService]
01:46:36.460 [FXGL Background Thread 3 ] DEBUG Engine               - fontGame: Abel-Regular.ttf
01:46:36.460 [FXGL Background Thread 3 ] DEBUG Engine               - fontMono: TerminalLandMono-Regular.otf
01:46:36.460 [FXGL Background Thread 3 ] DEBUG Engine               - fontText: Courier-Prime.ttf
01:46:36.460 [FXGL Background Thread 3 ] DEBUG Engine               - fontUI: VarelaRound-Regular.ttf
01:46:36.460 [FXGL Background Thread 3 ] DEBUG Engine               - fullScreen: BooleanProperty [value: false]
01:46:36.460 [FXGL Background Thread 3 ] DEBUG Engine               - gameDifficulty: MEDIUM
01:46:36.460 [FXGL Background Thread 3 ] DEBUG Engine               - gameDifficultyProperty: ObjectProperty [value: MEDIUM]
01:46:36.460 [FXGL Background Thread 3 ] DEBUG Engine               - globalMusicVolume: 0.5
01:46:36.461 [FXGL Background Thread 3 ] DEBUG Engine               - globalMusicVolumeProperty: DoubleProperty [value: 0.5]
01:46:36.461 [FXGL Background Thread 3 ] DEBUG Engine               - globalSoundVolume: 0.5
01:46:36.461 [FXGL Background Thread 3 ] DEBUG Engine               - globalSoundVolumeProperty: DoubleProperty [value: 0.5]
01:46:36.461 [FXGL Background Thread 3 ] DEBUG Engine               - height: 800
01:46:36.461 [FXGL Background Thread 3 ] DEBUG Engine               - is3D: false
01:46:36.461 [FXGL Background Thread 3 ] DEBUG Engine               - isAndroid: false
01:46:36.461 [FXGL Background Thread 3 ] DEBUG Engine               - isBrowser: false
01:46:36.461 [FXGL Background Thread 3 ] DEBUG Engine               - isClickFeedbackEnabled: false
01:46:36.461 [FXGL Background Thread 3 ] DEBUG Engine               - isCloseConfirmation: false
01:46:36.461 [FXGL Background Thread 3 ] DEBUG Engine               - isDesktop: true
01:46:36.461 [FXGL Background Thread 3 ] DEBUG Engine               - isDeveloperMenuEnabled: true
01:46:36.462 [FXGL Background Thread 3 ] DEBUG Engine               - isEmbedded: false
01:46:36.462 [FXGL Background Thread 3 ] DEBUG Engine               - isEntityPreloadEnabled: true
01:46:36.462 [FXGL Background Thread 3 ] DEBUG Engine               - isExperimentalTiledLargeMap: false
01:46:36.462 [FXGL Background Thread 3 ] DEBUG Engine               - isFileSystemWriteAllowed: true
01:46:36.462 [FXGL Background Thread 3 ] DEBUG Engine               - isFullScreenAllowed: true
01:46:36.462 [FXGL Background Thread 3 ] DEBUG Engine               - isFullScreenFromStart: false
01:46:36.462 [FXGL Background Thread 3 ] DEBUG Engine               - isGameMenuEnabled: true
01:46:36.462 [FXGL Background Thread 3 ] DEBUG Engine               - isIOS: false
01:46:36.462 [FXGL Background Thread 3 ] DEBUG Engine               - isIntroEnabled: false
01:46:36.462 [FXGL Background Thread 3 ] DEBUG Engine               - isLinux: false
01:46:36.462 [FXGL Background Thread 3 ] DEBUG Engine               - isMac: true
01:46:36.462 [FXGL Background Thread 3 ] DEBUG Engine               - isMainMenuEnabled: true
01:46:36.462 [FXGL Background Thread 3 ] DEBUG Engine               - isManualResizeEnabled: false
01:46:36.462 [FXGL Background Thread 3 ] DEBUG Engine               - isMobile: false
01:46:36.462 [FXGL Background Thread 3 ] DEBUG Engine               - isNative: false
01:46:36.462 [FXGL Background Thread 3 ] DEBUG Engine               - isPauseMusicWhenMinimized: true
01:46:36.462 [FXGL Background Thread 3 ] DEBUG Engine               - isPreserveResizeRatio: false
01:46:36.463 [FXGL Background Thread 3 ] DEBUG Engine               - isProfilingEnabled: false
01:46:36.463 [FXGL Background Thread 3 ] DEBUG Engine               - isScaleAffectedOnResize: true
01:46:36.463 [FXGL Background Thread 3 ] DEBUG Engine               - isSingleStep: false
01:46:36.463 [FXGL Background Thread 3 ] DEBUG Engine               - isUserProfileEnabled: false
01:46:36.463 [FXGL Background Thread 3 ] DEBUG Engine               - isWindows: false
01:46:36.463 [FXGL Background Thread 3 ] DEBUG Engine               - language: ObjectProperty [value: ENGLISH]
01:46:36.463 [FXGL Background Thread 3 ] DEBUG Engine               - menuKey: ESCAPE
01:46:36.463 [FXGL Background Thread 3 ] DEBUG Engine               - mouseSensitivity: 0.2
01:46:36.463 [FXGL Background Thread 3 ] DEBUG Engine               - notificationViewClass: class com.almasb.fxgl.notification.view.XboxNotificationView
01:46:36.463 [FXGL Background Thread 3 ] DEBUG Engine               - pixelsPerMeter: 50.0
01:46:36.463 [FXGL Background Thread 3 ] DEBUG Engine               - platform: MAC
01:46:36.463 [FXGL Background Thread 3 ] DEBUG Engine               - prefHeightProperty: ReadOnlyDoubleProperty [value: 800.0]
01:46:36.464 [FXGL Background Thread 3 ] DEBUG Engine               - prefWidthProperty: ReadOnlyDoubleProperty [value: 800.0]
01:46:36.464 [FXGL Background Thread 3 ] DEBUG Engine               - profileDir: profiles/
01:46:36.464 [FXGL Background Thread 3 ] DEBUG Engine               - profileName: StringProperty [value: DEFAULT]
01:46:36.464 [FXGL Background Thread 3 ] DEBUG Engine               - randomSeed: -1
01:46:36.464 [FXGL Background Thread 3 ] DEBUG Engine               - runtimeInfo: RuntimeInfo(platform=MAC, version=17, build=31.12.2021 18.16)
01:46:36.464 [FXGL Background Thread 3 ] DEBUG Engine               - saveFileExt: sav
01:46:36.464 [FXGL Background Thread 3 ] DEBUG Engine               - scaledHeightProp$fxgl: DoubleProperty [bound, value: 800.0]
01:46:36.464 [FXGL Background Thread 3 ] DEBUG Engine               - scaledWidthProp$fxgl: DoubleProperty [bound, value: 800.0]
01:46:36.464 [FXGL Background Thread 3 ] DEBUG Engine               - sceneFactory: com.almasb.fxgl.app.scene.SceneFactory@73f6aba5
01:46:36.464 [FXGL Background Thread 3 ] DEBUG Engine               - secondsIn24h: 60
01:46:36.464 [FXGL Background Thread 3 ] DEBUG Engine               - soundMenuBack: menu/back.wav
01:46:36.464 [FXGL Background Thread 3 ] DEBUG Engine               - soundMenuPress: menu/press.wav
01:46:36.464 [FXGL Background Thread 3 ] DEBUG Engine               - soundMenuSelect: menu/select.wav
01:46:36.464 [FXGL Background Thread 3 ] DEBUG Engine               - soundNotification: core/notification.wav
01:46:36.465 [FXGL Background Thread 3 ] DEBUG Engine               - stageStyle: DECORATED
01:46:36.465 [FXGL Background Thread 3 ] DEBUG Engine               - supportedLanguages: [ENGLISH, FRENCH, GERMAN, HUNGARIAN, RUSSIAN]
01:46:36.465 [FXGL Background Thread 3 ] DEBUG Engine               - ticksPerSecond: -1
01:46:36.465 [FXGL Background Thread 3 ] DEBUG Engine               - title: Zelda 2D Game
01:46:36.465 [FXGL Background Thread 3 ] DEBUG Engine               - urlGithub: https://github.com/AlmasB/FXGL
01:46:36.465 [FXGL Background Thread 3 ] DEBUG Engine               - urlLeaderboard: http://fxgl-top.herokuapp.com/
01:46:36.465 [FXGL Background Thread 3 ] DEBUG Engine               - urlPOM: https://raw.githubusercontent.com/AlmasB/FXGL/release/README.md
01:46:36.465 [FXGL Background Thread 3 ] DEBUG Engine               - userAppClass: class com.example.zeldapuzzle.MainGameApp
01:46:36.465 [FXGL Background Thread 3 ] DEBUG Engine               - version: 1
01:46:36.465 [FXGL Background Thread 3 ] DEBUG Engine               - versionCheckDays: 7
01:46:36.465 [FXGL Background Thread 3 ] DEBUG Engine               - width: 800
01:46:36.465 [FXGL Background Thread 3 ] DEBUG Engine               - Logging services
01:46:36.465 [FXGL Background Thread 3 ] DEBUG Engine               - class com.almasb.fxgl.app.services.FXGLAssetLoaderService
01:46:36.465 [FXGL Background Thread 3 ] DEBUG Engine               - class com.almasb.fxgl.app.FXGLApplication$GameApplicationService
01:46:36.465 [FXGL Background Thread 3 ] DEBUG Engine               - class com.almasb.fxgl.app.services.FXGLDialogService
01:46:36.465 [FXGL Background Thread 3 ] DEBUG Engine               - class com.almasb.fxgl.app.services.IOTaskExecutorService
01:46:36.465 [FXGL Background Thread 3 ] DEBUG Engine               - class com.almasb.fxgl.io.FileSystemService
01:46:36.466 [FXGL Background Thread 3 ] DEBUG Engine               - class com.almasb.fxgl.localization.LocalizationService
01:46:36.466 [FXGL Background Thread 3 ] DEBUG Engine               - class com.almasb.fxgl.app.services.SystemBundleService
01:46:36.466 [FXGL Background Thread 3 ] DEBUG Engine               - class com.almasb.fxgl.profile.SaveLoadService
01:46:36.466 [FXGL Background Thread 3 ] DEBUG Engine               - class com.almasb.fxgl.ui.FXGLUIFactoryServiceProvider
01:46:36.466 [FXGL Background Thread 3 ] DEBUG Engine               - class com.almasb.fxgl.ui.FXGLDialogFactoryServiceProvider
01:46:36.466 [FXGL Background Thread 3 ] DEBUG Engine               - class com.almasb.fxgl.audio.AudioPlayer
01:46:36.466 [FXGL Background Thread 3 ] DEBUG Engine               - class com.almasb.fxgl.notification.impl.NotificationServiceProvider
01:46:36.466 [FXGL Background Thread 3 ] DEBUG Engine               - class com.almasb.fxgl.achievement.AchievementService
01:46:36.466 [FXGL Background Thread 3 ] DEBUG Engine               - class com.almasb.fxgl.cutscene.CutsceneService
01:46:36.466 [FXGL Background Thread 3 ] DEBUG Engine               - class com.almasb.fxgl.minigames.MiniGameService
01:46:36.466 [FXGL Background Thread 3 ] DEBUG Engine               - class com.almasb.fxgl.net.NetService
01:46:36.466 [FXGL Background Thread 3 ] DEBUG Engine               - class com.almasb.fxgl.app.services.UpdaterService
01:46:36.466 [FXGL Background Thread 3 ] DEBUG Engine               - class com.almasb.fxgl.dev.DevService
01:47:04.324 [JavaFX Application Thread] DEBUG FXGLApplication      - Exiting FXGL
01:47:04.325 [JavaFX Application Thread] DEBUG LoopRunner           - Stopping loop
01:47:04.325 [JavaFX Application Thread] DEBUG SystemBundleService  - Saving FXGL system data
01:47:04.327 [JavaFX Application Thread] DEBUG FileSystemAccess     - Writing to: /Users/CHLaroche05/zelda/zeldaPuzzle/system/fxgl.bundle
01:47:04.329 [JavaFX Application Thread] DEBUG Async                - Shutting down background threads
01:47:04.330 [JavaFX Application Thread] DEBUG PrimaryStageWindow   - Closing main window
01:47:04.336 [JavaFX Application Thread] DEBUG Logger               - Closing Logger
