10:59:45.014 [main                     ] DEBUG Logger               - Configured Logger
10:59:45.029 [main                     ] DEBUG GameApplication      - Logging settings
Title: Zelda 2D Game
Version: 1
Width: 800
Height: 800
Fullscreen: false
Intro: false
Profiling: false
Single step:false
App Mode: DEVELOPER
Menu Key: ESCAPE
Stage Style: DECORATED
Scene Factory: class com.almasb.fxgl.app.scene.SceneFactory

10:59:45.225 [JavaFX Application Thread] DEBUG FXGLApplication      - Initializing FXGL
10:59:45.228 [JavaFX Application Thread] INFO  Engine               - FXGL-17 (31.12.2021 18.16) on WINDOWS (J:21.0.2 FX:19)
10:59:45.229 [JavaFX Application Thread] DEBUG Engine               - JRE Vendor Name: Oracle Corporation
10:59:45.229 [JavaFX Application Thread] DEBUG Engine               - Running on OS: Windows 11 version 10.0
10:59:45.229 [JavaFX Application Thread] DEBUG Engine               - Architecture: amd64
10:59:45.229 [JavaFX Application Thread] INFO  Engine               - Source code and latest versions at: https://github.com/AlmasB/FXGL
10:59:45.229 [JavaFX Application Thread] INFO  Engine               -       Ask questions and discuss at: https://github.com/AlmasB/FXGL/discussions
10:59:45.229 [JavaFX Application Thread] INFO  Engine               -              Join the FXGL chat at: https://gitter.im/AlmasB/FXGL
10:59:45.284 [JavaFX Application Thread] DEBUG PrimaryStageWindow   - Creating a JavaFX scene
10:59:45.313 [JavaFX Application Thread] DEBUG PrimaryStageWindow   - Target settings size: 800.0 x 800.0
10:59:45.313 [JavaFX Application Thread] DEBUG PrimaryStageWindow   - Scaled scene size:    800.0 x 800.0
10:59:45.313 [JavaFX Application Thread] DEBUG PrimaryStageWindow   - Scaled ratio: (1.0, 1.0)
10:59:45.314 [JavaFX Application Thread] DEBUG PrimaryStageWindow   - Set initial scene to FXGLStartupScene
10:59:45.316 [JavaFX Application Thread] DEBUG PrimaryStageWindow   - Opening main window
10:59:45.362 [JavaFX Application Thread] DEBUG PrimaryStageWindow   - Window border size: (16.0, 39.0)
10:59:45.362 [JavaFX Application Thread] DEBUG PrimaryStageWindow   - Scaled size: 800.0 x 800.0
10:59:45.362 [JavaFX Application Thread] DEBUG PrimaryStageWindow   - Scaled ratio: (1.0, 1.0)
10:59:45.363 [JavaFX Application Thread] DEBUG PrimaryStageWindow   - Scene size: 800.0 x 800.0
10:59:45.363 [JavaFX Application Thread] DEBUG PrimaryStageWindow   - Stage size: 816.0 x 839.0
10:59:45.370 [FXGL Background Thread 1 ] DEBUG Engine               - Initializing environment variables
10:59:45.406 [FXGL Background Thread 1 ] DEBUG FXGLAssetLoaderServi - User app class for loading assets: class com.example.zeldapuzzle.MainGameApp
10:59:45.407 [FXGL Background Thread 1 ] DEBUG GameApplicationServi - Applying CSS: fxgl_dark.css
10:59:45.407 [FXGL Background Thread 1 ] DEBUG FXGLAssetLoaderServi - Loading from file system: jar:file:///C:/Users/User/.m2/repository/com/github/almasb/fxgl/17/fxgl-17.jar!/fxglassets/ui/css/fxgl_dark.css
10:59:45.441 [FXGL Background Thread 1 ] DEBUG GameApplicationServi - Initializing application scenes
10:59:45.476 [FXGL Background Thread 1 ] DEBUG GameWorld            - Game world initialized
10:59:45.514 [FXGL Background Thread 1 ] DEBUG PhysicsWorld         - Physics world initialized: appHeight=800, physics.ppm=50.0
10:59:45.514 [FXGL Background Thread 1 ] DEBUG PhysicsWorld         - Using strategy: BRUTE_FORCE
10:59:45.516 [FXGL Background Thread 1 ] DEBUG GameScene            - Game scene initialized: 800x800
10:59:45.522 [FXGL Background Thread 1 ] DEBUG FXGL.DefaultMenu     - createMenuBodyMainMenu()
10:59:45.528 [FXGL Background Thread 1 ] DEBUG FXGL.DefaultMenu     - createOptionsMenu()
10:59:45.534 [FXGL Background Thread 1 ] DEBUG FXGLAssetLoaderServi - Loading from file system: jar:file:///C:/Users/User/.m2/repository/com/github/almasb/fxgl/17/fxgl-17.jar!/fxglassets/textures/particles/smoke.png
10:59:45.584 [FXGL Background Thread 1 ] DEBUG FXGLAssetLoaderServi - Loading from file system: jar:file:///C:/Users/User/.m2/repository/com/github/almasb/fxgl/17/fxgl-17.jar!/fxglassets/textures/particles/trace_horizontal.png
10:59:45.601 [FXGL Background Thread 1 ] DEBUG FXGL.DefaultMenu     - createMenuBodyGameMenu()
10:59:45.601 [FXGL Background Thread 1 ] DEBUG FXGL.DefaultMenu     - createOptionsMenu()
10:59:45.609 [FXGL Background Thread 1 ] DEBUG GameApplicationServi - Application scenes initialized
10:59:45.615 [FXGL Background Thread 1 ] DEBUG SystemBundleService  - Loading FXGL system data
10:59:45.621 [FXGL Background Thread 1 ] DEBUG FileSystemAccess     - Reading from: C:\Users\User\zeldaPuzzle\system\fxgl.bundle
10:59:45.627 [FXGL Background Thread 1 ] DEBUG SystemBundleService  - Bundle FXGL: {}
10:59:45.627 [FXGL Background Thread 1 ] DEBUG UpdaterService       - Checking for updates
10:59:45.645 [FXGL Background Thread 1 ] DEBUG FXGLApplication      - Loading default localization
10:59:45.645 [FXGL Background Thread 4 ] DEBUG FXGLApplication      - Loading fonts
10:59:45.645 [FXGL Background Thread 4 ] DEBUG FXGLAssetLoaderServi - Loading from file system: jar:file:///C:/Users/User/.m2/repository/com/github/almasb/fxgl/17/fxgl-17.jar!/fxglassets/ui/fonts/VarelaRound-Regular.ttf
10:59:45.645 [FXGL Background Thread 1 ] DEBUG FXGLAssetLoaderServi - Loading from file system: jar:file:///C:/Users/User/.m2/repository/com/github/almasb/fxgl/17/fxgl-17.jar!/fxglassets/languages/english.lang
10:59:45.664 [FXGL Background Thread 1 ] INFO  FXGLApplication      - FXGL initialization took: 0.293 sec
10:59:45.672 [JavaFX Application Thread] DEBUG Input                - Registered new binding: getPosition - P
10:59:45.672 [JavaFX Application Thread] DEBUG Input                - Registered new binding: zoom+ - Up
10:59:45.673 [JavaFX Application Thread] DEBUG Input                - Registered new binding: zoom- - Down
10:59:45.673 [JavaFX Application Thread] DEBUG Input                - Registered new binding: resetZoom - 0
10:59:45.673 [JavaFX Application Thread] DEBUG Input                - Registered new binding: Move right - D
10:59:45.674 [JavaFX Application Thread] DEBUG Input                - Registered new binding: Move left - A
10:59:45.674 [JavaFX Application Thread] DEBUG Input                - Registered new binding: Move Up - W
10:59:45.674 [JavaFX Application Thread] DEBUG Input                - Registered new binding: Move Down - S
10:59:45.674 [JavaFX Application Thread] DEBUG FXGLAssetLoaderServi - Loading from file system: jar:file:///C:/Users/User/.m2/repository/com/github/almasb/fxgl/17/fxgl-17.jar!/fxglassets/textures/fxgl_icon.png
10:59:45.675 [FXGL Background Thread 4 ] DEBUG FXGLAssetLoaderServi - Loading from file system: jar:file:///C:/Users/User/.m2/repository/com/github/almasb/fxgl/17/fxgl-17.jar!/fxglassets/ui/fonts/Abel-Regular.ttf
10:59:45.685 [FXGL Background Thread 4 ] DEBUG FXGLAssetLoaderServi - Loading from file system: jar:file:///C:/Users/User/.m2/repository/com/github/almasb/fxgl/17/fxgl-17.jar!/fxglassets/ui/fonts/TerminalLandMono-Regular.otf
10:59:45.688 [JavaFX Application Thread] DEBUG FXGLAssetLoaderServi - Loading from file system: jar:file:///C:/Users/User/.m2/repository/com/github/almasb/fxgl/17/fxgl-17.jar!/fxglassets/textures/fxgl_default_cursor.png
10:59:45.690 [JavaFX Application Thread] DEBUG Input                - Registered new binding: Screenshot - CTRL+8
10:59:45.690 [JavaFX Application Thread] DEBUG Input                - Registered new binding: Dev Options - 1
10:59:45.691 [JavaFX Application Thread] DEBUG Input                - Registered new binding: Dev Console - 2
10:59:45.691 [JavaFX Application Thread] DEBUG Input                - Registered new binding: System info dump - CTRL+9
10:59:45.692 [JavaFX Application Thread] DEBUG Input                - Registered new binding: Restart - CTRL+R
10:59:45.692 [JavaFX Application Thread] DEBUG Input                - Registered new binding: Toggle Debug Camera - CTRL+7
10:59:45.694 [FXGL Background Thread 4 ] DEBUG FXGLAssetLoaderServi - Loading from file system: jar:file:///C:/Users/User/.m2/repository/com/github/almasb/fxgl/17/fxgl-17.jar!/fxglassets/ui/fonts/Courier-Prime.ttf
10:59:45.694 [JavaFX Application Thread] DEBUG LoopRunner           - Starting loop
10:59:45.704 [JavaFX Application Thread] DEBUG LoopRunner           - Initializing JavaFX AnimationTimerLoop
10:59:45.706 [JavaFX Application Thread] DEBUG Input                - Clearing active input actions
10:59:45.714 [JavaFX Application Thread] DEBUG GameApplicationServi - Removing overlay from FXGLStartupScene and adding to FXGLMainMenuDummyScene
10:59:45.718 [JavaFX Application Thread] DEBUG PrimaryStageWindow   - FXGLStartupScene -> FXGLMainMenuDummyScene
10:59:45.718 [JavaFX Application Thread] DEBUG PrimaryStageWindow   - Push state: FXGLDefaultMenu
10:59:45.722 [JavaFX Application Thread] DEBUG Input                - Clearing active input actions
10:59:45.729 [JavaFX Application Thread] DEBUG GameApplicationServi - Removing overlay from FXGLMainMenuDummyScene and adding to FXGLDefaultMenu
10:59:45.730 [JavaFX Application Thread] DEBUG PrimaryStageWindow   - FXGLMainMenuDummyScene -> FXGLDefaultMenu
10:59:45.849 [JavaFX Application Thread] DEBUG FXGLApplication      - Registering font factories with UI factory
10:59:46.039 [FXGL Background Thread 2 ] INFO  UpdaterService       - Your current version:  17
10:59:46.039 [FXGL Background Thread 2 ] INFO  UpdaterService       - Latest stable version: 21
10:59:47.440 [JavaFX Application Thread] DEBUG Menu                 - fireNewGame()
10:59:47.440 [JavaFX Application Thread] DEBUG GameApplicationServi - Starting new game
10:59:47.441 [JavaFX Application Thread] DEBUG PrimaryStageWindow   - Pop state: FXGLDefaultMenu
10:59:47.441 [JavaFX Application Thread] DEBUG Input                - Clearing active input actions
10:59:47.442 [JavaFX Application Thread] DEBUG GameApplicationServi - Removing overlay from FXGLDefaultMenu and adding to FXGLMainMenuDummyScene
10:59:47.443 [JavaFX Application Thread] DEBUG PrimaryStageWindow   - FXGLMainMenuDummyScene <- FXGLDefaultMenu
10:59:47.443 [JavaFX Application Thread] DEBUG Input                - Clearing active input actions
10:59:47.451 [JavaFX Application Thread] DEBUG GameApplicationServi - Removing overlay from FXGLMainMenuDummyScene and adding to FXGLLoadingScene
10:59:47.452 [JavaFX Application Thread] DEBUG PrimaryStageWindow   - FXGLMainMenuDummyScene -> FXGLLoadingScene
10:59:47.453 [JavaFX Application Thread] DEBUG GameApplicationServi - Clearing previous game
10:59:47.453 [JavaFX Application Thread] DEBUG GameScene            - Clearing game scene
10:59:47.453 [JavaFX Application Thread] DEBUG GameWorld            - Clearing game world
10:59:47.453 [JavaFX Application Thread] DEBUG PhysicsWorld         - Clearing physics world
10:59:47.456 [FXGL Background Thread 2 ] DEBUG FXGLApplication      - Initializing game
10:59:47.501 [FXGL Background Thread 2 ] WARN  TMXLevelLoader       - TiledMap generated from 1.10.2. Supported version: 1.2.3. Some features may not be parsed fully.
10:59:47.507 [FXGL Background Thread 2 ] DEBUG TMXLevelLoader       - Parsed TiledMap: file:/C:/Users/User/zeldaPuzzle/target/classes/assets/levels/StartingMap.tmx
10:59:47.507 [FXGL Background Thread 2 ] DEBUG TMXLevelLoader       - Creating tile layer entities
10:59:47.510 [FXGL Background Thread 2 ] DEBUG TilesetLoader        - Loading view for layer Calque de Tuiles 1
10:59:47.516 [FXGL Background Thread 2 ] DEBUG TilesetLoader        - Created buffer with size 1920.0x1920.0
10:59:47.523 [FXGL Background Thread 2 ] DEBUG TilesetLoader        - Loading view for layer Calque de Tuiles 2
10:59:47.527 [FXGL Background Thread 2 ] DEBUG TilesetLoader        - Created buffer with size 1920.0x1920.0
10:59:47.532 [FXGL Background Thread 2 ] DEBUG TilesetLoader        - Loading view for layer Calque de Tuiles 3
10:59:47.544 [FXGL Background Thread 2 ] DEBUG TilesetLoader        - Created buffer with size 1920.0x1920.0
10:59:47.545 [FXGL Background Thread 2 ] DEBUG TMXLevelLoader       - Creating object layer entities
10:59:47.556 [FXGL Background Thread 2 ] DEBUG GameWorld            - Clearing removable entities
10:59:47.556 [FXGL Background Thread 2 ] DEBUG GameWorld            - Setting level: com.almasb.fxgl.entity.level.Level@741fb63d
10:59:47.563 [FXGL Background Thread 2 ] WARN  GameWorld            - Entity is already attached to world
10:59:47.583 [FXGL Background Thread 2 ] WARN  GameWorld            - Entity is already attached to world
10:59:47.584 [FXGL Background Thread 2 ] INFO  FXGLApplication      - Game initialization took: 0.128 sec
10:59:47.584 [JavaFX Application Thread] DEBUG Input                - Clearing active input actions
10:59:47.587 [JavaFX Application Thread] DEBUG GameApplicationServi - Removing overlay from FXGLLoadingScene and adding to GameScene
10:59:47.588 [JavaFX Application Thread] DEBUG PrimaryStageWindow   - FXGLLoadingScene -> GameScene
10:59:48.644 [FXGL Background Thread 3 ] DEBUG Engine               - Logging environment variables
10:59:48.644 [FXGL Background Thread 3 ] DEBUG Engine               - achievements: []
10:59:48.644 [FXGL Background Thread 3 ] DEBUG Engine               - actualHeight: 800.0
10:59:48.644 [FXGL Background Thread 3 ] DEBUG Engine               - actualHeightProperty: ReadOnlyDoubleProperty [value: 800.0]
10:59:48.644 [FXGL Background Thread 3 ] DEBUG Engine               - actualWidth: 800.0
10:59:48.644 [FXGL Background Thread 3 ] DEBUG Engine               - actualWidthProperty: ReadOnlyDoubleProperty [value: 800.0]
10:59:48.644 [FXGL Background Thread 3 ] DEBUG Engine               - appIcon: fxgl_icon.png
10:59:48.644 [FXGL Background Thread 3 ] DEBUG Engine               - applicationMode: DEVELOPER
10:59:48.644 [FXGL Background Thread 3 ] DEBUG Engine               - cSSList: [fxgl_dark.css]
10:59:48.644 [FXGL Background Thread 3 ] DEBUG Engine               - collisionDetectionStrategy: BRUTE_FORCE
10:59:48.644 [FXGL Background Thread 3 ] DEBUG Engine               - configClass: Optional.empty
10:59:48.644 [FXGL Background Thread 3 ] DEBUG Engine               - credits: []
10:59:48.645 [FXGL Background Thread 3 ] DEBUG Engine               - defaultCursor: CursorInfo(imageName=fxgl_default_cursor.png, hotspotX=7.0, hotspotY=6.0)
10:59:48.645 [FXGL Background Thread 3 ] DEBUG Engine               - devBBoxColorProperty: ObjectProperty [value: 0xff0000ff]
10:59:48.645 [FXGL Background Thread 3 ] DEBUG Engine               - devEnableDebugCameraProperty: BooleanProperty [value: false]
10:59:48.645 [FXGL Background Thread 3 ] DEBUG Engine               - devSensorColorProperty: ObjectProperty [value: 0xffff00ff]
10:59:48.645 [FXGL Background Thread 3 ] DEBUG Engine               - devShowBBoxProperty: BooleanProperty [value: false]
10:59:48.645 [FXGL Background Thread 3 ] DEBUG Engine               - devShowPositionProperty: BooleanProperty [value: false]
10:59:48.645 [FXGL Background Thread 3 ] DEBUG Engine               - enabledMenuItems: []
10:59:48.645 [FXGL Background Thread 3 ] DEBUG Engine               - engineServices: [class com.almasb.fxgl.app.services.FXGLAssetLoaderService, class com.almasb.fxgl.app.FXGLApplication$GameApplicationService, class com.almasb.fxgl.app.services.FXGLDialogService, class com.almasb.fxgl.app.services.IOTaskExecutorService, class com.almasb.fxgl.io.FileSystemService, class com.almasb.fxgl.localization.LocalizationService, class com.almasb.fxgl.app.services.SystemBundleService, class com.almasb.fxgl.profile.SaveLoadService, class com.almasb.fxgl.ui.FXGLUIFactoryServiceProvider, class com.almasb.fxgl.ui.FXGLDialogFactoryServiceProvider, class com.almasb.fxgl.audio.AudioPlayer, class com.almasb.fxgl.notification.impl.NotificationServiceProvider, class com.almasb.fxgl.achievement.AchievementService, class com.almasb.fxgl.cutscene.CutsceneService, class com.almasb.fxgl.minigames.MiniGameService, class com.almasb.fxgl.net.NetService, class com.almasb.fxgl.app.services.UpdaterService, class com.almasb.fxgl.dev.DevService]
10:59:48.645 [FXGL Background Thread 3 ] DEBUG Engine               - fontGame: Abel-Regular.ttf
10:59:48.645 [FXGL Background Thread 3 ] DEBUG Engine               - fontMono: TerminalLandMono-Regular.otf
10:59:48.645 [FXGL Background Thread 3 ] DEBUG Engine               - fontText: Courier-Prime.ttf
10:59:48.645 [FXGL Background Thread 3 ] DEBUG Engine               - fontUI: VarelaRound-Regular.ttf
10:59:48.645 [FXGL Background Thread 3 ] DEBUG Engine               - fullScreen: BooleanProperty [value: false]
10:59:48.645 [FXGL Background Thread 3 ] DEBUG Engine               - gameDifficulty: MEDIUM
10:59:48.645 [FXGL Background Thread 3 ] DEBUG Engine               - gameDifficultyProperty: ObjectProperty [value: MEDIUM]
10:59:48.645 [FXGL Background Thread 3 ] DEBUG Engine               - globalMusicVolume: 0.5
10:59:48.645 [FXGL Background Thread 3 ] DEBUG Engine               - globalMusicVolumeProperty: DoubleProperty [value: 0.5]
10:59:48.645 [FXGL Background Thread 3 ] DEBUG Engine               - globalSoundVolume: 0.5
10:59:48.645 [FXGL Background Thread 3 ] DEBUG Engine               - globalSoundVolumeProperty: DoubleProperty [value: 0.5]
10:59:48.646 [FXGL Background Thread 3 ] DEBUG Engine               - height: 800
10:59:48.646 [FXGL Background Thread 3 ] DEBUG Engine               - is3D: false
10:59:48.646 [FXGL Background Thread 3 ] DEBUG Engine               - isAndroid: false
10:59:48.646 [FXGL Background Thread 3 ] DEBUG Engine               - isBrowser: false
10:59:48.646 [FXGL Background Thread 3 ] DEBUG Engine               - isClickFeedbackEnabled: false
10:59:48.646 [FXGL Background Thread 3 ] DEBUG Engine               - isCloseConfirmation: false
10:59:48.646 [FXGL Background Thread 3 ] DEBUG Engine               - isDesktop: true
10:59:48.646 [FXGL Background Thread 3 ] DEBUG Engine               - isDeveloperMenuEnabled: true
10:59:48.646 [FXGL Background Thread 3 ] DEBUG Engine               - isEmbedded: false
10:59:48.646 [FXGL Background Thread 3 ] DEBUG Engine               - isEntityPreloadEnabled: true
10:59:48.646 [FXGL Background Thread 3 ] DEBUG Engine               - isExperimentalTiledLargeMap: false
10:59:48.646 [FXGL Background Thread 3 ] DEBUG Engine               - isFileSystemWriteAllowed: true
10:59:48.646 [FXGL Background Thread 3 ] DEBUG Engine               - isFullScreenAllowed: false
10:59:48.646 [FXGL Background Thread 3 ] DEBUG Engine               - isFullScreenFromStart: false
10:59:48.646 [FXGL Background Thread 3 ] DEBUG Engine               - isGameMenuEnabled: true
10:59:48.646 [FXGL Background Thread 3 ] DEBUG Engine               - isIOS: false
10:59:48.646 [FXGL Background Thread 3 ] DEBUG Engine               - isIntroEnabled: false
10:59:48.646 [FXGL Background Thread 3 ] DEBUG Engine               - isLinux: false
10:59:48.647 [FXGL Background Thread 3 ] DEBUG Engine               - isMac: false
10:59:48.647 [FXGL Background Thread 3 ] DEBUG Engine               - isMainMenuEnabled: true
10:59:48.647 [FXGL Background Thread 3 ] DEBUG Engine               - isManualResizeEnabled: false
10:59:48.647 [FXGL Background Thread 3 ] DEBUG Engine               - isMobile: false
10:59:48.647 [FXGL Background Thread 3 ] DEBUG Engine               - isNative: false
10:59:48.647 [FXGL Background Thread 3 ] DEBUG Engine               - isPauseMusicWhenMinimized: true
10:59:48.647 [FXGL Background Thread 3 ] DEBUG Engine               - isPreserveResizeRatio: false
10:59:48.647 [FXGL Background Thread 3 ] DEBUG Engine               - isProfilingEnabled: false
10:59:48.647 [FXGL Background Thread 3 ] DEBUG Engine               - isScaleAffectedOnResize: true
10:59:48.647 [FXGL Background Thread 3 ] DEBUG Engine               - isSingleStep: false
10:59:48.647 [FXGL Background Thread 3 ] DEBUG Engine               - isUserProfileEnabled: false
10:59:48.647 [FXGL Background Thread 3 ] DEBUG Engine               - isWindows: true
10:59:48.647 [FXGL Background Thread 3 ] DEBUG Engine               - language: ObjectProperty [value: ENGLISH]
10:59:48.647 [FXGL Background Thread 3 ] DEBUG Engine               - menuKey: ESCAPE
10:59:48.647 [FXGL Background Thread 3 ] DEBUG Engine               - mouseSensitivity: 0.2
10:59:48.647 [FXGL Background Thread 3 ] DEBUG Engine               - notificationViewClass: class com.almasb.fxgl.notification.view.XboxNotificationView
10:59:48.647 [FXGL Background Thread 3 ] DEBUG Engine               - pixelsPerMeter: 50.0
10:59:48.647 [FXGL Background Thread 3 ] DEBUG Engine               - platform: WINDOWS
10:59:48.647 [FXGL Background Thread 3 ] DEBUG Engine               - prefHeightProperty: ReadOnlyDoubleProperty [value: 800.0]
10:59:48.648 [FXGL Background Thread 3 ] DEBUG Engine               - prefWidthProperty: ReadOnlyDoubleProperty [value: 800.0]
10:59:48.648 [FXGL Background Thread 3 ] DEBUG Engine               - profileDir: profiles/
10:59:48.648 [FXGL Background Thread 3 ] DEBUG Engine               - profileName: StringProperty [value: DEFAULT]
10:59:48.648 [FXGL Background Thread 3 ] DEBUG Engine               - randomSeed: -1
10:59:48.648 [FXGL Background Thread 3 ] DEBUG Engine               - runtimeInfo: RuntimeInfo(platform=WINDOWS, version=17, build=31.12.2021 18.16)
10:59:48.648 [FXGL Background Thread 3 ] DEBUG Engine               - saveFileExt: sav
10:59:48.648 [FXGL Background Thread 3 ] DEBUG Engine               - scaledHeightProp$fxgl: DoubleProperty [bound, value: 800.0]
10:59:48.648 [FXGL Background Thread 3 ] DEBUG Engine               - scaledWidthProp$fxgl: DoubleProperty [bound, value: 800.0]
10:59:48.648 [FXGL Background Thread 3 ] DEBUG Engine               - sceneFactory: com.almasb.fxgl.app.scene.SceneFactory@32c1d8c9
10:59:48.648 [FXGL Background Thread 3 ] DEBUG Engine               - secondsIn24h: 60
10:59:48.648 [FXGL Background Thread 3 ] DEBUG Engine               - soundMenuBack: menu/back.wav
10:59:48.648 [FXGL Background Thread 3 ] DEBUG Engine               - soundMenuPress: menu/press.wav
10:59:48.648 [FXGL Background Thread 3 ] DEBUG Engine               - soundMenuSelect: menu/select.wav
10:59:48.648 [FXGL Background Thread 3 ] DEBUG Engine               - soundNotification: core/notification.wav
10:59:48.648 [FXGL Background Thread 3 ] DEBUG Engine               - stageStyle: DECORATED
10:59:48.648 [FXGL Background Thread 3 ] DEBUG Engine               - supportedLanguages: [ENGLISH, FRENCH, GERMAN, HUNGARIAN, RUSSIAN]
10:59:48.648 [FXGL Background Thread 3 ] DEBUG Engine               - ticksPerSecond: -1
10:59:48.648 [FXGL Background Thread 3 ] DEBUG Engine               - title: Zelda 2D Game
10:59:48.649 [FXGL Background Thread 3 ] DEBUG Engine               - urlGithub: https://github.com/AlmasB/FXGL
10:59:48.649 [FXGL Background Thread 3 ] DEBUG Engine               - urlLeaderboard: http://fxgl-top.herokuapp.com/
10:59:48.649 [FXGL Background Thread 3 ] DEBUG Engine               - urlPOM: https://raw.githubusercontent.com/AlmasB/FXGL/release/README.md
10:59:48.649 [FXGL Background Thread 3 ] DEBUG Engine               - userAppClass: class com.example.zeldapuzzle.MainGameApp
10:59:48.650 [FXGL Background Thread 3 ] DEBUG Engine               - version: 1
10:59:48.650 [FXGL Background Thread 3 ] DEBUG Engine               - versionCheckDays: 7
10:59:48.650 [FXGL Background Thread 3 ] DEBUG Engine               - width: 800
10:59:48.650 [FXGL Background Thread 3 ] DEBUG Engine               - Logging services
10:59:48.650 [FXGL Background Thread 3 ] DEBUG Engine               - class com.almasb.fxgl.app.services.FXGLAssetLoaderService
10:59:48.650 [FXGL Background Thread 3 ] DEBUG Engine               - class com.almasb.fxgl.app.FXGLApplication$GameApplicationService
10:59:48.650 [FXGL Background Thread 3 ] DEBUG Engine               - class com.almasb.fxgl.app.services.FXGLDialogService
10:59:48.650 [FXGL Background Thread 3 ] DEBUG Engine               - class com.almasb.fxgl.app.services.IOTaskExecutorService
10:59:48.651 [FXGL Background Thread 3 ] DEBUG Engine               - class com.almasb.fxgl.io.FileSystemService
10:59:48.651 [FXGL Background Thread 3 ] DEBUG Engine               - class com.almasb.fxgl.localization.LocalizationService
10:59:48.651 [FXGL Background Thread 3 ] DEBUG Engine               - class com.almasb.fxgl.app.services.SystemBundleService
10:59:48.651 [FXGL Background Thread 3 ] DEBUG Engine               - class com.almasb.fxgl.profile.SaveLoadService
10:59:48.653 [FXGL Background Thread 3 ] DEBUG Engine               - class com.almasb.fxgl.ui.FXGLUIFactoryServiceProvider
10:59:48.653 [FXGL Background Thread 3 ] DEBUG Engine               - class com.almasb.fxgl.ui.FXGLDialogFactoryServiceProvider
10:59:48.653 [FXGL Background Thread 3 ] DEBUG Engine               - class com.almasb.fxgl.audio.AudioPlayer
10:59:48.653 [FXGL Background Thread 3 ] DEBUG Engine               - class com.almasb.fxgl.notification.impl.NotificationServiceProvider
10:59:48.653 [FXGL Background Thread 3 ] DEBUG Engine               - class com.almasb.fxgl.achievement.AchievementService
10:59:48.654 [FXGL Background Thread 3 ] DEBUG Engine               - class com.almasb.fxgl.cutscene.CutsceneService
10:59:48.654 [FXGL Background Thread 3 ] DEBUG Engine               - class com.almasb.fxgl.minigames.MiniGameService
10:59:48.654 [FXGL Background Thread 3 ] DEBUG Engine               - class com.almasb.fxgl.net.NetService
10:59:48.654 [FXGL Background Thread 3 ] DEBUG Engine               - class com.almasb.fxgl.app.services.UpdaterService
10:59:48.654 [FXGL Background Thread 3 ] DEBUG Engine               - class com.almasb.fxgl.dev.DevService
11:00:22.722 [JavaFX Application Thread] DEBUG FXGLApplication      - Exiting FXGL
11:00:22.722 [JavaFX Application Thread] DEBUG LoopRunner           - Stopping loop
11:00:22.722 [JavaFX Application Thread] DEBUG SystemBundleService  - Saving FXGL system data
11:00:22.723 [JavaFX Application Thread] DEBUG FileSystemAccess     - Writing to: C:\Users\User\zeldaPuzzle\system\fxgl.bundle
11:00:22.725 [JavaFX Application Thread] DEBUG Async                - Shutting down background threads
11:00:22.725 [JavaFX Application Thread] DEBUG PrimaryStageWindow   - Closing main window
11:00:22.731 [JavaFX Application Thread] DEBUG Logger               - Closing Logger
