11:05:54.048 [main                     ] DEBUG Logger               - Configured Logger
11:05:54.069 [main                     ] DEBUG GameApplication      - Logging settings
Title: Zelda 2D Game
Version: 1
Width: 800
Height: 800
Fullscreen: true
Intro: false
Profiling: false
Single step:false
App Mode: DEVELOPER
Menu Key: ESCAPE
Stage Style: DECORATED
Scene Factory: class com.almasb.fxgl.app.scene.SceneFactory

11:05:54.154 [JavaFX Application Thread] DEBUG FXGLApplication      - Initializing FXGL
11:05:54.161 [JavaFX Application Thread] INFO  Engine               - FXGL-17 (31.12.2021 18.16) on WINDOWS (J:19.0.2 FX:19)
11:05:54.162 [JavaFX Application Thread] DEBUG Engine               - JRE Vendor Name: Amazon.com Inc.
11:05:54.162 [JavaFX Application Thread] DEBUG Engine               - Running on OS: Windows 11 version 10.0
11:05:54.162 [JavaFX Application Thread] DEBUG Engine               - Architecture: amd64
11:05:54.162 [JavaFX Application Thread] INFO  Engine               - Source code and latest versions at: https://github.com/AlmasB/FXGL
11:05:54.162 [JavaFX Application Thread] INFO  Engine               -       Ask questions and discuss at: https://github.com/AlmasB/FXGL/discussions
11:05:54.163 [JavaFX Application Thread] INFO  Engine               -              Join the FXGL chat at: https://gitter.im/AlmasB/FXGL
11:05:54.233 [JavaFX Application Thread] DEBUG PrimaryStageWindow   - Creating a JavaFX scene
11:05:54.287 [JavaFX Application Thread] DEBUG PrimaryStageWindow   - Target settings size: 800.0 x 800.0
11:05:54.288 [JavaFX Application Thread] DEBUG PrimaryStageWindow   - Scaled scene size:    800.0 x 800.0
11:05:54.289 [JavaFX Application Thread] DEBUG PrimaryStageWindow   - Scaled ratio: (1.0, 1.0)
11:05:54.290 [JavaFX Application Thread] DEBUG PrimaryStageWindow   - Set initial scene to FXGLStartupScene
11:05:54.296 [JavaFX Application Thread] DEBUG PrimaryStageWindow   - Opening main window
11:05:54.396 [JavaFX Application Thread] DEBUG PrimaryStageWindow   - Window border size: (13.0, 35.5)
11:05:54.397 [JavaFX Application Thread] DEBUG PrimaryStageWindow   - Scaled size: 800.0 x 800.0
11:05:54.397 [JavaFX Application Thread] DEBUG PrimaryStageWindow   - Scaled ratio: (1.0, 1.0)
11:05:54.397 [JavaFX Application Thread] DEBUG PrimaryStageWindow   - Scene size: 800.0 x 800.0
11:05:54.397 [JavaFX Application Thread] DEBUG PrimaryStageWindow   - Stage size: 813.0 x 835.5
11:05:54.411 [FXGL Background Thread 1 ] DEBUG Engine               - Initializing environment variables
11:05:54.480 [FXGL Background Thread 1 ] DEBUG FXGLAssetLoaderServi - User app class for loading assets: class com.example.zeldapuzzle.MainGameApp
11:05:54.480 [FXGL Background Thread 1 ] DEBUG GameApplicationServi - Applying CSS: fxgl_dark.css
11:05:54.481 [FXGL Background Thread 1 ] DEBUG FXGLAssetLoaderServi - Loading from file system: jar:file:///C:/Users/Utilisateur/.m2/repository/com/github/almasb/fxgl/17/fxgl-17.jar!/fxglassets/ui/css/fxgl_dark.css
11:05:54.537 [FXGL Background Thread 1 ] DEBUG GameApplicationServi - Initializing application scenes
11:05:54.617 [FXGL Background Thread 1 ] DEBUG GameWorld            - Game world initialized
11:05:54.695 [FXGL Background Thread 1 ] DEBUG PhysicsWorld         - Physics world initialized: appHeight=800, physics.ppm=50,0
11:05:54.696 [FXGL Background Thread 1 ] DEBUG PhysicsWorld         - Using strategy: BRUTE_FORCE
11:05:54.703 [FXGL Background Thread 1 ] DEBUG GameScene            - Game scene initialized: 800x800
11:05:54.730 [FXGL Background Thread 1 ] DEBUG FXGL.DefaultMenu     - createMenuBodyMainMenu()
11:05:54.746 [FXGL Background Thread 1 ] DEBUG FXGL.DefaultMenu     - createOptionsMenu()
11:05:54.762 [FXGL Background Thread 1 ] DEBUG FXGLAssetLoaderServi - Loading from file system: jar:file:///C:/Users/Utilisateur/.m2/repository/com/github/almasb/fxgl/17/fxgl-17.jar!/fxglassets/textures/particles/smoke.png
11:05:54.888 [FXGL Background Thread 1 ] DEBUG FXGLAssetLoaderServi - Loading from file system: jar:file:///C:/Users/Utilisateur/.m2/repository/com/github/almasb/fxgl/17/fxgl-17.jar!/fxglassets/textures/particles/trace_horizontal.png
11:05:54.915 [FXGL Background Thread 1 ] DEBUG FXGL.DefaultMenu     - createMenuBodyGameMenu()
11:05:54.918 [FXGL Background Thread 1 ] DEBUG FXGL.DefaultMenu     - createOptionsMenu()
11:05:54.935 [FXGL Background Thread 1 ] DEBUG GameApplicationServi - Application scenes initialized
11:05:54.947 [FXGL Background Thread 1 ] DEBUG SystemBundleService  - Loading FXGL system data
11:05:54.955 [FXGL Background Thread 1 ] DEBUG FileSystemAccess     - Reading from: C:\Users\Utilisateur\IdeaProjects\zeldaPuzzle\system\fxgl.bundle
11:05:54.966 [FXGL Background Thread 1 ] DEBUG SystemBundleService  - Bundle FXGL: {}
11:05:54.966 [FXGL Background Thread 1 ] DEBUG UpdaterService       - Checking for updates
11:05:54.995 [FXGL Background Thread 4 ] DEBUG FXGLApplication      - Loading fonts
11:05:54.996 [FXGL Background Thread 4 ] DEBUG FXGLAssetLoaderServi - Loading from file system: jar:file:///C:/Users/Utilisateur/.m2/repository/com/github/almasb/fxgl/17/fxgl-17.jar!/fxglassets/ui/fonts/VarelaRound-Regular.ttf
11:05:54.997 [FXGL Background Thread 1 ] DEBUG FXGLApplication      - Loading default localization
11:05:55.000 [FXGL Background Thread 1 ] DEBUG FXGLAssetLoaderServi - Loading from file system: jar:file:///C:/Users/Utilisateur/.m2/repository/com/github/almasb/fxgl/17/fxgl-17.jar!/fxglassets/languages/english.lang
11:05:55.055 [FXGL Background Thread 1 ] INFO  FXGLApplication      - FXGL initialization took: 0,644 sec
11:05:55.080 [FXGL Background Thread 4 ] DEBUG FXGLAssetLoaderServi - Loading from file system: jar:file:///C:/Users/Utilisateur/.m2/repository/com/github/almasb/fxgl/17/fxgl-17.jar!/fxglassets/ui/fonts/Abel-Regular.ttf
11:05:55.086 [JavaFX Application Thread] DEBUG Input                - Registered new binding: getPosition - P
11:05:55.087 [JavaFX Application Thread] DEBUG Input                - Registered new binding: zoom+ - Up
11:05:55.087 [JavaFX Application Thread] DEBUG Input                - Registered new binding: zoom- - Down
11:05:55.088 [JavaFX Application Thread] DEBUG Input                - Registered new binding: resetZoom - 0
11:05:55.088 [JavaFX Application Thread] DEBUG Input                - Registered new binding: Move right - D
11:05:55.089 [JavaFX Application Thread] DEBUG Input                - Registered new binding: Move left - A
11:05:55.089 [JavaFX Application Thread] DEBUG Input                - Registered new binding: Move Up - W
11:05:55.090 [JavaFX Application Thread] DEBUG Input                - Registered new binding: Move Down - S
11:05:55.090 [JavaFX Application Thread] DEBUG FXGLAssetLoaderServi - Loading from file system: jar:file:///C:/Users/Utilisateur/.m2/repository/com/github/almasb/fxgl/17/fxgl-17.jar!/fxglassets/textures/fxgl_icon.png
11:05:55.091 [FXGL Background Thread 4 ] DEBUG FXGLAssetLoaderServi - Loading from file system: jar:file:///C:/Users/Utilisateur/.m2/repository/com/github/almasb/fxgl/17/fxgl-17.jar!/fxglassets/ui/fonts/TerminalLandMono-Regular.otf
11:05:55.103 [FXGL Background Thread 4 ] DEBUG FXGLAssetLoaderServi - Loading from file system: jar:file:///C:/Users/Utilisateur/.m2/repository/com/github/almasb/fxgl/17/fxgl-17.jar!/fxglassets/ui/fonts/Courier-Prime.ttf
11:05:55.114 [JavaFX Application Thread] DEBUG FXGLAssetLoaderServi - Loading from file system: jar:file:///C:/Users/Utilisateur/.m2/repository/com/github/almasb/fxgl/17/fxgl-17.jar!/fxglassets/textures/fxgl_default_cursor.png
11:05:55.120 [JavaFX Application Thread] DEBUG Input                - Registered new binding: Screenshot - CTRL+8
11:05:55.121 [JavaFX Application Thread] DEBUG Input                - Registered new binding: Dev Options - 1
11:05:55.122 [JavaFX Application Thread] DEBUG Input                - Registered new binding: Dev Console - 2
11:05:55.123 [JavaFX Application Thread] DEBUG Input                - Registered new binding: System info dump - CTRL+9
11:05:55.124 [JavaFX Application Thread] DEBUG Input                - Registered new binding: Restart - CTRL+R
11:05:55.127 [JavaFX Application Thread] DEBUG Input                - Registered new binding: Toggle Debug Camera - CTRL+7
11:05:55.133 [JavaFX Application Thread] DEBUG LoopRunner           - Starting loop
11:05:55.159 [JavaFX Application Thread] DEBUG LoopRunner           - Initializing JavaFX AnimationTimerLoop
11:05:55.163 [JavaFX Application Thread] DEBUG Input                - Clearing active input actions
11:05:55.173 [JavaFX Application Thread] DEBUG GameApplicationServi - Removing overlay from FXGLStartupScene and adding to FXGLMainMenuDummyScene
11:05:55.187 [JavaFX Application Thread] DEBUG PrimaryStageWindow   - FXGLStartupScene -> FXGLMainMenuDummyScene
11:05:55.187 [JavaFX Application Thread] DEBUG PrimaryStageWindow   - Push state: FXGLDefaultMenu
11:05:55.200 [JavaFX Application Thread] DEBUG Input                - Clearing active input actions
11:05:55.213 [JavaFX Application Thread] DEBUG GameApplicationServi - Removing overlay from FXGLMainMenuDummyScene and adding to FXGLDefaultMenu
11:05:55.215 [JavaFX Application Thread] DEBUG PrimaryStageWindow   - FXGLMainMenuDummyScene -> FXGLDefaultMenu
11:05:55.215 [JavaFX Application Thread] DEBUG FXGLApplication      - Registering font factories with UI factory
11:05:55.595 [FXGL Background Thread 2 ] INFO  UpdaterService       - Your current version:  17
11:05:55.596 [FXGL Background Thread 2 ] INFO  UpdaterService       - Latest stable version: 21.1
11:05:56.845 [JavaFX Application Thread] DEBUG Menu                 - fireNewGame()
11:05:56.846 [JavaFX Application Thread] DEBUG GameApplicationServi - Starting new game
11:05:56.849 [JavaFX Application Thread] DEBUG PrimaryStageWindow   - Pop state: FXGLDefaultMenu
11:05:56.849 [JavaFX Application Thread] DEBUG Input                - Clearing active input actions
11:05:56.852 [JavaFX Application Thread] DEBUG GameApplicationServi - Removing overlay from FXGLDefaultMenu and adding to FXGLMainMenuDummyScene
11:05:56.857 [JavaFX Application Thread] DEBUG PrimaryStageWindow   - FXGLMainMenuDummyScene <- FXGLDefaultMenu
11:05:56.858 [JavaFX Application Thread] DEBUG Input                - Clearing active input actions
11:05:56.867 [JavaFX Application Thread] DEBUG GameApplicationServi - Removing overlay from FXGLMainMenuDummyScene and adding to FXGLLoadingScene
11:05:56.868 [JavaFX Application Thread] DEBUG PrimaryStageWindow   - FXGLMainMenuDummyScene -> FXGLLoadingScene
11:05:56.869 [JavaFX Application Thread] DEBUG GameApplicationServi - Clearing previous game
11:05:56.870 [JavaFX Application Thread] DEBUG GameScene            - Clearing game scene
11:05:56.870 [JavaFX Application Thread] DEBUG GameWorld            - Clearing game world
11:05:56.870 [JavaFX Application Thread] DEBUG PhysicsWorld         - Clearing physics world
11:05:56.875 [FXGL Background Thread 2 ] DEBUG FXGLApplication      - Initializing game
11:05:56.991 [FXGL Background Thread 2 ] WARN  TMXLevelLoader       - TiledMap generated from 1.10.2. Supported version: 1.2.3. Some features may not be parsed fully.
11:05:57.005 [FXGL Background Thread 2 ] DEBUG TMXLevelLoader       - Parsed TiledMap: file:/C:/Users/Utilisateur/IdeaProjects/zeldaPuzzle/target/classes/assets/levels/StartingMap.tmx
11:05:57.007 [FXGL Background Thread 2 ] DEBUG TMXLevelLoader       - Creating tile layer entities
11:05:57.011 [FXGL Background Thread 2 ] DEBUG TilesetLoader        - Loading view for layer Calque de Tuiles 1
11:05:57.015 [FXGL Background Thread 2 ] DEBUG TilesetLoader        - Created buffer with size 1920.0x1920.0
11:05:57.028 [FXGL Background Thread 2 ] DEBUG TilesetLoader        - Loading view for layer Calque de Tuiles 2
11:05:57.035 [FXGL Background Thread 2 ] DEBUG TilesetLoader        - Created buffer with size 1920.0x1920.0
11:05:57.043 [FXGL Background Thread 2 ] DEBUG TilesetLoader        - Loading view for layer Calque de Tuiles 3
11:05:57.051 [FXGL Background Thread 2 ] DEBUG TilesetLoader        - Created buffer with size 1920.0x1920.0
11:05:57.053 [FXGL Background Thread 2 ] DEBUG TMXLevelLoader       - Creating object layer entities
11:05:57.080 [FXGL Background Thread 2 ] DEBUG GameWorld            - Clearing removable entities
11:05:57.080 [FXGL Background Thread 2 ] DEBUG GameWorld            - Setting level: com.almasb.fxgl.entity.level.Level@2e4158f6
11:05:57.093 [FXGL Background Thread 2 ] WARN  GameWorld            - Entity is already attached to world
11:05:57.171 [FXGL Background Thread 2 ] WARN  GameWorld            - Entity is already attached to world
11:05:57.172 [FXGL Background Thread 2 ] INFO  FXGLApplication      - Game initialization took: 0,297 sec
11:05:57.184 [JavaFX Application Thread] DEBUG Input                - Clearing active input actions
11:05:57.193 [JavaFX Application Thread] DEBUG GameApplicationServi - Removing overlay from FXGLLoadingScene and adding to GameScene
11:05:57.196 [JavaFX Application Thread] DEBUG PrimaryStageWindow   - FXGLLoadingScene -> GameScene
11:05:57.994 [FXGL Background Thread 3 ] DEBUG Engine               - Logging environment variables
11:05:57.996 [FXGL Background Thread 3 ] DEBUG Engine               - achievements: []
11:05:57.997 [FXGL Background Thread 3 ] DEBUG Engine               - actualHeight: 800.0
11:05:57.997 [FXGL Background Thread 3 ] DEBUG Engine               - actualHeightProperty: ReadOnlyDoubleProperty [value: 800.0]
11:05:57.998 [FXGL Background Thread 3 ] DEBUG Engine               - actualWidth: 800.0
11:05:57.998 [FXGL Background Thread 3 ] DEBUG Engine               - actualWidthProperty: ReadOnlyDoubleProperty [value: 800.0]
11:05:57.998 [FXGL Background Thread 3 ] DEBUG Engine               - appIcon: fxgl_icon.png
11:05:57.998 [FXGL Background Thread 3 ] DEBUG Engine               - applicationMode: DEVELOPER
11:05:58.001 [FXGL Background Thread 3 ] DEBUG Engine               - cSSList: [fxgl_dark.css]
11:05:58.001 [FXGL Background Thread 3 ] DEBUG Engine               - collisionDetectionStrategy: BRUTE_FORCE
11:05:58.002 [FXGL Background Thread 3 ] DEBUG Engine               - configClass: Optional.empty
11:05:58.002 [FXGL Background Thread 3 ] DEBUG Engine               - credits: []
11:05:58.004 [FXGL Background Thread 3 ] DEBUG Engine               - defaultCursor: CursorInfo(imageName=fxgl_default_cursor.png, hotspotX=7.0, hotspotY=6.0)
11:05:58.004 [FXGL Background Thread 3 ] DEBUG Engine               - devBBoxColorProperty: ObjectProperty [value: 0xff0000ff]
11:05:58.005 [FXGL Background Thread 3 ] DEBUG Engine               - devEnableDebugCameraProperty: BooleanProperty [value: false]
11:05:58.005 [FXGL Background Thread 3 ] DEBUG Engine               - devSensorColorProperty: ObjectProperty [value: 0xffff00ff]
11:05:58.006 [FXGL Background Thread 3 ] DEBUG Engine               - devShowBBoxProperty: BooleanProperty [value: false]
11:05:58.006 [FXGL Background Thread 3 ] DEBUG Engine               - devShowPositionProperty: BooleanProperty [value: false]
11:05:58.007 [FXGL Background Thread 3 ] DEBUG Engine               - enabledMenuItems: []
11:05:58.010 [FXGL Background Thread 3 ] DEBUG Engine               - engineServices: [class com.almasb.fxgl.app.services.FXGLAssetLoaderService, class com.almasb.fxgl.app.FXGLApplication$GameApplicationService, class com.almasb.fxgl.app.services.FXGLDialogService, class com.almasb.fxgl.app.services.IOTaskExecutorService, class com.almasb.fxgl.io.FileSystemService, class com.almasb.fxgl.localization.LocalizationService, class com.almasb.fxgl.app.services.SystemBundleService, class com.almasb.fxgl.profile.SaveLoadService, class com.almasb.fxgl.ui.FXGLUIFactoryServiceProvider, class com.almasb.fxgl.ui.FXGLDialogFactoryServiceProvider, class com.almasb.fxgl.audio.AudioPlayer, class com.almasb.fxgl.notification.impl.NotificationServiceProvider, class com.almasb.fxgl.achievement.AchievementService, class com.almasb.fxgl.cutscene.CutsceneService, class com.almasb.fxgl.minigames.MiniGameService, class com.almasb.fxgl.net.NetService, class com.almasb.fxgl.app.services.UpdaterService, class com.almasb.fxgl.dev.DevService]
11:05:58.010 [FXGL Background Thread 3 ] DEBUG Engine               - fontGame: Abel-Regular.ttf
11:05:58.010 [FXGL Background Thread 3 ] DEBUG Engine               - fontMono: TerminalLandMono-Regular.otf
11:05:58.010 [FXGL Background Thread 3 ] DEBUG Engine               - fontText: Courier-Prime.ttf
11:05:58.010 [FXGL Background Thread 3 ] DEBUG Engine               - fontUI: VarelaRound-Regular.ttf
11:05:58.011 [FXGL Background Thread 3 ] DEBUG Engine               - fullScreen: BooleanProperty [value: false]
11:05:58.011 [FXGL Background Thread 3 ] DEBUG Engine               - gameDifficulty: MEDIUM
11:05:58.011 [FXGL Background Thread 3 ] DEBUG Engine               - gameDifficultyProperty: ObjectProperty [value: MEDIUM]
11:05:58.011 [FXGL Background Thread 3 ] DEBUG Engine               - globalMusicVolume: 0.5
11:05:58.011 [FXGL Background Thread 3 ] DEBUG Engine               - globalMusicVolumeProperty: DoubleProperty [value: 0.5]
11:05:58.011 [FXGL Background Thread 3 ] DEBUG Engine               - globalSoundVolume: 0.5
11:05:58.011 [FXGL Background Thread 3 ] DEBUG Engine               - globalSoundVolumeProperty: DoubleProperty [value: 0.5]
11:05:58.011 [FXGL Background Thread 3 ] DEBUG Engine               - height: 800
11:05:58.011 [FXGL Background Thread 3 ] DEBUG Engine               - is3D: false
11:05:58.012 [FXGL Background Thread 3 ] DEBUG Engine               - isAndroid: false
11:05:58.012 [FXGL Background Thread 3 ] DEBUG Engine               - isBrowser: false
11:05:58.012 [FXGL Background Thread 3 ] DEBUG Engine               - isClickFeedbackEnabled: false
11:05:58.012 [FXGL Background Thread 3 ] DEBUG Engine               - isCloseConfirmation: false
11:05:58.012 [FXGL Background Thread 3 ] DEBUG Engine               - isDesktop: true
11:05:58.012 [FXGL Background Thread 3 ] DEBUG Engine               - isDeveloperMenuEnabled: true
11:05:58.012 [FXGL Background Thread 3 ] DEBUG Engine               - isEmbedded: false
11:05:58.012 [FXGL Background Thread 3 ] DEBUG Engine               - isEntityPreloadEnabled: true
11:05:58.012 [FXGL Background Thread 3 ] DEBUG Engine               - isExperimentalTiledLargeMap: false
11:05:58.012 [FXGL Background Thread 3 ] DEBUG Engine               - isFileSystemWriteAllowed: true
11:05:58.012 [FXGL Background Thread 3 ] DEBUG Engine               - isFullScreenAllowed: true
11:05:58.013 [FXGL Background Thread 3 ] DEBUG Engine               - isFullScreenFromStart: false
11:05:58.013 [FXGL Background Thread 3 ] DEBUG Engine               - isGameMenuEnabled: true
11:05:58.013 [FXGL Background Thread 3 ] DEBUG Engine               - isIOS: false
11:05:58.013 [FXGL Background Thread 3 ] DEBUG Engine               - isIntroEnabled: false
11:05:58.013 [FXGL Background Thread 3 ] DEBUG Engine               - isLinux: false
11:05:58.013 [FXGL Background Thread 3 ] DEBUG Engine               - isMac: false
11:05:58.013 [FXGL Background Thread 3 ] DEBUG Engine               - isMainMenuEnabled: true
11:05:58.013 [FXGL Background Thread 3 ] DEBUG Engine               - isManualResizeEnabled: false
11:05:58.013 [FXGL Background Thread 3 ] DEBUG Engine               - isMobile: false
11:05:58.013 [FXGL Background Thread 3 ] DEBUG Engine               - isNative: false
11:05:58.013 [FXGL Background Thread 3 ] DEBUG Engine               - isPauseMusicWhenMinimized: true
11:05:58.013 [FXGL Background Thread 3 ] DEBUG Engine               - isPreserveResizeRatio: false
11:05:58.014 [FXGL Background Thread 3 ] DEBUG Engine               - isProfilingEnabled: false
11:05:58.014 [FXGL Background Thread 3 ] DEBUG Engine               - isScaleAffectedOnResize: true
11:05:58.014 [FXGL Background Thread 3 ] DEBUG Engine               - isSingleStep: false
11:05:58.014 [FXGL Background Thread 3 ] DEBUG Engine               - isUserProfileEnabled: false
11:05:58.015 [FXGL Background Thread 3 ] DEBUG Engine               - isWindows: true
11:05:58.015 [FXGL Background Thread 3 ] DEBUG Engine               - language: ObjectProperty [value: ENGLISH]
11:05:58.015 [FXGL Background Thread 3 ] DEBUG Engine               - menuKey: ESCAPE
11:05:58.015 [FXGL Background Thread 3 ] DEBUG Engine               - mouseSensitivity: 0.2
11:05:58.015 [FXGL Background Thread 3 ] DEBUG Engine               - notificationViewClass: class com.almasb.fxgl.notification.view.XboxNotificationView
11:05:58.015 [FXGL Background Thread 3 ] DEBUG Engine               - pixelsPerMeter: 50.0
11:05:58.015 [FXGL Background Thread 3 ] DEBUG Engine               - platform: WINDOWS
11:05:58.015 [FXGL Background Thread 3 ] DEBUG Engine               - prefHeightProperty: ReadOnlyDoubleProperty [value: 800.0]
11:05:58.015 [FXGL Background Thread 3 ] DEBUG Engine               - prefWidthProperty: ReadOnlyDoubleProperty [value: 800.0]
11:05:58.015 [FXGL Background Thread 3 ] DEBUG Engine               - profileDir: profiles/
11:05:58.016 [FXGL Background Thread 3 ] DEBUG Engine               - profileName: StringProperty [value: DEFAULT]
11:05:58.016 [FXGL Background Thread 3 ] DEBUG Engine               - randomSeed: -1
11:05:58.016 [FXGL Background Thread 3 ] DEBUG Engine               - runtimeInfo: RuntimeInfo(platform=WINDOWS, version=17, build=31.12.2021 18.16)
11:05:58.016 [FXGL Background Thread 3 ] DEBUG Engine               - saveFileExt: sav
11:05:58.017 [FXGL Background Thread 3 ] DEBUG Engine               - scaledHeightProp$fxgl: DoubleProperty [bound, value: 800.0]
11:05:58.017 [FXGL Background Thread 3 ] DEBUG Engine               - scaledWidthProp$fxgl: DoubleProperty [bound, value: 800.0]
11:05:58.017 [FXGL Background Thread 3 ] DEBUG Engine               - sceneFactory: com.almasb.fxgl.app.scene.SceneFactory@3be60a8d
11:05:58.017 [FXGL Background Thread 3 ] DEBUG Engine               - secondsIn24h: 60
11:05:58.017 [FXGL Background Thread 3 ] DEBUG Engine               - soundMenuBack: menu/back.wav
11:05:58.017 [FXGL Background Thread 3 ] DEBUG Engine               - soundMenuPress: menu/press.wav
11:05:58.017 [FXGL Background Thread 3 ] DEBUG Engine               - soundMenuSelect: menu/select.wav
11:05:58.017 [FXGL Background Thread 3 ] DEBUG Engine               - soundNotification: core/notification.wav
11:05:58.017 [FXGL Background Thread 3 ] DEBUG Engine               - stageStyle: DECORATED
11:05:58.018 [FXGL Background Thread 3 ] DEBUG Engine               - supportedLanguages: [ENGLISH, FRENCH, GERMAN, HUNGARIAN, RUSSIAN]
11:05:58.018 [FXGL Background Thread 3 ] DEBUG Engine               - ticksPerSecond: -1
11:05:58.018 [FXGL Background Thread 3 ] DEBUG Engine               - title: Zelda 2D Game
11:05:58.018 [FXGL Background Thread 3 ] DEBUG Engine               - urlGithub: https://github.com/AlmasB/FXGL
11:05:58.018 [FXGL Background Thread 3 ] DEBUG Engine               - urlLeaderboard: http://fxgl-top.herokuapp.com/
11:05:58.019 [FXGL Background Thread 3 ] DEBUG Engine               - urlPOM: https://raw.githubusercontent.com/AlmasB/FXGL/release/README.md
11:05:58.019 [FXGL Background Thread 3 ] DEBUG Engine               - userAppClass: class com.example.zeldapuzzle.MainGameApp
11:05:58.019 [FXGL Background Thread 3 ] DEBUG Engine               - version: 1
11:05:58.019 [FXGL Background Thread 3 ] DEBUG Engine               - versionCheckDays: 7
11:05:58.019 [FXGL Background Thread 3 ] DEBUG Engine               - width: 800
11:05:58.019 [FXGL Background Thread 3 ] DEBUG Engine               - Logging services
11:05:58.020 [FXGL Background Thread 3 ] DEBUG Engine               - class com.almasb.fxgl.app.services.FXGLAssetLoaderService
11:05:58.020 [FXGL Background Thread 3 ] DEBUG Engine               - class com.almasb.fxgl.app.FXGLApplication$GameApplicationService
11:05:58.020 [FXGL Background Thread 3 ] DEBUG Engine               - class com.almasb.fxgl.app.services.FXGLDialogService
11:05:58.020 [FXGL Background Thread 3 ] DEBUG Engine               - class com.almasb.fxgl.app.services.IOTaskExecutorService
11:05:58.020 [FXGL Background Thread 3 ] DEBUG Engine               - class com.almasb.fxgl.io.FileSystemService
11:05:58.020 [FXGL Background Thread 3 ] DEBUG Engine               - class com.almasb.fxgl.localization.LocalizationService
11:05:58.020 [FXGL Background Thread 3 ] DEBUG Engine               - class com.almasb.fxgl.app.services.SystemBundleService
11:05:58.021 [FXGL Background Thread 3 ] DEBUG Engine               - class com.almasb.fxgl.profile.SaveLoadService
11:05:58.022 [FXGL Background Thread 3 ] DEBUG Engine               - class com.almasb.fxgl.ui.FXGLUIFactoryServiceProvider
11:05:58.022 [FXGL Background Thread 3 ] DEBUG Engine               - class com.almasb.fxgl.ui.FXGLDialogFactoryServiceProvider
11:05:58.022 [FXGL Background Thread 3 ] DEBUG Engine               - class com.almasb.fxgl.audio.AudioPlayer
11:05:58.022 [FXGL Background Thread 3 ] DEBUG Engine               - class com.almasb.fxgl.notification.impl.NotificationServiceProvider
11:05:58.022 [FXGL Background Thread 3 ] DEBUG Engine               - class com.almasb.fxgl.achievement.AchievementService
11:05:58.022 [FXGL Background Thread 3 ] DEBUG Engine               - class com.almasb.fxgl.cutscene.CutsceneService
11:05:58.022 [FXGL Background Thread 3 ] DEBUG Engine               - class com.almasb.fxgl.minigames.MiniGameService
11:05:58.022 [FXGL Background Thread 3 ] DEBUG Engine               - class com.almasb.fxgl.net.NetService
11:05:58.022 [FXGL Background Thread 3 ] DEBUG Engine               - class com.almasb.fxgl.app.services.UpdaterService
11:05:58.022 [FXGL Background Thread 3 ] DEBUG Engine               - class com.almasb.fxgl.dev.DevService
11:06:01.684 [JavaFX Application Thread] WARN  TMXLevelLoader       - TiledMap generated from 1.10.2. Supported version: 1.2.3. Some features may not be parsed fully.
11:06:01.704 [JavaFX Application Thread] DEBUG TMXLevelLoader       - Parsed TiledMap: file:/C:/Users/Utilisateur/IdeaProjects/zeldaPuzzle/target/classes/assets/levels/donjonPasFini.tmx
11:06:01.705 [JavaFX Application Thread] DEBUG TMXLevelLoader       - Creating tile layer entities
11:06:01.706 [JavaFX Application Thread] DEBUG TilesetLoader        - Loading view for layer Calque de Tuiles 2
11:06:01.714 [JavaFX Application Thread] DEBUG TilesetLoader        - Created buffer with size 3200.0x960.0
11:06:01.756 [JavaFX Application Thread] WARN  TilesetLoader        - Diagonally flipped tiles are not currently supported
11:06:01.757 [JavaFX Application Thread] WARN  TilesetLoader        - Diagonally flipped tiles are not currently supported
11:06:01.757 [JavaFX Application Thread] WARN  TilesetLoader        - Diagonally flipped tiles are not currently supported
11:06:01.757 [JavaFX Application Thread] WARN  TilesetLoader        - Diagonally flipped tiles are not currently supported
11:06:01.758 [JavaFX Application Thread] WARN  TilesetLoader        - Diagonally flipped tiles are not currently supported
11:06:01.758 [JavaFX Application Thread] WARN  TilesetLoader        - Diagonally flipped tiles are not currently supported
11:06:01.758 [JavaFX Application Thread] WARN  TilesetLoader        - Diagonally flipped tiles are not currently supported
11:06:01.758 [JavaFX Application Thread] WARN  TilesetLoader        - Diagonally flipped tiles are not currently supported
11:06:01.759 [JavaFX Application Thread] WARN  TilesetLoader        - Diagonally flipped tiles are not currently supported
11:06:01.759 [JavaFX Application Thread] WARN  TilesetLoader        - Diagonally flipped tiles are not currently supported
11:06:01.759 [JavaFX Application Thread] DEBUG TilesetLoader        - Loading view for layer background
11:06:01.764 [JavaFX Application Thread] DEBUG TilesetLoader        - Created buffer with size 3200.0x960.0
11:06:01.769 [JavaFX Application Thread] DEBUG TilesetLoader        - Loading view for layer Calque de Tuiles 3
11:06:01.825 [JavaFX Application Thread] DEBUG TilesetLoader        - Created buffer with size 3200.0x960.0
11:06:01.827 [JavaFX Application Thread] DEBUG TilesetLoader        - Loading view for layer Calque de Tuiles 1
11:06:01.857 [JavaFX Application Thread] DEBUG TilesetLoader        - Created buffer with size 3200.0x960.0
11:06:01.859 [JavaFX Application Thread] DEBUG TMXLevelLoader       - Creating object layer entities
11:06:01.865 [JavaFX Application Thread] DEBUG GameWorld            - Clearing removable entities
11:06:01.870 [JavaFX Application Thread] DEBUG GameWorld            - Setting level: com.almasb.fxgl.entity.level.Level@54dba587
11:06:01.941 [JavaFX Application Thread] WARN  GameWorld            - Entity is already attached to world
11:06:04.291 [JavaFX Application Thread] WARN  GameWorld            - Entity is already attached to world
11:06:06.985 [JavaFX Application Thread] WARN  GameWorld            - Entity is already attached to world
11:06:06.985 [JavaFX Application Thread] WARN  GameWorld            - Entity is already attached to world
11:06:10.807 [JavaFX Application Thread] WARN  GameWorld            - Entity is already attached to world
11:06:10.807 [JavaFX Application Thread] WARN  GameWorld            - Entity is already attached to world
11:06:13.648 [JavaFX Application Thread] WARN  GameWorld            - Entity is already attached to world
11:06:13.648 [JavaFX Application Thread] WARN  GameWorld            - Entity is already attached to world
11:06:51.545 [JavaFX Application Thread] WARN  GameWorld            - Entity is already attached to world
11:06:51.546 [JavaFX Application Thread] WARN  GameWorld            - Entity is already attached to world
11:06:58.844 [JavaFX Application Thread] WARN  GameWorld            - Entity is already attached to world
11:06:58.844 [JavaFX Application Thread] WARN  GameWorld            - Entity is already attached to world
11:07:01.102 [JavaFX Application Thread] WARN  GameWorld            - Entity is already attached to world
11:07:01.103 [JavaFX Application Thread] WARN  GameWorld            - Entity is already attached to world
11:07:02.668 [JavaFX Application Thread] WARN  GameWorld            - Entity is already attached to world
11:07:02.669 [JavaFX Application Thread] WARN  GameWorld            - Entity is already attached to world
11:07:04.665 [JavaFX Application Thread] WARN  GameWorld            - Entity is already attached to world
11:07:04.665 [JavaFX Application Thread] WARN  GameWorld            - Entity is already attached to world
11:07:14.176 [JavaFX Application Thread] WARN  GameWorld            - Entity is already attached to world
11:07:14.176 [JavaFX Application Thread] WARN  GameWorld            - Entity is already attached to world
11:07:16.407 [JavaFX Application Thread] WARN  GameWorld            - Entity is already attached to world
11:07:16.407 [JavaFX Application Thread] WARN  GameWorld            - Entity is already attached to world
11:07:19.181 [JavaFX Application Thread] WARN  GameWorld            - Entity is already attached to world
11:07:19.181 [JavaFX Application Thread] WARN  GameWorld            - Entity is already attached to world
11:07:20.414 [JavaFX Application Thread] WARN  GameWorld            - Entity is already attached to world
11:07:20.414 [JavaFX Application Thread] WARN  GameWorld            - Entity is already attached to world
11:07:28.031 [JavaFX Application Thread] WARN  GameWorld            - Entity is already attached to world
11:07:28.031 [JavaFX Application Thread] WARN  GameWorld            - Entity is already attached to world
11:07:31.654 [JavaFX Application Thread] WARN  GameWorld            - Entity is already attached to world
11:07:31.655 [JavaFX Application Thread] WARN  GameWorld            - Entity is already attached to world
11:07:34.896 [JavaFX Application Thread] WARN  GameWorld            - Entity is already attached to world
11:07:34.896 [JavaFX Application Thread] WARN  GameWorld            - Entity is already attached to world
11:07:36.359 [JavaFX Application Thread] WARN  GameWorld            - Entity is already attached to world
11:07:36.359 [JavaFX Application Thread] WARN  GameWorld            - Entity is already attached to world
11:07:37.023 [JavaFX Application Thread] WARN  GameWorld            - Entity is already attached to world
11:07:37.023 [JavaFX Application Thread] WARN  GameWorld            - Entity is already attached to world
11:07:37.355 [JavaFX Application Thread] WARN  GameWorld            - Entity is already attached to world
11:07:37.355 [JavaFX Application Thread] WARN  GameWorld            - Entity is already attached to world
11:07:38.855 [JavaFX Application Thread] WARN  GameWorld            - Entity is already attached to world
11:07:38.856 [JavaFX Application Thread] WARN  GameWorld            - Entity is already attached to world
11:07:39.036 [JavaFX Application Thread] WARN  GameWorld            - Entity is already attached to world
11:07:39.036 [JavaFX Application Thread] WARN  GameWorld            - Entity is already attached to world
11:07:39.214 [JavaFX Application Thread] WARN  GameWorld            - Entity is already attached to world
11:07:39.214 [JavaFX Application Thread] WARN  GameWorld            - Entity is already attached to world
11:07:39.390 [JavaFX Application Thread] WARN  GameWorld            - Entity is already attached to world
11:07:39.390 [JavaFX Application Thread] WARN  GameWorld            - Entity is already attached to world
11:07:39.570 [JavaFX Application Thread] WARN  GameWorld            - Entity is already attached to world
11:07:39.570 [JavaFX Application Thread] WARN  GameWorld            - Entity is already attached to world
11:07:39.726 [JavaFX Application Thread] WARN  GameWorld            - Entity is already attached to world
11:07:39.726 [JavaFX Application Thread] WARN  GameWorld            - Entity is already attached to world
11:07:39.904 [JavaFX Application Thread] WARN  GameWorld            - Entity is already attached to world
11:07:39.904 [JavaFX Application Thread] WARN  GameWorld            - Entity is already attached to world
11:07:40.071 [JavaFX Application Thread] WARN  GameWorld            - Entity is already attached to world
11:07:40.071 [JavaFX Application Thread] WARN  GameWorld            - Entity is already attached to world
11:07:44.655 [JavaFX Application Thread] WARN  GameWorld            - Entity is already attached to world
11:07:44.655 [JavaFX Application Thread] WARN  GameWorld            - Entity is already attached to world
11:07:49.022 [JavaFX Application Thread] WARN  GameWorld            - Entity is already attached to world
11:07:49.022 [JavaFX Application Thread] WARN  GameWorld            - Entity is already attached to world
11:07:49.229 [JavaFX Application Thread] WARN  GameWorld            - Entity is already attached to world
11:07:49.230 [JavaFX Application Thread] WARN  GameWorld            - Entity is already attached to world
11:07:49.446 [JavaFX Application Thread] WARN  GameWorld            - Entity is already attached to world
11:07:49.446 [JavaFX Application Thread] WARN  GameWorld            - Entity is already attached to world
11:07:49.661 [JavaFX Application Thread] WARN  GameWorld            - Entity is already attached to world
11:07:49.661 [JavaFX Application Thread] WARN  GameWorld            - Entity is already attached to world
11:07:49.846 [JavaFX Application Thread] WARN  GameWorld            - Entity is already attached to world
11:07:49.846 [JavaFX Application Thread] WARN  GameWorld            - Entity is already attached to world
11:07:50.030 [JavaFX Application Thread] WARN  GameWorld            - Entity is already attached to world
11:07:50.030 [JavaFX Application Thread] WARN  GameWorld            - Entity is already attached to world
11:07:50.215 [JavaFX Application Thread] WARN  GameWorld            - Entity is already attached to world
11:07:50.215 [JavaFX Application Thread] WARN  GameWorld            - Entity is already attached to world
11:07:50.393 [JavaFX Application Thread] WARN  GameWorld            - Entity is already attached to world
11:07:50.393 [JavaFX Application Thread] WARN  GameWorld            - Entity is already attached to world
11:07:50.592 [JavaFX Application Thread] WARN  GameWorld            - Entity is already attached to world
11:07:50.592 [JavaFX Application Thread] WARN  GameWorld            - Entity is already attached to world
11:07:50.767 [JavaFX Application Thread] WARN  GameWorld            - Entity is already attached to world
11:07:50.767 [JavaFX Application Thread] WARN  GameWorld            - Entity is already attached to world
11:07:50.959 [JavaFX Application Thread] WARN  GameWorld            - Entity is already attached to world
11:07:50.960 [JavaFX Application Thread] WARN  GameWorld            - Entity is already attached to world
11:07:51.150 [JavaFX Application Thread] WARN  GameWorld            - Entity is already attached to world
11:07:51.150 [JavaFX Application Thread] WARN  GameWorld            - Entity is already attached to world
11:07:51.358 [JavaFX Application Thread] WARN  GameWorld            - Entity is already attached to world
11:07:51.358 [JavaFX Application Thread] WARN  GameWorld            - Entity is already attached to world
11:07:51.566 [JavaFX Application Thread] WARN  GameWorld            - Entity is already attached to world
11:07:51.566 [JavaFX Application Thread] WARN  GameWorld            - Entity is already attached to world
11:07:51.772 [JavaFX Application Thread] WARN  GameWorld            - Entity is already attached to world
11:07:51.772 [JavaFX Application Thread] WARN  GameWorld            - Entity is already attached to world
11:07:51.966 [JavaFX Application Thread] WARN  GameWorld            - Entity is already attached to world
11:07:51.966 [JavaFX Application Thread] WARN  GameWorld            - Entity is already attached to world
11:07:52.110 [JavaFX Application Thread] WARN  GameWorld            - Entity is already attached to world
11:07:52.110 [JavaFX Application Thread] WARN  GameWorld            - Entity is already attached to world
11:07:53.703 [JavaFX Application Thread] WARN  GameWorld            - Entity is already attached to world
11:07:53.703 [JavaFX Application Thread] WARN  GameWorld            - Entity is already attached to world
11:07:56.271 [JavaFX Application Thread] WARN  GameWorld            - Entity is already attached to world
11:07:56.271 [JavaFX Application Thread] WARN  GameWorld            - Entity is already attached to world
11:08:00.510 [JavaFX Application Thread] WARN  GameWorld            - Entity is already attached to world
11:08:00.510 [JavaFX Application Thread] WARN  GameWorld            - Entity is already attached to world
11:08:00.719 [JavaFX Application Thread] WARN  GameWorld            - Entity is already attached to world
11:08:00.720 [JavaFX Application Thread] WARN  GameWorld            - Entity is already attached to world
11:08:00.910 [JavaFX Application Thread] WARN  GameWorld            - Entity is already attached to world
11:08:00.910 [JavaFX Application Thread] WARN  GameWorld            - Entity is already attached to world
11:08:01.118 [JavaFX Application Thread] WARN  GameWorld            - Entity is already attached to world
11:08:01.119 [JavaFX Application Thread] WARN  GameWorld            - Entity is already attached to world
11:08:01.335 [JavaFX Application Thread] WARN  GameWorld            - Entity is already attached to world
11:08:01.335 [JavaFX Application Thread] WARN  GameWorld            - Entity is already attached to world
11:08:01.551 [JavaFX Application Thread] WARN  GameWorld            - Entity is already attached to world
11:08:01.551 [JavaFX Application Thread] WARN  GameWorld            - Entity is already attached to world
11:08:01.735 [JavaFX Application Thread] WARN  GameWorld            - Entity is already attached to world
11:08:01.735 [JavaFX Application Thread] WARN  GameWorld            - Entity is already attached to world
11:08:01.917 [JavaFX Application Thread] WARN  GameWorld            - Entity is already attached to world
11:08:01.917 [JavaFX Application Thread] WARN  GameWorld            - Entity is already attached to world
11:08:04.687 [JavaFX Application Thread] WARN  GameWorld            - Entity is already attached to world
11:08:04.687 [JavaFX Application Thread] WARN  GameWorld            - Entity is already attached to world
11:08:07.271 [JavaFX Application Thread] WARN  GameWorld            - Entity is already attached to world
11:08:07.271 [JavaFX Application Thread] WARN  GameWorld            - Entity is already attached to world
11:08:09.318 [JavaFX Application Thread] WARN  GameWorld            - Entity is already attached to world
11:08:09.318 [JavaFX Application Thread] WARN  GameWorld            - Entity is already attached to world
11:08:12.792 [JavaFX Application Thread] WARN  GameWorld            - Entity is already attached to world
11:08:12.792 [JavaFX Application Thread] WARN  GameWorld            - Entity is already attached to world
11:08:18.777 [JavaFX Application Thread] WARN  GameWorld            - Entity is already attached to world
11:08:18.777 [JavaFX Application Thread] WARN  GameWorld            - Entity is already attached to world
11:08:21.055 [JavaFX Application Thread] WARN  GameWorld            - Entity is already attached to world
11:08:21.055 [JavaFX Application Thread] WARN  GameWorld            - Entity is already attached to world
11:08:23.678 [JavaFX Application Thread] WARN  GameWorld            - Entity is already attached to world
11:08:23.678 [JavaFX Application Thread] WARN  GameWorld            - Entity is already attached to world
11:08:27.311 [JavaFX Application Thread] WARN  GameWorld            - Entity is already attached to world
11:08:27.311 [JavaFX Application Thread] WARN  GameWorld            - Entity is already attached to world
11:08:30.350 [JavaFX Application Thread] DEBUG FXGLApplication      - Exiting FXGL
11:08:30.350 [JavaFX Application Thread] DEBUG LoopRunner           - Stopping loop
11:08:30.350 [JavaFX Application Thread] DEBUG SystemBundleService  - Saving FXGL system data
11:08:30.351 [JavaFX Application Thread] DEBUG FileSystemAccess     - Writing to: C:\Users\Utilisateur\IdeaProjects\zeldaPuzzle\system\fxgl.bundle
11:08:30.354 [JavaFX Application Thread] DEBUG Async                - Shutting down background threads
11:08:30.355 [JavaFX Application Thread] DEBUG PrimaryStageWindow   - Closing main window
11:08:30.384 [JavaFX Application Thread] DEBUG Logger               - Closing Logger
