09:23:31.542 [main                     ] DEBUG Logger               - Configured Logger
09:23:31.569 [main                     ] DEBUG GameApplication      - Logging settings
Title: Zelda 2D Game
Version: 1
Width: 800
Height: 800
Fullscreen: false
Intro: false
Profiling: false
Single step:false
App Mode: DEVELOPER
Menu Key: ESCAPE
Stage Style: DECORATED
Scene Factory: class com.almasb.fxgl.app.scene.SceneFactory

09:23:32.027 [JavaFX Application Thread] DEBUG FXGLApplication      - Initializing FXGL
09:23:32.032 [JavaFX Application Thread] INFO  Engine               - FXGL-17 (31.12.2021 18.16) on WINDOWS (J:21.0.2 FX:19)
09:23:32.033 [JavaFX Application Thread] DEBUG Engine               - JRE Vendor Name: Oracle Corporation
09:23:32.033 [JavaFX Application Thread] DEBUG Engine               - Running on OS: Windows 10 version 10.0
09:23:32.033 [JavaFX Application Thread] DEBUG Engine               - Architecture: amd64
09:23:32.033 [JavaFX Application Thread] INFO  Engine               - Source code and latest versions at: https://github.com/AlmasB/FXGL
09:23:32.033 [JavaFX Application Thread] INFO  Engine               -       Ask questions and discuss at: https://github.com/AlmasB/FXGL/discussions
09:23:32.034 [JavaFX Application Thread] INFO  Engine               -              Join the FXGL chat at: https://gitter.im/AlmasB/FXGL
09:23:32.138 [JavaFX Application Thread] DEBUG PrimaryStageWindow   - Creating a JavaFX scene
09:23:32.189 [JavaFX Application Thread] DEBUG PrimaryStageWindow   - Target settings size: 800.0 x 800.0
09:23:32.189 [JavaFX Application Thread] DEBUG PrimaryStageWindow   - Scaled scene size:    800.0 x 800.0
09:23:32.189 [JavaFX Application Thread] DEBUG PrimaryStageWindow   - Scaled ratio: (1.0, 1.0)
09:23:32.190 [JavaFX Application Thread] DEBUG PrimaryStageWindow   - Set initial scene to FXGLStartupScene
09:23:32.195 [JavaFX Application Thread] DEBUG PrimaryStageWindow   - Opening main window
09:23:32.282 [JavaFX Application Thread] DEBUG PrimaryStageWindow   - Window border size: (16.0, 39.0)
09:23:32.283 [JavaFX Application Thread] DEBUG PrimaryStageWindow   - Scaled size: 800.0 x 800.0
09:23:32.283 [JavaFX Application Thread] DEBUG PrimaryStageWindow   - Scaled ratio: (1.0, 1.0)
09:23:32.283 [JavaFX Application Thread] DEBUG PrimaryStageWindow   - Scene size: 800.0 x 800.0
09:23:32.283 [JavaFX Application Thread] DEBUG PrimaryStageWindow   - Stage size: 816.0 x 839.0
09:23:32.292 [FXGL Background Thread 1 ] DEBUG Engine               - Initializing environment variables
09:23:32.343 [FXGL Background Thread 1 ] DEBUG FXGLAssetLoaderServi - User app class for loading assets: class com.example.zeldapuzzle.MainGameApp
09:23:32.343 [FXGL Background Thread 1 ] DEBUG GameApplicationServi - Applying CSS: fxgl_dark.css
09:23:32.344 [FXGL Background Thread 1 ] DEBUG FXGLAssetLoaderServi - Loading from file system: jar:file:///C:/Users/mbour/.m2/repository/com/github/almasb/fxgl/17/fxgl-17.jar!/fxglassets/ui/css/fxgl_dark.css
09:23:32.386 [FXGL Background Thread 1 ] DEBUG GameApplicationServi - Initializing application scenes
09:23:32.421 [FXGL Background Thread 1 ] DEBUG GameWorld            - Game world initialized
09:23:32.484 [FXGL Background Thread 1 ] DEBUG PhysicsWorld         - Physics world initialized: appHeight=800, physics.ppm=50,0
09:23:32.484 [FXGL Background Thread 1 ] DEBUG PhysicsWorld         - Using strategy: BRUTE_FORCE
09:23:32.488 [FXGL Background Thread 1 ] DEBUG GameScene            - Game scene initialized: 800x800
09:23:32.499 [FXGL Background Thread 1 ] DEBUG FXGL.DefaultMenu     - createMenuBodyMainMenu()
09:23:32.512 [FXGL Background Thread 1 ] DEBUG FXGL.DefaultMenu     - createOptionsMenu()
09:23:32.522 [FXGL Background Thread 1 ] DEBUG FXGLAssetLoaderServi - Loading from file system: jar:file:///C:/Users/mbour/.m2/repository/com/github/almasb/fxgl/17/fxgl-17.jar!/fxglassets/textures/particles/smoke.png
09:23:32.604 [FXGL Background Thread 1 ] DEBUG FXGLAssetLoaderServi - Loading from file system: jar:file:///C:/Users/mbour/.m2/repository/com/github/almasb/fxgl/17/fxgl-17.jar!/fxglassets/textures/particles/trace_horizontal.png
09:23:32.633 [FXGL Background Thread 1 ] DEBUG FXGL.DefaultMenu     - createMenuBodyGameMenu()
09:23:32.634 [FXGL Background Thread 1 ] DEBUG FXGL.DefaultMenu     - createOptionsMenu()
09:23:32.649 [FXGL Background Thread 1 ] DEBUG GameApplicationServi - Application scenes initialized
09:23:32.660 [FXGL Background Thread 1 ] DEBUG SystemBundleService  - Loading FXGL system data
09:23:32.664 [FXGL Background Thread 1 ] DEBUG FileSystemAccess     - Reading from: C:\Users\mbour\OneDrive\Bureau\Zelda TOTK WINRAR\zeldaPuzzle\system\fxgl.bundle
09:23:32.673 [FXGL Background Thread 1 ] DEBUG SystemBundleService  - Bundle FXGL: {}
09:23:32.674 [FXGL Background Thread 1 ] DEBUG UpdaterService       - Checking for updates
09:23:32.698 [FXGL Background Thread 4 ] DEBUG FXGLApplication      - Loading fonts
09:23:32.699 [FXGL Background Thread 1 ] DEBUG FXGLApplication      - Loading default localization
09:23:32.699 [FXGL Background Thread 4 ] DEBUG FXGLAssetLoaderServi - Loading from file system: jar:file:///C:/Users/mbour/.m2/repository/com/github/almasb/fxgl/17/fxgl-17.jar!/fxglassets/ui/fonts/VarelaRound-Regular.ttf
09:23:32.699 [FXGL Background Thread 1 ] DEBUG FXGLAssetLoaderServi - Loading from file system: jar:file:///C:/Users/mbour/.m2/repository/com/github/almasb/fxgl/17/fxgl-17.jar!/fxglassets/languages/english.lang
09:23:32.713 [FXGL Background Thread 1 ] INFO  FXGLApplication      - FXGL initialization took: 0,422 sec
09:23:32.728 [JavaFX Application Thread] DEBUG Input                - Registered new binding: getPosition - P
09:23:32.728 [JavaFX Application Thread] DEBUG Input                - Registered new binding: zoom+ - Up
09:23:32.728 [JavaFX Application Thread] DEBUG Input                - Registered new binding: zoom- - Down
09:23:32.728 [JavaFX Application Thread] DEBUG Input                - Registered new binding: resetZoom - 0
09:23:32.728 [JavaFX Application Thread] DEBUG Input                - Registered new binding: Move right - D
09:23:32.728 [JavaFX Application Thread] DEBUG Input                - Registered new binding: Move left - A
09:23:32.729 [JavaFX Application Thread] DEBUG Input                - Registered new binding: Move Up - W
09:23:32.729 [JavaFX Application Thread] DEBUG Input                - Registered new binding: Move Down - S
09:23:32.729 [JavaFX Application Thread] DEBUG FXGLAssetLoaderServi - Loading from file system: jar:file:///C:/Users/mbour/.m2/repository/com/github/almasb/fxgl/17/fxgl-17.jar!/fxglassets/textures/fxgl_icon.png
09:23:32.738 [FXGL Background Thread 4 ] DEBUG FXGLAssetLoaderServi - Loading from file system: jar:file:///C:/Users/mbour/.m2/repository/com/github/almasb/fxgl/17/fxgl-17.jar!/fxglassets/ui/fonts/Abel-Regular.ttf
09:23:32.749 [FXGL Background Thread 4 ] DEBUG FXGLAssetLoaderServi - Loading from file system: jar:file:///C:/Users/mbour/.m2/repository/com/github/almasb/fxgl/17/fxgl-17.jar!/fxglassets/ui/fonts/TerminalLandMono-Regular.otf
09:23:32.750 [JavaFX Application Thread] DEBUG FXGLAssetLoaderServi - Loading from file system: jar:file:///C:/Users/mbour/.m2/repository/com/github/almasb/fxgl/17/fxgl-17.jar!/fxglassets/textures/fxgl_default_cursor.png
09:23:32.752 [JavaFX Application Thread] DEBUG Input                - Registered new binding: Screenshot - CTRL+8
09:23:32.753 [JavaFX Application Thread] DEBUG Input                - Registered new binding: Dev Options - 1
09:23:32.753 [JavaFX Application Thread] DEBUG Input                - Registered new binding: Dev Console - 2
09:23:32.754 [JavaFX Application Thread] DEBUG Input                - Registered new binding: System info dump - CTRL+9
09:23:32.754 [JavaFX Application Thread] DEBUG Input                - Registered new binding: Restart - CTRL+R
09:23:32.755 [JavaFX Application Thread] DEBUG Input                - Registered new binding: Toggle Debug Camera - CTRL+7
09:23:32.757 [JavaFX Application Thread] DEBUG LoopRunner           - Starting loop
09:23:32.760 [FXGL Background Thread 4 ] DEBUG FXGLAssetLoaderServi - Loading from file system: jar:file:///C:/Users/mbour/.m2/repository/com/github/almasb/fxgl/17/fxgl-17.jar!/fxglassets/ui/fonts/Courier-Prime.ttf
09:23:32.770 [JavaFX Application Thread] DEBUG LoopRunner           - Initializing JavaFX AnimationTimerLoop
09:23:32.772 [JavaFX Application Thread] DEBUG Input                - Clearing active input actions
09:23:32.783 [JavaFX Application Thread] DEBUG GameApplicationServi - Removing overlay from FXGLStartupScene and adding to FXGLMainMenuDummyScene
09:23:32.789 [JavaFX Application Thread] DEBUG PrimaryStageWindow   - FXGLStartupScene -> FXGLMainMenuDummyScene
09:23:32.789 [JavaFX Application Thread] DEBUG PrimaryStageWindow   - Push state: FXGLDefaultMenu
09:23:32.794 [JavaFX Application Thread] DEBUG Input                - Clearing active input actions
09:23:32.803 [JavaFX Application Thread] DEBUG GameApplicationServi - Removing overlay from FXGLMainMenuDummyScene and adding to FXGLDefaultMenu
09:23:32.804 [JavaFX Application Thread] DEBUG PrimaryStageWindow   - FXGLMainMenuDummyScene -> FXGLDefaultMenu
09:23:32.815 [JavaFX Application Thread] DEBUG FXGLApplication      - Registering font factories with UI factory
09:23:33.162 [FXGL Background Thread 2 ] INFO  UpdaterService       - Your current version:  17
09:23:33.162 [FXGL Background Thread 2 ] INFO  UpdaterService       - Latest stable version: 21
09:23:33.931 [JavaFX Application Thread] DEBUG Menu                 - fireNewGame()
09:23:33.931 [JavaFX Application Thread] DEBUG GameApplicationServi - Starting new game
09:23:33.933 [JavaFX Application Thread] DEBUG PrimaryStageWindow   - Pop state: FXGLDefaultMenu
09:23:33.933 [JavaFX Application Thread] DEBUG Input                - Clearing active input actions
09:23:33.935 [JavaFX Application Thread] DEBUG GameApplicationServi - Removing overlay from FXGLDefaultMenu and adding to FXGLMainMenuDummyScene
09:23:33.937 [JavaFX Application Thread] DEBUG PrimaryStageWindow   - FXGLMainMenuDummyScene <- FXGLDefaultMenu
09:23:33.938 [JavaFX Application Thread] DEBUG Input                - Clearing active input actions
09:23:33.946 [JavaFX Application Thread] DEBUG GameApplicationServi - Removing overlay from FXGLMainMenuDummyScene and adding to FXGLLoadingScene
09:23:33.947 [JavaFX Application Thread] DEBUG PrimaryStageWindow   - FXGLMainMenuDummyScene -> FXGLLoadingScene
09:23:33.947 [JavaFX Application Thread] DEBUG GameApplicationServi - Clearing previous game
09:23:33.948 [JavaFX Application Thread] DEBUG GameScene            - Clearing game scene
09:23:33.948 [JavaFX Application Thread] DEBUG GameWorld            - Clearing game world
09:23:33.948 [JavaFX Application Thread] DEBUG PhysicsWorld         - Clearing physics world
09:23:33.951 [FXGL Background Thread 2 ] DEBUG FXGLApplication      - Initializing game
09:23:34.073 [FXGL Background Thread 2 ] WARN  GameWorld            - Entity is already attached to world
09:23:34.098 [FXGL Background Thread 2 ] WARN  GameWorld            - Entity is already attached to world
09:23:34.107 [FXGL Background Thread 2 ] WARN  GameWorld            - Entity is already attached to world
09:23:34.110 [JavaFX Application Thread] DEBUG LoopRunner           - Stopping loop
09:23:34.112 [JavaFX Application Thread] FATAL FXGLApplication      - Uncaught Exception:
java.lang.RuntimeException: Initialization failed
	at com.almasb.fxgl.all@17/com.almasb.fxgl.app.FXGLApplication$InitAppTask.failed(FXGLApplication.kt:343)
	at javafx.graphics@19/javafx.concurrent.Task.setState(Task.java:710)
	at javafx.graphics@19/javafx.concurrent.Task$TaskCallable.lambda$call$2(Task.java:1456)
	at javafx.graphics@19/com.sun.javafx.application.PlatformImpl.lambda$runLater$10(PlatformImpl.java:457)
	at java.base/java.security.AccessController.doPrivileged(AccessController.java:400)
	at javafx.graphics@19/com.sun.javafx.application.PlatformImpl.lambda$runLater$11(PlatformImpl.java:456)
	at javafx.graphics@19/com.sun.glass.ui.InvokeLaterDispatcher$Future.run(InvokeLaterDispatcher.java:96)
	at javafx.graphics@19/com.sun.glass.ui.win.WinApplication._runLoop(Native Method)
	at javafx.graphics@19/com.sun.glass.ui.win.WinApplication.lambda$runLoop$3(WinApplication.java:184)
	at java.base/java.lang.Thread.run(Thread.java:1583)
Caused by: java.lang.RuntimeException: java.io.FileNotFoundException: assets\levels.tmx\BeginingMap3.tmx (Le chemin d’accès spécifié est introuvable)
	at com.example.zeldapuzzle/com.example.zeldapuzzle.MainGameApp.initGame(MainGameApp.java:159)
	at com.almasb.fxgl.all@17/com.almasb.fxgl.app.FXGLApplication$InitAppTask.initGame(FXGLApplication.kt:339)
	at com.almasb.fxgl.all@17/com.almasb.fxgl.app.FXGLApplication$InitAppTask.call(FXGLApplication.kt:319)
	at com.almasb.fxgl.all@17/com.almasb.fxgl.app.FXGLApplication$InitAppTask.call(FXGLApplication.kt:311)
	at javafx.graphics@19/javafx.concurrent.Task$TaskCallable.call(Task.java:1426)
	at java.base/java.util.concurrent.FutureTask.run(FutureTask.java:317)
	at java.base/java.util.concurrent.Executors$RunnableAdapter.call(Executors.java:572)
	at java.base/java.util.concurrent.FutureTask.run(FutureTask.java:317)
	at java.base/java.util.concurrent.ThreadPoolExecutor.runWorker(ThreadPoolExecutor.java:1144)
	at java.base/java.util.concurrent.ThreadPoolExecutor$Worker.run(ThreadPoolExecutor.java:642)
	... 1 more
Caused by: java.io.FileNotFoundException: assets\levels.tmx\BeginingMap3.tmx (Le chemin d’accès spécifié est introuvable)
	at java.base/java.io.FileInputStream.open0(Native Method)
	at java.base/java.io.FileInputStream.open(FileInputStream.java:213)
	at java.base/java.io.FileInputStream.<init>(FileInputStream.java:152)
	at java.base/java.io.FileInputStream.<init>(FileInputStream.java:106)
	at com.example.zeldapuzzle/com.example.zeldapuzzle.MainGameApp.initGame(MainGameApp.java:157)
	... 10 more

09:23:34.113 [JavaFX Application Thread] FATAL FXGLApplication      - Application will now exit
09:23:34.122 [JavaFX Application Thread] DEBUG PrimaryStageWindow   - Push state: ErrorSubScene
09:23:34.122 [JavaFX Application Thread] DEBUG Input                - Clearing active input actions
09:23:34.123 [JavaFX Application Thread] DEBUG GameApplicationServi - Removing overlay from FXGLLoadingScene and adding to ErrorSubScene
09:23:34.125 [JavaFX Application Thread] DEBUG PrimaryStageWindow   - FXGLLoadingScene -> ErrorSubScene
09:23:35.493 [JavaFX Application Thread] DEBUG FXGLApplication      - Exiting FXGL
09:23:35.494 [JavaFX Application Thread] DEBUG Async                - Shutting down background threads
09:23:35.494 [JavaFX Application Thread] DEBUG PrimaryStageWindow   - Closing main window
09:23:35.505 [JavaFX Application Thread] DEBUG Logger               - Closing Logger
