16:26:35.963 [main                     ] DEBUG Logger               - Configured Logger
16:26:35.975 [main                     ] DEBUG GameApplication      - Logging settings
Title: Zelda 2D Game
Version: 1
Width: 800
Height: 800
Fullscreen: true
Intro: false
Profiling: false
Single step:false
App Mode: DEVELOPER
Menu Key: ESCAPE
Stage Style: DECORATED
Scene Factory: class com.almasb.fxgl.app.scene.SceneFactory

16:26:36.031 [JavaFX Application Thread] DEBUG FXGLApplication      - Initializing FXGL
16:26:36.034 [JavaFX Application Thread] INFO  Engine               - FXGL-17 (31.12.2021 18.16) on WINDOWS (J:21.0.2 FX:19)
16:26:36.035 [JavaFX Application Thread] DEBUG Engine               - JRE Vendor Name: Oracle Corporation
16:26:36.035 [JavaFX Application Thread] DEBUG Engine               - Running on OS: Windows 11 version 10.0
16:26:36.035 [JavaFX Application Thread] DEBUG Engine               - Architecture: amd64
16:26:36.035 [JavaFX Application Thread] INFO  Engine               - Source code and latest versions at: https://github.com/AlmasB/FXGL
16:26:36.035 [JavaFX Application Thread] INFO  Engine               -       Ask questions and discuss at: https://github.com/AlmasB/FXGL/discussions
16:26:36.035 [JavaFX Application Thread] INFO  Engine               -              Join the FXGL chat at: https://gitter.im/AlmasB/FXGL
16:26:36.086 [JavaFX Application Thread] DEBUG PrimaryStageWindow   - Creating a JavaFX scene
16:26:36.126 [JavaFX Application Thread] DEBUG PrimaryStageWindow   - Target settings size: 800.0 x 800.0
16:26:36.126 [JavaFX Application Thread] DEBUG PrimaryStageWindow   - Scaled scene size:    800.0 x 800.0
16:26:36.126 [JavaFX Application Thread] DEBUG PrimaryStageWindow   - Scaled ratio: (1.0, 1.0)
16:26:36.127 [JavaFX Application Thread] DEBUG PrimaryStageWindow   - Set initial scene to FXGLStartupScene
16:26:36.131 [JavaFX Application Thread] DEBUG PrimaryStageWindow   - Opening main window
16:26:36.186 [JavaFX Application Thread] DEBUG PrimaryStageWindow   - Window border size: (16.0, 39.0)
16:26:36.186 [JavaFX Application Thread] DEBUG PrimaryStageWindow   - Scaled size: 800.0 x 800.0
16:26:36.187 [JavaFX Application Thread] DEBUG PrimaryStageWindow   - Scaled ratio: (1.0, 1.0)
16:26:36.187 [JavaFX Application Thread] DEBUG PrimaryStageWindow   - Scene size: 800.0 x 800.0
16:26:36.187 [JavaFX Application Thread] DEBUG PrimaryStageWindow   - Stage size: 816.0 x 839.0
16:26:36.193 [FXGL Background Thread 1 ] DEBUG Engine               - Initializing environment variables
16:26:36.230 [FXGL Background Thread 1 ] DEBUG FXGLAssetLoaderServi - User app class for loading assets: class com.example.zeldapuzzle.MainGameApp
16:26:36.230 [FXGL Background Thread 1 ] DEBUG GameApplicationServi - Applying CSS: fxgl_dark.css
16:26:36.231 [FXGL Background Thread 1 ] DEBUG FXGLAssetLoaderServi - Loading from file system: jar:file:///C:/Users/User/.m2/repository/com/github/almasb/fxgl/17/fxgl-17.jar!/fxglassets/ui/css/fxgl_dark.css
16:26:36.256 [FXGL Background Thread 1 ] DEBUG GameApplicationServi - Initializing application scenes
16:26:36.284 [FXGL Background Thread 1 ] DEBUG GameWorld            - Game world initialized
16:26:36.334 [FXGL Background Thread 1 ] DEBUG PhysicsWorld         - Physics world initialized: appHeight=800, physics.ppm=50.0
16:26:36.335 [FXGL Background Thread 1 ] DEBUG PhysicsWorld         - Using strategy: BRUTE_FORCE
16:26:36.337 [FXGL Background Thread 1 ] DEBUG GameScene            - Game scene initialized: 800x800
16:26:36.346 [FXGL Background Thread 1 ] DEBUG FXGL.DefaultMenu     - createMenuBodyMainMenu()
16:26:36.357 [FXGL Background Thread 1 ] DEBUG FXGL.DefaultMenu     - createOptionsMenu()
16:26:36.365 [FXGL Background Thread 1 ] DEBUG FXGLAssetLoaderServi - Loading from file system: jar:file:///C:/Users/User/.m2/repository/com/github/almasb/fxgl/17/fxgl-17.jar!/fxglassets/textures/particles/smoke.png
16:26:36.409 [FXGL Background Thread 1 ] DEBUG FXGLAssetLoaderServi - Loading from file system: jar:file:///C:/Users/User/.m2/repository/com/github/almasb/fxgl/17/fxgl-17.jar!/fxglassets/textures/particles/trace_horizontal.png
16:26:36.420 [FXGL Background Thread 1 ] DEBUG FXGL.DefaultMenu     - createMenuBodyGameMenu()
16:26:36.421 [FXGL Background Thread 1 ] DEBUG FXGL.DefaultMenu     - createOptionsMenu()
16:26:36.427 [FXGL Background Thread 1 ] DEBUG GameApplicationServi - Application scenes initialized
16:26:36.435 [FXGL Background Thread 1 ] DEBUG SystemBundleService  - Loading FXGL system data
16:26:36.437 [FXGL Background Thread 1 ] DEBUG FileSystemAccess     - Reading from: C:\Users\User\zeldaPuzzle\system\fxgl.bundle
16:26:36.444 [FXGL Background Thread 1 ] DEBUG SystemBundleService  - Bundle FXGL: {}
16:26:36.444 [FXGL Background Thread 1 ] DEBUG UpdaterService       - Checking for updates
16:26:36.463 [FXGL Background Thread 4 ] DEBUG FXGLApplication      - Loading fonts
16:26:36.463 [FXGL Background Thread 1 ] DEBUG FXGLApplication      - Loading default localization
16:26:36.463 [FXGL Background Thread 4 ] DEBUG FXGLAssetLoaderServi - Loading from file system: jar:file:///C:/Users/User/.m2/repository/com/github/almasb/fxgl/17/fxgl-17.jar!/fxglassets/ui/fonts/VarelaRound-Regular.ttf
16:26:36.463 [FXGL Background Thread 1 ] DEBUG FXGLAssetLoaderServi - Loading from file system: jar:file:///C:/Users/User/.m2/repository/com/github/almasb/fxgl/17/fxgl-17.jar!/fxglassets/languages/english.lang
16:26:36.475 [FXGL Background Thread 1 ] INFO  FXGLApplication      - FXGL initialization took: 0.282 sec
16:26:36.484 [JavaFX Application Thread] DEBUG Input                - Registered new binding: inventaire - Tab
16:26:36.485 [JavaFX Application Thread] DEBUG Input                - Registered new binding: getPosition - P
16:26:36.485 [JavaFX Application Thread] DEBUG Input                - Registered new binding: zoom+ - Up
16:26:36.485 [JavaFX Application Thread] DEBUG Input                - Registered new binding: zoom- - Down
16:26:36.485 [JavaFX Application Thread] DEBUG Input                - Registered new binding: resetZoom - 0
16:26:36.485 [JavaFX Application Thread] DEBUG Input                - Registered new binding: Move right - D
16:26:36.486 [JavaFX Application Thread] DEBUG Input                - Registered new binding: Move left - A
16:26:36.486 [JavaFX Application Thread] DEBUG Input                - Registered new binding: Move Up - W
16:26:36.486 [JavaFX Application Thread] DEBUG Input                - Registered new binding: Move Down - S
16:26:36.486 [JavaFX Application Thread] DEBUG FXGLAssetLoaderServi - Loading from file system: jar:file:///C:/Users/User/.m2/repository/com/github/almasb/fxgl/17/fxgl-17.jar!/fxglassets/textures/fxgl_icon.png
16:26:36.504 [JavaFX Application Thread] DEBUG FXGLAssetLoaderServi - Loading from file system: jar:file:///C:/Users/User/.m2/repository/com/github/almasb/fxgl/17/fxgl-17.jar!/fxglassets/textures/fxgl_default_cursor.png
16:26:36.506 [FXGL Background Thread 4 ] DEBUG FXGLAssetLoaderServi - Loading from file system: jar:file:///C:/Users/User/.m2/repository/com/github/almasb/fxgl/17/fxgl-17.jar!/fxglassets/ui/fonts/Abel-Regular.ttf
16:26:36.506 [JavaFX Application Thread] DEBUG Input                - Registered new binding: Screenshot - CTRL+8
16:26:36.506 [JavaFX Application Thread] DEBUG Input                - Registered new binding: Dev Options - 1
16:26:36.507 [JavaFX Application Thread] DEBUG Input                - Registered new binding: Dev Console - 2
16:26:36.507 [JavaFX Application Thread] DEBUG Input                - Registered new binding: System info dump - CTRL+9
16:26:36.507 [JavaFX Application Thread] DEBUG Input                - Registered new binding: Restart - CTRL+R
16:26:36.508 [JavaFX Application Thread] DEBUG Input                - Registered new binding: Toggle Debug Camera - CTRL+7
16:26:36.511 [JavaFX Application Thread] DEBUG LoopRunner           - Starting loop
16:26:36.519 [FXGL Background Thread 4 ] DEBUG FXGLAssetLoaderServi - Loading from file system: jar:file:///C:/Users/User/.m2/repository/com/github/almasb/fxgl/17/fxgl-17.jar!/fxglassets/ui/fonts/TerminalLandMono-Regular.otf
16:26:36.524 [JavaFX Application Thread] DEBUG LoopRunner           - Initializing JavaFX AnimationTimerLoop
16:26:36.527 [JavaFX Application Thread] DEBUG Input                - Clearing active input actions
16:26:36.534 [JavaFX Application Thread] DEBUG GameApplicationServi - Removing overlay from FXGLStartupScene and adding to FXGLMainMenuDummyScene
16:26:36.535 [FXGL Background Thread 4 ] DEBUG FXGLAssetLoaderServi - Loading from file system: jar:file:///C:/Users/User/.m2/repository/com/github/almasb/fxgl/17/fxgl-17.jar!/fxglassets/ui/fonts/Courier-Prime.ttf
16:26:36.537 [JavaFX Application Thread] DEBUG PrimaryStageWindow   - FXGLStartupScene -> FXGLMainMenuDummyScene
16:26:36.537 [JavaFX Application Thread] DEBUG PrimaryStageWindow   - Push state: FXGLDefaultMenu
16:26:36.539 [JavaFX Application Thread] DEBUG Input                - Clearing active input actions
16:26:36.546 [JavaFX Application Thread] DEBUG GameApplicationServi - Removing overlay from FXGLMainMenuDummyScene and adding to FXGLDefaultMenu
16:26:36.546 [JavaFX Application Thread] DEBUG PrimaryStageWindow   - FXGLMainMenuDummyScene -> FXGLDefaultMenu
16:26:36.680 [JavaFX Application Thread] DEBUG FXGLApplication      - Registering font factories with UI factory
16:26:36.790 [FXGL Background Thread 2 ] INFO  UpdaterService       - Your current version:  17
16:26:36.790 [FXGL Background Thread 2 ] INFO  UpdaterService       - Latest stable version: 21.1
16:26:37.230 [JavaFX Application Thread] DEBUG Menu                 - fireNewGame()
16:26:37.230 [JavaFX Application Thread] DEBUG GameApplicationServi - Starting new game
16:26:37.231 [JavaFX Application Thread] DEBUG PrimaryStageWindow   - Pop state: FXGLDefaultMenu
16:26:37.231 [JavaFX Application Thread] DEBUG Input                - Clearing active input actions
16:26:37.233 [JavaFX Application Thread] DEBUG GameApplicationServi - Removing overlay from FXGLDefaultMenu and adding to FXGLMainMenuDummyScene
16:26:37.234 [JavaFX Application Thread] DEBUG PrimaryStageWindow   - FXGLMainMenuDummyScene <- FXGLDefaultMenu
16:26:37.234 [JavaFX Application Thread] DEBUG Input                - Clearing active input actions
16:26:37.238 [JavaFX Application Thread] DEBUG GameApplicationServi - Removing overlay from FXGLMainMenuDummyScene and adding to FXGLLoadingScene
16:26:37.240 [JavaFX Application Thread] DEBUG PrimaryStageWindow   - FXGLMainMenuDummyScene -> FXGLLoadingScene
16:26:37.240 [JavaFX Application Thread] DEBUG GameApplicationServi - Clearing previous game
16:26:37.240 [JavaFX Application Thread] DEBUG GameScene            - Clearing game scene
16:26:37.240 [JavaFX Application Thread] DEBUG GameWorld            - Clearing game world
16:26:37.240 [JavaFX Application Thread] DEBUG PhysicsWorld         - Clearing physics world
16:26:37.242 [FXGL Background Thread 2 ] DEBUG FXGLApplication      - Initializing game
16:26:37.276 [FXGL Background Thread 2 ] WARN  TMXLevelLoader       - TiledMap generated from 1.10.2. Supported version: 1.2.3. Some features may not be parsed fully.
16:26:37.306 [FXGL Background Thread 2 ] DEBUG TMXLevelLoader       - Parsed TiledMap: file:/C:/Users/User/zeldaPuzzle/target/classes/assets/levels/MapDeMerde2.tmx
16:26:37.307 [FXGL Background Thread 2 ] DEBUG TMXLevelLoader       - Creating tile layer entities
16:26:37.308 [FXGL Background Thread 2 ] DEBUG TilesetLoader        - Loading view for layer background
16:26:37.340 [FXGL Background Thread 2 ] DEBUG TilesetLoader        - Created buffer with size 4800.0x4800.0
16:26:37.441 [FXGL Background Thread 2 ] DEBUG TilesetLoader        - Loading view for layer devant
16:26:37.472 [FXGL Background Thread 2 ] DEBUG TilesetLoader        - Created buffer with size 4800.0x4800.0
16:26:37.504 [FXGL Background Thread 2 ] DEBUG TilesetLoader        - Loading view for layer devant1
16:26:37.539 [FXGL Background Thread 2 ] DEBUG TilesetLoader        - Created buffer with size 4800.0x4800.0
16:26:37.550 [FXGL Background Thread 2 ] DEBUG TMXLevelLoader       - Creating object layer entities
16:26:37.582 [FXGL Background Thread 2 ] DEBUG GameWorld            - Clearing removable entities
16:26:37.582 [FXGL Background Thread 2 ] DEBUG GameWorld            - Setting level: com.almasb.fxgl.entity.level.Level@1d71a6a2
16:26:37.596 [FXGL Background Thread 2 ] WARN  GameWorld            - Entity is already attached to world
16:26:37.598 [FXGL Background Thread 2 ] WARN  GameWorld            - Entity is already attached to world
16:26:37.604 [FXGL Background Thread 2 ] INFO  FXGLApplication      - Game initialization took: 0.363 sec
16:26:37.605 [JavaFX Application Thread] DEBUG Input                - Clearing active input actions
16:26:37.610 [JavaFX Application Thread] DEBUG GameApplicationServi - Removing overlay from FXGLLoadingScene and adding to GameScene
16:26:37.611 [JavaFX Application Thread] DEBUG PrimaryStageWindow   - FXGLLoadingScene -> GameScene
16:26:39.462 [FXGL Background Thread 3 ] DEBUG Engine               - Logging environment variables
16:26:39.462 [FXGL Background Thread 3 ] DEBUG Engine               - achievements: []
16:26:39.462 [FXGL Background Thread 3 ] DEBUG Engine               - actualHeight: 800.0
16:26:39.462 [FXGL Background Thread 3 ] DEBUG Engine               - actualHeightProperty: ReadOnlyDoubleProperty [value: 800.0]
16:26:39.462 [FXGL Background Thread 3 ] DEBUG Engine               - actualWidth: 800.0
16:26:39.462 [FXGL Background Thread 3 ] DEBUG Engine               - actualWidthProperty: ReadOnlyDoubleProperty [value: 800.0]
16:26:39.462 [FXGL Background Thread 3 ] DEBUG Engine               - appIcon: fxgl_icon.png
16:26:39.462 [FXGL Background Thread 3 ] DEBUG Engine               - applicationMode: DEVELOPER
16:26:39.462 [FXGL Background Thread 3 ] DEBUG Engine               - cSSList: [fxgl_dark.css]
16:26:39.462 [FXGL Background Thread 3 ] DEBUG Engine               - collisionDetectionStrategy: BRUTE_FORCE
16:26:39.462 [FXGL Background Thread 3 ] DEBUG Engine               - configClass: Optional.empty
16:26:39.462 [FXGL Background Thread 3 ] DEBUG Engine               - credits: []
16:26:39.463 [FXGL Background Thread 3 ] DEBUG Engine               - defaultCursor: CursorInfo(imageName=fxgl_default_cursor.png, hotspotX=7.0, hotspotY=6.0)
16:26:39.463 [FXGL Background Thread 3 ] DEBUG Engine               - devBBoxColorProperty: ObjectProperty [value: 0xff0000ff]
16:26:39.463 [FXGL Background Thread 3 ] DEBUG Engine               - devEnableDebugCameraProperty: BooleanProperty [value: false]
16:26:39.463 [FXGL Background Thread 3 ] DEBUG Engine               - devSensorColorProperty: ObjectProperty [value: 0xffff00ff]
16:26:39.463 [FXGL Background Thread 3 ] DEBUG Engine               - devShowBBoxProperty: BooleanProperty [value: false]
16:26:39.463 [FXGL Background Thread 3 ] DEBUG Engine               - devShowPositionProperty: BooleanProperty [value: false]
16:26:39.463 [FXGL Background Thread 3 ] DEBUG Engine               - enabledMenuItems: []
16:26:39.463 [FXGL Background Thread 3 ] DEBUG Engine               - engineServices: [class com.almasb.fxgl.app.services.FXGLAssetLoaderService, class com.almasb.fxgl.app.FXGLApplication$GameApplicationService, class com.almasb.fxgl.app.services.FXGLDialogService, class com.almasb.fxgl.app.services.IOTaskExecutorService, class com.almasb.fxgl.io.FileSystemService, class com.almasb.fxgl.localization.LocalizationService, class com.almasb.fxgl.app.services.SystemBundleService, class com.almasb.fxgl.profile.SaveLoadService, class com.almasb.fxgl.ui.FXGLUIFactoryServiceProvider, class com.almasb.fxgl.ui.FXGLDialogFactoryServiceProvider, class com.almasb.fxgl.audio.AudioPlayer, class com.almasb.fxgl.notification.impl.NotificationServiceProvider, class com.almasb.fxgl.achievement.AchievementService, class com.almasb.fxgl.cutscene.CutsceneService, class com.almasb.fxgl.minigames.MiniGameService, class com.almasb.fxgl.net.NetService, class com.almasb.fxgl.app.services.UpdaterService, class com.almasb.fxgl.dev.DevService]
16:26:39.463 [FXGL Background Thread 3 ] DEBUG Engine               - fontGame: Abel-Regular.ttf
16:26:39.463 [FXGL Background Thread 3 ] DEBUG Engine               - fontMono: TerminalLandMono-Regular.otf
16:26:39.463 [FXGL Background Thread 3 ] DEBUG Engine               - fontText: Courier-Prime.ttf
16:26:39.463 [FXGL Background Thread 3 ] DEBUG Engine               - fontUI: VarelaRound-Regular.ttf
16:26:39.463 [FXGL Background Thread 3 ] DEBUG Engine               - fullScreen: BooleanProperty [value: false]
16:26:39.463 [FXGL Background Thread 3 ] DEBUG Engine               - gameDifficulty: MEDIUM
16:26:39.463 [FXGL Background Thread 3 ] DEBUG Engine               - gameDifficultyProperty: ObjectProperty [value: MEDIUM]
16:26:39.463 [FXGL Background Thread 3 ] DEBUG Engine               - globalMusicVolume: 0.5
16:26:39.464 [FXGL Background Thread 3 ] DEBUG Engine               - globalMusicVolumeProperty: DoubleProperty [value: 0.5]
16:26:39.464 [FXGL Background Thread 3 ] DEBUG Engine               - globalSoundVolume: 0.5
16:26:39.464 [FXGL Background Thread 3 ] DEBUG Engine               - globalSoundVolumeProperty: DoubleProperty [value: 0.5]
16:26:39.464 [FXGL Background Thread 3 ] DEBUG Engine               - height: 800
16:26:39.464 [FXGL Background Thread 3 ] DEBUG Engine               - is3D: false
16:26:39.464 [FXGL Background Thread 3 ] DEBUG Engine               - isAndroid: false
16:26:39.464 [FXGL Background Thread 3 ] DEBUG Engine               - isBrowser: false
16:26:39.464 [FXGL Background Thread 3 ] DEBUG Engine               - isClickFeedbackEnabled: false
16:26:39.464 [FXGL Background Thread 3 ] DEBUG Engine               - isCloseConfirmation: false
16:26:39.464 [FXGL Background Thread 3 ] DEBUG Engine               - isDesktop: true
16:26:39.464 [FXGL Background Thread 3 ] DEBUG Engine               - isDeveloperMenuEnabled: true
16:26:39.464 [FXGL Background Thread 3 ] DEBUG Engine               - isEmbedded: false
16:26:39.464 [FXGL Background Thread 3 ] DEBUG Engine               - isEntityPreloadEnabled: true
16:26:39.464 [FXGL Background Thread 3 ] DEBUG Engine               - isExperimentalTiledLargeMap: false
16:26:39.464 [FXGL Background Thread 3 ] DEBUG Engine               - isFileSystemWriteAllowed: true
16:26:39.464 [FXGL Background Thread 3 ] DEBUG Engine               - isFullScreenAllowed: true
16:26:39.464 [FXGL Background Thread 3 ] DEBUG Engine               - isFullScreenFromStart: false
16:26:39.464 [FXGL Background Thread 3 ] DEBUG Engine               - isGameMenuEnabled: true
16:26:39.464 [FXGL Background Thread 3 ] DEBUG Engine               - isIOS: false
16:26:39.464 [FXGL Background Thread 3 ] DEBUG Engine               - isIntroEnabled: false
16:26:39.464 [FXGL Background Thread 3 ] DEBUG Engine               - isLinux: false
16:26:39.464 [FXGL Background Thread 3 ] DEBUG Engine               - isMac: false
16:26:39.464 [FXGL Background Thread 3 ] DEBUG Engine               - isMainMenuEnabled: true
16:26:39.464 [FXGL Background Thread 3 ] DEBUG Engine               - isManualResizeEnabled: false
16:26:39.464 [FXGL Background Thread 3 ] DEBUG Engine               - isMobile: false
16:26:39.464 [FXGL Background Thread 3 ] DEBUG Engine               - isNative: false
16:26:39.464 [FXGL Background Thread 3 ] DEBUG Engine               - isPauseMusicWhenMinimized: true
16:26:39.464 [FXGL Background Thread 3 ] DEBUG Engine               - isPreserveResizeRatio: false
16:26:39.464 [FXGL Background Thread 3 ] DEBUG Engine               - isProfilingEnabled: false
16:26:39.464 [FXGL Background Thread 3 ] DEBUG Engine               - isScaleAffectedOnResize: true
16:26:39.464 [FXGL Background Thread 3 ] DEBUG Engine               - isSingleStep: false
16:26:39.464 [FXGL Background Thread 3 ] DEBUG Engine               - isUserProfileEnabled: false
16:26:39.464 [FXGL Background Thread 3 ] DEBUG Engine               - isWindows: true
16:26:39.464 [FXGL Background Thread 3 ] DEBUG Engine               - language: ObjectProperty [value: ENGLISH]
16:26:39.464 [FXGL Background Thread 3 ] DEBUG Engine               - menuKey: ESCAPE
16:26:39.464 [FXGL Background Thread 3 ] DEBUG Engine               - mouseSensitivity: 0.2
16:26:39.464 [FXGL Background Thread 3 ] DEBUG Engine               - notificationViewClass: class com.almasb.fxgl.notification.view.XboxNotificationView
16:26:39.464 [FXGL Background Thread 3 ] DEBUG Engine               - pixelsPerMeter: 50.0
16:26:39.464 [FXGL Background Thread 3 ] DEBUG Engine               - platform: WINDOWS
16:26:39.464 [FXGL Background Thread 3 ] DEBUG Engine               - prefHeightProperty: ReadOnlyDoubleProperty [value: 800.0]
16:26:39.464 [FXGL Background Thread 3 ] DEBUG Engine               - prefWidthProperty: ReadOnlyDoubleProperty [value: 800.0]
16:26:39.464 [FXGL Background Thread 3 ] DEBUG Engine               - profileDir: profiles/
16:26:39.464 [FXGL Background Thread 3 ] DEBUG Engine               - profileName: StringProperty [value: DEFAULT]
16:26:39.464 [FXGL Background Thread 3 ] DEBUG Engine               - randomSeed: -1
16:26:39.465 [FXGL Background Thread 3 ] DEBUG Engine               - runtimeInfo: RuntimeInfo(platform=WINDOWS, version=17, build=31.12.2021 18.16)
16:26:39.465 [FXGL Background Thread 3 ] DEBUG Engine               - saveFileExt: sav
16:26:39.465 [FXGL Background Thread 3 ] DEBUG Engine               - scaledHeightProp$fxgl: DoubleProperty [bound, value: 800.0]
16:26:39.465 [FXGL Background Thread 3 ] DEBUG Engine               - scaledWidthProp$fxgl: DoubleProperty [bound, value: 800.0]
16:26:39.465 [FXGL Background Thread 3 ] DEBUG Engine               - sceneFactory: com.almasb.fxgl.app.scene.SceneFactory@13cb4341
16:26:39.465 [FXGL Background Thread 3 ] DEBUG Engine               - secondsIn24h: 60
16:26:39.465 [FXGL Background Thread 3 ] DEBUG Engine               - soundMenuBack: menu/back.wav
16:26:39.465 [FXGL Background Thread 3 ] DEBUG Engine               - soundMenuPress: menu/press.wav
16:26:39.465 [FXGL Background Thread 3 ] DEBUG Engine               - soundMenuSelect: menu/select.wav
16:26:39.465 [FXGL Background Thread 3 ] DEBUG Engine               - soundNotification: core/notification.wav
16:26:39.465 [FXGL Background Thread 3 ] DEBUG Engine               - stageStyle: DECORATED
16:26:39.465 [FXGL Background Thread 3 ] DEBUG Engine               - supportedLanguages: [ENGLISH, FRENCH, GERMAN, HUNGARIAN, RUSSIAN]
16:26:39.465 [FXGL Background Thread 3 ] DEBUG Engine               - ticksPerSecond: -1
16:26:39.465 [FXGL Background Thread 3 ] DEBUG Engine               - title: Zelda 2D Game
16:26:39.465 [FXGL Background Thread 3 ] DEBUG Engine               - urlGithub: https://github.com/AlmasB/FXGL
16:26:39.465 [FXGL Background Thread 3 ] DEBUG Engine               - urlLeaderboard: http://fxgl-top.herokuapp.com/
16:26:39.465 [FXGL Background Thread 3 ] DEBUG Engine               - urlPOM: https://raw.githubusercontent.com/AlmasB/FXGL/release/README.md
16:26:39.465 [FXGL Background Thread 3 ] DEBUG Engine               - userAppClass: class com.example.zeldapuzzle.MainGameApp
16:26:39.465 [FXGL Background Thread 3 ] DEBUG Engine               - version: 1
16:26:39.465 [FXGL Background Thread 3 ] DEBUG Engine               - versionCheckDays: 7
16:26:39.465 [FXGL Background Thread 3 ] DEBUG Engine               - width: 800
16:26:39.465 [FXGL Background Thread 3 ] DEBUG Engine               - Logging services
16:26:39.465 [FXGL Background Thread 3 ] DEBUG Engine               - class com.almasb.fxgl.app.services.FXGLAssetLoaderService
16:26:39.465 [FXGL Background Thread 3 ] DEBUG Engine               - class com.almasb.fxgl.app.FXGLApplication$GameApplicationService
16:26:39.465 [FXGL Background Thread 3 ] DEBUG Engine               - class com.almasb.fxgl.app.services.FXGLDialogService
16:26:39.465 [FXGL Background Thread 3 ] DEBUG Engine               - class com.almasb.fxgl.app.services.IOTaskExecutorService
16:26:39.465 [FXGL Background Thread 3 ] DEBUG Engine               - class com.almasb.fxgl.io.FileSystemService
16:26:39.465 [FXGL Background Thread 3 ] DEBUG Engine               - class com.almasb.fxgl.localization.LocalizationService
16:26:39.465 [FXGL Background Thread 3 ] DEBUG Engine               - class com.almasb.fxgl.app.services.SystemBundleService
16:26:39.465 [FXGL Background Thread 3 ] DEBUG Engine               - class com.almasb.fxgl.profile.SaveLoadService
16:26:39.465 [FXGL Background Thread 3 ] DEBUG Engine               - class com.almasb.fxgl.ui.FXGLUIFactoryServiceProvider
16:26:39.465 [FXGL Background Thread 3 ] DEBUG Engine               - class com.almasb.fxgl.ui.FXGLDialogFactoryServiceProvider
16:26:39.465 [FXGL Background Thread 3 ] DEBUG Engine               - class com.almasb.fxgl.audio.AudioPlayer
16:26:39.465 [FXGL Background Thread 3 ] DEBUG Engine               - class com.almasb.fxgl.notification.impl.NotificationServiceProvider
16:26:39.465 [FXGL Background Thread 3 ] DEBUG Engine               - class com.almasb.fxgl.achievement.AchievementService
16:26:39.465 [FXGL Background Thread 3 ] DEBUG Engine               - class com.almasb.fxgl.cutscene.CutsceneService
16:26:39.466 [FXGL Background Thread 3 ] DEBUG Engine               - class com.almasb.fxgl.minigames.MiniGameService
16:26:39.466 [FXGL Background Thread 3 ] DEBUG Engine               - class com.almasb.fxgl.net.NetService
16:26:39.466 [FXGL Background Thread 3 ] DEBUG Engine               - class com.almasb.fxgl.app.services.UpdaterService
16:26:39.466 [FXGL Background Thread 3 ] DEBUG Engine               - class com.almasb.fxgl.dev.DevService
16:26:41.629 [JavaFX Application Thread] DEBUG FXGLApplication      - Exiting FXGL
16:26:41.629 [JavaFX Application Thread] DEBUG LoopRunner           - Stopping loop
16:26:41.630 [JavaFX Application Thread] DEBUG SystemBundleService  - Saving FXGL system data
16:26:41.631 [JavaFX Application Thread] DEBUG FileSystemAccess     - Writing to: C:\Users\User\zeldaPuzzle\system\fxgl.bundle
16:26:41.632 [JavaFX Application Thread] DEBUG Async                - Shutting down background threads
16:26:41.632 [JavaFX Application Thread] DEBUG PrimaryStageWindow   - Closing main window
16:26:41.638 [JavaFX Application Thread] DEBUG Logger               - Closing Logger
