01:35:32.268 [main                     ] DEBUG Logger               - Configured Logger
01:35:32.285 [main                     ] DEBUG GameApplication      - Logging settings
Title: Zelda 2D Game par ماستن
Version: 1
Width: 800
Height: 800
Fullscreen: true
Intro: false
Profiling: false
Single step:false
App Mode: DEVELOPER
Menu Key: ESCAPE
Stage Style: DECORATED
Scene Factory: class com.almasb.fxgl.app.scene.SceneFactory

01:35:32.371 [JavaFX Application Thread] DEBUG FXGLApplication      - Initializing FXGL
01:35:32.377 [JavaFX Application Thread] INFO  Engine               - FXGL-17 (31.12.2021 18.16) on WINDOWS (J:19.0.2 FX:19)
01:35:32.377 [JavaFX Application Thread] DEBUG Engine               - JRE Vendor Name: Amazon.com Inc.
01:35:32.377 [JavaFX Application Thread] DEBUG Engine               - Running on OS: Windows 11 version 10.0
01:35:32.377 [JavaFX Application Thread] DEBUG Engine               - Architecture: amd64
01:35:32.378 [JavaFX Application Thread] INFO  Engine               - Source code and latest versions at: https://github.com/AlmasB/FXGL
01:35:32.378 [JavaFX Application Thread] INFO  Engine               -       Ask questions and discuss at: https://github.com/AlmasB/FXGL/discussions
01:35:32.378 [JavaFX Application Thread] INFO  Engine               -              Join the FXGL chat at: https://gitter.im/AlmasB/FXGL
01:35:32.454 [JavaFX Application Thread] DEBUG PrimaryStageWindow   - Creating a JavaFX scene
01:35:32.517 [JavaFX Application Thread] DEBUG PrimaryStageWindow   - Target settings size: 800.0 x 800.0
01:35:32.517 [JavaFX Application Thread] DEBUG PrimaryStageWindow   - Scaled scene size:    800.0 x 800.0
01:35:32.517 [JavaFX Application Thread] DEBUG PrimaryStageWindow   - Scaled ratio: (1.0, 1.0)
01:35:32.518 [JavaFX Application Thread] DEBUG PrimaryStageWindow   - Set initial scene to FXGLStartupScene
01:35:32.524 [JavaFX Application Thread] DEBUG PrimaryStageWindow   - Opening main window
01:35:32.609 [JavaFX Application Thread] DEBUG PrimaryStageWindow   - Window border size: (16.0, 39.0)
01:35:32.610 [JavaFX Application Thread] DEBUG PrimaryStageWindow   - Scaled size: 800.0 x 800.0
01:35:32.610 [JavaFX Application Thread] DEBUG PrimaryStageWindow   - Scaled ratio: (1.0, 1.0)
01:35:32.610 [JavaFX Application Thread] DEBUG PrimaryStageWindow   - Scene size: 800.0 x 800.0
01:35:32.611 [JavaFX Application Thread] DEBUG PrimaryStageWindow   - Stage size: 816.0 x 839.0
01:35:32.620 [FXGL Background Thread 1 ] DEBUG Engine               - Initializing environment variables
01:35:32.688 [FXGL Background Thread 1 ] DEBUG FXGLAssetLoaderServi - User app class for loading assets: class com.example.zeldapuzzle.MainGameApp
01:35:32.690 [FXGL Background Thread 1 ] DEBUG GameApplicationServi - Applying CSS: fxgl_dark.css
01:35:32.692 [FXGL Background Thread 1 ] DEBUG FXGLAssetLoaderServi - Loading from file system: jar:file:///C:/Users/Utilisateur/.m2/repository/com/github/almasb/fxgl/17/fxgl-17.jar!/fxglassets/ui/css/fxgl_dark.css
01:35:32.737 [FXGL Background Thread 1 ] DEBUG GameApplicationServi - Initializing application scenes
01:35:32.791 [FXGL Background Thread 1 ] DEBUG GameWorld            - Game world initialized
01:35:32.858 [FXGL Background Thread 1 ] DEBUG PhysicsWorld         - Physics world initialized: appHeight=800, physics.ppm=50,0
01:35:32.859 [FXGL Background Thread 1 ] DEBUG PhysicsWorld         - Using strategy: BRUTE_FORCE
01:35:32.867 [FXGL Background Thread 1 ] DEBUG GameScene            - Game scene initialized: 800x800
01:35:32.882 [FXGL Background Thread 1 ] DEBUG FXGL.DefaultMenu     - createMenuBodyMainMenu()
01:35:32.901 [FXGL Background Thread 1 ] DEBUG FXGL.DefaultMenu     - createOptionsMenu()
01:35:32.908 [FXGL Background Thread 1 ] DEBUG FXGLAssetLoaderServi - Loading from file system: jar:file:///C:/Users/Utilisateur/.m2/repository/com/github/almasb/fxgl/17/fxgl-17.jar!/fxglassets/textures/particles/smoke.png
01:35:33.012 [FXGL Background Thread 1 ] DEBUG FXGLAssetLoaderServi - Loading from file system: jar:file:///C:/Users/Utilisateur/.m2/repository/com/github/almasb/fxgl/17/fxgl-17.jar!/fxglassets/textures/particles/trace_horizontal.png
01:35:33.027 [FXGL Background Thread 1 ] DEBUG FXGL.DefaultMenu     - createMenuBodyGameMenu()
01:35:33.030 [FXGL Background Thread 1 ] DEBUG FXGL.DefaultMenu     - createOptionsMenu()
01:35:33.048 [FXGL Background Thread 1 ] DEBUG GameApplicationServi - Application scenes initialized
01:35:33.059 [FXGL Background Thread 1 ] DEBUG SystemBundleService  - Loading FXGL system data
01:35:33.065 [FXGL Background Thread 1 ] DEBUG FileSystemAccess     - Reading from: C:\Users\Utilisateur\IdeaProjects\zeldaPuzzle\system\fxgl.bundle
01:35:33.075 [FXGL Background Thread 1 ] DEBUG SystemBundleService  - Bundle FXGL: {}
01:35:33.075 [FXGL Background Thread 1 ] DEBUG UpdaterService       - Checking for updates
01:35:33.111 [FXGL Background Thread 4 ] DEBUG FXGLApplication      - Loading fonts
01:35:33.112 [FXGL Background Thread 4 ] DEBUG FXGLAssetLoaderServi - Loading from file system: jar:file:///C:/Users/Utilisateur/.m2/repository/com/github/almasb/fxgl/17/fxgl-17.jar!/fxglassets/ui/fonts/VarelaRound-Regular.ttf
01:35:33.113 [FXGL Background Thread 1 ] DEBUG FXGLApplication      - Loading default localization
01:35:33.115 [FXGL Background Thread 1 ] DEBUG FXGLAssetLoaderServi - Loading from file system: jar:file:///C:/Users/Utilisateur/.m2/repository/com/github/almasb/fxgl/17/fxgl-17.jar!/fxglassets/languages/english.lang
01:35:33.141 [FXGL Background Thread 1 ] INFO  FXGLApplication      - FXGL initialization took: 0,521 sec
01:35:33.150 [JavaFX Application Thread] DEBUG Input                - Registered new binding: inventaire - Tab
01:35:33.150 [JavaFX Application Thread] DEBUG Input                - Registered new binding: getPosition - P
01:35:33.150 [JavaFX Application Thread] DEBUG Input                - Registered new binding: zoom+ - Up
01:35:33.151 [JavaFX Application Thread] DEBUG Input                - Registered new binding: zoom- - Down
01:35:33.151 [JavaFX Application Thread] DEBUG Input                - Registered new binding: resetZoom - 0
01:35:33.151 [JavaFX Application Thread] DEBUG Input                - Registered new binding: Move right - D
01:35:33.151 [JavaFX Application Thread] DEBUG Input                - Registered new binding: Move left - A
01:35:33.152 [JavaFX Application Thread] DEBUG Input                - Registered new binding: Move Up - W
01:35:33.152 [JavaFX Application Thread] DEBUG Input                - Registered new binding: Move Down - S
01:35:33.152 [JavaFX Application Thread] DEBUG FXGLAssetLoaderServi - Loading from file system: jar:file:///C:/Users/Utilisateur/.m2/repository/com/github/almasb/fxgl/17/fxgl-17.jar!/fxglassets/textures/fxgl_icon.png
01:35:33.176 [JavaFX Application Thread] DEBUG FXGLAssetLoaderServi - Loading from file system: jar:file:///C:/Users/Utilisateur/.m2/repository/com/github/almasb/fxgl/17/fxgl-17.jar!/fxglassets/textures/fxgl_default_cursor.png
01:35:33.180 [JavaFX Application Thread] DEBUG Input                - Registered new binding: Screenshot - CTRL+8
01:35:33.181 [JavaFX Application Thread] DEBUG Input                - Registered new binding: Dev Options - 1
01:35:33.181 [JavaFX Application Thread] DEBUG Input                - Registered new binding: Dev Console - 2
01:35:33.182 [JavaFX Application Thread] DEBUG Input                - Registered new binding: System info dump - CTRL+9
01:35:33.182 [JavaFX Application Thread] DEBUG Input                - Registered new binding: Restart - CTRL+R
01:35:33.183 [JavaFX Application Thread] DEBUG Input                - Registered new binding: Toggle Debug Camera - CTRL+7
01:35:33.186 [JavaFX Application Thread] DEBUG LoopRunner           - Starting loop
01:35:33.190 [FXGL Background Thread 4 ] DEBUG FXGLAssetLoaderServi - Loading from file system: jar:file:///C:/Users/Utilisateur/.m2/repository/com/github/almasb/fxgl/17/fxgl-17.jar!/fxglassets/ui/fonts/Abel-Regular.ttf
01:35:33.215 [JavaFX Application Thread] DEBUG LoopRunner           - Initializing JavaFX AnimationTimerLoop
01:35:33.217 [JavaFX Application Thread] DEBUG Input                - Clearing active input actions
01:35:33.225 [JavaFX Application Thread] DEBUG GameApplicationServi - Removing overlay from FXGLStartupScene and adding to FXGLMainMenuDummyScene
01:35:33.229 [FXGL Background Thread 4 ] DEBUG FXGLAssetLoaderServi - Loading from file system: jar:file:///C:/Users/Utilisateur/.m2/repository/com/github/almasb/fxgl/17/fxgl-17.jar!/fxglassets/ui/fonts/TerminalLandMono-Regular.otf
01:35:33.237 [JavaFX Application Thread] DEBUG PrimaryStageWindow   - FXGLStartupScene -> FXGLMainMenuDummyScene
01:35:33.237 [JavaFX Application Thread] DEBUG PrimaryStageWindow   - Push state: FXGLDefaultMenu
01:35:33.244 [JavaFX Application Thread] DEBUG Input                - Clearing active input actions
01:35:33.248 [FXGL Background Thread 4 ] DEBUG FXGLAssetLoaderServi - Loading from file system: jar:file:///C:/Users/Utilisateur/.m2/repository/com/github/almasb/fxgl/17/fxgl-17.jar!/fxglassets/ui/fonts/Courier-Prime.ttf
01:35:33.254 [JavaFX Application Thread] DEBUG GameApplicationServi - Removing overlay from FXGLMainMenuDummyScene and adding to FXGLDefaultMenu
01:35:33.255 [JavaFX Application Thread] DEBUG PrimaryStageWindow   - FXGLMainMenuDummyScene -> FXGLDefaultMenu
01:35:33.463 [JavaFX Application Thread] DEBUG FXGLApplication      - Registering font factories with UI factory
01:35:33.573 [FXGL Background Thread 2 ] INFO  UpdaterService       - Your current version:  17
01:35:33.578 [FXGL Background Thread 2 ] INFO  UpdaterService       - Latest stable version: 21.1
01:35:35.446 [JavaFX Application Thread] DEBUG FXGLApplication      - Exiting FXGL
01:35:35.447 [JavaFX Application Thread] DEBUG LoopRunner           - Stopping loop
01:35:35.447 [JavaFX Application Thread] DEBUG SystemBundleService  - Saving FXGL system data
01:35:35.450 [JavaFX Application Thread] DEBUG FileSystemAccess     - Writing to: C:\Users\Utilisateur\IdeaProjects\zeldaPuzzle\system\fxgl.bundle
01:35:35.453 [JavaFX Application Thread] DEBUG Async                - Shutting down background threads
01:35:35.453 [JavaFX Application Thread] DEBUG PrimaryStageWindow   - Closing main window
01:35:35.466 [JavaFX Application Thread] DEBUG Logger               - Closing Logger
