21:23:04.561 [main                     ] DEBUG Logger               - Configured Logger
21:23:04.581 [main                     ] DEBUG GameApplication      - Logging settings
Title: Zelda 2D Game
Version: 1
Width: 800
Height: 800
Fullscreen: true
Intro: false
Profiling: false
Single step:false
App Mode: DEVELOPER
Menu Key: ESCAPE
Stage Style: DECORATED
Scene Factory: class com.almasb.fxgl.app.scene.SceneFactory

21:23:04.859 [JavaFX Application Thread] DEBUG FXGLApplication      - Initializing FXGL
21:23:04.863 [JavaFX Application Thread] INFO  Engine               - FXGL-17 (31.12.2021 18.16) on MAC (J:19.0.1 FX:19)
21:23:04.863 [JavaFX Application Thread] DEBUG Engine               - JRE Vendor Name: Oracle Corporation
21:23:04.864 [JavaFX Application Thread] DEBUG Engine               - Running on OS: Mac OS X version 12.5
21:23:04.864 [JavaFX Application Thread] DEBUG Engine               - Architecture: aarch64
21:23:04.864 [JavaFX Application Thread] INFO  Engine               - Source code and latest versions at: https://github.com/AlmasB/FXGL
21:23:04.864 [JavaFX Application Thread] INFO  Engine               -       Ask questions and discuss at: https://github.com/AlmasB/FXGL/discussions
21:23:04.864 [JavaFX Application Thread] INFO  Engine               -              Join the FXGL chat at: https://gitter.im/AlmasB/FXGL
21:23:04.925 [JavaFX Application Thread] DEBUG PrimaryStageWindow   - Creating a JavaFX scene
21:23:05.003 [JavaFX Application Thread] DEBUG PrimaryStageWindow   - Target settings size: 800.0 x 800.0
21:23:05.003 [JavaFX Application Thread] DEBUG PrimaryStageWindow   - Scaled scene size:    800.0 x 800.0
21:23:05.003 [JavaFX Application Thread] DEBUG PrimaryStageWindow   - Scaled ratio: (1.0, 1.0)
21:23:05.004 [JavaFX Application Thread] DEBUG PrimaryStageWindow   - Set initial scene to FXGLStartupScene
21:23:05.007 [JavaFX Application Thread] DEBUG PrimaryStageWindow   - Opening main window
21:23:05.164 [JavaFX Application Thread] DEBUG PrimaryStageWindow   - Window border size: (0.0, 28.0)
21:23:05.165 [JavaFX Application Thread] DEBUG PrimaryStageWindow   - Scaled size: 800.0 x 800.0
21:23:05.165 [JavaFX Application Thread] DEBUG PrimaryStageWindow   - Scaled ratio: (1.0, 1.0)
21:23:05.165 [JavaFX Application Thread] DEBUG PrimaryStageWindow   - Scene size: 800.0 x 800.0
21:23:05.165 [JavaFX Application Thread] DEBUG PrimaryStageWindow   - Stage size: 800.0 x 828.0
21:23:05.171 [FXGL Background Thread 1 ] DEBUG Engine               - Initializing environment variables
21:23:05.227 [FXGL Background Thread 1 ] DEBUG FXGLAssetLoaderServi - User app class for loading assets: class com.example.zeldapuzzle.MainGameApp
21:23:05.228 [FXGL Background Thread 1 ] DEBUG GameApplicationServi - Applying CSS: fxgl_dark.css
21:23:05.228 [FXGL Background Thread 1 ] DEBUG FXGLAssetLoaderServi - Loading from file system: jar:file:///Users/CHLaroche05/.m2/repository/com/github/almasb/fxgl/17/fxgl-17.jar!/fxglassets/ui/css/fxgl_dark.css
21:23:05.275 [FXGL Background Thread 1 ] DEBUG GameApplicationServi - Initializing application scenes
21:23:05.679 [FXGL Background Thread 1 ] DEBUG GameWorld            - Game world initialized
21:23:05.757 [FXGL Background Thread 1 ] DEBUG PhysicsWorld         - Physics world initialized: appHeight=800, physics.ppm=50.0
21:23:05.757 [FXGL Background Thread 1 ] DEBUG PhysicsWorld         - Using strategy: BRUTE_FORCE
21:23:05.763 [FXGL Background Thread 1 ] DEBUG GameScene            - Game scene initialized: 800x800
21:23:05.778 [FXGL Background Thread 1 ] DEBUG FXGL.DefaultMenu     - createMenuBodyMainMenu()
21:23:05.799 [FXGL Background Thread 1 ] DEBUG FXGL.DefaultMenu     - createOptionsMenu()
21:23:05.807 [FXGL Background Thread 1 ] DEBUG FXGLAssetLoaderServi - Loading from file system: jar:file:///Users/CHLaroche05/.m2/repository/com/github/almasb/fxgl/17/fxgl-17.jar!/fxglassets/textures/particles/smoke.png
21:23:05.902 [FXGL Background Thread 1 ] DEBUG FXGLAssetLoaderServi - Loading from file system: jar:file:///Users/CHLaroche05/.m2/repository/com/github/almasb/fxgl/17/fxgl-17.jar!/fxglassets/textures/particles/trace_horizontal.png
21:23:05.924 [FXGL Background Thread 1 ] DEBUG FXGL.DefaultMenu     - createMenuBodyGameMenu()
21:23:05.925 [FXGL Background Thread 1 ] DEBUG FXGL.DefaultMenu     - createOptionsMenu()
21:23:05.956 [FXGL Background Thread 1 ] DEBUG GameApplicationServi - Application scenes initialized
21:23:05.965 [FXGL Background Thread 1 ] DEBUG SystemBundleService  - Loading FXGL system data
21:23:05.968 [FXGL Background Thread 1 ] DEBUG FileSystemAccess     - Reading from: /Users/CHLaroche05/zelda/zeldaPuzzle/system/fxgl.bundle
21:23:05.974 [FXGL Background Thread 1 ] DEBUG SystemBundleService  - Bundle FXGL: {}
21:23:05.974 [FXGL Background Thread 1 ] DEBUG UpdaterService       - Checking for updates
21:23:05.998 [FXGL Background Thread 4 ] DEBUG FXGLApplication      - Loading fonts
21:23:05.998 [FXGL Background Thread 4 ] DEBUG FXGLAssetLoaderServi - Loading from file system: jar:file:///Users/CHLaroche05/.m2/repository/com/github/almasb/fxgl/17/fxgl-17.jar!/fxglassets/ui/fonts/VarelaRound-Regular.ttf
21:23:05.999 [FXGL Background Thread 1 ] DEBUG FXGLApplication      - Loading default localization
21:23:05.999 [FXGL Background Thread 1 ] DEBUG FXGLAssetLoaderServi - Loading from file system: jar:file:///Users/CHLaroche05/.m2/repository/com/github/almasb/fxgl/17/fxgl-17.jar!/fxglassets/languages/english.lang
21:23:06.006 [FXGL Background Thread 4 ] DEBUG FXGLAssetLoaderServi - Loading from file system: jar:file:///Users/CHLaroche05/.m2/repository/com/github/almasb/fxgl/17/fxgl-17.jar!/fxglassets/ui/fonts/Abel-Regular.ttf
21:23:06.008 [FXGL Background Thread 4 ] DEBUG FXGLAssetLoaderServi - Loading from file system: jar:file:///Users/CHLaroche05/.m2/repository/com/github/almasb/fxgl/17/fxgl-17.jar!/fxglassets/ui/fonts/TerminalLandMono-Regular.otf
21:23:06.010 [FXGL Background Thread 1 ] INFO  FXGLApplication      - FXGL initialization took: 0.839 sec
21:23:06.012 [FXGL Background Thread 4 ] DEBUG FXGLAssetLoaderServi - Loading from file system: jar:file:///Users/CHLaroche05/.m2/repository/com/github/almasb/fxgl/17/fxgl-17.jar!/fxglassets/ui/fonts/Courier-Prime.ttf
21:23:06.017 [JavaFX Application Thread] DEBUG Input                - Registered new binding: getPosition - P
21:23:06.017 [JavaFX Application Thread] DEBUG Input                - Registered new binding: zoom+ - Up
21:23:06.017 [JavaFX Application Thread] DEBUG Input                - Registered new binding: zoom- - Down
21:23:06.017 [JavaFX Application Thread] DEBUG Input                - Registered new binding: resetZoom - 0
21:23:06.017 [JavaFX Application Thread] DEBUG Input                - Registered new binding: Move right - D
21:23:06.017 [JavaFX Application Thread] DEBUG Input                - Registered new binding: Move left - A
21:23:06.017 [JavaFX Application Thread] DEBUG Input                - Registered new binding: Move Up - W
21:23:06.017 [JavaFX Application Thread] DEBUG Input                - Registered new binding: Move Down - S
21:23:06.017 [JavaFX Application Thread] DEBUG FXGLAssetLoaderServi - Loading from file system: jar:file:///Users/CHLaroche05/.m2/repository/com/github/almasb/fxgl/17/fxgl-17.jar!/fxglassets/textures/fxgl_icon.png
21:23:06.034 [JavaFX Application Thread] DEBUG FXGLAssetLoaderServi - Loading from file system: jar:file:///Users/CHLaroche05/.m2/repository/com/github/almasb/fxgl/17/fxgl-17.jar!/fxglassets/textures/fxgl_default_cursor.png
21:23:06.035 [JavaFX Application Thread] DEBUG Input                - Registered new binding: Screenshot - CTRL+8
21:23:06.035 [JavaFX Application Thread] DEBUG Input                - Registered new binding: Dev Options - 1
21:23:06.035 [JavaFX Application Thread] DEBUG Input                - Registered new binding: Dev Console - 2
21:23:06.035 [JavaFX Application Thread] DEBUG Input                - Registered new binding: System info dump - CTRL+9
21:23:06.036 [JavaFX Application Thread] DEBUG Input                - Registered new binding: Restart - CTRL+R
21:23:06.036 [JavaFX Application Thread] DEBUG Input                - Registered new binding: Toggle Debug Camera - CTRL+7
21:23:06.037 [JavaFX Application Thread] DEBUG LoopRunner           - Starting loop
21:23:06.046 [JavaFX Application Thread] DEBUG LoopRunner           - Initializing JavaFX AnimationTimerLoop
21:23:06.047 [JavaFX Application Thread] DEBUG Input                - Clearing active input actions
21:23:06.053 [JavaFX Application Thread] DEBUG GameApplicationServi - Removing overlay from FXGLStartupScene and adding to FXGLMainMenuDummyScene
21:23:06.057 [JavaFX Application Thread] DEBUG PrimaryStageWindow   - FXGLStartupScene -> FXGLMainMenuDummyScene
21:23:06.057 [JavaFX Application Thread] DEBUG PrimaryStageWindow   - Push state: FXGLDefaultMenu
21:23:06.060 [JavaFX Application Thread] DEBUG Input                - Clearing active input actions
21:23:06.064 [JavaFX Application Thread] DEBUG GameApplicationServi - Removing overlay from FXGLMainMenuDummyScene and adding to FXGLDefaultMenu
21:23:06.064 [JavaFX Application Thread] DEBUG PrimaryStageWindow   - FXGLMainMenuDummyScene -> FXGLDefaultMenu
21:23:06.080 [JavaFX Application Thread] DEBUG FXGLApplication      - Registering font factories with UI factory
21:23:06.455 [FXGL Background Thread 2 ] INFO  UpdaterService       - Your current version:  17
21:23:06.455 [FXGL Background Thread 2 ] INFO  UpdaterService       - Latest stable version: 21.1
21:23:07.174 [JavaFX Application Thread] DEBUG Menu                 - fireNewGame()
21:23:07.175 [JavaFX Application Thread] DEBUG GameApplicationServi - Starting new game
21:23:07.176 [JavaFX Application Thread] DEBUG PrimaryStageWindow   - Pop state: FXGLDefaultMenu
21:23:07.176 [JavaFX Application Thread] DEBUG Input                - Clearing active input actions
21:23:07.177 [JavaFX Application Thread] DEBUG GameApplicationServi - Removing overlay from FXGLDefaultMenu and adding to FXGLMainMenuDummyScene
21:23:07.178 [JavaFX Application Thread] DEBUG PrimaryStageWindow   - FXGLMainMenuDummyScene <- FXGLDefaultMenu
21:23:07.178 [JavaFX Application Thread] DEBUG Input                - Clearing active input actions
21:23:07.185 [JavaFX Application Thread] DEBUG GameApplicationServi - Removing overlay from FXGLMainMenuDummyScene and adding to FXGLLoadingScene
21:23:07.185 [JavaFX Application Thread] DEBUG PrimaryStageWindow   - FXGLMainMenuDummyScene -> FXGLLoadingScene
21:23:07.185 [JavaFX Application Thread] DEBUG GameApplicationServi - Clearing previous game
21:23:07.185 [JavaFX Application Thread] DEBUG GameScene            - Clearing game scene
21:23:07.185 [JavaFX Application Thread] DEBUG GameWorld            - Clearing game world
21:23:07.185 [JavaFX Application Thread] DEBUG PhysicsWorld         - Clearing physics world
21:23:07.186 [FXGL Background Thread 2 ] DEBUG FXGLApplication      - Initializing game
21:23:07.214 [FXGL Background Thread 2 ] WARN  TMXLevelLoader       - TiledMap generated from 1.10.2. Supported version: 1.2.3. Some features may not be parsed fully.
21:23:07.222 [FXGL Background Thread 2 ] DEBUG TMXLevelLoader       - Parsed TiledMap: file:/Users/CHLaroche05/zelda/zeldaPuzzle/target/classes/assets/levels/StartingMap.tmx
21:23:07.223 [FXGL Background Thread 2 ] DEBUG TMXLevelLoader       - Creating tile layer entities
21:23:07.224 [FXGL Background Thread 2 ] DEBUG TilesetLoader        - Loading view for layer Calque de Tuiles 1
21:23:07.226 [FXGL Background Thread 2 ] DEBUG TilesetLoader        - Created buffer with size 1920.0x1920.0
21:23:07.236 [FXGL Background Thread 2 ] DEBUG TilesetLoader        - Loading view for layer Calque de Tuiles 2
21:23:07.238 [FXGL Background Thread 2 ] DEBUG TilesetLoader        - Created buffer with size 1920.0x1920.0
21:23:07.243 [FXGL Background Thread 2 ] DEBUG TilesetLoader        - Loading view for layer Calque de Tuiles 3
21:23:07.245 [FXGL Background Thread 2 ] DEBUG TilesetLoader        - Created buffer with size 1920.0x1920.0
21:23:07.247 [FXGL Background Thread 2 ] DEBUG TMXLevelLoader       - Creating object layer entities
21:23:07.260 [FXGL Background Thread 2 ] DEBUG GameWorld            - Clearing removable entities
21:23:07.261 [FXGL Background Thread 2 ] DEBUG GameWorld            - Setting level: com.almasb.fxgl.entity.level.Level@3e7531c8
21:23:07.276 [FXGL Background Thread 2 ] WARN  GameWorld            - Entity is already attached to world
21:23:07.337 [FXGL Background Thread 2 ] WARN  GameWorld            - Entity is already attached to world
21:23:07.338 [FXGL Background Thread 2 ] WARN  GameWorld            - Entity is already attached to world
21:23:07.339 [FXGL Background Thread 2 ] INFO  FXGLApplication      - Game initialization took: 0.152 sec
21:23:07.339 [JavaFX Application Thread] DEBUG Input                - Clearing active input actions
21:23:07.343 [JavaFX Application Thread] DEBUG GameApplicationServi - Removing overlay from FXGLLoadingScene and adding to GameScene
21:23:07.345 [JavaFX Application Thread] DEBUG PrimaryStageWindow   - FXGLLoadingScene -> GameScene
21:23:08.997 [FXGL Background Thread 3 ] DEBUG Engine               - Logging environment variables
21:23:08.998 [FXGL Background Thread 3 ] DEBUG Engine               - achievements: []
21:23:08.998 [FXGL Background Thread 3 ] DEBUG Engine               - actualHeight: 800.0
21:23:08.999 [FXGL Background Thread 3 ] DEBUG Engine               - actualHeightProperty: ReadOnlyDoubleProperty [value: 800.0]
21:23:08.999 [FXGL Background Thread 3 ] DEBUG Engine               - actualWidth: 800.0
21:23:08.999 [FXGL Background Thread 3 ] DEBUG Engine               - actualWidthProperty: ReadOnlyDoubleProperty [value: 800.0]
21:23:08.999 [FXGL Background Thread 3 ] DEBUG Engine               - appIcon: fxgl_icon.png
21:23:08.999 [FXGL Background Thread 3 ] DEBUG Engine               - applicationMode: DEVELOPER
21:23:08.999 [FXGL Background Thread 3 ] DEBUG Engine               - cSSList: [fxgl_dark.css]
21:23:08.999 [FXGL Background Thread 3 ] DEBUG Engine               - collisionDetectionStrategy: BRUTE_FORCE
21:23:08.999 [FXGL Background Thread 3 ] DEBUG Engine               - configClass: Optional.empty
21:23:08.999 [FXGL Background Thread 3 ] DEBUG Engine               - credits: []
21:23:09.000 [FXGL Background Thread 3 ] DEBUG Engine               - defaultCursor: CursorInfo(imageName=fxgl_default_cursor.png, hotspotX=7.0, hotspotY=6.0)
21:23:09.000 [FXGL Background Thread 3 ] DEBUG Engine               - devBBoxColorProperty: ObjectProperty [value: 0xff0000ff]
21:23:09.001 [FXGL Background Thread 3 ] DEBUG Engine               - devEnableDebugCameraProperty: BooleanProperty [value: false]
21:23:09.001 [FXGL Background Thread 3 ] DEBUG Engine               - devSensorColorProperty: ObjectProperty [value: 0xffff00ff]
21:23:09.001 [FXGL Background Thread 3 ] DEBUG Engine               - devShowBBoxProperty: BooleanProperty [value: false]
21:23:09.001 [FXGL Background Thread 3 ] DEBUG Engine               - devShowPositionProperty: BooleanProperty [value: false]
21:23:09.001 [FXGL Background Thread 3 ] DEBUG Engine               - enabledMenuItems: []
21:23:09.001 [FXGL Background Thread 3 ] DEBUG Engine               - engineServices: [class com.almasb.fxgl.app.services.FXGLAssetLoaderService, class com.almasb.fxgl.app.FXGLApplication$GameApplicationService, class com.almasb.fxgl.app.services.FXGLDialogService, class com.almasb.fxgl.app.services.IOTaskExecutorService, class com.almasb.fxgl.io.FileSystemService, class com.almasb.fxgl.localization.LocalizationService, class com.almasb.fxgl.app.services.SystemBundleService, class com.almasb.fxgl.profile.SaveLoadService, class com.almasb.fxgl.ui.FXGLUIFactoryServiceProvider, class com.almasb.fxgl.ui.FXGLDialogFactoryServiceProvider, class com.almasb.fxgl.audio.AudioPlayer, class com.almasb.fxgl.notification.impl.NotificationServiceProvider, class com.almasb.fxgl.achievement.AchievementService, class com.almasb.fxgl.cutscene.CutsceneService, class com.almasb.fxgl.minigames.MiniGameService, class com.almasb.fxgl.net.NetService, class com.almasb.fxgl.app.services.UpdaterService, class com.almasb.fxgl.dev.DevService]
21:23:09.001 [FXGL Background Thread 3 ] DEBUG Engine               - fontGame: Abel-Regular.ttf
21:23:09.001 [FXGL Background Thread 3 ] DEBUG Engine               - fontMono: TerminalLandMono-Regular.otf
21:23:09.002 [FXGL Background Thread 3 ] DEBUG Engine               - fontText: Courier-Prime.ttf
21:23:09.002 [FXGL Background Thread 3 ] DEBUG Engine               - fontUI: VarelaRound-Regular.ttf
21:23:09.002 [FXGL Background Thread 3 ] DEBUG Engine               - fullScreen: BooleanProperty [value: false]
21:23:09.002 [FXGL Background Thread 3 ] DEBUG Engine               - gameDifficulty: MEDIUM
21:23:09.002 [FXGL Background Thread 3 ] DEBUG Engine               - gameDifficultyProperty: ObjectProperty [value: MEDIUM]
21:23:09.002 [FXGL Background Thread 3 ] DEBUG Engine               - globalMusicVolume: 0.5
21:23:09.002 [FXGL Background Thread 3 ] DEBUG Engine               - globalMusicVolumeProperty: DoubleProperty [value: 0.5]
21:23:09.002 [FXGL Background Thread 3 ] DEBUG Engine               - globalSoundVolume: 0.5
21:23:09.002 [FXGL Background Thread 3 ] DEBUG Engine               - globalSoundVolumeProperty: DoubleProperty [value: 0.5]
21:23:09.002 [FXGL Background Thread 3 ] DEBUG Engine               - height: 800
21:23:09.002 [FXGL Background Thread 3 ] DEBUG Engine               - is3D: false
21:23:09.002 [FXGL Background Thread 3 ] DEBUG Engine               - isAndroid: false
21:23:09.002 [FXGL Background Thread 3 ] DEBUG Engine               - isBrowser: false
21:23:09.003 [FXGL Background Thread 3 ] DEBUG Engine               - isClickFeedbackEnabled: false
21:23:09.003 [FXGL Background Thread 3 ] DEBUG Engine               - isCloseConfirmation: false
21:23:09.003 [FXGL Background Thread 3 ] DEBUG Engine               - isDesktop: true
21:23:09.003 [FXGL Background Thread 3 ] DEBUG Engine               - isDeveloperMenuEnabled: true
21:23:09.003 [FXGL Background Thread 3 ] DEBUG Engine               - isEmbedded: false
21:23:09.003 [FXGL Background Thread 3 ] DEBUG Engine               - isEntityPreloadEnabled: true
21:23:09.003 [FXGL Background Thread 3 ] DEBUG Engine               - isExperimentalTiledLargeMap: false
21:23:09.003 [FXGL Background Thread 3 ] DEBUG Engine               - isFileSystemWriteAllowed: true
21:23:09.003 [FXGL Background Thread 3 ] DEBUG Engine               - isFullScreenAllowed: true
21:23:09.003 [FXGL Background Thread 3 ] DEBUG Engine               - isFullScreenFromStart: false
21:23:09.003 [FXGL Background Thread 3 ] DEBUG Engine               - isGameMenuEnabled: true
21:23:09.003 [FXGL Background Thread 3 ] DEBUG Engine               - isIOS: false
21:23:09.003 [FXGL Background Thread 3 ] DEBUG Engine               - isIntroEnabled: false
21:23:09.003 [FXGL Background Thread 3 ] DEBUG Engine               - isLinux: false
21:23:09.003 [FXGL Background Thread 3 ] DEBUG Engine               - isMac: true
21:23:09.004 [FXGL Background Thread 3 ] DEBUG Engine               - isMainMenuEnabled: true
21:23:09.004 [FXGL Background Thread 3 ] DEBUG Engine               - isManualResizeEnabled: false
21:23:09.004 [FXGL Background Thread 3 ] DEBUG Engine               - isMobile: false
21:23:09.004 [FXGL Background Thread 3 ] DEBUG Engine               - isNative: false
21:23:09.004 [FXGL Background Thread 3 ] DEBUG Engine               - isPauseMusicWhenMinimized: true
21:23:09.004 [FXGL Background Thread 3 ] DEBUG Engine               - isPreserveResizeRatio: false
21:23:09.004 [FXGL Background Thread 3 ] DEBUG Engine               - isProfilingEnabled: false
21:23:09.004 [FXGL Background Thread 3 ] DEBUG Engine               - isScaleAffectedOnResize: true
21:23:09.004 [FXGL Background Thread 3 ] DEBUG Engine               - isSingleStep: false
21:23:09.004 [FXGL Background Thread 3 ] DEBUG Engine               - isUserProfileEnabled: false
21:23:09.004 [FXGL Background Thread 3 ] DEBUG Engine               - isWindows: false
21:23:09.004 [FXGL Background Thread 3 ] DEBUG Engine               - language: ObjectProperty [value: ENGLISH]
21:23:09.004 [FXGL Background Thread 3 ] DEBUG Engine               - menuKey: ESCAPE
21:23:09.005 [FXGL Background Thread 3 ] DEBUG Engine               - mouseSensitivity: 0.2
21:23:09.005 [FXGL Background Thread 3 ] DEBUG Engine               - notificationViewClass: class com.almasb.fxgl.notification.view.XboxNotificationView
21:23:09.005 [FXGL Background Thread 3 ] DEBUG Engine               - pixelsPerMeter: 50.0
21:23:09.005 [FXGL Background Thread 3 ] DEBUG Engine               - platform: MAC
21:23:09.005 [FXGL Background Thread 3 ] DEBUG Engine               - prefHeightProperty: ReadOnlyDoubleProperty [value: 800.0]
21:23:09.005 [FXGL Background Thread 3 ] DEBUG Engine               - prefWidthProperty: ReadOnlyDoubleProperty [value: 800.0]
21:23:09.005 [FXGL Background Thread 3 ] DEBUG Engine               - profileDir: profiles/
21:23:09.005 [FXGL Background Thread 3 ] DEBUG Engine               - profileName: StringProperty [value: DEFAULT]
21:23:09.005 [FXGL Background Thread 3 ] DEBUG Engine               - randomSeed: -1
21:23:09.006 [FXGL Background Thread 3 ] DEBUG Engine               - runtimeInfo: RuntimeInfo(platform=MAC, version=17, build=31.12.2021 18.16)
21:23:09.006 [FXGL Background Thread 3 ] DEBUG Engine               - saveFileExt: sav
21:23:09.006 [FXGL Background Thread 3 ] DEBUG Engine               - scaledHeightProp$fxgl: DoubleProperty [bound, value: 800.0]
21:23:09.006 [FXGL Background Thread 3 ] DEBUG Engine               - scaledWidthProp$fxgl: DoubleProperty [bound, value: 800.0]
21:23:09.006 [FXGL Background Thread 3 ] DEBUG Engine               - sceneFactory: com.almasb.fxgl.app.scene.SceneFactory@4b221dfb
21:23:09.006 [FXGL Background Thread 3 ] DEBUG Engine               - secondsIn24h: 60
21:23:09.006 [FXGL Background Thread 3 ] DEBUG Engine               - soundMenuBack: menu/back.wav
21:23:09.006 [FXGL Background Thread 3 ] DEBUG Engine               - soundMenuPress: menu/press.wav
21:23:09.006 [FXGL Background Thread 3 ] DEBUG Engine               - soundMenuSelect: menu/select.wav
21:23:09.006 [FXGL Background Thread 3 ] DEBUG Engine               - soundNotification: core/notification.wav
21:23:09.006 [FXGL Background Thread 3 ] DEBUG Engine               - stageStyle: DECORATED
21:23:09.006 [FXGL Background Thread 3 ] DEBUG Engine               - supportedLanguages: [ENGLISH, FRENCH, GERMAN, HUNGARIAN, RUSSIAN]
21:23:09.006 [FXGL Background Thread 3 ] DEBUG Engine               - ticksPerSecond: -1
21:23:09.006 [FXGL Background Thread 3 ] DEBUG Engine               - title: Zelda 2D Game
21:23:09.006 [FXGL Background Thread 3 ] DEBUG Engine               - urlGithub: https://github.com/AlmasB/FXGL
21:23:09.006 [FXGL Background Thread 3 ] DEBUG Engine               - urlLeaderboard: http://fxgl-top.herokuapp.com/
21:23:09.007 [FXGL Background Thread 3 ] DEBUG Engine               - urlPOM: https://raw.githubusercontent.com/AlmasB/FXGL/release/README.md
21:23:09.007 [FXGL Background Thread 3 ] DEBUG Engine               - userAppClass: class com.example.zeldapuzzle.MainGameApp
21:23:09.007 [FXGL Background Thread 3 ] DEBUG Engine               - version: 1
21:23:09.007 [FXGL Background Thread 3 ] DEBUG Engine               - versionCheckDays: 7
21:23:09.007 [FXGL Background Thread 3 ] DEBUG Engine               - width: 800
21:23:09.007 [FXGL Background Thread 3 ] DEBUG Engine               - Logging services
21:23:09.007 [FXGL Background Thread 3 ] DEBUG Engine               - class com.almasb.fxgl.app.services.FXGLAssetLoaderService
21:23:09.007 [FXGL Background Thread 3 ] DEBUG Engine               - class com.almasb.fxgl.app.FXGLApplication$GameApplicationService
21:23:09.007 [FXGL Background Thread 3 ] DEBUG Engine               - class com.almasb.fxgl.app.services.FXGLDialogService
21:23:09.007 [FXGL Background Thread 3 ] DEBUG Engine               - class com.almasb.fxgl.app.services.IOTaskExecutorService
21:23:09.007 [FXGL Background Thread 3 ] DEBUG Engine               - class com.almasb.fxgl.io.FileSystemService
21:23:09.007 [FXGL Background Thread 3 ] DEBUG Engine               - class com.almasb.fxgl.localization.LocalizationService
21:23:09.007 [FXGL Background Thread 3 ] DEBUG Engine               - class com.almasb.fxgl.app.services.SystemBundleService
21:23:09.007 [FXGL Background Thread 3 ] DEBUG Engine               - class com.almasb.fxgl.profile.SaveLoadService
21:23:09.008 [FXGL Background Thread 3 ] DEBUG Engine               - class com.almasb.fxgl.ui.FXGLUIFactoryServiceProvider
21:23:09.008 [FXGL Background Thread 3 ] DEBUG Engine               - class com.almasb.fxgl.ui.FXGLDialogFactoryServiceProvider
21:23:09.008 [FXGL Background Thread 3 ] DEBUG Engine               - class com.almasb.fxgl.audio.AudioPlayer
21:23:09.008 [FXGL Background Thread 3 ] DEBUG Engine               - class com.almasb.fxgl.notification.impl.NotificationServiceProvider
21:23:09.008 [FXGL Background Thread 3 ] DEBUG Engine               - class com.almasb.fxgl.achievement.AchievementService
21:23:09.008 [FXGL Background Thread 3 ] DEBUG Engine               - class com.almasb.fxgl.cutscene.CutsceneService
21:23:09.008 [FXGL Background Thread 3 ] DEBUG Engine               - class com.almasb.fxgl.minigames.MiniGameService
21:23:09.008 [FXGL Background Thread 3 ] DEBUG Engine               - class com.almasb.fxgl.net.NetService
21:23:09.008 [FXGL Background Thread 3 ] DEBUG Engine               - class com.almasb.fxgl.app.services.UpdaterService
21:23:09.008 [FXGL Background Thread 3 ] DEBUG Engine               - class com.almasb.fxgl.dev.DevService
21:23:12.563 [JavaFX Application Thread] WARN  TMXLevelLoader       - TiledMap generated from 1.10.2. Supported version: 1.2.3. Some features may not be parsed fully.
21:23:12.582 [JavaFX Application Thread] DEBUG TMXLevelLoader       - Parsed TiledMap: file:/Users/CHLaroche05/zelda/zeldaPuzzle/target/classes/assets/levels/donjonPasFini.tmx
21:23:12.583 [JavaFX Application Thread] DEBUG TMXLevelLoader       - Creating tile layer entities
21:23:12.583 [JavaFX Application Thread] DEBUG TilesetLoader        - Loading view for layer Calque de Tuiles 2
21:23:12.586 [JavaFX Application Thread] DEBUG TilesetLoader        - Created buffer with size 3200.0x960.0
21:23:12.618 [JavaFX Application Thread] WARN  TilesetLoader        - Diagonally flipped tiles are not currently supported
21:23:12.618 [JavaFX Application Thread] WARN  TilesetLoader        - Diagonally flipped tiles are not currently supported
21:23:12.618 [JavaFX Application Thread] WARN  TilesetLoader        - Diagonally flipped tiles are not currently supported
21:23:12.619 [JavaFX Application Thread] WARN  TilesetLoader        - Diagonally flipped tiles are not currently supported
21:23:12.619 [JavaFX Application Thread] WARN  TilesetLoader        - Diagonally flipped tiles are not currently supported
21:23:12.619 [JavaFX Application Thread] WARN  TilesetLoader        - Diagonally flipped tiles are not currently supported
21:23:12.619 [JavaFX Application Thread] WARN  TilesetLoader        - Diagonally flipped tiles are not currently supported
21:23:12.619 [JavaFX Application Thread] WARN  TilesetLoader        - Diagonally flipped tiles are not currently supported
21:23:12.619 [JavaFX Application Thread] WARN  TilesetLoader        - Diagonally flipped tiles are not currently supported
21:23:12.620 [JavaFX Application Thread] WARN  TilesetLoader        - Diagonally flipped tiles are not currently supported
21:23:12.620 [JavaFX Application Thread] DEBUG TilesetLoader        - Loading view for layer background
21:23:12.622 [JavaFX Application Thread] DEBUG TilesetLoader        - Created buffer with size 3200.0x960.0
21:23:12.627 [JavaFX Application Thread] DEBUG TilesetLoader        - Loading view for layer Calque de Tuiles 3
21:23:12.628 [JavaFX Application Thread] DEBUG TilesetLoader        - Created buffer with size 3200.0x960.0
21:23:12.629 [JavaFX Application Thread] DEBUG TilesetLoader        - Loading view for layer Calque de Tuiles 1
21:23:12.632 [JavaFX Application Thread] DEBUG TilesetLoader        - Created buffer with size 3200.0x960.0
21:23:12.634 [JavaFX Application Thread] DEBUG TMXLevelLoader       - Creating object layer entities
21:23:12.637 [JavaFX Application Thread] DEBUG GameWorld            - Clearing removable entities
21:23:12.639 [JavaFX Application Thread] DEBUG GameWorld            - Setting level: com.almasb.fxgl.entity.level.Level@2c4d66b1
21:23:12.701 [JavaFX Application Thread] WARN  GameWorld            - Entity is already attached to world
21:23:15.027 [JavaFX Application Thread] DEBUG FXGLApplication      - Exiting FXGL
21:23:15.027 [JavaFX Application Thread] DEBUG LoopRunner           - Stopping loop
21:23:15.028 [JavaFX Application Thread] DEBUG SystemBundleService  - Saving FXGL system data
21:23:15.029 [JavaFX Application Thread] DEBUG FileSystemAccess     - Writing to: /Users/CHLaroche05/zelda/zeldaPuzzle/system/fxgl.bundle
21:23:15.032 [JavaFX Application Thread] DEBUG Async                - Shutting down background threads
21:23:15.032 [JavaFX Application Thread] DEBUG PrimaryStageWindow   - Closing main window
21:23:15.039 [JavaFX Application Thread] DEBUG Logger               - Closing Logger
