11:19:24.445 [main                     ] DEBUG Logger               - Configured Logger
11:19:24.469 [main                     ] DEBUG GameApplication      - Logging settings
Title: Zelda 2D Game
Version: 1
Width: 800
Height: 800
Fullscreen: true
Intro: false
Profiling: false
Single step:false
App Mode: DEVELOPER
Menu Key: ESCAPE
Stage Style: DECORATED
Scene Factory: class com.almasb.fxgl.app.scene.SceneFactory

11:19:24.707 [JavaFX Application Thread] DEBUG FXGLApplication      - Initializing FXGL
11:19:24.711 [JavaFX Application Thread] INFO  Engine               - FXGL-17 (31.12.2021 18.16) on MAC (J:19.0.1 FX:19)
11:19:24.712 [JavaFX Application Thread] DEBUG Engine               - JRE Vendor Name: Oracle Corporation
11:19:24.712 [JavaFX Application Thread] DEBUG Engine               - Running on OS: Mac OS X version 12.5
11:19:24.712 [JavaFX Application Thread] DEBUG Engine               - Architecture: aarch64
11:19:24.712 [JavaFX Application Thread] INFO  Engine               - Source code and latest versions at: https://github.com/AlmasB/FXGL
11:19:24.712 [JavaFX Application Thread] INFO  Engine               -       Ask questions and discuss at: https://github.com/AlmasB/FXGL/discussions
11:19:24.712 [JavaFX Application Thread] INFO  Engine               -              Join the FXGL chat at: https://gitter.im/AlmasB/FXGL
11:19:24.778 [JavaFX Application Thread] DEBUG PrimaryStageWindow   - Creating a JavaFX scene
11:19:24.822 [JavaFX Application Thread] DEBUG PrimaryStageWindow   - Target settings size: 800.0 x 800.0
11:19:24.822 [JavaFX Application Thread] DEBUG PrimaryStageWindow   - Scaled scene size:    800.0 x 800.0
11:19:24.823 [JavaFX Application Thread] DEBUG PrimaryStageWindow   - Scaled ratio: (1.0, 1.0)
11:19:24.824 [JavaFX Application Thread] DEBUG PrimaryStageWindow   - Set initial scene to FXGLStartupScene
11:19:24.828 [JavaFX Application Thread] DEBUG PrimaryStageWindow   - Opening main window
11:19:24.969 [JavaFX Application Thread] DEBUG PrimaryStageWindow   - Window border size: (0.0, 28.0)
11:19:24.969 [JavaFX Application Thread] DEBUG PrimaryStageWindow   - Scaled size: 800.0 x 800.0
11:19:24.970 [JavaFX Application Thread] DEBUG PrimaryStageWindow   - Scaled ratio: (1.0, 1.0)
11:19:24.970 [JavaFX Application Thread] DEBUG PrimaryStageWindow   - Scene size: 800.0 x 800.0
11:19:24.970 [JavaFX Application Thread] DEBUG PrimaryStageWindow   - Stage size: 800.0 x 828.0
11:19:24.978 [FXGL Background Thread 1 ] DEBUG Engine               - Initializing environment variables
11:19:25.044 [FXGL Background Thread 1 ] DEBUG FXGLAssetLoaderServi - User app class for loading assets: class com.example.zeldapuzzle.MainGameApp
11:19:25.045 [FXGL Background Thread 1 ] DEBUG GameApplicationServi - Applying CSS: fxgl_dark.css
11:19:25.046 [FXGL Background Thread 1 ] DEBUG FXGLAssetLoaderServi - Loading from file system: jar:file:///Users/CHLaroche05/.m2/repository/com/github/almasb/fxgl/17/fxgl-17.jar!/fxglassets/ui/css/fxgl_dark.css
11:19:25.108 [FXGL Background Thread 1 ] DEBUG GameApplicationServi - Initializing application scenes
11:19:25.283 [FXGL Background Thread 1 ] DEBUG GameWorld            - Game world initialized
11:19:25.327 [FXGL Background Thread 1 ] DEBUG PhysicsWorld         - Physics world initialized: appHeight=800, physics.ppm=50.0
11:19:25.327 [FXGL Background Thread 1 ] DEBUG PhysicsWorld         - Using strategy: BRUTE_FORCE
11:19:25.331 [FXGL Background Thread 1 ] DEBUG GameScene            - Game scene initialized: 800x800
11:19:25.344 [FXGL Background Thread 1 ] DEBUG FXGL.DefaultMenu     - createMenuBodyMainMenu()
11:19:25.362 [FXGL Background Thread 1 ] DEBUG FXGL.DefaultMenu     - createOptionsMenu()
11:19:25.380 [FXGL Background Thread 1 ] DEBUG FXGLAssetLoaderServi - Loading from file system: jar:file:///Users/CHLaroche05/.m2/repository/com/github/almasb/fxgl/17/fxgl-17.jar!/fxglassets/textures/particles/smoke.png
11:19:25.495 [FXGL Background Thread 1 ] DEBUG FXGLAssetLoaderServi - Loading from file system: jar:file:///Users/CHLaroche05/.m2/repository/com/github/almasb/fxgl/17/fxgl-17.jar!/fxglassets/textures/particles/trace_horizontal.png
11:19:25.514 [FXGL Background Thread 1 ] DEBUG FXGL.DefaultMenu     - createMenuBodyGameMenu()
11:19:25.515 [FXGL Background Thread 1 ] DEBUG FXGL.DefaultMenu     - createOptionsMenu()
11:19:25.545 [FXGL Background Thread 1 ] DEBUG GameApplicationServi - Application scenes initialized
11:19:25.555 [FXGL Background Thread 1 ] DEBUG SystemBundleService  - Loading FXGL system data
11:19:25.558 [FXGL Background Thread 1 ] DEBUG FileSystemAccess     - Reading from: /Users/CHLaroche05/zelda/zeldaPuzzle/system/fxgl.bundle
11:19:25.565 [FXGL Background Thread 1 ] DEBUG SystemBundleService  - Bundle FXGL: {}
11:19:25.565 [FXGL Background Thread 1 ] DEBUG UpdaterService       - Checking for updates
11:19:25.590 [FXGL Background Thread 4 ] DEBUG FXGLApplication      - Loading fonts
11:19:25.591 [FXGL Background Thread 4 ] DEBUG FXGLAssetLoaderServi - Loading from file system: jar:file:///Users/CHLaroche05/.m2/repository/com/github/almasb/fxgl/17/fxgl-17.jar!/fxglassets/ui/fonts/VarelaRound-Regular.ttf
11:19:25.591 [FXGL Background Thread 1 ] DEBUG FXGLApplication      - Loading default localization
11:19:25.592 [FXGL Background Thread 1 ] DEBUG FXGLAssetLoaderServi - Loading from file system: jar:file:///Users/CHLaroche05/.m2/repository/com/github/almasb/fxgl/17/fxgl-17.jar!/fxglassets/languages/english.lang
11:19:25.603 [FXGL Background Thread 4 ] DEBUG FXGLAssetLoaderServi - Loading from file system: jar:file:///Users/CHLaroche05/.m2/repository/com/github/almasb/fxgl/17/fxgl-17.jar!/fxglassets/ui/fonts/Abel-Regular.ttf
11:19:25.606 [FXGL Background Thread 4 ] DEBUG FXGLAssetLoaderServi - Loading from file system: jar:file:///Users/CHLaroche05/.m2/repository/com/github/almasb/fxgl/17/fxgl-17.jar!/fxglassets/ui/fonts/TerminalLandMono-Regular.otf
11:19:25.607 [FXGL Background Thread 1 ] INFO  FXGLApplication      - FXGL initialization took: 0.629 sec
11:19:25.609 [FXGL Background Thread 4 ] DEBUG FXGLAssetLoaderServi - Loading from file system: jar:file:///Users/CHLaroche05/.m2/repository/com/github/almasb/fxgl/17/fxgl-17.jar!/fxglassets/ui/fonts/Courier-Prime.ttf
11:19:25.616 [JavaFX Application Thread] DEBUG Input                - Registered new binding: getPosition - P
11:19:25.616 [JavaFX Application Thread] DEBUG Input                - Registered new binding: zoom+ - Up
11:19:25.616 [JavaFX Application Thread] DEBUG Input                - Registered new binding: zoom- - Down
11:19:25.616 [JavaFX Application Thread] DEBUG Input                - Registered new binding: resetZoom - 0
11:19:25.616 [JavaFX Application Thread] DEBUG Input                - Registered new binding: Move right - D
11:19:25.616 [JavaFX Application Thread] DEBUG Input                - Registered new binding: Move left - A
11:19:25.617 [JavaFX Application Thread] DEBUG Input                - Registered new binding: Move Up - W
11:19:25.617 [JavaFX Application Thread] DEBUG Input                - Registered new binding: Move Down - S
11:19:25.617 [JavaFX Application Thread] DEBUG FXGLAssetLoaderServi - Loading from file system: jar:file:///Users/CHLaroche05/.m2/repository/com/github/almasb/fxgl/17/fxgl-17.jar!/fxglassets/textures/fxgl_icon.png
11:19:25.642 [JavaFX Application Thread] DEBUG FXGLAssetLoaderServi - Loading from file system: jar:file:///Users/CHLaroche05/.m2/repository/com/github/almasb/fxgl/17/fxgl-17.jar!/fxglassets/textures/fxgl_default_cursor.png
11:19:25.644 [JavaFX Application Thread] DEBUG Input                - Registered new binding: Screenshot - CTRL+8
11:19:25.644 [JavaFX Application Thread] DEBUG Input                - Registered new binding: Dev Options - 1
11:19:25.644 [JavaFX Application Thread] DEBUG Input                - Registered new binding: Dev Console - 2
11:19:25.645 [JavaFX Application Thread] DEBUG Input                - Registered new binding: System info dump - CTRL+9
11:19:25.645 [JavaFX Application Thread] DEBUG Input                - Registered new binding: Restart - CTRL+R
11:19:25.645 [JavaFX Application Thread] DEBUG Input                - Registered new binding: Toggle Debug Camera - CTRL+7
11:19:25.647 [JavaFX Application Thread] DEBUG LoopRunner           - Starting loop
11:19:25.659 [JavaFX Application Thread] DEBUG LoopRunner           - Initializing JavaFX AnimationTimerLoop
11:19:25.661 [JavaFX Application Thread] DEBUG Input                - Clearing active input actions
11:19:25.667 [JavaFX Application Thread] DEBUG GameApplicationServi - Removing overlay from FXGLStartupScene and adding to FXGLMainMenuDummyScene
11:19:25.670 [JavaFX Application Thread] DEBUG PrimaryStageWindow   - FXGLStartupScene -> FXGLMainMenuDummyScene
11:19:25.670 [JavaFX Application Thread] DEBUG PrimaryStageWindow   - Push state: FXGLDefaultMenu
11:19:25.672 [JavaFX Application Thread] DEBUG Input                - Clearing active input actions
11:19:25.677 [JavaFX Application Thread] DEBUG GameApplicationServi - Removing overlay from FXGLMainMenuDummyScene and adding to FXGLDefaultMenu
11:19:25.678 [JavaFX Application Thread] DEBUG PrimaryStageWindow   - FXGLMainMenuDummyScene -> FXGLDefaultMenu
11:19:25.699 [JavaFX Application Thread] DEBUG FXGLApplication      - Registering font factories with UI factory
11:19:25.959 [FXGL Background Thread 2 ] INFO  UpdaterService       - Your current version:  17
11:19:25.959 [FXGL Background Thread 2 ] INFO  UpdaterService       - Latest stable version: 21.1
11:19:26.784 [JavaFX Application Thread] DEBUG Menu                 - fireNewGame()
11:19:26.785 [JavaFX Application Thread] DEBUG GameApplicationServi - Starting new game
11:19:26.786 [JavaFX Application Thread] DEBUG PrimaryStageWindow   - Pop state: FXGLDefaultMenu
11:19:26.786 [JavaFX Application Thread] DEBUG Input                - Clearing active input actions
11:19:26.787 [JavaFX Application Thread] DEBUG GameApplicationServi - Removing overlay from FXGLDefaultMenu and adding to FXGLMainMenuDummyScene
11:19:26.788 [JavaFX Application Thread] DEBUG PrimaryStageWindow   - FXGLMainMenuDummyScene <- FXGLDefaultMenu
11:19:26.788 [JavaFX Application Thread] DEBUG Input                - Clearing active input actions
11:19:26.796 [JavaFX Application Thread] DEBUG GameApplicationServi - Removing overlay from FXGLMainMenuDummyScene and adding to FXGLLoadingScene
11:19:26.796 [JavaFX Application Thread] DEBUG PrimaryStageWindow   - FXGLMainMenuDummyScene -> FXGLLoadingScene
11:19:26.796 [JavaFX Application Thread] DEBUG GameApplicationServi - Clearing previous game
11:19:26.796 [JavaFX Application Thread] DEBUG GameScene            - Clearing game scene
11:19:26.796 [JavaFX Application Thread] DEBUG GameWorld            - Clearing game world
11:19:26.796 [JavaFX Application Thread] DEBUG PhysicsWorld         - Clearing physics world
11:19:26.797 [FXGL Background Thread 2 ] DEBUG FXGLApplication      - Initializing game
11:19:26.835 [FXGL Background Thread 2 ] WARN  TMXLevelLoader       - TiledMap generated from 1.10.2. Supported version: 1.2.3. Some features may not be parsed fully.
11:19:26.849 [FXGL Background Thread 2 ] DEBUG TMXLevelLoader       - Parsed TiledMap: file:/Users/CHLaroche05/zelda/zeldaPuzzle/target/classes/assets/levels/StartingMap.tmx
11:19:26.850 [FXGL Background Thread 2 ] DEBUG TMXLevelLoader       - Creating tile layer entities
11:19:26.852 [FXGL Background Thread 2 ] DEBUG TilesetLoader        - Loading view for layer Calque de Tuiles 1
11:19:26.853 [FXGL Background Thread 2 ] DEBUG TilesetLoader        - Created buffer with size 1920.0x1920.0
11:19:26.870 [FXGL Background Thread 2 ] DEBUG TilesetLoader        - Loading view for layer Calque de Tuiles 2
11:19:26.874 [FXGL Background Thread 2 ] DEBUG TilesetLoader        - Created buffer with size 1920.0x1920.0
11:19:26.883 [FXGL Background Thread 2 ] DEBUG TilesetLoader        - Loading view for layer Calque de Tuiles 3
11:19:26.888 [FXGL Background Thread 2 ] DEBUG TilesetLoader        - Created buffer with size 1920.0x1920.0
11:19:26.890 [FXGL Background Thread 2 ] DEBUG TMXLevelLoader       - Creating object layer entities
11:19:26.910 [FXGL Background Thread 2 ] DEBUG GameWorld            - Clearing removable entities
11:19:26.911 [FXGL Background Thread 2 ] DEBUG GameWorld            - Setting level: com.almasb.fxgl.entity.level.Level@61c8fe1d
11:19:26.926 [FXGL Background Thread 2 ] WARN  GameWorld            - Entity is already attached to world
11:19:27.043 [FXGL Background Thread 2 ] WARN  GameWorld            - Entity is already attached to world
11:19:27.044 [FXGL Background Thread 2 ] WARN  GameWorld            - Entity is already attached to world
11:19:27.045 [FXGL Background Thread 2 ] INFO  FXGLApplication      - Game initialization took: 0.248 sec
11:19:27.046 [JavaFX Application Thread] DEBUG Input                - Clearing active input actions
11:19:27.052 [JavaFX Application Thread] DEBUG GameApplicationServi - Removing overlay from FXGLLoadingScene and adding to GameScene
11:19:27.055 [JavaFX Application Thread] DEBUG PrimaryStageWindow   - FXGLLoadingScene -> GameScene
11:19:28.586 [FXGL Background Thread 3 ] DEBUG Engine               - Logging environment variables
11:19:28.587 [FXGL Background Thread 3 ] DEBUG Engine               - achievements: []
11:19:28.587 [FXGL Background Thread 3 ] DEBUG Engine               - actualHeight: 800.0
11:19:28.587 [FXGL Background Thread 3 ] DEBUG Engine               - actualHeightProperty: ReadOnlyDoubleProperty [value: 800.0]
11:19:28.587 [FXGL Background Thread 3 ] DEBUG Engine               - actualWidth: 800.0
11:19:28.587 [FXGL Background Thread 3 ] DEBUG Engine               - actualWidthProperty: ReadOnlyDoubleProperty [value: 800.0]
11:19:28.588 [FXGL Background Thread 3 ] DEBUG Engine               - appIcon: fxgl_icon.png
11:19:28.588 [FXGL Background Thread 3 ] DEBUG Engine               - applicationMode: DEVELOPER
11:19:28.588 [FXGL Background Thread 3 ] DEBUG Engine               - cSSList: [fxgl_dark.css]
11:19:28.588 [FXGL Background Thread 3 ] DEBUG Engine               - collisionDetectionStrategy: BRUTE_FORCE
11:19:28.588 [FXGL Background Thread 3 ] DEBUG Engine               - configClass: Optional.empty
11:19:28.588 [FXGL Background Thread 3 ] DEBUG Engine               - credits: []
11:19:28.588 [FXGL Background Thread 3 ] DEBUG Engine               - defaultCursor: CursorInfo(imageName=fxgl_default_cursor.png, hotspotX=7.0, hotspotY=6.0)
11:19:28.589 [FXGL Background Thread 3 ] DEBUG Engine               - devBBoxColorProperty: ObjectProperty [value: 0xff0000ff]
11:19:28.589 [FXGL Background Thread 3 ] DEBUG Engine               - devEnableDebugCameraProperty: BooleanProperty [value: false]
11:19:28.589 [FXGL Background Thread 3 ] DEBUG Engine               - devSensorColorProperty: ObjectProperty [value: 0xffff00ff]
11:19:28.589 [FXGL Background Thread 3 ] DEBUG Engine               - devShowBBoxProperty: BooleanProperty [value: false]
11:19:28.589 [FXGL Background Thread 3 ] DEBUG Engine               - devShowPositionProperty: BooleanProperty [value: false]
11:19:28.590 [FXGL Background Thread 3 ] DEBUG Engine               - enabledMenuItems: []
11:19:28.590 [FXGL Background Thread 3 ] DEBUG Engine               - engineServices: [class com.almasb.fxgl.app.services.FXGLAssetLoaderService, class com.almasb.fxgl.app.FXGLApplication$GameApplicationService, class com.almasb.fxgl.app.services.FXGLDialogService, class com.almasb.fxgl.app.services.IOTaskExecutorService, class com.almasb.fxgl.io.FileSystemService, class com.almasb.fxgl.localization.LocalizationService, class com.almasb.fxgl.app.services.SystemBundleService, class com.almasb.fxgl.profile.SaveLoadService, class com.almasb.fxgl.ui.FXGLUIFactoryServiceProvider, class com.almasb.fxgl.ui.FXGLDialogFactoryServiceProvider, class com.almasb.fxgl.audio.AudioPlayer, class com.almasb.fxgl.notification.impl.NotificationServiceProvider, class com.almasb.fxgl.achievement.AchievementService, class com.almasb.fxgl.cutscene.CutsceneService, class com.almasb.fxgl.minigames.MiniGameService, class com.almasb.fxgl.net.NetService, class com.almasb.fxgl.app.services.UpdaterService, class com.almasb.fxgl.dev.DevService]
11:19:28.590 [FXGL Background Thread 3 ] DEBUG Engine               - fontGame: Abel-Regular.ttf
11:19:28.590 [FXGL Background Thread 3 ] DEBUG Engine               - fontMono: TerminalLandMono-Regular.otf
11:19:28.590 [FXGL Background Thread 3 ] DEBUG Engine               - fontText: Courier-Prime.ttf
11:19:28.590 [FXGL Background Thread 3 ] DEBUG Engine               - fontUI: VarelaRound-Regular.ttf
11:19:28.590 [FXGL Background Thread 3 ] DEBUG Engine               - fullScreen: BooleanProperty [value: false]
11:19:28.590 [FXGL Background Thread 3 ] DEBUG Engine               - gameDifficulty: MEDIUM
11:19:28.590 [FXGL Background Thread 3 ] DEBUG Engine               - gameDifficultyProperty: ObjectProperty [value: MEDIUM]
11:19:28.590 [FXGL Background Thread 3 ] DEBUG Engine               - globalMusicVolume: 0.5
11:19:28.591 [FXGL Background Thread 3 ] DEBUG Engine               - globalMusicVolumeProperty: DoubleProperty [value: 0.5]
11:19:28.591 [FXGL Background Thread 3 ] DEBUG Engine               - globalSoundVolume: 0.5
11:19:28.591 [FXGL Background Thread 3 ] DEBUG Engine               - globalSoundVolumeProperty: DoubleProperty [value: 0.5]
11:19:28.591 [FXGL Background Thread 3 ] DEBUG Engine               - height: 800
11:19:28.591 [FXGL Background Thread 3 ] DEBUG Engine               - is3D: false
11:19:28.591 [FXGL Background Thread 3 ] DEBUG Engine               - isAndroid: false
11:19:28.591 [FXGL Background Thread 3 ] DEBUG Engine               - isBrowser: false
11:19:28.591 [FXGL Background Thread 3 ] DEBUG Engine               - isClickFeedbackEnabled: false
11:19:28.591 [FXGL Background Thread 3 ] DEBUG Engine               - isCloseConfirmation: false
11:19:28.591 [FXGL Background Thread 3 ] DEBUG Engine               - isDesktop: true
11:19:28.591 [FXGL Background Thread 3 ] DEBUG Engine               - isDeveloperMenuEnabled: true
11:19:28.592 [FXGL Background Thread 3 ] DEBUG Engine               - isEmbedded: false
11:19:28.592 [FXGL Background Thread 3 ] DEBUG Engine               - isEntityPreloadEnabled: true
11:19:28.592 [FXGL Background Thread 3 ] DEBUG Engine               - isExperimentalTiledLargeMap: false
11:19:28.592 [FXGL Background Thread 3 ] DEBUG Engine               - isFileSystemWriteAllowed: true
11:19:28.592 [FXGL Background Thread 3 ] DEBUG Engine               - isFullScreenAllowed: true
11:19:28.592 [FXGL Background Thread 3 ] DEBUG Engine               - isFullScreenFromStart: false
11:19:28.592 [FXGL Background Thread 3 ] DEBUG Engine               - isGameMenuEnabled: true
11:19:28.592 [FXGL Background Thread 3 ] DEBUG Engine               - isIOS: false
11:19:28.592 [FXGL Background Thread 3 ] DEBUG Engine               - isIntroEnabled: false
11:19:28.592 [FXGL Background Thread 3 ] DEBUG Engine               - isLinux: false
11:19:28.592 [FXGL Background Thread 3 ] DEBUG Engine               - isMac: true
11:19:28.592 [FXGL Background Thread 3 ] DEBUG Engine               - isMainMenuEnabled: true
11:19:28.592 [FXGL Background Thread 3 ] DEBUG Engine               - isManualResizeEnabled: false
11:19:28.593 [FXGL Background Thread 3 ] DEBUG Engine               - isMobile: false
11:19:28.593 [FXGL Background Thread 3 ] DEBUG Engine               - isNative: false
11:19:28.593 [FXGL Background Thread 3 ] DEBUG Engine               - isPauseMusicWhenMinimized: true
11:19:28.593 [FXGL Background Thread 3 ] DEBUG Engine               - isPreserveResizeRatio: false
11:19:28.593 [FXGL Background Thread 3 ] DEBUG Engine               - isProfilingEnabled: false
11:19:28.593 [FXGL Background Thread 3 ] DEBUG Engine               - isScaleAffectedOnResize: true
11:19:28.593 [FXGL Background Thread 3 ] DEBUG Engine               - isSingleStep: false
11:19:28.593 [FXGL Background Thread 3 ] DEBUG Engine               - isUserProfileEnabled: false
11:19:28.593 [FXGL Background Thread 3 ] DEBUG Engine               - isWindows: false
11:19:28.593 [FXGL Background Thread 3 ] DEBUG Engine               - language: ObjectProperty [value: ENGLISH]
11:19:28.593 [FXGL Background Thread 3 ] DEBUG Engine               - menuKey: ESCAPE
11:19:28.594 [FXGL Background Thread 3 ] DEBUG Engine               - mouseSensitivity: 0.2
11:19:28.594 [FXGL Background Thread 3 ] DEBUG Engine               - notificationViewClass: class com.almasb.fxgl.notification.view.XboxNotificationView
11:19:28.594 [FXGL Background Thread 3 ] DEBUG Engine               - pixelsPerMeter: 50.0
11:19:28.594 [FXGL Background Thread 3 ] DEBUG Engine               - platform: MAC
11:19:28.594 [FXGL Background Thread 3 ] DEBUG Engine               - prefHeightProperty: ReadOnlyDoubleProperty [value: 800.0]
11:19:28.594 [FXGL Background Thread 3 ] DEBUG Engine               - prefWidthProperty: ReadOnlyDoubleProperty [value: 800.0]
11:19:28.594 [FXGL Background Thread 3 ] DEBUG Engine               - profileDir: profiles/
11:19:28.594 [FXGL Background Thread 3 ] DEBUG Engine               - profileName: StringProperty [value: DEFAULT]
11:19:28.594 [FXGL Background Thread 3 ] DEBUG Engine               - randomSeed: -1
11:19:28.595 [FXGL Background Thread 3 ] DEBUG Engine               - runtimeInfo: RuntimeInfo(platform=MAC, version=17, build=31.12.2021 18.16)
11:19:28.595 [FXGL Background Thread 3 ] DEBUG Engine               - saveFileExt: sav
11:19:28.595 [FXGL Background Thread 3 ] DEBUG Engine               - scaledHeightProp$fxgl: DoubleProperty [bound, value: 800.0]
11:19:28.595 [FXGL Background Thread 3 ] DEBUG Engine               - scaledWidthProp$fxgl: DoubleProperty [bound, value: 800.0]
11:19:28.595 [FXGL Background Thread 3 ] DEBUG Engine               - sceneFactory: com.almasb.fxgl.app.scene.SceneFactory@3d09efd2
11:19:28.595 [FXGL Background Thread 3 ] DEBUG Engine               - secondsIn24h: 60
11:19:28.595 [FXGL Background Thread 3 ] DEBUG Engine               - soundMenuBack: menu/back.wav
11:19:28.595 [FXGL Background Thread 3 ] DEBUG Engine               - soundMenuPress: menu/press.wav
11:19:28.595 [FXGL Background Thread 3 ] DEBUG Engine               - soundMenuSelect: menu/select.wav
11:19:28.595 [FXGL Background Thread 3 ] DEBUG Engine               - soundNotification: core/notification.wav
11:19:28.595 [FXGL Background Thread 3 ] DEBUG Engine               - stageStyle: DECORATED
11:19:28.596 [FXGL Background Thread 3 ] DEBUG Engine               - supportedLanguages: [ENGLISH, FRENCH, GERMAN, HUNGARIAN, RUSSIAN]
11:19:28.596 [FXGL Background Thread 3 ] DEBUG Engine               - ticksPerSecond: -1
11:19:28.596 [FXGL Background Thread 3 ] DEBUG Engine               - title: Zelda 2D Game
11:19:28.596 [FXGL Background Thread 3 ] DEBUG Engine               - urlGithub: https://github.com/AlmasB/FXGL
11:19:28.596 [FXGL Background Thread 3 ] DEBUG Engine               - urlLeaderboard: http://fxgl-top.herokuapp.com/
11:19:28.596 [FXGL Background Thread 3 ] DEBUG Engine               - urlPOM: https://raw.githubusercontent.com/AlmasB/FXGL/release/README.md
11:19:28.596 [FXGL Background Thread 3 ] DEBUG Engine               - userAppClass: class com.example.zeldapuzzle.MainGameApp
11:19:28.596 [FXGL Background Thread 3 ] DEBUG Engine               - version: 1
11:19:28.596 [FXGL Background Thread 3 ] DEBUG Engine               - versionCheckDays: 7
11:19:28.596 [FXGL Background Thread 3 ] DEBUG Engine               - width: 800
11:19:28.596 [FXGL Background Thread 3 ] DEBUG Engine               - Logging services
11:19:28.596 [FXGL Background Thread 3 ] DEBUG Engine               - class com.almasb.fxgl.app.services.FXGLAssetLoaderService
11:19:28.596 [FXGL Background Thread 3 ] DEBUG Engine               - class com.almasb.fxgl.app.FXGLApplication$GameApplicationService
11:19:28.596 [FXGL Background Thread 3 ] DEBUG Engine               - class com.almasb.fxgl.app.services.FXGLDialogService
11:19:28.596 [FXGL Background Thread 3 ] DEBUG Engine               - class com.almasb.fxgl.app.services.IOTaskExecutorService
11:19:28.597 [FXGL Background Thread 3 ] DEBUG Engine               - class com.almasb.fxgl.io.FileSystemService
11:19:28.597 [FXGL Background Thread 3 ] DEBUG Engine               - class com.almasb.fxgl.localization.LocalizationService
11:19:28.597 [FXGL Background Thread 3 ] DEBUG Engine               - class com.almasb.fxgl.app.services.SystemBundleService
11:19:28.597 [FXGL Background Thread 3 ] DEBUG Engine               - class com.almasb.fxgl.profile.SaveLoadService
11:19:28.597 [FXGL Background Thread 3 ] DEBUG Engine               - class com.almasb.fxgl.ui.FXGLUIFactoryServiceProvider
11:19:28.597 [FXGL Background Thread 3 ] DEBUG Engine               - class com.almasb.fxgl.ui.FXGLDialogFactoryServiceProvider
11:19:28.597 [FXGL Background Thread 3 ] DEBUG Engine               - class com.almasb.fxgl.audio.AudioPlayer
11:19:28.597 [FXGL Background Thread 3 ] DEBUG Engine               - class com.almasb.fxgl.notification.impl.NotificationServiceProvider
11:19:28.597 [FXGL Background Thread 3 ] DEBUG Engine               - class com.almasb.fxgl.achievement.AchievementService
11:19:28.597 [FXGL Background Thread 3 ] DEBUG Engine               - class com.almasb.fxgl.cutscene.CutsceneService
11:19:28.597 [FXGL Background Thread 3 ] DEBUG Engine               - class com.almasb.fxgl.minigames.MiniGameService
11:19:28.597 [FXGL Background Thread 3 ] DEBUG Engine               - class com.almasb.fxgl.net.NetService
11:19:28.597 [FXGL Background Thread 3 ] DEBUG Engine               - class com.almasb.fxgl.app.services.UpdaterService
11:19:28.597 [FXGL Background Thread 3 ] DEBUG Engine               - class com.almasb.fxgl.dev.DevService
11:19:30.233 [JavaFX Application Thread] DEBUG FXGLApplication      - Exiting FXGL
11:19:30.233 [JavaFX Application Thread] DEBUG LoopRunner           - Stopping loop
11:19:30.233 [JavaFX Application Thread] DEBUG SystemBundleService  - Saving FXGL system data
11:19:30.235 [JavaFX Application Thread] DEBUG FileSystemAccess     - Writing to: /Users/CHLaroche05/zelda/zeldaPuzzle/system/fxgl.bundle
11:19:30.237 [JavaFX Application Thread] DEBUG Async                - Shutting down background threads
11:19:30.237 [JavaFX Application Thread] DEBUG PrimaryStageWindow   - Closing main window
11:19:30.243 [JavaFX Application Thread] DEBUG Logger               - Closing Logger
