11:10:07.112 [main                     ] DEBUG Logger               - Configured Logger
11:10:07.128 [main                     ] DEBUG GameApplication      - Logging settings
Title: Zelda 2D Game
Version: 1
Width: 800
Height: 800
Fullscreen: true
Intro: false
Profiling: false
Single step:false
App Mode: DEVELOPER
Menu Key: ESCAPE
Stage Style: DECORATED
Scene Factory: class com.almasb.fxgl.app.scene.SceneFactory

11:10:07.185 [JavaFX Application Thread] DEBUG FXGLApplication      - Initializing FXGL
11:10:07.188 [JavaFX Application Thread] INFO  Engine               - FXGL-17 (31.12.2021 18.16) on WINDOWS (J:21.0.2 FX:19)
11:10:07.188 [JavaFX Application Thread] DEBUG Engine               - JRE Vendor Name: Oracle Corporation
11:10:07.188 [JavaFX Application Thread] DEBUG Engine               - Running on OS: Windows 11 version 10.0
11:10:07.188 [JavaFX Application Thread] DEBUG Engine               - Architecture: amd64
11:10:07.189 [JavaFX Application Thread] INFO  Engine               - Source code and latest versions at: https://github.com/AlmasB/FXGL
11:10:07.189 [JavaFX Application Thread] INFO  Engine               -       Ask questions and discuss at: https://github.com/AlmasB/FXGL/discussions
11:10:07.189 [JavaFX Application Thread] INFO  Engine               -              Join the FXGL chat at: https://gitter.im/AlmasB/FXGL
11:10:07.229 [JavaFX Application Thread] DEBUG PrimaryStageWindow   - Creating a JavaFX scene
11:10:07.260 [JavaFX Application Thread] DEBUG PrimaryStageWindow   - Target settings size: 800.0 x 800.0
11:10:07.260 [JavaFX Application Thread] DEBUG PrimaryStageWindow   - Scaled scene size:    800.0 x 800.0
11:10:07.260 [JavaFX Application Thread] DEBUG PrimaryStageWindow   - Scaled ratio: (1.0, 1.0)
11:10:07.261 [JavaFX Application Thread] DEBUG PrimaryStageWindow   - Set initial scene to FXGLStartupScene
11:10:07.264 [JavaFX Application Thread] DEBUG PrimaryStageWindow   - Opening main window
11:10:07.315 [JavaFX Application Thread] DEBUG PrimaryStageWindow   - Window border size: (16.0, 39.0)
11:10:07.315 [JavaFX Application Thread] DEBUG PrimaryStageWindow   - Scaled size: 800.0 x 800.0
11:10:07.315 [JavaFX Application Thread] DEBUG PrimaryStageWindow   - Scaled ratio: (1.0, 1.0)
11:10:07.315 [JavaFX Application Thread] DEBUG PrimaryStageWindow   - Scene size: 800.0 x 800.0
11:10:07.316 [JavaFX Application Thread] DEBUG PrimaryStageWindow   - Stage size: 816.0 x 839.0
11:10:07.321 [FXGL Background Thread 1 ] DEBUG Engine               - Initializing environment variables
11:10:07.358 [FXGL Background Thread 1 ] DEBUG FXGLAssetLoaderServi - User app class for loading assets: class com.example.zeldapuzzle.MainGameApp
11:10:07.358 [FXGL Background Thread 1 ] DEBUG GameApplicationServi - Applying CSS: fxgl_dark.css
11:10:07.358 [FXGL Background Thread 1 ] DEBUG FXGLAssetLoaderServi - Loading from file system: jar:file:///C:/Users/User/.m2/repository/com/github/almasb/fxgl/17/fxgl-17.jar!/fxglassets/ui/css/fxgl_dark.css
11:10:07.384 [FXGL Background Thread 1 ] DEBUG GameApplicationServi - Initializing application scenes
11:10:07.417 [FXGL Background Thread 1 ] DEBUG GameWorld            - Game world initialized
11:10:07.454 [FXGL Background Thread 1 ] DEBUG PhysicsWorld         - Physics world initialized: appHeight=800, physics.ppm=50.0
11:10:07.454 [FXGL Background Thread 1 ] DEBUG PhysicsWorld         - Using strategy: BRUTE_FORCE
11:10:07.456 [FXGL Background Thread 1 ] DEBUG GameScene            - Game scene initialized: 800x800
11:10:07.462 [FXGL Background Thread 1 ] DEBUG FXGL.DefaultMenu     - createMenuBodyMainMenu()
11:10:07.469 [FXGL Background Thread 1 ] DEBUG FXGL.DefaultMenu     - createOptionsMenu()
11:10:07.473 [FXGL Background Thread 1 ] DEBUG FXGLAssetLoaderServi - Loading from file system: jar:file:///C:/Users/User/.m2/repository/com/github/almasb/fxgl/17/fxgl-17.jar!/fxglassets/textures/particles/smoke.png
11:10:07.517 [FXGL Background Thread 1 ] DEBUG FXGLAssetLoaderServi - Loading from file system: jar:file:///C:/Users/User/.m2/repository/com/github/almasb/fxgl/17/fxgl-17.jar!/fxglassets/textures/particles/trace_horizontal.png
11:10:07.526 [FXGL Background Thread 1 ] DEBUG FXGL.DefaultMenu     - createMenuBodyGameMenu()
11:10:07.527 [FXGL Background Thread 1 ] DEBUG FXGL.DefaultMenu     - createOptionsMenu()
11:10:07.536 [FXGL Background Thread 1 ] DEBUG GameApplicationServi - Application scenes initialized
11:10:07.542 [FXGL Background Thread 1 ] DEBUG SystemBundleService  - Loading FXGL system data
11:10:07.546 [FXGL Background Thread 1 ] DEBUG FileSystemAccess     - Reading from: C:\Users\User\zeldaPuzzle\system\fxgl.bundle
11:10:07.552 [FXGL Background Thread 1 ] DEBUG SystemBundleService  - Bundle FXGL: {}
11:10:07.552 [FXGL Background Thread 1 ] DEBUG UpdaterService       - Checking for updates
11:10:07.567 [FXGL Background Thread 4 ] DEBUG FXGLApplication      - Loading fonts
11:10:07.567 [FXGL Background Thread 4 ] DEBUG FXGLAssetLoaderServi - Loading from file system: jar:file:///C:/Users/User/.m2/repository/com/github/almasb/fxgl/17/fxgl-17.jar!/fxglassets/ui/fonts/VarelaRound-Regular.ttf
11:10:07.567 [FXGL Background Thread 1 ] DEBUG FXGLApplication      - Loading default localization
11:10:07.567 [FXGL Background Thread 1 ] DEBUG FXGLAssetLoaderServi - Loading from file system: jar:file:///C:/Users/User/.m2/repository/com/github/almasb/fxgl/17/fxgl-17.jar!/fxglassets/languages/english.lang
11:10:07.579 [FXGL Background Thread 1 ] INFO  FXGLApplication      - FXGL initialization took: 0.258 sec
11:10:07.588 [JavaFX Application Thread] DEBUG Input                - Registered new binding: getPosition - P
11:10:07.589 [JavaFX Application Thread] DEBUG Input                - Registered new binding: zoom+ - Up
11:10:07.589 [JavaFX Application Thread] DEBUG Input                - Registered new binding: zoom- - Down
11:10:07.589 [JavaFX Application Thread] DEBUG Input                - Registered new binding: resetZoom - 0
11:10:07.589 [JavaFX Application Thread] DEBUG Input                - Registered new binding: Move right - D
11:10:07.589 [JavaFX Application Thread] DEBUG Input                - Registered new binding: Move left - A
11:10:07.590 [JavaFX Application Thread] DEBUG Input                - Registered new binding: Move Up - W
11:10:07.590 [JavaFX Application Thread] DEBUG Input                - Registered new binding: Move Down - S
11:10:07.590 [JavaFX Application Thread] DEBUG FXGLAssetLoaderServi - Loading from file system: jar:file:///C:/Users/User/.m2/repository/com/github/almasb/fxgl/17/fxgl-17.jar!/fxglassets/textures/fxgl_icon.png
11:10:07.595 [FXGL Background Thread 4 ] DEBUG FXGLAssetLoaderServi - Loading from file system: jar:file:///C:/Users/User/.m2/repository/com/github/almasb/fxgl/17/fxgl-17.jar!/fxglassets/ui/fonts/Abel-Regular.ttf
11:10:07.597 [JavaFX Application Thread] DEBUG FXGLAssetLoaderServi - Loading from file system: jar:file:///C:/Users/User/.m2/repository/com/github/almasb/fxgl/17/fxgl-17.jar!/fxglassets/textures/fxgl_default_cursor.png
11:10:07.598 [JavaFX Application Thread] DEBUG Input                - Registered new binding: Screenshot - CTRL+8
11:10:07.598 [JavaFX Application Thread] DEBUG Input                - Registered new binding: Dev Options - 1
11:10:07.598 [JavaFX Application Thread] DEBUG Input                - Registered new binding: Dev Console - 2
11:10:07.598 [JavaFX Application Thread] DEBUG Input                - Registered new binding: System info dump - CTRL+9
11:10:07.599 [JavaFX Application Thread] DEBUG Input                - Registered new binding: Restart - CTRL+R
11:10:07.599 [JavaFX Application Thread] DEBUG Input                - Registered new binding: Toggle Debug Camera - CTRL+7
11:10:07.601 [JavaFX Application Thread] DEBUG LoopRunner           - Starting loop
11:10:07.602 [FXGL Background Thread 4 ] DEBUG FXGLAssetLoaderServi - Loading from file system: jar:file:///C:/Users/User/.m2/repository/com/github/almasb/fxgl/17/fxgl-17.jar!/fxglassets/ui/fonts/TerminalLandMono-Regular.otf
11:10:07.611 [JavaFX Application Thread] DEBUG LoopRunner           - Initializing JavaFX AnimationTimerLoop
11:10:07.613 [JavaFX Application Thread] DEBUG Input                - Clearing active input actions
11:10:07.620 [JavaFX Application Thread] DEBUG GameApplicationServi - Removing overlay from FXGLStartupScene and adding to FXGLMainMenuDummyScene
11:10:07.621 [FXGL Background Thread 4 ] DEBUG FXGLAssetLoaderServi - Loading from file system: jar:file:///C:/Users/User/.m2/repository/com/github/almasb/fxgl/17/fxgl-17.jar!/fxglassets/ui/fonts/Courier-Prime.ttf
11:10:07.624 [JavaFX Application Thread] DEBUG PrimaryStageWindow   - FXGLStartupScene -> FXGLMainMenuDummyScene
11:10:07.624 [JavaFX Application Thread] DEBUG PrimaryStageWindow   - Push state: FXGLDefaultMenu
11:10:07.625 [JavaFX Application Thread] DEBUG Input                - Clearing active input actions
11:10:07.633 [JavaFX Application Thread] DEBUG GameApplicationServi - Removing overlay from FXGLMainMenuDummyScene and adding to FXGLDefaultMenu
11:10:07.634 [JavaFX Application Thread] DEBUG PrimaryStageWindow   - FXGLMainMenuDummyScene -> FXGLDefaultMenu
11:10:07.759 [JavaFX Application Thread] DEBUG FXGLApplication      - Registering font factories with UI factory
11:10:07.877 [FXGL Background Thread 2 ] INFO  UpdaterService       - Your current version:  17
11:10:07.877 [FXGL Background Thread 2 ] INFO  UpdaterService       - Latest stable version: 21.1
11:10:08.472 [JavaFX Application Thread] DEBUG Menu                 - fireNewGame()
11:10:08.472 [JavaFX Application Thread] DEBUG GameApplicationServi - Starting new game
11:10:08.473 [JavaFX Application Thread] DEBUG PrimaryStageWindow   - Pop state: FXGLDefaultMenu
11:10:08.473 [JavaFX Application Thread] DEBUG Input                - Clearing active input actions
11:10:08.474 [JavaFX Application Thread] DEBUG GameApplicationServi - Removing overlay from FXGLDefaultMenu and adding to FXGLMainMenuDummyScene
11:10:08.475 [JavaFX Application Thread] DEBUG PrimaryStageWindow   - FXGLMainMenuDummyScene <- FXGLDefaultMenu
11:10:08.475 [JavaFX Application Thread] DEBUG Input                - Clearing active input actions
11:10:08.485 [JavaFX Application Thread] DEBUG GameApplicationServi - Removing overlay from FXGLMainMenuDummyScene and adding to FXGLLoadingScene
11:10:08.485 [JavaFX Application Thread] DEBUG PrimaryStageWindow   - FXGLMainMenuDummyScene -> FXGLLoadingScene
11:10:08.487 [JavaFX Application Thread] DEBUG GameApplicationServi - Clearing previous game
11:10:08.487 [JavaFX Application Thread] DEBUG GameScene            - Clearing game scene
11:10:08.487 [JavaFX Application Thread] DEBUG GameWorld            - Clearing game world
11:10:08.487 [JavaFX Application Thread] DEBUG PhysicsWorld         - Clearing physics world
11:10:08.489 [FXGL Background Thread 2 ] DEBUG FXGLApplication      - Initializing game
11:10:08.527 [FXGL Background Thread 2 ] WARN  TMXLevelLoader       - TiledMap generated from 1.10.2. Supported version: 1.2.3. Some features may not be parsed fully.
11:10:08.532 [FXGL Background Thread 2 ] DEBUG TMXLevelLoader       - Parsed TiledMap: file:/C:/Users/User/zeldaPuzzle/target/classes/assets/levels/StartingMap.tmx
11:10:08.533 [FXGL Background Thread 2 ] DEBUG TMXLevelLoader       - Creating tile layer entities
11:10:08.535 [FXGL Background Thread 2 ] DEBUG TilesetLoader        - Loading view for layer Calque de Tuiles 1
11:10:08.540 [FXGL Background Thread 2 ] DEBUG TilesetLoader        - Created buffer with size 1920.0x1920.0
11:10:08.553 [FXGL Background Thread 2 ] DEBUG TilesetLoader        - Loading view for layer Calque de Tuiles 2
11:10:08.556 [FXGL Background Thread 2 ] DEBUG TilesetLoader        - Created buffer with size 1920.0x1920.0
11:10:08.561 [FXGL Background Thread 2 ] DEBUG TilesetLoader        - Loading view for layer Calque de Tuiles 3
11:10:08.568 [FXGL Background Thread 2 ] DEBUG TilesetLoader        - Created buffer with size 1920.0x1920.0
11:10:08.572 [FXGL Background Thread 2 ] DEBUG TMXLevelLoader       - Creating object layer entities
11:10:08.582 [FXGL Background Thread 2 ] DEBUG GameWorld            - Clearing removable entities
11:10:08.582 [FXGL Background Thread 2 ] DEBUG GameWorld            - Setting level: com.almasb.fxgl.entity.level.Level@6fb1bc3b
11:10:08.588 [FXGL Background Thread 2 ] WARN  GameWorld            - Entity is already attached to world
11:10:08.633 [FXGL Background Thread 2 ] WARN  GameWorld            - Entity is already attached to world
11:10:08.634 [FXGL Background Thread 2 ] WARN  GameWorld            - Entity is already attached to world
11:10:08.643 [FXGL Background Thread 2 ] INFO  FXGLApplication      - Game initialization took: 0.155 sec
11:10:08.644 [JavaFX Application Thread] DEBUG Input                - Clearing active input actions
11:10:08.648 [JavaFX Application Thread] DEBUG GameApplicationServi - Removing overlay from FXGLLoadingScene and adding to GameScene
11:10:08.650 [JavaFX Application Thread] DEBUG PrimaryStageWindow   - FXGLLoadingScene -> GameScene
11:10:10.567 [FXGL Background Thread 3 ] DEBUG Engine               - Logging environment variables
11:10:10.567 [FXGL Background Thread 3 ] DEBUG Engine               - achievements: []
11:10:10.567 [FXGL Background Thread 3 ] DEBUG Engine               - actualHeight: 800.0
11:10:10.567 [FXGL Background Thread 3 ] DEBUG Engine               - actualHeightProperty: ReadOnlyDoubleProperty [value: 800.0]
11:10:10.567 [FXGL Background Thread 3 ] DEBUG Engine               - actualWidth: 800.0
11:10:10.567 [FXGL Background Thread 3 ] DEBUG Engine               - actualWidthProperty: ReadOnlyDoubleProperty [value: 800.0]
11:10:10.567 [FXGL Background Thread 3 ] DEBUG Engine               - appIcon: fxgl_icon.png
11:10:10.568 [FXGL Background Thread 3 ] DEBUG Engine               - applicationMode: DEVELOPER
11:10:10.568 [FXGL Background Thread 3 ] DEBUG Engine               - cSSList: [fxgl_dark.css]
11:10:10.568 [FXGL Background Thread 3 ] DEBUG Engine               - collisionDetectionStrategy: BRUTE_FORCE
11:10:10.568 [FXGL Background Thread 3 ] DEBUG Engine               - configClass: Optional.empty
11:10:10.568 [FXGL Background Thread 3 ] DEBUG Engine               - credits: []
11:10:10.568 [FXGL Background Thread 3 ] DEBUG Engine               - defaultCursor: CursorInfo(imageName=fxgl_default_cursor.png, hotspotX=7.0, hotspotY=6.0)
11:10:10.568 [FXGL Background Thread 3 ] DEBUG Engine               - devBBoxColorProperty: ObjectProperty [value: 0xff0000ff]
11:10:10.568 [FXGL Background Thread 3 ] DEBUG Engine               - devEnableDebugCameraProperty: BooleanProperty [value: false]
11:10:10.568 [FXGL Background Thread 3 ] DEBUG Engine               - devSensorColorProperty: ObjectProperty [value: 0xffff00ff]
11:10:10.568 [FXGL Background Thread 3 ] DEBUG Engine               - devShowBBoxProperty: BooleanProperty [value: false]
11:10:10.568 [FXGL Background Thread 3 ] DEBUG Engine               - devShowPositionProperty: BooleanProperty [value: false]
11:10:10.568 [FXGL Background Thread 3 ] DEBUG Engine               - enabledMenuItems: []
11:10:10.568 [FXGL Background Thread 3 ] DEBUG Engine               - engineServices: [class com.almasb.fxgl.app.services.FXGLAssetLoaderService, class com.almasb.fxgl.app.FXGLApplication$GameApplicationService, class com.almasb.fxgl.app.services.FXGLDialogService, class com.almasb.fxgl.app.services.IOTaskExecutorService, class com.almasb.fxgl.io.FileSystemService, class com.almasb.fxgl.localization.LocalizationService, class com.almasb.fxgl.app.services.SystemBundleService, class com.almasb.fxgl.profile.SaveLoadService, class com.almasb.fxgl.ui.FXGLUIFactoryServiceProvider, class com.almasb.fxgl.ui.FXGLDialogFactoryServiceProvider, class com.almasb.fxgl.audio.AudioPlayer, class com.almasb.fxgl.notification.impl.NotificationServiceProvider, class com.almasb.fxgl.achievement.AchievementService, class com.almasb.fxgl.cutscene.CutsceneService, class com.almasb.fxgl.minigames.MiniGameService, class com.almasb.fxgl.net.NetService, class com.almasb.fxgl.app.services.UpdaterService, class com.almasb.fxgl.dev.DevService]
11:10:10.569 [FXGL Background Thread 3 ] DEBUG Engine               - fontGame: Abel-Regular.ttf
11:10:10.569 [FXGL Background Thread 3 ] DEBUG Engine               - fontMono: TerminalLandMono-Regular.otf
11:10:10.569 [FXGL Background Thread 3 ] DEBUG Engine               - fontText: Courier-Prime.ttf
11:10:10.569 [FXGL Background Thread 3 ] DEBUG Engine               - fontUI: VarelaRound-Regular.ttf
11:10:10.569 [FXGL Background Thread 3 ] DEBUG Engine               - fullScreen: BooleanProperty [value: false]
11:10:10.569 [FXGL Background Thread 3 ] DEBUG Engine               - gameDifficulty: MEDIUM
11:10:10.569 [FXGL Background Thread 3 ] DEBUG Engine               - gameDifficultyProperty: ObjectProperty [value: MEDIUM]
11:10:10.569 [FXGL Background Thread 3 ] DEBUG Engine               - globalMusicVolume: 0.5
11:10:10.569 [FXGL Background Thread 3 ] DEBUG Engine               - globalMusicVolumeProperty: DoubleProperty [value: 0.5]
11:10:10.569 [FXGL Background Thread 3 ] DEBUG Engine               - globalSoundVolume: 0.5
11:10:10.569 [FXGL Background Thread 3 ] DEBUG Engine               - globalSoundVolumeProperty: DoubleProperty [value: 0.5]
11:10:10.569 [FXGL Background Thread 3 ] DEBUG Engine               - height: 800
11:10:10.569 [FXGL Background Thread 3 ] DEBUG Engine               - is3D: false
11:10:10.569 [FXGL Background Thread 3 ] DEBUG Engine               - isAndroid: false
11:10:10.569 [FXGL Background Thread 3 ] DEBUG Engine               - isBrowser: false
11:10:10.569 [FXGL Background Thread 3 ] DEBUG Engine               - isClickFeedbackEnabled: false
11:10:10.569 [FXGL Background Thread 3 ] DEBUG Engine               - isCloseConfirmation: false
11:10:10.569 [FXGL Background Thread 3 ] DEBUG Engine               - isDesktop: true
11:10:10.569 [FXGL Background Thread 3 ] DEBUG Engine               - isDeveloperMenuEnabled: true
11:10:10.569 [FXGL Background Thread 3 ] DEBUG Engine               - isEmbedded: false
11:10:10.569 [FXGL Background Thread 3 ] DEBUG Engine               - isEntityPreloadEnabled: true
11:10:10.569 [FXGL Background Thread 3 ] DEBUG Engine               - isExperimentalTiledLargeMap: false
11:10:10.569 [FXGL Background Thread 3 ] DEBUG Engine               - isFileSystemWriteAllowed: true
11:10:10.569 [FXGL Background Thread 3 ] DEBUG Engine               - isFullScreenAllowed: true
11:10:10.569 [FXGL Background Thread 3 ] DEBUG Engine               - isFullScreenFromStart: false
11:10:10.569 [FXGL Background Thread 3 ] DEBUG Engine               - isGameMenuEnabled: true
11:10:10.569 [FXGL Background Thread 3 ] DEBUG Engine               - isIOS: false
11:10:10.570 [FXGL Background Thread 3 ] DEBUG Engine               - isIntroEnabled: false
11:10:10.570 [FXGL Background Thread 3 ] DEBUG Engine               - isLinux: false
11:10:10.570 [FXGL Background Thread 3 ] DEBUG Engine               - isMac: false
11:10:10.570 [FXGL Background Thread 3 ] DEBUG Engine               - isMainMenuEnabled: true
11:10:10.570 [FXGL Background Thread 3 ] DEBUG Engine               - isManualResizeEnabled: false
11:10:10.570 [FXGL Background Thread 3 ] DEBUG Engine               - isMobile: false
11:10:10.570 [FXGL Background Thread 3 ] DEBUG Engine               - isNative: false
11:10:10.570 [FXGL Background Thread 3 ] DEBUG Engine               - isPauseMusicWhenMinimized: true
11:10:10.570 [FXGL Background Thread 3 ] DEBUG Engine               - isPreserveResizeRatio: false
11:10:10.570 [FXGL Background Thread 3 ] DEBUG Engine               - isProfilingEnabled: false
11:10:10.570 [FXGL Background Thread 3 ] DEBUG Engine               - isScaleAffectedOnResize: true
11:10:10.570 [FXGL Background Thread 3 ] DEBUG Engine               - isSingleStep: false
11:10:10.570 [FXGL Background Thread 3 ] DEBUG Engine               - isUserProfileEnabled: false
11:10:10.570 [FXGL Background Thread 3 ] DEBUG Engine               - isWindows: true
11:10:10.570 [FXGL Background Thread 3 ] DEBUG Engine               - language: ObjectProperty [value: ENGLISH]
11:10:10.570 [FXGL Background Thread 3 ] DEBUG Engine               - menuKey: ESCAPE
11:10:10.570 [FXGL Background Thread 3 ] DEBUG Engine               - mouseSensitivity: 0.2
11:10:10.570 [FXGL Background Thread 3 ] DEBUG Engine               - notificationViewClass: class com.almasb.fxgl.notification.view.XboxNotificationView
11:10:10.570 [FXGL Background Thread 3 ] DEBUG Engine               - pixelsPerMeter: 50.0
11:10:10.570 [FXGL Background Thread 3 ] DEBUG Engine               - platform: WINDOWS
11:10:10.570 [FXGL Background Thread 3 ] DEBUG Engine               - prefHeightProperty: ReadOnlyDoubleProperty [value: 800.0]
11:10:10.570 [FXGL Background Thread 3 ] DEBUG Engine               - prefWidthProperty: ReadOnlyDoubleProperty [value: 800.0]
11:10:10.570 [FXGL Background Thread 3 ] DEBUG Engine               - profileDir: profiles/
11:10:10.570 [FXGL Background Thread 3 ] DEBUG Engine               - profileName: StringProperty [value: DEFAULT]
11:10:10.570 [FXGL Background Thread 3 ] DEBUG Engine               - randomSeed: -1
11:10:10.570 [FXGL Background Thread 3 ] DEBUG Engine               - runtimeInfo: RuntimeInfo(platform=WINDOWS, version=17, build=31.12.2021 18.16)
11:10:10.571 [FXGL Background Thread 3 ] DEBUG Engine               - saveFileExt: sav
11:10:10.571 [FXGL Background Thread 3 ] DEBUG Engine               - scaledHeightProp$fxgl: DoubleProperty [bound, value: 800.0]
11:10:10.571 [FXGL Background Thread 3 ] DEBUG Engine               - scaledWidthProp$fxgl: DoubleProperty [bound, value: 800.0]
11:10:10.571 [FXGL Background Thread 3 ] DEBUG Engine               - sceneFactory: com.almasb.fxgl.app.scene.SceneFactory@7e952d41
11:10:10.571 [FXGL Background Thread 3 ] DEBUG Engine               - secondsIn24h: 60
11:10:10.571 [FXGL Background Thread 3 ] DEBUG Engine               - soundMenuBack: menu/back.wav
11:10:10.571 [FXGL Background Thread 3 ] DEBUG Engine               - soundMenuPress: menu/press.wav
11:10:10.571 [FXGL Background Thread 3 ] DEBUG Engine               - soundMenuSelect: menu/select.wav
11:10:10.571 [FXGL Background Thread 3 ] DEBUG Engine               - soundNotification: core/notification.wav
11:10:10.571 [FXGL Background Thread 3 ] DEBUG Engine               - stageStyle: DECORATED
11:10:10.571 [FXGL Background Thread 3 ] DEBUG Engine               - supportedLanguages: [ENGLISH, FRENCH, GERMAN, HUNGARIAN, RUSSIAN]
11:10:10.571 [FXGL Background Thread 3 ] DEBUG Engine               - ticksPerSecond: -1
11:10:10.571 [FXGL Background Thread 3 ] DEBUG Engine               - title: Zelda 2D Game
11:10:10.571 [FXGL Background Thread 3 ] DEBUG Engine               - urlGithub: https://github.com/AlmasB/FXGL
11:10:10.571 [FXGL Background Thread 3 ] DEBUG Engine               - urlLeaderboard: http://fxgl-top.herokuapp.com/
11:10:10.571 [FXGL Background Thread 3 ] DEBUG Engine               - urlPOM: https://raw.githubusercontent.com/AlmasB/FXGL/release/README.md
11:10:10.571 [FXGL Background Thread 3 ] DEBUG Engine               - userAppClass: class com.example.zeldapuzzle.MainGameApp
11:10:10.571 [FXGL Background Thread 3 ] DEBUG Engine               - version: 1
11:10:10.571 [FXGL Background Thread 3 ] DEBUG Engine               - versionCheckDays: 7
11:10:10.571 [FXGL Background Thread 3 ] DEBUG Engine               - width: 800
11:10:10.571 [FXGL Background Thread 3 ] DEBUG Engine               - Logging services
11:10:10.571 [FXGL Background Thread 3 ] DEBUG Engine               - class com.almasb.fxgl.app.services.FXGLAssetLoaderService
11:10:10.571 [FXGL Background Thread 3 ] DEBUG Engine               - class com.almasb.fxgl.app.FXGLApplication$GameApplicationService
11:10:10.571 [FXGL Background Thread 3 ] DEBUG Engine               - class com.almasb.fxgl.app.services.FXGLDialogService
11:10:10.571 [FXGL Background Thread 3 ] DEBUG Engine               - class com.almasb.fxgl.app.services.IOTaskExecutorService
11:10:10.571 [FXGL Background Thread 3 ] DEBUG Engine               - class com.almasb.fxgl.io.FileSystemService
11:10:10.572 [FXGL Background Thread 3 ] DEBUG Engine               - class com.almasb.fxgl.localization.LocalizationService
11:10:10.572 [FXGL Background Thread 3 ] DEBUG Engine               - class com.almasb.fxgl.app.services.SystemBundleService
11:10:10.572 [FXGL Background Thread 3 ] DEBUG Engine               - class com.almasb.fxgl.profile.SaveLoadService
11:10:10.572 [FXGL Background Thread 3 ] DEBUG Engine               - class com.almasb.fxgl.ui.FXGLUIFactoryServiceProvider
11:10:10.572 [FXGL Background Thread 3 ] DEBUG Engine               - class com.almasb.fxgl.ui.FXGLDialogFactoryServiceProvider
11:10:10.572 [FXGL Background Thread 3 ] DEBUG Engine               - class com.almasb.fxgl.audio.AudioPlayer
11:10:10.572 [FXGL Background Thread 3 ] DEBUG Engine               - class com.almasb.fxgl.notification.impl.NotificationServiceProvider
11:10:10.572 [FXGL Background Thread 3 ] DEBUG Engine               - class com.almasb.fxgl.achievement.AchievementService
11:10:10.572 [FXGL Background Thread 3 ] DEBUG Engine               - class com.almasb.fxgl.cutscene.CutsceneService
11:10:10.572 [FXGL Background Thread 3 ] DEBUG Engine               - class com.almasb.fxgl.minigames.MiniGameService
11:10:10.572 [FXGL Background Thread 3 ] DEBUG Engine               - class com.almasb.fxgl.net.NetService
11:10:10.572 [FXGL Background Thread 3 ] DEBUG Engine               - class com.almasb.fxgl.app.services.UpdaterService
11:10:10.572 [FXGL Background Thread 3 ] DEBUG Engine               - class com.almasb.fxgl.dev.DevService
11:10:12.693 [JavaFX Application Thread] DEBUG FXGLApplication      - Exiting FXGL
11:10:12.694 [JavaFX Application Thread] DEBUG LoopRunner           - Stopping loop
11:10:12.694 [JavaFX Application Thread] DEBUG SystemBundleService  - Saving FXGL system data
11:10:12.695 [JavaFX Application Thread] DEBUG FileSystemAccess     - Writing to: C:\Users\User\zeldaPuzzle\system\fxgl.bundle
11:10:12.697 [JavaFX Application Thread] DEBUG Async                - Shutting down background threads
11:10:12.697 [JavaFX Application Thread] DEBUG PrimaryStageWindow   - Closing main window
11:10:12.705 [JavaFX Application Thread] DEBUG Logger               - Closing Logger
