16:42:48.467 [main                     ] DEBUG Logger               - Configured Logger
16:42:48.483 [main                     ] DEBUG GameApplication      - Logging settings
Title: Zelda 2D Game
Version: 1
Width: 800
Height: 800
Fullscreen: true
Intro: false
Profiling: false
Single step:false
App Mode: DEVELOPER
Menu Key: ESCAPE
Stage Style: DECORATED
Scene Factory: class com.almasb.fxgl.app.scene.SceneFactory

16:42:48.617 [JavaFX Application Thread] DEBUG FXGLApplication      - Initializing FXGL
16:42:48.621 [JavaFX Application Thread] INFO  Engine               - FXGL-17 (31.12.2021 18.16) on WINDOWS (J:21.0.2 FX:19)
16:42:48.622 [JavaFX Application Thread] DEBUG Engine               - JRE Vendor Name: Oracle Corporation
16:42:48.622 [JavaFX Application Thread] DEBUG Engine               - Running on OS: Windows 10 version 10.0
16:42:48.622 [JavaFX Application Thread] DEBUG Engine               - Architecture: amd64
16:42:48.622 [JavaFX Application Thread] INFO  Engine               - Source code and latest versions at: https://github.com/AlmasB/FXGL
16:42:48.622 [JavaFX Application Thread] INFO  Engine               -       Ask questions and discuss at: https://github.com/AlmasB/FXGL/discussions
16:42:48.623 [JavaFX Application Thread] INFO  Engine               -              Join the FXGL chat at: https://gitter.im/AlmasB/FXGL
16:42:48.693 [JavaFX Application Thread] DEBUG PrimaryStageWindow   - Creating a JavaFX scene
16:42:48.736 [JavaFX Application Thread] DEBUG PrimaryStageWindow   - Target settings size: 800.0 x 800.0
16:42:48.737 [JavaFX Application Thread] DEBUG PrimaryStageWindow   - Scaled scene size:    800.0 x 800.0
16:42:48.737 [JavaFX Application Thread] DEBUG PrimaryStageWindow   - Scaled ratio: (1.0, 1.0)
16:42:48.738 [JavaFX Application Thread] DEBUG PrimaryStageWindow   - Set initial scene to FXGLStartupScene
16:42:48.742 [JavaFX Application Thread] DEBUG PrimaryStageWindow   - Opening main window
16:42:48.828 [JavaFX Application Thread] DEBUG PrimaryStageWindow   - Window border size: (16.0, 39.0)
16:42:48.828 [JavaFX Application Thread] DEBUG PrimaryStageWindow   - Scaled size: 800.0 x 800.0
16:42:48.828 [JavaFX Application Thread] DEBUG PrimaryStageWindow   - Scaled ratio: (1.0, 1.0)
16:42:48.829 [JavaFX Application Thread] DEBUG PrimaryStageWindow   - Scene size: 800.0 x 800.0
16:42:48.829 [JavaFX Application Thread] DEBUG PrimaryStageWindow   - Stage size: 816.0 x 839.0
16:42:48.836 [FXGL Background Thread 1 ] DEBUG Engine               - Initializing environment variables
16:42:48.887 [FXGL Background Thread 1 ] DEBUG FXGLAssetLoaderServi - User app class for loading assets: class com.example.zeldapuzzle.MainGameApp
16:42:48.887 [FXGL Background Thread 1 ] DEBUG GameApplicationServi - Applying CSS: fxgl_dark.css
16:42:48.888 [FXGL Background Thread 1 ] DEBUG FXGLAssetLoaderServi - Loading from file system: jar:file:///C:/Users/mbour/.m2/repository/com/github/almasb/fxgl/17/fxgl-17.jar!/fxglassets/ui/css/fxgl_dark.css
16:42:48.930 [FXGL Background Thread 1 ] DEBUG GameApplicationServi - Initializing application scenes
16:42:48.968 [FXGL Background Thread 1 ] DEBUG GameWorld            - Game world initialized
16:42:49.031 [FXGL Background Thread 1 ] DEBUG PhysicsWorld         - Physics world initialized: appHeight=800, physics.ppm=50,0
16:42:49.032 [FXGL Background Thread 1 ] DEBUG PhysicsWorld         - Using strategy: BRUTE_FORCE
16:42:49.035 [FXGL Background Thread 1 ] DEBUG GameScene            - Game scene initialized: 800x800
16:42:49.046 [FXGL Background Thread 1 ] DEBUG FXGL.DefaultMenu     - createMenuBodyMainMenu()
16:42:49.062 [FXGL Background Thread 1 ] DEBUG FXGL.DefaultMenu     - createOptionsMenu()
16:42:49.069 [FXGL Background Thread 1 ] DEBUG FXGLAssetLoaderServi - Loading from file system: jar:file:///C:/Users/mbour/.m2/repository/com/github/almasb/fxgl/17/fxgl-17.jar!/fxglassets/textures/particles/smoke.png
16:42:49.145 [FXGL Background Thread 1 ] DEBUG FXGLAssetLoaderServi - Loading from file system: jar:file:///C:/Users/mbour/.m2/repository/com/github/almasb/fxgl/17/fxgl-17.jar!/fxglassets/textures/particles/trace_horizontal.png
16:42:49.159 [FXGL Background Thread 1 ] DEBUG FXGL.DefaultMenu     - createMenuBodyGameMenu()
16:42:49.161 [FXGL Background Thread 1 ] DEBUG FXGL.DefaultMenu     - createOptionsMenu()
16:42:49.175 [FXGL Background Thread 1 ] DEBUG GameApplicationServi - Application scenes initialized
16:42:49.185 [FXGL Background Thread 1 ] DEBUG SystemBundleService  - Loading FXGL system data
16:42:49.189 [FXGL Background Thread 1 ] DEBUG FileSystemAccess     - Reading from: C:\Users\mbour\OneDrive\Bureau\Zelda TOTK WINRAR\zeldaPuzzle\system\fxgl.bundle
16:42:49.199 [FXGL Background Thread 1 ] DEBUG SystemBundleService  - Bundle FXGL: {}
16:42:49.199 [FXGL Background Thread 1 ] DEBUG UpdaterService       - Checking for updates
16:42:49.225 [FXGL Background Thread 4 ] DEBUG FXGLApplication      - Loading fonts
16:42:49.225 [FXGL Background Thread 1 ] DEBUG FXGLApplication      - Loading default localization
16:42:49.226 [FXGL Background Thread 4 ] DEBUG FXGLAssetLoaderServi - Loading from file system: jar:file:///C:/Users/mbour/.m2/repository/com/github/almasb/fxgl/17/fxgl-17.jar!/fxglassets/ui/fonts/VarelaRound-Regular.ttf
16:42:49.226 [FXGL Background Thread 1 ] DEBUG FXGLAssetLoaderServi - Loading from file system: jar:file:///C:/Users/mbour/.m2/repository/com/github/almasb/fxgl/17/fxgl-17.jar!/fxglassets/languages/english.lang
16:42:49.240 [FXGL Background Thread 1 ] INFO  FXGLApplication      - FXGL initialization took: 0,404 sec
16:42:49.252 [JavaFX Application Thread] DEBUG Input                - Registered new binding: inventaire - Tab
16:42:49.252 [JavaFX Application Thread] DEBUG Input                - Registered new binding: getPosition - P
16:42:49.253 [JavaFX Application Thread] DEBUG Input                - Registered new binding: zoom+ - Up
16:42:49.253 [JavaFX Application Thread] DEBUG Input                - Registered new binding: zoom- - Down
16:42:49.253 [JavaFX Application Thread] DEBUG Input                - Registered new binding: resetZoom - 0
16:42:49.253 [JavaFX Application Thread] DEBUG Input                - Registered new binding: Move right - D
16:42:49.254 [JavaFX Application Thread] DEBUG Input                - Registered new binding: Move left - A
16:42:49.254 [JavaFX Application Thread] DEBUG Input                - Registered new binding: Move Up - W
16:42:49.254 [JavaFX Application Thread] DEBUG Input                - Registered new binding: Move Down - S
16:42:49.254 [JavaFX Application Thread] DEBUG FXGLAssetLoaderServi - Loading from file system: jar:file:///C:/Users/mbour/.m2/repository/com/github/almasb/fxgl/17/fxgl-17.jar!/fxglassets/textures/fxgl_icon.png
16:42:49.264 [FXGL Background Thread 4 ] DEBUG FXGLAssetLoaderServi - Loading from file system: jar:file:///C:/Users/mbour/.m2/repository/com/github/almasb/fxgl/17/fxgl-17.jar!/fxglassets/ui/fonts/Abel-Regular.ttf
16:42:49.266 [JavaFX Application Thread] DEBUG FXGLAssetLoaderServi - Loading from file system: jar:file:///C:/Users/mbour/.m2/repository/com/github/almasb/fxgl/17/fxgl-17.jar!/fxglassets/textures/fxgl_default_cursor.png
16:42:49.269 [JavaFX Application Thread] DEBUG Input                - Registered new binding: Screenshot - CTRL+8
16:42:49.269 [JavaFX Application Thread] DEBUG Input                - Registered new binding: Dev Options - 1
16:42:49.270 [JavaFX Application Thread] DEBUG Input                - Registered new binding: Dev Console - 2
16:42:49.271 [JavaFX Application Thread] DEBUG Input                - Registered new binding: System info dump - CTRL+9
16:42:49.271 [JavaFX Application Thread] DEBUG Input                - Registered new binding: Restart - CTRL+R
16:42:49.273 [JavaFX Application Thread] DEBUG Input                - Registered new binding: Toggle Debug Camera - CTRL+7
16:42:49.275 [FXGL Background Thread 4 ] DEBUG FXGLAssetLoaderServi - Loading from file system: jar:file:///C:/Users/mbour/.m2/repository/com/github/almasb/fxgl/17/fxgl-17.jar!/fxglassets/ui/fonts/TerminalLandMono-Regular.otf
16:42:49.277 [JavaFX Application Thread] DEBUG LoopRunner           - Starting loop
16:42:49.285 [FXGL Background Thread 4 ] DEBUG FXGLAssetLoaderServi - Loading from file system: jar:file:///C:/Users/mbour/.m2/repository/com/github/almasb/fxgl/17/fxgl-17.jar!/fxglassets/ui/fonts/Courier-Prime.ttf
16:42:49.289 [JavaFX Application Thread] DEBUG LoopRunner           - Initializing JavaFX AnimationTimerLoop
16:42:49.292 [JavaFX Application Thread] DEBUG Input                - Clearing active input actions
16:42:49.300 [JavaFX Application Thread] DEBUG GameApplicationServi - Removing overlay from FXGLStartupScene and adding to FXGLMainMenuDummyScene
16:42:49.306 [JavaFX Application Thread] DEBUG PrimaryStageWindow   - FXGLStartupScene -> FXGLMainMenuDummyScene
16:42:49.306 [JavaFX Application Thread] DEBUG PrimaryStageWindow   - Push state: FXGLDefaultMenu
16:42:49.308 [JavaFX Application Thread] DEBUG Input                - Clearing active input actions
16:42:49.317 [JavaFX Application Thread] DEBUG GameApplicationServi - Removing overlay from FXGLMainMenuDummyScene and adding to FXGLDefaultMenu
16:42:49.317 [JavaFX Application Thread] DEBUG PrimaryStageWindow   - FXGLMainMenuDummyScene -> FXGLDefaultMenu
16:42:49.512 [JavaFX Application Thread] DEBUG FXGLApplication      - Registering font factories with UI factory
16:42:49.624 [FXGL Background Thread 2 ] INFO  UpdaterService       - Your current version:  17
16:42:49.625 [FXGL Background Thread 2 ] INFO  UpdaterService       - Latest stable version: 21.1
16:42:50.568 [JavaFX Application Thread] DEBUG Menu                 - fireNewGame()
16:42:50.569 [JavaFX Application Thread] DEBUG GameApplicationServi - Starting new game
16:42:50.571 [JavaFX Application Thread] DEBUG PrimaryStageWindow   - Pop state: FXGLDefaultMenu
16:42:50.571 [JavaFX Application Thread] DEBUG Input                - Clearing active input actions
16:42:50.573 [JavaFX Application Thread] DEBUG GameApplicationServi - Removing overlay from FXGLDefaultMenu and adding to FXGLMainMenuDummyScene
16:42:50.576 [JavaFX Application Thread] DEBUG PrimaryStageWindow   - FXGLMainMenuDummyScene <- FXGLDefaultMenu
16:42:50.577 [JavaFX Application Thread] DEBUG Input                - Clearing active input actions
16:42:50.587 [JavaFX Application Thread] DEBUG GameApplicationServi - Removing overlay from FXGLMainMenuDummyScene and adding to FXGLLoadingScene
16:42:50.588 [JavaFX Application Thread] DEBUG PrimaryStageWindow   - FXGLMainMenuDummyScene -> FXGLLoadingScene
16:42:50.588 [JavaFX Application Thread] DEBUG GameApplicationServi - Clearing previous game
16:42:50.588 [JavaFX Application Thread] DEBUG GameScene            - Clearing game scene
16:42:50.588 [JavaFX Application Thread] DEBUG GameWorld            - Clearing game world
16:42:50.588 [JavaFX Application Thread] DEBUG PhysicsWorld         - Clearing physics world
16:42:50.591 [FXGL Background Thread 2 ] DEBUG FXGLApplication      - Initializing game
16:42:50.653 [FXGL Background Thread 2 ] WARN  TMXLevelLoader       - TiledMap generated from 1.10.2. Supported version: 1.2.3. Some features may not be parsed fully.
16:42:50.712 [FXGL Background Thread 2 ] DEBUG TMXLevelLoader       - Parsed TiledMap: file:/C:/Users/mbour/OneDrive/Bureau/Zelda%20TOTK%20WINRAR/zeldaPuzzle/target/classes/assets/levels/MapDeMerde2.tmx
16:42:50.714 [FXGL Background Thread 2 ] DEBUG TMXLevelLoader       - Creating tile layer entities
16:42:50.716 [FXGL Background Thread 2 ] DEBUG TilesetLoader        - Loading view for layer background
16:42:50.754 [FXGL Background Thread 2 ] DEBUG TilesetLoader        - Created buffer with size 4800.0x4800.0
16:42:50.969 [FXGL Background Thread 2 ] DEBUG TilesetLoader        - Loading view for layer devant
16:42:51.002 [FXGL Background Thread 2 ] DEBUG TilesetLoader        - Created buffer with size 4800.0x4800.0
16:42:51.045 [FXGL Background Thread 2 ] DEBUG TilesetLoader        - Loading view for layer devant1
16:42:51.080 [FXGL Background Thread 2 ] DEBUG TilesetLoader        - Created buffer with size 4800.0x4800.0
16:42:51.094 [FXGL Background Thread 2 ] DEBUG TMXLevelLoader       - Creating object layer entities
16:42:51.145 [FXGL Background Thread 2 ] DEBUG GameWorld            - Clearing removable entities
16:42:51.146 [FXGL Background Thread 2 ] DEBUG GameWorld            - Setting level: com.almasb.fxgl.entity.level.Level@27ce086
16:42:51.165 [FXGL Background Thread 2 ] WARN  GameWorld            - Entity is already attached to world
16:42:51.166 [FXGL Background Thread 2 ] WARN  GameWorld            - Entity is already attached to world
16:42:51.174 [FXGL Background Thread 2 ] INFO  FXGLApplication      - Game initialization took: 0,584 sec
16:42:51.175 [JavaFX Application Thread] DEBUG Input                - Clearing active input actions
16:42:51.181 [JavaFX Application Thread] DEBUG GameApplicationServi - Removing overlay from FXGLLoadingScene and adding to GameScene
16:42:51.184 [JavaFX Application Thread] DEBUG PrimaryStageWindow   - FXGLLoadingScene -> GameScene
16:42:52.225 [FXGL Background Thread 3 ] DEBUG Engine               - Logging environment variables
16:42:52.225 [FXGL Background Thread 3 ] DEBUG Engine               - achievements: []
16:42:52.225 [FXGL Background Thread 3 ] DEBUG Engine               - actualHeight: 800.0
16:42:52.225 [FXGL Background Thread 3 ] DEBUG Engine               - actualHeightProperty: ReadOnlyDoubleProperty [value: 800.0]
16:42:52.225 [FXGL Background Thread 3 ] DEBUG Engine               - actualWidth: 800.0
16:42:52.225 [FXGL Background Thread 3 ] DEBUG Engine               - actualWidthProperty: ReadOnlyDoubleProperty [value: 800.0]
16:42:52.225 [FXGL Background Thread 3 ] DEBUG Engine               - appIcon: fxgl_icon.png
16:42:52.225 [FXGL Background Thread 3 ] DEBUG Engine               - applicationMode: DEVELOPER
16:42:52.226 [FXGL Background Thread 3 ] DEBUG Engine               - cSSList: [fxgl_dark.css]
16:42:52.226 [FXGL Background Thread 3 ] DEBUG Engine               - collisionDetectionStrategy: BRUTE_FORCE
16:42:52.226 [FXGL Background Thread 3 ] DEBUG Engine               - configClass: Optional.empty
16:42:52.226 [FXGL Background Thread 3 ] DEBUG Engine               - credits: []
16:42:52.226 [FXGL Background Thread 3 ] DEBUG Engine               - defaultCursor: CursorInfo(imageName=fxgl_default_cursor.png, hotspotX=7.0, hotspotY=6.0)
16:42:52.226 [FXGL Background Thread 3 ] DEBUG Engine               - devBBoxColorProperty: ObjectProperty [value: 0xff0000ff]
16:42:52.226 [FXGL Background Thread 3 ] DEBUG Engine               - devEnableDebugCameraProperty: BooleanProperty [value: false]
16:42:52.227 [FXGL Background Thread 3 ] DEBUG Engine               - devSensorColorProperty: ObjectProperty [value: 0xffff00ff]
16:42:52.227 [FXGL Background Thread 3 ] DEBUG Engine               - devShowBBoxProperty: BooleanProperty [value: false]
16:42:52.227 [FXGL Background Thread 3 ] DEBUG Engine               - devShowPositionProperty: BooleanProperty [value: false]
16:42:52.227 [FXGL Background Thread 3 ] DEBUG Engine               - enabledMenuItems: []
16:42:52.227 [FXGL Background Thread 3 ] DEBUG Engine               - engineServices: [class com.almasb.fxgl.app.services.FXGLAssetLoaderService, class com.almasb.fxgl.app.FXGLApplication$GameApplicationService, class com.almasb.fxgl.app.services.FXGLDialogService, class com.almasb.fxgl.app.services.IOTaskExecutorService, class com.almasb.fxgl.io.FileSystemService, class com.almasb.fxgl.localization.LocalizationService, class com.almasb.fxgl.app.services.SystemBundleService, class com.almasb.fxgl.profile.SaveLoadService, class com.almasb.fxgl.ui.FXGLUIFactoryServiceProvider, class com.almasb.fxgl.ui.FXGLDialogFactoryServiceProvider, class com.almasb.fxgl.audio.AudioPlayer, class com.almasb.fxgl.notification.impl.NotificationServiceProvider, class com.almasb.fxgl.achievement.AchievementService, class com.almasb.fxgl.cutscene.CutsceneService, class com.almasb.fxgl.minigames.MiniGameService, class com.almasb.fxgl.net.NetService, class com.almasb.fxgl.app.services.UpdaterService, class com.almasb.fxgl.dev.DevService]
16:42:52.227 [FXGL Background Thread 3 ] DEBUG Engine               - fontGame: Abel-Regular.ttf
16:42:52.227 [FXGL Background Thread 3 ] DEBUG Engine               - fontMono: TerminalLandMono-Regular.otf
16:42:52.227 [FXGL Background Thread 3 ] DEBUG Engine               - fontText: Courier-Prime.ttf
16:42:52.227 [FXGL Background Thread 3 ] DEBUG Engine               - fontUI: VarelaRound-Regular.ttf
16:42:52.227 [FXGL Background Thread 3 ] DEBUG Engine               - fullScreen: BooleanProperty [value: false]
16:42:52.227 [FXGL Background Thread 3 ] DEBUG Engine               - gameDifficulty: MEDIUM
16:42:52.228 [FXGL Background Thread 3 ] DEBUG Engine               - gameDifficultyProperty: ObjectProperty [value: MEDIUM]
16:42:52.228 [FXGL Background Thread 3 ] DEBUG Engine               - globalMusicVolume: 0.5
16:42:52.228 [FXGL Background Thread 3 ] DEBUG Engine               - globalMusicVolumeProperty: DoubleProperty [value: 0.5]
16:42:52.228 [FXGL Background Thread 3 ] DEBUG Engine               - globalSoundVolume: 0.5
16:42:52.228 [FXGL Background Thread 3 ] DEBUG Engine               - globalSoundVolumeProperty: DoubleProperty [value: 0.5]
16:42:52.228 [FXGL Background Thread 3 ] DEBUG Engine               - height: 800
16:42:52.228 [FXGL Background Thread 3 ] DEBUG Engine               - is3D: false
16:42:52.228 [FXGL Background Thread 3 ] DEBUG Engine               - isAndroid: false
16:42:52.228 [FXGL Background Thread 3 ] DEBUG Engine               - isBrowser: false
16:42:52.228 [FXGL Background Thread 3 ] DEBUG Engine               - isClickFeedbackEnabled: false
16:42:52.228 [FXGL Background Thread 3 ] DEBUG Engine               - isCloseConfirmation: false
16:42:52.228 [FXGL Background Thread 3 ] DEBUG Engine               - isDesktop: true
16:42:52.228 [FXGL Background Thread 3 ] DEBUG Engine               - isDeveloperMenuEnabled: true
16:42:52.228 [FXGL Background Thread 3 ] DEBUG Engine               - isEmbedded: false
16:42:52.228 [FXGL Background Thread 3 ] DEBUG Engine               - isEntityPreloadEnabled: true
16:42:52.228 [FXGL Background Thread 3 ] DEBUG Engine               - isExperimentalTiledLargeMap: false
16:42:52.228 [FXGL Background Thread 3 ] DEBUG Engine               - isFileSystemWriteAllowed: true
16:42:52.228 [FXGL Background Thread 3 ] DEBUG Engine               - isFullScreenAllowed: true
16:42:52.228 [FXGL Background Thread 3 ] DEBUG Engine               - isFullScreenFromStart: false
16:42:52.229 [FXGL Background Thread 3 ] DEBUG Engine               - isGameMenuEnabled: true
16:42:52.229 [FXGL Background Thread 3 ] DEBUG Engine               - isIOS: false
16:42:52.229 [FXGL Background Thread 3 ] DEBUG Engine               - isIntroEnabled: false
16:42:52.229 [FXGL Background Thread 3 ] DEBUG Engine               - isLinux: false
16:42:52.229 [FXGL Background Thread 3 ] DEBUG Engine               - isMac: false
16:42:52.229 [FXGL Background Thread 3 ] DEBUG Engine               - isMainMenuEnabled: true
16:42:52.229 [FXGL Background Thread 3 ] DEBUG Engine               - isManualResizeEnabled: false
16:42:52.229 [FXGL Background Thread 3 ] DEBUG Engine               - isMobile: false
16:42:52.229 [FXGL Background Thread 3 ] DEBUG Engine               - isNative: false
16:42:52.229 [FXGL Background Thread 3 ] DEBUG Engine               - isPauseMusicWhenMinimized: true
16:42:52.229 [FXGL Background Thread 3 ] DEBUG Engine               - isPreserveResizeRatio: false
16:42:52.229 [FXGL Background Thread 3 ] DEBUG Engine               - isProfilingEnabled: false
16:42:52.229 [FXGL Background Thread 3 ] DEBUG Engine               - isScaleAffectedOnResize: true
16:42:52.229 [FXGL Background Thread 3 ] DEBUG Engine               - isSingleStep: false
16:42:52.229 [FXGL Background Thread 3 ] DEBUG Engine               - isUserProfileEnabled: false
16:42:52.229 [FXGL Background Thread 3 ] DEBUG Engine               - isWindows: true
16:42:52.229 [FXGL Background Thread 3 ] DEBUG Engine               - language: ObjectProperty [value: ENGLISH]
16:42:52.229 [FXGL Background Thread 3 ] DEBUG Engine               - menuKey: ESCAPE
16:42:52.229 [FXGL Background Thread 3 ] DEBUG Engine               - mouseSensitivity: 0.2
16:42:52.229 [FXGL Background Thread 3 ] DEBUG Engine               - notificationViewClass: class com.almasb.fxgl.notification.view.XboxNotificationView
16:42:52.229 [FXGL Background Thread 3 ] DEBUG Engine               - pixelsPerMeter: 50.0
16:42:52.229 [FXGL Background Thread 3 ] DEBUG Engine               - platform: WINDOWS
16:42:52.230 [FXGL Background Thread 3 ] DEBUG Engine               - prefHeightProperty: ReadOnlyDoubleProperty [value: 800.0]
16:42:52.230 [FXGL Background Thread 3 ] DEBUG Engine               - prefWidthProperty: ReadOnlyDoubleProperty [value: 800.0]
16:42:52.230 [FXGL Background Thread 3 ] DEBUG Engine               - profileDir: profiles/
16:42:52.230 [FXGL Background Thread 3 ] DEBUG Engine               - profileName: StringProperty [value: DEFAULT]
16:42:52.230 [FXGL Background Thread 3 ] DEBUG Engine               - randomSeed: -1
16:42:52.230 [FXGL Background Thread 3 ] DEBUG Engine               - runtimeInfo: RuntimeInfo(platform=WINDOWS, version=17, build=31.12.2021 18.16)
16:42:52.230 [FXGL Background Thread 3 ] DEBUG Engine               - saveFileExt: sav
16:42:52.230 [FXGL Background Thread 3 ] DEBUG Engine               - scaledHeightProp$fxgl: DoubleProperty [bound, value: 800.0]
16:42:52.230 [FXGL Background Thread 3 ] DEBUG Engine               - scaledWidthProp$fxgl: DoubleProperty [bound, value: 800.0]
16:42:52.230 [FXGL Background Thread 3 ] DEBUG Engine               - sceneFactory: com.almasb.fxgl.app.scene.SceneFactory@1d73b0a2
16:42:52.230 [FXGL Background Thread 3 ] DEBUG Engine               - secondsIn24h: 60
16:42:52.230 [FXGL Background Thread 3 ] DEBUG Engine               - soundMenuBack: menu/back.wav
16:42:52.230 [FXGL Background Thread 3 ] DEBUG Engine               - soundMenuPress: menu/press.wav
16:42:52.230 [FXGL Background Thread 3 ] DEBUG Engine               - soundMenuSelect: menu/select.wav
16:42:52.230 [FXGL Background Thread 3 ] DEBUG Engine               - soundNotification: core/notification.wav
16:42:52.230 [FXGL Background Thread 3 ] DEBUG Engine               - stageStyle: DECORATED
16:42:52.231 [FXGL Background Thread 3 ] DEBUG Engine               - supportedLanguages: [ENGLISH, FRENCH, GERMAN, HUNGARIAN, RUSSIAN]
16:42:52.231 [FXGL Background Thread 3 ] DEBUG Engine               - ticksPerSecond: -1
16:42:52.231 [FXGL Background Thread 3 ] DEBUG Engine               - title: Zelda 2D Game
16:42:52.231 [FXGL Background Thread 3 ] DEBUG Engine               - urlGithub: https://github.com/AlmasB/FXGL
16:42:52.231 [FXGL Background Thread 3 ] DEBUG Engine               - urlLeaderboard: http://fxgl-top.herokuapp.com/
16:42:52.231 [FXGL Background Thread 3 ] DEBUG Engine               - urlPOM: https://raw.githubusercontent.com/AlmasB/FXGL/release/README.md
16:42:52.231 [FXGL Background Thread 3 ] DEBUG Engine               - userAppClass: class com.example.zeldapuzzle.MainGameApp
16:42:52.231 [FXGL Background Thread 3 ] DEBUG Engine               - version: 1
16:42:52.231 [FXGL Background Thread 3 ] DEBUG Engine               - versionCheckDays: 7
16:42:52.231 [FXGL Background Thread 3 ] DEBUG Engine               - width: 800
16:42:52.231 [FXGL Background Thread 3 ] DEBUG Engine               - Logging services
16:42:52.231 [FXGL Background Thread 3 ] DEBUG Engine               - class com.almasb.fxgl.app.services.FXGLAssetLoaderService
16:42:52.231 [FXGL Background Thread 3 ] DEBUG Engine               - class com.almasb.fxgl.app.FXGLApplication$GameApplicationService
16:42:52.231 [FXGL Background Thread 3 ] DEBUG Engine               - class com.almasb.fxgl.app.services.FXGLDialogService
16:42:52.231 [FXGL Background Thread 3 ] DEBUG Engine               - class com.almasb.fxgl.app.services.IOTaskExecutorService
16:42:52.231 [FXGL Background Thread 3 ] DEBUG Engine               - class com.almasb.fxgl.io.FileSystemService
16:42:52.231 [FXGL Background Thread 3 ] DEBUG Engine               - class com.almasb.fxgl.localization.LocalizationService
16:42:52.231 [FXGL Background Thread 3 ] DEBUG Engine               - class com.almasb.fxgl.app.services.SystemBundleService
16:42:52.231 [FXGL Background Thread 3 ] DEBUG Engine               - class com.almasb.fxgl.profile.SaveLoadService
16:42:52.231 [FXGL Background Thread 3 ] DEBUG Engine               - class com.almasb.fxgl.ui.FXGLUIFactoryServiceProvider
16:42:52.231 [FXGL Background Thread 3 ] DEBUG Engine               - class com.almasb.fxgl.ui.FXGLDialogFactoryServiceProvider
16:42:52.231 [FXGL Background Thread 3 ] DEBUG Engine               - class com.almasb.fxgl.audio.AudioPlayer
16:42:52.231 [FXGL Background Thread 3 ] DEBUG Engine               - class com.almasb.fxgl.notification.impl.NotificationServiceProvider
16:42:52.231 [FXGL Background Thread 3 ] DEBUG Engine               - class com.almasb.fxgl.achievement.AchievementService
16:42:52.231 [FXGL Background Thread 3 ] DEBUG Engine               - class com.almasb.fxgl.cutscene.CutsceneService
16:42:52.231 [FXGL Background Thread 3 ] DEBUG Engine               - class com.almasb.fxgl.minigames.MiniGameService
16:42:52.231 [FXGL Background Thread 3 ] DEBUG Engine               - class com.almasb.fxgl.net.NetService
16:42:52.232 [FXGL Background Thread 3 ] DEBUG Engine               - class com.almasb.fxgl.app.services.UpdaterService
16:42:52.232 [FXGL Background Thread 3 ] DEBUG Engine               - class com.almasb.fxgl.dev.DevService
16:42:57.952 [JavaFX Application Thread] WARN  TMXLevelLoader       - TiledMap generated from 1.10.2. Supported version: 1.2.3. Some features may not be parsed fully.
16:42:57.956 [JavaFX Application Thread] DEBUG TMXLevelLoader       - Parsed TiledMap: file:/C:/Users/mbour/OneDrive/Bureau/Zelda%20TOTK%20WINRAR/zeldaPuzzle/target/classes/assets/levels/donjonPasFini.tmx
16:42:57.956 [JavaFX Application Thread] DEBUG TMXLevelLoader       - Creating tile layer entities
16:42:57.956 [JavaFX Application Thread] DEBUG TilesetLoader        - Loading view for layer Calque de Tuiles 2
16:42:57.961 [JavaFX Application Thread] DEBUG TilesetLoader        - Created buffer with size 3200.0x960.0
16:42:57.986 [JavaFX Application Thread] WARN  TilesetLoader        - Diagonally flipped tiles are not currently supported
16:42:57.986 [JavaFX Application Thread] WARN  TilesetLoader        - Diagonally flipped tiles are not currently supported
16:42:57.986 [JavaFX Application Thread] WARN  TilesetLoader        - Diagonally flipped tiles are not currently supported
16:42:57.987 [JavaFX Application Thread] WARN  TilesetLoader        - Diagonally flipped tiles are not currently supported
16:42:57.987 [JavaFX Application Thread] WARN  TilesetLoader        - Diagonally flipped tiles are not currently supported
16:42:57.987 [JavaFX Application Thread] WARN  TilesetLoader        - Diagonally flipped tiles are not currently supported
16:42:57.987 [JavaFX Application Thread] WARN  TilesetLoader        - Diagonally flipped tiles are not currently supported
16:42:57.987 [JavaFX Application Thread] WARN  TilesetLoader        - Diagonally flipped tiles are not currently supported
16:42:57.987 [JavaFX Application Thread] WARN  TilesetLoader        - Diagonally flipped tiles are not currently supported
16:42:57.988 [JavaFX Application Thread] WARN  TilesetLoader        - Diagonally flipped tiles are not currently supported
16:42:57.988 [JavaFX Application Thread] DEBUG TilesetLoader        - Loading view for layer background
16:42:57.993 [JavaFX Application Thread] DEBUG TilesetLoader        - Created buffer with size 3200.0x960.0
16:42:58.004 [JavaFX Application Thread] DEBUG TilesetLoader        - Loading view for layer Calque de Tuiles 3
16:42:58.006 [JavaFX Application Thread] DEBUG TilesetLoader        - Created buffer with size 3200.0x960.0
16:42:58.007 [JavaFX Application Thread] DEBUG TilesetLoader        - Loading view for layer Calque de Tuiles 1
16:42:58.008 [JavaFX Application Thread] DEBUG TilesetLoader        - Created buffer with size 3200.0x960.0
16:42:58.009 [JavaFX Application Thread] DEBUG TMXLevelLoader       - Creating object layer entities
16:42:58.014 [JavaFX Application Thread] DEBUG GameWorld            - Clearing removable entities
16:42:58.021 [JavaFX Application Thread] DEBUG GameWorld            - Setting level: com.almasb.fxgl.entity.level.Level@fbf787c
16:42:58.027 [JavaFX Application Thread] WARN  GameWorld            - Entity is already attached to world
16:42:58.028 [JavaFX Application Thread] DEBUG LoopRunner           - Stopping loop
16:42:58.029 [JavaFX Application Thread] FATAL FXGLApplication      - Uncaught Exception:
java.lang.IllegalArgumentException: Component PhysicsComponent not found!
	at com.almasb.fxgl.entity@17/com.almasb.fxgl.entity.Entity.getComponent(Entity.java:366)
	at com.example.zeldapuzzle/com.example.zeldapuzzle.MainGameApp$13.onCollisionBegin(MainGameApp.java:363)
	at com.almasb.fxgl.entity@17/com.almasb.fxgl.physics.CollisionPair.collisionBegin(CollisionPair.java:37)
	at com.almasb.fxgl.entity@17/com.almasb.fxgl.physics.PhysicsWorld.collisionBeginFor(PhysicsWorld.java:453)
	at com.almasb.fxgl.entity@17/com.almasb.fxgl.physics.PhysicsWorld.beginContact(PhysicsWorld.java:235)
	at com.almasb.fxgl.entity@17/com.almasb.fxgl.physics.box2d.dynamics.contacts.Contact.update(Contact.java:269)
	at com.almasb.fxgl.entity@17/com.almasb.fxgl.physics.box2d.dynamics.ContactManager.collide(ContactManager.java:303)
	at com.almasb.fxgl.entity@17/com.almasb.fxgl.physics.box2d.dynamics.World.step(World.java:293)
	at com.almasb.fxgl.entity@17/com.almasb.fxgl.physics.PhysicsWorld.onUpdate(PhysicsWorld.java:176)
	at com.almasb.fxgl.all@17/com.almasb.fxgl.app.scene.GameScene.step(GameScene.kt:225)
	at com.almasb.fxgl.all@17/com.almasb.fxgl.app.scene.GameScene.onUpdate(GameScene.kt:220)
	at com.almasb.fxgl.scene@17/com.almasb.fxgl.scene.Scene.update(Scene.kt:105)
	at com.almasb.fxgl.all@17/com.almasb.fxgl.app.MainWindow$update$1.invoke(MainWindow.kt:115)
	at com.almasb.fxgl.all@17/com.almasb.fxgl.app.MainWindow$update$1.invoke(MainWindow.kt:115)
	at com.almasb.fxgl.core@17/com.almasb.fxgl.core.fsm.StateMachine.runOnActiveStates(StateMachine.kt:69)
	at com.almasb.fxgl.all@17/com.almasb.fxgl.app.MainWindow.update(MainWindow.kt:115)
	at com.almasb.fxgl.all@17/com.almasb.fxgl.app.FXGLApplication$GameApplicationService.onUpdate(FXGLApplication.kt:426)
	at com.almasb.fxgl.all@17/com.almasb.fxgl.app.Engine.loop(Engine.kt:134)
	at com.almasb.fxgl.all@17/com.almasb.fxgl.app.Engine.access$loop(Engine.kt:24)
	at com.almasb.fxgl.all@17/com.almasb.fxgl.app.Engine$loop$1.invoke(Engine.kt:28)
	at com.almasb.fxgl.all@17/com.almasb.fxgl.app.Engine$loop$1.invoke(Engine.kt:28)
	at com.almasb.fxgl.all@17/com.almasb.fxgl.app.LoopRunner.frame(LoopRunner.kt:103)
	at com.almasb.fxgl.all@17/com.almasb.fxgl.app.LoopRunner.access$frame(LoopRunner.kt:23)
	at com.almasb.fxgl.all@17/com.almasb.fxgl.app.LoopRunner$impl$2$1.onTick(LoopRunner.kt:57)
	at com.almasb.fxgl.all@17/com.almasb.fxgl.app.AnimationTimerLoop$timer$1.handle(LoopRunner.kt:137)
	at javafx.graphics@19/javafx.animation.AnimationTimer$AnimationTimerReceiver.lambda$handle$0(AnimationTimer.java:58)
	at java.base/java.security.AccessController.doPrivileged(AccessController.java:400)
	at javafx.graphics@19/javafx.animation.AnimationTimer$AnimationTimerReceiver.handle(AnimationTimer.java:57)
	at javafx.graphics@19/com.sun.scenario.animation.AbstractPrimaryTimer.timePulseImpl(AbstractPrimaryTimer.java:356)
	at javafx.graphics@19/com.sun.scenario.animation.AbstractPrimaryTimer$MainLoop.run(AbstractPrimaryTimer.java:266)
	at javafx.graphics@19/com.sun.javafx.tk.quantum.QuantumToolkit.pulse(QuantumToolkit.java:571)
	at javafx.graphics@19/com.sun.javafx.tk.quantum.QuantumToolkit.pulse(QuantumToolkit.java:555)
	at javafx.graphics@19/com.sun.javafx.tk.quantum.QuantumToolkit.pulseFromQueue(QuantumToolkit.java:548)
	at javafx.graphics@19/com.sun.javafx.tk.quantum.QuantumToolkit.lambda$runToolkit$11(QuantumToolkit.java:352)
	at javafx.graphics@19/com.sun.glass.ui.InvokeLaterDispatcher$Future.run(InvokeLaterDispatcher.java:96)
	at javafx.graphics@19/com.sun.glass.ui.win.WinApplication._runLoop(Native Method)
	at javafx.graphics@19/com.sun.glass.ui.win.WinApplication.lambda$runLoop$3(WinApplication.java:184)
	at java.base/java.lang.Thread.run(Thread.java:1583)

16:42:58.030 [JavaFX Application Thread] FATAL FXGLApplication      - Application will now exit
16:42:58.034 [JavaFX Application Thread] DEBUG PrimaryStageWindow   - Push state: ErrorSubScene
16:42:58.034 [JavaFX Application Thread] DEBUG Input                - Clearing active input actions
16:42:59.773 [JavaFX Application Thread] DEBUG FXGLApplication      - Exiting FXGL
16:42:59.773 [JavaFX Application Thread] DEBUG Async                - Shutting down background threads
16:42:59.773 [JavaFX Application Thread] DEBUG PrimaryStageWindow   - Closing main window
16:42:59.787 [JavaFX Application Thread] DEBUG Logger               - Closing Logger
