11:04:14.989 [main                     ] DEBUG Logger               - Configured Logger
11:04:15.017 [main                     ] DEBUG GameApplication      - Logging settings
Title: Zelda 2D Game
Version: 1
Width: 800
Height: 800
Fullscreen: false
Intro: false
Profiling: false
Single step:false
App Mode: DEVELOPER
Menu Key: ESCAPE
Stage Style: DECORATED
Scene Factory: class com.almasb.fxgl.app.scene.SceneFactory

11:04:15.456 [JavaFX Application Thread] DEBUG FXGLApplication      - Initializing FXGL
11:04:15.461 [JavaFX Application Thread] INFO  Engine               - FXGL-17 (31.12.2021 18.16) on WINDOWS (J:21.0.2 FX:19)
11:04:15.461 [JavaFX Application Thread] DEBUG Engine               - JRE Vendor Name: Oracle Corporation
11:04:15.461 [JavaFX Application Thread] DEBUG Engine               - Running on OS: Windows 10 version 10.0
11:04:15.462 [JavaFX Application Thread] DEBUG Engine               - Architecture: amd64
11:04:15.462 [JavaFX Application Thread] INFO  Engine               - Source code and latest versions at: https://github.com/AlmasB/FXGL
11:04:15.462 [JavaFX Application Thread] INFO  Engine               -       Ask questions and discuss at: https://github.com/AlmasB/FXGL/discussions
11:04:15.462 [JavaFX Application Thread] INFO  Engine               -              Join the FXGL chat at: https://gitter.im/AlmasB/FXGL
11:04:15.548 [JavaFX Application Thread] DEBUG PrimaryStageWindow   - Creating a JavaFX scene
11:04:15.597 [JavaFX Application Thread] DEBUG PrimaryStageWindow   - Target settings size: 800.0 x 800.0
11:04:15.598 [JavaFX Application Thread] DEBUG PrimaryStageWindow   - Scaled scene size:    800.0 x 800.0
11:04:15.598 [JavaFX Application Thread] DEBUG PrimaryStageWindow   - Scaled ratio: (1.0, 1.0)
11:04:15.599 [JavaFX Application Thread] DEBUG PrimaryStageWindow   - Set initial scene to FXGLStartupScene
11:04:15.603 [JavaFX Application Thread] DEBUG PrimaryStageWindow   - Opening main window
11:04:15.691 [JavaFX Application Thread] DEBUG PrimaryStageWindow   - Window border size: (16.0, 39.0)
11:04:15.692 [JavaFX Application Thread] DEBUG PrimaryStageWindow   - Scaled size: 800.0 x 800.0
11:04:15.692 [JavaFX Application Thread] DEBUG PrimaryStageWindow   - Scaled ratio: (1.0, 1.0)
11:04:15.692 [JavaFX Application Thread] DEBUG PrimaryStageWindow   - Scene size: 800.0 x 800.0
11:04:15.692 [JavaFX Application Thread] DEBUG PrimaryStageWindow   - Stage size: 816.0 x 839.0
11:04:15.701 [FXGL Background Thread 1 ] DEBUG Engine               - Initializing environment variables
11:04:15.749 [FXGL Background Thread 1 ] DEBUG FXGLAssetLoaderServi - User app class for loading assets: class com.example.zeldapuzzle.MainGameApp
11:04:15.749 [FXGL Background Thread 1 ] DEBUG GameApplicationServi - Applying CSS: fxgl_dark.css
11:04:15.750 [FXGL Background Thread 1 ] DEBUG FXGLAssetLoaderServi - Loading from file system: jar:file:///C:/Users/mbour/.m2/repository/com/github/almasb/fxgl/17/fxgl-17.jar!/fxglassets/ui/css/fxgl_dark.css
11:04:15.800 [FXGL Background Thread 1 ] DEBUG GameApplicationServi - Initializing application scenes
11:04:15.831 [FXGL Background Thread 1 ] DEBUG GameWorld            - Game world initialized
11:04:15.893 [FXGL Background Thread 1 ] DEBUG PhysicsWorld         - Physics world initialized: appHeight=800, physics.ppm=50,0
11:04:15.893 [FXGL Background Thread 1 ] DEBUG PhysicsWorld         - Using strategy: BRUTE_FORCE
11:04:15.897 [FXGL Background Thread 1 ] DEBUG GameScene            - Game scene initialized: 800x800
11:04:15.909 [FXGL Background Thread 1 ] DEBUG FXGL.DefaultMenu     - createMenuBodyMainMenu()
11:04:15.921 [FXGL Background Thread 1 ] DEBUG FXGL.DefaultMenu     - createOptionsMenu()
11:04:15.931 [FXGL Background Thread 1 ] DEBUG FXGLAssetLoaderServi - Loading from file system: jar:file:///C:/Users/mbour/.m2/repository/com/github/almasb/fxgl/17/fxgl-17.jar!/fxglassets/textures/particles/smoke.png
11:04:16.012 [FXGL Background Thread 1 ] DEBUG FXGLAssetLoaderServi - Loading from file system: jar:file:///C:/Users/mbour/.m2/repository/com/github/almasb/fxgl/17/fxgl-17.jar!/fxglassets/textures/particles/trace_horizontal.png
11:04:16.042 [FXGL Background Thread 1 ] DEBUG FXGL.DefaultMenu     - createMenuBodyGameMenu()
11:04:16.043 [FXGL Background Thread 1 ] DEBUG FXGL.DefaultMenu     - createOptionsMenu()
11:04:16.057 [FXGL Background Thread 1 ] DEBUG GameApplicationServi - Application scenes initialized
11:04:16.068 [FXGL Background Thread 1 ] DEBUG SystemBundleService  - Loading FXGL system data
11:04:16.073 [FXGL Background Thread 1 ] DEBUG FileSystemAccess     - Reading from: C:\Users\mbour\OneDrive\Bureau\Zelda TOTK WINRAR\zeldaPuzzle\system\fxgl.bundle
11:04:16.084 [FXGL Background Thread 1 ] DEBUG SystemBundleService  - Bundle FXGL: {}
11:04:16.084 [FXGL Background Thread 1 ] DEBUG UpdaterService       - Checking for updates
11:04:16.112 [FXGL Background Thread 4 ] DEBUG FXGLApplication      - Loading fonts
11:04:16.112 [FXGL Background Thread 1 ] DEBUG FXGLApplication      - Loading default localization
11:04:16.112 [FXGL Background Thread 4 ] DEBUG FXGLAssetLoaderServi - Loading from file system: jar:file:///C:/Users/mbour/.m2/repository/com/github/almasb/fxgl/17/fxgl-17.jar!/fxglassets/ui/fonts/VarelaRound-Regular.ttf
11:04:16.113 [FXGL Background Thread 1 ] DEBUG FXGLAssetLoaderServi - Loading from file system: jar:file:///C:/Users/mbour/.m2/repository/com/github/almasb/fxgl/17/fxgl-17.jar!/fxglassets/languages/english.lang
11:04:16.132 [FXGL Background Thread 1 ] INFO  FXGLApplication      - FXGL initialization took: 0,431 sec
11:04:16.147 [JavaFX Application Thread] DEBUG Input                - Registered new binding: getPosition - P
11:04:16.147 [JavaFX Application Thread] DEBUG Input                - Registered new binding: zoom+ - Up
11:04:16.147 [JavaFX Application Thread] DEBUG Input                - Registered new binding: zoom- - Down
11:04:16.147 [JavaFX Application Thread] DEBUG Input                - Registered new binding: resetZoom - 0
11:04:16.147 [JavaFX Application Thread] DEBUG Input                - Registered new binding: Move right - D
11:04:16.148 [JavaFX Application Thread] DEBUG Input                - Registered new binding: Move left - A
11:04:16.148 [JavaFX Application Thread] DEBUG Input                - Registered new binding: Move Up - W
11:04:16.148 [JavaFX Application Thread] DEBUG Input                - Registered new binding: Move Down - S
11:04:16.149 [JavaFX Application Thread] DEBUG FXGLAssetLoaderServi - Loading from file system: jar:file:///C:/Users/mbour/.m2/repository/com/github/almasb/fxgl/17/fxgl-17.jar!/fxglassets/textures/fxgl_icon.png
11:04:16.159 [FXGL Background Thread 4 ] DEBUG FXGLAssetLoaderServi - Loading from file system: jar:file:///C:/Users/mbour/.m2/repository/com/github/almasb/fxgl/17/fxgl-17.jar!/fxglassets/ui/fonts/Abel-Regular.ttf
11:04:16.171 [FXGL Background Thread 4 ] DEBUG FXGLAssetLoaderServi - Loading from file system: jar:file:///C:/Users/mbour/.m2/repository/com/github/almasb/fxgl/17/fxgl-17.jar!/fxglassets/ui/fonts/TerminalLandMono-Regular.otf
11:04:16.171 [JavaFX Application Thread] DEBUG FXGLAssetLoaderServi - Loading from file system: jar:file:///C:/Users/mbour/.m2/repository/com/github/almasb/fxgl/17/fxgl-17.jar!/fxglassets/textures/fxgl_default_cursor.png
11:04:16.176 [JavaFX Application Thread] DEBUG Input                - Registered new binding: Screenshot - CTRL+8
11:04:16.176 [JavaFX Application Thread] DEBUG Input                - Registered new binding: Dev Options - 1
11:04:16.177 [JavaFX Application Thread] DEBUG Input                - Registered new binding: Dev Console - 2
11:04:16.178 [JavaFX Application Thread] DEBUG Input                - Registered new binding: System info dump - CTRL+9
11:04:16.178 [JavaFX Application Thread] DEBUG Input                - Registered new binding: Restart - CTRL+R
11:04:16.179 [JavaFX Application Thread] DEBUG Input                - Registered new binding: Toggle Debug Camera - CTRL+7
11:04:16.182 [JavaFX Application Thread] DEBUG LoopRunner           - Starting loop
11:04:16.185 [FXGL Background Thread 4 ] DEBUG FXGLAssetLoaderServi - Loading from file system: jar:file:///C:/Users/mbour/.m2/repository/com/github/almasb/fxgl/17/fxgl-17.jar!/fxglassets/ui/fonts/Courier-Prime.ttf
11:04:16.197 [JavaFX Application Thread] DEBUG LoopRunner           - Initializing JavaFX AnimationTimerLoop
11:04:16.200 [JavaFX Application Thread] DEBUG Input                - Clearing active input actions
11:04:16.212 [JavaFX Application Thread] DEBUG GameApplicationServi - Removing overlay from FXGLStartupScene and adding to FXGLMainMenuDummyScene
11:04:16.218 [JavaFX Application Thread] DEBUG PrimaryStageWindow   - FXGLStartupScene -> FXGLMainMenuDummyScene
11:04:16.218 [JavaFX Application Thread] DEBUG PrimaryStageWindow   - Push state: FXGLDefaultMenu
11:04:16.224 [JavaFX Application Thread] DEBUG Input                - Clearing active input actions
11:04:16.234 [JavaFX Application Thread] DEBUG GameApplicationServi - Removing overlay from FXGLMainMenuDummyScene and adding to FXGLDefaultMenu
11:04:16.235 [JavaFX Application Thread] DEBUG PrimaryStageWindow   - FXGLMainMenuDummyScene -> FXGLDefaultMenu
11:04:16.503 [JavaFX Application Thread] DEBUG FXGLApplication      - Registering font factories with UI factory
11:04:16.628 [FXGL Background Thread 2 ] INFO  UpdaterService       - Your current version:  17
11:04:16.628 [FXGL Background Thread 2 ] INFO  UpdaterService       - Latest stable version: 21
11:04:17.262 [JavaFX Application Thread] DEBUG Menu                 - fireNewGame()
11:04:17.262 [JavaFX Application Thread] DEBUG GameApplicationServi - Starting new game
11:04:17.264 [JavaFX Application Thread] DEBUG PrimaryStageWindow   - Pop state: FXGLDefaultMenu
11:04:17.264 [JavaFX Application Thread] DEBUG Input                - Clearing active input actions
11:04:17.266 [JavaFX Application Thread] DEBUG GameApplicationServi - Removing overlay from FXGLDefaultMenu and adding to FXGLMainMenuDummyScene
11:04:17.269 [JavaFX Application Thread] DEBUG PrimaryStageWindow   - FXGLMainMenuDummyScene <- FXGLDefaultMenu
11:04:17.269 [JavaFX Application Thread] DEBUG Input                - Clearing active input actions
11:04:17.278 [JavaFX Application Thread] DEBUG GameApplicationServi - Removing overlay from FXGLMainMenuDummyScene and adding to FXGLLoadingScene
11:04:17.279 [JavaFX Application Thread] DEBUG PrimaryStageWindow   - FXGLMainMenuDummyScene -> FXGLLoadingScene
11:04:17.279 [JavaFX Application Thread] DEBUG GameApplicationServi - Clearing previous game
11:04:17.280 [JavaFX Application Thread] DEBUG GameScene            - Clearing game scene
11:04:17.280 [JavaFX Application Thread] DEBUG GameWorld            - Clearing game world
11:04:17.280 [JavaFX Application Thread] DEBUG PhysicsWorld         - Clearing physics world
11:04:17.282 [FXGL Background Thread 2 ] DEBUG FXGLApplication      - Initializing game
11:04:17.339 [FXGL Background Thread 2 ] WARN  TMXLevelLoader       - TiledMap generated from 1.10.2. Supported version: 1.2.3. Some features may not be parsed fully.
11:04:17.350 [FXGL Background Thread 2 ] DEBUG TMXLevelLoader       - Parsed TiledMap: file:/C:/Users/mbour/OneDrive/Bureau/Zelda%20TOTK%20WINRAR/zeldaPuzzle/target/classes/assets/levels/StartingMap.tmx
11:04:17.351 [FXGL Background Thread 2 ] DEBUG TMXLevelLoader       - Creating tile layer entities
11:04:17.353 [FXGL Background Thread 2 ] DEBUG TilesetLoader        - Loading view for layer Calque de Tuiles 1
11:04:17.363 [FXGL Background Thread 2 ] DEBUG TilesetLoader        - Created buffer with size 1920.0x1920.0
11:04:17.377 [FXGL Background Thread 2 ] DEBUG TilesetLoader        - Loading view for layer Calque de Tuiles 2
11:04:17.389 [FXGL Background Thread 2 ] DEBUG TilesetLoader        - Created buffer with size 1920.0x1920.0
11:04:17.400 [FXGL Background Thread 2 ] DEBUG TilesetLoader        - Loading view for layer Calque de Tuiles 3
11:04:17.410 [FXGL Background Thread 2 ] DEBUG TilesetLoader        - Created buffer with size 1920.0x1920.0
11:04:17.414 [FXGL Background Thread 2 ] DEBUG TMXLevelLoader       - Creating object layer entities
11:04:17.435 [FXGL Background Thread 2 ] DEBUG GameWorld            - Clearing removable entities
11:04:17.436 [FXGL Background Thread 2 ] DEBUG GameWorld            - Setting level: com.almasb.fxgl.entity.level.Level@7db72e41
11:04:17.450 [FXGL Background Thread 2 ] WARN  GameWorld            - Entity is already attached to world
11:04:17.485 [FXGL Background Thread 2 ] WARN  GameWorld            - Entity is already attached to world
11:04:17.486 [FXGL Background Thread 2 ] INFO  FXGLApplication      - Game initialization took: 0,203 sec
11:04:17.487 [JavaFX Application Thread] DEBUG Input                - Clearing active input actions
11:04:17.494 [JavaFX Application Thread] DEBUG GameApplicationServi - Removing overlay from FXGLLoadingScene and adding to GameScene
11:04:17.496 [JavaFX Application Thread] DEBUG PrimaryStageWindow   - FXGLLoadingScene -> GameScene
11:04:19.110 [FXGL Background Thread 3 ] DEBUG Engine               - Logging environment variables
11:04:19.110 [FXGL Background Thread 3 ] DEBUG Engine               - achievements: []
11:04:19.110 [FXGL Background Thread 3 ] DEBUG Engine               - actualHeight: 800.0
11:04:19.110 [FXGL Background Thread 3 ] DEBUG Engine               - actualHeightProperty: ReadOnlyDoubleProperty [value: 800.0]
11:04:19.110 [FXGL Background Thread 3 ] DEBUG Engine               - actualWidth: 800.0
11:04:19.110 [FXGL Background Thread 3 ] DEBUG Engine               - actualWidthProperty: ReadOnlyDoubleProperty [value: 800.0]
11:04:19.110 [FXGL Background Thread 3 ] DEBUG Engine               - appIcon: fxgl_icon.png
11:04:19.110 [FXGL Background Thread 3 ] DEBUG Engine               - applicationMode: DEVELOPER
11:04:19.111 [FXGL Background Thread 3 ] DEBUG Engine               - cSSList: [fxgl_dark.css]
11:04:19.111 [FXGL Background Thread 3 ] DEBUG Engine               - collisionDetectionStrategy: BRUTE_FORCE
11:04:19.111 [FXGL Background Thread 3 ] DEBUG Engine               - configClass: Optional.empty
11:04:19.111 [FXGL Background Thread 3 ] DEBUG Engine               - credits: []
11:04:19.111 [FXGL Background Thread 3 ] DEBUG Engine               - defaultCursor: CursorInfo(imageName=fxgl_default_cursor.png, hotspotX=7.0, hotspotY=6.0)
11:04:19.111 [FXGL Background Thread 3 ] DEBUG Engine               - devBBoxColorProperty: ObjectProperty [value: 0xff0000ff]
11:04:19.111 [FXGL Background Thread 3 ] DEBUG Engine               - devEnableDebugCameraProperty: BooleanProperty [value: false]
11:04:19.111 [FXGL Background Thread 3 ] DEBUG Engine               - devSensorColorProperty: ObjectProperty [value: 0xffff00ff]
11:04:19.111 [FXGL Background Thread 3 ] DEBUG Engine               - devShowBBoxProperty: BooleanProperty [value: false]
11:04:19.111 [FXGL Background Thread 3 ] DEBUG Engine               - devShowPositionProperty: BooleanProperty [value: false]
11:04:19.112 [FXGL Background Thread 3 ] DEBUG Engine               - enabledMenuItems: []
11:04:19.112 [FXGL Background Thread 3 ] DEBUG Engine               - engineServices: [class com.almasb.fxgl.app.services.FXGLAssetLoaderService, class com.almasb.fxgl.app.FXGLApplication$GameApplicationService, class com.almasb.fxgl.app.services.FXGLDialogService, class com.almasb.fxgl.app.services.IOTaskExecutorService, class com.almasb.fxgl.io.FileSystemService, class com.almasb.fxgl.localization.LocalizationService, class com.almasb.fxgl.app.services.SystemBundleService, class com.almasb.fxgl.profile.SaveLoadService, class com.almasb.fxgl.ui.FXGLUIFactoryServiceProvider, class com.almasb.fxgl.ui.FXGLDialogFactoryServiceProvider, class com.almasb.fxgl.audio.AudioPlayer, class com.almasb.fxgl.notification.impl.NotificationServiceProvider, class com.almasb.fxgl.achievement.AchievementService, class com.almasb.fxgl.cutscene.CutsceneService, class com.almasb.fxgl.minigames.MiniGameService, class com.almasb.fxgl.net.NetService, class com.almasb.fxgl.app.services.UpdaterService, class com.almasb.fxgl.dev.DevService]
11:04:19.112 [FXGL Background Thread 3 ] DEBUG Engine               - fontGame: Abel-Regular.ttf
11:04:19.112 [FXGL Background Thread 3 ] DEBUG Engine               - fontMono: TerminalLandMono-Regular.otf
11:04:19.112 [FXGL Background Thread 3 ] DEBUG Engine               - fontText: Courier-Prime.ttf
11:04:19.112 [FXGL Background Thread 3 ] DEBUG Engine               - fontUI: VarelaRound-Regular.ttf
11:04:19.112 [FXGL Background Thread 3 ] DEBUG Engine               - fullScreen: BooleanProperty [value: false]
11:04:19.112 [FXGL Background Thread 3 ] DEBUG Engine               - gameDifficulty: MEDIUM
11:04:19.112 [FXGL Background Thread 3 ] DEBUG Engine               - gameDifficultyProperty: ObjectProperty [value: MEDIUM]
11:04:19.112 [FXGL Background Thread 3 ] DEBUG Engine               - globalMusicVolume: 0.5
11:04:19.112 [FXGL Background Thread 3 ] DEBUG Engine               - globalMusicVolumeProperty: DoubleProperty [value: 0.5]
11:04:19.112 [FXGL Background Thread 3 ] DEBUG Engine               - globalSoundVolume: 0.5
11:04:19.112 [FXGL Background Thread 3 ] DEBUG Engine               - globalSoundVolumeProperty: DoubleProperty [value: 0.5]
11:04:19.112 [FXGL Background Thread 3 ] DEBUG Engine               - height: 800
11:04:19.112 [FXGL Background Thread 3 ] DEBUG Engine               - is3D: false
11:04:19.113 [FXGL Background Thread 3 ] DEBUG Engine               - isAndroid: false
11:04:19.113 [FXGL Background Thread 3 ] DEBUG Engine               - isBrowser: false
11:04:19.113 [FXGL Background Thread 3 ] DEBUG Engine               - isClickFeedbackEnabled: false
11:04:19.113 [FXGL Background Thread 3 ] DEBUG Engine               - isCloseConfirmation: false
11:04:19.113 [FXGL Background Thread 3 ] DEBUG Engine               - isDesktop: true
11:04:19.113 [FXGL Background Thread 3 ] DEBUG Engine               - isDeveloperMenuEnabled: true
11:04:19.113 [FXGL Background Thread 3 ] DEBUG Engine               - isEmbedded: false
11:04:19.113 [FXGL Background Thread 3 ] DEBUG Engine               - isEntityPreloadEnabled: true
11:04:19.113 [FXGL Background Thread 3 ] DEBUG Engine               - isExperimentalTiledLargeMap: false
11:04:19.113 [FXGL Background Thread 3 ] DEBUG Engine               - isFileSystemWriteAllowed: true
11:04:19.113 [FXGL Background Thread 3 ] DEBUG Engine               - isFullScreenAllowed: false
11:04:19.113 [FXGL Background Thread 3 ] DEBUG Engine               - isFullScreenFromStart: false
11:04:19.113 [FXGL Background Thread 3 ] DEBUG Engine               - isGameMenuEnabled: true
11:04:19.113 [FXGL Background Thread 3 ] DEBUG Engine               - isIOS: false
11:04:19.113 [FXGL Background Thread 3 ] DEBUG Engine               - isIntroEnabled: false
11:04:19.113 [FXGL Background Thread 3 ] DEBUG Engine               - isLinux: false
11:04:19.113 [FXGL Background Thread 3 ] DEBUG Engine               - isMac: false
11:04:19.113 [FXGL Background Thread 3 ] DEBUG Engine               - isMainMenuEnabled: true
11:04:19.113 [FXGL Background Thread 3 ] DEBUG Engine               - isManualResizeEnabled: false
11:04:19.113 [FXGL Background Thread 3 ] DEBUG Engine               - isMobile: false
11:04:19.113 [FXGL Background Thread 3 ] DEBUG Engine               - isNative: false
11:04:19.113 [FXGL Background Thread 3 ] DEBUG Engine               - isPauseMusicWhenMinimized: true
11:04:19.113 [FXGL Background Thread 3 ] DEBUG Engine               - isPreserveResizeRatio: false
11:04:19.113 [FXGL Background Thread 3 ] DEBUG Engine               - isProfilingEnabled: false
11:04:19.113 [FXGL Background Thread 3 ] DEBUG Engine               - isScaleAffectedOnResize: true
11:04:19.113 [FXGL Background Thread 3 ] DEBUG Engine               - isSingleStep: false
11:04:19.114 [FXGL Background Thread 3 ] DEBUG Engine               - isUserProfileEnabled: false
11:04:19.114 [FXGL Background Thread 3 ] DEBUG Engine               - isWindows: true
11:04:19.114 [FXGL Background Thread 3 ] DEBUG Engine               - language: ObjectProperty [value: ENGLISH]
11:04:19.114 [FXGL Background Thread 3 ] DEBUG Engine               - menuKey: ESCAPE
11:04:19.114 [FXGL Background Thread 3 ] DEBUG Engine               - mouseSensitivity: 0.2
11:04:19.114 [FXGL Background Thread 3 ] DEBUG Engine               - notificationViewClass: class com.almasb.fxgl.notification.view.XboxNotificationView
11:04:19.114 [FXGL Background Thread 3 ] DEBUG Engine               - pixelsPerMeter: 50.0
11:04:19.114 [FXGL Background Thread 3 ] DEBUG Engine               - platform: WINDOWS
11:04:19.114 [FXGL Background Thread 3 ] DEBUG Engine               - prefHeightProperty: ReadOnlyDoubleProperty [value: 800.0]
11:04:19.114 [FXGL Background Thread 3 ] DEBUG Engine               - prefWidthProperty: ReadOnlyDoubleProperty [value: 800.0]
11:04:19.114 [FXGL Background Thread 3 ] DEBUG Engine               - profileDir: profiles/
11:04:19.114 [FXGL Background Thread 3 ] DEBUG Engine               - profileName: StringProperty [value: DEFAULT]
11:04:19.114 [FXGL Background Thread 3 ] DEBUG Engine               - randomSeed: -1
11:04:19.114 [FXGL Background Thread 3 ] DEBUG Engine               - runtimeInfo: RuntimeInfo(platform=WINDOWS, version=17, build=31.12.2021 18.16)
11:04:19.114 [FXGL Background Thread 3 ] DEBUG Engine               - saveFileExt: sav
11:04:19.114 [FXGL Background Thread 3 ] DEBUG Engine               - scaledHeightProp$fxgl: DoubleProperty [bound, value: 800.0]
11:04:19.115 [FXGL Background Thread 3 ] DEBUG Engine               - scaledWidthProp$fxgl: DoubleProperty [bound, value: 800.0]
11:04:19.115 [FXGL Background Thread 3 ] DEBUG Engine               - sceneFactory: com.almasb.fxgl.app.scene.SceneFactory@2fe10f6b
11:04:19.115 [FXGL Background Thread 3 ] DEBUG Engine               - secondsIn24h: 60
11:04:19.115 [FXGL Background Thread 3 ] DEBUG Engine               - soundMenuBack: menu/back.wav
11:04:19.115 [FXGL Background Thread 3 ] DEBUG Engine               - soundMenuPress: menu/press.wav
11:04:19.115 [FXGL Background Thread 3 ] DEBUG Engine               - soundMenuSelect: menu/select.wav
11:04:19.115 [FXGL Background Thread 3 ] DEBUG Engine               - soundNotification: core/notification.wav
11:04:19.115 [FXGL Background Thread 3 ] DEBUG Engine               - stageStyle: DECORATED
11:04:19.115 [FXGL Background Thread 3 ] DEBUG Engine               - supportedLanguages: [ENGLISH, FRENCH, GERMAN, HUNGARIAN, RUSSIAN]
11:04:19.115 [FXGL Background Thread 3 ] DEBUG Engine               - ticksPerSecond: -1
11:04:19.115 [FXGL Background Thread 3 ] DEBUG Engine               - title: Zelda 2D Game
11:04:19.115 [FXGL Background Thread 3 ] DEBUG Engine               - urlGithub: https://github.com/AlmasB/FXGL
11:04:19.115 [FXGL Background Thread 3 ] DEBUG Engine               - urlLeaderboard: http://fxgl-top.herokuapp.com/
11:04:19.115 [FXGL Background Thread 3 ] DEBUG Engine               - urlPOM: https://raw.githubusercontent.com/AlmasB/FXGL/release/README.md
11:04:19.115 [FXGL Background Thread 3 ] DEBUG Engine               - userAppClass: class com.example.zeldapuzzle.MainGameApp
11:04:19.115 [FXGL Background Thread 3 ] DEBUG Engine               - version: 1
11:04:19.115 [FXGL Background Thread 3 ] DEBUG Engine               - versionCheckDays: 7
11:04:19.116 [FXGL Background Thread 3 ] DEBUG Engine               - width: 800
11:04:19.116 [FXGL Background Thread 3 ] DEBUG Engine               - Logging services
11:04:19.116 [FXGL Background Thread 3 ] DEBUG Engine               - class com.almasb.fxgl.app.services.FXGLAssetLoaderService
11:04:19.116 [FXGL Background Thread 3 ] DEBUG Engine               - class com.almasb.fxgl.app.FXGLApplication$GameApplicationService
11:04:19.116 [FXGL Background Thread 3 ] DEBUG Engine               - class com.almasb.fxgl.app.services.FXGLDialogService
11:04:19.116 [FXGL Background Thread 3 ] DEBUG Engine               - class com.almasb.fxgl.app.services.IOTaskExecutorService
11:04:19.116 [FXGL Background Thread 3 ] DEBUG Engine               - class com.almasb.fxgl.io.FileSystemService
11:04:19.116 [FXGL Background Thread 3 ] DEBUG Engine               - class com.almasb.fxgl.localization.LocalizationService
11:04:19.116 [FXGL Background Thread 3 ] DEBUG Engine               - class com.almasb.fxgl.app.services.SystemBundleService
11:04:19.116 [FXGL Background Thread 3 ] DEBUG Engine               - class com.almasb.fxgl.profile.SaveLoadService
11:04:19.116 [FXGL Background Thread 3 ] DEBUG Engine               - class com.almasb.fxgl.ui.FXGLUIFactoryServiceProvider
11:04:19.116 [FXGL Background Thread 3 ] DEBUG Engine               - class com.almasb.fxgl.ui.FXGLDialogFactoryServiceProvider
11:04:19.116 [FXGL Background Thread 3 ] DEBUG Engine               - class com.almasb.fxgl.audio.AudioPlayer
11:04:19.116 [FXGL Background Thread 3 ] DEBUG Engine               - class com.almasb.fxgl.notification.impl.NotificationServiceProvider
11:04:19.116 [FXGL Background Thread 3 ] DEBUG Engine               - class com.almasb.fxgl.achievement.AchievementService
11:04:19.116 [FXGL Background Thread 3 ] DEBUG Engine               - class com.almasb.fxgl.cutscene.CutsceneService
11:04:19.116 [FXGL Background Thread 3 ] DEBUG Engine               - class com.almasb.fxgl.minigames.MiniGameService
11:04:19.116 [FXGL Background Thread 3 ] DEBUG Engine               - class com.almasb.fxgl.net.NetService
11:04:19.116 [FXGL Background Thread 3 ] DEBUG Engine               - class com.almasb.fxgl.app.services.UpdaterService
11:04:19.117 [FXGL Background Thread 3 ] DEBUG Engine               - class com.almasb.fxgl.dev.DevService
11:04:24.461 [JavaFX Application Thread] DEBUG PrimaryStageWindow   - Push state: FXGLDefaultMenu
11:04:24.461 [JavaFX Application Thread] DEBUG Input                - Clearing active input actions
11:04:24.462 [JavaFX Application Thread] DEBUG GameApplicationServi - Removing overlay from GameScene and adding to FXGLDefaultMenu
11:04:24.463 [JavaFX Application Thread] DEBUG PrimaryStageWindow   - GameScene -> FXGLDefaultMenu
11:04:24.885 [JavaFX Application Thread] DEBUG PrimaryStageWindow   - Pop state: FXGLDefaultMenu
11:04:24.885 [JavaFX Application Thread] DEBUG Input                - Clearing active input actions
11:04:24.885 [JavaFX Application Thread] DEBUG GameApplicationServi - Removing overlay from FXGLDefaultMenu and adding to GameScene
11:04:24.886 [JavaFX Application Thread] DEBUG PrimaryStageWindow   - GameScene <- FXGLDefaultMenu
11:08:31.382 [JavaFX Application Thread] DEBUG FXGLApplication      - Exiting FXGL
11:08:31.382 [JavaFX Application Thread] DEBUG LoopRunner           - Stopping loop
11:08:31.382 [JavaFX Application Thread] DEBUG SystemBundleService  - Saving FXGL system data
11:08:31.384 [JavaFX Application Thread] DEBUG FileSystemAccess     - Writing to: C:\Users\mbour\OneDrive\Bureau\Zelda TOTK WINRAR\zeldaPuzzle\system\fxgl.bundle
11:08:31.387 [JavaFX Application Thread] DEBUG Async                - Shutting down background threads
11:08:31.387 [JavaFX Application Thread] DEBUG PrimaryStageWindow   - Closing main window
11:08:31.402 [JavaFX Application Thread] DEBUG Logger               - Closing Logger
