08:27:03.806 [main                     ] DEBUG Logger               - Configured Logger
08:27:03.841 [main                     ] DEBUG GameApplication      - Logging settings
Title: Zelda 2D Game
Version: 1
Width: 800
Height: 800
Fullscreen: true
Intro: false
Profiling: false
Single step:false
App Mode: DEVELOPER
Menu Key: ESCAPE
Stage Style: DECORATED
Scene Factory: class com.almasb.fxgl.app.scene.SceneFactory

08:27:04.092 [JavaFX Application Thread] DEBUG FXGLApplication      - Initializing FXGL
08:27:04.098 [JavaFX Application Thread] INFO  Engine               - FXGL-17 (31.12.2021 18.16) on MAC (J:19.0.1 FX:19)
08:27:04.099 [JavaFX Application Thread] DEBUG Engine               - JRE Vendor Name: Oracle Corporation
08:27:04.099 [JavaFX Application Thread] DEBUG Engine               - Running on OS: Mac OS X version 12.5
08:27:04.099 [JavaFX Application Thread] DEBUG Engine               - Architecture: aarch64
08:27:04.099 [JavaFX Application Thread] INFO  Engine               - Source code and latest versions at: https://github.com/AlmasB/FXGL
08:27:04.100 [JavaFX Application Thread] INFO  Engine               -       Ask questions and discuss at: https://github.com/AlmasB/FXGL/discussions
08:27:04.100 [JavaFX Application Thread] INFO  Engine               -              Join the FXGL chat at: https://gitter.im/AlmasB/FXGL
08:27:04.190 [JavaFX Application Thread] DEBUG PrimaryStageWindow   - Creating a JavaFX scene
08:27:04.246 [JavaFX Application Thread] DEBUG PrimaryStageWindow   - Target settings size: 800.0 x 800.0
08:27:04.246 [JavaFX Application Thread] DEBUG PrimaryStageWindow   - Scaled scene size:    800.0 x 800.0
08:27:04.247 [JavaFX Application Thread] DEBUG PrimaryStageWindow   - Scaled ratio: (1.0, 1.0)
08:27:04.251 [JavaFX Application Thread] DEBUG PrimaryStageWindow   - Set initial scene to FXGLStartupScene
08:27:04.258 [JavaFX Application Thread] DEBUG PrimaryStageWindow   - Opening main window
08:27:04.416 [JavaFX Application Thread] DEBUG PrimaryStageWindow   - Window border size: (0.0, 28.0)
08:27:04.416 [JavaFX Application Thread] DEBUG PrimaryStageWindow   - Scaled size: 800.0 x 800.0
08:27:04.416 [JavaFX Application Thread] DEBUG PrimaryStageWindow   - Scaled ratio: (1.0, 1.0)
08:27:04.416 [JavaFX Application Thread] DEBUG PrimaryStageWindow   - Scene size: 800.0 x 800.0
08:27:04.417 [JavaFX Application Thread] DEBUG PrimaryStageWindow   - Stage size: 800.0 x 828.0
08:27:04.423 [FXGL Background Thread 1 ] DEBUG Engine               - Initializing environment variables
08:27:04.485 [FXGL Background Thread 1 ] DEBUG FXGLAssetLoaderServi - User app class for loading assets: class com.example.zeldapuzzle.MainGameApp
08:27:04.485 [FXGL Background Thread 1 ] DEBUG GameApplicationServi - Applying CSS: fxgl_dark.css
08:27:04.486 [FXGL Background Thread 1 ] DEBUG FXGLAssetLoaderServi - Loading from file system: jar:file:///Users/CHLaroche05/.m2/repository/com/github/almasb/fxgl/17/fxgl-17.jar!/fxglassets/ui/css/fxgl_dark.css
08:27:04.552 [FXGL Background Thread 1 ] DEBUG GameApplicationServi - Initializing application scenes
08:27:04.867 [FXGL Background Thread 1 ] DEBUG GameWorld            - Game world initialized
08:27:04.984 [FXGL Background Thread 1 ] DEBUG PhysicsWorld         - Physics world initialized: appHeight=800, physics.ppm=50.0
08:27:04.985 [FXGL Background Thread 1 ] DEBUG PhysicsWorld         - Using strategy: BRUTE_FORCE
08:27:04.989 [FXGL Background Thread 1 ] DEBUG GameScene            - Game scene initialized: 800x800
08:27:05.002 [FXGL Background Thread 1 ] DEBUG FXGL.DefaultMenu     - createMenuBodyMainMenu()
08:27:05.021 [FXGL Background Thread 1 ] DEBUG FXGL.DefaultMenu     - createOptionsMenu()
08:27:05.051 [FXGL Background Thread 1 ] DEBUG FXGLAssetLoaderServi - Loading from file system: jar:file:///Users/CHLaroche05/.m2/repository/com/github/almasb/fxgl/17/fxgl-17.jar!/fxglassets/textures/particles/smoke.png
08:27:05.257 [FXGL Background Thread 1 ] DEBUG FXGLAssetLoaderServi - Loading from file system: jar:file:///Users/CHLaroche05/.m2/repository/com/github/almasb/fxgl/17/fxgl-17.jar!/fxglassets/textures/particles/trace_horizontal.png
08:27:05.304 [FXGL Background Thread 1 ] DEBUG FXGL.DefaultMenu     - createMenuBodyGameMenu()
08:27:05.306 [FXGL Background Thread 1 ] DEBUG FXGL.DefaultMenu     - createOptionsMenu()
08:27:05.351 [FXGL Background Thread 1 ] DEBUG GameApplicationServi - Application scenes initialized
08:27:05.376 [FXGL Background Thread 1 ] DEBUG SystemBundleService  - Loading FXGL system data
08:27:05.388 [FXGL Background Thread 1 ] DEBUG FileSystemAccess     - Reading from: /Users/CHLaroche05/zelda/zeldaPuzzle copy/system/fxgl.bundle
08:27:05.399 [FXGL Background Thread 1 ] DEBUG SystemBundleService  - Bundle FXGL: {}
08:27:05.400 [FXGL Background Thread 1 ] DEBUG UpdaterService       - Checking for updates
08:27:05.499 [FXGL Background Thread 4 ] DEBUG FXGLApplication      - Loading fonts
08:27:05.499 [FXGL Background Thread 4 ] DEBUG FXGLAssetLoaderServi - Loading from file system: jar:file:///Users/CHLaroche05/.m2/repository/com/github/almasb/fxgl/17/fxgl-17.jar!/fxglassets/ui/fonts/VarelaRound-Regular.ttf
08:27:05.508 [FXGL Background Thread 1 ] DEBUG FXGLApplication      - Loading default localization
08:27:05.509 [FXGL Background Thread 1 ] DEBUG FXGLAssetLoaderServi - Loading from file system: jar:file:///Users/CHLaroche05/.m2/repository/com/github/almasb/fxgl/17/fxgl-17.jar!/fxglassets/languages/english.lang
08:27:05.520 [FXGL Background Thread 4 ] DEBUG FXGLAssetLoaderServi - Loading from file system: jar:file:///Users/CHLaroche05/.m2/repository/com/github/almasb/fxgl/17/fxgl-17.jar!/fxglassets/ui/fonts/Abel-Regular.ttf
08:27:05.523 [FXGL Background Thread 4 ] DEBUG FXGLAssetLoaderServi - Loading from file system: jar:file:///Users/CHLaroche05/.m2/repository/com/github/almasb/fxgl/17/fxgl-17.jar!/fxglassets/ui/fonts/TerminalLandMono-Regular.otf
08:27:05.527 [FXGL Background Thread 4 ] DEBUG FXGLAssetLoaderServi - Loading from file system: jar:file:///Users/CHLaroche05/.m2/repository/com/github/almasb/fxgl/17/fxgl-17.jar!/fxglassets/ui/fonts/Courier-Prime.ttf
08:27:05.533 [JavaFX Application Thread] DEBUG FXGLApplication      - Registering font factories with UI factory
08:27:05.568 [FXGL Background Thread 1 ] INFO  FXGLApplication      - FXGL initialization took: 1.145 sec
08:27:05.582 [JavaFX Application Thread] DEBUG Input                - Registered new binding: inventaire - Tab
08:27:05.582 [JavaFX Application Thread] DEBUG Input                - Registered new binding: getPosition - P
08:27:05.582 [JavaFX Application Thread] DEBUG Input                - Registered new binding: zoom+ - Up
08:27:05.583 [JavaFX Application Thread] DEBUG Input                - Registered new binding: zoom- - Down
08:27:05.583 [JavaFX Application Thread] DEBUG Input                - Registered new binding: resetZoom - 0
08:27:05.583 [JavaFX Application Thread] DEBUG Input                - Registered new binding: Move right - D
08:27:05.583 [JavaFX Application Thread] DEBUG Input                - Registered new binding: Move left - A
08:27:05.583 [JavaFX Application Thread] DEBUG Input                - Registered new binding: Move Up - W
08:27:05.583 [JavaFX Application Thread] DEBUG Input                - Registered new binding: Move Down - S
08:27:05.583 [JavaFX Application Thread] DEBUG Input                - Registered new binding: Jump - Space
08:27:05.584 [JavaFX Application Thread] DEBUG FXGLAssetLoaderServi - Loading from file system: jar:file:///Users/CHLaroche05/.m2/repository/com/github/almasb/fxgl/17/fxgl-17.jar!/fxglassets/textures/fxgl_icon.png
08:27:05.603 [JavaFX Application Thread] DEBUG FXGLAssetLoaderServi - Loading from file system: jar:file:///Users/CHLaroche05/.m2/repository/com/github/almasb/fxgl/17/fxgl-17.jar!/fxglassets/textures/fxgl_default_cursor.png
08:27:05.605 [JavaFX Application Thread] DEBUG Input                - Registered new binding: Screenshot - CTRL+8
08:27:05.605 [JavaFX Application Thread] DEBUG Input                - Registered new binding: Dev Options - 1
08:27:05.605 [JavaFX Application Thread] DEBUG Input                - Registered new binding: Dev Console - 2
08:27:05.606 [JavaFX Application Thread] DEBUG Input                - Registered new binding: System info dump - CTRL+9
08:27:05.606 [JavaFX Application Thread] DEBUG Input                - Registered new binding: Restart - CTRL+R
08:27:05.606 [JavaFX Application Thread] DEBUG Input                - Registered new binding: Toggle Debug Camera - CTRL+7
08:27:05.608 [JavaFX Application Thread] DEBUG LoopRunner           - Starting loop
08:27:05.641 [JavaFX Application Thread] DEBUG LoopRunner           - Initializing JavaFX AnimationTimerLoop
08:27:05.643 [JavaFX Application Thread] DEBUG Input                - Clearing active input actions
08:27:05.651 [JavaFX Application Thread] DEBUG GameApplicationServi - Removing overlay from FXGLStartupScene and adding to FXGLMainMenuDummyScene
08:27:05.655 [JavaFX Application Thread] DEBUG PrimaryStageWindow   - FXGLStartupScene -> FXGLMainMenuDummyScene
08:27:05.655 [JavaFX Application Thread] DEBUG PrimaryStageWindow   - Push state: FXGLDefaultMenu
08:27:05.660 [JavaFX Application Thread] DEBUG Input                - Clearing active input actions
08:27:05.667 [JavaFX Application Thread] DEBUG GameApplicationServi - Removing overlay from FXGLMainMenuDummyScene and adding to FXGLDefaultMenu
08:27:05.668 [JavaFX Application Thread] DEBUG PrimaryStageWindow   - FXGLMainMenuDummyScene -> FXGLDefaultMenu
08:27:06.137 [FXGL Background Thread 2 ] INFO  UpdaterService       - Your current version:  17
08:27:06.137 [FXGL Background Thread 2 ] INFO  UpdaterService       - Latest stable version: 21.1
08:27:06.807 [JavaFX Application Thread] DEBUG Menu                 - fireNewGame()
08:27:06.807 [JavaFX Application Thread] DEBUG GameApplicationServi - Starting new game
08:27:06.809 [JavaFX Application Thread] DEBUG PrimaryStageWindow   - Pop state: FXGLDefaultMenu
08:27:06.809 [JavaFX Application Thread] DEBUG Input                - Clearing active input actions
08:27:06.811 [JavaFX Application Thread] DEBUG GameApplicationServi - Removing overlay from FXGLDefaultMenu and adding to FXGLMainMenuDummyScene
08:27:06.813 [JavaFX Application Thread] DEBUG PrimaryStageWindow   - FXGLMainMenuDummyScene <- FXGLDefaultMenu
08:27:06.813 [JavaFX Application Thread] DEBUG Input                - Clearing active input actions
08:27:06.827 [JavaFX Application Thread] DEBUG GameApplicationServi - Removing overlay from FXGLMainMenuDummyScene and adding to FXGLLoadingScene
08:27:06.827 [JavaFX Application Thread] DEBUG PrimaryStageWindow   - FXGLMainMenuDummyScene -> FXGLLoadingScene
08:27:06.827 [JavaFX Application Thread] DEBUG GameApplicationServi - Clearing previous game
08:27:06.827 [JavaFX Application Thread] DEBUG GameScene            - Clearing game scene
08:27:06.828 [JavaFX Application Thread] DEBUG GameWorld            - Clearing game world
08:27:06.828 [JavaFX Application Thread] DEBUG PhysicsWorld         - Clearing physics world
08:27:06.831 [FXGL Background Thread 2 ] DEBUG FXGLApplication      - Initializing game
08:27:06.884 [FXGL Background Thread 2 ] WARN  TMXLevelLoader       - TiledMap generated from 1.10.2. Supported version: 1.2.3. Some features may not be parsed fully.
08:27:06.990 [FXGL Background Thread 2 ] DEBUG TMXLevelLoader       - Parsed TiledMap: file:/Users/CHLaroche05/zelda/zeldaPuzzle%20copy/target/classes/assets/levels/mapFinal.tmx
08:27:06.993 [FXGL Background Thread 2 ] DEBUG TMXLevelLoader       - Creating tile layer entities
08:27:06.995 [FXGL Background Thread 2 ] DEBUG TilesetLoader        - Loading view for layer background
08:27:07.013 [FXGL Background Thread 2 ] DEBUG TilesetLoader        - Created buffer with size 4800.0x4800.0
08:27:07.222 [FXGL Background Thread 2 ] DEBUG TilesetLoader        - Loading view for layer devant
08:27:07.235 [FXGL Background Thread 2 ] DEBUG TilesetLoader        - Created buffer with size 4800.0x4800.0
08:27:07.276 [FXGL Background Thread 2 ] DEBUG TilesetLoader        - Loading view for layer devant1
08:27:07.293 [FXGL Background Thread 2 ] DEBUG TilesetLoader        - Created buffer with size 4800.0x4800.0
08:27:07.320 [FXGL Background Thread 2 ] DEBUG TMXLevelLoader       - Creating object layer entities
08:27:07.368 [FXGL Background Thread 2 ] DEBUG GameWorld            - Clearing removable entities
08:27:07.369 [FXGL Background Thread 2 ] DEBUG GameWorld            - Setting level: com.almasb.fxgl.entity.level.Level@4b9a5b38
08:27:07.388 [FXGL Background Thread 2 ] WARN  GameWorld            - Entity is already attached to world
08:27:07.390 [FXGL Background Thread 2 ] WARN  GameWorld            - Entity is already attached to world
08:27:07.397 [FXGL Background Thread 2 ] INFO  FXGLApplication      - Game initialization took: 0.565 sec
08:27:07.398 [JavaFX Application Thread] DEBUG Input                - Clearing active input actions
08:27:07.405 [JavaFX Application Thread] DEBUG GameApplicationServi - Removing overlay from FXGLLoadingScene and adding to GameScene
08:27:07.407 [JavaFX Application Thread] DEBUG PrimaryStageWindow   - FXGLLoadingScene -> GameScene
08:27:08.493 [FXGL Background Thread 3 ] DEBUG Engine               - Logging environment variables
08:27:08.493 [FXGL Background Thread 3 ] DEBUG Engine               - achievements: []
08:27:08.493 [FXGL Background Thread 3 ] DEBUG Engine               - actualHeight: 800.0
08:27:08.494 [FXGL Background Thread 3 ] DEBUG Engine               - actualHeightProperty: ReadOnlyDoubleProperty [value: 800.0]
08:27:08.494 [FXGL Background Thread 3 ] DEBUG Engine               - actualWidth: 800.0
08:27:08.494 [FXGL Background Thread 3 ] DEBUG Engine               - actualWidthProperty: ReadOnlyDoubleProperty [value: 800.0]
08:27:08.494 [FXGL Background Thread 3 ] DEBUG Engine               - appIcon: fxgl_icon.png
08:27:08.494 [FXGL Background Thread 3 ] DEBUG Engine               - applicationMode: DEVELOPER
08:27:08.494 [FXGL Background Thread 3 ] DEBUG Engine               - cSSList: [fxgl_dark.css]
08:27:08.494 [FXGL Background Thread 3 ] DEBUG Engine               - collisionDetectionStrategy: BRUTE_FORCE
08:27:08.494 [FXGL Background Thread 3 ] DEBUG Engine               - configClass: Optional.empty
08:27:08.494 [FXGL Background Thread 3 ] DEBUG Engine               - credits: []
08:27:08.494 [FXGL Background Thread 3 ] DEBUG Engine               - defaultCursor: CursorInfo(imageName=fxgl_default_cursor.png, hotspotX=7.0, hotspotY=6.0)
08:27:08.494 [FXGL Background Thread 3 ] DEBUG Engine               - devBBoxColorProperty: ObjectProperty [value: 0xff0000ff]
08:27:08.494 [FXGL Background Thread 3 ] DEBUG Engine               - devEnableDebugCameraProperty: BooleanProperty [value: false]
08:27:08.495 [FXGL Background Thread 3 ] DEBUG Engine               - devSensorColorProperty: ObjectProperty [value: 0xffff00ff]
08:27:08.495 [FXGL Background Thread 3 ] DEBUG Engine               - devShowBBoxProperty: BooleanProperty [value: false]
08:27:08.495 [FXGL Background Thread 3 ] DEBUG Engine               - devShowPositionProperty: BooleanProperty [value: false]
08:27:08.495 [FXGL Background Thread 3 ] DEBUG Engine               - enabledMenuItems: []
08:27:08.495 [FXGL Background Thread 3 ] DEBUG Engine               - engineServices: [class com.almasb.fxgl.app.services.FXGLAssetLoaderService, class com.almasb.fxgl.app.FXGLApplication$GameApplicationService, class com.almasb.fxgl.app.services.FXGLDialogService, class com.almasb.fxgl.app.services.IOTaskExecutorService, class com.almasb.fxgl.io.FileSystemService, class com.almasb.fxgl.localization.LocalizationService, class com.almasb.fxgl.app.services.SystemBundleService, class com.almasb.fxgl.profile.SaveLoadService, class com.almasb.fxgl.ui.FXGLUIFactoryServiceProvider, class com.almasb.fxgl.ui.FXGLDialogFactoryServiceProvider, class com.almasb.fxgl.audio.AudioPlayer, class com.almasb.fxgl.notification.impl.NotificationServiceProvider, class com.almasb.fxgl.achievement.AchievementService, class com.almasb.fxgl.cutscene.CutsceneService, class com.almasb.fxgl.minigames.MiniGameService, class com.almasb.fxgl.net.NetService, class com.almasb.fxgl.app.services.UpdaterService, class com.almasb.fxgl.dev.DevService]
08:27:08.495 [FXGL Background Thread 3 ] DEBUG Engine               - fontGame: Abel-Regular.ttf
08:27:08.495 [FXGL Background Thread 3 ] DEBUG Engine               - fontMono: TerminalLandMono-Regular.otf
08:27:08.495 [FXGL Background Thread 3 ] DEBUG Engine               - fontText: Courier-Prime.ttf
08:27:08.495 [FXGL Background Thread 3 ] DEBUG Engine               - fontUI: VarelaRound-Regular.ttf
08:27:08.495 [FXGL Background Thread 3 ] DEBUG Engine               - fullScreen: BooleanProperty [value: false]
08:27:08.495 [FXGL Background Thread 3 ] DEBUG Engine               - gameDifficulty: MEDIUM
08:27:08.495 [FXGL Background Thread 3 ] DEBUG Engine               - gameDifficultyProperty: ObjectProperty [value: MEDIUM]
08:27:08.495 [FXGL Background Thread 3 ] DEBUG Engine               - globalMusicVolume: 0.5
08:27:08.495 [FXGL Background Thread 3 ] DEBUG Engine               - globalMusicVolumeProperty: DoubleProperty [value: 0.5]
08:27:08.495 [FXGL Background Thread 3 ] DEBUG Engine               - globalSoundVolume: 0.5
08:27:08.495 [FXGL Background Thread 3 ] DEBUG Engine               - globalSoundVolumeProperty: DoubleProperty [value: 0.5]
08:27:08.495 [FXGL Background Thread 3 ] DEBUG Engine               - height: 800
08:27:08.495 [FXGL Background Thread 3 ] DEBUG Engine               - is3D: false
08:27:08.495 [FXGL Background Thread 3 ] DEBUG Engine               - isAndroid: false
08:27:08.495 [FXGL Background Thread 3 ] DEBUG Engine               - isBrowser: false
08:27:08.495 [FXGL Background Thread 3 ] DEBUG Engine               - isClickFeedbackEnabled: false
08:27:08.495 [FXGL Background Thread 3 ] DEBUG Engine               - isCloseConfirmation: false
08:27:08.496 [FXGL Background Thread 3 ] DEBUG Engine               - isDesktop: true
08:27:08.496 [FXGL Background Thread 3 ] DEBUG Engine               - isDeveloperMenuEnabled: true
08:27:08.496 [FXGL Background Thread 3 ] DEBUG Engine               - isEmbedded: false
08:27:08.496 [FXGL Background Thread 3 ] DEBUG Engine               - isEntityPreloadEnabled: true
08:27:08.496 [FXGL Background Thread 3 ] DEBUG Engine               - isExperimentalTiledLargeMap: false
08:27:08.496 [FXGL Background Thread 3 ] DEBUG Engine               - isFileSystemWriteAllowed: true
08:27:08.496 [FXGL Background Thread 3 ] DEBUG Engine               - isFullScreenAllowed: true
08:27:08.496 [FXGL Background Thread 3 ] DEBUG Engine               - isFullScreenFromStart: false
08:27:08.496 [FXGL Background Thread 3 ] DEBUG Engine               - isGameMenuEnabled: true
08:27:08.496 [FXGL Background Thread 3 ] DEBUG Engine               - isIOS: false
08:27:08.496 [FXGL Background Thread 3 ] DEBUG Engine               - isIntroEnabled: false
08:27:08.496 [FXGL Background Thread 3 ] DEBUG Engine               - isLinux: false
08:27:08.496 [FXGL Background Thread 3 ] DEBUG Engine               - isMac: true
08:27:08.496 [FXGL Background Thread 3 ] DEBUG Engine               - isMainMenuEnabled: true
08:27:08.496 [FXGL Background Thread 3 ] DEBUG Engine               - isManualResizeEnabled: false
08:27:08.496 [FXGL Background Thread 3 ] DEBUG Engine               - isMobile: false
08:27:08.496 [FXGL Background Thread 3 ] DEBUG Engine               - isNative: false
08:27:08.496 [FXGL Background Thread 3 ] DEBUG Engine               - isPauseMusicWhenMinimized: true
08:27:08.496 [FXGL Background Thread 3 ] DEBUG Engine               - isPreserveResizeRatio: false
08:27:08.496 [FXGL Background Thread 3 ] DEBUG Engine               - isProfilingEnabled: false
08:27:08.497 [FXGL Background Thread 3 ] DEBUG Engine               - isScaleAffectedOnResize: true
08:27:08.497 [FXGL Background Thread 3 ] DEBUG Engine               - isSingleStep: false
08:27:08.497 [FXGL Background Thread 3 ] DEBUG Engine               - isUserProfileEnabled: false
08:27:08.497 [FXGL Background Thread 3 ] DEBUG Engine               - isWindows: false
08:27:08.497 [FXGL Background Thread 3 ] DEBUG Engine               - language: ObjectProperty [value: ENGLISH]
08:27:08.497 [FXGL Background Thread 3 ] DEBUG Engine               - menuKey: ESCAPE
08:27:08.497 [FXGL Background Thread 3 ] DEBUG Engine               - mouseSensitivity: 0.2
08:27:08.497 [FXGL Background Thread 3 ] DEBUG Engine               - notificationViewClass: class com.almasb.fxgl.notification.view.XboxNotificationView
08:27:08.497 [FXGL Background Thread 3 ] DEBUG Engine               - pixelsPerMeter: 50.0
08:27:08.497 [FXGL Background Thread 3 ] DEBUG Engine               - platform: MAC
08:27:08.497 [FXGL Background Thread 3 ] DEBUG Engine               - prefHeightProperty: ReadOnlyDoubleProperty [value: 800.0]
08:27:08.497 [FXGL Background Thread 3 ] DEBUG Engine               - prefWidthProperty: ReadOnlyDoubleProperty [value: 800.0]
08:27:08.497 [FXGL Background Thread 3 ] DEBUG Engine               - profileDir: profiles/
08:27:08.498 [FXGL Background Thread 3 ] DEBUG Engine               - profileName: StringProperty [value: DEFAULT]
08:27:08.498 [FXGL Background Thread 3 ] DEBUG Engine               - randomSeed: -1
08:27:08.498 [FXGL Background Thread 3 ] DEBUG Engine               - runtimeInfo: RuntimeInfo(platform=MAC, version=17, build=31.12.2021 18.16)
08:27:08.498 [FXGL Background Thread 3 ] DEBUG Engine               - saveFileExt: sav
08:27:08.498 [FXGL Background Thread 3 ] DEBUG Engine               - scaledHeightProp$fxgl: DoubleProperty [bound, value: 800.0]
08:27:08.498 [FXGL Background Thread 3 ] DEBUG Engine               - scaledWidthProp$fxgl: DoubleProperty [bound, value: 800.0]
08:27:08.498 [FXGL Background Thread 3 ] DEBUG Engine               - sceneFactory: com.almasb.fxgl.app.scene.SceneFactory@418f2c01
08:27:08.498 [FXGL Background Thread 3 ] DEBUG Engine               - secondsIn24h: 60
08:27:08.498 [FXGL Background Thread 3 ] DEBUG Engine               - soundMenuBack: menu/back.wav
08:27:08.498 [FXGL Background Thread 3 ] DEBUG Engine               - soundMenuPress: menu/press.wav
08:27:08.498 [FXGL Background Thread 3 ] DEBUG Engine               - soundMenuSelect: menu/select.wav
08:27:08.498 [FXGL Background Thread 3 ] DEBUG Engine               - soundNotification: core/notification.wav
08:27:08.498 [FXGL Background Thread 3 ] DEBUG Engine               - stageStyle: DECORATED
08:27:08.498 [FXGL Background Thread 3 ] DEBUG Engine               - supportedLanguages: [ENGLISH, FRENCH, GERMAN, HUNGARIAN, RUSSIAN]
08:27:08.498 [FXGL Background Thread 3 ] DEBUG Engine               - ticksPerSecond: -1
08:27:08.499 [FXGL Background Thread 3 ] DEBUG Engine               - title: Zelda 2D Game
08:27:08.499 [FXGL Background Thread 3 ] DEBUG Engine               - urlGithub: https://github.com/AlmasB/FXGL
08:27:08.499 [FXGL Background Thread 3 ] DEBUG Engine               - urlLeaderboard: http://fxgl-top.herokuapp.com/
08:27:08.499 [FXGL Background Thread 3 ] DEBUG Engine               - urlPOM: https://raw.githubusercontent.com/AlmasB/FXGL/release/README.md
08:27:08.499 [FXGL Background Thread 3 ] DEBUG Engine               - userAppClass: class com.example.zeldapuzzle.MainGameApp
08:27:08.499 [FXGL Background Thread 3 ] DEBUG Engine               - version: 1
08:27:08.499 [FXGL Background Thread 3 ] DEBUG Engine               - versionCheckDays: 7
08:27:08.499 [FXGL Background Thread 3 ] DEBUG Engine               - width: 800
08:27:08.499 [FXGL Background Thread 3 ] DEBUG Engine               - Logging services
08:27:08.499 [FXGL Background Thread 3 ] DEBUG Engine               - class com.almasb.fxgl.app.services.FXGLAssetLoaderService
08:27:08.499 [FXGL Background Thread 3 ] DEBUG Engine               - class com.almasb.fxgl.app.FXGLApplication$GameApplicationService
08:27:08.499 [FXGL Background Thread 3 ] DEBUG Engine               - class com.almasb.fxgl.app.services.FXGLDialogService
08:27:08.499 [FXGL Background Thread 3 ] DEBUG Engine               - class com.almasb.fxgl.app.services.IOTaskExecutorService
08:27:08.499 [FXGL Background Thread 3 ] DEBUG Engine               - class com.almasb.fxgl.io.FileSystemService
08:27:08.499 [FXGL Background Thread 3 ] DEBUG Engine               - class com.almasb.fxgl.localization.LocalizationService
08:27:08.499 [FXGL Background Thread 3 ] DEBUG Engine               - class com.almasb.fxgl.app.services.SystemBundleService
08:27:08.499 [FXGL Background Thread 3 ] DEBUG Engine               - class com.almasb.fxgl.profile.SaveLoadService
08:27:08.499 [FXGL Background Thread 3 ] DEBUG Engine               - class com.almasb.fxgl.ui.FXGLUIFactoryServiceProvider
08:27:08.499 [FXGL Background Thread 3 ] DEBUG Engine               - class com.almasb.fxgl.ui.FXGLDialogFactoryServiceProvider
08:27:08.499 [FXGL Background Thread 3 ] DEBUG Engine               - class com.almasb.fxgl.audio.AudioPlayer
08:27:08.499 [FXGL Background Thread 3 ] DEBUG Engine               - class com.almasb.fxgl.notification.impl.NotificationServiceProvider
08:27:08.499 [FXGL Background Thread 3 ] DEBUG Engine               - class com.almasb.fxgl.achievement.AchievementService
08:27:08.499 [FXGL Background Thread 3 ] DEBUG Engine               - class com.almasb.fxgl.cutscene.CutsceneService
08:27:08.499 [FXGL Background Thread 3 ] DEBUG Engine               - class com.almasb.fxgl.minigames.MiniGameService
08:27:08.499 [FXGL Background Thread 3 ] DEBUG Engine               - class com.almasb.fxgl.net.NetService
08:27:08.500 [FXGL Background Thread 3 ] DEBUG Engine               - class com.almasb.fxgl.app.services.UpdaterService
08:27:08.500 [FXGL Background Thread 3 ] DEBUG Engine               - class com.almasb.fxgl.dev.DevService
08:27:27.656 [JavaFX Application Thread] DEBUG FXGLApplication      - Exiting FXGL
08:27:27.657 [JavaFX Application Thread] DEBUG LoopRunner           - Stopping loop
08:27:27.657 [JavaFX Application Thread] DEBUG SystemBundleService  - Saving FXGL system data
08:27:27.661 [JavaFX Application Thread] DEBUG FileSystemAccess     - Writing to: /Users/CHLaroche05/zelda/zeldaPuzzle copy/system/fxgl.bundle
08:27:27.664 [JavaFX Application Thread] DEBUG Async                - Shutting down background threads
08:27:27.664 [JavaFX Application Thread] DEBUG PrimaryStageWindow   - Closing main window
08:27:27.671 [JavaFX Application Thread] DEBUG Logger               - Closing Logger
