16:29:43.261 [main                     ] DEBUG Logger               - Configured Logger
16:29:43.280 [main                     ] DEBUG GameApplication      - Logging settings
Title: Zelda 2D Game par ماستن
Version: 1
Width: 800
Height: 800
Fullscreen: true
Intro: false
Profiling: false
Single step:false
App Mode: DEVELOPER
Menu Key: ESCAPE
Stage Style: DECORATED
Scene Factory: class com.almasb.fxgl.app.scene.SceneFactory

16:29:43.345 [JavaFX Application Thread] DEBUG FXGLApplication      - Initializing FXGL
16:29:43.347 [JavaFX Application Thread] INFO  Engine               - FXGL-17 (31.12.2021 18.16) on WINDOWS (J:19.0.2 FX:19)
16:29:43.348 [JavaFX Application Thread] DEBUG Engine               - JRE Vendor Name: Amazon.com Inc.
16:29:43.348 [JavaFX Application Thread] DEBUG Engine               - Running on OS: Windows 11 version 10.0
16:29:43.348 [JavaFX Application Thread] DEBUG Engine               - Architecture: amd64
16:29:43.348 [JavaFX Application Thread] INFO  Engine               - Source code and latest versions at: https://github.com/AlmasB/FXGL
16:29:43.348 [JavaFX Application Thread] INFO  Engine               -       Ask questions and discuss at: https://github.com/AlmasB/FXGL/discussions
16:29:43.348 [JavaFX Application Thread] INFO  Engine               -              Join the FXGL chat at: https://gitter.im/AlmasB/FXGL
16:29:43.395 [JavaFX Application Thread] DEBUG PrimaryStageWindow   - Creating a JavaFX scene
16:29:43.428 [JavaFX Application Thread] DEBUG PrimaryStageWindow   - Target settings size: 800.0 x 800.0
16:29:43.428 [JavaFX Application Thread] DEBUG PrimaryStageWindow   - Scaled scene size:    800.0 x 800.0
16:29:43.428 [JavaFX Application Thread] DEBUG PrimaryStageWindow   - Scaled ratio: (1.0, 1.0)
16:29:43.429 [JavaFX Application Thread] DEBUG PrimaryStageWindow   - Set initial scene to FXGLStartupScene
16:29:43.432 [JavaFX Application Thread] DEBUG PrimaryStageWindow   - Opening main window
16:29:43.495 [JavaFX Application Thread] DEBUG PrimaryStageWindow   - Window border size: (16.0, 39.0)
16:29:43.497 [JavaFX Application Thread] DEBUG PrimaryStageWindow   - Scaled size: 800.0 x 800.0
16:29:43.497 [JavaFX Application Thread] DEBUG PrimaryStageWindow   - Scaled ratio: (1.0, 1.0)
16:29:43.497 [JavaFX Application Thread] DEBUG PrimaryStageWindow   - Scene size: 800.0 x 800.0
16:29:43.497 [JavaFX Application Thread] DEBUG PrimaryStageWindow   - Stage size: 816.0 x 839.0
16:29:43.503 [FXGL Background Thread 1 ] DEBUG Engine               - Initializing environment variables
16:29:43.560 [FXGL Background Thread 1 ] DEBUG FXGLAssetLoaderServi - User app class for loading assets: class com.example.zeldapuzzle.MainGameApp
16:29:43.561 [FXGL Background Thread 1 ] DEBUG GameApplicationServi - Applying CSS: fxgl_dark.css
16:29:43.562 [FXGL Background Thread 1 ] DEBUG FXGLAssetLoaderServi - Loading from file system: jar:file:///C:/Users/Utilisateur/.m2/repository/com/github/almasb/fxgl/17/fxgl-17.jar!/fxglassets/ui/css/fxgl_dark.css
16:29:43.618 [FXGL Background Thread 1 ] DEBUG GameApplicationServi - Initializing application scenes
16:29:43.683 [FXGL Background Thread 1 ] DEBUG GameWorld            - Game world initialized
16:29:43.752 [FXGL Background Thread 1 ] DEBUG PhysicsWorld         - Physics world initialized: appHeight=800, physics.ppm=50,0
16:29:43.753 [FXGL Background Thread 1 ] DEBUG PhysicsWorld         - Using strategy: BRUTE_FORCE
16:29:43.761 [FXGL Background Thread 1 ] DEBUG GameScene            - Game scene initialized: 800x800
16:29:43.771 [FXGL Background Thread 1 ] DEBUG FXGL.DefaultMenu     - createMenuBodyMainMenu()
16:29:43.785 [FXGL Background Thread 1 ] DEBUG FXGL.DefaultMenu     - createOptionsMenu()
16:29:43.793 [FXGL Background Thread 1 ] DEBUG FXGLAssetLoaderServi - Loading from file system: jar:file:///C:/Users/Utilisateur/.m2/repository/com/github/almasb/fxgl/17/fxgl-17.jar!/fxglassets/textures/particles/smoke.png
16:29:43.884 [FXGL Background Thread 1 ] DEBUG FXGLAssetLoaderServi - Loading from file system: jar:file:///C:/Users/Utilisateur/.m2/repository/com/github/almasb/fxgl/17/fxgl-17.jar!/fxglassets/textures/particles/trace_horizontal.png
16:29:43.898 [FXGL Background Thread 1 ] DEBUG FXGL.DefaultMenu     - createMenuBodyGameMenu()
16:29:43.898 [FXGL Background Thread 1 ] DEBUG FXGL.DefaultMenu     - createOptionsMenu()
16:29:43.909 [FXGL Background Thread 1 ] DEBUG GameApplicationServi - Application scenes initialized
16:29:43.920 [FXGL Background Thread 1 ] DEBUG SystemBundleService  - Loading FXGL system data
16:29:43.923 [FXGL Background Thread 1 ] DEBUG FileSystemAccess     - Reading from: C:\Users\Utilisateur\IdeaProjects\zeldaPuzzle\system\fxgl.bundle
16:29:43.933 [FXGL Background Thread 1 ] DEBUG SystemBundleService  - Bundle FXGL: {}
16:29:43.933 [FXGL Background Thread 1 ] DEBUG UpdaterService       - Checking for updates
16:29:43.954 [FXGL Background Thread 4 ] DEBUG FXGLApplication      - Loading fonts
16:29:43.954 [FXGL Background Thread 4 ] DEBUG FXGLAssetLoaderServi - Loading from file system: jar:file:///C:/Users/Utilisateur/.m2/repository/com/github/almasb/fxgl/17/fxgl-17.jar!/fxglassets/ui/fonts/VarelaRound-Regular.ttf
16:29:43.955 [FXGL Background Thread 1 ] DEBUG FXGLApplication      - Loading default localization
16:29:43.956 [FXGL Background Thread 1 ] DEBUG FXGLAssetLoaderServi - Loading from file system: jar:file:///C:/Users/Utilisateur/.m2/repository/com/github/almasb/fxgl/17/fxgl-17.jar!/fxglassets/languages/english.lang
16:29:44.002 [FXGL Background Thread 1 ] INFO  FXGLApplication      - FXGL initialization took: 0,500 sec
16:29:44.021 [FXGL Background Thread 4 ] DEBUG FXGLAssetLoaderServi - Loading from file system: jar:file:///C:/Users/Utilisateur/.m2/repository/com/github/almasb/fxgl/17/fxgl-17.jar!/fxglassets/ui/fonts/Abel-Regular.ttf
16:29:44.024 [JavaFX Application Thread] DEBUG Input                - Registered new binding: inventaire - Tab
16:29:44.024 [JavaFX Application Thread] DEBUG Input                - Registered new binding: getPosition - P
16:29:44.024 [JavaFX Application Thread] DEBUG Input                - Registered new binding: zoom+ - Up
16:29:44.025 [JavaFX Application Thread] DEBUG Input                - Registered new binding: zoom- - Down
16:29:44.025 [JavaFX Application Thread] DEBUG Input                - Registered new binding: resetZoom - 0
16:29:44.025 [JavaFX Application Thread] DEBUG Input                - Registered new binding: Move right - D
16:29:44.026 [JavaFX Application Thread] DEBUG Input                - Registered new binding: Move left - A
16:29:44.026 [JavaFX Application Thread] DEBUG Input                - Registered new binding: Move Up - W
16:29:44.027 [JavaFX Application Thread] DEBUG Input                - Registered new binding: Move Down - S
16:29:44.027 [JavaFX Application Thread] DEBUG FXGLAssetLoaderServi - Loading from file system: jar:file:///C:/Users/Utilisateur/.m2/repository/com/github/almasb/fxgl/17/fxgl-17.jar!/fxglassets/textures/fxgl_icon.png
16:29:44.030 [FXGL Background Thread 4 ] DEBUG FXGLAssetLoaderServi - Loading from file system: jar:file:///C:/Users/Utilisateur/.m2/repository/com/github/almasb/fxgl/17/fxgl-17.jar!/fxglassets/ui/fonts/TerminalLandMono-Regular.otf
16:29:44.037 [FXGL Background Thread 4 ] DEBUG FXGLAssetLoaderServi - Loading from file system: jar:file:///C:/Users/Utilisateur/.m2/repository/com/github/almasb/fxgl/17/fxgl-17.jar!/fxglassets/ui/fonts/Courier-Prime.ttf
16:29:44.044 [JavaFX Application Thread] DEBUG FXGLAssetLoaderServi - Loading from file system: jar:file:///C:/Users/Utilisateur/.m2/repository/com/github/almasb/fxgl/17/fxgl-17.jar!/fxglassets/textures/fxgl_default_cursor.png
16:29:44.049 [JavaFX Application Thread] DEBUG Input                - Registered new binding: Screenshot - CTRL+8
16:29:44.050 [JavaFX Application Thread] DEBUG Input                - Registered new binding: Dev Options - 1
16:29:44.051 [JavaFX Application Thread] DEBUG Input                - Registered new binding: Dev Console - 2
16:29:44.052 [JavaFX Application Thread] DEBUG Input                - Registered new binding: System info dump - CTRL+9
16:29:44.053 [JavaFX Application Thread] DEBUG Input                - Registered new binding: Restart - CTRL+R
16:29:44.054 [JavaFX Application Thread] DEBUG Input                - Registered new binding: Toggle Debug Camera - CTRL+7
16:29:44.058 [JavaFX Application Thread] DEBUG LoopRunner           - Starting loop
16:29:44.071 [JavaFX Application Thread] DEBUG LoopRunner           - Initializing JavaFX AnimationTimerLoop
16:29:44.073 [JavaFX Application Thread] DEBUG Input                - Clearing active input actions
16:29:44.079 [JavaFX Application Thread] DEBUG GameApplicationServi - Removing overlay from FXGLStartupScene and adding to FXGLMainMenuDummyScene
16:29:44.087 [JavaFX Application Thread] DEBUG PrimaryStageWindow   - FXGLStartupScene -> FXGLMainMenuDummyScene
16:29:44.087 [JavaFX Application Thread] DEBUG PrimaryStageWindow   - Push state: FXGLDefaultMenu
16:29:44.094 [JavaFX Application Thread] DEBUG Input                - Clearing active input actions
16:29:44.123 [JavaFX Application Thread] DEBUG GameApplicationServi - Removing overlay from FXGLMainMenuDummyScene and adding to FXGLDefaultMenu
16:29:44.124 [JavaFX Application Thread] DEBUG PrimaryStageWindow   - FXGLMainMenuDummyScene -> FXGLDefaultMenu
16:29:44.132 [JavaFX Application Thread] DEBUG FXGLApplication      - Registering font factories with UI factory
16:29:44.370 [FXGL Background Thread 2 ] INFO  UpdaterService       - Your current version:  17
16:29:44.370 [FXGL Background Thread 2 ] INFO  UpdaterService       - Latest stable version: 21.1
16:29:45.001 [JavaFX Application Thread] DEBUG Menu                 - fireNewGame()
16:29:45.001 [JavaFX Application Thread] DEBUG GameApplicationServi - Starting new game
16:29:45.003 [JavaFX Application Thread] DEBUG PrimaryStageWindow   - Pop state: FXGLDefaultMenu
16:29:45.003 [JavaFX Application Thread] DEBUG Input                - Clearing active input actions
16:29:45.004 [JavaFX Application Thread] DEBUG GameApplicationServi - Removing overlay from FXGLDefaultMenu and adding to FXGLMainMenuDummyScene
16:29:45.006 [JavaFX Application Thread] DEBUG PrimaryStageWindow   - FXGLMainMenuDummyScene <- FXGLDefaultMenu
16:29:45.006 [JavaFX Application Thread] DEBUG Input                - Clearing active input actions
16:29:45.014 [JavaFX Application Thread] DEBUG GameApplicationServi - Removing overlay from FXGLMainMenuDummyScene and adding to FXGLLoadingScene
16:29:45.015 [JavaFX Application Thread] DEBUG PrimaryStageWindow   - FXGLMainMenuDummyScene -> FXGLLoadingScene
16:29:45.016 [JavaFX Application Thread] DEBUG GameApplicationServi - Clearing previous game
16:29:45.016 [JavaFX Application Thread] DEBUG GameScene            - Clearing game scene
16:29:45.016 [JavaFX Application Thread] DEBUG GameWorld            - Clearing game world
16:29:45.016 [JavaFX Application Thread] DEBUG PhysicsWorld         - Clearing physics world
16:29:45.022 [FXGL Background Thread 2 ] DEBUG FXGLApplication      - Initializing game
16:29:45.085 [FXGL Background Thread 2 ] WARN  TMXLevelLoader       - TiledMap generated from 1.10.2. Supported version: 1.2.3. Some features may not be parsed fully.
16:29:45.104 [FXGL Background Thread 2 ] DEBUG TMXLevelLoader       - Parsed TiledMap: file:/C:/Users/Utilisateur/IdeaProjects/zeldaPuzzle/target/classes/assets/levels/MapDeMerde2.tmx
16:29:45.105 [FXGL Background Thread 2 ] DEBUG TMXLevelLoader       - Creating tile layer entities
16:29:45.110 [FXGL Background Thread 2 ] DEBUG TilesetLoader        - Loading view for layer Calque de Tuiles 1
16:29:45.142 [FXGL Background Thread 2 ] DEBUG TilesetLoader        - Created buffer with size 4800.0x4800.0
16:29:45.191 [FXGL Background Thread 2 ] DEBUG TMXLevelLoader       - Creating object layer entities
16:29:45.193 [FXGL Background Thread 2 ] DEBUG GameWorld            - Clearing removable entities
16:29:45.195 [FXGL Background Thread 2 ] DEBUG GameWorld            - Setting level: com.almasb.fxgl.entity.level.Level@2b51f916
16:29:45.245 [FXGL Background Thread 2 ] WARN  GameWorld            - Entity is already attached to world
16:29:45.258 [FXGL Background Thread 2 ] WARN  GameWorld            - Entity is already attached to world
16:29:45.262 [FXGL Background Thread 2 ] WARN  GameWorld            - Entity is already attached to world
16:29:45.280 [FXGL Background Thread 2 ] INFO  FXGLApplication      - Game initialization took: 0,259 sec
16:29:45.286 [JavaFX Application Thread] DEBUG Input                - Clearing active input actions
16:29:45.292 [JavaFX Application Thread] DEBUG GameApplicationServi - Removing overlay from FXGLLoadingScene and adding to GameScene
16:29:45.293 [JavaFX Application Thread] DEBUG PrimaryStageWindow   - FXGLLoadingScene -> GameScene
16:29:46.953 [FXGL Background Thread 3 ] DEBUG Engine               - Logging environment variables
16:29:46.953 [FXGL Background Thread 3 ] DEBUG Engine               - achievements: []
16:29:46.953 [FXGL Background Thread 3 ] DEBUG Engine               - actualHeight: 800.0
16:29:46.953 [FXGL Background Thread 3 ] DEBUG Engine               - actualHeightProperty: ReadOnlyDoubleProperty [value: 800.0]
16:29:46.953 [FXGL Background Thread 3 ] DEBUG Engine               - actualWidth: 800.0
16:29:46.953 [FXGL Background Thread 3 ] DEBUG Engine               - actualWidthProperty: ReadOnlyDoubleProperty [value: 800.0]
16:29:46.954 [FXGL Background Thread 3 ] DEBUG Engine               - appIcon: fxgl_icon.png
16:29:46.954 [FXGL Background Thread 3 ] DEBUG Engine               - applicationMode: DEVELOPER
16:29:46.954 [FXGL Background Thread 3 ] DEBUG Engine               - cSSList: [fxgl_dark.css]
16:29:46.954 [FXGL Background Thread 3 ] DEBUG Engine               - collisionDetectionStrategy: BRUTE_FORCE
16:29:46.954 [FXGL Background Thread 3 ] DEBUG Engine               - configClass: Optional.empty
16:29:46.954 [FXGL Background Thread 3 ] DEBUG Engine               - credits: []
16:29:46.954 [FXGL Background Thread 3 ] DEBUG Engine               - defaultCursor: CursorInfo(imageName=fxgl_default_cursor.png, hotspotX=7.0, hotspotY=6.0)
16:29:46.954 [FXGL Background Thread 3 ] DEBUG Engine               - devBBoxColorProperty: ObjectProperty [value: 0xff0000ff]
16:29:46.954 [FXGL Background Thread 3 ] DEBUG Engine               - devEnableDebugCameraProperty: BooleanProperty [value: false]
16:29:46.954 [FXGL Background Thread 3 ] DEBUG Engine               - devSensorColorProperty: ObjectProperty [value: 0xffff00ff]
16:29:46.954 [FXGL Background Thread 3 ] DEBUG Engine               - devShowBBoxProperty: BooleanProperty [value: false]
16:29:46.954 [FXGL Background Thread 3 ] DEBUG Engine               - devShowPositionProperty: BooleanProperty [value: false]
16:29:46.955 [FXGL Background Thread 3 ] DEBUG Engine               - enabledMenuItems: []
16:29:46.955 [FXGL Background Thread 3 ] DEBUG Engine               - engineServices: [class com.almasb.fxgl.app.services.FXGLAssetLoaderService, class com.almasb.fxgl.app.FXGLApplication$GameApplicationService, class com.almasb.fxgl.app.services.FXGLDialogService, class com.almasb.fxgl.app.services.IOTaskExecutorService, class com.almasb.fxgl.io.FileSystemService, class com.almasb.fxgl.localization.LocalizationService, class com.almasb.fxgl.app.services.SystemBundleService, class com.almasb.fxgl.profile.SaveLoadService, class com.almasb.fxgl.ui.FXGLUIFactoryServiceProvider, class com.almasb.fxgl.ui.FXGLDialogFactoryServiceProvider, class com.almasb.fxgl.audio.AudioPlayer, class com.almasb.fxgl.notification.impl.NotificationServiceProvider, class com.almasb.fxgl.achievement.AchievementService, class com.almasb.fxgl.cutscene.CutsceneService, class com.almasb.fxgl.minigames.MiniGameService, class com.almasb.fxgl.net.NetService, class com.almasb.fxgl.app.services.UpdaterService, class com.almasb.fxgl.dev.DevService]
16:29:46.955 [FXGL Background Thread 3 ] DEBUG Engine               - fontGame: Abel-Regular.ttf
16:29:46.955 [FXGL Background Thread 3 ] DEBUG Engine               - fontMono: TerminalLandMono-Regular.otf
16:29:46.955 [FXGL Background Thread 3 ] DEBUG Engine               - fontText: Courier-Prime.ttf
16:29:46.955 [FXGL Background Thread 3 ] DEBUG Engine               - fontUI: VarelaRound-Regular.ttf
16:29:46.955 [FXGL Background Thread 3 ] DEBUG Engine               - fullScreen: BooleanProperty [value: false]
16:29:46.955 [FXGL Background Thread 3 ] DEBUG Engine               - gameDifficulty: MEDIUM
16:29:46.955 [FXGL Background Thread 3 ] DEBUG Engine               - gameDifficultyProperty: ObjectProperty [value: MEDIUM]
16:29:46.955 [FXGL Background Thread 3 ] DEBUG Engine               - globalMusicVolume: 0.5
16:29:46.955 [FXGL Background Thread 3 ] DEBUG Engine               - globalMusicVolumeProperty: DoubleProperty [value: 0.5]
16:29:46.955 [FXGL Background Thread 3 ] DEBUG Engine               - globalSoundVolume: 0.5
16:29:46.955 [FXGL Background Thread 3 ] DEBUG Engine               - globalSoundVolumeProperty: DoubleProperty [value: 0.5]
16:29:46.955 [FXGL Background Thread 3 ] DEBUG Engine               - height: 800
16:29:46.955 [FXGL Background Thread 3 ] DEBUG Engine               - is3D: false
16:29:46.955 [FXGL Background Thread 3 ] DEBUG Engine               - isAndroid: false
16:29:46.955 [FXGL Background Thread 3 ] DEBUG Engine               - isBrowser: false
16:29:46.955 [FXGL Background Thread 3 ] DEBUG Engine               - isClickFeedbackEnabled: false
16:29:46.955 [FXGL Background Thread 3 ] DEBUG Engine               - isCloseConfirmation: false
16:29:46.955 [FXGL Background Thread 3 ] DEBUG Engine               - isDesktop: true
16:29:46.955 [FXGL Background Thread 3 ] DEBUG Engine               - isDeveloperMenuEnabled: true
16:29:46.955 [FXGL Background Thread 3 ] DEBUG Engine               - isEmbedded: false
16:29:46.955 [FXGL Background Thread 3 ] DEBUG Engine               - isEntityPreloadEnabled: true
16:29:46.955 [FXGL Background Thread 3 ] DEBUG Engine               - isExperimentalTiledLargeMap: false
16:29:46.955 [FXGL Background Thread 3 ] DEBUG Engine               - isFileSystemWriteAllowed: true
16:29:46.955 [FXGL Background Thread 3 ] DEBUG Engine               - isFullScreenAllowed: true
16:29:46.955 [FXGL Background Thread 3 ] DEBUG Engine               - isFullScreenFromStart: false
16:29:46.955 [FXGL Background Thread 3 ] DEBUG Engine               - isGameMenuEnabled: true
16:29:46.955 [FXGL Background Thread 3 ] DEBUG Engine               - isIOS: false
16:29:46.955 [FXGL Background Thread 3 ] DEBUG Engine               - isIntroEnabled: false
16:29:46.955 [FXGL Background Thread 3 ] DEBUG Engine               - isLinux: false
16:29:46.955 [FXGL Background Thread 3 ] DEBUG Engine               - isMac: false
16:29:46.955 [FXGL Background Thread 3 ] DEBUG Engine               - isMainMenuEnabled: true
16:29:46.955 [FXGL Background Thread 3 ] DEBUG Engine               - isManualResizeEnabled: false
16:29:46.955 [FXGL Background Thread 3 ] DEBUG Engine               - isMobile: false
16:29:46.955 [FXGL Background Thread 3 ] DEBUG Engine               - isNative: false
16:29:46.955 [FXGL Background Thread 3 ] DEBUG Engine               - isPauseMusicWhenMinimized: true
16:29:46.955 [FXGL Background Thread 3 ] DEBUG Engine               - isPreserveResizeRatio: false
16:29:46.955 [FXGL Background Thread 3 ] DEBUG Engine               - isProfilingEnabled: false
16:29:46.955 [FXGL Background Thread 3 ] DEBUG Engine               - isScaleAffectedOnResize: true
16:29:46.955 [FXGL Background Thread 3 ] DEBUG Engine               - isSingleStep: false
16:29:46.955 [FXGL Background Thread 3 ] DEBUG Engine               - isUserProfileEnabled: false
16:29:46.955 [FXGL Background Thread 3 ] DEBUG Engine               - isWindows: true
16:29:46.955 [FXGL Background Thread 3 ] DEBUG Engine               - language: ObjectProperty [value: ENGLISH]
16:29:46.956 [FXGL Background Thread 3 ] DEBUG Engine               - menuKey: ESCAPE
16:29:46.956 [FXGL Background Thread 3 ] DEBUG Engine               - mouseSensitivity: 0.2
16:29:46.956 [FXGL Background Thread 3 ] DEBUG Engine               - notificationViewClass: class com.almasb.fxgl.notification.view.XboxNotificationView
16:29:46.956 [FXGL Background Thread 3 ] DEBUG Engine               - pixelsPerMeter: 50.0
16:29:46.956 [FXGL Background Thread 3 ] DEBUG Engine               - platform: WINDOWS
16:29:46.956 [FXGL Background Thread 3 ] DEBUG Engine               - prefHeightProperty: ReadOnlyDoubleProperty [value: 800.0]
16:29:46.956 [FXGL Background Thread 3 ] DEBUG Engine               - prefWidthProperty: ReadOnlyDoubleProperty [value: 800.0]
16:29:46.956 [FXGL Background Thread 3 ] DEBUG Engine               - profileDir: profiles/
16:29:46.956 [FXGL Background Thread 3 ] DEBUG Engine               - profileName: StringProperty [value: DEFAULT]
16:29:46.956 [FXGL Background Thread 3 ] DEBUG Engine               - randomSeed: -1
16:29:46.956 [FXGL Background Thread 3 ] DEBUG Engine               - runtimeInfo: RuntimeInfo(platform=WINDOWS, version=17, build=31.12.2021 18.16)
16:29:46.956 [FXGL Background Thread 3 ] DEBUG Engine               - saveFileExt: sav
16:29:46.956 [FXGL Background Thread 3 ] DEBUG Engine               - scaledHeightProp$fxgl: DoubleProperty [bound, value: 800.0]
16:29:46.956 [FXGL Background Thread 3 ] DEBUG Engine               - scaledWidthProp$fxgl: DoubleProperty [bound, value: 800.0]
16:29:46.956 [FXGL Background Thread 3 ] DEBUG Engine               - sceneFactory: com.almasb.fxgl.app.scene.SceneFactory@56bcd9cc
16:29:46.956 [FXGL Background Thread 3 ] DEBUG Engine               - secondsIn24h: 60
16:29:46.957 [FXGL Background Thread 3 ] DEBUG Engine               - soundMenuBack: menu/back.wav
16:29:46.957 [FXGL Background Thread 3 ] DEBUG Engine               - soundMenuPress: menu/press.wav
16:29:46.957 [FXGL Background Thread 3 ] DEBUG Engine               - soundMenuSelect: menu/select.wav
16:29:46.957 [FXGL Background Thread 3 ] DEBUG Engine               - soundNotification: core/notification.wav
16:29:46.957 [FXGL Background Thread 3 ] DEBUG Engine               - stageStyle: DECORATED
16:29:46.957 [FXGL Background Thread 3 ] DEBUG Engine               - supportedLanguages: [ENGLISH, FRENCH, GERMAN, HUNGARIAN, RUSSIAN]
16:29:46.957 [FXGL Background Thread 3 ] DEBUG Engine               - ticksPerSecond: -1
16:29:46.957 [FXGL Background Thread 3 ] DEBUG Engine               - title: Zelda 2D Game par ماستن
16:29:46.957 [FXGL Background Thread 3 ] DEBUG Engine               - urlGithub: https://github.com/AlmasB/FXGL
16:29:46.957 [FXGL Background Thread 3 ] DEBUG Engine               - urlLeaderboard: http://fxgl-top.herokuapp.com/
16:29:46.957 [FXGL Background Thread 3 ] DEBUG Engine               - urlPOM: https://raw.githubusercontent.com/AlmasB/FXGL/release/README.md
16:29:46.957 [FXGL Background Thread 3 ] DEBUG Engine               - userAppClass: class com.example.zeldapuzzle.MainGameApp
16:29:46.957 [FXGL Background Thread 3 ] DEBUG Engine               - version: 1
16:29:46.957 [FXGL Background Thread 3 ] DEBUG Engine               - versionCheckDays: 7
16:29:46.957 [FXGL Background Thread 3 ] DEBUG Engine               - width: 800
16:29:46.957 [FXGL Background Thread 3 ] DEBUG Engine               - Logging services
16:29:46.957 [FXGL Background Thread 3 ] DEBUG Engine               - class com.almasb.fxgl.app.services.FXGLAssetLoaderService
16:29:46.957 [FXGL Background Thread 3 ] DEBUG Engine               - class com.almasb.fxgl.app.FXGLApplication$GameApplicationService
16:29:46.957 [FXGL Background Thread 3 ] DEBUG Engine               - class com.almasb.fxgl.app.services.FXGLDialogService
16:29:46.957 [FXGL Background Thread 3 ] DEBUG Engine               - class com.almasb.fxgl.app.services.IOTaskExecutorService
16:29:46.957 [FXGL Background Thread 3 ] DEBUG Engine               - class com.almasb.fxgl.io.FileSystemService
16:29:46.957 [FXGL Background Thread 3 ] DEBUG Engine               - class com.almasb.fxgl.localization.LocalizationService
16:29:46.957 [FXGL Background Thread 3 ] DEBUG Engine               - class com.almasb.fxgl.app.services.SystemBundleService
16:29:46.957 [FXGL Background Thread 3 ] DEBUG Engine               - class com.almasb.fxgl.profile.SaveLoadService
16:29:46.957 [FXGL Background Thread 3 ] DEBUG Engine               - class com.almasb.fxgl.ui.FXGLUIFactoryServiceProvider
16:29:46.957 [FXGL Background Thread 3 ] DEBUG Engine               - class com.almasb.fxgl.ui.FXGLDialogFactoryServiceProvider
16:29:46.957 [FXGL Background Thread 3 ] DEBUG Engine               - class com.almasb.fxgl.audio.AudioPlayer
16:29:46.957 [FXGL Background Thread 3 ] DEBUG Engine               - class com.almasb.fxgl.notification.impl.NotificationServiceProvider
16:29:46.957 [FXGL Background Thread 3 ] DEBUG Engine               - class com.almasb.fxgl.achievement.AchievementService
16:29:46.957 [FXGL Background Thread 3 ] DEBUG Engine               - class com.almasb.fxgl.cutscene.CutsceneService
16:29:46.957 [FXGL Background Thread 3 ] DEBUG Engine               - class com.almasb.fxgl.minigames.MiniGameService
16:29:46.957 [FXGL Background Thread 3 ] DEBUG Engine               - class com.almasb.fxgl.net.NetService
16:29:46.957 [FXGL Background Thread 3 ] DEBUG Engine               - class com.almasb.fxgl.app.services.UpdaterService
16:29:46.957 [FXGL Background Thread 3 ] DEBUG Engine               - class com.almasb.fxgl.dev.DevService
16:29:48.155 [JavaFX Application Thread] WARN  TMXLevelLoader       - TiledMap generated from 1.10.2. Supported version: 1.2.3. Some features may not be parsed fully.
16:29:48.186 [JavaFX Application Thread] DEBUG TMXLevelLoader       - Parsed TiledMap: file:/C:/Users/Utilisateur/IdeaProjects/zeldaPuzzle/target/classes/assets/levels/leDongeon.tmx
16:29:48.186 [JavaFX Application Thread] DEBUG TMXLevelLoader       - Creating tile layer entities
16:29:48.187 [JavaFX Application Thread] DEBUG TilesetLoader        - Loading view for layer BG1
16:29:48.190 [JavaFX Application Thread] DEBUG TilesetLoader        - Created buffer with size 2400.0x800.0
16:29:48.204 [JavaFX Application Thread] DEBUG TilesetLoader        - Loading view for layer BG2
16:29:48.208 [JavaFX Application Thread] DEBUG TilesetLoader        - Created buffer with size 2400.0x800.0
16:29:48.218 [JavaFX Application Thread] DEBUG TilesetLoader        - Loading view for layer BG3
16:29:48.219 [JavaFX Application Thread] DEBUG TilesetLoader        - Created buffer with size 2400.0x800.0
16:29:48.228 [JavaFX Application Thread] DEBUG TilesetLoader        - Loading view for layer BG4a
16:29:48.231 [JavaFX Application Thread] DEBUG TilesetLoader        - Created buffer with size 2400.0x800.0
16:29:48.240 [JavaFX Application Thread] DEBUG TilesetLoader        - Loading view for layer BG4b
16:29:48.244 [JavaFX Application Thread] DEBUG TilesetLoader        - Created buffer with size 2400.0x800.0
16:29:48.255 [JavaFX Application Thread] DEBUG TilesetLoader        - Loading view for layer MainBuild3
16:29:48.256 [JavaFX Application Thread] DEBUG TilesetLoader        - Created buffer with size 2400.0x800.0
16:29:48.293 [JavaFX Application Thread] DEBUG TilesetLoader        - Loading view for layer MainBuild2
16:29:48.296 [JavaFX Application Thread] DEBUG TilesetLoader        - Created buffer with size 2400.0x800.0
16:29:48.299 [JavaFX Application Thread] DEBUG TilesetLoader        - Loading view for layer MainBuild
16:29:48.300 [JavaFX Application Thread] DEBUG TilesetLoader        - Created buffer with size 2400.0x800.0
16:29:48.305 [JavaFX Application Thread] DEBUG TMXLevelLoader       - Creating object layer entities
16:29:48.317 [JavaFX Application Thread] DEBUG GameWorld            - Clearing removable entities
16:29:48.319 [JavaFX Application Thread] DEBUG GameWorld            - Setting level: com.almasb.fxgl.entity.level.Level@6b0d704b
16:29:48.325 [JavaFX Application Thread] WARN  GameWorld            - Entity is already attached to world
16:29:53.085 [JavaFX Application Thread] WARN  GameWorld            - Entity is already attached to world
16:29:55.363 [JavaFX Application Thread] WARN  GameWorld            - Entity is already attached to world
16:29:56.757 [JavaFX Application Thread] WARN  GameWorld            - Entity is already attached to world
16:29:56.940 [JavaFX Application Thread] WARN  GameWorld            - Entity is already attached to world
16:30:01.447 [JavaFX Application Thread] WARN  GameWorld            - Entity is already attached to world
16:30:02.866 [JavaFX Application Thread] WARN  GameWorld            - Entity is already attached to world
16:30:05.516 [JavaFX Application Thread] WARN  GameWorld            - Entity is already attached to world
16:30:06.616 [JavaFX Application Thread] WARN  GameWorld            - Entity is already attached to world
16:30:07.366 [JavaFX Application Thread] WARN  GameWorld            - Entity is already attached to world
16:30:07.956 [JavaFX Application Thread] WARN  GameWorld            - Entity is already attached to world
16:30:08.167 [JavaFX Application Thread] WARN  GameWorld            - Entity is already attached to world
16:30:08.367 [JavaFX Application Thread] WARN  GameWorld            - Entity is already attached to world
16:30:08.533 [JavaFX Application Thread] WARN  GameWorld            - Entity is already attached to world
16:30:08.700 [JavaFX Application Thread] WARN  GameWorld            - Entity is already attached to world
16:30:08.866 [JavaFX Application Thread] WARN  GameWorld            - Entity is already attached to world
16:30:09.051 [JavaFX Application Thread] WARN  GameWorld            - Entity is already attached to world
16:30:20.124 [JavaFX Application Thread] WARN  GameWorld            - Entity is already attached to world
16:30:22.850 [JavaFX Application Thread] WARN  GameWorld            - Entity is already attached to world
16:30:31.286 [JavaFX Application Thread] DEBUG FXGLApplication      - Exiting FXGL
16:30:31.287 [JavaFX Application Thread] DEBUG LoopRunner           - Stopping loop
16:30:31.287 [JavaFX Application Thread] DEBUG SystemBundleService  - Saving FXGL system data
16:30:31.289 [JavaFX Application Thread] DEBUG FileSystemAccess     - Writing to: C:\Users\Utilisateur\IdeaProjects\zeldaPuzzle\system\fxgl.bundle
16:30:31.291 [JavaFX Application Thread] DEBUG Async                - Shutting down background threads
16:30:31.291 [JavaFX Application Thread] DEBUG PrimaryStageWindow   - Closing main window
16:30:31.305 [JavaFX Application Thread] DEBUG Logger               - Closing Logger
