14:30:42.106 [main                     ] DEBUG Logger               - Configured Logger
14:30:42.121 [main                     ] DEBUG GameApplication      - Logging settings
Title: Zelda 2D Game par ماستن
Version: 1
Width: 800
Height: 800
Fullscreen: true
Intro: false
Profiling: false
Single step:false
App Mode: DEVELOPER
Menu Key: ESCAPE
Stage Style: DECORATED
Scene Factory: class com.almasb.fxgl.app.scene.SceneFactory

14:30:42.251 [JavaFX Application Thread] DEBUG FXGLApplication      - Initializing FXGL
14:30:42.256 [JavaFX Application Thread] INFO  Engine               - FXGL-17 (31.12.2021 18.16) on WINDOWS (J:21.0.2 FX:19)
14:30:42.256 [JavaFX Application Thread] DEBUG Engine               - JRE Vendor Name: Oracle Corporation
14:30:42.256 [JavaFX Application Thread] DEBUG Engine               - Running on OS: Windows 10 version 10.0
14:30:42.256 [JavaFX Application Thread] DEBUG Engine               - Architecture: amd64
14:30:42.256 [JavaFX Application Thread] INFO  Engine               - Source code and latest versions at: https://github.com/AlmasB/FXGL
14:30:42.257 [JavaFX Application Thread] INFO  Engine               -       Ask questions and discuss at: https://github.com/AlmasB/FXGL/discussions
14:30:42.257 [JavaFX Application Thread] INFO  Engine               -              Join the FXGL chat at: https://gitter.im/AlmasB/FXGL
14:30:42.324 [JavaFX Application Thread] DEBUG PrimaryStageWindow   - Creating a JavaFX scene
14:30:42.367 [JavaFX Application Thread] DEBUG PrimaryStageWindow   - Target settings size: 800.0 x 800.0
14:30:42.367 [JavaFX Application Thread] DEBUG PrimaryStageWindow   - Scaled scene size:    800.0 x 800.0
14:30:42.367 [JavaFX Application Thread] DEBUG PrimaryStageWindow   - Scaled ratio: (1.0, 1.0)
14:30:42.368 [JavaFX Application Thread] DEBUG PrimaryStageWindow   - Set initial scene to FXGLStartupScene
14:30:42.372 [JavaFX Application Thread] DEBUG PrimaryStageWindow   - Opening main window
14:30:42.457 [JavaFX Application Thread] DEBUG PrimaryStageWindow   - Window border size: (16.0, 39.0)
14:30:42.458 [JavaFX Application Thread] DEBUG PrimaryStageWindow   - Scaled size: 800.0 x 800.0
14:30:42.458 [JavaFX Application Thread] DEBUG PrimaryStageWindow   - Scaled ratio: (1.0, 1.0)
14:30:42.458 [JavaFX Application Thread] DEBUG PrimaryStageWindow   - Scene size: 800.0 x 800.0
14:30:42.458 [JavaFX Application Thread] DEBUG PrimaryStageWindow   - Stage size: 816.0 x 839.0
14:30:42.465 [FXGL Background Thread 1 ] DEBUG Engine               - Initializing environment variables
14:30:42.506 [FXGL Background Thread 1 ] DEBUG FXGLAssetLoaderServi - User app class for loading assets: class com.example.zeldapuzzle.MainGameApp
14:30:42.506 [FXGL Background Thread 1 ] DEBUG GameApplicationServi - Applying CSS: fxgl_dark.css
14:30:42.507 [FXGL Background Thread 1 ] DEBUG FXGLAssetLoaderServi - Loading from file system: jar:file:///C:/Users/mbour/.m2/repository/com/github/almasb/fxgl/17/fxgl-17.jar!/fxglassets/ui/css/fxgl_dark.css
14:30:42.546 [FXGL Background Thread 1 ] DEBUG GameApplicationServi - Initializing application scenes
14:30:42.575 [FXGL Background Thread 1 ] DEBUG GameWorld            - Game world initialized
14:30:42.637 [FXGL Background Thread 1 ] DEBUG PhysicsWorld         - Physics world initialized: appHeight=800, physics.ppm=50,0
14:30:42.638 [FXGL Background Thread 1 ] DEBUG PhysicsWorld         - Using strategy: BRUTE_FORCE
14:30:42.642 [FXGL Background Thread 1 ] DEBUG GameScene            - Game scene initialized: 800x800
14:30:42.654 [FXGL Background Thread 1 ] DEBUG FXGL.DefaultMenu     - createMenuBodyMainMenu()
14:30:42.669 [FXGL Background Thread 1 ] DEBUG FXGL.DefaultMenu     - createOptionsMenu()
14:30:42.677 [FXGL Background Thread 1 ] DEBUG FXGLAssetLoaderServi - Loading from file system: jar:file:///C:/Users/mbour/.m2/repository/com/github/almasb/fxgl/17/fxgl-17.jar!/fxglassets/textures/particles/smoke.png
14:30:42.755 [FXGL Background Thread 1 ] DEBUG FXGLAssetLoaderServi - Loading from file system: jar:file:///C:/Users/mbour/.m2/repository/com/github/almasb/fxgl/17/fxgl-17.jar!/fxglassets/textures/particles/trace_horizontal.png
14:30:42.769 [FXGL Background Thread 1 ] DEBUG FXGL.DefaultMenu     - createMenuBodyGameMenu()
14:30:42.770 [FXGL Background Thread 1 ] DEBUG FXGL.DefaultMenu     - createOptionsMenu()
14:30:42.785 [FXGL Background Thread 1 ] DEBUG GameApplicationServi - Application scenes initialized
14:30:42.796 [FXGL Background Thread 1 ] DEBUG SystemBundleService  - Loading FXGL system data
14:30:42.801 [FXGL Background Thread 1 ] DEBUG FileSystemAccess     - Reading from: C:\Users\mbour\OneDrive\Bureau\Zelda TOTK WINRAR\zeldaPuzzle\system\fxgl.bundle
14:30:42.810 [FXGL Background Thread 1 ] DEBUG SystemBundleService  - Bundle FXGL: {}
14:30:42.811 [FXGL Background Thread 1 ] DEBUG UpdaterService       - Checking for updates
14:30:42.836 [FXGL Background Thread 4 ] DEBUG FXGLApplication      - Loading fonts
14:30:42.837 [FXGL Background Thread 1 ] DEBUG FXGLApplication      - Loading default localization
14:30:42.837 [FXGL Background Thread 4 ] DEBUG FXGLAssetLoaderServi - Loading from file system: jar:file:///C:/Users/mbour/.m2/repository/com/github/almasb/fxgl/17/fxgl-17.jar!/fxglassets/ui/fonts/VarelaRound-Regular.ttf
14:30:42.837 [FXGL Background Thread 1 ] DEBUG FXGLAssetLoaderServi - Loading from file system: jar:file:///C:/Users/mbour/.m2/repository/com/github/almasb/fxgl/17/fxgl-17.jar!/fxglassets/languages/english.lang
14:30:42.859 [FXGL Background Thread 1 ] INFO  FXGLApplication      - FXGL initialization took: 0,392 sec
14:30:42.869 [JavaFX Application Thread] DEBUG Input                - Registered new binding: inventaire - Tab
14:30:42.869 [JavaFX Application Thread] DEBUG Input                - Registered new binding: getPosition - P
14:30:42.869 [JavaFX Application Thread] DEBUG Input                - Registered new binding: zoom+ - Up
14:30:42.869 [JavaFX Application Thread] DEBUG Input                - Registered new binding: zoom- - Down
14:30:42.870 [JavaFX Application Thread] DEBUG Input                - Registered new binding: resetZoom - 0
14:30:42.870 [JavaFX Application Thread] DEBUG Input                - Registered new binding: Move right - D
14:30:42.870 [JavaFX Application Thread] DEBUG Input                - Registered new binding: Move left - A
14:30:42.870 [JavaFX Application Thread] DEBUG Input                - Registered new binding: Move Up - W
14:30:42.871 [JavaFX Application Thread] DEBUG Input                - Registered new binding: Move Down - S
14:30:42.871 [JavaFX Application Thread] DEBUG FXGLAssetLoaderServi - Loading from file system: jar:file:///C:/Users/mbour/.m2/repository/com/github/almasb/fxgl/17/fxgl-17.jar!/fxglassets/textures/fxgl_icon.png
14:30:42.873 [FXGL Background Thread 4 ] DEBUG FXGLAssetLoaderServi - Loading from file system: jar:file:///C:/Users/mbour/.m2/repository/com/github/almasb/fxgl/17/fxgl-17.jar!/fxglassets/ui/fonts/Abel-Regular.ttf
14:30:42.883 [FXGL Background Thread 4 ] DEBUG FXGLAssetLoaderServi - Loading from file system: jar:file:///C:/Users/mbour/.m2/repository/com/github/almasb/fxgl/17/fxgl-17.jar!/fxglassets/ui/fonts/TerminalLandMono-Regular.otf
14:30:42.884 [JavaFX Application Thread] DEBUG FXGLAssetLoaderServi - Loading from file system: jar:file:///C:/Users/mbour/.m2/repository/com/github/almasb/fxgl/17/fxgl-17.jar!/fxglassets/textures/fxgl_default_cursor.png
14:30:42.886 [JavaFX Application Thread] DEBUG Input                - Registered new binding: Screenshot - CTRL+8
14:30:42.886 [JavaFX Application Thread] DEBUG Input                - Registered new binding: Dev Options - 1
14:30:42.887 [JavaFX Application Thread] DEBUG Input                - Registered new binding: Dev Console - 2
14:30:42.887 [JavaFX Application Thread] DEBUG Input                - Registered new binding: System info dump - CTRL+9
14:30:42.887 [JavaFX Application Thread] DEBUG Input                - Registered new binding: Restart - CTRL+R
14:30:42.888 [JavaFX Application Thread] DEBUG Input                - Registered new binding: Toggle Debug Camera - CTRL+7
14:30:42.891 [JavaFX Application Thread] DEBUG LoopRunner           - Starting loop
14:30:42.893 [FXGL Background Thread 4 ] DEBUG FXGLAssetLoaderServi - Loading from file system: jar:file:///C:/Users/mbour/.m2/repository/com/github/almasb/fxgl/17/fxgl-17.jar!/fxglassets/ui/fonts/Courier-Prime.ttf
14:30:42.903 [JavaFX Application Thread] DEBUG LoopRunner           - Initializing JavaFX AnimationTimerLoop
14:30:42.906 [JavaFX Application Thread] DEBUG Input                - Clearing active input actions
14:30:42.914 [JavaFX Application Thread] DEBUG GameApplicationServi - Removing overlay from FXGLStartupScene and adding to FXGLMainMenuDummyScene
14:30:42.920 [JavaFX Application Thread] DEBUG PrimaryStageWindow   - FXGLStartupScene -> FXGLMainMenuDummyScene
14:30:42.920 [JavaFX Application Thread] DEBUG PrimaryStageWindow   - Push state: FXGLDefaultMenu
14:30:42.923 [JavaFX Application Thread] DEBUG Input                - Clearing active input actions
14:30:42.931 [JavaFX Application Thread] DEBUG GameApplicationServi - Removing overlay from FXGLMainMenuDummyScene and adding to FXGLDefaultMenu
14:30:42.932 [JavaFX Application Thread] DEBUG PrimaryStageWindow   - FXGLMainMenuDummyScene -> FXGLDefaultMenu
14:30:43.116 [JavaFX Application Thread] DEBUG FXGLApplication      - Registering font factories with UI factory
14:30:43.211 [FXGL Background Thread 2 ] INFO  UpdaterService       - Your current version:  17
14:30:43.212 [FXGL Background Thread 2 ] INFO  UpdaterService       - Latest stable version: 21.1
14:30:43.587 [JavaFX Application Thread] DEBUG Menu                 - fireNewGame()
14:30:43.587 [JavaFX Application Thread] DEBUG GameApplicationServi - Starting new game
14:30:43.588 [JavaFX Application Thread] DEBUG PrimaryStageWindow   - Pop state: FXGLDefaultMenu
14:30:43.588 [JavaFX Application Thread] DEBUG Input                - Clearing active input actions
14:30:43.589 [JavaFX Application Thread] DEBUG GameApplicationServi - Removing overlay from FXGLDefaultMenu and adding to FXGLMainMenuDummyScene
14:30:43.592 [JavaFX Application Thread] DEBUG PrimaryStageWindow   - FXGLMainMenuDummyScene <- FXGLDefaultMenu
14:30:43.593 [JavaFX Application Thread] DEBUG Input                - Clearing active input actions
14:30:43.604 [JavaFX Application Thread] DEBUG GameApplicationServi - Removing overlay from FXGLMainMenuDummyScene and adding to FXGLLoadingScene
14:30:43.605 [JavaFX Application Thread] DEBUG PrimaryStageWindow   - FXGLMainMenuDummyScene -> FXGLLoadingScene
14:30:43.605 [JavaFX Application Thread] DEBUG GameApplicationServi - Clearing previous game
14:30:43.606 [JavaFX Application Thread] DEBUG GameScene            - Clearing game scene
14:30:43.606 [JavaFX Application Thread] DEBUG GameWorld            - Clearing game world
14:30:43.606 [JavaFX Application Thread] DEBUG PhysicsWorld         - Clearing physics world
14:30:43.608 [FXGL Background Thread 2 ] DEBUG FXGLApplication      - Initializing game
14:30:43.663 [FXGL Background Thread 2 ] WARN  TMXLevelLoader       - TiledMap generated from 1.10.2. Supported version: 1.2.3. Some features may not be parsed fully.
14:30:43.727 [FXGL Background Thread 2 ] DEBUG TMXLevelLoader       - Parsed TiledMap: file:/C:/Users/mbour/OneDrive/Bureau/Zelda%20TOTK%20WINRAR/zeldaPuzzle/target/classes/assets/levels/MapDeMerde2.tmx
14:30:43.728 [FXGL Background Thread 2 ] DEBUG TMXLevelLoader       - Creating tile layer entities
14:30:43.730 [FXGL Background Thread 2 ] DEBUG TilesetLoader        - Loading view for layer background
14:30:43.770 [FXGL Background Thread 2 ] DEBUG TilesetLoader        - Created buffer with size 4800.0x4800.0
14:30:43.878 [FXGL Background Thread 2 ] DEBUG TilesetLoader        - Loading view for layer devant
14:30:43.912 [FXGL Background Thread 2 ] DEBUG TilesetLoader        - Created buffer with size 4800.0x4800.0
14:30:43.962 [FXGL Background Thread 2 ] DEBUG TilesetLoader        - Loading view for layer devant1
14:30:43.994 [FXGL Background Thread 2 ] DEBUG TilesetLoader        - Created buffer with size 4800.0x4800.0
14:30:44.006 [FXGL Background Thread 2 ] DEBUG TMXLevelLoader       - Creating object layer entities
14:30:44.037 [FXGL Background Thread 2 ] DEBUG GameWorld            - Clearing removable entities
14:30:44.038 [FXGL Background Thread 2 ] DEBUG GameWorld            - Setting level: com.almasb.fxgl.entity.level.Level@d7dca65
14:30:44.054 [FXGL Background Thread 2 ] WARN  GameWorld            - Entity is already attached to world
14:30:44.056 [FXGL Background Thread 2 ] WARN  GameWorld            - Entity is already attached to world
14:30:44.060 [FXGL Background Thread 2 ] INFO  FXGLApplication      - Game initialization took: 0,452 sec
14:30:44.061 [JavaFX Application Thread] DEBUG Input                - Clearing active input actions
14:30:44.067 [JavaFX Application Thread] DEBUG GameApplicationServi - Removing overlay from FXGLLoadingScene and adding to GameScene
14:30:44.068 [JavaFX Application Thread] DEBUG PrimaryStageWindow   - FXGLLoadingScene -> GameScene
14:30:45.835 [FXGL Background Thread 3 ] DEBUG Engine               - Logging environment variables
14:30:45.835 [FXGL Background Thread 3 ] DEBUG Engine               - achievements: []
14:30:45.835 [FXGL Background Thread 3 ] DEBUG Engine               - actualHeight: 800.0
14:30:45.835 [FXGL Background Thread 3 ] DEBUG Engine               - actualHeightProperty: ReadOnlyDoubleProperty [value: 800.0]
14:30:45.835 [FXGL Background Thread 3 ] DEBUG Engine               - actualWidth: 800.0
14:30:45.835 [FXGL Background Thread 3 ] DEBUG Engine               - actualWidthProperty: ReadOnlyDoubleProperty [value: 800.0]
14:30:45.836 [FXGL Background Thread 3 ] DEBUG Engine               - appIcon: fxgl_icon.png
14:30:45.836 [FXGL Background Thread 3 ] DEBUG Engine               - applicationMode: DEVELOPER
14:30:45.836 [FXGL Background Thread 3 ] DEBUG Engine               - cSSList: [fxgl_dark.css]
14:30:45.836 [FXGL Background Thread 3 ] DEBUG Engine               - collisionDetectionStrategy: BRUTE_FORCE
14:30:45.836 [FXGL Background Thread 3 ] DEBUG Engine               - configClass: Optional.empty
14:30:45.836 [FXGL Background Thread 3 ] DEBUG Engine               - credits: []
14:30:45.836 [FXGL Background Thread 3 ] DEBUG Engine               - defaultCursor: CursorInfo(imageName=fxgl_default_cursor.png, hotspotX=7.0, hotspotY=6.0)
14:30:45.836 [FXGL Background Thread 3 ] DEBUG Engine               - devBBoxColorProperty: ObjectProperty [value: 0xff0000ff]
14:30:45.836 [FXGL Background Thread 3 ] DEBUG Engine               - devEnableDebugCameraProperty: BooleanProperty [value: false]
14:30:45.836 [FXGL Background Thread 3 ] DEBUG Engine               - devSensorColorProperty: ObjectProperty [value: 0xffff00ff]
14:30:45.836 [FXGL Background Thread 3 ] DEBUG Engine               - devShowBBoxProperty: BooleanProperty [value: false]
14:30:45.836 [FXGL Background Thread 3 ] DEBUG Engine               - devShowPositionProperty: BooleanProperty [value: false]
14:30:45.837 [FXGL Background Thread 3 ] DEBUG Engine               - enabledMenuItems: []
14:30:45.837 [FXGL Background Thread 3 ] DEBUG Engine               - engineServices: [class com.almasb.fxgl.app.services.FXGLAssetLoaderService, class com.almasb.fxgl.app.FXGLApplication$GameApplicationService, class com.almasb.fxgl.app.services.FXGLDialogService, class com.almasb.fxgl.app.services.IOTaskExecutorService, class com.almasb.fxgl.io.FileSystemService, class com.almasb.fxgl.localization.LocalizationService, class com.almasb.fxgl.app.services.SystemBundleService, class com.almasb.fxgl.profile.SaveLoadService, class com.almasb.fxgl.ui.FXGLUIFactoryServiceProvider, class com.almasb.fxgl.ui.FXGLDialogFactoryServiceProvider, class com.almasb.fxgl.audio.AudioPlayer, class com.almasb.fxgl.notification.impl.NotificationServiceProvider, class com.almasb.fxgl.achievement.AchievementService, class com.almasb.fxgl.cutscene.CutsceneService, class com.almasb.fxgl.minigames.MiniGameService, class com.almasb.fxgl.net.NetService, class com.almasb.fxgl.app.services.UpdaterService, class com.almasb.fxgl.dev.DevService]
14:30:45.837 [FXGL Background Thread 3 ] DEBUG Engine               - fontGame: Abel-Regular.ttf
14:30:45.837 [FXGL Background Thread 3 ] DEBUG Engine               - fontMono: TerminalLandMono-Regular.otf
14:30:45.837 [FXGL Background Thread 3 ] DEBUG Engine               - fontText: Courier-Prime.ttf
14:30:45.837 [FXGL Background Thread 3 ] DEBUG Engine               - fontUI: VarelaRound-Regular.ttf
14:30:45.837 [FXGL Background Thread 3 ] DEBUG Engine               - fullScreen: BooleanProperty [value: false]
14:30:45.837 [FXGL Background Thread 3 ] DEBUG Engine               - gameDifficulty: MEDIUM
14:30:45.837 [FXGL Background Thread 3 ] DEBUG Engine               - gameDifficultyProperty: ObjectProperty [value: MEDIUM]
14:30:45.837 [FXGL Background Thread 3 ] DEBUG Engine               - globalMusicVolume: 0.5
14:30:45.837 [FXGL Background Thread 3 ] DEBUG Engine               - globalMusicVolumeProperty: DoubleProperty [value: 0.5]
14:30:45.837 [FXGL Background Thread 3 ] DEBUG Engine               - globalSoundVolume: 0.5
14:30:45.837 [FXGL Background Thread 3 ] DEBUG Engine               - globalSoundVolumeProperty: DoubleProperty [value: 0.5]
14:30:45.837 [FXGL Background Thread 3 ] DEBUG Engine               - height: 800
14:30:45.837 [FXGL Background Thread 3 ] DEBUG Engine               - is3D: false
14:30:45.837 [FXGL Background Thread 3 ] DEBUG Engine               - isAndroid: false
14:30:45.837 [FXGL Background Thread 3 ] DEBUG Engine               - isBrowser: false
14:30:45.837 [FXGL Background Thread 3 ] DEBUG Engine               - isClickFeedbackEnabled: false
14:30:45.837 [FXGL Background Thread 3 ] DEBUG Engine               - isCloseConfirmation: false
14:30:45.838 [FXGL Background Thread 3 ] DEBUG Engine               - isDesktop: true
14:30:45.838 [FXGL Background Thread 3 ] DEBUG Engine               - isDeveloperMenuEnabled: true
14:30:45.838 [FXGL Background Thread 3 ] DEBUG Engine               - isEmbedded: false
14:30:45.838 [FXGL Background Thread 3 ] DEBUG Engine               - isEntityPreloadEnabled: true
14:30:45.838 [FXGL Background Thread 3 ] DEBUG Engine               - isExperimentalTiledLargeMap: false
14:30:45.838 [FXGL Background Thread 3 ] DEBUG Engine               - isFileSystemWriteAllowed: true
14:30:45.838 [FXGL Background Thread 3 ] DEBUG Engine               - isFullScreenAllowed: true
14:30:45.838 [FXGL Background Thread 3 ] DEBUG Engine               - isFullScreenFromStart: false
14:30:45.838 [FXGL Background Thread 3 ] DEBUG Engine               - isGameMenuEnabled: true
14:30:45.838 [FXGL Background Thread 3 ] DEBUG Engine               - isIOS: false
14:30:45.838 [FXGL Background Thread 3 ] DEBUG Engine               - isIntroEnabled: false
14:30:45.838 [FXGL Background Thread 3 ] DEBUG Engine               - isLinux: false
14:30:45.838 [FXGL Background Thread 3 ] DEBUG Engine               - isMac: false
14:30:45.838 [FXGL Background Thread 3 ] DEBUG Engine               - isMainMenuEnabled: true
14:30:45.838 [FXGL Background Thread 3 ] DEBUG Engine               - isManualResizeEnabled: false
14:30:45.838 [FXGL Background Thread 3 ] DEBUG Engine               - isMobile: false
14:30:45.838 [FXGL Background Thread 3 ] DEBUG Engine               - isNative: false
14:30:45.838 [FXGL Background Thread 3 ] DEBUG Engine               - isPauseMusicWhenMinimized: true
14:30:45.838 [FXGL Background Thread 3 ] DEBUG Engine               - isPreserveResizeRatio: false
14:30:45.838 [FXGL Background Thread 3 ] DEBUG Engine               - isProfilingEnabled: false
14:30:45.838 [FXGL Background Thread 3 ] DEBUG Engine               - isScaleAffectedOnResize: true
14:30:45.838 [FXGL Background Thread 3 ] DEBUG Engine               - isSingleStep: false
14:30:45.838 [FXGL Background Thread 3 ] DEBUG Engine               - isUserProfileEnabled: false
14:30:45.838 [FXGL Background Thread 3 ] DEBUG Engine               - isWindows: true
14:30:45.839 [FXGL Background Thread 3 ] DEBUG Engine               - language: ObjectProperty [value: ENGLISH]
14:30:45.839 [FXGL Background Thread 3 ] DEBUG Engine               - menuKey: ESCAPE
14:30:45.839 [FXGL Background Thread 3 ] DEBUG Engine               - mouseSensitivity: 0.2
14:30:45.839 [FXGL Background Thread 3 ] DEBUG Engine               - notificationViewClass: class com.almasb.fxgl.notification.view.XboxNotificationView
14:30:45.839 [FXGL Background Thread 3 ] DEBUG Engine               - pixelsPerMeter: 50.0
14:30:45.839 [FXGL Background Thread 3 ] DEBUG Engine               - platform: WINDOWS
14:30:45.839 [FXGL Background Thread 3 ] DEBUG Engine               - prefHeightProperty: ReadOnlyDoubleProperty [value: 800.0]
14:30:45.839 [FXGL Background Thread 3 ] DEBUG Engine               - prefWidthProperty: ReadOnlyDoubleProperty [value: 800.0]
14:30:45.839 [FXGL Background Thread 3 ] DEBUG Engine               - profileDir: profiles/
14:30:45.839 [FXGL Background Thread 3 ] DEBUG Engine               - profileName: StringProperty [value: DEFAULT]
14:30:45.839 [FXGL Background Thread 3 ] DEBUG Engine               - randomSeed: -1
14:30:45.839 [FXGL Background Thread 3 ] DEBUG Engine               - runtimeInfo: RuntimeInfo(platform=WINDOWS, version=17, build=31.12.2021 18.16)
14:30:45.839 [FXGL Background Thread 3 ] DEBUG Engine               - saveFileExt: sav
14:30:45.839 [FXGL Background Thread 3 ] DEBUG Engine               - scaledHeightProp$fxgl: DoubleProperty [bound, value: 800.0]
14:30:45.839 [FXGL Background Thread 3 ] DEBUG Engine               - scaledWidthProp$fxgl: DoubleProperty [bound, value: 800.0]
14:30:45.839 [FXGL Background Thread 3 ] DEBUG Engine               - sceneFactory: com.almasb.fxgl.app.scene.SceneFactory@2cd81036
14:30:45.839 [FXGL Background Thread 3 ] DEBUG Engine               - secondsIn24h: 60
14:30:45.839 [FXGL Background Thread 3 ] DEBUG Engine               - soundMenuBack: menu/back.wav
14:30:45.839 [FXGL Background Thread 3 ] DEBUG Engine               - soundMenuPress: menu/press.wav
14:30:45.840 [FXGL Background Thread 3 ] DEBUG Engine               - soundMenuSelect: menu/select.wav
14:30:45.840 [FXGL Background Thread 3 ] DEBUG Engine               - soundNotification: core/notification.wav
14:30:45.840 [FXGL Background Thread 3 ] DEBUG Engine               - stageStyle: DECORATED
14:30:45.840 [FXGL Background Thread 3 ] DEBUG Engine               - supportedLanguages: [ENGLISH, FRENCH, GERMAN, HUNGARIAN, RUSSIAN]
14:30:45.840 [FXGL Background Thread 3 ] DEBUG Engine               - ticksPerSecond: -1
14:30:45.840 [FXGL Background Thread 3 ] DEBUG Engine               - title: Zelda 2D Game par ماستن
14:30:45.840 [FXGL Background Thread 3 ] DEBUG Engine               - urlGithub: https://github.com/AlmasB/FXGL
14:30:45.840 [FXGL Background Thread 3 ] DEBUG Engine               - urlLeaderboard: http://fxgl-top.herokuapp.com/
14:30:45.840 [FXGL Background Thread 3 ] DEBUG Engine               - urlPOM: https://raw.githubusercontent.com/AlmasB/FXGL/release/README.md
14:30:45.840 [FXGL Background Thread 3 ] DEBUG Engine               - userAppClass: class com.example.zeldapuzzle.MainGameApp
14:30:45.840 [FXGL Background Thread 3 ] DEBUG Engine               - version: 1
14:30:45.840 [FXGL Background Thread 3 ] DEBUG Engine               - versionCheckDays: 7
14:30:45.840 [FXGL Background Thread 3 ] DEBUG Engine               - width: 800
14:30:45.840 [FXGL Background Thread 3 ] DEBUG Engine               - Logging services
14:30:45.840 [FXGL Background Thread 3 ] DEBUG Engine               - class com.almasb.fxgl.app.services.FXGLAssetLoaderService
14:30:45.840 [FXGL Background Thread 3 ] DEBUG Engine               - class com.almasb.fxgl.app.FXGLApplication$GameApplicationService
14:30:45.840 [FXGL Background Thread 3 ] DEBUG Engine               - class com.almasb.fxgl.app.services.FXGLDialogService
14:30:45.840 [FXGL Background Thread 3 ] DEBUG Engine               - class com.almasb.fxgl.app.services.IOTaskExecutorService
14:30:45.840 [FXGL Background Thread 3 ] DEBUG Engine               - class com.almasb.fxgl.io.FileSystemService
14:30:45.840 [FXGL Background Thread 3 ] DEBUG Engine               - class com.almasb.fxgl.localization.LocalizationService
14:30:45.840 [FXGL Background Thread 3 ] DEBUG Engine               - class com.almasb.fxgl.app.services.SystemBundleService
14:30:45.840 [FXGL Background Thread 3 ] DEBUG Engine               - class com.almasb.fxgl.profile.SaveLoadService
14:30:45.841 [FXGL Background Thread 3 ] DEBUG Engine               - class com.almasb.fxgl.ui.FXGLUIFactoryServiceProvider
14:30:45.841 [FXGL Background Thread 3 ] DEBUG Engine               - class com.almasb.fxgl.ui.FXGLDialogFactoryServiceProvider
14:30:45.841 [FXGL Background Thread 3 ] DEBUG Engine               - class com.almasb.fxgl.audio.AudioPlayer
14:30:45.841 [FXGL Background Thread 3 ] DEBUG Engine               - class com.almasb.fxgl.notification.impl.NotificationServiceProvider
14:30:45.841 [FXGL Background Thread 3 ] DEBUG Engine               - class com.almasb.fxgl.achievement.AchievementService
14:30:45.841 [FXGL Background Thread 3 ] DEBUG Engine               - class com.almasb.fxgl.cutscene.CutsceneService
14:30:45.841 [FXGL Background Thread 3 ] DEBUG Engine               - class com.almasb.fxgl.minigames.MiniGameService
14:30:45.841 [FXGL Background Thread 3 ] DEBUG Engine               - class com.almasb.fxgl.net.NetService
14:30:45.841 [FXGL Background Thread 3 ] DEBUG Engine               - class com.almasb.fxgl.app.services.UpdaterService
14:30:45.841 [FXGL Background Thread 3 ] DEBUG Engine               - class com.almasb.fxgl.dev.DevService
14:31:18.178 [JavaFX Application Thread] DEBUG FXGLApplication      - Exiting FXGL
14:31:18.178 [JavaFX Application Thread] DEBUG LoopRunner           - Stopping loop
14:31:18.178 [JavaFX Application Thread] DEBUG SystemBundleService  - Saving FXGL system data
14:31:18.180 [JavaFX Application Thread] DEBUG FileSystemAccess     - Writing to: C:\Users\mbour\OneDrive\Bureau\Zelda TOTK WINRAR\zeldaPuzzle\system\fxgl.bundle
14:31:18.182 [JavaFX Application Thread] DEBUG Async                - Shutting down background threads
14:31:18.182 [JavaFX Application Thread] DEBUG PrimaryStageWindow   - Closing main window
14:31:18.190 [JavaFX Application Thread] DEBUG Logger               - Closing Logger
