15:30:34.432 [main                     ] DEBUG Logger               - Configured Logger
15:30:34.447 [main                     ] DEBUG GameApplication      - Logging settings
Title: Zelda 2D Game
Version: 1
Width: 800
Height: 800
Fullscreen: true
Intro: false
Profiling: false
Single step:false
App Mode: DEVELOPER
Menu Key: ESCAPE
Stage Style: DECORATED
Scene Factory: class com.almasb.fxgl.app.scene.SceneFactory

15:30:34.576 [JavaFX Application Thread] DEBUG FXGLApplication      - Initializing FXGL
15:30:34.580 [JavaFX Application Thread] INFO  Engine               - FXGL-17 (31.12.2021 18.16) on WINDOWS (J:21.0.2 FX:19)
15:30:34.580 [JavaFX Application Thread] DEBUG Engine               - JRE Vendor Name: Oracle Corporation
15:30:34.581 [JavaFX Application Thread] DEBUG Engine               - Running on OS: Windows 10 version 10.0
15:30:34.581 [JavaFX Application Thread] DEBUG Engine               - Architecture: amd64
15:30:34.581 [JavaFX Application Thread] INFO  Engine               - Source code and latest versions at: https://github.com/AlmasB/FXGL
15:30:34.581 [JavaFX Application Thread] INFO  Engine               -       Ask questions and discuss at: https://github.com/AlmasB/FXGL/discussions
15:30:34.581 [JavaFX Application Thread] INFO  Engine               -              Join the FXGL chat at: https://gitter.im/AlmasB/FXGL
15:30:34.648 [JavaFX Application Thread] DEBUG PrimaryStageWindow   - Creating a JavaFX scene
15:30:34.693 [JavaFX Application Thread] DEBUG PrimaryStageWindow   - Target settings size: 800.0 x 800.0
15:30:34.693 [JavaFX Application Thread] DEBUG PrimaryStageWindow   - Scaled scene size:    800.0 x 800.0
15:30:34.694 [JavaFX Application Thread] DEBUG PrimaryStageWindow   - Scaled ratio: (1.0, 1.0)
15:30:34.695 [JavaFX Application Thread] DEBUG PrimaryStageWindow   - Set initial scene to FXGLStartupScene
15:30:34.700 [JavaFX Application Thread] DEBUG PrimaryStageWindow   - Opening main window
15:30:34.786 [JavaFX Application Thread] DEBUG PrimaryStageWindow   - Window border size: (16.0, 39.0)
15:30:34.787 [JavaFX Application Thread] DEBUG PrimaryStageWindow   - Scaled size: 800.0 x 800.0
15:30:34.787 [JavaFX Application Thread] DEBUG PrimaryStageWindow   - Scaled ratio: (1.0, 1.0)
15:30:34.787 [JavaFX Application Thread] DEBUG PrimaryStageWindow   - Scene size: 800.0 x 800.0
15:30:34.787 [JavaFX Application Thread] DEBUG PrimaryStageWindow   - Stage size: 816.0 x 839.0
15:30:34.796 [FXGL Background Thread 1 ] DEBUG Engine               - Initializing environment variables
15:30:34.844 [FXGL Background Thread 1 ] DEBUG FXGLAssetLoaderServi - User app class for loading assets: class com.example.zeldapuzzle.MainGameApp
15:30:34.844 [FXGL Background Thread 1 ] DEBUG GameApplicationServi - Applying CSS: fxgl_dark.css
15:30:34.845 [FXGL Background Thread 1 ] DEBUG FXGLAssetLoaderServi - Loading from file system: jar:file:///C:/Users/mbour/.m2/repository/com/github/almasb/fxgl/17/fxgl-17.jar!/fxglassets/ui/css/fxgl_dark.css
15:30:34.887 [FXGL Background Thread 1 ] DEBUG GameApplicationServi - Initializing application scenes
15:30:34.927 [FXGL Background Thread 1 ] DEBUG GameWorld            - Game world initialized
15:30:34.989 [FXGL Background Thread 1 ] DEBUG PhysicsWorld         - Physics world initialized: appHeight=800, physics.ppm=50,0
15:30:34.989 [FXGL Background Thread 1 ] DEBUG PhysicsWorld         - Using strategy: BRUTE_FORCE
15:30:34.994 [FXGL Background Thread 1 ] DEBUG GameScene            - Game scene initialized: 800x800
15:30:35.006 [FXGL Background Thread 1 ] DEBUG FXGL.DefaultMenu     - createMenuBodyMainMenu()
15:30:35.019 [FXGL Background Thread 1 ] DEBUG FXGL.DefaultMenu     - createOptionsMenu()
15:30:35.028 [FXGL Background Thread 1 ] DEBUG FXGLAssetLoaderServi - Loading from file system: jar:file:///C:/Users/mbour/.m2/repository/com/github/almasb/fxgl/17/fxgl-17.jar!/fxglassets/textures/particles/smoke.png
15:30:35.103 [FXGL Background Thread 1 ] DEBUG FXGLAssetLoaderServi - Loading from file system: jar:file:///C:/Users/mbour/.m2/repository/com/github/almasb/fxgl/17/fxgl-17.jar!/fxglassets/textures/particles/trace_horizontal.png
15:30:35.120 [FXGL Background Thread 1 ] DEBUG FXGL.DefaultMenu     - createMenuBodyGameMenu()
15:30:35.121 [FXGL Background Thread 1 ] DEBUG FXGL.DefaultMenu     - createOptionsMenu()
15:30:35.135 [FXGL Background Thread 1 ] DEBUG GameApplicationServi - Application scenes initialized
15:30:35.146 [FXGL Background Thread 1 ] DEBUG SystemBundleService  - Loading FXGL system data
15:30:35.150 [FXGL Background Thread 1 ] DEBUG FileSystemAccess     - Reading from: C:\Users\mbour\OneDrive\Bureau\Zelda TOTK WINRAR\zeldaPuzzle\system\fxgl.bundle
15:30:35.162 [FXGL Background Thread 1 ] DEBUG SystemBundleService  - Bundle FXGL: {}
15:30:35.162 [FXGL Background Thread 1 ] DEBUG UpdaterService       - Checking for updates
15:30:35.187 [FXGL Background Thread 4 ] DEBUG FXGLApplication      - Loading fonts
15:30:35.187 [FXGL Background Thread 1 ] DEBUG FXGLApplication      - Loading default localization
15:30:35.187 [FXGL Background Thread 4 ] DEBUG FXGLAssetLoaderServi - Loading from file system: jar:file:///C:/Users/mbour/.m2/repository/com/github/almasb/fxgl/17/fxgl-17.jar!/fxglassets/ui/fonts/VarelaRound-Regular.ttf
15:30:35.187 [FXGL Background Thread 1 ] DEBUG FXGLAssetLoaderServi - Loading from file system: jar:file:///C:/Users/mbour/.m2/repository/com/github/almasb/fxgl/17/fxgl-17.jar!/fxglassets/languages/english.lang
15:30:35.205 [FXGL Background Thread 1 ] INFO  FXGLApplication      - FXGL initialization took: 0,410 sec
15:30:35.218 [JavaFX Application Thread] DEBUG Input                - Registered new binding: inventaire - Tab
15:30:35.218 [JavaFX Application Thread] DEBUG Input                - Registered new binding: getPosition - P
15:30:35.218 [JavaFX Application Thread] DEBUG Input                - Registered new binding: zoom+ - Up
15:30:35.218 [JavaFX Application Thread] DEBUG Input                - Registered new binding: zoom- - Down
15:30:35.218 [JavaFX Application Thread] DEBUG Input                - Registered new binding: resetZoom - 0
15:30:35.219 [JavaFX Application Thread] DEBUG Input                - Registered new binding: Move right - D
15:30:35.219 [JavaFX Application Thread] DEBUG Input                - Registered new binding: Move left - A
15:30:35.219 [JavaFX Application Thread] DEBUG Input                - Registered new binding: Move Up - W
15:30:35.220 [JavaFX Application Thread] DEBUG Input                - Registered new binding: Move Down - S
15:30:35.220 [JavaFX Application Thread] DEBUG FXGLAssetLoaderServi - Loading from file system: jar:file:///C:/Users/mbour/.m2/repository/com/github/almasb/fxgl/17/fxgl-17.jar!/fxglassets/textures/fxgl_icon.png
15:30:35.223 [FXGL Background Thread 4 ] DEBUG FXGLAssetLoaderServi - Loading from file system: jar:file:///C:/Users/mbour/.m2/repository/com/github/almasb/fxgl/17/fxgl-17.jar!/fxglassets/ui/fonts/Abel-Regular.ttf
15:30:35.231 [JavaFX Application Thread] DEBUG FXGLAssetLoaderServi - Loading from file system: jar:file:///C:/Users/mbour/.m2/repository/com/github/almasb/fxgl/17/fxgl-17.jar!/fxglassets/textures/fxgl_default_cursor.png
15:30:35.233 [JavaFX Application Thread] DEBUG Input                - Registered new binding: Screenshot - CTRL+8
15:30:35.234 [FXGL Background Thread 4 ] DEBUG FXGLAssetLoaderServi - Loading from file system: jar:file:///C:/Users/mbour/.m2/repository/com/github/almasb/fxgl/17/fxgl-17.jar!/fxglassets/ui/fonts/TerminalLandMono-Regular.otf
15:30:35.234 [JavaFX Application Thread] DEBUG Input                - Registered new binding: Dev Options - 1
15:30:35.234 [JavaFX Application Thread] DEBUG Input                - Registered new binding: Dev Console - 2
15:30:35.235 [JavaFX Application Thread] DEBUG Input                - Registered new binding: System info dump - CTRL+9
15:30:35.235 [JavaFX Application Thread] DEBUG Input                - Registered new binding: Restart - CTRL+R
15:30:35.236 [JavaFX Application Thread] DEBUG Input                - Registered new binding: Toggle Debug Camera - CTRL+7
15:30:35.239 [JavaFX Application Thread] DEBUG LoopRunner           - Starting loop
15:30:35.245 [FXGL Background Thread 4 ] DEBUG FXGLAssetLoaderServi - Loading from file system: jar:file:///C:/Users/mbour/.m2/repository/com/github/almasb/fxgl/17/fxgl-17.jar!/fxglassets/ui/fonts/Courier-Prime.ttf
15:30:35.252 [JavaFX Application Thread] DEBUG LoopRunner           - Initializing JavaFX AnimationTimerLoop
15:30:35.255 [JavaFX Application Thread] DEBUG Input                - Clearing active input actions
15:30:35.264 [JavaFX Application Thread] DEBUG GameApplicationServi - Removing overlay from FXGLStartupScene and adding to FXGLMainMenuDummyScene
15:30:35.269 [JavaFX Application Thread] DEBUG PrimaryStageWindow   - FXGLStartupScene -> FXGLMainMenuDummyScene
15:30:35.270 [JavaFX Application Thread] DEBUG PrimaryStageWindow   - Push state: FXGLDefaultMenu
15:30:35.272 [JavaFX Application Thread] DEBUG Input                - Clearing active input actions
15:30:35.280 [JavaFX Application Thread] DEBUG GameApplicationServi - Removing overlay from FXGLMainMenuDummyScene and adding to FXGLDefaultMenu
15:30:35.281 [JavaFX Application Thread] DEBUG PrimaryStageWindow   - FXGLMainMenuDummyScene -> FXGLDefaultMenu
15:30:35.285 [JavaFX Application Thread] DEBUG FXGLApplication      - Registering font factories with UI factory
15:30:35.599 [FXGL Background Thread 2 ] INFO  UpdaterService       - Your current version:  17
15:30:35.599 [FXGL Background Thread 2 ] INFO  UpdaterService       - Latest stable version: 21.1
15:30:35.997 [JavaFX Application Thread] DEBUG Menu                 - fireNewGame()
15:30:35.998 [JavaFX Application Thread] DEBUG GameApplicationServi - Starting new game
15:30:36.000 [JavaFX Application Thread] DEBUG PrimaryStageWindow   - Pop state: FXGLDefaultMenu
15:30:36.000 [JavaFX Application Thread] DEBUG Input                - Clearing active input actions
15:30:36.002 [JavaFX Application Thread] DEBUG GameApplicationServi - Removing overlay from FXGLDefaultMenu and adding to FXGLMainMenuDummyScene
15:30:36.005 [JavaFX Application Thread] DEBUG PrimaryStageWindow   - FXGLMainMenuDummyScene <- FXGLDefaultMenu
15:30:36.005 [JavaFX Application Thread] DEBUG Input                - Clearing active input actions
15:30:36.018 [JavaFX Application Thread] DEBUG GameApplicationServi - Removing overlay from FXGLMainMenuDummyScene and adding to FXGLLoadingScene
15:30:36.019 [JavaFX Application Thread] DEBUG PrimaryStageWindow   - FXGLMainMenuDummyScene -> FXGLLoadingScene
15:30:36.019 [JavaFX Application Thread] DEBUG GameApplicationServi - Clearing previous game
15:30:36.019 [JavaFX Application Thread] DEBUG GameScene            - Clearing game scene
15:30:36.019 [JavaFX Application Thread] DEBUG GameWorld            - Clearing game world
15:30:36.019 [JavaFX Application Thread] DEBUG PhysicsWorld         - Clearing physics world
15:30:36.022 [FXGL Background Thread 2 ] DEBUG FXGLApplication      - Initializing game
15:30:36.078 [FXGL Background Thread 2 ] WARN  TMXLevelLoader       - TiledMap generated from 1.10.2. Supported version: 1.2.3. Some features may not be parsed fully.
15:30:36.147 [FXGL Background Thread 2 ] DEBUG TMXLevelLoader       - Parsed TiledMap: file:/C:/Users/mbour/OneDrive/Bureau/Zelda%20TOTK%20WINRAR/zeldaPuzzle/target/classes/assets/levels/MapDeMerde2.tmx
15:30:36.148 [FXGL Background Thread 2 ] DEBUG TMXLevelLoader       - Creating tile layer entities
15:30:36.150 [FXGL Background Thread 2 ] DEBUG TilesetLoader        - Loading view for layer background
15:30:36.188 [FXGL Background Thread 2 ] DEBUG TilesetLoader        - Created buffer with size 4800.0x4800.0
15:30:36.417 [FXGL Background Thread 2 ] DEBUG TilesetLoader        - Loading view for layer devant
15:30:36.449 [FXGL Background Thread 2 ] DEBUG TilesetLoader        - Created buffer with size 4800.0x4800.0
15:30:36.496 [FXGL Background Thread 2 ] DEBUG TilesetLoader        - Loading view for layer devant1
15:30:36.533 [FXGL Background Thread 2 ] DEBUG TilesetLoader        - Created buffer with size 4800.0x4800.0
15:30:36.547 [FXGL Background Thread 2 ] DEBUG TMXLevelLoader       - Creating object layer entities
15:30:36.591 [FXGL Background Thread 2 ] DEBUG GameWorld            - Clearing removable entities
15:30:36.592 [FXGL Background Thread 2 ] DEBUG GameWorld            - Setting level: com.almasb.fxgl.entity.level.Level@5234cd01
15:30:36.608 [FXGL Background Thread 2 ] WARN  GameWorld            - Entity is already attached to world
15:30:36.609 [FXGL Background Thread 2 ] WARN  GameWorld            - Entity is already attached to world
15:30:36.616 [FXGL Background Thread 2 ] INFO  FXGLApplication      - Game initialization took: 0,593 sec
15:30:36.617 [JavaFX Application Thread] DEBUG Input                - Clearing active input actions
15:30:36.623 [JavaFX Application Thread] DEBUG GameApplicationServi - Removing overlay from FXGLLoadingScene and adding to GameScene
15:30:36.625 [JavaFX Application Thread] DEBUG PrimaryStageWindow   - FXGLLoadingScene -> GameScene
15:30:37.498 [JavaFX Application Thread] WARN  TMXLevelLoader       - TiledMap generated from 1.10.2. Supported version: 1.2.3. Some features may not be parsed fully.
15:30:37.501 [JavaFX Application Thread] DEBUG TMXLevelLoader       - Parsed TiledMap: file:/C:/Users/mbour/OneDrive/Bureau/Zelda%20TOTK%20WINRAR/zeldaPuzzle/target/classes/assets/levels/interieurMaisonPlayer1.tmx
15:30:37.501 [JavaFX Application Thread] DEBUG TMXLevelLoader       - Creating tile layer entities
15:30:37.502 [JavaFX Application Thread] DEBUG TilesetLoader        - Loading view for layer background
15:30:37.503 [JavaFX Application Thread] DEBUG TilesetLoader        - Created buffer with size 1440.0x960.0
15:30:37.506 [JavaFX Application Thread] DEBUG TilesetLoader        - Loading view for layer devant
15:30:37.507 [JavaFX Application Thread] DEBUG TilesetLoader        - Created buffer with size 1440.0x960.0
15:30:37.508 [JavaFX Application Thread] DEBUG TilesetLoader        - Loading view for layer devant1
15:30:37.509 [JavaFX Application Thread] DEBUG TilesetLoader        - Created buffer with size 1440.0x960.0
15:30:37.510 [JavaFX Application Thread] DEBUG TMXLevelLoader       - Creating object layer entities
15:30:37.516 [JavaFX Application Thread] DEBUG GameWorld            - Clearing removable entities
15:30:37.523 [JavaFX Application Thread] DEBUG GameWorld            - Setting level: com.almasb.fxgl.entity.level.Level@5c2ca68b
15:30:37.529 [JavaFX Application Thread] WARN  GameWorld            - Entity is already attached to world
15:30:38.186 [FXGL Background Thread 3 ] DEBUG Engine               - Logging environment variables
15:30:38.186 [FXGL Background Thread 3 ] DEBUG Engine               - achievements: []
15:30:38.186 [FXGL Background Thread 3 ] DEBUG Engine               - actualHeight: 800.0
15:30:38.186 [FXGL Background Thread 3 ] DEBUG Engine               - actualHeightProperty: ReadOnlyDoubleProperty [value: 800.0]
15:30:38.186 [FXGL Background Thread 3 ] DEBUG Engine               - actualWidth: 800.0
15:30:38.187 [FXGL Background Thread 3 ] DEBUG Engine               - actualWidthProperty: ReadOnlyDoubleProperty [value: 800.0]
15:30:38.187 [FXGL Background Thread 3 ] DEBUG Engine               - appIcon: fxgl_icon.png
15:30:38.187 [FXGL Background Thread 3 ] DEBUG Engine               - applicationMode: DEVELOPER
15:30:38.187 [FXGL Background Thread 3 ] DEBUG Engine               - cSSList: [fxgl_dark.css]
15:30:38.187 [FXGL Background Thread 3 ] DEBUG Engine               - collisionDetectionStrategy: BRUTE_FORCE
15:30:38.187 [FXGL Background Thread 3 ] DEBUG Engine               - configClass: Optional.empty
15:30:38.187 [FXGL Background Thread 3 ] DEBUG Engine               - credits: []
15:30:38.187 [FXGL Background Thread 3 ] DEBUG Engine               - defaultCursor: CursorInfo(imageName=fxgl_default_cursor.png, hotspotX=7.0, hotspotY=6.0)
15:30:38.188 [FXGL Background Thread 3 ] DEBUG Engine               - devBBoxColorProperty: ObjectProperty [value: 0xff0000ff]
15:30:38.188 [FXGL Background Thread 3 ] DEBUG Engine               - devEnableDebugCameraProperty: BooleanProperty [value: false]
15:30:38.188 [FXGL Background Thread 3 ] DEBUG Engine               - devSensorColorProperty: ObjectProperty [value: 0xffff00ff]
15:30:38.188 [FXGL Background Thread 3 ] DEBUG Engine               - devShowBBoxProperty: BooleanProperty [value: false]
15:30:38.188 [FXGL Background Thread 3 ] DEBUG Engine               - devShowPositionProperty: BooleanProperty [value: false]
15:30:38.188 [FXGL Background Thread 3 ] DEBUG Engine               - enabledMenuItems: []
15:30:38.188 [FXGL Background Thread 3 ] DEBUG Engine               - engineServices: [class com.almasb.fxgl.app.services.FXGLAssetLoaderService, class com.almasb.fxgl.app.FXGLApplication$GameApplicationService, class com.almasb.fxgl.app.services.FXGLDialogService, class com.almasb.fxgl.app.services.IOTaskExecutorService, class com.almasb.fxgl.io.FileSystemService, class com.almasb.fxgl.localization.LocalizationService, class com.almasb.fxgl.app.services.SystemBundleService, class com.almasb.fxgl.profile.SaveLoadService, class com.almasb.fxgl.ui.FXGLUIFactoryServiceProvider, class com.almasb.fxgl.ui.FXGLDialogFactoryServiceProvider, class com.almasb.fxgl.audio.AudioPlayer, class com.almasb.fxgl.notification.impl.NotificationServiceProvider, class com.almasb.fxgl.achievement.AchievementService, class com.almasb.fxgl.cutscene.CutsceneService, class com.almasb.fxgl.minigames.MiniGameService, class com.almasb.fxgl.net.NetService, class com.almasb.fxgl.app.services.UpdaterService, class com.almasb.fxgl.dev.DevService]
15:30:38.188 [FXGL Background Thread 3 ] DEBUG Engine               - fontGame: Abel-Regular.ttf
15:30:38.188 [FXGL Background Thread 3 ] DEBUG Engine               - fontMono: TerminalLandMono-Regular.otf
15:30:38.188 [FXGL Background Thread 3 ] DEBUG Engine               - fontText: Courier-Prime.ttf
15:30:38.188 [FXGL Background Thread 3 ] DEBUG Engine               - fontUI: VarelaRound-Regular.ttf
15:30:38.188 [FXGL Background Thread 3 ] DEBUG Engine               - fullScreen: BooleanProperty [value: false]
15:30:38.188 [FXGL Background Thread 3 ] DEBUG Engine               - gameDifficulty: MEDIUM
15:30:38.188 [FXGL Background Thread 3 ] DEBUG Engine               - gameDifficultyProperty: ObjectProperty [value: MEDIUM]
15:30:38.188 [FXGL Background Thread 3 ] DEBUG Engine               - globalMusicVolume: 0.5
15:30:38.188 [FXGL Background Thread 3 ] DEBUG Engine               - globalMusicVolumeProperty: DoubleProperty [value: 0.5]
15:30:38.188 [FXGL Background Thread 3 ] DEBUG Engine               - globalSoundVolume: 0.5
15:30:38.188 [FXGL Background Thread 3 ] DEBUG Engine               - globalSoundVolumeProperty: DoubleProperty [value: 0.5]
15:30:38.188 [FXGL Background Thread 3 ] DEBUG Engine               - height: 800
15:30:38.188 [FXGL Background Thread 3 ] DEBUG Engine               - is3D: false
15:30:38.189 [FXGL Background Thread 3 ] DEBUG Engine               - isAndroid: false
15:30:38.189 [FXGL Background Thread 3 ] DEBUG Engine               - isBrowser: false
15:30:38.189 [FXGL Background Thread 3 ] DEBUG Engine               - isClickFeedbackEnabled: false
15:30:38.189 [FXGL Background Thread 3 ] DEBUG Engine               - isCloseConfirmation: false
15:30:38.189 [FXGL Background Thread 3 ] DEBUG Engine               - isDesktop: true
15:30:38.189 [FXGL Background Thread 3 ] DEBUG Engine               - isDeveloperMenuEnabled: true
15:30:38.189 [FXGL Background Thread 3 ] DEBUG Engine               - isEmbedded: false
15:30:38.189 [FXGL Background Thread 3 ] DEBUG Engine               - isEntityPreloadEnabled: true
15:30:38.189 [FXGL Background Thread 3 ] DEBUG Engine               - isExperimentalTiledLargeMap: false
15:30:38.189 [FXGL Background Thread 3 ] DEBUG Engine               - isFileSystemWriteAllowed: true
15:30:38.189 [FXGL Background Thread 3 ] DEBUG Engine               - isFullScreenAllowed: true
15:30:38.189 [FXGL Background Thread 3 ] DEBUG Engine               - isFullScreenFromStart: false
15:30:38.189 [FXGL Background Thread 3 ] DEBUG Engine               - isGameMenuEnabled: true
15:30:38.189 [FXGL Background Thread 3 ] DEBUG Engine               - isIOS: false
15:30:38.189 [FXGL Background Thread 3 ] DEBUG Engine               - isIntroEnabled: false
15:30:38.189 [FXGL Background Thread 3 ] DEBUG Engine               - isLinux: false
15:30:38.189 [FXGL Background Thread 3 ] DEBUG Engine               - isMac: false
15:30:38.189 [FXGL Background Thread 3 ] DEBUG Engine               - isMainMenuEnabled: true
15:30:38.189 [FXGL Background Thread 3 ] DEBUG Engine               - isManualResizeEnabled: false
15:30:38.189 [FXGL Background Thread 3 ] DEBUG Engine               - isMobile: false
15:30:38.189 [FXGL Background Thread 3 ] DEBUG Engine               - isNative: false
15:30:38.189 [FXGL Background Thread 3 ] DEBUG Engine               - isPauseMusicWhenMinimized: true
15:30:38.189 [FXGL Background Thread 3 ] DEBUG Engine               - isPreserveResizeRatio: false
15:30:38.189 [FXGL Background Thread 3 ] DEBUG Engine               - isProfilingEnabled: false
15:30:38.189 [FXGL Background Thread 3 ] DEBUG Engine               - isScaleAffectedOnResize: true
15:30:38.189 [FXGL Background Thread 3 ] DEBUG Engine               - isSingleStep: false
15:30:38.190 [FXGL Background Thread 3 ] DEBUG Engine               - isUserProfileEnabled: false
15:30:38.190 [FXGL Background Thread 3 ] DEBUG Engine               - isWindows: true
15:30:38.190 [FXGL Background Thread 3 ] DEBUG Engine               - language: ObjectProperty [value: ENGLISH]
15:30:38.190 [FXGL Background Thread 3 ] DEBUG Engine               - menuKey: ESCAPE
15:30:38.190 [FXGL Background Thread 3 ] DEBUG Engine               - mouseSensitivity: 0.2
15:30:38.190 [FXGL Background Thread 3 ] DEBUG Engine               - notificationViewClass: class com.almasb.fxgl.notification.view.XboxNotificationView
15:30:38.190 [FXGL Background Thread 3 ] DEBUG Engine               - pixelsPerMeter: 50.0
15:30:38.190 [FXGL Background Thread 3 ] DEBUG Engine               - platform: WINDOWS
15:30:38.190 [FXGL Background Thread 3 ] DEBUG Engine               - prefHeightProperty: ReadOnlyDoubleProperty [value: 800.0]
15:30:38.190 [FXGL Background Thread 3 ] DEBUG Engine               - prefWidthProperty: ReadOnlyDoubleProperty [value: 800.0]
15:30:38.190 [FXGL Background Thread 3 ] DEBUG Engine               - profileDir: profiles/
15:30:38.190 [FXGL Background Thread 3 ] DEBUG Engine               - profileName: StringProperty [value: DEFAULT]
15:30:38.190 [FXGL Background Thread 3 ] DEBUG Engine               - randomSeed: -1
15:30:38.190 [FXGL Background Thread 3 ] DEBUG Engine               - runtimeInfo: RuntimeInfo(platform=WINDOWS, version=17, build=31.12.2021 18.16)
15:30:38.190 [FXGL Background Thread 3 ] DEBUG Engine               - saveFileExt: sav
15:30:38.191 [FXGL Background Thread 3 ] DEBUG Engine               - scaledHeightProp$fxgl: DoubleProperty [bound, value: 800.0]
15:30:38.191 [FXGL Background Thread 3 ] DEBUG Engine               - scaledWidthProp$fxgl: DoubleProperty [bound, value: 800.0]
15:30:38.191 [FXGL Background Thread 3 ] DEBUG Engine               - sceneFactory: com.almasb.fxgl.app.scene.SceneFactory@7ce960d6
15:30:38.191 [FXGL Background Thread 3 ] DEBUG Engine               - secondsIn24h: 60
15:30:38.191 [FXGL Background Thread 3 ] DEBUG Engine               - soundMenuBack: menu/back.wav
15:30:38.191 [FXGL Background Thread 3 ] DEBUG Engine               - soundMenuPress: menu/press.wav
15:30:38.191 [FXGL Background Thread 3 ] DEBUG Engine               - soundMenuSelect: menu/select.wav
15:30:38.191 [FXGL Background Thread 3 ] DEBUG Engine               - soundNotification: core/notification.wav
15:30:38.191 [FXGL Background Thread 3 ] DEBUG Engine               - stageStyle: DECORATED
15:30:38.191 [FXGL Background Thread 3 ] DEBUG Engine               - supportedLanguages: [ENGLISH, FRENCH, GERMAN, HUNGARIAN, RUSSIAN]
15:30:38.191 [FXGL Background Thread 3 ] DEBUG Engine               - ticksPerSecond: -1
15:30:38.191 [FXGL Background Thread 3 ] DEBUG Engine               - title: Zelda 2D Game
15:30:38.191 [FXGL Background Thread 3 ] DEBUG Engine               - urlGithub: https://github.com/AlmasB/FXGL
15:30:38.191 [FXGL Background Thread 3 ] DEBUG Engine               - urlLeaderboard: http://fxgl-top.herokuapp.com/
15:30:38.191 [FXGL Background Thread 3 ] DEBUG Engine               - urlPOM: https://raw.githubusercontent.com/AlmasB/FXGL/release/README.md
15:30:38.191 [FXGL Background Thread 3 ] DEBUG Engine               - userAppClass: class com.example.zeldapuzzle.MainGameApp
15:30:38.191 [FXGL Background Thread 3 ] DEBUG Engine               - version: 1
15:30:38.191 [FXGL Background Thread 3 ] DEBUG Engine               - versionCheckDays: 7
15:30:38.191 [FXGL Background Thread 3 ] DEBUG Engine               - width: 800
15:30:38.191 [FXGL Background Thread 3 ] DEBUG Engine               - Logging services
15:30:38.191 [FXGL Background Thread 3 ] DEBUG Engine               - class com.almasb.fxgl.app.services.FXGLAssetLoaderService
15:30:38.191 [FXGL Background Thread 3 ] DEBUG Engine               - class com.almasb.fxgl.app.FXGLApplication$GameApplicationService
15:30:38.191 [FXGL Background Thread 3 ] DEBUG Engine               - class com.almasb.fxgl.app.services.FXGLDialogService
15:30:38.191 [FXGL Background Thread 3 ] DEBUG Engine               - class com.almasb.fxgl.app.services.IOTaskExecutorService
15:30:38.191 [FXGL Background Thread 3 ] DEBUG Engine               - class com.almasb.fxgl.io.FileSystemService
15:30:38.192 [FXGL Background Thread 3 ] DEBUG Engine               - class com.almasb.fxgl.localization.LocalizationService
15:30:38.192 [FXGL Background Thread 3 ] DEBUG Engine               - class com.almasb.fxgl.app.services.SystemBundleService
15:30:38.192 [FXGL Background Thread 3 ] DEBUG Engine               - class com.almasb.fxgl.profile.SaveLoadService
15:30:38.192 [FXGL Background Thread 3 ] DEBUG Engine               - class com.almasb.fxgl.ui.FXGLUIFactoryServiceProvider
15:30:38.192 [FXGL Background Thread 3 ] DEBUG Engine               - class com.almasb.fxgl.ui.FXGLDialogFactoryServiceProvider
15:30:38.192 [FXGL Background Thread 3 ] DEBUG Engine               - class com.almasb.fxgl.audio.AudioPlayer
15:30:38.192 [FXGL Background Thread 3 ] DEBUG Engine               - class com.almasb.fxgl.notification.impl.NotificationServiceProvider
15:30:38.192 [FXGL Background Thread 3 ] DEBUG Engine               - class com.almasb.fxgl.achievement.AchievementService
15:30:38.192 [FXGL Background Thread 3 ] DEBUG Engine               - class com.almasb.fxgl.cutscene.CutsceneService
15:30:38.192 [FXGL Background Thread 3 ] DEBUG Engine               - class com.almasb.fxgl.minigames.MiniGameService
15:30:38.192 [FXGL Background Thread 3 ] DEBUG Engine               - class com.almasb.fxgl.net.NetService
15:30:38.192 [FXGL Background Thread 3 ] DEBUG Engine               - class com.almasb.fxgl.app.services.UpdaterService
15:30:38.192 [FXGL Background Thread 3 ] DEBUG Engine               - class com.almasb.fxgl.dev.DevService
15:31:04.775 [JavaFX Application Thread] WARN  TMXLevelLoader       - TiledMap generated from 1.10.2. Supported version: 1.2.3. Some features may not be parsed fully.
15:31:04.786 [JavaFX Application Thread] DEBUG TMXLevelLoader       - Parsed TiledMap: file:/C:/Users/mbour/OneDrive/Bureau/Zelda%20TOTK%20WINRAR/zeldaPuzzle/target/classes/assets/levels/MapDeMerde2.tmx
15:31:04.786 [JavaFX Application Thread] DEBUG TMXLevelLoader       - Creating tile layer entities
15:31:04.786 [JavaFX Application Thread] DEBUG TilesetLoader        - Loading view for layer background
15:31:04.821 [JavaFX Application Thread] DEBUG TilesetLoader        - Created buffer with size 4800.0x4800.0
15:31:04.923 [JavaFX Application Thread] DEBUG TilesetLoader        - Loading view for layer devant
15:31:04.927 [JavaFX Application Thread] DEBUG TilesetLoader        - Created buffer with size 4800.0x4800.0
15:31:04.950 [JavaFX Application Thread] DEBUG TilesetLoader        - Loading view for layer devant1
15:31:04.963 [JavaFX Application Thread] DEBUG TilesetLoader        - Created buffer with size 4800.0x4800.0
15:31:04.972 [JavaFX Application Thread] DEBUG TMXLevelLoader       - Creating object layer entities
15:31:04.986 [JavaFX Application Thread] DEBUG GameWorld            - Clearing removable entities
15:31:04.988 [JavaFX Application Thread] DEBUG GameWorld            - Setting level: com.almasb.fxgl.entity.level.Level@7e32e8c0
15:31:04.994 [JavaFX Application Thread] WARN  GameWorld            - Entity is already attached to world
15:31:10.797 [JavaFX Application Thread] DEBUG FXGLApplication      - Exiting FXGL
15:31:10.797 [JavaFX Application Thread] DEBUG LoopRunner           - Stopping loop
15:31:10.797 [JavaFX Application Thread] DEBUG SystemBundleService  - Saving FXGL system data
15:31:10.799 [JavaFX Application Thread] DEBUG FileSystemAccess     - Writing to: C:\Users\mbour\OneDrive\Bureau\Zelda TOTK WINRAR\zeldaPuzzle\system\fxgl.bundle
15:31:10.802 [JavaFX Application Thread] DEBUG Async                - Shutting down background threads
15:31:10.802 [JavaFX Application Thread] DEBUG PrimaryStageWindow   - Closing main window
15:31:10.812 [JavaFX Application Thread] DEBUG Logger               - Closing Logger
