11:02:56.456 [main                     ] DEBUG Logger               - Configured Logger
11:02:56.478 [main                     ] DEBUG GameApplication      - Logging settings
Title: Zelda 2D Game
Version: 1
Width: 800
Height: 800
Fullscreen: true
Intro: false
Profiling: false
Single step:false
App Mode: DEVELOPER
Menu Key: ESCAPE
Stage Style: DECORATED
Scene Factory: class com.almasb.fxgl.app.scene.SceneFactory

11:02:56.691 [JavaFX Application Thread] DEBUG FXGLApplication      - Initializing FXGL
11:02:56.695 [JavaFX Application Thread] INFO  Engine               - FXGL-17 (31.12.2021 18.16) on MAC (J:19.0.1 FX:19)
11:02:56.695 [JavaFX Application Thread] DEBUG Engine               - JRE Vendor Name: Oracle Corporation
11:02:56.695 [JavaFX Application Thread] DEBUG Engine               - Running on OS: Mac OS X version 12.5
11:02:56.695 [JavaFX Application Thread] DEBUG Engine               - Architecture: aarch64
11:02:56.696 [JavaFX Application Thread] INFO  Engine               - Source code and latest versions at: https://github.com/AlmasB/FXGL
11:02:56.696 [JavaFX Application Thread] INFO  Engine               -       Ask questions and discuss at: https://github.com/AlmasB/FXGL/discussions
11:02:56.696 [JavaFX Application Thread] INFO  Engine               -              Join the FXGL chat at: https://gitter.im/AlmasB/FXGL
11:02:56.754 [JavaFX Application Thread] DEBUG PrimaryStageWindow   - Creating a JavaFX scene
11:02:56.791 [JavaFX Application Thread] DEBUG PrimaryStageWindow   - Target settings size: 800.0 x 800.0
11:02:56.792 [JavaFX Application Thread] DEBUG PrimaryStageWindow   - Scaled scene size:    800.0 x 800.0
11:02:56.792 [JavaFX Application Thread] DEBUG PrimaryStageWindow   - Scaled ratio: (1.0, 1.0)
11:02:56.793 [JavaFX Application Thread] DEBUG PrimaryStageWindow   - Set initial scene to FXGLStartupScene
11:02:56.796 [JavaFX Application Thread] DEBUG PrimaryStageWindow   - Opening main window
11:02:56.896 [JavaFX Application Thread] DEBUG PrimaryStageWindow   - Window border size: (0.0, 28.0)
11:02:56.896 [JavaFX Application Thread] DEBUG PrimaryStageWindow   - Scaled size: 800.0 x 800.0
11:02:56.896 [JavaFX Application Thread] DEBUG PrimaryStageWindow   - Scaled ratio: (1.0, 1.0)
11:02:56.896 [JavaFX Application Thread] DEBUG PrimaryStageWindow   - Scene size: 800.0 x 800.0
11:02:56.896 [JavaFX Application Thread] DEBUG PrimaryStageWindow   - Stage size: 800.0 x 828.0
11:02:56.901 [FXGL Background Thread 1 ] DEBUG Engine               - Initializing environment variables
11:02:56.941 [FXGL Background Thread 1 ] DEBUG FXGLAssetLoaderServi - User app class for loading assets: class com.example.zeldapuzzle.MainGameApp
11:02:56.941 [FXGL Background Thread 1 ] DEBUG GameApplicationServi - Applying CSS: fxgl_dark.css
11:02:56.942 [FXGL Background Thread 1 ] DEBUG FXGLAssetLoaderServi - Loading from file system: jar:file:///Users/CHLaroche05/.m2/repository/com/github/almasb/fxgl/17/fxgl-17.jar!/fxglassets/ui/css/fxgl_dark.css
11:02:56.990 [FXGL Background Thread 1 ] DEBUG GameApplicationServi - Initializing application scenes
11:02:57.115 [FXGL Background Thread 1 ] DEBUG GameWorld            - Game world initialized
11:02:57.159 [FXGL Background Thread 1 ] DEBUG PhysicsWorld         - Physics world initialized: appHeight=800, physics.ppm=50.0
11:02:57.159 [FXGL Background Thread 1 ] DEBUG PhysicsWorld         - Using strategy: BRUTE_FORCE
11:02:57.162 [FXGL Background Thread 1 ] DEBUG GameScene            - Game scene initialized: 800x800
11:02:57.170 [FXGL Background Thread 1 ] DEBUG FXGL.DefaultMenu     - createMenuBodyMainMenu()
11:02:57.181 [FXGL Background Thread 1 ] DEBUG FXGL.DefaultMenu     - createOptionsMenu()
11:02:57.186 [FXGL Background Thread 1 ] DEBUG FXGLAssetLoaderServi - Loading from file system: jar:file:///Users/CHLaroche05/.m2/repository/com/github/almasb/fxgl/17/fxgl-17.jar!/fxglassets/textures/particles/smoke.png
11:02:57.254 [FXGL Background Thread 1 ] DEBUG FXGLAssetLoaderServi - Loading from file system: jar:file:///Users/CHLaroche05/.m2/repository/com/github/almasb/fxgl/17/fxgl-17.jar!/fxglassets/textures/particles/trace_horizontal.png
11:02:57.304 [FXGL Background Thread 1 ] DEBUG FXGL.DefaultMenu     - createMenuBodyGameMenu()
11:02:57.305 [FXGL Background Thread 1 ] DEBUG FXGL.DefaultMenu     - createOptionsMenu()
11:02:57.336 [FXGL Background Thread 1 ] DEBUG GameApplicationServi - Application scenes initialized
11:02:57.345 [FXGL Background Thread 1 ] DEBUG SystemBundleService  - Loading FXGL system data
11:02:57.348 [FXGL Background Thread 1 ] DEBUG FileSystemAccess     - Reading from: /Users/CHLaroche05/zelda/zeldaPuzzle/system/fxgl.bundle
11:02:57.354 [FXGL Background Thread 1 ] DEBUG SystemBundleService  - Bundle FXGL: {}
11:02:57.354 [FXGL Background Thread 1 ] DEBUG UpdaterService       - Checking for updates
11:02:57.377 [FXGL Background Thread 4 ] DEBUG FXGLApplication      - Loading fonts
11:02:57.378 [FXGL Background Thread 1 ] DEBUG FXGLApplication      - Loading default localization
11:02:57.378 [FXGL Background Thread 4 ] DEBUG FXGLAssetLoaderServi - Loading from file system: jar:file:///Users/CHLaroche05/.m2/repository/com/github/almasb/fxgl/17/fxgl-17.jar!/fxglassets/ui/fonts/VarelaRound-Regular.ttf
11:02:57.378 [FXGL Background Thread 1 ] DEBUG FXGLAssetLoaderServi - Loading from file system: jar:file:///Users/CHLaroche05/.m2/repository/com/github/almasb/fxgl/17/fxgl-17.jar!/fxglassets/languages/english.lang
11:02:57.386 [FXGL Background Thread 4 ] DEBUG FXGLAssetLoaderServi - Loading from file system: jar:file:///Users/CHLaroche05/.m2/repository/com/github/almasb/fxgl/17/fxgl-17.jar!/fxglassets/ui/fonts/Abel-Regular.ttf
11:02:57.389 [FXGL Background Thread 4 ] DEBUG FXGLAssetLoaderServi - Loading from file system: jar:file:///Users/CHLaroche05/.m2/repository/com/github/almasb/fxgl/17/fxgl-17.jar!/fxglassets/ui/fonts/TerminalLandMono-Regular.otf
11:02:57.391 [FXGL Background Thread 4 ] DEBUG FXGLAssetLoaderServi - Loading from file system: jar:file:///Users/CHLaroche05/.m2/repository/com/github/almasb/fxgl/17/fxgl-17.jar!/fxglassets/ui/fonts/Courier-Prime.ttf
11:02:57.391 [FXGL Background Thread 1 ] INFO  FXGLApplication      - FXGL initialization took: 0.490 sec
11:02:57.399 [JavaFX Application Thread] DEBUG Input                - Registered new binding: getPosition - P
11:02:57.399 [JavaFX Application Thread] DEBUG Input                - Registered new binding: zoom+ - Up
11:02:57.399 [JavaFX Application Thread] DEBUG Input                - Registered new binding: zoom- - Down
11:02:57.399 [JavaFX Application Thread] DEBUG Input                - Registered new binding: resetZoom - 0
11:02:57.399 [JavaFX Application Thread] DEBUG Input                - Registered new binding: Move right - D
11:02:57.400 [JavaFX Application Thread] DEBUG Input                - Registered new binding: Move left - A
11:02:57.400 [JavaFX Application Thread] DEBUG Input                - Registered new binding: Move Up - W
11:02:57.400 [JavaFX Application Thread] DEBUG Input                - Registered new binding: Move Down - S
11:02:57.400 [JavaFX Application Thread] DEBUG FXGLAssetLoaderServi - Loading from file system: jar:file:///Users/CHLaroche05/.m2/repository/com/github/almasb/fxgl/17/fxgl-17.jar!/fxglassets/textures/fxgl_icon.png
11:02:57.415 [JavaFX Application Thread] DEBUG FXGLAssetLoaderServi - Loading from file system: jar:file:///Users/CHLaroche05/.m2/repository/com/github/almasb/fxgl/17/fxgl-17.jar!/fxglassets/textures/fxgl_default_cursor.png
11:02:57.416 [JavaFX Application Thread] DEBUG Input                - Registered new binding: Screenshot - CTRL+8
11:02:57.416 [JavaFX Application Thread] DEBUG Input                - Registered new binding: Dev Options - 1
11:02:57.416 [JavaFX Application Thread] DEBUG Input                - Registered new binding: Dev Console - 2
11:02:57.417 [JavaFX Application Thread] DEBUG Input                - Registered new binding: System info dump - CTRL+9
11:02:57.417 [JavaFX Application Thread] DEBUG Input                - Registered new binding: Restart - CTRL+R
11:02:57.417 [JavaFX Application Thread] DEBUG Input                - Registered new binding: Toggle Debug Camera - CTRL+7
11:02:57.419 [JavaFX Application Thread] DEBUG LoopRunner           - Starting loop
11:02:57.430 [JavaFX Application Thread] DEBUG LoopRunner           - Initializing JavaFX AnimationTimerLoop
11:02:57.434 [JavaFX Application Thread] DEBUG Input                - Clearing active input actions
11:02:57.440 [JavaFX Application Thread] DEBUG GameApplicationServi - Removing overlay from FXGLStartupScene and adding to FXGLMainMenuDummyScene
11:02:57.443 [JavaFX Application Thread] DEBUG PrimaryStageWindow   - FXGLStartupScene -> FXGLMainMenuDummyScene
11:02:57.443 [JavaFX Application Thread] DEBUG PrimaryStageWindow   - Push state: FXGLDefaultMenu
11:02:57.445 [JavaFX Application Thread] DEBUG Input                - Clearing active input actions
11:02:57.451 [JavaFX Application Thread] DEBUG GameApplicationServi - Removing overlay from FXGLMainMenuDummyScene and adding to FXGLDefaultMenu
11:02:57.452 [JavaFX Application Thread] DEBUG PrimaryStageWindow   - FXGLMainMenuDummyScene -> FXGLDefaultMenu
11:02:57.472 [JavaFX Application Thread] DEBUG FXGLApplication      - Registering font factories with UI factory
11:02:57.768 [FXGL Background Thread 2 ] INFO  UpdaterService       - Your current version:  17
11:02:57.768 [FXGL Background Thread 2 ] INFO  UpdaterService       - Latest stable version: 21.1
11:02:58.568 [JavaFX Application Thread] DEBUG Menu                 - fireNewGame()
11:02:58.568 [JavaFX Application Thread] DEBUG GameApplicationServi - Starting new game
11:02:58.569 [JavaFX Application Thread] DEBUG PrimaryStageWindow   - Pop state: FXGLDefaultMenu
11:02:58.570 [JavaFX Application Thread] DEBUG Input                - Clearing active input actions
11:02:58.570 [JavaFX Application Thread] DEBUG GameApplicationServi - Removing overlay from FXGLDefaultMenu and adding to FXGLMainMenuDummyScene
11:02:58.571 [JavaFX Application Thread] DEBUG PrimaryStageWindow   - FXGLMainMenuDummyScene <- FXGLDefaultMenu
11:02:58.572 [JavaFX Application Thread] DEBUG Input                - Clearing active input actions
11:02:58.578 [JavaFX Application Thread] DEBUG GameApplicationServi - Removing overlay from FXGLMainMenuDummyScene and adding to FXGLLoadingScene
11:02:58.578 [JavaFX Application Thread] DEBUG PrimaryStageWindow   - FXGLMainMenuDummyScene -> FXGLLoadingScene
11:02:58.579 [JavaFX Application Thread] DEBUG GameApplicationServi - Clearing previous game
11:02:58.579 [JavaFX Application Thread] DEBUG GameScene            - Clearing game scene
11:02:58.579 [JavaFX Application Thread] DEBUG GameWorld            - Clearing game world
11:02:58.579 [JavaFX Application Thread] DEBUG PhysicsWorld         - Clearing physics world
11:02:58.580 [FXGL Background Thread 2 ] DEBUG FXGLApplication      - Initializing game
11:02:58.597 [FXGL Background Thread 2 ] WARN  TMXLevelLoader       - TiledMap generated from 1.10.2. Supported version: 1.2.3. Some features may not be parsed fully.
11:02:58.604 [FXGL Background Thread 2 ] DEBUG TMXLevelLoader       - Parsed TiledMap: file:/Users/CHLaroche05/zelda/zeldaPuzzle/target/classes/assets/levels/StartingMap.tmx
11:02:58.605 [FXGL Background Thread 2 ] DEBUG TMXLevelLoader       - Creating tile layer entities
11:02:58.606 [FXGL Background Thread 2 ] DEBUG TilesetLoader        - Loading view for layer Calque de Tuiles 1
11:02:58.608 [FXGL Background Thread 2 ] DEBUG TilesetLoader        - Created buffer with size 1920.0x1920.0
11:02:58.618 [FXGL Background Thread 2 ] DEBUG TilesetLoader        - Loading view for layer Calque de Tuiles 2
11:02:58.620 [FXGL Background Thread 2 ] DEBUG TilesetLoader        - Created buffer with size 1920.0x1920.0
11:02:58.633 [FXGL Background Thread 2 ] DEBUG TilesetLoader        - Loading view for layer Calque de Tuiles 3
11:02:58.634 [FXGL Background Thread 2 ] DEBUG TilesetLoader        - Created buffer with size 1920.0x1920.0
11:02:58.636 [FXGL Background Thread 2 ] DEBUG TMXLevelLoader       - Creating object layer entities
11:02:58.646 [FXGL Background Thread 2 ] DEBUG GameWorld            - Clearing removable entities
11:02:58.646 [FXGL Background Thread 2 ] DEBUG GameWorld            - Setting level: com.almasb.fxgl.entity.level.Level@6eab1106
11:02:58.657 [FXGL Background Thread 2 ] WARN  GameWorld            - Entity is already attached to world
11:02:58.718 [FXGL Background Thread 2 ] WARN  GameWorld            - Entity is already attached to world
11:02:58.719 [FXGL Background Thread 2 ] WARN  GameWorld            - Entity is already attached to world
11:02:58.720 [FXGL Background Thread 2 ] INFO  FXGLApplication      - Game initialization took: 0.140 sec
11:02:58.720 [JavaFX Application Thread] DEBUG Input                - Clearing active input actions
11:02:58.724 [JavaFX Application Thread] DEBUG GameApplicationServi - Removing overlay from FXGLLoadingScene and adding to GameScene
11:02:58.726 [JavaFX Application Thread] DEBUG PrimaryStageWindow   - FXGLLoadingScene -> GameScene
11:03:00.382 [FXGL Background Thread 3 ] DEBUG Engine               - Logging environment variables
11:03:00.382 [FXGL Background Thread 3 ] DEBUG Engine               - achievements: []
11:03:00.382 [FXGL Background Thread 3 ] DEBUG Engine               - actualHeight: 800.0
11:03:00.382 [FXGL Background Thread 3 ] DEBUG Engine               - actualHeightProperty: ReadOnlyDoubleProperty [value: 800.0]
11:03:00.382 [FXGL Background Thread 3 ] DEBUG Engine               - actualWidth: 800.0
11:03:00.382 [FXGL Background Thread 3 ] DEBUG Engine               - actualWidthProperty: ReadOnlyDoubleProperty [value: 800.0]
11:03:00.382 [FXGL Background Thread 3 ] DEBUG Engine               - appIcon: fxgl_icon.png
11:03:00.382 [FXGL Background Thread 3 ] DEBUG Engine               - applicationMode: DEVELOPER
11:03:00.382 [FXGL Background Thread 3 ] DEBUG Engine               - cSSList: [fxgl_dark.css]
11:03:00.382 [FXGL Background Thread 3 ] DEBUG Engine               - collisionDetectionStrategy: BRUTE_FORCE
11:03:00.382 [FXGL Background Thread 3 ] DEBUG Engine               - configClass: Optional.empty
11:03:00.383 [FXGL Background Thread 3 ] DEBUG Engine               - credits: []
11:03:00.383 [FXGL Background Thread 3 ] DEBUG Engine               - defaultCursor: CursorInfo(imageName=fxgl_default_cursor.png, hotspotX=7.0, hotspotY=6.0)
11:03:00.383 [FXGL Background Thread 3 ] DEBUG Engine               - devBBoxColorProperty: ObjectProperty [value: 0xff0000ff]
11:03:00.383 [FXGL Background Thread 3 ] DEBUG Engine               - devEnableDebugCameraProperty: BooleanProperty [value: false]
11:03:00.383 [FXGL Background Thread 3 ] DEBUG Engine               - devSensorColorProperty: ObjectProperty [value: 0xffff00ff]
11:03:00.383 [FXGL Background Thread 3 ] DEBUG Engine               - devShowBBoxProperty: BooleanProperty [value: false]
11:03:00.383 [FXGL Background Thread 3 ] DEBUG Engine               - devShowPositionProperty: BooleanProperty [value: false]
11:03:00.384 [FXGL Background Thread 3 ] DEBUG Engine               - enabledMenuItems: []
11:03:00.384 [FXGL Background Thread 3 ] DEBUG Engine               - engineServices: [class com.almasb.fxgl.app.services.FXGLAssetLoaderService, class com.almasb.fxgl.app.FXGLApplication$GameApplicationService, class com.almasb.fxgl.app.services.FXGLDialogService, class com.almasb.fxgl.app.services.IOTaskExecutorService, class com.almasb.fxgl.io.FileSystemService, class com.almasb.fxgl.localization.LocalizationService, class com.almasb.fxgl.app.services.SystemBundleService, class com.almasb.fxgl.profile.SaveLoadService, class com.almasb.fxgl.ui.FXGLUIFactoryServiceProvider, class com.almasb.fxgl.ui.FXGLDialogFactoryServiceProvider, class com.almasb.fxgl.audio.AudioPlayer, class com.almasb.fxgl.notification.impl.NotificationServiceProvider, class com.almasb.fxgl.achievement.AchievementService, class com.almasb.fxgl.cutscene.CutsceneService, class com.almasb.fxgl.minigames.MiniGameService, class com.almasb.fxgl.net.NetService, class com.almasb.fxgl.app.services.UpdaterService, class com.almasb.fxgl.dev.DevService]
11:03:00.384 [FXGL Background Thread 3 ] DEBUG Engine               - fontGame: Abel-Regular.ttf
11:03:00.384 [FXGL Background Thread 3 ] DEBUG Engine               - fontMono: TerminalLandMono-Regular.otf
11:03:00.384 [FXGL Background Thread 3 ] DEBUG Engine               - fontText: Courier-Prime.ttf
11:03:00.384 [FXGL Background Thread 3 ] DEBUG Engine               - fontUI: VarelaRound-Regular.ttf
11:03:00.384 [FXGL Background Thread 3 ] DEBUG Engine               - fullScreen: BooleanProperty [value: false]
11:03:00.384 [FXGL Background Thread 3 ] DEBUG Engine               - gameDifficulty: MEDIUM
11:03:00.384 [FXGL Background Thread 3 ] DEBUG Engine               - gameDifficultyProperty: ObjectProperty [value: MEDIUM]
11:03:00.384 [FXGL Background Thread 3 ] DEBUG Engine               - globalMusicVolume: 0.5
11:03:00.384 [FXGL Background Thread 3 ] DEBUG Engine               - globalMusicVolumeProperty: DoubleProperty [value: 0.5]
11:03:00.384 [FXGL Background Thread 3 ] DEBUG Engine               - globalSoundVolume: 0.5
11:03:00.384 [FXGL Background Thread 3 ] DEBUG Engine               - globalSoundVolumeProperty: DoubleProperty [value: 0.5]
11:03:00.384 [FXGL Background Thread 3 ] DEBUG Engine               - height: 800
11:03:00.384 [FXGL Background Thread 3 ] DEBUG Engine               - is3D: false
11:03:00.384 [FXGL Background Thread 3 ] DEBUG Engine               - isAndroid: false
11:03:00.384 [FXGL Background Thread 3 ] DEBUG Engine               - isBrowser: false
11:03:00.384 [FXGL Background Thread 3 ] DEBUG Engine               - isClickFeedbackEnabled: false
11:03:00.384 [FXGL Background Thread 3 ] DEBUG Engine               - isCloseConfirmation: false
11:03:00.384 [FXGL Background Thread 3 ] DEBUG Engine               - isDesktop: true
11:03:00.384 [FXGL Background Thread 3 ] DEBUG Engine               - isDeveloperMenuEnabled: true
11:03:00.384 [FXGL Background Thread 3 ] DEBUG Engine               - isEmbedded: false
11:03:00.384 [FXGL Background Thread 3 ] DEBUG Engine               - isEntityPreloadEnabled: true
11:03:00.384 [FXGL Background Thread 3 ] DEBUG Engine               - isExperimentalTiledLargeMap: false
11:03:00.384 [FXGL Background Thread 3 ] DEBUG Engine               - isFileSystemWriteAllowed: true
11:03:00.385 [FXGL Background Thread 3 ] DEBUG Engine               - isFullScreenAllowed: true
11:03:00.385 [FXGL Background Thread 3 ] DEBUG Engine               - isFullScreenFromStart: false
11:03:00.385 [FXGL Background Thread 3 ] DEBUG Engine               - isGameMenuEnabled: true
11:03:00.385 [FXGL Background Thread 3 ] DEBUG Engine               - isIOS: false
11:03:00.385 [FXGL Background Thread 3 ] DEBUG Engine               - isIntroEnabled: false
11:03:00.385 [FXGL Background Thread 3 ] DEBUG Engine               - isLinux: false
11:03:00.385 [FXGL Background Thread 3 ] DEBUG Engine               - isMac: true
11:03:00.385 [FXGL Background Thread 3 ] DEBUG Engine               - isMainMenuEnabled: true
11:03:00.385 [FXGL Background Thread 3 ] DEBUG Engine               - isManualResizeEnabled: false
11:03:00.385 [FXGL Background Thread 3 ] DEBUG Engine               - isMobile: false
11:03:00.385 [FXGL Background Thread 3 ] DEBUG Engine               - isNative: false
11:03:00.385 [FXGL Background Thread 3 ] DEBUG Engine               - isPauseMusicWhenMinimized: true
11:03:00.385 [FXGL Background Thread 3 ] DEBUG Engine               - isPreserveResizeRatio: false
11:03:00.385 [FXGL Background Thread 3 ] DEBUG Engine               - isProfilingEnabled: false
11:03:00.385 [FXGL Background Thread 3 ] DEBUG Engine               - isScaleAffectedOnResize: true
11:03:00.385 [FXGL Background Thread 3 ] DEBUG Engine               - isSingleStep: false
11:03:00.385 [FXGL Background Thread 3 ] DEBUG Engine               - isUserProfileEnabled: false
11:03:00.385 [FXGL Background Thread 3 ] DEBUG Engine               - isWindows: false
11:03:00.385 [FXGL Background Thread 3 ] DEBUG Engine               - language: ObjectProperty [value: ENGLISH]
11:03:00.385 [FXGL Background Thread 3 ] DEBUG Engine               - menuKey: ESCAPE
11:03:00.385 [FXGL Background Thread 3 ] DEBUG Engine               - mouseSensitivity: 0.2
11:03:00.385 [FXGL Background Thread 3 ] DEBUG Engine               - notificationViewClass: class com.almasb.fxgl.notification.view.XboxNotificationView
11:03:00.385 [FXGL Background Thread 3 ] DEBUG Engine               - pixelsPerMeter: 50.0
11:03:00.386 [FXGL Background Thread 3 ] DEBUG Engine               - platform: MAC
11:03:00.386 [FXGL Background Thread 3 ] DEBUG Engine               - prefHeightProperty: ReadOnlyDoubleProperty [value: 800.0]
11:03:00.386 [FXGL Background Thread 3 ] DEBUG Engine               - prefWidthProperty: ReadOnlyDoubleProperty [value: 800.0]
11:03:00.386 [FXGL Background Thread 3 ] DEBUG Engine               - profileDir: profiles/
11:03:00.386 [FXGL Background Thread 3 ] DEBUG Engine               - profileName: StringProperty [value: DEFAULT]
11:03:00.386 [FXGL Background Thread 3 ] DEBUG Engine               - randomSeed: -1
11:03:00.386 [FXGL Background Thread 3 ] DEBUG Engine               - runtimeInfo: RuntimeInfo(platform=MAC, version=17, build=31.12.2021 18.16)
11:03:00.386 [FXGL Background Thread 3 ] DEBUG Engine               - saveFileExt: sav
11:03:00.386 [FXGL Background Thread 3 ] DEBUG Engine               - scaledHeightProp$fxgl: DoubleProperty [bound, value: 800.0]
11:03:00.386 [FXGL Background Thread 3 ] DEBUG Engine               - scaledWidthProp$fxgl: DoubleProperty [bound, value: 800.0]
11:03:00.386 [FXGL Background Thread 3 ] DEBUG Engine               - sceneFactory: com.almasb.fxgl.app.scene.SceneFactory@7fcb40a9
11:03:00.386 [FXGL Background Thread 3 ] DEBUG Engine               - secondsIn24h: 60
11:03:00.386 [FXGL Background Thread 3 ] DEBUG Engine               - soundMenuBack: menu/back.wav
11:03:00.386 [FXGL Background Thread 3 ] DEBUG Engine               - soundMenuPress: menu/press.wav
11:03:00.386 [FXGL Background Thread 3 ] DEBUG Engine               - soundMenuSelect: menu/select.wav
11:03:00.386 [FXGL Background Thread 3 ] DEBUG Engine               - soundNotification: core/notification.wav
11:03:00.387 [FXGL Background Thread 3 ] DEBUG Engine               - stageStyle: DECORATED
11:03:00.387 [FXGL Background Thread 3 ] DEBUG Engine               - supportedLanguages: [ENGLISH, FRENCH, GERMAN, HUNGARIAN, RUSSIAN]
11:03:00.387 [FXGL Background Thread 3 ] DEBUG Engine               - ticksPerSecond: -1
11:03:00.387 [FXGL Background Thread 3 ] DEBUG Engine               - title: Zelda 2D Game
11:03:00.387 [FXGL Background Thread 3 ] DEBUG Engine               - urlGithub: https://github.com/AlmasB/FXGL
11:03:00.387 [FXGL Background Thread 3 ] DEBUG Engine               - urlLeaderboard: http://fxgl-top.herokuapp.com/
11:03:00.387 [FXGL Background Thread 3 ] DEBUG Engine               - urlPOM: https://raw.githubusercontent.com/AlmasB/FXGL/release/README.md
11:03:00.388 [FXGL Background Thread 3 ] DEBUG Engine               - userAppClass: class com.example.zeldapuzzle.MainGameApp
11:03:00.388 [FXGL Background Thread 3 ] DEBUG Engine               - version: 1
11:03:00.388 [FXGL Background Thread 3 ] DEBUG Engine               - versionCheckDays: 7
11:03:00.388 [FXGL Background Thread 3 ] DEBUG Engine               - width: 800
11:03:00.388 [FXGL Background Thread 3 ] DEBUG Engine               - Logging services
11:03:00.388 [FXGL Background Thread 3 ] DEBUG Engine               - class com.almasb.fxgl.app.services.FXGLAssetLoaderService
11:03:00.388 [FXGL Background Thread 3 ] DEBUG Engine               - class com.almasb.fxgl.app.FXGLApplication$GameApplicationService
11:03:00.388 [FXGL Background Thread 3 ] DEBUG Engine               - class com.almasb.fxgl.app.services.FXGLDialogService
11:03:00.388 [FXGL Background Thread 3 ] DEBUG Engine               - class com.almasb.fxgl.app.services.IOTaskExecutorService
11:03:00.388 [FXGL Background Thread 3 ] DEBUG Engine               - class com.almasb.fxgl.io.FileSystemService
11:03:00.388 [FXGL Background Thread 3 ] DEBUG Engine               - class com.almasb.fxgl.localization.LocalizationService
11:03:00.388 [FXGL Background Thread 3 ] DEBUG Engine               - class com.almasb.fxgl.app.services.SystemBundleService
11:03:00.388 [FXGL Background Thread 3 ] DEBUG Engine               - class com.almasb.fxgl.profile.SaveLoadService
11:03:00.388 [FXGL Background Thread 3 ] DEBUG Engine               - class com.almasb.fxgl.ui.FXGLUIFactoryServiceProvider
11:03:00.388 [FXGL Background Thread 3 ] DEBUG Engine               - class com.almasb.fxgl.ui.FXGLDialogFactoryServiceProvider
11:03:00.388 [FXGL Background Thread 3 ] DEBUG Engine               - class com.almasb.fxgl.audio.AudioPlayer
11:03:00.388 [FXGL Background Thread 3 ] DEBUG Engine               - class com.almasb.fxgl.notification.impl.NotificationServiceProvider
11:03:00.388 [FXGL Background Thread 3 ] DEBUG Engine               - class com.almasb.fxgl.achievement.AchievementService
11:03:00.388 [FXGL Background Thread 3 ] DEBUG Engine               - class com.almasb.fxgl.cutscene.CutsceneService
11:03:00.389 [FXGL Background Thread 3 ] DEBUG Engine               - class com.almasb.fxgl.minigames.MiniGameService
11:03:00.389 [FXGL Background Thread 3 ] DEBUG Engine               - class com.almasb.fxgl.net.NetService
11:03:00.389 [FXGL Background Thread 3 ] DEBUG Engine               - class com.almasb.fxgl.app.services.UpdaterService
11:03:00.389 [FXGL Background Thread 3 ] DEBUG Engine               - class com.almasb.fxgl.dev.DevService
11:03:07.868 [JavaFX Application Thread] DEBUG FXGLApplication      - Exiting FXGL
11:03:07.869 [JavaFX Application Thread] DEBUG LoopRunner           - Stopping loop
11:03:07.869 [JavaFX Application Thread] DEBUG SystemBundleService  - Saving FXGL system data
11:03:07.873 [JavaFX Application Thread] DEBUG FileSystemAccess     - Writing to: /Users/CHLaroche05/zelda/zeldaPuzzle/system/fxgl.bundle
11:03:07.876 [JavaFX Application Thread] DEBUG Async                - Shutting down background threads
11:03:07.877 [JavaFX Application Thread] DEBUG PrimaryStageWindow   - Closing main window
11:03:07.886 [JavaFX Application Thread] DEBUG Logger               - Closing Logger
