23:44:01.140 [main                     ] DEBUG Logger               - Configured Logger
23:44:01.154 [main                     ] DEBUG GameApplication      - Logging settings
Title: Zelda 2D Game
Version: 1
Width: 800
Height: 800
Fullscreen: false
Intro: false
Profiling: false
Single step:false
App Mode: DEVELOPER
Menu Key: ESCAPE
Stage Style: DECORATED
Scene Factory: class com.almasb.fxgl.app.scene.SceneFactory

23:44:01.288 [JavaFX Application Thread] DEBUG FXGLApplication      - Initializing FXGL
23:44:01.292 [JavaFX Application Thread] INFO  Engine               - FXGL-17 (31.12.2021 18.16) on WINDOWS (J:21.0.2 FX:19)
23:44:01.293 [JavaFX Application Thread] DEBUG Engine               - JRE Vendor Name: Oracle Corporation
23:44:01.293 [JavaFX Application Thread] DEBUG Engine               - Running on OS: Windows 10 version 10.0
23:44:01.293 [JavaFX Application Thread] DEBUG Engine               - Architecture: amd64
23:44:01.294 [JavaFX Application Thread] INFO  Engine               - Source code and latest versions at: https://github.com/AlmasB/FXGL
23:44:01.294 [JavaFX Application Thread] INFO  Engine               -       Ask questions and discuss at: https://github.com/AlmasB/FXGL/discussions
23:44:01.294 [JavaFX Application Thread] INFO  Engine               -              Join the FXGL chat at: https://gitter.im/AlmasB/FXGL
23:44:01.366 [JavaFX Application Thread] DEBUG PrimaryStageWindow   - Creating a JavaFX scene
23:44:01.415 [JavaFX Application Thread] DEBUG PrimaryStageWindow   - Target settings size: 800.0 x 800.0
23:44:01.415 [JavaFX Application Thread] DEBUG PrimaryStageWindow   - Scaled scene size:    800.0 x 800.0
23:44:01.416 [JavaFX Application Thread] DEBUG PrimaryStageWindow   - Scaled ratio: (1.0, 1.0)
23:44:01.417 [JavaFX Application Thread] DEBUG PrimaryStageWindow   - Set initial scene to FXGLStartupScene
23:44:01.420 [JavaFX Application Thread] DEBUG PrimaryStageWindow   - Opening main window
23:44:01.501 [JavaFX Application Thread] DEBUG PrimaryStageWindow   - Window border size: (16.0, 39.0)
23:44:01.502 [JavaFX Application Thread] DEBUG PrimaryStageWindow   - Scaled size: 800.0 x 800.0
23:44:01.502 [JavaFX Application Thread] DEBUG PrimaryStageWindow   - Scaled ratio: (1.0, 1.0)
23:44:01.502 [JavaFX Application Thread] DEBUG PrimaryStageWindow   - Scene size: 800.0 x 800.0
23:44:01.502 [JavaFX Application Thread] DEBUG PrimaryStageWindow   - Stage size: 816.0 x 839.0
23:44:01.509 [FXGL Background Thread 1 ] DEBUG Engine               - Initializing environment variables
23:44:01.558 [FXGL Background Thread 1 ] DEBUG FXGLAssetLoaderServi - User app class for loading assets: class com.example.zeldapuzzle.MainGameApp
23:44:01.558 [FXGL Background Thread 1 ] DEBUG GameApplicationServi - Applying CSS: fxgl_dark.css
23:44:01.559 [FXGL Background Thread 1 ] DEBUG FXGLAssetLoaderServi - Loading from file system: jar:file:///C:/Users/mbour/.m2/repository/com/github/almasb/fxgl/17/fxgl-17.jar!/fxglassets/ui/css/fxgl_dark.css
23:44:01.597 [FXGL Background Thread 1 ] DEBUG GameApplicationServi - Initializing application scenes
23:44:01.629 [FXGL Background Thread 1 ] DEBUG GameWorld            - Game world initialized
23:44:01.686 [FXGL Background Thread 1 ] DEBUG PhysicsWorld         - Physics world initialized: appHeight=800, physics.ppm=50,0
23:44:01.686 [FXGL Background Thread 1 ] DEBUG PhysicsWorld         - Using strategy: BRUTE_FORCE
23:44:01.689 [FXGL Background Thread 1 ] DEBUG GameScene            - Game scene initialized: 800x800
23:44:01.701 [FXGL Background Thread 1 ] DEBUG FXGL.DefaultMenu     - createMenuBodyMainMenu()
23:44:01.714 [FXGL Background Thread 1 ] DEBUG FXGL.DefaultMenu     - createOptionsMenu()
23:44:01.721 [FXGL Background Thread 1 ] DEBUG FXGLAssetLoaderServi - Loading from file system: jar:file:///C:/Users/mbour/.m2/repository/com/github/almasb/fxgl/17/fxgl-17.jar!/fxglassets/textures/particles/smoke.png
23:44:01.787 [FXGL Background Thread 1 ] DEBUG FXGLAssetLoaderServi - Loading from file system: jar:file:///C:/Users/mbour/.m2/repository/com/github/almasb/fxgl/17/fxgl-17.jar!/fxglassets/textures/particles/trace_horizontal.png
23:44:01.803 [FXGL Background Thread 1 ] DEBUG FXGL.DefaultMenu     - createMenuBodyGameMenu()
23:44:01.804 [FXGL Background Thread 1 ] DEBUG FXGL.DefaultMenu     - createOptionsMenu()
23:44:01.818 [FXGL Background Thread 1 ] DEBUG GameApplicationServi - Application scenes initialized
23:44:01.829 [FXGL Background Thread 1 ] DEBUG SystemBundleService  - Loading FXGL system data
23:44:01.833 [FXGL Background Thread 1 ] DEBUG FileSystemAccess     - Reading from: C:\Users\mbour\OneDrive\Bureau\Zelda TOTK WINRAR\zeldaPuzzle\system\fxgl.bundle
23:44:01.842 [FXGL Background Thread 1 ] DEBUG SystemBundleService  - Bundle FXGL: {}
23:44:01.843 [FXGL Background Thread 1 ] DEBUG UpdaterService       - Checking for updates
23:44:01.867 [FXGL Background Thread 4 ] DEBUG FXGLApplication      - Loading fonts
23:44:01.867 [FXGL Background Thread 1 ] DEBUG FXGLApplication      - Loading default localization
23:44:01.868 [FXGL Background Thread 4 ] DEBUG FXGLAssetLoaderServi - Loading from file system: jar:file:///C:/Users/mbour/.m2/repository/com/github/almasb/fxgl/17/fxgl-17.jar!/fxglassets/ui/fonts/VarelaRound-Regular.ttf
23:44:01.868 [FXGL Background Thread 1 ] DEBUG FXGLAssetLoaderServi - Loading from file system: jar:file:///C:/Users/mbour/.m2/repository/com/github/almasb/fxgl/17/fxgl-17.jar!/fxglassets/languages/english.lang
23:44:01.887 [FXGL Background Thread 1 ] INFO  FXGLApplication      - FXGL initialization took: 0,377 sec
23:44:01.902 [JavaFX Application Thread] DEBUG Input                - Registered new binding: getPosition - P
23:44:01.902 [JavaFX Application Thread] DEBUG Input                - Registered new binding: zoom+ - Up
23:44:01.903 [JavaFX Application Thread] DEBUG Input                - Registered new binding: zoom- - Down
23:44:01.903 [JavaFX Application Thread] DEBUG Input                - Registered new binding: resetZoom - 0
23:44:01.903 [JavaFX Application Thread] DEBUG Input                - Registered new binding: Move right - D
23:44:01.903 [JavaFX Application Thread] DEBUG Input                - Registered new binding: Move left - A
23:44:01.904 [JavaFX Application Thread] DEBUG Input                - Registered new binding: Move Up - W
23:44:01.904 [JavaFX Application Thread] DEBUG Input                - Registered new binding: Move Down - S
23:44:01.904 [JavaFX Application Thread] DEBUG FXGLAssetLoaderServi - Loading from file system: jar:file:///C:/Users/mbour/.m2/repository/com/github/almasb/fxgl/17/fxgl-17.jar!/fxglassets/textures/fxgl_icon.png
23:44:01.912 [FXGL Background Thread 4 ] DEBUG FXGLAssetLoaderServi - Loading from file system: jar:file:///C:/Users/mbour/.m2/repository/com/github/almasb/fxgl/17/fxgl-17.jar!/fxglassets/ui/fonts/Abel-Regular.ttf
23:44:01.920 [JavaFX Application Thread] DEBUG FXGLAssetLoaderServi - Loading from file system: jar:file:///C:/Users/mbour/.m2/repository/com/github/almasb/fxgl/17/fxgl-17.jar!/fxglassets/textures/fxgl_default_cursor.png
23:44:01.923 [JavaFX Application Thread] DEBUG Input                - Registered new binding: Screenshot - CTRL+8
23:44:01.924 [JavaFX Application Thread] DEBUG Input                - Registered new binding: Dev Options - 1
23:44:01.924 [JavaFX Application Thread] DEBUG Input                - Registered new binding: Dev Console - 2
23:44:01.925 [JavaFX Application Thread] DEBUG Input                - Registered new binding: System info dump - CTRL+9
23:44:01.925 [FXGL Background Thread 4 ] DEBUG FXGLAssetLoaderServi - Loading from file system: jar:file:///C:/Users/mbour/.m2/repository/com/github/almasb/fxgl/17/fxgl-17.jar!/fxglassets/ui/fonts/TerminalLandMono-Regular.otf
23:44:01.925 [JavaFX Application Thread] DEBUG Input                - Registered new binding: Restart - CTRL+R
23:44:01.926 [JavaFX Application Thread] DEBUG Input                - Registered new binding: Toggle Debug Camera - CTRL+7
23:44:01.930 [JavaFX Application Thread] DEBUG LoopRunner           - Starting loop
23:44:01.937 [FXGL Background Thread 4 ] DEBUG FXGLAssetLoaderServi - Loading from file system: jar:file:///C:/Users/mbour/.m2/repository/com/github/almasb/fxgl/17/fxgl-17.jar!/fxglassets/ui/fonts/Courier-Prime.ttf
23:44:01.943 [JavaFX Application Thread] DEBUG LoopRunner           - Initializing JavaFX AnimationTimerLoop
23:44:01.947 [JavaFX Application Thread] DEBUG Input                - Clearing active input actions
23:44:01.958 [JavaFX Application Thread] DEBUG GameApplicationServi - Removing overlay from FXGLStartupScene and adding to FXGLMainMenuDummyScene
23:44:01.963 [JavaFX Application Thread] DEBUG PrimaryStageWindow   - FXGLStartupScene -> FXGLMainMenuDummyScene
23:44:01.963 [JavaFX Application Thread] DEBUG PrimaryStageWindow   - Push state: FXGLDefaultMenu
23:44:01.966 [JavaFX Application Thread] DEBUG Input                - Clearing active input actions
23:44:01.975 [JavaFX Application Thread] DEBUG GameApplicationServi - Removing overlay from FXGLMainMenuDummyScene and adding to FXGLDefaultMenu
23:44:01.976 [JavaFX Application Thread] DEBUG PrimaryStageWindow   - FXGLMainMenuDummyScene -> FXGLDefaultMenu
23:44:02.198 [JavaFX Application Thread] DEBUG FXGLApplication      - Registering font factories with UI factory
23:44:02.319 [FXGL Background Thread 2 ] INFO  UpdaterService       - Your current version:  17
23:44:02.320 [FXGL Background Thread 2 ] INFO  UpdaterService       - Latest stable version: 21.1
23:44:02.839 [JavaFX Application Thread] DEBUG Menu                 - fireNewGame()
23:44:02.839 [JavaFX Application Thread] DEBUG GameApplicationServi - Starting new game
23:44:02.840 [JavaFX Application Thread] DEBUG PrimaryStageWindow   - Pop state: FXGLDefaultMenu
23:44:02.840 [JavaFX Application Thread] DEBUG Input                - Clearing active input actions
23:44:02.842 [JavaFX Application Thread] DEBUG GameApplicationServi - Removing overlay from FXGLDefaultMenu and adding to FXGLMainMenuDummyScene
23:44:02.844 [JavaFX Application Thread] DEBUG PrimaryStageWindow   - FXGLMainMenuDummyScene <- FXGLDefaultMenu
23:44:02.845 [JavaFX Application Thread] DEBUG Input                - Clearing active input actions
23:44:02.852 [JavaFX Application Thread] DEBUG GameApplicationServi - Removing overlay from FXGLMainMenuDummyScene and adding to FXGLLoadingScene
23:44:02.853 [JavaFX Application Thread] DEBUG PrimaryStageWindow   - FXGLMainMenuDummyScene -> FXGLLoadingScene
23:44:02.854 [JavaFX Application Thread] DEBUG GameApplicationServi - Clearing previous game
23:44:02.854 [JavaFX Application Thread] DEBUG GameScene            - Clearing game scene
23:44:02.854 [JavaFX Application Thread] DEBUG GameWorld            - Clearing game world
23:44:02.854 [JavaFX Application Thread] DEBUG PhysicsWorld         - Clearing physics world
23:44:02.856 [FXGL Background Thread 2 ] DEBUG FXGLApplication      - Initializing game
23:44:02.916 [FXGL Background Thread 2 ] WARN  TMXLevelLoader       - TiledMap generated from 1.10.2. Supported version: 1.2.3. Some features may not be parsed fully.
23:44:02.925 [FXGL Background Thread 2 ] DEBUG TMXLevelLoader       - Parsed TiledMap: file:/C:/Users/mbour/OneDrive/Bureau/Zelda%20TOTK%20WINRAR/zeldaPuzzle/target/classes/assets/levels/StartingMap.tmx
23:44:02.926 [FXGL Background Thread 2 ] DEBUG TMXLevelLoader       - Creating tile layer entities
23:44:02.929 [FXGL Background Thread 2 ] DEBUG TilesetLoader        - Loading view for layer Calque de Tuiles 1
23:44:02.932 [FXGL Background Thread 2 ] DEBUG TilesetLoader        - Created buffer with size 1920.0x1920.0
23:44:02.942 [FXGL Background Thread 2 ] DEBUG TilesetLoader        - Loading view for layer Calque de Tuiles 2
23:44:02.952 [FXGL Background Thread 2 ] DEBUG TilesetLoader        - Created buffer with size 1920.0x1920.0
23:44:02.968 [FXGL Background Thread 2 ] DEBUG TilesetLoader        - Loading view for layer Calque de Tuiles 3
23:44:02.977 [FXGL Background Thread 2 ] DEBUG TilesetLoader        - Created buffer with size 1920.0x1920.0
23:44:02.979 [FXGL Background Thread 2 ] DEBUG TMXLevelLoader       - Creating object layer entities
23:44:02.997 [FXGL Background Thread 2 ] DEBUG GameWorld            - Clearing removable entities
23:44:02.997 [FXGL Background Thread 2 ] DEBUG GameWorld            - Setting level: com.almasb.fxgl.entity.level.Level@4b33b3de
23:44:03.006 [FXGL Background Thread 2 ] WARN  GameWorld            - Entity is already attached to world
23:44:03.064 [FXGL Background Thread 2 ] WARN  GameWorld            - Entity is already attached to world
23:44:03.064 [FXGL Background Thread 2 ] INFO  FXGLApplication      - Game initialization took: 0,208 sec
23:44:03.065 [JavaFX Application Thread] DEBUG Input                - Clearing active input actions
23:44:03.070 [JavaFX Application Thread] DEBUG GameApplicationServi - Removing overlay from FXGLLoadingScene and adding to GameScene
23:44:03.072 [JavaFX Application Thread] DEBUG PrimaryStageWindow   - FXGLLoadingScene -> GameScene
23:44:04.769 [JavaFX Application Thread] WARN  FXGLAssetLoaderServi - Asset "/assets/levels/donjonpasFini2.tmx" was not found!
23:44:04.769 [JavaFX Application Thread] DEBUG LoopRunner           - Stopping loop
23:44:04.770 [JavaFX Application Thread] FATAL FXGLApplication      - Uncaught Exception:
java.lang.IllegalArgumentException: Loading level failed. Asset not found: donjonpasFini2.tmx
	at com.almasb.fxgl.all@17/com.almasb.fxgl.app.services.FXGLAssetLoaderService.loadLevel(FXGLAssetLoaderService.kt:443)
	at com.almasb.fxgl.all@17/com.almasb.fxgl.dsl.FXGL$Companion.setLevelFromMap(FXGL.kt:530)
	at com.almasb.fxgl.all@17/com.almasb.fxgl.dsl.FXGL.setLevelFromMap(FXGL.kt)
	at com.example.zeldapuzzle/com.example.zeldapuzzle.MainGameApp$9.onCollisionBegin(MainGameApp.java:184)
	at com.almasb.fxgl.entity@17/com.almasb.fxgl.physics.CollisionPair.collisionBegin(CollisionPair.java:37)
	at com.almasb.fxgl.entity@17/com.almasb.fxgl.physics.PhysicsWorld.collisionBeginFor(PhysicsWorld.java:453)
	at com.almasb.fxgl.entity@17/com.almasb.fxgl.physics.PhysicsWorld.beginContact(PhysicsWorld.java:235)
	at com.almasb.fxgl.entity@17/com.almasb.fxgl.physics.box2d.dynamics.contacts.Contact.update(Contact.java:269)
	at com.almasb.fxgl.entity@17/com.almasb.fxgl.physics.box2d.dynamics.ContactManager.collide(ContactManager.java:303)
	at com.almasb.fxgl.entity@17/com.almasb.fxgl.physics.box2d.dynamics.World.step(World.java:293)
	at com.almasb.fxgl.entity@17/com.almasb.fxgl.physics.PhysicsWorld.onUpdate(PhysicsWorld.java:176)
	at com.almasb.fxgl.all@17/com.almasb.fxgl.app.scene.GameScene.step(GameScene.kt:225)
	at com.almasb.fxgl.all@17/com.almasb.fxgl.app.scene.GameScene.onUpdate(GameScene.kt:220)
	at com.almasb.fxgl.scene@17/com.almasb.fxgl.scene.Scene.update(Scene.kt:105)
	at com.almasb.fxgl.all@17/com.almasb.fxgl.app.MainWindow$update$1.invoke(MainWindow.kt:115)
	at com.almasb.fxgl.all@17/com.almasb.fxgl.app.MainWindow$update$1.invoke(MainWindow.kt:115)
	at com.almasb.fxgl.core@17/com.almasb.fxgl.core.fsm.StateMachine.runOnActiveStates(StateMachine.kt:69)
	at com.almasb.fxgl.all@17/com.almasb.fxgl.app.MainWindow.update(MainWindow.kt:115)
	at com.almasb.fxgl.all@17/com.almasb.fxgl.app.FXGLApplication$GameApplicationService.onUpdate(FXGLApplication.kt:426)
	at com.almasb.fxgl.all@17/com.almasb.fxgl.app.Engine.loop(Engine.kt:134)
	at com.almasb.fxgl.all@17/com.almasb.fxgl.app.Engine.access$loop(Engine.kt:24)
	at com.almasb.fxgl.all@17/com.almasb.fxgl.app.Engine$loop$1.invoke(Engine.kt:28)
	at com.almasb.fxgl.all@17/com.almasb.fxgl.app.Engine$loop$1.invoke(Engine.kt:28)
	at com.almasb.fxgl.all@17/com.almasb.fxgl.app.LoopRunner.frame(LoopRunner.kt:103)
	at com.almasb.fxgl.all@17/com.almasb.fxgl.app.LoopRunner.access$frame(LoopRunner.kt:23)
	at com.almasb.fxgl.all@17/com.almasb.fxgl.app.LoopRunner$impl$2$1.onTick(LoopRunner.kt:57)
	at com.almasb.fxgl.all@17/com.almasb.fxgl.app.AnimationTimerLoop$timer$1.handle(LoopRunner.kt:137)
	at javafx.graphics@19/javafx.animation.AnimationTimer$AnimationTimerReceiver.lambda$handle$0(AnimationTimer.java:58)
	at java.base/java.security.AccessController.doPrivileged(AccessController.java:400)
	at javafx.graphics@19/javafx.animation.AnimationTimer$AnimationTimerReceiver.handle(AnimationTimer.java:57)
	at javafx.graphics@19/com.sun.scenario.animation.AbstractPrimaryTimer.timePulseImpl(AbstractPrimaryTimer.java:356)
	at javafx.graphics@19/com.sun.scenario.animation.AbstractPrimaryTimer$MainLoop.run(AbstractPrimaryTimer.java:266)
	at javafx.graphics@19/com.sun.javafx.tk.quantum.QuantumToolkit.pulse(QuantumToolkit.java:571)
	at javafx.graphics@19/com.sun.javafx.tk.quantum.QuantumToolkit.pulse(QuantumToolkit.java:555)
	at javafx.graphics@19/com.sun.javafx.tk.quantum.QuantumToolkit.pulseFromQueue(QuantumToolkit.java:548)
	at javafx.graphics@19/com.sun.javafx.tk.quantum.QuantumToolkit.lambda$runToolkit$11(QuantumToolkit.java:352)
	at javafx.graphics@19/com.sun.glass.ui.InvokeLaterDispatcher$Future.run(InvokeLaterDispatcher.java:96)
	at javafx.graphics@19/com.sun.glass.ui.win.WinApplication._runLoop(Native Method)
	at javafx.graphics@19/com.sun.glass.ui.win.WinApplication.lambda$runLoop$3(WinApplication.java:184)
	at java.base/java.lang.Thread.run(Thread.java:1583)

23:44:04.770 [JavaFX Application Thread] FATAL FXGLApplication      - Application will now exit
23:44:04.775 [JavaFX Application Thread] DEBUG PrimaryStageWindow   - Push state: ErrorSubScene
23:44:04.775 [JavaFX Application Thread] DEBUG Input                - Clearing active input actions
23:44:04.866 [FXGL Background Thread 3 ] DEBUG Engine               - Logging environment variables
23:44:04.866 [FXGL Background Thread 3 ] DEBUG Engine               - achievements: []
23:44:04.866 [FXGL Background Thread 3 ] DEBUG Engine               - actualHeight: 800.0
23:44:04.866 [FXGL Background Thread 3 ] DEBUG Engine               - actualHeightProperty: ReadOnlyDoubleProperty [value: 800.0]
23:44:04.866 [FXGL Background Thread 3 ] DEBUG Engine               - actualWidth: 800.0
23:44:04.866 [FXGL Background Thread 3 ] DEBUG Engine               - actualWidthProperty: ReadOnlyDoubleProperty [value: 800.0]
23:44:04.866 [FXGL Background Thread 3 ] DEBUG Engine               - appIcon: fxgl_icon.png
23:44:04.866 [FXGL Background Thread 3 ] DEBUG Engine               - applicationMode: DEVELOPER
23:44:04.867 [FXGL Background Thread 3 ] DEBUG Engine               - cSSList: [fxgl_dark.css]
23:44:04.867 [FXGL Background Thread 3 ] DEBUG Engine               - collisionDetectionStrategy: BRUTE_FORCE
23:44:04.867 [FXGL Background Thread 3 ] DEBUG Engine               - configClass: Optional.empty
23:44:04.867 [FXGL Background Thread 3 ] DEBUG Engine               - credits: []
23:44:04.867 [FXGL Background Thread 3 ] DEBUG Engine               - defaultCursor: CursorInfo(imageName=fxgl_default_cursor.png, hotspotX=7.0, hotspotY=6.0)
23:44:04.867 [FXGL Background Thread 3 ] DEBUG Engine               - devBBoxColorProperty: ObjectProperty [value: 0xff0000ff]
23:44:04.867 [FXGL Background Thread 3 ] DEBUG Engine               - devEnableDebugCameraProperty: BooleanProperty [value: false]
23:44:04.867 [FXGL Background Thread 3 ] DEBUG Engine               - devSensorColorProperty: ObjectProperty [value: 0xffff00ff]
23:44:04.867 [FXGL Background Thread 3 ] DEBUG Engine               - devShowBBoxProperty: BooleanProperty [value: false]
23:44:04.867 [FXGL Background Thread 3 ] DEBUG Engine               - devShowPositionProperty: BooleanProperty [value: false]
23:44:04.867 [FXGL Background Thread 3 ] DEBUG Engine               - enabledMenuItems: []
23:44:04.867 [FXGL Background Thread 3 ] DEBUG Engine               - engineServices: [class com.almasb.fxgl.app.services.FXGLAssetLoaderService, class com.almasb.fxgl.app.FXGLApplication$GameApplicationService, class com.almasb.fxgl.app.services.FXGLDialogService, class com.almasb.fxgl.app.services.IOTaskExecutorService, class com.almasb.fxgl.io.FileSystemService, class com.almasb.fxgl.localization.LocalizationService, class com.almasb.fxgl.app.services.SystemBundleService, class com.almasb.fxgl.profile.SaveLoadService, class com.almasb.fxgl.ui.FXGLUIFactoryServiceProvider, class com.almasb.fxgl.ui.FXGLDialogFactoryServiceProvider, class com.almasb.fxgl.audio.AudioPlayer, class com.almasb.fxgl.notification.impl.NotificationServiceProvider, class com.almasb.fxgl.achievement.AchievementService, class com.almasb.fxgl.cutscene.CutsceneService, class com.almasb.fxgl.minigames.MiniGameService, class com.almasb.fxgl.net.NetService, class com.almasb.fxgl.app.services.UpdaterService, class com.almasb.fxgl.dev.DevService]
23:44:04.868 [FXGL Background Thread 3 ] DEBUG Engine               - fontGame: Abel-Regular.ttf
23:44:04.868 [FXGL Background Thread 3 ] DEBUG Engine               - fontMono: TerminalLandMono-Regular.otf
23:44:04.868 [FXGL Background Thread 3 ] DEBUG Engine               - fontText: Courier-Prime.ttf
23:44:04.868 [FXGL Background Thread 3 ] DEBUG Engine               - fontUI: VarelaRound-Regular.ttf
23:44:04.868 [FXGL Background Thread 3 ] DEBUG Engine               - fullScreen: BooleanProperty [value: false]
23:44:04.868 [FXGL Background Thread 3 ] DEBUG Engine               - gameDifficulty: MEDIUM
23:44:04.868 [FXGL Background Thread 3 ] DEBUG Engine               - gameDifficultyProperty: ObjectProperty [value: MEDIUM]
23:44:04.868 [FXGL Background Thread 3 ] DEBUG Engine               - globalMusicVolume: 0.5
23:44:04.868 [FXGL Background Thread 3 ] DEBUG Engine               - globalMusicVolumeProperty: DoubleProperty [value: 0.5]
23:44:04.868 [FXGL Background Thread 3 ] DEBUG Engine               - globalSoundVolume: 0.5
23:44:04.868 [FXGL Background Thread 3 ] DEBUG Engine               - globalSoundVolumeProperty: DoubleProperty [value: 0.5]
23:44:04.868 [FXGL Background Thread 3 ] DEBUG Engine               - height: 800
23:44:04.868 [FXGL Background Thread 3 ] DEBUG Engine               - is3D: false
23:44:04.868 [FXGL Background Thread 3 ] DEBUG Engine               - isAndroid: false
23:44:04.868 [FXGL Background Thread 3 ] DEBUG Engine               - isBrowser: false
23:44:04.868 [FXGL Background Thread 3 ] DEBUG Engine               - isClickFeedbackEnabled: false
23:44:04.868 [FXGL Background Thread 3 ] DEBUG Engine               - isCloseConfirmation: false
23:44:04.868 [FXGL Background Thread 3 ] DEBUG Engine               - isDesktop: true
23:44:04.868 [FXGL Background Thread 3 ] DEBUG Engine               - isDeveloperMenuEnabled: true
23:44:04.868 [FXGL Background Thread 3 ] DEBUG Engine               - isEmbedded: false
23:44:04.869 [FXGL Background Thread 3 ] DEBUG Engine               - isEntityPreloadEnabled: true
23:44:04.869 [FXGL Background Thread 3 ] DEBUG Engine               - isExperimentalTiledLargeMap: false
23:44:04.869 [FXGL Background Thread 3 ] DEBUG Engine               - isFileSystemWriteAllowed: true
23:44:04.869 [FXGL Background Thread 3 ] DEBUG Engine               - isFullScreenAllowed: false
23:44:04.869 [FXGL Background Thread 3 ] DEBUG Engine               - isFullScreenFromStart: false
23:44:04.869 [FXGL Background Thread 3 ] DEBUG Engine               - isGameMenuEnabled: true
23:44:04.869 [FXGL Background Thread 3 ] DEBUG Engine               - isIOS: false
23:44:04.869 [FXGL Background Thread 3 ] DEBUG Engine               - isIntroEnabled: false
23:44:04.869 [FXGL Background Thread 3 ] DEBUG Engine               - isLinux: false
23:44:04.869 [FXGL Background Thread 3 ] DEBUG Engine               - isMac: false
23:44:04.869 [FXGL Background Thread 3 ] DEBUG Engine               - isMainMenuEnabled: true
23:44:04.869 [FXGL Background Thread 3 ] DEBUG Engine               - isManualResizeEnabled: false
23:44:04.869 [FXGL Background Thread 3 ] DEBUG Engine               - isMobile: false
23:44:04.869 [FXGL Background Thread 3 ] DEBUG Engine               - isNative: false
23:44:04.869 [FXGL Background Thread 3 ] DEBUG Engine               - isPauseMusicWhenMinimized: true
23:44:04.869 [FXGL Background Thread 3 ] DEBUG Engine               - isPreserveResizeRatio: false
23:44:04.869 [FXGL Background Thread 3 ] DEBUG Engine               - isProfilingEnabled: false
23:44:04.869 [FXGL Background Thread 3 ] DEBUG Engine               - isScaleAffectedOnResize: true
23:44:04.869 [FXGL Background Thread 3 ] DEBUG Engine               - isSingleStep: false
23:44:04.869 [FXGL Background Thread 3 ] DEBUG Engine               - isUserProfileEnabled: false
23:44:04.869 [FXGL Background Thread 3 ] DEBUG Engine               - isWindows: true
23:44:04.869 [FXGL Background Thread 3 ] DEBUG Engine               - language: ObjectProperty [value: ENGLISH]
23:44:04.869 [FXGL Background Thread 3 ] DEBUG Engine               - menuKey: ESCAPE
23:44:04.869 [FXGL Background Thread 3 ] DEBUG Engine               - mouseSensitivity: 0.2
23:44:04.870 [FXGL Background Thread 3 ] DEBUG Engine               - notificationViewClass: class com.almasb.fxgl.notification.view.XboxNotificationView
23:44:04.870 [FXGL Background Thread 3 ] DEBUG Engine               - pixelsPerMeter: 50.0
23:44:04.870 [FXGL Background Thread 3 ] DEBUG Engine               - platform: WINDOWS
23:44:04.870 [FXGL Background Thread 3 ] DEBUG Engine               - prefHeightProperty: ReadOnlyDoubleProperty [value: 800.0]
23:44:04.870 [FXGL Background Thread 3 ] DEBUG Engine               - prefWidthProperty: ReadOnlyDoubleProperty [value: 800.0]
23:44:04.870 [FXGL Background Thread 3 ] DEBUG Engine               - profileDir: profiles/
23:44:04.870 [FXGL Background Thread 3 ] DEBUG Engine               - profileName: StringProperty [value: DEFAULT]
23:44:04.870 [FXGL Background Thread 3 ] DEBUG Engine               - randomSeed: -1
23:44:04.870 [FXGL Background Thread 3 ] DEBUG Engine               - runtimeInfo: RuntimeInfo(platform=WINDOWS, version=17, build=31.12.2021 18.16)
23:44:04.870 [FXGL Background Thread 3 ] DEBUG Engine               - saveFileExt: sav
23:44:04.870 [FXGL Background Thread 3 ] DEBUG Engine               - scaledHeightProp$fxgl: DoubleProperty [bound, value: 800.0]
23:44:04.870 [FXGL Background Thread 3 ] DEBUG Engine               - scaledWidthProp$fxgl: DoubleProperty [bound, value: 800.0]
23:44:04.870 [FXGL Background Thread 3 ] DEBUG Engine               - sceneFactory: com.almasb.fxgl.app.scene.SceneFactory@301d5095
23:44:04.870 [FXGL Background Thread 3 ] DEBUG Engine               - secondsIn24h: 60
23:44:04.870 [FXGL Background Thread 3 ] DEBUG Engine               - soundMenuBack: menu/back.wav
23:44:04.870 [FXGL Background Thread 3 ] DEBUG Engine               - soundMenuPress: menu/press.wav
23:44:04.871 [FXGL Background Thread 3 ] DEBUG Engine               - soundMenuSelect: menu/select.wav
23:44:04.871 [FXGL Background Thread 3 ] DEBUG Engine               - soundNotification: core/notification.wav
23:44:04.871 [FXGL Background Thread 3 ] DEBUG Engine               - stageStyle: DECORATED
23:44:04.871 [FXGL Background Thread 3 ] DEBUG Engine               - supportedLanguages: [ENGLISH, FRENCH, GERMAN, HUNGARIAN, RUSSIAN]
23:44:04.871 [FXGL Background Thread 3 ] DEBUG Engine               - ticksPerSecond: -1
23:44:04.871 [FXGL Background Thread 3 ] DEBUG Engine               - title: Zelda 2D Game
23:44:04.871 [FXGL Background Thread 3 ] DEBUG Engine               - urlGithub: https://github.com/AlmasB/FXGL
23:44:04.871 [FXGL Background Thread 3 ] DEBUG Engine               - urlLeaderboard: http://fxgl-top.herokuapp.com/
23:44:04.871 [FXGL Background Thread 3 ] DEBUG Engine               - urlPOM: https://raw.githubusercontent.com/AlmasB/FXGL/release/README.md
23:44:04.871 [FXGL Background Thread 3 ] DEBUG Engine               - userAppClass: class com.example.zeldapuzzle.MainGameApp
23:44:04.871 [FXGL Background Thread 3 ] DEBUG Engine               - version: 1
23:44:04.871 [FXGL Background Thread 3 ] DEBUG Engine               - versionCheckDays: 7
23:44:04.871 [FXGL Background Thread 3 ] DEBUG Engine               - width: 800
23:44:04.871 [FXGL Background Thread 3 ] DEBUG Engine               - Logging services
23:44:04.871 [FXGL Background Thread 3 ] DEBUG Engine               - class com.almasb.fxgl.app.services.FXGLAssetLoaderService
23:44:04.871 [FXGL Background Thread 3 ] DEBUG Engine               - class com.almasb.fxgl.app.FXGLApplication$GameApplicationService
23:44:04.871 [FXGL Background Thread 3 ] DEBUG Engine               - class com.almasb.fxgl.app.services.FXGLDialogService
23:44:04.871 [FXGL Background Thread 3 ] DEBUG Engine               - class com.almasb.fxgl.app.services.IOTaskExecutorService
23:44:04.871 [FXGL Background Thread 3 ] DEBUG Engine               - class com.almasb.fxgl.io.FileSystemService
23:44:04.871 [FXGL Background Thread 3 ] DEBUG Engine               - class com.almasb.fxgl.localization.LocalizationService
23:44:04.871 [FXGL Background Thread 3 ] DEBUG Engine               - class com.almasb.fxgl.app.services.SystemBundleService
23:44:04.871 [FXGL Background Thread 3 ] DEBUG Engine               - class com.almasb.fxgl.profile.SaveLoadService
23:44:04.871 [FXGL Background Thread 3 ] DEBUG Engine               - class com.almasb.fxgl.ui.FXGLUIFactoryServiceProvider
23:44:04.871 [FXGL Background Thread 3 ] DEBUG Engine               - class com.almasb.fxgl.ui.FXGLDialogFactoryServiceProvider
23:44:04.872 [FXGL Background Thread 3 ] DEBUG Engine               - class com.almasb.fxgl.audio.AudioPlayer
23:44:04.872 [FXGL Background Thread 3 ] DEBUG Engine               - class com.almasb.fxgl.notification.impl.NotificationServiceProvider
23:44:04.872 [FXGL Background Thread 3 ] DEBUG Engine               - class com.almasb.fxgl.achievement.AchievementService
23:44:04.872 [FXGL Background Thread 3 ] DEBUG Engine               - class com.almasb.fxgl.cutscene.CutsceneService
23:44:04.872 [FXGL Background Thread 3 ] DEBUG Engine               - class com.almasb.fxgl.minigames.MiniGameService
23:44:04.872 [FXGL Background Thread 3 ] DEBUG Engine               - class com.almasb.fxgl.net.NetService
23:44:04.872 [FXGL Background Thread 3 ] DEBUG Engine               - class com.almasb.fxgl.app.services.UpdaterService
23:44:04.872 [FXGL Background Thread 3 ] DEBUG Engine               - class com.almasb.fxgl.dev.DevService
23:44:15.253 [JavaFX Application Thread] DEBUG FXGLApplication      - Exiting FXGL
23:44:15.253 [JavaFX Application Thread] DEBUG Async                - Shutting down background threads
23:44:15.253 [JavaFX Application Thread] DEBUG PrimaryStageWindow   - Closing main window
23:44:15.263 [JavaFX Application Thread] DEBUG Logger               - Closing Logger
