16:37:46.404 [main                     ] DEBUG Logger               - Configured Logger
16:37:46.418 [main                     ] DEBUG GameApplication      - Logging settings
Title: Zelda 2D Game
Version: 1
Width: 800
Height: 800
Fullscreen: true
Intro: false
Profiling: false
Single step:false
App Mode: DEVELOPER
Menu Key: ESCAPE
Stage Style: DECORATED
Scene Factory: class com.almasb.fxgl.app.scene.SceneFactory

16:37:46.550 [JavaFX Application Thread] DEBUG FXGLApplication      - Initializing FXGL
16:37:46.554 [JavaFX Application Thread] INFO  Engine               - FXGL-17 (31.12.2021 18.16) on WINDOWS (J:21.0.2 FX:19)
16:37:46.555 [JavaFX Application Thread] DEBUG Engine               - JRE Vendor Name: Oracle Corporation
16:37:46.555 [JavaFX Application Thread] DEBUG Engine               - Running on OS: Windows 10 version 10.0
16:37:46.555 [JavaFX Application Thread] DEBUG Engine               - Architecture: amd64
16:37:46.555 [JavaFX Application Thread] INFO  Engine               - Source code and latest versions at: https://github.com/AlmasB/FXGL
16:37:46.555 [JavaFX Application Thread] INFO  Engine               -       Ask questions and discuss at: https://github.com/AlmasB/FXGL/discussions
16:37:46.555 [JavaFX Application Thread] INFO  Engine               -              Join the FXGL chat at: https://gitter.im/AlmasB/FXGL
16:37:46.636 [JavaFX Application Thread] DEBUG PrimaryStageWindow   - Creating a JavaFX scene
16:37:46.694 [JavaFX Application Thread] DEBUG PrimaryStageWindow   - Target settings size: 800.0 x 800.0
16:37:46.694 [JavaFX Application Thread] DEBUG PrimaryStageWindow   - Scaled scene size:    800.0 x 800.0
16:37:46.695 [JavaFX Application Thread] DEBUG PrimaryStageWindow   - Scaled ratio: (1.0, 1.0)
16:37:46.696 [JavaFX Application Thread] DEBUG PrimaryStageWindow   - Set initial scene to FXGLStartupScene
16:37:46.700 [JavaFX Application Thread] DEBUG PrimaryStageWindow   - Opening main window
16:37:46.810 [JavaFX Application Thread] DEBUG PrimaryStageWindow   - Window border size: (16.0, 39.0)
16:37:46.810 [JavaFX Application Thread] DEBUG PrimaryStageWindow   - Scaled size: 800.0 x 800.0
16:37:46.810 [JavaFX Application Thread] DEBUG PrimaryStageWindow   - Scaled ratio: (1.0, 1.0)
16:37:46.811 [JavaFX Application Thread] DEBUG PrimaryStageWindow   - Scene size: 800.0 x 800.0
16:37:46.811 [JavaFX Application Thread] DEBUG PrimaryStageWindow   - Stage size: 816.0 x 839.0
16:37:46.820 [FXGL Background Thread 1 ] DEBUG Engine               - Initializing environment variables
16:37:46.874 [FXGL Background Thread 1 ] DEBUG FXGLAssetLoaderServi - User app class for loading assets: class com.example.zeldapuzzle.MainGameApp
16:37:46.874 [FXGL Background Thread 1 ] DEBUG GameApplicationServi - Applying CSS: fxgl_dark.css
16:37:46.875 [FXGL Background Thread 1 ] DEBUG FXGLAssetLoaderServi - Loading from file system: jar:file:///C:/Users/mbour/.m2/repository/com/github/almasb/fxgl/17/fxgl-17.jar!/fxglassets/ui/css/fxgl_dark.css
16:37:46.921 [FXGL Background Thread 1 ] DEBUG GameApplicationServi - Initializing application scenes
16:37:46.956 [FXGL Background Thread 1 ] DEBUG GameWorld            - Game world initialized
16:37:47.029 [FXGL Background Thread 1 ] DEBUG PhysicsWorld         - Physics world initialized: appHeight=800, physics.ppm=50,0
16:37:47.030 [FXGL Background Thread 1 ] DEBUG PhysicsWorld         - Using strategy: BRUTE_FORCE
16:37:47.034 [FXGL Background Thread 1 ] DEBUG GameScene            - Game scene initialized: 800x800
16:37:47.047 [FXGL Background Thread 1 ] DEBUG FXGL.DefaultMenu     - createMenuBodyMainMenu()
16:37:47.062 [FXGL Background Thread 1 ] DEBUG FXGL.DefaultMenu     - createOptionsMenu()
16:37:47.071 [FXGL Background Thread 1 ] DEBUG FXGLAssetLoaderServi - Loading from file system: jar:file:///C:/Users/mbour/.m2/repository/com/github/almasb/fxgl/17/fxgl-17.jar!/fxglassets/textures/particles/smoke.png
16:37:47.154 [FXGL Background Thread 1 ] DEBUG FXGLAssetLoaderServi - Loading from file system: jar:file:///C:/Users/mbour/.m2/repository/com/github/almasb/fxgl/17/fxgl-17.jar!/fxglassets/textures/particles/trace_horizontal.png
16:37:47.170 [FXGL Background Thread 1 ] DEBUG FXGL.DefaultMenu     - createMenuBodyGameMenu()
16:37:47.172 [FXGL Background Thread 1 ] DEBUG FXGL.DefaultMenu     - createOptionsMenu()
16:37:47.189 [FXGL Background Thread 1 ] DEBUG GameApplicationServi - Application scenes initialized
16:37:47.203 [FXGL Background Thread 1 ] DEBUG SystemBundleService  - Loading FXGL system data
16:37:47.207 [FXGL Background Thread 1 ] DEBUG FileSystemAccess     - Reading from: C:\Users\mbour\OneDrive\Bureau\Zelda TOTK WINRAR\zeldaPuzzle\system\fxgl.bundle
16:37:47.218 [FXGL Background Thread 1 ] DEBUG SystemBundleService  - Bundle FXGL: {}
16:37:47.218 [FXGL Background Thread 1 ] DEBUG UpdaterService       - Checking for updates
16:37:47.251 [FXGL Background Thread 4 ] DEBUG FXGLApplication      - Loading fonts
16:37:47.251 [FXGL Background Thread 1 ] DEBUG FXGLApplication      - Loading default localization
16:37:47.251 [FXGL Background Thread 4 ] DEBUG FXGLAssetLoaderServi - Loading from file system: jar:file:///C:/Users/mbour/.m2/repository/com/github/almasb/fxgl/17/fxgl-17.jar!/fxglassets/ui/fonts/VarelaRound-Regular.ttf
16:37:47.252 [FXGL Background Thread 1 ] DEBUG FXGLAssetLoaderServi - Loading from file system: jar:file:///C:/Users/mbour/.m2/repository/com/github/almasb/fxgl/17/fxgl-17.jar!/fxglassets/languages/english.lang
16:37:47.273 [FXGL Background Thread 1 ] INFO  FXGLApplication      - FXGL initialization took: 0,454 sec
16:37:47.284 [JavaFX Application Thread] DEBUG Input                - Registered new binding: inventaire - Tab
16:37:47.285 [JavaFX Application Thread] DEBUG Input                - Registered new binding: getPosition - P
16:37:47.285 [JavaFX Application Thread] DEBUG Input                - Registered new binding: zoom+ - Up
16:37:47.285 [JavaFX Application Thread] DEBUG Input                - Registered new binding: zoom- - Down
16:37:47.285 [JavaFX Application Thread] DEBUG Input                - Registered new binding: resetZoom - 0
16:37:47.286 [JavaFX Application Thread] DEBUG Input                - Registered new binding: Move right - D
16:37:47.286 [JavaFX Application Thread] DEBUG Input                - Registered new binding: Move left - A
16:37:47.286 [JavaFX Application Thread] DEBUG Input                - Registered new binding: Move Up - W
16:37:47.286 [JavaFX Application Thread] DEBUG Input                - Registered new binding: Move Down - S
16:37:47.287 [JavaFX Application Thread] DEBUG FXGLAssetLoaderServi - Loading from file system: jar:file:///C:/Users/mbour/.m2/repository/com/github/almasb/fxgl/17/fxgl-17.jar!/fxglassets/textures/fxgl_icon.png
16:37:47.293 [FXGL Background Thread 4 ] DEBUG FXGLAssetLoaderServi - Loading from file system: jar:file:///C:/Users/mbour/.m2/repository/com/github/almasb/fxgl/17/fxgl-17.jar!/fxglassets/ui/fonts/Abel-Regular.ttf
16:37:47.301 [JavaFX Application Thread] DEBUG FXGLAssetLoaderServi - Loading from file system: jar:file:///C:/Users/mbour/.m2/repository/com/github/almasb/fxgl/17/fxgl-17.jar!/fxglassets/textures/fxgl_default_cursor.png
16:37:47.303 [JavaFX Application Thread] DEBUG Input                - Registered new binding: Screenshot - CTRL+8
16:37:47.304 [JavaFX Application Thread] DEBUG Input                - Registered new binding: Dev Options - 1
16:37:47.304 [JavaFX Application Thread] DEBUG Input                - Registered new binding: Dev Console - 2
16:37:47.305 [JavaFX Application Thread] DEBUG Input                - Registered new binding: System info dump - CTRL+9
16:37:47.305 [JavaFX Application Thread] DEBUG Input                - Registered new binding: Restart - CTRL+R
16:37:47.306 [JavaFX Application Thread] DEBUG Input                - Registered new binding: Toggle Debug Camera - CTRL+7
16:37:47.309 [JavaFX Application Thread] DEBUG LoopRunner           - Starting loop
16:37:47.309 [FXGL Background Thread 4 ] DEBUG FXGLAssetLoaderServi - Loading from file system: jar:file:///C:/Users/mbour/.m2/repository/com/github/almasb/fxgl/17/fxgl-17.jar!/fxglassets/ui/fonts/TerminalLandMono-Regular.otf
16:37:47.324 [JavaFX Application Thread] DEBUG LoopRunner           - Initializing JavaFX AnimationTimerLoop
16:37:47.327 [JavaFX Application Thread] DEBUG Input                - Clearing active input actions
16:37:47.337 [JavaFX Application Thread] DEBUG GameApplicationServi - Removing overlay from FXGLStartupScene and adding to FXGLMainMenuDummyScene
16:37:47.338 [FXGL Background Thread 4 ] DEBUG FXGLAssetLoaderServi - Loading from file system: jar:file:///C:/Users/mbour/.m2/repository/com/github/almasb/fxgl/17/fxgl-17.jar!/fxglassets/ui/fonts/Courier-Prime.ttf
16:37:47.342 [JavaFX Application Thread] DEBUG PrimaryStageWindow   - FXGLStartupScene -> FXGLMainMenuDummyScene
16:37:47.342 [JavaFX Application Thread] DEBUG PrimaryStageWindow   - Push state: FXGLDefaultMenu
16:37:47.345 [JavaFX Application Thread] DEBUG Input                - Clearing active input actions
16:37:47.353 [JavaFX Application Thread] DEBUG GameApplicationServi - Removing overlay from FXGLMainMenuDummyScene and adding to FXGLDefaultMenu
16:37:47.354 [JavaFX Application Thread] DEBUG PrimaryStageWindow   - FXGLMainMenuDummyScene -> FXGLDefaultMenu
16:37:47.575 [JavaFX Application Thread] DEBUG FXGLApplication      - Exiting FXGL
16:37:47.575 [JavaFX Application Thread] DEBUG LoopRunner           - Stopping loop
16:37:47.575 [JavaFX Application Thread] DEBUG SystemBundleService  - Saving FXGL system data
16:37:47.578 [JavaFX Application Thread] DEBUG FileSystemAccess     - Writing to: C:\Users\mbour\OneDrive\Bureau\Zelda TOTK WINRAR\zeldaPuzzle\system\fxgl.bundle
16:37:47.581 [JavaFX Application Thread] DEBUG Async                - Shutting down background threads
16:37:47.582 [JavaFX Application Thread] DEBUG PrimaryStageWindow   - Closing main window
16:37:47.678 [FXGL Background Thread 2 ] INFO  UpdaterService       - Your current version:  17
16:37:47.679 [FXGL Background Thread 2 ] INFO  UpdaterService       - Latest stable version: 21.1
16:37:47.686 [JavaFX Application Thread] DEBUG Logger               - Closing Logger
