23:39:53.130 [main                     ] DEBUG Logger               - Configured Logger
23:39:53.148 [main                     ] DEBUG GameApplication      - Logging settings
Title: Zelda 2D Game
Version: 1
Width: 800
Height: 800
Fullscreen: true
Intro: false
Profiling: false
Single step:false
App Mode: DEVELOPER
Menu Key: ESCAPE
Stage Style: DECORATED
Scene Factory: class com.almasb.fxgl.app.scene.SceneFactory

23:39:53.320 [JavaFX Application Thread] DEBUG FXGLApplication      - Initializing FXGL
23:39:53.326 [JavaFX Application Thread] INFO  Engine               - FXGL-17 (31.12.2021 18.16) on WINDOWS (J:21.0.2 FX:19)
23:39:53.327 [JavaFX Application Thread] DEBUG Engine               - JRE Vendor Name: Oracle Corporation
23:39:53.327 [JavaFX Application Thread] DEBUG Engine               - Running on OS: Windows 10 version 10.0
23:39:53.327 [JavaFX Application Thread] DEBUG Engine               - Architecture: amd64
23:39:53.327 [JavaFX Application Thread] INFO  Engine               - Source code and latest versions at: https://github.com/AlmasB/FXGL
23:39:53.327 [JavaFX Application Thread] INFO  Engine               -       Ask questions and discuss at: https://github.com/AlmasB/FXGL/discussions
23:39:53.328 [JavaFX Application Thread] INFO  Engine               -              Join the FXGL chat at: https://gitter.im/AlmasB/FXGL
23:39:53.415 [JavaFX Application Thread] DEBUG PrimaryStageWindow   - Creating a JavaFX scene
23:39:53.465 [JavaFX Application Thread] DEBUG PrimaryStageWindow   - Target settings size: 800.0 x 800.0
23:39:53.466 [JavaFX Application Thread] DEBUG PrimaryStageWindow   - Scaled scene size:    800.0 x 800.0
23:39:53.466 [JavaFX Application Thread] DEBUG PrimaryStageWindow   - Scaled ratio: (1.0, 1.0)
23:39:53.467 [JavaFX Application Thread] DEBUG PrimaryStageWindow   - Set initial scene to FXGLStartupScene
23:39:53.471 [JavaFX Application Thread] DEBUG PrimaryStageWindow   - Opening main window
23:39:53.567 [JavaFX Application Thread] DEBUG PrimaryStageWindow   - Window border size: (16.0, 39.0)
23:39:53.567 [JavaFX Application Thread] DEBUG PrimaryStageWindow   - Scaled size: 800.0 x 800.0
23:39:53.568 [JavaFX Application Thread] DEBUG PrimaryStageWindow   - Scaled ratio: (1.0, 1.0)
23:39:53.568 [JavaFX Application Thread] DEBUG PrimaryStageWindow   - Scene size: 800.0 x 800.0
23:39:53.568 [JavaFX Application Thread] DEBUG PrimaryStageWindow   - Stage size: 816.0 x 839.0
23:39:53.576 [FXGL Background Thread 1 ] DEBUG Engine               - Initializing environment variables
23:39:53.631 [FXGL Background Thread 1 ] DEBUG FXGLAssetLoaderServi - User app class for loading assets: class com.example.zeldapuzzle.MainGameApp
23:39:53.631 [FXGL Background Thread 1 ] DEBUG GameApplicationServi - Applying CSS: fxgl_dark.css
23:39:53.632 [FXGL Background Thread 1 ] DEBUG FXGLAssetLoaderServi - Loading from file system: jar:file:///C:/Users/mbour/.m2/repository/com/github/almasb/fxgl/17/fxgl-17.jar!/fxglassets/ui/css/fxgl_dark.css
23:39:53.681 [FXGL Background Thread 1 ] DEBUG GameApplicationServi - Initializing application scenes
23:39:53.720 [FXGL Background Thread 1 ] DEBUG GameWorld            - Game world initialized
23:39:53.787 [FXGL Background Thread 1 ] DEBUG PhysicsWorld         - Physics world initialized: appHeight=800, physics.ppm=50,0
23:39:53.788 [FXGL Background Thread 1 ] DEBUG PhysicsWorld         - Using strategy: BRUTE_FORCE
23:39:53.792 [FXGL Background Thread 1 ] DEBUG GameScene            - Game scene initialized: 800x800
23:39:53.808 [FXGL Background Thread 1 ] DEBUG FXGL.DefaultMenu     - createMenuBodyMainMenu()
23:39:53.821 [FXGL Background Thread 1 ] DEBUG FXGL.DefaultMenu     - createOptionsMenu()
23:39:53.833 [FXGL Background Thread 1 ] DEBUG FXGLAssetLoaderServi - Loading from file system: jar:file:///C:/Users/mbour/.m2/repository/com/github/almasb/fxgl/17/fxgl-17.jar!/fxglassets/textures/particles/smoke.png
23:39:53.918 [FXGL Background Thread 1 ] DEBUG FXGLAssetLoaderServi - Loading from file system: jar:file:///C:/Users/mbour/.m2/repository/com/github/almasb/fxgl/17/fxgl-17.jar!/fxglassets/textures/particles/trace_horizontal.png
23:39:53.936 [FXGL Background Thread 1 ] DEBUG FXGL.DefaultMenu     - createMenuBodyGameMenu()
23:39:53.938 [FXGL Background Thread 1 ] DEBUG FXGL.DefaultMenu     - createOptionsMenu()
23:39:53.953 [FXGL Background Thread 1 ] DEBUG GameApplicationServi - Application scenes initialized
23:39:53.965 [FXGL Background Thread 1 ] DEBUG SystemBundleService  - Loading FXGL system data
23:39:53.970 [FXGL Background Thread 1 ] DEBUG FileSystemAccess     - Reading from: C:\Users\mbour\OneDrive\Bureau\Zelda TOTK WINRAR\zeldaPuzzle\system\fxgl.bundle
23:39:53.981 [FXGL Background Thread 1 ] DEBUG SystemBundleService  - Bundle FXGL: {}
23:39:53.981 [FXGL Background Thread 1 ] DEBUG UpdaterService       - Checking for updates
23:39:54.012 [FXGL Background Thread 4 ] DEBUG FXGLApplication      - Loading fonts
23:39:54.012 [FXGL Background Thread 1 ] DEBUG FXGLApplication      - Loading default localization
23:39:54.013 [FXGL Background Thread 4 ] DEBUG FXGLAssetLoaderServi - Loading from file system: jar:file:///C:/Users/mbour/.m2/repository/com/github/almasb/fxgl/17/fxgl-17.jar!/fxglassets/ui/fonts/VarelaRound-Regular.ttf
23:39:54.013 [FXGL Background Thread 1 ] DEBUG FXGLAssetLoaderServi - Loading from file system: jar:file:///C:/Users/mbour/.m2/repository/com/github/almasb/fxgl/17/fxgl-17.jar!/fxglassets/languages/english.lang
23:39:54.032 [FXGL Background Thread 1 ] INFO  FXGLApplication      - FXGL initialization took: 0,456 sec
23:39:54.047 [JavaFX Application Thread] DEBUG Input                - Registered new binding: inventaire - Tab
23:39:54.047 [JavaFX Application Thread] DEBUG Input                - Registered new binding: getPosition - P
23:39:54.048 [JavaFX Application Thread] DEBUG Input                - Registered new binding: zoom+ - Up
23:39:54.048 [JavaFX Application Thread] DEBUG Input                - Registered new binding: zoom- - Down
23:39:54.048 [JavaFX Application Thread] DEBUG Input                - Registered new binding: resetZoom - 0
23:39:54.049 [JavaFX Application Thread] DEBUG Input                - Registered new binding: Move right - D
23:39:54.049 [JavaFX Application Thread] DEBUG Input                - Registered new binding: Move left - A
23:39:54.049 [JavaFX Application Thread] DEBUG Input                - Registered new binding: Move Up - W
23:39:54.050 [JavaFX Application Thread] DEBUG Input                - Registered new binding: Move Down - S
23:39:54.050 [JavaFX Application Thread] DEBUG FXGLAssetLoaderServi - Loading from file system: jar:file:///C:/Users/mbour/.m2/repository/com/github/almasb/fxgl/17/fxgl-17.jar!/fxglassets/textures/fxgl_icon.png
23:39:54.059 [FXGL Background Thread 4 ] DEBUG FXGLAssetLoaderServi - Loading from file system: jar:file:///C:/Users/mbour/.m2/repository/com/github/almasb/fxgl/17/fxgl-17.jar!/fxglassets/ui/fonts/Abel-Regular.ttf
23:39:54.066 [JavaFX Application Thread] DEBUG FXGLAssetLoaderServi - Loading from file system: jar:file:///C:/Users/mbour/.m2/repository/com/github/almasb/fxgl/17/fxgl-17.jar!/fxglassets/textures/fxgl_default_cursor.png
23:39:54.069 [JavaFX Application Thread] DEBUG Input                - Registered new binding: Screenshot - CTRL+8
23:39:54.070 [JavaFX Application Thread] DEBUG Input                - Registered new binding: Dev Options - 1
23:39:54.070 [JavaFX Application Thread] DEBUG Input                - Registered new binding: Dev Console - 2
23:39:54.071 [JavaFX Application Thread] DEBUG Input                - Registered new binding: System info dump - CTRL+9
23:39:54.071 [JavaFX Application Thread] DEBUG Input                - Registered new binding: Restart - CTRL+R
23:39:54.072 [JavaFX Application Thread] DEBUG Input                - Registered new binding: Toggle Debug Camera - CTRL+7
23:39:54.073 [FXGL Background Thread 4 ] DEBUG FXGLAssetLoaderServi - Loading from file system: jar:file:///C:/Users/mbour/.m2/repository/com/github/almasb/fxgl/17/fxgl-17.jar!/fxglassets/ui/fonts/TerminalLandMono-Regular.otf
23:39:54.075 [JavaFX Application Thread] DEBUG LoopRunner           - Starting loop
23:39:54.086 [FXGL Background Thread 4 ] DEBUG FXGLAssetLoaderServi - Loading from file system: jar:file:///C:/Users/mbour/.m2/repository/com/github/almasb/fxgl/17/fxgl-17.jar!/fxglassets/ui/fonts/Courier-Prime.ttf
23:39:54.090 [JavaFX Application Thread] DEBUG LoopRunner           - Initializing JavaFX AnimationTimerLoop
23:39:54.093 [JavaFX Application Thread] DEBUG Input                - Clearing active input actions
23:39:54.105 [JavaFX Application Thread] DEBUG GameApplicationServi - Removing overlay from FXGLStartupScene and adding to FXGLMainMenuDummyScene
23:39:54.112 [JavaFX Application Thread] DEBUG PrimaryStageWindow   - FXGLStartupScene -> FXGLMainMenuDummyScene
23:39:54.112 [JavaFX Application Thread] DEBUG PrimaryStageWindow   - Push state: FXGLDefaultMenu
23:39:54.115 [JavaFX Application Thread] DEBUG Input                - Clearing active input actions
23:39:54.123 [JavaFX Application Thread] DEBUG GameApplicationServi - Removing overlay from FXGLMainMenuDummyScene and adding to FXGLDefaultMenu
23:39:54.124 [JavaFX Application Thread] DEBUG PrimaryStageWindow   - FXGLMainMenuDummyScene -> FXGLDefaultMenu
23:39:54.358 [JavaFX Application Thread] DEBUG FXGLApplication      - Registering font factories with UI factory
23:39:54.467 [FXGL Background Thread 2 ] INFO  UpdaterService       - Your current version:  17
23:39:54.467 [FXGL Background Thread 2 ] INFO  UpdaterService       - Latest stable version: 21.1
23:39:54.968 [JavaFX Application Thread] DEBUG Menu                 - fireNewGame()
23:39:54.969 [JavaFX Application Thread] DEBUG GameApplicationServi - Starting new game
23:39:54.972 [JavaFX Application Thread] DEBUG PrimaryStageWindow   - Pop state: FXGLDefaultMenu
23:39:54.972 [JavaFX Application Thread] DEBUG Input                - Clearing active input actions
23:39:54.974 [JavaFX Application Thread] DEBUG GameApplicationServi - Removing overlay from FXGLDefaultMenu and adding to FXGLMainMenuDummyScene
23:39:54.977 [JavaFX Application Thread] DEBUG PrimaryStageWindow   - FXGLMainMenuDummyScene <- FXGLDefaultMenu
23:39:54.978 [JavaFX Application Thread] DEBUG Input                - Clearing active input actions
23:39:54.988 [JavaFX Application Thread] DEBUG GameApplicationServi - Removing overlay from FXGLMainMenuDummyScene and adding to FXGLLoadingScene
23:39:54.989 [JavaFX Application Thread] DEBUG PrimaryStageWindow   - FXGLMainMenuDummyScene -> FXGLLoadingScene
23:39:54.989 [JavaFX Application Thread] DEBUG GameApplicationServi - Clearing previous game
23:39:54.989 [JavaFX Application Thread] DEBUG GameScene            - Clearing game scene
23:39:54.990 [JavaFX Application Thread] DEBUG GameWorld            - Clearing game world
23:39:54.990 [JavaFX Application Thread] DEBUG PhysicsWorld         - Clearing physics world
23:39:54.993 [FXGL Background Thread 2 ] DEBUG FXGLApplication      - Initializing game
23:39:55.052 [FXGL Background Thread 2 ] WARN  TMXLevelLoader       - TiledMap generated from 1.10.2. Supported version: 1.2.3. Some features may not be parsed fully.
23:39:55.121 [FXGL Background Thread 2 ] DEBUG TMXLevelLoader       - Parsed TiledMap: file:/C:/Users/mbour/OneDrive/Bureau/Zelda%20TOTK%20WINRAR/zeldaPuzzle/target/classes/assets/levels/mapFinal.tmx
23:39:55.122 [FXGL Background Thread 2 ] DEBUG TMXLevelLoader       - Creating tile layer entities
23:39:55.125 [FXGL Background Thread 2 ] DEBUG TilesetLoader        - Loading view for layer background
23:39:55.167 [FXGL Background Thread 2 ] DEBUG TilesetLoader        - Created buffer with size 4800.0x4800.0
23:39:55.368 [FXGL Background Thread 2 ] DEBUG TilesetLoader        - Loading view for layer devant
23:39:55.406 [FXGL Background Thread 2 ] DEBUG TilesetLoader        - Created buffer with size 4800.0x4800.0
23:39:55.466 [FXGL Background Thread 2 ] DEBUG TilesetLoader        - Loading view for layer devant1
23:39:55.508 [FXGL Background Thread 2 ] DEBUG TilesetLoader        - Created buffer with size 4800.0x4800.0
23:39:55.529 [FXGL Background Thread 2 ] DEBUG TMXLevelLoader       - Creating object layer entities
23:39:55.579 [FXGL Background Thread 2 ] DEBUG GameWorld            - Clearing removable entities
23:39:55.580 [FXGL Background Thread 2 ] DEBUG GameWorld            - Setting level: com.almasb.fxgl.entity.level.Level@73c259c
23:39:55.600 [FXGL Background Thread 2 ] WARN  GameWorld            - Entity is already attached to world
23:39:55.602 [FXGL Background Thread 2 ] WARN  GameWorld            - Entity is already attached to world
23:39:55.608 [FXGL Background Thread 2 ] INFO  FXGLApplication      - Game initialization took: 0,615 sec
23:39:55.610 [JavaFX Application Thread] DEBUG Input                - Clearing active input actions
23:39:55.616 [JavaFX Application Thread] DEBUG GameApplicationServi - Removing overlay from FXGLLoadingScene and adding to GameScene
23:39:55.618 [JavaFX Application Thread] DEBUG PrimaryStageWindow   - FXGLLoadingScene -> GameScene
23:39:57.011 [FXGL Background Thread 3 ] DEBUG Engine               - Logging environment variables
23:39:57.011 [FXGL Background Thread 3 ] DEBUG Engine               - achievements: []
23:39:57.011 [FXGL Background Thread 3 ] DEBUG Engine               - actualHeight: 800.0
23:39:57.011 [FXGL Background Thread 3 ] DEBUG Engine               - actualHeightProperty: ReadOnlyDoubleProperty [value: 800.0]
23:39:57.012 [FXGL Background Thread 3 ] DEBUG Engine               - actualWidth: 800.0
23:39:57.012 [FXGL Background Thread 3 ] DEBUG Engine               - actualWidthProperty: ReadOnlyDoubleProperty [value: 800.0]
23:39:57.012 [FXGL Background Thread 3 ] DEBUG Engine               - appIcon: fxgl_icon.png
23:39:57.012 [FXGL Background Thread 3 ] DEBUG Engine               - applicationMode: DEVELOPER
23:39:57.012 [FXGL Background Thread 3 ] DEBUG Engine               - cSSList: [fxgl_dark.css]
23:39:57.012 [FXGL Background Thread 3 ] DEBUG Engine               - collisionDetectionStrategy: BRUTE_FORCE
23:39:57.012 [FXGL Background Thread 3 ] DEBUG Engine               - configClass: Optional.empty
23:39:57.012 [FXGL Background Thread 3 ] DEBUG Engine               - credits: []
23:39:57.012 [FXGL Background Thread 3 ] DEBUG Engine               - defaultCursor: CursorInfo(imageName=fxgl_default_cursor.png, hotspotX=7.0, hotspotY=6.0)
23:39:57.012 [FXGL Background Thread 3 ] DEBUG Engine               - devBBoxColorProperty: ObjectProperty [value: 0xff0000ff]
23:39:57.012 [FXGL Background Thread 3 ] DEBUG Engine               - devEnableDebugCameraProperty: BooleanProperty [value: false]
23:39:57.013 [FXGL Background Thread 3 ] DEBUG Engine               - devSensorColorProperty: ObjectProperty [value: 0xffff00ff]
23:39:57.013 [FXGL Background Thread 3 ] DEBUG Engine               - devShowBBoxProperty: BooleanProperty [value: false]
23:39:57.013 [FXGL Background Thread 3 ] DEBUG Engine               - devShowPositionProperty: BooleanProperty [value: false]
23:39:57.013 [FXGL Background Thread 3 ] DEBUG Engine               - enabledMenuItems: []
23:39:57.013 [FXGL Background Thread 3 ] DEBUG Engine               - engineServices: [class com.almasb.fxgl.app.services.FXGLAssetLoaderService, class com.almasb.fxgl.app.FXGLApplication$GameApplicationService, class com.almasb.fxgl.app.services.FXGLDialogService, class com.almasb.fxgl.app.services.IOTaskExecutorService, class com.almasb.fxgl.io.FileSystemService, class com.almasb.fxgl.localization.LocalizationService, class com.almasb.fxgl.app.services.SystemBundleService, class com.almasb.fxgl.profile.SaveLoadService, class com.almasb.fxgl.ui.FXGLUIFactoryServiceProvider, class com.almasb.fxgl.ui.FXGLDialogFactoryServiceProvider, class com.almasb.fxgl.audio.AudioPlayer, class com.almasb.fxgl.notification.impl.NotificationServiceProvider, class com.almasb.fxgl.achievement.AchievementService, class com.almasb.fxgl.cutscene.CutsceneService, class com.almasb.fxgl.minigames.MiniGameService, class com.almasb.fxgl.net.NetService, class com.almasb.fxgl.app.services.UpdaterService, class com.almasb.fxgl.dev.DevService]
23:39:57.013 [FXGL Background Thread 3 ] DEBUG Engine               - fontGame: Abel-Regular.ttf
23:39:57.013 [FXGL Background Thread 3 ] DEBUG Engine               - fontMono: TerminalLandMono-Regular.otf
23:39:57.013 [FXGL Background Thread 3 ] DEBUG Engine               - fontText: Courier-Prime.ttf
23:39:57.013 [FXGL Background Thread 3 ] DEBUG Engine               - fontUI: VarelaRound-Regular.ttf
23:39:57.013 [FXGL Background Thread 3 ] DEBUG Engine               - fullScreen: BooleanProperty [value: false]
23:39:57.013 [FXGL Background Thread 3 ] DEBUG Engine               - gameDifficulty: MEDIUM
23:39:57.013 [FXGL Background Thread 3 ] DEBUG Engine               - gameDifficultyProperty: ObjectProperty [value: MEDIUM]
23:39:57.013 [FXGL Background Thread 3 ] DEBUG Engine               - globalMusicVolume: 0.5
23:39:57.013 [FXGL Background Thread 3 ] DEBUG Engine               - globalMusicVolumeProperty: DoubleProperty [value: 0.5]
23:39:57.013 [FXGL Background Thread 3 ] DEBUG Engine               - globalSoundVolume: 0.5
23:39:57.013 [FXGL Background Thread 3 ] DEBUG Engine               - globalSoundVolumeProperty: DoubleProperty [value: 0.5]
23:39:57.014 [FXGL Background Thread 3 ] DEBUG Engine               - height: 800
23:39:57.014 [FXGL Background Thread 3 ] DEBUG Engine               - is3D: false
23:39:57.014 [FXGL Background Thread 3 ] DEBUG Engine               - isAndroid: false
23:39:57.014 [FXGL Background Thread 3 ] DEBUG Engine               - isBrowser: false
23:39:57.014 [FXGL Background Thread 3 ] DEBUG Engine               - isClickFeedbackEnabled: false
23:39:57.014 [FXGL Background Thread 3 ] DEBUG Engine               - isCloseConfirmation: false
23:39:57.014 [FXGL Background Thread 3 ] DEBUG Engine               - isDesktop: true
23:39:57.014 [FXGL Background Thread 3 ] DEBUG Engine               - isDeveloperMenuEnabled: true
23:39:57.014 [FXGL Background Thread 3 ] DEBUG Engine               - isEmbedded: false
23:39:57.014 [FXGL Background Thread 3 ] DEBUG Engine               - isEntityPreloadEnabled: true
23:39:57.014 [FXGL Background Thread 3 ] DEBUG Engine               - isExperimentalTiledLargeMap: false
23:39:57.014 [FXGL Background Thread 3 ] DEBUG Engine               - isFileSystemWriteAllowed: true
23:39:57.014 [FXGL Background Thread 3 ] DEBUG Engine               - isFullScreenAllowed: true
23:39:57.014 [FXGL Background Thread 3 ] DEBUG Engine               - isFullScreenFromStart: false
23:39:57.014 [FXGL Background Thread 3 ] DEBUG Engine               - isGameMenuEnabled: true
23:39:57.015 [FXGL Background Thread 3 ] DEBUG Engine               - isIOS: false
23:39:57.015 [FXGL Background Thread 3 ] DEBUG Engine               - isIntroEnabled: false
23:39:57.015 [FXGL Background Thread 3 ] DEBUG Engine               - isLinux: false
23:39:57.015 [FXGL Background Thread 3 ] DEBUG Engine               - isMac: false
23:39:57.015 [FXGL Background Thread 3 ] DEBUG Engine               - isMainMenuEnabled: true
23:39:57.015 [FXGL Background Thread 3 ] DEBUG Engine               - isManualResizeEnabled: false
23:39:57.015 [FXGL Background Thread 3 ] DEBUG Engine               - isMobile: false
23:39:57.015 [FXGL Background Thread 3 ] DEBUG Engine               - isNative: false
23:39:57.015 [FXGL Background Thread 3 ] DEBUG Engine               - isPauseMusicWhenMinimized: true
23:39:57.015 [FXGL Background Thread 3 ] DEBUG Engine               - isPreserveResizeRatio: false
23:39:57.015 [FXGL Background Thread 3 ] DEBUG Engine               - isProfilingEnabled: false
23:39:57.015 [FXGL Background Thread 3 ] DEBUG Engine               - isScaleAffectedOnResize: true
23:39:57.015 [FXGL Background Thread 3 ] DEBUG Engine               - isSingleStep: false
23:39:57.015 [FXGL Background Thread 3 ] DEBUG Engine               - isUserProfileEnabled: false
23:39:57.015 [FXGL Background Thread 3 ] DEBUG Engine               - isWindows: true
23:39:57.015 [FXGL Background Thread 3 ] DEBUG Engine               - language: ObjectProperty [value: ENGLISH]
23:39:57.015 [FXGL Background Thread 3 ] DEBUG Engine               - menuKey: ESCAPE
23:39:57.015 [FXGL Background Thread 3 ] DEBUG Engine               - mouseSensitivity: 0.2
23:39:57.015 [FXGL Background Thread 3 ] DEBUG Engine               - notificationViewClass: class com.almasb.fxgl.notification.view.XboxNotificationView
23:39:57.015 [FXGL Background Thread 3 ] DEBUG Engine               - pixelsPerMeter: 50.0
23:39:57.015 [FXGL Background Thread 3 ] DEBUG Engine               - platform: WINDOWS
23:39:57.015 [FXGL Background Thread 3 ] DEBUG Engine               - prefHeightProperty: ReadOnlyDoubleProperty [value: 800.0]
23:39:57.016 [FXGL Background Thread 3 ] DEBUG Engine               - prefWidthProperty: ReadOnlyDoubleProperty [value: 800.0]
23:39:57.016 [FXGL Background Thread 3 ] DEBUG Engine               - profileDir: profiles/
23:39:57.016 [FXGL Background Thread 3 ] DEBUG Engine               - profileName: StringProperty [value: DEFAULT]
23:39:57.016 [FXGL Background Thread 3 ] DEBUG Engine               - randomSeed: -1
23:39:57.016 [FXGL Background Thread 3 ] DEBUG Engine               - runtimeInfo: RuntimeInfo(platform=WINDOWS, version=17, build=31.12.2021 18.16)
23:39:57.016 [FXGL Background Thread 3 ] DEBUG Engine               - saveFileExt: sav
23:39:57.016 [FXGL Background Thread 3 ] DEBUG Engine               - scaledHeightProp$fxgl: DoubleProperty [bound, value: 800.0]
23:39:57.017 [FXGL Background Thread 3 ] DEBUG Engine               - scaledWidthProp$fxgl: DoubleProperty [bound, value: 800.0]
23:39:57.017 [FXGL Background Thread 3 ] DEBUG Engine               - sceneFactory: com.almasb.fxgl.app.scene.SceneFactory@79723fdc
23:39:57.017 [FXGL Background Thread 3 ] DEBUG Engine               - secondsIn24h: 60
23:39:57.017 [FXGL Background Thread 3 ] DEBUG Engine               - soundMenuBack: menu/back.wav
23:39:57.017 [FXGL Background Thread 3 ] DEBUG Engine               - soundMenuPress: menu/press.wav
23:39:57.017 [FXGL Background Thread 3 ] DEBUG Engine               - soundMenuSelect: menu/select.wav
23:39:57.017 [FXGL Background Thread 3 ] DEBUG Engine               - soundNotification: core/notification.wav
23:39:57.017 [FXGL Background Thread 3 ] DEBUG Engine               - stageStyle: DECORATED
23:39:57.017 [FXGL Background Thread 3 ] DEBUG Engine               - supportedLanguages: [ENGLISH, FRENCH, GERMAN, HUNGARIAN, RUSSIAN]
23:39:57.017 [FXGL Background Thread 3 ] DEBUG Engine               - ticksPerSecond: -1
23:39:57.017 [FXGL Background Thread 3 ] DEBUG Engine               - title: Zelda 2D Game
23:39:57.017 [FXGL Background Thread 3 ] DEBUG Engine               - urlGithub: https://github.com/AlmasB/FXGL
23:39:57.017 [FXGL Background Thread 3 ] DEBUG Engine               - urlLeaderboard: http://fxgl-top.herokuapp.com/
23:39:57.017 [FXGL Background Thread 3 ] DEBUG Engine               - urlPOM: https://raw.githubusercontent.com/AlmasB/FXGL/release/README.md
23:39:57.017 [FXGL Background Thread 3 ] DEBUG Engine               - userAppClass: class com.example.zeldapuzzle.MainGameApp
23:39:57.017 [FXGL Background Thread 3 ] DEBUG Engine               - version: 1
23:39:57.017 [FXGL Background Thread 3 ] DEBUG Engine               - versionCheckDays: 7
23:39:57.017 [FXGL Background Thread 3 ] DEBUG Engine               - width: 800
23:39:57.017 [FXGL Background Thread 3 ] DEBUG Engine               - Logging services
23:39:57.018 [FXGL Background Thread 3 ] DEBUG Engine               - class com.almasb.fxgl.app.services.FXGLAssetLoaderService
23:39:57.018 [FXGL Background Thread 3 ] DEBUG Engine               - class com.almasb.fxgl.app.FXGLApplication$GameApplicationService
23:39:57.018 [FXGL Background Thread 3 ] DEBUG Engine               - class com.almasb.fxgl.app.services.FXGLDialogService
23:39:57.018 [FXGL Background Thread 3 ] DEBUG Engine               - class com.almasb.fxgl.app.services.IOTaskExecutorService
23:39:57.018 [FXGL Background Thread 3 ] DEBUG Engine               - class com.almasb.fxgl.io.FileSystemService
23:39:57.018 [FXGL Background Thread 3 ] DEBUG Engine               - class com.almasb.fxgl.localization.LocalizationService
23:39:57.018 [FXGL Background Thread 3 ] DEBUG Engine               - class com.almasb.fxgl.app.services.SystemBundleService
23:39:57.018 [FXGL Background Thread 3 ] DEBUG Engine               - class com.almasb.fxgl.profile.SaveLoadService
23:39:57.018 [FXGL Background Thread 3 ] DEBUG Engine               - class com.almasb.fxgl.ui.FXGLUIFactoryServiceProvider
23:39:57.018 [FXGL Background Thread 3 ] DEBUG Engine               - class com.almasb.fxgl.ui.FXGLDialogFactoryServiceProvider
23:39:57.018 [FXGL Background Thread 3 ] DEBUG Engine               - class com.almasb.fxgl.audio.AudioPlayer
23:39:57.018 [FXGL Background Thread 3 ] DEBUG Engine               - class com.almasb.fxgl.notification.impl.NotificationServiceProvider
23:39:57.019 [FXGL Background Thread 3 ] DEBUG Engine               - class com.almasb.fxgl.achievement.AchievementService
23:39:57.019 [FXGL Background Thread 3 ] DEBUG Engine               - class com.almasb.fxgl.cutscene.CutsceneService
23:39:57.019 [FXGL Background Thread 3 ] DEBUG Engine               - class com.almasb.fxgl.minigames.MiniGameService
23:39:57.019 [FXGL Background Thread 3 ] DEBUG Engine               - class com.almasb.fxgl.net.NetService
23:39:57.019 [FXGL Background Thread 3 ] DEBUG Engine               - class com.almasb.fxgl.app.services.UpdaterService
23:39:57.019 [FXGL Background Thread 3 ] DEBUG Engine               - class com.almasb.fxgl.dev.DevService
23:40:19.917 [JavaFX Application Thread] WARN  TMXLevelLoader       - TiledMap generated from 1.10.2. Supported version: 1.2.3. Some features may not be parsed fully.
23:40:19.920 [JavaFX Application Thread] DEBUG TMXLevelLoader       - Parsed TiledMap: file:/C:/Users/mbour/OneDrive/Bureau/Zelda%20TOTK%20WINRAR/zeldaPuzzle/target/classes/assets/levels/interieurMaisonPlayer1.tmx
23:40:19.920 [JavaFX Application Thread] DEBUG TMXLevelLoader       - Creating tile layer entities
23:40:19.921 [JavaFX Application Thread] DEBUG TilesetLoader        - Loading view for layer background
23:40:19.925 [JavaFX Application Thread] DEBUG TilesetLoader        - Created buffer with size 1440.0x960.0
23:40:19.928 [JavaFX Application Thread] DEBUG TilesetLoader        - Loading view for layer devant
23:40:19.929 [JavaFX Application Thread] DEBUG TilesetLoader        - Created buffer with size 1440.0x960.0
23:40:19.930 [JavaFX Application Thread] DEBUG TilesetLoader        - Loading view for layer devant1
23:40:19.931 [JavaFX Application Thread] DEBUG TilesetLoader        - Created buffer with size 1440.0x960.0
23:40:19.931 [JavaFX Application Thread] DEBUG TMXLevelLoader       - Creating object layer entities
23:40:19.944 [JavaFX Application Thread] DEBUG GameWorld            - Clearing removable entities
23:40:19.949 [JavaFX Application Thread] DEBUG GameWorld            - Setting level: com.almasb.fxgl.entity.level.Level@666837e6
23:40:19.956 [JavaFX Application Thread] WARN  GameWorld            - Entity is already attached to world
23:40:30.957 [JavaFX Application Thread] WARN  TMXLevelLoader       - TiledMap generated from 1.10.2. Supported version: 1.2.3. Some features may not be parsed fully.
23:40:30.969 [JavaFX Application Thread] DEBUG TMXLevelLoader       - Parsed TiledMap: file:/C:/Users/mbour/OneDrive/Bureau/Zelda%20TOTK%20WINRAR/zeldaPuzzle/target/classes/assets/levels/mapFinal.tmx
23:40:30.969 [JavaFX Application Thread] DEBUG TMXLevelLoader       - Creating tile layer entities
23:40:30.970 [JavaFX Application Thread] DEBUG TilesetLoader        - Loading view for layer background
23:40:30.978 [JavaFX Application Thread] DEBUG TilesetLoader        - Created buffer with size 4800.0x4800.0
23:40:31.069 [JavaFX Application Thread] DEBUG TilesetLoader        - Loading view for layer devant
23:40:31.096 [JavaFX Application Thread] DEBUG TilesetLoader        - Created buffer with size 4800.0x4800.0
23:40:31.116 [JavaFX Application Thread] DEBUG TilesetLoader        - Loading view for layer devant1
23:40:31.143 [JavaFX Application Thread] DEBUG TilesetLoader        - Created buffer with size 4800.0x4800.0
23:40:31.152 [JavaFX Application Thread] DEBUG TMXLevelLoader       - Creating object layer entities
23:40:31.170 [JavaFX Application Thread] DEBUG GameWorld            - Clearing removable entities
23:40:31.171 [JavaFX Application Thread] DEBUG GameWorld            - Setting level: com.almasb.fxgl.entity.level.Level@757dbd02
23:40:31.177 [JavaFX Application Thread] WARN  GameWorld            - Entity is already attached to world
23:40:50.491 [JavaFX Application Thread] DEBUG LoopRunner           - Pausing loop
23:49:53.736 [JavaFX Application Thread] DEBUG LoopRunner           - Resuming loop
23:49:54.375 [JavaFX Application Thread] DEBUG LoopRunner           - Pausing loop
23:49:55.070 [JavaFX Application Thread] DEBUG LoopRunner           - Resuming loop
23:49:55.909 [JavaFX Application Thread] DEBUG FXGLApplication      - Exiting FXGL
23:49:55.909 [JavaFX Application Thread] DEBUG LoopRunner           - Stopping loop
23:49:55.909 [JavaFX Application Thread] DEBUG SystemBundleService  - Saving FXGL system data
23:49:55.912 [JavaFX Application Thread] DEBUG FileSystemAccess     - Writing to: C:\Users\mbour\OneDrive\Bureau\Zelda TOTK WINRAR\zeldaPuzzle\system\fxgl.bundle
23:49:55.914 [JavaFX Application Thread] DEBUG Async                - Shutting down background threads
23:49:55.914 [JavaFX Application Thread] DEBUG PrimaryStageWindow   - Closing main window
23:49:55.927 [JavaFX Application Thread] DEBUG Logger               - Closing Logger
