18:54:28.198 [main                     ] DEBUG Logger               - Configured Logger
18:54:28.212 [main                     ] DEBUG GameApplication      - Logging settings
Title: Zelda 2D Game par ماستن
Version: 1
Width: 800
Height: 800
Fullscreen: true
Intro: false
Profiling: false
Single step:false
App Mode: DEVELOPER
Menu Key: ESCAPE
Stage Style: DECORATED
Scene Factory: class com.almasb.fxgl.app.scene.SceneFactory

18:54:28.342 [JavaFX Application Thread] DEBUG FXGLApplication      - Initializing FXGL
18:54:28.345 [JavaFX Application Thread] INFO  Engine               - FXGL-17 (31.12.2021 18.16) on WINDOWS (J:21.0.2 FX:19)
18:54:28.346 [JavaFX Application Thread] DEBUG Engine               - JRE Vendor Name: Oracle Corporation
18:54:28.346 [JavaFX Application Thread] DEBUG Engine               - Running on OS: Windows 10 version 10.0
18:54:28.346 [JavaFX Application Thread] DEBUG Engine               - Architecture: amd64
18:54:28.346 [JavaFX Application Thread] INFO  Engine               - Source code and latest versions at: https://github.com/AlmasB/FXGL
18:54:28.346 [JavaFX Application Thread] INFO  Engine               -       Ask questions and discuss at: https://github.com/AlmasB/FXGL/discussions
18:54:28.346 [JavaFX Application Thread] INFO  Engine               -              Join the FXGL chat at: https://gitter.im/AlmasB/FXGL
18:54:28.420 [JavaFX Application Thread] DEBUG PrimaryStageWindow   - Creating a JavaFX scene
18:54:28.464 [JavaFX Application Thread] DEBUG PrimaryStageWindow   - Target settings size: 800.0 x 800.0
18:54:28.464 [JavaFX Application Thread] DEBUG PrimaryStageWindow   - Scaled scene size:    800.0 x 800.0
18:54:28.465 [JavaFX Application Thread] DEBUG PrimaryStageWindow   - Scaled ratio: (1.0, 1.0)
18:54:28.466 [JavaFX Application Thread] DEBUG PrimaryStageWindow   - Set initial scene to FXGLStartupScene
18:54:28.470 [JavaFX Application Thread] DEBUG PrimaryStageWindow   - Opening main window
18:54:28.550 [JavaFX Application Thread] DEBUG PrimaryStageWindow   - Window border size: (16.0, 39.0)
18:54:28.550 [JavaFX Application Thread] DEBUG PrimaryStageWindow   - Scaled size: 800.0 x 800.0
18:54:28.550 [JavaFX Application Thread] DEBUG PrimaryStageWindow   - Scaled ratio: (1.0, 1.0)
18:54:28.551 [JavaFX Application Thread] DEBUG PrimaryStageWindow   - Scene size: 800.0 x 800.0
18:54:28.551 [JavaFX Application Thread] DEBUG PrimaryStageWindow   - Stage size: 816.0 x 839.0
18:54:28.558 [FXGL Background Thread 1 ] DEBUG Engine               - Initializing environment variables
18:54:28.598 [FXGL Background Thread 1 ] DEBUG FXGLAssetLoaderServi - User app class for loading assets: class com.example.zeldapuzzle.MainGameApp
18:54:28.599 [FXGL Background Thread 1 ] DEBUG GameApplicationServi - Applying CSS: fxgl_dark.css
18:54:28.599 [FXGL Background Thread 1 ] DEBUG FXGLAssetLoaderServi - Loading from file system: jar:file:///C:/Users/mbour/.m2/repository/com/github/almasb/fxgl/17/fxgl-17.jar!/fxglassets/ui/css/fxgl_dark.css
18:54:28.645 [FXGL Background Thread 1 ] DEBUG GameApplicationServi - Initializing application scenes
18:54:28.679 [FXGL Background Thread 1 ] DEBUG GameWorld            - Game world initialized
18:54:28.741 [FXGL Background Thread 1 ] DEBUG PhysicsWorld         - Physics world initialized: appHeight=800, physics.ppm=50,0
18:54:28.741 [FXGL Background Thread 1 ] DEBUG PhysicsWorld         - Using strategy: BRUTE_FORCE
18:54:28.746 [FXGL Background Thread 1 ] DEBUG GameScene            - Game scene initialized: 800x800
18:54:28.756 [FXGL Background Thread 1 ] DEBUG FXGL.DefaultMenu     - createMenuBodyMainMenu()
18:54:28.768 [FXGL Background Thread 1 ] DEBUG FXGL.DefaultMenu     - createOptionsMenu()
18:54:28.776 [FXGL Background Thread 1 ] DEBUG FXGLAssetLoaderServi - Loading from file system: jar:file:///C:/Users/mbour/.m2/repository/com/github/almasb/fxgl/17/fxgl-17.jar!/fxglassets/textures/particles/smoke.png
18:54:28.847 [FXGL Background Thread 1 ] DEBUG FXGLAssetLoaderServi - Loading from file system: jar:file:///C:/Users/mbour/.m2/repository/com/github/almasb/fxgl/17/fxgl-17.jar!/fxglassets/textures/particles/trace_horizontal.png
18:54:28.866 [FXGL Background Thread 1 ] DEBUG FXGL.DefaultMenu     - createMenuBodyGameMenu()
18:54:28.867 [FXGL Background Thread 1 ] DEBUG FXGL.DefaultMenu     - createOptionsMenu()
18:54:28.881 [FXGL Background Thread 1 ] DEBUG GameApplicationServi - Application scenes initialized
18:54:28.891 [FXGL Background Thread 1 ] DEBUG SystemBundleService  - Loading FXGL system data
18:54:28.894 [FXGL Background Thread 1 ] DEBUG FileSystemAccess     - Reading from: C:\Users\mbour\OneDrive\Bureau\Zelda TOTK WINRAR\zeldaPuzzle\system\fxgl.bundle
18:54:28.904 [FXGL Background Thread 1 ] DEBUG SystemBundleService  - Bundle FXGL: {}
18:54:28.905 [FXGL Background Thread 1 ] DEBUG UpdaterService       - Checking for updates
18:54:28.928 [FXGL Background Thread 4 ] DEBUG FXGLApplication      - Loading fonts
18:54:28.929 [FXGL Background Thread 1 ] DEBUG FXGLApplication      - Loading default localization
18:54:28.929 [FXGL Background Thread 4 ] DEBUG FXGLAssetLoaderServi - Loading from file system: jar:file:///C:/Users/mbour/.m2/repository/com/github/almasb/fxgl/17/fxgl-17.jar!/fxglassets/ui/fonts/VarelaRound-Regular.ttf
18:54:28.929 [FXGL Background Thread 1 ] DEBUG FXGLAssetLoaderServi - Loading from file system: jar:file:///C:/Users/mbour/.m2/repository/com/github/almasb/fxgl/17/fxgl-17.jar!/fxglassets/languages/english.lang
18:54:28.945 [FXGL Background Thread 1 ] INFO  FXGLApplication      - FXGL initialization took: 0,387 sec
18:54:28.958 [JavaFX Application Thread] DEBUG Input                - Registered new binding: inventaire - Tab
18:54:28.958 [JavaFX Application Thread] DEBUG Input                - Registered new binding: getPosition - P
18:54:28.958 [JavaFX Application Thread] DEBUG Input                - Registered new binding: zoom+ - Up
18:54:28.959 [JavaFX Application Thread] DEBUG Input                - Registered new binding: zoom- - Down
18:54:28.959 [JavaFX Application Thread] DEBUG Input                - Registered new binding: resetZoom - 0
18:54:28.959 [JavaFX Application Thread] DEBUG Input                - Registered new binding: Move right - D
18:54:28.959 [JavaFX Application Thread] DEBUG Input                - Registered new binding: Move left - A
18:54:28.959 [JavaFX Application Thread] DEBUG Input                - Registered new binding: Move Up - W
18:54:28.960 [JavaFX Application Thread] DEBUG Input                - Registered new binding: Move Down - S
18:54:28.960 [JavaFX Application Thread] DEBUG FXGLAssetLoaderServi - Loading from file system: jar:file:///C:/Users/mbour/.m2/repository/com/github/almasb/fxgl/17/fxgl-17.jar!/fxglassets/textures/fxgl_icon.png
18:54:28.966 [FXGL Background Thread 4 ] DEBUG FXGLAssetLoaderServi - Loading from file system: jar:file:///C:/Users/mbour/.m2/repository/com/github/almasb/fxgl/17/fxgl-17.jar!/fxglassets/ui/fonts/Abel-Regular.ttf
18:54:28.971 [JavaFX Application Thread] DEBUG FXGLAssetLoaderServi - Loading from file system: jar:file:///C:/Users/mbour/.m2/repository/com/github/almasb/fxgl/17/fxgl-17.jar!/fxglassets/textures/fxgl_default_cursor.png
18:54:28.973 [JavaFX Application Thread] DEBUG Input                - Registered new binding: Screenshot - CTRL+8
18:54:28.974 [JavaFX Application Thread] DEBUG Input                - Registered new binding: Dev Options - 1
18:54:28.974 [JavaFX Application Thread] DEBUG Input                - Registered new binding: Dev Console - 2
18:54:28.974 [JavaFX Application Thread] DEBUG Input                - Registered new binding: System info dump - CTRL+9
18:54:28.975 [JavaFX Application Thread] DEBUG Input                - Registered new binding: Restart - CTRL+R
18:54:28.976 [JavaFX Application Thread] DEBUG Input                - Registered new binding: Toggle Debug Camera - CTRL+7
18:54:28.977 [FXGL Background Thread 4 ] DEBUG FXGLAssetLoaderServi - Loading from file system: jar:file:///C:/Users/mbour/.m2/repository/com/github/almasb/fxgl/17/fxgl-17.jar!/fxglassets/ui/fonts/TerminalLandMono-Regular.otf
18:54:28.980 [JavaFX Application Thread] DEBUG LoopRunner           - Starting loop
18:54:28.987 [FXGL Background Thread 4 ] DEBUG FXGLAssetLoaderServi - Loading from file system: jar:file:///C:/Users/mbour/.m2/repository/com/github/almasb/fxgl/17/fxgl-17.jar!/fxglassets/ui/fonts/Courier-Prime.ttf
18:54:28.991 [JavaFX Application Thread] DEBUG LoopRunner           - Initializing JavaFX AnimationTimerLoop
18:54:28.993 [JavaFX Application Thread] DEBUG Input                - Clearing active input actions
18:54:29.000 [JavaFX Application Thread] DEBUG GameApplicationServi - Removing overlay from FXGLStartupScene and adding to FXGLMainMenuDummyScene
18:54:29.006 [JavaFX Application Thread] DEBUG PrimaryStageWindow   - FXGLStartupScene -> FXGLMainMenuDummyScene
18:54:29.006 [JavaFX Application Thread] DEBUG PrimaryStageWindow   - Push state: FXGLDefaultMenu
18:54:29.008 [JavaFX Application Thread] DEBUG Input                - Clearing active input actions
18:54:29.015 [JavaFX Application Thread] DEBUG GameApplicationServi - Removing overlay from FXGLMainMenuDummyScene and adding to FXGLDefaultMenu
18:54:29.016 [JavaFX Application Thread] DEBUG PrimaryStageWindow   - FXGLMainMenuDummyScene -> FXGLDefaultMenu
18:54:29.019 [JavaFX Application Thread] DEBUG FXGLApplication      - Registering font factories with UI factory
18:54:29.356 [FXGL Background Thread 2 ] INFO  UpdaterService       - Your current version:  17
18:54:29.357 [FXGL Background Thread 2 ] INFO  UpdaterService       - Latest stable version: 21.1
18:54:31.255 [JavaFX Application Thread] DEBUG Menu                 - fireNewGame()
18:54:31.255 [JavaFX Application Thread] DEBUG GameApplicationServi - Starting new game
18:54:31.257 [JavaFX Application Thread] DEBUG PrimaryStageWindow   - Pop state: FXGLDefaultMenu
18:54:31.257 [JavaFX Application Thread] DEBUG Input                - Clearing active input actions
18:54:31.258 [JavaFX Application Thread] DEBUG GameApplicationServi - Removing overlay from FXGLDefaultMenu and adding to FXGLMainMenuDummyScene
18:54:31.260 [JavaFX Application Thread] DEBUG PrimaryStageWindow   - FXGLMainMenuDummyScene <- FXGLDefaultMenu
18:54:31.260 [JavaFX Application Thread] DEBUG Input                - Clearing active input actions
18:54:31.268 [JavaFX Application Thread] DEBUG GameApplicationServi - Removing overlay from FXGLMainMenuDummyScene and adding to FXGLLoadingScene
18:54:31.269 [JavaFX Application Thread] DEBUG PrimaryStageWindow   - FXGLMainMenuDummyScene -> FXGLLoadingScene
18:54:31.269 [JavaFX Application Thread] DEBUG GameApplicationServi - Clearing previous game
18:54:31.269 [JavaFX Application Thread] DEBUG GameScene            - Clearing game scene
18:54:31.269 [JavaFX Application Thread] DEBUG GameWorld            - Clearing game world
18:54:31.269 [JavaFX Application Thread] DEBUG PhysicsWorld         - Clearing physics world
18:54:31.271 [FXGL Background Thread 2 ] DEBUG FXGLApplication      - Initializing game
18:54:31.324 [FXGL Background Thread 2 ] WARN  TMXLevelLoader       - TiledMap generated from 1.10.2. Supported version: 1.2.3. Some features may not be parsed fully.
18:54:31.332 [FXGL Background Thread 2 ] DEBUG TMXLevelLoader       - Parsed TiledMap: file:/C:/Users/mbour/OneDrive/Bureau/Zelda%20TOTK%20WINRAR/zeldaPuzzle/target/classes/assets/levels/StartingMap.tmx
18:54:31.333 [FXGL Background Thread 2 ] DEBUG TMXLevelLoader       - Creating tile layer entities
18:54:31.335 [FXGL Background Thread 2 ] DEBUG TilesetLoader        - Loading view for layer Calque de Tuiles 1
18:54:31.336 [FXGL Background Thread 2 ] DEBUG TilesetLoader        - Created buffer with size 960.0x960.0
18:54:31.353 [FXGL Background Thread 2 ] DEBUG TilesetLoader        - Loading view for layer Calque de Tuiles 2
18:54:31.353 [FXGL Background Thread 2 ] DEBUG TilesetLoader        - Created buffer with size 960.0x960.0
18:54:31.361 [FXGL Background Thread 2 ] DEBUG TMXLevelLoader       - Creating object layer entities
18:54:31.362 [FXGL Background Thread 2 ] DEBUG GameWorld            - Clearing removable entities
18:54:31.363 [FXGL Background Thread 2 ] DEBUG GameWorld            - Setting level: com.almasb.fxgl.entity.level.Level@edbf31a
18:54:31.398 [FXGL Background Thread 2 ] WARN  GameWorld            - Entity is already attached to world
18:54:31.461 [FXGL Background Thread 2 ] WARN  GameWorld            - Entity is already attached to world
18:54:31.467 [FXGL Background Thread 2 ] INFO  FXGLApplication      - Game initialization took: 0,197 sec
18:54:31.468 [JavaFX Application Thread] DEBUG Input                - Clearing active input actions
18:54:31.473 [JavaFX Application Thread] DEBUG GameApplicationServi - Removing overlay from FXGLLoadingScene and adding to GameScene
18:54:31.474 [JavaFX Application Thread] DEBUG PrimaryStageWindow   - FXGLLoadingScene -> GameScene
18:54:31.928 [FXGL Background Thread 3 ] DEBUG Engine               - Logging environment variables
18:54:31.928 [FXGL Background Thread 3 ] DEBUG Engine               - achievements: []
18:54:31.928 [FXGL Background Thread 3 ] DEBUG Engine               - actualHeight: 800.0
18:54:31.928 [FXGL Background Thread 3 ] DEBUG Engine               - actualHeightProperty: ReadOnlyDoubleProperty [value: 800.0]
18:54:31.928 [FXGL Background Thread 3 ] DEBUG Engine               - actualWidth: 800.0
18:54:31.928 [FXGL Background Thread 3 ] DEBUG Engine               - actualWidthProperty: ReadOnlyDoubleProperty [value: 800.0]
18:54:31.928 [FXGL Background Thread 3 ] DEBUG Engine               - appIcon: fxgl_icon.png
18:54:31.928 [FXGL Background Thread 3 ] DEBUG Engine               - applicationMode: DEVELOPER
18:54:31.929 [FXGL Background Thread 3 ] DEBUG Engine               - cSSList: [fxgl_dark.css]
18:54:31.929 [FXGL Background Thread 3 ] DEBUG Engine               - collisionDetectionStrategy: BRUTE_FORCE
18:54:31.929 [FXGL Background Thread 3 ] DEBUG Engine               - configClass: Optional.empty
18:54:31.929 [FXGL Background Thread 3 ] DEBUG Engine               - credits: []
18:54:31.929 [FXGL Background Thread 3 ] DEBUG Engine               - defaultCursor: CursorInfo(imageName=fxgl_default_cursor.png, hotspotX=7.0, hotspotY=6.0)
18:54:31.929 [FXGL Background Thread 3 ] DEBUG Engine               - devBBoxColorProperty: ObjectProperty [value: 0xff0000ff]
18:54:31.929 [FXGL Background Thread 3 ] DEBUG Engine               - devEnableDebugCameraProperty: BooleanProperty [value: false]
18:54:31.929 [FXGL Background Thread 3 ] DEBUG Engine               - devSensorColorProperty: ObjectProperty [value: 0xffff00ff]
18:54:31.929 [FXGL Background Thread 3 ] DEBUG Engine               - devShowBBoxProperty: BooleanProperty [value: false]
18:54:31.929 [FXGL Background Thread 3 ] DEBUG Engine               - devShowPositionProperty: BooleanProperty [value: false]
18:54:31.929 [FXGL Background Thread 3 ] DEBUG Engine               - enabledMenuItems: []
18:54:31.929 [FXGL Background Thread 3 ] DEBUG Engine               - engineServices: [class com.almasb.fxgl.app.services.FXGLAssetLoaderService, class com.almasb.fxgl.app.FXGLApplication$GameApplicationService, class com.almasb.fxgl.app.services.FXGLDialogService, class com.almasb.fxgl.app.services.IOTaskExecutorService, class com.almasb.fxgl.io.FileSystemService, class com.almasb.fxgl.localization.LocalizationService, class com.almasb.fxgl.app.services.SystemBundleService, class com.almasb.fxgl.profile.SaveLoadService, class com.almasb.fxgl.ui.FXGLUIFactoryServiceProvider, class com.almasb.fxgl.ui.FXGLDialogFactoryServiceProvider, class com.almasb.fxgl.audio.AudioPlayer, class com.almasb.fxgl.notification.impl.NotificationServiceProvider, class com.almasb.fxgl.achievement.AchievementService, class com.almasb.fxgl.cutscene.CutsceneService, class com.almasb.fxgl.minigames.MiniGameService, class com.almasb.fxgl.net.NetService, class com.almasb.fxgl.app.services.UpdaterService, class com.almasb.fxgl.dev.DevService]
18:54:31.930 [FXGL Background Thread 3 ] DEBUG Engine               - fontGame: Abel-Regular.ttf
18:54:31.930 [FXGL Background Thread 3 ] DEBUG Engine               - fontMono: TerminalLandMono-Regular.otf
18:54:31.930 [FXGL Background Thread 3 ] DEBUG Engine               - fontText: Courier-Prime.ttf
18:54:31.930 [FXGL Background Thread 3 ] DEBUG Engine               - fontUI: VarelaRound-Regular.ttf
18:54:31.930 [FXGL Background Thread 3 ] DEBUG Engine               - fullScreen: BooleanProperty [value: false]
18:54:31.930 [FXGL Background Thread 3 ] DEBUG Engine               - gameDifficulty: MEDIUM
18:54:31.930 [FXGL Background Thread 3 ] DEBUG Engine               - gameDifficultyProperty: ObjectProperty [value: MEDIUM]
18:54:31.930 [FXGL Background Thread 3 ] DEBUG Engine               - globalMusicVolume: 0.5
18:54:31.930 [FXGL Background Thread 3 ] DEBUG Engine               - globalMusicVolumeProperty: DoubleProperty [value: 0.5]
18:54:31.930 [FXGL Background Thread 3 ] DEBUG Engine               - globalSoundVolume: 0.5
18:54:31.930 [FXGL Background Thread 3 ] DEBUG Engine               - globalSoundVolumeProperty: DoubleProperty [value: 0.5]
18:54:31.930 [FXGL Background Thread 3 ] DEBUG Engine               - height: 800
18:54:31.930 [FXGL Background Thread 3 ] DEBUG Engine               - is3D: false
18:54:31.930 [FXGL Background Thread 3 ] DEBUG Engine               - isAndroid: false
18:54:31.930 [FXGL Background Thread 3 ] DEBUG Engine               - isBrowser: false
18:54:31.930 [FXGL Background Thread 3 ] DEBUG Engine               - isClickFeedbackEnabled: false
18:54:31.930 [FXGL Background Thread 3 ] DEBUG Engine               - isCloseConfirmation: false
18:54:31.931 [FXGL Background Thread 3 ] DEBUG Engine               - isDesktop: true
18:54:31.931 [FXGL Background Thread 3 ] DEBUG Engine               - isDeveloperMenuEnabled: true
18:54:31.931 [FXGL Background Thread 3 ] DEBUG Engine               - isEmbedded: false
18:54:31.931 [FXGL Background Thread 3 ] DEBUG Engine               - isEntityPreloadEnabled: true
18:54:31.931 [FXGL Background Thread 3 ] DEBUG Engine               - isExperimentalTiledLargeMap: false
18:54:31.931 [FXGL Background Thread 3 ] DEBUG Engine               - isFileSystemWriteAllowed: true
18:54:31.931 [FXGL Background Thread 3 ] DEBUG Engine               - isFullScreenAllowed: true
18:54:31.931 [FXGL Background Thread 3 ] DEBUG Engine               - isFullScreenFromStart: false
18:54:31.931 [FXGL Background Thread 3 ] DEBUG Engine               - isGameMenuEnabled: true
18:54:31.931 [FXGL Background Thread 3 ] DEBUG Engine               - isIOS: false
18:54:31.931 [FXGL Background Thread 3 ] DEBUG Engine               - isIntroEnabled: false
18:54:31.931 [FXGL Background Thread 3 ] DEBUG Engine               - isLinux: false
18:54:31.931 [FXGL Background Thread 3 ] DEBUG Engine               - isMac: false
18:54:31.931 [FXGL Background Thread 3 ] DEBUG Engine               - isMainMenuEnabled: true
18:54:31.931 [FXGL Background Thread 3 ] DEBUG Engine               - isManualResizeEnabled: false
18:54:31.931 [FXGL Background Thread 3 ] DEBUG Engine               - isMobile: false
18:54:31.931 [FXGL Background Thread 3 ] DEBUG Engine               - isNative: false
18:54:31.931 [FXGL Background Thread 3 ] DEBUG Engine               - isPauseMusicWhenMinimized: true
18:54:31.931 [FXGL Background Thread 3 ] DEBUG Engine               - isPreserveResizeRatio: false
18:54:31.931 [FXGL Background Thread 3 ] DEBUG Engine               - isProfilingEnabled: false
18:54:31.931 [FXGL Background Thread 3 ] DEBUG Engine               - isScaleAffectedOnResize: true
18:54:31.931 [FXGL Background Thread 3 ] DEBUG Engine               - isSingleStep: false
18:54:31.931 [FXGL Background Thread 3 ] DEBUG Engine               - isUserProfileEnabled: false
18:54:31.931 [FXGL Background Thread 3 ] DEBUG Engine               - isWindows: true
18:54:31.931 [FXGL Background Thread 3 ] DEBUG Engine               - language: ObjectProperty [value: ENGLISH]
18:54:31.931 [FXGL Background Thread 3 ] DEBUG Engine               - menuKey: ESCAPE
18:54:31.932 [FXGL Background Thread 3 ] DEBUG Engine               - mouseSensitivity: 0.2
18:54:31.932 [FXGL Background Thread 3 ] DEBUG Engine               - notificationViewClass: class com.almasb.fxgl.notification.view.XboxNotificationView
18:54:31.932 [FXGL Background Thread 3 ] DEBUG Engine               - pixelsPerMeter: 50.0
18:54:31.932 [FXGL Background Thread 3 ] DEBUG Engine               - platform: WINDOWS
18:54:31.932 [FXGL Background Thread 3 ] DEBUG Engine               - prefHeightProperty: ReadOnlyDoubleProperty [value: 800.0]
18:54:31.932 [FXGL Background Thread 3 ] DEBUG Engine               - prefWidthProperty: ReadOnlyDoubleProperty [value: 800.0]
18:54:31.932 [FXGL Background Thread 3 ] DEBUG Engine               - profileDir: profiles/
18:54:31.932 [FXGL Background Thread 3 ] DEBUG Engine               - profileName: StringProperty [value: DEFAULT]
18:54:31.932 [FXGL Background Thread 3 ] DEBUG Engine               - randomSeed: -1
18:54:31.932 [FXGL Background Thread 3 ] DEBUG Engine               - runtimeInfo: RuntimeInfo(platform=WINDOWS, version=17, build=31.12.2021 18.16)
18:54:31.932 [FXGL Background Thread 3 ] DEBUG Engine               - saveFileExt: sav
18:54:31.932 [FXGL Background Thread 3 ] DEBUG Engine               - scaledHeightProp$fxgl: DoubleProperty [bound, value: 800.0]
18:54:31.932 [FXGL Background Thread 3 ] DEBUG Engine               - scaledWidthProp$fxgl: DoubleProperty [bound, value: 800.0]
18:54:31.932 [FXGL Background Thread 3 ] DEBUG Engine               - sceneFactory: com.almasb.fxgl.app.scene.SceneFactory@472fb604
18:54:31.932 [FXGL Background Thread 3 ] DEBUG Engine               - secondsIn24h: 60
18:54:31.932 [FXGL Background Thread 3 ] DEBUG Engine               - soundMenuBack: menu/back.wav
18:54:31.933 [FXGL Background Thread 3 ] DEBUG Engine               - soundMenuPress: menu/press.wav
18:54:31.933 [FXGL Background Thread 3 ] DEBUG Engine               - soundMenuSelect: menu/select.wav
18:54:31.933 [FXGL Background Thread 3 ] DEBUG Engine               - soundNotification: core/notification.wav
18:54:31.933 [FXGL Background Thread 3 ] DEBUG Engine               - stageStyle: DECORATED
18:54:31.933 [FXGL Background Thread 3 ] DEBUG Engine               - supportedLanguages: [ENGLISH, FRENCH, GERMAN, HUNGARIAN, RUSSIAN]
18:54:31.933 [FXGL Background Thread 3 ] DEBUG Engine               - ticksPerSecond: -1
18:54:31.933 [FXGL Background Thread 3 ] DEBUG Engine               - title: Zelda 2D Game par ماستن
18:54:31.933 [FXGL Background Thread 3 ] DEBUG Engine               - urlGithub: https://github.com/AlmasB/FXGL
18:54:31.933 [FXGL Background Thread 3 ] DEBUG Engine               - urlLeaderboard: http://fxgl-top.herokuapp.com/
18:54:31.933 [FXGL Background Thread 3 ] DEBUG Engine               - urlPOM: https://raw.githubusercontent.com/AlmasB/FXGL/release/README.md
18:54:31.933 [FXGL Background Thread 3 ] DEBUG Engine               - userAppClass: class com.example.zeldapuzzle.MainGameApp
18:54:31.933 [FXGL Background Thread 3 ] DEBUG Engine               - version: 1
18:54:31.933 [FXGL Background Thread 3 ] DEBUG Engine               - versionCheckDays: 7
18:54:31.933 [FXGL Background Thread 3 ] DEBUG Engine               - width: 800
18:54:31.933 [FXGL Background Thread 3 ] DEBUG Engine               - Logging services
18:54:31.933 [FXGL Background Thread 3 ] DEBUG Engine               - class com.almasb.fxgl.app.services.FXGLAssetLoaderService
18:54:31.933 [FXGL Background Thread 3 ] DEBUG Engine               - class com.almasb.fxgl.app.FXGLApplication$GameApplicationService
18:54:31.933 [FXGL Background Thread 3 ] DEBUG Engine               - class com.almasb.fxgl.app.services.FXGLDialogService
18:54:31.933 [FXGL Background Thread 3 ] DEBUG Engine               - class com.almasb.fxgl.app.services.IOTaskExecutorService
18:54:31.934 [FXGL Background Thread 3 ] DEBUG Engine               - class com.almasb.fxgl.io.FileSystemService
18:54:31.934 [FXGL Background Thread 3 ] DEBUG Engine               - class com.almasb.fxgl.localization.LocalizationService
18:54:31.934 [FXGL Background Thread 3 ] DEBUG Engine               - class com.almasb.fxgl.app.services.SystemBundleService
18:54:31.934 [FXGL Background Thread 3 ] DEBUG Engine               - class com.almasb.fxgl.profile.SaveLoadService
18:54:31.934 [FXGL Background Thread 3 ] DEBUG Engine               - class com.almasb.fxgl.ui.FXGLUIFactoryServiceProvider
18:54:31.934 [FXGL Background Thread 3 ] DEBUG Engine               - class com.almasb.fxgl.ui.FXGLDialogFactoryServiceProvider
18:54:31.934 [FXGL Background Thread 3 ] DEBUG Engine               - class com.almasb.fxgl.audio.AudioPlayer
18:54:31.934 [FXGL Background Thread 3 ] DEBUG Engine               - class com.almasb.fxgl.notification.impl.NotificationServiceProvider
18:54:31.934 [FXGL Background Thread 3 ] DEBUG Engine               - class com.almasb.fxgl.achievement.AchievementService
18:54:31.934 [FXGL Background Thread 3 ] DEBUG Engine               - class com.almasb.fxgl.cutscene.CutsceneService
18:54:31.934 [FXGL Background Thread 3 ] DEBUG Engine               - class com.almasb.fxgl.minigames.MiniGameService
18:54:31.934 [FXGL Background Thread 3 ] DEBUG Engine               - class com.almasb.fxgl.net.NetService
18:54:31.934 [FXGL Background Thread 3 ] DEBUG Engine               - class com.almasb.fxgl.app.services.UpdaterService
18:54:31.934 [FXGL Background Thread 3 ] DEBUG Engine               - class com.almasb.fxgl.dev.DevService
18:54:38.379 [JavaFX Application Thread] DEBUG LoopRunner           - Pausing loop
18:54:49.598 [JavaFX Application Thread] DEBUG LoopRunner           - Resuming loop
18:55:24.731 [JavaFX Application Thread] DEBUG LoopRunner           - Stopping loop
18:55:24.732 [JavaFX Application Thread] FATAL FXGLApplication      - Uncaught Exception:
java.lang.NullPointerException: Cannot invoke "javafx.scene.image.ImageView.getImage()" because "this.this$0.imageViewTab[this.this$0.placeInventaireX][this.this$0.placeInventaireY]" is null
	at com.example.zeldapuzzle/com.example.zeldapuzzle.MainGameApp$14.onCollisionEnd(MainGameApp.java:325)
	at com.almasb.fxgl.entity@17/com.almasb.fxgl.physics.CollisionPair.collisionEnd(CollisionPair.java:45)
	at com.almasb.fxgl.entity@17/com.almasb.fxgl.physics.PhysicsWorld.collisionEndFor(PhysicsWorld.java:466)
	at com.almasb.fxgl.entity@17/com.almasb.fxgl.physics.PhysicsWorld.endContact(PhysicsWorld.java:261)
	at com.almasb.fxgl.entity@17/com.almasb.fxgl.physics.box2d.dynamics.contacts.Contact.update(Contact.java:273)
	at com.almasb.fxgl.entity@17/com.almasb.fxgl.physics.box2d.dynamics.ContactManager.collide(ContactManager.java:303)
	at com.almasb.fxgl.entity@17/com.almasb.fxgl.physics.box2d.dynamics.World.step(World.java:293)
	at com.almasb.fxgl.entity@17/com.almasb.fxgl.physics.PhysicsWorld.onUpdate(PhysicsWorld.java:176)
	at com.almasb.fxgl.all@17/com.almasb.fxgl.app.scene.GameScene.step(GameScene.kt:225)
	at com.almasb.fxgl.all@17/com.almasb.fxgl.app.scene.GameScene.onUpdate(GameScene.kt:220)
	at com.almasb.fxgl.scene@17/com.almasb.fxgl.scene.Scene.update(Scene.kt:105)
	at com.almasb.fxgl.all@17/com.almasb.fxgl.app.MainWindow$update$1.invoke(MainWindow.kt:115)
	at com.almasb.fxgl.all@17/com.almasb.fxgl.app.MainWindow$update$1.invoke(MainWindow.kt:115)
	at com.almasb.fxgl.core@17/com.almasb.fxgl.core.fsm.StateMachine.runOnActiveStates(StateMachine.kt:69)
	at com.almasb.fxgl.all@17/com.almasb.fxgl.app.MainWindow.update(MainWindow.kt:115)
	at com.almasb.fxgl.all@17/com.almasb.fxgl.app.FXGLApplication$GameApplicationService.onUpdate(FXGLApplication.kt:426)
	at com.almasb.fxgl.all@17/com.almasb.fxgl.app.Engine.loop(Engine.kt:134)
	at com.almasb.fxgl.all@17/com.almasb.fxgl.app.Engine.access$loop(Engine.kt:24)
	at com.almasb.fxgl.all@17/com.almasb.fxgl.app.Engine$loop$1.invoke(Engine.kt:28)
	at com.almasb.fxgl.all@17/com.almasb.fxgl.app.Engine$loop$1.invoke(Engine.kt:28)
	at com.almasb.fxgl.all@17/com.almasb.fxgl.app.LoopRunner.frame(LoopRunner.kt:103)
	at com.almasb.fxgl.all@17/com.almasb.fxgl.app.LoopRunner.access$frame(LoopRunner.kt:23)
	at com.almasb.fxgl.all@17/com.almasb.fxgl.app.LoopRunner$impl$2$1.onTick(LoopRunner.kt:57)
	at com.almasb.fxgl.all@17/com.almasb.fxgl.app.AnimationTimerLoop$timer$1.handle(LoopRunner.kt:137)
	at javafx.graphics@19/javafx.animation.AnimationTimer$AnimationTimerReceiver.lambda$handle$0(AnimationTimer.java:58)
	at java.base/java.security.AccessController.doPrivileged(AccessController.java:400)
	at javafx.graphics@19/javafx.animation.AnimationTimer$AnimationTimerReceiver.handle(AnimationTimer.java:57)
	at javafx.graphics@19/com.sun.scenario.animation.AbstractPrimaryTimer.timePulseImpl(AbstractPrimaryTimer.java:356)
	at javafx.graphics@19/com.sun.scenario.animation.AbstractPrimaryTimer$MainLoop.run(AbstractPrimaryTimer.java:266)
	at javafx.graphics@19/com.sun.javafx.tk.quantum.QuantumToolkit.pulse(QuantumToolkit.java:571)
	at javafx.graphics@19/com.sun.javafx.tk.quantum.QuantumToolkit.pulse(QuantumToolkit.java:555)
	at javafx.graphics@19/com.sun.javafx.tk.quantum.QuantumToolkit.pulseFromQueue(QuantumToolkit.java:548)
	at javafx.graphics@19/com.sun.javafx.tk.quantum.QuantumToolkit.lambda$runToolkit$11(QuantumToolkit.java:352)
	at javafx.graphics@19/com.sun.glass.ui.InvokeLaterDispatcher$Future.run(InvokeLaterDispatcher.java:96)
	at javafx.graphics@19/com.sun.glass.ui.win.WinApplication._runLoop(Native Method)
	at javafx.graphics@19/com.sun.glass.ui.win.WinApplication.lambda$runLoop$3(WinApplication.java:184)
	at java.base/java.lang.Thread.run(Thread.java:1583)

18:55:24.733 [JavaFX Application Thread] FATAL FXGLApplication      - Application will now exit
18:55:24.736 [JavaFX Application Thread] DEBUG PrimaryStageWindow   - Push state: ErrorSubScene
18:55:24.737 [JavaFX Application Thread] DEBUG Input                - Clearing active input actions
18:55:28.366 [JavaFX Application Thread] DEBUG FXGLApplication      - Exiting FXGL
18:55:28.366 [JavaFX Application Thread] DEBUG Async                - Shutting down background threads
18:55:28.366 [JavaFX Application Thread] DEBUG PrimaryStageWindow   - Closing main window
18:55:28.380 [JavaFX Application Thread] DEBUG Logger               - Closing Logger
