00:00:58.247 [main                     ] DEBUG Logger               - Configured Logger
00:00:58.268 [main                     ] DEBUG GameApplication      - Logging settings
Title: Zelda 2D Game
Version: 1
Width: 800
Height: 800
Fullscreen: true
Intro: false
Profiling: false
Single step:false
App Mode: DEVELOPER
Menu Key: ESCAPE
Stage Style: DECORATED
Scene Factory: class com.almasb.fxgl.app.scene.SceneFactory

00:00:58.456 [JavaFX Application Thread] DEBUG FXGLApplication      - Initializing FXGL
00:00:58.460 [JavaFX Application Thread] INFO  Engine               - FXGL-17 (31.12.2021 18.16) on MAC (J:19.0.1 FX:19)
00:00:58.460 [JavaFX Application Thread] DEBUG Engine               - JRE Vendor Name: Oracle Corporation
00:00:58.461 [JavaFX Application Thread] DEBUG Engine               - Running on OS: Mac OS X version 12.5
00:00:58.461 [JavaFX Application Thread] DEBUG Engine               - Architecture: aarch64
00:00:58.461 [JavaFX Application Thread] INFO  Engine               - Source code and latest versions at: https://github.com/AlmasB/FXGL
00:00:58.461 [JavaFX Application Thread] INFO  Engine               -       Ask questions and discuss at: https://github.com/AlmasB/FXGL/discussions
00:00:58.461 [JavaFX Application Thread] INFO  Engine               -              Join the FXGL chat at: https://gitter.im/AlmasB/FXGL
00:00:58.521 [JavaFX Application Thread] DEBUG PrimaryStageWindow   - Creating a JavaFX scene
00:00:58.558 [JavaFX Application Thread] DEBUG PrimaryStageWindow   - Target settings size: 800.0 x 800.0
00:00:58.559 [JavaFX Application Thread] DEBUG PrimaryStageWindow   - Scaled scene size:    800.0 x 800.0
00:00:58.559 [JavaFX Application Thread] DEBUG PrimaryStageWindow   - Scaled ratio: (1.0, 1.0)
00:00:58.560 [JavaFX Application Thread] DEBUG PrimaryStageWindow   - Set initial scene to FXGLStartupScene
00:00:58.564 [JavaFX Application Thread] DEBUG PrimaryStageWindow   - Opening main window
00:00:58.672 [JavaFX Application Thread] DEBUG PrimaryStageWindow   - Window border size: (0.0, 28.0)
00:00:58.672 [JavaFX Application Thread] DEBUG PrimaryStageWindow   - Scaled size: 800.0 x 800.0
00:00:58.672 [JavaFX Application Thread] DEBUG PrimaryStageWindow   - Scaled ratio: (1.0, 1.0)
00:00:58.672 [JavaFX Application Thread] DEBUG PrimaryStageWindow   - Scene size: 800.0 x 800.0
00:00:58.673 [JavaFX Application Thread] DEBUG PrimaryStageWindow   - Stage size: 800.0 x 828.0
00:00:58.678 [FXGL Background Thread 1 ] DEBUG Engine               - Initializing environment variables
00:00:58.735 [FXGL Background Thread 1 ] DEBUG FXGLAssetLoaderServi - User app class for loading assets: class com.example.zeldapuzzle.MainGameApp
00:00:58.735 [FXGL Background Thread 1 ] DEBUG GameApplicationServi - Applying CSS: fxgl_dark.css
00:00:58.736 [FXGL Background Thread 1 ] DEBUG FXGLAssetLoaderServi - Loading from file system: jar:file:///Users/CHLaroche05/.m2/repository/com/github/almasb/fxgl/17/fxgl-17.jar!/fxglassets/ui/css/fxgl_dark.css
00:00:58.799 [FXGL Background Thread 1 ] DEBUG GameApplicationServi - Initializing application scenes
00:00:59.129 [FXGL Background Thread 1 ] DEBUG GameWorld            - Game world initialized
00:00:59.337 [FXGL Background Thread 1 ] DEBUG PhysicsWorld         - Physics world initialized: appHeight=800, physics.ppm=50.0
00:00:59.337 [FXGL Background Thread 1 ] DEBUG PhysicsWorld         - Using strategy: BRUTE_FORCE
00:00:59.342 [FXGL Background Thread 1 ] DEBUG GameScene            - Game scene initialized: 800x800
00:00:59.392 [FXGL Background Thread 1 ] DEBUG FXGL.DefaultMenu     - createMenuBodyMainMenu()
00:00:59.411 [FXGL Background Thread 1 ] DEBUG FXGL.DefaultMenu     - createOptionsMenu()
00:00:59.432 [FXGL Background Thread 1 ] DEBUG FXGLAssetLoaderServi - Loading from file system: jar:file:///Users/CHLaroche05/.m2/repository/com/github/almasb/fxgl/17/fxgl-17.jar!/fxglassets/textures/particles/smoke.png
00:00:59.621 [FXGL Background Thread 1 ] DEBUG FXGLAssetLoaderServi - Loading from file system: jar:file:///Users/CHLaroche05/.m2/repository/com/github/almasb/fxgl/17/fxgl-17.jar!/fxglassets/textures/particles/trace_horizontal.png
00:00:59.668 [FXGL Background Thread 1 ] DEBUG FXGL.DefaultMenu     - createMenuBodyGameMenu()
00:00:59.669 [FXGL Background Thread 1 ] DEBUG FXGL.DefaultMenu     - createOptionsMenu()
00:00:59.718 [FXGL Background Thread 1 ] DEBUG GameApplicationServi - Application scenes initialized
00:00:59.738 [FXGL Background Thread 1 ] DEBUG SystemBundleService  - Loading FXGL system data
00:00:59.743 [FXGL Background Thread 1 ] DEBUG FileSystemAccess     - Reading from: /Users/CHLaroche05/zelda/zeldaPuzzle/system/fxgl.bundle
00:00:59.755 [FXGL Background Thread 1 ] DEBUG SystemBundleService  - Bundle FXGL: {}
00:00:59.755 [FXGL Background Thread 1 ] DEBUG UpdaterService       - Checking for updates
00:00:59.787 [FXGL Background Thread 4 ] DEBUG FXGLApplication      - Loading fonts
00:00:59.788 [FXGL Background Thread 4 ] DEBUG FXGLAssetLoaderServi - Loading from file system: jar:file:///Users/CHLaroche05/.m2/repository/com/github/almasb/fxgl/17/fxgl-17.jar!/fxglassets/ui/fonts/VarelaRound-Regular.ttf
00:00:59.788 [FXGL Background Thread 1 ] DEBUG FXGLApplication      - Loading default localization
00:00:59.789 [FXGL Background Thread 1 ] DEBUG FXGLAssetLoaderServi - Loading from file system: jar:file:///Users/CHLaroche05/.m2/repository/com/github/almasb/fxgl/17/fxgl-17.jar!/fxglassets/languages/english.lang
00:00:59.798 [FXGL Background Thread 4 ] DEBUG FXGLAssetLoaderServi - Loading from file system: jar:file:///Users/CHLaroche05/.m2/repository/com/github/almasb/fxgl/17/fxgl-17.jar!/fxglassets/ui/fonts/Abel-Regular.ttf
00:00:59.801 [FXGL Background Thread 4 ] DEBUG FXGLAssetLoaderServi - Loading from file system: jar:file:///Users/CHLaroche05/.m2/repository/com/github/almasb/fxgl/17/fxgl-17.jar!/fxglassets/ui/fonts/TerminalLandMono-Regular.otf
00:00:59.804 [FXGL Background Thread 4 ] DEBUG FXGLAssetLoaderServi - Loading from file system: jar:file:///Users/CHLaroche05/.m2/repository/com/github/almasb/fxgl/17/fxgl-17.jar!/fxglassets/ui/fonts/Courier-Prime.ttf
00:00:59.808 [FXGL Background Thread 1 ] INFO  FXGLApplication      - FXGL initialization took: 1.130 sec
00:00:59.823 [JavaFX Application Thread] DEBUG Input                - Registered new binding: inventaire - Tab
00:00:59.824 [JavaFX Application Thread] DEBUG Input                - Registered new binding: getPosition - P
00:00:59.824 [JavaFX Application Thread] DEBUG Input                - Registered new binding: zoom+ - Up
00:00:59.824 [JavaFX Application Thread] DEBUG Input                - Registered new binding: zoom- - Down
00:00:59.824 [JavaFX Application Thread] DEBUG Input                - Registered new binding: resetZoom - 0
00:00:59.824 [JavaFX Application Thread] DEBUG Input                - Registered new binding: Move right - D
00:00:59.825 [JavaFX Application Thread] DEBUG Input                - Registered new binding: Move left - A
00:00:59.825 [JavaFX Application Thread] DEBUG Input                - Registered new binding: Move Up - W
00:00:59.825 [JavaFX Application Thread] DEBUG Input                - Registered new binding: Move Down - S
00:00:59.825 [JavaFX Application Thread] DEBUG Input                - Registered new binding: Jump - Space
00:00:59.826 [JavaFX Application Thread] DEBUG FXGLAssetLoaderServi - Loading from file system: jar:file:///Users/CHLaroche05/.m2/repository/com/github/almasb/fxgl/17/fxgl-17.jar!/fxglassets/textures/fxgl_icon.png
00:00:59.858 [JavaFX Application Thread] DEBUG FXGLAssetLoaderServi - Loading from file system: jar:file:///Users/CHLaroche05/.m2/repository/com/github/almasb/fxgl/17/fxgl-17.jar!/fxglassets/textures/fxgl_default_cursor.png
00:00:59.860 [JavaFX Application Thread] DEBUG Input                - Registered new binding: Screenshot - CTRL+8
00:00:59.860 [JavaFX Application Thread] DEBUG Input                - Registered new binding: Dev Options - 1
00:00:59.861 [JavaFX Application Thread] DEBUG Input                - Registered new binding: Dev Console - 2
00:00:59.861 [JavaFX Application Thread] DEBUG Input                - Registered new binding: System info dump - CTRL+9
00:00:59.861 [JavaFX Application Thread] DEBUG Input                - Registered new binding: Restart - CTRL+R
00:00:59.862 [JavaFX Application Thread] DEBUG Input                - Registered new binding: Toggle Debug Camera - CTRL+7
00:00:59.864 [JavaFX Application Thread] DEBUG LoopRunner           - Starting loop
00:00:59.877 [JavaFX Application Thread] DEBUG LoopRunner           - Initializing JavaFX AnimationTimerLoop
00:00:59.880 [JavaFX Application Thread] DEBUG Input                - Clearing active input actions
00:00:59.888 [JavaFX Application Thread] DEBUG GameApplicationServi - Removing overlay from FXGLStartupScene and adding to FXGLMainMenuDummyScene
00:00:59.892 [JavaFX Application Thread] DEBUG PrimaryStageWindow   - FXGLStartupScene -> FXGLMainMenuDummyScene
00:00:59.892 [JavaFX Application Thread] DEBUG PrimaryStageWindow   - Push state: FXGLDefaultMenu
00:00:59.894 [JavaFX Application Thread] DEBUG Input                - Clearing active input actions
00:00:59.901 [JavaFX Application Thread] DEBUG GameApplicationServi - Removing overlay from FXGLMainMenuDummyScene and adding to FXGLDefaultMenu
00:00:59.902 [JavaFX Application Thread] DEBUG PrimaryStageWindow   - FXGLMainMenuDummyScene -> FXGLDefaultMenu
00:00:59.925 [JavaFX Application Thread] DEBUG FXGLApplication      - Registering font factories with UI factory
00:01:00.189 [FXGL Background Thread 2 ] INFO  UpdaterService       - Your current version:  17
00:01:00.189 [FXGL Background Thread 2 ] INFO  UpdaterService       - Latest stable version: 21.1
00:01:00.840 [JavaFX Application Thread] DEBUG Menu                 - fireNewGame()
00:01:00.840 [JavaFX Application Thread] DEBUG GameApplicationServi - Starting new game
00:01:00.841 [JavaFX Application Thread] DEBUG PrimaryStageWindow   - Pop state: FXGLDefaultMenu
00:01:00.842 [JavaFX Application Thread] DEBUG Input                - Clearing active input actions
00:01:00.843 [JavaFX Application Thread] DEBUG GameApplicationServi - Removing overlay from FXGLDefaultMenu and adding to FXGLMainMenuDummyScene
00:01:00.845 [JavaFX Application Thread] DEBUG PrimaryStageWindow   - FXGLMainMenuDummyScene <- FXGLDefaultMenu
00:01:00.845 [JavaFX Application Thread] DEBUG Input                - Clearing active input actions
00:01:00.854 [JavaFX Application Thread] DEBUG GameApplicationServi - Removing overlay from FXGLMainMenuDummyScene and adding to FXGLLoadingScene
00:01:00.854 [JavaFX Application Thread] DEBUG PrimaryStageWindow   - FXGLMainMenuDummyScene -> FXGLLoadingScene
00:01:00.855 [JavaFX Application Thread] DEBUG GameApplicationServi - Clearing previous game
00:01:00.855 [JavaFX Application Thread] DEBUG GameScene            - Clearing game scene
00:01:00.855 [JavaFX Application Thread] DEBUG GameWorld            - Clearing game world
00:01:00.855 [JavaFX Application Thread] DEBUG PhysicsWorld         - Clearing physics world
00:01:00.856 [FXGL Background Thread 2 ] DEBUG FXGLApplication      - Initializing game
00:01:00.903 [FXGL Background Thread 2 ] WARN  TMXLevelLoader       - TiledMap generated from 1.10.2. Supported version: 1.2.3. Some features may not be parsed fully.
00:01:00.989 [FXGL Background Thread 2 ] DEBUG TMXLevelLoader       - Parsed TiledMap: file:/Users/CHLaroche05/zelda/zeldaPuzzle/target/classes/assets/levels/mapFinal.tmx
00:01:00.991 [FXGL Background Thread 2 ] DEBUG TMXLevelLoader       - Creating tile layer entities
00:01:00.994 [FXGL Background Thread 2 ] DEBUG TilesetLoader        - Loading view for layer background
00:01:01.011 [FXGL Background Thread 2 ] DEBUG TilesetLoader        - Created buffer with size 4800.0x4800.0
00:01:01.233 [FXGL Background Thread 2 ] DEBUG TilesetLoader        - Loading view for layer devant
00:01:01.248 [FXGL Background Thread 2 ] DEBUG TilesetLoader        - Created buffer with size 4800.0x4800.0
00:01:01.300 [FXGL Background Thread 2 ] DEBUG TilesetLoader        - Loading view for layer devant1
00:01:01.317 [FXGL Background Thread 2 ] DEBUG TilesetLoader        - Created buffer with size 4800.0x4800.0
00:01:01.340 [FXGL Background Thread 2 ] DEBUG TMXLevelLoader       - Creating object layer entities
00:01:01.393 [FXGL Background Thread 2 ] DEBUG GameWorld            - Clearing removable entities
00:01:01.393 [FXGL Background Thread 2 ] DEBUG GameWorld            - Setting level: com.almasb.fxgl.entity.level.Level@26bbdb
00:01:01.417 [FXGL Background Thread 2 ] WARN  GameWorld            - Entity is already attached to world
00:01:01.418 [FXGL Background Thread 2 ] WARN  GameWorld            - Entity is already attached to world
00:01:01.423 [FXGL Background Thread 2 ] INFO  FXGLApplication      - Game initialization took: 0.566 sec
00:01:01.423 [JavaFX Application Thread] DEBUG Input                - Clearing active input actions
00:01:01.431 [JavaFX Application Thread] DEBUG GameApplicationServi - Removing overlay from FXGLLoadingScene and adding to GameScene
00:01:01.434 [JavaFX Application Thread] DEBUG PrimaryStageWindow   - FXGLLoadingScene -> GameScene
00:01:02.790 [FXGL Background Thread 3 ] DEBUG Engine               - Logging environment variables
00:01:02.791 [FXGL Background Thread 3 ] DEBUG Engine               - achievements: []
00:01:02.791 [FXGL Background Thread 3 ] DEBUG Engine               - actualHeight: 800.0
00:01:02.791 [FXGL Background Thread 3 ] DEBUG Engine               - actualHeightProperty: ReadOnlyDoubleProperty [value: 800.0]
00:01:02.791 [FXGL Background Thread 3 ] DEBUG Engine               - actualWidth: 800.0
00:01:02.791 [FXGL Background Thread 3 ] DEBUG Engine               - actualWidthProperty: ReadOnlyDoubleProperty [value: 800.0]
00:01:02.792 [FXGL Background Thread 3 ] DEBUG Engine               - appIcon: fxgl_icon.png
00:01:02.792 [FXGL Background Thread 3 ] DEBUG Engine               - applicationMode: DEVELOPER
00:01:02.792 [FXGL Background Thread 3 ] DEBUG Engine               - cSSList: [fxgl_dark.css]
00:01:02.792 [FXGL Background Thread 3 ] DEBUG Engine               - collisionDetectionStrategy: BRUTE_FORCE
00:01:02.792 [FXGL Background Thread 3 ] DEBUG Engine               - configClass: Optional.empty
00:01:02.792 [FXGL Background Thread 3 ] DEBUG Engine               - credits: []
00:01:02.792 [FXGL Background Thread 3 ] DEBUG Engine               - defaultCursor: CursorInfo(imageName=fxgl_default_cursor.png, hotspotX=7.0, hotspotY=6.0)
00:01:02.792 [FXGL Background Thread 3 ] DEBUG Engine               - devBBoxColorProperty: ObjectProperty [value: 0xff0000ff]
00:01:02.792 [FXGL Background Thread 3 ] DEBUG Engine               - devEnableDebugCameraProperty: BooleanProperty [value: false]
00:01:02.792 [FXGL Background Thread 3 ] DEBUG Engine               - devSensorColorProperty: ObjectProperty [value: 0xffff00ff]
00:01:02.793 [FXGL Background Thread 3 ] DEBUG Engine               - devShowBBoxProperty: BooleanProperty [value: false]
00:01:02.793 [FXGL Background Thread 3 ] DEBUG Engine               - devShowPositionProperty: BooleanProperty [value: false]
00:01:02.793 [FXGL Background Thread 3 ] DEBUG Engine               - enabledMenuItems: []
00:01:02.793 [FXGL Background Thread 3 ] DEBUG Engine               - engineServices: [class com.almasb.fxgl.app.services.FXGLAssetLoaderService, class com.almasb.fxgl.app.FXGLApplication$GameApplicationService, class com.almasb.fxgl.app.services.FXGLDialogService, class com.almasb.fxgl.app.services.IOTaskExecutorService, class com.almasb.fxgl.io.FileSystemService, class com.almasb.fxgl.localization.LocalizationService, class com.almasb.fxgl.app.services.SystemBundleService, class com.almasb.fxgl.profile.SaveLoadService, class com.almasb.fxgl.ui.FXGLUIFactoryServiceProvider, class com.almasb.fxgl.ui.FXGLDialogFactoryServiceProvider, class com.almasb.fxgl.audio.AudioPlayer, class com.almasb.fxgl.notification.impl.NotificationServiceProvider, class com.almasb.fxgl.achievement.AchievementService, class com.almasb.fxgl.cutscene.CutsceneService, class com.almasb.fxgl.minigames.MiniGameService, class com.almasb.fxgl.net.NetService, class com.almasb.fxgl.app.services.UpdaterService, class com.almasb.fxgl.dev.DevService]
00:01:02.793 [FXGL Background Thread 3 ] DEBUG Engine               - fontGame: Abel-Regular.ttf
00:01:02.793 [FXGL Background Thread 3 ] DEBUG Engine               - fontMono: TerminalLandMono-Regular.otf
00:01:02.793 [FXGL Background Thread 3 ] DEBUG Engine               - fontText: Courier-Prime.ttf
00:01:02.793 [FXGL Background Thread 3 ] DEBUG Engine               - fontUI: VarelaRound-Regular.ttf
00:01:02.793 [FXGL Background Thread 3 ] DEBUG Engine               - fullScreen: BooleanProperty [value: false]
00:01:02.793 [FXGL Background Thread 3 ] DEBUG Engine               - gameDifficulty: MEDIUM
00:01:02.793 [FXGL Background Thread 3 ] DEBUG Engine               - gameDifficultyProperty: ObjectProperty [value: MEDIUM]
00:01:02.794 [FXGL Background Thread 3 ] DEBUG Engine               - globalMusicVolume: 0.5
00:01:02.794 [FXGL Background Thread 3 ] DEBUG Engine               - globalMusicVolumeProperty: DoubleProperty [value: 0.5]
00:01:02.794 [FXGL Background Thread 3 ] DEBUG Engine               - globalSoundVolume: 0.5
00:01:02.794 [FXGL Background Thread 3 ] DEBUG Engine               - globalSoundVolumeProperty: DoubleProperty [value: 0.5]
00:01:02.794 [FXGL Background Thread 3 ] DEBUG Engine               - height: 800
00:01:02.794 [FXGL Background Thread 3 ] DEBUG Engine               - is3D: false
00:01:02.794 [FXGL Background Thread 3 ] DEBUG Engine               - isAndroid: false
00:01:02.794 [FXGL Background Thread 3 ] DEBUG Engine               - isBrowser: false
00:01:02.794 [FXGL Background Thread 3 ] DEBUG Engine               - isClickFeedbackEnabled: false
00:01:02.794 [FXGL Background Thread 3 ] DEBUG Engine               - isCloseConfirmation: false
00:01:02.794 [FXGL Background Thread 3 ] DEBUG Engine               - isDesktop: true
00:01:02.794 [FXGL Background Thread 3 ] DEBUG Engine               - isDeveloperMenuEnabled: true
00:01:02.794 [FXGL Background Thread 3 ] DEBUG Engine               - isEmbedded: false
00:01:02.794 [FXGL Background Thread 3 ] DEBUG Engine               - isEntityPreloadEnabled: true
00:01:02.794 [FXGL Background Thread 3 ] DEBUG Engine               - isExperimentalTiledLargeMap: false
00:01:02.795 [FXGL Background Thread 3 ] DEBUG Engine               - isFileSystemWriteAllowed: true
00:01:02.795 [FXGL Background Thread 3 ] DEBUG Engine               - isFullScreenAllowed: true
00:01:02.795 [FXGL Background Thread 3 ] DEBUG Engine               - isFullScreenFromStart: false
00:01:02.795 [FXGL Background Thread 3 ] DEBUG Engine               - isGameMenuEnabled: true
00:01:02.795 [FXGL Background Thread 3 ] DEBUG Engine               - isIOS: false
00:01:02.795 [FXGL Background Thread 3 ] DEBUG Engine               - isIntroEnabled: false
00:01:02.795 [FXGL Background Thread 3 ] DEBUG Engine               - isLinux: false
00:01:02.795 [FXGL Background Thread 3 ] DEBUG Engine               - isMac: true
00:01:02.795 [FXGL Background Thread 3 ] DEBUG Engine               - isMainMenuEnabled: true
00:01:02.795 [FXGL Background Thread 3 ] DEBUG Engine               - isManualResizeEnabled: false
00:01:02.795 [FXGL Background Thread 3 ] DEBUG Engine               - isMobile: false
00:01:02.795 [FXGL Background Thread 3 ] DEBUG Engine               - isNative: false
00:01:02.795 [FXGL Background Thread 3 ] DEBUG Engine               - isPauseMusicWhenMinimized: true
00:01:02.795 [FXGL Background Thread 3 ] DEBUG Engine               - isPreserveResizeRatio: false
00:01:02.795 [FXGL Background Thread 3 ] DEBUG Engine               - isProfilingEnabled: false
00:01:02.795 [FXGL Background Thread 3 ] DEBUG Engine               - isScaleAffectedOnResize: true
00:01:02.795 [FXGL Background Thread 3 ] DEBUG Engine               - isSingleStep: false
00:01:02.795 [FXGL Background Thread 3 ] DEBUG Engine               - isUserProfileEnabled: false
00:01:02.795 [FXGL Background Thread 3 ] DEBUG Engine               - isWindows: false
00:01:02.796 [FXGL Background Thread 3 ] DEBUG Engine               - language: ObjectProperty [value: ENGLISH]
00:01:02.796 [FXGL Background Thread 3 ] DEBUG Engine               - menuKey: ESCAPE
00:01:02.796 [FXGL Background Thread 3 ] DEBUG Engine               - mouseSensitivity: 0.2
00:01:02.796 [FXGL Background Thread 3 ] DEBUG Engine               - notificationViewClass: class com.almasb.fxgl.notification.view.XboxNotificationView
00:01:02.796 [FXGL Background Thread 3 ] DEBUG Engine               - pixelsPerMeter: 50.0
00:01:02.796 [FXGL Background Thread 3 ] DEBUG Engine               - platform: MAC
00:01:02.796 [FXGL Background Thread 3 ] DEBUG Engine               - prefHeightProperty: ReadOnlyDoubleProperty [value: 800.0]
00:01:02.796 [FXGL Background Thread 3 ] DEBUG Engine               - prefWidthProperty: ReadOnlyDoubleProperty [value: 800.0]
00:01:02.796 [FXGL Background Thread 3 ] DEBUG Engine               - profileDir: profiles/
00:01:02.796 [FXGL Background Thread 3 ] DEBUG Engine               - profileName: StringProperty [value: DEFAULT]
00:01:02.796 [FXGL Background Thread 3 ] DEBUG Engine               - randomSeed: -1
00:01:02.796 [FXGL Background Thread 3 ] DEBUG Engine               - runtimeInfo: RuntimeInfo(platform=MAC, version=17, build=31.12.2021 18.16)
00:01:02.797 [FXGL Background Thread 3 ] DEBUG Engine               - saveFileExt: sav
00:01:02.797 [FXGL Background Thread 3 ] DEBUG Engine               - scaledHeightProp$fxgl: DoubleProperty [bound, value: 800.0]
00:01:02.797 [FXGL Background Thread 3 ] DEBUG Engine               - scaledWidthProp$fxgl: DoubleProperty [bound, value: 800.0]
00:01:02.797 [FXGL Background Thread 3 ] DEBUG Engine               - sceneFactory: com.almasb.fxgl.app.scene.SceneFactory@4f419981
00:01:02.797 [FXGL Background Thread 3 ] DEBUG Engine               - secondsIn24h: 60
00:01:02.797 [FXGL Background Thread 3 ] DEBUG Engine               - soundMenuBack: menu/back.wav
00:01:02.797 [FXGL Background Thread 3 ] DEBUG Engine               - soundMenuPress: menu/press.wav
00:01:02.797 [FXGL Background Thread 3 ] DEBUG Engine               - soundMenuSelect: menu/select.wav
00:01:02.797 [FXGL Background Thread 3 ] DEBUG Engine               - soundNotification: core/notification.wav
00:01:02.797 [FXGL Background Thread 3 ] DEBUG Engine               - stageStyle: DECORATED
00:01:02.797 [FXGL Background Thread 3 ] DEBUG Engine               - supportedLanguages: [ENGLISH, FRENCH, GERMAN, HUNGARIAN, RUSSIAN]
00:01:02.797 [FXGL Background Thread 3 ] DEBUG Engine               - ticksPerSecond: -1
00:01:02.797 [FXGL Background Thread 3 ] DEBUG Engine               - title: Zelda 2D Game
00:01:02.797 [FXGL Background Thread 3 ] DEBUG Engine               - urlGithub: https://github.com/AlmasB/FXGL
00:01:02.797 [FXGL Background Thread 3 ] DEBUG Engine               - urlLeaderboard: http://fxgl-top.herokuapp.com/
00:01:02.797 [FXGL Background Thread 3 ] DEBUG Engine               - urlPOM: https://raw.githubusercontent.com/AlmasB/FXGL/release/README.md
00:01:02.797 [FXGL Background Thread 3 ] DEBUG Engine               - userAppClass: class com.example.zeldapuzzle.MainGameApp
00:01:02.797 [FXGL Background Thread 3 ] DEBUG Engine               - version: 1
00:01:02.797 [FXGL Background Thread 3 ] DEBUG Engine               - versionCheckDays: 7
00:01:02.797 [FXGL Background Thread 3 ] DEBUG Engine               - width: 800
00:01:02.797 [FXGL Background Thread 3 ] DEBUG Engine               - Logging services
00:01:02.797 [FXGL Background Thread 3 ] DEBUG Engine               - class com.almasb.fxgl.app.services.FXGLAssetLoaderService
00:01:02.797 [FXGL Background Thread 3 ] DEBUG Engine               - class com.almasb.fxgl.app.FXGLApplication$GameApplicationService
00:01:02.797 [FXGL Background Thread 3 ] DEBUG Engine               - class com.almasb.fxgl.app.services.FXGLDialogService
00:01:02.797 [FXGL Background Thread 3 ] DEBUG Engine               - class com.almasb.fxgl.app.services.IOTaskExecutorService
00:01:02.797 [FXGL Background Thread 3 ] DEBUG Engine               - class com.almasb.fxgl.io.FileSystemService
00:01:02.797 [FXGL Background Thread 3 ] DEBUG Engine               - class com.almasb.fxgl.localization.LocalizationService
00:01:02.798 [FXGL Background Thread 3 ] DEBUG Engine               - class com.almasb.fxgl.app.services.SystemBundleService
00:01:02.798 [FXGL Background Thread 3 ] DEBUG Engine               - class com.almasb.fxgl.profile.SaveLoadService
00:01:02.798 [FXGL Background Thread 3 ] DEBUG Engine               - class com.almasb.fxgl.ui.FXGLUIFactoryServiceProvider
00:01:02.798 [FXGL Background Thread 3 ] DEBUG Engine               - class com.almasb.fxgl.ui.FXGLDialogFactoryServiceProvider
00:01:02.798 [FXGL Background Thread 3 ] DEBUG Engine               - class com.almasb.fxgl.audio.AudioPlayer
00:01:02.798 [FXGL Background Thread 3 ] DEBUG Engine               - class com.almasb.fxgl.notification.impl.NotificationServiceProvider
00:01:02.798 [FXGL Background Thread 3 ] DEBUG Engine               - class com.almasb.fxgl.achievement.AchievementService
00:01:02.798 [FXGL Background Thread 3 ] DEBUG Engine               - class com.almasb.fxgl.cutscene.CutsceneService
00:01:02.798 [FXGL Background Thread 3 ] DEBUG Engine               - class com.almasb.fxgl.minigames.MiniGameService
00:01:02.798 [FXGL Background Thread 3 ] DEBUG Engine               - class com.almasb.fxgl.net.NetService
00:01:02.798 [FXGL Background Thread 3 ] DEBUG Engine               - class com.almasb.fxgl.app.services.UpdaterService
00:01:02.798 [FXGL Background Thread 3 ] DEBUG Engine               - class com.almasb.fxgl.dev.DevService
00:01:08.177 [JavaFX Application Thread] WARN  TMXLevelLoader       - TiledMap generated from 1.10.2. Supported version: 1.2.3. Some features may not be parsed fully.
00:01:08.210 [JavaFX Application Thread] DEBUG TMXLevelLoader       - Parsed TiledMap: file:/Users/CHLaroche05/zelda/zeldaPuzzle/target/classes/assets/levels/leDongeon.tmx
00:01:08.210 [JavaFX Application Thread] DEBUG TMXLevelLoader       - Creating tile layer entities
00:01:08.210 [JavaFX Application Thread] DEBUG TilesetLoader        - Loading view for layer BG1
00:01:08.210 [JavaFX Application Thread] DEBUG TilesetLoader        - Created buffer with size 2400.0x800.0
00:01:08.224 [JavaFX Application Thread] DEBUG TilesetLoader        - Loading view for layer BG2
00:01:08.225 [JavaFX Application Thread] DEBUG TilesetLoader        - Created buffer with size 2400.0x800.0
00:01:08.234 [JavaFX Application Thread] DEBUG TilesetLoader        - Loading view for layer BG3
00:01:08.235 [JavaFX Application Thread] DEBUG TilesetLoader        - Created buffer with size 2400.0x800.0
00:01:08.244 [JavaFX Application Thread] DEBUG TilesetLoader        - Loading view for layer BG4a
00:01:08.245 [JavaFX Application Thread] DEBUG TilesetLoader        - Created buffer with size 2400.0x800.0
00:01:08.255 [JavaFX Application Thread] DEBUG TilesetLoader        - Loading view for layer BG4b
00:01:08.256 [JavaFX Application Thread] DEBUG TilesetLoader        - Created buffer with size 2400.0x800.0
00:01:08.266 [JavaFX Application Thread] DEBUG TilesetLoader        - Loading view for layer MainBuild2
00:01:08.268 [JavaFX Application Thread] DEBUG TilesetLoader        - Created buffer with size 2400.0x800.0
00:01:08.290 [JavaFX Application Thread] WARN  TilesetLoader        - Diagonally flipped tiles are not currently supported
00:01:08.291 [JavaFX Application Thread] WARN  TilesetLoader        - Diagonally flipped tiles are not currently supported
00:01:08.291 [JavaFX Application Thread] WARN  TilesetLoader        - Diagonally flipped tiles are not currently supported
00:01:08.291 [JavaFX Application Thread] WARN  TilesetLoader        - Diagonally flipped tiles are not currently supported
00:01:08.291 [JavaFX Application Thread] WARN  TilesetLoader        - Diagonally flipped tiles are not currently supported
00:01:08.291 [JavaFX Application Thread] WARN  TilesetLoader        - Diagonally flipped tiles are not currently supported
00:01:08.292 [JavaFX Application Thread] WARN  TilesetLoader        - Diagonally flipped tiles are not currently supported
00:01:08.292 [JavaFX Application Thread] WARN  TilesetLoader        - Diagonally flipped tiles are not currently supported
00:01:08.292 [JavaFX Application Thread] WARN  TilesetLoader        - Diagonally flipped tiles are not currently supported
00:01:08.292 [JavaFX Application Thread] WARN  TilesetLoader        - Diagonally flipped tiles are not currently supported
00:01:08.292 [JavaFX Application Thread] WARN  TilesetLoader        - Diagonally flipped tiles are not currently supported
00:01:08.292 [JavaFX Application Thread] WARN  TilesetLoader        - Diagonally flipped tiles are not currently supported
00:01:08.292 [JavaFX Application Thread] WARN  TilesetLoader        - Diagonally flipped tiles are not currently supported
00:01:08.292 [JavaFX Application Thread] WARN  TilesetLoader        - Diagonally flipped tiles are not currently supported
00:01:08.292 [JavaFX Application Thread] WARN  TilesetLoader        - Diagonally flipped tiles are not currently supported
00:01:08.293 [JavaFX Application Thread] DEBUG TilesetLoader        - Loading view for layer MainBuild3
00:01:08.294 [JavaFX Application Thread] DEBUG TilesetLoader        - Created buffer with size 2400.0x800.0
00:01:08.294 [JavaFX Application Thread] DEBUG TilesetLoader        - Loading view for layer MainBuild
00:01:08.295 [JavaFX Application Thread] DEBUG TilesetLoader        - Created buffer with size 2400.0x800.0
00:01:08.296 [JavaFX Application Thread] DEBUG TMXLevelLoader       - Creating object layer entities
00:01:08.304 [JavaFX Application Thread] DEBUG GameWorld            - Clearing removable entities
00:01:08.309 [JavaFX Application Thread] DEBUG GameWorld            - Setting level: com.almasb.fxgl.entity.level.Level@50b1f7f9
00:01:08.316 [JavaFX Application Thread] WARN  GameWorld            - Entity is already attached to world
00:01:16.208 [JavaFX Application Thread] DEBUG FXGLApplication      - Exiting FXGL
00:01:16.209 [JavaFX Application Thread] DEBUG LoopRunner           - Stopping loop
00:01:16.209 [JavaFX Application Thread] DEBUG SystemBundleService  - Saving FXGL system data
00:01:16.212 [JavaFX Application Thread] DEBUG FileSystemAccess     - Writing to: /Users/CHLaroche05/zelda/zeldaPuzzle/system/fxgl.bundle
00:01:16.214 [JavaFX Application Thread] DEBUG Async                - Shutting down background threads
00:01:16.214 [JavaFX Application Thread] DEBUG PrimaryStageWindow   - Closing main window
00:01:16.222 [JavaFX Application Thread] DEBUG Logger               - Closing Logger
