15:54:59.705 [main                     ] DEBUG Logger               - Configured Logger
15:54:59.717 [main                     ] DEBUG GameApplication      - Logging settings
Title: Zelda 2D Game par ماستن
Version: 1
Width: 800
Height: 800
Fullscreen: true
Intro: false
Profiling: false
Single step:false
App Mode: DEVELOPER
Menu Key: ESCAPE
Stage Style: DECORATED
Scene Factory: class com.almasb.fxgl.app.scene.SceneFactory

15:54:59.797 [JavaFX Application Thread] DEBUG FXGLApplication      - Initializing FXGL
15:54:59.800 [JavaFX Application Thread] INFO  Engine               - FXGL-17 (31.12.2021 18.16) on WINDOWS (J:21.0.2 FX:19)
15:54:59.800 [JavaFX Application Thread] DEBUG Engine               - JRE Vendor Name: Oracle Corporation
15:54:59.801 [JavaFX Application Thread] DEBUG Engine               - Running on OS: Windows 11 version 10.0
15:54:59.801 [JavaFX Application Thread] DEBUG Engine               - Architecture: amd64
15:54:59.801 [JavaFX Application Thread] INFO  Engine               - Source code and latest versions at: https://github.com/AlmasB/FXGL
15:54:59.801 [JavaFX Application Thread] INFO  Engine               -       Ask questions and discuss at: https://github.com/AlmasB/FXGL/discussions
15:54:59.801 [JavaFX Application Thread] INFO  Engine               -              Join the FXGL chat at: https://gitter.im/AlmasB/FXGL
15:54:59.855 [JavaFX Application Thread] DEBUG PrimaryStageWindow   - Creating a JavaFX scene
15:54:59.910 [JavaFX Application Thread] DEBUG PrimaryStageWindow   - Target settings size: 800.0 x 800.0
15:54:59.910 [JavaFX Application Thread] DEBUG PrimaryStageWindow   - Scaled scene size:    800.0 x 800.0
15:54:59.910 [JavaFX Application Thread] DEBUG PrimaryStageWindow   - Scaled ratio: (1.0, 1.0)
15:54:59.912 [JavaFX Application Thread] DEBUG PrimaryStageWindow   - Set initial scene to FXGLStartupScene
15:54:59.915 [JavaFX Application Thread] DEBUG PrimaryStageWindow   - Opening main window
15:55:00.004 [JavaFX Application Thread] DEBUG PrimaryStageWindow   - Window border size: (16.0, 39.0)
15:55:00.005 [JavaFX Application Thread] DEBUG PrimaryStageWindow   - Scaled size: 800.0 x 800.0
15:55:00.005 [JavaFX Application Thread] DEBUG PrimaryStageWindow   - Scaled ratio: (1.0, 1.0)
15:55:00.005 [JavaFX Application Thread] DEBUG PrimaryStageWindow   - Scene size: 800.0 x 800.0
15:55:00.006 [JavaFX Application Thread] DEBUG PrimaryStageWindow   - Stage size: 816.0 x 839.0
15:55:00.014 [FXGL Background Thread 1 ] DEBUG Engine               - Initializing environment variables
15:55:00.064 [FXGL Background Thread 1 ] DEBUG FXGLAssetLoaderServi - User app class for loading assets: class com.example.zeldapuzzle.MainGameApp
15:55:00.064 [FXGL Background Thread 1 ] DEBUG GameApplicationServi - Applying CSS: fxgl_dark.css
15:55:00.065 [FXGL Background Thread 1 ] DEBUG FXGLAssetLoaderServi - Loading from file system: jar:file:///C:/Users/User/.m2/repository/com/github/almasb/fxgl/17/fxgl-17.jar!/fxglassets/ui/css/fxgl_dark.css
15:55:00.103 [FXGL Background Thread 1 ] DEBUG GameApplicationServi - Initializing application scenes
15:55:00.130 [FXGL Background Thread 1 ] DEBUG GameWorld            - Game world initialized
15:55:00.171 [FXGL Background Thread 1 ] DEBUG PhysicsWorld         - Physics world initialized: appHeight=800, physics.ppm=50.0
15:55:00.172 [FXGL Background Thread 1 ] DEBUG PhysicsWorld         - Using strategy: BRUTE_FORCE
15:55:00.174 [FXGL Background Thread 1 ] DEBUG GameScene            - Game scene initialized: 800x800
15:55:00.181 [FXGL Background Thread 1 ] DEBUG FXGL.DefaultMenu     - createMenuBodyMainMenu()
15:55:00.193 [FXGL Background Thread 1 ] DEBUG FXGL.DefaultMenu     - createOptionsMenu()
15:55:00.198 [FXGL Background Thread 1 ] DEBUG FXGLAssetLoaderServi - Loading from file system: jar:file:///C:/Users/User/.m2/repository/com/github/almasb/fxgl/17/fxgl-17.jar!/fxglassets/textures/particles/smoke.png
15:55:00.248 [FXGL Background Thread 1 ] DEBUG FXGLAssetLoaderServi - Loading from file system: jar:file:///C:/Users/User/.m2/repository/com/github/almasb/fxgl/17/fxgl-17.jar!/fxglassets/textures/particles/trace_horizontal.png
15:55:00.257 [FXGL Background Thread 1 ] DEBUG FXGL.DefaultMenu     - createMenuBodyGameMenu()
15:55:00.258 [FXGL Background Thread 1 ] DEBUG FXGL.DefaultMenu     - createOptionsMenu()
15:55:00.266 [FXGL Background Thread 1 ] DEBUG GameApplicationServi - Application scenes initialized
15:55:00.274 [FXGL Background Thread 1 ] DEBUG SystemBundleService  - Loading FXGL system data
15:55:00.281 [FXGL Background Thread 1 ] DEBUG FileSystemAccess     - Reading from: C:\Users\User\zeldaPuzzle\system\fxgl.bundle
15:55:00.289 [FXGL Background Thread 1 ] DEBUG SystemBundleService  - Bundle FXGL: {}
15:55:00.289 [FXGL Background Thread 1 ] DEBUG UpdaterService       - Checking for updates
15:55:00.326 [FXGL Background Thread 4 ] DEBUG FXGLApplication      - Loading fonts
15:55:00.326 [FXGL Background Thread 1 ] DEBUG FXGLApplication      - Loading default localization
15:55:00.327 [FXGL Background Thread 4 ] DEBUG FXGLAssetLoaderServi - Loading from file system: jar:file:///C:/Users/User/.m2/repository/com/github/almasb/fxgl/17/fxgl-17.jar!/fxglassets/ui/fonts/VarelaRound-Regular.ttf
15:55:00.327 [FXGL Background Thread 1 ] DEBUG FXGLAssetLoaderServi - Loading from file system: jar:file:///C:/Users/User/.m2/repository/com/github/almasb/fxgl/17/fxgl-17.jar!/fxglassets/languages/english.lang
15:55:00.343 [FXGL Background Thread 1 ] INFO  FXGLApplication      - FXGL initialization took: 0.329 sec
15:55:00.353 [JavaFX Application Thread] DEBUG Input                - Registered new binding: inventaire - Tab
15:55:00.353 [JavaFX Application Thread] DEBUG Input                - Registered new binding: getPosition - P
15:55:00.353 [JavaFX Application Thread] DEBUG Input                - Registered new binding: zoom+ - Up
15:55:00.353 [JavaFX Application Thread] DEBUG Input                - Registered new binding: zoom- - Down
15:55:00.354 [JavaFX Application Thread] DEBUG Input                - Registered new binding: resetZoom - 0
15:55:00.354 [JavaFX Application Thread] DEBUG Input                - Registered new binding: Move right - D
15:55:00.354 [JavaFX Application Thread] DEBUG Input                - Registered new binding: Move left - A
15:55:00.354 [JavaFX Application Thread] DEBUG Input                - Registered new binding: Move Up - W
15:55:00.354 [JavaFX Application Thread] DEBUG Input                - Registered new binding: Move Down - S
15:55:00.355 [JavaFX Application Thread] DEBUG FXGLAssetLoaderServi - Loading from file system: jar:file:///C:/Users/User/.m2/repository/com/github/almasb/fxgl/17/fxgl-17.jar!/fxglassets/textures/fxgl_icon.png
15:55:00.364 [JavaFX Application Thread] DEBUG FXGLAssetLoaderServi - Loading from file system: jar:file:///C:/Users/User/.m2/repository/com/github/almasb/fxgl/17/fxgl-17.jar!/fxglassets/textures/fxgl_default_cursor.png
15:55:00.366 [JavaFX Application Thread] DEBUG Input                - Registered new binding: Screenshot - CTRL+8
15:55:00.367 [FXGL Background Thread 4 ] DEBUG FXGLAssetLoaderServi - Loading from file system: jar:file:///C:/Users/User/.m2/repository/com/github/almasb/fxgl/17/fxgl-17.jar!/fxglassets/ui/fonts/Abel-Regular.ttf
15:55:00.367 [JavaFX Application Thread] DEBUG Input                - Registered new binding: Dev Options - 1
15:55:00.367 [JavaFX Application Thread] DEBUG Input                - Registered new binding: Dev Console - 2
15:55:00.368 [JavaFX Application Thread] DEBUG Input                - Registered new binding: System info dump - CTRL+9
15:55:00.368 [JavaFX Application Thread] DEBUG Input                - Registered new binding: Restart - CTRL+R
15:55:00.369 [JavaFX Application Thread] DEBUG Input                - Registered new binding: Toggle Debug Camera - CTRL+7
15:55:00.374 [JavaFX Application Thread] DEBUG LoopRunner           - Starting loop
15:55:00.379 [FXGL Background Thread 4 ] DEBUG FXGLAssetLoaderServi - Loading from file system: jar:file:///C:/Users/User/.m2/repository/com/github/almasb/fxgl/17/fxgl-17.jar!/fxglassets/ui/fonts/TerminalLandMono-Regular.otf
15:55:00.386 [JavaFX Application Thread] DEBUG LoopRunner           - Initializing JavaFX AnimationTimerLoop
15:55:00.388 [JavaFX Application Thread] DEBUG Input                - Clearing active input actions
15:55:00.393 [JavaFX Application Thread] DEBUG GameApplicationServi - Removing overlay from FXGLStartupScene and adding to FXGLMainMenuDummyScene
15:55:00.394 [FXGL Background Thread 4 ] DEBUG FXGLAssetLoaderServi - Loading from file system: jar:file:///C:/Users/User/.m2/repository/com/github/almasb/fxgl/17/fxgl-17.jar!/fxglassets/ui/fonts/Courier-Prime.ttf
15:55:00.396 [JavaFX Application Thread] DEBUG PrimaryStageWindow   - FXGLStartupScene -> FXGLMainMenuDummyScene
15:55:00.396 [JavaFX Application Thread] DEBUG PrimaryStageWindow   - Push state: FXGLDefaultMenu
15:55:00.398 [JavaFX Application Thread] DEBUG Input                - Clearing active input actions
15:55:00.405 [JavaFX Application Thread] DEBUG GameApplicationServi - Removing overlay from FXGLMainMenuDummyScene and adding to FXGLDefaultMenu
15:55:00.406 [JavaFX Application Thread] DEBUG PrimaryStageWindow   - FXGLMainMenuDummyScene -> FXGLDefaultMenu
15:55:00.530 [JavaFX Application Thread] DEBUG FXGLApplication      - Registering font factories with UI factory
15:55:00.930 [FXGL Background Thread 2 ] INFO  UpdaterService       - Your current version:  17
15:55:00.930 [FXGL Background Thread 2 ] INFO  UpdaterService       - Latest stable version: 21.1
15:55:01.299 [JavaFX Application Thread] DEBUG Menu                 - fireNewGame()
15:55:01.299 [JavaFX Application Thread] DEBUG GameApplicationServi - Starting new game
15:55:01.301 [JavaFX Application Thread] DEBUG PrimaryStageWindow   - Pop state: FXGLDefaultMenu
15:55:01.301 [JavaFX Application Thread] DEBUG Input                - Clearing active input actions
15:55:01.302 [JavaFX Application Thread] DEBUG GameApplicationServi - Removing overlay from FXGLDefaultMenu and adding to FXGLMainMenuDummyScene
15:55:01.304 [JavaFX Application Thread] DEBUG PrimaryStageWindow   - FXGLMainMenuDummyScene <- FXGLDefaultMenu
15:55:01.304 [JavaFX Application Thread] DEBUG Input                - Clearing active input actions
15:55:01.314 [JavaFX Application Thread] DEBUG GameApplicationServi - Removing overlay from FXGLMainMenuDummyScene and adding to FXGLLoadingScene
15:55:01.315 [JavaFX Application Thread] DEBUG PrimaryStageWindow   - FXGLMainMenuDummyScene -> FXGLLoadingScene
15:55:01.316 [JavaFX Application Thread] DEBUG GameApplicationServi - Clearing previous game
15:55:01.316 [JavaFX Application Thread] DEBUG GameScene            - Clearing game scene
15:55:01.316 [JavaFX Application Thread] DEBUG GameWorld            - Clearing game world
15:55:01.316 [JavaFX Application Thread] DEBUG PhysicsWorld         - Clearing physics world
15:55:01.318 [FXGL Background Thread 2 ] DEBUG FXGLApplication      - Initializing game
15:55:01.391 [FXGL Background Thread 2 ] WARN  TMXLevelLoader       - TiledMap generated from 1.10.2. Supported version: 1.2.3. Some features may not be parsed fully.
15:55:01.413 [FXGL Background Thread 2 ] DEBUG TMXLevelLoader       - Parsed TiledMap: file:/C:/Users/User/zeldaPuzzle/target/classes/assets/levels/MapDeMerde2.tmx
15:55:01.414 [FXGL Background Thread 2 ] DEBUG TMXLevelLoader       - Creating tile layer entities
15:55:01.416 [FXGL Background Thread 2 ] DEBUG TilesetLoader        - Loading view for layer Calque de Tuiles 1
15:55:01.445 [FXGL Background Thread 2 ] DEBUG TilesetLoader        - Created buffer with size 4800.0x4800.0
15:55:01.471 [FXGL Background Thread 2 ] DEBUG TMXLevelLoader       - Creating object layer entities
15:55:01.472 [FXGL Background Thread 2 ] DEBUG GameWorld            - Clearing removable entities
15:55:01.473 [FXGL Background Thread 2 ] DEBUG GameWorld            - Setting level: com.almasb.fxgl.entity.level.Level@c4a906
15:55:01.490 [FXGL Background Thread 2 ] WARN  GameWorld            - Entity is already attached to world
15:55:01.496 [FXGL Background Thread 2 ] WARN  GameWorld            - Entity is already attached to world
15:55:01.500 [FXGL Background Thread 2 ] WARN  GameWorld            - Entity is already attached to world
15:55:01.513 [FXGL Background Thread 2 ] INFO  FXGLApplication      - Game initialization took: 0.195 sec
15:55:01.514 [JavaFX Application Thread] DEBUG Input                - Clearing active input actions
15:55:01.516 [JavaFX Application Thread] DEBUG GameApplicationServi - Removing overlay from FXGLLoadingScene and adding to GameScene
15:55:01.517 [JavaFX Application Thread] DEBUG PrimaryStageWindow   - FXGLLoadingScene -> GameScene
15:55:03.325 [FXGL Background Thread 3 ] DEBUG Engine               - Logging environment variables
15:55:03.325 [FXGL Background Thread 3 ] DEBUG Engine               - achievements: []
15:55:03.325 [FXGL Background Thread 3 ] DEBUG Engine               - actualHeight: 800.0
15:55:03.325 [FXGL Background Thread 3 ] DEBUG Engine               - actualHeightProperty: ReadOnlyDoubleProperty [value: 800.0]
15:55:03.325 [FXGL Background Thread 3 ] DEBUG Engine               - actualWidth: 800.0
15:55:03.325 [FXGL Background Thread 3 ] DEBUG Engine               - actualWidthProperty: ReadOnlyDoubleProperty [value: 800.0]
15:55:03.325 [FXGL Background Thread 3 ] DEBUG Engine               - appIcon: fxgl_icon.png
15:55:03.325 [FXGL Background Thread 3 ] DEBUG Engine               - applicationMode: DEVELOPER
15:55:03.325 [FXGL Background Thread 3 ] DEBUG Engine               - cSSList: [fxgl_dark.css]
15:55:03.325 [FXGL Background Thread 3 ] DEBUG Engine               - collisionDetectionStrategy: BRUTE_FORCE
15:55:03.325 [FXGL Background Thread 3 ] DEBUG Engine               - configClass: Optional.empty
15:55:03.325 [FXGL Background Thread 3 ] DEBUG Engine               - credits: []
15:55:03.326 [FXGL Background Thread 3 ] DEBUG Engine               - defaultCursor: CursorInfo(imageName=fxgl_default_cursor.png, hotspotX=7.0, hotspotY=6.0)
15:55:03.326 [FXGL Background Thread 3 ] DEBUG Engine               - devBBoxColorProperty: ObjectProperty [value: 0xff0000ff]
15:55:03.326 [FXGL Background Thread 3 ] DEBUG Engine               - devEnableDebugCameraProperty: BooleanProperty [value: false]
15:55:03.326 [FXGL Background Thread 3 ] DEBUG Engine               - devSensorColorProperty: ObjectProperty [value: 0xffff00ff]
15:55:03.326 [FXGL Background Thread 3 ] DEBUG Engine               - devShowBBoxProperty: BooleanProperty [value: false]
15:55:03.326 [FXGL Background Thread 3 ] DEBUG Engine               - devShowPositionProperty: BooleanProperty [value: false]
15:55:03.326 [FXGL Background Thread 3 ] DEBUG Engine               - enabledMenuItems: []
15:55:03.326 [FXGL Background Thread 3 ] DEBUG Engine               - engineServices: [class com.almasb.fxgl.app.services.FXGLAssetLoaderService, class com.almasb.fxgl.app.FXGLApplication$GameApplicationService, class com.almasb.fxgl.app.services.FXGLDialogService, class com.almasb.fxgl.app.services.IOTaskExecutorService, class com.almasb.fxgl.io.FileSystemService, class com.almasb.fxgl.localization.LocalizationService, class com.almasb.fxgl.app.services.SystemBundleService, class com.almasb.fxgl.profile.SaveLoadService, class com.almasb.fxgl.ui.FXGLUIFactoryServiceProvider, class com.almasb.fxgl.ui.FXGLDialogFactoryServiceProvider, class com.almasb.fxgl.audio.AudioPlayer, class com.almasb.fxgl.notification.impl.NotificationServiceProvider, class com.almasb.fxgl.achievement.AchievementService, class com.almasb.fxgl.cutscene.CutsceneService, class com.almasb.fxgl.minigames.MiniGameService, class com.almasb.fxgl.net.NetService, class com.almasb.fxgl.app.services.UpdaterService, class com.almasb.fxgl.dev.DevService]
15:55:03.326 [FXGL Background Thread 3 ] DEBUG Engine               - fontGame: Abel-Regular.ttf
15:55:03.327 [FXGL Background Thread 3 ] DEBUG Engine               - fontMono: TerminalLandMono-Regular.otf
15:55:03.327 [FXGL Background Thread 3 ] DEBUG Engine               - fontText: Courier-Prime.ttf
15:55:03.327 [FXGL Background Thread 3 ] DEBUG Engine               - fontUI: VarelaRound-Regular.ttf
15:55:03.327 [FXGL Background Thread 3 ] DEBUG Engine               - fullScreen: BooleanProperty [value: false]
15:55:03.327 [FXGL Background Thread 3 ] DEBUG Engine               - gameDifficulty: MEDIUM
15:55:03.327 [FXGL Background Thread 3 ] DEBUG Engine               - gameDifficultyProperty: ObjectProperty [value: MEDIUM]
15:55:03.327 [FXGL Background Thread 3 ] DEBUG Engine               - globalMusicVolume: 0.5
15:55:03.327 [FXGL Background Thread 3 ] DEBUG Engine               - globalMusicVolumeProperty: DoubleProperty [value: 0.5]
15:55:03.327 [FXGL Background Thread 3 ] DEBUG Engine               - globalSoundVolume: 0.5
15:55:03.327 [FXGL Background Thread 3 ] DEBUG Engine               - globalSoundVolumeProperty: DoubleProperty [value: 0.5]
15:55:03.327 [FXGL Background Thread 3 ] DEBUG Engine               - height: 800
15:55:03.327 [FXGL Background Thread 3 ] DEBUG Engine               - is3D: false
15:55:03.327 [FXGL Background Thread 3 ] DEBUG Engine               - isAndroid: false
15:55:03.328 [FXGL Background Thread 3 ] DEBUG Engine               - isBrowser: false
15:55:03.328 [FXGL Background Thread 3 ] DEBUG Engine               - isClickFeedbackEnabled: false
15:55:03.328 [FXGL Background Thread 3 ] DEBUG Engine               - isCloseConfirmation: false
15:55:03.328 [FXGL Background Thread 3 ] DEBUG Engine               - isDesktop: true
15:55:03.328 [FXGL Background Thread 3 ] DEBUG Engine               - isDeveloperMenuEnabled: true
15:55:03.328 [FXGL Background Thread 3 ] DEBUG Engine               - isEmbedded: false
15:55:03.328 [FXGL Background Thread 3 ] DEBUG Engine               - isEntityPreloadEnabled: true
15:55:03.328 [FXGL Background Thread 3 ] DEBUG Engine               - isExperimentalTiledLargeMap: false
15:55:03.328 [FXGL Background Thread 3 ] DEBUG Engine               - isFileSystemWriteAllowed: true
15:55:03.328 [FXGL Background Thread 3 ] DEBUG Engine               - isFullScreenAllowed: true
15:55:03.328 [FXGL Background Thread 3 ] DEBUG Engine               - isFullScreenFromStart: false
15:55:03.328 [FXGL Background Thread 3 ] DEBUG Engine               - isGameMenuEnabled: true
15:55:03.328 [FXGL Background Thread 3 ] DEBUG Engine               - isIOS: false
15:55:03.328 [FXGL Background Thread 3 ] DEBUG Engine               - isIntroEnabled: false
15:55:03.328 [FXGL Background Thread 3 ] DEBUG Engine               - isLinux: false
15:55:03.328 [FXGL Background Thread 3 ] DEBUG Engine               - isMac: false
15:55:03.328 [FXGL Background Thread 3 ] DEBUG Engine               - isMainMenuEnabled: true
15:55:03.328 [FXGL Background Thread 3 ] DEBUG Engine               - isManualResizeEnabled: false
15:55:03.328 [FXGL Background Thread 3 ] DEBUG Engine               - isMobile: false
15:55:03.328 [FXGL Background Thread 3 ] DEBUG Engine               - isNative: false
15:55:03.329 [FXGL Background Thread 3 ] DEBUG Engine               - isPauseMusicWhenMinimized: true
15:55:03.329 [FXGL Background Thread 3 ] DEBUG Engine               - isPreserveResizeRatio: false
15:55:03.329 [FXGL Background Thread 3 ] DEBUG Engine               - isProfilingEnabled: false
15:55:03.329 [FXGL Background Thread 3 ] DEBUG Engine               - isScaleAffectedOnResize: true
15:55:03.329 [FXGL Background Thread 3 ] DEBUG Engine               - isSingleStep: false
15:55:03.329 [FXGL Background Thread 3 ] DEBUG Engine               - isUserProfileEnabled: false
15:55:03.329 [FXGL Background Thread 3 ] DEBUG Engine               - isWindows: true
15:55:03.329 [FXGL Background Thread 3 ] DEBUG Engine               - language: ObjectProperty [value: ENGLISH]
15:55:03.329 [FXGL Background Thread 3 ] DEBUG Engine               - menuKey: ESCAPE
15:55:03.329 [FXGL Background Thread 3 ] DEBUG Engine               - mouseSensitivity: 0.2
15:55:03.329 [FXGL Background Thread 3 ] DEBUG Engine               - notificationViewClass: class com.almasb.fxgl.notification.view.XboxNotificationView
15:55:03.329 [FXGL Background Thread 3 ] DEBUG Engine               - pixelsPerMeter: 50.0
15:55:03.329 [FXGL Background Thread 3 ] DEBUG Engine               - platform: WINDOWS
15:55:03.329 [FXGL Background Thread 3 ] DEBUG Engine               - prefHeightProperty: ReadOnlyDoubleProperty [value: 800.0]
15:55:03.329 [FXGL Background Thread 3 ] DEBUG Engine               - prefWidthProperty: ReadOnlyDoubleProperty [value: 800.0]
15:55:03.329 [FXGL Background Thread 3 ] DEBUG Engine               - profileDir: profiles/
15:55:03.329 [FXGL Background Thread 3 ] DEBUG Engine               - profileName: StringProperty [value: DEFAULT]
15:55:03.329 [FXGL Background Thread 3 ] DEBUG Engine               - randomSeed: -1
15:55:03.329 [FXGL Background Thread 3 ] DEBUG Engine               - runtimeInfo: RuntimeInfo(platform=WINDOWS, version=17, build=31.12.2021 18.16)
15:55:03.329 [FXGL Background Thread 3 ] DEBUG Engine               - saveFileExt: sav
15:55:03.329 [FXGL Background Thread 3 ] DEBUG Engine               - scaledHeightProp$fxgl: DoubleProperty [bound, value: 800.0]
15:55:03.329 [FXGL Background Thread 3 ] DEBUG Engine               - scaledWidthProp$fxgl: DoubleProperty [bound, value: 800.0]
15:55:03.329 [FXGL Background Thread 3 ] DEBUG Engine               - sceneFactory: com.almasb.fxgl.app.scene.SceneFactory@4f2cdde2
15:55:03.329 [FXGL Background Thread 3 ] DEBUG Engine               - secondsIn24h: 60
15:55:03.329 [FXGL Background Thread 3 ] DEBUG Engine               - soundMenuBack: menu/back.wav
15:55:03.329 [FXGL Background Thread 3 ] DEBUG Engine               - soundMenuPress: menu/press.wav
15:55:03.329 [FXGL Background Thread 3 ] DEBUG Engine               - soundMenuSelect: menu/select.wav
15:55:03.329 [FXGL Background Thread 3 ] DEBUG Engine               - soundNotification: core/notification.wav
15:55:03.329 [FXGL Background Thread 3 ] DEBUG Engine               - stageStyle: DECORATED
15:55:03.329 [FXGL Background Thread 3 ] DEBUG Engine               - supportedLanguages: [ENGLISH, FRENCH, GERMAN, HUNGARIAN, RUSSIAN]
15:55:03.329 [FXGL Background Thread 3 ] DEBUG Engine               - ticksPerSecond: -1
15:55:03.330 [FXGL Background Thread 3 ] DEBUG Engine               - title: Zelda 2D Game par ماستن
15:55:03.330 [FXGL Background Thread 3 ] DEBUG Engine               - urlGithub: https://github.com/AlmasB/FXGL
15:55:03.330 [FXGL Background Thread 3 ] DEBUG Engine               - urlLeaderboard: http://fxgl-top.herokuapp.com/
15:55:03.330 [FXGL Background Thread 3 ] DEBUG Engine               - urlPOM: https://raw.githubusercontent.com/AlmasB/FXGL/release/README.md
15:55:03.330 [FXGL Background Thread 3 ] DEBUG Engine               - userAppClass: class com.example.zeldapuzzle.MainGameApp
15:55:03.330 [FXGL Background Thread 3 ] DEBUG Engine               - version: 1
15:55:03.330 [FXGL Background Thread 3 ] DEBUG Engine               - versionCheckDays: 7
15:55:03.330 [FXGL Background Thread 3 ] DEBUG Engine               - width: 800
15:55:03.330 [FXGL Background Thread 3 ] DEBUG Engine               - Logging services
15:55:03.330 [FXGL Background Thread 3 ] DEBUG Engine               - class com.almasb.fxgl.app.services.FXGLAssetLoaderService
15:55:03.330 [FXGL Background Thread 3 ] DEBUG Engine               - class com.almasb.fxgl.app.FXGLApplication$GameApplicationService
15:55:03.330 [FXGL Background Thread 3 ] DEBUG Engine               - class com.almasb.fxgl.app.services.FXGLDialogService
15:55:03.330 [FXGL Background Thread 3 ] DEBUG Engine               - class com.almasb.fxgl.app.services.IOTaskExecutorService
15:55:03.330 [FXGL Background Thread 3 ] DEBUG Engine               - class com.almasb.fxgl.io.FileSystemService
15:55:03.330 [FXGL Background Thread 3 ] DEBUG Engine               - class com.almasb.fxgl.localization.LocalizationService
15:55:03.330 [FXGL Background Thread 3 ] DEBUG Engine               - class com.almasb.fxgl.app.services.SystemBundleService
15:55:03.330 [FXGL Background Thread 3 ] DEBUG Engine               - class com.almasb.fxgl.profile.SaveLoadService
15:55:03.330 [FXGL Background Thread 3 ] DEBUG Engine               - class com.almasb.fxgl.ui.FXGLUIFactoryServiceProvider
15:55:03.330 [FXGL Background Thread 3 ] DEBUG Engine               - class com.almasb.fxgl.ui.FXGLDialogFactoryServiceProvider
15:55:03.330 [FXGL Background Thread 3 ] DEBUG Engine               - class com.almasb.fxgl.audio.AudioPlayer
15:55:03.330 [FXGL Background Thread 3 ] DEBUG Engine               - class com.almasb.fxgl.notification.impl.NotificationServiceProvider
15:55:03.330 [FXGL Background Thread 3 ] DEBUG Engine               - class com.almasb.fxgl.achievement.AchievementService
15:55:03.331 [FXGL Background Thread 3 ] DEBUG Engine               - class com.almasb.fxgl.cutscene.CutsceneService
15:55:03.331 [FXGL Background Thread 3 ] DEBUG Engine               - class com.almasb.fxgl.minigames.MiniGameService
15:55:03.331 [FXGL Background Thread 3 ] DEBUG Engine               - class com.almasb.fxgl.net.NetService
15:55:03.331 [FXGL Background Thread 3 ] DEBUG Engine               - class com.almasb.fxgl.app.services.UpdaterService
15:55:03.331 [FXGL Background Thread 3 ] DEBUG Engine               - class com.almasb.fxgl.dev.DevService
15:55:06.931 [JavaFX Application Thread] WARN  TMXLevelLoader       - TiledMap generated from 1.10.2. Supported version: 1.2.3. Some features may not be parsed fully.
15:55:06.949 [JavaFX Application Thread] DEBUG TMXLevelLoader       - Parsed TiledMap: file:/C:/Users/User/zeldaPuzzle/target/classes/assets/levels/leDongeon.tmx
15:55:06.949 [JavaFX Application Thread] DEBUG TMXLevelLoader       - Creating tile layer entities
15:55:06.949 [JavaFX Application Thread] DEBUG TilesetLoader        - Loading view for layer BG1
15:55:06.952 [JavaFX Application Thread] DEBUG TilesetLoader        - Created buffer with size 2400.0x800.0
15:55:06.966 [JavaFX Application Thread] DEBUG TilesetLoader        - Loading view for layer BG2
15:55:06.968 [JavaFX Application Thread] DEBUG TilesetLoader        - Created buffer with size 2400.0x800.0
15:55:06.978 [JavaFX Application Thread] DEBUG TilesetLoader        - Loading view for layer BG3
15:55:06.981 [JavaFX Application Thread] DEBUG TilesetLoader        - Created buffer with size 2400.0x800.0
15:55:06.992 [JavaFX Application Thread] DEBUG TilesetLoader        - Loading view for layer BG4a
15:55:06.995 [JavaFX Application Thread] DEBUG TilesetLoader        - Created buffer with size 2400.0x800.0
15:55:07.007 [JavaFX Application Thread] DEBUG TilesetLoader        - Loading view for layer BG4b
15:55:07.013 [JavaFX Application Thread] DEBUG TilesetLoader        - Created buffer with size 2400.0x800.0
15:55:07.023 [JavaFX Application Thread] DEBUG TilesetLoader        - Loading view for layer MainBuild2
15:55:07.027 [JavaFX Application Thread] DEBUG TilesetLoader        - Created buffer with size 2400.0x800.0
15:55:07.047 [JavaFX Application Thread] WARN  TilesetLoader        - Diagonally flipped tiles are not currently supported
15:55:07.047 [JavaFX Application Thread] WARN  TilesetLoader        - Diagonally flipped tiles are not currently supported
15:55:07.048 [JavaFX Application Thread] WARN  TilesetLoader        - Diagonally flipped tiles are not currently supported
15:55:07.048 [JavaFX Application Thread] WARN  TilesetLoader        - Diagonally flipped tiles are not currently supported
15:55:07.048 [JavaFX Application Thread] WARN  TilesetLoader        - Diagonally flipped tiles are not currently supported
15:55:07.048 [JavaFX Application Thread] WARN  TilesetLoader        - Diagonally flipped tiles are not currently supported
15:55:07.048 [JavaFX Application Thread] WARN  TilesetLoader        - Diagonally flipped tiles are not currently supported
15:55:07.048 [JavaFX Application Thread] WARN  TilesetLoader        - Diagonally flipped tiles are not currently supported
15:55:07.049 [JavaFX Application Thread] WARN  TilesetLoader        - Diagonally flipped tiles are not currently supported
15:55:07.049 [JavaFX Application Thread] WARN  TilesetLoader        - Diagonally flipped tiles are not currently supported
15:55:07.049 [JavaFX Application Thread] WARN  TilesetLoader        - Diagonally flipped tiles are not currently supported
15:55:07.049 [JavaFX Application Thread] WARN  TilesetLoader        - Diagonally flipped tiles are not currently supported
15:55:07.049 [JavaFX Application Thread] WARN  TilesetLoader        - Diagonally flipped tiles are not currently supported
15:55:07.049 [JavaFX Application Thread] WARN  TilesetLoader        - Diagonally flipped tiles are not currently supported
15:55:07.049 [JavaFX Application Thread] WARN  TilesetLoader        - Diagonally flipped tiles are not currently supported
15:55:07.050 [JavaFX Application Thread] DEBUG TilesetLoader        - Loading view for layer MainBuild3
15:55:07.055 [JavaFX Application Thread] DEBUG TilesetLoader        - Created buffer with size 2400.0x800.0
15:55:07.056 [JavaFX Application Thread] DEBUG TilesetLoader        - Loading view for layer MainBuild
15:55:07.060 [JavaFX Application Thread] DEBUG TilesetLoader        - Created buffer with size 2400.0x800.0
15:55:07.063 [JavaFX Application Thread] DEBUG TMXLevelLoader       - Creating object layer entities
15:55:07.074 [JavaFX Application Thread] DEBUG GameWorld            - Clearing removable entities
15:55:07.077 [JavaFX Application Thread] DEBUG GameWorld            - Setting level: com.almasb.fxgl.entity.level.Level@406a9743
15:55:07.084 [JavaFX Application Thread] WARN  GameWorld            - Entity is already attached to world
15:55:13.329 [JavaFX Application Thread] WARN  GameWorld            - Entity is already attached to world
15:55:14.619 [JavaFX Application Thread] WARN  GameWorld            - Entity is already attached to world
15:55:15.733 [JavaFX Application Thread] WARN  GameWorld            - Entity is already attached to world
15:55:16.717 [JavaFX Application Thread] WARN  GameWorld            - Entity is already attached to world
15:55:18.026 [JavaFX Application Thread] WARN  GameWorld            - Entity is already attached to world
15:55:20.492 [JavaFX Application Thread] WARN  GameWorld            - Entity is already attached to world
15:55:21.714 [JavaFX Application Thread] WARN  GameWorld            - Entity is already attached to world
15:55:22.806 [JavaFX Application Thread] WARN  GameWorld            - Entity is already attached to world
15:55:24.392 [JavaFX Application Thread] DEBUG FXGLApplication      - Exiting FXGL
15:55:24.392 [JavaFX Application Thread] DEBUG LoopRunner           - Stopping loop
15:55:24.392 [JavaFX Application Thread] DEBUG SystemBundleService  - Saving FXGL system data
15:55:24.394 [JavaFX Application Thread] DEBUG FileSystemAccess     - Writing to: C:\Users\User\zeldaPuzzle\system\fxgl.bundle
15:55:24.395 [JavaFX Application Thread] DEBUG Async                - Shutting down background threads
15:55:24.395 [JavaFX Application Thread] DEBUG PrimaryStageWindow   - Closing main window
15:55:24.401 [JavaFX Application Thread] DEBUG Logger               - Closing Logger
