21:20:39.334 [main                     ] DEBUG Logger               - Configured Logger
21:20:39.355 [main                     ] DEBUG GameApplication      - Logging settings
Title: Untitled
Version: 0.0
Width: 800
Height: 600
Fullscreen: false
Intro: false
Profiling: false
Single step:false
App Mode: DEVELOPER
Menu Key: ESCAPE
Stage Style: DECORATED
Scene Factory: class com.almasb.fxgl.app.scene.SceneFactory

21:20:39.898 [JavaFX Application Thread] DEBUG FXGLApplication      - Initializing FXGL
21:20:39.903 [JavaFX Application Thread] INFO  Engine               - FXGL-17 (31.12.2021 18.16) on WINDOWS (J:21.0.2 FX:19)
21:20:39.903 [JavaFX Application Thread] DEBUG Engine               - JRE Vendor Name: Oracle Corporation
21:20:39.903 [JavaFX Application Thread] DEBUG Engine               - Running on OS: Windows 10 version 10.0
21:20:39.903 [JavaFX Application Thread] DEBUG Engine               - Architecture: amd64
21:20:39.903 [JavaFX Application Thread] INFO  Engine               - Source code and latest versions at: https://github.com/AlmasB/FXGL
21:20:39.903 [JavaFX Application Thread] INFO  Engine               -       Ask questions and discuss at: https://github.com/AlmasB/FXGL/discussions
21:20:39.903 [JavaFX Application Thread] INFO  Engine               -              Join the FXGL chat at: https://gitter.im/AlmasB/FXGL
21:20:40.014 [JavaFX Application Thread] DEBUG PrimaryStageWindow   - Creating a JavaFX scene
21:20:40.092 [JavaFX Application Thread] DEBUG PrimaryStageWindow   - Target settings size: 800.0 x 600.0
21:20:40.092 [JavaFX Application Thread] DEBUG PrimaryStageWindow   - Scaled scene size:    800.0 x 600.0
21:20:40.092 [JavaFX Application Thread] DEBUG PrimaryStageWindow   - Scaled ratio: (1.0, 1.0)
21:20:40.093 [JavaFX Application Thread] DEBUG PrimaryStageWindow   - Set initial scene to FXGLStartupScene
21:20:40.098 [JavaFX Application Thread] DEBUG PrimaryStageWindow   - Opening main window
21:20:40.198 [JavaFX Application Thread] DEBUG PrimaryStageWindow   - Window border size: (16.0, 39.0)
21:20:40.198 [JavaFX Application Thread] DEBUG PrimaryStageWindow   - Scaled size: 800.0 x 600.0
21:20:40.198 [JavaFX Application Thread] DEBUG PrimaryStageWindow   - Scaled ratio: (1.0, 1.0)
21:20:40.198 [JavaFX Application Thread] DEBUG PrimaryStageWindow   - Scene size: 800.0 x 600.0
21:20:40.199 [JavaFX Application Thread] DEBUG PrimaryStageWindow   - Stage size: 816.0 x 639.0
21:20:40.207 [FXGL Background Thread 1 ] DEBUG Engine               - Initializing environment variables
21:20:40.261 [FXGL Background Thread 1 ] DEBUG FXGLAssetLoaderServi - User app class for loading assets: class com.example.zeldapuzzle.animation.spriteAnimations
21:20:40.261 [FXGL Background Thread 1 ] DEBUG GameApplicationServi - Applying CSS: fxgl_dark.css
21:20:40.262 [FXGL Background Thread 1 ] DEBUG FXGLAssetLoaderServi - Loading from file system: jar:file:///C:/Users/mbour/.m2/repository/com/github/almasb/fxgl/17/fxgl-17.jar!/fxglassets/ui/css/fxgl_dark.css
21:20:40.308 [FXGL Background Thread 1 ] DEBUG GameApplicationServi - Initializing application scenes
21:20:40.351 [FXGL Background Thread 1 ] DEBUG GameWorld            - Game world initialized
21:20:40.420 [FXGL Background Thread 1 ] DEBUG PhysicsWorld         - Physics world initialized: appHeight=600, physics.ppm=50,0
21:20:40.420 [FXGL Background Thread 1 ] DEBUG PhysicsWorld         - Using strategy: BRUTE_FORCE
21:20:40.424 [FXGL Background Thread 1 ] DEBUG GameScene            - Game scene initialized: 800x600
21:20:40.433 [FXGL Background Thread 1 ] DEBUG FXGL.DefaultMenu     - createMenuBodyGameMenu()
21:20:40.448 [FXGL Background Thread 1 ] DEBUG FXGL.DefaultMenu     - createOptionsMenu()
21:20:40.459 [FXGL Background Thread 1 ] DEBUG FXGLAssetLoaderServi - Loading from file system: jar:file:///C:/Users/mbour/.m2/repository/com/github/almasb/fxgl/17/fxgl-17.jar!/fxglassets/textures/particles/smoke.png
21:20:40.550 [FXGL Background Thread 1 ] DEBUG FXGLAssetLoaderServi - Loading from file system: jar:file:///C:/Users/mbour/.m2/repository/com/github/almasb/fxgl/17/fxgl-17.jar!/fxglassets/textures/particles/trace_horizontal.png
21:20:40.580 [FXGL Background Thread 1 ] DEBUG GameApplicationServi - Application scenes initialized
21:20:40.592 [FXGL Background Thread 1 ] DEBUG SystemBundleService  - Loading FXGL system data
21:20:40.603 [FXGL Background Thread 1 ] DEBUG FileSystemAccess     - Reading from: C:\Users\mbour\OneDrive\Bureau\Zelda TOTK WINRAR\zeldaPuzzle\system\fxgl.bundle
21:20:40.613 [FXGL Background Thread 1 ] DEBUG SystemBundleService  - Bundle FXGL: {}
21:20:40.613 [FXGL Background Thread 1 ] DEBUG UpdaterService       - Checking for updates
21:20:40.617 [FXGL Background Thread 4 ] DEBUG FXGLApplication      - Loading fonts
21:20:40.618 [FXGL Background Thread 1 ] DEBUG FXGLApplication      - Loading default localization
21:20:40.618 [FXGL Background Thread 4 ] DEBUG FXGLAssetLoaderServi - Loading from file system: jar:file:///C:/Users/mbour/.m2/repository/com/github/almasb/fxgl/17/fxgl-17.jar!/fxglassets/ui/fonts/VarelaRound-Regular.ttf
21:20:40.619 [FXGL Background Thread 1 ] DEBUG FXGLAssetLoaderServi - Loading from file system: jar:file:///C:/Users/mbour/.m2/repository/com/github/almasb/fxgl/17/fxgl-17.jar!/fxglassets/languages/english.lang
21:20:40.655 [FXGL Background Thread 1 ] INFO  FXGLApplication      - FXGL initialization took: 0,447 sec
21:20:40.666 [FXGL Background Thread 4 ] DEBUG FXGLAssetLoaderServi - Loading from file system: jar:file:///C:/Users/mbour/.m2/repository/com/github/almasb/fxgl/17/fxgl-17.jar!/fxglassets/ui/fonts/Abel-Regular.ttf
21:20:40.668 [JavaFX Application Thread] DEBUG Input                - Registered new binding: Right - D
21:20:40.668 [JavaFX Application Thread] DEBUG Input                - Registered new binding: Left - A
21:20:40.668 [JavaFX Application Thread] DEBUG Input                - Registered new binding: Up - W
21:20:40.668 [JavaFX Application Thread] DEBUG Input                - Registered new binding: Down - S
21:20:40.668 [JavaFX Application Thread] DEBUG FXGLAssetLoaderServi - Loading from file system: jar:file:///C:/Users/mbour/.m2/repository/com/github/almasb/fxgl/17/fxgl-17.jar!/fxglassets/textures/fxgl_icon.png
21:20:40.679 [FXGL Background Thread 4 ] DEBUG FXGLAssetLoaderServi - Loading from file system: jar:file:///C:/Users/mbour/.m2/repository/com/github/almasb/fxgl/17/fxgl-17.jar!/fxglassets/ui/fonts/TerminalLandMono-Regular.otf
21:20:40.690 [FXGL Background Thread 4 ] DEBUG FXGLAssetLoaderServi - Loading from file system: jar:file:///C:/Users/mbour/.m2/repository/com/github/almasb/fxgl/17/fxgl-17.jar!/fxglassets/ui/fonts/Courier-Prime.ttf
21:20:40.695 [JavaFX Application Thread] DEBUG FXGLAssetLoaderServi - Loading from file system: jar:file:///C:/Users/mbour/.m2/repository/com/github/almasb/fxgl/17/fxgl-17.jar!/fxglassets/textures/fxgl_default_cursor.png
21:20:40.697 [JavaFX Application Thread] DEBUG Input                - Registered new binding: Screenshot - CTRL+8
21:20:40.698 [JavaFX Application Thread] DEBUG Input                - Registered new binding: System info dump - CTRL+9
21:20:40.698 [JavaFX Application Thread] DEBUG Input                - Registered new binding: Restart - CTRL+R
21:20:40.699 [JavaFX Application Thread] DEBUG Input                - Registered new binding: Toggle Debug Camera - CTRL+7
21:20:40.701 [JavaFX Application Thread] DEBUG LoopRunner           - Starting loop
21:20:40.701 [JavaFX Application Thread] DEBUG LoopRunner           - Initializing JavaFX AnimationTimerLoop
21:20:40.703 [JavaFX Application Thread] DEBUG GameApplicationServi - Starting new game
21:20:40.704 [JavaFX Application Thread] DEBUG Input                - Clearing active input actions
21:20:40.719 [JavaFX Application Thread] DEBUG GameApplicationServi - Removing overlay from FXGLStartupScene and adding to FXGLLoadingScene
21:20:40.720 [JavaFX Application Thread] DEBUG PrimaryStageWindow   - FXGLStartupScene -> FXGLLoadingScene
21:20:40.720 [JavaFX Application Thread] DEBUG GameApplicationServi - Clearing previous game
21:20:40.720 [JavaFX Application Thread] DEBUG GameScene            - Clearing game scene
21:20:40.720 [JavaFX Application Thread] DEBUG GameWorld            - Clearing game world
21:20:40.720 [JavaFX Application Thread] DEBUG PhysicsWorld         - Clearing physics world
21:20:40.722 [FXGL Background Thread 4 ] DEBUG FXGLApplication      - Initializing game
21:20:40.723 [JavaFX Application Thread] DEBUG FXGLApplication      - Registering font factories with UI factory
21:20:40.775 [FXGL Background Thread 4 ] INFO  FXGLApplication      - Game initialization took: 0,053 sec
21:20:40.779 [JavaFX Application Thread] DEBUG Input                - Clearing active input actions
21:20:40.799 [JavaFX Application Thread] DEBUG GameApplicationServi - Removing overlay from FXGLLoadingScene and adding to GameScene
21:20:40.800 [JavaFX Application Thread] DEBUG PrimaryStageWindow   - FXGLLoadingScene -> GameScene
21:20:41.614 [FXGL Background Thread 2 ] INFO  UpdaterService       - Your current version:  17
21:20:41.615 [FXGL Background Thread 2 ] INFO  UpdaterService       - Latest stable version: 21.1
21:20:43.617 [FXGL Background Thread 3 ] DEBUG Engine               - Logging environment variables
21:20:43.617 [FXGL Background Thread 3 ] DEBUG Engine               - achievements: []
21:20:43.617 [FXGL Background Thread 3 ] DEBUG Engine               - actualHeight: 600.0
21:20:43.617 [FXGL Background Thread 3 ] DEBUG Engine               - actualHeightProperty: ReadOnlyDoubleProperty [value: 600.0]
21:20:43.617 [FXGL Background Thread 3 ] DEBUG Engine               - actualWidth: 800.0
21:20:43.618 [FXGL Background Thread 3 ] DEBUG Engine               - actualWidthProperty: ReadOnlyDoubleProperty [value: 800.0]
21:20:43.618 [FXGL Background Thread 3 ] DEBUG Engine               - appIcon: fxgl_icon.png
21:20:43.618 [FXGL Background Thread 3 ] DEBUG Engine               - applicationMode: DEVELOPER
21:20:43.618 [FXGL Background Thread 3 ] DEBUG Engine               - cSSList: [fxgl_dark.css]
21:20:43.618 [FXGL Background Thread 3 ] DEBUG Engine               - collisionDetectionStrategy: BRUTE_FORCE
21:20:43.618 [FXGL Background Thread 3 ] DEBUG Engine               - configClass: Optional.empty
21:20:43.618 [FXGL Background Thread 3 ] DEBUG Engine               - credits: []
21:20:43.618 [FXGL Background Thread 3 ] DEBUG Engine               - defaultCursor: CursorInfo(imageName=fxgl_default_cursor.png, hotspotX=7.0, hotspotY=6.0)
21:20:43.618 [FXGL Background Thread 3 ] DEBUG Engine               - devBBoxColorProperty: ObjectProperty [value: 0xff0000ff]
21:20:43.618 [FXGL Background Thread 3 ] DEBUG Engine               - devEnableDebugCameraProperty: BooleanProperty [value: false]
21:20:43.618 [FXGL Background Thread 3 ] DEBUG Engine               - devSensorColorProperty: ObjectProperty [value: 0xffff00ff]
21:20:43.618 [FXGL Background Thread 3 ] DEBUG Engine               - devShowBBoxProperty: BooleanProperty [value: false]
21:20:43.619 [FXGL Background Thread 3 ] DEBUG Engine               - devShowPositionProperty: BooleanProperty [value: false]
21:20:43.619 [FXGL Background Thread 3 ] DEBUG Engine               - enabledMenuItems: []
21:20:43.619 [FXGL Background Thread 3 ] DEBUG Engine               - engineServices: [class com.almasb.fxgl.app.services.FXGLAssetLoaderService, class com.almasb.fxgl.app.FXGLApplication$GameApplicationService, class com.almasb.fxgl.app.services.FXGLDialogService, class com.almasb.fxgl.app.services.IOTaskExecutorService, class com.almasb.fxgl.io.FileSystemService, class com.almasb.fxgl.localization.LocalizationService, class com.almasb.fxgl.app.services.SystemBundleService, class com.almasb.fxgl.profile.SaveLoadService, class com.almasb.fxgl.ui.FXGLUIFactoryServiceProvider, class com.almasb.fxgl.ui.FXGLDialogFactoryServiceProvider, class com.almasb.fxgl.audio.AudioPlayer, class com.almasb.fxgl.notification.impl.NotificationServiceProvider, class com.almasb.fxgl.achievement.AchievementService, class com.almasb.fxgl.cutscene.CutsceneService, class com.almasb.fxgl.minigames.MiniGameService, class com.almasb.fxgl.net.NetService, class com.almasb.fxgl.app.services.UpdaterService, class com.almasb.fxgl.dev.DevService]
21:20:43.619 [FXGL Background Thread 3 ] DEBUG Engine               - fontGame: Abel-Regular.ttf
21:20:43.619 [FXGL Background Thread 3 ] DEBUG Engine               - fontMono: TerminalLandMono-Regular.otf
21:20:43.619 [FXGL Background Thread 3 ] DEBUG Engine               - fontText: Courier-Prime.ttf
21:20:43.619 [FXGL Background Thread 3 ] DEBUG Engine               - fontUI: VarelaRound-Regular.ttf
21:20:43.619 [FXGL Background Thread 3 ] DEBUG Engine               - fullScreen: BooleanProperty [value: false]
21:20:43.619 [FXGL Background Thread 3 ] DEBUG Engine               - gameDifficulty: MEDIUM
21:20:43.619 [FXGL Background Thread 3 ] DEBUG Engine               - gameDifficultyProperty: ObjectProperty [value: MEDIUM]
21:20:43.619 [FXGL Background Thread 3 ] DEBUG Engine               - globalMusicVolume: 0.5
21:20:43.619 [FXGL Background Thread 3 ] DEBUG Engine               - globalMusicVolumeProperty: DoubleProperty [value: 0.5]
21:20:43.619 [FXGL Background Thread 3 ] DEBUG Engine               - globalSoundVolume: 0.5
21:20:43.619 [FXGL Background Thread 3 ] DEBUG Engine               - globalSoundVolumeProperty: DoubleProperty [value: 0.5]
21:20:43.619 [FXGL Background Thread 3 ] DEBUG Engine               - height: 600
21:20:43.620 [FXGL Background Thread 3 ] DEBUG Engine               - is3D: false
21:20:43.620 [FXGL Background Thread 3 ] DEBUG Engine               - isAndroid: false
21:20:43.620 [FXGL Background Thread 3 ] DEBUG Engine               - isBrowser: false
21:20:43.620 [FXGL Background Thread 3 ] DEBUG Engine               - isClickFeedbackEnabled: false
21:20:43.620 [FXGL Background Thread 3 ] DEBUG Engine               - isCloseConfirmation: false
21:20:43.620 [FXGL Background Thread 3 ] DEBUG Engine               - isDesktop: true
21:20:43.620 [FXGL Background Thread 3 ] DEBUG Engine               - isDeveloperMenuEnabled: false
21:20:43.620 [FXGL Background Thread 3 ] DEBUG Engine               - isEmbedded: false
21:20:43.620 [FXGL Background Thread 3 ] DEBUG Engine               - isEntityPreloadEnabled: true
21:20:43.620 [FXGL Background Thread 3 ] DEBUG Engine               - isExperimentalTiledLargeMap: false
21:20:43.620 [FXGL Background Thread 3 ] DEBUG Engine               - isFileSystemWriteAllowed: true
21:20:43.620 [FXGL Background Thread 3 ] DEBUG Engine               - isFullScreenAllowed: false
21:20:43.620 [FXGL Background Thread 3 ] DEBUG Engine               - isFullScreenFromStart: false
21:20:43.620 [FXGL Background Thread 3 ] DEBUG Engine               - isGameMenuEnabled: true
21:20:43.620 [FXGL Background Thread 3 ] DEBUG Engine               - isIOS: false
21:20:43.620 [FXGL Background Thread 3 ] DEBUG Engine               - isIntroEnabled: false
21:20:43.620 [FXGL Background Thread 3 ] DEBUG Engine               - isLinux: false
21:20:43.620 [FXGL Background Thread 3 ] DEBUG Engine               - isMac: false
21:20:43.621 [FXGL Background Thread 3 ] DEBUG Engine               - isMainMenuEnabled: false
21:20:43.621 [FXGL Background Thread 3 ] DEBUG Engine               - isManualResizeEnabled: false
21:20:43.621 [FXGL Background Thread 3 ] DEBUG Engine               - isMobile: false
21:20:43.621 [FXGL Background Thread 3 ] DEBUG Engine               - isNative: false
21:20:43.621 [FXGL Background Thread 3 ] DEBUG Engine               - isPauseMusicWhenMinimized: true
21:20:43.621 [FXGL Background Thread 3 ] DEBUG Engine               - isPreserveResizeRatio: false
21:20:43.621 [FXGL Background Thread 3 ] DEBUG Engine               - isProfilingEnabled: false
21:20:43.621 [FXGL Background Thread 3 ] DEBUG Engine               - isScaleAffectedOnResize: true
21:20:43.621 [FXGL Background Thread 3 ] DEBUG Engine               - isSingleStep: false
21:20:43.621 [FXGL Background Thread 3 ] DEBUG Engine               - isUserProfileEnabled: false
21:20:43.621 [FXGL Background Thread 3 ] DEBUG Engine               - isWindows: true
21:20:43.621 [FXGL Background Thread 3 ] DEBUG Engine               - language: ObjectProperty [value: ENGLISH]
21:20:43.621 [FXGL Background Thread 3 ] DEBUG Engine               - menuKey: ESCAPE
21:20:43.621 [FXGL Background Thread 3 ] DEBUG Engine               - mouseSensitivity: 0.2
21:20:43.621 [FXGL Background Thread 3 ] DEBUG Engine               - notificationViewClass: class com.almasb.fxgl.notification.view.XboxNotificationView
21:20:43.621 [FXGL Background Thread 3 ] DEBUG Engine               - pixelsPerMeter: 50.0
21:20:43.622 [FXGL Background Thread 3 ] DEBUG Engine               - platform: WINDOWS
21:20:43.622 [FXGL Background Thread 3 ] DEBUG Engine               - prefHeightProperty: ReadOnlyDoubleProperty [value: 600.0]
21:20:43.622 [FXGL Background Thread 3 ] DEBUG Engine               - prefWidthProperty: ReadOnlyDoubleProperty [value: 800.0]
21:20:43.622 [FXGL Background Thread 3 ] DEBUG Engine               - profileDir: profiles/
21:20:43.622 [FXGL Background Thread 3 ] DEBUG Engine               - profileName: StringProperty [value: DEFAULT]
21:20:43.622 [FXGL Background Thread 3 ] DEBUG Engine               - randomSeed: -1
21:20:43.622 [FXGL Background Thread 3 ] DEBUG Engine               - runtimeInfo: RuntimeInfo(platform=WINDOWS, version=17, build=31.12.2021 18.16)
21:20:43.622 [FXGL Background Thread 3 ] DEBUG Engine               - saveFileExt: sav
21:20:43.622 [FXGL Background Thread 3 ] DEBUG Engine               - scaledHeightProp$fxgl: DoubleProperty [bound, value: 600.0]
21:20:43.623 [FXGL Background Thread 3 ] DEBUG Engine               - scaledWidthProp$fxgl: DoubleProperty [bound, value: 800.0]
21:20:43.623 [FXGL Background Thread 3 ] DEBUG Engine               - sceneFactory: com.almasb.fxgl.app.scene.SceneFactory@43313922
21:20:43.623 [FXGL Background Thread 3 ] DEBUG Engine               - secondsIn24h: 60
21:20:43.623 [FXGL Background Thread 3 ] DEBUG Engine               - soundMenuBack: menu/back.wav
21:20:43.623 [FXGL Background Thread 3 ] DEBUG Engine               - soundMenuPress: menu/press.wav
21:20:43.623 [FXGL Background Thread 3 ] DEBUG Engine               - soundMenuSelect: menu/select.wav
21:20:43.623 [FXGL Background Thread 3 ] DEBUG Engine               - soundNotification: core/notification.wav
21:20:43.623 [FXGL Background Thread 3 ] DEBUG Engine               - stageStyle: DECORATED
21:20:43.623 [FXGL Background Thread 3 ] DEBUG Engine               - supportedLanguages: [ENGLISH, FRENCH, GERMAN, HUNGARIAN, RUSSIAN]
21:20:43.623 [FXGL Background Thread 3 ] DEBUG Engine               - ticksPerSecond: -1
21:20:43.623 [FXGL Background Thread 3 ] DEBUG Engine               - title: Untitled
21:20:43.623 [FXGL Background Thread 3 ] DEBUG Engine               - urlGithub: https://github.com/AlmasB/FXGL
21:20:43.623 [FXGL Background Thread 3 ] DEBUG Engine               - urlLeaderboard: http://fxgl-top.herokuapp.com/
21:20:43.623 [FXGL Background Thread 3 ] DEBUG Engine               - urlPOM: https://raw.githubusercontent.com/AlmasB/FXGL/release/README.md
21:20:43.623 [FXGL Background Thread 3 ] DEBUG Engine               - userAppClass: class com.example.zeldapuzzle.animation.spriteAnimations
21:20:43.623 [FXGL Background Thread 3 ] DEBUG Engine               - version: 0.0
21:20:43.623 [FXGL Background Thread 3 ] DEBUG Engine               - versionCheckDays: 7
21:20:43.624 [FXGL Background Thread 3 ] DEBUG Engine               - width: 800
21:20:43.624 [FXGL Background Thread 3 ] DEBUG Engine               - Logging services
21:20:43.624 [FXGL Background Thread 3 ] DEBUG Engine               - class com.almasb.fxgl.app.services.FXGLAssetLoaderService
21:20:43.624 [FXGL Background Thread 3 ] DEBUG Engine               - class com.almasb.fxgl.app.FXGLApplication$GameApplicationService
21:20:43.624 [FXGL Background Thread 3 ] DEBUG Engine               - class com.almasb.fxgl.app.services.FXGLDialogService
21:20:43.624 [FXGL Background Thread 3 ] DEBUG Engine               - class com.almasb.fxgl.app.services.IOTaskExecutorService
21:20:43.624 [FXGL Background Thread 3 ] DEBUG Engine               - class com.almasb.fxgl.io.FileSystemService
21:20:43.624 [FXGL Background Thread 3 ] DEBUG Engine               - class com.almasb.fxgl.localization.LocalizationService
21:20:43.624 [FXGL Background Thread 3 ] DEBUG Engine               - class com.almasb.fxgl.app.services.SystemBundleService
21:20:43.624 [FXGL Background Thread 3 ] DEBUG Engine               - class com.almasb.fxgl.profile.SaveLoadService
21:20:43.624 [FXGL Background Thread 3 ] DEBUG Engine               - class com.almasb.fxgl.ui.FXGLUIFactoryServiceProvider
21:20:43.624 [FXGL Background Thread 3 ] DEBUG Engine               - class com.almasb.fxgl.ui.FXGLDialogFactoryServiceProvider
21:20:43.624 [FXGL Background Thread 3 ] DEBUG Engine               - class com.almasb.fxgl.audio.AudioPlayer
21:20:43.624 [FXGL Background Thread 3 ] DEBUG Engine               - class com.almasb.fxgl.notification.impl.NotificationServiceProvider
21:20:43.624 [FXGL Background Thread 3 ] DEBUG Engine               - class com.almasb.fxgl.achievement.AchievementService
21:20:43.624 [FXGL Background Thread 3 ] DEBUG Engine               - class com.almasb.fxgl.cutscene.CutsceneService
21:20:43.624 [FXGL Background Thread 3 ] DEBUG Engine               - class com.almasb.fxgl.minigames.MiniGameService
21:20:43.624 [FXGL Background Thread 3 ] DEBUG Engine               - class com.almasb.fxgl.net.NetService
21:20:43.624 [FXGL Background Thread 3 ] DEBUG Engine               - class com.almasb.fxgl.app.services.UpdaterService
21:20:43.624 [FXGL Background Thread 3 ] DEBUG Engine               - class com.almasb.fxgl.dev.DevService
21:21:00.398 [JavaFX Application Thread] DEBUG FXGLApplication      - Exiting FXGL
21:21:00.398 [JavaFX Application Thread] DEBUG LoopRunner           - Stopping loop
21:21:00.398 [JavaFX Application Thread] DEBUG SystemBundleService  - Saving FXGL system data
21:21:00.400 [JavaFX Application Thread] DEBUG FileSystemAccess     - Writing to: C:\Users\mbour\OneDrive\Bureau\Zelda TOTK WINRAR\zeldaPuzzle\system\fxgl.bundle
21:21:00.402 [JavaFX Application Thread] DEBUG Async                - Shutting down background threads
21:21:00.402 [JavaFX Application Thread] DEBUG PrimaryStageWindow   - Closing main window
21:21:00.412 [JavaFX Application Thread] DEBUG Logger               - Closing Logger
