20:26:05.666 [main                     ] DEBUG Logger               - Configured Logger
20:26:05.680 [main                     ] DEBUG GameApplication      - Logging settings
Title: Zelda 2D Game par ماستن
Version: 1
Width: 800
Height: 800
Fullscreen: true
Intro: false
Profiling: false
Single step:false
App Mode: DEVELOPER
Menu Key: ESCAPE
Stage Style: DECORATED
Scene Factory: class com.almasb.fxgl.app.scene.SceneFactory

20:26:05.816 [JavaFX Application Thread] DEBUG FXGLApplication      - Initializing FXGL
20:26:05.820 [JavaFX Application Thread] INFO  Engine               - FXGL-17 (31.12.2021 18.16) on WINDOWS (J:21.0.2 FX:19)
20:26:05.820 [JavaFX Application Thread] DEBUG Engine               - JRE Vendor Name: Oracle Corporation
20:26:05.820 [JavaFX Application Thread] DEBUG Engine               - Running on OS: Windows 10 version 10.0
20:26:05.821 [JavaFX Application Thread] DEBUG Engine               - Architecture: amd64
20:26:05.821 [JavaFX Application Thread] INFO  Engine               - Source code and latest versions at: https://github.com/AlmasB/FXGL
20:26:05.821 [JavaFX Application Thread] INFO  Engine               -       Ask questions and discuss at: https://github.com/AlmasB/FXGL/discussions
20:26:05.821 [JavaFX Application Thread] INFO  Engine               -              Join the FXGL chat at: https://gitter.im/AlmasB/FXGL
20:26:05.889 [JavaFX Application Thread] DEBUG PrimaryStageWindow   - Creating a JavaFX scene
20:26:05.934 [JavaFX Application Thread] DEBUG PrimaryStageWindow   - Target settings size: 800.0 x 800.0
20:26:05.934 [JavaFX Application Thread] DEBUG PrimaryStageWindow   - Scaled scene size:    800.0 x 800.0
20:26:05.934 [JavaFX Application Thread] DEBUG PrimaryStageWindow   - Scaled ratio: (1.0, 1.0)
20:26:05.935 [JavaFX Application Thread] DEBUG PrimaryStageWindow   - Set initial scene to FXGLStartupScene
20:26:05.939 [JavaFX Application Thread] DEBUG PrimaryStageWindow   - Opening main window
20:26:06.024 [JavaFX Application Thread] DEBUG PrimaryStageWindow   - Window border size: (16.0, 39.0)
20:26:06.024 [JavaFX Application Thread] DEBUG PrimaryStageWindow   - Scaled size: 800.0 x 800.0
20:26:06.025 [JavaFX Application Thread] DEBUG PrimaryStageWindow   - Scaled ratio: (1.0, 1.0)
20:26:06.025 [JavaFX Application Thread] DEBUG PrimaryStageWindow   - Scene size: 800.0 x 800.0
20:26:06.025 [JavaFX Application Thread] DEBUG PrimaryStageWindow   - Stage size: 816.0 x 839.0
20:26:06.032 [FXGL Background Thread 1 ] DEBUG Engine               - Initializing environment variables
20:26:06.073 [FXGL Background Thread 1 ] DEBUG FXGLAssetLoaderServi - User app class for loading assets: class com.example.zeldapuzzle.MainGameApp
20:26:06.073 [FXGL Background Thread 1 ] DEBUG GameApplicationServi - Applying CSS: fxgl_dark.css
20:26:06.073 [FXGL Background Thread 1 ] DEBUG FXGLAssetLoaderServi - Loading from file system: jar:file:///C:/Users/mbour/.m2/repository/com/github/almasb/fxgl/17/fxgl-17.jar!/fxglassets/ui/css/fxgl_dark.css
20:26:06.113 [FXGL Background Thread 1 ] DEBUG GameApplicationServi - Initializing application scenes
20:26:06.148 [FXGL Background Thread 1 ] DEBUG GameWorld            - Game world initialized
20:26:06.204 [FXGL Background Thread 1 ] DEBUG PhysicsWorld         - Physics world initialized: appHeight=800, physics.ppm=50,0
20:26:06.205 [FXGL Background Thread 1 ] DEBUG PhysicsWorld         - Using strategy: BRUTE_FORCE
20:26:06.209 [FXGL Background Thread 1 ] DEBUG GameScene            - Game scene initialized: 800x800
20:26:06.220 [FXGL Background Thread 1 ] DEBUG FXGL.DefaultMenu     - createMenuBodyMainMenu()
20:26:06.234 [FXGL Background Thread 1 ] DEBUG FXGL.DefaultMenu     - createOptionsMenu()
20:26:06.243 [FXGL Background Thread 1 ] DEBUG FXGLAssetLoaderServi - Loading from file system: jar:file:///C:/Users/mbour/.m2/repository/com/github/almasb/fxgl/17/fxgl-17.jar!/fxglassets/textures/particles/smoke.png
20:26:06.317 [FXGL Background Thread 1 ] DEBUG FXGLAssetLoaderServi - Loading from file system: jar:file:///C:/Users/mbour/.m2/repository/com/github/almasb/fxgl/17/fxgl-17.jar!/fxglassets/textures/particles/trace_horizontal.png
20:26:06.334 [FXGL Background Thread 1 ] DEBUG FXGL.DefaultMenu     - createMenuBodyGameMenu()
20:26:06.335 [FXGL Background Thread 1 ] DEBUG FXGL.DefaultMenu     - createOptionsMenu()
20:26:06.350 [FXGL Background Thread 1 ] DEBUG GameApplicationServi - Application scenes initialized
20:26:06.364 [FXGL Background Thread 1 ] DEBUG SystemBundleService  - Loading FXGL system data
20:26:06.372 [FXGL Background Thread 1 ] DEBUG FileSystemAccess     - Reading from: C:\Users\mbour\OneDrive\Bureau\Zelda TOTK WINRAR\zeldaPuzzle\system\fxgl.bundle
20:26:06.383 [FXGL Background Thread 1 ] DEBUG SystemBundleService  - Bundle FXGL: {}
20:26:06.383 [FXGL Background Thread 1 ] DEBUG UpdaterService       - Checking for updates
20:26:06.411 [FXGL Background Thread 4 ] DEBUG FXGLApplication      - Loading fonts
20:26:06.411 [FXGL Background Thread 1 ] DEBUG FXGLApplication      - Loading default localization
20:26:06.412 [FXGL Background Thread 4 ] DEBUG FXGLAssetLoaderServi - Loading from file system: jar:file:///C:/Users/mbour/.m2/repository/com/github/almasb/fxgl/17/fxgl-17.jar!/fxglassets/ui/fonts/VarelaRound-Regular.ttf
20:26:06.412 [FXGL Background Thread 1 ] DEBUG FXGLAssetLoaderServi - Loading from file system: jar:file:///C:/Users/mbour/.m2/repository/com/github/almasb/fxgl/17/fxgl-17.jar!/fxglassets/languages/english.lang
20:26:06.429 [FXGL Background Thread 1 ] INFO  FXGLApplication      - FXGL initialization took: 0,397 sec
20:26:06.453 [FXGL Background Thread 4 ] DEBUG FXGLAssetLoaderServi - Loading from file system: jar:file:///C:/Users/mbour/.m2/repository/com/github/almasb/fxgl/17/fxgl-17.jar!/fxglassets/ui/fonts/Abel-Regular.ttf
20:26:06.459 [JavaFX Application Thread] DEBUG Input                - Registered new binding: inventaire - Tab
20:26:06.459 [JavaFX Application Thread] DEBUG Input                - Registered new binding: getPosition - P
20:26:06.459 [JavaFX Application Thread] DEBUG Input                - Registered new binding: zoom+ - Up
20:26:06.460 [JavaFX Application Thread] DEBUG Input                - Registered new binding: zoom- - Down
20:26:06.460 [JavaFX Application Thread] DEBUG Input                - Registered new binding: resetZoom - 0
20:26:06.460 [JavaFX Application Thread] DEBUG Input                - Registered new binding: Move right - D
20:26:06.460 [JavaFX Application Thread] DEBUG Input                - Registered new binding: Move left - A
20:26:06.461 [JavaFX Application Thread] DEBUG Input                - Registered new binding: Move Up - W
20:26:06.461 [JavaFX Application Thread] DEBUG Input                - Registered new binding: Move Down - S
20:26:06.461 [JavaFX Application Thread] DEBUG FXGLAssetLoaderServi - Loading from file system: jar:file:///C:/Users/mbour/.m2/repository/com/github/almasb/fxgl/17/fxgl-17.jar!/fxglassets/textures/fxgl_icon.png
20:26:06.466 [FXGL Background Thread 4 ] DEBUG FXGLAssetLoaderServi - Loading from file system: jar:file:///C:/Users/mbour/.m2/repository/com/github/almasb/fxgl/17/fxgl-17.jar!/fxglassets/ui/fonts/TerminalLandMono-Regular.otf
20:26:06.476 [JavaFX Application Thread] DEBUG FXGLAssetLoaderServi - Loading from file system: jar:file:///C:/Users/mbour/.m2/repository/com/github/almasb/fxgl/17/fxgl-17.jar!/fxglassets/textures/fxgl_default_cursor.png
20:26:06.478 [FXGL Background Thread 4 ] DEBUG FXGLAssetLoaderServi - Loading from file system: jar:file:///C:/Users/mbour/.m2/repository/com/github/almasb/fxgl/17/fxgl-17.jar!/fxglassets/ui/fonts/Courier-Prime.ttf
20:26:06.479 [JavaFX Application Thread] DEBUG Input                - Registered new binding: Screenshot - CTRL+8
20:26:06.479 [JavaFX Application Thread] DEBUG Input                - Registered new binding: Dev Options - 1
20:26:06.480 [JavaFX Application Thread] DEBUG Input                - Registered new binding: Dev Console - 2
20:26:06.480 [JavaFX Application Thread] DEBUG Input                - Registered new binding: System info dump - CTRL+9
20:26:06.481 [JavaFX Application Thread] DEBUG Input                - Registered new binding: Restart - CTRL+R
20:26:06.481 [JavaFX Application Thread] DEBUG Input                - Registered new binding: Toggle Debug Camera - CTRL+7
20:26:06.484 [JavaFX Application Thread] DEBUG LoopRunner           - Starting loop
20:26:06.507 [JavaFX Application Thread] DEBUG LoopRunner           - Initializing JavaFX AnimationTimerLoop
20:26:06.512 [JavaFX Application Thread] DEBUG Input                - Clearing active input actions
20:26:06.520 [JavaFX Application Thread] DEBUG GameApplicationServi - Removing overlay from FXGLStartupScene and adding to FXGLMainMenuDummyScene
20:26:06.526 [JavaFX Application Thread] DEBUG PrimaryStageWindow   - FXGLStartupScene -> FXGLMainMenuDummyScene
20:26:06.526 [JavaFX Application Thread] DEBUG PrimaryStageWindow   - Push state: FXGLDefaultMenu
20:26:06.529 [JavaFX Application Thread] DEBUG Input                - Clearing active input actions
20:26:06.539 [JavaFX Application Thread] DEBUG GameApplicationServi - Removing overlay from FXGLMainMenuDummyScene and adding to FXGLDefaultMenu
20:26:06.540 [JavaFX Application Thread] DEBUG PrimaryStageWindow   - FXGLMainMenuDummyScene -> FXGLDefaultMenu
20:26:06.548 [JavaFX Application Thread] DEBUG FXGLApplication      - Registering font factories with UI factory
20:26:06.912 [FXGL Background Thread 2 ] INFO  UpdaterService       - Your current version:  17
20:26:06.912 [FXGL Background Thread 2 ] INFO  UpdaterService       - Latest stable version: 21.1
20:26:07.493 [JavaFX Application Thread] DEBUG Menu                 - fireNewGame()
20:26:07.494 [JavaFX Application Thread] DEBUG GameApplicationServi - Starting new game
20:26:07.496 [JavaFX Application Thread] DEBUG PrimaryStageWindow   - Pop state: FXGLDefaultMenu
20:26:07.496 [JavaFX Application Thread] DEBUG Input                - Clearing active input actions
20:26:07.498 [JavaFX Application Thread] DEBUG GameApplicationServi - Removing overlay from FXGLDefaultMenu and adding to FXGLMainMenuDummyScene
20:26:07.500 [JavaFX Application Thread] DEBUG PrimaryStageWindow   - FXGLMainMenuDummyScene <- FXGLDefaultMenu
20:26:07.501 [JavaFX Application Thread] DEBUG Input                - Clearing active input actions
20:26:07.510 [JavaFX Application Thread] DEBUG GameApplicationServi - Removing overlay from FXGLMainMenuDummyScene and adding to FXGLLoadingScene
20:26:07.511 [JavaFX Application Thread] DEBUG PrimaryStageWindow   - FXGLMainMenuDummyScene -> FXGLLoadingScene
20:26:07.511 [JavaFX Application Thread] DEBUG GameApplicationServi - Clearing previous game
20:26:07.511 [JavaFX Application Thread] DEBUG GameScene            - Clearing game scene
20:26:07.511 [JavaFX Application Thread] DEBUG GameWorld            - Clearing game world
20:26:07.512 [JavaFX Application Thread] DEBUG PhysicsWorld         - Clearing physics world
20:26:07.514 [FXGL Background Thread 2 ] DEBUG FXGLApplication      - Initializing game
20:26:07.584 [FXGL Background Thread 2 ] WARN  TMXLevelLoader       - TiledMap generated from 1.10.2. Supported version: 1.2.3. Some features may not be parsed fully.
20:26:07.592 [FXGL Background Thread 2 ] DEBUG TMXLevelLoader       - Parsed TiledMap: file:/C:/Users/mbour/OneDrive/Bureau/Zelda%20TOTK%20WINRAR/zeldaPuzzle/target/classes/assets/levels/StartingMap.tmx
20:26:07.593 [FXGL Background Thread 2 ] DEBUG TMXLevelLoader       - Creating tile layer entities
20:26:07.595 [FXGL Background Thread 2 ] DEBUG TilesetLoader        - Loading view for layer Calque de Tuiles 1
20:26:07.598 [FXGL Background Thread 2 ] DEBUG TilesetLoader        - Created buffer with size 960.0x960.0
20:26:07.615 [FXGL Background Thread 2 ] DEBUG TilesetLoader        - Loading view for layer Calque de Tuiles 2
20:26:07.617 [FXGL Background Thread 2 ] DEBUG TilesetLoader        - Created buffer with size 960.0x960.0
20:26:07.637 [FXGL Background Thread 2 ] DEBUG TMXLevelLoader       - Creating object layer entities
20:26:07.638 [FXGL Background Thread 2 ] DEBUG GameWorld            - Clearing removable entities
20:26:07.638 [FXGL Background Thread 2 ] DEBUG GameWorld            - Setting level: com.almasb.fxgl.entity.level.Level@2167947a
20:26:07.657 [FXGL Background Thread 2 ] WARN  GameWorld            - Entity is already attached to world
20:26:07.719 [FXGL Background Thread 2 ] WARN  GameWorld            - Entity is already attached to world
20:26:07.721 [FXGL Background Thread 2 ] INFO  FXGLApplication      - Game initialization took: 0,208 sec
20:26:07.722 [JavaFX Application Thread] DEBUG Input                - Clearing active input actions
20:26:07.727 [JavaFX Application Thread] DEBUG GameApplicationServi - Removing overlay from FXGLLoadingScene and adding to GameScene
20:26:07.729 [JavaFX Application Thread] DEBUG PrimaryStageWindow   - FXGLLoadingScene -> GameScene
20:26:09.410 [FXGL Background Thread 3 ] DEBUG Engine               - Logging environment variables
20:26:09.410 [FXGL Background Thread 3 ] DEBUG Engine               - achievements: []
20:26:09.410 [FXGL Background Thread 3 ] DEBUG Engine               - actualHeight: 800.0
20:26:09.410 [FXGL Background Thread 3 ] DEBUG Engine               - actualHeightProperty: ReadOnlyDoubleProperty [value: 800.0]
20:26:09.410 [FXGL Background Thread 3 ] DEBUG Engine               - actualWidth: 800.0
20:26:09.410 [FXGL Background Thread 3 ] DEBUG Engine               - actualWidthProperty: ReadOnlyDoubleProperty [value: 800.0]
20:26:09.410 [FXGL Background Thread 3 ] DEBUG Engine               - appIcon: fxgl_icon.png
20:26:09.410 [FXGL Background Thread 3 ] DEBUG Engine               - applicationMode: DEVELOPER
20:26:09.410 [FXGL Background Thread 3 ] DEBUG Engine               - cSSList: [fxgl_dark.css]
20:26:09.410 [FXGL Background Thread 3 ] DEBUG Engine               - collisionDetectionStrategy: BRUTE_FORCE
20:26:09.411 [FXGL Background Thread 3 ] DEBUG Engine               - configClass: Optional.empty
20:26:09.411 [FXGL Background Thread 3 ] DEBUG Engine               - credits: []
20:26:09.411 [FXGL Background Thread 3 ] DEBUG Engine               - defaultCursor: CursorInfo(imageName=fxgl_default_cursor.png, hotspotX=7.0, hotspotY=6.0)
20:26:09.411 [FXGL Background Thread 3 ] DEBUG Engine               - devBBoxColorProperty: ObjectProperty [value: 0xff0000ff]
20:26:09.411 [FXGL Background Thread 3 ] DEBUG Engine               - devEnableDebugCameraProperty: BooleanProperty [value: false]
20:26:09.411 [FXGL Background Thread 3 ] DEBUG Engine               - devSensorColorProperty: ObjectProperty [value: 0xffff00ff]
20:26:09.411 [FXGL Background Thread 3 ] DEBUG Engine               - devShowBBoxProperty: BooleanProperty [value: false]
20:26:09.411 [FXGL Background Thread 3 ] DEBUG Engine               - devShowPositionProperty: BooleanProperty [value: false]
20:26:09.411 [FXGL Background Thread 3 ] DEBUG Engine               - enabledMenuItems: []
20:26:09.411 [FXGL Background Thread 3 ] DEBUG Engine               - engineServices: [class com.almasb.fxgl.app.services.FXGLAssetLoaderService, class com.almasb.fxgl.app.FXGLApplication$GameApplicationService, class com.almasb.fxgl.app.services.FXGLDialogService, class com.almasb.fxgl.app.services.IOTaskExecutorService, class com.almasb.fxgl.io.FileSystemService, class com.almasb.fxgl.localization.LocalizationService, class com.almasb.fxgl.app.services.SystemBundleService, class com.almasb.fxgl.profile.SaveLoadService, class com.almasb.fxgl.ui.FXGLUIFactoryServiceProvider, class com.almasb.fxgl.ui.FXGLDialogFactoryServiceProvider, class com.almasb.fxgl.audio.AudioPlayer, class com.almasb.fxgl.notification.impl.NotificationServiceProvider, class com.almasb.fxgl.achievement.AchievementService, class com.almasb.fxgl.cutscene.CutsceneService, class com.almasb.fxgl.minigames.MiniGameService, class com.almasb.fxgl.net.NetService, class com.almasb.fxgl.app.services.UpdaterService, class com.almasb.fxgl.dev.DevService]
20:26:09.411 [FXGL Background Thread 3 ] DEBUG Engine               - fontGame: Abel-Regular.ttf
20:26:09.412 [FXGL Background Thread 3 ] DEBUG Engine               - fontMono: TerminalLandMono-Regular.otf
20:26:09.412 [FXGL Background Thread 3 ] DEBUG Engine               - fontText: Courier-Prime.ttf
20:26:09.412 [FXGL Background Thread 3 ] DEBUG Engine               - fontUI: VarelaRound-Regular.ttf
20:26:09.412 [FXGL Background Thread 3 ] DEBUG Engine               - fullScreen: BooleanProperty [value: false]
20:26:09.412 [FXGL Background Thread 3 ] DEBUG Engine               - gameDifficulty: MEDIUM
20:26:09.412 [FXGL Background Thread 3 ] DEBUG Engine               - gameDifficultyProperty: ObjectProperty [value: MEDIUM]
20:26:09.412 [FXGL Background Thread 3 ] DEBUG Engine               - globalMusicVolume: 0.5
20:26:09.412 [FXGL Background Thread 3 ] DEBUG Engine               - globalMusicVolumeProperty: DoubleProperty [value: 0.5]
20:26:09.412 [FXGL Background Thread 3 ] DEBUG Engine               - globalSoundVolume: 0.5
20:26:09.412 [FXGL Background Thread 3 ] DEBUG Engine               - globalSoundVolumeProperty: DoubleProperty [value: 0.5]
20:26:09.412 [FXGL Background Thread 3 ] DEBUG Engine               - height: 800
20:26:09.412 [FXGL Background Thread 3 ] DEBUG Engine               - is3D: false
20:26:09.412 [FXGL Background Thread 3 ] DEBUG Engine               - isAndroid: false
20:26:09.412 [FXGL Background Thread 3 ] DEBUG Engine               - isBrowser: false
20:26:09.412 [FXGL Background Thread 3 ] DEBUG Engine               - isClickFeedbackEnabled: false
20:26:09.412 [FXGL Background Thread 3 ] DEBUG Engine               - isCloseConfirmation: false
20:26:09.412 [FXGL Background Thread 3 ] DEBUG Engine               - isDesktop: true
20:26:09.412 [FXGL Background Thread 3 ] DEBUG Engine               - isDeveloperMenuEnabled: true
20:26:09.412 [FXGL Background Thread 3 ] DEBUG Engine               - isEmbedded: false
20:26:09.412 [FXGL Background Thread 3 ] DEBUG Engine               - isEntityPreloadEnabled: true
20:26:09.412 [FXGL Background Thread 3 ] DEBUG Engine               - isExperimentalTiledLargeMap: false
20:26:09.412 [FXGL Background Thread 3 ] DEBUG Engine               - isFileSystemWriteAllowed: true
20:26:09.413 [FXGL Background Thread 3 ] DEBUG Engine               - isFullScreenAllowed: true
20:26:09.413 [FXGL Background Thread 3 ] DEBUG Engine               - isFullScreenFromStart: false
20:26:09.413 [FXGL Background Thread 3 ] DEBUG Engine               - isGameMenuEnabled: true
20:26:09.413 [FXGL Background Thread 3 ] DEBUG Engine               - isIOS: false
20:26:09.413 [FXGL Background Thread 3 ] DEBUG Engine               - isIntroEnabled: false
20:26:09.413 [FXGL Background Thread 3 ] DEBUG Engine               - isLinux: false
20:26:09.413 [FXGL Background Thread 3 ] DEBUG Engine               - isMac: false
20:26:09.413 [FXGL Background Thread 3 ] DEBUG Engine               - isMainMenuEnabled: true
20:26:09.413 [FXGL Background Thread 3 ] DEBUG Engine               - isManualResizeEnabled: false
20:26:09.413 [FXGL Background Thread 3 ] DEBUG Engine               - isMobile: false
20:26:09.413 [FXGL Background Thread 3 ] DEBUG Engine               - isNative: false
20:26:09.413 [FXGL Background Thread 3 ] DEBUG Engine               - isPauseMusicWhenMinimized: true
20:26:09.413 [FXGL Background Thread 3 ] DEBUG Engine               - isPreserveResizeRatio: false
20:26:09.413 [FXGL Background Thread 3 ] DEBUG Engine               - isProfilingEnabled: false
20:26:09.413 [FXGL Background Thread 3 ] DEBUG Engine               - isScaleAffectedOnResize: true
20:26:09.413 [FXGL Background Thread 3 ] DEBUG Engine               - isSingleStep: false
20:26:09.413 [FXGL Background Thread 3 ] DEBUG Engine               - isUserProfileEnabled: false
20:26:09.413 [FXGL Background Thread 3 ] DEBUG Engine               - isWindows: true
20:26:09.413 [FXGL Background Thread 3 ] DEBUG Engine               - language: ObjectProperty [value: ENGLISH]
20:26:09.413 [FXGL Background Thread 3 ] DEBUG Engine               - menuKey: ESCAPE
20:26:09.413 [FXGL Background Thread 3 ] DEBUG Engine               - mouseSensitivity: 0.2
20:26:09.413 [FXGL Background Thread 3 ] DEBUG Engine               - notificationViewClass: class com.almasb.fxgl.notification.view.XboxNotificationView
20:26:09.414 [FXGL Background Thread 3 ] DEBUG Engine               - pixelsPerMeter: 50.0
20:26:09.414 [FXGL Background Thread 3 ] DEBUG Engine               - platform: WINDOWS
20:26:09.414 [FXGL Background Thread 3 ] DEBUG Engine               - prefHeightProperty: ReadOnlyDoubleProperty [value: 800.0]
20:26:09.414 [FXGL Background Thread 3 ] DEBUG Engine               - prefWidthProperty: ReadOnlyDoubleProperty [value: 800.0]
20:26:09.414 [FXGL Background Thread 3 ] DEBUG Engine               - profileDir: profiles/
20:26:09.414 [FXGL Background Thread 3 ] DEBUG Engine               - profileName: StringProperty [value: DEFAULT]
20:26:09.414 [FXGL Background Thread 3 ] DEBUG Engine               - randomSeed: -1
20:26:09.414 [FXGL Background Thread 3 ] DEBUG Engine               - runtimeInfo: RuntimeInfo(platform=WINDOWS, version=17, build=31.12.2021 18.16)
20:26:09.414 [FXGL Background Thread 3 ] DEBUG Engine               - saveFileExt: sav
20:26:09.414 [FXGL Background Thread 3 ] DEBUG Engine               - scaledHeightProp$fxgl: DoubleProperty [bound, value: 800.0]
20:26:09.414 [FXGL Background Thread 3 ] DEBUG Engine               - scaledWidthProp$fxgl: DoubleProperty [bound, value: 800.0]
20:26:09.414 [FXGL Background Thread 3 ] DEBUG Engine               - sceneFactory: com.almasb.fxgl.app.scene.SceneFactory@6b2d1c1a
20:26:09.414 [FXGL Background Thread 3 ] DEBUG Engine               - secondsIn24h: 60
20:26:09.414 [FXGL Background Thread 3 ] DEBUG Engine               - soundMenuBack: menu/back.wav
20:26:09.414 [FXGL Background Thread 3 ] DEBUG Engine               - soundMenuPress: menu/press.wav
20:26:09.414 [FXGL Background Thread 3 ] DEBUG Engine               - soundMenuSelect: menu/select.wav
20:26:09.414 [FXGL Background Thread 3 ] DEBUG Engine               - soundNotification: core/notification.wav
20:26:09.415 [FXGL Background Thread 3 ] DEBUG Engine               - stageStyle: DECORATED
20:26:09.415 [FXGL Background Thread 3 ] DEBUG Engine               - supportedLanguages: [ENGLISH, FRENCH, GERMAN, HUNGARIAN, RUSSIAN]
20:26:09.415 [FXGL Background Thread 3 ] DEBUG Engine               - ticksPerSecond: -1
20:26:09.415 [FXGL Background Thread 3 ] DEBUG Engine               - title: Zelda 2D Game par ماستن
20:26:09.415 [FXGL Background Thread 3 ] DEBUG Engine               - urlGithub: https://github.com/AlmasB/FXGL
20:26:09.415 [FXGL Background Thread 3 ] DEBUG Engine               - urlLeaderboard: http://fxgl-top.herokuapp.com/
20:26:09.415 [FXGL Background Thread 3 ] DEBUG Engine               - urlPOM: https://raw.githubusercontent.com/AlmasB/FXGL/release/README.md
20:26:09.415 [FXGL Background Thread 3 ] DEBUG Engine               - userAppClass: class com.example.zeldapuzzle.MainGameApp
20:26:09.415 [FXGL Background Thread 3 ] DEBUG Engine               - version: 1
20:26:09.415 [FXGL Background Thread 3 ] DEBUG Engine               - versionCheckDays: 7
20:26:09.415 [FXGL Background Thread 3 ] DEBUG Engine               - width: 800
20:26:09.415 [FXGL Background Thread 3 ] DEBUG Engine               - Logging services
20:26:09.415 [FXGL Background Thread 3 ] DEBUG Engine               - class com.almasb.fxgl.app.services.FXGLAssetLoaderService
20:26:09.415 [FXGL Background Thread 3 ] DEBUG Engine               - class com.almasb.fxgl.app.FXGLApplication$GameApplicationService
20:26:09.415 [FXGL Background Thread 3 ] DEBUG Engine               - class com.almasb.fxgl.app.services.FXGLDialogService
20:26:09.415 [FXGL Background Thread 3 ] DEBUG Engine               - class com.almasb.fxgl.app.services.IOTaskExecutorService
20:26:09.415 [FXGL Background Thread 3 ] DEBUG Engine               - class com.almasb.fxgl.io.FileSystemService
20:26:09.415 [FXGL Background Thread 3 ] DEBUG Engine               - class com.almasb.fxgl.localization.LocalizationService
20:26:09.415 [FXGL Background Thread 3 ] DEBUG Engine               - class com.almasb.fxgl.app.services.SystemBundleService
20:26:09.415 [FXGL Background Thread 3 ] DEBUG Engine               - class com.almasb.fxgl.profile.SaveLoadService
20:26:09.415 [FXGL Background Thread 3 ] DEBUG Engine               - class com.almasb.fxgl.ui.FXGLUIFactoryServiceProvider
20:26:09.415 [FXGL Background Thread 3 ] DEBUG Engine               - class com.almasb.fxgl.ui.FXGLDialogFactoryServiceProvider
20:26:09.416 [FXGL Background Thread 3 ] DEBUG Engine               - class com.almasb.fxgl.audio.AudioPlayer
20:26:09.416 [FXGL Background Thread 3 ] DEBUG Engine               - class com.almasb.fxgl.notification.impl.NotificationServiceProvider
20:26:09.416 [FXGL Background Thread 3 ] DEBUG Engine               - class com.almasb.fxgl.achievement.AchievementService
20:26:09.416 [FXGL Background Thread 3 ] DEBUG Engine               - class com.almasb.fxgl.cutscene.CutsceneService
20:26:09.416 [FXGL Background Thread 3 ] DEBUG Engine               - class com.almasb.fxgl.minigames.MiniGameService
20:26:09.416 [FXGL Background Thread 3 ] DEBUG Engine               - class com.almasb.fxgl.net.NetService
20:26:09.416 [FXGL Background Thread 3 ] DEBUG Engine               - class com.almasb.fxgl.app.services.UpdaterService
20:26:09.416 [FXGL Background Thread 3 ] DEBUG Engine               - class com.almasb.fxgl.dev.DevService
20:26:33.350 [JavaFX Application Thread] DEBUG FXGLApplication      - Exiting FXGL
20:26:33.350 [JavaFX Application Thread] DEBUG LoopRunner           - Stopping loop
20:26:33.350 [JavaFX Application Thread] DEBUG SystemBundleService  - Saving FXGL system data
20:26:33.352 [JavaFX Application Thread] DEBUG FileSystemAccess     - Writing to: C:\Users\mbour\OneDrive\Bureau\Zelda TOTK WINRAR\zeldaPuzzle\system\fxgl.bundle
20:26:33.354 [JavaFX Application Thread] DEBUG Async                - Shutting down background threads
20:26:33.355 [JavaFX Application Thread] DEBUG PrimaryStageWindow   - Closing main window
20:26:33.366 [JavaFX Application Thread] DEBUG Logger               - Closing Logger
