19:55:34.846 [main                     ] DEBUG Logger               - Configured Logger
19:55:34.860 [main                     ] DEBUG GameApplication      - Logging settings
Title: Zelda 2D Game par ماستن
Version: 1
Width: 800
Height: 800
Fullscreen: true
Intro: false
Profiling: false
Single step:false
App Mode: DEVELOPER
Menu Key: ESCAPE
Stage Style: DECORATED
Scene Factory: class com.almasb.fxgl.app.scene.SceneFactory

19:55:35.005 [JavaFX Application Thread] DEBUG FXGLApplication      - Initializing FXGL
19:55:35.009 [JavaFX Application Thread] INFO  Engine               - FXGL-17 (31.12.2021 18.16) on WINDOWS (J:21.0.2 FX:19)
19:55:35.010 [JavaFX Application Thread] DEBUG Engine               - JRE Vendor Name: Oracle Corporation
19:55:35.010 [JavaFX Application Thread] DEBUG Engine               - Running on OS: Windows 10 version 10.0
19:55:35.010 [JavaFX Application Thread] DEBUG Engine               - Architecture: amd64
19:55:35.010 [JavaFX Application Thread] INFO  Engine               - Source code and latest versions at: https://github.com/AlmasB/FXGL
19:55:35.010 [JavaFX Application Thread] INFO  Engine               -       Ask questions and discuss at: https://github.com/AlmasB/FXGL/discussions
19:55:35.011 [JavaFX Application Thread] INFO  Engine               -              Join the FXGL chat at: https://gitter.im/AlmasB/FXGL
19:55:35.085 [JavaFX Application Thread] DEBUG PrimaryStageWindow   - Creating a JavaFX scene
19:55:35.136 [JavaFX Application Thread] DEBUG PrimaryStageWindow   - Target settings size: 800.0 x 800.0
19:55:35.136 [JavaFX Application Thread] DEBUG PrimaryStageWindow   - Scaled scene size:    800.0 x 800.0
19:55:35.137 [JavaFX Application Thread] DEBUG PrimaryStageWindow   - Scaled ratio: (1.0, 1.0)
19:55:35.138 [JavaFX Application Thread] DEBUG PrimaryStageWindow   - Set initial scene to FXGLStartupScene
19:55:35.142 [JavaFX Application Thread] DEBUG PrimaryStageWindow   - Opening main window
19:55:35.228 [JavaFX Application Thread] DEBUG PrimaryStageWindow   - Window border size: (16.0, 39.0)
19:55:35.228 [JavaFX Application Thread] DEBUG PrimaryStageWindow   - Scaled size: 800.0 x 800.0
19:55:35.228 [JavaFX Application Thread] DEBUG PrimaryStageWindow   - Scaled ratio: (1.0, 1.0)
19:55:35.229 [JavaFX Application Thread] DEBUG PrimaryStageWindow   - Scene size: 800.0 x 800.0
19:55:35.229 [JavaFX Application Thread] DEBUG PrimaryStageWindow   - Stage size: 816.0 x 839.0
19:55:35.235 [FXGL Background Thread 1 ] DEBUG Engine               - Initializing environment variables
19:55:35.287 [FXGL Background Thread 1 ] DEBUG FXGLAssetLoaderServi - User app class for loading assets: class com.example.zeldapuzzle.MainGameApp
19:55:35.287 [FXGL Background Thread 1 ] DEBUG GameApplicationServi - Applying CSS: fxgl_dark.css
19:55:35.288 [FXGL Background Thread 1 ] DEBUG FXGLAssetLoaderServi - Loading from file system: jar:file:///C:/Users/mbour/.m2/repository/com/github/almasb/fxgl/17/fxgl-17.jar!/fxglassets/ui/css/fxgl_dark.css
19:55:35.333 [FXGL Background Thread 1 ] DEBUG GameApplicationServi - Initializing application scenes
19:55:35.369 [FXGL Background Thread 1 ] DEBUG GameWorld            - Game world initialized
19:55:35.435 [FXGL Background Thread 1 ] DEBUG PhysicsWorld         - Physics world initialized: appHeight=800, physics.ppm=50,0
19:55:35.435 [FXGL Background Thread 1 ] DEBUG PhysicsWorld         - Using strategy: BRUTE_FORCE
19:55:35.440 [FXGL Background Thread 1 ] DEBUG GameScene            - Game scene initialized: 800x800
19:55:35.454 [FXGL Background Thread 1 ] DEBUG FXGL.DefaultMenu     - createMenuBodyMainMenu()
19:55:35.469 [FXGL Background Thread 1 ] DEBUG FXGL.DefaultMenu     - createOptionsMenu()
19:55:35.477 [FXGL Background Thread 1 ] DEBUG FXGLAssetLoaderServi - Loading from file system: jar:file:///C:/Users/mbour/.m2/repository/com/github/almasb/fxgl/17/fxgl-17.jar!/fxglassets/textures/particles/smoke.png
19:55:35.558 [FXGL Background Thread 1 ] DEBUG FXGLAssetLoaderServi - Loading from file system: jar:file:///C:/Users/mbour/.m2/repository/com/github/almasb/fxgl/17/fxgl-17.jar!/fxglassets/textures/particles/trace_horizontal.png
19:55:35.577 [FXGL Background Thread 1 ] DEBUG FXGL.DefaultMenu     - createMenuBodyGameMenu()
19:55:35.581 [FXGL Background Thread 1 ] DEBUG FXGL.DefaultMenu     - createOptionsMenu()
19:55:35.598 [FXGL Background Thread 1 ] DEBUG GameApplicationServi - Application scenes initialized
19:55:35.609 [FXGL Background Thread 1 ] DEBUG SystemBundleService  - Loading FXGL system data
19:55:35.616 [FXGL Background Thread 1 ] DEBUG FileSystemAccess     - Reading from: C:\Users\mbour\OneDrive\Bureau\Zelda TOTK WINRAR\zeldaPuzzle\system\fxgl.bundle
19:55:35.625 [FXGL Background Thread 1 ] DEBUG SystemBundleService  - Bundle FXGL: {}
19:55:35.626 [FXGL Background Thread 1 ] DEBUG UpdaterService       - Checking for updates
19:55:35.652 [FXGL Background Thread 4 ] DEBUG FXGLApplication      - Loading fonts
19:55:35.653 [FXGL Background Thread 1 ] DEBUG FXGLApplication      - Loading default localization
19:55:35.653 [FXGL Background Thread 4 ] DEBUG FXGLAssetLoaderServi - Loading from file system: jar:file:///C:/Users/mbour/.m2/repository/com/github/almasb/fxgl/17/fxgl-17.jar!/fxglassets/ui/fonts/VarelaRound-Regular.ttf
19:55:35.653 [FXGL Background Thread 1 ] DEBUG FXGLAssetLoaderServi - Loading from file system: jar:file:///C:/Users/mbour/.m2/repository/com/github/almasb/fxgl/17/fxgl-17.jar!/fxglassets/languages/english.lang
19:55:35.670 [FXGL Background Thread 1 ] INFO  FXGLApplication      - FXGL initialization took: 0,435 sec
19:55:35.687 [JavaFX Application Thread] DEBUG Input                - Registered new binding: inventaire - Tab
19:55:35.687 [JavaFX Application Thread] DEBUG Input                - Registered new binding: getPosition - P
19:55:35.687 [JavaFX Application Thread] DEBUG Input                - Registered new binding: zoom+ - Up
19:55:35.688 [JavaFX Application Thread] DEBUG Input                - Registered new binding: zoom- - Down
19:55:35.688 [JavaFX Application Thread] DEBUG Input                - Registered new binding: resetZoom - 0
19:55:35.688 [JavaFX Application Thread] DEBUG Input                - Registered new binding: Move right - D
19:55:35.689 [JavaFX Application Thread] DEBUG Input                - Registered new binding: Move left - A
19:55:35.689 [JavaFX Application Thread] DEBUG Input                - Registered new binding: Move Up - W
19:55:35.689 [JavaFX Application Thread] DEBUG Input                - Registered new binding: Move Down - S
19:55:35.690 [JavaFX Application Thread] DEBUG FXGLAssetLoaderServi - Loading from file system: jar:file:///C:/Users/mbour/.m2/repository/com/github/almasb/fxgl/17/fxgl-17.jar!/fxglassets/textures/fxgl_icon.png
19:55:35.699 [FXGL Background Thread 4 ] DEBUG FXGLAssetLoaderServi - Loading from file system: jar:file:///C:/Users/mbour/.m2/repository/com/github/almasb/fxgl/17/fxgl-17.jar!/fxglassets/ui/fonts/Abel-Regular.ttf
19:55:35.703 [JavaFX Application Thread] DEBUG FXGLAssetLoaderServi - Loading from file system: jar:file:///C:/Users/mbour/.m2/repository/com/github/almasb/fxgl/17/fxgl-17.jar!/fxglassets/textures/fxgl_default_cursor.png
19:55:35.706 [JavaFX Application Thread] DEBUG Input                - Registered new binding: Screenshot - CTRL+8
19:55:35.706 [JavaFX Application Thread] DEBUG Input                - Registered new binding: Dev Options - 1
19:55:35.706 [JavaFX Application Thread] DEBUG Input                - Registered new binding: Dev Console - 2
19:55:35.707 [JavaFX Application Thread] DEBUG Input                - Registered new binding: System info dump - CTRL+9
19:55:35.707 [JavaFX Application Thread] DEBUG Input                - Registered new binding: Restart - CTRL+R
19:55:35.708 [JavaFX Application Thread] DEBUG Input                - Registered new binding: Toggle Debug Camera - CTRL+7
19:55:35.714 [JavaFX Application Thread] DEBUG LoopRunner           - Starting loop
19:55:35.715 [FXGL Background Thread 4 ] DEBUG FXGLAssetLoaderServi - Loading from file system: jar:file:///C:/Users/mbour/.m2/repository/com/github/almasb/fxgl/17/fxgl-17.jar!/fxglassets/ui/fonts/TerminalLandMono-Regular.otf
19:55:35.732 [JavaFX Application Thread] DEBUG LoopRunner           - Initializing JavaFX AnimationTimerLoop
19:55:35.735 [JavaFX Application Thread] DEBUG Input                - Clearing active input actions
19:55:35.746 [JavaFX Application Thread] DEBUG GameApplicationServi - Removing overlay from FXGLStartupScene and adding to FXGLMainMenuDummyScene
19:55:35.747 [FXGL Background Thread 4 ] DEBUG FXGLAssetLoaderServi - Loading from file system: jar:file:///C:/Users/mbour/.m2/repository/com/github/almasb/fxgl/17/fxgl-17.jar!/fxglassets/ui/fonts/Courier-Prime.ttf
19:55:35.755 [JavaFX Application Thread] DEBUG PrimaryStageWindow   - FXGLStartupScene -> FXGLMainMenuDummyScene
19:55:35.755 [JavaFX Application Thread] DEBUG PrimaryStageWindow   - Push state: FXGLDefaultMenu
19:55:35.758 [JavaFX Application Thread] DEBUG Input                - Clearing active input actions
19:55:35.767 [JavaFX Application Thread] DEBUG GameApplicationServi - Removing overlay from FXGLMainMenuDummyScene and adding to FXGLDefaultMenu
19:55:35.768 [JavaFX Application Thread] DEBUG PrimaryStageWindow   - FXGLMainMenuDummyScene -> FXGLDefaultMenu
19:55:36.081 [JavaFX Application Thread] DEBUG FXGLApplication      - Registering font factories with UI factory
19:55:36.172 [FXGL Background Thread 2 ] INFO  UpdaterService       - Your current version:  17
19:55:36.173 [FXGL Background Thread 2 ] INFO  UpdaterService       - Latest stable version: 21.1
19:55:38.651 [FXGL Background Thread 3 ] DEBUG Engine               - Logging environment variables
19:55:38.652 [FXGL Background Thread 3 ] DEBUG Engine               - achievements: []
19:55:38.652 [FXGL Background Thread 3 ] DEBUG Engine               - actualHeight: 800.0
19:55:38.652 [FXGL Background Thread 3 ] DEBUG Engine               - actualHeightProperty: ReadOnlyDoubleProperty [value: 800.0]
19:55:38.652 [FXGL Background Thread 3 ] DEBUG Engine               - actualWidth: 800.0
19:55:38.652 [FXGL Background Thread 3 ] DEBUG Engine               - actualWidthProperty: ReadOnlyDoubleProperty [value: 800.0]
19:55:38.652 [FXGL Background Thread 3 ] DEBUG Engine               - appIcon: fxgl_icon.png
19:55:38.652 [FXGL Background Thread 3 ] DEBUG Engine               - applicationMode: DEVELOPER
19:55:38.652 [FXGL Background Thread 3 ] DEBUG Engine               - cSSList: [fxgl_dark.css]
19:55:38.652 [FXGL Background Thread 3 ] DEBUG Engine               - collisionDetectionStrategy: BRUTE_FORCE
19:55:38.652 [FXGL Background Thread 3 ] DEBUG Engine               - configClass: Optional.empty
19:55:38.652 [FXGL Background Thread 3 ] DEBUG Engine               - credits: []
19:55:38.653 [FXGL Background Thread 3 ] DEBUG Engine               - defaultCursor: CursorInfo(imageName=fxgl_default_cursor.png, hotspotX=7.0, hotspotY=6.0)
19:55:38.653 [FXGL Background Thread 3 ] DEBUG Engine               - devBBoxColorProperty: ObjectProperty [value: 0xff0000ff]
19:55:38.653 [FXGL Background Thread 3 ] DEBUG Engine               - devEnableDebugCameraProperty: BooleanProperty [value: false]
19:55:38.653 [FXGL Background Thread 3 ] DEBUG Engine               - devSensorColorProperty: ObjectProperty [value: 0xffff00ff]
19:55:38.653 [FXGL Background Thread 3 ] DEBUG Engine               - devShowBBoxProperty: BooleanProperty [value: false]
19:55:38.653 [FXGL Background Thread 3 ] DEBUG Engine               - devShowPositionProperty: BooleanProperty [value: false]
19:55:38.653 [FXGL Background Thread 3 ] DEBUG Engine               - enabledMenuItems: []
19:55:38.653 [FXGL Background Thread 3 ] DEBUG Engine               - engineServices: [class com.almasb.fxgl.app.services.FXGLAssetLoaderService, class com.almasb.fxgl.app.FXGLApplication$GameApplicationService, class com.almasb.fxgl.app.services.FXGLDialogService, class com.almasb.fxgl.app.services.IOTaskExecutorService, class com.almasb.fxgl.io.FileSystemService, class com.almasb.fxgl.localization.LocalizationService, class com.almasb.fxgl.app.services.SystemBundleService, class com.almasb.fxgl.profile.SaveLoadService, class com.almasb.fxgl.ui.FXGLUIFactoryServiceProvider, class com.almasb.fxgl.ui.FXGLDialogFactoryServiceProvider, class com.almasb.fxgl.audio.AudioPlayer, class com.almasb.fxgl.notification.impl.NotificationServiceProvider, class com.almasb.fxgl.achievement.AchievementService, class com.almasb.fxgl.cutscene.CutsceneService, class com.almasb.fxgl.minigames.MiniGameService, class com.almasb.fxgl.net.NetService, class com.almasb.fxgl.app.services.UpdaterService, class com.almasb.fxgl.dev.DevService]
19:55:38.653 [FXGL Background Thread 3 ] DEBUG Engine               - fontGame: Abel-Regular.ttf
19:55:38.653 [FXGL Background Thread 3 ] DEBUG Engine               - fontMono: TerminalLandMono-Regular.otf
19:55:38.653 [FXGL Background Thread 3 ] DEBUG Engine               - fontText: Courier-Prime.ttf
19:55:38.653 [FXGL Background Thread 3 ] DEBUG Engine               - fontUI: VarelaRound-Regular.ttf
19:55:38.654 [FXGL Background Thread 3 ] DEBUG Engine               - fullScreen: BooleanProperty [value: false]
19:55:38.654 [FXGL Background Thread 3 ] DEBUG Engine               - gameDifficulty: MEDIUM
19:55:38.654 [FXGL Background Thread 3 ] DEBUG Engine               - gameDifficultyProperty: ObjectProperty [value: MEDIUM]
19:55:38.654 [FXGL Background Thread 3 ] DEBUG Engine               - globalMusicVolume: 0.5
19:55:38.654 [FXGL Background Thread 3 ] DEBUG Engine               - globalMusicVolumeProperty: DoubleProperty [value: 0.5]
19:55:38.654 [FXGL Background Thread 3 ] DEBUG Engine               - globalSoundVolume: 0.5
19:55:38.654 [FXGL Background Thread 3 ] DEBUG Engine               - globalSoundVolumeProperty: DoubleProperty [value: 0.5]
19:55:38.654 [FXGL Background Thread 3 ] DEBUG Engine               - height: 800
19:55:38.654 [FXGL Background Thread 3 ] DEBUG Engine               - is3D: false
19:55:38.654 [FXGL Background Thread 3 ] DEBUG Engine               - isAndroid: false
19:55:38.654 [FXGL Background Thread 3 ] DEBUG Engine               - isBrowser: false
19:55:38.654 [FXGL Background Thread 3 ] DEBUG Engine               - isClickFeedbackEnabled: false
19:55:38.654 [FXGL Background Thread 3 ] DEBUG Engine               - isCloseConfirmation: false
19:55:38.654 [FXGL Background Thread 3 ] DEBUG Engine               - isDesktop: true
19:55:38.655 [FXGL Background Thread 3 ] DEBUG Engine               - isDeveloperMenuEnabled: true
19:55:38.655 [FXGL Background Thread 3 ] DEBUG Engine               - isEmbedded: false
19:55:38.655 [FXGL Background Thread 3 ] DEBUG Engine               - isEntityPreloadEnabled: true
19:55:38.655 [FXGL Background Thread 3 ] DEBUG Engine               - isExperimentalTiledLargeMap: false
19:55:38.655 [FXGL Background Thread 3 ] DEBUG Engine               - isFileSystemWriteAllowed: true
19:55:38.655 [FXGL Background Thread 3 ] DEBUG Engine               - isFullScreenAllowed: true
19:55:38.655 [FXGL Background Thread 3 ] DEBUG Engine               - isFullScreenFromStart: false
19:55:38.655 [FXGL Background Thread 3 ] DEBUG Engine               - isGameMenuEnabled: true
19:55:38.655 [FXGL Background Thread 3 ] DEBUG Engine               - isIOS: false
19:55:38.655 [FXGL Background Thread 3 ] DEBUG Engine               - isIntroEnabled: false
19:55:38.655 [FXGL Background Thread 3 ] DEBUG Engine               - isLinux: false
19:55:38.655 [FXGL Background Thread 3 ] DEBUG Engine               - isMac: false
19:55:38.655 [FXGL Background Thread 3 ] DEBUG Engine               - isMainMenuEnabled: true
19:55:38.655 [FXGL Background Thread 3 ] DEBUG Engine               - isManualResizeEnabled: false
19:55:38.655 [FXGL Background Thread 3 ] DEBUG Engine               - isMobile: false
19:55:38.655 [FXGL Background Thread 3 ] DEBUG Engine               - isNative: false
19:55:38.655 [FXGL Background Thread 3 ] DEBUG Engine               - isPauseMusicWhenMinimized: true
19:55:38.656 [FXGL Background Thread 3 ] DEBUG Engine               - isPreserveResizeRatio: false
19:55:38.656 [FXGL Background Thread 3 ] DEBUG Engine               - isProfilingEnabled: false
19:55:38.656 [FXGL Background Thread 3 ] DEBUG Engine               - isScaleAffectedOnResize: true
19:55:38.656 [FXGL Background Thread 3 ] DEBUG Engine               - isSingleStep: false
19:55:38.656 [FXGL Background Thread 3 ] DEBUG Engine               - isUserProfileEnabled: false
19:55:38.656 [FXGL Background Thread 3 ] DEBUG Engine               - isWindows: true
19:55:38.656 [FXGL Background Thread 3 ] DEBUG Engine               - language: ObjectProperty [value: ENGLISH]
19:55:38.656 [FXGL Background Thread 3 ] DEBUG Engine               - menuKey: ESCAPE
19:55:38.656 [FXGL Background Thread 3 ] DEBUG Engine               - mouseSensitivity: 0.2
19:55:38.656 [FXGL Background Thread 3 ] DEBUG Engine               - notificationViewClass: class com.almasb.fxgl.notification.view.XboxNotificationView
19:55:38.656 [FXGL Background Thread 3 ] DEBUG Engine               - pixelsPerMeter: 50.0
19:55:38.656 [FXGL Background Thread 3 ] DEBUG Engine               - platform: WINDOWS
19:55:38.656 [FXGL Background Thread 3 ] DEBUG Engine               - prefHeightProperty: ReadOnlyDoubleProperty [value: 800.0]
19:55:38.656 [FXGL Background Thread 3 ] DEBUG Engine               - prefWidthProperty: ReadOnlyDoubleProperty [value: 800.0]
19:55:38.656 [FXGL Background Thread 3 ] DEBUG Engine               - profileDir: profiles/
19:55:38.657 [FXGL Background Thread 3 ] DEBUG Engine               - profileName: StringProperty [value: DEFAULT]
19:55:38.657 [FXGL Background Thread 3 ] DEBUG Engine               - randomSeed: -1
19:55:38.657 [FXGL Background Thread 3 ] DEBUG Engine               - runtimeInfo: RuntimeInfo(platform=WINDOWS, version=17, build=31.12.2021 18.16)
19:55:38.657 [FXGL Background Thread 3 ] DEBUG Engine               - saveFileExt: sav
19:55:38.657 [FXGL Background Thread 3 ] DEBUG Engine               - scaledHeightProp$fxgl: DoubleProperty [bound, value: 800.0]
19:55:38.657 [FXGL Background Thread 3 ] DEBUG Engine               - scaledWidthProp$fxgl: DoubleProperty [bound, value: 800.0]
19:55:38.657 [FXGL Background Thread 3 ] DEBUG Engine               - sceneFactory: com.almasb.fxgl.app.scene.SceneFactory@76a0fbfd
19:55:38.657 [FXGL Background Thread 3 ] DEBUG Engine               - secondsIn24h: 60
19:55:38.657 [FXGL Background Thread 3 ] DEBUG Engine               - soundMenuBack: menu/back.wav
19:55:38.657 [FXGL Background Thread 3 ] DEBUG Engine               - soundMenuPress: menu/press.wav
19:55:38.658 [FXGL Background Thread 3 ] DEBUG Engine               - soundMenuSelect: menu/select.wav
19:55:38.658 [FXGL Background Thread 3 ] DEBUG Engine               - soundNotification: core/notification.wav
19:55:38.658 [FXGL Background Thread 3 ] DEBUG Engine               - stageStyle: DECORATED
19:55:38.658 [FXGL Background Thread 3 ] DEBUG Engine               - supportedLanguages: [ENGLISH, FRENCH, GERMAN, HUNGARIAN, RUSSIAN]
19:55:38.658 [FXGL Background Thread 3 ] DEBUG Engine               - ticksPerSecond: -1
19:55:38.658 [FXGL Background Thread 3 ] DEBUG Engine               - title: Zelda 2D Game par ماستن
19:55:38.658 [FXGL Background Thread 3 ] DEBUG Engine               - urlGithub: https://github.com/AlmasB/FXGL
19:55:38.658 [FXGL Background Thread 3 ] DEBUG Engine               - urlLeaderboard: http://fxgl-top.herokuapp.com/
19:55:38.658 [FXGL Background Thread 3 ] DEBUG Engine               - urlPOM: https://raw.githubusercontent.com/AlmasB/FXGL/release/README.md
19:55:38.658 [FXGL Background Thread 3 ] DEBUG Engine               - userAppClass: class com.example.zeldapuzzle.MainGameApp
19:55:38.658 [FXGL Background Thread 3 ] DEBUG Engine               - version: 1
19:55:38.658 [FXGL Background Thread 3 ] DEBUG Engine               - versionCheckDays: 7
19:55:38.658 [FXGL Background Thread 3 ] DEBUG Engine               - width: 800
19:55:38.658 [FXGL Background Thread 3 ] DEBUG Engine               - Logging services
19:55:38.658 [FXGL Background Thread 3 ] DEBUG Engine               - class com.almasb.fxgl.app.services.FXGLAssetLoaderService
19:55:38.658 [FXGL Background Thread 3 ] DEBUG Engine               - class com.almasb.fxgl.app.FXGLApplication$GameApplicationService
19:55:38.658 [FXGL Background Thread 3 ] DEBUG Engine               - class com.almasb.fxgl.app.services.FXGLDialogService
19:55:38.659 [FXGL Background Thread 3 ] DEBUG Engine               - class com.almasb.fxgl.app.services.IOTaskExecutorService
19:55:38.659 [FXGL Background Thread 3 ] DEBUG Engine               - class com.almasb.fxgl.io.FileSystemService
19:55:38.659 [FXGL Background Thread 3 ] DEBUG Engine               - class com.almasb.fxgl.localization.LocalizationService
19:55:38.659 [FXGL Background Thread 3 ] DEBUG Engine               - class com.almasb.fxgl.app.services.SystemBundleService
19:55:38.659 [FXGL Background Thread 3 ] DEBUG Engine               - class com.almasb.fxgl.profile.SaveLoadService
19:55:38.659 [FXGL Background Thread 3 ] DEBUG Engine               - class com.almasb.fxgl.ui.FXGLUIFactoryServiceProvider
19:55:38.659 [FXGL Background Thread 3 ] DEBUG Engine               - class com.almasb.fxgl.ui.FXGLDialogFactoryServiceProvider
19:55:38.659 [FXGL Background Thread 3 ] DEBUG Engine               - class com.almasb.fxgl.audio.AudioPlayer
19:55:38.659 [FXGL Background Thread 3 ] DEBUG Engine               - class com.almasb.fxgl.notification.impl.NotificationServiceProvider
19:55:38.659 [FXGL Background Thread 3 ] DEBUG Engine               - class com.almasb.fxgl.achievement.AchievementService
19:55:38.659 [FXGL Background Thread 3 ] DEBUG Engine               - class com.almasb.fxgl.cutscene.CutsceneService
19:55:38.659 [FXGL Background Thread 3 ] DEBUG Engine               - class com.almasb.fxgl.minigames.MiniGameService
19:55:38.659 [FXGL Background Thread 3 ] DEBUG Engine               - class com.almasb.fxgl.net.NetService
19:55:38.659 [FXGL Background Thread 3 ] DEBUG Engine               - class com.almasb.fxgl.app.services.UpdaterService
19:55:38.659 [FXGL Background Thread 3 ] DEBUG Engine               - class com.almasb.fxgl.dev.DevService
19:55:38.695 [JavaFX Application Thread] DEBUG Menu                 - fireNewGame()
19:55:38.695 [JavaFX Application Thread] DEBUG GameApplicationServi - Starting new game
19:55:38.697 [JavaFX Application Thread] DEBUG PrimaryStageWindow   - Pop state: FXGLDefaultMenu
19:55:38.697 [JavaFX Application Thread] DEBUG Input                - Clearing active input actions
19:55:38.698 [JavaFX Application Thread] DEBUG GameApplicationServi - Removing overlay from FXGLDefaultMenu and adding to FXGLMainMenuDummyScene
19:55:38.700 [JavaFX Application Thread] DEBUG PrimaryStageWindow   - FXGLMainMenuDummyScene <- FXGLDefaultMenu
19:55:38.700 [JavaFX Application Thread] DEBUG Input                - Clearing active input actions
19:55:38.708 [JavaFX Application Thread] DEBUG GameApplicationServi - Removing overlay from FXGLMainMenuDummyScene and adding to FXGLLoadingScene
19:55:38.708 [JavaFX Application Thread] DEBUG PrimaryStageWindow   - FXGLMainMenuDummyScene -> FXGLLoadingScene
19:55:38.708 [JavaFX Application Thread] DEBUG GameApplicationServi - Clearing previous game
19:55:38.708 [JavaFX Application Thread] DEBUG GameScene            - Clearing game scene
19:55:38.708 [JavaFX Application Thread] DEBUG GameWorld            - Clearing game world
19:55:38.708 [JavaFX Application Thread] DEBUG PhysicsWorld         - Clearing physics world
19:55:38.710 [FXGL Background Thread 2 ] DEBUG FXGLApplication      - Initializing game
19:55:38.791 [FXGL Background Thread 2 ] WARN  TMXLevelLoader       - TiledMap generated from 1.10.2. Supported version: 1.2.3. Some features may not be parsed fully.
19:55:38.800 [FXGL Background Thread 2 ] DEBUG TMXLevelLoader       - Parsed TiledMap: file:/C:/Users/mbour/OneDrive/Bureau/Zelda%20TOTK%20WINRAR/zeldaPuzzle/target/classes/assets/levels/StartingMap.tmx
19:55:38.801 [FXGL Background Thread 2 ] DEBUG TMXLevelLoader       - Creating tile layer entities
19:55:38.803 [FXGL Background Thread 2 ] DEBUG TilesetLoader        - Loading view for layer Calque de Tuiles 1
19:55:38.804 [FXGL Background Thread 2 ] DEBUG TilesetLoader        - Created buffer with size 960.0x960.0
19:55:38.821 [FXGL Background Thread 2 ] DEBUG TilesetLoader        - Loading view for layer Calque de Tuiles 2
19:55:38.822 [FXGL Background Thread 2 ] DEBUG TilesetLoader        - Created buffer with size 960.0x960.0
19:55:38.832 [FXGL Background Thread 2 ] DEBUG TMXLevelLoader       - Creating object layer entities
19:55:38.833 [FXGL Background Thread 2 ] DEBUG GameWorld            - Clearing removable entities
19:55:38.833 [FXGL Background Thread 2 ] DEBUG GameWorld            - Setting level: com.almasb.fxgl.entity.level.Level@3a3be1a5
19:55:38.854 [FXGL Background Thread 2 ] WARN  GameWorld            - Entity is already attached to world
19:55:38.926 [FXGL Background Thread 2 ] WARN  GameWorld            - Entity is already attached to world
19:55:38.928 [FXGL Background Thread 2 ] INFO  FXGLApplication      - Game initialization took: 0,218 sec
19:55:38.929 [JavaFX Application Thread] DEBUG Input                - Clearing active input actions
19:55:38.936 [JavaFX Application Thread] DEBUG GameApplicationServi - Removing overlay from FXGLLoadingScene and adding to GameScene
19:55:38.938 [JavaFX Application Thread] DEBUG PrimaryStageWindow   - FXGLLoadingScene -> GameScene
19:55:43.251 [JavaFX Application Thread] DEBUG FXGLApplication      - Exiting FXGL
19:55:43.251 [JavaFX Application Thread] DEBUG LoopRunner           - Stopping loop
19:55:43.252 [JavaFX Application Thread] DEBUG SystemBundleService  - Saving FXGL system data
19:55:43.253 [JavaFX Application Thread] DEBUG FileSystemAccess     - Writing to: C:\Users\mbour\OneDrive\Bureau\Zelda TOTK WINRAR\zeldaPuzzle\system\fxgl.bundle
19:55:43.256 [JavaFX Application Thread] DEBUG Async                - Shutting down background threads
19:55:43.256 [JavaFX Application Thread] DEBUG PrimaryStageWindow   - Closing main window
19:55:43.271 [JavaFX Application Thread] DEBUG Logger               - Closing Logger
