01:03:02.990 [main                     ] DEBUG Logger               - Configured Logger
01:03:03.005 [main                     ] DEBUG GameApplication      - Logging settings
Title: Zelda 2D Game par ماستن
Version: 1
Width: 800
Height: 800
Fullscreen: true
Intro: false
Profiling: false
Single step:false
App Mode: DEVELOPER
Menu Key: ESCAPE
Stage Style: DECORATED
Scene Factory: class com.almasb.fxgl.app.scene.SceneFactory

01:03:03.066 [JavaFX Application Thread] DEBUG FXGLApplication      - Initializing FXGL
01:03:03.069 [JavaFX Application Thread] INFO  Engine               - FXGL-17 (31.12.2021 18.16) on WINDOWS (J:19.0.2 FX:19)
01:03:03.070 [JavaFX Application Thread] DEBUG Engine               - JRE Vendor Name: Amazon.com Inc.
01:03:03.070 [JavaFX Application Thread] DEBUG Engine               - Running on OS: Windows 11 version 10.0
01:03:03.070 [JavaFX Application Thread] DEBUG Engine               - Architecture: amd64
01:03:03.070 [JavaFX Application Thread] INFO  Engine               - Source code and latest versions at: https://github.com/AlmasB/FXGL
01:03:03.070 [JavaFX Application Thread] INFO  Engine               -       Ask questions and discuss at: https://github.com/AlmasB/FXGL/discussions
01:03:03.070 [JavaFX Application Thread] INFO  Engine               -              Join the FXGL chat at: https://gitter.im/AlmasB/FXGL
01:03:03.115 [JavaFX Application Thread] DEBUG PrimaryStageWindow   - Creating a JavaFX scene
01:03:03.148 [JavaFX Application Thread] DEBUG PrimaryStageWindow   - Target settings size: 800.0 x 800.0
01:03:03.148 [JavaFX Application Thread] DEBUG PrimaryStageWindow   - Scaled scene size:    800.0 x 800.0
01:03:03.149 [JavaFX Application Thread] DEBUG PrimaryStageWindow   - Scaled ratio: (1.0, 1.0)
01:03:03.150 [JavaFX Application Thread] DEBUG PrimaryStageWindow   - Set initial scene to FXGLStartupScene
01:03:03.154 [JavaFX Application Thread] DEBUG PrimaryStageWindow   - Opening main window
01:03:03.213 [JavaFX Application Thread] DEBUG PrimaryStageWindow   - Window border size: (16.0, 39.0)
01:03:03.213 [JavaFX Application Thread] DEBUG PrimaryStageWindow   - Scaled size: 800.0 x 800.0
01:03:03.213 [JavaFX Application Thread] DEBUG PrimaryStageWindow   - Scaled ratio: (1.0, 1.0)
01:03:03.213 [JavaFX Application Thread] DEBUG PrimaryStageWindow   - Scene size: 800.0 x 800.0
01:03:03.213 [JavaFX Application Thread] DEBUG PrimaryStageWindow   - Stage size: 816.0 x 839.0
01:03:03.221 [FXGL Background Thread 1 ] DEBUG Engine               - Initializing environment variables
01:03:03.269 [FXGL Background Thread 1 ] DEBUG FXGLAssetLoaderServi - User app class for loading assets: class com.example.zeldapuzzle.MainGameApp
01:03:03.269 [FXGL Background Thread 1 ] DEBUG GameApplicationServi - Applying CSS: fxgl_dark.css
01:03:03.270 [FXGL Background Thread 1 ] DEBUG FXGLAssetLoaderServi - Loading from file system: jar:file:///C:/Users/Utilisateur/.m2/repository/com/github/almasb/fxgl/17/fxgl-17.jar!/fxglassets/ui/css/fxgl_dark.css
01:03:03.328 [FXGL Background Thread 1 ] DEBUG GameApplicationServi - Initializing application scenes
01:03:03.383 [FXGL Background Thread 1 ] DEBUG GameWorld            - Game world initialized
01:03:03.429 [FXGL Background Thread 1 ] DEBUG PhysicsWorld         - Physics world initialized: appHeight=800, physics.ppm=50,0
01:03:03.431 [FXGL Background Thread 1 ] DEBUG PhysicsWorld         - Using strategy: BRUTE_FORCE
01:03:03.436 [FXGL Background Thread 1 ] DEBUG GameScene            - Game scene initialized: 800x800
01:03:03.446 [FXGL Background Thread 1 ] DEBUG FXGL.DefaultMenu     - createMenuBodyMainMenu()
01:03:03.457 [FXGL Background Thread 1 ] DEBUG FXGL.DefaultMenu     - createOptionsMenu()
01:03:03.463 [FXGL Background Thread 1 ] DEBUG FXGLAssetLoaderServi - Loading from file system: jar:file:///C:/Users/Utilisateur/.m2/repository/com/github/almasb/fxgl/17/fxgl-17.jar!/fxglassets/textures/particles/smoke.png
01:03:03.556 [FXGL Background Thread 1 ] DEBUG FXGLAssetLoaderServi - Loading from file system: jar:file:///C:/Users/Utilisateur/.m2/repository/com/github/almasb/fxgl/17/fxgl-17.jar!/fxglassets/textures/particles/trace_horizontal.png
01:03:03.571 [FXGL Background Thread 1 ] DEBUG FXGL.DefaultMenu     - createMenuBodyGameMenu()
01:03:03.572 [FXGL Background Thread 1 ] DEBUG FXGL.DefaultMenu     - createOptionsMenu()
01:03:03.584 [FXGL Background Thread 1 ] DEBUG GameApplicationServi - Application scenes initialized
01:03:03.592 [FXGL Background Thread 1 ] DEBUG SystemBundleService  - Loading FXGL system data
01:03:03.598 [FXGL Background Thread 1 ] DEBUG FileSystemAccess     - Reading from: C:\Users\Utilisateur\IdeaProjects\zeldaPuzzle\system\fxgl.bundle
01:03:03.605 [FXGL Background Thread 1 ] DEBUG SystemBundleService  - Bundle FXGL: {}
01:03:03.605 [FXGL Background Thread 1 ] DEBUG UpdaterService       - Checking for updates
01:03:03.627 [FXGL Background Thread 4 ] DEBUG FXGLApplication      - Loading fonts
01:03:03.627 [FXGL Background Thread 4 ] DEBUG FXGLAssetLoaderServi - Loading from file system: jar:file:///C:/Users/Utilisateur/.m2/repository/com/github/almasb/fxgl/17/fxgl-17.jar!/fxglassets/ui/fonts/VarelaRound-Regular.ttf
01:03:03.628 [FXGL Background Thread 1 ] DEBUG FXGLApplication      - Loading default localization
01:03:03.629 [FXGL Background Thread 1 ] DEBUG FXGLAssetLoaderServi - Loading from file system: jar:file:///C:/Users/Utilisateur/.m2/repository/com/github/almasb/fxgl/17/fxgl-17.jar!/fxglassets/languages/english.lang
01:03:03.678 [FXGL Background Thread 1 ] INFO  FXGLApplication      - FXGL initialization took: 0,456 sec
01:03:03.679 [FXGL Background Thread 4 ] DEBUG FXGLAssetLoaderServi - Loading from file system: jar:file:///C:/Users/Utilisateur/.m2/repository/com/github/almasb/fxgl/17/fxgl-17.jar!/fxglassets/ui/fonts/Abel-Regular.ttf
01:03:03.686 [FXGL Background Thread 4 ] DEBUG FXGLAssetLoaderServi - Loading from file system: jar:file:///C:/Users/Utilisateur/.m2/repository/com/github/almasb/fxgl/17/fxgl-17.jar!/fxglassets/ui/fonts/TerminalLandMono-Regular.otf
01:03:03.692 [JavaFX Application Thread] DEBUG Input                - Registered new binding: inventaire - Tab
01:03:03.692 [FXGL Background Thread 4 ] DEBUG FXGLAssetLoaderServi - Loading from file system: jar:file:///C:/Users/Utilisateur/.m2/repository/com/github/almasb/fxgl/17/fxgl-17.jar!/fxglassets/ui/fonts/Courier-Prime.ttf
01:03:03.693 [JavaFX Application Thread] DEBUG Input                - Registered new binding: getPosition - P
01:03:03.693 [JavaFX Application Thread] DEBUG Input                - Registered new binding: zoom+ - Up
01:03:03.693 [JavaFX Application Thread] DEBUG Input                - Registered new binding: zoom- - Down
01:03:03.693 [JavaFX Application Thread] DEBUG Input                - Registered new binding: resetZoom - 0
01:03:03.695 [JavaFX Application Thread] DEBUG Input                - Registered new binding: Move right - D
01:03:03.695 [JavaFX Application Thread] DEBUG Input                - Registered new binding: Move left - A
01:03:03.696 [JavaFX Application Thread] DEBUG Input                - Registered new binding: Move Up - W
01:03:03.696 [JavaFX Application Thread] DEBUG Input                - Registered new binding: Move Down - S
01:03:03.696 [JavaFX Application Thread] DEBUG FXGLAssetLoaderServi - Loading from file system: jar:file:///C:/Users/Utilisateur/.m2/repository/com/github/almasb/fxgl/17/fxgl-17.jar!/fxglassets/textures/fxgl_icon.png
01:03:03.706 [JavaFX Application Thread] DEBUG FXGLAssetLoaderServi - Loading from file system: jar:file:///C:/Users/Utilisateur/.m2/repository/com/github/almasb/fxgl/17/fxgl-17.jar!/fxglassets/textures/fxgl_default_cursor.png
01:03:03.709 [JavaFX Application Thread] DEBUG Input                - Registered new binding: Screenshot - CTRL+8
01:03:03.710 [JavaFX Application Thread] DEBUG Input                - Registered new binding: Dev Options - 1
01:03:03.712 [JavaFX Application Thread] DEBUG Input                - Registered new binding: Dev Console - 2
01:03:03.712 [JavaFX Application Thread] DEBUG Input                - Registered new binding: System info dump - CTRL+9
01:03:03.713 [JavaFX Application Thread] DEBUG Input                - Registered new binding: Restart - CTRL+R
01:03:03.715 [JavaFX Application Thread] DEBUG Input                - Registered new binding: Toggle Debug Camera - CTRL+7
01:03:03.720 [JavaFX Application Thread] DEBUG LoopRunner           - Starting loop
01:03:03.733 [JavaFX Application Thread] DEBUG LoopRunner           - Initializing JavaFX AnimationTimerLoop
01:03:03.736 [JavaFX Application Thread] DEBUG Input                - Clearing active input actions
01:03:03.741 [JavaFX Application Thread] DEBUG GameApplicationServi - Removing overlay from FXGLStartupScene and adding to FXGLMainMenuDummyScene
01:03:03.751 [JavaFX Application Thread] DEBUG PrimaryStageWindow   - FXGLStartupScene -> FXGLMainMenuDummyScene
01:03:03.751 [JavaFX Application Thread] DEBUG PrimaryStageWindow   - Push state: FXGLDefaultMenu
01:03:03.760 [JavaFX Application Thread] DEBUG Input                - Clearing active input actions
01:03:03.781 [JavaFX Application Thread] DEBUG GameApplicationServi - Removing overlay from FXGLMainMenuDummyScene and adding to FXGLDefaultMenu
01:03:03.782 [JavaFX Application Thread] DEBUG PrimaryStageWindow   - FXGLMainMenuDummyScene -> FXGLDefaultMenu
01:03:03.788 [JavaFX Application Thread] DEBUG FXGLApplication      - Registering font factories with UI factory
01:03:04.036 [FXGL Background Thread 2 ] INFO  UpdaterService       - Your current version:  17
01:03:04.037 [FXGL Background Thread 2 ] INFO  UpdaterService       - Latest stable version: 21.1
01:03:06.625 [FXGL Background Thread 3 ] DEBUG Engine               - Logging environment variables
01:03:06.625 [FXGL Background Thread 3 ] DEBUG Engine               - achievements: []
01:03:06.626 [FXGL Background Thread 3 ] DEBUG Engine               - actualHeight: 800.0
01:03:06.626 [FXGL Background Thread 3 ] DEBUG Engine               - actualHeightProperty: ReadOnlyDoubleProperty [value: 800.0]
01:03:06.626 [FXGL Background Thread 3 ] DEBUG Engine               - actualWidth: 800.0
01:03:06.626 [FXGL Background Thread 3 ] DEBUG Engine               - actualWidthProperty: ReadOnlyDoubleProperty [value: 800.0]
01:03:06.626 [FXGL Background Thread 3 ] DEBUG Engine               - appIcon: fxgl_icon.png
01:03:06.626 [FXGL Background Thread 3 ] DEBUG Engine               - applicationMode: DEVELOPER
01:03:06.626 [FXGL Background Thread 3 ] DEBUG Engine               - cSSList: [fxgl_dark.css]
01:03:06.626 [FXGL Background Thread 3 ] DEBUG Engine               - collisionDetectionStrategy: BRUTE_FORCE
01:03:06.626 [FXGL Background Thread 3 ] DEBUG Engine               - configClass: Optional.empty
01:03:06.626 [FXGL Background Thread 3 ] DEBUG Engine               - credits: []
01:03:06.627 [FXGL Background Thread 3 ] DEBUG Engine               - defaultCursor: CursorInfo(imageName=fxgl_default_cursor.png, hotspotX=7.0, hotspotY=6.0)
01:03:06.628 [FXGL Background Thread 3 ] DEBUG Engine               - devBBoxColorProperty: ObjectProperty [value: 0xff0000ff]
01:03:06.628 [FXGL Background Thread 3 ] DEBUG Engine               - devEnableDebugCameraProperty: BooleanProperty [value: false]
01:03:06.628 [FXGL Background Thread 3 ] DEBUG Engine               - devSensorColorProperty: ObjectProperty [value: 0xffff00ff]
01:03:06.628 [FXGL Background Thread 3 ] DEBUG Engine               - devShowBBoxProperty: BooleanProperty [value: false]
01:03:06.628 [FXGL Background Thread 3 ] DEBUG Engine               - devShowPositionProperty: BooleanProperty [value: false]
01:03:06.628 [FXGL Background Thread 3 ] DEBUG Engine               - enabledMenuItems: []
01:03:06.628 [FXGL Background Thread 3 ] DEBUG Engine               - engineServices: [class com.almasb.fxgl.app.services.FXGLAssetLoaderService, class com.almasb.fxgl.app.FXGLApplication$GameApplicationService, class com.almasb.fxgl.app.services.FXGLDialogService, class com.almasb.fxgl.app.services.IOTaskExecutorService, class com.almasb.fxgl.io.FileSystemService, class com.almasb.fxgl.localization.LocalizationService, class com.almasb.fxgl.app.services.SystemBundleService, class com.almasb.fxgl.profile.SaveLoadService, class com.almasb.fxgl.ui.FXGLUIFactoryServiceProvider, class com.almasb.fxgl.ui.FXGLDialogFactoryServiceProvider, class com.almasb.fxgl.audio.AudioPlayer, class com.almasb.fxgl.notification.impl.NotificationServiceProvider, class com.almasb.fxgl.achievement.AchievementService, class com.almasb.fxgl.cutscene.CutsceneService, class com.almasb.fxgl.minigames.MiniGameService, class com.almasb.fxgl.net.NetService, class com.almasb.fxgl.app.services.UpdaterService, class com.almasb.fxgl.dev.DevService]
01:03:06.628 [FXGL Background Thread 3 ] DEBUG Engine               - fontGame: Abel-Regular.ttf
01:03:06.628 [FXGL Background Thread 3 ] DEBUG Engine               - fontMono: TerminalLandMono-Regular.otf
01:03:06.628 [FXGL Background Thread 3 ] DEBUG Engine               - fontText: Courier-Prime.ttf
01:03:06.628 [FXGL Background Thread 3 ] DEBUG Engine               - fontUI: VarelaRound-Regular.ttf
01:03:06.628 [FXGL Background Thread 3 ] DEBUG Engine               - fullScreen: BooleanProperty [value: false]
01:03:06.628 [FXGL Background Thread 3 ] DEBUG Engine               - gameDifficulty: MEDIUM
01:03:06.628 [FXGL Background Thread 3 ] DEBUG Engine               - gameDifficultyProperty: ObjectProperty [value: MEDIUM]
01:03:06.628 [FXGL Background Thread 3 ] DEBUG Engine               - globalMusicVolume: 0.5
01:03:06.628 [FXGL Background Thread 3 ] DEBUG Engine               - globalMusicVolumeProperty: DoubleProperty [value: 0.5]
01:03:06.628 [FXGL Background Thread 3 ] DEBUG Engine               - globalSoundVolume: 0.5
01:03:06.629 [FXGL Background Thread 3 ] DEBUG Engine               - globalSoundVolumeProperty: DoubleProperty [value: 0.5]
01:03:06.629 [FXGL Background Thread 3 ] DEBUG Engine               - height: 800
01:03:06.629 [FXGL Background Thread 3 ] DEBUG Engine               - is3D: false
01:03:06.629 [FXGL Background Thread 3 ] DEBUG Engine               - isAndroid: false
01:03:06.629 [FXGL Background Thread 3 ] DEBUG Engine               - isBrowser: false
01:03:06.629 [FXGL Background Thread 3 ] DEBUG Engine               - isClickFeedbackEnabled: false
01:03:06.629 [FXGL Background Thread 3 ] DEBUG Engine               - isCloseConfirmation: false
01:03:06.629 [FXGL Background Thread 3 ] DEBUG Engine               - isDesktop: true
01:03:06.629 [FXGL Background Thread 3 ] DEBUG Engine               - isDeveloperMenuEnabled: true
01:03:06.629 [FXGL Background Thread 3 ] DEBUG Engine               - isEmbedded: false
01:03:06.629 [FXGL Background Thread 3 ] DEBUG Engine               - isEntityPreloadEnabled: true
01:03:06.629 [FXGL Background Thread 3 ] DEBUG Engine               - isExperimentalTiledLargeMap: false
01:03:06.629 [FXGL Background Thread 3 ] DEBUG Engine               - isFileSystemWriteAllowed: true
01:03:06.629 [FXGL Background Thread 3 ] DEBUG Engine               - isFullScreenAllowed: true
01:03:06.629 [FXGL Background Thread 3 ] DEBUG Engine               - isFullScreenFromStart: false
01:03:06.629 [FXGL Background Thread 3 ] DEBUG Engine               - isGameMenuEnabled: true
01:03:06.629 [FXGL Background Thread 3 ] DEBUG Engine               - isIOS: false
01:03:06.629 [FXGL Background Thread 3 ] DEBUG Engine               - isIntroEnabled: false
01:03:06.629 [FXGL Background Thread 3 ] DEBUG Engine               - isLinux: false
01:03:06.629 [FXGL Background Thread 3 ] DEBUG Engine               - isMac: false
01:03:06.629 [FXGL Background Thread 3 ] DEBUG Engine               - isMainMenuEnabled: true
01:03:06.629 [FXGL Background Thread 3 ] DEBUG Engine               - isManualResizeEnabled: false
01:03:06.629 [FXGL Background Thread 3 ] DEBUG Engine               - isMobile: false
01:03:06.630 [FXGL Background Thread 3 ] DEBUG Engine               - isNative: false
01:03:06.630 [FXGL Background Thread 3 ] DEBUG Engine               - isPauseMusicWhenMinimized: true
01:03:06.630 [FXGL Background Thread 3 ] DEBUG Engine               - isPreserveResizeRatio: false
01:03:06.630 [FXGL Background Thread 3 ] DEBUG Engine               - isProfilingEnabled: false
01:03:06.630 [FXGL Background Thread 3 ] DEBUG Engine               - isScaleAffectedOnResize: true
01:03:06.630 [FXGL Background Thread 3 ] DEBUG Engine               - isSingleStep: false
01:03:06.630 [FXGL Background Thread 3 ] DEBUG Engine               - isUserProfileEnabled: false
01:03:06.630 [FXGL Background Thread 3 ] DEBUG Engine               - isWindows: true
01:03:06.630 [FXGL Background Thread 3 ] DEBUG Engine               - language: ObjectProperty [value: ENGLISH]
01:03:06.630 [FXGL Background Thread 3 ] DEBUG Engine               - menuKey: ESCAPE
01:03:06.630 [FXGL Background Thread 3 ] DEBUG Engine               - mouseSensitivity: 0.2
01:03:06.630 [FXGL Background Thread 3 ] DEBUG Engine               - notificationViewClass: class com.almasb.fxgl.notification.view.XboxNotificationView
01:03:06.630 [FXGL Background Thread 3 ] DEBUG Engine               - pixelsPerMeter: 50.0
01:03:06.630 [FXGL Background Thread 3 ] DEBUG Engine               - platform: WINDOWS
01:03:06.630 [FXGL Background Thread 3 ] DEBUG Engine               - prefHeightProperty: ReadOnlyDoubleProperty [value: 800.0]
01:03:06.630 [FXGL Background Thread 3 ] DEBUG Engine               - prefWidthProperty: ReadOnlyDoubleProperty [value: 800.0]
01:03:06.630 [FXGL Background Thread 3 ] DEBUG Engine               - profileDir: profiles/
01:03:06.630 [FXGL Background Thread 3 ] DEBUG Engine               - profileName: StringProperty [value: DEFAULT]
01:03:06.630 [FXGL Background Thread 3 ] DEBUG Engine               - randomSeed: -1
01:03:06.631 [FXGL Background Thread 3 ] DEBUG Engine               - runtimeInfo: RuntimeInfo(platform=WINDOWS, version=17, build=31.12.2021 18.16)
01:03:06.631 [FXGL Background Thread 3 ] DEBUG Engine               - saveFileExt: sav
01:03:06.631 [FXGL Background Thread 3 ] DEBUG Engine               - scaledHeightProp$fxgl: DoubleProperty [bound, value: 800.0]
01:03:06.631 [FXGL Background Thread 3 ] DEBUG Engine               - scaledWidthProp$fxgl: DoubleProperty [bound, value: 800.0]
01:03:06.631 [FXGL Background Thread 3 ] DEBUG Engine               - sceneFactory: com.almasb.fxgl.app.scene.SceneFactory@3eb851fd
01:03:06.631 [FXGL Background Thread 3 ] DEBUG Engine               - secondsIn24h: 60
01:03:06.631 [FXGL Background Thread 3 ] DEBUG Engine               - soundMenuBack: menu/back.wav
01:03:06.631 [FXGL Background Thread 3 ] DEBUG Engine               - soundMenuPress: menu/press.wav
01:03:06.631 [FXGL Background Thread 3 ] DEBUG Engine               - soundMenuSelect: menu/select.wav
01:03:06.631 [FXGL Background Thread 3 ] DEBUG Engine               - soundNotification: core/notification.wav
01:03:06.631 [FXGL Background Thread 3 ] DEBUG Engine               - stageStyle: DECORATED
01:03:06.631 [FXGL Background Thread 3 ] DEBUG Engine               - supportedLanguages: [ENGLISH, FRENCH, GERMAN, HUNGARIAN, RUSSIAN]
01:03:06.631 [FXGL Background Thread 3 ] DEBUG Engine               - ticksPerSecond: -1
01:03:06.631 [FXGL Background Thread 3 ] DEBUG Engine               - title: Zelda 2D Game par ماستن
01:03:06.631 [FXGL Background Thread 3 ] DEBUG Engine               - urlGithub: https://github.com/AlmasB/FXGL
01:03:06.631 [FXGL Background Thread 3 ] DEBUG Engine               - urlLeaderboard: http://fxgl-top.herokuapp.com/
01:03:06.631 [FXGL Background Thread 3 ] DEBUG Engine               - urlPOM: https://raw.githubusercontent.com/AlmasB/FXGL/release/README.md
01:03:06.631 [FXGL Background Thread 3 ] DEBUG Engine               - userAppClass: class com.example.zeldapuzzle.MainGameApp
01:03:06.631 [FXGL Background Thread 3 ] DEBUG Engine               - version: 1
01:03:06.631 [FXGL Background Thread 3 ] DEBUG Engine               - versionCheckDays: 7
01:03:06.631 [FXGL Background Thread 3 ] DEBUG Engine               - width: 800
01:03:06.631 [FXGL Background Thread 3 ] DEBUG Engine               - Logging services
01:03:06.631 [FXGL Background Thread 3 ] DEBUG Engine               - class com.almasb.fxgl.app.services.FXGLAssetLoaderService
01:03:06.631 [FXGL Background Thread 3 ] DEBUG Engine               - class com.almasb.fxgl.app.FXGLApplication$GameApplicationService
01:03:06.631 [FXGL Background Thread 3 ] DEBUG Engine               - class com.almasb.fxgl.app.services.FXGLDialogService
01:03:06.631 [FXGL Background Thread 3 ] DEBUG Engine               - class com.almasb.fxgl.app.services.IOTaskExecutorService
01:03:06.631 [FXGL Background Thread 3 ] DEBUG Engine               - class com.almasb.fxgl.io.FileSystemService
01:03:06.631 [FXGL Background Thread 3 ] DEBUG Engine               - class com.almasb.fxgl.localization.LocalizationService
01:03:06.631 [FXGL Background Thread 3 ] DEBUG Engine               - class com.almasb.fxgl.app.services.SystemBundleService
01:03:06.631 [FXGL Background Thread 3 ] DEBUG Engine               - class com.almasb.fxgl.profile.SaveLoadService
01:03:06.632 [FXGL Background Thread 3 ] DEBUG Engine               - class com.almasb.fxgl.ui.FXGLUIFactoryServiceProvider
01:03:06.632 [FXGL Background Thread 3 ] DEBUG Engine               - class com.almasb.fxgl.ui.FXGLDialogFactoryServiceProvider
01:03:06.632 [FXGL Background Thread 3 ] DEBUG Engine               - class com.almasb.fxgl.audio.AudioPlayer
01:03:06.632 [FXGL Background Thread 3 ] DEBUG Engine               - class com.almasb.fxgl.notification.impl.NotificationServiceProvider
01:03:06.632 [FXGL Background Thread 3 ] DEBUG Engine               - class com.almasb.fxgl.achievement.AchievementService
01:03:06.632 [FXGL Background Thread 3 ] DEBUG Engine               - class com.almasb.fxgl.cutscene.CutsceneService
01:03:06.632 [FXGL Background Thread 3 ] DEBUG Engine               - class com.almasb.fxgl.minigames.MiniGameService
01:03:06.632 [FXGL Background Thread 3 ] DEBUG Engine               - class com.almasb.fxgl.net.NetService
01:03:06.632 [FXGL Background Thread 3 ] DEBUG Engine               - class com.almasb.fxgl.app.services.UpdaterService
01:03:06.632 [FXGL Background Thread 3 ] DEBUG Engine               - class com.almasb.fxgl.dev.DevService
01:05:07.051 [JavaFX Application Thread] DEBUG Menu                 - fireNewGame()
01:05:07.052 [JavaFX Application Thread] DEBUG GameApplicationServi - Starting new game
01:05:07.053 [JavaFX Application Thread] DEBUG PrimaryStageWindow   - Pop state: FXGLDefaultMenu
01:05:07.053 [JavaFX Application Thread] DEBUG Input                - Clearing active input actions
01:05:07.054 [JavaFX Application Thread] DEBUG GameApplicationServi - Removing overlay from FXGLDefaultMenu and adding to FXGLMainMenuDummyScene
01:05:07.055 [JavaFX Application Thread] DEBUG PrimaryStageWindow   - FXGLMainMenuDummyScene <- FXGLDefaultMenu
01:05:07.055 [JavaFX Application Thread] DEBUG Input                - Clearing active input actions
01:05:07.061 [JavaFX Application Thread] DEBUG GameApplicationServi - Removing overlay from FXGLMainMenuDummyScene and adding to FXGLLoadingScene
01:05:07.061 [JavaFX Application Thread] DEBUG PrimaryStageWindow   - FXGLMainMenuDummyScene -> FXGLLoadingScene
01:05:07.062 [JavaFX Application Thread] DEBUG GameApplicationServi - Clearing previous game
01:05:07.062 [JavaFX Application Thread] DEBUG GameScene            - Clearing game scene
01:05:07.063 [JavaFX Application Thread] DEBUG GameWorld            - Clearing game world
01:05:07.063 [JavaFX Application Thread] DEBUG PhysicsWorld         - Clearing physics world
01:05:07.068 [FXGL Background Thread 5 ] DEBUG FXGLApplication      - Initializing game
01:05:07.111 [FXGL Background Thread 5 ] WARN  TMXLevelLoader       - TiledMap generated from 1.10.2. Supported version: 1.2.3. Some features may not be parsed fully.
01:05:07.129 [FXGL Background Thread 5 ] DEBUG TMXLevelLoader       - Parsed TiledMap: file:/C:/Users/Utilisateur/IdeaProjects/zeldaPuzzle/target/classes/assets/levels/MapDeMerde2.tmx
01:05:07.130 [FXGL Background Thread 5 ] DEBUG TMXLevelLoader       - Creating tile layer entities
01:05:07.131 [FXGL Background Thread 5 ] DEBUG TilesetLoader        - Loading view for layer Calque de Tuiles 1
01:05:07.162 [FXGL Background Thread 5 ] DEBUG TilesetLoader        - Created buffer with size 4800.0x4800.0
01:05:07.203 [FXGL Background Thread 5 ] DEBUG TMXLevelLoader       - Creating object layer entities
01:05:07.205 [FXGL Background Thread 5 ] DEBUG GameWorld            - Clearing removable entities
01:05:07.206 [FXGL Background Thread 5 ] DEBUG GameWorld            - Setting level: com.almasb.fxgl.entity.level.Level@5866d7f4
01:05:07.241 [FXGL Background Thread 5 ] WARN  GameWorld            - Entity is already attached to world
01:05:07.249 [FXGL Background Thread 5 ] WARN  GameWorld            - Entity is already attached to world
01:05:07.254 [FXGL Background Thread 5 ] WARN  GameWorld            - Entity is already attached to world
01:05:07.261 [FXGL Background Thread 5 ] INFO  FXGLApplication      - Game initialization took: 0,194 sec
01:05:07.268 [JavaFX Application Thread] DEBUG Input                - Clearing active input actions
01:05:07.272 [JavaFX Application Thread] DEBUG GameApplicationServi - Removing overlay from FXGLLoadingScene and adding to GameScene
01:05:07.274 [JavaFX Application Thread] DEBUG PrimaryStageWindow   - FXGLLoadingScene -> GameScene
01:05:10.868 [JavaFX Application Thread] WARN  TMXLevelLoader       - TiledMap generated from 1.10.2. Supported version: 1.2.3. Some features may not be parsed fully.
01:05:10.901 [JavaFX Application Thread] DEBUG TMXLevelLoader       - Parsed TiledMap: file:/C:/Users/Utilisateur/IdeaProjects/zeldaPuzzle/target/classes/assets/levels/leDongeon.tmx
01:05:10.901 [JavaFX Application Thread] DEBUG TMXLevelLoader       - Creating tile layer entities
01:05:10.901 [JavaFX Application Thread] DEBUG TilesetLoader        - Loading view for layer BG1
01:05:10.903 [JavaFX Application Thread] DEBUG TilesetLoader        - Created buffer with size 2400.0x800.0
01:05:10.914 [JavaFX Application Thread] DEBUG TilesetLoader        - Loading view for layer BG2
01:05:10.916 [JavaFX Application Thread] DEBUG TilesetLoader        - Created buffer with size 2400.0x800.0
01:05:10.925 [JavaFX Application Thread] DEBUG TilesetLoader        - Loading view for layer BG3
01:05:10.927 [JavaFX Application Thread] DEBUG TilesetLoader        - Created buffer with size 2400.0x800.0
01:05:10.940 [JavaFX Application Thread] DEBUG TilesetLoader        - Loading view for layer BG4a
01:05:10.942 [JavaFX Application Thread] DEBUG TilesetLoader        - Created buffer with size 2400.0x800.0
01:05:10.952 [JavaFX Application Thread] DEBUG TilesetLoader        - Loading view for layer BG4b
01:05:10.955 [JavaFX Application Thread] DEBUG TilesetLoader        - Created buffer with size 2400.0x800.0
01:05:10.964 [JavaFX Application Thread] DEBUG TilesetLoader        - Loading view for layer MainBuild3
01:05:10.966 [JavaFX Application Thread] DEBUG TilesetLoader        - Created buffer with size 2400.0x800.0
01:05:11.000 [JavaFX Application Thread] DEBUG TilesetLoader        - Loading view for layer MainBuild2
01:05:11.003 [JavaFX Application Thread] DEBUG TilesetLoader        - Created buffer with size 2400.0x800.0
01:05:11.005 [JavaFX Application Thread] DEBUG TilesetLoader        - Loading view for layer MainBuild
01:05:11.008 [JavaFX Application Thread] DEBUG TilesetLoader        - Created buffer with size 2400.0x800.0
01:05:11.012 [JavaFX Application Thread] DEBUG TMXLevelLoader       - Creating object layer entities
01:05:11.020 [JavaFX Application Thread] DEBUG GameWorld            - Clearing removable entities
01:05:11.022 [JavaFX Application Thread] DEBUG GameWorld            - Setting level: com.almasb.fxgl.entity.level.Level@2144b708
01:05:11.030 [JavaFX Application Thread] WARN  GameWorld            - Entity is already attached to world
01:05:15.317 [JavaFX Application Thread] WARN  GameWorld            - Entity is already attached to world
01:05:15.992 [JavaFX Application Thread] WARN  GameWorld            - Entity is already attached to world
01:05:16.942 [JavaFX Application Thread] WARN  GameWorld            - Entity is already attached to world
01:05:17.565 [JavaFX Application Thread] WARN  GameWorld            - Entity is already attached to world
01:05:18.060 [JavaFX Application Thread] WARN  GameWorld            - Entity is already attached to world
01:05:18.478 [JavaFX Application Thread] WARN  GameWorld            - Entity is already attached to world
01:05:19.155 [JavaFX Application Thread] WARN  GameWorld            - Entity is already attached to world
01:05:19.393 [JavaFX Application Thread] WARN  GameWorld            - Entity is already attached to world
01:05:19.562 [JavaFX Application Thread] WARN  GameWorld            - Entity is already attached to world
01:05:19.761 [JavaFX Application Thread] WARN  GameWorld            - Entity is already attached to world
01:05:20.339 [JavaFX Application Thread] WARN  GameWorld            - Entity is already attached to world
01:05:21.652 [JavaFX Application Thread] WARN  GameWorld            - Entity is already attached to world
01:05:26.300 [JavaFX Application Thread] WARN  GameWorld            - Entity is already attached to world
01:05:27.618 [JavaFX Application Thread] WARN  GameWorld            - Entity is already attached to world
01:05:28.236 [JavaFX Application Thread] DEBUG LoopRunner           - Stopping loop
01:05:28.239 [JavaFX Application Thread] FATAL FXGLApplication      - Uncaught Exception:
java.lang.IndexOutOfBoundsException: Index -1 out of bounds for length 1
	at java.base/jdk.internal.util.Preconditions.outOfBounds(Preconditions.java:100)
	at java.base/jdk.internal.util.Preconditions.outOfBoundsCheckIndex(Preconditions.java:106)
	at java.base/jdk.internal.util.Preconditions.checkIndex(Preconditions.java:302)
	at java.base/java.util.Objects.checkIndex(Objects.java:385)
	at java.base/java.util.ArrayList.get(ArrayList.java:427)
	at javafx.graphics@19/javafx.scene.Parent.updateCachedBounds(Parent.java:1704)
	at javafx.graphics@19/javafx.scene.Parent.recomputeBounds(Parent.java:1648)
	at javafx.graphics@19/javafx.scene.Parent.doComputeGeomBounds(Parent.java:1501)
	at javafx.graphics@19/javafx.scene.Parent$1.doComputeGeomBounds(Parent.java:115)
	at javafx.graphics@19/com.sun.javafx.scene.ParentHelper.computeGeomBoundsImpl(ParentHelper.java:84)
	at javafx.graphics@19/com.sun.javafx.scene.NodeHelper.computeGeomBounds(NodeHelper.java:117)
	at javafx.graphics@19/javafx.scene.Node.updateGeomBounds(Node.java:3825)
	at javafx.graphics@19/javafx.scene.Node.getGeomBounds(Node.java:3814)
	at javafx.graphics@19/javafx.scene.Node.getLocalBounds(Node.java:3735)
	at javafx.graphics@19/javafx.scene.Node.updateTxBounds(Node.java:3889)
	at javafx.graphics@19/javafx.scene.Node.getTransformedBounds(Node.java:3681)
	at javafx.graphics@19/javafx.scene.Parent.getChildTransformedBounds(Parent.java:1848)
	at javafx.graphics@19/javafx.scene.Parent.updateCachedBounds(Parent.java:1709)
	at javafx.graphics@19/javafx.scene.Parent.recomputeBounds(Parent.java:1648)
	at javafx.graphics@19/javafx.scene.Parent.doComputeGeomBounds(Parent.java:1501)
	at javafx.graphics@19/javafx.scene.Parent$1.doComputeGeomBounds(Parent.java:115)
	at javafx.graphics@19/com.sun.javafx.scene.ParentHelper.computeGeomBoundsImpl(ParentHelper.java:84)
	at javafx.graphics@19/com.sun.javafx.scene.layout.RegionHelper.superComputeGeomBoundsImpl(RegionHelper.java:78)
	at javafx.graphics@19/com.sun.javafx.scene.layout.RegionHelper.superComputeGeomBounds(RegionHelper.java:62)
	at javafx.graphics@19/javafx.scene.layout.Region.doComputeGeomBounds(Region.java:3355)
	at javafx.graphics@19/javafx.scene.layout.Region$1.doComputeGeomBounds(Region.java:168)
	at javafx.graphics@19/com.sun.javafx.scene.layout.RegionHelper.computeGeomBoundsImpl(RegionHelper.java:89)
	at javafx.graphics@19/com.sun.javafx.scene.NodeHelper.computeGeomBounds(NodeHelper.java:117)
	at javafx.graphics@19/javafx.scene.Node.updateGeomBounds(Node.java:3825)
	at javafx.graphics@19/javafx.scene.Node.getGeomBounds(Node.java:3787)
	at javafx.graphics@19/javafx.scene.Node.getLocalBounds(Node.java:3735)
	at javafx.graphics@19/javafx.scene.Node.updateTxBounds(Node.java:3889)
	at javafx.graphics@19/javafx.scene.Node.getTransformedBounds(Node.java:3681)
	at javafx.graphics@19/javafx.scene.Parent.getChildTransformedBounds(Parent.java:1848)
	at javafx.graphics@19/javafx.scene.Parent.updateCachedBounds(Parent.java:1709)
	at javafx.graphics@19/javafx.scene.Parent.recomputeBounds(Parent.java:1648)
	at javafx.graphics@19/javafx.scene.Parent.doComputeGeomBounds(Parent.java:1501)
	at javafx.graphics@19/javafx.scene.Parent$1.doComputeGeomBounds(Parent.java:115)
	at javafx.graphics@19/com.sun.javafx.scene.ParentHelper.computeGeomBoundsImpl(ParentHelper.java:84)
	at javafx.graphics@19/com.sun.javafx.scene.layout.RegionHelper.superComputeGeomBoundsImpl(RegionHelper.java:78)
	at javafx.graphics@19/com.sun.javafx.scene.layout.RegionHelper.superComputeGeomBounds(RegionHelper.java:62)
	at javafx.graphics@19/javafx.scene.layout.Region.doComputeGeomBounds(Region.java:3355)
	at javafx.graphics@19/javafx.scene.layout.Region$1.doComputeGeomBounds(Region.java:168)
	at javafx.graphics@19/com.sun.javafx.scene.layout.RegionHelper.computeGeomBoundsImpl(RegionHelper.java:89)
	at javafx.graphics@19/com.sun.javafx.scene.NodeHelper.computeGeomBounds(NodeHelper.java:117)
	at javafx.graphics@19/javafx.scene.Node.updateGeomBounds(Node.java:3825)
	at javafx.graphics@19/javafx.scene.Node.getGeomBounds(Node.java:3787)
	at javafx.graphics@19/javafx.scene.Node.getLocalBounds(Node.java:3735)
	at javafx.graphics@19/javafx.scene.Node.intersectsBounds(Node.java:5270)
	at javafx.graphics@19/javafx.scene.Node$1.intersectsBounds(Node.java:559)
	at javafx.graphics@19/com.sun.javafx.scene.NodeHelper.intersectsBounds(NodeHelper.java:264)
	at javafx.graphics@19/javafx.scene.layout.Region.doPickNodeLocal(Region.java:3224)
	at javafx.graphics@19/javafx.scene.layout.Region$1.doPickNodeLocal(Region.java:184)
	at javafx.graphics@19/com.sun.javafx.scene.layout.RegionHelper.pickNodeLocalImpl(RegionHelper.java:104)
	at javafx.graphics@19/com.sun.javafx.scene.NodeHelper.pickNodeLocal(NodeHelper.java:130)
	at javafx.graphics@19/javafx.scene.Node.pickNode(Node.java:5180)
	at javafx.graphics@19/javafx.scene.Scene$MouseHandler.pickNode(Scene.java:4037)
	at javafx.graphics@19/javafx.scene.Scene.pick(Scene.java:2067)
	at javafx.graphics@19/javafx.scene.Scene$MouseHandler.process(Scene.java:3847)
	at javafx.graphics@19/javafx.scene.Scene.processMouseEvent(Scene.java:1887)
	at javafx.graphics@19/javafx.scene.Scene$ScenePeerListener.mouseEvent(Scene.java:2620)
	at javafx.graphics@19/com.sun.javafx.tk.quantum.GlassViewEventHandler$MouseEventNotification.run(GlassViewEventHandler.java:411)
	at javafx.graphics@19/com.sun.javafx.tk.quantum.GlassViewEventHandler$MouseEventNotification.run(GlassViewEventHandler.java:301)
	at java.base/java.security.AccessController.doPrivileged(AccessController.java:399)
	at javafx.graphics@19/com.sun.javafx.tk.quantum.GlassViewEventHandler.lambda$handleMouseEvent$2(GlassViewEventHandler.java:450)
	at javafx.graphics@19/com.sun.javafx.tk.quantum.QuantumToolkit.runWithoutRenderLock(QuantumToolkit.java:424)
	at javafx.graphics@19/com.sun.javafx.tk.quantum.GlassViewEventHandler.handleMouseEvent(GlassViewEventHandler.java:449)
	at javafx.graphics@19/com.sun.glass.ui.View.handleMouseEvent(View.java:551)
	at javafx.graphics@19/com.sun.glass.ui.View.notifyMouse(View.java:937)
	at javafx.graphics@19/com.sun.glass.ui.win.WinApplication._runLoop(Native Method)
	at javafx.graphics@19/com.sun.glass.ui.win.WinApplication.lambda$runLoop$3(WinApplication.java:184)
	at java.base/java.lang.Thread.run(Thread.java:1589)

01:05:28.239 [JavaFX Application Thread] FATAL FXGLApplication      - Application will now exit
01:05:28.243 [JavaFX Application Thread] DEBUG PrimaryStageWindow   - Push state: ErrorSubScene
01:05:28.243 [JavaFX Application Thread] DEBUG Input                - Clearing active input actions
01:05:28.244 [JavaFX Application Thread] DEBUG GameApplicationServi - Removing overlay from GameScene and adding to ErrorSubScene
01:05:28.245 [JavaFX Application Thread] DEBUG PrimaryStageWindow   - GameScene -> ErrorSubScene
01:05:30.921 [JavaFX Application Thread] DEBUG FXGLApplication      - Exiting FXGL
01:05:30.921 [JavaFX Application Thread] DEBUG Async                - Shutting down background threads
01:05:30.922 [JavaFX Application Thread] DEBUG PrimaryStageWindow   - Closing main window
01:05:30.932 [JavaFX Application Thread] DEBUG Logger               - Closing Logger
