02:30:56.573 [main                     ] DEBUG Logger               - Configured Logger
02:30:56.596 [main                     ] DEBUG GameApplication      - Logging settings
Title: Zelda 2D Game
Version: 1
Width: 800
Height: 800
Fullscreen: true
Intro: false
Profiling: false
Single step:false
App Mode: DEVELOPER
Menu Key: ESCAPE
Stage Style: DECORATED
Scene Factory: class com.almasb.fxgl.app.scene.SceneFactory

02:30:56.824 [JavaFX Application Thread] DEBUG FXGLApplication      - Initializing FXGL
02:30:56.828 [JavaFX Application Thread] INFO  Engine               - FXGL-17 (31.12.2021 18.16) on MAC (J:19.0.1 FX:19)
02:30:56.829 [JavaFX Application Thread] DEBUG Engine               - JRE Vendor Name: Oracle Corporation
02:30:56.829 [JavaFX Application Thread] DEBUG Engine               - Running on OS: Mac OS X version 12.5
02:30:56.829 [JavaFX Application Thread] DEBUG Engine               - Architecture: aarch64
02:30:56.829 [JavaFX Application Thread] INFO  Engine               - Source code and latest versions at: https://github.com/AlmasB/FXGL
02:30:56.830 [JavaFX Application Thread] INFO  Engine               -       Ask questions and discuss at: https://github.com/AlmasB/FXGL/discussions
02:30:56.830 [JavaFX Application Thread] INFO  Engine               -              Join the FXGL chat at: https://gitter.im/AlmasB/FXGL
02:30:56.896 [JavaFX Application Thread] DEBUG PrimaryStageWindow   - Creating a JavaFX scene
02:30:56.939 [JavaFX Application Thread] DEBUG PrimaryStageWindow   - Target settings size: 800.0 x 800.0
02:30:56.939 [JavaFX Application Thread] DEBUG PrimaryStageWindow   - Scaled scene size:    800.0 x 800.0
02:30:56.939 [JavaFX Application Thread] DEBUG PrimaryStageWindow   - Scaled ratio: (1.0, 1.0)
02:30:56.940 [JavaFX Application Thread] DEBUG PrimaryStageWindow   - Set initial scene to FXGLStartupScene
02:30:56.945 [JavaFX Application Thread] DEBUG PrimaryStageWindow   - Opening main window
02:30:57.089 [JavaFX Application Thread] DEBUG PrimaryStageWindow   - Window border size: (0.0, 28.0)
02:30:57.090 [JavaFX Application Thread] DEBUG PrimaryStageWindow   - Scaled size: 800.0 x 800.0
02:30:57.090 [JavaFX Application Thread] DEBUG PrimaryStageWindow   - Scaled ratio: (1.0, 1.0)
02:30:57.090 [JavaFX Application Thread] DEBUG PrimaryStageWindow   - Scene size: 800.0 x 800.0
02:30:57.090 [JavaFX Application Thread] DEBUG PrimaryStageWindow   - Stage size: 800.0 x 828.0
02:30:57.097 [FXGL Background Thread 1 ] DEBUG Engine               - Initializing environment variables
02:30:57.155 [FXGL Background Thread 1 ] DEBUG FXGLAssetLoaderServi - User app class for loading assets: class com.example.zeldapuzzle.MainGameApp
02:30:57.156 [FXGL Background Thread 1 ] DEBUG GameApplicationServi - Applying CSS: fxgl_dark.css
02:30:57.157 [FXGL Background Thread 1 ] DEBUG FXGLAssetLoaderServi - Loading from file system: jar:file:///Users/CHLaroche05/.m2/repository/com/github/almasb/fxgl/17/fxgl-17.jar!/fxglassets/ui/css/fxgl_dark.css
02:30:57.205 [FXGL Background Thread 1 ] DEBUG GameApplicationServi - Initializing application scenes
02:30:57.552 [FXGL Background Thread 1 ] DEBUG GameWorld            - Game world initialized
02:30:57.624 [FXGL Background Thread 1 ] DEBUG PhysicsWorld         - Physics world initialized: appHeight=800, physics.ppm=50.0
02:30:57.625 [FXGL Background Thread 1 ] DEBUG PhysicsWorld         - Using strategy: BRUTE_FORCE
02:30:57.631 [FXGL Background Thread 1 ] DEBUG GameScene            - Game scene initialized: 800x800
02:30:57.643 [FXGL Background Thread 1 ] DEBUG FXGL.DefaultMenu     - createMenuBodyMainMenu()
02:30:57.663 [FXGL Background Thread 1 ] DEBUG FXGL.DefaultMenu     - createOptionsMenu()
02:30:57.673 [FXGL Background Thread 1 ] DEBUG FXGLAssetLoaderServi - Loading from file system: jar:file:///Users/CHLaroche05/.m2/repository/com/github/almasb/fxgl/17/fxgl-17.jar!/fxglassets/textures/particles/smoke.png
02:30:57.887 [FXGL Background Thread 1 ] DEBUG FXGLAssetLoaderServi - Loading from file system: jar:file:///Users/CHLaroche05/.m2/repository/com/github/almasb/fxgl/17/fxgl-17.jar!/fxglassets/textures/particles/trace_horizontal.png
02:30:57.935 [FXGL Background Thread 1 ] DEBUG FXGL.DefaultMenu     - createMenuBodyGameMenu()
02:30:57.936 [FXGL Background Thread 1 ] DEBUG FXGL.DefaultMenu     - createOptionsMenu()
02:30:57.990 [FXGL Background Thread 1 ] DEBUG GameApplicationServi - Application scenes initialized
02:30:58.021 [FXGL Background Thread 1 ] DEBUG SystemBundleService  - Loading FXGL system data
02:30:58.027 [FXGL Background Thread 1 ] DEBUG FileSystemAccess     - Reading from: /Users/CHLaroche05/zelda/zeldaPuzzle/system/fxgl.bundle
02:30:58.053 [FXGL Background Thread 1 ] DEBUG SystemBundleService  - Bundle FXGL: {}
02:30:58.054 [FXGL Background Thread 1 ] DEBUG UpdaterService       - Checking for updates
02:30:58.132 [FXGL Background Thread 4 ] DEBUG FXGLApplication      - Loading fonts
02:30:58.133 [FXGL Background Thread 1 ] DEBUG FXGLApplication      - Loading default localization
02:30:58.133 [FXGL Background Thread 4 ] DEBUG FXGLAssetLoaderServi - Loading from file system: jar:file:///Users/CHLaroche05/.m2/repository/com/github/almasb/fxgl/17/fxgl-17.jar!/fxglassets/ui/fonts/VarelaRound-Regular.ttf
02:30:58.134 [FXGL Background Thread 1 ] DEBUG FXGLAssetLoaderServi - Loading from file system: jar:file:///Users/CHLaroche05/.m2/repository/com/github/almasb/fxgl/17/fxgl-17.jar!/fxglassets/languages/english.lang
02:30:58.144 [FXGL Background Thread 4 ] DEBUG FXGLAssetLoaderServi - Loading from file system: jar:file:///Users/CHLaroche05/.m2/repository/com/github/almasb/fxgl/17/fxgl-17.jar!/fxglassets/ui/fonts/Abel-Regular.ttf
02:30:58.148 [FXGL Background Thread 4 ] DEBUG FXGLAssetLoaderServi - Loading from file system: jar:file:///Users/CHLaroche05/.m2/repository/com/github/almasb/fxgl/17/fxgl-17.jar!/fxglassets/ui/fonts/TerminalLandMono-Regular.otf
02:30:58.152 [FXGL Background Thread 4 ] DEBUG FXGLAssetLoaderServi - Loading from file system: jar:file:///Users/CHLaroche05/.m2/repository/com/github/almasb/fxgl/17/fxgl-17.jar!/fxglassets/ui/fonts/Courier-Prime.ttf
02:30:58.155 [FXGL Background Thread 1 ] INFO  FXGLApplication      - FXGL initialization took: 1.058 sec
02:30:58.171 [JavaFX Application Thread] DEBUG Input                - Registered new binding: inventaire - Tab
02:30:58.171 [JavaFX Application Thread] DEBUG Input                - Registered new binding: getPosition - P
02:30:58.171 [JavaFX Application Thread] DEBUG Input                - Registered new binding: zoom+ - Up
02:30:58.172 [JavaFX Application Thread] DEBUG Input                - Registered new binding: zoom- - Down
02:30:58.172 [JavaFX Application Thread] DEBUG Input                - Registered new binding: resetZoom - 0
02:30:58.172 [JavaFX Application Thread] DEBUG Input                - Registered new binding: Move right - D
02:30:58.172 [JavaFX Application Thread] DEBUG Input                - Registered new binding: Move left - A
02:30:58.173 [JavaFX Application Thread] DEBUG Input                - Registered new binding: Move Up - W
02:30:58.173 [JavaFX Application Thread] DEBUG Input                - Registered new binding: Move Down - S
02:30:58.173 [JavaFX Application Thread] DEBUG Input                - Registered new binding: Jump - Space
02:30:58.174 [JavaFX Application Thread] DEBUG FXGLAssetLoaderServi - Loading from file system: jar:file:///Users/CHLaroche05/.m2/repository/com/github/almasb/fxgl/17/fxgl-17.jar!/fxglassets/textures/fxgl_icon.png
02:30:58.207 [JavaFX Application Thread] DEBUG FXGLAssetLoaderServi - Loading from file system: jar:file:///Users/CHLaroche05/.m2/repository/com/github/almasb/fxgl/17/fxgl-17.jar!/fxglassets/textures/fxgl_default_cursor.png
02:30:58.209 [JavaFX Application Thread] DEBUG Input                - Registered new binding: Screenshot - CTRL+8
02:30:58.210 [JavaFX Application Thread] DEBUG Input                - Registered new binding: Dev Options - 1
02:30:58.210 [JavaFX Application Thread] DEBUG Input                - Registered new binding: Dev Console - 2
02:30:58.211 [JavaFX Application Thread] DEBUG Input                - Registered new binding: System info dump - CTRL+9
02:30:58.211 [JavaFX Application Thread] DEBUG Input                - Registered new binding: Restart - CTRL+R
02:30:58.212 [JavaFX Application Thread] DEBUG Input                - Registered new binding: Toggle Debug Camera - CTRL+7
02:30:58.214 [JavaFX Application Thread] DEBUG LoopRunner           - Starting loop
02:30:58.226 [JavaFX Application Thread] DEBUG LoopRunner           - Initializing JavaFX AnimationTimerLoop
02:30:58.228 [JavaFX Application Thread] DEBUG Input                - Clearing active input actions
02:30:58.239 [JavaFX Application Thread] DEBUG GameApplicationServi - Removing overlay from FXGLStartupScene and adding to FXGLMainMenuDummyScene
02:30:58.244 [JavaFX Application Thread] DEBUG PrimaryStageWindow   - FXGLStartupScene -> FXGLMainMenuDummyScene
02:30:58.245 [JavaFX Application Thread] DEBUG PrimaryStageWindow   - Push state: FXGLDefaultMenu
02:30:58.247 [JavaFX Application Thread] DEBUG Input                - Clearing active input actions
02:30:58.255 [JavaFX Application Thread] DEBUG GameApplicationServi - Removing overlay from FXGLMainMenuDummyScene and adding to FXGLDefaultMenu
02:30:58.255 [JavaFX Application Thread] DEBUG PrimaryStageWindow   - FXGLMainMenuDummyScene -> FXGLDefaultMenu
02:30:58.281 [JavaFX Application Thread] DEBUG FXGLApplication      - Registering font factories with UI factory
02:30:58.618 [FXGL Background Thread 2 ] INFO  UpdaterService       - Your current version:  17
02:30:58.619 [FXGL Background Thread 2 ] INFO  UpdaterService       - Latest stable version: 21.1
02:30:59.799 [JavaFX Application Thread] DEBUG Menu                 - fireNewGame()
02:30:59.800 [JavaFX Application Thread] DEBUG GameApplicationServi - Starting new game
02:30:59.801 [JavaFX Application Thread] DEBUG PrimaryStageWindow   - Pop state: FXGLDefaultMenu
02:30:59.802 [JavaFX Application Thread] DEBUG Input                - Clearing active input actions
02:30:59.803 [JavaFX Application Thread] DEBUG GameApplicationServi - Removing overlay from FXGLDefaultMenu and adding to FXGLMainMenuDummyScene
02:30:59.804 [JavaFX Application Thread] DEBUG PrimaryStageWindow   - FXGLMainMenuDummyScene <- FXGLDefaultMenu
02:30:59.804 [JavaFX Application Thread] DEBUG Input                - Clearing active input actions
02:30:59.812 [JavaFX Application Thread] DEBUG GameApplicationServi - Removing overlay from FXGLMainMenuDummyScene and adding to FXGLLoadingScene
02:30:59.813 [JavaFX Application Thread] DEBUG PrimaryStageWindow   - FXGLMainMenuDummyScene -> FXGLLoadingScene
02:30:59.813 [JavaFX Application Thread] DEBUG GameApplicationServi - Clearing previous game
02:30:59.813 [JavaFX Application Thread] DEBUG GameScene            - Clearing game scene
02:30:59.813 [JavaFX Application Thread] DEBUG GameWorld            - Clearing game world
02:30:59.813 [JavaFX Application Thread] DEBUG PhysicsWorld         - Clearing physics world
02:30:59.816 [FXGL Background Thread 2 ] DEBUG FXGLApplication      - Initializing game
02:30:59.867 [FXGL Background Thread 2 ] WARN  TMXLevelLoader       - TiledMap generated from 1.10.2. Supported version: 1.2.3. Some features may not be parsed fully.
02:30:59.989 [FXGL Background Thread 2 ] DEBUG TMXLevelLoader       - Parsed TiledMap: file:/Users/CHLaroche05/zelda/zeldaPuzzle/target/classes/assets/levels/mapFinal.tmx
02:30:59.993 [FXGL Background Thread 2 ] DEBUG TMXLevelLoader       - Creating tile layer entities
02:30:59.997 [FXGL Background Thread 2 ] DEBUG TilesetLoader        - Loading view for layer background
02:31:00.016 [FXGL Background Thread 2 ] DEBUG TilesetLoader        - Created buffer with size 4800.0x4800.0
02:31:00.261 [FXGL Background Thread 2 ] DEBUG TilesetLoader        - Loading view for layer devant
02:31:00.274 [FXGL Background Thread 2 ] DEBUG TilesetLoader        - Created buffer with size 4800.0x4800.0
02:31:00.330 [FXGL Background Thread 2 ] DEBUG TilesetLoader        - Loading view for layer devant1
02:31:00.348 [FXGL Background Thread 2 ] DEBUG TilesetLoader        - Created buffer with size 4800.0x4800.0
02:31:00.374 [FXGL Background Thread 2 ] DEBUG TMXLevelLoader       - Creating object layer entities
02:31:00.429 [FXGL Background Thread 2 ] DEBUG GameWorld            - Clearing removable entities
02:31:00.430 [FXGL Background Thread 2 ] DEBUG GameWorld            - Setting level: com.almasb.fxgl.entity.level.Level@2a264f27
02:31:00.452 [FXGL Background Thread 2 ] WARN  GameWorld            - Entity is already attached to world
02:31:00.454 [FXGL Background Thread 2 ] WARN  GameWorld            - Entity is already attached to world
02:31:00.459 [FXGL Background Thread 2 ] INFO  FXGLApplication      - Game initialization took: 0.644 sec
02:31:00.460 [JavaFX Application Thread] DEBUG Input                - Clearing active input actions
02:31:00.467 [JavaFX Application Thread] DEBUG GameApplicationServi - Removing overlay from FXGLLoadingScene and adding to GameScene
02:31:00.469 [JavaFX Application Thread] DEBUG PrimaryStageWindow   - FXGLLoadingScene -> GameScene
02:31:01.132 [FXGL Background Thread 3 ] DEBUG Engine               - Logging environment variables
02:31:01.133 [FXGL Background Thread 3 ] DEBUG Engine               - achievements: []
02:31:01.133 [FXGL Background Thread 3 ] DEBUG Engine               - actualHeight: 800.0
02:31:01.133 [FXGL Background Thread 3 ] DEBUG Engine               - actualHeightProperty: ReadOnlyDoubleProperty [value: 800.0]
02:31:01.133 [FXGL Background Thread 3 ] DEBUG Engine               - actualWidth: 800.0
02:31:01.133 [FXGL Background Thread 3 ] DEBUG Engine               - actualWidthProperty: ReadOnlyDoubleProperty [value: 800.0]
02:31:01.134 [FXGL Background Thread 3 ] DEBUG Engine               - appIcon: fxgl_icon.png
02:31:01.134 [FXGL Background Thread 3 ] DEBUG Engine               - applicationMode: DEVELOPER
02:31:01.134 [FXGL Background Thread 3 ] DEBUG Engine               - cSSList: [fxgl_dark.css]
02:31:01.134 [FXGL Background Thread 3 ] DEBUG Engine               - collisionDetectionStrategy: BRUTE_FORCE
02:31:01.134 [FXGL Background Thread 3 ] DEBUG Engine               - configClass: Optional.empty
02:31:01.134 [FXGL Background Thread 3 ] DEBUG Engine               - credits: []
02:31:01.134 [FXGL Background Thread 3 ] DEBUG Engine               - defaultCursor: CursorInfo(imageName=fxgl_default_cursor.png, hotspotX=7.0, hotspotY=6.0)
02:31:01.134 [FXGL Background Thread 3 ] DEBUG Engine               - devBBoxColorProperty: ObjectProperty [value: 0xff0000ff]
02:31:01.135 [FXGL Background Thread 3 ] DEBUG Engine               - devEnableDebugCameraProperty: BooleanProperty [value: false]
02:31:01.135 [FXGL Background Thread 3 ] DEBUG Engine               - devSensorColorProperty: ObjectProperty [value: 0xffff00ff]
02:31:01.135 [FXGL Background Thread 3 ] DEBUG Engine               - devShowBBoxProperty: BooleanProperty [value: false]
02:31:01.135 [FXGL Background Thread 3 ] DEBUG Engine               - devShowPositionProperty: BooleanProperty [value: false]
02:31:01.135 [FXGL Background Thread 3 ] DEBUG Engine               - enabledMenuItems: []
02:31:01.135 [FXGL Background Thread 3 ] DEBUG Engine               - engineServices: [class com.almasb.fxgl.app.services.FXGLAssetLoaderService, class com.almasb.fxgl.app.FXGLApplication$GameApplicationService, class com.almasb.fxgl.app.services.FXGLDialogService, class com.almasb.fxgl.app.services.IOTaskExecutorService, class com.almasb.fxgl.io.FileSystemService, class com.almasb.fxgl.localization.LocalizationService, class com.almasb.fxgl.app.services.SystemBundleService, class com.almasb.fxgl.profile.SaveLoadService, class com.almasb.fxgl.ui.FXGLUIFactoryServiceProvider, class com.almasb.fxgl.ui.FXGLDialogFactoryServiceProvider, class com.almasb.fxgl.audio.AudioPlayer, class com.almasb.fxgl.notification.impl.NotificationServiceProvider, class com.almasb.fxgl.achievement.AchievementService, class com.almasb.fxgl.cutscene.CutsceneService, class com.almasb.fxgl.minigames.MiniGameService, class com.almasb.fxgl.net.NetService, class com.almasb.fxgl.app.services.UpdaterService, class com.almasb.fxgl.dev.DevService]
02:31:01.135 [FXGL Background Thread 3 ] DEBUG Engine               - fontGame: Abel-Regular.ttf
02:31:01.135 [FXGL Background Thread 3 ] DEBUG Engine               - fontMono: TerminalLandMono-Regular.otf
02:31:01.135 [FXGL Background Thread 3 ] DEBUG Engine               - fontText: Courier-Prime.ttf
02:31:01.135 [FXGL Background Thread 3 ] DEBUG Engine               - fontUI: VarelaRound-Regular.ttf
02:31:01.135 [FXGL Background Thread 3 ] DEBUG Engine               - fullScreen: BooleanProperty [value: false]
02:31:01.135 [FXGL Background Thread 3 ] DEBUG Engine               - gameDifficulty: MEDIUM
02:31:01.135 [FXGL Background Thread 3 ] DEBUG Engine               - gameDifficultyProperty: ObjectProperty [value: MEDIUM]
02:31:01.135 [FXGL Background Thread 3 ] DEBUG Engine               - globalMusicVolume: 0.5
02:31:01.136 [FXGL Background Thread 3 ] DEBUG Engine               - globalMusicVolumeProperty: DoubleProperty [value: 0.5]
02:31:01.136 [FXGL Background Thread 3 ] DEBUG Engine               - globalSoundVolume: 0.5
02:31:01.136 [FXGL Background Thread 3 ] DEBUG Engine               - globalSoundVolumeProperty: DoubleProperty [value: 0.5]
02:31:01.136 [FXGL Background Thread 3 ] DEBUG Engine               - height: 800
02:31:01.136 [FXGL Background Thread 3 ] DEBUG Engine               - is3D: false
02:31:01.136 [FXGL Background Thread 3 ] DEBUG Engine               - isAndroid: false
02:31:01.136 [FXGL Background Thread 3 ] DEBUG Engine               - isBrowser: false
02:31:01.136 [FXGL Background Thread 3 ] DEBUG Engine               - isClickFeedbackEnabled: false
02:31:01.136 [FXGL Background Thread 3 ] DEBUG Engine               - isCloseConfirmation: false
02:31:01.136 [FXGL Background Thread 3 ] DEBUG Engine               - isDesktop: true
02:31:01.136 [FXGL Background Thread 3 ] DEBUG Engine               - isDeveloperMenuEnabled: true
02:31:01.136 [FXGL Background Thread 3 ] DEBUG Engine               - isEmbedded: false
02:31:01.136 [FXGL Background Thread 3 ] DEBUG Engine               - isEntityPreloadEnabled: true
02:31:01.136 [FXGL Background Thread 3 ] DEBUG Engine               - isExperimentalTiledLargeMap: false
02:31:01.137 [FXGL Background Thread 3 ] DEBUG Engine               - isFileSystemWriteAllowed: true
02:31:01.137 [FXGL Background Thread 3 ] DEBUG Engine               - isFullScreenAllowed: true
02:31:01.137 [FXGL Background Thread 3 ] DEBUG Engine               - isFullScreenFromStart: false
02:31:01.137 [FXGL Background Thread 3 ] DEBUG Engine               - isGameMenuEnabled: true
02:31:01.137 [FXGL Background Thread 3 ] DEBUG Engine               - isIOS: false
02:31:01.137 [FXGL Background Thread 3 ] DEBUG Engine               - isIntroEnabled: false
02:31:01.137 [FXGL Background Thread 3 ] DEBUG Engine               - isLinux: false
02:31:01.137 [FXGL Background Thread 3 ] DEBUG Engine               - isMac: true
02:31:01.137 [FXGL Background Thread 3 ] DEBUG Engine               - isMainMenuEnabled: true
02:31:01.137 [FXGL Background Thread 3 ] DEBUG Engine               - isManualResizeEnabled: false
02:31:01.137 [FXGL Background Thread 3 ] DEBUG Engine               - isMobile: false
02:31:01.137 [FXGL Background Thread 3 ] DEBUG Engine               - isNative: false
02:31:01.137 [FXGL Background Thread 3 ] DEBUG Engine               - isPauseMusicWhenMinimized: true
02:31:01.137 [FXGL Background Thread 3 ] DEBUG Engine               - isPreserveResizeRatio: false
02:31:01.137 [FXGL Background Thread 3 ] DEBUG Engine               - isProfilingEnabled: false
02:31:01.137 [FXGL Background Thread 3 ] DEBUG Engine               - isScaleAffectedOnResize: true
02:31:01.137 [FXGL Background Thread 3 ] DEBUG Engine               - isSingleStep: false
02:31:01.137 [FXGL Background Thread 3 ] DEBUG Engine               - isUserProfileEnabled: false
02:31:01.137 [FXGL Background Thread 3 ] DEBUG Engine               - isWindows: false
02:31:01.137 [FXGL Background Thread 3 ] DEBUG Engine               - language: ObjectProperty [value: ENGLISH]
02:31:01.137 [FXGL Background Thread 3 ] DEBUG Engine               - menuKey: ESCAPE
02:31:01.137 [FXGL Background Thread 3 ] DEBUG Engine               - mouseSensitivity: 0.2
02:31:01.138 [FXGL Background Thread 3 ] DEBUG Engine               - notificationViewClass: class com.almasb.fxgl.notification.view.XboxNotificationView
02:31:01.138 [FXGL Background Thread 3 ] DEBUG Engine               - pixelsPerMeter: 50.0
02:31:01.138 [FXGL Background Thread 3 ] DEBUG Engine               - platform: MAC
02:31:01.138 [FXGL Background Thread 3 ] DEBUG Engine               - prefHeightProperty: ReadOnlyDoubleProperty [value: 800.0]
02:31:01.138 [FXGL Background Thread 3 ] DEBUG Engine               - prefWidthProperty: ReadOnlyDoubleProperty [value: 800.0]
02:31:01.138 [FXGL Background Thread 3 ] DEBUG Engine               - profileDir: profiles/
02:31:01.138 [FXGL Background Thread 3 ] DEBUG Engine               - profileName: StringProperty [value: DEFAULT]
02:31:01.138 [FXGL Background Thread 3 ] DEBUG Engine               - randomSeed: -1
02:31:01.139 [FXGL Background Thread 3 ] DEBUG Engine               - runtimeInfo: RuntimeInfo(platform=MAC, version=17, build=31.12.2021 18.16)
02:31:01.139 [FXGL Background Thread 3 ] DEBUG Engine               - saveFileExt: sav
02:31:01.139 [FXGL Background Thread 3 ] DEBUG Engine               - scaledHeightProp$fxgl: DoubleProperty [bound, value: 800.0]
02:31:01.139 [FXGL Background Thread 3 ] DEBUG Engine               - scaledWidthProp$fxgl: DoubleProperty [bound, value: 800.0]
02:31:01.139 [FXGL Background Thread 3 ] DEBUG Engine               - sceneFactory: com.almasb.fxgl.app.scene.SceneFactory@4f16eee8
02:31:01.139 [FXGL Background Thread 3 ] DEBUG Engine               - secondsIn24h: 60
02:31:01.139 [FXGL Background Thread 3 ] DEBUG Engine               - soundMenuBack: menu/back.wav
02:31:01.139 [FXGL Background Thread 3 ] DEBUG Engine               - soundMenuPress: menu/press.wav
02:31:01.139 [FXGL Background Thread 3 ] DEBUG Engine               - soundMenuSelect: menu/select.wav
02:31:01.139 [FXGL Background Thread 3 ] DEBUG Engine               - soundNotification: core/notification.wav
02:31:01.139 [FXGL Background Thread 3 ] DEBUG Engine               - stageStyle: DECORATED
02:31:01.139 [FXGL Background Thread 3 ] DEBUG Engine               - supportedLanguages: [ENGLISH, FRENCH, GERMAN, HUNGARIAN, RUSSIAN]
02:31:01.139 [FXGL Background Thread 3 ] DEBUG Engine               - ticksPerSecond: -1
02:31:01.139 [FXGL Background Thread 3 ] DEBUG Engine               - title: Zelda 2D Game
02:31:01.139 [FXGL Background Thread 3 ] DEBUG Engine               - urlGithub: https://github.com/AlmasB/FXGL
02:31:01.139 [FXGL Background Thread 3 ] DEBUG Engine               - urlLeaderboard: http://fxgl-top.herokuapp.com/
02:31:01.139 [FXGL Background Thread 3 ] DEBUG Engine               - urlPOM: https://raw.githubusercontent.com/AlmasB/FXGL/release/README.md
02:31:01.140 [FXGL Background Thread 3 ] DEBUG Engine               - userAppClass: class com.example.zeldapuzzle.MainGameApp
02:31:01.140 [FXGL Background Thread 3 ] DEBUG Engine               - version: 1
02:31:01.140 [FXGL Background Thread 3 ] DEBUG Engine               - versionCheckDays: 7
02:31:01.140 [FXGL Background Thread 3 ] DEBUG Engine               - width: 800
02:31:01.140 [FXGL Background Thread 3 ] DEBUG Engine               - Logging services
02:31:01.140 [FXGL Background Thread 3 ] DEBUG Engine               - class com.almasb.fxgl.app.services.FXGLAssetLoaderService
02:31:01.140 [FXGL Background Thread 3 ] DEBUG Engine               - class com.almasb.fxgl.app.FXGLApplication$GameApplicationService
02:31:01.140 [FXGL Background Thread 3 ] DEBUG Engine               - class com.almasb.fxgl.app.services.FXGLDialogService
02:31:01.140 [FXGL Background Thread 3 ] DEBUG Engine               - class com.almasb.fxgl.app.services.IOTaskExecutorService
02:31:01.140 [FXGL Background Thread 3 ] DEBUG Engine               - class com.almasb.fxgl.io.FileSystemService
02:31:01.140 [FXGL Background Thread 3 ] DEBUG Engine               - class com.almasb.fxgl.localization.LocalizationService
02:31:01.140 [FXGL Background Thread 3 ] DEBUG Engine               - class com.almasb.fxgl.app.services.SystemBundleService
02:31:01.140 [FXGL Background Thread 3 ] DEBUG Engine               - class com.almasb.fxgl.profile.SaveLoadService
02:31:01.140 [FXGL Background Thread 3 ] DEBUG Engine               - class com.almasb.fxgl.ui.FXGLUIFactoryServiceProvider
02:31:01.140 [FXGL Background Thread 3 ] DEBUG Engine               - class com.almasb.fxgl.ui.FXGLDialogFactoryServiceProvider
02:31:01.140 [FXGL Background Thread 3 ] DEBUG Engine               - class com.almasb.fxgl.audio.AudioPlayer
02:31:01.140 [FXGL Background Thread 3 ] DEBUG Engine               - class com.almasb.fxgl.notification.impl.NotificationServiceProvider
02:31:01.140 [FXGL Background Thread 3 ] DEBUG Engine               - class com.almasb.fxgl.achievement.AchievementService
02:31:01.140 [FXGL Background Thread 3 ] DEBUG Engine               - class com.almasb.fxgl.cutscene.CutsceneService
02:31:01.140 [FXGL Background Thread 3 ] DEBUG Engine               - class com.almasb.fxgl.minigames.MiniGameService
02:31:01.140 [FXGL Background Thread 3 ] DEBUG Engine               - class com.almasb.fxgl.net.NetService
02:31:01.140 [FXGL Background Thread 3 ] DEBUG Engine               - class com.almasb.fxgl.app.services.UpdaterService
02:31:01.140 [FXGL Background Thread 3 ] DEBUG Engine               - class com.almasb.fxgl.dev.DevService
02:31:08.140 [JavaFX Application Thread] WARN  TMXLevelLoader       - TiledMap generated from 1.10.2. Supported version: 1.2.3. Some features may not be parsed fully.
02:31:08.168 [JavaFX Application Thread] DEBUG TMXLevelLoader       - Parsed TiledMap: file:/Users/CHLaroche05/zelda/zeldaPuzzle/target/classes/assets/levels/leDongeon.tmx
02:31:08.168 [JavaFX Application Thread] DEBUG TMXLevelLoader       - Creating tile layer entities
02:31:08.168 [JavaFX Application Thread] DEBUG TilesetLoader        - Loading view for layer BG1
02:31:08.172 [JavaFX Application Thread] DEBUG TilesetLoader        - Created buffer with size 2400.0x800.0
02:31:08.189 [JavaFX Application Thread] DEBUG TilesetLoader        - Loading view for layer BG2
02:31:08.190 [JavaFX Application Thread] DEBUG TilesetLoader        - Created buffer with size 2400.0x800.0
02:31:08.199 [JavaFX Application Thread] DEBUG TilesetLoader        - Loading view for layer BG3
02:31:08.199 [JavaFX Application Thread] DEBUG TilesetLoader        - Created buffer with size 2400.0x800.0
02:31:08.210 [JavaFX Application Thread] DEBUG TilesetLoader        - Loading view for layer BG4a
02:31:08.211 [JavaFX Application Thread] DEBUG TilesetLoader        - Created buffer with size 2400.0x800.0
02:31:08.221 [JavaFX Application Thread] DEBUG TilesetLoader        - Loading view for layer BG4b
02:31:08.222 [JavaFX Application Thread] DEBUG TilesetLoader        - Created buffer with size 2400.0x800.0
02:31:08.232 [JavaFX Application Thread] DEBUG TilesetLoader        - Loading view for layer MainBuild3
02:31:08.233 [JavaFX Application Thread] DEBUG TilesetLoader        - Created buffer with size 2400.0x800.0
02:31:08.281 [JavaFX Application Thread] DEBUG TilesetLoader        - Loading view for layer MainBuild2
02:31:08.282 [JavaFX Application Thread] DEBUG TilesetLoader        - Created buffer with size 2400.0x800.0
02:31:08.283 [JavaFX Application Thread] DEBUG TilesetLoader        - Loading view for layer MainBuild
02:31:08.284 [JavaFX Application Thread] DEBUG TilesetLoader        - Created buffer with size 2400.0x800.0
02:31:08.288 [JavaFX Application Thread] DEBUG TMXLevelLoader       - Creating object layer entities
02:31:08.295 [JavaFX Application Thread] DEBUG GameWorld            - Clearing removable entities
02:31:08.301 [JavaFX Application Thread] DEBUG GameWorld            - Setting level: com.almasb.fxgl.entity.level.Level@46ca5707
02:31:08.309 [JavaFX Application Thread] WARN  GameWorld            - Entity is already attached to world
02:31:14.956 [JavaFX Application Thread] WARN  GameWorld            - Entity is already attached to world
02:31:16.916 [JavaFX Application Thread] WARN  GameWorld            - Entity is already attached to world
02:31:17.902 [JavaFX Application Thread] WARN  GameWorld            - Entity is already attached to world
02:31:21.415 [JavaFX Application Thread] WARN  GameWorld            - Entity is already attached to world
02:31:22.997 [JavaFX Application Thread] WARN  GameWorld            - Entity is already attached to world
02:31:24.347 [JavaFX Application Thread] WARN  GameWorld            - Entity is already attached to world
02:31:25.297 [JavaFX Application Thread] WARN  GameWorld            - Entity is already attached to world
02:31:26.114 [JavaFX Application Thread] WARN  GameWorld            - Entity is already attached to world
02:31:26.336 [JavaFX Application Thread] WARN  TMXLevelLoader       - TiledMap generated from 1.10.2. Supported version: 1.2.3. Some features may not be parsed fully.
02:31:26.348 [JavaFX Application Thread] DEBUG TMXLevelLoader       - Parsed TiledMap: file:/Users/CHLaroche05/zelda/zeldaPuzzle/target/classes/assets/levels/mapFinal.tmx
02:31:26.349 [JavaFX Application Thread] DEBUG TMXLevelLoader       - Creating tile layer entities
02:31:26.349 [JavaFX Application Thread] DEBUG TilesetLoader        - Loading view for layer background
02:31:26.360 [JavaFX Application Thread] DEBUG TilesetLoader        - Created buffer with size 4800.0x4800.0
02:31:26.467 [JavaFX Application Thread] DEBUG TilesetLoader        - Loading view for layer devant
02:31:26.473 [JavaFX Application Thread] DEBUG TilesetLoader        - Created buffer with size 4800.0x4800.0
02:31:26.498 [JavaFX Application Thread] DEBUG TilesetLoader        - Loading view for layer devant1
02:31:26.502 [JavaFX Application Thread] DEBUG TilesetLoader        - Created buffer with size 4800.0x4800.0
02:31:26.512 [JavaFX Application Thread] DEBUG TMXLevelLoader       - Creating object layer entities
02:31:26.523 [JavaFX Application Thread] DEBUG GameWorld            - Clearing removable entities
02:31:26.525 [JavaFX Application Thread] DEBUG GameWorld            - Setting level: com.almasb.fxgl.entity.level.Level@1acbaea8
02:31:26.532 [JavaFX Application Thread] WARN  GameWorld            - Entity is already attached to world
02:31:26.533 [JavaFX Application Thread] WARN  GameWorld            - Entity is already attached to world
02:31:39.055 [JavaFX Application Thread] WARN  GameWorld            - Entity is already attached to world
02:31:43.351 [JavaFX Application Thread] WARN  GameWorld            - Entity is already attached to world
02:32:09.084 [JavaFX Application Thread] WARN  TMXLevelLoader       - TiledMap generated from 1.10.2. Supported version: 1.2.3. Some features may not be parsed fully.
02:32:09.086 [JavaFX Application Thread] DEBUG TMXLevelLoader       - Parsed TiledMap: file:/Users/CHLaroche05/zelda/zeldaPuzzle/target/classes/assets/levels/interieurMaisonPlayer1.tmx
02:32:09.086 [JavaFX Application Thread] DEBUG TMXLevelLoader       - Creating tile layer entities
02:32:09.086 [JavaFX Application Thread] DEBUG TilesetLoader        - Loading view for layer background
02:32:09.087 [JavaFX Application Thread] DEBUG TilesetLoader        - Created buffer with size 1440.0x960.0
02:32:09.090 [JavaFX Application Thread] DEBUG TilesetLoader        - Loading view for layer devant
02:32:09.090 [JavaFX Application Thread] DEBUG TilesetLoader        - Created buffer with size 1440.0x960.0
02:32:09.091 [JavaFX Application Thread] DEBUG TilesetLoader        - Loading view for layer devant1
02:32:09.092 [JavaFX Application Thread] DEBUG TilesetLoader        - Created buffer with size 1440.0x960.0
02:32:09.092 [JavaFX Application Thread] DEBUG TMXLevelLoader       - Creating object layer entities
02:32:09.096 [JavaFX Application Thread] DEBUG GameWorld            - Clearing removable entities
02:32:09.100 [JavaFX Application Thread] DEBUG GameWorld            - Setting level: com.almasb.fxgl.entity.level.Level@5d12295a
02:32:09.107 [JavaFX Application Thread] WARN  GameWorld            - Entity is already attached to world
02:32:10.301 [JavaFX Application Thread] WARN  TMXLevelLoader       - TiledMap generated from 1.10.2. Supported version: 1.2.3. Some features may not be parsed fully.
02:32:10.318 [JavaFX Application Thread] DEBUG TMXLevelLoader       - Parsed TiledMap: file:/Users/CHLaroche05/zelda/zeldaPuzzle/target/classes/assets/levels/mapFinal.tmx
02:32:10.318 [JavaFX Application Thread] DEBUG TMXLevelLoader       - Creating tile layer entities
02:32:10.318 [JavaFX Application Thread] DEBUG TilesetLoader        - Loading view for layer background
02:32:10.331 [JavaFX Application Thread] DEBUG TilesetLoader        - Created buffer with size 4800.0x4800.0
02:32:10.431 [JavaFX Application Thread] DEBUG TilesetLoader        - Loading view for layer devant
02:32:10.435 [JavaFX Application Thread] DEBUG TilesetLoader        - Created buffer with size 4800.0x4800.0
02:32:10.456 [JavaFX Application Thread] DEBUG TilesetLoader        - Loading view for layer devant1
02:32:10.458 [JavaFX Application Thread] DEBUG TilesetLoader        - Created buffer with size 4800.0x4800.0
02:32:10.467 [JavaFX Application Thread] DEBUG TMXLevelLoader       - Creating object layer entities
02:32:10.474 [JavaFX Application Thread] DEBUG GameWorld            - Clearing removable entities
02:32:10.475 [JavaFX Application Thread] DEBUG GameWorld            - Setting level: com.almasb.fxgl.entity.level.Level@370008fa
02:32:10.480 [JavaFX Application Thread] WARN  GameWorld            - Entity is already attached to world
02:32:10.481 [JavaFX Application Thread] WARN  GameWorld            - Entity is already attached to world
02:32:15.548 [JavaFX Application Thread] WARN  GameWorld            - Entity is already attached to world
02:32:16.881 [JavaFX Application Thread] WARN  GameWorld            - Entity is already attached to world
02:32:20.415 [JavaFX Application Thread] WARN  GameWorld            - Entity is already attached to world
02:32:21.664 [JavaFX Application Thread] WARN  GameWorld            - Entity is already attached to world
02:32:26.079 [JavaFX Application Thread] DEBUG FXGLApplication      - Exiting FXGL
02:32:26.079 [JavaFX Application Thread] DEBUG LoopRunner           - Stopping loop
02:32:26.079 [JavaFX Application Thread] DEBUG SystemBundleService  - Saving FXGL system data
02:32:26.082 [JavaFX Application Thread] DEBUG FileSystemAccess     - Writing to: /Users/CHLaroche05/zelda/zeldaPuzzle/system/fxgl.bundle
02:32:26.084 [JavaFX Application Thread] DEBUG Async                - Shutting down background threads
02:32:26.084 [JavaFX Application Thread] DEBUG PrimaryStageWindow   - Closing main window
02:32:26.091 [JavaFX Application Thread] DEBUG Logger               - Closing Logger
