16:36:03.662 [main                     ] DEBUG Logger               - Configured Logger
16:36:03.675 [main                     ] DEBUG GameApplication      - Logging settings
Title: Zelda 2D Game par ماستن
Version: 1
Width: 800
Height: 800
Fullscreen: true
Intro: false
Profiling: false
Single step:false
App Mode: DEVELOPER
Menu Key: ESCAPE
Stage Style: DECORATED
Scene Factory: class com.almasb.fxgl.app.scene.SceneFactory

16:36:03.805 [JavaFX Application Thread] DEBUG FXGLApplication      - Initializing FXGL
16:36:03.809 [JavaFX Application Thread] INFO  Engine               - FXGL-17 (31.12.2021 18.16) on WINDOWS (J:19.0.2 FX:19)
16:36:03.809 [JavaFX Application Thread] DEBUG Engine               - JRE Vendor Name: Amazon.com Inc.
16:36:03.809 [JavaFX Application Thread] DEBUG Engine               - Running on OS: Windows 10 version 10.0
16:36:03.809 [JavaFX Application Thread] DEBUG Engine               - Architecture: amd64
16:36:03.810 [JavaFX Application Thread] INFO  Engine               - Source code and latest versions at: https://github.com/AlmasB/FXGL
16:36:03.810 [JavaFX Application Thread] INFO  Engine               -       Ask questions and discuss at: https://github.com/AlmasB/FXGL/discussions
16:36:03.810 [JavaFX Application Thread] INFO  Engine               -              Join the FXGL chat at: https://gitter.im/AlmasB/FXGL
16:36:03.872 [JavaFX Application Thread] DEBUG PrimaryStageWindow   - Creating a JavaFX scene
16:36:03.914 [JavaFX Application Thread] DEBUG PrimaryStageWindow   - Target settings size: 800.0 x 800.0
16:36:03.914 [JavaFX Application Thread] DEBUG PrimaryStageWindow   - Scaled scene size:    800.0 x 800.0
16:36:03.914 [JavaFX Application Thread] DEBUG PrimaryStageWindow   - Scaled ratio: (1.0, 1.0)
16:36:03.915 [JavaFX Application Thread] DEBUG PrimaryStageWindow   - Set initial scene to FXGLStartupScene
16:36:03.919 [JavaFX Application Thread] DEBUG PrimaryStageWindow   - Opening main window
16:36:04.011 [JavaFX Application Thread] DEBUG PrimaryStageWindow   - Window border size: (16.0, 39.0)
16:36:04.011 [JavaFX Application Thread] DEBUG PrimaryStageWindow   - Scaled size: 800.0 x 800.0
16:36:04.012 [JavaFX Application Thread] DEBUG PrimaryStageWindow   - Scaled ratio: (1.0, 1.0)
16:36:04.012 [JavaFX Application Thread] DEBUG PrimaryStageWindow   - Scene size: 800.0 x 800.0
16:36:04.012 [JavaFX Application Thread] DEBUG PrimaryStageWindow   - Stage size: 816.0 x 839.0
16:36:04.019 [FXGL Background Thread 1 ] DEBUG Engine               - Initializing environment variables
16:36:04.063 [FXGL Background Thread 1 ] DEBUG FXGLAssetLoaderServi - User app class for loading assets: class com.example.zeldapuzzle.MainGameApp
16:36:04.063 [FXGL Background Thread 1 ] DEBUG GameApplicationServi - Applying CSS: fxgl_dark.css
16:36:04.064 [FXGL Background Thread 1 ] DEBUG FXGLAssetLoaderServi - Loading from file system: jar:file:///C:/Users/mbour/.m2/repository/com/github/almasb/fxgl/17/fxgl-17.jar!/fxglassets/ui/css/fxgl_dark.css
16:36:04.102 [FXGL Background Thread 1 ] DEBUG GameApplicationServi - Initializing application scenes
16:36:04.142 [FXGL Background Thread 1 ] DEBUG GameWorld            - Game world initialized
16:36:04.199 [FXGL Background Thread 1 ] DEBUG PhysicsWorld         - Physics world initialized: appHeight=800, physics.ppm=50,0
16:36:04.199 [FXGL Background Thread 1 ] DEBUG PhysicsWorld         - Using strategy: BRUTE_FORCE
16:36:04.203 [FXGL Background Thread 1 ] DEBUG GameScene            - Game scene initialized: 800x800
16:36:04.215 [FXGL Background Thread 1 ] DEBUG FXGL.DefaultMenu     - createMenuBodyMainMenu()
16:36:04.227 [FXGL Background Thread 1 ] DEBUG FXGL.DefaultMenu     - createOptionsMenu()
16:36:04.233 [FXGL Background Thread 1 ] DEBUG FXGLAssetLoaderServi - Loading from file system: jar:file:///C:/Users/mbour/.m2/repository/com/github/almasb/fxgl/17/fxgl-17.jar!/fxglassets/textures/particles/smoke.png
16:36:04.301 [FXGL Background Thread 1 ] DEBUG FXGLAssetLoaderServi - Loading from file system: jar:file:///C:/Users/mbour/.m2/repository/com/github/almasb/fxgl/17/fxgl-17.jar!/fxglassets/textures/particles/trace_horizontal.png
16:36:04.319 [FXGL Background Thread 1 ] DEBUG FXGL.DefaultMenu     - createMenuBodyGameMenu()
16:36:04.321 [FXGL Background Thread 1 ] DEBUG FXGL.DefaultMenu     - createOptionsMenu()
16:36:04.336 [FXGL Background Thread 1 ] DEBUG GameApplicationServi - Application scenes initialized
16:36:04.346 [FXGL Background Thread 1 ] DEBUG SystemBundleService  - Loading FXGL system data
16:36:04.350 [FXGL Background Thread 1 ] DEBUG FileSystemAccess     - Reading from: C:\Users\mbour\OneDrive\Bureau\Zelda TOTK WINRAR\zeldaPuzzle\system\fxgl.bundle
16:36:04.358 [FXGL Background Thread 1 ] DEBUG SystemBundleService  - Bundle FXGL: {}
16:36:04.358 [FXGL Background Thread 1 ] DEBUG UpdaterService       - Checking for updates
16:36:04.376 [FXGL Background Thread 4 ] DEBUG FXGLApplication      - Loading fonts
16:36:04.377 [FXGL Background Thread 1 ] DEBUG FXGLApplication      - Loading default localization
16:36:04.377 [FXGL Background Thread 4 ] DEBUG FXGLAssetLoaderServi - Loading from file system: jar:file:///C:/Users/mbour/.m2/repository/com/github/almasb/fxgl/17/fxgl-17.jar!/fxglassets/ui/fonts/VarelaRound-Regular.ttf
16:36:04.378 [FXGL Background Thread 1 ] DEBUG FXGLAssetLoaderServi - Loading from file system: jar:file:///C:/Users/mbour/.m2/repository/com/github/almasb/fxgl/17/fxgl-17.jar!/fxglassets/languages/english.lang
16:36:04.397 [FXGL Background Thread 1 ] INFO  FXGLApplication      - FXGL initialization took: 0,377 sec
16:36:04.405 [JavaFX Application Thread] DEBUG Input                - Registered new binding: inventaire - Tab
16:36:04.405 [JavaFX Application Thread] DEBUG Input                - Registered new binding: getPosition - P
16:36:04.406 [JavaFX Application Thread] DEBUG Input                - Registered new binding: zoom+ - Up
16:36:04.406 [JavaFX Application Thread] DEBUG Input                - Registered new binding: zoom- - Down
16:36:04.406 [JavaFX Application Thread] DEBUG Input                - Registered new binding: resetZoom - 0
16:36:04.406 [JavaFX Application Thread] DEBUG Input                - Registered new binding: Move right - D
16:36:04.406 [JavaFX Application Thread] DEBUG Input                - Registered new binding: Move left - A
16:36:04.406 [JavaFX Application Thread] DEBUG Input                - Registered new binding: Move Up - W
16:36:04.407 [JavaFX Application Thread] DEBUG Input                - Registered new binding: Move Down - S
16:36:04.407 [JavaFX Application Thread] DEBUG FXGLAssetLoaderServi - Loading from file system: jar:file:///C:/Users/mbour/.m2/repository/com/github/almasb/fxgl/17/fxgl-17.jar!/fxglassets/textures/fxgl_icon.png
16:36:04.418 [JavaFX Application Thread] DEBUG FXGLAssetLoaderServi - Loading from file system: jar:file:///C:/Users/mbour/.m2/repository/com/github/almasb/fxgl/17/fxgl-17.jar!/fxglassets/textures/fxgl_default_cursor.png
16:36:04.420 [JavaFX Application Thread] DEBUG Input                - Registered new binding: Screenshot - CTRL+8
16:36:04.420 [JavaFX Application Thread] DEBUG Input                - Registered new binding: Dev Options - 1
16:36:04.421 [JavaFX Application Thread] DEBUG Input                - Registered new binding: Dev Console - 2
16:36:04.421 [JavaFX Application Thread] DEBUG Input                - Registered new binding: System info dump - CTRL+9
16:36:04.422 [JavaFX Application Thread] DEBUG Input                - Registered new binding: Restart - CTRL+R
16:36:04.422 [JavaFX Application Thread] DEBUG Input                - Registered new binding: Toggle Debug Camera - CTRL+7
16:36:04.425 [JavaFX Application Thread] DEBUG LoopRunner           - Starting loop
16:36:04.437 [JavaFX Application Thread] DEBUG LoopRunner           - Initializing JavaFX AnimationTimerLoop
16:36:04.439 [JavaFX Application Thread] DEBUG Input                - Clearing active input actions
16:36:04.448 [JavaFX Application Thread] DEBUG GameApplicationServi - Removing overlay from FXGLStartupScene and adding to FXGLMainMenuDummyScene
16:36:04.461 [JavaFX Application Thread] DEBUG PrimaryStageWindow   - FXGLStartupScene -> FXGLMainMenuDummyScene
16:36:04.462 [JavaFX Application Thread] DEBUG PrimaryStageWindow   - Push state: FXGLDefaultMenu
16:36:04.465 [JavaFX Application Thread] DEBUG Input                - Clearing active input actions
16:36:04.473 [JavaFX Application Thread] DEBUG GameApplicationServi - Removing overlay from FXGLMainMenuDummyScene and adding to FXGLDefaultMenu
16:36:04.474 [JavaFX Application Thread] DEBUG PrimaryStageWindow   - FXGLMainMenuDummyScene -> FXGLDefaultMenu
16:36:04.491 [FXGL Background Thread 4 ] DEBUG FXGLAssetLoaderServi - Loading from file system: jar:file:///C:/Users/mbour/.m2/repository/com/github/almasb/fxgl/17/fxgl-17.jar!/fxglassets/ui/fonts/Abel-Regular.ttf
16:36:04.503 [FXGL Background Thread 4 ] DEBUG FXGLAssetLoaderServi - Loading from file system: jar:file:///C:/Users/mbour/.m2/repository/com/github/almasb/fxgl/17/fxgl-17.jar!/fxglassets/ui/fonts/TerminalLandMono-Regular.otf
16:36:04.513 [FXGL Background Thread 4 ] DEBUG FXGLAssetLoaderServi - Loading from file system: jar:file:///C:/Users/mbour/.m2/repository/com/github/almasb/fxgl/17/fxgl-17.jar!/fxglassets/ui/fonts/Courier-Prime.ttf
16:36:04.706 [JavaFX Application Thread] DEBUG FXGLApplication      - Registering font factories with UI factory
16:36:04.821 [FXGL Background Thread 2 ] INFO  UpdaterService       - Your current version:  17
16:36:04.821 [FXGL Background Thread 2 ] INFO  UpdaterService       - Latest stable version: 21.1
16:36:05.332 [JavaFX Application Thread] DEBUG Menu                 - fireNewGame()
16:36:05.332 [JavaFX Application Thread] DEBUG GameApplicationServi - Starting new game
16:36:05.334 [JavaFX Application Thread] DEBUG PrimaryStageWindow   - Pop state: FXGLDefaultMenu
16:36:05.334 [JavaFX Application Thread] DEBUG Input                - Clearing active input actions
16:36:05.336 [JavaFX Application Thread] DEBUG GameApplicationServi - Removing overlay from FXGLDefaultMenu and adding to FXGLMainMenuDummyScene
16:36:05.337 [JavaFX Application Thread] DEBUG PrimaryStageWindow   - FXGLMainMenuDummyScene <- FXGLDefaultMenu
16:36:05.338 [JavaFX Application Thread] DEBUG Input                - Clearing active input actions
16:36:05.344 [JavaFX Application Thread] DEBUG GameApplicationServi - Removing overlay from FXGLMainMenuDummyScene and adding to FXGLLoadingScene
16:36:05.345 [JavaFX Application Thread] DEBUG PrimaryStageWindow   - FXGLMainMenuDummyScene -> FXGLLoadingScene
16:36:05.345 [JavaFX Application Thread] DEBUG GameApplicationServi - Clearing previous game
16:36:05.345 [JavaFX Application Thread] DEBUG GameScene            - Clearing game scene
16:36:05.346 [JavaFX Application Thread] DEBUG GameWorld            - Clearing game world
16:36:05.346 [JavaFX Application Thread] DEBUG PhysicsWorld         - Clearing physics world
16:36:05.348 [FXGL Background Thread 2 ] DEBUG FXGLApplication      - Initializing game
16:36:05.410 [FXGL Background Thread 2 ] WARN  TMXLevelLoader       - TiledMap generated from 1.10.2. Supported version: 1.2.3. Some features may not be parsed fully.
16:36:05.417 [FXGL Background Thread 2 ] DEBUG TMXLevelLoader       - Parsed TiledMap: file:/C:/Users/mbour/OneDrive/Bureau/Zelda%20TOTK%20WINRAR/zeldaPuzzle/target/classes/assets/levels/StartingMap.tmx
16:36:05.418 [FXGL Background Thread 2 ] DEBUG TMXLevelLoader       - Creating tile layer entities
16:36:05.420 [FXGL Background Thread 2 ] DEBUG TilesetLoader        - Loading view for layer Calque de Tuiles 1
16:36:05.422 [FXGL Background Thread 2 ] DEBUG TilesetLoader        - Created buffer with size 960.0x960.0
16:36:05.438 [FXGL Background Thread 2 ] DEBUG TilesetLoader        - Loading view for layer Calque de Tuiles 2
16:36:05.439 [FXGL Background Thread 2 ] DEBUG TilesetLoader        - Created buffer with size 960.0x960.0
16:36:05.447 [FXGL Background Thread 2 ] DEBUG TMXLevelLoader       - Creating object layer entities
16:36:05.448 [FXGL Background Thread 2 ] DEBUG GameWorld            - Clearing removable entities
16:36:05.449 [FXGL Background Thread 2 ] DEBUG GameWorld            - Setting level: com.almasb.fxgl.entity.level.Level@d67c916
16:36:05.470 [FXGL Background Thread 2 ] WARN  GameWorld            - Entity is already attached to world
16:36:05.530 [FXGL Background Thread 2 ] WARN  GameWorld            - Entity is already attached to world
16:36:05.535 [FXGL Background Thread 2 ] INFO  FXGLApplication      - Game initialization took: 0,187 sec
16:36:05.536 [JavaFX Application Thread] DEBUG Input                - Clearing active input actions
16:36:05.541 [JavaFX Application Thread] DEBUG GameApplicationServi - Removing overlay from FXGLLoadingScene and adding to GameScene
16:36:05.543 [JavaFX Application Thread] DEBUG PrimaryStageWindow   - FXGLLoadingScene -> GameScene
16:36:07.375 [FXGL Background Thread 3 ] DEBUG Engine               - Logging environment variables
16:36:07.375 [FXGL Background Thread 3 ] DEBUG Engine               - achievements: []
16:36:07.375 [FXGL Background Thread 3 ] DEBUG Engine               - actualHeight: 800.0
16:36:07.375 [FXGL Background Thread 3 ] DEBUG Engine               - actualHeightProperty: ReadOnlyDoubleProperty [value: 800.0]
16:36:07.375 [FXGL Background Thread 3 ] DEBUG Engine               - actualWidth: 800.0
16:36:07.375 [FXGL Background Thread 3 ] DEBUG Engine               - actualWidthProperty: ReadOnlyDoubleProperty [value: 800.0]
16:36:07.375 [FXGL Background Thread 3 ] DEBUG Engine               - appIcon: fxgl_icon.png
16:36:07.375 [FXGL Background Thread 3 ] DEBUG Engine               - applicationMode: DEVELOPER
16:36:07.376 [FXGL Background Thread 3 ] DEBUG Engine               - cSSList: [fxgl_dark.css]
16:36:07.376 [FXGL Background Thread 3 ] DEBUG Engine               - collisionDetectionStrategy: BRUTE_FORCE
16:36:07.376 [FXGL Background Thread 3 ] DEBUG Engine               - configClass: Optional.empty
16:36:07.376 [FXGL Background Thread 3 ] DEBUG Engine               - credits: []
16:36:07.376 [FXGL Background Thread 3 ] DEBUG Engine               - defaultCursor: CursorInfo(imageName=fxgl_default_cursor.png, hotspotX=7.0, hotspotY=6.0)
16:36:07.376 [FXGL Background Thread 3 ] DEBUG Engine               - devBBoxColorProperty: ObjectProperty [value: 0xff0000ff]
16:36:07.376 [FXGL Background Thread 3 ] DEBUG Engine               - devEnableDebugCameraProperty: BooleanProperty [value: false]
16:36:07.376 [FXGL Background Thread 3 ] DEBUG Engine               - devSensorColorProperty: ObjectProperty [value: 0xffff00ff]
16:36:07.376 [FXGL Background Thread 3 ] DEBUG Engine               - devShowBBoxProperty: BooleanProperty [value: false]
16:36:07.376 [FXGL Background Thread 3 ] DEBUG Engine               - devShowPositionProperty: BooleanProperty [value: false]
16:36:07.377 [FXGL Background Thread 3 ] DEBUG Engine               - enabledMenuItems: []
16:36:07.377 [FXGL Background Thread 3 ] DEBUG Engine               - engineServices: [class com.almasb.fxgl.app.services.FXGLAssetLoaderService, class com.almasb.fxgl.app.FXGLApplication$GameApplicationService, class com.almasb.fxgl.app.services.FXGLDialogService, class com.almasb.fxgl.app.services.IOTaskExecutorService, class com.almasb.fxgl.io.FileSystemService, class com.almasb.fxgl.localization.LocalizationService, class com.almasb.fxgl.app.services.SystemBundleService, class com.almasb.fxgl.profile.SaveLoadService, class com.almasb.fxgl.ui.FXGLUIFactoryServiceProvider, class com.almasb.fxgl.ui.FXGLDialogFactoryServiceProvider, class com.almasb.fxgl.audio.AudioPlayer, class com.almasb.fxgl.notification.impl.NotificationServiceProvider, class com.almasb.fxgl.achievement.AchievementService, class com.almasb.fxgl.cutscene.CutsceneService, class com.almasb.fxgl.minigames.MiniGameService, class com.almasb.fxgl.net.NetService, class com.almasb.fxgl.app.services.UpdaterService, class com.almasb.fxgl.dev.DevService]
16:36:07.377 [FXGL Background Thread 3 ] DEBUG Engine               - fontGame: Abel-Regular.ttf
16:36:07.377 [FXGL Background Thread 3 ] DEBUG Engine               - fontMono: TerminalLandMono-Regular.otf
16:36:07.377 [FXGL Background Thread 3 ] DEBUG Engine               - fontText: Courier-Prime.ttf
16:36:07.377 [FXGL Background Thread 3 ] DEBUG Engine               - fontUI: VarelaRound-Regular.ttf
16:36:07.377 [FXGL Background Thread 3 ] DEBUG Engine               - fullScreen: BooleanProperty [value: false]
16:36:07.377 [FXGL Background Thread 3 ] DEBUG Engine               - gameDifficulty: MEDIUM
16:36:07.377 [FXGL Background Thread 3 ] DEBUG Engine               - gameDifficultyProperty: ObjectProperty [value: MEDIUM]
16:36:07.377 [FXGL Background Thread 3 ] DEBUG Engine               - globalMusicVolume: 0.5
16:36:07.377 [FXGL Background Thread 3 ] DEBUG Engine               - globalMusicVolumeProperty: DoubleProperty [value: 0.5]
16:36:07.377 [FXGL Background Thread 3 ] DEBUG Engine               - globalSoundVolume: 0.5
16:36:07.377 [FXGL Background Thread 3 ] DEBUG Engine               - globalSoundVolumeProperty: DoubleProperty [value: 0.5]
16:36:07.377 [FXGL Background Thread 3 ] DEBUG Engine               - height: 800
16:36:07.377 [FXGL Background Thread 3 ] DEBUG Engine               - is3D: false
16:36:07.377 [FXGL Background Thread 3 ] DEBUG Engine               - isAndroid: false
16:36:07.377 [FXGL Background Thread 3 ] DEBUG Engine               - isBrowser: false
16:36:07.377 [FXGL Background Thread 3 ] DEBUG Engine               - isClickFeedbackEnabled: false
16:36:07.377 [FXGL Background Thread 3 ] DEBUG Engine               - isCloseConfirmation: false
16:36:07.378 [FXGL Background Thread 3 ] DEBUG Engine               - isDesktop: true
16:36:07.378 [FXGL Background Thread 3 ] DEBUG Engine               - isDeveloperMenuEnabled: true
16:36:07.378 [FXGL Background Thread 3 ] DEBUG Engine               - isEmbedded: false
16:36:07.378 [FXGL Background Thread 3 ] DEBUG Engine               - isEntityPreloadEnabled: true
16:36:07.378 [FXGL Background Thread 3 ] DEBUG Engine               - isExperimentalTiledLargeMap: false
16:36:07.378 [FXGL Background Thread 3 ] DEBUG Engine               - isFileSystemWriteAllowed: true
16:36:07.378 [FXGL Background Thread 3 ] DEBUG Engine               - isFullScreenAllowed: true
16:36:07.378 [FXGL Background Thread 3 ] DEBUG Engine               - isFullScreenFromStart: false
16:36:07.378 [FXGL Background Thread 3 ] DEBUG Engine               - isGameMenuEnabled: true
16:36:07.378 [FXGL Background Thread 3 ] DEBUG Engine               - isIOS: false
16:36:07.378 [FXGL Background Thread 3 ] DEBUG Engine               - isIntroEnabled: false
16:36:07.378 [FXGL Background Thread 3 ] DEBUG Engine               - isLinux: false
16:36:07.378 [FXGL Background Thread 3 ] DEBUG Engine               - isMac: false
16:36:07.378 [FXGL Background Thread 3 ] DEBUG Engine               - isMainMenuEnabled: true
16:36:07.378 [FXGL Background Thread 3 ] DEBUG Engine               - isManualResizeEnabled: false
16:36:07.378 [FXGL Background Thread 3 ] DEBUG Engine               - isMobile: false
16:36:07.378 [FXGL Background Thread 3 ] DEBUG Engine               - isNative: false
16:36:07.378 [FXGL Background Thread 3 ] DEBUG Engine               - isPauseMusicWhenMinimized: true
16:36:07.378 [FXGL Background Thread 3 ] DEBUG Engine               - isPreserveResizeRatio: false
16:36:07.378 [FXGL Background Thread 3 ] DEBUG Engine               - isProfilingEnabled: false
16:36:07.378 [FXGL Background Thread 3 ] DEBUG Engine               - isScaleAffectedOnResize: true
16:36:07.378 [FXGL Background Thread 3 ] DEBUG Engine               - isSingleStep: false
16:36:07.378 [FXGL Background Thread 3 ] DEBUG Engine               - isUserProfileEnabled: false
16:36:07.379 [FXGL Background Thread 3 ] DEBUG Engine               - isWindows: true
16:36:07.379 [FXGL Background Thread 3 ] DEBUG Engine               - language: ObjectProperty [value: ENGLISH]
16:36:07.379 [FXGL Background Thread 3 ] DEBUG Engine               - menuKey: ESCAPE
16:36:07.379 [FXGL Background Thread 3 ] DEBUG Engine               - mouseSensitivity: 0.2
16:36:07.379 [FXGL Background Thread 3 ] DEBUG Engine               - notificationViewClass: class com.almasb.fxgl.notification.view.XboxNotificationView
16:36:07.379 [FXGL Background Thread 3 ] DEBUG Engine               - pixelsPerMeter: 50.0
16:36:07.379 [FXGL Background Thread 3 ] DEBUG Engine               - platform: WINDOWS
16:36:07.379 [FXGL Background Thread 3 ] DEBUG Engine               - prefHeightProperty: ReadOnlyDoubleProperty [value: 800.0]
16:36:07.379 [FXGL Background Thread 3 ] DEBUG Engine               - prefWidthProperty: ReadOnlyDoubleProperty [value: 800.0]
16:36:07.379 [FXGL Background Thread 3 ] DEBUG Engine               - profileDir: profiles/
16:36:07.379 [FXGL Background Thread 3 ] DEBUG Engine               - profileName: StringProperty [value: DEFAULT]
16:36:07.379 [FXGL Background Thread 3 ] DEBUG Engine               - randomSeed: -1
16:36:07.379 [FXGL Background Thread 3 ] DEBUG Engine               - runtimeInfo: RuntimeInfo(platform=WINDOWS, version=17, build=31.12.2021 18.16)
16:36:07.379 [FXGL Background Thread 3 ] DEBUG Engine               - saveFileExt: sav
16:36:07.379 [FXGL Background Thread 3 ] DEBUG Engine               - scaledHeightProp$fxgl: DoubleProperty [bound, value: 800.0]
16:36:07.379 [FXGL Background Thread 3 ] DEBUG Engine               - scaledWidthProp$fxgl: DoubleProperty [bound, value: 800.0]
16:36:07.379 [FXGL Background Thread 3 ] DEBUG Engine               - sceneFactory: com.almasb.fxgl.app.scene.SceneFactory@34c4b289
16:36:07.379 [FXGL Background Thread 3 ] DEBUG Engine               - secondsIn24h: 60
16:36:07.380 [FXGL Background Thread 3 ] DEBUG Engine               - soundMenuBack: menu/back.wav
16:36:07.380 [FXGL Background Thread 3 ] DEBUG Engine               - soundMenuPress: menu/press.wav
16:36:07.380 [FXGL Background Thread 3 ] DEBUG Engine               - soundMenuSelect: menu/select.wav
16:36:07.380 [FXGL Background Thread 3 ] DEBUG Engine               - soundNotification: core/notification.wav
16:36:07.380 [FXGL Background Thread 3 ] DEBUG Engine               - stageStyle: DECORATED
16:36:07.380 [FXGL Background Thread 3 ] DEBUG Engine               - supportedLanguages: [ENGLISH, FRENCH, GERMAN, HUNGARIAN, RUSSIAN]
16:36:07.380 [FXGL Background Thread 3 ] DEBUG Engine               - ticksPerSecond: -1
16:36:07.380 [FXGL Background Thread 3 ] DEBUG Engine               - title: Zelda 2D Game par ماستن
16:36:07.380 [FXGL Background Thread 3 ] DEBUG Engine               - urlGithub: https://github.com/AlmasB/FXGL
16:36:07.380 [FXGL Background Thread 3 ] DEBUG Engine               - urlLeaderboard: http://fxgl-top.herokuapp.com/
16:36:07.380 [FXGL Background Thread 3 ] DEBUG Engine               - urlPOM: https://raw.githubusercontent.com/AlmasB/FXGL/release/README.md
16:36:07.380 [FXGL Background Thread 3 ] DEBUG Engine               - userAppClass: class com.example.zeldapuzzle.MainGameApp
16:36:07.380 [FXGL Background Thread 3 ] DEBUG Engine               - version: 1
16:36:07.380 [FXGL Background Thread 3 ] DEBUG Engine               - versionCheckDays: 7
16:36:07.380 [FXGL Background Thread 3 ] DEBUG Engine               - width: 800
16:36:07.380 [FXGL Background Thread 3 ] DEBUG Engine               - Logging services
16:36:07.380 [FXGL Background Thread 3 ] DEBUG Engine               - class com.almasb.fxgl.app.services.FXGLAssetLoaderService
16:36:07.380 [FXGL Background Thread 3 ] DEBUG Engine               - class com.almasb.fxgl.app.FXGLApplication$GameApplicationService
16:36:07.380 [FXGL Background Thread 3 ] DEBUG Engine               - class com.almasb.fxgl.app.services.FXGLDialogService
16:36:07.380 [FXGL Background Thread 3 ] DEBUG Engine               - class com.almasb.fxgl.app.services.IOTaskExecutorService
16:36:07.380 [FXGL Background Thread 3 ] DEBUG Engine               - class com.almasb.fxgl.io.FileSystemService
16:36:07.380 [FXGL Background Thread 3 ] DEBUG Engine               - class com.almasb.fxgl.localization.LocalizationService
16:36:07.380 [FXGL Background Thread 3 ] DEBUG Engine               - class com.almasb.fxgl.app.services.SystemBundleService
16:36:07.380 [FXGL Background Thread 3 ] DEBUG Engine               - class com.almasb.fxgl.profile.SaveLoadService
16:36:07.380 [FXGL Background Thread 3 ] DEBUG Engine               - class com.almasb.fxgl.ui.FXGLUIFactoryServiceProvider
16:36:07.380 [FXGL Background Thread 3 ] DEBUG Engine               - class com.almasb.fxgl.ui.FXGLDialogFactoryServiceProvider
16:36:07.381 [FXGL Background Thread 3 ] DEBUG Engine               - class com.almasb.fxgl.audio.AudioPlayer
16:36:07.381 [FXGL Background Thread 3 ] DEBUG Engine               - class com.almasb.fxgl.notification.impl.NotificationServiceProvider
16:36:07.381 [FXGL Background Thread 3 ] DEBUG Engine               - class com.almasb.fxgl.achievement.AchievementService
16:36:07.381 [FXGL Background Thread 3 ] DEBUG Engine               - class com.almasb.fxgl.cutscene.CutsceneService
16:36:07.381 [FXGL Background Thread 3 ] DEBUG Engine               - class com.almasb.fxgl.minigames.MiniGameService
16:36:07.381 [FXGL Background Thread 3 ] DEBUG Engine               - class com.almasb.fxgl.net.NetService
16:36:07.381 [FXGL Background Thread 3 ] DEBUG Engine               - class com.almasb.fxgl.app.services.UpdaterService
16:36:07.381 [FXGL Background Thread 3 ] DEBUG Engine               - class com.almasb.fxgl.dev.DevService
16:36:10.294 [JavaFX Application Thread] DEBUG LoopRunner           - Stopping loop
16:36:10.295 [JavaFX Application Thread] FATAL FXGLApplication      - Uncaught Exception:
java.lang.IllegalArgumentException: Children: duplicate children added: parent = Grid hgap=0.0, vgap=0.0, alignment=CENTER_RIGHT
	at javafx.graphics@19/javafx.scene.Parent$3.onProposedChange(Parent.java:561)
	at javafx.base@19/com.sun.javafx.collections.VetoableListDecorator.add(VetoableListDecorator.java:205)
	at javafx.graphics@19/javafx.scene.layout.GridPane.add(GridPane.java:974)
	at com.example.zeldapuzzle/com.example.zeldapuzzle.MainGameApp$1.onAction(MainGameApp.java:96)
	at com.almasb.fxgl.core@17/com.almasb.fxgl.input.UserAction.action$fxgl_core(UserAction.kt:38)
	at com.almasb.fxgl.core@17/com.almasb.fxgl.input.Input.update(Input.kt:271)
	at com.almasb.fxgl.scene@17/com.almasb.fxgl.scene.Scene.update(Scene.kt:103)
	at com.almasb.fxgl.all@17/com.almasb.fxgl.app.MainWindow$update$1.invoke(MainWindow.kt:115)
	at com.almasb.fxgl.all@17/com.almasb.fxgl.app.MainWindow$update$1.invoke(MainWindow.kt:115)
	at com.almasb.fxgl.core@17/com.almasb.fxgl.core.fsm.StateMachine.runOnActiveStates(StateMachine.kt:69)
	at com.almasb.fxgl.all@17/com.almasb.fxgl.app.MainWindow.update(MainWindow.kt:115)
	at com.almasb.fxgl.all@17/com.almasb.fxgl.app.FXGLApplication$GameApplicationService.onUpdate(FXGLApplication.kt:426)
	at com.almasb.fxgl.all@17/com.almasb.fxgl.app.Engine.loop(Engine.kt:134)
	at com.almasb.fxgl.all@17/com.almasb.fxgl.app.Engine.access$loop(Engine.kt:24)
	at com.almasb.fxgl.all@17/com.almasb.fxgl.app.Engine$loop$1.invoke(Engine.kt:28)
	at com.almasb.fxgl.all@17/com.almasb.fxgl.app.Engine$loop$1.invoke(Engine.kt:28)
	at com.almasb.fxgl.all@17/com.almasb.fxgl.app.LoopRunner.frame(LoopRunner.kt:103)
	at com.almasb.fxgl.all@17/com.almasb.fxgl.app.LoopRunner.access$frame(LoopRunner.kt:23)
	at com.almasb.fxgl.all@17/com.almasb.fxgl.app.LoopRunner$impl$2$1.onTick(LoopRunner.kt:57)
	at com.almasb.fxgl.all@17/com.almasb.fxgl.app.AnimationTimerLoop$timer$1.handle(LoopRunner.kt:137)
	at javafx.graphics@19/javafx.animation.AnimationTimer$AnimationTimerReceiver.lambda$handle$0(AnimationTimer.java:58)
	at java.base/java.security.AccessController.doPrivileged(AccessController.java:399)
	at javafx.graphics@19/javafx.animation.AnimationTimer$AnimationTimerReceiver.handle(AnimationTimer.java:57)
	at javafx.graphics@19/com.sun.scenario.animation.AbstractPrimaryTimer.timePulseImpl(AbstractPrimaryTimer.java:356)
	at javafx.graphics@19/com.sun.scenario.animation.AbstractPrimaryTimer$MainLoop.run(AbstractPrimaryTimer.java:266)
	at javafx.graphics@19/com.sun.javafx.tk.quantum.QuantumToolkit.pulse(QuantumToolkit.java:571)
	at javafx.graphics@19/com.sun.javafx.tk.quantum.QuantumToolkit.pulse(QuantumToolkit.java:555)
	at javafx.graphics@19/com.sun.javafx.tk.quantum.QuantumToolkit.pulseFromQueue(QuantumToolkit.java:548)
	at javafx.graphics@19/com.sun.javafx.tk.quantum.QuantumToolkit.lambda$runToolkit$11(QuantumToolkit.java:352)
	at javafx.graphics@19/com.sun.glass.ui.InvokeLaterDispatcher$Future.run(InvokeLaterDispatcher.java:96)
	at javafx.graphics@19/com.sun.glass.ui.win.WinApplication._runLoop(Native Method)
	at javafx.graphics@19/com.sun.glass.ui.win.WinApplication.lambda$runLoop$3(WinApplication.java:184)
	at java.base/java.lang.Thread.run(Thread.java:1589)

16:36:10.295 [JavaFX Application Thread] FATAL FXGLApplication      - Application will now exit
16:36:10.299 [JavaFX Application Thread] DEBUG PrimaryStageWindow   - Push state: ErrorSubScene
16:36:10.299 [JavaFX Application Thread] DEBUG Input                - Clearing active input actions
16:36:10.300 [JavaFX Application Thread] DEBUG GameApplicationServi - Removing overlay from GameScene and adding to ErrorSubScene
16:36:10.300 [JavaFX Application Thread] DEBUG PrimaryStageWindow   - GameScene -> ErrorSubScene
16:36:14.412 [JavaFX Application Thread] DEBUG FXGLApplication      - Exiting FXGL
16:36:14.412 [JavaFX Application Thread] DEBUG Async                - Shutting down background threads
16:36:14.413 [JavaFX Application Thread] DEBUG PrimaryStageWindow   - Closing main window
16:36:14.427 [JavaFX Application Thread] DEBUG Logger               - Closing Logger
