22:42:44.979 [main                     ] DEBUG Logger               - Configured Logger
22:42:44.992 [main                     ] DEBUG GameApplication      - Logging settings
Title: Zelda 2D Game
Version: 1
Width: 800
Height: 800
Fullscreen: true
Intro: false
Profiling: false
Single step:false
App Mode: DEVELOPER
Menu Key: ESCAPE
Stage Style: DECORATED
Scene Factory: class com.almasb.fxgl.app.scene.SceneFactory

22:42:45.052 [JavaFX Application Thread] DEBUG FXGLApplication      - Initializing FXGL
22:42:45.055 [JavaFX Application Thread] INFO  Engine               - FXGL-17 (31.12.2021 18.16) on WINDOWS (J:21.0.2 FX:19)
22:42:45.055 [JavaFX Application Thread] DEBUG Engine               - JRE Vendor Name: Oracle Corporation
22:42:45.056 [JavaFX Application Thread] DEBUG Engine               - Running on OS: Windows 11 version 10.0
22:42:45.056 [JavaFX Application Thread] DEBUG Engine               - Architecture: amd64
22:42:45.056 [JavaFX Application Thread] INFO  Engine               - Source code and latest versions at: https://github.com/AlmasB/FXGL
22:42:45.056 [JavaFX Application Thread] INFO  Engine               -       Ask questions and discuss at: https://github.com/AlmasB/FXGL/discussions
22:42:45.056 [JavaFX Application Thread] INFO  Engine               -              Join the FXGL chat at: https://gitter.im/AlmasB/FXGL
22:42:45.101 [JavaFX Application Thread] DEBUG PrimaryStageWindow   - Creating a JavaFX scene
22:42:45.132 [JavaFX Application Thread] DEBUG PrimaryStageWindow   - Target settings size: 800.0 x 800.0
22:42:45.132 [JavaFX Application Thread] DEBUG PrimaryStageWindow   - Scaled scene size:    800.0 x 800.0
22:42:45.132 [JavaFX Application Thread] DEBUG PrimaryStageWindow   - Scaled ratio: (1.0, 1.0)
22:42:45.133 [JavaFX Application Thread] DEBUG PrimaryStageWindow   - Set initial scene to FXGLStartupScene
22:42:45.136 [JavaFX Application Thread] DEBUG PrimaryStageWindow   - Opening main window
22:42:45.190 [JavaFX Application Thread] DEBUG PrimaryStageWindow   - Window border size: (16.0, 39.0)
22:42:45.191 [JavaFX Application Thread] DEBUG PrimaryStageWindow   - Scaled size: 800.0 x 800.0
22:42:45.191 [JavaFX Application Thread] DEBUG PrimaryStageWindow   - Scaled ratio: (1.0, 1.0)
22:42:45.191 [JavaFX Application Thread] DEBUG PrimaryStageWindow   - Scene size: 800.0 x 800.0
22:42:45.191 [JavaFX Application Thread] DEBUG PrimaryStageWindow   - Stage size: 816.0 x 839.0
22:42:45.196 [FXGL Background Thread 1 ] DEBUG Engine               - Initializing environment variables
22:42:45.236 [FXGL Background Thread 1 ] DEBUG FXGLAssetLoaderServi - User app class for loading assets: class com.example.zeldapuzzle.MainGameApp
22:42:45.236 [FXGL Background Thread 1 ] DEBUG GameApplicationServi - Applying CSS: fxgl_dark.css
22:42:45.237 [FXGL Background Thread 1 ] DEBUG FXGLAssetLoaderServi - Loading from file system: jar:file:///C:/Users/User/.m2/repository/com/github/almasb/fxgl/17/fxgl-17.jar!/fxglassets/ui/css/fxgl_dark.css
22:42:45.266 [FXGL Background Thread 1 ] DEBUG GameApplicationServi - Initializing application scenes
22:42:45.292 [FXGL Background Thread 1 ] DEBUG GameWorld            - Game world initialized
22:42:45.333 [FXGL Background Thread 1 ] DEBUG PhysicsWorld         - Physics world initialized: appHeight=800, physics.ppm=50.0
22:42:45.333 [FXGL Background Thread 1 ] DEBUG PhysicsWorld         - Using strategy: BRUTE_FORCE
22:42:45.336 [FXGL Background Thread 1 ] DEBUG GameScene            - Game scene initialized: 800x800
22:42:45.343 [FXGL Background Thread 1 ] DEBUG FXGL.DefaultMenu     - createMenuBodyMainMenu()
22:42:45.351 [FXGL Background Thread 1 ] DEBUG FXGL.DefaultMenu     - createOptionsMenu()
22:42:45.357 [FXGL Background Thread 1 ] DEBUG FXGLAssetLoaderServi - Loading from file system: jar:file:///C:/Users/User/.m2/repository/com/github/almasb/fxgl/17/fxgl-17.jar!/fxglassets/textures/particles/smoke.png
22:42:45.402 [FXGL Background Thread 1 ] DEBUG FXGLAssetLoaderServi - Loading from file system: jar:file:///C:/Users/User/.m2/repository/com/github/almasb/fxgl/17/fxgl-17.jar!/fxglassets/textures/particles/trace_horizontal.png
22:42:45.414 [FXGL Background Thread 1 ] DEBUG FXGL.DefaultMenu     - createMenuBodyGameMenu()
22:42:45.414 [FXGL Background Thread 1 ] DEBUG FXGL.DefaultMenu     - createOptionsMenu()
22:42:45.422 [FXGL Background Thread 1 ] DEBUG GameApplicationServi - Application scenes initialized
22:42:45.428 [FXGL Background Thread 1 ] DEBUG SystemBundleService  - Loading FXGL system data
22:42:45.430 [FXGL Background Thread 1 ] DEBUG FileSystemAccess     - Reading from: C:\Users\User\zeldaPuzzle\system\fxgl.bundle
22:42:45.436 [FXGL Background Thread 1 ] DEBUG SystemBundleService  - Bundle FXGL: {}
22:42:45.436 [FXGL Background Thread 1 ] DEBUG UpdaterService       - Checking for updates
22:42:45.453 [FXGL Background Thread 4 ] DEBUG FXGLApplication      - Loading fonts
22:42:45.453 [FXGL Background Thread 1 ] DEBUG FXGLApplication      - Loading default localization
22:42:45.453 [FXGL Background Thread 1 ] DEBUG FXGLAssetLoaderServi - Loading from file system: jar:file:///C:/Users/User/.m2/repository/com/github/almasb/fxgl/17/fxgl-17.jar!/fxglassets/languages/english.lang
22:42:45.453 [FXGL Background Thread 4 ] DEBUG FXGLAssetLoaderServi - Loading from file system: jar:file:///C:/Users/User/.m2/repository/com/github/almasb/fxgl/17/fxgl-17.jar!/fxglassets/ui/fonts/VarelaRound-Regular.ttf
22:42:45.465 [FXGL Background Thread 1 ] INFO  FXGLApplication      - FXGL initialization took: 0.270 sec
22:42:45.475 [JavaFX Application Thread] DEBUG Input                - Registered new binding: getPosition - P
22:42:45.475 [JavaFX Application Thread] DEBUG Input                - Registered new binding: zoom+ - Up
22:42:45.476 [JavaFX Application Thread] DEBUG Input                - Registered new binding: zoom- - Down
22:42:45.476 [JavaFX Application Thread] DEBUG Input                - Registered new binding: resetZoom - 0
22:42:45.476 [JavaFX Application Thread] DEBUG Input                - Registered new binding: Move right - D
22:42:45.476 [JavaFX Application Thread] DEBUG Input                - Registered new binding: Move left - A
22:42:45.476 [JavaFX Application Thread] DEBUG Input                - Registered new binding: Move Up - W
22:42:45.477 [JavaFX Application Thread] DEBUG Input                - Registered new binding: Move Down - S
22:42:45.477 [JavaFX Application Thread] DEBUG FXGLAssetLoaderServi - Loading from file system: jar:file:///C:/Users/User/.m2/repository/com/github/almasb/fxgl/17/fxgl-17.jar!/fxglassets/textures/fxgl_icon.png
22:42:45.480 [FXGL Background Thread 4 ] DEBUG FXGLAssetLoaderServi - Loading from file system: jar:file:///C:/Users/User/.m2/repository/com/github/almasb/fxgl/17/fxgl-17.jar!/fxglassets/ui/fonts/Abel-Regular.ttf
22:42:45.486 [JavaFX Application Thread] DEBUG FXGLAssetLoaderServi - Loading from file system: jar:file:///C:/Users/User/.m2/repository/com/github/almasb/fxgl/17/fxgl-17.jar!/fxglassets/textures/fxgl_default_cursor.png
22:42:45.488 [JavaFX Application Thread] DEBUG Input                - Registered new binding: Screenshot - CTRL+8
22:42:45.490 [JavaFX Application Thread] DEBUG Input                - Registered new binding: Dev Options - 1
22:42:45.490 [JavaFX Application Thread] DEBUG Input                - Registered new binding: Dev Console - 2
22:42:45.491 [JavaFX Application Thread] DEBUG Input                - Registered new binding: System info dump - CTRL+9
22:42:45.491 [JavaFX Application Thread] DEBUG Input                - Registered new binding: Restart - CTRL+R
22:42:45.491 [JavaFX Application Thread] DEBUG Input                - Registered new binding: Toggle Debug Camera - CTRL+7
22:42:45.493 [JavaFX Application Thread] DEBUG LoopRunner           - Starting loop
22:42:45.494 [FXGL Background Thread 4 ] DEBUG FXGLAssetLoaderServi - Loading from file system: jar:file:///C:/Users/User/.m2/repository/com/github/almasb/fxgl/17/fxgl-17.jar!/fxglassets/ui/fonts/TerminalLandMono-Regular.otf
22:42:45.504 [JavaFX Application Thread] DEBUG LoopRunner           - Initializing JavaFX AnimationTimerLoop
22:42:45.507 [JavaFX Application Thread] DEBUG Input                - Clearing active input actions
22:42:45.514 [JavaFX Application Thread] DEBUG GameApplicationServi - Removing overlay from FXGLStartupScene and adding to FXGLMainMenuDummyScene
22:42:45.514 [FXGL Background Thread 4 ] DEBUG FXGLAssetLoaderServi - Loading from file system: jar:file:///C:/Users/User/.m2/repository/com/github/almasb/fxgl/17/fxgl-17.jar!/fxglassets/ui/fonts/Courier-Prime.ttf
22:42:45.518 [JavaFX Application Thread] DEBUG PrimaryStageWindow   - FXGLStartupScene -> FXGLMainMenuDummyScene
22:42:45.518 [JavaFX Application Thread] DEBUG PrimaryStageWindow   - Push state: FXGLDefaultMenu
22:42:45.521 [JavaFX Application Thread] DEBUG Input                - Clearing active input actions
22:42:45.527 [JavaFX Application Thread] DEBUG GameApplicationServi - Removing overlay from FXGLMainMenuDummyScene and adding to FXGLDefaultMenu
22:42:45.528 [JavaFX Application Thread] DEBUG PrimaryStageWindow   - FXGLMainMenuDummyScene -> FXGLDefaultMenu
22:42:45.653 [JavaFX Application Thread] DEBUG FXGLApplication      - Registering font factories with UI factory
22:42:45.765 [FXGL Background Thread 2 ] INFO  UpdaterService       - Your current version:  17
22:42:45.765 [FXGL Background Thread 2 ] INFO  UpdaterService       - Latest stable version: 21.1
22:42:46.212 [JavaFX Application Thread] DEBUG Menu                 - fireNewGame()
22:42:46.212 [JavaFX Application Thread] DEBUG GameApplicationServi - Starting new game
22:42:46.214 [JavaFX Application Thread] DEBUG PrimaryStageWindow   - Pop state: FXGLDefaultMenu
22:42:46.214 [JavaFX Application Thread] DEBUG Input                - Clearing active input actions
22:42:46.215 [JavaFX Application Thread] DEBUG GameApplicationServi - Removing overlay from FXGLDefaultMenu and adding to FXGLMainMenuDummyScene
22:42:46.217 [JavaFX Application Thread] DEBUG PrimaryStageWindow   - FXGLMainMenuDummyScene <- FXGLDefaultMenu
22:42:46.217 [JavaFX Application Thread] DEBUG Input                - Clearing active input actions
22:42:46.224 [JavaFX Application Thread] DEBUG GameApplicationServi - Removing overlay from FXGLMainMenuDummyScene and adding to FXGLLoadingScene
22:42:46.225 [JavaFX Application Thread] DEBUG PrimaryStageWindow   - FXGLMainMenuDummyScene -> FXGLLoadingScene
22:42:46.225 [JavaFX Application Thread] DEBUG GameApplicationServi - Clearing previous game
22:42:46.225 [JavaFX Application Thread] DEBUG GameScene            - Clearing game scene
22:42:46.225 [JavaFX Application Thread] DEBUG GameWorld            - Clearing game world
22:42:46.225 [JavaFX Application Thread] DEBUG PhysicsWorld         - Clearing physics world
22:42:46.227 [FXGL Background Thread 2 ] DEBUG FXGLApplication      - Initializing game
22:42:46.254 [FXGL Background Thread 2 ] WARN  TMXLevelLoader       - TiledMap generated from 1.10.2. Supported version: 1.2.3. Some features may not be parsed fully.
22:42:46.260 [FXGL Background Thread 2 ] DEBUG TMXLevelLoader       - Parsed TiledMap: file:/C:/Users/User/zeldaPuzzle/target/classes/assets/levels/StartingMap.tmx
22:42:46.261 [FXGL Background Thread 2 ] DEBUG TMXLevelLoader       - Creating tile layer entities
22:42:46.270 [FXGL Background Thread 2 ] DEBUG TilesetLoader        - Loading view for layer Calque de Tuiles 1
22:42:46.273 [FXGL Background Thread 2 ] DEBUG TilesetLoader        - Created buffer with size 1920.0x1920.0
22:42:46.279 [FXGL Background Thread 2 ] DEBUG TilesetLoader        - Loading view for layer Calque de Tuiles 2
22:42:46.286 [FXGL Background Thread 2 ] DEBUG TilesetLoader        - Created buffer with size 1920.0x1920.0
22:42:46.295 [FXGL Background Thread 2 ] DEBUG TilesetLoader        - Loading view for layer Calque de Tuiles 3
22:42:46.307 [FXGL Background Thread 2 ] DEBUG TilesetLoader        - Created buffer with size 1920.0x1920.0
22:42:46.309 [FXGL Background Thread 2 ] DEBUG TMXLevelLoader       - Creating object layer entities
22:42:46.322 [FXGL Background Thread 2 ] DEBUG GameWorld            - Clearing removable entities
22:42:46.323 [FXGL Background Thread 2 ] DEBUG GameWorld            - Setting level: com.almasb.fxgl.entity.level.Level@2792eb06
22:42:46.330 [FXGL Background Thread 2 ] WARN  GameWorld            - Entity is already attached to world
22:42:46.374 [FXGL Background Thread 2 ] WARN  GameWorld            - Entity is already attached to world
22:42:46.374 [FXGL Background Thread 2 ] WARN  GameWorld            - Entity is already attached to world
22:42:46.376 [FXGL Background Thread 2 ] INFO  FXGLApplication      - Game initialization took: 0.149 sec
22:42:46.380 [JavaFX Application Thread] DEBUG Input                - Clearing active input actions
22:42:46.383 [JavaFX Application Thread] DEBUG GameApplicationServi - Removing overlay from FXGLLoadingScene and adding to GameScene
22:42:46.384 [JavaFX Application Thread] DEBUG PrimaryStageWindow   - FXGLLoadingScene -> GameScene
22:42:48.453 [FXGL Background Thread 3 ] DEBUG Engine               - Logging environment variables
22:42:48.453 [FXGL Background Thread 3 ] DEBUG Engine               - achievements: []
22:42:48.453 [FXGL Background Thread 3 ] DEBUG Engine               - actualHeight: 800.0
22:42:48.453 [FXGL Background Thread 3 ] DEBUG Engine               - actualHeightProperty: ReadOnlyDoubleProperty [value: 800.0]
22:42:48.453 [FXGL Background Thread 3 ] DEBUG Engine               - actualWidth: 800.0
22:42:48.453 [FXGL Background Thread 3 ] DEBUG Engine               - actualWidthProperty: ReadOnlyDoubleProperty [value: 800.0]
22:42:48.453 [FXGL Background Thread 3 ] DEBUG Engine               - appIcon: fxgl_icon.png
22:42:48.453 [FXGL Background Thread 3 ] DEBUG Engine               - applicationMode: DEVELOPER
22:42:48.453 [FXGL Background Thread 3 ] DEBUG Engine               - cSSList: [fxgl_dark.css]
22:42:48.453 [FXGL Background Thread 3 ] DEBUG Engine               - collisionDetectionStrategy: BRUTE_FORCE
22:42:48.453 [FXGL Background Thread 3 ] DEBUG Engine               - configClass: Optional.empty
22:42:48.453 [FXGL Background Thread 3 ] DEBUG Engine               - credits: []
22:42:48.454 [FXGL Background Thread 3 ] DEBUG Engine               - defaultCursor: CursorInfo(imageName=fxgl_default_cursor.png, hotspotX=7.0, hotspotY=6.0)
22:42:48.454 [FXGL Background Thread 3 ] DEBUG Engine               - devBBoxColorProperty: ObjectProperty [value: 0xff0000ff]
22:42:48.454 [FXGL Background Thread 3 ] DEBUG Engine               - devEnableDebugCameraProperty: BooleanProperty [value: false]
22:42:48.454 [FXGL Background Thread 3 ] DEBUG Engine               - devSensorColorProperty: ObjectProperty [value: 0xffff00ff]
22:42:48.454 [FXGL Background Thread 3 ] DEBUG Engine               - devShowBBoxProperty: BooleanProperty [value: false]
22:42:48.454 [FXGL Background Thread 3 ] DEBUG Engine               - devShowPositionProperty: BooleanProperty [value: false]
22:42:48.454 [FXGL Background Thread 3 ] DEBUG Engine               - enabledMenuItems: []
22:42:48.454 [FXGL Background Thread 3 ] DEBUG Engine               - engineServices: [class com.almasb.fxgl.app.services.FXGLAssetLoaderService, class com.almasb.fxgl.app.FXGLApplication$GameApplicationService, class com.almasb.fxgl.app.services.FXGLDialogService, class com.almasb.fxgl.app.services.IOTaskExecutorService, class com.almasb.fxgl.io.FileSystemService, class com.almasb.fxgl.localization.LocalizationService, class com.almasb.fxgl.app.services.SystemBundleService, class com.almasb.fxgl.profile.SaveLoadService, class com.almasb.fxgl.ui.FXGLUIFactoryServiceProvider, class com.almasb.fxgl.ui.FXGLDialogFactoryServiceProvider, class com.almasb.fxgl.audio.AudioPlayer, class com.almasb.fxgl.notification.impl.NotificationServiceProvider, class com.almasb.fxgl.achievement.AchievementService, class com.almasb.fxgl.cutscene.CutsceneService, class com.almasb.fxgl.minigames.MiniGameService, class com.almasb.fxgl.net.NetService, class com.almasb.fxgl.app.services.UpdaterService, class com.almasb.fxgl.dev.DevService]
22:42:48.454 [FXGL Background Thread 3 ] DEBUG Engine               - fontGame: Abel-Regular.ttf
22:42:48.454 [FXGL Background Thread 3 ] DEBUG Engine               - fontMono: TerminalLandMono-Regular.otf
22:42:48.454 [FXGL Background Thread 3 ] DEBUG Engine               - fontText: Courier-Prime.ttf
22:42:48.454 [FXGL Background Thread 3 ] DEBUG Engine               - fontUI: VarelaRound-Regular.ttf
22:42:48.454 [FXGL Background Thread 3 ] DEBUG Engine               - fullScreen: BooleanProperty [value: false]
22:42:48.454 [FXGL Background Thread 3 ] DEBUG Engine               - gameDifficulty: MEDIUM
22:42:48.454 [FXGL Background Thread 3 ] DEBUG Engine               - gameDifficultyProperty: ObjectProperty [value: MEDIUM]
22:42:48.454 [FXGL Background Thread 3 ] DEBUG Engine               - globalMusicVolume: 0.5
22:42:48.454 [FXGL Background Thread 3 ] DEBUG Engine               - globalMusicVolumeProperty: DoubleProperty [value: 0.5]
22:42:48.455 [FXGL Background Thread 3 ] DEBUG Engine               - globalSoundVolume: 0.5
22:42:48.455 [FXGL Background Thread 3 ] DEBUG Engine               - globalSoundVolumeProperty: DoubleProperty [value: 0.5]
22:42:48.455 [FXGL Background Thread 3 ] DEBUG Engine               - height: 800
22:42:48.455 [FXGL Background Thread 3 ] DEBUG Engine               - is3D: false
22:42:48.455 [FXGL Background Thread 3 ] DEBUG Engine               - isAndroid: false
22:42:48.455 [FXGL Background Thread 3 ] DEBUG Engine               - isBrowser: false
22:42:48.455 [FXGL Background Thread 3 ] DEBUG Engine               - isClickFeedbackEnabled: false
22:42:48.455 [FXGL Background Thread 3 ] DEBUG Engine               - isCloseConfirmation: false
22:42:48.455 [FXGL Background Thread 3 ] DEBUG Engine               - isDesktop: true
22:42:48.455 [FXGL Background Thread 3 ] DEBUG Engine               - isDeveloperMenuEnabled: true
22:42:48.455 [FXGL Background Thread 3 ] DEBUG Engine               - isEmbedded: false
22:42:48.455 [FXGL Background Thread 3 ] DEBUG Engine               - isEntityPreloadEnabled: true
22:42:48.455 [FXGL Background Thread 3 ] DEBUG Engine               - isExperimentalTiledLargeMap: false
22:42:48.455 [FXGL Background Thread 3 ] DEBUG Engine               - isFileSystemWriteAllowed: true
22:42:48.455 [FXGL Background Thread 3 ] DEBUG Engine               - isFullScreenAllowed: true
22:42:48.455 [FXGL Background Thread 3 ] DEBUG Engine               - isFullScreenFromStart: false
22:42:48.455 [FXGL Background Thread 3 ] DEBUG Engine               - isGameMenuEnabled: true
22:42:48.455 [FXGL Background Thread 3 ] DEBUG Engine               - isIOS: false
22:42:48.455 [FXGL Background Thread 3 ] DEBUG Engine               - isIntroEnabled: false
22:42:48.455 [FXGL Background Thread 3 ] DEBUG Engine               - isLinux: false
22:42:48.455 [FXGL Background Thread 3 ] DEBUG Engine               - isMac: false
22:42:48.455 [FXGL Background Thread 3 ] DEBUG Engine               - isMainMenuEnabled: true
22:42:48.455 [FXGL Background Thread 3 ] DEBUG Engine               - isManualResizeEnabled: false
22:42:48.455 [FXGL Background Thread 3 ] DEBUG Engine               - isMobile: false
22:42:48.455 [FXGL Background Thread 3 ] DEBUG Engine               - isNative: false
22:42:48.455 [FXGL Background Thread 3 ] DEBUG Engine               - isPauseMusicWhenMinimized: true
22:42:48.455 [FXGL Background Thread 3 ] DEBUG Engine               - isPreserveResizeRatio: false
22:42:48.455 [FXGL Background Thread 3 ] DEBUG Engine               - isProfilingEnabled: false
22:42:48.455 [FXGL Background Thread 3 ] DEBUG Engine               - isScaleAffectedOnResize: true
22:42:48.455 [FXGL Background Thread 3 ] DEBUG Engine               - isSingleStep: false
22:42:48.455 [FXGL Background Thread 3 ] DEBUG Engine               - isUserProfileEnabled: false
22:42:48.455 [FXGL Background Thread 3 ] DEBUG Engine               - isWindows: true
22:42:48.455 [FXGL Background Thread 3 ] DEBUG Engine               - language: ObjectProperty [value: ENGLISH]
22:42:48.455 [FXGL Background Thread 3 ] DEBUG Engine               - menuKey: ESCAPE
22:42:48.455 [FXGL Background Thread 3 ] DEBUG Engine               - mouseSensitivity: 0.2
22:42:48.455 [FXGL Background Thread 3 ] DEBUG Engine               - notificationViewClass: class com.almasb.fxgl.notification.view.XboxNotificationView
22:42:48.455 [FXGL Background Thread 3 ] DEBUG Engine               - pixelsPerMeter: 50.0
22:42:48.455 [FXGL Background Thread 3 ] DEBUG Engine               - platform: WINDOWS
22:42:48.455 [FXGL Background Thread 3 ] DEBUG Engine               - prefHeightProperty: ReadOnlyDoubleProperty [value: 800.0]
22:42:48.455 [FXGL Background Thread 3 ] DEBUG Engine               - prefWidthProperty: ReadOnlyDoubleProperty [value: 800.0]
22:42:48.455 [FXGL Background Thread 3 ] DEBUG Engine               - profileDir: profiles/
22:42:48.455 [FXGL Background Thread 3 ] DEBUG Engine               - profileName: StringProperty [value: DEFAULT]
22:42:48.455 [FXGL Background Thread 3 ] DEBUG Engine               - randomSeed: -1
22:42:48.456 [FXGL Background Thread 3 ] DEBUG Engine               - runtimeInfo: RuntimeInfo(platform=WINDOWS, version=17, build=31.12.2021 18.16)
22:42:48.456 [FXGL Background Thread 3 ] DEBUG Engine               - saveFileExt: sav
22:42:48.456 [FXGL Background Thread 3 ] DEBUG Engine               - scaledHeightProp$fxgl: DoubleProperty [bound, value: 800.0]
22:42:48.456 [FXGL Background Thread 3 ] DEBUG Engine               - scaledWidthProp$fxgl: DoubleProperty [bound, value: 800.0]
22:42:48.456 [FXGL Background Thread 3 ] DEBUG Engine               - sceneFactory: com.almasb.fxgl.app.scene.SceneFactory@59f64e24
22:42:48.456 [FXGL Background Thread 3 ] DEBUG Engine               - secondsIn24h: 60
22:42:48.456 [FXGL Background Thread 3 ] DEBUG Engine               - soundMenuBack: menu/back.wav
22:42:48.456 [FXGL Background Thread 3 ] DEBUG Engine               - soundMenuPress: menu/press.wav
22:42:48.456 [FXGL Background Thread 3 ] DEBUG Engine               - soundMenuSelect: menu/select.wav
22:42:48.456 [FXGL Background Thread 3 ] DEBUG Engine               - soundNotification: core/notification.wav
22:42:48.456 [FXGL Background Thread 3 ] DEBUG Engine               - stageStyle: DECORATED
22:42:48.456 [FXGL Background Thread 3 ] DEBUG Engine               - supportedLanguages: [ENGLISH, FRENCH, GERMAN, HUNGARIAN, RUSSIAN]
22:42:48.456 [FXGL Background Thread 3 ] DEBUG Engine               - ticksPerSecond: -1
22:42:48.456 [FXGL Background Thread 3 ] DEBUG Engine               - title: Zelda 2D Game
22:42:48.456 [FXGL Background Thread 3 ] DEBUG Engine               - urlGithub: https://github.com/AlmasB/FXGL
22:42:48.456 [FXGL Background Thread 3 ] DEBUG Engine               - urlLeaderboard: http://fxgl-top.herokuapp.com/
22:42:48.457 [FXGL Background Thread 3 ] DEBUG Engine               - urlPOM: https://raw.githubusercontent.com/AlmasB/FXGL/release/README.md
22:42:48.457 [FXGL Background Thread 3 ] DEBUG Engine               - userAppClass: class com.example.zeldapuzzle.MainGameApp
22:42:48.457 [FXGL Background Thread 3 ] DEBUG Engine               - version: 1
22:42:48.457 [FXGL Background Thread 3 ] DEBUG Engine               - versionCheckDays: 7
22:42:48.457 [FXGL Background Thread 3 ] DEBUG Engine               - width: 800
22:42:48.457 [FXGL Background Thread 3 ] DEBUG Engine               - Logging services
22:42:48.457 [FXGL Background Thread 3 ] DEBUG Engine               - class com.almasb.fxgl.app.services.FXGLAssetLoaderService
22:42:48.457 [FXGL Background Thread 3 ] DEBUG Engine               - class com.almasb.fxgl.app.FXGLApplication$GameApplicationService
22:42:48.457 [FXGL Background Thread 3 ] DEBUG Engine               - class com.almasb.fxgl.app.services.FXGLDialogService
22:42:48.457 [FXGL Background Thread 3 ] DEBUG Engine               - class com.almasb.fxgl.app.services.IOTaskExecutorService
22:42:48.457 [FXGL Background Thread 3 ] DEBUG Engine               - class com.almasb.fxgl.io.FileSystemService
22:42:48.457 [FXGL Background Thread 3 ] DEBUG Engine               - class com.almasb.fxgl.localization.LocalizationService
22:42:48.457 [FXGL Background Thread 3 ] DEBUG Engine               - class com.almasb.fxgl.app.services.SystemBundleService
22:42:48.457 [FXGL Background Thread 3 ] DEBUG Engine               - class com.almasb.fxgl.profile.SaveLoadService
22:42:48.457 [FXGL Background Thread 3 ] DEBUG Engine               - class com.almasb.fxgl.ui.FXGLUIFactoryServiceProvider
22:42:48.457 [FXGL Background Thread 3 ] DEBUG Engine               - class com.almasb.fxgl.ui.FXGLDialogFactoryServiceProvider
22:42:48.457 [FXGL Background Thread 3 ] DEBUG Engine               - class com.almasb.fxgl.audio.AudioPlayer
22:42:48.457 [FXGL Background Thread 3 ] DEBUG Engine               - class com.almasb.fxgl.notification.impl.NotificationServiceProvider
22:42:48.457 [FXGL Background Thread 3 ] DEBUG Engine               - class com.almasb.fxgl.achievement.AchievementService
22:42:48.457 [FXGL Background Thread 3 ] DEBUG Engine               - class com.almasb.fxgl.cutscene.CutsceneService
22:42:48.457 [FXGL Background Thread 3 ] DEBUG Engine               - class com.almasb.fxgl.minigames.MiniGameService
22:42:48.457 [FXGL Background Thread 3 ] DEBUG Engine               - class com.almasb.fxgl.net.NetService
22:42:48.457 [FXGL Background Thread 3 ] DEBUG Engine               - class com.almasb.fxgl.app.services.UpdaterService
22:42:48.457 [FXGL Background Thread 3 ] DEBUG Engine               - class com.almasb.fxgl.dev.DevService
22:43:26.954 [JavaFX Application Thread] DEBUG FXGLApplication      - Exiting FXGL
22:43:26.954 [JavaFX Application Thread] DEBUG LoopRunner           - Stopping loop
22:43:26.954 [JavaFX Application Thread] DEBUG SystemBundleService  - Saving FXGL system data
22:43:26.956 [JavaFX Application Thread] DEBUG FileSystemAccess     - Writing to: C:\Users\User\zeldaPuzzle\system\fxgl.bundle
22:43:26.957 [JavaFX Application Thread] DEBUG Async                - Shutting down background threads
22:43:26.957 [JavaFX Application Thread] DEBUG PrimaryStageWindow   - Closing main window
22:43:26.964 [JavaFX Application Thread] DEBUG Logger               - Closing Logger
