10:24:21.000 [main                     ] DEBUG Logger               - Configured Logger
10:24:21.017 [main                     ] DEBUG GameApplication      - Logging settings
Title: Zelda 2D Game
Version: 1
Width: 800
Height: 800
Fullscreen: true
Intro: false
Profiling: false
Single step:false
App Mode: DEVELOPER
Menu Key: ESCAPE
Stage Style: DECORATED
Scene Factory: class com.almasb.fxgl.app.scene.SceneFactory

10:24:21.169 [JavaFX Application Thread] DEBUG FXGLApplication      - Initializing FXGL
10:24:21.172 [JavaFX Application Thread] INFO  Engine               - FXGL-17 (31.12.2021 18.16) on WINDOWS (J:21.0.2 FX:19)
10:24:21.173 [JavaFX Application Thread] DEBUG Engine               - JRE Vendor Name: Oracle Corporation
10:24:21.173 [JavaFX Application Thread] DEBUG Engine               - Running on OS: Windows 10 version 10.0
10:24:21.174 [JavaFX Application Thread] DEBUG Engine               - Architecture: amd64
10:24:21.174 [JavaFX Application Thread] INFO  Engine               - Source code and latest versions at: https://github.com/AlmasB/FXGL
10:24:21.174 [JavaFX Application Thread] INFO  Engine               -       Ask questions and discuss at: https://github.com/AlmasB/FXGL/discussions
10:24:21.174 [JavaFX Application Thread] INFO  Engine               -              Join the FXGL chat at: https://gitter.im/AlmasB/FXGL
10:24:21.248 [JavaFX Application Thread] DEBUG PrimaryStageWindow   - Creating a JavaFX scene
10:24:21.295 [JavaFX Application Thread] DEBUG PrimaryStageWindow   - Target settings size: 800.0 x 800.0
10:24:21.295 [JavaFX Application Thread] DEBUG PrimaryStageWindow   - Scaled scene size:    800.0 x 800.0
10:24:21.295 [JavaFX Application Thread] DEBUG PrimaryStageWindow   - Scaled ratio: (1.0, 1.0)
10:24:21.296 [JavaFX Application Thread] DEBUG PrimaryStageWindow   - Set initial scene to FXGLStartupScene
10:24:21.301 [JavaFX Application Thread] DEBUG PrimaryStageWindow   - Opening main window
10:24:21.384 [JavaFX Application Thread] DEBUG PrimaryStageWindow   - Window border size: (16.0, 39.0)
10:24:21.385 [JavaFX Application Thread] DEBUG PrimaryStageWindow   - Scaled size: 800.0 x 800.0
10:24:21.385 [JavaFX Application Thread] DEBUG PrimaryStageWindow   - Scaled ratio: (1.0, 1.0)
10:24:21.385 [JavaFX Application Thread] DEBUG PrimaryStageWindow   - Scene size: 800.0 x 800.0
10:24:21.385 [JavaFX Application Thread] DEBUG PrimaryStageWindow   - Stage size: 816.0 x 839.0
10:24:21.391 [FXGL Background Thread 1 ] DEBUG Engine               - Initializing environment variables
10:24:21.429 [FXGL Background Thread 1 ] DEBUG FXGLAssetLoaderServi - User app class for loading assets: class com.example.zeldapuzzle.MainGameApp
10:24:21.430 [FXGL Background Thread 1 ] DEBUG GameApplicationServi - Applying CSS: fxgl_dark.css
10:24:21.430 [FXGL Background Thread 1 ] DEBUG FXGLAssetLoaderServi - Loading from file system: jar:file:///C:/Users/mbour/.m2/repository/com/github/almasb/fxgl/17/fxgl-17.jar!/fxglassets/ui/css/fxgl_dark.css
10:24:21.467 [FXGL Background Thread 1 ] DEBUG GameApplicationServi - Initializing application scenes
10:24:21.502 [FXGL Background Thread 1 ] DEBUG GameWorld            - Game world initialized
10:24:21.563 [FXGL Background Thread 1 ] DEBUG PhysicsWorld         - Physics world initialized: appHeight=800, physics.ppm=50,0
10:24:21.563 [FXGL Background Thread 1 ] DEBUG PhysicsWorld         - Using strategy: BRUTE_FORCE
10:24:21.567 [FXGL Background Thread 1 ] DEBUG GameScene            - Game scene initialized: 800x800
10:24:21.576 [FXGL Background Thread 1 ] DEBUG FXGL.DefaultMenu     - createMenuBodyMainMenu()
10:24:21.589 [FXGL Background Thread 1 ] DEBUG FXGL.DefaultMenu     - createOptionsMenu()
10:24:21.596 [FXGL Background Thread 1 ] DEBUG FXGLAssetLoaderServi - Loading from file system: jar:file:///C:/Users/mbour/.m2/repository/com/github/almasb/fxgl/17/fxgl-17.jar!/fxglassets/textures/particles/smoke.png
10:24:21.662 [FXGL Background Thread 1 ] DEBUG FXGLAssetLoaderServi - Loading from file system: jar:file:///C:/Users/mbour/.m2/repository/com/github/almasb/fxgl/17/fxgl-17.jar!/fxglassets/textures/particles/trace_horizontal.png
10:24:21.679 [FXGL Background Thread 1 ] DEBUG FXGL.DefaultMenu     - createMenuBodyGameMenu()
10:24:21.680 [FXGL Background Thread 1 ] DEBUG FXGL.DefaultMenu     - createOptionsMenu()
10:24:21.693 [FXGL Background Thread 1 ] DEBUG GameApplicationServi - Application scenes initialized
10:24:21.704 [FXGL Background Thread 1 ] DEBUG SystemBundleService  - Loading FXGL system data
10:24:21.707 [FXGL Background Thread 1 ] DEBUG FileSystemAccess     - Reading from: C:\Users\mbour\OneDrive\Bureau\Zelda TOTK WINRAR\zeldaPuzzle\system\fxgl.bundle
10:24:21.716 [FXGL Background Thread 1 ] DEBUG SystemBundleService  - Bundle FXGL: {}
10:24:21.716 [FXGL Background Thread 1 ] DEBUG UpdaterService       - Checking for updates
10:24:21.738 [FXGL Background Thread 4 ] DEBUG FXGLApplication      - Loading fonts
10:24:21.738 [FXGL Background Thread 1 ] DEBUG FXGLApplication      - Loading default localization
10:24:21.738 [FXGL Background Thread 4 ] DEBUG FXGLAssetLoaderServi - Loading from file system: jar:file:///C:/Users/mbour/.m2/repository/com/github/almasb/fxgl/17/fxgl-17.jar!/fxglassets/ui/fonts/VarelaRound-Regular.ttf
10:24:21.739 [FXGL Background Thread 1 ] DEBUG FXGLAssetLoaderServi - Loading from file system: jar:file:///C:/Users/mbour/.m2/repository/com/github/almasb/fxgl/17/fxgl-17.jar!/fxglassets/languages/english.lang
10:24:21.756 [FXGL Background Thread 1 ] INFO  FXGLApplication      - FXGL initialization took: 0,365 sec
10:24:21.768 [JavaFX Application Thread] DEBUG Input                - Registered new binding: getPosition - P
10:24:21.768 [JavaFX Application Thread] DEBUG Input                - Registered new binding: zoom+ - Up
10:24:21.768 [JavaFX Application Thread] DEBUG Input                - Registered new binding: zoom- - Down
10:24:21.768 [JavaFX Application Thread] DEBUG Input                - Registered new binding: resetZoom - 0
10:24:21.769 [JavaFX Application Thread] DEBUG Input                - Registered new binding: Move right - D
10:24:21.769 [JavaFX Application Thread] DEBUG Input                - Registered new binding: Move left - A
10:24:21.769 [JavaFX Application Thread] DEBUG Input                - Registered new binding: Move Up - W
10:24:21.769 [JavaFX Application Thread] DEBUG Input                - Registered new binding: Move Down - S
10:24:21.770 [JavaFX Application Thread] DEBUG FXGLAssetLoaderServi - Loading from file system: jar:file:///C:/Users/mbour/.m2/repository/com/github/almasb/fxgl/17/fxgl-17.jar!/fxglassets/textures/fxgl_icon.png
10:24:21.772 [FXGL Background Thread 4 ] DEBUG FXGLAssetLoaderServi - Loading from file system: jar:file:///C:/Users/mbour/.m2/repository/com/github/almasb/fxgl/17/fxgl-17.jar!/fxglassets/ui/fonts/Abel-Regular.ttf
10:24:21.781 [JavaFX Application Thread] DEBUG FXGLAssetLoaderServi - Loading from file system: jar:file:///C:/Users/mbour/.m2/repository/com/github/almasb/fxgl/17/fxgl-17.jar!/fxglassets/textures/fxgl_default_cursor.png
10:24:21.782 [FXGL Background Thread 4 ] DEBUG FXGLAssetLoaderServi - Loading from file system: jar:file:///C:/Users/mbour/.m2/repository/com/github/almasb/fxgl/17/fxgl-17.jar!/fxglassets/ui/fonts/TerminalLandMono-Regular.otf
10:24:21.784 [JavaFX Application Thread] DEBUG Input                - Registered new binding: Screenshot - CTRL+8
10:24:21.785 [JavaFX Application Thread] DEBUG Input                - Registered new binding: Dev Options - 1
10:24:21.785 [JavaFX Application Thread] DEBUG Input                - Registered new binding: Dev Console - 2
10:24:21.786 [JavaFX Application Thread] DEBUG Input                - Registered new binding: System info dump - CTRL+9
10:24:21.786 [JavaFX Application Thread] DEBUG Input                - Registered new binding: Restart - CTRL+R
10:24:21.787 [JavaFX Application Thread] DEBUG Input                - Registered new binding: Toggle Debug Camera - CTRL+7
10:24:21.790 [JavaFX Application Thread] DEBUG LoopRunner           - Starting loop
10:24:21.793 [FXGL Background Thread 4 ] DEBUG FXGLAssetLoaderServi - Loading from file system: jar:file:///C:/Users/mbour/.m2/repository/com/github/almasb/fxgl/17/fxgl-17.jar!/fxglassets/ui/fonts/Courier-Prime.ttf
10:24:21.802 [JavaFX Application Thread] DEBUG LoopRunner           - Initializing JavaFX AnimationTimerLoop
10:24:21.804 [JavaFX Application Thread] DEBUG Input                - Clearing active input actions
10:24:21.814 [JavaFX Application Thread] DEBUG GameApplicationServi - Removing overlay from FXGLStartupScene and adding to FXGLMainMenuDummyScene
10:24:21.819 [JavaFX Application Thread] DEBUG PrimaryStageWindow   - FXGLStartupScene -> FXGLMainMenuDummyScene
10:24:21.820 [JavaFX Application Thread] DEBUG PrimaryStageWindow   - Push state: FXGLDefaultMenu
10:24:21.822 [JavaFX Application Thread] DEBUG Input                - Clearing active input actions
10:24:21.830 [JavaFX Application Thread] DEBUG GameApplicationServi - Removing overlay from FXGLMainMenuDummyScene and adding to FXGLDefaultMenu
10:24:21.830 [JavaFX Application Thread] DEBUG PrimaryStageWindow   - FXGLMainMenuDummyScene -> FXGLDefaultMenu
10:24:22.008 [JavaFX Application Thread] DEBUG FXGLApplication      - Registering font factories with UI factory
10:24:22.169 [FXGL Background Thread 2 ] INFO  UpdaterService       - Your current version:  17
10:24:22.170 [FXGL Background Thread 2 ] INFO  UpdaterService       - Latest stable version: 21.1
10:24:23.005 [JavaFX Application Thread] DEBUG FXGLApplication      - Exiting FXGL
10:24:23.005 [JavaFX Application Thread] DEBUG LoopRunner           - Stopping loop
10:24:23.005 [JavaFX Application Thread] DEBUG SystemBundleService  - Saving FXGL system data
10:24:23.007 [JavaFX Application Thread] DEBUG FileSystemAccess     - Writing to: C:\Users\mbour\OneDrive\Bureau\Zelda TOTK WINRAR\zeldaPuzzle\system\fxgl.bundle
10:24:23.010 [JavaFX Application Thread] DEBUG Async                - Shutting down background threads
10:24:23.010 [JavaFX Application Thread] DEBUG PrimaryStageWindow   - Closing main window
10:24:23.025 [JavaFX Application Thread] DEBUG Logger               - Closing Logger
