00:38:03.441 [main                     ] DEBUG Logger               - Configured Logger
00:38:03.459 [main                     ] DEBUG GameApplication      - Logging settings
Title: Zelda 2D Game
Version: 1
Width: 800
Height: 800
Fullscreen: true
Intro: false
Profiling: false
Single step:false
App Mode: DEVELOPER
Menu Key: ESCAPE
Stage Style: DECORATED
Scene Factory: class com.almasb.fxgl.app.scene.SceneFactory

00:38:03.629 [JavaFX Application Thread] DEBUG FXGLApplication      - Initializing FXGL
00:38:03.639 [JavaFX Application Thread] INFO  Engine               - FXGL-17 (31.12.2021 18.16) on WINDOWS (J:21.0.2 FX:19)
00:38:03.639 [JavaFX Application Thread] DEBUG Engine               - JRE Vendor Name: Oracle Corporation
00:38:03.639 [JavaFX Application Thread] DEBUG Engine               - Running on OS: Windows 10 version 10.0
00:38:03.640 [JavaFX Application Thread] DEBUG Engine               - Architecture: amd64
00:38:03.640 [JavaFX Application Thread] INFO  Engine               - Source code and latest versions at: https://github.com/AlmasB/FXGL
00:38:03.640 [JavaFX Application Thread] INFO  Engine               -       Ask questions and discuss at: https://github.com/AlmasB/FXGL/discussions
00:38:03.640 [JavaFX Application Thread] INFO  Engine               -              Join the FXGL chat at: https://gitter.im/AlmasB/FXGL
00:38:03.719 [JavaFX Application Thread] DEBUG PrimaryStageWindow   - Creating a JavaFX scene
00:38:03.764 [JavaFX Application Thread] DEBUG PrimaryStageWindow   - Target settings size: 800.0 x 800.0
00:38:03.764 [JavaFX Application Thread] DEBUG PrimaryStageWindow   - Scaled scene size:    800.0 x 800.0
00:38:03.764 [JavaFX Application Thread] DEBUG PrimaryStageWindow   - Scaled ratio: (1.0, 1.0)
00:38:03.765 [JavaFX Application Thread] DEBUG PrimaryStageWindow   - Set initial scene to FXGLStartupScene
00:38:03.774 [JavaFX Application Thread] DEBUG PrimaryStageWindow   - Opening main window
00:38:03.854 [JavaFX Application Thread] DEBUG PrimaryStageWindow   - Window border size: (16.0, 39.0)
00:38:03.854 [JavaFX Application Thread] DEBUG PrimaryStageWindow   - Scaled size: 800.0 x 800.0
00:38:03.854 [JavaFX Application Thread] DEBUG PrimaryStageWindow   - Scaled ratio: (1.0, 1.0)
00:38:03.854 [JavaFX Application Thread] DEBUG PrimaryStageWindow   - Scene size: 800.0 x 800.0
00:38:03.855 [JavaFX Application Thread] DEBUG PrimaryStageWindow   - Stage size: 816.0 x 839.0
00:38:03.861 [FXGL Background Thread 1 ] DEBUG Engine               - Initializing environment variables
00:38:03.910 [FXGL Background Thread 1 ] DEBUG FXGLAssetLoaderServi - User app class for loading assets: class com.example.zeldapuzzle.MainGameApp
00:38:03.911 [FXGL Background Thread 1 ] DEBUG GameApplicationServi - Applying CSS: fxgl_dark.css
00:38:03.911 [FXGL Background Thread 1 ] DEBUG FXGLAssetLoaderServi - Loading from file system: jar:file:///C:/Users/mbour/.m2/repository/com/github/almasb/fxgl/17/fxgl-17.jar!/fxglassets/ui/css/fxgl_dark.css
00:38:03.964 [FXGL Background Thread 1 ] DEBUG GameApplicationServi - Initializing application scenes
00:38:04.003 [FXGL Background Thread 1 ] DEBUG GameWorld            - Game world initialized
00:38:04.070 [FXGL Background Thread 1 ] DEBUG PhysicsWorld         - Physics world initialized: appHeight=800, physics.ppm=50,0
00:38:04.071 [FXGL Background Thread 1 ] DEBUG PhysicsWorld         - Using strategy: BRUTE_FORCE
00:38:04.075 [FXGL Background Thread 1 ] DEBUG GameScene            - Game scene initialized: 800x800
00:38:04.091 [FXGL Background Thread 1 ] DEBUG FXGL.DefaultMenu     - createMenuBodyMainMenu()
00:38:04.106 [FXGL Background Thread 1 ] DEBUG FXGL.DefaultMenu     - createOptionsMenu()
00:38:04.121 [FXGL Background Thread 1 ] DEBUG FXGLAssetLoaderServi - Loading from file system: jar:file:///C:/Users/mbour/.m2/repository/com/github/almasb/fxgl/17/fxgl-17.jar!/fxglassets/textures/particles/smoke.png
00:38:04.209 [FXGL Background Thread 1 ] DEBUG FXGLAssetLoaderServi - Loading from file system: jar:file:///C:/Users/mbour/.m2/repository/com/github/almasb/fxgl/17/fxgl-17.jar!/fxglassets/textures/particles/trace_horizontal.png
00:38:04.235 [FXGL Background Thread 1 ] DEBUG FXGL.DefaultMenu     - createMenuBodyGameMenu()
00:38:04.237 [FXGL Background Thread 1 ] DEBUG FXGL.DefaultMenu     - createOptionsMenu()
00:38:04.262 [FXGL Background Thread 1 ] DEBUG GameApplicationServi - Application scenes initialized
00:38:04.275 [FXGL Background Thread 1 ] DEBUG SystemBundleService  - Loading FXGL system data
00:38:04.283 [FXGL Background Thread 1 ] DEBUG FileSystemAccess     - Reading from: C:\Users\mbour\OneDrive\Bureau\Zelda TOTK WINRAR\zeldaPuzzle\system\fxgl.bundle
00:38:04.295 [FXGL Background Thread 1 ] DEBUG SystemBundleService  - Bundle FXGL: {}
00:38:04.296 [FXGL Background Thread 1 ] DEBUG UpdaterService       - Checking for updates
00:38:04.331 [FXGL Background Thread 4 ] DEBUG FXGLApplication      - Loading fonts
00:38:04.331 [FXGL Background Thread 1 ] DEBUG FXGLApplication      - Loading default localization
00:38:04.331 [FXGL Background Thread 4 ] DEBUG FXGLAssetLoaderServi - Loading from file system: jar:file:///C:/Users/mbour/.m2/repository/com/github/almasb/fxgl/17/fxgl-17.jar!/fxglassets/ui/fonts/VarelaRound-Regular.ttf
00:38:04.332 [FXGL Background Thread 1 ] DEBUG FXGLAssetLoaderServi - Loading from file system: jar:file:///C:/Users/mbour/.m2/repository/com/github/almasb/fxgl/17/fxgl-17.jar!/fxglassets/languages/english.lang
00:38:04.359 [FXGL Background Thread 1 ] INFO  FXGLApplication      - FXGL initialization took: 0,498 sec
00:38:04.371 [JavaFX Application Thread] DEBUG Input                - Registered new binding: inventaire - Tab
00:38:04.371 [JavaFX Application Thread] DEBUG Input                - Registered new binding: getPosition - P
00:38:04.371 [JavaFX Application Thread] DEBUG Input                - Registered new binding: zoom+ - Up
00:38:04.371 [JavaFX Application Thread] DEBUG Input                - Registered new binding: zoom- - Down
00:38:04.372 [JavaFX Application Thread] DEBUG Input                - Registered new binding: resetZoom - 0
00:38:04.372 [JavaFX Application Thread] DEBUG Input                - Registered new binding: Move right - D
00:38:04.372 [JavaFX Application Thread] DEBUG Input                - Registered new binding: Move left - A
00:38:04.372 [JavaFX Application Thread] DEBUG Input                - Registered new binding: Move Up - W
00:38:04.373 [JavaFX Application Thread] DEBUG Input                - Registered new binding: Move Down - S
00:38:04.373 [JavaFX Application Thread] DEBUG Input                - Registered new binding: Jump - Space
00:38:04.373 [JavaFX Application Thread] DEBUG FXGLAssetLoaderServi - Loading from file system: jar:file:///C:/Users/mbour/.m2/repository/com/github/almasb/fxgl/17/fxgl-17.jar!/fxglassets/textures/fxgl_icon.png
00:38:04.378 [FXGL Background Thread 4 ] DEBUG FXGLAssetLoaderServi - Loading from file system: jar:file:///C:/Users/mbour/.m2/repository/com/github/almasb/fxgl/17/fxgl-17.jar!/fxglassets/ui/fonts/Abel-Regular.ttf
00:38:04.392 [JavaFX Application Thread] DEBUG FXGLAssetLoaderServi - Loading from file system: jar:file:///C:/Users/mbour/.m2/repository/com/github/almasb/fxgl/17/fxgl-17.jar!/fxglassets/textures/fxgl_default_cursor.png
00:38:04.394 [JavaFX Application Thread] DEBUG Input                - Registered new binding: Screenshot - CTRL+8
00:38:04.394 [JavaFX Application Thread] DEBUG Input                - Registered new binding: Dev Options - 1
00:38:04.394 [JavaFX Application Thread] DEBUG Input                - Registered new binding: Dev Console - 2
00:38:04.394 [JavaFX Application Thread] DEBUG Input                - Registered new binding: System info dump - CTRL+9
00:38:04.395 [JavaFX Application Thread] DEBUG Input                - Registered new binding: Restart - CTRL+R
00:38:04.396 [JavaFX Application Thread] DEBUG Input                - Registered new binding: Toggle Debug Camera - CTRL+7
00:38:04.397 [FXGL Background Thread 4 ] DEBUG FXGLAssetLoaderServi - Loading from file system: jar:file:///C:/Users/mbour/.m2/repository/com/github/almasb/fxgl/17/fxgl-17.jar!/fxglassets/ui/fonts/TerminalLandMono-Regular.otf
00:38:04.399 [JavaFX Application Thread] DEBUG LoopRunner           - Starting loop
00:38:04.410 [FXGL Background Thread 4 ] DEBUG FXGLAssetLoaderServi - Loading from file system: jar:file:///C:/Users/mbour/.m2/repository/com/github/almasb/fxgl/17/fxgl-17.jar!/fxglassets/ui/fonts/Courier-Prime.ttf
00:38:04.414 [JavaFX Application Thread] DEBUG LoopRunner           - Initializing JavaFX AnimationTimerLoop
00:38:04.417 [JavaFX Application Thread] DEBUG Input                - Clearing active input actions
00:38:04.432 [JavaFX Application Thread] DEBUG GameApplicationServi - Removing overlay from FXGLStartupScene and adding to FXGLMainMenuDummyScene
00:38:04.436 [JavaFX Application Thread] DEBUG PrimaryStageWindow   - FXGLStartupScene -> FXGLMainMenuDummyScene
00:38:04.437 [JavaFX Application Thread] DEBUG PrimaryStageWindow   - Push state: FXGLDefaultMenu
00:38:04.440 [JavaFX Application Thread] DEBUG Input                - Clearing active input actions
00:38:04.450 [JavaFX Application Thread] DEBUG GameApplicationServi - Removing overlay from FXGLMainMenuDummyScene and adding to FXGLDefaultMenu
00:38:04.452 [JavaFX Application Thread] DEBUG PrimaryStageWindow   - FXGLMainMenuDummyScene -> FXGLDefaultMenu
00:38:04.694 [JavaFX Application Thread] DEBUG FXGLApplication      - Registering font factories with UI factory
00:38:04.849 [FXGL Background Thread 2 ] INFO  UpdaterService       - Your current version:  17
00:38:04.850 [FXGL Background Thread 2 ] INFO  UpdaterService       - Latest stable version: 21.1
00:38:05.239 [JavaFX Application Thread] DEBUG Menu                 - fireNewGame()
00:38:05.239 [JavaFX Application Thread] DEBUG GameApplicationServi - Starting new game
00:38:05.246 [JavaFX Application Thread] DEBUG PrimaryStageWindow   - Pop state: FXGLDefaultMenu
00:38:05.246 [JavaFX Application Thread] DEBUG Input                - Clearing active input actions
00:38:05.248 [JavaFX Application Thread] DEBUG GameApplicationServi - Removing overlay from FXGLDefaultMenu and adding to FXGLMainMenuDummyScene
00:38:05.250 [JavaFX Application Thread] DEBUG PrimaryStageWindow   - FXGLMainMenuDummyScene <- FXGLDefaultMenu
00:38:05.250 [JavaFX Application Thread] DEBUG Input                - Clearing active input actions
00:38:05.262 [JavaFX Application Thread] DEBUG GameApplicationServi - Removing overlay from FXGLMainMenuDummyScene and adding to FXGLLoadingScene
00:38:05.263 [JavaFX Application Thread] DEBUG PrimaryStageWindow   - FXGLMainMenuDummyScene -> FXGLLoadingScene
00:38:05.263 [JavaFX Application Thread] DEBUG GameApplicationServi - Clearing previous game
00:38:05.263 [JavaFX Application Thread] DEBUG GameScene            - Clearing game scene
00:38:05.263 [JavaFX Application Thread] DEBUG GameWorld            - Clearing game world
00:38:05.263 [JavaFX Application Thread] DEBUG PhysicsWorld         - Clearing physics world
00:38:05.266 [FXGL Background Thread 2 ] DEBUG FXGLApplication      - Initializing game
00:38:05.348 [FXGL Background Thread 2 ] WARN  TMXLevelLoader       - TiledMap generated from 1.10.2. Supported version: 1.2.3. Some features may not be parsed fully.
00:38:05.418 [FXGL Background Thread 2 ] DEBUG TMXLevelLoader       - Parsed TiledMap: file:/C:/Users/mbour/OneDrive/Bureau/Zelda%20TOTK%20WINRAR/zeldaPuzzle/target/classes/assets/levels/mapFinal.tmx
00:38:05.419 [FXGL Background Thread 2 ] DEBUG TMXLevelLoader       - Creating tile layer entities
00:38:05.421 [FXGL Background Thread 2 ] DEBUG TilesetLoader        - Loading view for layer background
00:38:05.455 [FXGL Background Thread 2 ] DEBUG TilesetLoader        - Created buffer with size 4800.0x4800.0
00:38:05.667 [FXGL Background Thread 2 ] DEBUG TilesetLoader        - Loading view for layer devant
00:38:05.704 [FXGL Background Thread 2 ] DEBUG TilesetLoader        - Created buffer with size 4800.0x4800.0
00:38:05.761 [FXGL Background Thread 2 ] DEBUG TilesetLoader        - Loading view for layer devant1
00:38:05.798 [FXGL Background Thread 2 ] DEBUG TilesetLoader        - Created buffer with size 4800.0x4800.0
00:38:05.812 [FXGL Background Thread 2 ] DEBUG TMXLevelLoader       - Creating object layer entities
00:38:05.876 [FXGL Background Thread 2 ] DEBUG GameWorld            - Clearing removable entities
00:38:05.877 [FXGL Background Thread 2 ] DEBUG GameWorld            - Setting level: com.almasb.fxgl.entity.level.Level@7fb5ffd4
00:38:05.901 [FXGL Background Thread 2 ] WARN  GameWorld            - Entity is already attached to world
00:38:05.902 [FXGL Background Thread 2 ] WARN  GameWorld            - Entity is already attached to world
00:38:05.908 [FXGL Background Thread 2 ] INFO  FXGLApplication      - Game initialization took: 0,642 sec
00:38:05.909 [JavaFX Application Thread] DEBUG Input                - Clearing active input actions
00:38:05.916 [JavaFX Application Thread] DEBUG GameApplicationServi - Removing overlay from FXGLLoadingScene and adding to GameScene
00:38:05.917 [JavaFX Application Thread] DEBUG PrimaryStageWindow   - FXGLLoadingScene -> GameScene
00:38:07.330 [FXGL Background Thread 3 ] DEBUG Engine               - Logging environment variables
00:38:07.330 [FXGL Background Thread 3 ] DEBUG Engine               - achievements: []
00:38:07.330 [FXGL Background Thread 3 ] DEBUG Engine               - actualHeight: 800.0
00:38:07.330 [FXGL Background Thread 3 ] DEBUG Engine               - actualHeightProperty: ReadOnlyDoubleProperty [value: 800.0]
00:38:07.330 [FXGL Background Thread 3 ] DEBUG Engine               - actualWidth: 800.0
00:38:07.330 [FXGL Background Thread 3 ] DEBUG Engine               - actualWidthProperty: ReadOnlyDoubleProperty [value: 800.0]
00:38:07.331 [FXGL Background Thread 3 ] DEBUG Engine               - appIcon: fxgl_icon.png
00:38:07.331 [FXGL Background Thread 3 ] DEBUG Engine               - applicationMode: DEVELOPER
00:38:07.331 [FXGL Background Thread 3 ] DEBUG Engine               - cSSList: [fxgl_dark.css]
00:38:07.331 [FXGL Background Thread 3 ] DEBUG Engine               - collisionDetectionStrategy: BRUTE_FORCE
00:38:07.331 [FXGL Background Thread 3 ] DEBUG Engine               - configClass: Optional.empty
00:38:07.331 [FXGL Background Thread 3 ] DEBUG Engine               - credits: []
00:38:07.331 [FXGL Background Thread 3 ] DEBUG Engine               - defaultCursor: CursorInfo(imageName=fxgl_default_cursor.png, hotspotX=7.0, hotspotY=6.0)
00:38:07.331 [FXGL Background Thread 3 ] DEBUG Engine               - devBBoxColorProperty: ObjectProperty [value: 0xff0000ff]
00:38:07.331 [FXGL Background Thread 3 ] DEBUG Engine               - devEnableDebugCameraProperty: BooleanProperty [value: false]
00:38:07.331 [FXGL Background Thread 3 ] DEBUG Engine               - devSensorColorProperty: ObjectProperty [value: 0xffff00ff]
00:38:07.331 [FXGL Background Thread 3 ] DEBUG Engine               - devShowBBoxProperty: BooleanProperty [value: false]
00:38:07.332 [FXGL Background Thread 3 ] DEBUG Engine               - devShowPositionProperty: BooleanProperty [value: false]
00:38:07.332 [FXGL Background Thread 3 ] DEBUG Engine               - enabledMenuItems: []
00:38:07.332 [FXGL Background Thread 3 ] DEBUG Engine               - engineServices: [class com.almasb.fxgl.app.services.FXGLAssetLoaderService, class com.almasb.fxgl.app.FXGLApplication$GameApplicationService, class com.almasb.fxgl.app.services.FXGLDialogService, class com.almasb.fxgl.app.services.IOTaskExecutorService, class com.almasb.fxgl.io.FileSystemService, class com.almasb.fxgl.localization.LocalizationService, class com.almasb.fxgl.app.services.SystemBundleService, class com.almasb.fxgl.profile.SaveLoadService, class com.almasb.fxgl.ui.FXGLUIFactoryServiceProvider, class com.almasb.fxgl.ui.FXGLDialogFactoryServiceProvider, class com.almasb.fxgl.audio.AudioPlayer, class com.almasb.fxgl.notification.impl.NotificationServiceProvider, class com.almasb.fxgl.achievement.AchievementService, class com.almasb.fxgl.cutscene.CutsceneService, class com.almasb.fxgl.minigames.MiniGameService, class com.almasb.fxgl.net.NetService, class com.almasb.fxgl.app.services.UpdaterService, class com.almasb.fxgl.dev.DevService]
00:38:07.332 [FXGL Background Thread 3 ] DEBUG Engine               - fontGame: Abel-Regular.ttf
00:38:07.332 [FXGL Background Thread 3 ] DEBUG Engine               - fontMono: TerminalLandMono-Regular.otf
00:38:07.332 [FXGL Background Thread 3 ] DEBUG Engine               - fontText: Courier-Prime.ttf
00:38:07.332 [FXGL Background Thread 3 ] DEBUG Engine               - fontUI: VarelaRound-Regular.ttf
00:38:07.332 [FXGL Background Thread 3 ] DEBUG Engine               - fullScreen: BooleanProperty [value: false]
00:38:07.332 [FXGL Background Thread 3 ] DEBUG Engine               - gameDifficulty: MEDIUM
00:38:07.332 [FXGL Background Thread 3 ] DEBUG Engine               - gameDifficultyProperty: ObjectProperty [value: MEDIUM]
00:38:07.332 [FXGL Background Thread 3 ] DEBUG Engine               - globalMusicVolume: 0.5
00:38:07.332 [FXGL Background Thread 3 ] DEBUG Engine               - globalMusicVolumeProperty: DoubleProperty [value: 0.5]
00:38:07.333 [FXGL Background Thread 3 ] DEBUG Engine               - globalSoundVolume: 0.5
00:38:07.333 [FXGL Background Thread 3 ] DEBUG Engine               - globalSoundVolumeProperty: DoubleProperty [value: 0.5]
00:38:07.333 [FXGL Background Thread 3 ] DEBUG Engine               - height: 800
00:38:07.333 [FXGL Background Thread 3 ] DEBUG Engine               - is3D: false
00:38:07.333 [FXGL Background Thread 3 ] DEBUG Engine               - isAndroid: false
00:38:07.333 [FXGL Background Thread 3 ] DEBUG Engine               - isBrowser: false
00:38:07.333 [FXGL Background Thread 3 ] DEBUG Engine               - isClickFeedbackEnabled: false
00:38:07.333 [FXGL Background Thread 3 ] DEBUG Engine               - isCloseConfirmation: false
00:38:07.333 [FXGL Background Thread 3 ] DEBUG Engine               - isDesktop: true
00:38:07.333 [FXGL Background Thread 3 ] DEBUG Engine               - isDeveloperMenuEnabled: true
00:38:07.333 [FXGL Background Thread 3 ] DEBUG Engine               - isEmbedded: false
00:38:07.333 [FXGL Background Thread 3 ] DEBUG Engine               - isEntityPreloadEnabled: true
00:38:07.333 [FXGL Background Thread 3 ] DEBUG Engine               - isExperimentalTiledLargeMap: false
00:38:07.333 [FXGL Background Thread 3 ] DEBUG Engine               - isFileSystemWriteAllowed: true
00:38:07.333 [FXGL Background Thread 3 ] DEBUG Engine               - isFullScreenAllowed: true
00:38:07.333 [FXGL Background Thread 3 ] DEBUG Engine               - isFullScreenFromStart: false
00:38:07.333 [FXGL Background Thread 3 ] DEBUG Engine               - isGameMenuEnabled: true
00:38:07.333 [FXGL Background Thread 3 ] DEBUG Engine               - isIOS: false
00:38:07.333 [FXGL Background Thread 3 ] DEBUG Engine               - isIntroEnabled: false
00:38:07.333 [FXGL Background Thread 3 ] DEBUG Engine               - isLinux: false
00:38:07.334 [FXGL Background Thread 3 ] DEBUG Engine               - isMac: false
00:38:07.334 [FXGL Background Thread 3 ] DEBUG Engine               - isMainMenuEnabled: true
00:38:07.334 [FXGL Background Thread 3 ] DEBUG Engine               - isManualResizeEnabled: false
00:38:07.334 [FXGL Background Thread 3 ] DEBUG Engine               - isMobile: false
00:38:07.334 [FXGL Background Thread 3 ] DEBUG Engine               - isNative: false
00:38:07.334 [FXGL Background Thread 3 ] DEBUG Engine               - isPauseMusicWhenMinimized: true
00:38:07.334 [FXGL Background Thread 3 ] DEBUG Engine               - isPreserveResizeRatio: false
00:38:07.334 [FXGL Background Thread 3 ] DEBUG Engine               - isProfilingEnabled: false
00:38:07.334 [FXGL Background Thread 3 ] DEBUG Engine               - isScaleAffectedOnResize: true
00:38:07.334 [FXGL Background Thread 3 ] DEBUG Engine               - isSingleStep: false
00:38:07.334 [FXGL Background Thread 3 ] DEBUG Engine               - isUserProfileEnabled: false
00:38:07.334 [FXGL Background Thread 3 ] DEBUG Engine               - isWindows: true
00:38:07.334 [FXGL Background Thread 3 ] DEBUG Engine               - language: ObjectProperty [value: ENGLISH]
00:38:07.334 [FXGL Background Thread 3 ] DEBUG Engine               - menuKey: ESCAPE
00:38:07.334 [FXGL Background Thread 3 ] DEBUG Engine               - mouseSensitivity: 0.2
00:38:07.334 [FXGL Background Thread 3 ] DEBUG Engine               - notificationViewClass: class com.almasb.fxgl.notification.view.XboxNotificationView
00:38:07.334 [FXGL Background Thread 3 ] DEBUG Engine               - pixelsPerMeter: 50.0
00:38:07.334 [FXGL Background Thread 3 ] DEBUG Engine               - platform: WINDOWS
00:38:07.334 [FXGL Background Thread 3 ] DEBUG Engine               - prefHeightProperty: ReadOnlyDoubleProperty [value: 800.0]
00:38:07.334 [FXGL Background Thread 3 ] DEBUG Engine               - prefWidthProperty: ReadOnlyDoubleProperty [value: 800.0]
00:38:07.334 [FXGL Background Thread 3 ] DEBUG Engine               - profileDir: profiles/
00:38:07.334 [FXGL Background Thread 3 ] DEBUG Engine               - profileName: StringProperty [value: DEFAULT]
00:38:07.335 [FXGL Background Thread 3 ] DEBUG Engine               - randomSeed: -1
00:38:07.335 [FXGL Background Thread 3 ] DEBUG Engine               - runtimeInfo: RuntimeInfo(platform=WINDOWS, version=17, build=31.12.2021 18.16)
00:38:07.335 [FXGL Background Thread 3 ] DEBUG Engine               - saveFileExt: sav
00:38:07.335 [FXGL Background Thread 3 ] DEBUG Engine               - scaledHeightProp$fxgl: DoubleProperty [bound, value: 800.0]
00:38:07.335 [FXGL Background Thread 3 ] DEBUG Engine               - scaledWidthProp$fxgl: DoubleProperty [bound, value: 800.0]
00:38:07.335 [FXGL Background Thread 3 ] DEBUG Engine               - sceneFactory: com.almasb.fxgl.app.scene.SceneFactory@1e1e3329
00:38:07.335 [FXGL Background Thread 3 ] DEBUG Engine               - secondsIn24h: 60
00:38:07.335 [FXGL Background Thread 3 ] DEBUG Engine               - soundMenuBack: menu/back.wav
00:38:07.335 [FXGL Background Thread 3 ] DEBUG Engine               - soundMenuPress: menu/press.wav
00:38:07.335 [FXGL Background Thread 3 ] DEBUG Engine               - soundMenuSelect: menu/select.wav
00:38:07.336 [FXGL Background Thread 3 ] DEBUG Engine               - soundNotification: core/notification.wav
00:38:07.336 [FXGL Background Thread 3 ] DEBUG Engine               - stageStyle: DECORATED
00:38:07.336 [FXGL Background Thread 3 ] DEBUG Engine               - supportedLanguages: [ENGLISH, FRENCH, GERMAN, HUNGARIAN, RUSSIAN]
00:38:07.336 [FXGL Background Thread 3 ] DEBUG Engine               - ticksPerSecond: -1
00:38:07.336 [FXGL Background Thread 3 ] DEBUG Engine               - title: Zelda 2D Game
00:38:07.336 [FXGL Background Thread 3 ] DEBUG Engine               - urlGithub: https://github.com/AlmasB/FXGL
00:38:07.336 [FXGL Background Thread 3 ] DEBUG Engine               - urlLeaderboard: http://fxgl-top.herokuapp.com/
00:38:07.336 [FXGL Background Thread 3 ] DEBUG Engine               - urlPOM: https://raw.githubusercontent.com/AlmasB/FXGL/release/README.md
00:38:07.336 [FXGL Background Thread 3 ] DEBUG Engine               - userAppClass: class com.example.zeldapuzzle.MainGameApp
00:38:07.336 [FXGL Background Thread 3 ] DEBUG Engine               - version: 1
00:38:07.336 [FXGL Background Thread 3 ] DEBUG Engine               - versionCheckDays: 7
00:38:07.336 [FXGL Background Thread 3 ] DEBUG Engine               - width: 800
00:38:07.337 [FXGL Background Thread 3 ] DEBUG Engine               - Logging services
00:38:07.337 [FXGL Background Thread 3 ] DEBUG Engine               - class com.almasb.fxgl.app.services.FXGLAssetLoaderService
00:38:07.337 [FXGL Background Thread 3 ] DEBUG Engine               - class com.almasb.fxgl.app.FXGLApplication$GameApplicationService
00:38:07.337 [FXGL Background Thread 3 ] DEBUG Engine               - class com.almasb.fxgl.app.services.FXGLDialogService
00:38:07.337 [FXGL Background Thread 3 ] DEBUG Engine               - class com.almasb.fxgl.app.services.IOTaskExecutorService
00:38:07.337 [FXGL Background Thread 3 ] DEBUG Engine               - class com.almasb.fxgl.io.FileSystemService
00:38:07.337 [FXGL Background Thread 3 ] DEBUG Engine               - class com.almasb.fxgl.localization.LocalizationService
00:38:07.337 [FXGL Background Thread 3 ] DEBUG Engine               - class com.almasb.fxgl.app.services.SystemBundleService
00:38:07.337 [FXGL Background Thread 3 ] DEBUG Engine               - class com.almasb.fxgl.profile.SaveLoadService
00:38:07.337 [FXGL Background Thread 3 ] DEBUG Engine               - class com.almasb.fxgl.ui.FXGLUIFactoryServiceProvider
00:38:07.337 [FXGL Background Thread 3 ] DEBUG Engine               - class com.almasb.fxgl.ui.FXGLDialogFactoryServiceProvider
00:38:07.337 [FXGL Background Thread 3 ] DEBUG Engine               - class com.almasb.fxgl.audio.AudioPlayer
00:38:07.337 [FXGL Background Thread 3 ] DEBUG Engine               - class com.almasb.fxgl.notification.impl.NotificationServiceProvider
00:38:07.337 [FXGL Background Thread 3 ] DEBUG Engine               - class com.almasb.fxgl.achievement.AchievementService
00:38:07.337 [FXGL Background Thread 3 ] DEBUG Engine               - class com.almasb.fxgl.cutscene.CutsceneService
00:38:07.337 [FXGL Background Thread 3 ] DEBUG Engine               - class com.almasb.fxgl.minigames.MiniGameService
00:38:07.337 [FXGL Background Thread 3 ] DEBUG Engine               - class com.almasb.fxgl.net.NetService
00:38:07.337 [FXGL Background Thread 3 ] DEBUG Engine               - class com.almasb.fxgl.app.services.UpdaterService
00:38:07.337 [FXGL Background Thread 3 ] DEBUG Engine               - class com.almasb.fxgl.dev.DevService
00:38:10.435 [JavaFX Application Thread] DEBUG FXGLApplication      - Exiting FXGL
00:38:10.435 [JavaFX Application Thread] DEBUG LoopRunner           - Stopping loop
00:38:10.436 [JavaFX Application Thread] DEBUG SystemBundleService  - Saving FXGL system data
00:38:10.437 [JavaFX Application Thread] DEBUG FileSystemAccess     - Writing to: C:\Users\mbour\OneDrive\Bureau\Zelda TOTK WINRAR\zeldaPuzzle\system\fxgl.bundle
00:38:10.439 [JavaFX Application Thread] DEBUG Async                - Shutting down background threads
00:38:10.440 [JavaFX Application Thread] DEBUG PrimaryStageWindow   - Closing main window
00:38:10.456 [JavaFX Application Thread] DEBUG Logger               - Closing Logger
