00:19:20.528 [main                     ] DEBUG Logger               - Configured Logger
00:19:20.542 [main                     ] DEBUG GameApplication      - Logging settings
Title: Zelda 2D Game
Version: 1
Width: 800
Height: 800
Fullscreen: true
Intro: false
Profiling: false
Single step:false
App Mode: DEVELOPER
Menu Key: ESCAPE
Stage Style: DECORATED
Scene Factory: class com.almasb.fxgl.app.scene.SceneFactory

00:19:20.672 [JavaFX Application Thread] DEBUG FXGLApplication      - Initializing FXGL
00:19:20.676 [JavaFX Application Thread] INFO  Engine               - FXGL-17 (31.12.2021 18.16) on WINDOWS (J:21.0.2 FX:19)
00:19:20.676 [JavaFX Application Thread] DEBUG Engine               - JRE Vendor Name: Oracle Corporation
00:19:20.677 [JavaFX Application Thread] DEBUG Engine               - Running on OS: Windows 10 version 10.0
00:19:20.677 [JavaFX Application Thread] DEBUG Engine               - Architecture: amd64
00:19:20.677 [JavaFX Application Thread] INFO  Engine               - Source code and latest versions at: https://github.com/AlmasB/FXGL
00:19:20.677 [JavaFX Application Thread] INFO  Engine               -       Ask questions and discuss at: https://github.com/AlmasB/FXGL/discussions
00:19:20.677 [JavaFX Application Thread] INFO  Engine               -              Join the FXGL chat at: https://gitter.im/AlmasB/FXGL
00:19:20.751 [JavaFX Application Thread] DEBUG PrimaryStageWindow   - Creating a JavaFX scene
00:19:20.795 [JavaFX Application Thread] DEBUG PrimaryStageWindow   - Target settings size: 800.0 x 800.0
00:19:20.795 [JavaFX Application Thread] DEBUG PrimaryStageWindow   - Scaled scene size:    800.0 x 800.0
00:19:20.795 [JavaFX Application Thread] DEBUG PrimaryStageWindow   - Scaled ratio: (1.0, 1.0)
00:19:20.796 [JavaFX Application Thread] DEBUG PrimaryStageWindow   - Set initial scene to FXGLStartupScene
00:19:20.800 [JavaFX Application Thread] DEBUG PrimaryStageWindow   - Opening main window
00:19:20.877 [JavaFX Application Thread] DEBUG PrimaryStageWindow   - Window border size: (16.0, 39.0)
00:19:20.878 [JavaFX Application Thread] DEBUG PrimaryStageWindow   - Scaled size: 800.0 x 800.0
00:19:20.878 [JavaFX Application Thread] DEBUG PrimaryStageWindow   - Scaled ratio: (1.0, 1.0)
00:19:20.878 [JavaFX Application Thread] DEBUG PrimaryStageWindow   - Scene size: 800.0 x 800.0
00:19:20.878 [JavaFX Application Thread] DEBUG PrimaryStageWindow   - Stage size: 816.0 x 839.0
00:19:20.886 [FXGL Background Thread 1 ] DEBUG Engine               - Initializing environment variables
00:19:20.930 [FXGL Background Thread 1 ] DEBUG FXGLAssetLoaderServi - User app class for loading assets: class com.example.zeldapuzzle.MainGameApp
00:19:20.930 [FXGL Background Thread 1 ] DEBUG GameApplicationServi - Applying CSS: fxgl_dark.css
00:19:20.931 [FXGL Background Thread 1 ] DEBUG FXGLAssetLoaderServi - Loading from file system: jar:file:///C:/Users/mbour/.m2/repository/com/github/almasb/fxgl/17/fxgl-17.jar!/fxglassets/ui/css/fxgl_dark.css
00:19:20.968 [FXGL Background Thread 1 ] DEBUG GameApplicationServi - Initializing application scenes
00:19:21.004 [FXGL Background Thread 1 ] DEBUG GameWorld            - Game world initialized
00:19:21.060 [FXGL Background Thread 1 ] DEBUG PhysicsWorld         - Physics world initialized: appHeight=800, physics.ppm=50,0
00:19:21.060 [FXGL Background Thread 1 ] DEBUG PhysicsWorld         - Using strategy: BRUTE_FORCE
00:19:21.063 [FXGL Background Thread 1 ] DEBUG GameScene            - Game scene initialized: 800x800
00:19:21.073 [FXGL Background Thread 1 ] DEBUG FXGL.DefaultMenu     - createMenuBodyMainMenu()
00:19:21.086 [FXGL Background Thread 1 ] DEBUG FXGL.DefaultMenu     - createOptionsMenu()
00:19:21.092 [FXGL Background Thread 1 ] DEBUG FXGLAssetLoaderServi - Loading from file system: jar:file:///C:/Users/mbour/.m2/repository/com/github/almasb/fxgl/17/fxgl-17.jar!/fxglassets/textures/particles/smoke.png
00:19:21.155 [FXGL Background Thread 1 ] DEBUG FXGLAssetLoaderServi - Loading from file system: jar:file:///C:/Users/mbour/.m2/repository/com/github/almasb/fxgl/17/fxgl-17.jar!/fxglassets/textures/particles/trace_horizontal.png
00:19:21.171 [FXGL Background Thread 1 ] DEBUG FXGL.DefaultMenu     - createMenuBodyGameMenu()
00:19:21.172 [FXGL Background Thread 1 ] DEBUG FXGL.DefaultMenu     - createOptionsMenu()
00:19:21.185 [FXGL Background Thread 1 ] DEBUG GameApplicationServi - Application scenes initialized
00:19:21.196 [FXGL Background Thread 1 ] DEBUG SystemBundleService  - Loading FXGL system data
00:19:21.200 [FXGL Background Thread 1 ] DEBUG FileSystemAccess     - Reading from: C:\Users\mbour\OneDrive\Bureau\Zelda TOTK WINRAR\zeldaPuzzle\system\fxgl.bundle
00:19:21.209 [FXGL Background Thread 1 ] DEBUG SystemBundleService  - Bundle FXGL: {}
00:19:21.209 [FXGL Background Thread 1 ] DEBUG UpdaterService       - Checking for updates
00:19:21.235 [FXGL Background Thread 4 ] DEBUG FXGLApplication      - Loading fonts
00:19:21.236 [FXGL Background Thread 1 ] DEBUG FXGLApplication      - Loading default localization
00:19:21.236 [FXGL Background Thread 4 ] DEBUG FXGLAssetLoaderServi - Loading from file system: jar:file:///C:/Users/mbour/.m2/repository/com/github/almasb/fxgl/17/fxgl-17.jar!/fxglassets/ui/fonts/VarelaRound-Regular.ttf
00:19:21.236 [FXGL Background Thread 1 ] DEBUG FXGLAssetLoaderServi - Loading from file system: jar:file:///C:/Users/mbour/.m2/repository/com/github/almasb/fxgl/17/fxgl-17.jar!/fxglassets/languages/english.lang
00:19:21.253 [FXGL Background Thread 1 ] INFO  FXGLApplication      - FXGL initialization took: 0,366 sec
00:19:21.265 [JavaFX Application Thread] DEBUG Input                - Registered new binding: getPosition - P
00:19:21.265 [JavaFX Application Thread] DEBUG Input                - Registered new binding: zoom+ - Up
00:19:21.265 [JavaFX Application Thread] DEBUG Input                - Registered new binding: zoom- - Down
00:19:21.265 [JavaFX Application Thread] DEBUG Input                - Registered new binding: resetZoom - 0
00:19:21.266 [JavaFX Application Thread] DEBUG Input                - Registered new binding: Move right - D
00:19:21.266 [JavaFX Application Thread] DEBUG Input                - Registered new binding: Move left - A
00:19:21.266 [JavaFX Application Thread] DEBUG Input                - Registered new binding: Move Up - W
00:19:21.267 [JavaFX Application Thread] DEBUG Input                - Registered new binding: Move Down - S
00:19:21.267 [JavaFX Application Thread] DEBUG FXGLAssetLoaderServi - Loading from file system: jar:file:///C:/Users/mbour/.m2/repository/com/github/almasb/fxgl/17/fxgl-17.jar!/fxglassets/textures/fxgl_icon.png
00:19:21.270 [FXGL Background Thread 4 ] DEBUG FXGLAssetLoaderServi - Loading from file system: jar:file:///C:/Users/mbour/.m2/repository/com/github/almasb/fxgl/17/fxgl-17.jar!/fxglassets/ui/fonts/Abel-Regular.ttf
00:19:21.280 [FXGL Background Thread 4 ] DEBUG FXGLAssetLoaderServi - Loading from file system: jar:file:///C:/Users/mbour/.m2/repository/com/github/almasb/fxgl/17/fxgl-17.jar!/fxglassets/ui/fonts/TerminalLandMono-Regular.otf
00:19:21.284 [JavaFX Application Thread] DEBUG FXGLAssetLoaderServi - Loading from file system: jar:file:///C:/Users/mbour/.m2/repository/com/github/almasb/fxgl/17/fxgl-17.jar!/fxglassets/textures/fxgl_default_cursor.png
00:19:21.287 [JavaFX Application Thread] DEBUG Input                - Registered new binding: Screenshot - CTRL+8
00:19:21.288 [JavaFX Application Thread] DEBUG Input                - Registered new binding: Dev Options - 1
00:19:21.288 [JavaFX Application Thread] DEBUG Input                - Registered new binding: Dev Console - 2
00:19:21.289 [JavaFX Application Thread] DEBUG Input                - Registered new binding: System info dump - CTRL+9
00:19:21.289 [JavaFX Application Thread] DEBUG Input                - Registered new binding: Restart - CTRL+R
00:19:21.290 [JavaFX Application Thread] DEBUG Input                - Registered new binding: Toggle Debug Camera - CTRL+7
00:19:21.293 [FXGL Background Thread 4 ] DEBUG FXGLAssetLoaderServi - Loading from file system: jar:file:///C:/Users/mbour/.m2/repository/com/github/almasb/fxgl/17/fxgl-17.jar!/fxglassets/ui/fonts/Courier-Prime.ttf
00:19:21.304 [JavaFX Application Thread] DEBUG LoopRunner           - Initializing JavaFX AnimationTimerLoop
00:19:21.307 [JavaFX Application Thread] DEBUG Input                - Clearing active input actions
00:19:21.316 [JavaFX Application Thread] DEBUG GameApplicationServi - Removing overlay from FXGLStartupScene and adding to FXGLMainMenuDummyScene
00:19:21.322 [JavaFX Application Thread] DEBUG PrimaryStageWindow   - FXGLStartupScene -> FXGLMainMenuDummyScene
00:19:21.323 [JavaFX Application Thread] DEBUG PrimaryStageWindow   - Push state: FXGLDefaultMenu
00:19:21.326 [JavaFX Application Thread] DEBUG Input                - Clearing active input actions
00:19:21.334 [JavaFX Application Thread] DEBUG GameApplicationServi - Removing overlay from FXGLMainMenuDummyScene and adding to FXGLDefaultMenu
00:19:21.334 [JavaFX Application Thread] DEBUG PrimaryStageWindow   - FXGLMainMenuDummyScene -> FXGLDefaultMenu
00:19:21.338 [JavaFX Application Thread] DEBUG FXGLApplication      - Registering font factories with UI factory
00:19:21.665 [FXGL Background Thread 2 ] INFO  UpdaterService       - Your current version:  17
00:19:21.666 [FXGL Background Thread 2 ] INFO  UpdaterService       - Latest stable version: 21.1
00:19:23.467 [JavaFX Application Thread] DEBUG Menu                 - fireNewGame()
00:19:23.467 [JavaFX Application Thread] DEBUG GameApplicationServi - Starting new game
00:19:23.469 [JavaFX Application Thread] DEBUG PrimaryStageWindow   - Pop state: FXGLDefaultMenu
00:19:23.469 [JavaFX Application Thread] DEBUG Input                - Clearing active input actions
00:19:23.470 [JavaFX Application Thread] DEBUG GameApplicationServi - Removing overlay from FXGLDefaultMenu and adding to FXGLMainMenuDummyScene
00:19:23.472 [JavaFX Application Thread] DEBUG PrimaryStageWindow   - FXGLMainMenuDummyScene <- FXGLDefaultMenu
00:19:23.473 [JavaFX Application Thread] DEBUG Input                - Clearing active input actions
00:19:23.481 [JavaFX Application Thread] DEBUG GameApplicationServi - Removing overlay from FXGLMainMenuDummyScene and adding to FXGLLoadingScene
00:19:23.482 [JavaFX Application Thread] DEBUG PrimaryStageWindow   - FXGLMainMenuDummyScene -> FXGLLoadingScene
00:19:23.482 [JavaFX Application Thread] DEBUG GameApplicationServi - Clearing previous game
00:19:23.483 [JavaFX Application Thread] DEBUG GameScene            - Clearing game scene
00:19:23.483 [JavaFX Application Thread] DEBUG GameWorld            - Clearing game world
00:19:23.483 [JavaFX Application Thread] DEBUG PhysicsWorld         - Clearing physics world
00:19:23.486 [FXGL Background Thread 2 ] DEBUG FXGLApplication      - Initializing game
00:19:23.529 [FXGL Background Thread 2 ] WARN  TMXLevelLoader       - TiledMap generated from 1.10.2. Supported version: 1.2.3. Some features may not be parsed fully.
00:19:23.540 [FXGL Background Thread 2 ] DEBUG TMXLevelLoader       - Parsed TiledMap: file:/C:/Users/mbour/OneDrive/Bureau/Zelda%20TOTK%20WINRAR/zeldaPuzzle/target/classes/assets/levels/StartingMap.tmx
00:19:23.541 [FXGL Background Thread 2 ] DEBUG TMXLevelLoader       - Creating tile layer entities
00:19:23.543 [FXGL Background Thread 2 ] DEBUG TilesetLoader        - Loading view for layer Calque de Tuiles 1
00:19:23.546 [FXGL Background Thread 2 ] DEBUG TilesetLoader        - Created buffer with size 1920.0x1920.0
00:19:23.556 [FXGL Background Thread 2 ] DEBUG TilesetLoader        - Loading view for layer Calque de Tuiles 2
00:19:23.562 [FXGL Background Thread 2 ] DEBUG TilesetLoader        - Created buffer with size 1920.0x1920.0
00:19:23.572 [FXGL Background Thread 2 ] DEBUG TilesetLoader        - Loading view for layer Calque de Tuiles 3
00:19:23.582 [FXGL Background Thread 2 ] DEBUG TilesetLoader        - Created buffer with size 1920.0x1920.0
00:19:23.588 [FXGL Background Thread 2 ] DEBUG TMXLevelLoader       - Creating object layer entities
00:19:23.604 [FXGL Background Thread 2 ] DEBUG GameWorld            - Clearing removable entities
00:19:23.604 [FXGL Background Thread 2 ] DEBUG GameWorld            - Setting level: com.almasb.fxgl.entity.level.Level@880d18d
00:19:23.613 [FXGL Background Thread 2 ] WARN  GameWorld            - Entity is already attached to world
00:19:23.675 [FXGL Background Thread 2 ] WARN  GameWorld            - Entity is already attached to world
00:19:23.675 [FXGL Background Thread 2 ] INFO  FXGLApplication      - Game initialization took: 0,190 sec
00:19:23.676 [JavaFX Application Thread] DEBUG Input                - Clearing active input actions
00:19:23.681 [JavaFX Application Thread] DEBUG GameApplicationServi - Removing overlay from FXGLLoadingScene and adding to GameScene
00:19:23.682 [JavaFX Application Thread] DEBUG PrimaryStageWindow   - FXGLLoadingScene -> GameScene
00:19:24.234 [FXGL Background Thread 3 ] DEBUG Engine               - Logging environment variables
00:19:24.234 [FXGL Background Thread 3 ] DEBUG Engine               - achievements: []
00:19:24.234 [FXGL Background Thread 3 ] DEBUG Engine               - actualHeight: 800.0
00:19:24.234 [FXGL Background Thread 3 ] DEBUG Engine               - actualHeightProperty: ReadOnlyDoubleProperty [value: 800.0]
00:19:24.234 [FXGL Background Thread 3 ] DEBUG Engine               - actualWidth: 800.0
00:19:24.235 [FXGL Background Thread 3 ] DEBUG Engine               - actualWidthProperty: ReadOnlyDoubleProperty [value: 800.0]
00:19:24.235 [FXGL Background Thread 3 ] DEBUG Engine               - appIcon: fxgl_icon.png
00:19:24.235 [FXGL Background Thread 3 ] DEBUG Engine               - applicationMode: DEVELOPER
00:19:24.235 [FXGL Background Thread 3 ] DEBUG Engine               - cSSList: [fxgl_dark.css]
00:19:24.235 [FXGL Background Thread 3 ] DEBUG Engine               - collisionDetectionStrategy: BRUTE_FORCE
00:19:24.235 [FXGL Background Thread 3 ] DEBUG Engine               - configClass: Optional.empty
00:19:24.235 [FXGL Background Thread 3 ] DEBUG Engine               - credits: []
00:19:24.235 [FXGL Background Thread 3 ] DEBUG Engine               - defaultCursor: CursorInfo(imageName=fxgl_default_cursor.png, hotspotX=7.0, hotspotY=6.0)
00:19:24.235 [FXGL Background Thread 3 ] DEBUG Engine               - devBBoxColorProperty: ObjectProperty [value: 0xff0000ff]
00:19:24.235 [FXGL Background Thread 3 ] DEBUG Engine               - devEnableDebugCameraProperty: BooleanProperty [value: false]
00:19:24.235 [FXGL Background Thread 3 ] DEBUG Engine               - devSensorColorProperty: ObjectProperty [value: 0xffff00ff]
00:19:24.235 [FXGL Background Thread 3 ] DEBUG Engine               - devShowBBoxProperty: BooleanProperty [value: false]
00:19:24.235 [FXGL Background Thread 3 ] DEBUG Engine               - devShowPositionProperty: BooleanProperty [value: false]
00:19:24.236 [FXGL Background Thread 3 ] DEBUG Engine               - enabledMenuItems: []
00:19:24.236 [FXGL Background Thread 3 ] DEBUG Engine               - engineServices: [class com.almasb.fxgl.app.services.FXGLAssetLoaderService, class com.almasb.fxgl.app.FXGLApplication$GameApplicationService, class com.almasb.fxgl.app.services.FXGLDialogService, class com.almasb.fxgl.app.services.IOTaskExecutorService, class com.almasb.fxgl.io.FileSystemService, class com.almasb.fxgl.localization.LocalizationService, class com.almasb.fxgl.app.services.SystemBundleService, class com.almasb.fxgl.profile.SaveLoadService, class com.almasb.fxgl.ui.FXGLUIFactoryServiceProvider, class com.almasb.fxgl.ui.FXGLDialogFactoryServiceProvider, class com.almasb.fxgl.audio.AudioPlayer, class com.almasb.fxgl.notification.impl.NotificationServiceProvider, class com.almasb.fxgl.achievement.AchievementService, class com.almasb.fxgl.cutscene.CutsceneService, class com.almasb.fxgl.minigames.MiniGameService, class com.almasb.fxgl.net.NetService, class com.almasb.fxgl.app.services.UpdaterService, class com.almasb.fxgl.dev.DevService]
00:19:24.236 [FXGL Background Thread 3 ] DEBUG Engine               - fontGame: Abel-Regular.ttf
00:19:24.236 [FXGL Background Thread 3 ] DEBUG Engine               - fontMono: TerminalLandMono-Regular.otf
00:19:24.236 [FXGL Background Thread 3 ] DEBUG Engine               - fontText: Courier-Prime.ttf
00:19:24.236 [FXGL Background Thread 3 ] DEBUG Engine               - fontUI: VarelaRound-Regular.ttf
00:19:24.236 [FXGL Background Thread 3 ] DEBUG Engine               - fullScreen: BooleanProperty [value: false]
00:19:24.236 [FXGL Background Thread 3 ] DEBUG Engine               - gameDifficulty: MEDIUM
00:19:24.236 [FXGL Background Thread 3 ] DEBUG Engine               - gameDifficultyProperty: ObjectProperty [value: MEDIUM]
00:19:24.236 [FXGL Background Thread 3 ] DEBUG Engine               - globalMusicVolume: 0.5
00:19:24.236 [FXGL Background Thread 3 ] DEBUG Engine               - globalMusicVolumeProperty: DoubleProperty [value: 0.5]
00:19:24.236 [FXGL Background Thread 3 ] DEBUG Engine               - globalSoundVolume: 0.5
00:19:24.236 [FXGL Background Thread 3 ] DEBUG Engine               - globalSoundVolumeProperty: DoubleProperty [value: 0.5]
00:19:24.236 [FXGL Background Thread 3 ] DEBUG Engine               - height: 800
00:19:24.236 [FXGL Background Thread 3 ] DEBUG Engine               - is3D: false
00:19:24.236 [FXGL Background Thread 3 ] DEBUG Engine               - isAndroid: false
00:19:24.236 [FXGL Background Thread 3 ] DEBUG Engine               - isBrowser: false
00:19:24.236 [FXGL Background Thread 3 ] DEBUG Engine               - isClickFeedbackEnabled: false
00:19:24.236 [FXGL Background Thread 3 ] DEBUG Engine               - isCloseConfirmation: false
00:19:24.237 [FXGL Background Thread 3 ] DEBUG Engine               - isDesktop: true
00:19:24.237 [FXGL Background Thread 3 ] DEBUG Engine               - isDeveloperMenuEnabled: true
00:19:24.237 [FXGL Background Thread 3 ] DEBUG Engine               - isEmbedded: false
00:19:24.237 [FXGL Background Thread 3 ] DEBUG Engine               - isEntityPreloadEnabled: true
00:19:24.237 [FXGL Background Thread 3 ] DEBUG Engine               - isExperimentalTiledLargeMap: false
00:19:24.237 [FXGL Background Thread 3 ] DEBUG Engine               - isFileSystemWriteAllowed: true
00:19:24.237 [FXGL Background Thread 3 ] DEBUG Engine               - isFullScreenAllowed: true
00:19:24.237 [FXGL Background Thread 3 ] DEBUG Engine               - isFullScreenFromStart: false
00:19:24.237 [FXGL Background Thread 3 ] DEBUG Engine               - isGameMenuEnabled: true
00:19:24.237 [FXGL Background Thread 3 ] DEBUG Engine               - isIOS: false
00:19:24.237 [FXGL Background Thread 3 ] DEBUG Engine               - isIntroEnabled: false
00:19:24.237 [FXGL Background Thread 3 ] DEBUG Engine               - isLinux: false
00:19:24.237 [FXGL Background Thread 3 ] DEBUG Engine               - isMac: false
00:19:24.237 [FXGL Background Thread 3 ] DEBUG Engine               - isMainMenuEnabled: true
00:19:24.237 [FXGL Background Thread 3 ] DEBUG Engine               - isManualResizeEnabled: false
00:19:24.237 [FXGL Background Thread 3 ] DEBUG Engine               - isMobile: false
00:19:24.237 [FXGL Background Thread 3 ] DEBUG Engine               - isNative: false
00:19:24.237 [FXGL Background Thread 3 ] DEBUG Engine               - isPauseMusicWhenMinimized: true
00:19:24.237 [FXGL Background Thread 3 ] DEBUG Engine               - isPreserveResizeRatio: false
00:19:24.237 [FXGL Background Thread 3 ] DEBUG Engine               - isProfilingEnabled: false
00:19:24.237 [FXGL Background Thread 3 ] DEBUG Engine               - isScaleAffectedOnResize: true
00:19:24.237 [FXGL Background Thread 3 ] DEBUG Engine               - isSingleStep: false
00:19:24.238 [FXGL Background Thread 3 ] DEBUG Engine               - isUserProfileEnabled: false
00:19:24.238 [FXGL Background Thread 3 ] DEBUG Engine               - isWindows: true
00:19:24.238 [FXGL Background Thread 3 ] DEBUG Engine               - language: ObjectProperty [value: ENGLISH]
00:19:24.238 [FXGL Background Thread 3 ] DEBUG Engine               - menuKey: ESCAPE
00:19:24.238 [FXGL Background Thread 3 ] DEBUG Engine               - mouseSensitivity: 0.2
00:19:24.238 [FXGL Background Thread 3 ] DEBUG Engine               - notificationViewClass: class com.almasb.fxgl.notification.view.XboxNotificationView
00:19:24.238 [FXGL Background Thread 3 ] DEBUG Engine               - pixelsPerMeter: 50.0
00:19:24.238 [FXGL Background Thread 3 ] DEBUG Engine               - platform: WINDOWS
00:19:24.238 [FXGL Background Thread 3 ] DEBUG Engine               - prefHeightProperty: ReadOnlyDoubleProperty [value: 800.0]
00:19:24.238 [FXGL Background Thread 3 ] DEBUG Engine               - prefWidthProperty: ReadOnlyDoubleProperty [value: 800.0]
00:19:24.238 [FXGL Background Thread 3 ] DEBUG Engine               - profileDir: profiles/
00:19:24.238 [FXGL Background Thread 3 ] DEBUG Engine               - profileName: StringProperty [value: DEFAULT]
00:19:24.238 [FXGL Background Thread 3 ] DEBUG Engine               - randomSeed: -1
00:19:24.238 [FXGL Background Thread 3 ] DEBUG Engine               - runtimeInfo: RuntimeInfo(platform=WINDOWS, version=17, build=31.12.2021 18.16)
00:19:24.238 [FXGL Background Thread 3 ] DEBUG Engine               - saveFileExt: sav
00:19:24.239 [FXGL Background Thread 3 ] DEBUG Engine               - scaledHeightProp$fxgl: DoubleProperty [bound, value: 800.0]
00:19:24.239 [FXGL Background Thread 3 ] DEBUG Engine               - scaledWidthProp$fxgl: DoubleProperty [bound, value: 800.0]
00:19:24.239 [FXGL Background Thread 3 ] DEBUG Engine               - sceneFactory: com.almasb.fxgl.app.scene.SceneFactory@e2371ae
00:19:24.239 [FXGL Background Thread 3 ] DEBUG Engine               - secondsIn24h: 60
00:19:24.239 [FXGL Background Thread 3 ] DEBUG Engine               - soundMenuBack: menu/back.wav
00:19:24.239 [FXGL Background Thread 3 ] DEBUG Engine               - soundMenuPress: menu/press.wav
00:19:24.239 [FXGL Background Thread 3 ] DEBUG Engine               - soundMenuSelect: menu/select.wav
00:19:24.239 [FXGL Background Thread 3 ] DEBUG Engine               - soundNotification: core/notification.wav
00:19:24.239 [FXGL Background Thread 3 ] DEBUG Engine               - stageStyle: DECORATED
00:19:24.239 [FXGL Background Thread 3 ] DEBUG Engine               - supportedLanguages: [ENGLISH, FRENCH, GERMAN, HUNGARIAN, RUSSIAN]
00:19:24.239 [FXGL Background Thread 3 ] DEBUG Engine               - ticksPerSecond: -1
00:19:24.239 [FXGL Background Thread 3 ] DEBUG Engine               - title: Zelda 2D Game
00:19:24.239 [FXGL Background Thread 3 ] DEBUG Engine               - urlGithub: https://github.com/AlmasB/FXGL
00:19:24.239 [FXGL Background Thread 3 ] DEBUG Engine               - urlLeaderboard: http://fxgl-top.herokuapp.com/
00:19:24.239 [FXGL Background Thread 3 ] DEBUG Engine               - urlPOM: https://raw.githubusercontent.com/AlmasB/FXGL/release/README.md
00:19:24.239 [FXGL Background Thread 3 ] DEBUG Engine               - userAppClass: class com.example.zeldapuzzle.MainGameApp
00:19:24.239 [FXGL Background Thread 3 ] DEBUG Engine               - version: 1
00:19:24.239 [FXGL Background Thread 3 ] DEBUG Engine               - versionCheckDays: 7
00:19:24.239 [FXGL Background Thread 3 ] DEBUG Engine               - width: 800
00:19:24.239 [FXGL Background Thread 3 ] DEBUG Engine               - Logging services
00:19:24.239 [FXGL Background Thread 3 ] DEBUG Engine               - class com.almasb.fxgl.app.services.FXGLAssetLoaderService
00:19:24.240 [FXGL Background Thread 3 ] DEBUG Engine               - class com.almasb.fxgl.app.FXGLApplication$GameApplicationService
00:19:24.240 [FXGL Background Thread 3 ] DEBUG Engine               - class com.almasb.fxgl.app.services.FXGLDialogService
00:19:24.240 [FXGL Background Thread 3 ] DEBUG Engine               - class com.almasb.fxgl.app.services.IOTaskExecutorService
00:19:24.240 [FXGL Background Thread 3 ] DEBUG Engine               - class com.almasb.fxgl.io.FileSystemService
00:19:24.240 [FXGL Background Thread 3 ] DEBUG Engine               - class com.almasb.fxgl.localization.LocalizationService
00:19:24.240 [FXGL Background Thread 3 ] DEBUG Engine               - class com.almasb.fxgl.app.services.SystemBundleService
00:19:24.240 [FXGL Background Thread 3 ] DEBUG Engine               - class com.almasb.fxgl.profile.SaveLoadService
00:19:24.240 [FXGL Background Thread 3 ] DEBUG Engine               - class com.almasb.fxgl.ui.FXGLUIFactoryServiceProvider
00:19:24.240 [FXGL Background Thread 3 ] DEBUG Engine               - class com.almasb.fxgl.ui.FXGLDialogFactoryServiceProvider
00:19:24.240 [FXGL Background Thread 3 ] DEBUG Engine               - class com.almasb.fxgl.audio.AudioPlayer
00:19:24.240 [FXGL Background Thread 3 ] DEBUG Engine               - class com.almasb.fxgl.notification.impl.NotificationServiceProvider
00:19:24.240 [FXGL Background Thread 3 ] DEBUG Engine               - class com.almasb.fxgl.achievement.AchievementService
00:19:24.240 [FXGL Background Thread 3 ] DEBUG Engine               - class com.almasb.fxgl.cutscene.CutsceneService
00:19:24.240 [FXGL Background Thread 3 ] DEBUG Engine               - class com.almasb.fxgl.minigames.MiniGameService
00:19:24.240 [FXGL Background Thread 3 ] DEBUG Engine               - class com.almasb.fxgl.net.NetService
00:19:24.240 [FXGL Background Thread 3 ] DEBUG Engine               - class com.almasb.fxgl.app.services.UpdaterService
00:19:24.240 [FXGL Background Thread 3 ] DEBUG Engine               - class com.almasb.fxgl.dev.DevService
00:19:26.159 [JavaFX Application Thread] WARN  TMXLevelLoader       - TiledMap generated from 1.10.2. Supported version: 1.2.3. Some features may not be parsed fully.
00:19:26.172 [JavaFX Application Thread] DEBUG TMXLevelLoader       - Parsed TiledMap: file:/C:/Users/mbour/OneDrive/Bureau/Zelda%20TOTK%20WINRAR/zeldaPuzzle/target/classes/assets/levels/donjonPasFini.tmx
00:19:26.172 [JavaFX Application Thread] DEBUG TMXLevelLoader       - Creating tile layer entities
00:19:26.172 [JavaFX Application Thread] DEBUG TilesetLoader        - Loading view for layer Calque de Tuiles 2
00:19:26.174 [JavaFX Application Thread] DEBUG TilesetLoader        - Created buffer with size 3200.0x960.0
00:19:26.206 [JavaFX Application Thread] WARN  TilesetLoader        - Diagonally flipped tiles are not currently supported
00:19:26.207 [JavaFX Application Thread] WARN  TilesetLoader        - Diagonally flipped tiles are not currently supported
00:19:26.207 [JavaFX Application Thread] WARN  TilesetLoader        - Diagonally flipped tiles are not currently supported
00:19:26.207 [JavaFX Application Thread] WARN  TilesetLoader        - Diagonally flipped tiles are not currently supported
00:19:26.208 [JavaFX Application Thread] WARN  TilesetLoader        - Diagonally flipped tiles are not currently supported
00:19:26.208 [JavaFX Application Thread] WARN  TilesetLoader        - Diagonally flipped tiles are not currently supported
00:19:26.208 [JavaFX Application Thread] WARN  TilesetLoader        - Diagonally flipped tiles are not currently supported
00:19:26.208 [JavaFX Application Thread] WARN  TilesetLoader        - Diagonally flipped tiles are not currently supported
00:19:26.209 [JavaFX Application Thread] WARN  TilesetLoader        - Diagonally flipped tiles are not currently supported
00:19:26.209 [JavaFX Application Thread] WARN  TilesetLoader        - Diagonally flipped tiles are not currently supported
00:19:26.209 [JavaFX Application Thread] DEBUG TilesetLoader        - Loading view for layer background
00:19:26.214 [JavaFX Application Thread] DEBUG TilesetLoader        - Created buffer with size 3200.0x960.0
00:19:26.220 [JavaFX Application Thread] DEBUG TilesetLoader        - Loading view for layer Calque de Tuiles 3
00:19:26.224 [JavaFX Application Thread] DEBUG TilesetLoader        - Created buffer with size 3200.0x960.0
00:19:26.226 [JavaFX Application Thread] DEBUG TilesetLoader        - Loading view for layer Calque de Tuiles 1
00:19:26.231 [JavaFX Application Thread] DEBUG TilesetLoader        - Created buffer with size 3200.0x960.0
00:19:26.233 [JavaFX Application Thread] DEBUG TMXLevelLoader       - Creating object layer entities
00:19:26.238 [JavaFX Application Thread] DEBUG GameWorld            - Clearing removable entities
00:19:26.241 [JavaFX Application Thread] DEBUG GameWorld            - Setting level: com.almasb.fxgl.entity.level.Level@53ddbff7
00:19:26.302 [JavaFX Application Thread] WARN  GameWorld            - Entity is already attached to world
00:19:50.768 [JavaFX Application Thread] DEBUG LoopRunner           - Pausing loop
00:22:51.007 [JavaFX Application Thread] DEBUG LoopRunner           - Resuming loop
00:22:51.759 [JavaFX Application Thread] DEBUG LoopRunner           - Pausing loop
00:26:00.528 [JavaFX Application Thread] DEBUG LoopRunner           - Resuming loop
00:26:12.487 [JavaFX Application Thread] DEBUG FXGLApplication      - Exiting FXGL
00:26:12.488 [JavaFX Application Thread] DEBUG LoopRunner           - Stopping loop
00:26:12.488 [JavaFX Application Thread] DEBUG SystemBundleService  - Saving FXGL system data
00:26:12.490 [JavaFX Application Thread] DEBUG FileSystemAccess     - Writing to: C:\Users\mbour\OneDrive\Bureau\Zelda TOTK WINRAR\zeldaPuzzle\system\fxgl.bundle
00:26:12.492 [JavaFX Application Thread] DEBUG Async                - Shutting down background threads
00:26:12.492 [JavaFX Application Thread] DEBUG PrimaryStageWindow   - Closing main window
00:26:12.502 [JavaFX Application Thread] DEBUG Logger               - Closing Logger
