16:28:45.860 [main                     ] DEBUG Logger               - Configured Logger
16:28:45.875 [main                     ] DEBUG GameApplication      - Logging settings
Title: Zelda 2D Game par ماستن
Version: 1
Width: 800
Height: 800
Fullscreen: true
Intro: false
Profiling: false
Single step:false
App Mode: DEVELOPER
Menu Key: ESCAPE
Stage Style: DECORATED
Scene Factory: class com.almasb.fxgl.app.scene.SceneFactory

16:28:45.937 [JavaFX Application Thread] DEBUG FXGLApplication      - Initializing FXGL
16:28:45.940 [JavaFX Application Thread] INFO  Engine               - FXGL-17 (31.12.2021 18.16) on WINDOWS (J:19.0.2 FX:19)
16:28:45.941 [JavaFX Application Thread] DEBUG Engine               - JRE Vendor Name: Amazon.com Inc.
16:28:45.941 [JavaFX Application Thread] DEBUG Engine               - Running on OS: Windows 11 version 10.0
16:28:45.941 [JavaFX Application Thread] DEBUG Engine               - Architecture: amd64
16:28:45.941 [JavaFX Application Thread] INFO  Engine               - Source code and latest versions at: https://github.com/AlmasB/FXGL
16:28:45.941 [JavaFX Application Thread] INFO  Engine               -       Ask questions and discuss at: https://github.com/AlmasB/FXGL/discussions
16:28:45.941 [JavaFX Application Thread] INFO  Engine               -              Join the FXGL chat at: https://gitter.im/AlmasB/FXGL
16:28:45.990 [JavaFX Application Thread] DEBUG PrimaryStageWindow   - Creating a JavaFX scene
16:28:46.026 [JavaFX Application Thread] DEBUG PrimaryStageWindow   - Target settings size: 800.0 x 800.0
16:28:46.026 [JavaFX Application Thread] DEBUG PrimaryStageWindow   - Scaled scene size:    800.0 x 800.0
16:28:46.027 [JavaFX Application Thread] DEBUG PrimaryStageWindow   - Scaled ratio: (1.0, 1.0)
16:28:46.027 [JavaFX Application Thread] DEBUG PrimaryStageWindow   - Set initial scene to FXGLStartupScene
16:28:46.032 [JavaFX Application Thread] DEBUG PrimaryStageWindow   - Opening main window
16:28:46.096 [JavaFX Application Thread] DEBUG PrimaryStageWindow   - Window border size: (16.0, 39.0)
16:28:46.097 [JavaFX Application Thread] DEBUG PrimaryStageWindow   - Scaled size: 800.0 x 800.0
16:28:46.097 [JavaFX Application Thread] DEBUG PrimaryStageWindow   - Scaled ratio: (1.0, 1.0)
16:28:46.097 [JavaFX Application Thread] DEBUG PrimaryStageWindow   - Scene size: 800.0 x 800.0
16:28:46.097 [JavaFX Application Thread] DEBUG PrimaryStageWindow   - Stage size: 816.0 x 839.0
16:28:46.108 [FXGL Background Thread 1 ] DEBUG Engine               - Initializing environment variables
16:28:46.163 [FXGL Background Thread 1 ] DEBUG FXGLAssetLoaderServi - User app class for loading assets: class com.example.zeldapuzzle.MainGameApp
16:28:46.163 [FXGL Background Thread 1 ] DEBUG GameApplicationServi - Applying CSS: fxgl_dark.css
16:28:46.165 [FXGL Background Thread 1 ] DEBUG FXGLAssetLoaderServi - Loading from file system: jar:file:///C:/Users/Utilisateur/.m2/repository/com/github/almasb/fxgl/17/fxgl-17.jar!/fxglassets/ui/css/fxgl_dark.css
16:28:46.222 [FXGL Background Thread 1 ] DEBUG GameApplicationServi - Initializing application scenes
16:28:46.283 [FXGL Background Thread 1 ] DEBUG GameWorld            - Game world initialized
16:28:46.347 [FXGL Background Thread 1 ] DEBUG PhysicsWorld         - Physics world initialized: appHeight=800, physics.ppm=50,0
16:28:46.348 [FXGL Background Thread 1 ] DEBUG PhysicsWorld         - Using strategy: BRUTE_FORCE
16:28:46.351 [FXGL Background Thread 1 ] DEBUG GameScene            - Game scene initialized: 800x800
16:28:46.366 [FXGL Background Thread 1 ] DEBUG FXGL.DefaultMenu     - createMenuBodyMainMenu()
16:28:46.383 [FXGL Background Thread 1 ] DEBUG FXGL.DefaultMenu     - createOptionsMenu()
16:28:46.391 [FXGL Background Thread 1 ] DEBUG FXGLAssetLoaderServi - Loading from file system: jar:file:///C:/Users/Utilisateur/.m2/repository/com/github/almasb/fxgl/17/fxgl-17.jar!/fxglassets/textures/particles/smoke.png
16:28:46.481 [FXGL Background Thread 1 ] DEBUG FXGLAssetLoaderServi - Loading from file system: jar:file:///C:/Users/Utilisateur/.m2/repository/com/github/almasb/fxgl/17/fxgl-17.jar!/fxglassets/textures/particles/trace_horizontal.png
16:28:46.508 [FXGL Background Thread 1 ] DEBUG FXGL.DefaultMenu     - createMenuBodyGameMenu()
16:28:46.510 [FXGL Background Thread 1 ] DEBUG FXGL.DefaultMenu     - createOptionsMenu()
16:28:46.521 [FXGL Background Thread 1 ] DEBUG GameApplicationServi - Application scenes initialized
16:28:46.529 [FXGL Background Thread 1 ] DEBUG SystemBundleService  - Loading FXGL system data
16:28:46.533 [FXGL Background Thread 1 ] DEBUG FileSystemAccess     - Reading from: C:\Users\Utilisateur\IdeaProjects\zeldaPuzzle\system\fxgl.bundle
16:28:46.539 [FXGL Background Thread 1 ] DEBUG SystemBundleService  - Bundle FXGL: {}
16:28:46.539 [FXGL Background Thread 1 ] DEBUG UpdaterService       - Checking for updates
16:28:46.558 [FXGL Background Thread 4 ] DEBUG FXGLApplication      - Loading fonts
16:28:46.559 [FXGL Background Thread 4 ] DEBUG FXGLAssetLoaderServi - Loading from file system: jar:file:///C:/Users/Utilisateur/.m2/repository/com/github/almasb/fxgl/17/fxgl-17.jar!/fxglassets/ui/fonts/VarelaRound-Regular.ttf
16:28:46.559 [FXGL Background Thread 1 ] DEBUG FXGLApplication      - Loading default localization
16:28:46.559 [FXGL Background Thread 1 ] DEBUG FXGLAssetLoaderServi - Loading from file system: jar:file:///C:/Users/Utilisateur/.m2/repository/com/github/almasb/fxgl/17/fxgl-17.jar!/fxglassets/languages/english.lang
16:28:46.608 [FXGL Background Thread 1 ] INFO  FXGLApplication      - FXGL initialization took: 0,500 sec
16:28:46.612 [FXGL Background Thread 4 ] DEBUG FXGLAssetLoaderServi - Loading from file system: jar:file:///C:/Users/Utilisateur/.m2/repository/com/github/almasb/fxgl/17/fxgl-17.jar!/fxglassets/ui/fonts/Abel-Regular.ttf
16:28:46.621 [FXGL Background Thread 4 ] DEBUG FXGLAssetLoaderServi - Loading from file system: jar:file:///C:/Users/Utilisateur/.m2/repository/com/github/almasb/fxgl/17/fxgl-17.jar!/fxglassets/ui/fonts/TerminalLandMono-Regular.otf
16:28:46.625 [JavaFX Application Thread] DEBUG Input                - Registered new binding: inventaire - Tab
16:28:46.625 [JavaFX Application Thread] DEBUG Input                - Registered new binding: getPosition - P
16:28:46.625 [JavaFX Application Thread] DEBUG Input                - Registered new binding: zoom+ - Up
16:28:46.625 [JavaFX Application Thread] DEBUG Input                - Registered new binding: zoom- - Down
16:28:46.626 [JavaFX Application Thread] DEBUG Input                - Registered new binding: resetZoom - 0
16:28:46.626 [JavaFX Application Thread] DEBUG Input                - Registered new binding: Move right - D
16:28:46.626 [JavaFX Application Thread] DEBUG Input                - Registered new binding: Move left - A
16:28:46.627 [JavaFX Application Thread] DEBUG Input                - Registered new binding: Move Up - W
16:28:46.627 [JavaFX Application Thread] DEBUG Input                - Registered new binding: Move Down - S
16:28:46.627 [JavaFX Application Thread] DEBUG FXGLAssetLoaderServi - Loading from file system: jar:file:///C:/Users/Utilisateur/.m2/repository/com/github/almasb/fxgl/17/fxgl-17.jar!/fxglassets/textures/fxgl_icon.png
16:28:46.627 [FXGL Background Thread 4 ] DEBUG FXGLAssetLoaderServi - Loading from file system: jar:file:///C:/Users/Utilisateur/.m2/repository/com/github/almasb/fxgl/17/fxgl-17.jar!/fxglassets/ui/fonts/Courier-Prime.ttf
16:28:46.645 [JavaFX Application Thread] DEBUG FXGLAssetLoaderServi - Loading from file system: jar:file:///C:/Users/Utilisateur/.m2/repository/com/github/almasb/fxgl/17/fxgl-17.jar!/fxglassets/textures/fxgl_default_cursor.png
16:28:46.648 [JavaFX Application Thread] DEBUG Input                - Registered new binding: Screenshot - CTRL+8
16:28:46.649 [JavaFX Application Thread] DEBUG Input                - Registered new binding: Dev Options - 1
16:28:46.650 [JavaFX Application Thread] DEBUG Input                - Registered new binding: Dev Console - 2
16:28:46.651 [JavaFX Application Thread] DEBUG Input                - Registered new binding: System info dump - CTRL+9
16:28:46.651 [JavaFX Application Thread] DEBUG Input                - Registered new binding: Restart - CTRL+R
16:28:46.652 [JavaFX Application Thread] DEBUG Input                - Registered new binding: Toggle Debug Camera - CTRL+7
16:28:46.654 [JavaFX Application Thread] DEBUG LoopRunner           - Starting loop
16:28:46.664 [JavaFX Application Thread] DEBUG LoopRunner           - Initializing JavaFX AnimationTimerLoop
16:28:46.666 [JavaFX Application Thread] DEBUG Input                - Clearing active input actions
16:28:46.672 [JavaFX Application Thread] DEBUG GameApplicationServi - Removing overlay from FXGLStartupScene and adding to FXGLMainMenuDummyScene
16:28:46.681 [JavaFX Application Thread] DEBUG PrimaryStageWindow   - FXGLStartupScene -> FXGLMainMenuDummyScene
16:28:46.681 [JavaFX Application Thread] DEBUG PrimaryStageWindow   - Push state: FXGLDefaultMenu
16:28:46.690 [JavaFX Application Thread] DEBUG Input                - Clearing active input actions
16:28:46.708 [JavaFX Application Thread] DEBUG GameApplicationServi - Removing overlay from FXGLMainMenuDummyScene and adding to FXGLDefaultMenu
16:28:46.709 [JavaFX Application Thread] DEBUG PrimaryStageWindow   - FXGLMainMenuDummyScene -> FXGLDefaultMenu
16:28:46.718 [JavaFX Application Thread] DEBUG FXGLApplication      - Registering font factories with UI factory
16:28:46.971 [FXGL Background Thread 2 ] INFO  UpdaterService       - Your current version:  17
16:28:46.971 [FXGL Background Thread 2 ] INFO  UpdaterService       - Latest stable version: 21.1
16:28:48.649 [JavaFX Application Thread] DEBUG Menu                 - fireNewGame()
16:28:48.649 [JavaFX Application Thread] DEBUG GameApplicationServi - Starting new game
16:28:48.651 [JavaFX Application Thread] DEBUG PrimaryStageWindow   - Pop state: FXGLDefaultMenu
16:28:48.651 [JavaFX Application Thread] DEBUG Input                - Clearing active input actions
16:28:48.653 [JavaFX Application Thread] DEBUG GameApplicationServi - Removing overlay from FXGLDefaultMenu and adding to FXGLMainMenuDummyScene
16:28:48.654 [JavaFX Application Thread] DEBUG PrimaryStageWindow   - FXGLMainMenuDummyScene <- FXGLDefaultMenu
16:28:48.654 [JavaFX Application Thread] DEBUG Input                - Clearing active input actions
16:28:48.662 [JavaFX Application Thread] DEBUG GameApplicationServi - Removing overlay from FXGLMainMenuDummyScene and adding to FXGLLoadingScene
16:28:48.662 [JavaFX Application Thread] DEBUG PrimaryStageWindow   - FXGLMainMenuDummyScene -> FXGLLoadingScene
16:28:48.663 [JavaFX Application Thread] DEBUG GameApplicationServi - Clearing previous game
16:28:48.663 [JavaFX Application Thread] DEBUG GameScene            - Clearing game scene
16:28:48.663 [JavaFX Application Thread] DEBUG GameWorld            - Clearing game world
16:28:48.663 [JavaFX Application Thread] DEBUG PhysicsWorld         - Clearing physics world
16:28:48.666 [FXGL Background Thread 2 ] DEBUG FXGLApplication      - Initializing game
16:28:48.706 [FXGL Background Thread 2 ] WARN  TMXLevelLoader       - TiledMap generated from 1.10.2. Supported version: 1.2.3. Some features may not be parsed fully.
16:28:48.724 [FXGL Background Thread 2 ] DEBUG TMXLevelLoader       - Parsed TiledMap: file:/C:/Users/Utilisateur/IdeaProjects/zeldaPuzzle/target/classes/assets/levels/MapDeMerde2.tmx
16:28:48.725 [FXGL Background Thread 2 ] DEBUG TMXLevelLoader       - Creating tile layer entities
16:28:48.726 [FXGL Background Thread 2 ] DEBUG TilesetLoader        - Loading view for layer Calque de Tuiles 1
16:28:48.761 [FXGL Background Thread 2 ] DEBUG TilesetLoader        - Created buffer with size 4800.0x4800.0
16:28:48.802 [FXGL Background Thread 2 ] DEBUG TMXLevelLoader       - Creating object layer entities
16:28:48.805 [FXGL Background Thread 2 ] DEBUG GameWorld            - Clearing removable entities
16:28:48.806 [FXGL Background Thread 2 ] DEBUG GameWorld            - Setting level: com.almasb.fxgl.entity.level.Level@4d124628
16:28:48.843 [FXGL Background Thread 2 ] WARN  GameWorld            - Entity is already attached to world
16:28:48.854 [FXGL Background Thread 2 ] WARN  GameWorld            - Entity is already attached to world
16:28:48.858 [FXGL Background Thread 2 ] WARN  GameWorld            - Entity is already attached to world
16:28:48.860 [FXGL Background Thread 2 ] INFO  FXGLApplication      - Game initialization took: 0,195 sec
16:28:48.866 [JavaFX Application Thread] DEBUG Input                - Clearing active input actions
16:28:48.872 [JavaFX Application Thread] DEBUG GameApplicationServi - Removing overlay from FXGLLoadingScene and adding to GameScene
16:28:48.874 [JavaFX Application Thread] DEBUG PrimaryStageWindow   - FXGLLoadingScene -> GameScene
16:28:49.558 [FXGL Background Thread 3 ] DEBUG Engine               - Logging environment variables
16:28:49.558 [FXGL Background Thread 3 ] DEBUG Engine               - achievements: []
16:28:49.558 [FXGL Background Thread 3 ] DEBUG Engine               - actualHeight: 800.0
16:28:49.559 [FXGL Background Thread 3 ] DEBUG Engine               - actualHeightProperty: ReadOnlyDoubleProperty [value: 800.0]
16:28:49.559 [FXGL Background Thread 3 ] DEBUG Engine               - actualWidth: 800.0
16:28:49.559 [FXGL Background Thread 3 ] DEBUG Engine               - actualWidthProperty: ReadOnlyDoubleProperty [value: 800.0]
16:28:49.559 [FXGL Background Thread 3 ] DEBUG Engine               - appIcon: fxgl_icon.png
16:28:49.559 [FXGL Background Thread 3 ] DEBUG Engine               - applicationMode: DEVELOPER
16:28:49.559 [FXGL Background Thread 3 ] DEBUG Engine               - cSSList: [fxgl_dark.css]
16:28:49.559 [FXGL Background Thread 3 ] DEBUG Engine               - collisionDetectionStrategy: BRUTE_FORCE
16:28:49.559 [FXGL Background Thread 3 ] DEBUG Engine               - configClass: Optional.empty
16:28:49.559 [FXGL Background Thread 3 ] DEBUG Engine               - credits: []
16:28:49.559 [FXGL Background Thread 3 ] DEBUG Engine               - defaultCursor: CursorInfo(imageName=fxgl_default_cursor.png, hotspotX=7.0, hotspotY=6.0)
16:28:49.559 [FXGL Background Thread 3 ] DEBUG Engine               - devBBoxColorProperty: ObjectProperty [value: 0xff0000ff]
16:28:49.559 [FXGL Background Thread 3 ] DEBUG Engine               - devEnableDebugCameraProperty: BooleanProperty [value: false]
16:28:49.560 [FXGL Background Thread 3 ] DEBUG Engine               - devSensorColorProperty: ObjectProperty [value: 0xffff00ff]
16:28:49.560 [FXGL Background Thread 3 ] DEBUG Engine               - devShowBBoxProperty: BooleanProperty [value: false]
16:28:49.560 [FXGL Background Thread 3 ] DEBUG Engine               - devShowPositionProperty: BooleanProperty [value: false]
16:28:49.560 [FXGL Background Thread 3 ] DEBUG Engine               - enabledMenuItems: []
16:28:49.560 [FXGL Background Thread 3 ] DEBUG Engine               - engineServices: [class com.almasb.fxgl.app.services.FXGLAssetLoaderService, class com.almasb.fxgl.app.FXGLApplication$GameApplicationService, class com.almasb.fxgl.app.services.FXGLDialogService, class com.almasb.fxgl.app.services.IOTaskExecutorService, class com.almasb.fxgl.io.FileSystemService, class com.almasb.fxgl.localization.LocalizationService, class com.almasb.fxgl.app.services.SystemBundleService, class com.almasb.fxgl.profile.SaveLoadService, class com.almasb.fxgl.ui.FXGLUIFactoryServiceProvider, class com.almasb.fxgl.ui.FXGLDialogFactoryServiceProvider, class com.almasb.fxgl.audio.AudioPlayer, class com.almasb.fxgl.notification.impl.NotificationServiceProvider, class com.almasb.fxgl.achievement.AchievementService, class com.almasb.fxgl.cutscene.CutsceneService, class com.almasb.fxgl.minigames.MiniGameService, class com.almasb.fxgl.net.NetService, class com.almasb.fxgl.app.services.UpdaterService, class com.almasb.fxgl.dev.DevService]
16:28:49.560 [FXGL Background Thread 3 ] DEBUG Engine               - fontGame: Abel-Regular.ttf
16:28:49.560 [FXGL Background Thread 3 ] DEBUG Engine               - fontMono: TerminalLandMono-Regular.otf
16:28:49.560 [FXGL Background Thread 3 ] DEBUG Engine               - fontText: Courier-Prime.ttf
16:28:49.560 [FXGL Background Thread 3 ] DEBUG Engine               - fontUI: VarelaRound-Regular.ttf
16:28:49.560 [FXGL Background Thread 3 ] DEBUG Engine               - fullScreen: BooleanProperty [value: false]
16:28:49.560 [FXGL Background Thread 3 ] DEBUG Engine               - gameDifficulty: MEDIUM
16:28:49.560 [FXGL Background Thread 3 ] DEBUG Engine               - gameDifficultyProperty: ObjectProperty [value: MEDIUM]
16:28:49.560 [FXGL Background Thread 3 ] DEBUG Engine               - globalMusicVolume: 0.5
16:28:49.560 [FXGL Background Thread 3 ] DEBUG Engine               - globalMusicVolumeProperty: DoubleProperty [value: 0.5]
16:28:49.560 [FXGL Background Thread 3 ] DEBUG Engine               - globalSoundVolume: 0.5
16:28:49.560 [FXGL Background Thread 3 ] DEBUG Engine               - globalSoundVolumeProperty: DoubleProperty [value: 0.5]
16:28:49.560 [FXGL Background Thread 3 ] DEBUG Engine               - height: 800
16:28:49.560 [FXGL Background Thread 3 ] DEBUG Engine               - is3D: false
16:28:49.560 [FXGL Background Thread 3 ] DEBUG Engine               - isAndroid: false
16:28:49.560 [FXGL Background Thread 3 ] DEBUG Engine               - isBrowser: false
16:28:49.560 [FXGL Background Thread 3 ] DEBUG Engine               - isClickFeedbackEnabled: false
16:28:49.560 [FXGL Background Thread 3 ] DEBUG Engine               - isCloseConfirmation: false
16:28:49.560 [FXGL Background Thread 3 ] DEBUG Engine               - isDesktop: true
16:28:49.560 [FXGL Background Thread 3 ] DEBUG Engine               - isDeveloperMenuEnabled: true
16:28:49.560 [FXGL Background Thread 3 ] DEBUG Engine               - isEmbedded: false
16:28:49.560 [FXGL Background Thread 3 ] DEBUG Engine               - isEntityPreloadEnabled: true
16:28:49.560 [FXGL Background Thread 3 ] DEBUG Engine               - isExperimentalTiledLargeMap: false
16:28:49.560 [FXGL Background Thread 3 ] DEBUG Engine               - isFileSystemWriteAllowed: true
16:28:49.561 [FXGL Background Thread 3 ] DEBUG Engine               - isFullScreenAllowed: true
16:28:49.561 [FXGL Background Thread 3 ] DEBUG Engine               - isFullScreenFromStart: false
16:28:49.561 [FXGL Background Thread 3 ] DEBUG Engine               - isGameMenuEnabled: true
16:28:49.561 [FXGL Background Thread 3 ] DEBUG Engine               - isIOS: false
16:28:49.561 [FXGL Background Thread 3 ] DEBUG Engine               - isIntroEnabled: false
16:28:49.561 [FXGL Background Thread 3 ] DEBUG Engine               - isLinux: false
16:28:49.561 [FXGL Background Thread 3 ] DEBUG Engine               - isMac: false
16:28:49.561 [FXGL Background Thread 3 ] DEBUG Engine               - isMainMenuEnabled: true
16:28:49.561 [FXGL Background Thread 3 ] DEBUG Engine               - isManualResizeEnabled: false
16:28:49.561 [FXGL Background Thread 3 ] DEBUG Engine               - isMobile: false
16:28:49.561 [FXGL Background Thread 3 ] DEBUG Engine               - isNative: false
16:28:49.561 [FXGL Background Thread 3 ] DEBUG Engine               - isPauseMusicWhenMinimized: true
16:28:49.561 [FXGL Background Thread 3 ] DEBUG Engine               - isPreserveResizeRatio: false
16:28:49.561 [FXGL Background Thread 3 ] DEBUG Engine               - isProfilingEnabled: false
16:28:49.561 [FXGL Background Thread 3 ] DEBUG Engine               - isScaleAffectedOnResize: true
16:28:49.561 [FXGL Background Thread 3 ] DEBUG Engine               - isSingleStep: false
16:28:49.561 [FXGL Background Thread 3 ] DEBUG Engine               - isUserProfileEnabled: false
16:28:49.561 [FXGL Background Thread 3 ] DEBUG Engine               - isWindows: true
16:28:49.561 [FXGL Background Thread 3 ] DEBUG Engine               - language: ObjectProperty [value: ENGLISH]
16:28:49.561 [FXGL Background Thread 3 ] DEBUG Engine               - menuKey: ESCAPE
16:28:49.561 [FXGL Background Thread 3 ] DEBUG Engine               - mouseSensitivity: 0.2
16:28:49.561 [FXGL Background Thread 3 ] DEBUG Engine               - notificationViewClass: class com.almasb.fxgl.notification.view.XboxNotificationView
16:28:49.561 [FXGL Background Thread 3 ] DEBUG Engine               - pixelsPerMeter: 50.0
16:28:49.561 [FXGL Background Thread 3 ] DEBUG Engine               - platform: WINDOWS
16:28:49.561 [FXGL Background Thread 3 ] DEBUG Engine               - prefHeightProperty: ReadOnlyDoubleProperty [value: 800.0]
16:28:49.561 [FXGL Background Thread 3 ] DEBUG Engine               - prefWidthProperty: ReadOnlyDoubleProperty [value: 800.0]
16:28:49.561 [FXGL Background Thread 3 ] DEBUG Engine               - profileDir: profiles/
16:28:49.561 [FXGL Background Thread 3 ] DEBUG Engine               - profileName: StringProperty [value: DEFAULT]
16:28:49.561 [FXGL Background Thread 3 ] DEBUG Engine               - randomSeed: -1
16:28:49.562 [FXGL Background Thread 3 ] DEBUG Engine               - runtimeInfo: RuntimeInfo(platform=WINDOWS, version=17, build=31.12.2021 18.16)
16:28:49.562 [FXGL Background Thread 3 ] DEBUG Engine               - saveFileExt: sav
16:28:49.562 [FXGL Background Thread 3 ] DEBUG Engine               - scaledHeightProp$fxgl: DoubleProperty [bound, value: 800.0]
16:28:49.562 [FXGL Background Thread 3 ] DEBUG Engine               - scaledWidthProp$fxgl: DoubleProperty [bound, value: 800.0]
16:28:49.563 [FXGL Background Thread 3 ] DEBUG Engine               - sceneFactory: com.almasb.fxgl.app.scene.SceneFactory@438c7bc
16:28:49.563 [FXGL Background Thread 3 ] DEBUG Engine               - secondsIn24h: 60
16:28:49.563 [FXGL Background Thread 3 ] DEBUG Engine               - soundMenuBack: menu/back.wav
16:28:49.563 [FXGL Background Thread 3 ] DEBUG Engine               - soundMenuPress: menu/press.wav
16:28:49.563 [FXGL Background Thread 3 ] DEBUG Engine               - soundMenuSelect: menu/select.wav
16:28:49.563 [FXGL Background Thread 3 ] DEBUG Engine               - soundNotification: core/notification.wav
16:28:49.563 [FXGL Background Thread 3 ] DEBUG Engine               - stageStyle: DECORATED
16:28:49.563 [FXGL Background Thread 3 ] DEBUG Engine               - supportedLanguages: [ENGLISH, FRENCH, GERMAN, HUNGARIAN, RUSSIAN]
16:28:49.563 [FXGL Background Thread 3 ] DEBUG Engine               - ticksPerSecond: -1
16:28:49.563 [FXGL Background Thread 3 ] DEBUG Engine               - title: Zelda 2D Game par ماستن
16:28:49.563 [FXGL Background Thread 3 ] DEBUG Engine               - urlGithub: https://github.com/AlmasB/FXGL
16:28:49.563 [FXGL Background Thread 3 ] DEBUG Engine               - urlLeaderboard: http://fxgl-top.herokuapp.com/
16:28:49.563 [FXGL Background Thread 3 ] DEBUG Engine               - urlPOM: https://raw.githubusercontent.com/AlmasB/FXGL/release/README.md
16:28:49.563 [FXGL Background Thread 3 ] DEBUG Engine               - userAppClass: class com.example.zeldapuzzle.MainGameApp
16:28:49.563 [FXGL Background Thread 3 ] DEBUG Engine               - version: 1
16:28:49.563 [FXGL Background Thread 3 ] DEBUG Engine               - versionCheckDays: 7
16:28:49.563 [FXGL Background Thread 3 ] DEBUG Engine               - width: 800
16:28:49.563 [FXGL Background Thread 3 ] DEBUG Engine               - Logging services
16:28:49.563 [FXGL Background Thread 3 ] DEBUG Engine               - class com.almasb.fxgl.app.services.FXGLAssetLoaderService
16:28:49.563 [FXGL Background Thread 3 ] DEBUG Engine               - class com.almasb.fxgl.app.FXGLApplication$GameApplicationService
16:28:49.563 [FXGL Background Thread 3 ] DEBUG Engine               - class com.almasb.fxgl.app.services.FXGLDialogService
16:28:49.563 [FXGL Background Thread 3 ] DEBUG Engine               - class com.almasb.fxgl.app.services.IOTaskExecutorService
16:28:49.563 [FXGL Background Thread 3 ] DEBUG Engine               - class com.almasb.fxgl.io.FileSystemService
16:28:49.563 [FXGL Background Thread 3 ] DEBUG Engine               - class com.almasb.fxgl.localization.LocalizationService
16:28:49.563 [FXGL Background Thread 3 ] DEBUG Engine               - class com.almasb.fxgl.app.services.SystemBundleService
16:28:49.563 [FXGL Background Thread 3 ] DEBUG Engine               - class com.almasb.fxgl.profile.SaveLoadService
16:28:49.563 [FXGL Background Thread 3 ] DEBUG Engine               - class com.almasb.fxgl.ui.FXGLUIFactoryServiceProvider
16:28:49.563 [FXGL Background Thread 3 ] DEBUG Engine               - class com.almasb.fxgl.ui.FXGLDialogFactoryServiceProvider
16:28:49.563 [FXGL Background Thread 3 ] DEBUG Engine               - class com.almasb.fxgl.audio.AudioPlayer
16:28:49.563 [FXGL Background Thread 3 ] DEBUG Engine               - class com.almasb.fxgl.notification.impl.NotificationServiceProvider
16:28:49.563 [FXGL Background Thread 3 ] DEBUG Engine               - class com.almasb.fxgl.achievement.AchievementService
16:28:49.563 [FXGL Background Thread 3 ] DEBUG Engine               - class com.almasb.fxgl.cutscene.CutsceneService
16:28:49.563 [FXGL Background Thread 3 ] DEBUG Engine               - class com.almasb.fxgl.minigames.MiniGameService
16:28:49.563 [FXGL Background Thread 3 ] DEBUG Engine               - class com.almasb.fxgl.net.NetService
16:28:49.564 [FXGL Background Thread 3 ] DEBUG Engine               - class com.almasb.fxgl.app.services.UpdaterService
16:28:49.564 [FXGL Background Thread 3 ] DEBUG Engine               - class com.almasb.fxgl.dev.DevService
16:28:53.690 [JavaFX Application Thread] WARN  TMXLevelLoader       - TiledMap generated from 1.10.2. Supported version: 1.2.3. Some features may not be parsed fully.
16:28:53.719 [JavaFX Application Thread] DEBUG TMXLevelLoader       - Parsed TiledMap: file:/C:/Users/Utilisateur/IdeaProjects/zeldaPuzzle/target/classes/assets/levels/leDongeon.tmx
16:28:53.719 [JavaFX Application Thread] DEBUG TMXLevelLoader       - Creating tile layer entities
16:28:53.719 [JavaFX Application Thread] DEBUG TilesetLoader        - Loading view for layer BG1
16:28:53.724 [JavaFX Application Thread] DEBUG TilesetLoader        - Created buffer with size 2400.0x800.0
16:28:53.746 [JavaFX Application Thread] DEBUG TilesetLoader        - Loading view for layer BG2
16:28:53.749 [JavaFX Application Thread] DEBUG TilesetLoader        - Created buffer with size 2400.0x800.0
16:28:53.761 [JavaFX Application Thread] DEBUG TilesetLoader        - Loading view for layer BG3
16:28:53.761 [JavaFX Application Thread] DEBUG TilesetLoader        - Created buffer with size 2400.0x800.0
16:28:53.772 [JavaFX Application Thread] DEBUG TilesetLoader        - Loading view for layer BG4a
16:28:53.775 [JavaFX Application Thread] DEBUG TilesetLoader        - Created buffer with size 2400.0x800.0
16:28:53.784 [JavaFX Application Thread] DEBUG TilesetLoader        - Loading view for layer BG4b
16:28:53.789 [JavaFX Application Thread] DEBUG TilesetLoader        - Created buffer with size 2400.0x800.0
16:28:53.798 [JavaFX Application Thread] DEBUG TilesetLoader        - Loading view for layer MainBuild3
16:28:53.800 [JavaFX Application Thread] DEBUG TilesetLoader        - Created buffer with size 2400.0x800.0
16:28:53.838 [JavaFX Application Thread] DEBUG TilesetLoader        - Loading view for layer MainBuild2
16:28:53.840 [JavaFX Application Thread] DEBUG TilesetLoader        - Created buffer with size 2400.0x800.0
16:28:53.844 [JavaFX Application Thread] DEBUG TilesetLoader        - Loading view for layer MainBuild
16:28:53.845 [JavaFX Application Thread] DEBUG TilesetLoader        - Created buffer with size 2400.0x800.0
16:28:53.848 [JavaFX Application Thread] DEBUG TMXLevelLoader       - Creating object layer entities
16:28:53.860 [JavaFX Application Thread] DEBUG GameWorld            - Clearing removable entities
16:28:53.863 [JavaFX Application Thread] DEBUG GameWorld            - Setting level: com.almasb.fxgl.entity.level.Level@fdb882f
16:28:53.870 [JavaFX Application Thread] WARN  GameWorld            - Entity is already attached to world
16:28:58.715 [JavaFX Application Thread] WARN  GameWorld            - Entity is already attached to world
16:28:59.799 [JavaFX Application Thread] DEBUG LoopRunner           - Stopping loop
16:28:59.800 [JavaFX Application Thread] FATAL FXGLApplication      - Uncaught Exception:
java.lang.NullPointerException: Cannot read field "x" because "v" is null
	at com.almasb.fxgl.core@17/com.almasb.fxgl.core.math.Vec2.addLocal(Vec2.java:201)
	at com.almasb.fxgl.entity@17/com.almasb.fxgl.physics.box2d.dynamics.Body.applyForceToCenter(Body.java:444)
	at com.almasb.fxgl.entity@17/com.almasb.fxgl.physics.box2d.dynamics.Body.applyForce(Body.java:424)
	at com.almasb.fxgl.entity@17/com.almasb.fxgl.physics.PhysicsComponent.applyBodyForce(PhysicsComponent.java:290)
	at com.example.zeldapuzzle/com.example.zeldapuzzle.GameEntityFactory$2.run(GameEntityFactory.java:402)
	at com.almasb.fxgl.entity@17/com.almasb.fxgl.physics.PhysicsComponent.onInitPhysics(PhysicsComponent.java:64)
	at com.almasb.fxgl.entity@17/com.almasb.fxgl.physics.PhysicsWorld.createBody(PhysicsWorld.java:562)
	at com.almasb.fxgl.entity@17/com.almasb.fxgl.physics.PhysicsWorld.onPhysicsEntityAdded(PhysicsWorld.java:125)
	at com.almasb.fxgl.entity@17/com.almasb.fxgl.physics.PhysicsWorld.onEntityAdded(PhysicsWorld.java:119)
	at com.almasb.fxgl.entity@17/com.almasb.fxgl.entity.GameWorld.notifyEntityAdded(GameWorld.kt:233)
	at com.almasb.fxgl.entity@17/com.almasb.fxgl.entity.GameWorld.add(GameWorld.kt:96)
	at com.almasb.fxgl.entity@17/com.almasb.fxgl.entity.GameWorld.addEntity(GameWorld.kt:85)
	at com.almasb.fxgl.all@17/com.almasb.fxgl.dsl.EntityBuilder.buildAndAttach(EntityBuilder.kt:221)
	at com.example.zeldapuzzle/com.example.zeldapuzzle.GameEntityFactory.lanceMove(GameEntityFactory.java:422)
	at java.base/jdk.internal.reflect.DirectMethodHandleAccessor.invoke(DirectMethodHandleAccessor.java:104)
	at java.base/java.lang.reflect.Method.invoke(Method.java:578)
	at com.almasb.fxgl.core@17/com.almasb.fxgl.core.reflect.ReflectionUtils.call(ReflectionUtils.java:104)
	at com.almasb.fxgl.core@17/com.almasb.fxgl.core.reflect.ReflectionUtils.lambda$mapToFunction$3(ReflectionUtils.java:111)
	at com.almasb.fxgl.entity@17/com.almasb.fxgl.entity.GameWorld$create$2.invoke(GameWorld.kt:430)
	at com.almasb.fxgl.entity@17/com.almasb.fxgl.entity.GameWorld$create$2.invoke(GameWorld.kt:430)
	at com.almasb.fxgl.core@17/com.almasb.fxgl.core.util.DSLKt.tryCatchRoot(DSL.kt:34)
	at com.almasb.fxgl.entity@17/com.almasb.fxgl.entity.GameWorld.create(GameWorld.kt:430)
	at com.almasb.fxgl.entity@17/com.almasb.fxgl.entity.GameWorld.spawn(GameWorld.kt:396)
	at com.almasb.fxgl.entity@17/com.almasb.fxgl.entity.GameWorld.spawn(GameWorld.kt:384)
	at com.almasb.fxgl.entity@17/com.almasb.fxgl.entity.GameWorld.spawn(GameWorld.kt:359)
	at com.almasb.fxgl.all@17/com.almasb.fxgl.dsl.FXGL$Companion.spawn(FXGL.kt:451)
	at com.almasb.fxgl.all@17/com.almasb.fxgl.dsl.FXGL.spawn(FXGL.kt)
	at com.example.zeldapuzzle/com.example.zeldapuzzle.MainGameApp$13.lambda$onCollisionBegin$0(MainGameApp.java:354)
	at javafx.base@19/com.sun.javafx.event.CompositeEventHandler.dispatchBubblingEvent(CompositeEventHandler.java:86)
	at javafx.base@19/com.sun.javafx.event.EventHandlerManager.dispatchBubblingEvent(EventHandlerManager.java:234)
	at javafx.base@19/com.sun.javafx.event.EventHandlerManager.dispatchBubblingEvent(EventHandlerManager.java:191)
	at javafx.base@19/com.sun.javafx.event.CompositeEventDispatcher.dispatchBubblingEvent(CompositeEventDispatcher.java:59)
	at javafx.base@19/com.sun.javafx.event.BasicEventDispatcher.dispatchEvent(BasicEventDispatcher.java:58)
	at javafx.base@19/com.sun.javafx.event.EventDispatchChainImpl.dispatchEvent(EventDispatchChainImpl.java:114)
	at javafx.base@19/com.sun.javafx.event.BasicEventDispatcher.dispatchEvent(BasicEventDispatcher.java:56)
	at javafx.base@19/com.sun.javafx.event.EventDispatchChainImpl.dispatchEvent(EventDispatchChainImpl.java:114)
	at javafx.base@19/com.sun.javafx.event.BasicEventDispatcher.dispatchEvent(BasicEventDispatcher.java:56)
	at javafx.base@19/com.sun.javafx.event.EventDispatchChainImpl.dispatchEvent(EventDispatchChainImpl.java:114)
	at javafx.base@19/com.sun.javafx.event.EventUtil.fireEventImpl(EventUtil.java:74)
	at javafx.base@19/com.sun.javafx.event.EventUtil.fireEvent(EventUtil.java:54)
	at javafx.base@19/javafx.event.Event.fireEvent(Event.java:198)
	at javafx.graphics@19/javafx.scene.Scene$ClickGenerator.postProcess(Scene.java:3599)
	at javafx.graphics@19/javafx.scene.Scene$MouseHandler.process(Scene.java:3903)
	at javafx.graphics@19/javafx.scene.Scene.processMouseEvent(Scene.java:1887)
	at javafx.graphics@19/javafx.scene.Scene$ScenePeerListener.mouseEvent(Scene.java:2620)
	at javafx.graphics@19/com.sun.javafx.tk.quantum.GlassViewEventHandler$MouseEventNotification.run(GlassViewEventHandler.java:411)
	at javafx.graphics@19/com.sun.javafx.tk.quantum.GlassViewEventHandler$MouseEventNotification.run(GlassViewEventHandler.java:301)
	at java.base/java.security.AccessController.doPrivileged(AccessController.java:399)
	at javafx.graphics@19/com.sun.javafx.tk.quantum.GlassViewEventHandler.lambda$handleMouseEvent$2(GlassViewEventHandler.java:450)
	at javafx.graphics@19/com.sun.javafx.tk.quantum.QuantumToolkit.runWithoutRenderLock(QuantumToolkit.java:424)
	at javafx.graphics@19/com.sun.javafx.tk.quantum.GlassViewEventHandler.handleMouseEvent(GlassViewEventHandler.java:449)
	at javafx.graphics@19/com.sun.glass.ui.View.handleMouseEvent(View.java:551)
	at javafx.graphics@19/com.sun.glass.ui.View.notifyMouse(View.java:937)
	at javafx.graphics@19/com.sun.glass.ui.win.WinApplication._runLoop(Native Method)
	at javafx.graphics@19/com.sun.glass.ui.win.WinApplication.lambda$runLoop$3(WinApplication.java:184)
	at java.base/java.lang.Thread.run(Thread.java:1589)

16:28:59.800 [JavaFX Application Thread] FATAL FXGLApplication      - Application will now exit
16:28:59.803 [JavaFX Application Thread] DEBUG PrimaryStageWindow   - Push state: ErrorSubScene
16:28:59.803 [JavaFX Application Thread] DEBUG Input                - Clearing active input actions
16:28:59.804 [JavaFX Application Thread] DEBUG GameApplicationServi - Removing overlay from GameScene and adding to ErrorSubScene
16:28:59.804 [JavaFX Application Thread] DEBUG PrimaryStageWindow   - GameScene -> ErrorSubScene
16:29:05.193 [JavaFX Application Thread] DEBUG FXGLApplication      - Exiting FXGL
16:29:05.193 [JavaFX Application Thread] DEBUG Async                - Shutting down background threads
16:29:05.194 [JavaFX Application Thread] DEBUG PrimaryStageWindow   - Closing main window
16:29:05.205 [JavaFX Application Thread] DEBUG Logger               - Closing Logger
