02:41:59.678 [main                     ] DEBUG Logger               - Configured Logger
02:41:59.702 [main                     ] DEBUG GameApplication      - Logging settings
Title: Zelda 2D Game
Version: 1
Width: 800
Height: 800
Fullscreen: true
Intro: false
Profiling: false
Single step:false
App Mode: DEVELOPER
Menu Key: ESCAPE
Stage Style: DECORATED
Scene Factory: class com.almasb.fxgl.app.scene.SceneFactory

02:41:59.994 [JavaFX Application Thread] DEBUG FXGLApplication      - Initializing FXGL
02:42:00.000 [JavaFX Application Thread] INFO  Engine               - FXGL-17 (31.12.2021 18.16) on MAC (J:19.0.1 FX:19)
02:42:00.000 [JavaFX Application Thread] DEBUG Engine               - JRE Vendor Name: Oracle Corporation
02:42:00.001 [JavaFX Application Thread] DEBUG Engine               - Running on OS: Mac OS X version 12.5
02:42:00.001 [JavaFX Application Thread] DEBUG Engine               - Architecture: aarch64
02:42:00.001 [JavaFX Application Thread] INFO  Engine               - Source code and latest versions at: https://github.com/AlmasB/FXGL
02:42:00.001 [JavaFX Application Thread] INFO  Engine               -       Ask questions and discuss at: https://github.com/AlmasB/FXGL/discussions
02:42:00.001 [JavaFX Application Thread] INFO  Engine               -              Join the FXGL chat at: https://gitter.im/AlmasB/FXGL
02:42:00.084 [JavaFX Application Thread] DEBUG PrimaryStageWindow   - Creating a JavaFX scene
02:42:00.129 [JavaFX Application Thread] DEBUG PrimaryStageWindow   - Target settings size: 800.0 x 800.0
02:42:00.129 [JavaFX Application Thread] DEBUG PrimaryStageWindow   - Scaled scene size:    800.0 x 800.0
02:42:00.129 [JavaFX Application Thread] DEBUG PrimaryStageWindow   - Scaled ratio: (1.0, 1.0)
02:42:00.130 [JavaFX Application Thread] DEBUG PrimaryStageWindow   - Set initial scene to FXGLStartupScene
02:42:00.135 [JavaFX Application Thread] DEBUG PrimaryStageWindow   - Opening main window
02:42:00.270 [JavaFX Application Thread] DEBUG PrimaryStageWindow   - Window border size: (0.0, 28.0)
02:42:00.270 [JavaFX Application Thread] DEBUG PrimaryStageWindow   - Scaled size: 800.0 x 800.0
02:42:00.271 [JavaFX Application Thread] DEBUG PrimaryStageWindow   - Scaled ratio: (1.0, 1.0)
02:42:00.271 [JavaFX Application Thread] DEBUG PrimaryStageWindow   - Scene size: 800.0 x 800.0
02:42:00.271 [JavaFX Application Thread] DEBUG PrimaryStageWindow   - Stage size: 800.0 x 828.0
02:42:00.277 [FXGL Background Thread 1 ] DEBUG Engine               - Initializing environment variables
02:42:00.316 [FXGL Background Thread 1 ] DEBUG FXGLAssetLoaderServi - User app class for loading assets: class com.example.zeldapuzzle.MainGameApp
02:42:00.316 [FXGL Background Thread 1 ] DEBUG GameApplicationServi - Applying CSS: fxgl_dark.css
02:42:00.317 [FXGL Background Thread 1 ] DEBUG FXGLAssetLoaderServi - Loading from file system: jar:file:///Users/CHLaroche05/.m2/repository/com/github/almasb/fxgl/17/fxgl-17.jar!/fxglassets/ui/css/fxgl_dark.css
02:42:00.356 [FXGL Background Thread 1 ] DEBUG GameApplicationServi - Initializing application scenes
02:42:00.531 [FXGL Background Thread 1 ] DEBUG GameWorld            - Game world initialized
02:42:00.628 [FXGL Background Thread 1 ] DEBUG PhysicsWorld         - Physics world initialized: appHeight=800, physics.ppm=50.0
02:42:00.628 [FXGL Background Thread 1 ] DEBUG PhysicsWorld         - Using strategy: BRUTE_FORCE
02:42:00.647 [FXGL Background Thread 1 ] DEBUG GameScene            - Game scene initialized: 800x800
02:42:00.670 [FXGL Background Thread 1 ] DEBUG FXGL.DefaultMenu     - createMenuBodyMainMenu()
02:42:00.688 [FXGL Background Thread 1 ] DEBUG FXGL.DefaultMenu     - createOptionsMenu()
02:42:00.700 [FXGL Background Thread 1 ] DEBUG FXGLAssetLoaderServi - Loading from file system: jar:file:///Users/CHLaroche05/.m2/repository/com/github/almasb/fxgl/17/fxgl-17.jar!/fxglassets/textures/particles/smoke.png
02:42:00.895 [FXGL Background Thread 1 ] DEBUG FXGLAssetLoaderServi - Loading from file system: jar:file:///Users/CHLaroche05/.m2/repository/com/github/almasb/fxgl/17/fxgl-17.jar!/fxglassets/textures/particles/trace_horizontal.png
02:42:00.930 [FXGL Background Thread 1 ] DEBUG FXGL.DefaultMenu     - createMenuBodyGameMenu()
02:42:00.932 [FXGL Background Thread 1 ] DEBUG FXGL.DefaultMenu     - createOptionsMenu()
02:42:01.014 [FXGL Background Thread 1 ] DEBUG GameApplicationServi - Application scenes initialized
02:42:01.065 [FXGL Background Thread 1 ] DEBUG SystemBundleService  - Loading FXGL system data
02:42:01.085 [FXGL Background Thread 1 ] DEBUG FileSystemAccess     - Reading from: /Users/CHLaroche05/zelda/zeldaPuzzle/system/fxgl.bundle
02:42:01.108 [FXGL Background Thread 1 ] DEBUG SystemBundleService  - Bundle FXGL: {}
02:42:01.108 [FXGL Background Thread 1 ] DEBUG UpdaterService       - Checking for updates
02:42:01.202 [FXGL Background Thread 4 ] DEBUG FXGLApplication      - Loading fonts
02:42:01.202 [FXGL Background Thread 4 ] DEBUG FXGLAssetLoaderServi - Loading from file system: jar:file:///Users/CHLaroche05/.m2/repository/com/github/almasb/fxgl/17/fxgl-17.jar!/fxglassets/ui/fonts/VarelaRound-Regular.ttf
02:42:01.204 [FXGL Background Thread 1 ] DEBUG FXGLApplication      - Loading default localization
02:42:01.204 [FXGL Background Thread 1 ] DEBUG FXGLAssetLoaderServi - Loading from file system: jar:file:///Users/CHLaroche05/.m2/repository/com/github/almasb/fxgl/17/fxgl-17.jar!/fxglassets/languages/english.lang
02:42:01.214 [FXGL Background Thread 4 ] DEBUG FXGLAssetLoaderServi - Loading from file system: jar:file:///Users/CHLaroche05/.m2/repository/com/github/almasb/fxgl/17/fxgl-17.jar!/fxglassets/ui/fonts/Abel-Regular.ttf
02:42:01.217 [FXGL Background Thread 4 ] DEBUG FXGLAssetLoaderServi - Loading from file system: jar:file:///Users/CHLaroche05/.m2/repository/com/github/almasb/fxgl/17/fxgl-17.jar!/fxglassets/ui/fonts/TerminalLandMono-Regular.otf
02:42:01.221 [FXGL Background Thread 4 ] DEBUG FXGLAssetLoaderServi - Loading from file system: jar:file:///Users/CHLaroche05/.m2/repository/com/github/almasb/fxgl/17/fxgl-17.jar!/fxglassets/ui/fonts/Courier-Prime.ttf
02:42:01.223 [FXGL Background Thread 1 ] INFO  FXGLApplication      - FXGL initialization took: 0.946 sec
02:42:01.236 [JavaFX Application Thread] DEBUG Input                - Registered new binding: inventaire - Tab
02:42:01.236 [JavaFX Application Thread] DEBUG Input                - Registered new binding: getPosition - P
02:42:01.237 [JavaFX Application Thread] DEBUG Input                - Registered new binding: zoom+ - Up
02:42:01.237 [JavaFX Application Thread] DEBUG Input                - Registered new binding: zoom- - Down
02:42:01.237 [JavaFX Application Thread] DEBUG Input                - Registered new binding: resetZoom - 0
02:42:01.237 [JavaFX Application Thread] DEBUG Input                - Registered new binding: Move right - D
02:42:01.237 [JavaFX Application Thread] DEBUG Input                - Registered new binding: Move left - A
02:42:01.237 [JavaFX Application Thread] DEBUG Input                - Registered new binding: Move Up - W
02:42:01.238 [JavaFX Application Thread] DEBUG Input                - Registered new binding: Move Down - S
02:42:01.238 [JavaFX Application Thread] DEBUG Input                - Registered new binding: Jump - Space
02:42:01.238 [JavaFX Application Thread] DEBUG FXGLAssetLoaderServi - Loading from file system: jar:file:///Users/CHLaroche05/.m2/repository/com/github/almasb/fxgl/17/fxgl-17.jar!/fxglassets/textures/fxgl_icon.png
02:42:01.267 [JavaFX Application Thread] DEBUG FXGLAssetLoaderServi - Loading from file system: jar:file:///Users/CHLaroche05/.m2/repository/com/github/almasb/fxgl/17/fxgl-17.jar!/fxglassets/textures/fxgl_default_cursor.png
02:42:01.268 [JavaFX Application Thread] DEBUG Input                - Registered new binding: Screenshot - CTRL+8
02:42:01.269 [JavaFX Application Thread] DEBUG Input                - Registered new binding: Dev Options - 1
02:42:01.269 [JavaFX Application Thread] DEBUG Input                - Registered new binding: Dev Console - 2
02:42:01.269 [JavaFX Application Thread] DEBUG Input                - Registered new binding: System info dump - CTRL+9
02:42:01.269 [JavaFX Application Thread] DEBUG Input                - Registered new binding: Restart - CTRL+R
02:42:01.270 [JavaFX Application Thread] DEBUG Input                - Registered new binding: Toggle Debug Camera - CTRL+7
02:42:01.272 [JavaFX Application Thread] DEBUG LoopRunner           - Starting loop
02:42:01.288 [JavaFX Application Thread] DEBUG LoopRunner           - Initializing JavaFX AnimationTimerLoop
02:42:01.301 [JavaFX Application Thread] DEBUG Input                - Clearing active input actions
02:42:01.311 [JavaFX Application Thread] DEBUG GameApplicationServi - Removing overlay from FXGLStartupScene and adding to FXGLMainMenuDummyScene
02:42:01.318 [JavaFX Application Thread] DEBUG PrimaryStageWindow   - FXGLStartupScene -> FXGLMainMenuDummyScene
02:42:01.318 [JavaFX Application Thread] DEBUG PrimaryStageWindow   - Push state: FXGLDefaultMenu
02:42:01.321 [JavaFX Application Thread] DEBUG Input                - Clearing active input actions
02:42:01.329 [JavaFX Application Thread] DEBUG GameApplicationServi - Removing overlay from FXGLMainMenuDummyScene and adding to FXGLDefaultMenu
02:42:01.330 [JavaFX Application Thread] DEBUG PrimaryStageWindow   - FXGLMainMenuDummyScene -> FXGLDefaultMenu
02:42:01.354 [JavaFX Application Thread] DEBUG FXGLApplication      - Registering font factories with UI factory
02:42:01.904 [FXGL Background Thread 2 ] INFO  UpdaterService       - Your current version:  17
02:42:01.904 [FXGL Background Thread 2 ] INFO  UpdaterService       - Latest stable version: 21.1
02:42:02.377 [JavaFX Application Thread] DEBUG Menu                 - fireNewGame()
02:42:02.377 [JavaFX Application Thread] DEBUG GameApplicationServi - Starting new game
02:42:02.378 [JavaFX Application Thread] DEBUG PrimaryStageWindow   - Pop state: FXGLDefaultMenu
02:42:02.379 [JavaFX Application Thread] DEBUG Input                - Clearing active input actions
02:42:02.380 [JavaFX Application Thread] DEBUG GameApplicationServi - Removing overlay from FXGLDefaultMenu and adding to FXGLMainMenuDummyScene
02:42:02.382 [JavaFX Application Thread] DEBUG PrimaryStageWindow   - FXGLMainMenuDummyScene <- FXGLDefaultMenu
02:42:02.382 [JavaFX Application Thread] DEBUG Input                - Clearing active input actions
02:42:02.392 [JavaFX Application Thread] DEBUG GameApplicationServi - Removing overlay from FXGLMainMenuDummyScene and adding to FXGLLoadingScene
02:42:02.392 [JavaFX Application Thread] DEBUG PrimaryStageWindow   - FXGLMainMenuDummyScene -> FXGLLoadingScene
02:42:02.393 [JavaFX Application Thread] DEBUG GameApplicationServi - Clearing previous game
02:42:02.393 [JavaFX Application Thread] DEBUG GameScene            - Clearing game scene
02:42:02.393 [JavaFX Application Thread] DEBUG GameWorld            - Clearing game world
02:42:02.393 [JavaFX Application Thread] DEBUG PhysicsWorld         - Clearing physics world
02:42:02.394 [FXGL Background Thread 2 ] DEBUG FXGLApplication      - Initializing game
02:42:02.437 [FXGL Background Thread 2 ] WARN  TMXLevelLoader       - TiledMap generated from 1.10.2. Supported version: 1.2.3. Some features may not be parsed fully.
02:42:02.552 [FXGL Background Thread 2 ] DEBUG TMXLevelLoader       - Parsed TiledMap: file:/Users/CHLaroche05/zelda/zeldaPuzzle/target/classes/assets/levels/mapFinal.tmx
02:42:02.556 [FXGL Background Thread 2 ] DEBUG TMXLevelLoader       - Creating tile layer entities
02:42:02.558 [FXGL Background Thread 2 ] DEBUG TilesetLoader        - Loading view for layer background
02:42:02.580 [FXGL Background Thread 2 ] DEBUG TilesetLoader        - Created buffer with size 4800.0x4800.0
02:42:02.837 [FXGL Background Thread 2 ] DEBUG TilesetLoader        - Loading view for layer devant
02:42:02.853 [FXGL Background Thread 2 ] DEBUG TilesetLoader        - Created buffer with size 4800.0x4800.0
02:42:02.902 [FXGL Background Thread 2 ] DEBUG TilesetLoader        - Loading view for layer devant1
02:42:02.920 [FXGL Background Thread 2 ] DEBUG TilesetLoader        - Created buffer with size 4800.0x4800.0
02:42:02.948 [FXGL Background Thread 2 ] DEBUG TMXLevelLoader       - Creating object layer entities
02:42:03.006 [FXGL Background Thread 2 ] DEBUG GameWorld            - Clearing removable entities
02:42:03.006 [FXGL Background Thread 2 ] DEBUG GameWorld            - Setting level: com.almasb.fxgl.entity.level.Level@4cfdc971
02:42:03.034 [FXGL Background Thread 2 ] WARN  GameWorld            - Entity is already attached to world
02:42:03.035 [FXGL Background Thread 2 ] WARN  GameWorld            - Entity is already attached to world
02:42:03.043 [FXGL Background Thread 2 ] INFO  FXGLApplication      - Game initialization took: 0.648 sec
02:42:03.043 [JavaFX Application Thread] DEBUG Input                - Clearing active input actions
02:42:03.055 [JavaFX Application Thread] DEBUG GameApplicationServi - Removing overlay from FXGLLoadingScene and adding to GameScene
02:42:03.059 [JavaFX Application Thread] DEBUG PrimaryStageWindow   - FXGLLoadingScene -> GameScene
02:42:04.203 [FXGL Background Thread 3 ] DEBUG Engine               - Logging environment variables
02:42:04.203 [FXGL Background Thread 3 ] DEBUG Engine               - achievements: []
02:42:04.203 [FXGL Background Thread 3 ] DEBUG Engine               - actualHeight: 800.0
02:42:04.203 [FXGL Background Thread 3 ] DEBUG Engine               - actualHeightProperty: ReadOnlyDoubleProperty [value: 800.0]
02:42:04.203 [FXGL Background Thread 3 ] DEBUG Engine               - actualWidth: 800.0
02:42:04.204 [FXGL Background Thread 3 ] DEBUG Engine               - actualWidthProperty: ReadOnlyDoubleProperty [value: 800.0]
02:42:04.204 [FXGL Background Thread 3 ] DEBUG Engine               - appIcon: fxgl_icon.png
02:42:04.204 [FXGL Background Thread 3 ] DEBUG Engine               - applicationMode: DEVELOPER
02:42:04.204 [FXGL Background Thread 3 ] DEBUG Engine               - cSSList: [fxgl_dark.css]
02:42:04.204 [FXGL Background Thread 3 ] DEBUG Engine               - collisionDetectionStrategy: BRUTE_FORCE
02:42:04.204 [FXGL Background Thread 3 ] DEBUG Engine               - configClass: Optional.empty
02:42:04.204 [FXGL Background Thread 3 ] DEBUG Engine               - credits: []
02:42:04.204 [FXGL Background Thread 3 ] DEBUG Engine               - defaultCursor: CursorInfo(imageName=fxgl_default_cursor.png, hotspotX=7.0, hotspotY=6.0)
02:42:04.204 [FXGL Background Thread 3 ] DEBUG Engine               - devBBoxColorProperty: ObjectProperty [value: 0xff0000ff]
02:42:04.204 [FXGL Background Thread 3 ] DEBUG Engine               - devEnableDebugCameraProperty: BooleanProperty [value: false]
02:42:04.204 [FXGL Background Thread 3 ] DEBUG Engine               - devSensorColorProperty: ObjectProperty [value: 0xffff00ff]
02:42:04.204 [FXGL Background Thread 3 ] DEBUG Engine               - devShowBBoxProperty: BooleanProperty [value: false]
02:42:04.205 [FXGL Background Thread 3 ] DEBUG Engine               - devShowPositionProperty: BooleanProperty [value: false]
02:42:04.205 [FXGL Background Thread 3 ] DEBUG Engine               - enabledMenuItems: []
02:42:04.205 [FXGL Background Thread 3 ] DEBUG Engine               - engineServices: [class com.almasb.fxgl.app.services.FXGLAssetLoaderService, class com.almasb.fxgl.app.FXGLApplication$GameApplicationService, class com.almasb.fxgl.app.services.FXGLDialogService, class com.almasb.fxgl.app.services.IOTaskExecutorService, class com.almasb.fxgl.io.FileSystemService, class com.almasb.fxgl.localization.LocalizationService, class com.almasb.fxgl.app.services.SystemBundleService, class com.almasb.fxgl.profile.SaveLoadService, class com.almasb.fxgl.ui.FXGLUIFactoryServiceProvider, class com.almasb.fxgl.ui.FXGLDialogFactoryServiceProvider, class com.almasb.fxgl.audio.AudioPlayer, class com.almasb.fxgl.notification.impl.NotificationServiceProvider, class com.almasb.fxgl.achievement.AchievementService, class com.almasb.fxgl.cutscene.CutsceneService, class com.almasb.fxgl.minigames.MiniGameService, class com.almasb.fxgl.net.NetService, class com.almasb.fxgl.app.services.UpdaterService, class com.almasb.fxgl.dev.DevService]
02:42:04.205 [FXGL Background Thread 3 ] DEBUG Engine               - fontGame: Abel-Regular.ttf
02:42:04.205 [FXGL Background Thread 3 ] DEBUG Engine               - fontMono: TerminalLandMono-Regular.otf
02:42:04.205 [FXGL Background Thread 3 ] DEBUG Engine               - fontText: Courier-Prime.ttf
02:42:04.205 [FXGL Background Thread 3 ] DEBUG Engine               - fontUI: VarelaRound-Regular.ttf
02:42:04.205 [FXGL Background Thread 3 ] DEBUG Engine               - fullScreen: BooleanProperty [value: false]
02:42:04.205 [FXGL Background Thread 3 ] DEBUG Engine               - gameDifficulty: MEDIUM
02:42:04.205 [FXGL Background Thread 3 ] DEBUG Engine               - gameDifficultyProperty: ObjectProperty [value: MEDIUM]
02:42:04.205 [FXGL Background Thread 3 ] DEBUG Engine               - globalMusicVolume: 0.5
02:42:04.205 [FXGL Background Thread 3 ] DEBUG Engine               - globalMusicVolumeProperty: DoubleProperty [value: 0.5]
02:42:04.205 [FXGL Background Thread 3 ] DEBUG Engine               - globalSoundVolume: 0.5
02:42:04.205 [FXGL Background Thread 3 ] DEBUG Engine               - globalSoundVolumeProperty: DoubleProperty [value: 0.5]
02:42:04.205 [FXGL Background Thread 3 ] DEBUG Engine               - height: 800
02:42:04.205 [FXGL Background Thread 3 ] DEBUG Engine               - is3D: false
02:42:04.205 [FXGL Background Thread 3 ] DEBUG Engine               - isAndroid: false
02:42:04.205 [FXGL Background Thread 3 ] DEBUG Engine               - isBrowser: false
02:42:04.205 [FXGL Background Thread 3 ] DEBUG Engine               - isClickFeedbackEnabled: false
02:42:04.205 [FXGL Background Thread 3 ] DEBUG Engine               - isCloseConfirmation: false
02:42:04.205 [FXGL Background Thread 3 ] DEBUG Engine               - isDesktop: true
02:42:04.205 [FXGL Background Thread 3 ] DEBUG Engine               - isDeveloperMenuEnabled: true
02:42:04.205 [FXGL Background Thread 3 ] DEBUG Engine               - isEmbedded: false
02:42:04.205 [FXGL Background Thread 3 ] DEBUG Engine               - isEntityPreloadEnabled: true
02:42:04.206 [FXGL Background Thread 3 ] DEBUG Engine               - isExperimentalTiledLargeMap: false
02:42:04.206 [FXGL Background Thread 3 ] DEBUG Engine               - isFileSystemWriteAllowed: true
02:42:04.206 [FXGL Background Thread 3 ] DEBUG Engine               - isFullScreenAllowed: true
02:42:04.206 [FXGL Background Thread 3 ] DEBUG Engine               - isFullScreenFromStart: false
02:42:04.206 [FXGL Background Thread 3 ] DEBUG Engine               - isGameMenuEnabled: true
02:42:04.206 [FXGL Background Thread 3 ] DEBUG Engine               - isIOS: false
02:42:04.206 [FXGL Background Thread 3 ] DEBUG Engine               - isIntroEnabled: false
02:42:04.206 [FXGL Background Thread 3 ] DEBUG Engine               - isLinux: false
02:42:04.206 [FXGL Background Thread 3 ] DEBUG Engine               - isMac: true
02:42:04.206 [FXGL Background Thread 3 ] DEBUG Engine               - isMainMenuEnabled: true
02:42:04.206 [FXGL Background Thread 3 ] DEBUG Engine               - isManualResizeEnabled: false
02:42:04.206 [FXGL Background Thread 3 ] DEBUG Engine               - isMobile: false
02:42:04.206 [FXGL Background Thread 3 ] DEBUG Engine               - isNative: false
02:42:04.206 [FXGL Background Thread 3 ] DEBUG Engine               - isPauseMusicWhenMinimized: true
02:42:04.206 [FXGL Background Thread 3 ] DEBUG Engine               - isPreserveResizeRatio: false
02:42:04.206 [FXGL Background Thread 3 ] DEBUG Engine               - isProfilingEnabled: false
02:42:04.206 [FXGL Background Thread 3 ] DEBUG Engine               - isScaleAffectedOnResize: true
02:42:04.206 [FXGL Background Thread 3 ] DEBUG Engine               - isSingleStep: false
02:42:04.206 [FXGL Background Thread 3 ] DEBUG Engine               - isUserProfileEnabled: false
02:42:04.206 [FXGL Background Thread 3 ] DEBUG Engine               - isWindows: false
02:42:04.206 [FXGL Background Thread 3 ] DEBUG Engine               - language: ObjectProperty [value: ENGLISH]
02:42:04.206 [FXGL Background Thread 3 ] DEBUG Engine               - menuKey: ESCAPE
02:42:04.206 [FXGL Background Thread 3 ] DEBUG Engine               - mouseSensitivity: 0.2
02:42:04.206 [FXGL Background Thread 3 ] DEBUG Engine               - notificationViewClass: class com.almasb.fxgl.notification.view.XboxNotificationView
02:42:04.206 [FXGL Background Thread 3 ] DEBUG Engine               - pixelsPerMeter: 50.0
02:42:04.206 [FXGL Background Thread 3 ] DEBUG Engine               - platform: MAC
02:42:04.207 [FXGL Background Thread 3 ] DEBUG Engine               - prefHeightProperty: ReadOnlyDoubleProperty [value: 800.0]
02:42:04.207 [FXGL Background Thread 3 ] DEBUG Engine               - prefWidthProperty: ReadOnlyDoubleProperty [value: 800.0]
02:42:04.207 [FXGL Background Thread 3 ] DEBUG Engine               - profileDir: profiles/
02:42:04.207 [FXGL Background Thread 3 ] DEBUG Engine               - profileName: StringProperty [value: DEFAULT]
02:42:04.207 [FXGL Background Thread 3 ] DEBUG Engine               - randomSeed: -1
02:42:04.207 [FXGL Background Thread 3 ] DEBUG Engine               - runtimeInfo: RuntimeInfo(platform=MAC, version=17, build=31.12.2021 18.16)
02:42:04.207 [FXGL Background Thread 3 ] DEBUG Engine               - saveFileExt: sav
02:42:04.207 [FXGL Background Thread 3 ] DEBUG Engine               - scaledHeightProp$fxgl: DoubleProperty [bound, value: 800.0]
02:42:04.207 [FXGL Background Thread 3 ] DEBUG Engine               - scaledWidthProp$fxgl: DoubleProperty [bound, value: 800.0]
02:42:04.207 [FXGL Background Thread 3 ] DEBUG Engine               - sceneFactory: com.almasb.fxgl.app.scene.SceneFactory@1636edd
02:42:04.207 [FXGL Background Thread 3 ] DEBUG Engine               - secondsIn24h: 60
02:42:04.207 [FXGL Background Thread 3 ] DEBUG Engine               - soundMenuBack: menu/back.wav
02:42:04.207 [FXGL Background Thread 3 ] DEBUG Engine               - soundMenuPress: menu/press.wav
02:42:04.208 [FXGL Background Thread 3 ] DEBUG Engine               - soundMenuSelect: menu/select.wav
02:42:04.208 [FXGL Background Thread 3 ] DEBUG Engine               - soundNotification: core/notification.wav
02:42:04.208 [FXGL Background Thread 3 ] DEBUG Engine               - stageStyle: DECORATED
02:42:04.208 [FXGL Background Thread 3 ] DEBUG Engine               - supportedLanguages: [ENGLISH, FRENCH, GERMAN, HUNGARIAN, RUSSIAN]
02:42:04.208 [FXGL Background Thread 3 ] DEBUG Engine               - ticksPerSecond: -1
02:42:04.208 [FXGL Background Thread 3 ] DEBUG Engine               - title: Zelda 2D Game
02:42:04.208 [FXGL Background Thread 3 ] DEBUG Engine               - urlGithub: https://github.com/AlmasB/FXGL
02:42:04.208 [FXGL Background Thread 3 ] DEBUG Engine               - urlLeaderboard: http://fxgl-top.herokuapp.com/
02:42:04.208 [FXGL Background Thread 3 ] DEBUG Engine               - urlPOM: https://raw.githubusercontent.com/AlmasB/FXGL/release/README.md
02:42:04.208 [FXGL Background Thread 3 ] DEBUG Engine               - userAppClass: class com.example.zeldapuzzle.MainGameApp
02:42:04.208 [FXGL Background Thread 3 ] DEBUG Engine               - version: 1
02:42:04.208 [FXGL Background Thread 3 ] DEBUG Engine               - versionCheckDays: 7
02:42:04.208 [FXGL Background Thread 3 ] DEBUG Engine               - width: 800
02:42:04.208 [FXGL Background Thread 3 ] DEBUG Engine               - Logging services
02:42:04.208 [FXGL Background Thread 3 ] DEBUG Engine               - class com.almasb.fxgl.app.services.FXGLAssetLoaderService
02:42:04.208 [FXGL Background Thread 3 ] DEBUG Engine               - class com.almasb.fxgl.app.FXGLApplication$GameApplicationService
02:42:04.208 [FXGL Background Thread 3 ] DEBUG Engine               - class com.almasb.fxgl.app.services.FXGLDialogService
02:42:04.208 [FXGL Background Thread 3 ] DEBUG Engine               - class com.almasb.fxgl.app.services.IOTaskExecutorService
02:42:04.208 [FXGL Background Thread 3 ] DEBUG Engine               - class com.almasb.fxgl.io.FileSystemService
02:42:04.208 [FXGL Background Thread 3 ] DEBUG Engine               - class com.almasb.fxgl.localization.LocalizationService
02:42:04.208 [FXGL Background Thread 3 ] DEBUG Engine               - class com.almasb.fxgl.app.services.SystemBundleService
02:42:04.208 [FXGL Background Thread 3 ] DEBUG Engine               - class com.almasb.fxgl.profile.SaveLoadService
02:42:04.208 [FXGL Background Thread 3 ] DEBUG Engine               - class com.almasb.fxgl.ui.FXGLUIFactoryServiceProvider
02:42:04.209 [FXGL Background Thread 3 ] DEBUG Engine               - class com.almasb.fxgl.ui.FXGLDialogFactoryServiceProvider
02:42:04.209 [FXGL Background Thread 3 ] DEBUG Engine               - class com.almasb.fxgl.audio.AudioPlayer
02:42:04.209 [FXGL Background Thread 3 ] DEBUG Engine               - class com.almasb.fxgl.notification.impl.NotificationServiceProvider
02:42:04.209 [FXGL Background Thread 3 ] DEBUG Engine               - class com.almasb.fxgl.achievement.AchievementService
02:42:04.209 [FXGL Background Thread 3 ] DEBUG Engine               - class com.almasb.fxgl.cutscene.CutsceneService
02:42:04.209 [FXGL Background Thread 3 ] DEBUG Engine               - class com.almasb.fxgl.minigames.MiniGameService
02:42:04.209 [FXGL Background Thread 3 ] DEBUG Engine               - class com.almasb.fxgl.net.NetService
02:42:04.209 [FXGL Background Thread 3 ] DEBUG Engine               - class com.almasb.fxgl.app.services.UpdaterService
02:42:04.209 [FXGL Background Thread 3 ] DEBUG Engine               - class com.almasb.fxgl.dev.DevService
02:42:09.744 [JavaFX Application Thread] WARN  TMXLevelLoader       - TiledMap generated from 1.10.2. Supported version: 1.2.3. Some features may not be parsed fully.
02:42:09.769 [JavaFX Application Thread] DEBUG TMXLevelLoader       - Parsed TiledMap: file:/Users/CHLaroche05/zelda/zeldaPuzzle/target/classes/assets/levels/leDongeon.tmx
02:42:09.769 [JavaFX Application Thread] DEBUG TMXLevelLoader       - Creating tile layer entities
02:42:09.770 [JavaFX Application Thread] DEBUG TilesetLoader        - Loading view for layer BG1
02:42:09.776 [JavaFX Application Thread] DEBUG TilesetLoader        - Created buffer with size 2400.0x800.0
02:42:09.798 [JavaFX Application Thread] DEBUG TilesetLoader        - Loading view for layer BG2
02:42:09.799 [JavaFX Application Thread] DEBUG TilesetLoader        - Created buffer with size 2400.0x800.0
02:42:09.810 [JavaFX Application Thread] DEBUG TilesetLoader        - Loading view for layer BG3
02:42:09.810 [JavaFX Application Thread] DEBUG TilesetLoader        - Created buffer with size 2400.0x800.0
02:42:09.822 [JavaFX Application Thread] DEBUG TilesetLoader        - Loading view for layer BG4a
02:42:09.822 [JavaFX Application Thread] DEBUG TilesetLoader        - Created buffer with size 2400.0x800.0
02:42:09.833 [JavaFX Application Thread] DEBUG TilesetLoader        - Loading view for layer BG4b
02:42:09.834 [JavaFX Application Thread] DEBUG TilesetLoader        - Created buffer with size 2400.0x800.0
02:42:09.845 [JavaFX Application Thread] DEBUG TilesetLoader        - Loading view for layer MainBuild3
02:42:09.847 [JavaFX Application Thread] DEBUG TilesetLoader        - Created buffer with size 2400.0x800.0
02:42:09.900 [JavaFX Application Thread] DEBUG TilesetLoader        - Loading view for layer MainBuild2
02:42:09.901 [JavaFX Application Thread] DEBUG TilesetLoader        - Created buffer with size 2400.0x800.0
02:42:09.902 [JavaFX Application Thread] DEBUG TilesetLoader        - Loading view for layer MainBuild
02:42:09.903 [JavaFX Application Thread] DEBUG TilesetLoader        - Created buffer with size 2400.0x800.0
02:42:09.906 [JavaFX Application Thread] DEBUG TMXLevelLoader       - Creating object layer entities
02:42:09.914 [JavaFX Application Thread] DEBUG GameWorld            - Clearing removable entities
02:42:09.920 [JavaFX Application Thread] DEBUG GameWorld            - Setting level: com.almasb.fxgl.entity.level.Level@73bb058c
02:42:09.929 [JavaFX Application Thread] WARN  GameWorld            - Entity is already attached to world
02:42:15.259 [JavaFX Application Thread] WARN  GameWorld            - Entity is already attached to world
02:42:16.646 [JavaFX Application Thread] WARN  GameWorld            - Entity is already attached to world
02:42:17.793 [JavaFX Application Thread] WARN  GameWorld            - Entity is already attached to world
02:42:18.876 [JavaFX Application Thread] WARN  GameWorld            - Entity is already attached to world
02:42:19.110 [JavaFX Application Thread] WARN  TMXLevelLoader       - TiledMap generated from 1.10.2. Supported version: 1.2.3. Some features may not be parsed fully.
02:42:19.123 [JavaFX Application Thread] DEBUG TMXLevelLoader       - Parsed TiledMap: file:/Users/CHLaroche05/zelda/zeldaPuzzle/target/classes/assets/levels/mapFinal.tmx
02:42:19.123 [JavaFX Application Thread] DEBUG TMXLevelLoader       - Creating tile layer entities
02:42:19.123 [JavaFX Application Thread] DEBUG TilesetLoader        - Loading view for layer background
02:42:19.136 [JavaFX Application Thread] DEBUG TilesetLoader        - Created buffer with size 4800.0x4800.0
02:42:19.243 [JavaFX Application Thread] DEBUG TilesetLoader        - Loading view for layer devant
02:42:19.247 [JavaFX Application Thread] DEBUG TilesetLoader        - Created buffer with size 4800.0x4800.0
02:42:19.269 [JavaFX Application Thread] DEBUG TilesetLoader        - Loading view for layer devant1
02:42:19.271 [JavaFX Application Thread] DEBUG TilesetLoader        - Created buffer with size 4800.0x4800.0
02:42:19.281 [JavaFX Application Thread] DEBUG TMXLevelLoader       - Creating object layer entities
02:42:19.292 [JavaFX Application Thread] DEBUG GameWorld            - Clearing removable entities
02:42:19.294 [JavaFX Application Thread] DEBUG GameWorld            - Setting level: com.almasb.fxgl.entity.level.Level@4965b1e7
02:42:19.301 [JavaFX Application Thread] WARN  GameWorld            - Entity is already attached to world
02:42:19.301 [JavaFX Application Thread] WARN  GameWorld            - Entity is already attached to world
02:42:27.326 [JavaFX Application Thread] DEBUG FXGLApplication      - Exiting FXGL
02:42:27.326 [JavaFX Application Thread] DEBUG LoopRunner           - Stopping loop
02:42:27.326 [JavaFX Application Thread] DEBUG SystemBundleService  - Saving FXGL system data
02:42:27.327 [JavaFX Application Thread] DEBUG FileSystemAccess     - Writing to: /Users/CHLaroche05/zelda/zeldaPuzzle/system/fxgl.bundle
02:42:27.329 [JavaFX Application Thread] DEBUG Async                - Shutting down background threads
02:42:27.329 [JavaFX Application Thread] DEBUG PrimaryStageWindow   - Closing main window
02:42:27.334 [JavaFX Application Thread] DEBUG Logger               - Closing Logger
