22:20:48.525 [main                     ] DEBUG Logger               - Configured Logger
22:20:48.552 [main                     ] DEBUG GameApplication      - Logging settings
Title: Zelda 2D Game
Version: 1
Width: 800
Height: 800
Fullscreen: false
Intro: false
Profiling: false
Single step:false
App Mode: DEVELOPER
Menu Key: ESCAPE
Stage Style: DECORATED
Scene Factory: class com.almasb.fxgl.app.scene.SceneFactory

22:20:48.989 [JavaFX Application Thread] DEBUG FXGLApplication      - Initializing FXGL
22:20:48.993 [JavaFX Application Thread] INFO  Engine               - FXGL-21 (28.12.2023 13.35) on WINDOWS (J:21.0.2 FX:19)
22:20:48.993 [JavaFX Application Thread] DEBUG Engine               - JRE Vendor Name: Oracle Corporation
22:20:48.994 [JavaFX Application Thread] DEBUG Engine               - Running on OS: Windows 10 version 10.0
22:20:48.994 [JavaFX Application Thread] DEBUG Engine               - Architecture: amd64
22:20:48.994 [JavaFX Application Thread] INFO  Engine               - Source code and latest versions at: https://github.com/AlmasB/FXGL
22:20:48.994 [JavaFX Application Thread] INFO  Engine               -       Ask questions and discuss at: https://github.com/AlmasB/FXGL/discussions
22:20:48.994 [JavaFX Application Thread] INFO  Engine               -              Join the FXGL chat at: https://gitter.im/AlmasB/FXGL
22:20:49.094 [JavaFX Application Thread] DEBUG PrimaryStageWindow   - Creating a JavaFX scene
22:20:49.145 [JavaFX Application Thread] DEBUG PrimaryStageWindow   - Target settings size: 800.0 x 800.0
22:20:49.145 [JavaFX Application Thread] DEBUG PrimaryStageWindow   - Scaled scene size:    800.0 x 800.0
22:20:49.145 [JavaFX Application Thread] DEBUG PrimaryStageWindow   - Scaled ratio: (1.0, 1.0)
22:20:49.146 [JavaFX Application Thread] DEBUG PrimaryStageWindow   - Set initial scene to FXGLStartupScene
22:20:49.150 [JavaFX Application Thread] DEBUG PrimaryStageWindow   - Opening main window
22:20:49.240 [JavaFX Application Thread] DEBUG PrimaryStageWindow   - Window border size: (16.0, 39.0)
22:20:49.240 [JavaFX Application Thread] DEBUG PrimaryStageWindow   - Scaled size: 800.0 x 800.0
22:20:49.240 [JavaFX Application Thread] DEBUG PrimaryStageWindow   - Scaled ratio: (1.0, 1.0)
22:20:49.240 [JavaFX Application Thread] DEBUG PrimaryStageWindow   - Scene size: 800.0 x 800.0
22:20:49.241 [JavaFX Application Thread] DEBUG PrimaryStageWindow   - Stage size: 816.0 x 839.0
22:20:49.247 [FXGL Background Thread 1 ] DEBUG Engine               - Initializing environment variables
22:20:49.300 [FXGL Background Thread 1 ] DEBUG FXGLAssetLoaderServi - User app class for loading assets: class com.example.zeldapuzzle.MainGameApp
22:20:49.301 [FXGL Background Thread 1 ] DEBUG GameApplicationServi - Applying CSS: fxgl_dark.css
22:20:49.301 [FXGL Background Thread 1 ] DEBUG FXGLAssetLoaderServi - Loading from file system: jar:file:///C:/Users/mbour/.m2/repository/com/github/almasb/fxgl/21/fxgl-21.jar!/fxglassets/ui/css/fxgl_dark.css
22:20:49.345 [FXGL Background Thread 1 ] DEBUG GameApplicationServi - Initializing application scenes
22:20:49.383 [FXGL Background Thread 1 ] DEBUG GameWorld            - Game world initialized
22:20:49.446 [FXGL Background Thread 1 ] DEBUG PhysicsWorld         - Physics world initialized: appHeight=800, physics.ppm=50,0
22:20:49.447 [FXGL Background Thread 1 ] DEBUG PhysicsWorld         - Using strategy: BRUTE_FORCE
22:20:49.451 [FXGL Background Thread 1 ] DEBUG GameScene            - Game scene initialized: 800x800
22:20:49.462 [FXGL Background Thread 1 ] DEBUG FXGL.DefaultMenu     - createMenuBodyMainMenu()
22:20:49.475 [FXGL Background Thread 1 ] DEBUG FXGL.DefaultMenu     - createOptionsMenu()
22:20:49.485 [FXGL Background Thread 1 ] DEBUG FXGLAssetLoaderServi - Loading from file system: jar:file:///C:/Users/mbour/.m2/repository/com/github/almasb/fxgl/21/fxgl-21.jar!/fxglassets/textures/particles/smoke.png
22:20:49.565 [FXGL Background Thread 1 ] DEBUG FXGLAssetLoaderServi - Loading from file system: jar:file:///C:/Users/mbour/.m2/repository/com/github/almasb/fxgl/21/fxgl-21.jar!/fxglassets/textures/particles/trace_horizontal.png
22:20:49.591 [FXGL Background Thread 1 ] DEBUG FXGL.DefaultMenu     - createMenuBodyGameMenu()
22:20:49.592 [FXGL Background Thread 1 ] DEBUG FXGL.DefaultMenu     - createOptionsMenu()
22:20:49.605 [FXGL Background Thread 1 ] DEBUG GameApplicationServi - Application scenes initialized
22:20:49.616 [FXGL Background Thread 1 ] DEBUG SystemBundleService  - Loading FXGL system data
22:20:49.619 [FXGL Background Thread 1 ] DEBUG FileSystemAccess     - Reading from: C:\Users\mbour\OneDrive\Bureau\Zelda TOTK WINRAR\zeldaPuzzle\system\fxgl.bundle
22:20:49.628 [FXGL Background Thread 1 ] DEBUG SystemBundleService  - Bundle FXGL: {}
22:20:49.628 [FXGL Background Thread 1 ] DEBUG UpdaterService       - Checking for updates
22:20:49.632 [FXGL Background Thread 4 ] DEBUG FXGLApplication      - Loading fonts
22:20:49.633 [FXGL Background Thread 4 ] DEBUG FXGLAssetLoaderServi - Loading from file system: jar:file:///C:/Users/mbour/.m2/repository/com/github/almasb/fxgl/21/fxgl-21.jar!/fxglassets/ui/fonts/VarelaRound-Regular.ttf
22:20:49.633 [FXGL Background Thread 1 ] DEBUG FXGLApplication      - Loading default localization
22:20:49.634 [FXGL Background Thread 1 ] DEBUG FXGLAssetLoaderServi - Loading from file system: jar:file:///C:/Users/mbour/.m2/repository/com/github/almasb/fxgl/21/fxgl-21.jar!/fxglassets/languages/english.lang
22:20:49.657 [FXGL Background Thread 1 ] INFO  FXGLApplication      - FXGL initialization took: 0,410 sec
22:20:49.667 [JavaFX Application Thread] DEBUG Input                - Registered new binding: getPosition - P
22:20:49.667 [JavaFX Application Thread] DEBUG Input                - Registered new binding: zoom+ - Up
22:20:49.667 [JavaFX Application Thread] DEBUG Input                - Registered new binding: zoom- - Down
22:20:49.667 [JavaFX Application Thread] DEBUG Input                - Registered new binding: resetZoom - 0
22:20:49.667 [JavaFX Application Thread] DEBUG Input                - Registered new binding: Move right - D
22:20:49.667 [JavaFX Application Thread] DEBUG Input                - Registered new binding: Move left - A
22:20:49.668 [JavaFX Application Thread] DEBUG Input                - Registered new binding: Move Up - W
22:20:49.668 [JavaFX Application Thread] DEBUG Input                - Registered new binding: Move Down - S
22:20:49.668 [JavaFX Application Thread] DEBUG FXGLAssetLoaderServi - Loading from file system: jar:file:///C:/Users/mbour/.m2/repository/com/github/almasb/fxgl/21/fxgl-21.jar!/fxglassets/textures/fxgl_icon.png
22:20:49.671 [FXGL Background Thread 4 ] DEBUG FXGLAssetLoaderServi - Loading from file system: jar:file:///C:/Users/mbour/.m2/repository/com/github/almasb/fxgl/21/fxgl-21.jar!/fxglassets/ui/fonts/Abel-Regular.ttf
22:20:49.682 [FXGL Background Thread 4 ] DEBUG FXGLAssetLoaderServi - Loading from file system: jar:file:///C:/Users/mbour/.m2/repository/com/github/almasb/fxgl/21/fxgl-21.jar!/fxglassets/ui/fonts/TerminalLandMono-Regular.otf
22:20:49.690 [JavaFX Application Thread] DEBUG FXGLAssetLoaderServi - Loading from file system: jar:file:///C:/Users/mbour/.m2/repository/com/github/almasb/fxgl/21/fxgl-21.jar!/fxglassets/textures/fxgl_default_cursor.png
22:20:49.693 [JavaFX Application Thread] DEBUG Input                - Registered new binding: Screenshot - CTRL+8
22:20:49.693 [FXGL Background Thread 4 ] DEBUG FXGLAssetLoaderServi - Loading from file system: jar:file:///C:/Users/mbour/.m2/repository/com/github/almasb/fxgl/21/fxgl-21.jar!/fxglassets/ui/fonts/Courier-Prime.ttf
22:20:49.693 [JavaFX Application Thread] DEBUG Input                - Registered new binding: System info dump - CTRL+9
22:20:49.694 [JavaFX Application Thread] DEBUG Input                - Registered new binding: Restart - CTRL+R
22:20:49.694 [JavaFX Application Thread] DEBUG Input                - Registered new binding: Toggle Debug Camera - CTRL+7
22:20:49.697 [JavaFX Application Thread] DEBUG LoopRunner           - Starting loop
22:20:49.698 [JavaFX Application Thread] DEBUG LoopRunner           - Initializing JavaFX AnimationTimerLoop
22:20:49.700 [JavaFX Application Thread] DEBUG Input                - Clearing active input actions
22:20:49.710 [JavaFX Application Thread] DEBUG GameApplicationServi - Removing overlay from FXGLStartupScene and adding to FXGLMainMenuDummyScene
22:20:49.710 [JavaFX Application Thread] DEBUG PrimaryStageWindow   - FXGLStartupScene -> FXGLMainMenuDummyScene
22:20:49.710 [JavaFX Application Thread] DEBUG PrimaryStageWindow   - Push state: FXGLDefaultMenu
22:20:49.716 [JavaFX Application Thread] DEBUG Input                - Clearing active input actions
22:20:49.725 [JavaFX Application Thread] DEBUG GameApplicationServi - Removing overlay from FXGLMainMenuDummyScene and adding to FXGLDefaultMenu
22:20:49.726 [JavaFX Application Thread] DEBUG PrimaryStageWindow   - FXGLMainMenuDummyScene -> FXGLDefaultMenu
22:20:49.726 [JavaFX Application Thread] DEBUG FXGLApplication      - Registering font factories with UI factory
22:20:50.490 [JavaFX Application Thread] DEBUG Menu                 - fireNewGame()
22:20:50.491 [JavaFX Application Thread] DEBUG GameApplicationServi - Starting new game
22:20:50.492 [JavaFX Application Thread] DEBUG PrimaryStageWindow   - Pop state: FXGLDefaultMenu
22:20:50.492 [JavaFX Application Thread] DEBUG Input                - Clearing active input actions
22:20:50.493 [JavaFX Application Thread] DEBUG GameApplicationServi - Removing overlay from FXGLDefaultMenu and adding to FXGLMainMenuDummyScene
22:20:50.494 [JavaFX Application Thread] DEBUG PrimaryStageWindow   - FXGLMainMenuDummyScene <- FXGLDefaultMenu
22:20:50.494 [JavaFX Application Thread] DEBUG Input                - Clearing active input actions
22:20:50.501 [JavaFX Application Thread] DEBUG GameApplicationServi - Removing overlay from FXGLMainMenuDummyScene and adding to FXGLLoadingScene
22:20:50.501 [JavaFX Application Thread] DEBUG PrimaryStageWindow   - FXGLMainMenuDummyScene -> FXGLLoadingScene
22:20:50.501 [JavaFX Application Thread] DEBUG GameApplicationServi - Clearing previous game
22:20:50.501 [JavaFX Application Thread] DEBUG GameScene            - Clearing game scene
22:20:50.501 [JavaFX Application Thread] DEBUG GameWorld            - Clearing game world
22:20:50.502 [JavaFX Application Thread] DEBUG PhysicsWorld         - Clearing physics world
22:20:50.504 [FXGL Background Thread 2 ] DEBUG FXGLApplication      - Initializing game
22:20:50.513 [FXGL Background Thread 2 ] WARN  FXGLAssetLoaderServi - Asset "/assets/levels/tmx/level1.tmx" was not found!
22:20:50.523 [JavaFX Application Thread] DEBUG LoopRunner           - Stopping loop
22:20:50.524 [JavaFX Application Thread] FATAL FXGLApplication      - Uncaught Exception:
java.lang.RuntimeException: Initialization failed
	at com.almasb.fxgl.all@21/com.almasb.fxgl.app.FXGLApplication$InitAppTask.failed(FXGLApplication.kt:343)
	at javafx.graphics@19/javafx.concurrent.Task.setState(Task.java:710)
	at javafx.graphics@19/javafx.concurrent.Task$TaskCallable.lambda$call$2(Task.java:1456)
	at javafx.graphics@19/com.sun.javafx.application.PlatformImpl.lambda$runLater$10(PlatformImpl.java:457)
	at java.base/java.security.AccessController.doPrivileged(AccessController.java:400)
	at javafx.graphics@19/com.sun.javafx.application.PlatformImpl.lambda$runLater$11(PlatformImpl.java:456)
	at javafx.graphics@19/com.sun.glass.ui.InvokeLaterDispatcher$Future.run(InvokeLaterDispatcher.java:96)
	at javafx.graphics@19/com.sun.glass.ui.win.WinApplication._runLoop(Native Method)
	at javafx.graphics@19/com.sun.glass.ui.win.WinApplication.lambda$runLoop$3(WinApplication.java:184)
	at java.base/java.lang.Thread.run(Thread.java:1583)
Caused by: java.lang.IllegalArgumentException: Loading level failed. Asset not found: tmx/level1.tmx
	at com.almasb.fxgl.all@21/com.almasb.fxgl.app.services.FXGLAssetLoaderService.loadLevel(FXGLAssetLoaderService.kt:446)
	at com.almasb.fxgl.all@21/com.almasb.fxgl.dsl.FXGL$Companion.setLevelFromMap(FXGL.kt:643)
	at com.almasb.fxgl.all@21/com.almasb.fxgl.dsl.FXGL.setLevelFromMap(FXGL.kt)
	at com.example.zeldapuzzle/com.example.zeldapuzzle.MainGameApp.initGame(MainGameApp.java:114)
	at com.almasb.fxgl.all@21/com.almasb.fxgl.app.FXGLApplication$InitAppTask.initGame(FXGLApplication.kt:339)
	at com.almasb.fxgl.all@21/com.almasb.fxgl.app.FXGLApplication$InitAppTask.call(FXGLApplication.kt:319)
	at com.almasb.fxgl.all@21/com.almasb.fxgl.app.FXGLApplication$InitAppTask.call(FXGLApplication.kt:311)
	at javafx.graphics@19/javafx.concurrent.Task$TaskCallable.call(Task.java:1426)
	at java.base/java.util.concurrent.FutureTask.run(FutureTask.java:317)
	at java.base/java.util.concurrent.Executors$RunnableAdapter.call(Executors.java:572)
	at java.base/java.util.concurrent.FutureTask.run(FutureTask.java:317)
	at java.base/java.util.concurrent.ThreadPoolExecutor.runWorker(ThreadPoolExecutor.java:1144)
	at java.base/java.util.concurrent.ThreadPoolExecutor$Worker.run(ThreadPoolExecutor.java:642)
	... 1 more

22:20:50.525 [JavaFX Application Thread] FATAL FXGLApplication      - Application will now exit
22:20:50.538 [JavaFX Application Thread] DEBUG PrimaryStageWindow   - Push state: ErrorSubScene
22:20:50.538 [JavaFX Application Thread] DEBUG Input                - Clearing active input actions
22:20:50.540 [JavaFX Application Thread] DEBUG GameApplicationServi - Removing overlay from FXGLLoadingScene and adding to ErrorSubScene
22:20:50.540 [JavaFX Application Thread] DEBUG PrimaryStageWindow   - FXGLLoadingScene -> ErrorSubScene
22:20:52.632 [FXGL Background Thread 3 ] DEBUG Engine               - Logging environment variables
22:20:52.632 [FXGL Background Thread 3 ] DEBUG Engine               - achievements: []
22:20:52.632 [FXGL Background Thread 3 ] DEBUG Engine               - actualHeight: 800.0
22:20:52.632 [FXGL Background Thread 3 ] DEBUG Engine               - actualHeightProperty: ReadOnlyDoubleProperty [value: 800.0]
22:20:52.632 [FXGL Background Thread 3 ] DEBUG Engine               - actualWidth: 800.0
22:20:52.632 [FXGL Background Thread 3 ] DEBUG Engine               - actualWidthProperty: ReadOnlyDoubleProperty [value: 800.0]
22:20:52.632 [FXGL Background Thread 3 ] DEBUG Engine               - appIcon: fxgl_icon.png
22:20:52.633 [FXGL Background Thread 3 ] DEBUG Engine               - applicationMode: DEVELOPER
22:20:52.633 [FXGL Background Thread 3 ] DEBUG Engine               - cSSList: [fxgl_dark.css]
22:20:52.633 [FXGL Background Thread 3 ] DEBUG Engine               - collisionDetectionStrategy: BRUTE_FORCE
22:20:52.633 [FXGL Background Thread 3 ] DEBUG Engine               - configClass: Optional.empty
22:20:52.633 [FXGL Background Thread 3 ] DEBUG Engine               - credits: []
22:20:52.633 [FXGL Background Thread 3 ] DEBUG Engine               - defaultCursor: CursorInfo(imageName=fxgl_default_cursor.png, hotspotX=7.0, hotspotY=6.0)
22:20:52.633 [FXGL Background Thread 3 ] DEBUG Engine               - devBBoxColorProperty: ObjectProperty [value: 0xff0000ff]
22:20:52.633 [FXGL Background Thread 3 ] DEBUG Engine               - devEnableDebugCameraProperty: BooleanProperty [value: false]
22:20:52.633 [FXGL Background Thread 3 ] DEBUG Engine               - devSensorColorProperty: ObjectProperty [value: 0xffff00ff]
22:20:52.633 [FXGL Background Thread 3 ] DEBUG Engine               - devShowBBoxProperty: BooleanProperty [value: false]
22:20:52.633 [FXGL Background Thread 3 ] DEBUG Engine               - devShowPositionProperty: BooleanProperty [value: false]
22:20:52.634 [FXGL Background Thread 3 ] DEBUG Engine               - enabledMenuItems: []
22:20:52.634 [FXGL Background Thread 3 ] DEBUG Engine               - engineServices: [class com.almasb.fxgl.app.services.FXGLAssetLoaderService, class com.almasb.fxgl.app.FXGLApplication$GameApplicationService, class com.almasb.fxgl.app.services.FXGLDialogService, class com.almasb.fxgl.app.services.IOTaskExecutorService, class com.almasb.fxgl.io.FileSystemService, class com.almasb.fxgl.localization.LocalizationService, class com.almasb.fxgl.app.services.SystemBundleService, class com.almasb.fxgl.profile.SaveLoadService, class com.almasb.fxgl.ui.FXGLUIFactoryServiceProvider, class com.almasb.fxgl.ui.FXGLDialogFactoryServiceProvider, class com.almasb.fxgl.audio.AudioPlayer, class com.almasb.fxgl.notification.impl.NotificationServiceProvider, class com.almasb.fxgl.achievement.AchievementService, class com.almasb.fxgl.cutscene.CutsceneService, class com.almasb.fxgl.minigames.MiniGameService, class com.almasb.fxgl.net.NetService, class com.almasb.fxgl.app.services.UpdaterService, class com.almasb.fxgl.dev.DevService]
22:20:52.634 [FXGL Background Thread 3 ] DEBUG Engine               - fontGame: Abel-Regular.ttf
22:20:52.634 [FXGL Background Thread 3 ] DEBUG Engine               - fontMono: TerminalLandMono-Regular.otf
22:20:52.634 [FXGL Background Thread 3 ] DEBUG Engine               - fontSizeScaleUI: 1.0
22:20:52.634 [FXGL Background Thread 3 ] DEBUG Engine               - fontText: Courier-Prime.ttf
22:20:52.634 [FXGL Background Thread 3 ] DEBUG Engine               - fontUI: VarelaRound-Regular.ttf
22:20:52.634 [FXGL Background Thread 3 ] DEBUG Engine               - fullScreen: BooleanProperty [value: false]
22:20:52.634 [FXGL Background Thread 3 ] DEBUG Engine               - gameDifficulty: MEDIUM
22:20:52.634 [FXGL Background Thread 3 ] DEBUG Engine               - gameDifficultyProperty: ObjectProperty [value: MEDIUM]
22:20:52.634 [FXGL Background Thread 3 ] DEBUG Engine               - globalMusicVolume: 0.5
22:20:52.634 [FXGL Background Thread 3 ] DEBUG Engine               - globalMusicVolumeProperty: DoubleProperty [value: 0.5]
22:20:52.634 [FXGL Background Thread 3 ] DEBUG Engine               - globalSoundVolume: 0.5
22:20:52.634 [FXGL Background Thread 3 ] DEBUG Engine               - globalSoundVolumeProperty: DoubleProperty [value: 0.5]
22:20:52.634 [FXGL Background Thread 3 ] DEBUG Engine               - height: 800
22:20:52.635 [FXGL Background Thread 3 ] DEBUG Engine               - is3D: false
22:20:52.635 [FXGL Background Thread 3 ] DEBUG Engine               - isAndroid: false
22:20:52.635 [FXGL Background Thread 3 ] DEBUG Engine               - isBrowser: false
22:20:52.635 [FXGL Background Thread 3 ] DEBUG Engine               - isClickFeedbackEnabled: false
22:20:52.635 [FXGL Background Thread 3 ] DEBUG Engine               - isCloseConfirmation: false
22:20:52.635 [FXGL Background Thread 3 ] DEBUG Engine               - isDesktop: true
22:20:52.635 [FXGL Background Thread 3 ] DEBUG Engine               - isDeveloperMenuEnabled: false
22:20:52.635 [FXGL Background Thread 3 ] DEBUG Engine               - isEmbedded: false
22:20:52.635 [FXGL Background Thread 3 ] DEBUG Engine               - isEntityPreloadEnabled: true
22:20:52.635 [FXGL Background Thread 3 ] DEBUG Engine               - isExperimentalTiledLargeMap: false
22:20:52.635 [FXGL Background Thread 3 ] DEBUG Engine               - isFileSystemWriteAllowed: true
22:20:52.635 [FXGL Background Thread 3 ] DEBUG Engine               - isFullScreenAllowed: false
22:20:52.635 [FXGL Background Thread 3 ] DEBUG Engine               - isFullScreenFromStart: false
22:20:52.635 [FXGL Background Thread 3 ] DEBUG Engine               - isGameMenuEnabled: true
22:20:52.635 [FXGL Background Thread 3 ] DEBUG Engine               - isIOS: false
22:20:52.635 [FXGL Background Thread 3 ] DEBUG Engine               - isIntroEnabled: false
22:20:52.635 [FXGL Background Thread 3 ] DEBUG Engine               - isLinux: false
22:20:52.635 [FXGL Background Thread 3 ] DEBUG Engine               - isMac: false
22:20:52.636 [FXGL Background Thread 3 ] DEBUG Engine               - isMainMenuEnabled: true
22:20:52.636 [FXGL Background Thread 3 ] DEBUG Engine               - isManualResizeEnabled: false
22:20:52.636 [FXGL Background Thread 3 ] DEBUG Engine               - isMobile: false
22:20:52.636 [FXGL Background Thread 3 ] DEBUG Engine               - isNative: false
22:20:52.636 [FXGL Background Thread 3 ] DEBUG Engine               - isPauseMusicWhenMinimized: true
22:20:52.636 [FXGL Background Thread 3 ] DEBUG Engine               - isPreserveResizeRatio: false
22:20:52.636 [FXGL Background Thread 3 ] DEBUG Engine               - isProfilingEnabled: false
22:20:52.636 [FXGL Background Thread 3 ] DEBUG Engine               - isScaleAffectedOnResize: true
22:20:52.636 [FXGL Background Thread 3 ] DEBUG Engine               - isSingleStep: false
22:20:52.636 [FXGL Background Thread 3 ] DEBUG Engine               - isUserProfileEnabled: false
22:20:52.636 [FXGL Background Thread 3 ] DEBUG Engine               - isWindows: true
22:20:52.636 [FXGL Background Thread 3 ] DEBUG Engine               - language: ObjectProperty [value: ENGLISH]
22:20:52.636 [FXGL Background Thread 3 ] DEBUG Engine               - menuKey: ESCAPE
22:20:52.636 [FXGL Background Thread 3 ] DEBUG Engine               - mouseSensitivity: 0.2
22:20:52.636 [FXGL Background Thread 3 ] DEBUG Engine               - notificationViewClass: class com.almasb.fxgl.notification.view.XboxNotificationView
22:20:52.636 [FXGL Background Thread 3 ] DEBUG Engine               - pixelsPerMeter: 50.0
22:20:52.636 [FXGL Background Thread 3 ] DEBUG Engine               - platform: WINDOWS
22:20:52.636 [FXGL Background Thread 3 ] DEBUG Engine               - prefHeightProperty: ReadOnlyDoubleProperty [value: 800.0]
22:20:52.636 [FXGL Background Thread 3 ] DEBUG Engine               - prefWidthProperty: ReadOnlyDoubleProperty [value: 800.0]
22:20:52.636 [FXGL Background Thread 3 ] DEBUG Engine               - profileDir: profiles/
22:20:52.636 [FXGL Background Thread 3 ] DEBUG Engine               - profileName: StringProperty [value: DEFAULT]
22:20:52.636 [FXGL Background Thread 3 ] DEBUG Engine               - randomSeed: -1
22:20:52.637 [FXGL Background Thread 3 ] DEBUG Engine               - runtimeInfo: RuntimeInfo(platform=WINDOWS, version=21, build=28.12.2023 13.35)
22:20:52.637 [FXGL Background Thread 3 ] DEBUG Engine               - saveFileExt: sav
22:20:52.637 [FXGL Background Thread 3 ] DEBUG Engine               - scaledHeightProp$fxgl: DoubleProperty [bound, value: 800.0]
22:20:52.637 [FXGL Background Thread 3 ] DEBUG Engine               - scaledWidthProp$fxgl: DoubleProperty [bound, value: 800.0]
22:20:52.637 [FXGL Background Thread 3 ] DEBUG Engine               - sceneFactory: com.almasb.fxgl.app.scene.SceneFactory@a55b70e
22:20:52.637 [FXGL Background Thread 3 ] DEBUG Engine               - secondsIn24h: 60
22:20:52.637 [FXGL Background Thread 3 ] DEBUG Engine               - soundMenuBack: menu/back.wav
22:20:52.637 [FXGL Background Thread 3 ] DEBUG Engine               - soundMenuPress: menu/press.wav
22:20:52.637 [FXGL Background Thread 3 ] DEBUG Engine               - soundMenuSelect: menu/select.wav
22:20:52.637 [FXGL Background Thread 3 ] DEBUG Engine               - soundNotification: core/notification.wav
22:20:52.637 [FXGL Background Thread 3 ] DEBUG Engine               - stageStyle: DECORATED
22:20:52.637 [FXGL Background Thread 3 ] DEBUG Engine               - supportedLanguages: [ENGLISH, FRENCH, GERMAN, HUNGARIAN, RUSSIAN]
22:20:52.637 [FXGL Background Thread 3 ] DEBUG Engine               - ticksPerSecond: -1
22:20:52.638 [FXGL Background Thread 3 ] DEBUG Engine               - title: Zelda 2D Game
22:20:52.638 [FXGL Background Thread 3 ] DEBUG Engine               - urlGithub: https://github.com/AlmasB/FXGL
22:20:52.638 [FXGL Background Thread 3 ] DEBUG Engine               - urlLeaderboard: http://fxgl-top.herokuapp.com/
22:20:52.638 [FXGL Background Thread 3 ] DEBUG Engine               - urlPOM: https://raw.githubusercontent.com/AlmasB/FXGL/release/README.md
22:20:52.638 [FXGL Background Thread 3 ] DEBUG Engine               - userAppClass: class com.example.zeldapuzzle.MainGameApp
22:20:52.638 [FXGL Background Thread 3 ] DEBUG Engine               - version: 1
22:20:52.638 [FXGL Background Thread 3 ] DEBUG Engine               - versionCheckDays: 7
22:20:52.638 [FXGL Background Thread 3 ] DEBUG Engine               - width: 800
22:20:52.638 [FXGL Background Thread 3 ] DEBUG Engine               - Logging services
22:20:52.638 [FXGL Background Thread 3 ] DEBUG Engine               - class com.almasb.fxgl.app.services.FXGLAssetLoaderService
22:20:52.638 [FXGL Background Thread 3 ] DEBUG Engine               - class com.almasb.fxgl.app.FXGLApplication$GameApplicationService
22:20:52.638 [FXGL Background Thread 3 ] DEBUG Engine               - class com.almasb.fxgl.app.services.FXGLDialogService
22:20:52.638 [FXGL Background Thread 3 ] DEBUG Engine               - class com.almasb.fxgl.app.services.IOTaskExecutorService
22:20:52.638 [FXGL Background Thread 3 ] DEBUG Engine               - class com.almasb.fxgl.io.FileSystemService
22:20:52.638 [FXGL Background Thread 3 ] DEBUG Engine               - class com.almasb.fxgl.localization.LocalizationService
22:20:52.638 [FXGL Background Thread 3 ] DEBUG Engine               - class com.almasb.fxgl.app.services.SystemBundleService
22:20:52.638 [FXGL Background Thread 3 ] DEBUG Engine               - class com.almasb.fxgl.profile.SaveLoadService
22:20:52.638 [FXGL Background Thread 3 ] DEBUG Engine               - class com.almasb.fxgl.ui.FXGLUIFactoryServiceProvider
22:20:52.638 [FXGL Background Thread 3 ] DEBUG Engine               - class com.almasb.fxgl.ui.FXGLDialogFactoryServiceProvider
22:20:52.638 [FXGL Background Thread 3 ] DEBUG Engine               - class com.almasb.fxgl.audio.AudioPlayer
22:20:52.638 [FXGL Background Thread 3 ] DEBUG Engine               - class com.almasb.fxgl.notification.impl.NotificationServiceProvider
22:20:52.638 [FXGL Background Thread 3 ] DEBUG Engine               - class com.almasb.fxgl.achievement.AchievementService
22:20:52.638 [FXGL Background Thread 3 ] DEBUG Engine               - class com.almasb.fxgl.cutscene.CutsceneService
22:20:52.638 [FXGL Background Thread 3 ] DEBUG Engine               - class com.almasb.fxgl.minigames.MiniGameService
22:20:52.638 [FXGL Background Thread 3 ] DEBUG Engine               - class com.almasb.fxgl.net.NetService
22:20:52.638 [FXGL Background Thread 3 ] DEBUG Engine               - class com.almasb.fxgl.app.services.UpdaterService
22:20:52.638 [FXGL Background Thread 3 ] DEBUG Engine               - class com.almasb.fxgl.dev.DevService
22:20:58.374 [JavaFX Application Thread] DEBUG FXGLApplication      - Exiting FXGL
22:20:58.374 [JavaFX Application Thread] DEBUG Async                - Shutting down background threads
22:20:58.375 [JavaFX Application Thread] DEBUG PrimaryStageWindow   - Closing main window
22:20:58.387 [JavaFX Application Thread] DEBUG Logger               - Closing Logger
