09:28:26.262 [main                     ] DEBUG Logger               - Configured Logger
09:28:26.296 [main                     ] DEBUG GameApplication      - Logging settings
Title: Zelda 2D Game
Version: 1
Width: 800
Height: 800
Fullscreen: false
Intro: false
Profiling: false
Single step:false
App Mode: DEVELOPER
Menu Key: ESCAPE
Stage Style: DECORATED
Scene Factory: class com.almasb.fxgl.app.scene.SceneFactory

09:28:26.694 [JavaFX Application Thread] DEBUG FXGLApplication      - Initializing FXGL
09:28:26.697 [JavaFX Application Thread] INFO  Engine               - FXGL-17 (31.12.2021 18.16) on MAC (J:19.0.1 FX:19)
09:28:26.697 [JavaFX Application Thread] DEBUG Engine               - JRE Vendor Name: Oracle Corporation
09:28:26.698 [JavaFX Application Thread] DEBUG Engine               - Running on OS: Mac OS X version 12.5
09:28:26.698 [JavaFX Application Thread] DEBUG Engine               - Architecture: aarch64
09:28:26.698 [JavaFX Application Thread] INFO  Engine               - Source code and latest versions at: https://github.com/AlmasB/FXGL
09:28:26.698 [JavaFX Application Thread] INFO  Engine               -       Ask questions and discuss at: https://github.com/AlmasB/FXGL/discussions
09:28:26.698 [JavaFX Application Thread] INFO  Engine               -              Join the FXGL chat at: https://gitter.im/AlmasB/FXGL
09:28:26.772 [JavaFX Application Thread] DEBUG PrimaryStageWindow   - Creating a JavaFX scene
09:28:26.842 [JavaFX Application Thread] DEBUG PrimaryStageWindow   - Target settings size: 800.0 x 800.0
09:28:26.843 [JavaFX Application Thread] DEBUG PrimaryStageWindow   - Scaled scene size:    800.0 x 800.0
09:28:26.843 [JavaFX Application Thread] DEBUG PrimaryStageWindow   - Scaled ratio: (1.0, 1.0)
09:28:26.844 [JavaFX Application Thread] DEBUG PrimaryStageWindow   - Set initial scene to FXGLStartupScene
09:28:26.846 [JavaFX Application Thread] DEBUG PrimaryStageWindow   - Opening main window
09:28:26.955 [JavaFX Application Thread] DEBUG PrimaryStageWindow   - Window border size: (0.0, 28.0)
09:28:26.955 [JavaFX Application Thread] DEBUG PrimaryStageWindow   - Scaled size: 800.0 x 800.0
09:28:26.956 [JavaFX Application Thread] DEBUG PrimaryStageWindow   - Scaled ratio: (1.0, 1.0)
09:28:26.956 [JavaFX Application Thread] DEBUG PrimaryStageWindow   - Scene size: 800.0 x 800.0
09:28:26.956 [JavaFX Application Thread] DEBUG PrimaryStageWindow   - Stage size: 800.0 x 828.0
09:28:26.961 [FXGL Background Thread 1 ] DEBUG Engine               - Initializing environment variables
09:28:27.033 [FXGL Background Thread 1 ] DEBUG FXGLAssetLoaderServi - User app class for loading assets: class com.example.zeldapuzzle.MainGameApp
09:28:27.034 [FXGL Background Thread 1 ] DEBUG GameApplicationServi - Applying CSS: fxgl_dark.css
09:28:27.035 [FXGL Background Thread 1 ] DEBUG FXGLAssetLoaderServi - Loading from file system: jar:file:///Users/CHLaroche05/.m2/repository/com/github/almasb/fxgl/17/fxgl-17.jar!/fxglassets/ui/css/fxgl_dark.css
09:28:27.098 [FXGL Background Thread 1 ] DEBUG GameApplicationServi - Initializing application scenes
09:28:27.559 [FXGL Background Thread 1 ] DEBUG GameWorld            - Game world initialized
09:28:27.684 [FXGL Background Thread 1 ] DEBUG PhysicsWorld         - Physics world initialized: appHeight=800, physics.ppm=50.0
09:28:27.685 [FXGL Background Thread 1 ] DEBUG PhysicsWorld         - Using strategy: BRUTE_FORCE
09:28:27.717 [FXGL Background Thread 1 ] DEBUG GameScene            - Game scene initialized: 800x800
09:28:27.735 [FXGL Background Thread 1 ] DEBUG FXGL.DefaultMenu     - createMenuBodyMainMenu()
09:28:27.751 [FXGL Background Thread 1 ] DEBUG FXGL.DefaultMenu     - createOptionsMenu()
09:28:27.769 [FXGL Background Thread 1 ] DEBUG FXGLAssetLoaderServi - Loading from file system: jar:file:///Users/CHLaroche05/.m2/repository/com/github/almasb/fxgl/17/fxgl-17.jar!/fxglassets/textures/particles/smoke.png
09:28:27.899 [FXGL Background Thread 1 ] DEBUG FXGLAssetLoaderServi - Loading from file system: jar:file:///Users/CHLaroche05/.m2/repository/com/github/almasb/fxgl/17/fxgl-17.jar!/fxglassets/textures/particles/trace_horizontal.png
09:28:27.935 [FXGL Background Thread 1 ] DEBUG FXGL.DefaultMenu     - createMenuBodyGameMenu()
09:28:27.936 [FXGL Background Thread 1 ] DEBUG FXGL.DefaultMenu     - createOptionsMenu()
09:28:27.968 [FXGL Background Thread 1 ] DEBUG GameApplicationServi - Application scenes initialized
09:28:27.978 [FXGL Background Thread 1 ] DEBUG SystemBundleService  - Loading FXGL system data
09:28:27.981 [FXGL Background Thread 1 ] DEBUG FileSystemAccess     - Reading from: /Users/CHLaroche05/zelda/zeldaPuzzle/system/fxgl.bundle
09:28:27.989 [FXGL Background Thread 1 ] DEBUG SystemBundleService  - Bundle FXGL: {}
09:28:27.989 [FXGL Background Thread 1 ] DEBUG UpdaterService       - Checking for updates
09:28:28.009 [FXGL Background Thread 4 ] DEBUG FXGLApplication      - Loading fonts
09:28:28.009 [FXGL Background Thread 4 ] DEBUG FXGLAssetLoaderServi - Loading from file system: jar:file:///Users/CHLaroche05/.m2/repository/com/github/almasb/fxgl/17/fxgl-17.jar!/fxglassets/ui/fonts/VarelaRound-Regular.ttf
09:28:28.009 [FXGL Background Thread 1 ] DEBUG FXGLApplication      - Loading default localization
09:28:28.010 [FXGL Background Thread 1 ] DEBUG FXGLAssetLoaderServi - Loading from file system: jar:file:///Users/CHLaroche05/.m2/repository/com/github/almasb/fxgl/17/fxgl-17.jar!/fxglassets/languages/english.lang
09:28:28.017 [FXGL Background Thread 4 ] DEBUG FXGLAssetLoaderServi - Loading from file system: jar:file:///Users/CHLaroche05/.m2/repository/com/github/almasb/fxgl/17/fxgl-17.jar!/fxglassets/ui/fonts/Abel-Regular.ttf
09:28:28.020 [FXGL Background Thread 4 ] DEBUG FXGLAssetLoaderServi - Loading from file system: jar:file:///Users/CHLaroche05/.m2/repository/com/github/almasb/fxgl/17/fxgl-17.jar!/fxglassets/ui/fonts/TerminalLandMono-Regular.otf
09:28:28.023 [FXGL Background Thread 4 ] DEBUG FXGLAssetLoaderServi - Loading from file system: jar:file:///Users/CHLaroche05/.m2/repository/com/github/almasb/fxgl/17/fxgl-17.jar!/fxglassets/ui/fonts/Courier-Prime.ttf
09:28:28.024 [FXGL Background Thread 1 ] INFO  FXGLApplication      - FXGL initialization took: 1.063 sec
09:28:28.031 [JavaFX Application Thread] DEBUG Input                - Registered new binding: getPosition - P
09:28:28.031 [JavaFX Application Thread] DEBUG Input                - Registered new binding: zoom+ - Up
09:28:28.031 [JavaFX Application Thread] DEBUG Input                - Registered new binding: zoom- - Down
09:28:28.031 [JavaFX Application Thread] DEBUG Input                - Registered new binding: resetZoom - 0
09:28:28.032 [JavaFX Application Thread] DEBUG Input                - Registered new binding: Move right - D
09:28:28.032 [JavaFX Application Thread] DEBUG Input                - Registered new binding: Move left - A
09:28:28.032 [JavaFX Application Thread] DEBUG Input                - Registered new binding: Move Up - W
09:28:28.032 [JavaFX Application Thread] DEBUG Input                - Registered new binding: Move Down - S
09:28:28.032 [JavaFX Application Thread] DEBUG FXGLAssetLoaderServi - Loading from file system: jar:file:///Users/CHLaroche05/.m2/repository/com/github/almasb/fxgl/17/fxgl-17.jar!/fxglassets/textures/fxgl_icon.png
09:28:28.064 [JavaFX Application Thread] DEBUG FXGLAssetLoaderServi - Loading from file system: jar:file:///Users/CHLaroche05/.m2/repository/com/github/almasb/fxgl/17/fxgl-17.jar!/fxglassets/textures/fxgl_default_cursor.png
09:28:28.066 [JavaFX Application Thread] DEBUG Input                - Registered new binding: Screenshot - CTRL+8
09:28:28.066 [JavaFX Application Thread] DEBUG Input                - Registered new binding: Dev Options - 1
09:28:28.066 [JavaFX Application Thread] DEBUG Input                - Registered new binding: Dev Console - 2
09:28:28.066 [JavaFX Application Thread] DEBUG Input                - Registered new binding: System info dump - CTRL+9
09:28:28.067 [JavaFX Application Thread] DEBUG Input                - Registered new binding: Restart - CTRL+R
09:28:28.067 [JavaFX Application Thread] DEBUG Input                - Registered new binding: Toggle Debug Camera - CTRL+7
09:28:28.069 [JavaFX Application Thread] DEBUG LoopRunner           - Starting loop
09:28:28.078 [JavaFX Application Thread] DEBUG LoopRunner           - Initializing JavaFX AnimationTimerLoop
09:28:28.080 [JavaFX Application Thread] DEBUG Input                - Clearing active input actions
09:28:28.086 [JavaFX Application Thread] DEBUG GameApplicationServi - Removing overlay from FXGLStartupScene and adding to FXGLMainMenuDummyScene
09:28:28.088 [JavaFX Application Thread] DEBUG PrimaryStageWindow   - FXGLStartupScene -> FXGLMainMenuDummyScene
09:28:28.088 [JavaFX Application Thread] DEBUG PrimaryStageWindow   - Push state: FXGLDefaultMenu
09:28:28.091 [JavaFX Application Thread] DEBUG Input                - Clearing active input actions
09:28:28.095 [JavaFX Application Thread] DEBUG GameApplicationServi - Removing overlay from FXGLMainMenuDummyScene and adding to FXGLDefaultMenu
09:28:28.096 [JavaFX Application Thread] DEBUG PrimaryStageWindow   - FXGLMainMenuDummyScene -> FXGLDefaultMenu
09:28:28.116 [JavaFX Application Thread] DEBUG FXGLApplication      - Registering font factories with UI factory
09:28:28.437 [FXGL Background Thread 2 ] INFO  UpdaterService       - Your current version:  17
09:28:28.437 [FXGL Background Thread 2 ] INFO  UpdaterService       - Latest stable version: 21.1
09:28:29.185 [JavaFX Application Thread] DEBUG Menu                 - fireNewGame()
09:28:29.185 [JavaFX Application Thread] DEBUG GameApplicationServi - Starting new game
09:28:29.186 [JavaFX Application Thread] DEBUG PrimaryStageWindow   - Pop state: FXGLDefaultMenu
09:28:29.186 [JavaFX Application Thread] DEBUG Input                - Clearing active input actions
09:28:29.187 [JavaFX Application Thread] DEBUG GameApplicationServi - Removing overlay from FXGLDefaultMenu and adding to FXGLMainMenuDummyScene
09:28:29.188 [JavaFX Application Thread] DEBUG PrimaryStageWindow   - FXGLMainMenuDummyScene <- FXGLDefaultMenu
09:28:29.188 [JavaFX Application Thread] DEBUG Input                - Clearing active input actions
09:28:29.195 [JavaFX Application Thread] DEBUG GameApplicationServi - Removing overlay from FXGLMainMenuDummyScene and adding to FXGLLoadingScene
09:28:29.196 [JavaFX Application Thread] DEBUG PrimaryStageWindow   - FXGLMainMenuDummyScene -> FXGLLoadingScene
09:28:29.196 [JavaFX Application Thread] DEBUG GameApplicationServi - Clearing previous game
09:28:29.196 [JavaFX Application Thread] DEBUG GameScene            - Clearing game scene
09:28:29.196 [JavaFX Application Thread] DEBUG GameWorld            - Clearing game world
09:28:29.196 [JavaFX Application Thread] DEBUG PhysicsWorld         - Clearing physics world
09:28:29.197 [FXGL Background Thread 2 ] DEBUG FXGLApplication      - Initializing game
09:28:29.239 [FXGL Background Thread 2 ] WARN  TMXLevelLoader       - TiledMap generated from 1.10.2. Supported version: 1.2.3. Some features may not be parsed fully.
09:28:29.248 [FXGL Background Thread 2 ] DEBUG TMXLevelLoader       - Parsed TiledMap: file:/Users/CHLaroche05/zelda/zeldaPuzzle/target/classes/assets/levels/StartingMap.tmx
09:28:29.249 [FXGL Background Thread 2 ] DEBUG TMXLevelLoader       - Creating tile layer entities
09:28:29.250 [FXGL Background Thread 2 ] DEBUG TilesetLoader        - Loading view for layer Calque de Tuiles 1
09:28:29.251 [FXGL Background Thread 2 ] DEBUG TilesetLoader        - Created buffer with size 1920.0x1920.0
09:28:29.265 [FXGL Background Thread 2 ] DEBUG TilesetLoader        - Loading view for layer Calque de Tuiles 2
09:28:29.268 [FXGL Background Thread 2 ] DEBUG TilesetLoader        - Created buffer with size 1920.0x1920.0
09:28:29.275 [FXGL Background Thread 2 ] DEBUG TilesetLoader        - Loading view for layer Calque de Tuiles 3
09:28:29.279 [FXGL Background Thread 2 ] DEBUG TilesetLoader        - Created buffer with size 1920.0x1920.0
09:28:29.280 [FXGL Background Thread 2 ] DEBUG TMXLevelLoader       - Creating object layer entities
09:28:29.291 [FXGL Background Thread 2 ] DEBUG GameWorld            - Clearing removable entities
09:28:29.292 [FXGL Background Thread 2 ] DEBUG GameWorld            - Setting level: com.almasb.fxgl.entity.level.Level@69e07977
09:28:29.302 [FXGL Background Thread 2 ] WARN  GameWorld            - Entity is already attached to world
09:28:29.386 [FXGL Background Thread 2 ] WARN  GameWorld            - Entity is already attached to world
09:28:29.387 [FXGL Background Thread 2 ] INFO  FXGLApplication      - Game initialization took: 0.190 sec
09:28:29.387 [JavaFX Application Thread] DEBUG Input                - Clearing active input actions
09:28:29.392 [JavaFX Application Thread] DEBUG GameApplicationServi - Removing overlay from FXGLLoadingScene and adding to GameScene
09:28:29.394 [JavaFX Application Thread] DEBUG PrimaryStageWindow   - FXGLLoadingScene -> GameScene
09:28:31.013 [FXGL Background Thread 3 ] DEBUG Engine               - Logging environment variables
09:28:31.014 [FXGL Background Thread 3 ] DEBUG Engine               - achievements: []
09:28:31.014 [FXGL Background Thread 3 ] DEBUG Engine               - actualHeight: 800.0
09:28:31.014 [FXGL Background Thread 3 ] DEBUG Engine               - actualHeightProperty: ReadOnlyDoubleProperty [value: 800.0]
09:28:31.014 [FXGL Background Thread 3 ] DEBUG Engine               - actualWidth: 800.0
09:28:31.014 [FXGL Background Thread 3 ] DEBUG Engine               - actualWidthProperty: ReadOnlyDoubleProperty [value: 800.0]
09:28:31.014 [FXGL Background Thread 3 ] DEBUG Engine               - appIcon: fxgl_icon.png
09:28:31.014 [FXGL Background Thread 3 ] DEBUG Engine               - applicationMode: DEVELOPER
09:28:31.014 [FXGL Background Thread 3 ] DEBUG Engine               - cSSList: [fxgl_dark.css]
09:28:31.014 [FXGL Background Thread 3 ] DEBUG Engine               - collisionDetectionStrategy: BRUTE_FORCE
09:28:31.014 [FXGL Background Thread 3 ] DEBUG Engine               - configClass: Optional.empty
09:28:31.014 [FXGL Background Thread 3 ] DEBUG Engine               - credits: []
09:28:31.014 [FXGL Background Thread 3 ] DEBUG Engine               - defaultCursor: CursorInfo(imageName=fxgl_default_cursor.png, hotspotX=7.0, hotspotY=6.0)
09:28:31.014 [FXGL Background Thread 3 ] DEBUG Engine               - devBBoxColorProperty: ObjectProperty [value: 0xff0000ff]
09:28:31.014 [FXGL Background Thread 3 ] DEBUG Engine               - devEnableDebugCameraProperty: BooleanProperty [value: false]
09:28:31.015 [FXGL Background Thread 3 ] DEBUG Engine               - devSensorColorProperty: ObjectProperty [value: 0xffff00ff]
09:28:31.015 [FXGL Background Thread 3 ] DEBUG Engine               - devShowBBoxProperty: BooleanProperty [value: false]
09:28:31.015 [FXGL Background Thread 3 ] DEBUG Engine               - devShowPositionProperty: BooleanProperty [value: false]
09:28:31.015 [FXGL Background Thread 3 ] DEBUG Engine               - enabledMenuItems: []
09:28:31.015 [FXGL Background Thread 3 ] DEBUG Engine               - engineServices: [class com.almasb.fxgl.app.services.FXGLAssetLoaderService, class com.almasb.fxgl.app.FXGLApplication$GameApplicationService, class com.almasb.fxgl.app.services.FXGLDialogService, class com.almasb.fxgl.app.services.IOTaskExecutorService, class com.almasb.fxgl.io.FileSystemService, class com.almasb.fxgl.localization.LocalizationService, class com.almasb.fxgl.app.services.SystemBundleService, class com.almasb.fxgl.profile.SaveLoadService, class com.almasb.fxgl.ui.FXGLUIFactoryServiceProvider, class com.almasb.fxgl.ui.FXGLDialogFactoryServiceProvider, class com.almasb.fxgl.audio.AudioPlayer, class com.almasb.fxgl.notification.impl.NotificationServiceProvider, class com.almasb.fxgl.achievement.AchievementService, class com.almasb.fxgl.cutscene.CutsceneService, class com.almasb.fxgl.minigames.MiniGameService, class com.almasb.fxgl.net.NetService, class com.almasb.fxgl.app.services.UpdaterService, class com.almasb.fxgl.dev.DevService]
09:28:31.015 [FXGL Background Thread 3 ] DEBUG Engine               - fontGame: Abel-Regular.ttf
09:28:31.015 [FXGL Background Thread 3 ] DEBUG Engine               - fontMono: TerminalLandMono-Regular.otf
09:28:31.015 [FXGL Background Thread 3 ] DEBUG Engine               - fontText: Courier-Prime.ttf
09:28:31.015 [FXGL Background Thread 3 ] DEBUG Engine               - fontUI: VarelaRound-Regular.ttf
09:28:31.015 [FXGL Background Thread 3 ] DEBUG Engine               - fullScreen: BooleanProperty [value: false]
09:28:31.015 [FXGL Background Thread 3 ] DEBUG Engine               - gameDifficulty: MEDIUM
09:28:31.015 [FXGL Background Thread 3 ] DEBUG Engine               - gameDifficultyProperty: ObjectProperty [value: MEDIUM]
09:28:31.015 [FXGL Background Thread 3 ] DEBUG Engine               - globalMusicVolume: 0.5
09:28:31.015 [FXGL Background Thread 3 ] DEBUG Engine               - globalMusicVolumeProperty: DoubleProperty [value: 0.5]
09:28:31.015 [FXGL Background Thread 3 ] DEBUG Engine               - globalSoundVolume: 0.5
09:28:31.015 [FXGL Background Thread 3 ] DEBUG Engine               - globalSoundVolumeProperty: DoubleProperty [value: 0.5]
09:28:31.015 [FXGL Background Thread 3 ] DEBUG Engine               - height: 800
09:28:31.015 [FXGL Background Thread 3 ] DEBUG Engine               - is3D: false
09:28:31.015 [FXGL Background Thread 3 ] DEBUG Engine               - isAndroid: false
09:28:31.015 [FXGL Background Thread 3 ] DEBUG Engine               - isBrowser: false
09:28:31.015 [FXGL Background Thread 3 ] DEBUG Engine               - isClickFeedbackEnabled: false
09:28:31.015 [FXGL Background Thread 3 ] DEBUG Engine               - isCloseConfirmation: false
09:28:31.016 [FXGL Background Thread 3 ] DEBUG Engine               - isDesktop: true
09:28:31.016 [FXGL Background Thread 3 ] DEBUG Engine               - isDeveloperMenuEnabled: true
09:28:31.016 [FXGL Background Thread 3 ] DEBUG Engine               - isEmbedded: false
09:28:31.016 [FXGL Background Thread 3 ] DEBUG Engine               - isEntityPreloadEnabled: true
09:28:31.016 [FXGL Background Thread 3 ] DEBUG Engine               - isExperimentalTiledLargeMap: false
09:28:31.016 [FXGL Background Thread 3 ] DEBUG Engine               - isFileSystemWriteAllowed: true
09:28:31.016 [FXGL Background Thread 3 ] DEBUG Engine               - isFullScreenAllowed: false
09:28:31.016 [FXGL Background Thread 3 ] DEBUG Engine               - isFullScreenFromStart: false
09:28:31.016 [FXGL Background Thread 3 ] DEBUG Engine               - isGameMenuEnabled: true
09:28:31.016 [FXGL Background Thread 3 ] DEBUG Engine               - isIOS: false
09:28:31.016 [FXGL Background Thread 3 ] DEBUG Engine               - isIntroEnabled: false
09:28:31.016 [FXGL Background Thread 3 ] DEBUG Engine               - isLinux: false
09:28:31.016 [FXGL Background Thread 3 ] DEBUG Engine               - isMac: true
09:28:31.016 [FXGL Background Thread 3 ] DEBUG Engine               - isMainMenuEnabled: true
09:28:31.016 [FXGL Background Thread 3 ] DEBUG Engine               - isManualResizeEnabled: false
09:28:31.016 [FXGL Background Thread 3 ] DEBUG Engine               - isMobile: false
09:28:31.016 [FXGL Background Thread 3 ] DEBUG Engine               - isNative: false
09:28:31.016 [FXGL Background Thread 3 ] DEBUG Engine               - isPauseMusicWhenMinimized: true
09:28:31.016 [FXGL Background Thread 3 ] DEBUG Engine               - isPreserveResizeRatio: false
09:28:31.016 [FXGL Background Thread 3 ] DEBUG Engine               - isProfilingEnabled: false
09:28:31.017 [FXGL Background Thread 3 ] DEBUG Engine               - isScaleAffectedOnResize: true
09:28:31.017 [FXGL Background Thread 3 ] DEBUG Engine               - isSingleStep: false
09:28:31.017 [FXGL Background Thread 3 ] DEBUG Engine               - isUserProfileEnabled: false
09:28:31.017 [FXGL Background Thread 3 ] DEBUG Engine               - isWindows: false
09:28:31.017 [FXGL Background Thread 3 ] DEBUG Engine               - language: ObjectProperty [value: ENGLISH]
09:28:31.017 [FXGL Background Thread 3 ] DEBUG Engine               - menuKey: ESCAPE
09:28:31.017 [FXGL Background Thread 3 ] DEBUG Engine               - mouseSensitivity: 0.2
09:28:31.017 [FXGL Background Thread 3 ] DEBUG Engine               - notificationViewClass: class com.almasb.fxgl.notification.view.XboxNotificationView
09:28:31.017 [FXGL Background Thread 3 ] DEBUG Engine               - pixelsPerMeter: 50.0
09:28:31.017 [FXGL Background Thread 3 ] DEBUG Engine               - platform: MAC
09:28:31.017 [FXGL Background Thread 3 ] DEBUG Engine               - prefHeightProperty: ReadOnlyDoubleProperty [value: 800.0]
09:28:31.017 [FXGL Background Thread 3 ] DEBUG Engine               - prefWidthProperty: ReadOnlyDoubleProperty [value: 800.0]
09:28:31.017 [FXGL Background Thread 3 ] DEBUG Engine               - profileDir: profiles/
09:28:31.017 [FXGL Background Thread 3 ] DEBUG Engine               - profileName: StringProperty [value: DEFAULT]
09:28:31.017 [FXGL Background Thread 3 ] DEBUG Engine               - randomSeed: -1
09:28:31.018 [FXGL Background Thread 3 ] DEBUG Engine               - runtimeInfo: RuntimeInfo(platform=MAC, version=17, build=31.12.2021 18.16)
09:28:31.018 [FXGL Background Thread 3 ] DEBUG Engine               - saveFileExt: sav
09:28:31.018 [FXGL Background Thread 3 ] DEBUG Engine               - scaledHeightProp$fxgl: DoubleProperty [bound, value: 800.0]
09:28:31.018 [FXGL Background Thread 3 ] DEBUG Engine               - scaledWidthProp$fxgl: DoubleProperty [bound, value: 800.0]
09:28:31.018 [FXGL Background Thread 3 ] DEBUG Engine               - sceneFactory: com.almasb.fxgl.app.scene.SceneFactory@7d595fab
09:28:31.018 [FXGL Background Thread 3 ] DEBUG Engine               - secondsIn24h: 60
09:28:31.018 [FXGL Background Thread 3 ] DEBUG Engine               - soundMenuBack: menu/back.wav
09:28:31.018 [FXGL Background Thread 3 ] DEBUG Engine               - soundMenuPress: menu/press.wav
09:28:31.018 [FXGL Background Thread 3 ] DEBUG Engine               - soundMenuSelect: menu/select.wav
09:28:31.018 [FXGL Background Thread 3 ] DEBUG Engine               - soundNotification: core/notification.wav
09:28:31.018 [FXGL Background Thread 3 ] DEBUG Engine               - stageStyle: DECORATED
09:28:31.018 [FXGL Background Thread 3 ] DEBUG Engine               - supportedLanguages: [ENGLISH, FRENCH, GERMAN, HUNGARIAN, RUSSIAN]
09:28:31.018 [FXGL Background Thread 3 ] DEBUG Engine               - ticksPerSecond: -1
09:28:31.018 [FXGL Background Thread 3 ] DEBUG Engine               - title: Zelda 2D Game
09:28:31.019 [FXGL Background Thread 3 ] DEBUG Engine               - urlGithub: https://github.com/AlmasB/FXGL
09:28:31.019 [FXGL Background Thread 3 ] DEBUG Engine               - urlLeaderboard: http://fxgl-top.herokuapp.com/
09:28:31.019 [FXGL Background Thread 3 ] DEBUG Engine               - urlPOM: https://raw.githubusercontent.com/AlmasB/FXGL/release/README.md
09:28:31.019 [FXGL Background Thread 3 ] DEBUG Engine               - userAppClass: class com.example.zeldapuzzle.MainGameApp
09:28:31.019 [FXGL Background Thread 3 ] DEBUG Engine               - version: 1
09:28:31.019 [FXGL Background Thread 3 ] DEBUG Engine               - versionCheckDays: 7
09:28:31.019 [FXGL Background Thread 3 ] DEBUG Engine               - width: 800
09:28:31.019 [FXGL Background Thread 3 ] DEBUG Engine               - Logging services
09:28:31.019 [FXGL Background Thread 3 ] DEBUG Engine               - class com.almasb.fxgl.app.services.FXGLAssetLoaderService
09:28:31.019 [FXGL Background Thread 3 ] DEBUG Engine               - class com.almasb.fxgl.app.FXGLApplication$GameApplicationService
09:28:31.019 [FXGL Background Thread 3 ] DEBUG Engine               - class com.almasb.fxgl.app.services.FXGLDialogService
09:28:31.019 [FXGL Background Thread 3 ] DEBUG Engine               - class com.almasb.fxgl.app.services.IOTaskExecutorService
09:28:31.019 [FXGL Background Thread 3 ] DEBUG Engine               - class com.almasb.fxgl.io.FileSystemService
09:28:31.019 [FXGL Background Thread 3 ] DEBUG Engine               - class com.almasb.fxgl.localization.LocalizationService
09:28:31.019 [FXGL Background Thread 3 ] DEBUG Engine               - class com.almasb.fxgl.app.services.SystemBundleService
09:28:31.019 [FXGL Background Thread 3 ] DEBUG Engine               - class com.almasb.fxgl.profile.SaveLoadService
09:28:31.019 [FXGL Background Thread 3 ] DEBUG Engine               - class com.almasb.fxgl.ui.FXGLUIFactoryServiceProvider
09:28:31.019 [FXGL Background Thread 3 ] DEBUG Engine               - class com.almasb.fxgl.ui.FXGLDialogFactoryServiceProvider
09:28:31.019 [FXGL Background Thread 3 ] DEBUG Engine               - class com.almasb.fxgl.audio.AudioPlayer
09:28:31.020 [FXGL Background Thread 3 ] DEBUG Engine               - class com.almasb.fxgl.notification.impl.NotificationServiceProvider
09:28:31.020 [FXGL Background Thread 3 ] DEBUG Engine               - class com.almasb.fxgl.achievement.AchievementService
09:28:31.020 [FXGL Background Thread 3 ] DEBUG Engine               - class com.almasb.fxgl.cutscene.CutsceneService
09:28:31.020 [FXGL Background Thread 3 ] DEBUG Engine               - class com.almasb.fxgl.minigames.MiniGameService
09:28:31.020 [FXGL Background Thread 3 ] DEBUG Engine               - class com.almasb.fxgl.net.NetService
09:28:31.020 [FXGL Background Thread 3 ] DEBUG Engine               - class com.almasb.fxgl.app.services.UpdaterService
09:28:31.020 [FXGL Background Thread 3 ] DEBUG Engine               - class com.almasb.fxgl.dev.DevService
09:29:32.123 [JavaFX Application Thread] DEBUG FXGLApplication      - Exiting FXGL
09:29:32.123 [JavaFX Application Thread] DEBUG LoopRunner           - Stopping loop
09:29:32.123 [JavaFX Application Thread] DEBUG SystemBundleService  - Saving FXGL system data
09:29:32.126 [JavaFX Application Thread] DEBUG FileSystemAccess     - Writing to: /Users/CHLaroche05/zelda/zeldaPuzzle/system/fxgl.bundle
09:29:32.129 [JavaFX Application Thread] DEBUG Async                - Shutting down background threads
09:29:32.130 [JavaFX Application Thread] DEBUG PrimaryStageWindow   - Closing main window
09:29:32.143 [JavaFX Application Thread] DEBUG Logger               - Closing Logger
