16:25:28.998 [main                     ] DEBUG Logger               - Configured Logger
16:25:29.013 [main                     ] DEBUG GameApplication      - Logging settings
Title: Zelda 2D Game
Version: 1
Width: 800
Height: 800
Fullscreen: true
Intro: false
Profiling: false
Single step:false
App Mode: DEVELOPER
Menu Key: ESCAPE
Stage Style: DECORATED
Scene Factory: class com.almasb.fxgl.app.scene.SceneFactory

16:25:29.070 [JavaFX Application Thread] DEBUG FXGLApplication      - Initializing FXGL
16:25:29.074 [JavaFX Application Thread] INFO  Engine               - FXGL-17 (31.12.2021 18.16) on WINDOWS (J:21.0.2 FX:19)
16:25:29.074 [JavaFX Application Thread] DEBUG Engine               - JRE Vendor Name: Oracle Corporation
16:25:29.074 [JavaFX Application Thread] DEBUG Engine               - Running on OS: Windows 11 version 10.0
16:25:29.074 [JavaFX Application Thread] DEBUG Engine               - Architecture: amd64
16:25:29.074 [JavaFX Application Thread] INFO  Engine               - Source code and latest versions at: https://github.com/AlmasB/FXGL
16:25:29.075 [JavaFX Application Thread] INFO  Engine               -       Ask questions and discuss at: https://github.com/AlmasB/FXGL/discussions
16:25:29.075 [JavaFX Application Thread] INFO  Engine               -              Join the FXGL chat at: https://gitter.im/AlmasB/FXGL
16:25:29.133 [JavaFX Application Thread] DEBUG PrimaryStageWindow   - Creating a JavaFX scene
16:25:29.169 [JavaFX Application Thread] DEBUG PrimaryStageWindow   - Target settings size: 800.0 x 800.0
16:25:29.170 [JavaFX Application Thread] DEBUG PrimaryStageWindow   - Scaled scene size:    800.0 x 800.0
16:25:29.170 [JavaFX Application Thread] DEBUG PrimaryStageWindow   - Scaled ratio: (1.0, 1.0)
16:25:29.171 [JavaFX Application Thread] DEBUG PrimaryStageWindow   - Set initial scene to FXGLStartupScene
16:25:29.175 [JavaFX Application Thread] DEBUG PrimaryStageWindow   - Opening main window
16:25:29.232 [JavaFX Application Thread] DEBUG PrimaryStageWindow   - Window border size: (16.0, 39.0)
16:25:29.232 [JavaFX Application Thread] DEBUG PrimaryStageWindow   - Scaled size: 800.0 x 800.0
16:25:29.232 [JavaFX Application Thread] DEBUG PrimaryStageWindow   - Scaled ratio: (1.0, 1.0)
16:25:29.232 [JavaFX Application Thread] DEBUG PrimaryStageWindow   - Scene size: 800.0 x 800.0
16:25:29.232 [JavaFX Application Thread] DEBUG PrimaryStageWindow   - Stage size: 816.0 x 839.0
16:25:29.248 [FXGL Background Thread 1 ] DEBUG Engine               - Initializing environment variables
16:25:29.302 [FXGL Background Thread 1 ] DEBUG FXGLAssetLoaderServi - User app class for loading assets: class com.example.zeldapuzzle.MainGameApp
16:25:29.302 [FXGL Background Thread 1 ] DEBUG GameApplicationServi - Applying CSS: fxgl_dark.css
16:25:29.303 [FXGL Background Thread 1 ] DEBUG FXGLAssetLoaderServi - Loading from file system: jar:file:///C:/Users/User/.m2/repository/com/github/almasb/fxgl/17/fxgl-17.jar!/fxglassets/ui/css/fxgl_dark.css
16:25:29.334 [FXGL Background Thread 1 ] DEBUG GameApplicationServi - Initializing application scenes
16:25:29.365 [FXGL Background Thread 1 ] DEBUG GameWorld            - Game world initialized
16:25:29.407 [FXGL Background Thread 1 ] DEBUG PhysicsWorld         - Physics world initialized: appHeight=800, physics.ppm=50.0
16:25:29.407 [FXGL Background Thread 1 ] DEBUG PhysicsWorld         - Using strategy: BRUTE_FORCE
16:25:29.412 [FXGL Background Thread 1 ] DEBUG GameScene            - Game scene initialized: 800x800
16:25:29.420 [FXGL Background Thread 1 ] DEBUG FXGL.DefaultMenu     - createMenuBodyMainMenu()
16:25:29.429 [FXGL Background Thread 1 ] DEBUG FXGL.DefaultMenu     - createOptionsMenu()
16:25:29.435 [FXGL Background Thread 1 ] DEBUG FXGLAssetLoaderServi - Loading from file system: jar:file:///C:/Users/User/.m2/repository/com/github/almasb/fxgl/17/fxgl-17.jar!/fxglassets/textures/particles/smoke.png
16:25:29.489 [FXGL Background Thread 1 ] DEBUG FXGLAssetLoaderServi - Loading from file system: jar:file:///C:/Users/User/.m2/repository/com/github/almasb/fxgl/17/fxgl-17.jar!/fxglassets/textures/particles/trace_horizontal.png
16:25:29.513 [FXGL Background Thread 1 ] DEBUG FXGL.DefaultMenu     - createMenuBodyGameMenu()
16:25:29.514 [FXGL Background Thread 1 ] DEBUG FXGL.DefaultMenu     - createOptionsMenu()
16:25:29.525 [FXGL Background Thread 1 ] DEBUG GameApplicationServi - Application scenes initialized
16:25:29.538 [FXGL Background Thread 1 ] DEBUG SystemBundleService  - Loading FXGL system data
16:25:29.543 [FXGL Background Thread 1 ] DEBUG FileSystemAccess     - Reading from: C:\Users\User\zeldaPuzzle\system\fxgl.bundle
16:25:29.561 [FXGL Background Thread 1 ] DEBUG SystemBundleService  - Bundle FXGL: {}
16:25:29.561 [FXGL Background Thread 1 ] DEBUG UpdaterService       - Checking for updates
16:25:29.581 [FXGL Background Thread 4 ] DEBUG FXGLApplication      - Loading fonts
16:25:29.581 [FXGL Background Thread 4 ] DEBUG FXGLAssetLoaderServi - Loading from file system: jar:file:///C:/Users/User/.m2/repository/com/github/almasb/fxgl/17/fxgl-17.jar!/fxglassets/ui/fonts/VarelaRound-Regular.ttf
16:25:29.581 [FXGL Background Thread 1 ] DEBUG FXGLApplication      - Loading default localization
16:25:29.582 [FXGL Background Thread 1 ] DEBUG FXGLAssetLoaderServi - Loading from file system: jar:file:///C:/Users/User/.m2/repository/com/github/almasb/fxgl/17/fxgl-17.jar!/fxglassets/languages/english.lang
16:25:29.598 [FXGL Background Thread 1 ] INFO  FXGLApplication      - FXGL initialization took: 0.351 sec
16:25:29.606 [JavaFX Application Thread] DEBUG Input                - Registered new binding: inventaire - Tab
16:25:29.606 [JavaFX Application Thread] DEBUG Input                - Registered new binding: getPosition - P
16:25:29.606 [JavaFX Application Thread] DEBUG Input                - Registered new binding: zoom+ - Up
16:25:29.606 [JavaFX Application Thread] DEBUG Input                - Registered new binding: zoom- - Down
16:25:29.606 [JavaFX Application Thread] DEBUG Input                - Registered new binding: resetZoom - 0
16:25:29.606 [JavaFX Application Thread] DEBUG Input                - Registered new binding: Move right - D
16:25:29.606 [JavaFX Application Thread] DEBUG Input                - Registered new binding: Move left - A
16:25:29.606 [JavaFX Application Thread] DEBUG Input                - Registered new binding: Move Up - W
16:25:29.607 [JavaFX Application Thread] DEBUG Input                - Registered new binding: Move Down - S
16:25:29.607 [JavaFX Application Thread] DEBUG FXGLAssetLoaderServi - Loading from file system: jar:file:///C:/Users/User/.m2/repository/com/github/almasb/fxgl/17/fxgl-17.jar!/fxglassets/textures/fxgl_icon.png
16:25:29.609 [FXGL Background Thread 4 ] DEBUG FXGLAssetLoaderServi - Loading from file system: jar:file:///C:/Users/User/.m2/repository/com/github/almasb/fxgl/17/fxgl-17.jar!/fxglassets/ui/fonts/Abel-Regular.ttf
16:25:29.612 [JavaFX Application Thread] DEBUG FXGLAssetLoaderServi - Loading from file system: jar:file:///C:/Users/User/.m2/repository/com/github/almasb/fxgl/17/fxgl-17.jar!/fxglassets/textures/fxgl_default_cursor.png
16:25:29.613 [JavaFX Application Thread] DEBUG Input                - Registered new binding: Screenshot - CTRL+8
16:25:29.614 [JavaFX Application Thread] DEBUG Input                - Registered new binding: Dev Options - 1
16:25:29.614 [JavaFX Application Thread] DEBUG Input                - Registered new binding: Dev Console - 2
16:25:29.614 [JavaFX Application Thread] DEBUG Input                - Registered new binding: System info dump - CTRL+9
16:25:29.615 [JavaFX Application Thread] DEBUG Input                - Registered new binding: Restart - CTRL+R
16:25:29.615 [JavaFX Application Thread] DEBUG Input                - Registered new binding: Toggle Debug Camera - CTRL+7
16:25:29.616 [FXGL Background Thread 4 ] DEBUG FXGLAssetLoaderServi - Loading from file system: jar:file:///C:/Users/User/.m2/repository/com/github/almasb/fxgl/17/fxgl-17.jar!/fxglassets/ui/fonts/TerminalLandMono-Regular.otf
16:25:29.617 [JavaFX Application Thread] DEBUG LoopRunner           - Starting loop
16:25:29.625 [FXGL Background Thread 4 ] DEBUG FXGLAssetLoaderServi - Loading from file system: jar:file:///C:/Users/User/.m2/repository/com/github/almasb/fxgl/17/fxgl-17.jar!/fxglassets/ui/fonts/Courier-Prime.ttf
16:25:29.628 [JavaFX Application Thread] DEBUG LoopRunner           - Initializing JavaFX AnimationTimerLoop
16:25:29.629 [JavaFX Application Thread] DEBUG Input                - Clearing active input actions
16:25:29.636 [JavaFX Application Thread] DEBUG GameApplicationServi - Removing overlay from FXGLStartupScene and adding to FXGLMainMenuDummyScene
16:25:29.638 [JavaFX Application Thread] DEBUG PrimaryStageWindow   - FXGLStartupScene -> FXGLMainMenuDummyScene
16:25:29.638 [JavaFX Application Thread] DEBUG PrimaryStageWindow   - Push state: FXGLDefaultMenu
16:25:29.641 [JavaFX Application Thread] DEBUG Input                - Clearing active input actions
16:25:29.646 [JavaFX Application Thread] DEBUG GameApplicationServi - Removing overlay from FXGLMainMenuDummyScene and adding to FXGLDefaultMenu
16:25:29.647 [JavaFX Application Thread] DEBUG PrimaryStageWindow   - FXGLMainMenuDummyScene -> FXGLDefaultMenu
16:25:29.664 [JavaFX Application Thread] DEBUG FXGLApplication      - Registering font factories with UI factory
16:25:29.918 [FXGL Background Thread 2 ] INFO  UpdaterService       - Your current version:  17
16:25:29.918 [FXGL Background Thread 2 ] INFO  UpdaterService       - Latest stable version: 21.1
16:25:30.421 [JavaFX Application Thread] DEBUG Menu                 - fireNewGame()
16:25:30.421 [JavaFX Application Thread] DEBUG GameApplicationServi - Starting new game
16:25:30.422 [JavaFX Application Thread] DEBUG PrimaryStageWindow   - Pop state: FXGLDefaultMenu
16:25:30.423 [JavaFX Application Thread] DEBUG Input                - Clearing active input actions
16:25:30.423 [JavaFX Application Thread] DEBUG GameApplicationServi - Removing overlay from FXGLDefaultMenu and adding to FXGLMainMenuDummyScene
16:25:30.424 [JavaFX Application Thread] DEBUG PrimaryStageWindow   - FXGLMainMenuDummyScene <- FXGLDefaultMenu
16:25:30.425 [JavaFX Application Thread] DEBUG Input                - Clearing active input actions
16:25:30.431 [JavaFX Application Thread] DEBUG GameApplicationServi - Removing overlay from FXGLMainMenuDummyScene and adding to FXGLLoadingScene
16:25:30.431 [JavaFX Application Thread] DEBUG PrimaryStageWindow   - FXGLMainMenuDummyScene -> FXGLLoadingScene
16:25:30.431 [JavaFX Application Thread] DEBUG GameApplicationServi - Clearing previous game
16:25:30.431 [JavaFX Application Thread] DEBUG GameScene            - Clearing game scene
16:25:30.432 [JavaFX Application Thread] DEBUG GameWorld            - Clearing game world
16:25:30.432 [JavaFX Application Thread] DEBUG PhysicsWorld         - Clearing physics world
16:25:30.433 [FXGL Background Thread 2 ] DEBUG FXGLApplication      - Initializing game
16:25:30.472 [FXGL Background Thread 2 ] WARN  TMXLevelLoader       - TiledMap generated from 1.10.2. Supported version: 1.2.3. Some features may not be parsed fully.
16:25:30.505 [FXGL Background Thread 2 ] DEBUG TMXLevelLoader       - Parsed TiledMap: file:/C:/Users/User/zeldaPuzzle/target/classes/assets/levels/MapDeMerde2.tmx
16:25:30.506 [FXGL Background Thread 2 ] DEBUG TMXLevelLoader       - Creating tile layer entities
16:25:30.507 [FXGL Background Thread 2 ] DEBUG TilesetLoader        - Loading view for layer background
16:25:30.540 [FXGL Background Thread 2 ] DEBUG TilesetLoader        - Created buffer with size 4800.0x4800.0
16:25:30.642 [FXGL Background Thread 2 ] DEBUG TilesetLoader        - Loading view for layer devant
16:25:30.676 [FXGL Background Thread 2 ] DEBUG TilesetLoader        - Created buffer with size 4800.0x4800.0
16:25:30.707 [FXGL Background Thread 2 ] DEBUG TilesetLoader        - Loading view for layer devant1
16:25:30.739 [FXGL Background Thread 2 ] DEBUG TilesetLoader        - Created buffer with size 4800.0x4800.0
16:25:30.750 [FXGL Background Thread 2 ] DEBUG TMXLevelLoader       - Creating object layer entities
16:25:30.783 [FXGL Background Thread 2 ] DEBUG GameWorld            - Clearing removable entities
16:25:30.783 [FXGL Background Thread 2 ] DEBUG GameWorld            - Setting level: com.almasb.fxgl.entity.level.Level@11a6e202
16:25:30.798 [FXGL Background Thread 2 ] WARN  GameWorld            - Entity is already attached to world
16:25:30.799 [FXGL Background Thread 2 ] WARN  GameWorld            - Entity is already attached to world
16:25:30.805 [FXGL Background Thread 2 ] INFO  FXGLApplication      - Game initialization took: 0.372 sec
16:25:30.806 [JavaFX Application Thread] DEBUG Input                - Clearing active input actions
16:25:30.810 [JavaFX Application Thread] DEBUG GameApplicationServi - Removing overlay from FXGLLoadingScene and adding to GameScene
16:25:30.811 [JavaFX Application Thread] DEBUG PrimaryStageWindow   - FXGLLoadingScene -> GameScene
16:25:32.581 [FXGL Background Thread 3 ] DEBUG Engine               - Logging environment variables
16:25:32.581 [FXGL Background Thread 3 ] DEBUG Engine               - achievements: []
16:25:32.581 [FXGL Background Thread 3 ] DEBUG Engine               - actualHeight: 800.0
16:25:32.581 [FXGL Background Thread 3 ] DEBUG Engine               - actualHeightProperty: ReadOnlyDoubleProperty [value: 800.0]
16:25:32.581 [FXGL Background Thread 3 ] DEBUG Engine               - actualWidth: 800.0
16:25:32.581 [FXGL Background Thread 3 ] DEBUG Engine               - actualWidthProperty: ReadOnlyDoubleProperty [value: 800.0]
16:25:32.581 [FXGL Background Thread 3 ] DEBUG Engine               - appIcon: fxgl_icon.png
16:25:32.581 [FXGL Background Thread 3 ] DEBUG Engine               - applicationMode: DEVELOPER
16:25:32.581 [FXGL Background Thread 3 ] DEBUG Engine               - cSSList: [fxgl_dark.css]
16:25:32.582 [FXGL Background Thread 3 ] DEBUG Engine               - collisionDetectionStrategy: BRUTE_FORCE
16:25:32.582 [FXGL Background Thread 3 ] DEBUG Engine               - configClass: Optional.empty
16:25:32.582 [FXGL Background Thread 3 ] DEBUG Engine               - credits: []
16:25:32.582 [FXGL Background Thread 3 ] DEBUG Engine               - defaultCursor: CursorInfo(imageName=fxgl_default_cursor.png, hotspotX=7.0, hotspotY=6.0)
16:25:32.582 [FXGL Background Thread 3 ] DEBUG Engine               - devBBoxColorProperty: ObjectProperty [value: 0xff0000ff]
16:25:32.582 [FXGL Background Thread 3 ] DEBUG Engine               - devEnableDebugCameraProperty: BooleanProperty [value: false]
16:25:32.582 [FXGL Background Thread 3 ] DEBUG Engine               - devSensorColorProperty: ObjectProperty [value: 0xffff00ff]
16:25:32.582 [FXGL Background Thread 3 ] DEBUG Engine               - devShowBBoxProperty: BooleanProperty [value: false]
16:25:32.582 [FXGL Background Thread 3 ] DEBUG Engine               - devShowPositionProperty: BooleanProperty [value: false]
16:25:32.582 [FXGL Background Thread 3 ] DEBUG Engine               - enabledMenuItems: []
16:25:32.582 [FXGL Background Thread 3 ] DEBUG Engine               - engineServices: [class com.almasb.fxgl.app.services.FXGLAssetLoaderService, class com.almasb.fxgl.app.FXGLApplication$GameApplicationService, class com.almasb.fxgl.app.services.FXGLDialogService, class com.almasb.fxgl.app.services.IOTaskExecutorService, class com.almasb.fxgl.io.FileSystemService, class com.almasb.fxgl.localization.LocalizationService, class com.almasb.fxgl.app.services.SystemBundleService, class com.almasb.fxgl.profile.SaveLoadService, class com.almasb.fxgl.ui.FXGLUIFactoryServiceProvider, class com.almasb.fxgl.ui.FXGLDialogFactoryServiceProvider, class com.almasb.fxgl.audio.AudioPlayer, class com.almasb.fxgl.notification.impl.NotificationServiceProvider, class com.almasb.fxgl.achievement.AchievementService, class com.almasb.fxgl.cutscene.CutsceneService, class com.almasb.fxgl.minigames.MiniGameService, class com.almasb.fxgl.net.NetService, class com.almasb.fxgl.app.services.UpdaterService, class com.almasb.fxgl.dev.DevService]
16:25:32.582 [FXGL Background Thread 3 ] DEBUG Engine               - fontGame: Abel-Regular.ttf
16:25:32.583 [FXGL Background Thread 3 ] DEBUG Engine               - fontMono: TerminalLandMono-Regular.otf
16:25:32.583 [FXGL Background Thread 3 ] DEBUG Engine               - fontText: Courier-Prime.ttf
16:25:32.583 [FXGL Background Thread 3 ] DEBUG Engine               - fontUI: VarelaRound-Regular.ttf
16:25:32.583 [FXGL Background Thread 3 ] DEBUG Engine               - fullScreen: BooleanProperty [value: false]
16:25:32.583 [FXGL Background Thread 3 ] DEBUG Engine               - gameDifficulty: MEDIUM
16:25:32.583 [FXGL Background Thread 3 ] DEBUG Engine               - gameDifficultyProperty: ObjectProperty [value: MEDIUM]
16:25:32.583 [FXGL Background Thread 3 ] DEBUG Engine               - globalMusicVolume: 0.5
16:25:32.583 [FXGL Background Thread 3 ] DEBUG Engine               - globalMusicVolumeProperty: DoubleProperty [value: 0.5]
16:25:32.583 [FXGL Background Thread 3 ] DEBUG Engine               - globalSoundVolume: 0.5
16:25:32.583 [FXGL Background Thread 3 ] DEBUG Engine               - globalSoundVolumeProperty: DoubleProperty [value: 0.5]
16:25:32.583 [FXGL Background Thread 3 ] DEBUG Engine               - height: 800
16:25:32.583 [FXGL Background Thread 3 ] DEBUG Engine               - is3D: false
16:25:32.583 [FXGL Background Thread 3 ] DEBUG Engine               - isAndroid: false
16:25:32.583 [FXGL Background Thread 3 ] DEBUG Engine               - isBrowser: false
16:25:32.583 [FXGL Background Thread 3 ] DEBUG Engine               - isClickFeedbackEnabled: false
16:25:32.583 [FXGL Background Thread 3 ] DEBUG Engine               - isCloseConfirmation: false
16:25:32.583 [FXGL Background Thread 3 ] DEBUG Engine               - isDesktop: true
16:25:32.584 [FXGL Background Thread 3 ] DEBUG Engine               - isDeveloperMenuEnabled: true
16:25:32.584 [FXGL Background Thread 3 ] DEBUG Engine               - isEmbedded: false
16:25:32.584 [FXGL Background Thread 3 ] DEBUG Engine               - isEntityPreloadEnabled: true
16:25:32.584 [FXGL Background Thread 3 ] DEBUG Engine               - isExperimentalTiledLargeMap: false
16:25:32.584 [FXGL Background Thread 3 ] DEBUG Engine               - isFileSystemWriteAllowed: true
16:25:32.584 [FXGL Background Thread 3 ] DEBUG Engine               - isFullScreenAllowed: true
16:25:32.584 [FXGL Background Thread 3 ] DEBUG Engine               - isFullScreenFromStart: false
16:25:32.584 [FXGL Background Thread 3 ] DEBUG Engine               - isGameMenuEnabled: true
16:25:32.584 [FXGL Background Thread 3 ] DEBUG Engine               - isIOS: false
16:25:32.584 [FXGL Background Thread 3 ] DEBUG Engine               - isIntroEnabled: false
16:25:32.584 [FXGL Background Thread 3 ] DEBUG Engine               - isLinux: false
16:25:32.584 [FXGL Background Thread 3 ] DEBUG Engine               - isMac: false
16:25:32.584 [FXGL Background Thread 3 ] DEBUG Engine               - isMainMenuEnabled: true
16:25:32.584 [FXGL Background Thread 3 ] DEBUG Engine               - isManualResizeEnabled: false
16:25:32.584 [FXGL Background Thread 3 ] DEBUG Engine               - isMobile: false
16:25:32.584 [FXGL Background Thread 3 ] DEBUG Engine               - isNative: false
16:25:32.584 [FXGL Background Thread 3 ] DEBUG Engine               - isPauseMusicWhenMinimized: true
16:25:32.584 [FXGL Background Thread 3 ] DEBUG Engine               - isPreserveResizeRatio: false
16:25:32.584 [FXGL Background Thread 3 ] DEBUG Engine               - isProfilingEnabled: false
16:25:32.584 [FXGL Background Thread 3 ] DEBUG Engine               - isScaleAffectedOnResize: true
16:25:32.584 [FXGL Background Thread 3 ] DEBUG Engine               - isSingleStep: false
16:25:32.584 [FXGL Background Thread 3 ] DEBUG Engine               - isUserProfileEnabled: false
16:25:32.584 [FXGL Background Thread 3 ] DEBUG Engine               - isWindows: true
16:25:32.584 [FXGL Background Thread 3 ] DEBUG Engine               - language: ObjectProperty [value: ENGLISH]
16:25:32.584 [FXGL Background Thread 3 ] DEBUG Engine               - menuKey: ESCAPE
16:25:32.584 [FXGL Background Thread 3 ] DEBUG Engine               - mouseSensitivity: 0.2
16:25:32.584 [FXGL Background Thread 3 ] DEBUG Engine               - notificationViewClass: class com.almasb.fxgl.notification.view.XboxNotificationView
16:25:32.584 [FXGL Background Thread 3 ] DEBUG Engine               - pixelsPerMeter: 50.0
16:25:32.584 [FXGL Background Thread 3 ] DEBUG Engine               - platform: WINDOWS
16:25:32.584 [FXGL Background Thread 3 ] DEBUG Engine               - prefHeightProperty: ReadOnlyDoubleProperty [value: 800.0]
16:25:32.584 [FXGL Background Thread 3 ] DEBUG Engine               - prefWidthProperty: ReadOnlyDoubleProperty [value: 800.0]
16:25:32.584 [FXGL Background Thread 3 ] DEBUG Engine               - profileDir: profiles/
16:25:32.584 [FXGL Background Thread 3 ] DEBUG Engine               - profileName: StringProperty [value: DEFAULT]
16:25:32.584 [FXGL Background Thread 3 ] DEBUG Engine               - randomSeed: -1
16:25:32.585 [FXGL Background Thread 3 ] DEBUG Engine               - runtimeInfo: RuntimeInfo(platform=WINDOWS, version=17, build=31.12.2021 18.16)
16:25:32.585 [FXGL Background Thread 3 ] DEBUG Engine               - saveFileExt: sav
16:25:32.585 [FXGL Background Thread 3 ] DEBUG Engine               - scaledHeightProp$fxgl: DoubleProperty [bound, value: 800.0]
16:25:32.585 [FXGL Background Thread 3 ] DEBUG Engine               - scaledWidthProp$fxgl: DoubleProperty [bound, value: 800.0]
16:25:32.585 [FXGL Background Thread 3 ] DEBUG Engine               - sceneFactory: com.almasb.fxgl.app.scene.SceneFactory@aa62d3c
16:25:32.585 [FXGL Background Thread 3 ] DEBUG Engine               - secondsIn24h: 60
16:25:32.585 [FXGL Background Thread 3 ] DEBUG Engine               - soundMenuBack: menu/back.wav
16:25:32.585 [FXGL Background Thread 3 ] DEBUG Engine               - soundMenuPress: menu/press.wav
16:25:32.585 [FXGL Background Thread 3 ] DEBUG Engine               - soundMenuSelect: menu/select.wav
16:25:32.585 [FXGL Background Thread 3 ] DEBUG Engine               - soundNotification: core/notification.wav
16:25:32.585 [FXGL Background Thread 3 ] DEBUG Engine               - stageStyle: DECORATED
16:25:32.585 [FXGL Background Thread 3 ] DEBUG Engine               - supportedLanguages: [ENGLISH, FRENCH, GERMAN, HUNGARIAN, RUSSIAN]
16:25:32.585 [FXGL Background Thread 3 ] DEBUG Engine               - ticksPerSecond: -1
16:25:32.585 [FXGL Background Thread 3 ] DEBUG Engine               - title: Zelda 2D Game
16:25:32.585 [FXGL Background Thread 3 ] DEBUG Engine               - urlGithub: https://github.com/AlmasB/FXGL
16:25:32.585 [FXGL Background Thread 3 ] DEBUG Engine               - urlLeaderboard: http://fxgl-top.herokuapp.com/
16:25:32.585 [FXGL Background Thread 3 ] DEBUG Engine               - urlPOM: https://raw.githubusercontent.com/AlmasB/FXGL/release/README.md
16:25:32.585 [FXGL Background Thread 3 ] DEBUG Engine               - userAppClass: class com.example.zeldapuzzle.MainGameApp
16:25:32.585 [FXGL Background Thread 3 ] DEBUG Engine               - version: 1
16:25:32.586 [FXGL Background Thread 3 ] DEBUG Engine               - versionCheckDays: 7
16:25:32.586 [FXGL Background Thread 3 ] DEBUG Engine               - width: 800
16:25:32.586 [FXGL Background Thread 3 ] DEBUG Engine               - Logging services
16:25:32.586 [FXGL Background Thread 3 ] DEBUG Engine               - class com.almasb.fxgl.app.services.FXGLAssetLoaderService
16:25:32.586 [FXGL Background Thread 3 ] DEBUG Engine               - class com.almasb.fxgl.app.FXGLApplication$GameApplicationService
16:25:32.586 [FXGL Background Thread 3 ] DEBUG Engine               - class com.almasb.fxgl.app.services.FXGLDialogService
16:25:32.586 [FXGL Background Thread 3 ] DEBUG Engine               - class com.almasb.fxgl.app.services.IOTaskExecutorService
16:25:32.586 [FXGL Background Thread 3 ] DEBUG Engine               - class com.almasb.fxgl.io.FileSystemService
16:25:32.586 [FXGL Background Thread 3 ] DEBUG Engine               - class com.almasb.fxgl.localization.LocalizationService
16:25:32.586 [FXGL Background Thread 3 ] DEBUG Engine               - class com.almasb.fxgl.app.services.SystemBundleService
16:25:32.586 [FXGL Background Thread 3 ] DEBUG Engine               - class com.almasb.fxgl.profile.SaveLoadService
16:25:32.586 [FXGL Background Thread 3 ] DEBUG Engine               - class com.almasb.fxgl.ui.FXGLUIFactoryServiceProvider
16:25:32.586 [FXGL Background Thread 3 ] DEBUG Engine               - class com.almasb.fxgl.ui.FXGLDialogFactoryServiceProvider
16:25:32.586 [FXGL Background Thread 3 ] DEBUG Engine               - class com.almasb.fxgl.audio.AudioPlayer
16:25:32.586 [FXGL Background Thread 3 ] DEBUG Engine               - class com.almasb.fxgl.notification.impl.NotificationServiceProvider
16:25:32.586 [FXGL Background Thread 3 ] DEBUG Engine               - class com.almasb.fxgl.achievement.AchievementService
16:25:32.586 [FXGL Background Thread 3 ] DEBUG Engine               - class com.almasb.fxgl.cutscene.CutsceneService
16:25:32.586 [FXGL Background Thread 3 ] DEBUG Engine               - class com.almasb.fxgl.minigames.MiniGameService
16:25:32.586 [FXGL Background Thread 3 ] DEBUG Engine               - class com.almasb.fxgl.net.NetService
16:25:32.586 [FXGL Background Thread 3 ] DEBUG Engine               - class com.almasb.fxgl.app.services.UpdaterService
16:25:32.586 [FXGL Background Thread 3 ] DEBUG Engine               - class com.almasb.fxgl.dev.DevService
16:26:16.752 [JavaFX Application Thread] DEBUG FXGLApplication      - Exiting FXGL
16:26:16.752 [JavaFX Application Thread] DEBUG LoopRunner           - Stopping loop
16:26:16.752 [JavaFX Application Thread] DEBUG SystemBundleService  - Saving FXGL system data
16:26:16.755 [JavaFX Application Thread] DEBUG FileSystemAccess     - Writing to: C:\Users\User\zeldaPuzzle\system\fxgl.bundle
16:26:16.756 [JavaFX Application Thread] DEBUG Async                - Shutting down background threads
16:26:16.756 [JavaFX Application Thread] DEBUG PrimaryStageWindow   - Closing main window
16:26:16.763 [JavaFX Application Thread] DEBUG Logger               - Closing Logger
