21:22:01.503 [main                     ] DEBUG Logger               - Configured Logger
21:22:01.531 [main                     ] DEBUG GameApplication      - Logging settings
Title: Untitled
Version: 0.0
Width: 800
Height: 600
Fullscreen: false
Intro: false
Profiling: false
Single step:false
App Mode: DEVELOPER
Menu Key: ESCAPE
Stage Style: DECORATED
Scene Factory: class com.almasb.fxgl.app.scene.SceneFactory

21:22:01.972 [JavaFX Application Thread] DEBUG FXGLApplication      - Initializing FXGL
21:22:01.976 [JavaFX Application Thread] INFO  Engine               - FXGL-17 (31.12.2021 18.16) on WINDOWS (J:21.0.2 FX:19)
21:22:01.977 [JavaFX Application Thread] DEBUG Engine               - JRE Vendor Name: Oracle Corporation
21:22:01.977 [JavaFX Application Thread] DEBUG Engine               - Running on OS: Windows 10 version 10.0
21:22:01.977 [JavaFX Application Thread] DEBUG Engine               - Architecture: amd64
21:22:01.977 [JavaFX Application Thread] INFO  Engine               - Source code and latest versions at: https://github.com/AlmasB/FXGL
21:22:01.977 [JavaFX Application Thread] INFO  Engine               -       Ask questions and discuss at: https://github.com/AlmasB/FXGL/discussions
21:22:01.977 [JavaFX Application Thread] INFO  Engine               -              Join the FXGL chat at: https://gitter.im/AlmasB/FXGL
21:22:02.076 [JavaFX Application Thread] DEBUG PrimaryStageWindow   - Creating a JavaFX scene
21:22:02.125 [JavaFX Application Thread] DEBUG PrimaryStageWindow   - Target settings size: 800.0 x 600.0
21:22:02.126 [JavaFX Application Thread] DEBUG PrimaryStageWindow   - Scaled scene size:    800.0 x 600.0
21:22:02.126 [JavaFX Application Thread] DEBUG PrimaryStageWindow   - Scaled ratio: (1.0, 1.0)
21:22:02.127 [JavaFX Application Thread] DEBUG PrimaryStageWindow   - Set initial scene to FXGLStartupScene
21:22:02.131 [JavaFX Application Thread] DEBUG PrimaryStageWindow   - Opening main window
21:22:02.220 [JavaFX Application Thread] DEBUG PrimaryStageWindow   - Window border size: (16.0, 39.0)
21:22:02.220 [JavaFX Application Thread] DEBUG PrimaryStageWindow   - Scaled size: 800.0 x 600.0
21:22:02.221 [JavaFX Application Thread] DEBUG PrimaryStageWindow   - Scaled ratio: (1.0, 1.0)
21:22:02.221 [JavaFX Application Thread] DEBUG PrimaryStageWindow   - Scene size: 800.0 x 600.0
21:22:02.221 [JavaFX Application Thread] DEBUG PrimaryStageWindow   - Stage size: 816.0 x 639.0
21:22:02.229 [FXGL Background Thread 1 ] DEBUG Engine               - Initializing environment variables
21:22:02.285 [FXGL Background Thread 1 ] DEBUG FXGLAssetLoaderServi - User app class for loading assets: class com.example.zeldapuzzle.animation.spriteAnimations
21:22:02.286 [FXGL Background Thread 1 ] DEBUG GameApplicationServi - Applying CSS: fxgl_dark.css
21:22:02.287 [FXGL Background Thread 1 ] DEBUG FXGLAssetLoaderServi - Loading from file system: jar:file:///C:/Users/mbour/.m2/repository/com/github/almasb/fxgl/17/fxgl-17.jar!/fxglassets/ui/css/fxgl_dark.css
21:22:02.328 [FXGL Background Thread 1 ] DEBUG GameApplicationServi - Initializing application scenes
21:22:02.365 [FXGL Background Thread 1 ] DEBUG GameWorld            - Game world initialized
21:22:02.427 [FXGL Background Thread 1 ] DEBUG PhysicsWorld         - Physics world initialized: appHeight=600, physics.ppm=50,0
21:22:02.427 [FXGL Background Thread 1 ] DEBUG PhysicsWorld         - Using strategy: BRUTE_FORCE
21:22:02.431 [FXGL Background Thread 1 ] DEBUG GameScene            - Game scene initialized: 800x600
21:22:02.442 [FXGL Background Thread 1 ] DEBUG FXGL.DefaultMenu     - createMenuBodyGameMenu()
21:22:02.455 [FXGL Background Thread 1 ] DEBUG FXGL.DefaultMenu     - createOptionsMenu()
21:22:02.465 [FXGL Background Thread 1 ] DEBUG FXGLAssetLoaderServi - Loading from file system: jar:file:///C:/Users/mbour/.m2/repository/com/github/almasb/fxgl/17/fxgl-17.jar!/fxglassets/textures/particles/smoke.png
21:22:02.545 [FXGL Background Thread 1 ] DEBUG FXGLAssetLoaderServi - Loading from file system: jar:file:///C:/Users/mbour/.m2/repository/com/github/almasb/fxgl/17/fxgl-17.jar!/fxglassets/textures/particles/trace_horizontal.png
21:22:02.571 [FXGL Background Thread 1 ] DEBUG GameApplicationServi - Application scenes initialized
21:22:02.583 [FXGL Background Thread 1 ] DEBUG SystemBundleService  - Loading FXGL system data
21:22:02.589 [FXGL Background Thread 1 ] DEBUG FileSystemAccess     - Reading from: C:\Users\mbour\OneDrive\Bureau\Zelda TOTK WINRAR\zeldaPuzzle\system\fxgl.bundle
21:22:02.598 [FXGL Background Thread 1 ] DEBUG SystemBundleService  - Bundle FXGL: {}
21:22:02.598 [FXGL Background Thread 1 ] DEBUG UpdaterService       - Checking for updates
21:22:02.603 [FXGL Background Thread 4 ] DEBUG FXGLApplication      - Loading fonts
21:22:02.603 [FXGL Background Thread 1 ] DEBUG FXGLApplication      - Loading default localization
21:22:02.603 [FXGL Background Thread 4 ] DEBUG FXGLAssetLoaderServi - Loading from file system: jar:file:///C:/Users/mbour/.m2/repository/com/github/almasb/fxgl/17/fxgl-17.jar!/fxglassets/ui/fonts/VarelaRound-Regular.ttf
21:22:02.603 [FXGL Background Thread 1 ] DEBUG FXGLAssetLoaderServi - Loading from file system: jar:file:///C:/Users/mbour/.m2/repository/com/github/almasb/fxgl/17/fxgl-17.jar!/fxglassets/languages/english.lang
21:22:02.627 [FXGL Background Thread 1 ] INFO  FXGLApplication      - FXGL initialization took: 0,397 sec
21:22:02.637 [JavaFX Application Thread] DEBUG Input                - Registered new binding: Right - D
21:22:02.637 [JavaFX Application Thread] DEBUG Input                - Registered new binding: Left - A
21:22:02.637 [JavaFX Application Thread] DEBUG Input                - Registered new binding: Up - W
21:22:02.638 [JavaFX Application Thread] DEBUG Input                - Registered new binding: Down - S
21:22:02.638 [JavaFX Application Thread] DEBUG FXGLAssetLoaderServi - Loading from file system: jar:file:///C:/Users/mbour/.m2/repository/com/github/almasb/fxgl/17/fxgl-17.jar!/fxglassets/textures/fxgl_icon.png
21:22:02.644 [FXGL Background Thread 4 ] DEBUG FXGLAssetLoaderServi - Loading from file system: jar:file:///C:/Users/mbour/.m2/repository/com/github/almasb/fxgl/17/fxgl-17.jar!/fxglassets/ui/fonts/Abel-Regular.ttf
21:22:02.654 [FXGL Background Thread 4 ] DEBUG FXGLAssetLoaderServi - Loading from file system: jar:file:///C:/Users/mbour/.m2/repository/com/github/almasb/fxgl/17/fxgl-17.jar!/fxglassets/ui/fonts/TerminalLandMono-Regular.otf
21:22:02.657 [JavaFX Application Thread] DEBUG FXGLAssetLoaderServi - Loading from file system: jar:file:///C:/Users/mbour/.m2/repository/com/github/almasb/fxgl/17/fxgl-17.jar!/fxglassets/textures/fxgl_default_cursor.png
21:22:02.660 [JavaFX Application Thread] DEBUG Input                - Registered new binding: Screenshot - CTRL+8
21:22:02.660 [JavaFX Application Thread] DEBUG Input                - Registered new binding: System info dump - CTRL+9
21:22:02.661 [JavaFX Application Thread] DEBUG Input                - Registered new binding: Restart - CTRL+R
21:22:02.662 [JavaFX Application Thread] DEBUG Input                - Registered new binding: Toggle Debug Camera - CTRL+7
21:22:02.665 [JavaFX Application Thread] DEBUG LoopRunner           - Starting loop
21:22:02.665 [JavaFX Application Thread] DEBUG LoopRunner           - Initializing JavaFX AnimationTimerLoop
21:22:02.666 [FXGL Background Thread 4 ] DEBUG FXGLAssetLoaderServi - Loading from file system: jar:file:///C:/Users/mbour/.m2/repository/com/github/almasb/fxgl/17/fxgl-17.jar!/fxglassets/ui/fonts/Courier-Prime.ttf
21:22:02.666 [JavaFX Application Thread] DEBUG GameApplicationServi - Starting new game
21:22:02.666 [JavaFX Application Thread] DEBUG Input                - Clearing active input actions
21:22:02.682 [JavaFX Application Thread] DEBUG GameApplicationServi - Removing overlay from FXGLStartupScene and adding to FXGLLoadingScene
21:22:02.683 [JavaFX Application Thread] DEBUG PrimaryStageWindow   - FXGLStartupScene -> FXGLLoadingScene
21:22:02.683 [JavaFX Application Thread] DEBUG GameApplicationServi - Clearing previous game
21:22:02.683 [JavaFX Application Thread] DEBUG GameScene            - Clearing game scene
21:22:02.683 [JavaFX Application Thread] DEBUG GameWorld            - Clearing game world
21:22:02.683 [JavaFX Application Thread] DEBUG PhysicsWorld         - Clearing physics world
21:22:02.685 [FXGL Background Thread 4 ] DEBUG FXGLApplication      - Initializing game
21:22:02.728 [JavaFX Application Thread] DEBUG FXGLApplication      - Registering font factories with UI factory
21:22:02.734 [FXGL Background Thread 4 ] INFO  FXGLApplication      - Game initialization took: 0,049 sec
21:22:02.813 [JavaFX Application Thread] DEBUG Input                - Clearing active input actions
21:22:02.825 [JavaFX Application Thread] DEBUG GameApplicationServi - Removing overlay from FXGLLoadingScene and adding to GameScene
21:22:02.826 [JavaFX Application Thread] DEBUG PrimaryStageWindow   - FXGLLoadingScene -> GameScene
21:22:03.076 [FXGL Background Thread 2 ] INFO  UpdaterService       - Your current version:  17
21:22:03.076 [FXGL Background Thread 2 ] INFO  UpdaterService       - Latest stable version: 21.1
21:22:03.844 [JavaFX Application Thread] DEBUG LoopRunner           - Stopping loop
21:22:03.845 [JavaFX Application Thread] FATAL FXGLApplication      - Uncaught Exception:
java.lang.IllegalArgumentException: Component PhysicsComponent not found!
	at com.almasb.fxgl.entity@17/com.almasb.fxgl.entity.Entity.getComponent(Entity.java:366)
	at com.example.zeldapuzzle/com.example.zeldapuzzle.animation.AnimationComponent.moveRight(AnimationComponent.java:105)
	at com.example.zeldapuzzle/com.example.zeldapuzzle.animation.spriteAnimations$1.onAction(spriteAnimations.java:25)
	at com.almasb.fxgl.core@17/com.almasb.fxgl.input.UserAction.action$fxgl_core(UserAction.kt:38)
	at com.almasb.fxgl.core@17/com.almasb.fxgl.input.Input.update(Input.kt:271)
	at com.almasb.fxgl.scene@17/com.almasb.fxgl.scene.Scene.update(Scene.kt:103)
	at com.almasb.fxgl.all@17/com.almasb.fxgl.app.MainWindow$update$1.invoke(MainWindow.kt:115)
	at com.almasb.fxgl.all@17/com.almasb.fxgl.app.MainWindow$update$1.invoke(MainWindow.kt:115)
	at com.almasb.fxgl.core@17/com.almasb.fxgl.core.fsm.StateMachine.runOnActiveStates(StateMachine.kt:69)
	at com.almasb.fxgl.all@17/com.almasb.fxgl.app.MainWindow.update(MainWindow.kt:115)
	at com.almasb.fxgl.all@17/com.almasb.fxgl.app.FXGLApplication$GameApplicationService.onUpdate(FXGLApplication.kt:426)
	at com.almasb.fxgl.all@17/com.almasb.fxgl.app.Engine.loop(Engine.kt:134)
	at com.almasb.fxgl.all@17/com.almasb.fxgl.app.Engine.access$loop(Engine.kt:24)
	at com.almasb.fxgl.all@17/com.almasb.fxgl.app.Engine$loop$1.invoke(Engine.kt:28)
	at com.almasb.fxgl.all@17/com.almasb.fxgl.app.Engine$loop$1.invoke(Engine.kt:28)
	at com.almasb.fxgl.all@17/com.almasb.fxgl.app.LoopRunner.frame(LoopRunner.kt:103)
	at com.almasb.fxgl.all@17/com.almasb.fxgl.app.LoopRunner.access$frame(LoopRunner.kt:23)
	at com.almasb.fxgl.all@17/com.almasb.fxgl.app.LoopRunner$impl$2$1.onTick(LoopRunner.kt:57)
	at com.almasb.fxgl.all@17/com.almasb.fxgl.app.AnimationTimerLoop$timer$1.handle(LoopRunner.kt:137)
	at javafx.graphics@19/javafx.animation.AnimationTimer$AnimationTimerReceiver.lambda$handle$0(AnimationTimer.java:58)
	at java.base/java.security.AccessController.doPrivileged(AccessController.java:400)
	at javafx.graphics@19/javafx.animation.AnimationTimer$AnimationTimerReceiver.handle(AnimationTimer.java:57)
	at javafx.graphics@19/com.sun.scenario.animation.AbstractPrimaryTimer.timePulseImpl(AbstractPrimaryTimer.java:356)
	at javafx.graphics@19/com.sun.scenario.animation.AbstractPrimaryTimer$MainLoop.run(AbstractPrimaryTimer.java:266)
	at javafx.graphics@19/com.sun.javafx.tk.quantum.QuantumToolkit.pulse(QuantumToolkit.java:571)
	at javafx.graphics@19/com.sun.javafx.tk.quantum.QuantumToolkit.pulse(QuantumToolkit.java:555)
	at javafx.graphics@19/com.sun.javafx.tk.quantum.QuantumToolkit.pulseFromQueue(QuantumToolkit.java:548)
	at javafx.graphics@19/com.sun.javafx.tk.quantum.QuantumToolkit.lambda$runToolkit$11(QuantumToolkit.java:352)
	at javafx.graphics@19/com.sun.glass.ui.InvokeLaterDispatcher$Future.run(InvokeLaterDispatcher.java:96)
	at javafx.graphics@19/com.sun.glass.ui.win.WinApplication._runLoop(Native Method)
	at javafx.graphics@19/com.sun.glass.ui.win.WinApplication.lambda$runLoop$3(WinApplication.java:184)
	at java.base/java.lang.Thread.run(Thread.java:1583)

21:22:03.846 [JavaFX Application Thread] FATAL FXGLApplication      - Application will now exit
21:22:03.863 [JavaFX Application Thread] DEBUG PrimaryStageWindow   - Push state: ErrorSubScene
21:22:03.863 [JavaFX Application Thread] DEBUG Input                - Clearing active input actions
21:22:03.867 [JavaFX Application Thread] DEBUG GameApplicationServi - Removing overlay from GameScene and adding to ErrorSubScene
21:22:03.867 [JavaFX Application Thread] DEBUG PrimaryStageWindow   - GameScene -> ErrorSubScene
21:22:04.970 [JavaFX Application Thread] DEBUG FXGLApplication      - Exiting FXGL
21:22:04.970 [JavaFX Application Thread] DEBUG Async                - Shutting down background threads
21:22:04.970 [JavaFX Application Thread] DEBUG PrimaryStageWindow   - Closing main window
21:22:04.981 [JavaFX Application Thread] DEBUG Logger               - Closing Logger
