16:35:03.022 [main                     ] DEBUG Logger               - Configured Logger
16:35:03.037 [main                     ] DEBUG GameApplication      - Logging settings
Title: Zelda 2D Game
Version: 1
Width: 800
Height: 800
Fullscreen: true
Intro: false
Profiling: false
Single step:false
App Mode: DEVELOPER
Menu Key: ESCAPE
Stage Style: DECORATED
Scene Factory: class com.almasb.fxgl.app.scene.SceneFactory

16:35:03.173 [JavaFX Application Thread] DEBUG FXGLApplication      - Initializing FXGL
16:35:03.177 [JavaFX Application Thread] INFO  Engine               - FXGL-17 (31.12.2021 18.16) on WINDOWS (J:21.0.2 FX:19)
16:35:03.177 [JavaFX Application Thread] DEBUG Engine               - JRE Vendor Name: Oracle Corporation
16:35:03.177 [JavaFX Application Thread] DEBUG Engine               - Running on OS: Windows 10 version 10.0
16:35:03.177 [JavaFX Application Thread] DEBUG Engine               - Architecture: amd64
16:35:03.177 [JavaFX Application Thread] INFO  Engine               - Source code and latest versions at: https://github.com/AlmasB/FXGL
16:35:03.178 [JavaFX Application Thread] INFO  Engine               -       Ask questions and discuss at: https://github.com/AlmasB/FXGL/discussions
16:35:03.178 [JavaFX Application Thread] INFO  Engine               -              Join the FXGL chat at: https://gitter.im/AlmasB/FXGL
16:35:03.244 [JavaFX Application Thread] DEBUG PrimaryStageWindow   - Creating a JavaFX scene
16:35:03.287 [JavaFX Application Thread] DEBUG PrimaryStageWindow   - Target settings size: 800.0 x 800.0
16:35:03.288 [JavaFX Application Thread] DEBUG PrimaryStageWindow   - Scaled scene size:    800.0 x 800.0
16:35:03.288 [JavaFX Application Thread] DEBUG PrimaryStageWindow   - Scaled ratio: (1.0, 1.0)
16:35:03.289 [JavaFX Application Thread] DEBUG PrimaryStageWindow   - Set initial scene to FXGLStartupScene
16:35:03.293 [JavaFX Application Thread] DEBUG PrimaryStageWindow   - Opening main window
16:35:03.388 [JavaFX Application Thread] DEBUG PrimaryStageWindow   - Window border size: (16.0, 39.0)
16:35:03.389 [JavaFX Application Thread] DEBUG PrimaryStageWindow   - Scaled size: 800.0 x 800.0
16:35:03.389 [JavaFX Application Thread] DEBUG PrimaryStageWindow   - Scaled ratio: (1.0, 1.0)
16:35:03.389 [JavaFX Application Thread] DEBUG PrimaryStageWindow   - Scene size: 800.0 x 800.0
16:35:03.389 [JavaFX Application Thread] DEBUG PrimaryStageWindow   - Stage size: 816.0 x 839.0
16:35:03.399 [FXGL Background Thread 1 ] DEBUG Engine               - Initializing environment variables
16:35:03.452 [FXGL Background Thread 1 ] DEBUG FXGLAssetLoaderServi - User app class for loading assets: class com.example.zeldapuzzle.MainGameApp
16:35:03.452 [FXGL Background Thread 1 ] DEBUG GameApplicationServi - Applying CSS: fxgl_dark.css
16:35:03.453 [FXGL Background Thread 1 ] DEBUG FXGLAssetLoaderServi - Loading from file system: jar:file:///C:/Users/mbour/.m2/repository/com/github/almasb/fxgl/17/fxgl-17.jar!/fxglassets/ui/css/fxgl_dark.css
16:35:03.495 [FXGL Background Thread 1 ] DEBUG GameApplicationServi - Initializing application scenes
16:35:03.529 [FXGL Background Thread 1 ] DEBUG GameWorld            - Game world initialized
16:35:03.594 [FXGL Background Thread 1 ] DEBUG PhysicsWorld         - Physics world initialized: appHeight=800, physics.ppm=50,0
16:35:03.594 [FXGL Background Thread 1 ] DEBUG PhysicsWorld         - Using strategy: BRUTE_FORCE
16:35:03.599 [FXGL Background Thread 1 ] DEBUG GameScene            - Game scene initialized: 800x800
16:35:03.611 [FXGL Background Thread 1 ] DEBUG FXGL.DefaultMenu     - createMenuBodyMainMenu()
16:35:03.625 [FXGL Background Thread 1 ] DEBUG FXGL.DefaultMenu     - createOptionsMenu()
16:35:03.635 [FXGL Background Thread 1 ] DEBUG FXGLAssetLoaderServi - Loading from file system: jar:file:///C:/Users/mbour/.m2/repository/com/github/almasb/fxgl/17/fxgl-17.jar!/fxglassets/textures/particles/smoke.png
16:35:03.711 [FXGL Background Thread 1 ] DEBUG FXGLAssetLoaderServi - Loading from file system: jar:file:///C:/Users/mbour/.m2/repository/com/github/almasb/fxgl/17/fxgl-17.jar!/fxglassets/textures/particles/trace_horizontal.png
16:35:03.726 [FXGL Background Thread 1 ] DEBUG FXGL.DefaultMenu     - createMenuBodyGameMenu()
16:35:03.729 [FXGL Background Thread 1 ] DEBUG FXGL.DefaultMenu     - createOptionsMenu()
16:35:03.744 [FXGL Background Thread 1 ] DEBUG GameApplicationServi - Application scenes initialized
16:35:03.756 [FXGL Background Thread 1 ] DEBUG SystemBundleService  - Loading FXGL system data
16:35:03.761 [FXGL Background Thread 1 ] DEBUG FileSystemAccess     - Reading from: C:\Users\mbour\OneDrive\Bureau\Zelda TOTK WINRAR\zeldaPuzzle\system\fxgl.bundle
16:35:03.771 [FXGL Background Thread 1 ] DEBUG SystemBundleService  - Bundle FXGL: {}
16:35:03.771 [FXGL Background Thread 1 ] DEBUG UpdaterService       - Checking for updates
16:35:03.797 [FXGL Background Thread 4 ] DEBUG FXGLApplication      - Loading fonts
16:35:03.797 [FXGL Background Thread 1 ] DEBUG FXGLApplication      - Loading default localization
16:35:03.798 [FXGL Background Thread 4 ] DEBUG FXGLAssetLoaderServi - Loading from file system: jar:file:///C:/Users/mbour/.m2/repository/com/github/almasb/fxgl/17/fxgl-17.jar!/fxglassets/ui/fonts/VarelaRound-Regular.ttf
16:35:03.798 [FXGL Background Thread 1 ] DEBUG FXGLAssetLoaderServi - Loading from file system: jar:file:///C:/Users/mbour/.m2/repository/com/github/almasb/fxgl/17/fxgl-17.jar!/fxglassets/languages/english.lang
16:35:03.818 [FXGL Background Thread 1 ] INFO  FXGLApplication      - FXGL initialization took: 0,418 sec
16:35:03.829 [JavaFX Application Thread] DEBUG Input                - Registered new binding: inventaire - Tab
16:35:03.829 [JavaFX Application Thread] DEBUG Input                - Registered new binding: getPosition - P
16:35:03.829 [JavaFX Application Thread] DEBUG Input                - Registered new binding: zoom+ - Up
16:35:03.829 [JavaFX Application Thread] DEBUG Input                - Registered new binding: zoom- - Down
16:35:03.830 [JavaFX Application Thread] DEBUG Input                - Registered new binding: resetZoom - 0
16:35:03.830 [JavaFX Application Thread] DEBUG Input                - Registered new binding: Move right - D
16:35:03.830 [JavaFX Application Thread] DEBUG Input                - Registered new binding: Move left - A
16:35:03.831 [JavaFX Application Thread] DEBUG Input                - Registered new binding: Move Up - W
16:35:03.831 [JavaFX Application Thread] DEBUG Input                - Registered new binding: Move Down - S
16:35:03.831 [JavaFX Application Thread] DEBUG FXGLAssetLoaderServi - Loading from file system: jar:file:///C:/Users/mbour/.m2/repository/com/github/almasb/fxgl/17/fxgl-17.jar!/fxglassets/textures/fxgl_icon.png
16:35:03.833 [FXGL Background Thread 4 ] DEBUG FXGLAssetLoaderServi - Loading from file system: jar:file:///C:/Users/mbour/.m2/repository/com/github/almasb/fxgl/17/fxgl-17.jar!/fxglassets/ui/fonts/Abel-Regular.ttf
16:35:03.845 [JavaFX Application Thread] DEBUG FXGLAssetLoaderServi - Loading from file system: jar:file:///C:/Users/mbour/.m2/repository/com/github/almasb/fxgl/17/fxgl-17.jar!/fxglassets/textures/fxgl_default_cursor.png
16:35:03.845 [FXGL Background Thread 4 ] DEBUG FXGLAssetLoaderServi - Loading from file system: jar:file:///C:/Users/mbour/.m2/repository/com/github/almasb/fxgl/17/fxgl-17.jar!/fxglassets/ui/fonts/TerminalLandMono-Regular.otf
16:35:03.846 [JavaFX Application Thread] DEBUG Input                - Registered new binding: Screenshot - CTRL+8
16:35:03.847 [JavaFX Application Thread] DEBUG Input                - Registered new binding: Dev Options - 1
16:35:03.847 [JavaFX Application Thread] DEBUG Input                - Registered new binding: Dev Console - 2
16:35:03.847 [JavaFX Application Thread] DEBUG Input                - Registered new binding: System info dump - CTRL+9
16:35:03.847 [JavaFX Application Thread] DEBUG Input                - Registered new binding: Restart - CTRL+R
16:35:03.848 [JavaFX Application Thread] DEBUG Input                - Registered new binding: Toggle Debug Camera - CTRL+7
16:35:03.851 [JavaFX Application Thread] DEBUG LoopRunner           - Starting loop
16:35:03.856 [FXGL Background Thread 4 ] DEBUG FXGLAssetLoaderServi - Loading from file system: jar:file:///C:/Users/mbour/.m2/repository/com/github/almasb/fxgl/17/fxgl-17.jar!/fxglassets/ui/fonts/Courier-Prime.ttf
16:35:03.863 [JavaFX Application Thread] DEBUG LoopRunner           - Initializing JavaFX AnimationTimerLoop
16:35:03.867 [JavaFX Application Thread] DEBUG Input                - Clearing active input actions
16:35:03.878 [JavaFX Application Thread] DEBUG GameApplicationServi - Removing overlay from FXGLStartupScene and adding to FXGLMainMenuDummyScene
16:35:03.883 [JavaFX Application Thread] DEBUG PrimaryStageWindow   - FXGLStartupScene -> FXGLMainMenuDummyScene
16:35:03.883 [JavaFX Application Thread] DEBUG PrimaryStageWindow   - Push state: FXGLDefaultMenu
16:35:03.886 [JavaFX Application Thread] DEBUG Input                - Clearing active input actions
16:35:03.895 [JavaFX Application Thread] DEBUG GameApplicationServi - Removing overlay from FXGLMainMenuDummyScene and adding to FXGLDefaultMenu
16:35:03.895 [JavaFX Application Thread] DEBUG PrimaryStageWindow   - FXGLMainMenuDummyScene -> FXGLDefaultMenu
16:35:04.096 [JavaFX Application Thread] DEBUG FXGLApplication      - Registering font factories with UI factory
16:35:04.228 [FXGL Background Thread 2 ] INFO  UpdaterService       - Your current version:  17
16:35:04.229 [FXGL Background Thread 2 ] INFO  UpdaterService       - Latest stable version: 21.1
16:35:05.029 [JavaFX Application Thread] DEBUG Menu                 - fireNewGame()
16:35:05.029 [JavaFX Application Thread] DEBUG GameApplicationServi - Starting new game
16:35:05.031 [JavaFX Application Thread] DEBUG PrimaryStageWindow   - Pop state: FXGLDefaultMenu
16:35:05.031 [JavaFX Application Thread] DEBUG Input                - Clearing active input actions
16:35:05.033 [JavaFX Application Thread] DEBUG GameApplicationServi - Removing overlay from FXGLDefaultMenu and adding to FXGLMainMenuDummyScene
16:35:05.035 [JavaFX Application Thread] DEBUG PrimaryStageWindow   - FXGLMainMenuDummyScene <- FXGLDefaultMenu
16:35:05.035 [JavaFX Application Thread] DEBUG Input                - Clearing active input actions
16:35:05.048 [JavaFX Application Thread] DEBUG GameApplicationServi - Removing overlay from FXGLMainMenuDummyScene and adding to FXGLLoadingScene
16:35:05.049 [JavaFX Application Thread] DEBUG PrimaryStageWindow   - FXGLMainMenuDummyScene -> FXGLLoadingScene
16:35:05.049 [JavaFX Application Thread] DEBUG GameApplicationServi - Clearing previous game
16:35:05.049 [JavaFX Application Thread] DEBUG GameScene            - Clearing game scene
16:35:05.050 [JavaFX Application Thread] DEBUG GameWorld            - Clearing game world
16:35:05.050 [JavaFX Application Thread] DEBUG PhysicsWorld         - Clearing physics world
16:35:05.052 [FXGL Background Thread 2 ] DEBUG FXGLApplication      - Initializing game
16:35:05.109 [FXGL Background Thread 2 ] WARN  TMXLevelLoader       - TiledMap generated from 1.10.2. Supported version: 1.2.3. Some features may not be parsed fully.
16:35:05.183 [FXGL Background Thread 2 ] DEBUG TMXLevelLoader       - Parsed TiledMap: file:/C:/Users/mbour/OneDrive/Bureau/Zelda%20TOTK%20WINRAR/zeldaPuzzle/target/classes/assets/levels/MapDeMerde2.tmx
16:35:05.184 [FXGL Background Thread 2 ] DEBUG TMXLevelLoader       - Creating tile layer entities
16:35:05.186 [FXGL Background Thread 2 ] DEBUG TilesetLoader        - Loading view for layer background
16:35:05.215 [FXGL Background Thread 2 ] DEBUG TilesetLoader        - Created buffer with size 4800.0x4800.0
16:35:05.437 [FXGL Background Thread 2 ] DEBUG TilesetLoader        - Loading view for layer devant
16:35:05.469 [FXGL Background Thread 2 ] DEBUG TilesetLoader        - Created buffer with size 4800.0x4800.0
16:35:05.518 [FXGL Background Thread 2 ] DEBUG TilesetLoader        - Loading view for layer devant1
16:35:05.551 [FXGL Background Thread 2 ] DEBUG TilesetLoader        - Created buffer with size 4800.0x4800.0
16:35:05.566 [FXGL Background Thread 2 ] DEBUG TMXLevelLoader       - Creating object layer entities
16:35:05.614 [FXGL Background Thread 2 ] DEBUG GameWorld            - Clearing removable entities
16:35:05.614 [FXGL Background Thread 2 ] DEBUG GameWorld            - Setting level: com.almasb.fxgl.entity.level.Level@633ffe9
16:35:05.633 [FXGL Background Thread 2 ] WARN  GameWorld            - Entity is already attached to world
16:35:05.634 [FXGL Background Thread 2 ] WARN  GameWorld            - Entity is already attached to world
16:35:05.640 [FXGL Background Thread 2 ] INFO  FXGLApplication      - Game initialization took: 0,588 sec
16:35:05.641 [JavaFX Application Thread] DEBUG Input                - Clearing active input actions
16:35:05.647 [JavaFX Application Thread] DEBUG GameApplicationServi - Removing overlay from FXGLLoadingScene and adding to GameScene
16:35:05.649 [JavaFX Application Thread] DEBUG PrimaryStageWindow   - FXGLLoadingScene -> GameScene
16:35:06.797 [FXGL Background Thread 3 ] DEBUG Engine               - Logging environment variables
16:35:06.797 [FXGL Background Thread 3 ] DEBUG Engine               - achievements: []
16:35:06.797 [FXGL Background Thread 3 ] DEBUG Engine               - actualHeight: 800.0
16:35:06.797 [FXGL Background Thread 3 ] DEBUG Engine               - actualHeightProperty: ReadOnlyDoubleProperty [value: 800.0]
16:35:06.797 [FXGL Background Thread 3 ] DEBUG Engine               - actualWidth: 800.0
16:35:06.797 [FXGL Background Thread 3 ] DEBUG Engine               - actualWidthProperty: ReadOnlyDoubleProperty [value: 800.0]
16:35:06.797 [FXGL Background Thread 3 ] DEBUG Engine               - appIcon: fxgl_icon.png
16:35:06.797 [FXGL Background Thread 3 ] DEBUG Engine               - applicationMode: DEVELOPER
16:35:06.798 [FXGL Background Thread 3 ] DEBUG Engine               - cSSList: [fxgl_dark.css]
16:35:06.798 [FXGL Background Thread 3 ] DEBUG Engine               - collisionDetectionStrategy: BRUTE_FORCE
16:35:06.798 [FXGL Background Thread 3 ] DEBUG Engine               - configClass: Optional.empty
16:35:06.798 [FXGL Background Thread 3 ] DEBUG Engine               - credits: []
16:35:06.798 [FXGL Background Thread 3 ] DEBUG Engine               - defaultCursor: CursorInfo(imageName=fxgl_default_cursor.png, hotspotX=7.0, hotspotY=6.0)
16:35:06.798 [FXGL Background Thread 3 ] DEBUG Engine               - devBBoxColorProperty: ObjectProperty [value: 0xff0000ff]
16:35:06.798 [FXGL Background Thread 3 ] DEBUG Engine               - devEnableDebugCameraProperty: BooleanProperty [value: false]
16:35:06.798 [FXGL Background Thread 3 ] DEBUG Engine               - devSensorColorProperty: ObjectProperty [value: 0xffff00ff]
16:35:06.799 [FXGL Background Thread 3 ] DEBUG Engine               - devShowBBoxProperty: BooleanProperty [value: false]
16:35:06.799 [FXGL Background Thread 3 ] DEBUG Engine               - devShowPositionProperty: BooleanProperty [value: false]
16:35:06.799 [FXGL Background Thread 3 ] DEBUG Engine               - enabledMenuItems: []
16:35:06.799 [FXGL Background Thread 3 ] DEBUG Engine               - engineServices: [class com.almasb.fxgl.app.services.FXGLAssetLoaderService, class com.almasb.fxgl.app.FXGLApplication$GameApplicationService, class com.almasb.fxgl.app.services.FXGLDialogService, class com.almasb.fxgl.app.services.IOTaskExecutorService, class com.almasb.fxgl.io.FileSystemService, class com.almasb.fxgl.localization.LocalizationService, class com.almasb.fxgl.app.services.SystemBundleService, class com.almasb.fxgl.profile.SaveLoadService, class com.almasb.fxgl.ui.FXGLUIFactoryServiceProvider, class com.almasb.fxgl.ui.FXGLDialogFactoryServiceProvider, class com.almasb.fxgl.audio.AudioPlayer, class com.almasb.fxgl.notification.impl.NotificationServiceProvider, class com.almasb.fxgl.achievement.AchievementService, class com.almasb.fxgl.cutscene.CutsceneService, class com.almasb.fxgl.minigames.MiniGameService, class com.almasb.fxgl.net.NetService, class com.almasb.fxgl.app.services.UpdaterService, class com.almasb.fxgl.dev.DevService]
16:35:06.799 [FXGL Background Thread 3 ] DEBUG Engine               - fontGame: Abel-Regular.ttf
16:35:06.799 [FXGL Background Thread 3 ] DEBUG Engine               - fontMono: TerminalLandMono-Regular.otf
16:35:06.799 [FXGL Background Thread 3 ] DEBUG Engine               - fontText: Courier-Prime.ttf
16:35:06.799 [FXGL Background Thread 3 ] DEBUG Engine               - fontUI: VarelaRound-Regular.ttf
16:35:06.799 [FXGL Background Thread 3 ] DEBUG Engine               - fullScreen: BooleanProperty [value: false]
16:35:06.799 [FXGL Background Thread 3 ] DEBUG Engine               - gameDifficulty: MEDIUM
16:35:06.799 [FXGL Background Thread 3 ] DEBUG Engine               - gameDifficultyProperty: ObjectProperty [value: MEDIUM]
16:35:06.799 [FXGL Background Thread 3 ] DEBUG Engine               - globalMusicVolume: 0.5
16:35:06.799 [FXGL Background Thread 3 ] DEBUG Engine               - globalMusicVolumeProperty: DoubleProperty [value: 0.5]
16:35:06.799 [FXGL Background Thread 3 ] DEBUG Engine               - globalSoundVolume: 0.5
16:35:06.799 [FXGL Background Thread 3 ] DEBUG Engine               - globalSoundVolumeProperty: DoubleProperty [value: 0.5]
16:35:06.800 [FXGL Background Thread 3 ] DEBUG Engine               - height: 800
16:35:06.800 [FXGL Background Thread 3 ] DEBUG Engine               - is3D: false
16:35:06.800 [FXGL Background Thread 3 ] DEBUG Engine               - isAndroid: false
16:35:06.800 [FXGL Background Thread 3 ] DEBUG Engine               - isBrowser: false
16:35:06.800 [FXGL Background Thread 3 ] DEBUG Engine               - isClickFeedbackEnabled: false
16:35:06.800 [FXGL Background Thread 3 ] DEBUG Engine               - isCloseConfirmation: false
16:35:06.800 [FXGL Background Thread 3 ] DEBUG Engine               - isDesktop: true
16:35:06.800 [FXGL Background Thread 3 ] DEBUG Engine               - isDeveloperMenuEnabled: true
16:35:06.800 [FXGL Background Thread 3 ] DEBUG Engine               - isEmbedded: false
16:35:06.800 [FXGL Background Thread 3 ] DEBUG Engine               - isEntityPreloadEnabled: true
16:35:06.800 [FXGL Background Thread 3 ] DEBUG Engine               - isExperimentalTiledLargeMap: false
16:35:06.800 [FXGL Background Thread 3 ] DEBUG Engine               - isFileSystemWriteAllowed: true
16:35:06.800 [FXGL Background Thread 3 ] DEBUG Engine               - isFullScreenAllowed: true
16:35:06.800 [FXGL Background Thread 3 ] DEBUG Engine               - isFullScreenFromStart: false
16:35:06.800 [FXGL Background Thread 3 ] DEBUG Engine               - isGameMenuEnabled: true
16:35:06.800 [FXGL Background Thread 3 ] DEBUG Engine               - isIOS: false
16:35:06.800 [FXGL Background Thread 3 ] DEBUG Engine               - isIntroEnabled: false
16:35:06.800 [FXGL Background Thread 3 ] DEBUG Engine               - isLinux: false
16:35:06.800 [FXGL Background Thread 3 ] DEBUG Engine               - isMac: false
16:35:06.801 [FXGL Background Thread 3 ] DEBUG Engine               - isMainMenuEnabled: true
16:35:06.801 [FXGL Background Thread 3 ] DEBUG Engine               - isManualResizeEnabled: false
16:35:06.801 [FXGL Background Thread 3 ] DEBUG Engine               - isMobile: false
16:35:06.801 [FXGL Background Thread 3 ] DEBUG Engine               - isNative: false
16:35:06.801 [FXGL Background Thread 3 ] DEBUG Engine               - isPauseMusicWhenMinimized: true
16:35:06.801 [FXGL Background Thread 3 ] DEBUG Engine               - isPreserveResizeRatio: false
16:35:06.801 [FXGL Background Thread 3 ] DEBUG Engine               - isProfilingEnabled: false
16:35:06.801 [FXGL Background Thread 3 ] DEBUG Engine               - isScaleAffectedOnResize: true
16:35:06.801 [FXGL Background Thread 3 ] DEBUG Engine               - isSingleStep: false
16:35:06.801 [FXGL Background Thread 3 ] DEBUG Engine               - isUserProfileEnabled: false
16:35:06.801 [FXGL Background Thread 3 ] DEBUG Engine               - isWindows: true
16:35:06.801 [FXGL Background Thread 3 ] DEBUG Engine               - language: ObjectProperty [value: ENGLISH]
16:35:06.801 [FXGL Background Thread 3 ] DEBUG Engine               - menuKey: ESCAPE
16:35:06.801 [FXGL Background Thread 3 ] DEBUG Engine               - mouseSensitivity: 0.2
16:35:06.801 [FXGL Background Thread 3 ] DEBUG Engine               - notificationViewClass: class com.almasb.fxgl.notification.view.XboxNotificationView
16:35:06.801 [FXGL Background Thread 3 ] DEBUG Engine               - pixelsPerMeter: 50.0
16:35:06.801 [FXGL Background Thread 3 ] DEBUG Engine               - platform: WINDOWS
16:35:06.801 [FXGL Background Thread 3 ] DEBUG Engine               - prefHeightProperty: ReadOnlyDoubleProperty [value: 800.0]
16:35:06.801 [FXGL Background Thread 3 ] DEBUG Engine               - prefWidthProperty: ReadOnlyDoubleProperty [value: 800.0]
16:35:06.801 [FXGL Background Thread 3 ] DEBUG Engine               - profileDir: profiles/
16:35:06.801 [FXGL Background Thread 3 ] DEBUG Engine               - profileName: StringProperty [value: DEFAULT]
16:35:06.802 [FXGL Background Thread 3 ] DEBUG Engine               - randomSeed: -1
16:35:06.802 [FXGL Background Thread 3 ] DEBUG Engine               - runtimeInfo: RuntimeInfo(platform=WINDOWS, version=17, build=31.12.2021 18.16)
16:35:06.802 [FXGL Background Thread 3 ] DEBUG Engine               - saveFileExt: sav
16:35:06.802 [FXGL Background Thread 3 ] DEBUG Engine               - scaledHeightProp$fxgl: DoubleProperty [bound, value: 800.0]
16:35:06.802 [FXGL Background Thread 3 ] DEBUG Engine               - scaledWidthProp$fxgl: DoubleProperty [bound, value: 800.0]
16:35:06.802 [FXGL Background Thread 3 ] DEBUG Engine               - sceneFactory: com.almasb.fxgl.app.scene.SceneFactory@72f75e6c
16:35:06.802 [FXGL Background Thread 3 ] DEBUG Engine               - secondsIn24h: 60
16:35:06.802 [FXGL Background Thread 3 ] DEBUG Engine               - soundMenuBack: menu/back.wav
16:35:06.802 [FXGL Background Thread 3 ] DEBUG Engine               - soundMenuPress: menu/press.wav
16:35:06.802 [FXGL Background Thread 3 ] DEBUG Engine               - soundMenuSelect: menu/select.wav
16:35:06.802 [FXGL Background Thread 3 ] DEBUG Engine               - soundNotification: core/notification.wav
16:35:06.803 [FXGL Background Thread 3 ] DEBUG Engine               - stageStyle: DECORATED
16:35:06.803 [FXGL Background Thread 3 ] DEBUG Engine               - supportedLanguages: [ENGLISH, FRENCH, GERMAN, HUNGARIAN, RUSSIAN]
16:35:06.803 [FXGL Background Thread 3 ] DEBUG Engine               - ticksPerSecond: -1
16:35:06.803 [FXGL Background Thread 3 ] DEBUG Engine               - title: Zelda 2D Game
16:35:06.803 [FXGL Background Thread 3 ] DEBUG Engine               - urlGithub: https://github.com/AlmasB/FXGL
16:35:06.803 [FXGL Background Thread 3 ] DEBUG Engine               - urlLeaderboard: http://fxgl-top.herokuapp.com/
16:35:06.803 [FXGL Background Thread 3 ] DEBUG Engine               - urlPOM: https://raw.githubusercontent.com/AlmasB/FXGL/release/README.md
16:35:06.803 [FXGL Background Thread 3 ] DEBUG Engine               - userAppClass: class com.example.zeldapuzzle.MainGameApp
16:35:06.803 [FXGL Background Thread 3 ] DEBUG Engine               - version: 1
16:35:06.803 [FXGL Background Thread 3 ] DEBUG Engine               - versionCheckDays: 7
16:35:06.803 [FXGL Background Thread 3 ] DEBUG Engine               - width: 800
16:35:06.803 [FXGL Background Thread 3 ] DEBUG Engine               - Logging services
16:35:06.803 [FXGL Background Thread 3 ] DEBUG Engine               - class com.almasb.fxgl.app.services.FXGLAssetLoaderService
16:35:06.803 [FXGL Background Thread 3 ] DEBUG Engine               - class com.almasb.fxgl.app.FXGLApplication$GameApplicationService
16:35:06.803 [FXGL Background Thread 3 ] DEBUG Engine               - class com.almasb.fxgl.app.services.FXGLDialogService
16:35:06.803 [FXGL Background Thread 3 ] DEBUG Engine               - class com.almasb.fxgl.app.services.IOTaskExecutorService
16:35:06.803 [FXGL Background Thread 3 ] DEBUG Engine               - class com.almasb.fxgl.io.FileSystemService
16:35:06.803 [FXGL Background Thread 3 ] DEBUG Engine               - class com.almasb.fxgl.localization.LocalizationService
16:35:06.803 [FXGL Background Thread 3 ] DEBUG Engine               - class com.almasb.fxgl.app.services.SystemBundleService
16:35:06.803 [FXGL Background Thread 3 ] DEBUG Engine               - class com.almasb.fxgl.profile.SaveLoadService
16:35:06.803 [FXGL Background Thread 3 ] DEBUG Engine               - class com.almasb.fxgl.ui.FXGLUIFactoryServiceProvider
16:35:06.803 [FXGL Background Thread 3 ] DEBUG Engine               - class com.almasb.fxgl.ui.FXGLDialogFactoryServiceProvider
16:35:06.803 [FXGL Background Thread 3 ] DEBUG Engine               - class com.almasb.fxgl.audio.AudioPlayer
16:35:06.804 [FXGL Background Thread 3 ] DEBUG Engine               - class com.almasb.fxgl.notification.impl.NotificationServiceProvider
16:35:06.804 [FXGL Background Thread 3 ] DEBUG Engine               - class com.almasb.fxgl.achievement.AchievementService
16:35:06.804 [FXGL Background Thread 3 ] DEBUG Engine               - class com.almasb.fxgl.cutscene.CutsceneService
16:35:06.804 [FXGL Background Thread 3 ] DEBUG Engine               - class com.almasb.fxgl.minigames.MiniGameService
16:35:06.804 [FXGL Background Thread 3 ] DEBUG Engine               - class com.almasb.fxgl.net.NetService
16:35:06.804 [FXGL Background Thread 3 ] DEBUG Engine               - class com.almasb.fxgl.app.services.UpdaterService
16:35:06.804 [FXGL Background Thread 3 ] DEBUG Engine               - class com.almasb.fxgl.dev.DevService
16:35:33.145 [JavaFX Application Thread] DEBUG FXGLApplication      - Exiting FXGL
16:35:33.145 [JavaFX Application Thread] DEBUG LoopRunner           - Stopping loop
16:35:33.145 [JavaFX Application Thread] DEBUG SystemBundleService  - Saving FXGL system data
16:35:33.147 [JavaFX Application Thread] DEBUG FileSystemAccess     - Writing to: C:\Users\mbour\OneDrive\Bureau\Zelda TOTK WINRAR\zeldaPuzzle\system\fxgl.bundle
16:35:33.149 [JavaFX Application Thread] DEBUG Async                - Shutting down background threads
16:35:33.150 [JavaFX Application Thread] DEBUG PrimaryStageWindow   - Closing main window
16:35:33.162 [JavaFX Application Thread] DEBUG Logger               - Closing Logger
