23:38:03.466 [main                     ] DEBUG Logger               - Configured Logger
23:38:03.493 [main                     ] DEBUG GameApplication      - Logging settings
Title: Zelda 2D Game
Version: 1
Width: 800
Height: 800
Fullscreen: true
Intro: false
Profiling: false
Single step:false
App Mode: DEVELOPER
Menu Key: ESCAPE
Stage Style: DECORATED
Scene Factory: class com.almasb.fxgl.app.scene.SceneFactory

23:38:03.721 [JavaFX Application Thread] DEBUG FXGLApplication      - Initializing FXGL
23:38:03.726 [JavaFX Application Thread] INFO  Engine               - FXGL-17 (31.12.2021 18.16) on MAC (J:19.0.1 FX:19)
23:38:03.726 [JavaFX Application Thread] DEBUG Engine               - JRE Vendor Name: Oracle Corporation
23:38:03.726 [JavaFX Application Thread] DEBUG Engine               - Running on OS: Mac OS X version 12.5
23:38:03.727 [JavaFX Application Thread] DEBUG Engine               - Architecture: aarch64
23:38:03.727 [JavaFX Application Thread] INFO  Engine               - Source code and latest versions at: https://github.com/AlmasB/FXGL
23:38:03.727 [JavaFX Application Thread] INFO  Engine               -       Ask questions and discuss at: https://github.com/AlmasB/FXGL/discussions
23:38:03.727 [JavaFX Application Thread] INFO  Engine               -              Join the FXGL chat at: https://gitter.im/AlmasB/FXGL
23:38:03.793 [JavaFX Application Thread] DEBUG PrimaryStageWindow   - Creating a JavaFX scene
23:38:03.832 [JavaFX Application Thread] DEBUG PrimaryStageWindow   - Target settings size: 800.0 x 800.0
23:38:03.832 [JavaFX Application Thread] DEBUG PrimaryStageWindow   - Scaled scene size:    800.0 x 800.0
23:38:03.832 [JavaFX Application Thread] DEBUG PrimaryStageWindow   - Scaled ratio: (1.0, 1.0)
23:38:03.833 [JavaFX Application Thread] DEBUG PrimaryStageWindow   - Set initial scene to FXGLStartupScene
23:38:03.837 [JavaFX Application Thread] DEBUG PrimaryStageWindow   - Opening main window
23:38:03.941 [JavaFX Application Thread] DEBUG PrimaryStageWindow   - Window border size: (0.0, 28.0)
23:38:03.941 [JavaFX Application Thread] DEBUG PrimaryStageWindow   - Scaled size: 800.0 x 800.0
23:38:03.941 [JavaFX Application Thread] DEBUG PrimaryStageWindow   - Scaled ratio: (1.0, 1.0)
23:38:03.941 [JavaFX Application Thread] DEBUG PrimaryStageWindow   - Scene size: 800.0 x 800.0
23:38:03.942 [JavaFX Application Thread] DEBUG PrimaryStageWindow   - Stage size: 800.0 x 828.0
23:38:03.947 [FXGL Background Thread 1 ] DEBUG Engine               - Initializing environment variables
23:38:03.988 [FXGL Background Thread 1 ] DEBUG FXGLAssetLoaderServi - User app class for loading assets: class com.example.zeldapuzzle.MainGameApp
23:38:03.988 [FXGL Background Thread 1 ] DEBUG GameApplicationServi - Applying CSS: fxgl_dark.css
23:38:03.989 [FXGL Background Thread 1 ] DEBUG FXGLAssetLoaderServi - Loading from file system: jar:file:///Users/CHLaroche05/.m2/repository/com/github/almasb/fxgl/17/fxgl-17.jar!/fxglassets/ui/css/fxgl_dark.css
23:38:04.030 [FXGL Background Thread 1 ] DEBUG GameApplicationServi - Initializing application scenes
23:38:04.174 [FXGL Background Thread 1 ] DEBUG GameWorld            - Game world initialized
23:38:04.216 [FXGL Background Thread 1 ] DEBUG PhysicsWorld         - Physics world initialized: appHeight=800, physics.ppm=50.0
23:38:04.216 [FXGL Background Thread 1 ] DEBUG PhysicsWorld         - Using strategy: BRUTE_FORCE
23:38:04.218 [FXGL Background Thread 1 ] DEBUG GameScene            - Game scene initialized: 800x800
23:38:04.225 [FXGL Background Thread 1 ] DEBUG FXGL.DefaultMenu     - createMenuBodyMainMenu()
23:38:04.236 [FXGL Background Thread 1 ] DEBUG FXGL.DefaultMenu     - createOptionsMenu()
23:38:04.241 [FXGL Background Thread 1 ] DEBUG FXGLAssetLoaderServi - Loading from file system: jar:file:///Users/CHLaroche05/.m2/repository/com/github/almasb/fxgl/17/fxgl-17.jar!/fxglassets/textures/particles/smoke.png
23:38:04.338 [FXGL Background Thread 1 ] DEBUG FXGLAssetLoaderServi - Loading from file system: jar:file:///Users/CHLaroche05/.m2/repository/com/github/almasb/fxgl/17/fxgl-17.jar!/fxglassets/textures/particles/trace_horizontal.png
23:38:04.357 [FXGL Background Thread 1 ] DEBUG FXGL.DefaultMenu     - createMenuBodyGameMenu()
23:38:04.358 [FXGL Background Thread 1 ] DEBUG FXGL.DefaultMenu     - createOptionsMenu()
23:38:04.414 [FXGL Background Thread 1 ] DEBUG GameApplicationServi - Application scenes initialized
23:38:04.433 [FXGL Background Thread 1 ] DEBUG SystemBundleService  - Loading FXGL system data
23:38:04.437 [FXGL Background Thread 1 ] DEBUG FileSystemAccess     - Reading from: /Users/CHLaroche05/zelda/zeldaPuzzle/system/fxgl.bundle
23:38:04.448 [FXGL Background Thread 1 ] DEBUG SystemBundleService  - Bundle FXGL: {}
23:38:04.448 [FXGL Background Thread 1 ] DEBUG UpdaterService       - Checking for updates
23:38:04.558 [FXGL Background Thread 4 ] DEBUG FXGLApplication      - Loading fonts
23:38:04.558 [FXGL Background Thread 4 ] DEBUG FXGLAssetLoaderServi - Loading from file system: jar:file:///Users/CHLaroche05/.m2/repository/com/github/almasb/fxgl/17/fxgl-17.jar!/fxglassets/ui/fonts/VarelaRound-Regular.ttf
23:38:04.559 [FXGL Background Thread 1 ] DEBUG FXGLApplication      - Loading default localization
23:38:04.560 [FXGL Background Thread 1 ] DEBUG FXGLAssetLoaderServi - Loading from file system: jar:file:///Users/CHLaroche05/.m2/repository/com/github/almasb/fxgl/17/fxgl-17.jar!/fxglassets/languages/english.lang
23:38:04.578 [FXGL Background Thread 4 ] DEBUG FXGLAssetLoaderServi - Loading from file system: jar:file:///Users/CHLaroche05/.m2/repository/com/github/almasb/fxgl/17/fxgl-17.jar!/fxglassets/ui/fonts/Abel-Regular.ttf
23:38:04.582 [FXGL Background Thread 4 ] DEBUG FXGLAssetLoaderServi - Loading from file system: jar:file:///Users/CHLaroche05/.m2/repository/com/github/almasb/fxgl/17/fxgl-17.jar!/fxglassets/ui/fonts/TerminalLandMono-Regular.otf
23:38:04.584 [FXGL Background Thread 1 ] INFO  FXGLApplication      - FXGL initialization took: 0.637 sec
23:38:04.585 [FXGL Background Thread 4 ] DEBUG FXGLAssetLoaderServi - Loading from file system: jar:file:///Users/CHLaroche05/.m2/repository/com/github/almasb/fxgl/17/fxgl-17.jar!/fxglassets/ui/fonts/Courier-Prime.ttf
23:38:04.606 [JavaFX Application Thread] DEBUG Input                - Registered new binding: inventaire - Tab
23:38:04.606 [JavaFX Application Thread] DEBUG Input                - Registered new binding: getPosition - P
23:38:04.606 [JavaFX Application Thread] DEBUG Input                - Registered new binding: zoom+ - Up
23:38:04.606 [JavaFX Application Thread] DEBUG Input                - Registered new binding: zoom- - Down
23:38:04.607 [JavaFX Application Thread] DEBUG Input                - Registered new binding: resetZoom - 0
23:38:04.607 [JavaFX Application Thread] DEBUG Input                - Registered new binding: Move right - D
23:38:04.607 [JavaFX Application Thread] DEBUG Input                - Registered new binding: Move left - A
23:38:04.607 [JavaFX Application Thread] DEBUG Input                - Registered new binding: Move Up - W
23:38:04.607 [JavaFX Application Thread] DEBUG Input                - Registered new binding: Move Down - S
23:38:04.607 [JavaFX Application Thread] DEBUG Input                - Registered new binding: Jump - Space
23:38:04.608 [JavaFX Application Thread] DEBUG FXGLAssetLoaderServi - Loading from file system: jar:file:///Users/CHLaroche05/.m2/repository/com/github/almasb/fxgl/17/fxgl-17.jar!/fxglassets/textures/fxgl_icon.png
23:38:04.638 [JavaFX Application Thread] DEBUG FXGLAssetLoaderServi - Loading from file system: jar:file:///Users/CHLaroche05/.m2/repository/com/github/almasb/fxgl/17/fxgl-17.jar!/fxglassets/textures/fxgl_default_cursor.png
23:38:04.640 [JavaFX Application Thread] DEBUG Input                - Registered new binding: Screenshot - CTRL+8
23:38:04.641 [JavaFX Application Thread] DEBUG Input                - Registered new binding: Dev Options - 1
23:38:04.641 [JavaFX Application Thread] DEBUG Input                - Registered new binding: Dev Console - 2
23:38:04.641 [JavaFX Application Thread] DEBUG Input                - Registered new binding: System info dump - CTRL+9
23:38:04.642 [JavaFX Application Thread] DEBUG Input                - Registered new binding: Restart - CTRL+R
23:38:04.642 [JavaFX Application Thread] DEBUG Input                - Registered new binding: Toggle Debug Camera - CTRL+7
23:38:04.645 [JavaFX Application Thread] DEBUG LoopRunner           - Starting loop
23:38:04.660 [JavaFX Application Thread] DEBUG LoopRunner           - Initializing JavaFX AnimationTimerLoop
23:38:04.663 [JavaFX Application Thread] DEBUG Input                - Clearing active input actions
23:38:04.674 [JavaFX Application Thread] DEBUG GameApplicationServi - Removing overlay from FXGLStartupScene and adding to FXGLMainMenuDummyScene
23:38:04.679 [JavaFX Application Thread] DEBUG PrimaryStageWindow   - FXGLStartupScene -> FXGLMainMenuDummyScene
23:38:04.679 [JavaFX Application Thread] DEBUG PrimaryStageWindow   - Push state: FXGLDefaultMenu
23:38:04.682 [JavaFX Application Thread] DEBUG Input                - Clearing active input actions
23:38:04.692 [JavaFX Application Thread] DEBUG GameApplicationServi - Removing overlay from FXGLMainMenuDummyScene and adding to FXGLDefaultMenu
23:38:04.693 [JavaFX Application Thread] DEBUG PrimaryStageWindow   - FXGLMainMenuDummyScene -> FXGLDefaultMenu
23:38:04.720 [JavaFX Application Thread] DEBUG FXGLApplication      - Registering font factories with UI factory
23:38:05.202 [FXGL Background Thread 2 ] INFO  UpdaterService       - Your current version:  17
23:38:05.203 [FXGL Background Thread 2 ] INFO  UpdaterService       - Latest stable version: 21.1
23:38:05.988 [JavaFX Application Thread] DEBUG Menu                 - fireNewGame()
23:38:05.988 [JavaFX Application Thread] DEBUG GameApplicationServi - Starting new game
23:38:05.989 [JavaFX Application Thread] DEBUG PrimaryStageWindow   - Pop state: FXGLDefaultMenu
23:38:05.990 [JavaFX Application Thread] DEBUG Input                - Clearing active input actions
23:38:05.991 [JavaFX Application Thread] DEBUG GameApplicationServi - Removing overlay from FXGLDefaultMenu and adding to FXGLMainMenuDummyScene
23:38:05.992 [JavaFX Application Thread] DEBUG PrimaryStageWindow   - FXGLMainMenuDummyScene <- FXGLDefaultMenu
23:38:05.992 [JavaFX Application Thread] DEBUG Input                - Clearing active input actions
23:38:05.999 [JavaFX Application Thread] DEBUG GameApplicationServi - Removing overlay from FXGLMainMenuDummyScene and adding to FXGLLoadingScene
23:38:05.999 [JavaFX Application Thread] DEBUG PrimaryStageWindow   - FXGLMainMenuDummyScene -> FXGLLoadingScene
23:38:05.999 [JavaFX Application Thread] DEBUG GameApplicationServi - Clearing previous game
23:38:05.999 [JavaFX Application Thread] DEBUG GameScene            - Clearing game scene
23:38:05.999 [JavaFX Application Thread] DEBUG GameWorld            - Clearing game world
23:38:05.999 [JavaFX Application Thread] DEBUG PhysicsWorld         - Clearing physics world
23:38:06.001 [FXGL Background Thread 2 ] DEBUG FXGLApplication      - Initializing game
23:38:06.042 [FXGL Background Thread 2 ] WARN  TMXLevelLoader       - TiledMap generated from 1.10.2. Supported version: 1.2.3. Some features may not be parsed fully.
23:38:06.124 [FXGL Background Thread 2 ] DEBUG TMXLevelLoader       - Parsed TiledMap: file:/Users/CHLaroche05/zelda/zeldaPuzzle/target/classes/assets/levels/mapFinal.tmx
23:38:06.127 [FXGL Background Thread 2 ] DEBUG TMXLevelLoader       - Creating tile layer entities
23:38:06.129 [FXGL Background Thread 2 ] DEBUG TilesetLoader        - Loading view for layer background
23:38:06.148 [FXGL Background Thread 2 ] DEBUG TilesetLoader        - Created buffer with size 4800.0x4800.0
23:38:06.388 [FXGL Background Thread 2 ] DEBUG TilesetLoader        - Loading view for layer devant
23:38:06.404 [FXGL Background Thread 2 ] DEBUG TilesetLoader        - Created buffer with size 4800.0x4800.0
23:38:06.453 [FXGL Background Thread 2 ] DEBUG TilesetLoader        - Loading view for layer devant1
23:38:06.470 [FXGL Background Thread 2 ] DEBUG TilesetLoader        - Created buffer with size 4800.0x4800.0
23:38:06.490 [FXGL Background Thread 2 ] DEBUG TMXLevelLoader       - Creating object layer entities
23:38:06.538 [FXGL Background Thread 2 ] DEBUG GameWorld            - Clearing removable entities
23:38:06.539 [FXGL Background Thread 2 ] DEBUG GameWorld            - Setting level: com.almasb.fxgl.entity.level.Level@47f6e32b
23:38:06.559 [FXGL Background Thread 2 ] WARN  GameWorld            - Entity is already attached to world
23:38:06.561 [FXGL Background Thread 2 ] WARN  GameWorld            - Entity is already attached to world
23:38:06.566 [FXGL Background Thread 2 ] INFO  FXGLApplication      - Game initialization took: 0.565 sec
23:38:06.566 [JavaFX Application Thread] DEBUG Input                - Clearing active input actions
23:38:06.575 [JavaFX Application Thread] DEBUG GameApplicationServi - Removing overlay from FXGLLoadingScene and adding to GameScene
23:38:06.579 [JavaFX Application Thread] DEBUG PrimaryStageWindow   - FXGLLoadingScene -> GameScene
23:38:07.561 [FXGL Background Thread 3 ] DEBUG Engine               - Logging environment variables
23:38:07.562 [FXGL Background Thread 3 ] DEBUG Engine               - achievements: []
23:38:07.562 [FXGL Background Thread 3 ] DEBUG Engine               - actualHeight: 800.0
23:38:07.562 [FXGL Background Thread 3 ] DEBUG Engine               - actualHeightProperty: ReadOnlyDoubleProperty [value: 800.0]
23:38:07.562 [FXGL Background Thread 3 ] DEBUG Engine               - actualWidth: 800.0
23:38:07.562 [FXGL Background Thread 3 ] DEBUG Engine               - actualWidthProperty: ReadOnlyDoubleProperty [value: 800.0]
23:38:07.562 [FXGL Background Thread 3 ] DEBUG Engine               - appIcon: fxgl_icon.png
23:38:07.562 [FXGL Background Thread 3 ] DEBUG Engine               - applicationMode: DEVELOPER
23:38:07.562 [FXGL Background Thread 3 ] DEBUG Engine               - cSSList: [fxgl_dark.css]
23:38:07.562 [FXGL Background Thread 3 ] DEBUG Engine               - collisionDetectionStrategy: BRUTE_FORCE
23:38:07.562 [FXGL Background Thread 3 ] DEBUG Engine               - configClass: Optional.empty
23:38:07.562 [FXGL Background Thread 3 ] DEBUG Engine               - credits: []
23:38:07.563 [FXGL Background Thread 3 ] DEBUG Engine               - defaultCursor: CursorInfo(imageName=fxgl_default_cursor.png, hotspotX=7.0, hotspotY=6.0)
23:38:07.563 [FXGL Background Thread 3 ] DEBUG Engine               - devBBoxColorProperty: ObjectProperty [value: 0xff0000ff]
23:38:07.563 [FXGL Background Thread 3 ] DEBUG Engine               - devEnableDebugCameraProperty: BooleanProperty [value: false]
23:38:07.563 [FXGL Background Thread 3 ] DEBUG Engine               - devSensorColorProperty: ObjectProperty [value: 0xffff00ff]
23:38:07.563 [FXGL Background Thread 3 ] DEBUG Engine               - devShowBBoxProperty: BooleanProperty [value: false]
23:38:07.564 [FXGL Background Thread 3 ] DEBUG Engine               - devShowPositionProperty: BooleanProperty [value: false]
23:38:07.564 [FXGL Background Thread 3 ] DEBUG Engine               - enabledMenuItems: []
23:38:07.564 [FXGL Background Thread 3 ] DEBUG Engine               - engineServices: [class com.almasb.fxgl.app.services.FXGLAssetLoaderService, class com.almasb.fxgl.app.FXGLApplication$GameApplicationService, class com.almasb.fxgl.app.services.FXGLDialogService, class com.almasb.fxgl.app.services.IOTaskExecutorService, class com.almasb.fxgl.io.FileSystemService, class com.almasb.fxgl.localization.LocalizationService, class com.almasb.fxgl.app.services.SystemBundleService, class com.almasb.fxgl.profile.SaveLoadService, class com.almasb.fxgl.ui.FXGLUIFactoryServiceProvider, class com.almasb.fxgl.ui.FXGLDialogFactoryServiceProvider, class com.almasb.fxgl.audio.AudioPlayer, class com.almasb.fxgl.notification.impl.NotificationServiceProvider, class com.almasb.fxgl.achievement.AchievementService, class com.almasb.fxgl.cutscene.CutsceneService, class com.almasb.fxgl.minigames.MiniGameService, class com.almasb.fxgl.net.NetService, class com.almasb.fxgl.app.services.UpdaterService, class com.almasb.fxgl.dev.DevService]
23:38:07.564 [FXGL Background Thread 3 ] DEBUG Engine               - fontGame: Abel-Regular.ttf
23:38:07.564 [FXGL Background Thread 3 ] DEBUG Engine               - fontMono: TerminalLandMono-Regular.otf
23:38:07.564 [FXGL Background Thread 3 ] DEBUG Engine               - fontText: Courier-Prime.ttf
23:38:07.564 [FXGL Background Thread 3 ] DEBUG Engine               - fontUI: VarelaRound-Regular.ttf
23:38:07.564 [FXGL Background Thread 3 ] DEBUG Engine               - fullScreen: BooleanProperty [value: false]
23:38:07.564 [FXGL Background Thread 3 ] DEBUG Engine               - gameDifficulty: MEDIUM
23:38:07.564 [FXGL Background Thread 3 ] DEBUG Engine               - gameDifficultyProperty: ObjectProperty [value: MEDIUM]
23:38:07.564 [FXGL Background Thread 3 ] DEBUG Engine               - globalMusicVolume: 0.5
23:38:07.565 [FXGL Background Thread 3 ] DEBUG Engine               - globalMusicVolumeProperty: DoubleProperty [value: 0.5]
23:38:07.565 [FXGL Background Thread 3 ] DEBUG Engine               - globalSoundVolume: 0.5
23:38:07.565 [FXGL Background Thread 3 ] DEBUG Engine               - globalSoundVolumeProperty: DoubleProperty [value: 0.5]
23:38:07.565 [FXGL Background Thread 3 ] DEBUG Engine               - height: 800
23:38:07.565 [FXGL Background Thread 3 ] DEBUG Engine               - is3D: false
23:38:07.565 [FXGL Background Thread 3 ] DEBUG Engine               - isAndroid: false
23:38:07.565 [FXGL Background Thread 3 ] DEBUG Engine               - isBrowser: false
23:38:07.565 [FXGL Background Thread 3 ] DEBUG Engine               - isClickFeedbackEnabled: false
23:38:07.565 [FXGL Background Thread 3 ] DEBUG Engine               - isCloseConfirmation: false
23:38:07.566 [FXGL Background Thread 3 ] DEBUG Engine               - isDesktop: true
23:38:07.566 [FXGL Background Thread 3 ] DEBUG Engine               - isDeveloperMenuEnabled: true
23:38:07.566 [FXGL Background Thread 3 ] DEBUG Engine               - isEmbedded: false
23:38:07.566 [FXGL Background Thread 3 ] DEBUG Engine               - isEntityPreloadEnabled: true
23:38:07.566 [FXGL Background Thread 3 ] DEBUG Engine               - isExperimentalTiledLargeMap: false
23:38:07.566 [FXGL Background Thread 3 ] DEBUG Engine               - isFileSystemWriteAllowed: true
23:38:07.566 [FXGL Background Thread 3 ] DEBUG Engine               - isFullScreenAllowed: true
23:38:07.566 [FXGL Background Thread 3 ] DEBUG Engine               - isFullScreenFromStart: false
23:38:07.566 [FXGL Background Thread 3 ] DEBUG Engine               - isGameMenuEnabled: true
23:38:07.566 [FXGL Background Thread 3 ] DEBUG Engine               - isIOS: false
23:38:07.566 [FXGL Background Thread 3 ] DEBUG Engine               - isIntroEnabled: false
23:38:07.566 [FXGL Background Thread 3 ] DEBUG Engine               - isLinux: false
23:38:07.566 [FXGL Background Thread 3 ] DEBUG Engine               - isMac: true
23:38:07.566 [FXGL Background Thread 3 ] DEBUG Engine               - isMainMenuEnabled: true
23:38:07.566 [FXGL Background Thread 3 ] DEBUG Engine               - isManualResizeEnabled: false
23:38:07.566 [FXGL Background Thread 3 ] DEBUG Engine               - isMobile: false
23:38:07.566 [FXGL Background Thread 3 ] DEBUG Engine               - isNative: false
23:38:07.566 [FXGL Background Thread 3 ] DEBUG Engine               - isPauseMusicWhenMinimized: true
23:38:07.566 [FXGL Background Thread 3 ] DEBUG Engine               - isPreserveResizeRatio: false
23:38:07.566 [FXGL Background Thread 3 ] DEBUG Engine               - isProfilingEnabled: false
23:38:07.566 [FXGL Background Thread 3 ] DEBUG Engine               - isScaleAffectedOnResize: true
23:38:07.567 [FXGL Background Thread 3 ] DEBUG Engine               - isSingleStep: false
23:38:07.567 [FXGL Background Thread 3 ] DEBUG Engine               - isUserProfileEnabled: false
23:38:07.567 [FXGL Background Thread 3 ] DEBUG Engine               - isWindows: false
23:38:07.567 [FXGL Background Thread 3 ] DEBUG Engine               - language: ObjectProperty [value: ENGLISH]
23:38:07.567 [FXGL Background Thread 3 ] DEBUG Engine               - menuKey: ESCAPE
23:38:07.567 [FXGL Background Thread 3 ] DEBUG Engine               - mouseSensitivity: 0.2
23:38:07.567 [FXGL Background Thread 3 ] DEBUG Engine               - notificationViewClass: class com.almasb.fxgl.notification.view.XboxNotificationView
23:38:07.567 [FXGL Background Thread 3 ] DEBUG Engine               - pixelsPerMeter: 50.0
23:38:07.567 [FXGL Background Thread 3 ] DEBUG Engine               - platform: MAC
23:38:07.567 [FXGL Background Thread 3 ] DEBUG Engine               - prefHeightProperty: ReadOnlyDoubleProperty [value: 800.0]
23:38:07.567 [FXGL Background Thread 3 ] DEBUG Engine               - prefWidthProperty: ReadOnlyDoubleProperty [value: 800.0]
23:38:07.567 [FXGL Background Thread 3 ] DEBUG Engine               - profileDir: profiles/
23:38:07.567 [FXGL Background Thread 3 ] DEBUG Engine               - profileName: StringProperty [value: DEFAULT]
23:38:07.567 [FXGL Background Thread 3 ] DEBUG Engine               - randomSeed: -1
23:38:07.567 [FXGL Background Thread 3 ] DEBUG Engine               - runtimeInfo: RuntimeInfo(platform=MAC, version=17, build=31.12.2021 18.16)
23:38:07.567 [FXGL Background Thread 3 ] DEBUG Engine               - saveFileExt: sav
23:38:07.567 [FXGL Background Thread 3 ] DEBUG Engine               - scaledHeightProp$fxgl: DoubleProperty [bound, value: 800.0]
23:38:07.567 [FXGL Background Thread 3 ] DEBUG Engine               - scaledWidthProp$fxgl: DoubleProperty [bound, value: 800.0]
23:38:07.567 [FXGL Background Thread 3 ] DEBUG Engine               - sceneFactory: com.almasb.fxgl.app.scene.SceneFactory@2106a294
23:38:07.567 [FXGL Background Thread 3 ] DEBUG Engine               - secondsIn24h: 60
23:38:07.567 [FXGL Background Thread 3 ] DEBUG Engine               - soundMenuBack: menu/back.wav
23:38:07.567 [FXGL Background Thread 3 ] DEBUG Engine               - soundMenuPress: menu/press.wav
23:38:07.567 [FXGL Background Thread 3 ] DEBUG Engine               - soundMenuSelect: menu/select.wav
23:38:07.567 [FXGL Background Thread 3 ] DEBUG Engine               - soundNotification: core/notification.wav
23:38:07.567 [FXGL Background Thread 3 ] DEBUG Engine               - stageStyle: DECORATED
23:38:07.568 [FXGL Background Thread 3 ] DEBUG Engine               - supportedLanguages: [ENGLISH, FRENCH, GERMAN, HUNGARIAN, RUSSIAN]
23:38:07.568 [FXGL Background Thread 3 ] DEBUG Engine               - ticksPerSecond: -1
23:38:07.568 [FXGL Background Thread 3 ] DEBUG Engine               - title: Zelda 2D Game
23:38:07.568 [FXGL Background Thread 3 ] DEBUG Engine               - urlGithub: https://github.com/AlmasB/FXGL
23:38:07.568 [FXGL Background Thread 3 ] DEBUG Engine               - urlLeaderboard: http://fxgl-top.herokuapp.com/
23:38:07.568 [FXGL Background Thread 3 ] DEBUG Engine               - urlPOM: https://raw.githubusercontent.com/AlmasB/FXGL/release/README.md
23:38:07.568 [FXGL Background Thread 3 ] DEBUG Engine               - userAppClass: class com.example.zeldapuzzle.MainGameApp
23:38:07.568 [FXGL Background Thread 3 ] DEBUG Engine               - version: 1
23:38:07.568 [FXGL Background Thread 3 ] DEBUG Engine               - versionCheckDays: 7
23:38:07.568 [FXGL Background Thread 3 ] DEBUG Engine               - width: 800
23:38:07.568 [FXGL Background Thread 3 ] DEBUG Engine               - Logging services
23:38:07.568 [FXGL Background Thread 3 ] DEBUG Engine               - class com.almasb.fxgl.app.services.FXGLAssetLoaderService
23:38:07.568 [FXGL Background Thread 3 ] DEBUG Engine               - class com.almasb.fxgl.app.FXGLApplication$GameApplicationService
23:38:07.568 [FXGL Background Thread 3 ] DEBUG Engine               - class com.almasb.fxgl.app.services.FXGLDialogService
23:38:07.568 [FXGL Background Thread 3 ] DEBUG Engine               - class com.almasb.fxgl.app.services.IOTaskExecutorService
23:38:07.568 [FXGL Background Thread 3 ] DEBUG Engine               - class com.almasb.fxgl.io.FileSystemService
23:38:07.568 [FXGL Background Thread 3 ] DEBUG Engine               - class com.almasb.fxgl.localization.LocalizationService
23:38:07.568 [FXGL Background Thread 3 ] DEBUG Engine               - class com.almasb.fxgl.app.services.SystemBundleService
23:38:07.568 [FXGL Background Thread 3 ] DEBUG Engine               - class com.almasb.fxgl.profile.SaveLoadService
23:38:07.568 [FXGL Background Thread 3 ] DEBUG Engine               - class com.almasb.fxgl.ui.FXGLUIFactoryServiceProvider
23:38:07.568 [FXGL Background Thread 3 ] DEBUG Engine               - class com.almasb.fxgl.ui.FXGLDialogFactoryServiceProvider
23:38:07.568 [FXGL Background Thread 3 ] DEBUG Engine               - class com.almasb.fxgl.audio.AudioPlayer
23:38:07.568 [FXGL Background Thread 3 ] DEBUG Engine               - class com.almasb.fxgl.notification.impl.NotificationServiceProvider
23:38:07.568 [FXGL Background Thread 3 ] DEBUG Engine               - class com.almasb.fxgl.achievement.AchievementService
23:38:07.568 [FXGL Background Thread 3 ] DEBUG Engine               - class com.almasb.fxgl.cutscene.CutsceneService
23:38:07.568 [FXGL Background Thread 3 ] DEBUG Engine               - class com.almasb.fxgl.minigames.MiniGameService
23:38:07.568 [FXGL Background Thread 3 ] DEBUG Engine               - class com.almasb.fxgl.net.NetService
23:38:07.568 [FXGL Background Thread 3 ] DEBUG Engine               - class com.almasb.fxgl.app.services.UpdaterService
23:38:07.568 [FXGL Background Thread 3 ] DEBUG Engine               - class com.almasb.fxgl.dev.DevService
23:38:13.060 [JavaFX Application Thread] WARN  TMXLevelLoader       - TiledMap generated from 1.10.2. Supported version: 1.2.3. Some features may not be parsed fully.
23:38:13.090 [JavaFX Application Thread] DEBUG TMXLevelLoader       - Parsed TiledMap: file:/Users/CHLaroche05/zelda/zeldaPuzzle/target/classes/assets/levels/leDongeon.tmx
23:38:13.090 [JavaFX Application Thread] DEBUG TMXLevelLoader       - Creating tile layer entities
23:38:13.090 [JavaFX Application Thread] DEBUG TilesetLoader        - Loading view for layer BG1
23:38:13.093 [JavaFX Application Thread] DEBUG TilesetLoader        - Created buffer with size 2400.0x800.0
23:38:13.108 [JavaFX Application Thread] DEBUG TilesetLoader        - Loading view for layer BG2
23:38:13.109 [JavaFX Application Thread] DEBUG TilesetLoader        - Created buffer with size 2400.0x800.0
23:38:13.117 [JavaFX Application Thread] DEBUG TilesetLoader        - Loading view for layer BG3
23:38:13.118 [JavaFX Application Thread] DEBUG TilesetLoader        - Created buffer with size 2400.0x800.0
23:38:13.129 [JavaFX Application Thread] DEBUG TilesetLoader        - Loading view for layer BG4a
23:38:13.131 [JavaFX Application Thread] DEBUG TilesetLoader        - Created buffer with size 2400.0x800.0
23:38:13.142 [JavaFX Application Thread] DEBUG TilesetLoader        - Loading view for layer BG4b
23:38:13.142 [JavaFX Application Thread] DEBUG TilesetLoader        - Created buffer with size 2400.0x800.0
23:38:13.153 [JavaFX Application Thread] DEBUG TilesetLoader        - Loading view for layer MainBuild2
23:38:13.153 [JavaFX Application Thread] DEBUG TilesetLoader        - Created buffer with size 2400.0x800.0
23:38:13.178 [JavaFX Application Thread] WARN  TilesetLoader        - Diagonally flipped tiles are not currently supported
23:38:13.178 [JavaFX Application Thread] WARN  TilesetLoader        - Diagonally flipped tiles are not currently supported
23:38:13.178 [JavaFX Application Thread] WARN  TilesetLoader        - Diagonally flipped tiles are not currently supported
23:38:13.178 [JavaFX Application Thread] WARN  TilesetLoader        - Diagonally flipped tiles are not currently supported
23:38:13.178 [JavaFX Application Thread] WARN  TilesetLoader        - Diagonally flipped tiles are not currently supported
23:38:13.179 [JavaFX Application Thread] WARN  TilesetLoader        - Diagonally flipped tiles are not currently supported
23:38:13.179 [JavaFX Application Thread] WARN  TilesetLoader        - Diagonally flipped tiles are not currently supported
23:38:13.179 [JavaFX Application Thread] WARN  TilesetLoader        - Diagonally flipped tiles are not currently supported
23:38:13.179 [JavaFX Application Thread] WARN  TilesetLoader        - Diagonally flipped tiles are not currently supported
23:38:13.179 [JavaFX Application Thread] WARN  TilesetLoader        - Diagonally flipped tiles are not currently supported
23:38:13.179 [JavaFX Application Thread] WARN  TilesetLoader        - Diagonally flipped tiles are not currently supported
23:38:13.179 [JavaFX Application Thread] WARN  TilesetLoader        - Diagonally flipped tiles are not currently supported
23:38:13.179 [JavaFX Application Thread] WARN  TilesetLoader        - Diagonally flipped tiles are not currently supported
23:38:13.180 [JavaFX Application Thread] WARN  TilesetLoader        - Diagonally flipped tiles are not currently supported
23:38:13.180 [JavaFX Application Thread] WARN  TilesetLoader        - Diagonally flipped tiles are not currently supported
23:38:13.180 [JavaFX Application Thread] DEBUG TilesetLoader        - Loading view for layer MainBuild3
23:38:13.181 [JavaFX Application Thread] DEBUG TilesetLoader        - Created buffer with size 2400.0x800.0
23:38:13.181 [JavaFX Application Thread] DEBUG TilesetLoader        - Loading view for layer MainBuild
23:38:13.182 [JavaFX Application Thread] DEBUG TilesetLoader        - Created buffer with size 2400.0x800.0
23:38:13.183 [JavaFX Application Thread] DEBUG TMXLevelLoader       - Creating object layer entities
23:38:13.192 [JavaFX Application Thread] DEBUG GameWorld            - Clearing removable entities
23:38:13.199 [JavaFX Application Thread] DEBUG GameWorld            - Setting level: com.almasb.fxgl.entity.level.Level@6499ae07
23:38:13.207 [JavaFX Application Thread] WARN  GameWorld            - Entity is already attached to world
23:38:41.377 [JavaFX Application Thread] WARN  GameWorld            - Entity is already attached to world
23:38:59.374 [JavaFX Application Thread] WARN  GameWorld            - Entity is already attached to world
23:39:02.203 [JavaFX Application Thread] DEBUG FXGLApplication      - Exiting FXGL
23:39:02.204 [JavaFX Application Thread] DEBUG LoopRunner           - Stopping loop
23:39:02.204 [JavaFX Application Thread] DEBUG SystemBundleService  - Saving FXGL system data
23:39:02.207 [JavaFX Application Thread] DEBUG FileSystemAccess     - Writing to: /Users/CHLaroche05/zelda/zeldaPuzzle/system/fxgl.bundle
23:39:02.210 [JavaFX Application Thread] DEBUG Async                - Shutting down background threads
23:39:02.211 [JavaFX Application Thread] DEBUG PrimaryStageWindow   - Closing main window
23:39:02.222 [JavaFX Application Thread] DEBUG Logger               - Closing Logger
