19:38:06.131 [main                     ] DEBUG Logger               - Configured Logger
19:38:06.145 [main                     ] DEBUG GameApplication      - Logging settings
Title: Zelda 2D Game par ماستن
Version: 1
Width: 800
Height: 800
Fullscreen: true
Intro: false
Profiling: false
Single step:false
App Mode: DEVELOPER
Menu Key: ESCAPE
Stage Style: DECORATED
Scene Factory: class com.almasb.fxgl.app.scene.SceneFactory

19:38:06.280 [JavaFX Application Thread] DEBUG FXGLApplication      - Initializing FXGL
19:38:06.285 [JavaFX Application Thread] INFO  Engine               - FXGL-17 (31.12.2021 18.16) on WINDOWS (J:21.0.2 FX:19)
19:38:06.285 [JavaFX Application Thread] DEBUG Engine               - JRE Vendor Name: Oracle Corporation
19:38:06.286 [JavaFX Application Thread] DEBUG Engine               - Running on OS: Windows 10 version 10.0
19:38:06.286 [JavaFX Application Thread] DEBUG Engine               - Architecture: amd64
19:38:06.286 [JavaFX Application Thread] INFO  Engine               - Source code and latest versions at: https://github.com/AlmasB/FXGL
19:38:06.286 [JavaFX Application Thread] INFO  Engine               -       Ask questions and discuss at: https://github.com/AlmasB/FXGL/discussions
19:38:06.286 [JavaFX Application Thread] INFO  Engine               -              Join the FXGL chat at: https://gitter.im/AlmasB/FXGL
19:38:06.369 [JavaFX Application Thread] DEBUG PrimaryStageWindow   - Creating a JavaFX scene
19:38:06.416 [JavaFX Application Thread] DEBUG PrimaryStageWindow   - Target settings size: 800.0 x 800.0
19:38:06.417 [JavaFX Application Thread] DEBUG PrimaryStageWindow   - Scaled scene size:    800.0 x 800.0
19:38:06.417 [JavaFX Application Thread] DEBUG PrimaryStageWindow   - Scaled ratio: (1.0, 1.0)
19:38:06.418 [JavaFX Application Thread] DEBUG PrimaryStageWindow   - Set initial scene to FXGLStartupScene
19:38:06.425 [JavaFX Application Thread] DEBUG PrimaryStageWindow   - Opening main window
19:38:06.516 [JavaFX Application Thread] DEBUG PrimaryStageWindow   - Window border size: (16.0, 39.0)
19:38:06.517 [JavaFX Application Thread] DEBUG PrimaryStageWindow   - Scaled size: 800.0 x 800.0
19:38:06.517 [JavaFX Application Thread] DEBUG PrimaryStageWindow   - Scaled ratio: (1.0, 1.0)
19:38:06.517 [JavaFX Application Thread] DEBUG PrimaryStageWindow   - Scene size: 800.0 x 800.0
19:38:06.517 [JavaFX Application Thread] DEBUG PrimaryStageWindow   - Stage size: 816.0 x 839.0
19:38:06.527 [FXGL Background Thread 1 ] DEBUG Engine               - Initializing environment variables
19:38:06.578 [FXGL Background Thread 1 ] DEBUG FXGLAssetLoaderServi - User app class for loading assets: class com.example.zeldapuzzle.MainGameApp
19:38:06.578 [FXGL Background Thread 1 ] DEBUG GameApplicationServi - Applying CSS: fxgl_dark.css
19:38:06.579 [FXGL Background Thread 1 ] DEBUG FXGLAssetLoaderServi - Loading from file system: jar:file:///C:/Users/mbour/.m2/repository/com/github/almasb/fxgl/17/fxgl-17.jar!/fxglassets/ui/css/fxgl_dark.css
19:38:06.628 [FXGL Background Thread 1 ] DEBUG GameApplicationServi - Initializing application scenes
19:38:06.666 [FXGL Background Thread 1 ] DEBUG GameWorld            - Game world initialized
19:38:06.737 [FXGL Background Thread 1 ] DEBUG PhysicsWorld         - Physics world initialized: appHeight=800, physics.ppm=50,0
19:38:06.737 [FXGL Background Thread 1 ] DEBUG PhysicsWorld         - Using strategy: BRUTE_FORCE
19:38:06.742 [FXGL Background Thread 1 ] DEBUG GameScene            - Game scene initialized: 800x800
19:38:06.754 [FXGL Background Thread 1 ] DEBUG FXGL.DefaultMenu     - createMenuBodyMainMenu()
19:38:06.773 [FXGL Background Thread 1 ] DEBUG FXGL.DefaultMenu     - createOptionsMenu()
19:38:06.782 [FXGL Background Thread 1 ] DEBUG FXGLAssetLoaderServi - Loading from file system: jar:file:///C:/Users/mbour/.m2/repository/com/github/almasb/fxgl/17/fxgl-17.jar!/fxglassets/textures/particles/smoke.png
19:38:06.870 [FXGL Background Thread 1 ] DEBUG FXGLAssetLoaderServi - Loading from file system: jar:file:///C:/Users/mbour/.m2/repository/com/github/almasb/fxgl/17/fxgl-17.jar!/fxglassets/textures/particles/trace_horizontal.png
19:38:06.892 [FXGL Background Thread 1 ] DEBUG FXGL.DefaultMenu     - createMenuBodyGameMenu()
19:38:06.893 [FXGL Background Thread 1 ] DEBUG FXGL.DefaultMenu     - createOptionsMenu()
19:38:06.909 [FXGL Background Thread 1 ] DEBUG GameApplicationServi - Application scenes initialized
19:38:06.921 [FXGL Background Thread 1 ] DEBUG SystemBundleService  - Loading FXGL system data
19:38:06.926 [FXGL Background Thread 1 ] DEBUG FileSystemAccess     - Reading from: C:\Users\mbour\OneDrive\Bureau\Zelda TOTK WINRAR\zeldaPuzzle\system\fxgl.bundle
19:38:06.942 [FXGL Background Thread 1 ] DEBUG SystemBundleService  - Bundle FXGL: {}
19:38:06.942 [FXGL Background Thread 1 ] DEBUG UpdaterService       - Checking for updates
19:38:06.970 [FXGL Background Thread 4 ] DEBUG FXGLApplication      - Loading fonts
19:38:06.970 [FXGL Background Thread 1 ] DEBUG FXGLApplication      - Loading default localization
19:38:06.970 [FXGL Background Thread 4 ] DEBUG FXGLAssetLoaderServi - Loading from file system: jar:file:///C:/Users/mbour/.m2/repository/com/github/almasb/fxgl/17/fxgl-17.jar!/fxglassets/ui/fonts/VarelaRound-Regular.ttf
19:38:06.971 [FXGL Background Thread 1 ] DEBUG FXGLAssetLoaderServi - Loading from file system: jar:file:///C:/Users/mbour/.m2/repository/com/github/almasb/fxgl/17/fxgl-17.jar!/fxglassets/languages/english.lang
19:38:06.991 [FXGL Background Thread 1 ] INFO  FXGLApplication      - FXGL initialization took: 0,464 sec
19:38:07.006 [JavaFX Application Thread] DEBUG Input                - Registered new binding: inventaire - Tab
19:38:07.006 [JavaFX Application Thread] DEBUG Input                - Registered new binding: getPosition - P
19:38:07.006 [JavaFX Application Thread] DEBUG Input                - Registered new binding: zoom+ - Up
19:38:07.006 [JavaFX Application Thread] DEBUG Input                - Registered new binding: zoom- - Down
19:38:07.006 [JavaFX Application Thread] DEBUG Input                - Registered new binding: resetZoom - 0
19:38:07.007 [JavaFX Application Thread] DEBUG Input                - Registered new binding: Move right - D
19:38:07.007 [JavaFX Application Thread] DEBUG Input                - Registered new binding: Move left - A
19:38:07.008 [JavaFX Application Thread] DEBUG Input                - Registered new binding: Move Up - W
19:38:07.008 [JavaFX Application Thread] DEBUG Input                - Registered new binding: Move Down - S
19:38:07.009 [JavaFX Application Thread] DEBUG FXGLAssetLoaderServi - Loading from file system: jar:file:///C:/Users/mbour/.m2/repository/com/github/almasb/fxgl/17/fxgl-17.jar!/fxglassets/textures/fxgl_icon.png
19:38:07.020 [FXGL Background Thread 4 ] DEBUG FXGLAssetLoaderServi - Loading from file system: jar:file:///C:/Users/mbour/.m2/repository/com/github/almasb/fxgl/17/fxgl-17.jar!/fxglassets/ui/fonts/Abel-Regular.ttf
19:38:07.024 [JavaFX Application Thread] DEBUG FXGLAssetLoaderServi - Loading from file system: jar:file:///C:/Users/mbour/.m2/repository/com/github/almasb/fxgl/17/fxgl-17.jar!/fxglassets/textures/fxgl_default_cursor.png
19:38:07.026 [JavaFX Application Thread] DEBUG Input                - Registered new binding: Screenshot - CTRL+8
19:38:07.027 [JavaFX Application Thread] DEBUG Input                - Registered new binding: Dev Options - 1
19:38:07.027 [JavaFX Application Thread] DEBUG Input                - Registered new binding: Dev Console - 2
19:38:07.028 [JavaFX Application Thread] DEBUG Input                - Registered new binding: System info dump - CTRL+9
19:38:07.029 [JavaFX Application Thread] DEBUG Input                - Registered new binding: Restart - CTRL+R
19:38:07.030 [JavaFX Application Thread] DEBUG Input                - Registered new binding: Toggle Debug Camera - CTRL+7
19:38:07.032 [FXGL Background Thread 4 ] DEBUG FXGLAssetLoaderServi - Loading from file system: jar:file:///C:/Users/mbour/.m2/repository/com/github/almasb/fxgl/17/fxgl-17.jar!/fxglassets/ui/fonts/TerminalLandMono-Regular.otf
19:38:07.033 [JavaFX Application Thread] DEBUG LoopRunner           - Starting loop
19:38:07.037 [FXGL Background Thread 4 ] WARN  FXGLAssetLoaderServi - Failed to load jar:file:///C:/Users/mbour/.m2/repository/com/github/almasb/fxgl/17/fxgl-17.jar!/fxglassets/ui/fonts/TerminalLandMono-Regular.otf
java.util.ConcurrentModificationException
	at java.base/java.util.ArrayList$Itr.checkForComodification(ArrayList.java:1095)
	at java.base/java.util.ArrayList$Itr.next(ArrayList.java:1049)
	at com.almasb.fxgl.core@17/com.almasb.fxgl.logging.Logger$Companion.doLog(Logger.kt:281)
	at com.almasb.fxgl.core@17/com.almasb.fxgl.logging.Logger$Companion.access$doLog(Logger.kt:22)
	at com.almasb.fxgl.core@17/com.almasb.fxgl.logging.Logger.debug(Logger.kt:200)
	at com.almasb.fxgl.all@17/com.almasb.fxgl.app.services.FXGLAssetLoaderService.load(FXGLAssetLoaderService.kt:528)
	at com.almasb.fxgl.all@17/com.almasb.fxgl.app.services.FXGLAssetLoaderService.load(FXGLAssetLoaderService.kt:507)
	at com.almasb.fxgl.all@17/com.almasb.fxgl.app.services.FXGLAssetLoaderService.load(FXGLAssetLoaderService.kt:496)
	at com.almasb.fxgl.all@17/com.almasb.fxgl.app.services.FXGLAssetLoaderService.loadFont(FXGLAssetLoaderService.kt:394)
	at com.almasb.fxgl.all@17/com.almasb.fxgl.app.FXGLApplication.postServicesInit$lambda-6(FXGLApplication.kt:163)
	at com.almasb.fxgl.core@17/com.almasb.fxgl.core.concurrent.Async.startAsync$lambda-0(Concurrent.kt:40)
	at com.almasb.fxgl.core@17/com.almasb.fxgl.core.concurrent.Coroutine._init_$lambda-1(Concurrent.kt:83)
	at java.base/java.util.concurrent.Executors$RunnableAdapter.call(Executors.java:572)
	at java.base/java.util.concurrent.FutureTask.run(FutureTask.java:317)
	at java.base/java.util.concurrent.ThreadPoolExecutor.runWorker(ThreadPoolExecutor.java:1144)
	at java.base/java.util.concurrent.ThreadPoolExecutor$Worker.run(ThreadPoolExecutor.java:642)
	at java.base/java.lang.Thread.run(Thread.java:1583)

19:38:07.056 [JavaFX Application Thread] DEBUG LoopRunner           - Initializing JavaFX AnimationTimerLoop
19:38:07.056 [FXGL Background Thread 4 ] DEBUG FXGLAssetLoaderServi - Loading from file system: jar:file:///C:/Users/mbour/.m2/repository/com/github/almasb/fxgl/17/fxgl-17.jar!/fxglassets/ui/fonts/Courier-Prime.ttf
19:38:07.060 [JavaFX Application Thread] DEBUG Input                - Clearing active input actions
19:38:07.076 [JavaFX Application Thread] DEBUG GameApplicationServi - Removing overlay from FXGLStartupScene and adding to FXGLMainMenuDummyScene
19:38:07.080 [JavaFX Application Thread] DEBUG PrimaryStageWindow   - FXGLStartupScene -> FXGLMainMenuDummyScene
19:38:07.080 [JavaFX Application Thread] DEBUG PrimaryStageWindow   - Push state: FXGLDefaultMenu
19:38:07.082 [JavaFX Application Thread] DEBUG Input                - Clearing active input actions
19:38:07.091 [JavaFX Application Thread] DEBUG GameApplicationServi - Removing overlay from FXGLMainMenuDummyScene and adding to FXGLDefaultMenu
19:38:07.091 [JavaFX Application Thread] DEBUG PrimaryStageWindow   - FXGLMainMenuDummyScene -> FXGLDefaultMenu
19:38:07.410 [JavaFX Application Thread] DEBUG FXGLApplication      - Registering font factories with UI factory
19:38:07.587 [FXGL Background Thread 2 ] INFO  UpdaterService       - Your current version:  17
19:38:07.588 [FXGL Background Thread 2 ] INFO  UpdaterService       - Latest stable version: 21.1
19:38:09.655 [JavaFX Application Thread] DEBUG Menu                 - fireNewGame()
19:38:09.655 [JavaFX Application Thread] DEBUG GameApplicationServi - Starting new game
19:38:09.657 [JavaFX Application Thread] DEBUG PrimaryStageWindow   - Pop state: FXGLDefaultMenu
19:38:09.659 [JavaFX Application Thread] DEBUG Input                - Clearing active input actions
19:38:09.661 [JavaFX Application Thread] DEBUG GameApplicationServi - Removing overlay from FXGLDefaultMenu and adding to FXGLMainMenuDummyScene
19:38:09.663 [JavaFX Application Thread] DEBUG PrimaryStageWindow   - FXGLMainMenuDummyScene <- FXGLDefaultMenu
19:38:09.664 [JavaFX Application Thread] DEBUG Input                - Clearing active input actions
19:38:09.670 [JavaFX Application Thread] DEBUG GameApplicationServi - Removing overlay from FXGLMainMenuDummyScene and adding to FXGLLoadingScene
19:38:09.671 [JavaFX Application Thread] DEBUG PrimaryStageWindow   - FXGLMainMenuDummyScene -> FXGLLoadingScene
19:38:09.671 [JavaFX Application Thread] DEBUG GameApplicationServi - Clearing previous game
19:38:09.671 [JavaFX Application Thread] DEBUG GameScene            - Clearing game scene
19:38:09.671 [JavaFX Application Thread] DEBUG GameWorld            - Clearing game world
19:38:09.671 [JavaFX Application Thread] DEBUG PhysicsWorld         - Clearing physics world
19:38:09.673 [FXGL Background Thread 2 ] DEBUG FXGLApplication      - Initializing game
19:38:09.771 [FXGL Background Thread 2 ] WARN  TMXLevelLoader       - TiledMap generated from 1.10.2. Supported version: 1.2.3. Some features may not be parsed fully.
19:38:09.779 [FXGL Background Thread 2 ] DEBUG TMXLevelLoader       - Parsed TiledMap: file:/C:/Users/mbour/OneDrive/Bureau/Zelda%20TOTK%20WINRAR/zeldaPuzzle/target/classes/assets/levels/StartingMap.tmx
19:38:09.780 [FXGL Background Thread 2 ] DEBUG TMXLevelLoader       - Creating tile layer entities
19:38:09.782 [FXGL Background Thread 2 ] DEBUG TilesetLoader        - Loading view for layer Calque de Tuiles 1
19:38:09.783 [FXGL Background Thread 2 ] DEBUG TilesetLoader        - Created buffer with size 960.0x960.0
19:38:09.802 [FXGL Background Thread 2 ] DEBUG TilesetLoader        - Loading view for layer Calque de Tuiles 2
19:38:09.803 [FXGL Background Thread 2 ] DEBUG TilesetLoader        - Created buffer with size 960.0x960.0
19:38:09.811 [FXGL Background Thread 2 ] DEBUG TMXLevelLoader       - Creating object layer entities
19:38:09.812 [FXGL Background Thread 2 ] DEBUG GameWorld            - Clearing removable entities
19:38:09.812 [FXGL Background Thread 2 ] DEBUG GameWorld            - Setting level: com.almasb.fxgl.entity.level.Level@7ba49906
19:38:09.835 [FXGL Background Thread 2 ] WARN  GameWorld            - Entity is already attached to world
19:38:09.909 [FXGL Background Thread 2 ] WARN  GameWorld            - Entity is already attached to world
19:38:09.913 [FXGL Background Thread 2 ] INFO  FXGLApplication      - Game initialization took: 0,240 sec
19:38:09.914 [JavaFX Application Thread] DEBUG Input                - Clearing active input actions
19:38:09.919 [JavaFX Application Thread] DEBUG GameApplicationServi - Removing overlay from FXGLLoadingScene and adding to GameScene
19:38:09.920 [JavaFX Application Thread] DEBUG PrimaryStageWindow   - FXGLLoadingScene -> GameScene
19:38:09.969 [FXGL Background Thread 3 ] DEBUG Engine               - Logging environment variables
19:38:09.969 [FXGL Background Thread 3 ] DEBUG Engine               - achievements: []
19:38:09.969 [FXGL Background Thread 3 ] DEBUG Engine               - actualHeight: 800.0
19:38:09.969 [FXGL Background Thread 3 ] DEBUG Engine               - actualHeightProperty: ReadOnlyDoubleProperty [value: 800.0]
19:38:09.969 [FXGL Background Thread 3 ] DEBUG Engine               - actualWidth: 800.0
19:38:09.970 [FXGL Background Thread 3 ] DEBUG Engine               - actualWidthProperty: ReadOnlyDoubleProperty [value: 800.0]
19:38:09.970 [FXGL Background Thread 3 ] DEBUG Engine               - appIcon: fxgl_icon.png
19:38:09.970 [FXGL Background Thread 3 ] DEBUG Engine               - applicationMode: DEVELOPER
19:38:09.970 [FXGL Background Thread 3 ] DEBUG Engine               - cSSList: [fxgl_dark.css]
19:38:09.970 [FXGL Background Thread 3 ] DEBUG Engine               - collisionDetectionStrategy: BRUTE_FORCE
19:38:09.970 [FXGL Background Thread 3 ] DEBUG Engine               - configClass: Optional.empty
19:38:09.970 [FXGL Background Thread 3 ] DEBUG Engine               - credits: []
19:38:09.970 [FXGL Background Thread 3 ] DEBUG Engine               - defaultCursor: CursorInfo(imageName=fxgl_default_cursor.png, hotspotX=7.0, hotspotY=6.0)
19:38:09.970 [FXGL Background Thread 3 ] DEBUG Engine               - devBBoxColorProperty: ObjectProperty [value: 0xff0000ff]
19:38:09.970 [FXGL Background Thread 3 ] DEBUG Engine               - devEnableDebugCameraProperty: BooleanProperty [value: false]
19:38:09.971 [FXGL Background Thread 3 ] DEBUG Engine               - devSensorColorProperty: ObjectProperty [value: 0xffff00ff]
19:38:09.971 [FXGL Background Thread 3 ] DEBUG Engine               - devShowBBoxProperty: BooleanProperty [value: false]
19:38:09.971 [FXGL Background Thread 3 ] DEBUG Engine               - devShowPositionProperty: BooleanProperty [value: false]
19:38:09.971 [FXGL Background Thread 3 ] DEBUG Engine               - enabledMenuItems: []
19:38:09.971 [FXGL Background Thread 3 ] DEBUG Engine               - engineServices: [class com.almasb.fxgl.app.services.FXGLAssetLoaderService, class com.almasb.fxgl.app.FXGLApplication$GameApplicationService, class com.almasb.fxgl.app.services.FXGLDialogService, class com.almasb.fxgl.app.services.IOTaskExecutorService, class com.almasb.fxgl.io.FileSystemService, class com.almasb.fxgl.localization.LocalizationService, class com.almasb.fxgl.app.services.SystemBundleService, class com.almasb.fxgl.profile.SaveLoadService, class com.almasb.fxgl.ui.FXGLUIFactoryServiceProvider, class com.almasb.fxgl.ui.FXGLDialogFactoryServiceProvider, class com.almasb.fxgl.audio.AudioPlayer, class com.almasb.fxgl.notification.impl.NotificationServiceProvider, class com.almasb.fxgl.achievement.AchievementService, class com.almasb.fxgl.cutscene.CutsceneService, class com.almasb.fxgl.minigames.MiniGameService, class com.almasb.fxgl.net.NetService, class com.almasb.fxgl.app.services.UpdaterService, class com.almasb.fxgl.dev.DevService]
19:38:09.971 [FXGL Background Thread 3 ] DEBUG Engine               - fontGame: Abel-Regular.ttf
19:38:09.971 [FXGL Background Thread 3 ] DEBUG Engine               - fontMono: TerminalLandMono-Regular.otf
19:38:09.971 [FXGL Background Thread 3 ] DEBUG Engine               - fontText: Courier-Prime.ttf
19:38:09.971 [FXGL Background Thread 3 ] DEBUG Engine               - fontUI: VarelaRound-Regular.ttf
19:38:09.971 [FXGL Background Thread 3 ] DEBUG Engine               - fullScreen: BooleanProperty [value: false]
19:38:09.971 [FXGL Background Thread 3 ] DEBUG Engine               - gameDifficulty: MEDIUM
19:38:09.971 [FXGL Background Thread 3 ] DEBUG Engine               - gameDifficultyProperty: ObjectProperty [value: MEDIUM]
19:38:09.971 [FXGL Background Thread 3 ] DEBUG Engine               - globalMusicVolume: 0.5
19:38:09.971 [FXGL Background Thread 3 ] DEBUG Engine               - globalMusicVolumeProperty: DoubleProperty [value: 0.5]
19:38:09.971 [FXGL Background Thread 3 ] DEBUG Engine               - globalSoundVolume: 0.5
19:38:09.971 [FXGL Background Thread 3 ] DEBUG Engine               - globalSoundVolumeProperty: DoubleProperty [value: 0.5]
19:38:09.972 [FXGL Background Thread 3 ] DEBUG Engine               - height: 800
19:38:09.972 [FXGL Background Thread 3 ] DEBUG Engine               - is3D: false
19:38:09.972 [FXGL Background Thread 3 ] DEBUG Engine               - isAndroid: false
19:38:09.972 [FXGL Background Thread 3 ] DEBUG Engine               - isBrowser: false
19:38:09.972 [FXGL Background Thread 3 ] DEBUG Engine               - isClickFeedbackEnabled: false
19:38:09.972 [FXGL Background Thread 3 ] DEBUG Engine               - isCloseConfirmation: false
19:38:09.972 [FXGL Background Thread 3 ] DEBUG Engine               - isDesktop: true
19:38:09.972 [FXGL Background Thread 3 ] DEBUG Engine               - isDeveloperMenuEnabled: true
19:38:09.972 [FXGL Background Thread 3 ] DEBUG Engine               - isEmbedded: false
19:38:09.972 [FXGL Background Thread 3 ] DEBUG Engine               - isEntityPreloadEnabled: true
19:38:09.972 [FXGL Background Thread 3 ] DEBUG Engine               - isExperimentalTiledLargeMap: false
19:38:09.972 [FXGL Background Thread 3 ] DEBUG Engine               - isFileSystemWriteAllowed: true
19:38:09.972 [FXGL Background Thread 3 ] DEBUG Engine               - isFullScreenAllowed: true
19:38:09.972 [FXGL Background Thread 3 ] DEBUG Engine               - isFullScreenFromStart: false
19:38:09.972 [FXGL Background Thread 3 ] DEBUG Engine               - isGameMenuEnabled: true
19:38:09.972 [FXGL Background Thread 3 ] DEBUG Engine               - isIOS: false
19:38:09.972 [FXGL Background Thread 3 ] DEBUG Engine               - isIntroEnabled: false
19:38:09.972 [FXGL Background Thread 3 ] DEBUG Engine               - isLinux: false
19:38:09.972 [FXGL Background Thread 3 ] DEBUG Engine               - isMac: false
19:38:09.973 [FXGL Background Thread 3 ] DEBUG Engine               - isMainMenuEnabled: true
19:38:09.973 [FXGL Background Thread 3 ] DEBUG Engine               - isManualResizeEnabled: false
19:38:09.973 [FXGL Background Thread 3 ] DEBUG Engine               - isMobile: false
19:38:09.973 [FXGL Background Thread 3 ] DEBUG Engine               - isNative: false
19:38:09.973 [FXGL Background Thread 3 ] DEBUG Engine               - isPauseMusicWhenMinimized: true
19:38:09.973 [FXGL Background Thread 3 ] DEBUG Engine               - isPreserveResizeRatio: false
19:38:09.973 [FXGL Background Thread 3 ] DEBUG Engine               - isProfilingEnabled: false
19:38:09.973 [FXGL Background Thread 3 ] DEBUG Engine               - isScaleAffectedOnResize: true
19:38:09.973 [FXGL Background Thread 3 ] DEBUG Engine               - isSingleStep: false
19:38:09.973 [FXGL Background Thread 3 ] DEBUG Engine               - isUserProfileEnabled: false
19:38:09.973 [FXGL Background Thread 3 ] DEBUG Engine               - isWindows: true
19:38:09.973 [FXGL Background Thread 3 ] DEBUG Engine               - language: ObjectProperty [value: ENGLISH]
19:38:09.973 [FXGL Background Thread 3 ] DEBUG Engine               - menuKey: ESCAPE
19:38:09.973 [FXGL Background Thread 3 ] DEBUG Engine               - mouseSensitivity: 0.2
19:38:09.974 [FXGL Background Thread 3 ] DEBUG Engine               - notificationViewClass: class com.almasb.fxgl.notification.view.XboxNotificationView
19:38:09.974 [FXGL Background Thread 3 ] DEBUG Engine               - pixelsPerMeter: 50.0
19:38:09.974 [FXGL Background Thread 3 ] DEBUG Engine               - platform: WINDOWS
19:38:09.974 [FXGL Background Thread 3 ] DEBUG Engine               - prefHeightProperty: ReadOnlyDoubleProperty [value: 800.0]
19:38:09.974 [FXGL Background Thread 3 ] DEBUG Engine               - prefWidthProperty: ReadOnlyDoubleProperty [value: 800.0]
19:38:09.974 [FXGL Background Thread 3 ] DEBUG Engine               - profileDir: profiles/
19:38:09.974 [FXGL Background Thread 3 ] DEBUG Engine               - profileName: StringProperty [value: DEFAULT]
19:38:09.974 [FXGL Background Thread 3 ] DEBUG Engine               - randomSeed: -1
19:38:09.974 [FXGL Background Thread 3 ] DEBUG Engine               - runtimeInfo: RuntimeInfo(platform=WINDOWS, version=17, build=31.12.2021 18.16)
19:38:09.975 [FXGL Background Thread 3 ] DEBUG Engine               - saveFileExt: sav
19:38:09.975 [FXGL Background Thread 3 ] DEBUG Engine               - scaledHeightProp$fxgl: DoubleProperty [bound, value: 800.0]
19:38:09.975 [FXGL Background Thread 3 ] DEBUG Engine               - scaledWidthProp$fxgl: DoubleProperty [bound, value: 800.0]
19:38:09.975 [FXGL Background Thread 3 ] DEBUG Engine               - sceneFactory: com.almasb.fxgl.app.scene.SceneFactory@2a13e927
19:38:09.975 [FXGL Background Thread 3 ] DEBUG Engine               - secondsIn24h: 60
19:38:09.975 [FXGL Background Thread 3 ] DEBUG Engine               - soundMenuBack: menu/back.wav
19:38:09.975 [FXGL Background Thread 3 ] DEBUG Engine               - soundMenuPress: menu/press.wav
19:38:09.975 [FXGL Background Thread 3 ] DEBUG Engine               - soundMenuSelect: menu/select.wav
19:38:09.975 [FXGL Background Thread 3 ] DEBUG Engine               - soundNotification: core/notification.wav
19:38:09.975 [FXGL Background Thread 3 ] DEBUG Engine               - stageStyle: DECORATED
19:38:09.975 [FXGL Background Thread 3 ] DEBUG Engine               - supportedLanguages: [ENGLISH, FRENCH, GERMAN, HUNGARIAN, RUSSIAN]
19:38:09.975 [FXGL Background Thread 3 ] DEBUG Engine               - ticksPerSecond: -1
19:38:09.975 [FXGL Background Thread 3 ] DEBUG Engine               - title: Zelda 2D Game par ماستن
19:38:09.975 [FXGL Background Thread 3 ] DEBUG Engine               - urlGithub: https://github.com/AlmasB/FXGL
19:38:09.975 [FXGL Background Thread 3 ] DEBUG Engine               - urlLeaderboard: http://fxgl-top.herokuapp.com/
19:38:09.975 [FXGL Background Thread 3 ] DEBUG Engine               - urlPOM: https://raw.githubusercontent.com/AlmasB/FXGL/release/README.md
19:38:09.975 [FXGL Background Thread 3 ] DEBUG Engine               - userAppClass: class com.example.zeldapuzzle.MainGameApp
19:38:09.975 [FXGL Background Thread 3 ] DEBUG Engine               - version: 1
19:38:09.975 [FXGL Background Thread 3 ] DEBUG Engine               - versionCheckDays: 7
19:38:09.976 [FXGL Background Thread 3 ] DEBUG Engine               - width: 800
19:38:09.976 [FXGL Background Thread 3 ] DEBUG Engine               - Logging services
19:38:09.976 [FXGL Background Thread 3 ] DEBUG Engine               - class com.almasb.fxgl.app.services.FXGLAssetLoaderService
19:38:09.976 [FXGL Background Thread 3 ] DEBUG Engine               - class com.almasb.fxgl.app.FXGLApplication$GameApplicationService
19:38:09.976 [FXGL Background Thread 3 ] DEBUG Engine               - class com.almasb.fxgl.app.services.FXGLDialogService
19:38:09.976 [FXGL Background Thread 3 ] DEBUG Engine               - class com.almasb.fxgl.app.services.IOTaskExecutorService
19:38:09.976 [FXGL Background Thread 3 ] DEBUG Engine               - class com.almasb.fxgl.io.FileSystemService
19:38:09.976 [FXGL Background Thread 3 ] DEBUG Engine               - class com.almasb.fxgl.localization.LocalizationService
19:38:09.976 [FXGL Background Thread 3 ] DEBUG Engine               - class com.almasb.fxgl.app.services.SystemBundleService
19:38:09.976 [FXGL Background Thread 3 ] DEBUG Engine               - class com.almasb.fxgl.profile.SaveLoadService
19:38:09.976 [FXGL Background Thread 3 ] DEBUG Engine               - class com.almasb.fxgl.ui.FXGLUIFactoryServiceProvider
19:38:09.976 [FXGL Background Thread 3 ] DEBUG Engine               - class com.almasb.fxgl.ui.FXGLDialogFactoryServiceProvider
19:38:09.976 [FXGL Background Thread 3 ] DEBUG Engine               - class com.almasb.fxgl.audio.AudioPlayer
19:38:09.976 [FXGL Background Thread 3 ] DEBUG Engine               - class com.almasb.fxgl.notification.impl.NotificationServiceProvider
19:38:09.976 [FXGL Background Thread 3 ] DEBUG Engine               - class com.almasb.fxgl.achievement.AchievementService
19:38:09.976 [FXGL Background Thread 3 ] DEBUG Engine               - class com.almasb.fxgl.cutscene.CutsceneService
19:38:09.977 [FXGL Background Thread 3 ] DEBUG Engine               - class com.almasb.fxgl.minigames.MiniGameService
19:38:09.977 [FXGL Background Thread 3 ] DEBUG Engine               - class com.almasb.fxgl.net.NetService
19:38:09.977 [FXGL Background Thread 3 ] DEBUG Engine               - class com.almasb.fxgl.app.services.UpdaterService
19:38:09.977 [FXGL Background Thread 3 ] DEBUG Engine               - class com.almasb.fxgl.dev.DevService
19:38:54.883 [JavaFX Application Thread] DEBUG FXGLApplication      - Exiting FXGL
19:38:54.883 [JavaFX Application Thread] DEBUG LoopRunner           - Stopping loop
19:38:54.883 [JavaFX Application Thread] DEBUG SystemBundleService  - Saving FXGL system data
19:38:54.886 [JavaFX Application Thread] DEBUG FileSystemAccess     - Writing to: C:\Users\mbour\OneDrive\Bureau\Zelda TOTK WINRAR\zeldaPuzzle\system\fxgl.bundle
19:38:54.888 [JavaFX Application Thread] DEBUG Async                - Shutting down background threads
19:38:54.889 [JavaFX Application Thread] DEBUG PrimaryStageWindow   - Closing main window
19:38:54.906 [JavaFX Application Thread] DEBUG Logger               - Closing Logger
