21:13:24.453 [main                     ] DEBUG Logger               - Configured Logger
21:13:24.468 [main                     ] DEBUG GameApplication      - Logging settings
Title: Zelda 2D Game par ماستن
Version: 1
Width: 800
Height: 800
Fullscreen: true
Intro: false
Profiling: false
Single step:false
App Mode: DEVELOPER
Menu Key: ESCAPE
Stage Style: DECORATED
Scene Factory: class com.almasb.fxgl.app.scene.SceneFactory

21:13:24.531 [JavaFX Application Thread] DEBUG FXGLApplication      - Initializing FXGL
21:13:24.534 [JavaFX Application Thread] INFO  Engine               - FXGL-17 (31.12.2021 18.16) on WINDOWS (J:21.0.2 FX:19)
21:13:24.534 [JavaFX Application Thread] DEBUG Engine               - JRE Vendor Name: Oracle Corporation
21:13:24.535 [JavaFX Application Thread] DEBUG Engine               - Running on OS: Windows 11 version 10.0
21:13:24.535 [JavaFX Application Thread] DEBUG Engine               - Architecture: amd64
21:13:24.535 [JavaFX Application Thread] INFO  Engine               - Source code and latest versions at: https://github.com/AlmasB/FXGL
21:13:24.535 [JavaFX Application Thread] INFO  Engine               -       Ask questions and discuss at: https://github.com/AlmasB/FXGL/discussions
21:13:24.535 [JavaFX Application Thread] INFO  Engine               -              Join the FXGL chat at: https://gitter.im/AlmasB/FXGL
21:13:24.582 [JavaFX Application Thread] DEBUG PrimaryStageWindow   - Creating a JavaFX scene
21:13:24.617 [JavaFX Application Thread] DEBUG PrimaryStageWindow   - Target settings size: 800.0 x 800.0
21:13:24.617 [JavaFX Application Thread] DEBUG PrimaryStageWindow   - Scaled scene size:    800.0 x 800.0
21:13:24.617 [JavaFX Application Thread] DEBUG PrimaryStageWindow   - Scaled ratio: (1.0, 1.0)
21:13:24.618 [JavaFX Application Thread] DEBUG PrimaryStageWindow   - Set initial scene to FXGLStartupScene
21:13:24.621 [JavaFX Application Thread] DEBUG PrimaryStageWindow   - Opening main window
21:13:24.684 [JavaFX Application Thread] DEBUG PrimaryStageWindow   - Window border size: (16.0, 39.0)
21:13:24.685 [JavaFX Application Thread] DEBUG PrimaryStageWindow   - Scaled size: 800.0 x 800.0
21:13:24.685 [JavaFX Application Thread] DEBUG PrimaryStageWindow   - Scaled ratio: (1.0, 1.0)
21:13:24.685 [JavaFX Application Thread] DEBUG PrimaryStageWindow   - Scene size: 800.0 x 800.0
21:13:24.685 [JavaFX Application Thread] DEBUG PrimaryStageWindow   - Stage size: 816.0 x 839.0
21:13:24.692 [FXGL Background Thread 1 ] DEBUG Engine               - Initializing environment variables
21:13:24.738 [FXGL Background Thread 1 ] DEBUG FXGLAssetLoaderServi - User app class for loading assets: class com.example.zeldapuzzle.MainGameApp
21:13:24.739 [FXGL Background Thread 1 ] DEBUG GameApplicationServi - Applying CSS: fxgl_dark.css
21:13:24.740 [FXGL Background Thread 1 ] DEBUG FXGLAssetLoaderServi - Loading from file system: jar:file:///C:/Users/User/.m2/repository/com/github/almasb/fxgl/17/fxgl-17.jar!/fxglassets/ui/css/fxgl_dark.css
21:13:24.776 [FXGL Background Thread 1 ] DEBUG GameApplicationServi - Initializing application scenes
21:13:24.808 [FXGL Background Thread 1 ] DEBUG GameWorld            - Game world initialized
21:13:24.848 [FXGL Background Thread 1 ] DEBUG PhysicsWorld         - Physics world initialized: appHeight=800, physics.ppm=50.0
21:13:24.848 [FXGL Background Thread 1 ] DEBUG PhysicsWorld         - Using strategy: BRUTE_FORCE
21:13:24.852 [FXGL Background Thread 1 ] DEBUG GameScene            - Game scene initialized: 800x800
21:13:24.861 [FXGL Background Thread 1 ] DEBUG FXGL.DefaultMenu     - createMenuBodyMainMenu()
21:13:24.871 [FXGL Background Thread 1 ] DEBUG FXGL.DefaultMenu     - createOptionsMenu()
21:13:24.877 [FXGL Background Thread 1 ] DEBUG FXGLAssetLoaderServi - Loading from file system: jar:file:///C:/Users/User/.m2/repository/com/github/almasb/fxgl/17/fxgl-17.jar!/fxglassets/textures/particles/smoke.png
21:13:24.928 [FXGL Background Thread 1 ] DEBUG FXGLAssetLoaderServi - Loading from file system: jar:file:///C:/Users/User/.m2/repository/com/github/almasb/fxgl/17/fxgl-17.jar!/fxglassets/textures/particles/trace_horizontal.png
21:13:24.940 [FXGL Background Thread 1 ] DEBUG FXGL.DefaultMenu     - createMenuBodyGameMenu()
21:13:24.941 [FXGL Background Thread 1 ] DEBUG FXGL.DefaultMenu     - createOptionsMenu()
21:13:24.950 [FXGL Background Thread 1 ] DEBUG GameApplicationServi - Application scenes initialized
21:13:24.961 [FXGL Background Thread 1 ] DEBUG SystemBundleService  - Loading FXGL system data
21:13:24.966 [FXGL Background Thread 1 ] DEBUG FileSystemAccess     - Reading from: C:\Users\User\zeldaPuzzle\system\fxgl.bundle
21:13:24.978 [FXGL Background Thread 1 ] DEBUG SystemBundleService  - Bundle FXGL: {}
21:13:24.978 [FXGL Background Thread 1 ] DEBUG UpdaterService       - Checking for updates
21:13:25.010 [FXGL Background Thread 4 ] DEBUG FXGLApplication      - Loading fonts
21:13:25.010 [FXGL Background Thread 1 ] DEBUG FXGLApplication      - Loading default localization
21:13:25.011 [FXGL Background Thread 4 ] DEBUG FXGLAssetLoaderServi - Loading from file system: jar:file:///C:/Users/User/.m2/repository/com/github/almasb/fxgl/17/fxgl-17.jar!/fxglassets/ui/fonts/VarelaRound-Regular.ttf
21:13:25.011 [FXGL Background Thread 1 ] DEBUG FXGLAssetLoaderServi - Loading from file system: jar:file:///C:/Users/User/.m2/repository/com/github/almasb/fxgl/17/fxgl-17.jar!/fxglassets/languages/english.lang
21:13:25.033 [FXGL Background Thread 1 ] INFO  FXGLApplication      - FXGL initialization took: 0.341 sec
21:13:25.041 [JavaFX Application Thread] DEBUG Input                - Registered new binding: inventaire - Tab
21:13:25.042 [JavaFX Application Thread] DEBUG Input                - Registered new binding: getPosition - P
21:13:25.042 [JavaFX Application Thread] DEBUG Input                - Registered new binding: zoom+ - Up
21:13:25.042 [JavaFX Application Thread] DEBUG Input                - Registered new binding: zoom- - Down
21:13:25.042 [JavaFX Application Thread] DEBUG Input                - Registered new binding: resetZoom - 0
21:13:25.042 [JavaFX Application Thread] DEBUG Input                - Registered new binding: Move right - D
21:13:25.043 [JavaFX Application Thread] DEBUG Input                - Registered new binding: Move left - A
21:13:25.043 [JavaFX Application Thread] DEBUG Input                - Registered new binding: Move Up - W
21:13:25.043 [JavaFX Application Thread] DEBUG Input                - Registered new binding: Move Down - S
21:13:25.043 [JavaFX Application Thread] DEBUG FXGLAssetLoaderServi - Loading from file system: jar:file:///C:/Users/User/.m2/repository/com/github/almasb/fxgl/17/fxgl-17.jar!/fxglassets/textures/fxgl_icon.png
21:13:25.047 [FXGL Background Thread 4 ] DEBUG FXGLAssetLoaderServi - Loading from file system: jar:file:///C:/Users/User/.m2/repository/com/github/almasb/fxgl/17/fxgl-17.jar!/fxglassets/ui/fonts/Abel-Regular.ttf
21:13:25.053 [JavaFX Application Thread] DEBUG FXGLAssetLoaderServi - Loading from file system: jar:file:///C:/Users/User/.m2/repository/com/github/almasb/fxgl/17/fxgl-17.jar!/fxglassets/textures/fxgl_default_cursor.png
21:13:25.054 [JavaFX Application Thread] DEBUG Input                - Registered new binding: Screenshot - CTRL+8
21:13:25.055 [JavaFX Application Thread] DEBUG Input                - Registered new binding: Dev Options - 1
21:13:25.055 [JavaFX Application Thread] DEBUG Input                - Registered new binding: Dev Console - 2
21:13:25.055 [JavaFX Application Thread] DEBUG Input                - Registered new binding: System info dump - CTRL+9
21:13:25.056 [JavaFX Application Thread] DEBUG Input                - Registered new binding: Restart - CTRL+R
21:13:25.056 [JavaFX Application Thread] DEBUG Input                - Registered new binding: Toggle Debug Camera - CTRL+7
21:13:25.057 [FXGL Background Thread 4 ] DEBUG FXGLAssetLoaderServi - Loading from file system: jar:file:///C:/Users/User/.m2/repository/com/github/almasb/fxgl/17/fxgl-17.jar!/fxglassets/ui/fonts/TerminalLandMono-Regular.otf
21:13:25.059 [JavaFX Application Thread] DEBUG LoopRunner           - Starting loop
21:13:25.067 [FXGL Background Thread 4 ] DEBUG FXGLAssetLoaderServi - Loading from file system: jar:file:///C:/Users/User/.m2/repository/com/github/almasb/fxgl/17/fxgl-17.jar!/fxglassets/ui/fonts/Courier-Prime.ttf
21:13:25.073 [JavaFX Application Thread] DEBUG LoopRunner           - Initializing JavaFX AnimationTimerLoop
21:13:25.075 [JavaFX Application Thread] DEBUG Input                - Clearing active input actions
21:13:25.084 [JavaFX Application Thread] DEBUG GameApplicationServi - Removing overlay from FXGLStartupScene and adding to FXGLMainMenuDummyScene
21:13:25.089 [JavaFX Application Thread] DEBUG PrimaryStageWindow   - FXGLStartupScene -> FXGLMainMenuDummyScene
21:13:25.089 [JavaFX Application Thread] DEBUG PrimaryStageWindow   - Push state: FXGLDefaultMenu
21:13:25.091 [JavaFX Application Thread] DEBUG Input                - Clearing active input actions
21:13:25.098 [JavaFX Application Thread] DEBUG GameApplicationServi - Removing overlay from FXGLMainMenuDummyScene and adding to FXGLDefaultMenu
21:13:25.099 [JavaFX Application Thread] DEBUG PrimaryStageWindow   - FXGLMainMenuDummyScene -> FXGLDefaultMenu
21:13:25.226 [JavaFX Application Thread] DEBUG FXGLApplication      - Registering font factories with UI factory
21:13:25.377 [FXGL Background Thread 2 ] INFO  UpdaterService       - Your current version:  17
21:13:25.377 [FXGL Background Thread 2 ] INFO  UpdaterService       - Latest stable version: 21.1
21:13:25.926 [JavaFX Application Thread] DEBUG Menu                 - fireNewGame()
21:13:25.926 [JavaFX Application Thread] DEBUG GameApplicationServi - Starting new game
21:13:25.927 [JavaFX Application Thread] DEBUG PrimaryStageWindow   - Pop state: FXGLDefaultMenu
21:13:25.927 [JavaFX Application Thread] DEBUG Input                - Clearing active input actions
21:13:25.928 [JavaFX Application Thread] DEBUG GameApplicationServi - Removing overlay from FXGLDefaultMenu and adding to FXGLMainMenuDummyScene
21:13:25.930 [JavaFX Application Thread] DEBUG PrimaryStageWindow   - FXGLMainMenuDummyScene <- FXGLDefaultMenu
21:13:25.930 [JavaFX Application Thread] DEBUG Input                - Clearing active input actions
21:13:25.934 [JavaFX Application Thread] DEBUG GameApplicationServi - Removing overlay from FXGLMainMenuDummyScene and adding to FXGLLoadingScene
21:13:25.935 [JavaFX Application Thread] DEBUG PrimaryStageWindow   - FXGLMainMenuDummyScene -> FXGLLoadingScene
21:13:25.935 [JavaFX Application Thread] DEBUG GameApplicationServi - Clearing previous game
21:13:25.935 [JavaFX Application Thread] DEBUG GameScene            - Clearing game scene
21:13:25.936 [JavaFX Application Thread] DEBUG GameWorld            - Clearing game world
21:13:25.936 [JavaFX Application Thread] DEBUG PhysicsWorld         - Clearing physics world
21:13:25.937 [FXGL Background Thread 2 ] DEBUG FXGLApplication      - Initializing game
21:13:25.975 [FXGL Background Thread 2 ] WARN  TMXLevelLoader       - TiledMap generated from 1.10.2. Supported version: 1.2.3. Some features may not be parsed fully.
21:13:25.980 [FXGL Background Thread 2 ] DEBUG TMXLevelLoader       - Parsed TiledMap: file:/C:/Users/User/zeldaPuzzle/target/classes/assets/levels/StartingMap.tmx
21:13:25.981 [FXGL Background Thread 2 ] DEBUG TMXLevelLoader       - Creating tile layer entities
21:13:25.983 [FXGL Background Thread 2 ] DEBUG TilesetLoader        - Loading view for layer Calque de Tuiles 1
21:13:25.984 [FXGL Background Thread 2 ] DEBUG TilesetLoader        - Created buffer with size 960.0x960.0
21:13:25.995 [FXGL Background Thread 2 ] DEBUG TilesetLoader        - Loading view for layer Calque de Tuiles 2
21:13:25.997 [FXGL Background Thread 2 ] DEBUG TilesetLoader        - Created buffer with size 960.0x960.0
21:13:26.003 [FXGL Background Thread 2 ] DEBUG TMXLevelLoader       - Creating object layer entities
21:13:26.004 [FXGL Background Thread 2 ] DEBUG GameWorld            - Clearing removable entities
21:13:26.005 [FXGL Background Thread 2 ] DEBUG GameWorld            - Setting level: com.almasb.fxgl.entity.level.Level@79d4f75a
21:13:26.027 [FXGL Background Thread 2 ] WARN  GameWorld            - Entity is already attached to world
21:13:26.067 [FXGL Background Thread 2 ] WARN  GameWorld            - Entity is already attached to world
21:13:26.069 [FXGL Background Thread 2 ] WARN  GameWorld            - Entity is already attached to world
21:13:26.072 [FXGL Background Thread 2 ] INFO  FXGLApplication      - Game initialization took: 0.134 sec
21:13:26.072 [JavaFX Application Thread] DEBUG Input                - Clearing active input actions
21:13:26.076 [JavaFX Application Thread] DEBUG GameApplicationServi - Removing overlay from FXGLLoadingScene and adding to GameScene
21:13:26.077 [JavaFX Application Thread] DEBUG PrimaryStageWindow   - FXGLLoadingScene -> GameScene
21:13:28.010 [FXGL Background Thread 3 ] DEBUG Engine               - Logging environment variables
21:13:28.010 [FXGL Background Thread 3 ] DEBUG Engine               - achievements: []
21:13:28.010 [FXGL Background Thread 3 ] DEBUG Engine               - actualHeight: 800.0
21:13:28.010 [FXGL Background Thread 3 ] DEBUG Engine               - actualHeightProperty: ReadOnlyDoubleProperty [value: 800.0]
21:13:28.010 [FXGL Background Thread 3 ] DEBUG Engine               - actualWidth: 800.0
21:13:28.010 [FXGL Background Thread 3 ] DEBUG Engine               - actualWidthProperty: ReadOnlyDoubleProperty [value: 800.0]
21:13:28.010 [FXGL Background Thread 3 ] DEBUG Engine               - appIcon: fxgl_icon.png
21:13:28.010 [FXGL Background Thread 3 ] DEBUG Engine               - applicationMode: DEVELOPER
21:13:28.010 [FXGL Background Thread 3 ] DEBUG Engine               - cSSList: [fxgl_dark.css]
21:13:28.010 [FXGL Background Thread 3 ] DEBUG Engine               - collisionDetectionStrategy: BRUTE_FORCE
21:13:28.010 [FXGL Background Thread 3 ] DEBUG Engine               - configClass: Optional.empty
21:13:28.010 [FXGL Background Thread 3 ] DEBUG Engine               - credits: []
21:13:28.011 [FXGL Background Thread 3 ] DEBUG Engine               - defaultCursor: CursorInfo(imageName=fxgl_default_cursor.png, hotspotX=7.0, hotspotY=6.0)
21:13:28.011 [FXGL Background Thread 3 ] DEBUG Engine               - devBBoxColorProperty: ObjectProperty [value: 0xff0000ff]
21:13:28.011 [FXGL Background Thread 3 ] DEBUG Engine               - devEnableDebugCameraProperty: BooleanProperty [value: false]
21:13:28.011 [FXGL Background Thread 3 ] DEBUG Engine               - devSensorColorProperty: ObjectProperty [value: 0xffff00ff]
21:13:28.011 [FXGL Background Thread 3 ] DEBUG Engine               - devShowBBoxProperty: BooleanProperty [value: false]
21:13:28.011 [FXGL Background Thread 3 ] DEBUG Engine               - devShowPositionProperty: BooleanProperty [value: false]
21:13:28.011 [FXGL Background Thread 3 ] DEBUG Engine               - enabledMenuItems: []
21:13:28.011 [FXGL Background Thread 3 ] DEBUG Engine               - engineServices: [class com.almasb.fxgl.app.services.FXGLAssetLoaderService, class com.almasb.fxgl.app.FXGLApplication$GameApplicationService, class com.almasb.fxgl.app.services.FXGLDialogService, class com.almasb.fxgl.app.services.IOTaskExecutorService, class com.almasb.fxgl.io.FileSystemService, class com.almasb.fxgl.localization.LocalizationService, class com.almasb.fxgl.app.services.SystemBundleService, class com.almasb.fxgl.profile.SaveLoadService, class com.almasb.fxgl.ui.FXGLUIFactoryServiceProvider, class com.almasb.fxgl.ui.FXGLDialogFactoryServiceProvider, class com.almasb.fxgl.audio.AudioPlayer, class com.almasb.fxgl.notification.impl.NotificationServiceProvider, class com.almasb.fxgl.achievement.AchievementService, class com.almasb.fxgl.cutscene.CutsceneService, class com.almasb.fxgl.minigames.MiniGameService, class com.almasb.fxgl.net.NetService, class com.almasb.fxgl.app.services.UpdaterService, class com.almasb.fxgl.dev.DevService]
21:13:28.011 [FXGL Background Thread 3 ] DEBUG Engine               - fontGame: Abel-Regular.ttf
21:13:28.011 [FXGL Background Thread 3 ] DEBUG Engine               - fontMono: TerminalLandMono-Regular.otf
21:13:28.011 [FXGL Background Thread 3 ] DEBUG Engine               - fontText: Courier-Prime.ttf
21:13:28.011 [FXGL Background Thread 3 ] DEBUG Engine               - fontUI: VarelaRound-Regular.ttf
21:13:28.011 [FXGL Background Thread 3 ] DEBUG Engine               - fullScreen: BooleanProperty [value: false]
21:13:28.011 [FXGL Background Thread 3 ] DEBUG Engine               - gameDifficulty: MEDIUM
21:13:28.011 [FXGL Background Thread 3 ] DEBUG Engine               - gameDifficultyProperty: ObjectProperty [value: MEDIUM]
21:13:28.011 [FXGL Background Thread 3 ] DEBUG Engine               - globalMusicVolume: 0.5
21:13:28.011 [FXGL Background Thread 3 ] DEBUG Engine               - globalMusicVolumeProperty: DoubleProperty [value: 0.5]
21:13:28.011 [FXGL Background Thread 3 ] DEBUG Engine               - globalSoundVolume: 0.5
21:13:28.012 [FXGL Background Thread 3 ] DEBUG Engine               - globalSoundVolumeProperty: DoubleProperty [value: 0.5]
21:13:28.012 [FXGL Background Thread 3 ] DEBUG Engine               - height: 800
21:13:28.012 [FXGL Background Thread 3 ] DEBUG Engine               - is3D: false
21:13:28.012 [FXGL Background Thread 3 ] DEBUG Engine               - isAndroid: false
21:13:28.012 [FXGL Background Thread 3 ] DEBUG Engine               - isBrowser: false
21:13:28.012 [FXGL Background Thread 3 ] DEBUG Engine               - isClickFeedbackEnabled: false
21:13:28.012 [FXGL Background Thread 3 ] DEBUG Engine               - isCloseConfirmation: false
21:13:28.012 [FXGL Background Thread 3 ] DEBUG Engine               - isDesktop: true
21:13:28.012 [FXGL Background Thread 3 ] DEBUG Engine               - isDeveloperMenuEnabled: true
21:13:28.012 [FXGL Background Thread 3 ] DEBUG Engine               - isEmbedded: false
21:13:28.012 [FXGL Background Thread 3 ] DEBUG Engine               - isEntityPreloadEnabled: true
21:13:28.012 [FXGL Background Thread 3 ] DEBUG Engine               - isExperimentalTiledLargeMap: false
21:13:28.012 [FXGL Background Thread 3 ] DEBUG Engine               - isFileSystemWriteAllowed: true
21:13:28.012 [FXGL Background Thread 3 ] DEBUG Engine               - isFullScreenAllowed: true
21:13:28.012 [FXGL Background Thread 3 ] DEBUG Engine               - isFullScreenFromStart: false
21:13:28.012 [FXGL Background Thread 3 ] DEBUG Engine               - isGameMenuEnabled: true
21:13:28.012 [FXGL Background Thread 3 ] DEBUG Engine               - isIOS: false
21:13:28.012 [FXGL Background Thread 3 ] DEBUG Engine               - isIntroEnabled: false
21:13:28.013 [FXGL Background Thread 3 ] DEBUG Engine               - isLinux: false
21:13:28.013 [FXGL Background Thread 3 ] DEBUG Engine               - isMac: false
21:13:28.013 [FXGL Background Thread 3 ] DEBUG Engine               - isMainMenuEnabled: true
21:13:28.013 [FXGL Background Thread 3 ] DEBUG Engine               - isManualResizeEnabled: false
21:13:28.013 [FXGL Background Thread 3 ] DEBUG Engine               - isMobile: false
21:13:28.013 [FXGL Background Thread 3 ] DEBUG Engine               - isNative: false
21:13:28.013 [FXGL Background Thread 3 ] DEBUG Engine               - isPauseMusicWhenMinimized: true
21:13:28.013 [FXGL Background Thread 3 ] DEBUG Engine               - isPreserveResizeRatio: false
21:13:28.013 [FXGL Background Thread 3 ] DEBUG Engine               - isProfilingEnabled: false
21:13:28.013 [FXGL Background Thread 3 ] DEBUG Engine               - isScaleAffectedOnResize: true
21:13:28.013 [FXGL Background Thread 3 ] DEBUG Engine               - isSingleStep: false
21:13:28.013 [FXGL Background Thread 3 ] DEBUG Engine               - isUserProfileEnabled: false
21:13:28.013 [FXGL Background Thread 3 ] DEBUG Engine               - isWindows: true
21:13:28.013 [FXGL Background Thread 3 ] DEBUG Engine               - language: ObjectProperty [value: ENGLISH]
21:13:28.013 [FXGL Background Thread 3 ] DEBUG Engine               - menuKey: ESCAPE
21:13:28.013 [FXGL Background Thread 3 ] DEBUG Engine               - mouseSensitivity: 0.2
21:13:28.013 [FXGL Background Thread 3 ] DEBUG Engine               - notificationViewClass: class com.almasb.fxgl.notification.view.XboxNotificationView
21:13:28.013 [FXGL Background Thread 3 ] DEBUG Engine               - pixelsPerMeter: 50.0
21:13:28.013 [FXGL Background Thread 3 ] DEBUG Engine               - platform: WINDOWS
21:13:28.013 [FXGL Background Thread 3 ] DEBUG Engine               - prefHeightProperty: ReadOnlyDoubleProperty [value: 800.0]
21:13:28.013 [FXGL Background Thread 3 ] DEBUG Engine               - prefWidthProperty: ReadOnlyDoubleProperty [value: 800.0]
21:13:28.013 [FXGL Background Thread 3 ] DEBUG Engine               - profileDir: profiles/
21:13:28.013 [FXGL Background Thread 3 ] DEBUG Engine               - profileName: StringProperty [value: DEFAULT]
21:13:28.013 [FXGL Background Thread 3 ] DEBUG Engine               - randomSeed: -1
21:13:28.014 [FXGL Background Thread 3 ] DEBUG Engine               - runtimeInfo: RuntimeInfo(platform=WINDOWS, version=17, build=31.12.2021 18.16)
21:13:28.014 [FXGL Background Thread 3 ] DEBUG Engine               - saveFileExt: sav
21:13:28.014 [FXGL Background Thread 3 ] DEBUG Engine               - scaledHeightProp$fxgl: DoubleProperty [bound, value: 800.0]
21:13:28.014 [FXGL Background Thread 3 ] DEBUG Engine               - scaledWidthProp$fxgl: DoubleProperty [bound, value: 800.0]
21:13:28.014 [FXGL Background Thread 3 ] DEBUG Engine               - sceneFactory: com.almasb.fxgl.app.scene.SceneFactory@4c1d4b5b
21:13:28.014 [FXGL Background Thread 3 ] DEBUG Engine               - secondsIn24h: 60
21:13:28.014 [FXGL Background Thread 3 ] DEBUG Engine               - soundMenuBack: menu/back.wav
21:13:28.014 [FXGL Background Thread 3 ] DEBUG Engine               - soundMenuPress: menu/press.wav
21:13:28.014 [FXGL Background Thread 3 ] DEBUG Engine               - soundMenuSelect: menu/select.wav
21:13:28.014 [FXGL Background Thread 3 ] DEBUG Engine               - soundNotification: core/notification.wav
21:13:28.014 [FXGL Background Thread 3 ] DEBUG Engine               - stageStyle: DECORATED
21:13:28.014 [FXGL Background Thread 3 ] DEBUG Engine               - supportedLanguages: [ENGLISH, FRENCH, GERMAN, HUNGARIAN, RUSSIAN]
21:13:28.014 [FXGL Background Thread 3 ] DEBUG Engine               - ticksPerSecond: -1
21:13:28.014 [FXGL Background Thread 3 ] DEBUG Engine               - title: Zelda 2D Game par ماستن
21:13:28.014 [FXGL Background Thread 3 ] DEBUG Engine               - urlGithub: https://github.com/AlmasB/FXGL
21:13:28.014 [FXGL Background Thread 3 ] DEBUG Engine               - urlLeaderboard: http://fxgl-top.herokuapp.com/
21:13:28.014 [FXGL Background Thread 3 ] DEBUG Engine               - urlPOM: https://raw.githubusercontent.com/AlmasB/FXGL/release/README.md
21:13:28.014 [FXGL Background Thread 3 ] DEBUG Engine               - userAppClass: class com.example.zeldapuzzle.MainGameApp
21:13:28.014 [FXGL Background Thread 3 ] DEBUG Engine               - version: 1
21:13:28.014 [FXGL Background Thread 3 ] DEBUG Engine               - versionCheckDays: 7
21:13:28.014 [FXGL Background Thread 3 ] DEBUG Engine               - width: 800
21:13:28.014 [FXGL Background Thread 3 ] DEBUG Engine               - Logging services
21:13:28.014 [FXGL Background Thread 3 ] DEBUG Engine               - class com.almasb.fxgl.app.services.FXGLAssetLoaderService
21:13:28.014 [FXGL Background Thread 3 ] DEBUG Engine               - class com.almasb.fxgl.app.FXGLApplication$GameApplicationService
21:13:28.015 [FXGL Background Thread 3 ] DEBUG Engine               - class com.almasb.fxgl.app.services.FXGLDialogService
21:13:28.015 [FXGL Background Thread 3 ] DEBUG Engine               - class com.almasb.fxgl.app.services.IOTaskExecutorService
21:13:28.015 [FXGL Background Thread 3 ] DEBUG Engine               - class com.almasb.fxgl.io.FileSystemService
21:13:28.015 [FXGL Background Thread 3 ] DEBUG Engine               - class com.almasb.fxgl.localization.LocalizationService
21:13:28.015 [FXGL Background Thread 3 ] DEBUG Engine               - class com.almasb.fxgl.app.services.SystemBundleService
21:13:28.015 [FXGL Background Thread 3 ] DEBUG Engine               - class com.almasb.fxgl.profile.SaveLoadService
21:13:28.015 [FXGL Background Thread 3 ] DEBUG Engine               - class com.almasb.fxgl.ui.FXGLUIFactoryServiceProvider
21:13:28.015 [FXGL Background Thread 3 ] DEBUG Engine               - class com.almasb.fxgl.ui.FXGLDialogFactoryServiceProvider
21:13:28.015 [FXGL Background Thread 3 ] DEBUG Engine               - class com.almasb.fxgl.audio.AudioPlayer
21:13:28.015 [FXGL Background Thread 3 ] DEBUG Engine               - class com.almasb.fxgl.notification.impl.NotificationServiceProvider
21:13:28.015 [FXGL Background Thread 3 ] DEBUG Engine               - class com.almasb.fxgl.achievement.AchievementService
21:13:28.015 [FXGL Background Thread 3 ] DEBUG Engine               - class com.almasb.fxgl.cutscene.CutsceneService
21:13:28.015 [FXGL Background Thread 3 ] DEBUG Engine               - class com.almasb.fxgl.minigames.MiniGameService
21:13:28.015 [FXGL Background Thread 3 ] DEBUG Engine               - class com.almasb.fxgl.net.NetService
21:13:28.015 [FXGL Background Thread 3 ] DEBUG Engine               - class com.almasb.fxgl.app.services.UpdaterService
21:13:28.015 [FXGL Background Thread 3 ] DEBUG Engine               - class com.almasb.fxgl.dev.DevService
21:13:29.679 [JavaFX Application Thread] WARN  TMXLevelLoader       - TiledMap generated from 1.10.2. Supported version: 1.2.3. Some features may not be parsed fully.
21:13:29.697 [JavaFX Application Thread] DEBUG TMXLevelLoader       - Parsed TiledMap: file:/C:/Users/User/zeldaPuzzle/target/classes/assets/levels/donjonPasFini.tmx
21:13:29.697 [JavaFX Application Thread] DEBUG TMXLevelLoader       - Creating tile layer entities
21:13:29.698 [JavaFX Application Thread] DEBUG TilesetLoader        - Loading view for layer Calque de Tuiles 2
21:13:29.700 [JavaFX Application Thread] DEBUG TilesetLoader        - Created buffer with size 3200.0x960.0
21:13:29.717 [JavaFX Application Thread] WARN  TilesetLoader        - Diagonally flipped tiles are not currently supported
21:13:29.718 [JavaFX Application Thread] WARN  TilesetLoader        - Diagonally flipped tiles are not currently supported
21:13:29.718 [JavaFX Application Thread] WARN  TilesetLoader        - Diagonally flipped tiles are not currently supported
21:13:29.718 [JavaFX Application Thread] WARN  TilesetLoader        - Diagonally flipped tiles are not currently supported
21:13:29.718 [JavaFX Application Thread] WARN  TilesetLoader        - Diagonally flipped tiles are not currently supported
21:13:29.718 [JavaFX Application Thread] WARN  TilesetLoader        - Diagonally flipped tiles are not currently supported
21:13:29.718 [JavaFX Application Thread] WARN  TilesetLoader        - Diagonally flipped tiles are not currently supported
21:13:29.718 [JavaFX Application Thread] WARN  TilesetLoader        - Diagonally flipped tiles are not currently supported
21:13:29.719 [JavaFX Application Thread] WARN  TilesetLoader        - Diagonally flipped tiles are not currently supported
21:13:29.719 [JavaFX Application Thread] WARN  TilesetLoader        - Diagonally flipped tiles are not currently supported
21:13:29.719 [JavaFX Application Thread] DEBUG TilesetLoader        - Loading view for layer background
21:13:29.723 [JavaFX Application Thread] DEBUG TilesetLoader        - Created buffer with size 3200.0x960.0
21:13:29.734 [JavaFX Application Thread] DEBUG TilesetLoader        - Loading view for layer Calque de Tuiles 3
21:13:29.740 [JavaFX Application Thread] DEBUG TilesetLoader        - Created buffer with size 3200.0x960.0
21:13:29.742 [JavaFX Application Thread] DEBUG TilesetLoader        - Loading view for layer Calque de Tuiles 1
21:13:29.752 [JavaFX Application Thread] DEBUG TilesetLoader        - Created buffer with size 3200.0x960.0
21:13:29.753 [JavaFX Application Thread] DEBUG TMXLevelLoader       - Creating object layer entities
21:13:29.761 [JavaFX Application Thread] DEBUG GameWorld            - Clearing removable entities
21:13:29.763 [JavaFX Application Thread] DEBUG GameWorld            - Setting level: com.almasb.fxgl.entity.level.Level@56a8af00
21:13:29.799 [JavaFX Application Thread] WARN  GameWorld            - Entity is already attached to world
21:13:32.531 [JavaFX Application Thread] DEBUG FXGLApplication      - Exiting FXGL
21:13:32.531 [JavaFX Application Thread] DEBUG LoopRunner           - Stopping loop
21:13:32.531 [JavaFX Application Thread] DEBUG SystemBundleService  - Saving FXGL system data
21:13:32.532 [JavaFX Application Thread] DEBUG FileSystemAccess     - Writing to: C:\Users\User\zeldaPuzzle\system\fxgl.bundle
21:13:32.534 [JavaFX Application Thread] DEBUG Async                - Shutting down background threads
21:13:32.534 [JavaFX Application Thread] DEBUG PrimaryStageWindow   - Closing main window
21:13:32.543 [JavaFX Application Thread] DEBUG Logger               - Closing Logger
