11:54:50.607 [main                     ] DEBUG Logger               - Configured Logger
11:54:50.634 [main                     ] DEBUG GameApplication      - Logging settings
Title: Zelda 2D Game
Version: 1
Width: 800
Height: 800
Fullscreen: true
Intro: false
Profiling: false
Single step:false
App Mode: DEVELOPER
Menu Key: ESCAPE
Stage Style: DECORATED
Scene Factory: class com.almasb.fxgl.app.scene.SceneFactory

11:54:50.846 [JavaFX Application Thread] DEBUG FXGLApplication      - Initializing FXGL
11:54:50.851 [JavaFX Application Thread] INFO  Engine               - FXGL-17 (31.12.2021 18.16) on MAC (J:19.0.1 FX:19)
11:54:50.852 [JavaFX Application Thread] DEBUG Engine               - JRE Vendor Name: Oracle Corporation
11:54:50.852 [JavaFX Application Thread] DEBUG Engine               - Running on OS: Mac OS X version 12.5
11:54:50.852 [JavaFX Application Thread] DEBUG Engine               - Architecture: aarch64
11:54:50.852 [JavaFX Application Thread] INFO  Engine               - Source code and latest versions at: https://github.com/AlmasB/FXGL
11:54:50.853 [JavaFX Application Thread] INFO  Engine               -       Ask questions and discuss at: https://github.com/AlmasB/FXGL/discussions
11:54:50.853 [JavaFX Application Thread] INFO  Engine               -              Join the FXGL chat at: https://gitter.im/AlmasB/FXGL
11:54:50.933 [JavaFX Application Thread] DEBUG PrimaryStageWindow   - Creating a JavaFX scene
11:54:50.985 [JavaFX Application Thread] DEBUG PrimaryStageWindow   - Target settings size: 800.0 x 800.0
11:54:50.985 [JavaFX Application Thread] DEBUG PrimaryStageWindow   - Scaled scene size:    800.0 x 800.0
11:54:50.986 [JavaFX Application Thread] DEBUG PrimaryStageWindow   - Scaled ratio: (1.0, 1.0)
11:54:50.987 [JavaFX Application Thread] DEBUG PrimaryStageWindow   - Set initial scene to FXGLStartupScene
11:54:50.991 [JavaFX Application Thread] DEBUG PrimaryStageWindow   - Opening main window
11:54:51.134 [JavaFX Application Thread] DEBUG PrimaryStageWindow   - Window border size: (0.0, 28.0)
11:54:51.134 [JavaFX Application Thread] DEBUG PrimaryStageWindow   - Scaled size: 800.0 x 800.0
11:54:51.134 [JavaFX Application Thread] DEBUG PrimaryStageWindow   - Scaled ratio: (1.0, 1.0)
11:54:51.135 [JavaFX Application Thread] DEBUG PrimaryStageWindow   - Scene size: 800.0 x 800.0
11:54:51.135 [JavaFX Application Thread] DEBUG PrimaryStageWindow   - Stage size: 800.0 x 828.0
11:54:51.141 [FXGL Background Thread 1 ] DEBUG Engine               - Initializing environment variables
11:54:51.186 [FXGL Background Thread 1 ] DEBUG FXGLAssetLoaderServi - User app class for loading assets: class com.example.zeldapuzzle.MainGameApp
11:54:51.186 [FXGL Background Thread 1 ] DEBUG GameApplicationServi - Applying CSS: fxgl_dark.css
11:54:51.187 [FXGL Background Thread 1 ] DEBUG FXGLAssetLoaderServi - Loading from file system: jar:file:///Users/CHLaroche05/.m2/repository/com/github/almasb/fxgl/17/fxgl-17.jar!/fxglassets/ui/css/fxgl_dark.css
11:54:51.228 [FXGL Background Thread 1 ] DEBUG GameApplicationServi - Initializing application scenes
11:54:51.434 [FXGL Background Thread 1 ] DEBUG GameWorld            - Game world initialized
11:54:51.597 [FXGL Background Thread 1 ] DEBUG PhysicsWorld         - Physics world initialized: appHeight=800, physics.ppm=50.0
11:54:51.597 [FXGL Background Thread 1 ] DEBUG PhysicsWorld         - Using strategy: BRUTE_FORCE
11:54:51.605 [FXGL Background Thread 1 ] DEBUG GameScene            - Game scene initialized: 800x800
11:54:51.642 [FXGL Background Thread 1 ] DEBUG FXGL.DefaultMenu     - createMenuBodyMainMenu()
11:54:51.664 [FXGL Background Thread 1 ] DEBUG FXGL.DefaultMenu     - createOptionsMenu()
11:54:51.679 [FXGL Background Thread 1 ] DEBUG FXGLAssetLoaderServi - Loading from file system: jar:file:///Users/CHLaroche05/.m2/repository/com/github/almasb/fxgl/17/fxgl-17.jar!/fxglassets/textures/particles/smoke.png
11:54:51.888 [FXGL Background Thread 1 ] DEBUG FXGLAssetLoaderServi - Loading from file system: jar:file:///Users/CHLaroche05/.m2/repository/com/github/almasb/fxgl/17/fxgl-17.jar!/fxglassets/textures/particles/trace_horizontal.png
11:54:51.916 [FXGL Background Thread 1 ] DEBUG FXGL.DefaultMenu     - createMenuBodyGameMenu()
11:54:51.918 [FXGL Background Thread 1 ] DEBUG FXGL.DefaultMenu     - createOptionsMenu()
11:54:52.003 [FXGL Background Thread 1 ] DEBUG GameApplicationServi - Application scenes initialized
11:54:52.021 [FXGL Background Thread 1 ] DEBUG SystemBundleService  - Loading FXGL system data
11:54:52.028 [FXGL Background Thread 1 ] DEBUG FileSystemAccess     - Reading from: /Users/CHLaroche05/zelda/zeldaPuzzle copy/system/fxgl.bundle
11:54:52.042 [FXGL Background Thread 1 ] DEBUG SystemBundleService  - Bundle FXGL: {}
11:54:52.043 [FXGL Background Thread 1 ] DEBUG UpdaterService       - Checking for updates
11:54:52.077 [FXGL Background Thread 4 ] DEBUG FXGLApplication      - Loading fonts
11:54:52.077 [FXGL Background Thread 4 ] DEBUG FXGLAssetLoaderServi - Loading from file system: jar:file:///Users/CHLaroche05/.m2/repository/com/github/almasb/fxgl/17/fxgl-17.jar!/fxglassets/ui/fonts/VarelaRound-Regular.ttf
11:54:52.078 [FXGL Background Thread 1 ] DEBUG FXGLApplication      - Loading default localization
11:54:52.078 [FXGL Background Thread 1 ] DEBUG FXGLAssetLoaderServi - Loading from file system: jar:file:///Users/CHLaroche05/.m2/repository/com/github/almasb/fxgl/17/fxgl-17.jar!/fxglassets/languages/english.lang
11:54:52.087 [FXGL Background Thread 4 ] DEBUG FXGLAssetLoaderServi - Loading from file system: jar:file:///Users/CHLaroche05/.m2/repository/com/github/almasb/fxgl/17/fxgl-17.jar!/fxglassets/ui/fonts/Abel-Regular.ttf
11:54:52.090 [FXGL Background Thread 4 ] DEBUG FXGLAssetLoaderServi - Loading from file system: jar:file:///Users/CHLaroche05/.m2/repository/com/github/almasb/fxgl/17/fxgl-17.jar!/fxglassets/ui/fonts/TerminalLandMono-Regular.otf
11:54:52.094 [FXGL Background Thread 4 ] DEBUG FXGLAssetLoaderServi - Loading from file system: jar:file:///Users/CHLaroche05/.m2/repository/com/github/almasb/fxgl/17/fxgl-17.jar!/fxglassets/ui/fonts/Courier-Prime.ttf
11:54:52.100 [JavaFX Application Thread] DEBUG FXGLApplication      - Registering font factories with UI factory
11:54:52.165 [FXGL Background Thread 1 ] INFO  FXGLApplication      - FXGL initialization took: 1.021 sec
11:54:52.177 [JavaFX Application Thread] DEBUG Input                - Registered new binding: inventaire - Tab
11:54:52.177 [JavaFX Application Thread] DEBUG Input                - Registered new binding: getPosition - P
11:54:52.177 [JavaFX Application Thread] DEBUG Input                - Registered new binding: zoom+ - Up
11:54:52.178 [JavaFX Application Thread] DEBUG Input                - Registered new binding: zoom- - Down
11:54:52.178 [JavaFX Application Thread] DEBUG Input                - Registered new binding: resetZoom - 0
11:54:52.178 [JavaFX Application Thread] DEBUG Input                - Registered new binding: Move right - D
11:54:52.178 [JavaFX Application Thread] DEBUG Input                - Registered new binding: Move left - A
11:54:52.178 [JavaFX Application Thread] DEBUG Input                - Registered new binding: Move Up - W
11:54:52.178 [JavaFX Application Thread] DEBUG Input                - Registered new binding: Move Down - S
11:54:52.179 [JavaFX Application Thread] DEBUG Input                - Registered new binding: Jump - Space
11:54:52.179 [JavaFX Application Thread] DEBUG FXGLAssetLoaderServi - Loading from file system: jar:file:///Users/CHLaroche05/.m2/repository/com/github/almasb/fxgl/17/fxgl-17.jar!/fxglassets/textures/fxgl_icon.png
11:54:52.210 [JavaFX Application Thread] DEBUG FXGLAssetLoaderServi - Loading from file system: jar:file:///Users/CHLaroche05/.m2/repository/com/github/almasb/fxgl/17/fxgl-17.jar!/fxglassets/textures/fxgl_default_cursor.png
11:54:52.213 [JavaFX Application Thread] DEBUG Input                - Registered new binding: Screenshot - CTRL+8
11:54:52.213 [JavaFX Application Thread] DEBUG Input                - Registered new binding: Dev Options - 1
11:54:52.214 [JavaFX Application Thread] DEBUG Input                - Registered new binding: Dev Console - 2
11:54:52.214 [JavaFX Application Thread] DEBUG Input                - Registered new binding: System info dump - CTRL+9
11:54:52.214 [JavaFX Application Thread] DEBUG Input                - Registered new binding: Restart - CTRL+R
11:54:52.215 [JavaFX Application Thread] DEBUG Input                - Registered new binding: Toggle Debug Camera - CTRL+7
11:54:52.218 [JavaFX Application Thread] DEBUG LoopRunner           - Starting loop
11:54:52.247 [JavaFX Application Thread] DEBUG LoopRunner           - Initializing JavaFX AnimationTimerLoop
11:54:52.249 [JavaFX Application Thread] DEBUG Input                - Clearing active input actions
11:54:52.257 [JavaFX Application Thread] DEBUG GameApplicationServi - Removing overlay from FXGLStartupScene and adding to FXGLMainMenuDummyScene
11:54:52.273 [JavaFX Application Thread] DEBUG PrimaryStageWindow   - FXGLStartupScene -> FXGLMainMenuDummyScene
11:54:52.273 [JavaFX Application Thread] DEBUG PrimaryStageWindow   - Push state: FXGLDefaultMenu
11:54:52.276 [JavaFX Application Thread] DEBUG Input                - Clearing active input actions
11:54:52.284 [JavaFX Application Thread] DEBUG GameApplicationServi - Removing overlay from FXGLMainMenuDummyScene and adding to FXGLDefaultMenu
11:54:52.285 [JavaFX Application Thread] DEBUG PrimaryStageWindow   - FXGLMainMenuDummyScene -> FXGLDefaultMenu
11:54:52.571 [FXGL Background Thread 2 ] INFO  UpdaterService       - Your current version:  17
11:54:52.571 [FXGL Background Thread 2 ] INFO  UpdaterService       - Latest stable version: 21.1
11:54:53.276 [JavaFX Application Thread] DEBUG Menu                 - fireNewGame()
11:54:53.276 [JavaFX Application Thread] DEBUG GameApplicationServi - Starting new game
11:54:53.278 [JavaFX Application Thread] DEBUG PrimaryStageWindow   - Pop state: FXGLDefaultMenu
11:54:53.278 [JavaFX Application Thread] DEBUG Input                - Clearing active input actions
11:54:53.279 [JavaFX Application Thread] DEBUG GameApplicationServi - Removing overlay from FXGLDefaultMenu and adding to FXGLMainMenuDummyScene
11:54:53.281 [JavaFX Application Thread] DEBUG PrimaryStageWindow   - FXGLMainMenuDummyScene <- FXGLDefaultMenu
11:54:53.281 [JavaFX Application Thread] DEBUG Input                - Clearing active input actions
11:54:53.290 [JavaFX Application Thread] DEBUG GameApplicationServi - Removing overlay from FXGLMainMenuDummyScene and adding to FXGLLoadingScene
11:54:53.291 [JavaFX Application Thread] DEBUG PrimaryStageWindow   - FXGLMainMenuDummyScene -> FXGLLoadingScene
11:54:53.291 [JavaFX Application Thread] DEBUG GameApplicationServi - Clearing previous game
11:54:53.291 [JavaFX Application Thread] DEBUG GameScene            - Clearing game scene
11:54:53.291 [JavaFX Application Thread] DEBUG GameWorld            - Clearing game world
11:54:53.291 [JavaFX Application Thread] DEBUG PhysicsWorld         - Clearing physics world
11:54:53.293 [FXGL Background Thread 2 ] DEBUG FXGLApplication      - Initializing game
11:54:53.329 [FXGL Background Thread 2 ] WARN  TMXLevelLoader       - TiledMap generated from 1.10.2. Supported version: 1.2.3. Some features may not be parsed fully.
11:54:53.409 [FXGL Background Thread 2 ] DEBUG TMXLevelLoader       - Parsed TiledMap: file:/Users/CHLaroche05/zelda/zeldaPuzzle%20copy/target/classes/assets/levels/mapFinal.tmx
11:54:53.410 [FXGL Background Thread 2 ] DEBUG TMXLevelLoader       - Creating tile layer entities
11:54:53.411 [FXGL Background Thread 2 ] DEBUG TilesetLoader        - Loading view for layer background
11:54:53.427 [FXGL Background Thread 2 ] DEBUG TilesetLoader        - Created buffer with size 4800.0x4800.0
11:54:53.611 [FXGL Background Thread 2 ] DEBUG TilesetLoader        - Loading view for layer devant
11:54:53.626 [FXGL Background Thread 2 ] DEBUG TilesetLoader        - Created buffer with size 4800.0x4800.0
11:54:53.668 [FXGL Background Thread 2 ] DEBUG TilesetLoader        - Loading view for layer devant1
11:54:53.682 [FXGL Background Thread 2 ] DEBUG TilesetLoader        - Created buffer with size 4800.0x4800.0
11:54:53.701 [FXGL Background Thread 2 ] DEBUG TMXLevelLoader       - Creating object layer entities
11:54:53.753 [FXGL Background Thread 2 ] DEBUG GameWorld            - Clearing removable entities
11:54:53.753 [FXGL Background Thread 2 ] DEBUG GameWorld            - Setting level: com.almasb.fxgl.entity.level.Level@610d74ce
11:54:53.779 [FXGL Background Thread 2 ] WARN  GameWorld            - Entity is already attached to world
11:54:53.783 [FXGL Background Thread 2 ] WARN  GameWorld            - Entity is already attached to world
11:54:53.789 [FXGL Background Thread 2 ] INFO  FXGLApplication      - Game initialization took: 0.496 sec
11:54:53.790 [JavaFX Application Thread] DEBUG Input                - Clearing active input actions
11:54:53.798 [JavaFX Application Thread] DEBUG GameApplicationServi - Removing overlay from FXGLLoadingScene and adding to GameScene
11:54:53.802 [JavaFX Application Thread] DEBUG PrimaryStageWindow   - FXGLLoadingScene -> GameScene
11:54:55.077 [FXGL Background Thread 3 ] DEBUG Engine               - Logging environment variables
11:54:55.078 [FXGL Background Thread 3 ] DEBUG Engine               - achievements: []
11:54:55.078 [FXGL Background Thread 3 ] DEBUG Engine               - actualHeight: 800.0
11:54:55.078 [FXGL Background Thread 3 ] DEBUG Engine               - actualHeightProperty: ReadOnlyDoubleProperty [value: 800.0]
11:54:55.078 [FXGL Background Thread 3 ] DEBUG Engine               - actualWidth: 800.0
11:54:55.078 [FXGL Background Thread 3 ] DEBUG Engine               - actualWidthProperty: ReadOnlyDoubleProperty [value: 800.0]
11:54:55.078 [FXGL Background Thread 3 ] DEBUG Engine               - appIcon: fxgl_icon.png
11:54:55.078 [FXGL Background Thread 3 ] DEBUG Engine               - applicationMode: DEVELOPER
11:54:55.079 [FXGL Background Thread 3 ] DEBUG Engine               - cSSList: [fxgl_dark.css]
11:54:55.079 [FXGL Background Thread 3 ] DEBUG Engine               - collisionDetectionStrategy: BRUTE_FORCE
11:54:55.079 [FXGL Background Thread 3 ] DEBUG Engine               - configClass: Optional.empty
11:54:55.079 [FXGL Background Thread 3 ] DEBUG Engine               - credits: []
11:54:55.079 [FXGL Background Thread 3 ] DEBUG Engine               - defaultCursor: CursorInfo(imageName=fxgl_default_cursor.png, hotspotX=7.0, hotspotY=6.0)
11:54:55.079 [FXGL Background Thread 3 ] DEBUG Engine               - devBBoxColorProperty: ObjectProperty [value: 0xff0000ff]
11:54:55.080 [FXGL Background Thread 3 ] DEBUG Engine               - devEnableDebugCameraProperty: BooleanProperty [value: false]
11:54:55.080 [FXGL Background Thread 3 ] DEBUG Engine               - devSensorColorProperty: ObjectProperty [value: 0xffff00ff]
11:54:55.080 [FXGL Background Thread 3 ] DEBUG Engine               - devShowBBoxProperty: BooleanProperty [value: false]
11:54:55.080 [FXGL Background Thread 3 ] DEBUG Engine               - devShowPositionProperty: BooleanProperty [value: false]
11:54:55.080 [FXGL Background Thread 3 ] DEBUG Engine               - enabledMenuItems: []
11:54:55.080 [FXGL Background Thread 3 ] DEBUG Engine               - engineServices: [class com.almasb.fxgl.app.services.FXGLAssetLoaderService, class com.almasb.fxgl.app.FXGLApplication$GameApplicationService, class com.almasb.fxgl.app.services.FXGLDialogService, class com.almasb.fxgl.app.services.IOTaskExecutorService, class com.almasb.fxgl.io.FileSystemService, class com.almasb.fxgl.localization.LocalizationService, class com.almasb.fxgl.app.services.SystemBundleService, class com.almasb.fxgl.profile.SaveLoadService, class com.almasb.fxgl.ui.FXGLUIFactoryServiceProvider, class com.almasb.fxgl.ui.FXGLDialogFactoryServiceProvider, class com.almasb.fxgl.audio.AudioPlayer, class com.almasb.fxgl.notification.impl.NotificationServiceProvider, class com.almasb.fxgl.achievement.AchievementService, class com.almasb.fxgl.cutscene.CutsceneService, class com.almasb.fxgl.minigames.MiniGameService, class com.almasb.fxgl.net.NetService, class com.almasb.fxgl.app.services.UpdaterService, class com.almasb.fxgl.dev.DevService]
11:54:55.080 [FXGL Background Thread 3 ] DEBUG Engine               - fontGame: Abel-Regular.ttf
11:54:55.080 [FXGL Background Thread 3 ] DEBUG Engine               - fontMono: TerminalLandMono-Regular.otf
11:54:55.081 [FXGL Background Thread 3 ] DEBUG Engine               - fontText: Courier-Prime.ttf
11:54:55.081 [FXGL Background Thread 3 ] DEBUG Engine               - fontUI: VarelaRound-Regular.ttf
11:54:55.081 [FXGL Background Thread 3 ] DEBUG Engine               - fullScreen: BooleanProperty [value: false]
11:54:55.081 [FXGL Background Thread 3 ] DEBUG Engine               - gameDifficulty: MEDIUM
11:54:55.081 [FXGL Background Thread 3 ] DEBUG Engine               - gameDifficultyProperty: ObjectProperty [value: MEDIUM]
11:54:55.081 [FXGL Background Thread 3 ] DEBUG Engine               - globalMusicVolume: 0.5
11:54:55.081 [FXGL Background Thread 3 ] DEBUG Engine               - globalMusicVolumeProperty: DoubleProperty [value: 0.5]
11:54:55.081 [FXGL Background Thread 3 ] DEBUG Engine               - globalSoundVolume: 0.5
11:54:55.081 [FXGL Background Thread 3 ] DEBUG Engine               - globalSoundVolumeProperty: DoubleProperty [value: 0.5]
11:54:55.082 [FXGL Background Thread 3 ] DEBUG Engine               - height: 800
11:54:55.082 [FXGL Background Thread 3 ] DEBUG Engine               - is3D: false
11:54:55.082 [FXGL Background Thread 3 ] DEBUG Engine               - isAndroid: false
11:54:55.082 [FXGL Background Thread 3 ] DEBUG Engine               - isBrowser: false
11:54:55.082 [FXGL Background Thread 3 ] DEBUG Engine               - isClickFeedbackEnabled: false
11:54:55.082 [FXGL Background Thread 3 ] DEBUG Engine               - isCloseConfirmation: false
11:54:55.082 [FXGL Background Thread 3 ] DEBUG Engine               - isDesktop: true
11:54:55.082 [FXGL Background Thread 3 ] DEBUG Engine               - isDeveloperMenuEnabled: true
11:54:55.082 [FXGL Background Thread 3 ] DEBUG Engine               - isEmbedded: false
11:54:55.082 [FXGL Background Thread 3 ] DEBUG Engine               - isEntityPreloadEnabled: true
11:54:55.082 [FXGL Background Thread 3 ] DEBUG Engine               - isExperimentalTiledLargeMap: false
11:54:55.082 [FXGL Background Thread 3 ] DEBUG Engine               - isFileSystemWriteAllowed: true
11:54:55.082 [FXGL Background Thread 3 ] DEBUG Engine               - isFullScreenAllowed: true
11:54:55.082 [FXGL Background Thread 3 ] DEBUG Engine               - isFullScreenFromStart: false
11:54:55.082 [FXGL Background Thread 3 ] DEBUG Engine               - isGameMenuEnabled: true
11:54:55.082 [FXGL Background Thread 3 ] DEBUG Engine               - isIOS: false
11:54:55.082 [FXGL Background Thread 3 ] DEBUG Engine               - isIntroEnabled: false
11:54:55.082 [FXGL Background Thread 3 ] DEBUG Engine               - isLinux: false
11:54:55.082 [FXGL Background Thread 3 ] DEBUG Engine               - isMac: true
11:54:55.082 [FXGL Background Thread 3 ] DEBUG Engine               - isMainMenuEnabled: true
11:54:55.082 [FXGL Background Thread 3 ] DEBUG Engine               - isManualResizeEnabled: false
11:54:55.082 [FXGL Background Thread 3 ] DEBUG Engine               - isMobile: false
11:54:55.083 [FXGL Background Thread 3 ] DEBUG Engine               - isNative: false
11:54:55.083 [FXGL Background Thread 3 ] DEBUG Engine               - isPauseMusicWhenMinimized: true
11:54:55.083 [FXGL Background Thread 3 ] DEBUG Engine               - isPreserveResizeRatio: false
11:54:55.083 [FXGL Background Thread 3 ] DEBUG Engine               - isProfilingEnabled: false
11:54:55.083 [FXGL Background Thread 3 ] DEBUG Engine               - isScaleAffectedOnResize: true
11:54:55.083 [FXGL Background Thread 3 ] DEBUG Engine               - isSingleStep: false
11:54:55.083 [FXGL Background Thread 3 ] DEBUG Engine               - isUserProfileEnabled: false
11:54:55.083 [FXGL Background Thread 3 ] DEBUG Engine               - isWindows: false
11:54:55.083 [FXGL Background Thread 3 ] DEBUG Engine               - language: ObjectProperty [value: ENGLISH]
11:54:55.084 [FXGL Background Thread 3 ] DEBUG Engine               - menuKey: ESCAPE
11:54:55.084 [FXGL Background Thread 3 ] DEBUG Engine               - mouseSensitivity: 0.2
11:54:55.084 [FXGL Background Thread 3 ] DEBUG Engine               - notificationViewClass: class com.almasb.fxgl.notification.view.XboxNotificationView
11:54:55.084 [FXGL Background Thread 3 ] DEBUG Engine               - pixelsPerMeter: 50.0
11:54:55.084 [FXGL Background Thread 3 ] DEBUG Engine               - platform: MAC
11:54:55.084 [FXGL Background Thread 3 ] DEBUG Engine               - prefHeightProperty: ReadOnlyDoubleProperty [value: 800.0]
11:54:55.084 [FXGL Background Thread 3 ] DEBUG Engine               - prefWidthProperty: ReadOnlyDoubleProperty [value: 800.0]
11:54:55.084 [FXGL Background Thread 3 ] DEBUG Engine               - profileDir: profiles/
11:54:55.084 [FXGL Background Thread 3 ] DEBUG Engine               - profileName: StringProperty [value: DEFAULT]
11:54:55.084 [FXGL Background Thread 3 ] DEBUG Engine               - randomSeed: -1
11:54:55.085 [FXGL Background Thread 3 ] DEBUG Engine               - runtimeInfo: RuntimeInfo(platform=MAC, version=17, build=31.12.2021 18.16)
11:54:55.085 [FXGL Background Thread 3 ] DEBUG Engine               - saveFileExt: sav
11:54:55.085 [FXGL Background Thread 3 ] DEBUG Engine               - scaledHeightProp$fxgl: DoubleProperty [bound, value: 800.0]
11:54:55.085 [FXGL Background Thread 3 ] DEBUG Engine               - scaledWidthProp$fxgl: DoubleProperty [bound, value: 800.0]
11:54:55.085 [FXGL Background Thread 3 ] DEBUG Engine               - sceneFactory: com.almasb.fxgl.app.scene.SceneFactory@6bcf16c0
11:54:55.086 [FXGL Background Thread 3 ] DEBUG Engine               - secondsIn24h: 60
11:54:55.086 [FXGL Background Thread 3 ] DEBUG Engine               - soundMenuBack: menu/back.wav
11:54:55.086 [FXGL Background Thread 3 ] DEBUG Engine               - soundMenuPress: menu/press.wav
11:54:55.086 [FXGL Background Thread 3 ] DEBUG Engine               - soundMenuSelect: menu/select.wav
11:54:55.086 [FXGL Background Thread 3 ] DEBUG Engine               - soundNotification: core/notification.wav
11:54:55.086 [FXGL Background Thread 3 ] DEBUG Engine               - stageStyle: DECORATED
11:54:55.086 [FXGL Background Thread 3 ] DEBUG Engine               - supportedLanguages: [ENGLISH, FRENCH, GERMAN, HUNGARIAN, RUSSIAN]
11:54:55.086 [FXGL Background Thread 3 ] DEBUG Engine               - ticksPerSecond: -1
11:54:55.086 [FXGL Background Thread 3 ] DEBUG Engine               - title: Zelda 2D Game
11:54:55.086 [FXGL Background Thread 3 ] DEBUG Engine               - urlGithub: https://github.com/AlmasB/FXGL
11:54:55.086 [FXGL Background Thread 3 ] DEBUG Engine               - urlLeaderboard: http://fxgl-top.herokuapp.com/
11:54:55.086 [FXGL Background Thread 3 ] DEBUG Engine               - urlPOM: https://raw.githubusercontent.com/AlmasB/FXGL/release/README.md
11:54:55.086 [FXGL Background Thread 3 ] DEBUG Engine               - userAppClass: class com.example.zeldapuzzle.MainGameApp
11:54:55.086 [FXGL Background Thread 3 ] DEBUG Engine               - version: 1
11:54:55.086 [FXGL Background Thread 3 ] DEBUG Engine               - versionCheckDays: 7
11:54:55.086 [FXGL Background Thread 3 ] DEBUG Engine               - width: 800
11:54:55.086 [FXGL Background Thread 3 ] DEBUG Engine               - Logging services
11:54:55.086 [FXGL Background Thread 3 ] DEBUG Engine               - class com.almasb.fxgl.app.services.FXGLAssetLoaderService
11:54:55.086 [FXGL Background Thread 3 ] DEBUG Engine               - class com.almasb.fxgl.app.FXGLApplication$GameApplicationService
11:54:55.086 [FXGL Background Thread 3 ] DEBUG Engine               - class com.almasb.fxgl.app.services.FXGLDialogService
11:54:55.087 [FXGL Background Thread 3 ] DEBUG Engine               - class com.almasb.fxgl.app.services.IOTaskExecutorService
11:54:55.087 [FXGL Background Thread 3 ] DEBUG Engine               - class com.almasb.fxgl.io.FileSystemService
11:54:55.087 [FXGL Background Thread 3 ] DEBUG Engine               - class com.almasb.fxgl.localization.LocalizationService
11:54:55.087 [FXGL Background Thread 3 ] DEBUG Engine               - class com.almasb.fxgl.app.services.SystemBundleService
11:54:55.087 [FXGL Background Thread 3 ] DEBUG Engine               - class com.almasb.fxgl.profile.SaveLoadService
11:54:55.087 [FXGL Background Thread 3 ] DEBUG Engine               - class com.almasb.fxgl.ui.FXGLUIFactoryServiceProvider
11:54:55.087 [FXGL Background Thread 3 ] DEBUG Engine               - class com.almasb.fxgl.ui.FXGLDialogFactoryServiceProvider
11:54:55.087 [FXGL Background Thread 3 ] DEBUG Engine               - class com.almasb.fxgl.audio.AudioPlayer
11:54:55.087 [FXGL Background Thread 3 ] DEBUG Engine               - class com.almasb.fxgl.notification.impl.NotificationServiceProvider
11:54:55.087 [FXGL Background Thread 3 ] DEBUG Engine               - class com.almasb.fxgl.achievement.AchievementService
11:54:55.087 [FXGL Background Thread 3 ] DEBUG Engine               - class com.almasb.fxgl.cutscene.CutsceneService
11:54:55.087 [FXGL Background Thread 3 ] DEBUG Engine               - class com.almasb.fxgl.minigames.MiniGameService
11:54:55.087 [FXGL Background Thread 3 ] DEBUG Engine               - class com.almasb.fxgl.net.NetService
11:54:55.087 [FXGL Background Thread 3 ] DEBUG Engine               - class com.almasb.fxgl.app.services.UpdaterService
11:54:55.087 [FXGL Background Thread 3 ] DEBUG Engine               - class com.almasb.fxgl.dev.DevService
11:55:00.326 [JavaFX Application Thread] WARN  TMXLevelLoader       - TiledMap generated from 1.10.2. Supported version: 1.2.3. Some features may not be parsed fully.
11:55:00.351 [JavaFX Application Thread] DEBUG TMXLevelLoader       - Parsed TiledMap: file:/Users/CHLaroche05/zelda/zeldaPuzzle%20copy/target/classes/assets/levels/leDongeon.tmx
11:55:00.351 [JavaFX Application Thread] DEBUG TMXLevelLoader       - Creating tile layer entities
11:55:00.353 [JavaFX Application Thread] DEBUG TilesetLoader        - Loading view for layer BG1
11:55:00.354 [JavaFX Application Thread] DEBUG TilesetLoader        - Created buffer with size 2400.0x800.0
11:55:00.369 [JavaFX Application Thread] DEBUG TilesetLoader        - Loading view for layer BG2
11:55:00.369 [JavaFX Application Thread] DEBUG TilesetLoader        - Created buffer with size 2400.0x800.0
11:55:00.378 [JavaFX Application Thread] DEBUG TilesetLoader        - Loading view for layer BG3
11:55:00.378 [JavaFX Application Thread] DEBUG TilesetLoader        - Created buffer with size 2400.0x800.0
11:55:00.389 [JavaFX Application Thread] DEBUG TilesetLoader        - Loading view for layer BG4a
11:55:00.389 [JavaFX Application Thread] DEBUG TilesetLoader        - Created buffer with size 2400.0x800.0
11:55:00.400 [JavaFX Application Thread] DEBUG TilesetLoader        - Loading view for layer BG4b
11:55:00.401 [JavaFX Application Thread] DEBUG TilesetLoader        - Created buffer with size 2400.0x800.0
11:55:00.411 [JavaFX Application Thread] DEBUG TilesetLoader        - Loading view for layer MainBuild3
11:55:00.412 [JavaFX Application Thread] DEBUG TilesetLoader        - Created buffer with size 2400.0x800.0
11:55:00.460 [JavaFX Application Thread] DEBUG TilesetLoader        - Loading view for layer MainBuild2
11:55:00.461 [JavaFX Application Thread] DEBUG TilesetLoader        - Created buffer with size 2400.0x800.0
11:55:00.462 [JavaFX Application Thread] DEBUG TilesetLoader        - Loading view for layer MainBuild
11:55:00.462 [JavaFX Application Thread] DEBUG TilesetLoader        - Created buffer with size 2400.0x800.0
11:55:00.465 [JavaFX Application Thread] DEBUG TMXLevelLoader       - Creating object layer entities
11:55:00.473 [JavaFX Application Thread] DEBUG GameWorld            - Clearing removable entities
11:55:00.480 [JavaFX Application Thread] DEBUG GameWorld            - Setting level: com.almasb.fxgl.entity.level.Level@653e959e
11:55:00.488 [JavaFX Application Thread] WARN  GameWorld            - Entity is already attached to world
11:55:05.761 [JavaFX Application Thread] WARN  GameWorld            - Entity is already attached to world
11:55:07.506 [JavaFX Application Thread] WARN  GameWorld            - Entity is already attached to world
11:55:10.658 [JavaFX Application Thread] WARN  GameWorld            - Entity is already attached to world
11:55:13.049 [JavaFX Application Thread] WARN  GameWorld            - Entity is already attached to world
11:55:15.491 [JavaFX Application Thread] WARN  GameWorld            - Entity is already attached to world
11:55:17.016 [JavaFX Application Thread] WARN  GameWorld            - Entity is already attached to world
11:55:19.397 [JavaFX Application Thread] WARN  GameWorld            - Entity is already attached to world
11:56:03.617 [JavaFX Application Thread] WARN  GameWorld            - Entity is already attached to world
11:56:04.769 [JavaFX Application Thread] WARN  GameWorld            - Entity is already attached to world
11:56:05.107 [JavaFX Application Thread] WARN  TMXLevelLoader       - TiledMap generated from 1.10.2. Supported version: 1.2.3. Some features may not be parsed fully.
11:56:05.122 [JavaFX Application Thread] DEBUG TMXLevelLoader       - Parsed TiledMap: file:/Users/CHLaroche05/zelda/zeldaPuzzle%20copy/target/classes/assets/levels/mapFinal.tmx
11:56:05.122 [JavaFX Application Thread] DEBUG TMXLevelLoader       - Creating tile layer entities
11:56:05.122 [JavaFX Application Thread] DEBUG TilesetLoader        - Loading view for layer background
11:56:05.124 [JavaFX Application Thread] DEBUG TilesetLoader        - Created buffer with size 4800.0x4800.0
11:56:05.224 [JavaFX Application Thread] DEBUG TilesetLoader        - Loading view for layer devant
11:56:05.231 [JavaFX Application Thread] DEBUG TilesetLoader        - Created buffer with size 4800.0x4800.0
11:56:05.256 [JavaFX Application Thread] DEBUG TilesetLoader        - Loading view for layer devant1
11:56:05.267 [JavaFX Application Thread] DEBUG TilesetLoader        - Created buffer with size 4800.0x4800.0
11:56:05.278 [JavaFX Application Thread] DEBUG TMXLevelLoader       - Creating object layer entities
11:56:05.289 [JavaFX Application Thread] DEBUG GameWorld            - Clearing removable entities
11:56:05.291 [JavaFX Application Thread] DEBUG GameWorld            - Setting level: com.almasb.fxgl.entity.level.Level@4d7460a6
11:56:05.298 [JavaFX Application Thread] WARN  GameWorld            - Entity is already attached to world
11:56:05.299 [JavaFX Application Thread] WARN  GameWorld            - Entity is already attached to world
11:56:25.062 [JavaFX Application Thread] WARN  GameWorld            - Entity is already attached to world
12:02:06.651 [JavaFX Application Thread] DEBUG FXGLApplication      - Exiting FXGL
12:02:06.651 [JavaFX Application Thread] DEBUG LoopRunner           - Stopping loop
12:02:06.651 [JavaFX Application Thread] DEBUG SystemBundleService  - Saving FXGL system data
12:02:06.653 [JavaFX Application Thread] DEBUG FileSystemAccess     - Writing to: /Users/CHLaroche05/zelda/zeldaPuzzle copy/system/fxgl.bundle
12:02:06.655 [JavaFX Application Thread] DEBUG Async                - Shutting down background threads
12:02:06.656 [JavaFX Application Thread] DEBUG PrimaryStageWindow   - Closing main window
12:02:06.665 [JavaFX Application Thread] DEBUG Logger               - Closing Logger
