01:33:40.936 [main                     ] DEBUG Logger               - Configured Logger
01:33:40.956 [main                     ] DEBUG GameApplication      - Logging settings
Title: Zelda 2D Game
Version: 1
Width: 800
Height: 800
Fullscreen: true
Intro: false
Profiling: false
Single step:false
App Mode: DEVELOPER
Menu Key: ESCAPE
Stage Style: DECORATED
Scene Factory: class com.almasb.fxgl.app.scene.SceneFactory

01:33:41.139 [JavaFX Application Thread] DEBUG FXGLApplication      - Initializing FXGL
01:33:41.144 [JavaFX Application Thread] INFO  Engine               - FXGL-17 (31.12.2021 18.16) on MAC (J:19.0.1 FX:19)
01:33:41.145 [JavaFX Application Thread] DEBUG Engine               - JRE Vendor Name: Oracle Corporation
01:33:41.145 [JavaFX Application Thread] DEBUG Engine               - Running on OS: Mac OS X version 12.5
01:33:41.145 [JavaFX Application Thread] DEBUG Engine               - Architecture: aarch64
01:33:41.145 [JavaFX Application Thread] INFO  Engine               - Source code and latest versions at: https://github.com/AlmasB/FXGL
01:33:41.145 [JavaFX Application Thread] INFO  Engine               -       Ask questions and discuss at: https://github.com/AlmasB/FXGL/discussions
01:33:41.145 [JavaFX Application Thread] INFO  Engine               -              Join the FXGL chat at: https://gitter.im/AlmasB/FXGL
01:33:41.204 [JavaFX Application Thread] DEBUG PrimaryStageWindow   - Creating a JavaFX scene
01:33:41.242 [JavaFX Application Thread] DEBUG PrimaryStageWindow   - Target settings size: 800.0 x 800.0
01:33:41.242 [JavaFX Application Thread] DEBUG PrimaryStageWindow   - Scaled scene size:    800.0 x 800.0
01:33:41.243 [JavaFX Application Thread] DEBUG PrimaryStageWindow   - Scaled ratio: (1.0, 1.0)
01:33:41.244 [JavaFX Application Thread] DEBUG PrimaryStageWindow   - Set initial scene to FXGLStartupScene
01:33:41.248 [JavaFX Application Thread] DEBUG PrimaryStageWindow   - Opening main window
01:33:41.357 [JavaFX Application Thread] DEBUG PrimaryStageWindow   - Window border size: (0.0, 28.0)
01:33:41.357 [JavaFX Application Thread] DEBUG PrimaryStageWindow   - Scaled size: 800.0 x 800.0
01:33:41.357 [JavaFX Application Thread] DEBUG PrimaryStageWindow   - Scaled ratio: (1.0, 1.0)
01:33:41.357 [JavaFX Application Thread] DEBUG PrimaryStageWindow   - Scene size: 800.0 x 800.0
01:33:41.358 [JavaFX Application Thread] DEBUG PrimaryStageWindow   - Stage size: 800.0 x 828.0
01:33:41.362 [FXGL Background Thread 1 ] DEBUG Engine               - Initializing environment variables
01:33:41.405 [FXGL Background Thread 1 ] DEBUG FXGLAssetLoaderServi - User app class for loading assets: class com.example.zeldapuzzle.MainGameApp
01:33:41.406 [FXGL Background Thread 1 ] DEBUG GameApplicationServi - Applying CSS: fxgl_dark.css
01:33:41.407 [FXGL Background Thread 1 ] DEBUG FXGLAssetLoaderServi - Loading from file system: jar:file:///Users/CHLaroche05/.m2/repository/com/github/almasb/fxgl/17/fxgl-17.jar!/fxglassets/ui/css/fxgl_dark.css
01:33:41.454 [FXGL Background Thread 1 ] DEBUG GameApplicationServi - Initializing application scenes
01:33:41.611 [FXGL Background Thread 1 ] DEBUG GameWorld            - Game world initialized
01:33:41.656 [FXGL Background Thread 1 ] DEBUG PhysicsWorld         - Physics world initialized: appHeight=800, physics.ppm=50.0
01:33:41.656 [FXGL Background Thread 1 ] DEBUG PhysicsWorld         - Using strategy: BRUTE_FORCE
01:33:41.659 [FXGL Background Thread 1 ] DEBUG GameScene            - Game scene initialized: 800x800
01:33:41.667 [FXGL Background Thread 1 ] DEBUG FXGL.DefaultMenu     - createMenuBodyMainMenu()
01:33:41.677 [FXGL Background Thread 1 ] DEBUG FXGL.DefaultMenu     - createOptionsMenu()
01:33:41.683 [FXGL Background Thread 1 ] DEBUG FXGLAssetLoaderServi - Loading from file system: jar:file:///Users/CHLaroche05/.m2/repository/com/github/almasb/fxgl/17/fxgl-17.jar!/fxglassets/textures/particles/smoke.png
01:33:41.874 [FXGL Background Thread 1 ] DEBUG FXGLAssetLoaderServi - Loading from file system: jar:file:///Users/CHLaroche05/.m2/repository/com/github/almasb/fxgl/17/fxgl-17.jar!/fxglassets/textures/particles/trace_horizontal.png
01:33:41.914 [FXGL Background Thread 1 ] DEBUG FXGL.DefaultMenu     - createMenuBodyGameMenu()
01:33:41.915 [FXGL Background Thread 1 ] DEBUG FXGL.DefaultMenu     - createOptionsMenu()
01:33:41.954 [FXGL Background Thread 1 ] DEBUG GameApplicationServi - Application scenes initialized
01:33:41.973 [FXGL Background Thread 1 ] DEBUG SystemBundleService  - Loading FXGL system data
01:33:41.979 [FXGL Background Thread 1 ] DEBUG FileSystemAccess     - Reading from: /Users/CHLaroche05/zelda/zeldaPuzzle/system/fxgl.bundle
01:33:41.998 [FXGL Background Thread 1 ] DEBUG SystemBundleService  - Bundle FXGL: {}
01:33:41.998 [FXGL Background Thread 1 ] DEBUG UpdaterService       - Checking for updates
01:33:42.070 [FXGL Background Thread 4 ] DEBUG FXGLApplication      - Loading fonts
01:33:42.071 [FXGL Background Thread 4 ] DEBUG FXGLAssetLoaderServi - Loading from file system: jar:file:///Users/CHLaroche05/.m2/repository/com/github/almasb/fxgl/17/fxgl-17.jar!/fxglassets/ui/fonts/VarelaRound-Regular.ttf
01:33:42.077 [FXGL Background Thread 1 ] DEBUG FXGLApplication      - Loading default localization
01:33:42.078 [FXGL Background Thread 1 ] DEBUG FXGLAssetLoaderServi - Loading from file system: jar:file:///Users/CHLaroche05/.m2/repository/com/github/almasb/fxgl/17/fxgl-17.jar!/fxglassets/languages/english.lang
01:33:42.082 [FXGL Background Thread 4 ] DEBUG FXGLAssetLoaderServi - Loading from file system: jar:file:///Users/CHLaroche05/.m2/repository/com/github/almasb/fxgl/17/fxgl-17.jar!/fxglassets/ui/fonts/Abel-Regular.ttf
01:33:42.086 [FXGL Background Thread 4 ] DEBUG FXGLAssetLoaderServi - Loading from file system: jar:file:///Users/CHLaroche05/.m2/repository/com/github/almasb/fxgl/17/fxgl-17.jar!/fxglassets/ui/fonts/TerminalLandMono-Regular.otf
01:33:42.090 [FXGL Background Thread 4 ] DEBUG FXGLAssetLoaderServi - Loading from file system: jar:file:///Users/CHLaroche05/.m2/repository/com/github/almasb/fxgl/17/fxgl-17.jar!/fxglassets/ui/fonts/Courier-Prime.ttf
01:33:42.096 [JavaFX Application Thread] DEBUG FXGLApplication      - Registering font factories with UI factory
01:33:42.099 [FXGL Background Thread 1 ] INFO  FXGLApplication      - FXGL initialization took: 0.737 sec
01:33:42.112 [JavaFX Application Thread] DEBUG Input                - Registered new binding: inventaire - Tab
01:33:42.112 [JavaFX Application Thread] DEBUG Input                - Registered new binding: getPosition - P
01:33:42.112 [JavaFX Application Thread] DEBUG Input                - Registered new binding: zoom+ - Up
01:33:42.113 [JavaFX Application Thread] DEBUG Input                - Registered new binding: zoom- - Down
01:33:42.113 [JavaFX Application Thread] DEBUG Input                - Registered new binding: resetZoom - 0
01:33:42.113 [JavaFX Application Thread] DEBUG Input                - Registered new binding: Move right - D
01:33:42.113 [JavaFX Application Thread] DEBUG Input                - Registered new binding: Move left - A
01:33:42.113 [JavaFX Application Thread] DEBUG Input                - Registered new binding: Move Up - W
01:33:42.113 [JavaFX Application Thread] DEBUG Input                - Registered new binding: Move Down - S
01:33:42.114 [JavaFX Application Thread] DEBUG Input                - Registered new binding: Jump - Space
01:33:42.114 [JavaFX Application Thread] DEBUG FXGLAssetLoaderServi - Loading from file system: jar:file:///Users/CHLaroche05/.m2/repository/com/github/almasb/fxgl/17/fxgl-17.jar!/fxglassets/textures/fxgl_icon.png
01:33:42.148 [JavaFX Application Thread] DEBUG FXGLAssetLoaderServi - Loading from file system: jar:file:///Users/CHLaroche05/.m2/repository/com/github/almasb/fxgl/17/fxgl-17.jar!/fxglassets/textures/fxgl_default_cursor.png
01:33:42.151 [JavaFX Application Thread] DEBUG Input                - Registered new binding: Screenshot - CTRL+8
01:33:42.151 [JavaFX Application Thread] DEBUG Input                - Registered new binding: Dev Options - 1
01:33:42.152 [JavaFX Application Thread] DEBUG Input                - Registered new binding: Dev Console - 2
01:33:42.152 [JavaFX Application Thread] DEBUG Input                - Registered new binding: System info dump - CTRL+9
01:33:42.152 [JavaFX Application Thread] DEBUG Input                - Registered new binding: Restart - CTRL+R
01:33:42.153 [JavaFX Application Thread] DEBUG Input                - Registered new binding: Toggle Debug Camera - CTRL+7
01:33:42.155 [JavaFX Application Thread] DEBUG LoopRunner           - Starting loop
01:33:42.170 [JavaFX Application Thread] DEBUG LoopRunner           - Initializing JavaFX AnimationTimerLoop
01:33:42.173 [JavaFX Application Thread] DEBUG Input                - Clearing active input actions
01:33:42.188 [JavaFX Application Thread] DEBUG GameApplicationServi - Removing overlay from FXGLStartupScene and adding to FXGLMainMenuDummyScene
01:33:42.192 [JavaFX Application Thread] DEBUG PrimaryStageWindow   - FXGLStartupScene -> FXGLMainMenuDummyScene
01:33:42.192 [JavaFX Application Thread] DEBUG PrimaryStageWindow   - Push state: FXGLDefaultMenu
01:33:42.201 [JavaFX Application Thread] DEBUG Input                - Clearing active input actions
01:33:42.215 [JavaFX Application Thread] DEBUG GameApplicationServi - Removing overlay from FXGLMainMenuDummyScene and adding to FXGLDefaultMenu
01:33:42.216 [JavaFX Application Thread] DEBUG PrimaryStageWindow   - FXGLMainMenuDummyScene -> FXGLDefaultMenu
01:33:42.537 [FXGL Background Thread 2 ] INFO  UpdaterService       - Your current version:  17
01:33:42.538 [FXGL Background Thread 2 ] INFO  UpdaterService       - Latest stable version: 21.1
01:33:43.265 [JavaFX Application Thread] DEBUG Menu                 - fireNewGame()
01:33:43.265 [JavaFX Application Thread] DEBUG GameApplicationServi - Starting new game
01:33:43.267 [JavaFX Application Thread] DEBUG PrimaryStageWindow   - Pop state: FXGLDefaultMenu
01:33:43.267 [JavaFX Application Thread] DEBUG Input                - Clearing active input actions
01:33:43.268 [JavaFX Application Thread] DEBUG GameApplicationServi - Removing overlay from FXGLDefaultMenu and adding to FXGLMainMenuDummyScene
01:33:43.270 [JavaFX Application Thread] DEBUG PrimaryStageWindow   - FXGLMainMenuDummyScene <- FXGLDefaultMenu
01:33:43.270 [JavaFX Application Thread] DEBUG Input                - Clearing active input actions
01:33:43.280 [JavaFX Application Thread] DEBUG GameApplicationServi - Removing overlay from FXGLMainMenuDummyScene and adding to FXGLLoadingScene
01:33:43.281 [JavaFX Application Thread] DEBUG PrimaryStageWindow   - FXGLMainMenuDummyScene -> FXGLLoadingScene
01:33:43.281 [JavaFX Application Thread] DEBUG GameApplicationServi - Clearing previous game
01:33:43.281 [JavaFX Application Thread] DEBUG GameScene            - Clearing game scene
01:33:43.281 [JavaFX Application Thread] DEBUG GameWorld            - Clearing game world
01:33:43.281 [JavaFX Application Thread] DEBUG PhysicsWorld         - Clearing physics world
01:33:43.282 [FXGL Background Thread 2 ] DEBUG FXGLApplication      - Initializing game
01:33:43.317 [FXGL Background Thread 2 ] WARN  TMXLevelLoader       - TiledMap generated from 1.10.2. Supported version: 1.2.3. Some features may not be parsed fully.
01:33:43.413 [FXGL Background Thread 2 ] DEBUG TMXLevelLoader       - Parsed TiledMap: file:/Users/CHLaroche05/zelda/zeldaPuzzle/target/classes/assets/levels/mapFinal.tmx
01:33:43.415 [FXGL Background Thread 2 ] DEBUG TMXLevelLoader       - Creating tile layer entities
01:33:43.417 [FXGL Background Thread 2 ] DEBUG TilesetLoader        - Loading view for layer background
01:33:43.435 [FXGL Background Thread 2 ] DEBUG TilesetLoader        - Created buffer with size 4800.0x4800.0
01:33:43.641 [FXGL Background Thread 2 ] DEBUG TilesetLoader        - Loading view for layer devant
01:33:43.660 [FXGL Background Thread 2 ] DEBUG TilesetLoader        - Created buffer with size 4800.0x4800.0
01:33:43.702 [FXGL Background Thread 2 ] DEBUG TilesetLoader        - Loading view for layer devant1
01:33:43.719 [FXGL Background Thread 2 ] DEBUG TilesetLoader        - Created buffer with size 4800.0x4800.0
01:33:43.740 [FXGL Background Thread 2 ] DEBUG TMXLevelLoader       - Creating object layer entities
01:33:43.793 [FXGL Background Thread 2 ] DEBUG GameWorld            - Clearing removable entities
01:33:43.794 [FXGL Background Thread 2 ] DEBUG GameWorld            - Setting level: com.almasb.fxgl.entity.level.Level@7cdc3fc2
01:33:43.817 [FXGL Background Thread 2 ] WARN  GameWorld            - Entity is already attached to world
01:33:43.818 [FXGL Background Thread 2 ] WARN  GameWorld            - Entity is already attached to world
01:33:43.824 [FXGL Background Thread 2 ] INFO  FXGLApplication      - Game initialization took: 0.542 sec
01:33:43.826 [JavaFX Application Thread] DEBUG Input                - Clearing active input actions
01:33:43.833 [JavaFX Application Thread] DEBUG GameApplicationServi - Removing overlay from FXGLLoadingScene and adding to GameScene
01:33:43.838 [JavaFX Application Thread] DEBUG PrimaryStageWindow   - FXGLLoadingScene -> GameScene
01:33:45.069 [FXGL Background Thread 3 ] DEBUG Engine               - Logging environment variables
01:33:45.071 [FXGL Background Thread 3 ] DEBUG Engine               - achievements: []
01:33:45.071 [FXGL Background Thread 3 ] DEBUG Engine               - actualHeight: 800.0
01:33:45.071 [FXGL Background Thread 3 ] DEBUG Engine               - actualHeightProperty: ReadOnlyDoubleProperty [value: 800.0]
01:33:45.071 [FXGL Background Thread 3 ] DEBUG Engine               - actualWidth: 800.0
01:33:45.071 [FXGL Background Thread 3 ] DEBUG Engine               - actualWidthProperty: ReadOnlyDoubleProperty [value: 800.0]
01:33:45.071 [FXGL Background Thread 3 ] DEBUG Engine               - appIcon: fxgl_icon.png
01:33:45.071 [FXGL Background Thread 3 ] DEBUG Engine               - applicationMode: DEVELOPER
01:33:45.071 [FXGL Background Thread 3 ] DEBUG Engine               - cSSList: [fxgl_dark.css]
01:33:45.071 [FXGL Background Thread 3 ] DEBUG Engine               - collisionDetectionStrategy: BRUTE_FORCE
01:33:45.072 [FXGL Background Thread 3 ] DEBUG Engine               - configClass: Optional.empty
01:33:45.072 [FXGL Background Thread 3 ] DEBUG Engine               - credits: []
01:33:45.072 [FXGL Background Thread 3 ] DEBUG Engine               - defaultCursor: CursorInfo(imageName=fxgl_default_cursor.png, hotspotX=7.0, hotspotY=6.0)
01:33:45.072 [FXGL Background Thread 3 ] DEBUG Engine               - devBBoxColorProperty: ObjectProperty [value: 0xff0000ff]
01:33:45.073 [FXGL Background Thread 3 ] DEBUG Engine               - devEnableDebugCameraProperty: BooleanProperty [value: false]
01:33:45.073 [FXGL Background Thread 3 ] DEBUG Engine               - devSensorColorProperty: ObjectProperty [value: 0xffff00ff]
01:33:45.073 [FXGL Background Thread 3 ] DEBUG Engine               - devShowBBoxProperty: BooleanProperty [value: false]
01:33:45.073 [FXGL Background Thread 3 ] DEBUG Engine               - devShowPositionProperty: BooleanProperty [value: false]
01:33:45.073 [FXGL Background Thread 3 ] DEBUG Engine               - enabledMenuItems: []
01:33:45.073 [FXGL Background Thread 3 ] DEBUG Engine               - engineServices: [class com.almasb.fxgl.app.services.FXGLAssetLoaderService, class com.almasb.fxgl.app.FXGLApplication$GameApplicationService, class com.almasb.fxgl.app.services.FXGLDialogService, class com.almasb.fxgl.app.services.IOTaskExecutorService, class com.almasb.fxgl.io.FileSystemService, class com.almasb.fxgl.localization.LocalizationService, class com.almasb.fxgl.app.services.SystemBundleService, class com.almasb.fxgl.profile.SaveLoadService, class com.almasb.fxgl.ui.FXGLUIFactoryServiceProvider, class com.almasb.fxgl.ui.FXGLDialogFactoryServiceProvider, class com.almasb.fxgl.audio.AudioPlayer, class com.almasb.fxgl.notification.impl.NotificationServiceProvider, class com.almasb.fxgl.achievement.AchievementService, class com.almasb.fxgl.cutscene.CutsceneService, class com.almasb.fxgl.minigames.MiniGameService, class com.almasb.fxgl.net.NetService, class com.almasb.fxgl.app.services.UpdaterService, class com.almasb.fxgl.dev.DevService]
01:33:45.073 [FXGL Background Thread 3 ] DEBUG Engine               - fontGame: Abel-Regular.ttf
01:33:45.073 [FXGL Background Thread 3 ] DEBUG Engine               - fontMono: TerminalLandMono-Regular.otf
01:33:45.074 [FXGL Background Thread 3 ] DEBUG Engine               - fontText: Courier-Prime.ttf
01:33:45.074 [FXGL Background Thread 3 ] DEBUG Engine               - fontUI: VarelaRound-Regular.ttf
01:33:45.074 [FXGL Background Thread 3 ] DEBUG Engine               - fullScreen: BooleanProperty [value: false]
01:33:45.074 [FXGL Background Thread 3 ] DEBUG Engine               - gameDifficulty: MEDIUM
01:33:45.074 [FXGL Background Thread 3 ] DEBUG Engine               - gameDifficultyProperty: ObjectProperty [value: MEDIUM]
01:33:45.074 [FXGL Background Thread 3 ] DEBUG Engine               - globalMusicVolume: 0.5
01:33:45.074 [FXGL Background Thread 3 ] DEBUG Engine               - globalMusicVolumeProperty: DoubleProperty [value: 0.5]
01:33:45.074 [FXGL Background Thread 3 ] DEBUG Engine               - globalSoundVolume: 0.5
01:33:45.074 [FXGL Background Thread 3 ] DEBUG Engine               - globalSoundVolumeProperty: DoubleProperty [value: 0.5]
01:33:45.074 [FXGL Background Thread 3 ] DEBUG Engine               - height: 800
01:33:45.074 [FXGL Background Thread 3 ] DEBUG Engine               - is3D: false
01:33:45.074 [FXGL Background Thread 3 ] DEBUG Engine               - isAndroid: false
01:33:45.074 [FXGL Background Thread 3 ] DEBUG Engine               - isBrowser: false
01:33:45.074 [FXGL Background Thread 3 ] DEBUG Engine               - isClickFeedbackEnabled: false
01:33:45.075 [FXGL Background Thread 3 ] DEBUG Engine               - isCloseConfirmation: false
01:33:45.075 [FXGL Background Thread 3 ] DEBUG Engine               - isDesktop: true
01:33:45.075 [FXGL Background Thread 3 ] DEBUG Engine               - isDeveloperMenuEnabled: true
01:33:45.075 [FXGL Background Thread 3 ] DEBUG Engine               - isEmbedded: false
01:33:45.075 [FXGL Background Thread 3 ] DEBUG Engine               - isEntityPreloadEnabled: true
01:33:45.075 [FXGL Background Thread 3 ] DEBUG Engine               - isExperimentalTiledLargeMap: false
01:33:45.075 [FXGL Background Thread 3 ] DEBUG Engine               - isFileSystemWriteAllowed: true
01:33:45.075 [FXGL Background Thread 3 ] DEBUG Engine               - isFullScreenAllowed: true
01:33:45.075 [FXGL Background Thread 3 ] DEBUG Engine               - isFullScreenFromStart: false
01:33:45.075 [FXGL Background Thread 3 ] DEBUG Engine               - isGameMenuEnabled: true
01:33:45.075 [FXGL Background Thread 3 ] DEBUG Engine               - isIOS: false
01:33:45.075 [FXGL Background Thread 3 ] DEBUG Engine               - isIntroEnabled: false
01:33:45.075 [FXGL Background Thread 3 ] DEBUG Engine               - isLinux: false
01:33:45.075 [FXGL Background Thread 3 ] DEBUG Engine               - isMac: true
01:33:45.075 [FXGL Background Thread 3 ] DEBUG Engine               - isMainMenuEnabled: true
01:33:45.075 [FXGL Background Thread 3 ] DEBUG Engine               - isManualResizeEnabled: false
01:33:45.075 [FXGL Background Thread 3 ] DEBUG Engine               - isMobile: false
01:33:45.075 [FXGL Background Thread 3 ] DEBUG Engine               - isNative: false
01:33:45.075 [FXGL Background Thread 3 ] DEBUG Engine               - isPauseMusicWhenMinimized: true
01:33:45.075 [FXGL Background Thread 3 ] DEBUG Engine               - isPreserveResizeRatio: false
01:33:45.076 [FXGL Background Thread 3 ] DEBUG Engine               - isProfilingEnabled: false
01:33:45.076 [FXGL Background Thread 3 ] DEBUG Engine               - isScaleAffectedOnResize: true
01:33:45.076 [FXGL Background Thread 3 ] DEBUG Engine               - isSingleStep: false
01:33:45.076 [FXGL Background Thread 3 ] DEBUG Engine               - isUserProfileEnabled: false
01:33:45.076 [FXGL Background Thread 3 ] DEBUG Engine               - isWindows: false
01:33:45.076 [FXGL Background Thread 3 ] DEBUG Engine               - language: ObjectProperty [value: ENGLISH]
01:33:45.076 [FXGL Background Thread 3 ] DEBUG Engine               - menuKey: ESCAPE
01:33:45.076 [FXGL Background Thread 3 ] DEBUG Engine               - mouseSensitivity: 0.2
01:33:45.076 [FXGL Background Thread 3 ] DEBUG Engine               - notificationViewClass: class com.almasb.fxgl.notification.view.XboxNotificationView
01:33:45.076 [FXGL Background Thread 3 ] DEBUG Engine               - pixelsPerMeter: 50.0
01:33:45.076 [FXGL Background Thread 3 ] DEBUG Engine               - platform: MAC
01:33:45.076 [FXGL Background Thread 3 ] DEBUG Engine               - prefHeightProperty: ReadOnlyDoubleProperty [value: 800.0]
01:33:45.076 [FXGL Background Thread 3 ] DEBUG Engine               - prefWidthProperty: ReadOnlyDoubleProperty [value: 800.0]
01:33:45.076 [FXGL Background Thread 3 ] DEBUG Engine               - profileDir: profiles/
01:33:45.076 [FXGL Background Thread 3 ] DEBUG Engine               - profileName: StringProperty [value: DEFAULT]
01:33:45.076 [FXGL Background Thread 3 ] DEBUG Engine               - randomSeed: -1
01:33:45.077 [FXGL Background Thread 3 ] DEBUG Engine               - runtimeInfo: RuntimeInfo(platform=MAC, version=17, build=31.12.2021 18.16)
01:33:45.077 [FXGL Background Thread 3 ] DEBUG Engine               - saveFileExt: sav
01:33:45.077 [FXGL Background Thread 3 ] DEBUG Engine               - scaledHeightProp$fxgl: DoubleProperty [bound, value: 800.0]
01:33:45.077 [FXGL Background Thread 3 ] DEBUG Engine               - scaledWidthProp$fxgl: DoubleProperty [bound, value: 800.0]
01:33:45.077 [FXGL Background Thread 3 ] DEBUG Engine               - sceneFactory: com.almasb.fxgl.app.scene.SceneFactory@f36b5f
01:33:45.077 [FXGL Background Thread 3 ] DEBUG Engine               - secondsIn24h: 60
01:33:45.077 [FXGL Background Thread 3 ] DEBUG Engine               - soundMenuBack: menu/back.wav
01:33:45.077 [FXGL Background Thread 3 ] DEBUG Engine               - soundMenuPress: menu/press.wav
01:33:45.077 [FXGL Background Thread 3 ] DEBUG Engine               - soundMenuSelect: menu/select.wav
01:33:45.077 [FXGL Background Thread 3 ] DEBUG Engine               - soundNotification: core/notification.wav
01:33:45.077 [FXGL Background Thread 3 ] DEBUG Engine               - stageStyle: DECORATED
01:33:45.077 [FXGL Background Thread 3 ] DEBUG Engine               - supportedLanguages: [ENGLISH, FRENCH, GERMAN, HUNGARIAN, RUSSIAN]
01:33:45.078 [FXGL Background Thread 3 ] DEBUG Engine               - ticksPerSecond: -1
01:33:45.078 [FXGL Background Thread 3 ] DEBUG Engine               - title: Zelda 2D Game
01:33:45.078 [FXGL Background Thread 3 ] DEBUG Engine               - urlGithub: https://github.com/AlmasB/FXGL
01:33:45.078 [FXGL Background Thread 3 ] DEBUG Engine               - urlLeaderboard: http://fxgl-top.herokuapp.com/
01:33:45.078 [FXGL Background Thread 3 ] DEBUG Engine               - urlPOM: https://raw.githubusercontent.com/AlmasB/FXGL/release/README.md
01:33:45.078 [FXGL Background Thread 3 ] DEBUG Engine               - userAppClass: class com.example.zeldapuzzle.MainGameApp
01:33:45.078 [FXGL Background Thread 3 ] DEBUG Engine               - version: 1
01:33:45.078 [FXGL Background Thread 3 ] DEBUG Engine               - versionCheckDays: 7
01:33:45.078 [FXGL Background Thread 3 ] DEBUG Engine               - width: 800
01:33:45.078 [FXGL Background Thread 3 ] DEBUG Engine               - Logging services
01:33:45.078 [FXGL Background Thread 3 ] DEBUG Engine               - class com.almasb.fxgl.app.services.FXGLAssetLoaderService
01:33:45.078 [FXGL Background Thread 3 ] DEBUG Engine               - class com.almasb.fxgl.app.FXGLApplication$GameApplicationService
01:33:45.078 [FXGL Background Thread 3 ] DEBUG Engine               - class com.almasb.fxgl.app.services.FXGLDialogService
01:33:45.078 [FXGL Background Thread 3 ] DEBUG Engine               - class com.almasb.fxgl.app.services.IOTaskExecutorService
01:33:45.078 [FXGL Background Thread 3 ] DEBUG Engine               - class com.almasb.fxgl.io.FileSystemService
01:33:45.078 [FXGL Background Thread 3 ] DEBUG Engine               - class com.almasb.fxgl.localization.LocalizationService
01:33:45.078 [FXGL Background Thread 3 ] DEBUG Engine               - class com.almasb.fxgl.app.services.SystemBundleService
01:33:45.078 [FXGL Background Thread 3 ] DEBUG Engine               - class com.almasb.fxgl.profile.SaveLoadService
01:33:45.078 [FXGL Background Thread 3 ] DEBUG Engine               - class com.almasb.fxgl.ui.FXGLUIFactoryServiceProvider
01:33:45.078 [FXGL Background Thread 3 ] DEBUG Engine               - class com.almasb.fxgl.ui.FXGLDialogFactoryServiceProvider
01:33:45.078 [FXGL Background Thread 3 ] DEBUG Engine               - class com.almasb.fxgl.audio.AudioPlayer
01:33:45.078 [FXGL Background Thread 3 ] DEBUG Engine               - class com.almasb.fxgl.notification.impl.NotificationServiceProvider
01:33:45.079 [FXGL Background Thread 3 ] DEBUG Engine               - class com.almasb.fxgl.achievement.AchievementService
01:33:45.079 [FXGL Background Thread 3 ] DEBUG Engine               - class com.almasb.fxgl.cutscene.CutsceneService
01:33:45.079 [FXGL Background Thread 3 ] DEBUG Engine               - class com.almasb.fxgl.minigames.MiniGameService
01:33:45.079 [FXGL Background Thread 3 ] DEBUG Engine               - class com.almasb.fxgl.net.NetService
01:33:45.079 [FXGL Background Thread 3 ] DEBUG Engine               - class com.almasb.fxgl.app.services.UpdaterService
01:33:45.079 [FXGL Background Thread 3 ] DEBUG Engine               - class com.almasb.fxgl.dev.DevService
01:34:01.874 [pool-2-thread-1          ] DEBUG LoopRunner           - Stopping loop
01:34:01.877 [pool-2-thread-1          ] FATAL FXGLApplication      - Uncaught Exception:
java.lang.IllegalStateException: Not on FX application thread; currentThread = pool-2-thread-1
	at javafx.graphics@19/com.sun.javafx.tk.Toolkit.checkFxUserThread(Toolkit.java:299)
	at javafx.graphics@19/com.sun.javafx.tk.quantum.QuantumToolkit.checkFxUserThread(QuantumToolkit.java:458)
	at javafx.graphics@19/javafx.scene.Parent$3.onProposedChange(Parent.java:474)
	at javafx.base@19/com.sun.javafx.collections.VetoableListDecorator.setAll(VetoableListDecorator.java:113)
	at javafx.base@19/com.sun.javafx.collections.VetoableListDecorator.setAll(VetoableListDecorator.java:108)
	at javafx.controls@19/javafx.scene.control.skin.ProgressBarSkin.initialize(ProgressBarSkin.java:333)
	at javafx.controls@19/javafx.scene.control.skin.ProgressIndicatorSkin.lambda$new$0(ProgressIndicatorSkin.java:133)
	at javafx.controls@19/com.sun.javafx.scene.control.LambdaMultiplePropertyChangeListenerHandler.lambda$new$1(LambdaMultiplePropertyChangeListenerHandler.java:88)
	at javafx.base@19/javafx.beans.value.WeakChangeListener.changed(WeakChangeListener.java:86)
	at javafx.base@19/com.sun.javafx.binding.ExpressionHelper$SingleChange.fireValueChangedEvent(ExpressionHelper.java:181)
	at javafx.base@19/com.sun.javafx.binding.ExpressionHelper.fireValueChangedEvent(ExpressionHelper.java:80)
	at javafx.base@19/javafx.beans.property.ReadOnlyBooleanPropertyBase.fireValueChangedEvent(ReadOnlyBooleanPropertyBase.java:78)
	at javafx.base@19/javafx.beans.property.ReadOnlyBooleanWrapper.fireValueChangedEvent(ReadOnlyBooleanWrapper.java:103)
	at javafx.base@19/javafx.beans.property.BooleanPropertyBase.markInvalid(BooleanPropertyBase.java:111)
	at javafx.base@19/javafx.beans.property.BooleanPropertyBase.set(BooleanPropertyBase.java:145)
	at javafx.controls@19/javafx.scene.control.ProgressIndicator.setIndeterminate(ProgressIndicator.java:118)
	at javafx.controls@19/javafx.scene.control.ProgressIndicator$2.invalidated(ProgressIndicator.java:170)
	at javafx.base@19/javafx.beans.property.DoublePropertyBase.markInvalid(DoublePropertyBase.java:113)
	at javafx.base@19/javafx.beans.property.DoublePropertyBase.set(DoublePropertyBase.java:148)
	at javafx.controls@19/javafx.scene.control.ProgressIndicator.setProgress(ProgressIndicator.java:159)
	at com.example.zeldapuzzle/com.example.zeldapuzzle.MainGameApp$13.run(MainGameApp.java:354)
	at java.base/java.util.concurrent.Executors$RunnableAdapter.call(Executors.java:577)
	at java.base/java.util.concurrent.FutureTask.run(FutureTask.java:317)
	at java.base/java.util.concurrent.ScheduledThreadPoolExecutor$ScheduledFutureTask.run(ScheduledThreadPoolExecutor.java:304)
	at java.base/java.util.concurrent.ThreadPoolExecutor.runWorker(ThreadPoolExecutor.java:1144)
	at java.base/java.util.concurrent.ThreadPoolExecutor$Worker.run(ThreadPoolExecutor.java:642)
	at java.base/java.lang.Thread.run(Thread.java:1589)

01:34:01.877 [pool-2-thread-1          ] FATAL FXGLApplication      - Application will now exit
01:34:01.885 [pool-2-thread-1          ] DEBUG PrimaryStageWindow   - Push state: ErrorSubScene
01:34:01.885 [pool-2-thread-1          ] DEBUG Input                - Clearing active input actions
01:34:04.315 [JavaFX Application Thread] DEBUG FXGLApplication      - Exiting FXGL
01:34:04.315 [JavaFX Application Thread] DEBUG Async                - Shutting down background threads
01:34:04.316 [JavaFX Application Thread] DEBUG PrimaryStageWindow   - Closing main window
01:34:04.327 [JavaFX Application Thread] DEBUG Logger               - Closing Logger
