01:27:07.239 [main                     ] DEBUG Logger               - Configured Logger
01:27:07.258 [main                     ] DEBUG GameApplication      - Logging settings
Title: Zelda 2D Game
Version: 1
Width: 800
Height: 800
Fullscreen: true
Intro: false
Profiling: false
Single step:false
App Mode: DEVELOPER
Menu Key: ESCAPE
Stage Style: DECORATED
Scene Factory: class com.almasb.fxgl.app.scene.SceneFactory

01:27:07.479 [JavaFX Application Thread] DEBUG FXGLApplication      - Initializing FXGL
01:27:07.483 [JavaFX Application Thread] INFO  Engine               - FXGL-17 (31.12.2021 18.16) on MAC (J:19.0.1 FX:19)
01:27:07.483 [JavaFX Application Thread] DEBUG Engine               - JRE Vendor Name: Oracle Corporation
01:27:07.484 [JavaFX Application Thread] DEBUG Engine               - Running on OS: Mac OS X version 12.5
01:27:07.484 [JavaFX Application Thread] DEBUG Engine               - Architecture: aarch64
01:27:07.484 [JavaFX Application Thread] INFO  Engine               - Source code and latest versions at: https://github.com/AlmasB/FXGL
01:27:07.484 [JavaFX Application Thread] INFO  Engine               -       Ask questions and discuss at: https://github.com/AlmasB/FXGL/discussions
01:27:07.484 [JavaFX Application Thread] INFO  Engine               -              Join the FXGL chat at: https://gitter.im/AlmasB/FXGL
01:27:07.552 [JavaFX Application Thread] DEBUG PrimaryStageWindow   - Creating a JavaFX scene
01:27:07.594 [JavaFX Application Thread] DEBUG PrimaryStageWindow   - Target settings size: 800.0 x 800.0
01:27:07.594 [JavaFX Application Thread] DEBUG PrimaryStageWindow   - Scaled scene size:    800.0 x 800.0
01:27:07.594 [JavaFX Application Thread] DEBUG PrimaryStageWindow   - Scaled ratio: (1.0, 1.0)
01:27:07.595 [JavaFX Application Thread] DEBUG PrimaryStageWindow   - Set initial scene to FXGLStartupScene
01:27:07.599 [JavaFX Application Thread] DEBUG PrimaryStageWindow   - Opening main window
01:27:07.709 [JavaFX Application Thread] DEBUG PrimaryStageWindow   - Window border size: (0.0, 28.0)
01:27:07.709 [JavaFX Application Thread] DEBUG PrimaryStageWindow   - Scaled size: 800.0 x 800.0
01:27:07.709 [JavaFX Application Thread] DEBUG PrimaryStageWindow   - Scaled ratio: (1.0, 1.0)
01:27:07.709 [JavaFX Application Thread] DEBUG PrimaryStageWindow   - Scene size: 800.0 x 800.0
01:27:07.710 [JavaFX Application Thread] DEBUG PrimaryStageWindow   - Stage size: 800.0 x 828.0
01:27:07.714 [FXGL Background Thread 1 ] DEBUG Engine               - Initializing environment variables
01:27:07.758 [FXGL Background Thread 1 ] DEBUG FXGLAssetLoaderServi - User app class for loading assets: class com.example.zeldapuzzle.MainGameApp
01:27:07.759 [FXGL Background Thread 1 ] DEBUG GameApplicationServi - Applying CSS: fxgl_dark.css
01:27:07.759 [FXGL Background Thread 1 ] DEBUG FXGLAssetLoaderServi - Loading from file system: jar:file:///Users/CHLaroche05/.m2/repository/com/github/almasb/fxgl/17/fxgl-17.jar!/fxglassets/ui/css/fxgl_dark.css
01:27:07.798 [FXGL Background Thread 1 ] DEBUG GameApplicationServi - Initializing application scenes
01:27:07.953 [FXGL Background Thread 1 ] DEBUG GameWorld            - Game world initialized
01:27:08.000 [FXGL Background Thread 1 ] DEBUG PhysicsWorld         - Physics world initialized: appHeight=800, physics.ppm=50.0
01:27:08.000 [FXGL Background Thread 1 ] DEBUG PhysicsWorld         - Using strategy: BRUTE_FORCE
01:27:08.003 [FXGL Background Thread 1 ] DEBUG GameScene            - Game scene initialized: 800x800
01:27:08.011 [FXGL Background Thread 1 ] DEBUG FXGL.DefaultMenu     - createMenuBodyMainMenu()
01:27:08.022 [FXGL Background Thread 1 ] DEBUG FXGL.DefaultMenu     - createOptionsMenu()
01:27:08.028 [FXGL Background Thread 1 ] DEBUG FXGLAssetLoaderServi - Loading from file system: jar:file:///Users/CHLaroche05/.m2/repository/com/github/almasb/fxgl/17/fxgl-17.jar!/fxglassets/textures/particles/smoke.png
01:27:08.180 [FXGL Background Thread 1 ] DEBUG FXGLAssetLoaderServi - Loading from file system: jar:file:///Users/CHLaroche05/.m2/repository/com/github/almasb/fxgl/17/fxgl-17.jar!/fxglassets/textures/particles/trace_horizontal.png
01:27:08.226 [FXGL Background Thread 1 ] DEBUG FXGL.DefaultMenu     - createMenuBodyGameMenu()
01:27:08.227 [FXGL Background Thread 1 ] DEBUG FXGL.DefaultMenu     - createOptionsMenu()
01:27:08.294 [FXGL Background Thread 1 ] DEBUG GameApplicationServi - Application scenes initialized
01:27:08.317 [FXGL Background Thread 1 ] DEBUG SystemBundleService  - Loading FXGL system data
01:27:08.328 [FXGL Background Thread 1 ] DEBUG FileSystemAccess     - Reading from: /Users/CHLaroche05/zelda/zeldaPuzzle/system/fxgl.bundle
01:27:08.356 [FXGL Background Thread 1 ] DEBUG SystemBundleService  - Bundle FXGL: {}
01:27:08.356 [FXGL Background Thread 1 ] DEBUG UpdaterService       - Checking for updates
01:27:08.440 [FXGL Background Thread 4 ] DEBUG FXGLApplication      - Loading fonts
01:27:08.441 [FXGL Background Thread 4 ] DEBUG FXGLAssetLoaderServi - Loading from file system: jar:file:///Users/CHLaroche05/.m2/repository/com/github/almasb/fxgl/17/fxgl-17.jar!/fxglassets/ui/fonts/VarelaRound-Regular.ttf
01:27:08.447 [FXGL Background Thread 1 ] DEBUG FXGLApplication      - Loading default localization
01:27:08.448 [FXGL Background Thread 1 ] DEBUG FXGLAssetLoaderServi - Loading from file system: jar:file:///Users/CHLaroche05/.m2/repository/com/github/almasb/fxgl/17/fxgl-17.jar!/fxglassets/languages/english.lang
01:27:08.460 [FXGL Background Thread 4 ] DEBUG FXGLAssetLoaderServi - Loading from file system: jar:file:///Users/CHLaroche05/.m2/repository/com/github/almasb/fxgl/17/fxgl-17.jar!/fxglassets/ui/fonts/Abel-Regular.ttf
01:27:08.464 [FXGL Background Thread 4 ] DEBUG FXGLAssetLoaderServi - Loading from file system: jar:file:///Users/CHLaroche05/.m2/repository/com/github/almasb/fxgl/17/fxgl-17.jar!/fxglassets/ui/fonts/TerminalLandMono-Regular.otf
01:27:08.469 [FXGL Background Thread 4 ] DEBUG FXGLAssetLoaderServi - Loading from file system: jar:file:///Users/CHLaroche05/.m2/repository/com/github/almasb/fxgl/17/fxgl-17.jar!/fxglassets/ui/fonts/Courier-Prime.ttf
01:27:08.476 [JavaFX Application Thread] DEBUG FXGLApplication      - Registering font factories with UI factory
01:27:08.490 [FXGL Background Thread 1 ] INFO  FXGLApplication      - FXGL initialization took: 0.776 sec
01:27:08.503 [JavaFX Application Thread] DEBUG Input                - Registered new binding: inventaire - Tab
01:27:08.503 [JavaFX Application Thread] DEBUG Input                - Registered new binding: getPosition - P
01:27:08.503 [JavaFX Application Thread] DEBUG Input                - Registered new binding: zoom+ - Up
01:27:08.504 [JavaFX Application Thread] DEBUG Input                - Registered new binding: zoom- - Down
01:27:08.504 [JavaFX Application Thread] DEBUG Input                - Registered new binding: resetZoom - 0
01:27:08.504 [JavaFX Application Thread] DEBUG Input                - Registered new binding: Move right - D
01:27:08.504 [JavaFX Application Thread] DEBUG Input                - Registered new binding: Move left - A
01:27:08.504 [JavaFX Application Thread] DEBUG Input                - Registered new binding: Move Up - W
01:27:08.504 [JavaFX Application Thread] DEBUG Input                - Registered new binding: Move Down - S
01:27:08.505 [JavaFX Application Thread] DEBUG Input                - Registered new binding: Jump - Space
01:27:08.505 [JavaFX Application Thread] DEBUG FXGLAssetLoaderServi - Loading from file system: jar:file:///Users/CHLaroche05/.m2/repository/com/github/almasb/fxgl/17/fxgl-17.jar!/fxglassets/textures/fxgl_icon.png
01:27:08.535 [JavaFX Application Thread] DEBUG FXGLAssetLoaderServi - Loading from file system: jar:file:///Users/CHLaroche05/.m2/repository/com/github/almasb/fxgl/17/fxgl-17.jar!/fxglassets/textures/fxgl_default_cursor.png
01:27:08.537 [JavaFX Application Thread] DEBUG Input                - Registered new binding: Screenshot - CTRL+8
01:27:08.537 [JavaFX Application Thread] DEBUG Input                - Registered new binding: Dev Options - 1
01:27:08.538 [JavaFX Application Thread] DEBUG Input                - Registered new binding: Dev Console - 2
01:27:08.538 [JavaFX Application Thread] DEBUG Input                - Registered new binding: System info dump - CTRL+9
01:27:08.539 [JavaFX Application Thread] DEBUG Input                - Registered new binding: Restart - CTRL+R
01:27:08.539 [JavaFX Application Thread] DEBUG Input                - Registered new binding: Toggle Debug Camera - CTRL+7
01:27:08.541 [JavaFX Application Thread] DEBUG LoopRunner           - Starting loop
01:27:08.556 [JavaFX Application Thread] DEBUG LoopRunner           - Initializing JavaFX AnimationTimerLoop
01:27:08.558 [JavaFX Application Thread] DEBUG Input                - Clearing active input actions
01:27:08.567 [JavaFX Application Thread] DEBUG GameApplicationServi - Removing overlay from FXGLStartupScene and adding to FXGLMainMenuDummyScene
01:27:08.570 [JavaFX Application Thread] DEBUG PrimaryStageWindow   - FXGLStartupScene -> FXGLMainMenuDummyScene
01:27:08.571 [JavaFX Application Thread] DEBUG PrimaryStageWindow   - Push state: FXGLDefaultMenu
01:27:08.572 [JavaFX Application Thread] DEBUG Input                - Clearing active input actions
01:27:08.579 [JavaFX Application Thread] DEBUG GameApplicationServi - Removing overlay from FXGLMainMenuDummyScene and adding to FXGLDefaultMenu
01:27:08.580 [JavaFX Application Thread] DEBUG PrimaryStageWindow   - FXGLMainMenuDummyScene -> FXGLDefaultMenu
01:27:09.023 [FXGL Background Thread 2 ] INFO  UpdaterService       - Your current version:  17
01:27:09.023 [FXGL Background Thread 2 ] INFO  UpdaterService       - Latest stable version: 21.1
01:27:09.613 [JavaFX Application Thread] DEBUG Menu                 - fireNewGame()
01:27:09.613 [JavaFX Application Thread] DEBUG GameApplicationServi - Starting new game
01:27:09.615 [JavaFX Application Thread] DEBUG PrimaryStageWindow   - Pop state: FXGLDefaultMenu
01:27:09.615 [JavaFX Application Thread] DEBUG Input                - Clearing active input actions
01:27:09.616 [JavaFX Application Thread] DEBUG GameApplicationServi - Removing overlay from FXGLDefaultMenu and adding to FXGLMainMenuDummyScene
01:27:09.617 [JavaFX Application Thread] DEBUG PrimaryStageWindow   - FXGLMainMenuDummyScene <- FXGLDefaultMenu
01:27:09.618 [JavaFX Application Thread] DEBUG Input                - Clearing active input actions
01:27:09.628 [JavaFX Application Thread] DEBUG GameApplicationServi - Removing overlay from FXGLMainMenuDummyScene and adding to FXGLLoadingScene
01:27:09.628 [JavaFX Application Thread] DEBUG PrimaryStageWindow   - FXGLMainMenuDummyScene -> FXGLLoadingScene
01:27:09.628 [JavaFX Application Thread] DEBUG GameApplicationServi - Clearing previous game
01:27:09.628 [JavaFX Application Thread] DEBUG GameScene            - Clearing game scene
01:27:09.628 [JavaFX Application Thread] DEBUG GameWorld            - Clearing game world
01:27:09.628 [JavaFX Application Thread] DEBUG PhysicsWorld         - Clearing physics world
01:27:09.630 [FXGL Background Thread 2 ] DEBUG FXGLApplication      - Initializing game
01:27:09.663 [FXGL Background Thread 2 ] WARN  TMXLevelLoader       - TiledMap generated from 1.10.2. Supported version: 1.2.3. Some features may not be parsed fully.
01:27:09.755 [FXGL Background Thread 2 ] DEBUG TMXLevelLoader       - Parsed TiledMap: file:/Users/CHLaroche05/zelda/zeldaPuzzle/target/classes/assets/levels/mapFinal.tmx
01:27:09.757 [FXGL Background Thread 2 ] DEBUG TMXLevelLoader       - Creating tile layer entities
01:27:09.762 [FXGL Background Thread 2 ] DEBUG TilesetLoader        - Loading view for layer background
01:27:09.785 [FXGL Background Thread 2 ] DEBUG TilesetLoader        - Created buffer with size 4800.0x4800.0
01:27:10.078 [FXGL Background Thread 2 ] DEBUG TilesetLoader        - Loading view for layer devant
01:27:10.097 [FXGL Background Thread 2 ] DEBUG TilesetLoader        - Created buffer with size 4800.0x4800.0
01:27:10.148 [FXGL Background Thread 2 ] DEBUG TilesetLoader        - Loading view for layer devant1
01:27:10.165 [FXGL Background Thread 2 ] DEBUG TilesetLoader        - Created buffer with size 4800.0x4800.0
01:27:10.188 [FXGL Background Thread 2 ] DEBUG TMXLevelLoader       - Creating object layer entities
01:27:10.247 [FXGL Background Thread 2 ] DEBUG GameWorld            - Clearing removable entities
01:27:10.248 [FXGL Background Thread 2 ] DEBUG GameWorld            - Setting level: com.almasb.fxgl.entity.level.Level@22a99be
01:27:10.269 [FXGL Background Thread 2 ] WARN  GameWorld            - Entity is already attached to world
01:27:10.271 [FXGL Background Thread 2 ] WARN  GameWorld            - Entity is already attached to world
01:27:10.276 [FXGL Background Thread 2 ] INFO  FXGLApplication      - Game initialization took: 0.646 sec
01:27:10.277 [JavaFX Application Thread] DEBUG Input                - Clearing active input actions
01:27:10.285 [JavaFX Application Thread] DEBUG GameApplicationServi - Removing overlay from FXGLLoadingScene and adding to GameScene
01:27:10.287 [JavaFX Application Thread] DEBUG PrimaryStageWindow   - FXGLLoadingScene -> GameScene
01:27:11.437 [FXGL Background Thread 3 ] DEBUG Engine               - Logging environment variables
01:27:11.438 [FXGL Background Thread 3 ] DEBUG Engine               - achievements: []
01:27:11.438 [FXGL Background Thread 3 ] DEBUG Engine               - actualHeight: 800.0
01:27:11.438 [FXGL Background Thread 3 ] DEBUG Engine               - actualHeightProperty: ReadOnlyDoubleProperty [value: 800.0]
01:27:11.439 [FXGL Background Thread 3 ] DEBUG Engine               - actualWidth: 800.0
01:27:11.439 [FXGL Background Thread 3 ] DEBUG Engine               - actualWidthProperty: ReadOnlyDoubleProperty [value: 800.0]
01:27:11.439 [FXGL Background Thread 3 ] DEBUG Engine               - appIcon: fxgl_icon.png
01:27:11.439 [FXGL Background Thread 3 ] DEBUG Engine               - applicationMode: DEVELOPER
01:27:11.439 [FXGL Background Thread 3 ] DEBUG Engine               - cSSList: [fxgl_dark.css]
01:27:11.439 [FXGL Background Thread 3 ] DEBUG Engine               - collisionDetectionStrategy: BRUTE_FORCE
01:27:11.439 [FXGL Background Thread 3 ] DEBUG Engine               - configClass: Optional.empty
01:27:11.439 [FXGL Background Thread 3 ] DEBUG Engine               - credits: []
01:27:11.440 [FXGL Background Thread 3 ] DEBUG Engine               - defaultCursor: CursorInfo(imageName=fxgl_default_cursor.png, hotspotX=7.0, hotspotY=6.0)
01:27:11.440 [FXGL Background Thread 3 ] DEBUG Engine               - devBBoxColorProperty: ObjectProperty [value: 0xff0000ff]
01:27:11.440 [FXGL Background Thread 3 ] DEBUG Engine               - devEnableDebugCameraProperty: BooleanProperty [value: false]
01:27:11.440 [FXGL Background Thread 3 ] DEBUG Engine               - devSensorColorProperty: ObjectProperty [value: 0xffff00ff]
01:27:11.440 [FXGL Background Thread 3 ] DEBUG Engine               - devShowBBoxProperty: BooleanProperty [value: false]
01:27:11.440 [FXGL Background Thread 3 ] DEBUG Engine               - devShowPositionProperty: BooleanProperty [value: false]
01:27:11.441 [FXGL Background Thread 3 ] DEBUG Engine               - enabledMenuItems: []
01:27:11.441 [FXGL Background Thread 3 ] DEBUG Engine               - engineServices: [class com.almasb.fxgl.app.services.FXGLAssetLoaderService, class com.almasb.fxgl.app.FXGLApplication$GameApplicationService, class com.almasb.fxgl.app.services.FXGLDialogService, class com.almasb.fxgl.app.services.IOTaskExecutorService, class com.almasb.fxgl.io.FileSystemService, class com.almasb.fxgl.localization.LocalizationService, class com.almasb.fxgl.app.services.SystemBundleService, class com.almasb.fxgl.profile.SaveLoadService, class com.almasb.fxgl.ui.FXGLUIFactoryServiceProvider, class com.almasb.fxgl.ui.FXGLDialogFactoryServiceProvider, class com.almasb.fxgl.audio.AudioPlayer, class com.almasb.fxgl.notification.impl.NotificationServiceProvider, class com.almasb.fxgl.achievement.AchievementService, class com.almasb.fxgl.cutscene.CutsceneService, class com.almasb.fxgl.minigames.MiniGameService, class com.almasb.fxgl.net.NetService, class com.almasb.fxgl.app.services.UpdaterService, class com.almasb.fxgl.dev.DevService]
01:27:11.441 [FXGL Background Thread 3 ] DEBUG Engine               - fontGame: Abel-Regular.ttf
01:27:11.441 [FXGL Background Thread 3 ] DEBUG Engine               - fontMono: TerminalLandMono-Regular.otf
01:27:11.441 [FXGL Background Thread 3 ] DEBUG Engine               - fontText: Courier-Prime.ttf
01:27:11.441 [FXGL Background Thread 3 ] DEBUG Engine               - fontUI: VarelaRound-Regular.ttf
01:27:11.441 [FXGL Background Thread 3 ] DEBUG Engine               - fullScreen: BooleanProperty [value: false]
01:27:11.441 [FXGL Background Thread 3 ] DEBUG Engine               - gameDifficulty: MEDIUM
01:27:11.441 [FXGL Background Thread 3 ] DEBUG Engine               - gameDifficultyProperty: ObjectProperty [value: MEDIUM]
01:27:11.441 [FXGL Background Thread 3 ] DEBUG Engine               - globalMusicVolume: 0.5
01:27:11.441 [FXGL Background Thread 3 ] DEBUG Engine               - globalMusicVolumeProperty: DoubleProperty [value: 0.5]
01:27:11.441 [FXGL Background Thread 3 ] DEBUG Engine               - globalSoundVolume: 0.5
01:27:11.441 [FXGL Background Thread 3 ] DEBUG Engine               - globalSoundVolumeProperty: DoubleProperty [value: 0.5]
01:27:11.442 [FXGL Background Thread 3 ] DEBUG Engine               - height: 800
01:27:11.442 [FXGL Background Thread 3 ] DEBUG Engine               - is3D: false
01:27:11.442 [FXGL Background Thread 3 ] DEBUG Engine               - isAndroid: false
01:27:11.442 [FXGL Background Thread 3 ] DEBUG Engine               - isBrowser: false
01:27:11.442 [FXGL Background Thread 3 ] DEBUG Engine               - isClickFeedbackEnabled: false
01:27:11.442 [FXGL Background Thread 3 ] DEBUG Engine               - isCloseConfirmation: false
01:27:11.442 [FXGL Background Thread 3 ] DEBUG Engine               - isDesktop: true
01:27:11.442 [FXGL Background Thread 3 ] DEBUG Engine               - isDeveloperMenuEnabled: true
01:27:11.442 [FXGL Background Thread 3 ] DEBUG Engine               - isEmbedded: false
01:27:11.442 [FXGL Background Thread 3 ] DEBUG Engine               - isEntityPreloadEnabled: true
01:27:11.442 [FXGL Background Thread 3 ] DEBUG Engine               - isExperimentalTiledLargeMap: false
01:27:11.443 [FXGL Background Thread 3 ] DEBUG Engine               - isFileSystemWriteAllowed: true
01:27:11.443 [FXGL Background Thread 3 ] DEBUG Engine               - isFullScreenAllowed: true
01:27:11.443 [FXGL Background Thread 3 ] DEBUG Engine               - isFullScreenFromStart: false
01:27:11.443 [FXGL Background Thread 3 ] DEBUG Engine               - isGameMenuEnabled: true
01:27:11.443 [FXGL Background Thread 3 ] DEBUG Engine               - isIOS: false
01:27:11.443 [FXGL Background Thread 3 ] DEBUG Engine               - isIntroEnabled: false
01:27:11.443 [FXGL Background Thread 3 ] DEBUG Engine               - isLinux: false
01:27:11.443 [FXGL Background Thread 3 ] DEBUG Engine               - isMac: true
01:27:11.443 [FXGL Background Thread 3 ] DEBUG Engine               - isMainMenuEnabled: true
01:27:11.443 [FXGL Background Thread 3 ] DEBUG Engine               - isManualResizeEnabled: false
01:27:11.444 [FXGL Background Thread 3 ] DEBUG Engine               - isMobile: false
01:27:11.444 [FXGL Background Thread 3 ] DEBUG Engine               - isNative: false
01:27:11.444 [FXGL Background Thread 3 ] DEBUG Engine               - isPauseMusicWhenMinimized: true
01:27:11.444 [FXGL Background Thread 3 ] DEBUG Engine               - isPreserveResizeRatio: false
01:27:11.444 [FXGL Background Thread 3 ] DEBUG Engine               - isProfilingEnabled: false
01:27:11.444 [FXGL Background Thread 3 ] DEBUG Engine               - isScaleAffectedOnResize: true
01:27:11.444 [FXGL Background Thread 3 ] DEBUG Engine               - isSingleStep: false
01:27:11.444 [FXGL Background Thread 3 ] DEBUG Engine               - isUserProfileEnabled: false
01:27:11.444 [FXGL Background Thread 3 ] DEBUG Engine               - isWindows: false
01:27:11.444 [FXGL Background Thread 3 ] DEBUG Engine               - language: ObjectProperty [value: ENGLISH]
01:27:11.444 [FXGL Background Thread 3 ] DEBUG Engine               - menuKey: ESCAPE
01:27:11.444 [FXGL Background Thread 3 ] DEBUG Engine               - mouseSensitivity: 0.2
01:27:11.444 [FXGL Background Thread 3 ] DEBUG Engine               - notificationViewClass: class com.almasb.fxgl.notification.view.XboxNotificationView
01:27:11.445 [FXGL Background Thread 3 ] DEBUG Engine               - pixelsPerMeter: 50.0
01:27:11.445 [FXGL Background Thread 3 ] DEBUG Engine               - platform: MAC
01:27:11.445 [FXGL Background Thread 3 ] DEBUG Engine               - prefHeightProperty: ReadOnlyDoubleProperty [value: 800.0]
01:27:11.445 [FXGL Background Thread 3 ] DEBUG Engine               - prefWidthProperty: ReadOnlyDoubleProperty [value: 800.0]
01:27:11.445 [FXGL Background Thread 3 ] DEBUG Engine               - profileDir: profiles/
01:27:11.445 [FXGL Background Thread 3 ] DEBUG Engine               - profileName: StringProperty [value: DEFAULT]
01:27:11.445 [FXGL Background Thread 3 ] DEBUG Engine               - randomSeed: -1
01:27:11.445 [FXGL Background Thread 3 ] DEBUG Engine               - runtimeInfo: RuntimeInfo(platform=MAC, version=17, build=31.12.2021 18.16)
01:27:11.445 [FXGL Background Thread 3 ] DEBUG Engine               - saveFileExt: sav
01:27:11.445 [FXGL Background Thread 3 ] DEBUG Engine               - scaledHeightProp$fxgl: DoubleProperty [bound, value: 800.0]
01:27:11.445 [FXGL Background Thread 3 ] DEBUG Engine               - scaledWidthProp$fxgl: DoubleProperty [bound, value: 800.0]
01:27:11.446 [FXGL Background Thread 3 ] DEBUG Engine               - sceneFactory: com.almasb.fxgl.app.scene.SceneFactory@4d844d1a
01:27:11.446 [FXGL Background Thread 3 ] DEBUG Engine               - secondsIn24h: 60
01:27:11.446 [FXGL Background Thread 3 ] DEBUG Engine               - soundMenuBack: menu/back.wav
01:27:11.446 [FXGL Background Thread 3 ] DEBUG Engine               - soundMenuPress: menu/press.wav
01:27:11.446 [FXGL Background Thread 3 ] DEBUG Engine               - soundMenuSelect: menu/select.wav
01:27:11.446 [FXGL Background Thread 3 ] DEBUG Engine               - soundNotification: core/notification.wav
01:27:11.446 [FXGL Background Thread 3 ] DEBUG Engine               - stageStyle: DECORATED
01:27:11.446 [FXGL Background Thread 3 ] DEBUG Engine               - supportedLanguages: [ENGLISH, FRENCH, GERMAN, HUNGARIAN, RUSSIAN]
01:27:11.446 [FXGL Background Thread 3 ] DEBUG Engine               - ticksPerSecond: -1
01:27:11.446 [FXGL Background Thread 3 ] DEBUG Engine               - title: Zelda 2D Game
01:27:11.446 [FXGL Background Thread 3 ] DEBUG Engine               - urlGithub: https://github.com/AlmasB/FXGL
01:27:11.446 [FXGL Background Thread 3 ] DEBUG Engine               - urlLeaderboard: http://fxgl-top.herokuapp.com/
01:27:11.446 [FXGL Background Thread 3 ] DEBUG Engine               - urlPOM: https://raw.githubusercontent.com/AlmasB/FXGL/release/README.md
01:27:11.446 [FXGL Background Thread 3 ] DEBUG Engine               - userAppClass: class com.example.zeldapuzzle.MainGameApp
01:27:11.446 [FXGL Background Thread 3 ] DEBUG Engine               - version: 1
01:27:11.446 [FXGL Background Thread 3 ] DEBUG Engine               - versionCheckDays: 7
01:27:11.446 [FXGL Background Thread 3 ] DEBUG Engine               - width: 800
01:27:11.446 [FXGL Background Thread 3 ] DEBUG Engine               - Logging services
01:27:11.446 [FXGL Background Thread 3 ] DEBUG Engine               - class com.almasb.fxgl.app.services.FXGLAssetLoaderService
01:27:11.447 [FXGL Background Thread 3 ] DEBUG Engine               - class com.almasb.fxgl.app.FXGLApplication$GameApplicationService
01:27:11.447 [FXGL Background Thread 3 ] DEBUG Engine               - class com.almasb.fxgl.app.services.FXGLDialogService
01:27:11.447 [FXGL Background Thread 3 ] DEBUG Engine               - class com.almasb.fxgl.app.services.IOTaskExecutorService
01:27:11.447 [FXGL Background Thread 3 ] DEBUG Engine               - class com.almasb.fxgl.io.FileSystemService
01:27:11.447 [FXGL Background Thread 3 ] DEBUG Engine               - class com.almasb.fxgl.localization.LocalizationService
01:27:11.447 [FXGL Background Thread 3 ] DEBUG Engine               - class com.almasb.fxgl.app.services.SystemBundleService
01:27:11.447 [FXGL Background Thread 3 ] DEBUG Engine               - class com.almasb.fxgl.profile.SaveLoadService
01:27:11.447 [FXGL Background Thread 3 ] DEBUG Engine               - class com.almasb.fxgl.ui.FXGLUIFactoryServiceProvider
01:27:11.447 [FXGL Background Thread 3 ] DEBUG Engine               - class com.almasb.fxgl.ui.FXGLDialogFactoryServiceProvider
01:27:11.447 [FXGL Background Thread 3 ] DEBUG Engine               - class com.almasb.fxgl.audio.AudioPlayer
01:27:11.447 [FXGL Background Thread 3 ] DEBUG Engine               - class com.almasb.fxgl.notification.impl.NotificationServiceProvider
01:27:11.447 [FXGL Background Thread 3 ] DEBUG Engine               - class com.almasb.fxgl.achievement.AchievementService
01:27:11.447 [FXGL Background Thread 3 ] DEBUG Engine               - class com.almasb.fxgl.cutscene.CutsceneService
01:27:11.447 [FXGL Background Thread 3 ] DEBUG Engine               - class com.almasb.fxgl.minigames.MiniGameService
01:27:11.447 [FXGL Background Thread 3 ] DEBUG Engine               - class com.almasb.fxgl.net.NetService
01:27:11.448 [FXGL Background Thread 3 ] DEBUG Engine               - class com.almasb.fxgl.app.services.UpdaterService
01:27:11.448 [FXGL Background Thread 3 ] DEBUG Engine               - class com.almasb.fxgl.dev.DevService
01:27:26.589 [pool-2-thread-1          ] DEBUG GameWorld            - Clearing game world
01:27:30.779 [JavaFX Application Thread] DEBUG FXGLApplication      - Exiting FXGL
01:27:30.779 [JavaFX Application Thread] DEBUG LoopRunner           - Stopping loop
01:27:30.779 [JavaFX Application Thread] DEBUG SystemBundleService  - Saving FXGL system data
01:27:30.782 [JavaFX Application Thread] DEBUG FileSystemAccess     - Writing to: /Users/CHLaroche05/zelda/zeldaPuzzle/system/fxgl.bundle
01:27:30.785 [JavaFX Application Thread] DEBUG Async                - Shutting down background threads
01:27:30.785 [JavaFX Application Thread] DEBUG PrimaryStageWindow   - Closing main window
01:27:30.792 [JavaFX Application Thread] DEBUG Logger               - Closing Logger
