08:28:50.934 [main                     ] DEBUG Logger               - Configured Logger
08:28:50.971 [main                     ] DEBUG GameApplication      - Logging settings
Title: Zelda 2D Game
Version: 1
Width: 800
Height: 800
Fullscreen: false
Intro: false
Profiling: false
Single step:false
App Mode: DEVELOPER
Menu Key: ESCAPE
Stage Style: DECORATED
Scene Factory: class com.almasb.fxgl.app.scene.SceneFactory

08:28:51.294 [JavaFX Application Thread] DEBUG FXGLApplication      - Initializing FXGL
08:28:51.301 [JavaFX Application Thread] INFO  Engine               - FXGL-17 (31.12.2021 18.16) on WINDOWS (J:19.0.2 FX:19)
08:28:51.302 [JavaFX Application Thread] DEBUG Engine               - JRE Vendor Name: Amazon.com Inc.
08:28:51.302 [JavaFX Application Thread] DEBUG Engine               - Running on OS: Windows 11 version 10.0
08:28:51.302 [JavaFX Application Thread] DEBUG Engine               - Architecture: amd64
08:28:51.302 [JavaFX Application Thread] INFO  Engine               - Source code and latest versions at: https://github.com/AlmasB/FXGL
08:28:51.302 [JavaFX Application Thread] INFO  Engine               -       Ask questions and discuss at: https://github.com/AlmasB/FXGL/discussions
08:28:51.302 [JavaFX Application Thread] INFO  Engine               -              Join the FXGL chat at: https://gitter.im/AlmasB/FXGL
08:28:51.390 [JavaFX Application Thread] DEBUG PrimaryStageWindow   - Creating a JavaFX scene
08:28:51.440 [JavaFX Application Thread] DEBUG PrimaryStageWindow   - Target settings size: 800.0 x 800.0
08:28:51.441 [JavaFX Application Thread] DEBUG PrimaryStageWindow   - Scaled scene size:    800.0 x 800.0
08:28:51.441 [JavaFX Application Thread] DEBUG PrimaryStageWindow   - Scaled ratio: (1.0, 1.0)
08:28:51.442 [JavaFX Application Thread] DEBUG PrimaryStageWindow   - Set initial scene to FXGLStartupScene
08:28:51.446 [JavaFX Application Thread] DEBUG PrimaryStageWindow   - Opening main window
08:28:51.560 [JavaFX Application Thread] DEBUG PrimaryStageWindow   - Window border size: (13.0, 35.5)
08:28:51.561 [JavaFX Application Thread] DEBUG PrimaryStageWindow   - Scaled size: 800.0 x 800.0
08:28:51.561 [JavaFX Application Thread] DEBUG PrimaryStageWindow   - Scaled ratio: (1.0, 1.0)
08:28:51.561 [JavaFX Application Thread] DEBUG PrimaryStageWindow   - Scene size: 800.0 x 800.0
08:28:51.562 [JavaFX Application Thread] DEBUG PrimaryStageWindow   - Stage size: 813.0 x 835.5
08:28:51.577 [FXGL Background Thread 1 ] DEBUG Engine               - Initializing environment variables
08:28:51.647 [FXGL Background Thread 1 ] DEBUG FXGLAssetLoaderServi - User app class for loading assets: class com.example.zeldapuzzle.MainGameApp
08:28:51.647 [FXGL Background Thread 1 ] DEBUG GameApplicationServi - Applying CSS: fxgl_dark.css
08:28:51.649 [FXGL Background Thread 1 ] DEBUG FXGLAssetLoaderServi - Loading from file system: jar:file:///C:/Users/Utilisateur/.m2/repository/com/github/almasb/fxgl/17/fxgl-17.jar!/fxglassets/ui/css/fxgl_dark.css
08:28:51.712 [FXGL Background Thread 1 ] DEBUG GameApplicationServi - Initializing application scenes
08:28:51.768 [FXGL Background Thread 1 ] DEBUG GameWorld            - Game world initialized
08:28:51.883 [FXGL Background Thread 1 ] DEBUG PhysicsWorld         - Physics world initialized: appHeight=800, physics.ppm=50,0
08:28:51.883 [FXGL Background Thread 1 ] DEBUG PhysicsWorld         - Using strategy: BRUTE_FORCE
08:28:51.895 [FXGL Background Thread 1 ] DEBUG GameScene            - Game scene initialized: 800x800
08:28:51.913 [FXGL Background Thread 1 ] DEBUG FXGL.DefaultMenu     - createMenuBodyMainMenu()
08:28:51.934 [FXGL Background Thread 1 ] DEBUG FXGL.DefaultMenu     - createOptionsMenu()
08:28:51.953 [FXGL Background Thread 1 ] DEBUG FXGLAssetLoaderServi - Loading from file system: jar:file:///C:/Users/Utilisateur/.m2/repository/com/github/almasb/fxgl/17/fxgl-17.jar!/fxglassets/textures/particles/smoke.png
08:28:52.092 [FXGL Background Thread 1 ] DEBUG FXGLAssetLoaderServi - Loading from file system: jar:file:///C:/Users/Utilisateur/.m2/repository/com/github/almasb/fxgl/17/fxgl-17.jar!/fxglassets/textures/particles/trace_horizontal.png
08:28:52.138 [FXGL Background Thread 1 ] DEBUG FXGL.DefaultMenu     - createMenuBodyGameMenu()
08:28:52.139 [FXGL Background Thread 1 ] DEBUG FXGL.DefaultMenu     - createOptionsMenu()
08:28:52.158 [FXGL Background Thread 1 ] DEBUG GameApplicationServi - Application scenes initialized
08:28:52.171 [FXGL Background Thread 1 ] DEBUG SystemBundleService  - Loading FXGL system data
08:28:52.176 [FXGL Background Thread 1 ] DEBUG FileSystemAccess     - Reading from: C:\Users\Utilisateur\IdeaProjects\zeldaPuzzle\system\fxgl.bundle
08:28:52.189 [FXGL Background Thread 1 ] DEBUG SystemBundleService  - Bundle FXGL: {}
08:28:52.190 [FXGL Background Thread 1 ] DEBUG UpdaterService       - Checking for updates
08:28:52.194 [FXGL Background Thread 4 ] DEBUG FXGLApplication      - Loading fonts
08:28:52.195 [FXGL Background Thread 1 ] DEBUG FXGLApplication      - Loading default localization
08:28:52.195 [FXGL Background Thread 4 ] DEBUG FXGLAssetLoaderServi - Loading from file system: jar:file:///C:/Users/Utilisateur/.m2/repository/com/github/almasb/fxgl/17/fxgl-17.jar!/fxglassets/ui/fonts/VarelaRound-Regular.ttf
08:28:52.195 [FXGL Background Thread 1 ] DEBUG FXGLAssetLoaderServi - Loading from file system: jar:file:///C:/Users/Utilisateur/.m2/repository/com/github/almasb/fxgl/17/fxgl-17.jar!/fxglassets/languages/english.lang
08:28:52.220 [FXGL Background Thread 1 ] INFO  FXGLApplication      - FXGL initialization took: 0,644 sec
08:28:52.237 [JavaFX Application Thread] DEBUG Input                - Registered new binding: getPosition - P
08:28:52.237 [JavaFX Application Thread] DEBUG Input                - Registered new binding: zoom+ - Up
08:28:52.238 [JavaFX Application Thread] DEBUG Input                - Registered new binding: zoom- - Down
08:28:52.238 [JavaFX Application Thread] DEBUG Input                - Registered new binding: resetZoom - 0
08:28:52.238 [JavaFX Application Thread] DEBUG Input                - Registered new binding: Move right - D
08:28:52.239 [JavaFX Application Thread] DEBUG Input                - Registered new binding: Move left - A
08:28:52.239 [JavaFX Application Thread] DEBUG Input                - Registered new binding: Move Up - W
08:28:52.240 [JavaFX Application Thread] DEBUG Input                - Registered new binding: Move Down - S
08:28:52.240 [JavaFX Application Thread] DEBUG FXGLAssetLoaderServi - Loading from file system: jar:file:///C:/Users/Utilisateur/.m2/repository/com/github/almasb/fxgl/17/fxgl-17.jar!/fxglassets/textures/fxgl_icon.png
08:28:52.267 [JavaFX Application Thread] DEBUG FXGLAssetLoaderServi - Loading from file system: jar:file:///C:/Users/Utilisateur/.m2/repository/com/github/almasb/fxgl/17/fxgl-17.jar!/fxglassets/textures/fxgl_default_cursor.png
08:28:52.271 [JavaFX Application Thread] DEBUG Input                - Registered new binding: Screenshot - CTRL+8
08:28:52.273 [JavaFX Application Thread] DEBUG Input                - Registered new binding: System info dump - CTRL+9
08:28:52.274 [JavaFX Application Thread] DEBUG Input                - Registered new binding: Restart - CTRL+R
08:28:52.275 [FXGL Background Thread 4 ] DEBUG FXGLAssetLoaderServi - Loading from file system: jar:file:///C:/Users/Utilisateur/.m2/repository/com/github/almasb/fxgl/17/fxgl-17.jar!/fxglassets/ui/fonts/Abel-Regular.ttf
08:28:52.276 [JavaFX Application Thread] DEBUG Input                - Registered new binding: Toggle Debug Camera - CTRL+7
08:28:52.283 [JavaFX Application Thread] DEBUG LoopRunner           - Starting loop
08:28:52.283 [JavaFX Application Thread] DEBUG LoopRunner           - Initializing JavaFX AnimationTimerLoop
08:28:52.288 [FXGL Background Thread 4 ] DEBUG FXGLAssetLoaderServi - Loading from file system: jar:file:///C:/Users/Utilisateur/.m2/repository/com/github/almasb/fxgl/17/fxgl-17.jar!/fxglassets/ui/fonts/TerminalLandMono-Regular.otf
08:28:52.292 [JavaFX Application Thread] DEBUG Input                - Clearing active input actions
08:28:52.302 [FXGL Background Thread 4 ] DEBUG FXGLAssetLoaderServi - Loading from file system: jar:file:///C:/Users/Utilisateur/.m2/repository/com/github/almasb/fxgl/17/fxgl-17.jar!/fxglassets/ui/fonts/Courier-Prime.ttf
08:28:52.310 [JavaFX Application Thread] DEBUG GameApplicationServi - Removing overlay from FXGLStartupScene and adding to FXGLMainMenuDummyScene
08:28:52.311 [JavaFX Application Thread] DEBUG PrimaryStageWindow   - FXGLStartupScene -> FXGLMainMenuDummyScene
08:28:52.311 [JavaFX Application Thread] DEBUG PrimaryStageWindow   - Push state: FXGLDefaultMenu
08:28:52.355 [JavaFX Application Thread] DEBUG Input                - Clearing active input actions
08:28:52.374 [JavaFX Application Thread] DEBUG GameApplicationServi - Removing overlay from FXGLMainMenuDummyScene and adding to FXGLDefaultMenu
08:28:52.375 [JavaFX Application Thread] DEBUG PrimaryStageWindow   - FXGLMainMenuDummyScene -> FXGLDefaultMenu
08:28:52.546 [JavaFX Application Thread] DEBUG FXGLApplication      - Registering font factories with UI factory
08:28:52.990 [FXGL Background Thread 2 ] INFO  UpdaterService       - Your current version:  17
08:28:52.990 [FXGL Background Thread 2 ] INFO  UpdaterService       - Latest stable version: 21
08:28:53.496 [JavaFX Application Thread] DEBUG Menu                 - fireNewGame()
08:28:53.497 [JavaFX Application Thread] DEBUG GameApplicationServi - Starting new game
08:28:53.507 [JavaFX Application Thread] DEBUG PrimaryStageWindow   - Pop state: FXGLDefaultMenu
08:28:53.507 [JavaFX Application Thread] DEBUG Input                - Clearing active input actions
08:28:53.509 [JavaFX Application Thread] DEBUG GameApplicationServi - Removing overlay from FXGLDefaultMenu and adding to FXGLMainMenuDummyScene
08:28:53.510 [JavaFX Application Thread] DEBUG PrimaryStageWindow   - FXGLMainMenuDummyScene <- FXGLDefaultMenu
08:28:53.510 [JavaFX Application Thread] DEBUG Input                - Clearing active input actions
08:28:53.523 [JavaFX Application Thread] DEBUG GameApplicationServi - Removing overlay from FXGLMainMenuDummyScene and adding to FXGLLoadingScene
08:28:53.523 [JavaFX Application Thread] DEBUG PrimaryStageWindow   - FXGLMainMenuDummyScene -> FXGLLoadingScene
08:28:53.523 [JavaFX Application Thread] DEBUG GameApplicationServi - Clearing previous game
08:28:53.524 [JavaFX Application Thread] DEBUG GameScene            - Clearing game scene
08:28:53.524 [JavaFX Application Thread] DEBUG GameWorld            - Clearing game world
08:28:53.524 [JavaFX Application Thread] DEBUG PhysicsWorld         - Clearing physics world
08:28:53.541 [FXGL Background Thread 2 ] DEBUG FXGLApplication      - Initializing game
08:28:53.695 [FXGL Background Thread 2 ] WARN  GameWorld            - Entity is already attached to world
08:28:53.731 [FXGL Background Thread 2 ] WARN  GameWorld            - Entity is already attached to world
08:28:53.747 [FXGL Background Thread 2 ] WARN  GameWorld            - Entity is already attached to world
08:28:53.748 [FXGL Background Thread 2 ] INFO  FXGLApplication      - Game initialization took: 0,208 sec
08:28:53.760 [JavaFX Application Thread] DEBUG Input                - Clearing active input actions
08:28:53.769 [JavaFX Application Thread] DEBUG GameApplicationServi - Removing overlay from FXGLLoadingScene and adding to GameScene
08:28:53.770 [JavaFX Application Thread] DEBUG PrimaryStageWindow   - FXGLLoadingScene -> GameScene
08:28:55.193 [FXGL Background Thread 3 ] DEBUG Engine               - Logging environment variables
08:28:55.194 [FXGL Background Thread 3 ] DEBUG Engine               - achievements: []
08:28:55.194 [FXGL Background Thread 3 ] DEBUG Engine               - actualHeight: 800.0
08:28:55.194 [FXGL Background Thread 3 ] DEBUG Engine               - actualHeightProperty: ReadOnlyDoubleProperty [value: 800.0]
08:28:55.194 [FXGL Background Thread 3 ] DEBUG Engine               - actualWidth: 800.0
08:28:55.194 [FXGL Background Thread 3 ] DEBUG Engine               - actualWidthProperty: ReadOnlyDoubleProperty [value: 800.0]
08:28:55.194 [FXGL Background Thread 3 ] DEBUG Engine               - appIcon: fxgl_icon.png
08:28:55.194 [FXGL Background Thread 3 ] DEBUG Engine               - applicationMode: DEVELOPER
08:28:55.194 [FXGL Background Thread 3 ] DEBUG Engine               - cSSList: [fxgl_dark.css]
08:28:55.194 [FXGL Background Thread 3 ] DEBUG Engine               - collisionDetectionStrategy: BRUTE_FORCE
08:28:55.194 [FXGL Background Thread 3 ] DEBUG Engine               - configClass: Optional.empty
08:28:55.194 [FXGL Background Thread 3 ] DEBUG Engine               - credits: []
08:28:55.195 [FXGL Background Thread 3 ] DEBUG Engine               - defaultCursor: CursorInfo(imageName=fxgl_default_cursor.png, hotspotX=7.0, hotspotY=6.0)
08:28:55.195 [FXGL Background Thread 3 ] DEBUG Engine               - devBBoxColorProperty: ObjectProperty [value: 0xff0000ff]
08:28:55.195 [FXGL Background Thread 3 ] DEBUG Engine               - devEnableDebugCameraProperty: BooleanProperty [value: false]
08:28:55.195 [FXGL Background Thread 3 ] DEBUG Engine               - devSensorColorProperty: ObjectProperty [value: 0xffff00ff]
08:28:55.195 [FXGL Background Thread 3 ] DEBUG Engine               - devShowBBoxProperty: BooleanProperty [value: false]
08:28:55.195 [FXGL Background Thread 3 ] DEBUG Engine               - devShowPositionProperty: BooleanProperty [value: false]
08:28:55.195 [FXGL Background Thread 3 ] DEBUG Engine               - enabledMenuItems: []
08:28:55.195 [FXGL Background Thread 3 ] DEBUG Engine               - engineServices: [class com.almasb.fxgl.app.services.FXGLAssetLoaderService, class com.almasb.fxgl.app.FXGLApplication$GameApplicationService, class com.almasb.fxgl.app.services.FXGLDialogService, class com.almasb.fxgl.app.services.IOTaskExecutorService, class com.almasb.fxgl.io.FileSystemService, class com.almasb.fxgl.localization.LocalizationService, class com.almasb.fxgl.app.services.SystemBundleService, class com.almasb.fxgl.profile.SaveLoadService, class com.almasb.fxgl.ui.FXGLUIFactoryServiceProvider, class com.almasb.fxgl.ui.FXGLDialogFactoryServiceProvider, class com.almasb.fxgl.audio.AudioPlayer, class com.almasb.fxgl.notification.impl.NotificationServiceProvider, class com.almasb.fxgl.achievement.AchievementService, class com.almasb.fxgl.cutscene.CutsceneService, class com.almasb.fxgl.minigames.MiniGameService, class com.almasb.fxgl.net.NetService, class com.almasb.fxgl.app.services.UpdaterService, class com.almasb.fxgl.dev.DevService]
08:28:55.195 [FXGL Background Thread 3 ] DEBUG Engine               - fontGame: Abel-Regular.ttf
08:28:55.195 [FXGL Background Thread 3 ] DEBUG Engine               - fontMono: TerminalLandMono-Regular.otf
08:28:55.196 [FXGL Background Thread 3 ] DEBUG Engine               - fontText: Courier-Prime.ttf
08:28:55.196 [FXGL Background Thread 3 ] DEBUG Engine               - fontUI: VarelaRound-Regular.ttf
08:28:55.196 [FXGL Background Thread 3 ] DEBUG Engine               - fullScreen: BooleanProperty [value: false]
08:28:55.196 [FXGL Background Thread 3 ] DEBUG Engine               - gameDifficulty: MEDIUM
08:28:55.196 [FXGL Background Thread 3 ] DEBUG Engine               - gameDifficultyProperty: ObjectProperty [value: MEDIUM]
08:28:55.196 [FXGL Background Thread 3 ] DEBUG Engine               - globalMusicVolume: 0.5
08:28:55.196 [FXGL Background Thread 3 ] DEBUG Engine               - globalMusicVolumeProperty: DoubleProperty [value: 0.5]
08:28:55.197 [FXGL Background Thread 3 ] DEBUG Engine               - globalSoundVolume: 0.5
08:28:55.198 [FXGL Background Thread 3 ] DEBUG Engine               - globalSoundVolumeProperty: DoubleProperty [value: 0.5]
08:28:55.198 [FXGL Background Thread 3 ] DEBUG Engine               - height: 800
08:28:55.198 [FXGL Background Thread 3 ] DEBUG Engine               - is3D: false
08:28:55.198 [FXGL Background Thread 3 ] DEBUG Engine               - isAndroid: false
08:28:55.198 [FXGL Background Thread 3 ] DEBUG Engine               - isBrowser: false
08:28:55.199 [FXGL Background Thread 3 ] DEBUG Engine               - isClickFeedbackEnabled: false
08:28:55.199 [FXGL Background Thread 3 ] DEBUG Engine               - isCloseConfirmation: false
08:28:55.199 [FXGL Background Thread 3 ] DEBUG Engine               - isDesktop: true
08:28:55.199 [FXGL Background Thread 3 ] DEBUG Engine               - isDeveloperMenuEnabled: false
08:28:55.199 [FXGL Background Thread 3 ] DEBUG Engine               - isEmbedded: false
08:28:55.199 [FXGL Background Thread 3 ] DEBUG Engine               - isEntityPreloadEnabled: true
08:28:55.199 [FXGL Background Thread 3 ] DEBUG Engine               - isExperimentalTiledLargeMap: false
08:28:55.199 [FXGL Background Thread 3 ] DEBUG Engine               - isFileSystemWriteAllowed: true
08:28:55.199 [FXGL Background Thread 3 ] DEBUG Engine               - isFullScreenAllowed: false
08:28:55.199 [FXGL Background Thread 3 ] DEBUG Engine               - isFullScreenFromStart: false
08:28:55.199 [FXGL Background Thread 3 ] DEBUG Engine               - isGameMenuEnabled: true
08:28:55.199 [FXGL Background Thread 3 ] DEBUG Engine               - isIOS: false
08:28:55.200 [FXGL Background Thread 3 ] DEBUG Engine               - isIntroEnabled: false
08:28:55.200 [FXGL Background Thread 3 ] DEBUG Engine               - isLinux: false
08:28:55.200 [FXGL Background Thread 3 ] DEBUG Engine               - isMac: false
08:28:55.200 [FXGL Background Thread 3 ] DEBUG Engine               - isMainMenuEnabled: true
08:28:55.200 [FXGL Background Thread 3 ] DEBUG Engine               - isManualResizeEnabled: false
08:28:55.200 [FXGL Background Thread 3 ] DEBUG Engine               - isMobile: false
08:28:55.201 [FXGL Background Thread 3 ] DEBUG Engine               - isNative: false
08:28:55.201 [FXGL Background Thread 3 ] DEBUG Engine               - isPauseMusicWhenMinimized: true
08:28:55.201 [FXGL Background Thread 3 ] DEBUG Engine               - isPreserveResizeRatio: false
08:28:55.201 [FXGL Background Thread 3 ] DEBUG Engine               - isProfilingEnabled: false
08:28:55.201 [FXGL Background Thread 3 ] DEBUG Engine               - isScaleAffectedOnResize: true
08:28:55.201 [FXGL Background Thread 3 ] DEBUG Engine               - isSingleStep: false
08:28:55.201 [FXGL Background Thread 3 ] DEBUG Engine               - isUserProfileEnabled: false
08:28:55.201 [FXGL Background Thread 3 ] DEBUG Engine               - isWindows: true
08:28:55.201 [FXGL Background Thread 3 ] DEBUG Engine               - language: ObjectProperty [value: ENGLISH]
08:28:55.201 [FXGL Background Thread 3 ] DEBUG Engine               - menuKey: ESCAPE
08:28:55.201 [FXGL Background Thread 3 ] DEBUG Engine               - mouseSensitivity: 0.2
08:28:55.201 [FXGL Background Thread 3 ] DEBUG Engine               - notificationViewClass: class com.almasb.fxgl.notification.view.XboxNotificationView
08:28:55.201 [FXGL Background Thread 3 ] DEBUG Engine               - pixelsPerMeter: 50.0
08:28:55.201 [FXGL Background Thread 3 ] DEBUG Engine               - platform: WINDOWS
08:28:55.201 [FXGL Background Thread 3 ] DEBUG Engine               - prefHeightProperty: ReadOnlyDoubleProperty [value: 800.0]
08:28:55.201 [FXGL Background Thread 3 ] DEBUG Engine               - prefWidthProperty: ReadOnlyDoubleProperty [value: 800.0]
08:28:55.201 [FXGL Background Thread 3 ] DEBUG Engine               - profileDir: profiles/
08:28:55.201 [FXGL Background Thread 3 ] DEBUG Engine               - profileName: StringProperty [value: DEFAULT]
08:28:55.201 [FXGL Background Thread 3 ] DEBUG Engine               - randomSeed: -1
08:28:55.202 [FXGL Background Thread 3 ] DEBUG Engine               - runtimeInfo: RuntimeInfo(platform=WINDOWS, version=17, build=31.12.2021 18.16)
08:28:55.203 [FXGL Background Thread 3 ] DEBUG Engine               - saveFileExt: sav
08:28:55.203 [FXGL Background Thread 3 ] DEBUG Engine               - scaledHeightProp$fxgl: DoubleProperty [bound, value: 800.0]
08:28:55.203 [FXGL Background Thread 3 ] DEBUG Engine               - scaledWidthProp$fxgl: DoubleProperty [bound, value: 800.0]
08:28:55.203 [FXGL Background Thread 3 ] DEBUG Engine               - sceneFactory: com.almasb.fxgl.app.scene.SceneFactory@61c1c087
08:28:55.204 [FXGL Background Thread 3 ] DEBUG Engine               - secondsIn24h: 60
08:28:55.204 [FXGL Background Thread 3 ] DEBUG Engine               - soundMenuBack: menu/back.wav
08:28:55.204 [FXGL Background Thread 3 ] DEBUG Engine               - soundMenuPress: menu/press.wav
08:28:55.204 [FXGL Background Thread 3 ] DEBUG Engine               - soundMenuSelect: menu/select.wav
08:28:55.204 [FXGL Background Thread 3 ] DEBUG Engine               - soundNotification: core/notification.wav
08:28:55.204 [FXGL Background Thread 3 ] DEBUG Engine               - stageStyle: DECORATED
08:28:55.204 [FXGL Background Thread 3 ] DEBUG Engine               - supportedLanguages: [ENGLISH, FRENCH, GERMAN, HUNGARIAN, RUSSIAN]
08:28:55.204 [FXGL Background Thread 3 ] DEBUG Engine               - ticksPerSecond: -1
08:28:55.204 [FXGL Background Thread 3 ] DEBUG Engine               - title: Zelda 2D Game
08:28:55.204 [FXGL Background Thread 3 ] DEBUG Engine               - urlGithub: https://github.com/AlmasB/FXGL
08:28:55.204 [FXGL Background Thread 3 ] DEBUG Engine               - urlLeaderboard: http://fxgl-top.herokuapp.com/
08:28:55.204 [FXGL Background Thread 3 ] DEBUG Engine               - urlPOM: https://raw.githubusercontent.com/AlmasB/FXGL/release/README.md
08:28:55.204 [FXGL Background Thread 3 ] DEBUG Engine               - userAppClass: class com.example.zeldapuzzle.MainGameApp
08:28:55.204 [FXGL Background Thread 3 ] DEBUG Engine               - version: 1
08:28:55.204 [FXGL Background Thread 3 ] DEBUG Engine               - versionCheckDays: 7
08:28:55.204 [FXGL Background Thread 3 ] DEBUG Engine               - width: 800
08:28:55.204 [FXGL Background Thread 3 ] DEBUG Engine               - Logging services
08:28:55.205 [FXGL Background Thread 3 ] DEBUG Engine               - class com.almasb.fxgl.app.services.FXGLAssetLoaderService
08:28:55.205 [FXGL Background Thread 3 ] DEBUG Engine               - class com.almasb.fxgl.app.FXGLApplication$GameApplicationService
08:28:55.205 [FXGL Background Thread 3 ] DEBUG Engine               - class com.almasb.fxgl.app.services.FXGLDialogService
08:28:55.205 [FXGL Background Thread 3 ] DEBUG Engine               - class com.almasb.fxgl.app.services.IOTaskExecutorService
08:28:55.205 [FXGL Background Thread 3 ] DEBUG Engine               - class com.almasb.fxgl.io.FileSystemService
08:28:55.205 [FXGL Background Thread 3 ] DEBUG Engine               - class com.almasb.fxgl.localization.LocalizationService
08:28:55.205 [FXGL Background Thread 3 ] DEBUG Engine               - class com.almasb.fxgl.app.services.SystemBundleService
08:28:55.205 [FXGL Background Thread 3 ] DEBUG Engine               - class com.almasb.fxgl.profile.SaveLoadService
08:28:55.205 [FXGL Background Thread 3 ] DEBUG Engine               - class com.almasb.fxgl.ui.FXGLUIFactoryServiceProvider
08:28:55.205 [FXGL Background Thread 3 ] DEBUG Engine               - class com.almasb.fxgl.ui.FXGLDialogFactoryServiceProvider
08:28:55.205 [FXGL Background Thread 3 ] DEBUG Engine               - class com.almasb.fxgl.audio.AudioPlayer
08:28:55.205 [FXGL Background Thread 3 ] DEBUG Engine               - class com.almasb.fxgl.notification.impl.NotificationServiceProvider
08:28:55.205 [FXGL Background Thread 3 ] DEBUG Engine               - class com.almasb.fxgl.achievement.AchievementService
08:28:55.205 [FXGL Background Thread 3 ] DEBUG Engine               - class com.almasb.fxgl.cutscene.CutsceneService
08:28:55.205 [FXGL Background Thread 3 ] DEBUG Engine               - class com.almasb.fxgl.minigames.MiniGameService
08:28:55.205 [FXGL Background Thread 3 ] DEBUG Engine               - class com.almasb.fxgl.net.NetService
08:28:55.205 [FXGL Background Thread 3 ] DEBUG Engine               - class com.almasb.fxgl.app.services.UpdaterService
08:28:55.205 [FXGL Background Thread 3 ] DEBUG Engine               - class com.almasb.fxgl.dev.DevService
08:29:11.089 [JavaFX Application Thread] DEBUG FXGLApplication      - Exiting FXGL
08:29:11.089 [JavaFX Application Thread] DEBUG LoopRunner           - Stopping loop
08:29:11.089 [JavaFX Application Thread] DEBUG SystemBundleService  - Saving FXGL system data
08:29:11.091 [JavaFX Application Thread] DEBUG FileSystemAccess     - Writing to: C:\Users\Utilisateur\IdeaProjects\zeldaPuzzle\system\fxgl.bundle
08:29:11.093 [JavaFX Application Thread] DEBUG Async                - Shutting down background threads
08:29:11.093 [JavaFX Application Thread] DEBUG PrimaryStageWindow   - Closing main window
08:29:11.147 [JavaFX Application Thread] DEBUG Logger               - Closing Logger
