14:53:42.250 [main                     ] DEBUG Logger               - Configured Logger
14:53:42.267 [main                     ] DEBUG GameApplication      - Logging settings
Title: Zelda 2D Game par ماستن
Version: 1
Width: 800
Height: 800
Fullscreen: true
Intro: false
Profiling: false
Single step:false
App Mode: DEVELOPER
Menu Key: ESCAPE
Stage Style: DECORATED
Scene Factory: class com.almasb.fxgl.app.scene.SceneFactory

14:53:42.399 [JavaFX Application Thread] DEBUG FXGLApplication      - Initializing FXGL
14:53:42.402 [JavaFX Application Thread] INFO  Engine               - FXGL-17 (31.12.2021 18.16) on WINDOWS (J:21.0.2 FX:19)
14:53:42.403 [JavaFX Application Thread] DEBUG Engine               - JRE Vendor Name: Oracle Corporation
14:53:42.403 [JavaFX Application Thread] DEBUG Engine               - Running on OS: Windows 10 version 10.0
14:53:42.403 [JavaFX Application Thread] DEBUG Engine               - Architecture: amd64
14:53:42.403 [JavaFX Application Thread] INFO  Engine               - Source code and latest versions at: https://github.com/AlmasB/FXGL
14:53:42.403 [JavaFX Application Thread] INFO  Engine               -       Ask questions and discuss at: https://github.com/AlmasB/FXGL/discussions
14:53:42.404 [JavaFX Application Thread] INFO  Engine               -              Join the FXGL chat at: https://gitter.im/AlmasB/FXGL
14:53:42.472 [JavaFX Application Thread] DEBUG PrimaryStageWindow   - Creating a JavaFX scene
14:53:42.520 [JavaFX Application Thread] DEBUG PrimaryStageWindow   - Target settings size: 800.0 x 800.0
14:53:42.520 [JavaFX Application Thread] DEBUG PrimaryStageWindow   - Scaled scene size:    800.0 x 800.0
14:53:42.520 [JavaFX Application Thread] DEBUG PrimaryStageWindow   - Scaled ratio: (1.0, 1.0)
14:53:42.521 [JavaFX Application Thread] DEBUG PrimaryStageWindow   - Set initial scene to FXGLStartupScene
14:53:42.530 [JavaFX Application Thread] DEBUG PrimaryStageWindow   - Opening main window
14:53:42.609 [JavaFX Application Thread] DEBUG PrimaryStageWindow   - Window border size: (16.0, 39.0)
14:53:42.609 [JavaFX Application Thread] DEBUG PrimaryStageWindow   - Scaled size: 800.0 x 800.0
14:53:42.609 [JavaFX Application Thread] DEBUG PrimaryStageWindow   - Scaled ratio: (1.0, 1.0)
14:53:42.609 [JavaFX Application Thread] DEBUG PrimaryStageWindow   - Scene size: 800.0 x 800.0
14:53:42.610 [JavaFX Application Thread] DEBUG PrimaryStageWindow   - Stage size: 816.0 x 839.0
14:53:42.616 [FXGL Background Thread 1 ] DEBUG Engine               - Initializing environment variables
14:53:42.661 [FXGL Background Thread 1 ] DEBUG FXGLAssetLoaderServi - User app class for loading assets: class com.example.zeldapuzzle.MainGameApp
14:53:42.661 [FXGL Background Thread 1 ] DEBUG GameApplicationServi - Applying CSS: fxgl_dark.css
14:53:42.662 [FXGL Background Thread 1 ] DEBUG FXGLAssetLoaderServi - Loading from file system: jar:file:///C:/Users/mbour/.m2/repository/com/github/almasb/fxgl/17/fxgl-17.jar!/fxglassets/ui/css/fxgl_dark.css
14:53:42.704 [FXGL Background Thread 1 ] DEBUG GameApplicationServi - Initializing application scenes
14:53:42.739 [FXGL Background Thread 1 ] DEBUG GameWorld            - Game world initialized
14:53:42.798 [FXGL Background Thread 1 ] DEBUG PhysicsWorld         - Physics world initialized: appHeight=800, physics.ppm=50,0
14:53:42.798 [FXGL Background Thread 1 ] DEBUG PhysicsWorld         - Using strategy: BRUTE_FORCE
14:53:42.802 [FXGL Background Thread 1 ] DEBUG GameScene            - Game scene initialized: 800x800
14:53:42.812 [FXGL Background Thread 1 ] DEBUG FXGL.DefaultMenu     - createMenuBodyMainMenu()
14:53:42.827 [FXGL Background Thread 1 ] DEBUG FXGL.DefaultMenu     - createOptionsMenu()
14:53:42.835 [FXGL Background Thread 1 ] DEBUG FXGLAssetLoaderServi - Loading from file system: jar:file:///C:/Users/mbour/.m2/repository/com/github/almasb/fxgl/17/fxgl-17.jar!/fxglassets/textures/particles/smoke.png
14:53:42.906 [FXGL Background Thread 1 ] DEBUG FXGLAssetLoaderServi - Loading from file system: jar:file:///C:/Users/mbour/.m2/repository/com/github/almasb/fxgl/17/fxgl-17.jar!/fxglassets/textures/particles/trace_horizontal.png
14:53:42.920 [FXGL Background Thread 1 ] DEBUG FXGL.DefaultMenu     - createMenuBodyGameMenu()
14:53:42.922 [FXGL Background Thread 1 ] DEBUG FXGL.DefaultMenu     - createOptionsMenu()
14:53:42.936 [FXGL Background Thread 1 ] DEBUG GameApplicationServi - Application scenes initialized
14:53:42.947 [FXGL Background Thread 1 ] DEBUG SystemBundleService  - Loading FXGL system data
14:53:42.950 [FXGL Background Thread 1 ] DEBUG FileSystemAccess     - Reading from: C:\Users\mbour\OneDrive\Bureau\Zelda TOTK WINRAR\zeldaPuzzle\system\fxgl.bundle
14:53:42.960 [FXGL Background Thread 1 ] DEBUG SystemBundleService  - Bundle FXGL: {}
14:53:42.960 [FXGL Background Thread 1 ] DEBUG UpdaterService       - Checking for updates
14:53:42.986 [FXGL Background Thread 4 ] DEBUG FXGLApplication      - Loading fonts
14:53:42.986 [FXGL Background Thread 1 ] DEBUG FXGLApplication      - Loading default localization
14:53:42.986 [FXGL Background Thread 4 ] DEBUG FXGLAssetLoaderServi - Loading from file system: jar:file:///C:/Users/mbour/.m2/repository/com/github/almasb/fxgl/17/fxgl-17.jar!/fxglassets/ui/fonts/VarelaRound-Regular.ttf
14:53:42.987 [FXGL Background Thread 1 ] DEBUG FXGLAssetLoaderServi - Loading from file system: jar:file:///C:/Users/mbour/.m2/repository/com/github/almasb/fxgl/17/fxgl-17.jar!/fxglassets/languages/english.lang
14:53:43.003 [FXGL Background Thread 1 ] INFO  FXGLApplication      - FXGL initialization took: 0,386 sec
14:53:43.017 [JavaFX Application Thread] DEBUG Input                - Registered new binding: inventaire - Tab
14:53:43.017 [JavaFX Application Thread] DEBUG Input                - Registered new binding: getPosition - P
14:53:43.017 [JavaFX Application Thread] DEBUG Input                - Registered new binding: zoom+ - Up
14:53:43.018 [JavaFX Application Thread] DEBUG Input                - Registered new binding: zoom- - Down
14:53:43.018 [JavaFX Application Thread] DEBUG Input                - Registered new binding: resetZoom - 0
14:53:43.018 [JavaFX Application Thread] DEBUG Input                - Registered new binding: Move right - D
14:53:43.018 [JavaFX Application Thread] DEBUG Input                - Registered new binding: Move left - A
14:53:43.019 [JavaFX Application Thread] DEBUG Input                - Registered new binding: Move Up - W
14:53:43.019 [JavaFX Application Thread] DEBUG Input                - Registered new binding: Move Down - S
14:53:43.019 [JavaFX Application Thread] DEBUG FXGLAssetLoaderServi - Loading from file system: jar:file:///C:/Users/mbour/.m2/repository/com/github/almasb/fxgl/17/fxgl-17.jar!/fxglassets/textures/fxgl_icon.png
14:53:43.024 [FXGL Background Thread 4 ] DEBUG FXGLAssetLoaderServi - Loading from file system: jar:file:///C:/Users/mbour/.m2/repository/com/github/almasb/fxgl/17/fxgl-17.jar!/fxglassets/ui/fonts/Abel-Regular.ttf
14:53:43.032 [JavaFX Application Thread] DEBUG FXGLAssetLoaderServi - Loading from file system: jar:file:///C:/Users/mbour/.m2/repository/com/github/almasb/fxgl/17/fxgl-17.jar!/fxglassets/textures/fxgl_default_cursor.png
14:53:43.034 [JavaFX Application Thread] DEBUG Input                - Registered new binding: Screenshot - CTRL+8
14:53:43.035 [FXGL Background Thread 4 ] DEBUG FXGLAssetLoaderServi - Loading from file system: jar:file:///C:/Users/mbour/.m2/repository/com/github/almasb/fxgl/17/fxgl-17.jar!/fxglassets/ui/fonts/TerminalLandMono-Regular.otf
14:53:43.035 [JavaFX Application Thread] DEBUG Input                - Registered new binding: Dev Options - 1
14:53:43.036 [JavaFX Application Thread] DEBUG Input                - Registered new binding: Dev Console - 2
14:53:43.036 [JavaFX Application Thread] DEBUG Input                - Registered new binding: System info dump - CTRL+9
14:53:43.037 [JavaFX Application Thread] DEBUG Input                - Registered new binding: Restart - CTRL+R
14:53:43.039 [JavaFX Application Thread] DEBUG Input                - Registered new binding: Toggle Debug Camera - CTRL+7
14:53:43.044 [JavaFX Application Thread] DEBUG LoopRunner           - Starting loop
14:53:43.050 [FXGL Background Thread 4 ] DEBUG FXGLAssetLoaderServi - Loading from file system: jar:file:///C:/Users/mbour/.m2/repository/com/github/almasb/fxgl/17/fxgl-17.jar!/fxglassets/ui/fonts/Courier-Prime.ttf
14:53:43.061 [JavaFX Application Thread] DEBUG LoopRunner           - Initializing JavaFX AnimationTimerLoop
14:53:43.065 [JavaFX Application Thread] DEBUG Input                - Clearing active input actions
14:53:43.076 [JavaFX Application Thread] DEBUG GameApplicationServi - Removing overlay from FXGLStartupScene and adding to FXGLMainMenuDummyScene
14:53:43.085 [JavaFX Application Thread] DEBUG PrimaryStageWindow   - FXGLStartupScene -> FXGLMainMenuDummyScene
14:53:43.085 [JavaFX Application Thread] DEBUG PrimaryStageWindow   - Push state: FXGLDefaultMenu
14:53:43.088 [JavaFX Application Thread] DEBUG Input                - Clearing active input actions
14:53:43.097 [JavaFX Application Thread] DEBUG GameApplicationServi - Removing overlay from FXGLMainMenuDummyScene and adding to FXGLDefaultMenu
14:53:43.098 [JavaFX Application Thread] DEBUG PrimaryStageWindow   - FXGLMainMenuDummyScene -> FXGLDefaultMenu
14:53:43.316 [JavaFX Application Thread] DEBUG FXGLApplication      - Registering font factories with UI factory
14:53:43.412 [FXGL Background Thread 2 ] INFO  UpdaterService       - Your current version:  17
14:53:43.412 [FXGL Background Thread 2 ] INFO  UpdaterService       - Latest stable version: 21.1
14:53:43.971 [JavaFX Application Thread] DEBUG Menu                 - fireNewGame()
14:53:43.972 [JavaFX Application Thread] DEBUG GameApplicationServi - Starting new game
14:53:43.973 [JavaFX Application Thread] DEBUG PrimaryStageWindow   - Pop state: FXGLDefaultMenu
14:53:43.973 [JavaFX Application Thread] DEBUG Input                - Clearing active input actions
14:53:43.975 [JavaFX Application Thread] DEBUG GameApplicationServi - Removing overlay from FXGLDefaultMenu and adding to FXGLMainMenuDummyScene
14:53:43.978 [JavaFX Application Thread] DEBUG PrimaryStageWindow   - FXGLMainMenuDummyScene <- FXGLDefaultMenu
14:53:43.979 [JavaFX Application Thread] DEBUG Input                - Clearing active input actions
14:53:43.988 [JavaFX Application Thread] DEBUG GameApplicationServi - Removing overlay from FXGLMainMenuDummyScene and adding to FXGLLoadingScene
14:53:43.989 [JavaFX Application Thread] DEBUG PrimaryStageWindow   - FXGLMainMenuDummyScene -> FXGLLoadingScene
14:53:43.989 [JavaFX Application Thread] DEBUG GameApplicationServi - Clearing previous game
14:53:43.989 [JavaFX Application Thread] DEBUG GameScene            - Clearing game scene
14:53:43.990 [JavaFX Application Thread] DEBUG GameWorld            - Clearing game world
14:53:43.990 [JavaFX Application Thread] DEBUG PhysicsWorld         - Clearing physics world
14:53:43.992 [FXGL Background Thread 2 ] DEBUG FXGLApplication      - Initializing game
14:53:44.041 [FXGL Background Thread 2 ] WARN  TMXLevelLoader       - TiledMap generated from 1.10.2. Supported version: 1.2.3. Some features may not be parsed fully.
14:53:44.104 [FXGL Background Thread 2 ] DEBUG TMXLevelLoader       - Parsed TiledMap: file:/C:/Users/mbour/OneDrive/Bureau/Zelda%20TOTK%20WINRAR/zeldaPuzzle/target/classes/assets/levels/MapDeMerde2.tmx
14:53:44.105 [FXGL Background Thread 2 ] DEBUG TMXLevelLoader       - Creating tile layer entities
14:53:44.106 [FXGL Background Thread 2 ] DEBUG TilesetLoader        - Loading view for layer background
14:53:44.136 [FXGL Background Thread 2 ] DEBUG TilesetLoader        - Created buffer with size 4800.0x4800.0
14:53:44.241 [FXGL Background Thread 2 ] DEBUG TilesetLoader        - Loading view for layer devant
14:53:44.277 [FXGL Background Thread 2 ] DEBUG TilesetLoader        - Created buffer with size 4800.0x4800.0
14:53:44.333 [FXGL Background Thread 2 ] DEBUG TilesetLoader        - Loading view for layer devant1
14:53:44.370 [FXGL Background Thread 2 ] DEBUG TilesetLoader        - Created buffer with size 4800.0x4800.0
14:53:44.384 [FXGL Background Thread 2 ] DEBUG TMXLevelLoader       - Creating object layer entities
14:53:44.418 [FXGL Background Thread 2 ] DEBUG GameWorld            - Clearing removable entities
14:53:44.419 [FXGL Background Thread 2 ] DEBUG GameWorld            - Setting level: com.almasb.fxgl.entity.level.Level@dc2f6fa
14:53:44.436 [FXGL Background Thread 2 ] WARN  GameWorld            - Entity is already attached to world
14:53:44.438 [FXGL Background Thread 2 ] WARN  GameWorld            - Entity is already attached to world
14:53:44.442 [FXGL Background Thread 2 ] INFO  FXGLApplication      - Game initialization took: 0,450 sec
14:53:44.444 [JavaFX Application Thread] DEBUG Input                - Clearing active input actions
14:53:44.450 [JavaFX Application Thread] DEBUG GameApplicationServi - Removing overlay from FXGLLoadingScene and adding to GameScene
14:53:44.452 [JavaFX Application Thread] DEBUG PrimaryStageWindow   - FXGLLoadingScene -> GameScene
14:53:45.223 [JavaFX Application Thread] WARN  TMXLevelLoader       - TiledMap generated from 1.10.2. Supported version: 1.2.3. Some features may not be parsed fully.
14:53:45.226 [JavaFX Application Thread] DEBUG TMXLevelLoader       - Parsed TiledMap: file:/C:/Users/mbour/OneDrive/Bureau/Zelda%20TOTK%20WINRAR/zeldaPuzzle/target/classes/assets/levels/interieurMaisonPlayer1.tmx
14:53:45.227 [JavaFX Application Thread] DEBUG TMXLevelLoader       - Creating tile layer entities
14:53:45.227 [JavaFX Application Thread] DEBUG TilesetLoader        - Loading view for layer background
14:53:45.228 [JavaFX Application Thread] DEBUG TilesetLoader        - Created buffer with size 1440.0x960.0
14:53:45.230 [JavaFX Application Thread] DEBUG TilesetLoader        - Loading view for layer devant
14:53:45.231 [JavaFX Application Thread] DEBUG TilesetLoader        - Created buffer with size 1440.0x960.0
14:53:45.231 [JavaFX Application Thread] DEBUG TilesetLoader        - Loading view for layer devant1
14:53:45.232 [JavaFX Application Thread] DEBUG TilesetLoader        - Created buffer with size 1440.0x960.0
14:53:45.233 [JavaFX Application Thread] DEBUG TMXLevelLoader       - Creating object layer entities
14:53:45.236 [JavaFX Application Thread] DEBUG GameWorld            - Clearing removable entities
14:53:45.243 [JavaFX Application Thread] DEBUG GameWorld            - Setting level: com.almasb.fxgl.entity.level.Level@75169bd0
14:53:45.249 [JavaFX Application Thread] WARN  GameWorld            - Entity is already attached to world
14:53:45.985 [FXGL Background Thread 3 ] DEBUG Engine               - Logging environment variables
14:53:45.985 [FXGL Background Thread 3 ] DEBUG Engine               - achievements: []
14:53:45.985 [FXGL Background Thread 3 ] DEBUG Engine               - actualHeight: 800.0
14:53:45.985 [FXGL Background Thread 3 ] DEBUG Engine               - actualHeightProperty: ReadOnlyDoubleProperty [value: 800.0]
14:53:45.985 [FXGL Background Thread 3 ] DEBUG Engine               - actualWidth: 800.0
14:53:45.986 [FXGL Background Thread 3 ] DEBUG Engine               - actualWidthProperty: ReadOnlyDoubleProperty [value: 800.0]
14:53:45.986 [FXGL Background Thread 3 ] DEBUG Engine               - appIcon: fxgl_icon.png
14:53:45.986 [FXGL Background Thread 3 ] DEBUG Engine               - applicationMode: DEVELOPER
14:53:45.986 [FXGL Background Thread 3 ] DEBUG Engine               - cSSList: [fxgl_dark.css]
14:53:45.986 [FXGL Background Thread 3 ] DEBUG Engine               - collisionDetectionStrategy: BRUTE_FORCE
14:53:45.986 [FXGL Background Thread 3 ] DEBUG Engine               - configClass: Optional.empty
14:53:45.986 [FXGL Background Thread 3 ] DEBUG Engine               - credits: []
14:53:45.987 [FXGL Background Thread 3 ] DEBUG Engine               - defaultCursor: CursorInfo(imageName=fxgl_default_cursor.png, hotspotX=7.0, hotspotY=6.0)
14:53:45.987 [FXGL Background Thread 3 ] DEBUG Engine               - devBBoxColorProperty: ObjectProperty [value: 0xff0000ff]
14:53:45.987 [FXGL Background Thread 3 ] DEBUG Engine               - devEnableDebugCameraProperty: BooleanProperty [value: false]
14:53:45.987 [FXGL Background Thread 3 ] DEBUG Engine               - devSensorColorProperty: ObjectProperty [value: 0xffff00ff]
14:53:45.987 [FXGL Background Thread 3 ] DEBUG Engine               - devShowBBoxProperty: BooleanProperty [value: false]
14:53:45.987 [FXGL Background Thread 3 ] DEBUG Engine               - devShowPositionProperty: BooleanProperty [value: false]
14:53:45.987 [FXGL Background Thread 3 ] DEBUG Engine               - enabledMenuItems: []
14:53:45.987 [FXGL Background Thread 3 ] DEBUG Engine               - engineServices: [class com.almasb.fxgl.app.services.FXGLAssetLoaderService, class com.almasb.fxgl.app.FXGLApplication$GameApplicationService, class com.almasb.fxgl.app.services.FXGLDialogService, class com.almasb.fxgl.app.services.IOTaskExecutorService, class com.almasb.fxgl.io.FileSystemService, class com.almasb.fxgl.localization.LocalizationService, class com.almasb.fxgl.app.services.SystemBundleService, class com.almasb.fxgl.profile.SaveLoadService, class com.almasb.fxgl.ui.FXGLUIFactoryServiceProvider, class com.almasb.fxgl.ui.FXGLDialogFactoryServiceProvider, class com.almasb.fxgl.audio.AudioPlayer, class com.almasb.fxgl.notification.impl.NotificationServiceProvider, class com.almasb.fxgl.achievement.AchievementService, class com.almasb.fxgl.cutscene.CutsceneService, class com.almasb.fxgl.minigames.MiniGameService, class com.almasb.fxgl.net.NetService, class com.almasb.fxgl.app.services.UpdaterService, class com.almasb.fxgl.dev.DevService]
14:53:45.987 [FXGL Background Thread 3 ] DEBUG Engine               - fontGame: Abel-Regular.ttf
14:53:45.987 [FXGL Background Thread 3 ] DEBUG Engine               - fontMono: TerminalLandMono-Regular.otf
14:53:45.987 [FXGL Background Thread 3 ] DEBUG Engine               - fontText: Courier-Prime.ttf
14:53:45.987 [FXGL Background Thread 3 ] DEBUG Engine               - fontUI: VarelaRound-Regular.ttf
14:53:45.987 [FXGL Background Thread 3 ] DEBUG Engine               - fullScreen: BooleanProperty [value: false]
14:53:45.987 [FXGL Background Thread 3 ] DEBUG Engine               - gameDifficulty: MEDIUM
14:53:45.987 [FXGL Background Thread 3 ] DEBUG Engine               - gameDifficultyProperty: ObjectProperty [value: MEDIUM]
14:53:45.987 [FXGL Background Thread 3 ] DEBUG Engine               - globalMusicVolume: 0.5
14:53:45.987 [FXGL Background Thread 3 ] DEBUG Engine               - globalMusicVolumeProperty: DoubleProperty [value: 0.5]
14:53:45.987 [FXGL Background Thread 3 ] DEBUG Engine               - globalSoundVolume: 0.5
14:53:45.988 [FXGL Background Thread 3 ] DEBUG Engine               - globalSoundVolumeProperty: DoubleProperty [value: 0.5]
14:53:45.988 [FXGL Background Thread 3 ] DEBUG Engine               - height: 800
14:53:45.988 [FXGL Background Thread 3 ] DEBUG Engine               - is3D: false
14:53:45.988 [FXGL Background Thread 3 ] DEBUG Engine               - isAndroid: false
14:53:45.988 [FXGL Background Thread 3 ] DEBUG Engine               - isBrowser: false
14:53:45.988 [FXGL Background Thread 3 ] DEBUG Engine               - isClickFeedbackEnabled: false
14:53:45.988 [FXGL Background Thread 3 ] DEBUG Engine               - isCloseConfirmation: false
14:53:45.988 [FXGL Background Thread 3 ] DEBUG Engine               - isDesktop: true
14:53:45.988 [FXGL Background Thread 3 ] DEBUG Engine               - isDeveloperMenuEnabled: true
14:53:45.988 [FXGL Background Thread 3 ] DEBUG Engine               - isEmbedded: false
14:53:45.988 [FXGL Background Thread 3 ] DEBUG Engine               - isEntityPreloadEnabled: true
14:53:45.988 [FXGL Background Thread 3 ] DEBUG Engine               - isExperimentalTiledLargeMap: false
14:53:45.988 [FXGL Background Thread 3 ] DEBUG Engine               - isFileSystemWriteAllowed: true
14:53:45.988 [FXGL Background Thread 3 ] DEBUG Engine               - isFullScreenAllowed: true
14:53:45.988 [FXGL Background Thread 3 ] DEBUG Engine               - isFullScreenFromStart: false
14:53:45.988 [FXGL Background Thread 3 ] DEBUG Engine               - isGameMenuEnabled: true
14:53:45.988 [FXGL Background Thread 3 ] DEBUG Engine               - isIOS: false
14:53:45.988 [FXGL Background Thread 3 ] DEBUG Engine               - isIntroEnabled: false
14:53:45.988 [FXGL Background Thread 3 ] DEBUG Engine               - isLinux: false
14:53:45.988 [FXGL Background Thread 3 ] DEBUG Engine               - isMac: false
14:53:45.988 [FXGL Background Thread 3 ] DEBUG Engine               - isMainMenuEnabled: true
14:53:45.988 [FXGL Background Thread 3 ] DEBUG Engine               - isManualResizeEnabled: false
14:53:45.988 [FXGL Background Thread 3 ] DEBUG Engine               - isMobile: false
14:53:45.988 [FXGL Background Thread 3 ] DEBUG Engine               - isNative: false
14:53:45.988 [FXGL Background Thread 3 ] DEBUG Engine               - isPauseMusicWhenMinimized: true
14:53:45.989 [FXGL Background Thread 3 ] DEBUG Engine               - isPreserveResizeRatio: false
14:53:45.989 [FXGL Background Thread 3 ] DEBUG Engine               - isProfilingEnabled: false
14:53:45.989 [FXGL Background Thread 3 ] DEBUG Engine               - isScaleAffectedOnResize: true
14:53:45.989 [FXGL Background Thread 3 ] DEBUG Engine               - isSingleStep: false
14:53:45.989 [FXGL Background Thread 3 ] DEBUG Engine               - isUserProfileEnabled: false
14:53:45.989 [FXGL Background Thread 3 ] DEBUG Engine               - isWindows: true
14:53:45.989 [FXGL Background Thread 3 ] DEBUG Engine               - language: ObjectProperty [value: ENGLISH]
14:53:45.989 [FXGL Background Thread 3 ] DEBUG Engine               - menuKey: ESCAPE
14:53:45.989 [FXGL Background Thread 3 ] DEBUG Engine               - mouseSensitivity: 0.2
14:53:45.989 [FXGL Background Thread 3 ] DEBUG Engine               - notificationViewClass: class com.almasb.fxgl.notification.view.XboxNotificationView
14:53:45.989 [FXGL Background Thread 3 ] DEBUG Engine               - pixelsPerMeter: 50.0
14:53:45.989 [FXGL Background Thread 3 ] DEBUG Engine               - platform: WINDOWS
14:53:45.989 [FXGL Background Thread 3 ] DEBUG Engine               - prefHeightProperty: ReadOnlyDoubleProperty [value: 800.0]
14:53:45.989 [FXGL Background Thread 3 ] DEBUG Engine               - prefWidthProperty: ReadOnlyDoubleProperty [value: 800.0]
14:53:45.989 [FXGL Background Thread 3 ] DEBUG Engine               - profileDir: profiles/
14:53:45.989 [FXGL Background Thread 3 ] DEBUG Engine               - profileName: StringProperty [value: DEFAULT]
14:53:45.989 [FXGL Background Thread 3 ] DEBUG Engine               - randomSeed: -1
14:53:45.989 [FXGL Background Thread 3 ] DEBUG Engine               - runtimeInfo: RuntimeInfo(platform=WINDOWS, version=17, build=31.12.2021 18.16)
14:53:45.990 [FXGL Background Thread 3 ] DEBUG Engine               - saveFileExt: sav
14:53:45.990 [FXGL Background Thread 3 ] DEBUG Engine               - scaledHeightProp$fxgl: DoubleProperty [bound, value: 800.0]
14:53:45.990 [FXGL Background Thread 3 ] DEBUG Engine               - scaledWidthProp$fxgl: DoubleProperty [bound, value: 800.0]
14:53:45.990 [FXGL Background Thread 3 ] DEBUG Engine               - sceneFactory: com.almasb.fxgl.app.scene.SceneFactory@7345e044
14:53:45.990 [FXGL Background Thread 3 ] DEBUG Engine               - secondsIn24h: 60
14:53:45.990 [FXGL Background Thread 3 ] DEBUG Engine               - soundMenuBack: menu/back.wav
14:53:45.990 [FXGL Background Thread 3 ] DEBUG Engine               - soundMenuPress: menu/press.wav
14:53:45.990 [FXGL Background Thread 3 ] DEBUG Engine               - soundMenuSelect: menu/select.wav
14:53:45.990 [FXGL Background Thread 3 ] DEBUG Engine               - soundNotification: core/notification.wav
14:53:45.990 [FXGL Background Thread 3 ] DEBUG Engine               - stageStyle: DECORATED
14:53:45.990 [FXGL Background Thread 3 ] DEBUG Engine               - supportedLanguages: [ENGLISH, FRENCH, GERMAN, HUNGARIAN, RUSSIAN]
14:53:45.990 [FXGL Background Thread 3 ] DEBUG Engine               - ticksPerSecond: -1
14:53:45.990 [FXGL Background Thread 3 ] DEBUG Engine               - title: Zelda 2D Game par ماستن
14:53:45.990 [FXGL Background Thread 3 ] DEBUG Engine               - urlGithub: https://github.com/AlmasB/FXGL
14:53:45.990 [FXGL Background Thread 3 ] DEBUG Engine               - urlLeaderboard: http://fxgl-top.herokuapp.com/
14:53:45.990 [FXGL Background Thread 3 ] DEBUG Engine               - urlPOM: https://raw.githubusercontent.com/AlmasB/FXGL/release/README.md
14:53:45.990 [FXGL Background Thread 3 ] DEBUG Engine               - userAppClass: class com.example.zeldapuzzle.MainGameApp
14:53:45.990 [FXGL Background Thread 3 ] DEBUG Engine               - version: 1
14:53:45.990 [FXGL Background Thread 3 ] DEBUG Engine               - versionCheckDays: 7
14:53:45.990 [FXGL Background Thread 3 ] DEBUG Engine               - width: 800
14:53:45.990 [FXGL Background Thread 3 ] DEBUG Engine               - Logging services
14:53:45.990 [FXGL Background Thread 3 ] DEBUG Engine               - class com.almasb.fxgl.app.services.FXGLAssetLoaderService
14:53:45.990 [FXGL Background Thread 3 ] DEBUG Engine               - class com.almasb.fxgl.app.FXGLApplication$GameApplicationService
14:53:45.991 [FXGL Background Thread 3 ] DEBUG Engine               - class com.almasb.fxgl.app.services.FXGLDialogService
14:53:45.991 [FXGL Background Thread 3 ] DEBUG Engine               - class com.almasb.fxgl.app.services.IOTaskExecutorService
14:53:45.991 [FXGL Background Thread 3 ] DEBUG Engine               - class com.almasb.fxgl.io.FileSystemService
14:53:45.991 [FXGL Background Thread 3 ] DEBUG Engine               - class com.almasb.fxgl.localization.LocalizationService
14:53:45.991 [FXGL Background Thread 3 ] DEBUG Engine               - class com.almasb.fxgl.app.services.SystemBundleService
14:53:45.991 [FXGL Background Thread 3 ] DEBUG Engine               - class com.almasb.fxgl.profile.SaveLoadService
14:53:45.991 [FXGL Background Thread 3 ] DEBUG Engine               - class com.almasb.fxgl.ui.FXGLUIFactoryServiceProvider
14:53:45.991 [FXGL Background Thread 3 ] DEBUG Engine               - class com.almasb.fxgl.ui.FXGLDialogFactoryServiceProvider
14:53:45.991 [FXGL Background Thread 3 ] DEBUG Engine               - class com.almasb.fxgl.audio.AudioPlayer
14:53:45.991 [FXGL Background Thread 3 ] DEBUG Engine               - class com.almasb.fxgl.notification.impl.NotificationServiceProvider
14:53:45.991 [FXGL Background Thread 3 ] DEBUG Engine               - class com.almasb.fxgl.achievement.AchievementService
14:53:45.991 [FXGL Background Thread 3 ] DEBUG Engine               - class com.almasb.fxgl.cutscene.CutsceneService
14:53:45.991 [FXGL Background Thread 3 ] DEBUG Engine               - class com.almasb.fxgl.minigames.MiniGameService
14:53:45.991 [FXGL Background Thread 3 ] DEBUG Engine               - class com.almasb.fxgl.net.NetService
14:53:45.991 [FXGL Background Thread 3 ] DEBUG Engine               - class com.almasb.fxgl.app.services.UpdaterService
14:53:45.991 [FXGL Background Thread 3 ] DEBUG Engine               - class com.almasb.fxgl.dev.DevService
14:53:46.391 [JavaFX Application Thread] WARN  TMXLevelLoader       - TiledMap generated from 1.10.2. Supported version: 1.2.3. Some features may not be parsed fully.
14:53:46.401 [JavaFX Application Thread] DEBUG TMXLevelLoader       - Parsed TiledMap: file:/C:/Users/mbour/OneDrive/Bureau/Zelda%20TOTK%20WINRAR/zeldaPuzzle/target/classes/assets/levels/MapDeMerde2.tmx
14:53:46.401 [JavaFX Application Thread] DEBUG TMXLevelLoader       - Creating tile layer entities
14:53:46.401 [JavaFX Application Thread] DEBUG TilesetLoader        - Loading view for layer background
14:53:46.407 [JavaFX Application Thread] DEBUG TilesetLoader        - Created buffer with size 4800.0x4800.0
14:53:46.472 [JavaFX Application Thread] DEBUG TilesetLoader        - Loading view for layer devant
14:53:46.480 [JavaFX Application Thread] DEBUG TilesetLoader        - Created buffer with size 4800.0x4800.0
14:53:46.511 [JavaFX Application Thread] DEBUG TilesetLoader        - Loading view for layer devant1
14:53:46.537 [JavaFX Application Thread] DEBUG TilesetLoader        - Created buffer with size 4800.0x4800.0
14:53:46.546 [JavaFX Application Thread] DEBUG TMXLevelLoader       - Creating object layer entities
14:53:46.559 [JavaFX Application Thread] DEBUG GameWorld            - Clearing removable entities
14:53:46.560 [JavaFX Application Thread] DEBUG GameWorld            - Setting level: com.almasb.fxgl.entity.level.Level@2ad093a6
14:53:46.567 [JavaFX Application Thread] WARN  GameWorld            - Entity is already attached to world
14:54:01.769 [JavaFX Application Thread] DEBUG FXGLApplication      - Exiting FXGL
14:54:01.770 [JavaFX Application Thread] DEBUG LoopRunner           - Stopping loop
14:54:01.770 [JavaFX Application Thread] DEBUG SystemBundleService  - Saving FXGL system data
14:54:01.772 [JavaFX Application Thread] DEBUG FileSystemAccess     - Writing to: C:\Users\mbour\OneDrive\Bureau\Zelda TOTK WINRAR\zeldaPuzzle\system\fxgl.bundle
14:54:01.774 [JavaFX Application Thread] DEBUG Async                - Shutting down background threads
14:54:01.774 [JavaFX Application Thread] DEBUG PrimaryStageWindow   - Closing main window
14:54:01.790 [JavaFX Application Thread] DEBUG Logger               - Closing Logger
