01:19:40.788 [main                     ] DEBUG Logger               - Configured Logger
01:19:40.801 [main                     ] DEBUG GameApplication      - Logging settings
Title: Zelda 2D Game par ماستن
Version: 1
Width: 800
Height: 800
Fullscreen: true
Intro: false
Profiling: false
Single step:false
App Mode: DEVELOPER
Menu Key: ESCAPE
Stage Style: DECORATED
Scene Factory: class com.almasb.fxgl.app.scene.SceneFactory

01:19:40.860 [JavaFX Application Thread] DEBUG FXGLApplication      - Initializing FXGL
01:19:40.863 [JavaFX Application Thread] INFO  Engine               - FXGL-17 (31.12.2021 18.16) on WINDOWS (J:19.0.2 FX:19)
01:19:40.863 [JavaFX Application Thread] DEBUG Engine               - JRE Vendor Name: Amazon.com Inc.
01:19:40.863 [JavaFX Application Thread] DEBUG Engine               - Running on OS: Windows 11 version 10.0
01:19:40.864 [JavaFX Application Thread] DEBUG Engine               - Architecture: amd64
01:19:40.864 [JavaFX Application Thread] INFO  Engine               - Source code and latest versions at: https://github.com/AlmasB/FXGL
01:19:40.864 [JavaFX Application Thread] INFO  Engine               -       Ask questions and discuss at: https://github.com/AlmasB/FXGL/discussions
01:19:40.864 [JavaFX Application Thread] INFO  Engine               -              Join the FXGL chat at: https://gitter.im/AlmasB/FXGL
01:19:40.908 [JavaFX Application Thread] DEBUG PrimaryStageWindow   - Creating a JavaFX scene
01:19:40.939 [JavaFX Application Thread] DEBUG PrimaryStageWindow   - Target settings size: 800.0 x 800.0
01:19:40.939 [JavaFX Application Thread] DEBUG PrimaryStageWindow   - Scaled scene size:    800.0 x 800.0
01:19:40.940 [JavaFX Application Thread] DEBUG PrimaryStageWindow   - Scaled ratio: (1.0, 1.0)
01:19:40.940 [JavaFX Application Thread] DEBUG PrimaryStageWindow   - Set initial scene to FXGLStartupScene
01:19:40.946 [JavaFX Application Thread] DEBUG PrimaryStageWindow   - Opening main window
01:19:41.005 [JavaFX Application Thread] DEBUG PrimaryStageWindow   - Window border size: (16.0, 39.0)
01:19:41.005 [JavaFX Application Thread] DEBUG PrimaryStageWindow   - Scaled size: 800.0 x 800.0
01:19:41.006 [JavaFX Application Thread] DEBUG PrimaryStageWindow   - Scaled ratio: (1.0, 1.0)
01:19:41.006 [JavaFX Application Thread] DEBUG PrimaryStageWindow   - Scene size: 800.0 x 800.0
01:19:41.006 [JavaFX Application Thread] DEBUG PrimaryStageWindow   - Stage size: 816.0 x 839.0
01:19:41.013 [FXGL Background Thread 1 ] DEBUG Engine               - Initializing environment variables
01:19:41.053 [FXGL Background Thread 1 ] DEBUG FXGLAssetLoaderServi - User app class for loading assets: class com.example.zeldapuzzle.MainGameApp
01:19:41.054 [FXGL Background Thread 1 ] DEBUG GameApplicationServi - Applying CSS: fxgl_dark.css
01:19:41.054 [FXGL Background Thread 1 ] DEBUG FXGLAssetLoaderServi - Loading from file system: jar:file:///C:/Users/Utilisateur/.m2/repository/com/github/almasb/fxgl/17/fxgl-17.jar!/fxglassets/ui/css/fxgl_dark.css
01:19:41.100 [FXGL Background Thread 1 ] DEBUG GameApplicationServi - Initializing application scenes
01:19:41.143 [FXGL Background Thread 1 ] DEBUG GameWorld            - Game world initialized
01:19:41.197 [FXGL Background Thread 1 ] DEBUG PhysicsWorld         - Physics world initialized: appHeight=800, physics.ppm=50,0
01:19:41.197 [FXGL Background Thread 1 ] DEBUG PhysicsWorld         - Using strategy: BRUTE_FORCE
01:19:41.202 [FXGL Background Thread 1 ] DEBUG GameScene            - Game scene initialized: 800x800
01:19:41.212 [FXGL Background Thread 1 ] DEBUG FXGL.DefaultMenu     - createMenuBodyMainMenu()
01:19:41.220 [FXGL Background Thread 1 ] DEBUG FXGL.DefaultMenu     - createOptionsMenu()
01:19:41.228 [FXGL Background Thread 1 ] DEBUG FXGLAssetLoaderServi - Loading from file system: jar:file:///C:/Users/Utilisateur/.m2/repository/com/github/almasb/fxgl/17/fxgl-17.jar!/fxglassets/textures/particles/smoke.png
01:19:41.323 [FXGL Background Thread 1 ] DEBUG FXGLAssetLoaderServi - Loading from file system: jar:file:///C:/Users/Utilisateur/.m2/repository/com/github/almasb/fxgl/17/fxgl-17.jar!/fxglassets/textures/particles/trace_horizontal.png
01:19:41.341 [FXGL Background Thread 1 ] DEBUG FXGL.DefaultMenu     - createMenuBodyGameMenu()
01:19:41.342 [FXGL Background Thread 1 ] DEBUG FXGL.DefaultMenu     - createOptionsMenu()
01:19:41.354 [FXGL Background Thread 1 ] DEBUG GameApplicationServi - Application scenes initialized
01:19:41.362 [FXGL Background Thread 1 ] DEBUG SystemBundleService  - Loading FXGL system data
01:19:41.365 [FXGL Background Thread 1 ] DEBUG FileSystemAccess     - Reading from: C:\Users\Utilisateur\IdeaProjects\zeldaPuzzle\system\fxgl.bundle
01:19:41.373 [FXGL Background Thread 1 ] DEBUG SystemBundleService  - Bundle FXGL: {}
01:19:41.373 [FXGL Background Thread 1 ] DEBUG UpdaterService       - Checking for updates
01:19:41.400 [FXGL Background Thread 4 ] DEBUG FXGLApplication      - Loading fonts
01:19:41.401 [FXGL Background Thread 1 ] DEBUG FXGLApplication      - Loading default localization
01:19:41.401 [FXGL Background Thread 4 ] DEBUG FXGLAssetLoaderServi - Loading from file system: jar:file:///C:/Users/Utilisateur/.m2/repository/com/github/almasb/fxgl/17/fxgl-17.jar!/fxglassets/ui/fonts/VarelaRound-Regular.ttf
01:19:41.402 [FXGL Background Thread 1 ] DEBUG FXGLAssetLoaderServi - Loading from file system: jar:file:///C:/Users/Utilisateur/.m2/repository/com/github/almasb/fxgl/17/fxgl-17.jar!/fxglassets/languages/english.lang
01:19:41.446 [FXGL Background Thread 1 ] INFO  FXGLApplication      - FXGL initialization took: 0,432 sec
01:19:41.451 [FXGL Background Thread 4 ] DEBUG FXGLAssetLoaderServi - Loading from file system: jar:file:///C:/Users/Utilisateur/.m2/repository/com/github/almasb/fxgl/17/fxgl-17.jar!/fxglassets/ui/fonts/Abel-Regular.ttf
01:19:41.460 [FXGL Background Thread 4 ] DEBUG FXGLAssetLoaderServi - Loading from file system: jar:file:///C:/Users/Utilisateur/.m2/repository/com/github/almasb/fxgl/17/fxgl-17.jar!/fxglassets/ui/fonts/TerminalLandMono-Regular.otf
01:19:41.464 [JavaFX Application Thread] DEBUG Input                - Registered new binding: inventaire - Tab
01:19:41.465 [JavaFX Application Thread] DEBUG Input                - Registered new binding: getPosition - P
01:19:41.465 [JavaFX Application Thread] DEBUG Input                - Registered new binding: zoom+ - Up
01:19:41.465 [JavaFX Application Thread] DEBUG Input                - Registered new binding: zoom- - Down
01:19:41.466 [JavaFX Application Thread] DEBUG Input                - Registered new binding: resetZoom - 0
01:19:41.466 [JavaFX Application Thread] DEBUG Input                - Registered new binding: Move right - D
01:19:41.466 [JavaFX Application Thread] DEBUG Input                - Registered new binding: Move left - A
01:19:41.467 [FXGL Background Thread 4 ] DEBUG FXGLAssetLoaderServi - Loading from file system: jar:file:///C:/Users/Utilisateur/.m2/repository/com/github/almasb/fxgl/17/fxgl-17.jar!/fxglassets/ui/fonts/Courier-Prime.ttf
01:19:41.467 [JavaFX Application Thread] DEBUG Input                - Registered new binding: Move Up - W
01:19:41.467 [JavaFX Application Thread] DEBUG Input                - Registered new binding: Move Down - S
01:19:41.467 [JavaFX Application Thread] DEBUG FXGLAssetLoaderServi - Loading from file system: jar:file:///C:/Users/Utilisateur/.m2/repository/com/github/almasb/fxgl/17/fxgl-17.jar!/fxglassets/textures/fxgl_icon.png
01:19:41.475 [JavaFX Application Thread] DEBUG FXGLAssetLoaderServi - Loading from file system: jar:file:///C:/Users/Utilisateur/.m2/repository/com/github/almasb/fxgl/17/fxgl-17.jar!/fxglassets/textures/fxgl_default_cursor.png
01:19:41.477 [JavaFX Application Thread] DEBUG Input                - Registered new binding: Screenshot - CTRL+8
01:19:41.478 [JavaFX Application Thread] DEBUG Input                - Registered new binding: Dev Options - 1
01:19:41.479 [JavaFX Application Thread] DEBUG Input                - Registered new binding: Dev Console - 2
01:19:41.479 [JavaFX Application Thread] DEBUG Input                - Registered new binding: System info dump - CTRL+9
01:19:41.480 [JavaFX Application Thread] DEBUG Input                - Registered new binding: Restart - CTRL+R
01:19:41.482 [JavaFX Application Thread] DEBUG Input                - Registered new binding: Toggle Debug Camera - CTRL+7
01:19:41.488 [JavaFX Application Thread] DEBUG LoopRunner           - Starting loop
01:19:41.526 [JavaFX Application Thread] DEBUG LoopRunner           - Initializing JavaFX AnimationTimerLoop
01:19:41.530 [JavaFX Application Thread] DEBUG Input                - Clearing active input actions
01:19:41.536 [JavaFX Application Thread] DEBUG GameApplicationServi - Removing overlay from FXGLStartupScene and adding to FXGLMainMenuDummyScene
01:19:41.552 [JavaFX Application Thread] DEBUG PrimaryStageWindow   - FXGLStartupScene -> FXGLMainMenuDummyScene
01:19:41.552 [JavaFX Application Thread] DEBUG PrimaryStageWindow   - Push state: FXGLDefaultMenu
01:19:41.553 [JavaFX Application Thread] DEBUG Input                - Clearing active input actions
01:19:41.557 [JavaFX Application Thread] DEBUG GameApplicationServi - Removing overlay from FXGLMainMenuDummyScene and adding to FXGLDefaultMenu
01:19:41.558 [JavaFX Application Thread] DEBUG PrimaryStageWindow   - FXGLMainMenuDummyScene -> FXGLDefaultMenu
01:19:41.562 [JavaFX Application Thread] DEBUG FXGLApplication      - Registering font factories with UI factory
01:19:41.799 [FXGL Background Thread 2 ] INFO  UpdaterService       - Your current version:  17
01:19:41.799 [FXGL Background Thread 2 ] INFO  UpdaterService       - Latest stable version: 21.1
01:19:42.502 [JavaFX Application Thread] DEBUG Menu                 - fireNewGame()
01:19:42.502 [JavaFX Application Thread] DEBUG GameApplicationServi - Starting new game
01:19:42.505 [JavaFX Application Thread] DEBUG PrimaryStageWindow   - Pop state: FXGLDefaultMenu
01:19:42.505 [JavaFX Application Thread] DEBUG Input                - Clearing active input actions
01:19:42.507 [JavaFX Application Thread] DEBUG GameApplicationServi - Removing overlay from FXGLDefaultMenu and adding to FXGLMainMenuDummyScene
01:19:42.510 [JavaFX Application Thread] DEBUG PrimaryStageWindow   - FXGLMainMenuDummyScene <- FXGLDefaultMenu
01:19:42.510 [JavaFX Application Thread] DEBUG Input                - Clearing active input actions
01:19:42.515 [JavaFX Application Thread] DEBUG GameApplicationServi - Removing overlay from FXGLMainMenuDummyScene and adding to FXGLLoadingScene
01:19:42.516 [JavaFX Application Thread] DEBUG PrimaryStageWindow   - FXGLMainMenuDummyScene -> FXGLLoadingScene
01:19:42.516 [JavaFX Application Thread] DEBUG GameApplicationServi - Clearing previous game
01:19:42.516 [JavaFX Application Thread] DEBUG GameScene            - Clearing game scene
01:19:42.516 [JavaFX Application Thread] DEBUG GameWorld            - Clearing game world
01:19:42.517 [JavaFX Application Thread] DEBUG PhysicsWorld         - Clearing physics world
01:19:42.521 [FXGL Background Thread 2 ] DEBUG FXGLApplication      - Initializing game
01:19:42.580 [FXGL Background Thread 2 ] WARN  TMXLevelLoader       - TiledMap generated from 1.10.2. Supported version: 1.2.3. Some features may not be parsed fully.
01:19:42.597 [FXGL Background Thread 2 ] DEBUG TMXLevelLoader       - Parsed TiledMap: file:/C:/Users/Utilisateur/IdeaProjects/zeldaPuzzle/target/classes/assets/levels/MapDeMerde2.tmx
01:19:42.598 [FXGL Background Thread 2 ] DEBUG TMXLevelLoader       - Creating tile layer entities
01:19:42.600 [FXGL Background Thread 2 ] DEBUG TilesetLoader        - Loading view for layer Calque de Tuiles 1
01:19:42.629 [FXGL Background Thread 2 ] DEBUG TilesetLoader        - Created buffer with size 4800.0x4800.0
01:19:42.670 [FXGL Background Thread 2 ] DEBUG TMXLevelLoader       - Creating object layer entities
01:19:42.674 [FXGL Background Thread 2 ] DEBUG GameWorld            - Clearing removable entities
01:19:42.675 [FXGL Background Thread 2 ] DEBUG GameWorld            - Setting level: com.almasb.fxgl.entity.level.Level@2386841b
01:19:42.711 [FXGL Background Thread 2 ] WARN  GameWorld            - Entity is already attached to world
01:19:42.719 [FXGL Background Thread 2 ] WARN  GameWorld            - Entity is already attached to world
01:19:42.725 [FXGL Background Thread 2 ] WARN  GameWorld            - Entity is already attached to world
01:19:42.732 [FXGL Background Thread 2 ] INFO  FXGLApplication      - Game initialization took: 0,212 sec
01:19:42.739 [JavaFX Application Thread] DEBUG Input                - Clearing active input actions
01:19:42.743 [JavaFX Application Thread] DEBUG GameApplicationServi - Removing overlay from FXGLLoadingScene and adding to GameScene
01:19:42.746 [JavaFX Application Thread] DEBUG PrimaryStageWindow   - FXGLLoadingScene -> GameScene
01:19:44.400 [FXGL Background Thread 3 ] DEBUG Engine               - Logging environment variables
01:19:44.400 [FXGL Background Thread 3 ] DEBUG Engine               - achievements: []
01:19:44.400 [FXGL Background Thread 3 ] DEBUG Engine               - actualHeight: 800.0
01:19:44.400 [FXGL Background Thread 3 ] DEBUG Engine               - actualHeightProperty: ReadOnlyDoubleProperty [value: 800.0]
01:19:44.400 [FXGL Background Thread 3 ] DEBUG Engine               - actualWidth: 800.0
01:19:44.400 [FXGL Background Thread 3 ] DEBUG Engine               - actualWidthProperty: ReadOnlyDoubleProperty [value: 800.0]
01:19:44.400 [FXGL Background Thread 3 ] DEBUG Engine               - appIcon: fxgl_icon.png
01:19:44.400 [FXGL Background Thread 3 ] DEBUG Engine               - applicationMode: DEVELOPER
01:19:44.400 [FXGL Background Thread 3 ] DEBUG Engine               - cSSList: [fxgl_dark.css]
01:19:44.401 [FXGL Background Thread 3 ] DEBUG Engine               - collisionDetectionStrategy: BRUTE_FORCE
01:19:44.401 [FXGL Background Thread 3 ] DEBUG Engine               - configClass: Optional.empty
01:19:44.401 [FXGL Background Thread 3 ] DEBUG Engine               - credits: []
01:19:44.401 [FXGL Background Thread 3 ] DEBUG Engine               - defaultCursor: CursorInfo(imageName=fxgl_default_cursor.png, hotspotX=7.0, hotspotY=6.0)
01:19:44.401 [FXGL Background Thread 3 ] DEBUG Engine               - devBBoxColorProperty: ObjectProperty [value: 0xff0000ff]
01:19:44.401 [FXGL Background Thread 3 ] DEBUG Engine               - devEnableDebugCameraProperty: BooleanProperty [value: false]
01:19:44.401 [FXGL Background Thread 3 ] DEBUG Engine               - devSensorColorProperty: ObjectProperty [value: 0xffff00ff]
01:19:44.401 [FXGL Background Thread 3 ] DEBUG Engine               - devShowBBoxProperty: BooleanProperty [value: false]
01:19:44.401 [FXGL Background Thread 3 ] DEBUG Engine               - devShowPositionProperty: BooleanProperty [value: false]
01:19:44.401 [FXGL Background Thread 3 ] DEBUG Engine               - enabledMenuItems: []
01:19:44.401 [FXGL Background Thread 3 ] DEBUG Engine               - engineServices: [class com.almasb.fxgl.app.services.FXGLAssetLoaderService, class com.almasb.fxgl.app.FXGLApplication$GameApplicationService, class com.almasb.fxgl.app.services.FXGLDialogService, class com.almasb.fxgl.app.services.IOTaskExecutorService, class com.almasb.fxgl.io.FileSystemService, class com.almasb.fxgl.localization.LocalizationService, class com.almasb.fxgl.app.services.SystemBundleService, class com.almasb.fxgl.profile.SaveLoadService, class com.almasb.fxgl.ui.FXGLUIFactoryServiceProvider, class com.almasb.fxgl.ui.FXGLDialogFactoryServiceProvider, class com.almasb.fxgl.audio.AudioPlayer, class com.almasb.fxgl.notification.impl.NotificationServiceProvider, class com.almasb.fxgl.achievement.AchievementService, class com.almasb.fxgl.cutscene.CutsceneService, class com.almasb.fxgl.minigames.MiniGameService, class com.almasb.fxgl.net.NetService, class com.almasb.fxgl.app.services.UpdaterService, class com.almasb.fxgl.dev.DevService]
01:19:44.401 [FXGL Background Thread 3 ] DEBUG Engine               - fontGame: Abel-Regular.ttf
01:19:44.401 [FXGL Background Thread 3 ] DEBUG Engine               - fontMono: TerminalLandMono-Regular.otf
01:19:44.401 [FXGL Background Thread 3 ] DEBUG Engine               - fontText: Courier-Prime.ttf
01:19:44.401 [FXGL Background Thread 3 ] DEBUG Engine               - fontUI: VarelaRound-Regular.ttf
01:19:44.401 [FXGL Background Thread 3 ] DEBUG Engine               - fullScreen: BooleanProperty [value: false]
01:19:44.401 [FXGL Background Thread 3 ] DEBUG Engine               - gameDifficulty: MEDIUM
01:19:44.401 [FXGL Background Thread 3 ] DEBUG Engine               - gameDifficultyProperty: ObjectProperty [value: MEDIUM]
01:19:44.402 [FXGL Background Thread 3 ] DEBUG Engine               - globalMusicVolume: 0.5
01:19:44.402 [FXGL Background Thread 3 ] DEBUG Engine               - globalMusicVolumeProperty: DoubleProperty [value: 0.5]
01:19:44.402 [FXGL Background Thread 3 ] DEBUG Engine               - globalSoundVolume: 0.5
01:19:44.402 [FXGL Background Thread 3 ] DEBUG Engine               - globalSoundVolumeProperty: DoubleProperty [value: 0.5]
01:19:44.402 [FXGL Background Thread 3 ] DEBUG Engine               - height: 800
01:19:44.402 [FXGL Background Thread 3 ] DEBUG Engine               - is3D: false
01:19:44.402 [FXGL Background Thread 3 ] DEBUG Engine               - isAndroid: false
01:19:44.402 [FXGL Background Thread 3 ] DEBUG Engine               - isBrowser: false
01:19:44.402 [FXGL Background Thread 3 ] DEBUG Engine               - isClickFeedbackEnabled: false
01:19:44.402 [FXGL Background Thread 3 ] DEBUG Engine               - isCloseConfirmation: false
01:19:44.402 [FXGL Background Thread 3 ] DEBUG Engine               - isDesktop: true
01:19:44.402 [FXGL Background Thread 3 ] DEBUG Engine               - isDeveloperMenuEnabled: true
01:19:44.402 [FXGL Background Thread 3 ] DEBUG Engine               - isEmbedded: false
01:19:44.402 [FXGL Background Thread 3 ] DEBUG Engine               - isEntityPreloadEnabled: true
01:19:44.402 [FXGL Background Thread 3 ] DEBUG Engine               - isExperimentalTiledLargeMap: false
01:19:44.402 [FXGL Background Thread 3 ] DEBUG Engine               - isFileSystemWriteAllowed: true
01:19:44.402 [FXGL Background Thread 3 ] DEBUG Engine               - isFullScreenAllowed: true
01:19:44.402 [FXGL Background Thread 3 ] DEBUG Engine               - isFullScreenFromStart: false
01:19:44.402 [FXGL Background Thread 3 ] DEBUG Engine               - isGameMenuEnabled: true
01:19:44.402 [FXGL Background Thread 3 ] DEBUG Engine               - isIOS: false
01:19:44.402 [FXGL Background Thread 3 ] DEBUG Engine               - isIntroEnabled: false
01:19:44.402 [FXGL Background Thread 3 ] DEBUG Engine               - isLinux: false
01:19:44.402 [FXGL Background Thread 3 ] DEBUG Engine               - isMac: false
01:19:44.402 [FXGL Background Thread 3 ] DEBUG Engine               - isMainMenuEnabled: true
01:19:44.402 [FXGL Background Thread 3 ] DEBUG Engine               - isManualResizeEnabled: false
01:19:44.402 [FXGL Background Thread 3 ] DEBUG Engine               - isMobile: false
01:19:44.402 [FXGL Background Thread 3 ] DEBUG Engine               - isNative: false
01:19:44.402 [FXGL Background Thread 3 ] DEBUG Engine               - isPauseMusicWhenMinimized: true
01:19:44.402 [FXGL Background Thread 3 ] DEBUG Engine               - isPreserveResizeRatio: false
01:19:44.403 [FXGL Background Thread 3 ] DEBUG Engine               - isProfilingEnabled: false
01:19:44.403 [FXGL Background Thread 3 ] DEBUG Engine               - isScaleAffectedOnResize: true
01:19:44.403 [FXGL Background Thread 3 ] DEBUG Engine               - isSingleStep: false
01:19:44.403 [FXGL Background Thread 3 ] DEBUG Engine               - isUserProfileEnabled: false
01:19:44.403 [FXGL Background Thread 3 ] DEBUG Engine               - isWindows: true
01:19:44.403 [FXGL Background Thread 3 ] DEBUG Engine               - language: ObjectProperty [value: ENGLISH]
01:19:44.403 [FXGL Background Thread 3 ] DEBUG Engine               - menuKey: ESCAPE
01:19:44.403 [FXGL Background Thread 3 ] DEBUG Engine               - mouseSensitivity: 0.2
01:19:44.403 [FXGL Background Thread 3 ] DEBUG Engine               - notificationViewClass: class com.almasb.fxgl.notification.view.XboxNotificationView
01:19:44.403 [FXGL Background Thread 3 ] DEBUG Engine               - pixelsPerMeter: 50.0
01:19:44.403 [FXGL Background Thread 3 ] DEBUG Engine               - platform: WINDOWS
01:19:44.403 [FXGL Background Thread 3 ] DEBUG Engine               - prefHeightProperty: ReadOnlyDoubleProperty [value: 800.0]
01:19:44.403 [FXGL Background Thread 3 ] DEBUG Engine               - prefWidthProperty: ReadOnlyDoubleProperty [value: 800.0]
01:19:44.403 [FXGL Background Thread 3 ] DEBUG Engine               - profileDir: profiles/
01:19:44.403 [FXGL Background Thread 3 ] DEBUG Engine               - profileName: StringProperty [value: DEFAULT]
01:19:44.403 [FXGL Background Thread 3 ] DEBUG Engine               - randomSeed: -1
01:19:44.403 [FXGL Background Thread 3 ] DEBUG Engine               - runtimeInfo: RuntimeInfo(platform=WINDOWS, version=17, build=31.12.2021 18.16)
01:19:44.403 [FXGL Background Thread 3 ] DEBUG Engine               - saveFileExt: sav
01:19:44.403 [FXGL Background Thread 3 ] DEBUG Engine               - scaledHeightProp$fxgl: DoubleProperty [bound, value: 800.0]
01:19:44.403 [FXGL Background Thread 3 ] DEBUG Engine               - scaledWidthProp$fxgl: DoubleProperty [bound, value: 800.0]
01:19:44.403 [FXGL Background Thread 3 ] DEBUG Engine               - sceneFactory: com.almasb.fxgl.app.scene.SceneFactory@7019a9b0
01:19:44.403 [FXGL Background Thread 3 ] DEBUG Engine               - secondsIn24h: 60
01:19:44.403 [FXGL Background Thread 3 ] DEBUG Engine               - soundMenuBack: menu/back.wav
01:19:44.403 [FXGL Background Thread 3 ] DEBUG Engine               - soundMenuPress: menu/press.wav
01:19:44.403 [FXGL Background Thread 3 ] DEBUG Engine               - soundMenuSelect: menu/select.wav
01:19:44.403 [FXGL Background Thread 3 ] DEBUG Engine               - soundNotification: core/notification.wav
01:19:44.403 [FXGL Background Thread 3 ] DEBUG Engine               - stageStyle: DECORATED
01:19:44.403 [FXGL Background Thread 3 ] DEBUG Engine               - supportedLanguages: [ENGLISH, FRENCH, GERMAN, HUNGARIAN, RUSSIAN]
01:19:44.403 [FXGL Background Thread 3 ] DEBUG Engine               - ticksPerSecond: -1
01:19:44.403 [FXGL Background Thread 3 ] DEBUG Engine               - title: Zelda 2D Game par ماستن
01:19:44.403 [FXGL Background Thread 3 ] DEBUG Engine               - urlGithub: https://github.com/AlmasB/FXGL
01:19:44.403 [FXGL Background Thread 3 ] DEBUG Engine               - urlLeaderboard: http://fxgl-top.herokuapp.com/
01:19:44.403 [FXGL Background Thread 3 ] DEBUG Engine               - urlPOM: https://raw.githubusercontent.com/AlmasB/FXGL/release/README.md
01:19:44.403 [FXGL Background Thread 3 ] DEBUG Engine               - userAppClass: class com.example.zeldapuzzle.MainGameApp
01:19:44.403 [FXGL Background Thread 3 ] DEBUG Engine               - version: 1
01:19:44.403 [FXGL Background Thread 3 ] DEBUG Engine               - versionCheckDays: 7
01:19:44.403 [FXGL Background Thread 3 ] DEBUG Engine               - width: 800
01:19:44.403 [FXGL Background Thread 3 ] DEBUG Engine               - Logging services
01:19:44.403 [FXGL Background Thread 3 ] DEBUG Engine               - class com.almasb.fxgl.app.services.FXGLAssetLoaderService
01:19:44.403 [FXGL Background Thread 3 ] DEBUG Engine               - class com.almasb.fxgl.app.FXGLApplication$GameApplicationService
01:19:44.403 [FXGL Background Thread 3 ] DEBUG Engine               - class com.almasb.fxgl.app.services.FXGLDialogService
01:19:44.404 [FXGL Background Thread 3 ] DEBUG Engine               - class com.almasb.fxgl.app.services.IOTaskExecutorService
01:19:44.404 [FXGL Background Thread 3 ] DEBUG Engine               - class com.almasb.fxgl.io.FileSystemService
01:19:44.404 [FXGL Background Thread 3 ] DEBUG Engine               - class com.almasb.fxgl.localization.LocalizationService
01:19:44.404 [FXGL Background Thread 3 ] DEBUG Engine               - class com.almasb.fxgl.app.services.SystemBundleService
01:19:44.404 [FXGL Background Thread 3 ] DEBUG Engine               - class com.almasb.fxgl.profile.SaveLoadService
01:19:44.404 [FXGL Background Thread 3 ] DEBUG Engine               - class com.almasb.fxgl.ui.FXGLUIFactoryServiceProvider
01:19:44.404 [FXGL Background Thread 3 ] DEBUG Engine               - class com.almasb.fxgl.ui.FXGLDialogFactoryServiceProvider
01:19:44.404 [FXGL Background Thread 3 ] DEBUG Engine               - class com.almasb.fxgl.audio.AudioPlayer
01:19:44.404 [FXGL Background Thread 3 ] DEBUG Engine               - class com.almasb.fxgl.notification.impl.NotificationServiceProvider
01:19:44.404 [FXGL Background Thread 3 ] DEBUG Engine               - class com.almasb.fxgl.achievement.AchievementService
01:19:44.404 [FXGL Background Thread 3 ] DEBUG Engine               - class com.almasb.fxgl.cutscene.CutsceneService
01:19:44.404 [FXGL Background Thread 3 ] DEBUG Engine               - class com.almasb.fxgl.minigames.MiniGameService
01:19:44.404 [FXGL Background Thread 3 ] DEBUG Engine               - class com.almasb.fxgl.net.NetService
01:19:44.404 [FXGL Background Thread 3 ] DEBUG Engine               - class com.almasb.fxgl.app.services.UpdaterService
01:19:44.404 [FXGL Background Thread 3 ] DEBUG Engine               - class com.almasb.fxgl.dev.DevService
01:19:45.399 [JavaFX Application Thread] WARN  TMXLevelLoader       - TiledMap generated from 1.10.2. Supported version: 1.2.3. Some features may not be parsed fully.
01:19:45.428 [JavaFX Application Thread] DEBUG TMXLevelLoader       - Parsed TiledMap: file:/C:/Users/Utilisateur/IdeaProjects/zeldaPuzzle/target/classes/assets/levels/leDongeon.tmx
01:19:45.432 [JavaFX Application Thread] DEBUG TMXLevelLoader       - Creating tile layer entities
01:19:45.432 [JavaFX Application Thread] DEBUG TilesetLoader        - Loading view for layer BG1
01:19:45.435 [JavaFX Application Thread] DEBUG TilesetLoader        - Created buffer with size 2400.0x800.0
01:19:45.450 [JavaFX Application Thread] DEBUG TilesetLoader        - Loading view for layer BG2
01:19:45.453 [JavaFX Application Thread] DEBUG TilesetLoader        - Created buffer with size 2400.0x800.0
01:19:45.465 [JavaFX Application Thread] DEBUG TilesetLoader        - Loading view for layer BG3
01:19:45.468 [JavaFX Application Thread] DEBUG TilesetLoader        - Created buffer with size 2400.0x800.0
01:19:45.480 [JavaFX Application Thread] DEBUG TilesetLoader        - Loading view for layer BG4a
01:19:45.484 [JavaFX Application Thread] DEBUG TilesetLoader        - Created buffer with size 2400.0x800.0
01:19:45.495 [JavaFX Application Thread] DEBUG TilesetLoader        - Loading view for layer BG4b
01:19:45.498 [JavaFX Application Thread] DEBUG TilesetLoader        - Created buffer with size 2400.0x800.0
01:19:45.507 [JavaFX Application Thread] DEBUG TilesetLoader        - Loading view for layer MainBuild3
01:19:45.512 [JavaFX Application Thread] DEBUG TilesetLoader        - Created buffer with size 2400.0x800.0
01:19:45.562 [JavaFX Application Thread] DEBUG TilesetLoader        - Loading view for layer MainBuild2
01:19:45.577 [JavaFX Application Thread] DEBUG TilesetLoader        - Created buffer with size 2400.0x800.0
01:19:45.581 [JavaFX Application Thread] DEBUG TilesetLoader        - Loading view for layer MainBuild
01:19:45.586 [JavaFX Application Thread] DEBUG TilesetLoader        - Created buffer with size 2400.0x800.0
01:19:45.592 [JavaFX Application Thread] DEBUG TMXLevelLoader       - Creating object layer entities
01:19:45.602 [JavaFX Application Thread] DEBUG GameWorld            - Clearing removable entities
01:19:45.604 [JavaFX Application Thread] DEBUG GameWorld            - Setting level: com.almasb.fxgl.entity.level.Level@2f4d582a
01:19:45.611 [JavaFX Application Thread] WARN  GameWorld            - Entity is already attached to world
01:19:50.872 [JavaFX Application Thread] WARN  GameWorld            - Entity is already attached to world
01:19:51.832 [JavaFX Application Thread] WARN  GameWorld            - Entity is already attached to world
01:19:53.414 [JavaFX Application Thread] WARN  GameWorld            - Entity is already attached to world
01:19:54.693 [JavaFX Application Thread] WARN  GameWorld            - Entity is already attached to world
01:19:56.050 [JavaFX Application Thread] WARN  GameWorld            - Entity is already attached to world
01:19:56.983 [JavaFX Application Thread] WARN  GameWorld            - Entity is already attached to world
01:20:13.864 [JavaFX Application Thread] WARN  GameWorld            - Entity is already attached to world
01:20:14.683 [JavaFX Application Thread] WARN  GameWorld            - Entity is already attached to world
01:20:15.399 [JavaFX Application Thread] WARN  GameWorld            - Entity is already attached to world
01:20:16.219 [JavaFX Application Thread] WARN  GameWorld            - Entity is already attached to world
01:20:16.718 [JavaFX Application Thread] WARN  GameWorld            - Entity is already attached to world
01:20:17.333 [JavaFX Application Thread] WARN  GameWorld            - Entity is already attached to world
01:20:18.051 [JavaFX Application Thread] WARN  GameWorld            - Entity is already attached to world
01:20:19.187 [JavaFX Application Thread] WARN  GameWorld            - Entity is already attached to world
01:20:21.237 [JavaFX Application Thread] WARN  GameWorld            - Entity is already attached to world
01:20:22.288 [JavaFX Application Thread] WARN  GameWorld            - Entity is already attached to world
01:20:22.888 [JavaFX Application Thread] WARN  GameWorld            - Entity is already attached to world
01:20:24.100 [JavaFX Application Thread] WARN  GameWorld            - Entity is already attached to world
01:20:25.158 [JavaFX Application Thread] WARN  GameWorld            - Entity is already attached to world
01:20:26.676 [JavaFX Application Thread] WARN  GameWorld            - Entity is already attached to world
01:20:27.982 [JavaFX Application Thread] WARN  GameWorld            - Entity is already attached to world
01:20:28.864 [JavaFX Application Thread] WARN  GameWorld            - Entity is already attached to world
01:20:30.078 [JavaFX Application Thread] WARN  GameWorld            - Entity is already attached to world
01:20:31.172 [JavaFX Application Thread] WARN  GameWorld            - Entity is already attached to world
01:20:32.596 [JavaFX Application Thread] WARN  GameWorld            - Entity is already attached to world
01:20:34.007 [JavaFX Application Thread] WARN  GameWorld            - Entity is already attached to world
01:20:35.553 [JavaFX Application Thread] WARN  GameWorld            - Entity is already attached to world
01:20:37.003 [JavaFX Application Thread] WARN  GameWorld            - Entity is already attached to world
01:20:39.086 [JavaFX Application Thread] WARN  GameWorld            - Entity is already attached to world
01:20:40.607 [JavaFX Application Thread] WARN  GameWorld            - Entity is already attached to world
01:20:41.156 [JavaFX Application Thread] WARN  GameWorld            - Entity is already attached to world
01:20:41.621 [JavaFX Application Thread] WARN  GameWorld            - Entity is already attached to world
01:20:43.221 [JavaFX Application Thread] WARN  GameWorld            - Entity is already attached to world
01:20:44.206 [JavaFX Application Thread] WARN  GameWorld            - Entity is already attached to world
01:20:44.915 [JavaFX Application Thread] WARN  GameWorld            - Entity is already attached to world
01:21:29.677 [JavaFX Application Thread] WARN  GameWorld            - Entity is already attached to world
01:21:31.462 [JavaFX Application Thread] WARN  GameWorld            - Entity is already attached to world
01:21:32.813 [JavaFX Application Thread] WARN  GameWorld            - Entity is already attached to world
01:21:34.310 [JavaFX Application Thread] WARN  GameWorld            - Entity is already attached to world
01:21:35.032 [JavaFX Application Thread] WARN  GameWorld            - Entity is already attached to world
01:21:35.732 [JavaFX Application Thread] WARN  GameWorld            - Entity is already attached to world
01:21:36.371 [JavaFX Application Thread] WARN  GameWorld            - Entity is already attached to world
01:21:38.935 [JavaFX Application Thread] WARN  GameWorld            - Entity is already attached to world
01:21:39.812 [JavaFX Application Thread] WARN  GameWorld            - Entity is already attached to world
01:21:47.592 [JavaFX Application Thread] WARN  GameWorld            - Entity is already attached to world
01:22:41.139 [JavaFX Application Thread] WARN  GameWorld            - Entity is already attached to world
01:22:41.703 [JavaFX Application Thread] WARN  GameWorld            - Entity is already attached to world
01:22:41.936 [JavaFX Application Thread] WARN  GameWorld            - Entity is already attached to world
01:22:42.149 [JavaFX Application Thread] WARN  GameWorld            - Entity is already attached to world
01:22:42.304 [JavaFX Application Thread] WARN  GameWorld            - Entity is already attached to world
01:22:42.359 [JavaFX Application Thread] DEBUG LoopRunner           - Stopping loop
01:22:42.361 [JavaFX Application Thread] FATAL FXGLApplication      - Uncaught Exception:
java.lang.IndexOutOfBoundsException: Index -1 out of bounds for length 35
	at java.base/jdk.internal.util.Preconditions.outOfBounds(Preconditions.java:100)
	at java.base/jdk.internal.util.Preconditions.outOfBoundsCheckIndex(Preconditions.java:106)
	at java.base/jdk.internal.util.Preconditions.checkIndex(Preconditions.java:302)
	at java.base/java.util.Objects.checkIndex(Objects.java:385)
	at java.base/java.util.ArrayList.get(ArrayList.java:427)
	at javafx.graphics@19/javafx.scene.Parent.updateCachedBounds(Parent.java:1704)
	at javafx.graphics@19/javafx.scene.Parent.recomputeBounds(Parent.java:1648)
	at javafx.graphics@19/javafx.scene.Parent.doComputeGeomBounds(Parent.java:1501)
	at javafx.graphics@19/javafx.scene.Parent$1.doComputeGeomBounds(Parent.java:115)
	at javafx.graphics@19/com.sun.javafx.scene.ParentHelper.computeGeomBoundsImpl(ParentHelper.java:84)
	at javafx.graphics@19/com.sun.javafx.scene.NodeHelper.computeGeomBounds(NodeHelper.java:117)
	at javafx.graphics@19/javafx.scene.Node.updateGeomBounds(Node.java:3825)
	at javafx.graphics@19/javafx.scene.Node.getGeomBounds(Node.java:3787)
	at javafx.graphics@19/javafx.scene.Node.doComputeLayoutBounds(Node.java:3635)
	at javafx.graphics@19/javafx.scene.Node$1.doComputeLayoutBounds(Node.java:450)
	at javafx.graphics@19/com.sun.javafx.scene.NodeHelper.computeLayoutBoundsImpl(NodeHelper.java:168)
	at javafx.graphics@19/com.sun.javafx.scene.GroupHelper.computeLayoutBoundsImpl(GroupHelper.java:63)
	at javafx.graphics@19/com.sun.javafx.scene.NodeHelper.computeLayoutBounds(NodeHelper.java:108)
	at javafx.graphics@19/javafx.scene.Node$13.computeBounds(Node.java:3487)
	at javafx.graphics@19/javafx.scene.Node$LazyBoundsProperty.get(Node.java:9840)
	at javafx.graphics@19/javafx.scene.Node$LazyBoundsProperty.get(Node.java:9810)
	at javafx.graphics@19/javafx.scene.Node.getLayoutBounds(Node.java:3502)
	at javafx.graphics@19/javafx.scene.Parent.computePrefWidth(Parent.java:1090)
	at javafx.graphics@19/javafx.scene.layout.Region.computePrefWidth(Region.java:1684)
	at javafx.graphics@19/javafx.scene.Parent.prefWidth(Parent.java:1020)
	at javafx.graphics@19/javafx.scene.layout.Region.prefWidth(Region.java:1589)
	at javafx.graphics@19/javafx.scene.Node.autosize(Node.java:3148)
	at javafx.graphics@19/javafx.scene.Parent.layoutChildren(Parent.java:1238)
	at javafx.graphics@19/javafx.scene.Parent.layout(Parent.java:1207)
	at javafx.graphics@19/javafx.scene.Scene.doLayoutPass(Scene.java:592)
	at javafx.graphics@19/javafx.scene.Scene$ScenePulseListener.pulse(Scene.java:2512)
	at javafx.graphics@19/com.sun.javafx.tk.Toolkit.lambda$runPulse$2(Toolkit.java:407)
	at java.base/java.security.AccessController.doPrivileged(AccessController.java:399)
	at javafx.graphics@19/com.sun.javafx.tk.Toolkit.runPulse(Toolkit.java:406)
	at javafx.graphics@19/com.sun.javafx.tk.Toolkit.firePulse(Toolkit.java:436)
	at javafx.graphics@19/com.sun.javafx.tk.quantum.QuantumToolkit.pulse(QuantumToolkit.java:575)
	at javafx.graphics@19/com.sun.javafx.tk.quantum.QuantumToolkit.pulse(QuantumToolkit.java:555)
	at javafx.graphics@19/com.sun.javafx.tk.quantum.QuantumToolkit.pulseFromQueue(QuantumToolkit.java:548)
	at javafx.graphics@19/com.sun.javafx.tk.quantum.QuantumToolkit.lambda$runToolkit$11(QuantumToolkit.java:352)
	at javafx.graphics@19/com.sun.glass.ui.InvokeLaterDispatcher$Future.run(InvokeLaterDispatcher.java:96)
	at javafx.graphics@19/com.sun.glass.ui.win.WinApplication._runLoop(Native Method)
	at javafx.graphics@19/com.sun.glass.ui.win.WinApplication.lambda$runLoop$3(WinApplication.java:184)
	at java.base/java.lang.Thread.run(Thread.java:1589)

01:22:42.361 [JavaFX Application Thread] FATAL FXGLApplication      - Application will now exit
01:22:42.364 [JavaFX Application Thread] DEBUG PrimaryStageWindow   - Push state: ErrorSubScene
01:22:42.364 [JavaFX Application Thread] DEBUG Input                - Clearing active input actions
01:22:42.365 [JavaFX Application Thread] DEBUG GameApplicationServi - Removing overlay from GameScene and adding to ErrorSubScene
01:22:42.365 [JavaFX Application Thread] DEBUG PrimaryStageWindow   - GameScene -> ErrorSubScene
01:22:44.086 [JavaFX Application Thread] DEBUG FXGLApplication      - Exiting FXGL
01:22:44.086 [JavaFX Application Thread] DEBUG Async                - Shutting down background threads
01:22:44.086 [JavaFX Application Thread] DEBUG PrimaryStageWindow   - Closing main window
01:22:44.097 [JavaFX Application Thread] DEBUG Logger               - Closing Logger
