23:02:18.601 [main                     ] DEBUG Logger               - Configured Logger
23:02:18.635 [main                     ] DEBUG GameApplication      - Logging settings
Title: Zelda 2D Game
Version: 1
Width: 800
Height: 800
Fullscreen: false
Intro: false
Profiling: false
Single step:false
App Mode: DEVELOPER
Menu Key: ESCAPE
Stage Style: DECORATED
Scene Factory: class com.almasb.fxgl.app.scene.SceneFactory

23:02:18.967 [JavaFX Application Thread] DEBUG FXGLApplication      - Initializing FXGL
23:02:18.972 [JavaFX Application Thread] INFO  Engine               - FXGL-17 (31.12.2021 18.16) on WINDOWS (J:19.0.2 FX:19)
23:02:18.972 [JavaFX Application Thread] DEBUG Engine               - JRE Vendor Name: Amazon.com Inc.
23:02:18.973 [JavaFX Application Thread] DEBUG Engine               - Running on OS: Windows 11 version 10.0
23:02:18.973 [JavaFX Application Thread] DEBUG Engine               - Architecture: amd64
23:02:18.973 [JavaFX Application Thread] INFO  Engine               - Source code and latest versions at: https://github.com/AlmasB/FXGL
23:02:18.973 [JavaFX Application Thread] INFO  Engine               -       Ask questions and discuss at: https://github.com/AlmasB/FXGL/discussions
23:02:18.974 [JavaFX Application Thread] INFO  Engine               -              Join the FXGL chat at: https://gitter.im/AlmasB/FXGL
23:02:19.084 [JavaFX Application Thread] DEBUG PrimaryStageWindow   - Creating a JavaFX scene
23:02:19.126 [JavaFX Application Thread] DEBUG PrimaryStageWindow   - Target settings size: 800.0 x 800.0
23:02:19.126 [JavaFX Application Thread] DEBUG PrimaryStageWindow   - Scaled scene size:    800.0 x 800.0
23:02:19.126 [JavaFX Application Thread] DEBUG PrimaryStageWindow   - Scaled ratio: (1.0, 1.0)
23:02:19.128 [JavaFX Application Thread] DEBUG PrimaryStageWindow   - Set initial scene to FXGLStartupScene
23:02:19.131 [JavaFX Application Thread] DEBUG PrimaryStageWindow   - Opening main window
23:02:19.221 [JavaFX Application Thread] DEBUG PrimaryStageWindow   - Window border size: (13.0, 35.5)
23:02:19.223 [JavaFX Application Thread] DEBUG PrimaryStageWindow   - Scaled size: 800.0 x 800.0
23:02:19.224 [JavaFX Application Thread] DEBUG PrimaryStageWindow   - Scaled ratio: (1.0, 1.0)
23:02:19.224 [JavaFX Application Thread] DEBUG PrimaryStageWindow   - Scene size: 800.0 x 800.0
23:02:19.225 [JavaFX Application Thread] DEBUG PrimaryStageWindow   - Stage size: 813.0 x 835.5
23:02:19.237 [FXGL Background Thread 1 ] DEBUG Engine               - Initializing environment variables
23:02:19.328 [FXGL Background Thread 1 ] DEBUG FXGLAssetLoaderServi - User app class for loading assets: class com.example.zeldapuzzle.MainGameApp
23:02:19.328 [FXGL Background Thread 1 ] DEBUG GameApplicationServi - Applying CSS: fxgl_dark.css
23:02:19.331 [FXGL Background Thread 1 ] DEBUG FXGLAssetLoaderServi - Loading from file system: jar:file:///C:/Users/Utilisateur/.m2/repository/com/github/almasb/fxgl/17/fxgl-17.jar!/fxglassets/ui/css/fxgl_dark.css
23:02:19.414 [FXGL Background Thread 1 ] DEBUG GameApplicationServi - Initializing application scenes
23:02:19.506 [FXGL Background Thread 1 ] DEBUG GameWorld            - Game world initialized
23:02:19.606 [FXGL Background Thread 1 ] DEBUG PhysicsWorld         - Physics world initialized: appHeight=800, physics.ppm=50,0
23:02:19.607 [FXGL Background Thread 1 ] DEBUG PhysicsWorld         - Using strategy: BRUTE_FORCE
23:02:19.614 [FXGL Background Thread 1 ] DEBUG GameScene            - Game scene initialized: 800x800
23:02:19.631 [FXGL Background Thread 1 ] DEBUG FXGL.DefaultMenu     - createMenuBodyMainMenu()
23:02:19.648 [FXGL Background Thread 1 ] DEBUG FXGL.DefaultMenu     - createOptionsMenu()
23:02:19.666 [FXGL Background Thread 1 ] DEBUG FXGLAssetLoaderServi - Loading from file system: jar:file:///C:/Users/Utilisateur/.m2/repository/com/github/almasb/fxgl/17/fxgl-17.jar!/fxglassets/textures/particles/smoke.png
23:02:19.798 [FXGL Background Thread 1 ] DEBUG FXGLAssetLoaderServi - Loading from file system: jar:file:///C:/Users/Utilisateur/.m2/repository/com/github/almasb/fxgl/17/fxgl-17.jar!/fxglassets/textures/particles/trace_horizontal.png
23:02:19.834 [FXGL Background Thread 1 ] DEBUG FXGL.DefaultMenu     - createMenuBodyGameMenu()
23:02:19.836 [FXGL Background Thread 1 ] DEBUG FXGL.DefaultMenu     - createOptionsMenu()
23:02:19.852 [FXGL Background Thread 1 ] DEBUG GameApplicationServi - Application scenes initialized
23:02:19.867 [FXGL Background Thread 1 ] DEBUG SystemBundleService  - Loading FXGL system data
23:02:19.874 [FXGL Background Thread 1 ] DEBUG FileSystemAccess     - Reading from: C:\Users\Utilisateur\IdeaProjects\zeldaPuzzle\system\fxgl.bundle
23:02:19.884 [FXGL Background Thread 1 ] DEBUG SystemBundleService  - Bundle FXGL: {}
23:02:19.884 [FXGL Background Thread 1 ] DEBUG UpdaterService       - Checking for updates
23:02:19.888 [FXGL Background Thread 4 ] DEBUG FXGLApplication      - Loading fonts
23:02:19.888 [FXGL Background Thread 1 ] DEBUG FXGLApplication      - Loading default localization
23:02:19.889 [FXGL Background Thread 4 ] DEBUG FXGLAssetLoaderServi - Loading from file system: jar:file:///C:/Users/Utilisateur/.m2/repository/com/github/almasb/fxgl/17/fxgl-17.jar!/fxglassets/ui/fonts/VarelaRound-Regular.ttf
23:02:19.889 [FXGL Background Thread 1 ] DEBUG FXGLAssetLoaderServi - Loading from file system: jar:file:///C:/Users/Utilisateur/.m2/repository/com/github/almasb/fxgl/17/fxgl-17.jar!/fxglassets/languages/english.lang
23:02:19.953 [FXGL Background Thread 1 ] INFO  FXGLApplication      - FXGL initialization took: 0,716 sec
23:02:19.971 [JavaFX Application Thread] DEBUG FXGLAssetLoaderServi - Loading from file system: jar:file:///C:/Users/Utilisateur/.m2/repository/com/github/almasb/fxgl/17/fxgl-17.jar!/fxglassets/textures/particles/trace_horizontal.png
23:02:19.973 [FXGL Background Thread 4 ] DEBUG FXGLAssetLoaderServi - Loading from file system: jar:file:///C:/Users/Utilisateur/.m2/repository/com/github/almasb/fxgl/17/fxgl-17.jar!/fxglassets/ui/fonts/Abel-Regular.ttf
23:02:19.986 [FXGL Background Thread 4 ] DEBUG FXGLAssetLoaderServi - Loading from file system: jar:file:///C:/Users/Utilisateur/.m2/repository/com/github/almasb/fxgl/17/fxgl-17.jar!/fxglassets/ui/fonts/TerminalLandMono-Regular.otf
23:02:20.003 [FXGL Background Thread 4 ] DEBUG FXGLAssetLoaderServi - Loading from file system: jar:file:///C:/Users/Utilisateur/.m2/repository/com/github/almasb/fxgl/17/fxgl-17.jar!/fxglassets/ui/fonts/Courier-Prime.ttf
23:02:20.048 [JavaFX Application Thread] DEBUG Input                - Registered new binding: getPosition - P
23:02:20.049 [JavaFX Application Thread] DEBUG Input                - Registered new binding: zoom+ - Up
23:02:20.049 [JavaFX Application Thread] DEBUG Input                - Registered new binding: zoom- - Down
23:02:20.049 [JavaFX Application Thread] DEBUG Input                - Registered new binding: resetZoom - 0
23:02:20.049 [JavaFX Application Thread] DEBUG Input                - Registered new binding: Move right - D
23:02:20.050 [JavaFX Application Thread] DEBUG Input                - Registered new binding: Move left - A
23:02:20.050 [JavaFX Application Thread] DEBUG Input                - Registered new binding: Move Up - W
23:02:20.050 [JavaFX Application Thread] DEBUG Input                - Registered new binding: Move Down - S
23:02:20.051 [JavaFX Application Thread] DEBUG FXGLAssetLoaderServi - Loading from file system: jar:file:///C:/Users/Utilisateur/.m2/repository/com/github/almasb/fxgl/17/fxgl-17.jar!/fxglassets/textures/fxgl_icon.png
23:02:20.082 [JavaFX Application Thread] DEBUG FXGLAssetLoaderServi - Loading from file system: jar:file:///C:/Users/Utilisateur/.m2/repository/com/github/almasb/fxgl/17/fxgl-17.jar!/fxglassets/textures/fxgl_default_cursor.png
23:02:20.088 [JavaFX Application Thread] DEBUG Input                - Registered new binding: Screenshot - CTRL+8
23:02:20.091 [JavaFX Application Thread] DEBUG Input                - Registered new binding: System info dump - CTRL+9
23:02:20.092 [JavaFX Application Thread] DEBUG Input                - Registered new binding: Restart - CTRL+R
23:02:20.095 [JavaFX Application Thread] DEBUG Input                - Registered new binding: Toggle Debug Camera - CTRL+7
23:02:20.105 [JavaFX Application Thread] DEBUG LoopRunner           - Starting loop
23:02:20.105 [JavaFX Application Thread] DEBUG LoopRunner           - Initializing JavaFX AnimationTimerLoop
23:02:20.114 [JavaFX Application Thread] DEBUG Input                - Clearing active input actions
23:02:20.123 [JavaFX Application Thread] DEBUG GameApplicationServi - Removing overlay from FXGLStartupScene and adding to FXGLMainMenuDummyScene
23:02:20.123 [JavaFX Application Thread] DEBUG PrimaryStageWindow   - FXGLStartupScene -> FXGLMainMenuDummyScene
23:02:20.123 [JavaFX Application Thread] DEBUG PrimaryStageWindow   - Push state: FXGLDefaultMenu
23:02:20.124 [JavaFX Application Thread] DEBUG Input                - Clearing active input actions
23:02:20.146 [JavaFX Application Thread] DEBUG GameApplicationServi - Removing overlay from FXGLMainMenuDummyScene and adding to FXGLDefaultMenu
23:02:20.147 [JavaFX Application Thread] DEBUG PrimaryStageWindow   - FXGLMainMenuDummyScene -> FXGLDefaultMenu
23:02:20.155 [JavaFX Application Thread] DEBUG FXGLApplication      - Registering font factories with UI factory
23:02:20.623 [FXGL Background Thread 2 ] INFO  UpdaterService       - Your current version:  17
23:02:20.623 [FXGL Background Thread 2 ] INFO  UpdaterService       - Latest stable version: 21.1
23:02:21.196 [JavaFX Application Thread] DEBUG Menu                 - fireNewGame()
23:02:21.196 [JavaFX Application Thread] DEBUG GameApplicationServi - Starting new game
23:02:21.199 [JavaFX Application Thread] DEBUG PrimaryStageWindow   - Pop state: FXGLDefaultMenu
23:02:21.199 [JavaFX Application Thread] DEBUG Input                - Clearing active input actions
23:02:21.201 [JavaFX Application Thread] DEBUG GameApplicationServi - Removing overlay from FXGLDefaultMenu and adding to FXGLMainMenuDummyScene
23:02:21.202 [JavaFX Application Thread] DEBUG PrimaryStageWindow   - FXGLMainMenuDummyScene <- FXGLDefaultMenu
23:02:21.202 [JavaFX Application Thread] DEBUG Input                - Clearing active input actions
23:02:21.212 [JavaFX Application Thread] DEBUG GameApplicationServi - Removing overlay from FXGLMainMenuDummyScene and adding to FXGLLoadingScene
23:02:21.213 [JavaFX Application Thread] DEBUG PrimaryStageWindow   - FXGLMainMenuDummyScene -> FXGLLoadingScene
23:02:21.213 [JavaFX Application Thread] DEBUG GameApplicationServi - Clearing previous game
23:02:21.213 [JavaFX Application Thread] DEBUG GameScene            - Clearing game scene
23:02:21.213 [JavaFX Application Thread] DEBUG GameWorld            - Clearing game world
23:02:21.213 [JavaFX Application Thread] DEBUG PhysicsWorld         - Clearing physics world
23:02:21.222 [FXGL Background Thread 2 ] DEBUG FXGLApplication      - Initializing game
23:02:21.332 [FXGL Background Thread 2 ] WARN  GameWorld            - Entity is already attached to world
23:02:21.366 [FXGL Background Thread 2 ] WARN  GameWorld            - Entity is already attached to world
23:02:21.378 [FXGL Background Thread 2 ] WARN  GameWorld            - Entity is already attached to world
23:02:21.381 [FXGL Background Thread 2 ] INFO  FXGLApplication      - Game initialization took: 0,159 sec
23:02:21.383 [JavaFX Application Thread] DEBUG Input                - Clearing active input actions
23:02:21.389 [JavaFX Application Thread] DEBUG GameApplicationServi - Removing overlay from FXGLLoadingScene and adding to GameScene
23:02:21.389 [JavaFX Application Thread] DEBUG PrimaryStageWindow   - FXGLLoadingScene -> GameScene
23:02:22.887 [FXGL Background Thread 3 ] DEBUG Engine               - Logging environment variables
23:02:22.887 [FXGL Background Thread 3 ] DEBUG Engine               - achievements: []
23:02:22.888 [FXGL Background Thread 3 ] DEBUG Engine               - actualHeight: 800.0
23:02:22.888 [FXGL Background Thread 3 ] DEBUG Engine               - actualHeightProperty: ReadOnlyDoubleProperty [value: 800.0]
23:02:22.888 [FXGL Background Thread 3 ] DEBUG Engine               - actualWidth: 800.0
23:02:22.888 [FXGL Background Thread 3 ] DEBUG Engine               - actualWidthProperty: ReadOnlyDoubleProperty [value: 800.0]
23:02:22.888 [FXGL Background Thread 3 ] DEBUG Engine               - appIcon: fxgl_icon.png
23:02:22.888 [FXGL Background Thread 3 ] DEBUG Engine               - applicationMode: DEVELOPER
23:02:22.888 [FXGL Background Thread 3 ] DEBUG Engine               - cSSList: [fxgl_dark.css]
23:02:22.888 [FXGL Background Thread 3 ] DEBUG Engine               - collisionDetectionStrategy: BRUTE_FORCE
23:02:22.888 [FXGL Background Thread 3 ] DEBUG Engine               - configClass: Optional.empty
23:02:22.888 [FXGL Background Thread 3 ] DEBUG Engine               - credits: []
23:02:22.888 [FXGL Background Thread 3 ] DEBUG Engine               - defaultCursor: CursorInfo(imageName=fxgl_default_cursor.png, hotspotX=7.0, hotspotY=6.0)
23:02:22.888 [FXGL Background Thread 3 ] DEBUG Engine               - devBBoxColorProperty: ObjectProperty [value: 0xff0000ff]
23:02:22.889 [FXGL Background Thread 3 ] DEBUG Engine               - devEnableDebugCameraProperty: BooleanProperty [value: false]
23:02:22.889 [FXGL Background Thread 3 ] DEBUG Engine               - devSensorColorProperty: ObjectProperty [value: 0xffff00ff]
23:02:22.889 [FXGL Background Thread 3 ] DEBUG Engine               - devShowBBoxProperty: BooleanProperty [value: false]
23:02:22.889 [FXGL Background Thread 3 ] DEBUG Engine               - devShowPositionProperty: BooleanProperty [value: false]
23:02:22.889 [FXGL Background Thread 3 ] DEBUG Engine               - enabledMenuItems: []
23:02:22.889 [FXGL Background Thread 3 ] DEBUG Engine               - engineServices: [class com.almasb.fxgl.app.services.FXGLAssetLoaderService, class com.almasb.fxgl.app.FXGLApplication$GameApplicationService, class com.almasb.fxgl.app.services.FXGLDialogService, class com.almasb.fxgl.app.services.IOTaskExecutorService, class com.almasb.fxgl.io.FileSystemService, class com.almasb.fxgl.localization.LocalizationService, class com.almasb.fxgl.app.services.SystemBundleService, class com.almasb.fxgl.profile.SaveLoadService, class com.almasb.fxgl.ui.FXGLUIFactoryServiceProvider, class com.almasb.fxgl.ui.FXGLDialogFactoryServiceProvider, class com.almasb.fxgl.audio.AudioPlayer, class com.almasb.fxgl.notification.impl.NotificationServiceProvider, class com.almasb.fxgl.achievement.AchievementService, class com.almasb.fxgl.cutscene.CutsceneService, class com.almasb.fxgl.minigames.MiniGameService, class com.almasb.fxgl.net.NetService, class com.almasb.fxgl.app.services.UpdaterService, class com.almasb.fxgl.dev.DevService]
23:02:22.889 [FXGL Background Thread 3 ] DEBUG Engine               - fontGame: Abel-Regular.ttf
23:02:22.889 [FXGL Background Thread 3 ] DEBUG Engine               - fontMono: TerminalLandMono-Regular.otf
23:02:22.889 [FXGL Background Thread 3 ] DEBUG Engine               - fontText: Courier-Prime.ttf
23:02:22.889 [FXGL Background Thread 3 ] DEBUG Engine               - fontUI: VarelaRound-Regular.ttf
23:02:22.889 [FXGL Background Thread 3 ] DEBUG Engine               - fullScreen: BooleanProperty [value: false]
23:02:22.889 [FXGL Background Thread 3 ] DEBUG Engine               - gameDifficulty: MEDIUM
23:02:22.889 [FXGL Background Thread 3 ] DEBUG Engine               - gameDifficultyProperty: ObjectProperty [value: MEDIUM]
23:02:22.889 [FXGL Background Thread 3 ] DEBUG Engine               - globalMusicVolume: 0.5
23:02:22.889 [FXGL Background Thread 3 ] DEBUG Engine               - globalMusicVolumeProperty: DoubleProperty [value: 0.5]
23:02:22.889 [FXGL Background Thread 3 ] DEBUG Engine               - globalSoundVolume: 0.5
23:02:22.889 [FXGL Background Thread 3 ] DEBUG Engine               - globalSoundVolumeProperty: DoubleProperty [value: 0.5]
23:02:22.889 [FXGL Background Thread 3 ] DEBUG Engine               - height: 800
23:02:22.890 [FXGL Background Thread 3 ] DEBUG Engine               - is3D: false
23:02:22.890 [FXGL Background Thread 3 ] DEBUG Engine               - isAndroid: false
23:02:22.890 [FXGL Background Thread 3 ] DEBUG Engine               - isBrowser: false
23:02:22.890 [FXGL Background Thread 3 ] DEBUG Engine               - isClickFeedbackEnabled: false
23:02:22.890 [FXGL Background Thread 3 ] DEBUG Engine               - isCloseConfirmation: false
23:02:22.890 [FXGL Background Thread 3 ] DEBUG Engine               - isDesktop: true
23:02:22.890 [FXGL Background Thread 3 ] DEBUG Engine               - isDeveloperMenuEnabled: false
23:02:22.890 [FXGL Background Thread 3 ] DEBUG Engine               - isEmbedded: false
23:02:22.890 [FXGL Background Thread 3 ] DEBUG Engine               - isEntityPreloadEnabled: true
23:02:22.890 [FXGL Background Thread 3 ] DEBUG Engine               - isExperimentalTiledLargeMap: false
23:02:22.890 [FXGL Background Thread 3 ] DEBUG Engine               - isFileSystemWriteAllowed: true
23:02:22.891 [FXGL Background Thread 3 ] DEBUG Engine               - isFullScreenAllowed: false
23:02:22.891 [FXGL Background Thread 3 ] DEBUG Engine               - isFullScreenFromStart: false
23:02:22.891 [FXGL Background Thread 3 ] DEBUG Engine               - isGameMenuEnabled: true
23:02:22.891 [FXGL Background Thread 3 ] DEBUG Engine               - isIOS: false
23:02:22.891 [FXGL Background Thread 3 ] DEBUG Engine               - isIntroEnabled: false
23:02:22.891 [FXGL Background Thread 3 ] DEBUG Engine               - isLinux: false
23:02:22.891 [FXGL Background Thread 3 ] DEBUG Engine               - isMac: false
23:02:22.891 [FXGL Background Thread 3 ] DEBUG Engine               - isMainMenuEnabled: true
23:02:22.891 [FXGL Background Thread 3 ] DEBUG Engine               - isManualResizeEnabled: false
23:02:22.891 [FXGL Background Thread 3 ] DEBUG Engine               - isMobile: false
23:02:22.892 [FXGL Background Thread 3 ] DEBUG Engine               - isNative: false
23:02:22.892 [FXGL Background Thread 3 ] DEBUG Engine               - isPauseMusicWhenMinimized: true
23:02:22.892 [FXGL Background Thread 3 ] DEBUG Engine               - isPreserveResizeRatio: false
23:02:22.892 [FXGL Background Thread 3 ] DEBUG Engine               - isProfilingEnabled: false
23:02:22.892 [FXGL Background Thread 3 ] DEBUG Engine               - isScaleAffectedOnResize: true
23:02:22.892 [FXGL Background Thread 3 ] DEBUG Engine               - isSingleStep: false
23:02:22.892 [FXGL Background Thread 3 ] DEBUG Engine               - isUserProfileEnabled: false
23:02:22.892 [FXGL Background Thread 3 ] DEBUG Engine               - isWindows: true
23:02:22.892 [FXGL Background Thread 3 ] DEBUG Engine               - language: ObjectProperty [value: ENGLISH]
23:02:22.892 [FXGL Background Thread 3 ] DEBUG Engine               - menuKey: ESCAPE
23:02:22.892 [FXGL Background Thread 3 ] DEBUG Engine               - mouseSensitivity: 0.2
23:02:22.892 [FXGL Background Thread 3 ] DEBUG Engine               - notificationViewClass: class com.almasb.fxgl.notification.view.XboxNotificationView
23:02:22.892 [FXGL Background Thread 3 ] DEBUG Engine               - pixelsPerMeter: 50.0
23:02:22.892 [FXGL Background Thread 3 ] DEBUG Engine               - platform: WINDOWS
23:02:22.892 [FXGL Background Thread 3 ] DEBUG Engine               - prefHeightProperty: ReadOnlyDoubleProperty [value: 800.0]
23:02:22.893 [FXGL Background Thread 3 ] DEBUG Engine               - prefWidthProperty: ReadOnlyDoubleProperty [value: 800.0]
23:02:22.893 [FXGL Background Thread 3 ] DEBUG Engine               - profileDir: profiles/
23:02:22.893 [FXGL Background Thread 3 ] DEBUG Engine               - profileName: StringProperty [value: DEFAULT]
23:02:22.893 [FXGL Background Thread 3 ] DEBUG Engine               - randomSeed: -1
23:02:22.893 [FXGL Background Thread 3 ] DEBUG Engine               - runtimeInfo: RuntimeInfo(platform=WINDOWS, version=17, build=31.12.2021 18.16)
23:02:22.893 [FXGL Background Thread 3 ] DEBUG Engine               - saveFileExt: sav
23:02:22.893 [FXGL Background Thread 3 ] DEBUG Engine               - scaledHeightProp$fxgl: DoubleProperty [bound, value: 800.0]
23:02:22.893 [FXGL Background Thread 3 ] DEBUG Engine               - scaledWidthProp$fxgl: DoubleProperty [bound, value: 800.0]
23:02:22.893 [FXGL Background Thread 3 ] DEBUG Engine               - sceneFactory: com.almasb.fxgl.app.scene.SceneFactory@7ed0e7d1
23:02:22.893 [FXGL Background Thread 3 ] DEBUG Engine               - secondsIn24h: 60
23:02:22.893 [FXGL Background Thread 3 ] DEBUG Engine               - soundMenuBack: menu/back.wav
23:02:22.893 [FXGL Background Thread 3 ] DEBUG Engine               - soundMenuPress: menu/press.wav
23:02:22.893 [FXGL Background Thread 3 ] DEBUG Engine               - soundMenuSelect: menu/select.wav
23:02:22.893 [FXGL Background Thread 3 ] DEBUG Engine               - soundNotification: core/notification.wav
23:02:22.893 [FXGL Background Thread 3 ] DEBUG Engine               - stageStyle: DECORATED
23:02:22.893 [FXGL Background Thread 3 ] DEBUG Engine               - supportedLanguages: [ENGLISH, FRENCH, GERMAN, HUNGARIAN, RUSSIAN]
23:02:22.893 [FXGL Background Thread 3 ] DEBUG Engine               - ticksPerSecond: -1
23:02:22.895 [FXGL Background Thread 3 ] DEBUG Engine               - title: Zelda 2D Game
23:02:22.895 [FXGL Background Thread 3 ] DEBUG Engine               - urlGithub: https://github.com/AlmasB/FXGL
23:02:22.895 [FXGL Background Thread 3 ] DEBUG Engine               - urlLeaderboard: http://fxgl-top.herokuapp.com/
23:02:22.895 [FXGL Background Thread 3 ] DEBUG Engine               - urlPOM: https://raw.githubusercontent.com/AlmasB/FXGL/release/README.md
23:02:22.895 [FXGL Background Thread 3 ] DEBUG Engine               - userAppClass: class com.example.zeldapuzzle.MainGameApp
23:02:22.895 [FXGL Background Thread 3 ] DEBUG Engine               - version: 1
23:02:22.895 [FXGL Background Thread 3 ] DEBUG Engine               - versionCheckDays: 7
23:02:22.895 [FXGL Background Thread 3 ] DEBUG Engine               - width: 800
23:02:22.895 [FXGL Background Thread 3 ] DEBUG Engine               - Logging services
23:02:22.895 [FXGL Background Thread 3 ] DEBUG Engine               - class com.almasb.fxgl.app.services.FXGLAssetLoaderService
23:02:22.895 [FXGL Background Thread 3 ] DEBUG Engine               - class com.almasb.fxgl.app.FXGLApplication$GameApplicationService
23:02:22.895 [FXGL Background Thread 3 ] DEBUG Engine               - class com.almasb.fxgl.app.services.FXGLDialogService
23:02:22.895 [FXGL Background Thread 3 ] DEBUG Engine               - class com.almasb.fxgl.app.services.IOTaskExecutorService
23:02:22.895 [FXGL Background Thread 3 ] DEBUG Engine               - class com.almasb.fxgl.io.FileSystemService
23:02:22.895 [FXGL Background Thread 3 ] DEBUG Engine               - class com.almasb.fxgl.localization.LocalizationService
23:02:22.895 [FXGL Background Thread 3 ] DEBUG Engine               - class com.almasb.fxgl.app.services.SystemBundleService
23:02:22.895 [FXGL Background Thread 3 ] DEBUG Engine               - class com.almasb.fxgl.profile.SaveLoadService
23:02:22.895 [FXGL Background Thread 3 ] DEBUG Engine               - class com.almasb.fxgl.ui.FXGLUIFactoryServiceProvider
23:02:22.895 [FXGL Background Thread 3 ] DEBUG Engine               - class com.almasb.fxgl.ui.FXGLDialogFactoryServiceProvider
23:02:22.895 [FXGL Background Thread 3 ] DEBUG Engine               - class com.almasb.fxgl.audio.AudioPlayer
23:02:22.895 [FXGL Background Thread 3 ] DEBUG Engine               - class com.almasb.fxgl.notification.impl.NotificationServiceProvider
23:02:22.896 [FXGL Background Thread 3 ] DEBUG Engine               - class com.almasb.fxgl.achievement.AchievementService
23:02:22.896 [FXGL Background Thread 3 ] DEBUG Engine               - class com.almasb.fxgl.cutscene.CutsceneService
23:02:22.896 [FXGL Background Thread 3 ] DEBUG Engine               - class com.almasb.fxgl.minigames.MiniGameService
23:02:22.896 [FXGL Background Thread 3 ] DEBUG Engine               - class com.almasb.fxgl.net.NetService
23:02:22.896 [FXGL Background Thread 3 ] DEBUG Engine               - class com.almasb.fxgl.app.services.UpdaterService
23:02:22.896 [FXGL Background Thread 3 ] DEBUG Engine               - class com.almasb.fxgl.dev.DevService
23:02:44.519 [JavaFX Application Thread] DEBUG FXGLApplication      - Exiting FXGL
23:02:44.519 [JavaFX Application Thread] DEBUG LoopRunner           - Stopping loop
23:02:44.519 [JavaFX Application Thread] DEBUG SystemBundleService  - Saving FXGL system data
23:02:44.522 [JavaFX Application Thread] DEBUG FileSystemAccess     - Writing to: C:\Users\Utilisateur\IdeaProjects\zeldaPuzzle\system\fxgl.bundle
23:02:44.524 [JavaFX Application Thread] DEBUG Async                - Shutting down background threads
23:02:44.524 [JavaFX Application Thread] DEBUG PrimaryStageWindow   - Closing main window
23:02:44.564 [JavaFX Application Thread] DEBUG Logger               - Closing Logger
