11:39:29.918 [main                     ] DEBUG Logger               - Configured Logger
11:39:29.941 [main                     ] DEBUG GameApplication      - Logging settings
Title: Zelda 2D Game
Version: 1
Width: 800
Height: 800
Fullscreen: true
Intro: false
Profiling: false
Single step:false
App Mode: DEVELOPER
Menu Key: ESCAPE
Stage Style: DECORATED
Scene Factory: class com.almasb.fxgl.app.scene.SceneFactory

11:39:30.021 [JavaFX Application Thread] DEBUG FXGLApplication      - Initializing FXGL
11:39:30.027 [JavaFX Application Thread] INFO  Engine               - FXGL-17 (31.12.2021 18.16) on WINDOWS (J:19.0.2 FX:19)
11:39:30.027 [JavaFX Application Thread] DEBUG Engine               - JRE Vendor Name: Amazon.com Inc.
11:39:30.028 [JavaFX Application Thread] DEBUG Engine               - Running on OS: Windows 11 version 10.0
11:39:30.028 [JavaFX Application Thread] DEBUG Engine               - Architecture: amd64
11:39:30.028 [JavaFX Application Thread] INFO  Engine               - Source code and latest versions at: https://github.com/AlmasB/FXGL
11:39:30.028 [JavaFX Application Thread] INFO  Engine               -       Ask questions and discuss at: https://github.com/AlmasB/FXGL/discussions
11:39:30.028 [JavaFX Application Thread] INFO  Engine               -              Join the FXGL chat at: https://gitter.im/AlmasB/FXGL
11:39:30.101 [JavaFX Application Thread] DEBUG PrimaryStageWindow   - Creating a JavaFX scene
11:39:30.142 [JavaFX Application Thread] DEBUG PrimaryStageWindow   - Target settings size: 800.0 x 800.0
11:39:30.143 [JavaFX Application Thread] DEBUG PrimaryStageWindow   - Scaled scene size:    800.0 x 800.0
11:39:30.143 [JavaFX Application Thread] DEBUG PrimaryStageWindow   - Scaled ratio: (1.0, 1.0)
11:39:30.144 [JavaFX Application Thread] DEBUG PrimaryStageWindow   - Set initial scene to FXGLStartupScene
11:39:30.148 [JavaFX Application Thread] DEBUG PrimaryStageWindow   - Opening main window
11:39:30.244 [JavaFX Application Thread] DEBUG PrimaryStageWindow   - Window border size: (13.0, 35.5)
11:39:30.245 [JavaFX Application Thread] DEBUG PrimaryStageWindow   - Scaled size: 800.0 x 800.0
11:39:30.245 [JavaFX Application Thread] DEBUG PrimaryStageWindow   - Scaled ratio: (1.0, 1.0)
11:39:30.245 [JavaFX Application Thread] DEBUG PrimaryStageWindow   - Scene size: 800.0 x 800.0
11:39:30.246 [JavaFX Application Thread] DEBUG PrimaryStageWindow   - Stage size: 813.0 x 835.5
11:39:30.256 [FXGL Background Thread 1 ] DEBUG Engine               - Initializing environment variables
11:39:30.316 [FXGL Background Thread 1 ] DEBUG FXGLAssetLoaderServi - User app class for loading assets: class com.example.zeldapuzzle.MainGameApp
11:39:30.316 [FXGL Background Thread 1 ] DEBUG GameApplicationServi - Applying CSS: fxgl_dark.css
11:39:30.319 [FXGL Background Thread 1 ] DEBUG FXGLAssetLoaderServi - Loading from file system: jar:file:///C:/Users/Utilisateur/.m2/repository/com/github/almasb/fxgl/17/fxgl-17.jar!/fxglassets/ui/css/fxgl_dark.css
11:39:30.375 [FXGL Background Thread 1 ] DEBUG GameApplicationServi - Initializing application scenes
11:39:30.470 [FXGL Background Thread 1 ] DEBUG GameWorld            - Game world initialized
11:39:30.572 [FXGL Background Thread 1 ] DEBUG PhysicsWorld         - Physics world initialized: appHeight=800, physics.ppm=50,0
11:39:30.572 [FXGL Background Thread 1 ] DEBUG PhysicsWorld         - Using strategy: BRUTE_FORCE
11:39:30.580 [FXGL Background Thread 1 ] DEBUG GameScene            - Game scene initialized: 800x800
11:39:30.610 [FXGL Background Thread 1 ] DEBUG FXGL.DefaultMenu     - createMenuBodyMainMenu()
11:39:30.627 [FXGL Background Thread 1 ] DEBUG FXGL.DefaultMenu     - createOptionsMenu()
11:39:30.643 [FXGL Background Thread 1 ] DEBUG FXGLAssetLoaderServi - Loading from file system: jar:file:///C:/Users/Utilisateur/.m2/repository/com/github/almasb/fxgl/17/fxgl-17.jar!/fxglassets/textures/particles/smoke.png
11:39:30.787 [FXGL Background Thread 1 ] DEBUG FXGLAssetLoaderServi - Loading from file system: jar:file:///C:/Users/Utilisateur/.m2/repository/com/github/almasb/fxgl/17/fxgl-17.jar!/fxglassets/textures/particles/trace_horizontal.png
11:39:30.818 [FXGL Background Thread 1 ] DEBUG FXGL.DefaultMenu     - createMenuBodyGameMenu()
11:39:30.821 [FXGL Background Thread 1 ] DEBUG FXGL.DefaultMenu     - createOptionsMenu()
11:39:30.840 [FXGL Background Thread 1 ] DEBUG GameApplicationServi - Application scenes initialized
11:39:30.853 [FXGL Background Thread 1 ] DEBUG SystemBundleService  - Loading FXGL system data
11:39:30.859 [FXGL Background Thread 1 ] DEBUG FileSystemAccess     - Reading from: C:\Users\Utilisateur\IdeaProjects\zeldaPuzzle\system\fxgl.bundle
11:39:30.871 [FXGL Background Thread 1 ] DEBUG SystemBundleService  - Bundle FXGL: {}
11:39:30.871 [FXGL Background Thread 1 ] DEBUG UpdaterService       - Checking for updates
11:39:30.902 [FXGL Background Thread 1 ] DEBUG FXGLApplication      - Loading default localization
11:39:30.902 [FXGL Background Thread 4 ] DEBUG FXGLApplication      - Loading fonts
11:39:30.903 [FXGL Background Thread 4 ] DEBUG FXGLAssetLoaderServi - Loading from file system: jar:file:///C:/Users/Utilisateur/.m2/repository/com/github/almasb/fxgl/17/fxgl-17.jar!/fxglassets/ui/fonts/VarelaRound-Regular.ttf
11:39:30.903 [FXGL Background Thread 1 ] DEBUG FXGLAssetLoaderServi - Loading from file system: jar:file:///C:/Users/Utilisateur/.m2/repository/com/github/almasb/fxgl/17/fxgl-17.jar!/fxglassets/languages/english.lang
11:39:30.992 [FXGL Background Thread 1 ] INFO  FXGLApplication      - FXGL initialization took: 0,735 sec
11:39:30.993 [FXGL Background Thread 4 ] DEBUG FXGLAssetLoaderServi - Loading from file system: jar:file:///C:/Users/Utilisateur/.m2/repository/com/github/almasb/fxgl/17/fxgl-17.jar!/fxglassets/ui/fonts/Abel-Regular.ttf
11:39:31.004 [FXGL Background Thread 4 ] DEBUG FXGLAssetLoaderServi - Loading from file system: jar:file:///C:/Users/Utilisateur/.m2/repository/com/github/almasb/fxgl/17/fxgl-17.jar!/fxglassets/ui/fonts/TerminalLandMono-Regular.otf
11:39:31.015 [FXGL Background Thread 4 ] DEBUG FXGLAssetLoaderServi - Loading from file system: jar:file:///C:/Users/Utilisateur/.m2/repository/com/github/almasb/fxgl/17/fxgl-17.jar!/fxglassets/ui/fonts/Courier-Prime.ttf
11:39:31.020 [JavaFX Application Thread] DEBUG Input                - Registered new binding: getPosition - P
11:39:31.020 [JavaFX Application Thread] DEBUG Input                - Registered new binding: zoom+ - Up
11:39:31.021 [JavaFX Application Thread] DEBUG Input                - Registered new binding: zoom- - Down
11:39:31.021 [JavaFX Application Thread] DEBUG Input                - Registered new binding: resetZoom - 0
11:39:31.022 [JavaFX Application Thread] DEBUG Input                - Registered new binding: Move right - D
11:39:31.023 [JavaFX Application Thread] DEBUG Input                - Registered new binding: Move left - A
11:39:31.024 [JavaFX Application Thread] DEBUG Input                - Registered new binding: Move Up - W
11:39:31.024 [JavaFX Application Thread] DEBUG Input                - Registered new binding: Move Down - S
11:39:31.024 [JavaFX Application Thread] DEBUG FXGLAssetLoaderServi - Loading from file system: jar:file:///C:/Users/Utilisateur/.m2/repository/com/github/almasb/fxgl/17/fxgl-17.jar!/fxglassets/textures/fxgl_icon.png
11:39:31.046 [JavaFX Application Thread] DEBUG FXGLAssetLoaderServi - Loading from file system: jar:file:///C:/Users/Utilisateur/.m2/repository/com/github/almasb/fxgl/17/fxgl-17.jar!/fxglassets/textures/fxgl_default_cursor.png
11:39:31.050 [JavaFX Application Thread] DEBUG Input                - Registered new binding: Screenshot - CTRL+8
11:39:31.050 [JavaFX Application Thread] DEBUG Input                - Registered new binding: Dev Options - 1
11:39:31.051 [JavaFX Application Thread] DEBUG Input                - Registered new binding: Dev Console - 2
11:39:31.052 [JavaFX Application Thread] DEBUG Input                - Registered new binding: System info dump - CTRL+9
11:39:31.053 [JavaFX Application Thread] DEBUG Input                - Registered new binding: Restart - CTRL+R
11:39:31.056 [JavaFX Application Thread] DEBUG Input                - Registered new binding: Toggle Debug Camera - CTRL+7
11:39:31.065 [JavaFX Application Thread] DEBUG LoopRunner           - Starting loop
11:39:31.110 [JavaFX Application Thread] DEBUG LoopRunner           - Initializing JavaFX AnimationTimerLoop
11:39:31.120 [JavaFX Application Thread] DEBUG Input                - Clearing active input actions
11:39:31.130 [JavaFX Application Thread] DEBUG GameApplicationServi - Removing overlay from FXGLStartupScene and adding to FXGLMainMenuDummyScene
11:39:31.143 [JavaFX Application Thread] DEBUG PrimaryStageWindow   - FXGLStartupScene -> FXGLMainMenuDummyScene
11:39:31.143 [JavaFX Application Thread] DEBUG PrimaryStageWindow   - Push state: FXGLDefaultMenu
11:39:31.150 [JavaFX Application Thread] DEBUG Input                - Clearing active input actions
11:39:31.171 [JavaFX Application Thread] DEBUG GameApplicationServi - Removing overlay from FXGLMainMenuDummyScene and adding to FXGLDefaultMenu
11:39:31.172 [JavaFX Application Thread] DEBUG PrimaryStageWindow   - FXGLMainMenuDummyScene -> FXGLDefaultMenu
11:39:31.174 [JavaFX Application Thread] DEBUG FXGLApplication      - Registering font factories with UI factory
11:39:31.515 [FXGL Background Thread 2 ] INFO  UpdaterService       - Your current version:  17
11:39:31.515 [FXGL Background Thread 2 ] INFO  UpdaterService       - Latest stable version: 21.1
11:39:32.213 [JavaFX Application Thread] DEBUG Menu                 - fireNewGame()
11:39:32.214 [JavaFX Application Thread] DEBUG GameApplicationServi - Starting new game
11:39:32.215 [JavaFX Application Thread] DEBUG PrimaryStageWindow   - Pop state: FXGLDefaultMenu
11:39:32.216 [JavaFX Application Thread] DEBUG Input                - Clearing active input actions
11:39:32.218 [JavaFX Application Thread] DEBUG GameApplicationServi - Removing overlay from FXGLDefaultMenu and adding to FXGLMainMenuDummyScene
11:39:32.223 [JavaFX Application Thread] DEBUG PrimaryStageWindow   - FXGLMainMenuDummyScene <- FXGLDefaultMenu
11:39:32.224 [JavaFX Application Thread] DEBUG Input                - Clearing active input actions
11:39:32.239 [JavaFX Application Thread] DEBUG GameApplicationServi - Removing overlay from FXGLMainMenuDummyScene and adding to FXGLLoadingScene
11:39:32.240 [JavaFX Application Thread] DEBUG PrimaryStageWindow   - FXGLMainMenuDummyScene -> FXGLLoadingScene
11:39:32.241 [JavaFX Application Thread] DEBUG GameApplicationServi - Clearing previous game
11:39:32.241 [JavaFX Application Thread] DEBUG GameScene            - Clearing game scene
11:39:32.242 [JavaFX Application Thread] DEBUG GameWorld            - Clearing game world
11:39:32.242 [JavaFX Application Thread] DEBUG PhysicsWorld         - Clearing physics world
11:39:32.248 [FXGL Background Thread 2 ] DEBUG FXGLApplication      - Initializing game
11:39:32.341 [FXGL Background Thread 2 ] WARN  TMXLevelLoader       - TiledMap generated from 1.10.2. Supported version: 1.2.3. Some features may not be parsed fully.
11:39:32.355 [FXGL Background Thread 2 ] DEBUG TMXLevelLoader       - Parsed TiledMap: file:/C:/Users/Utilisateur/IdeaProjects/zeldaPuzzle/target/classes/assets/levels/StartingMap.tmx
11:39:32.359 [FXGL Background Thread 2 ] DEBUG TMXLevelLoader       - Creating tile layer entities
11:39:32.363 [FXGL Background Thread 2 ] DEBUG TilesetLoader        - Loading view for layer Calque de Tuiles 1
11:39:32.366 [FXGL Background Thread 2 ] DEBUG TilesetLoader        - Created buffer with size 1920.0x1920.0
11:39:32.378 [FXGL Background Thread 2 ] DEBUG TilesetLoader        - Loading view for layer Calque de Tuiles 2
11:39:32.386 [FXGL Background Thread 2 ] DEBUG TilesetLoader        - Created buffer with size 1920.0x1920.0
11:39:32.399 [FXGL Background Thread 2 ] DEBUG TilesetLoader        - Loading view for layer Calque de Tuiles 3
11:39:32.408 [FXGL Background Thread 2 ] DEBUG TilesetLoader        - Created buffer with size 1920.0x1920.0
11:39:32.409 [FXGL Background Thread 2 ] DEBUG TMXLevelLoader       - Creating object layer entities
11:39:32.428 [FXGL Background Thread 2 ] DEBUG GameWorld            - Clearing removable entities
11:39:32.429 [FXGL Background Thread 2 ] DEBUG GameWorld            - Setting level: com.almasb.fxgl.entity.level.Level@1ca32566
11:39:32.439 [FXGL Background Thread 2 ] WARN  GameWorld            - Entity is already attached to world
11:39:32.500 [FXGL Background Thread 2 ] WARN  GameWorld            - Entity is already attached to world
11:39:32.501 [FXGL Background Thread 2 ] INFO  FXGLApplication      - Game initialization took: 0,253 sec
11:39:32.505 [JavaFX Application Thread] DEBUG Input                - Clearing active input actions
11:39:32.513 [JavaFX Application Thread] DEBUG GameApplicationServi - Removing overlay from FXGLLoadingScene and adding to GameScene
11:39:32.515 [JavaFX Application Thread] DEBUG PrimaryStageWindow   - FXGLLoadingScene -> GameScene
11:39:33.901 [FXGL Background Thread 3 ] DEBUG Engine               - Logging environment variables
11:39:33.902 [FXGL Background Thread 3 ] DEBUG Engine               - achievements: []
11:39:33.902 [FXGL Background Thread 3 ] DEBUG Engine               - actualHeight: 800.0
11:39:33.903 [FXGL Background Thread 3 ] DEBUG Engine               - actualHeightProperty: ReadOnlyDoubleProperty [value: 800.0]
11:39:33.903 [FXGL Background Thread 3 ] DEBUG Engine               - actualWidth: 800.0
11:39:33.903 [FXGL Background Thread 3 ] DEBUG Engine               - actualWidthProperty: ReadOnlyDoubleProperty [value: 800.0]
11:39:33.905 [FXGL Background Thread 3 ] DEBUG Engine               - appIcon: fxgl_icon.png
11:39:33.905 [FXGL Background Thread 3 ] DEBUG Engine               - applicationMode: DEVELOPER
11:39:33.905 [FXGL Background Thread 3 ] DEBUG Engine               - cSSList: [fxgl_dark.css]
11:39:33.905 [FXGL Background Thread 3 ] DEBUG Engine               - collisionDetectionStrategy: BRUTE_FORCE
11:39:33.905 [FXGL Background Thread 3 ] DEBUG Engine               - configClass: Optional.empty
11:39:33.906 [FXGL Background Thread 3 ] DEBUG Engine               - credits: []
11:39:33.908 [FXGL Background Thread 3 ] DEBUG Engine               - defaultCursor: CursorInfo(imageName=fxgl_default_cursor.png, hotspotX=7.0, hotspotY=6.0)
11:39:33.908 [FXGL Background Thread 3 ] DEBUG Engine               - devBBoxColorProperty: ObjectProperty [value: 0xff0000ff]
11:39:33.909 [FXGL Background Thread 3 ] DEBUG Engine               - devEnableDebugCameraProperty: BooleanProperty [value: false]
11:39:33.909 [FXGL Background Thread 3 ] DEBUG Engine               - devSensorColorProperty: ObjectProperty [value: 0xffff00ff]
11:39:33.909 [FXGL Background Thread 3 ] DEBUG Engine               - devShowBBoxProperty: BooleanProperty [value: false]
11:39:33.910 [FXGL Background Thread 3 ] DEBUG Engine               - devShowPositionProperty: BooleanProperty [value: false]
11:39:33.910 [FXGL Background Thread 3 ] DEBUG Engine               - enabledMenuItems: []
11:39:33.910 [FXGL Background Thread 3 ] DEBUG Engine               - engineServices: [class com.almasb.fxgl.app.services.FXGLAssetLoaderService, class com.almasb.fxgl.app.FXGLApplication$GameApplicationService, class com.almasb.fxgl.app.services.FXGLDialogService, class com.almasb.fxgl.app.services.IOTaskExecutorService, class com.almasb.fxgl.io.FileSystemService, class com.almasb.fxgl.localization.LocalizationService, class com.almasb.fxgl.app.services.SystemBundleService, class com.almasb.fxgl.profile.SaveLoadService, class com.almasb.fxgl.ui.FXGLUIFactoryServiceProvider, class com.almasb.fxgl.ui.FXGLDialogFactoryServiceProvider, class com.almasb.fxgl.audio.AudioPlayer, class com.almasb.fxgl.notification.impl.NotificationServiceProvider, class com.almasb.fxgl.achievement.AchievementService, class com.almasb.fxgl.cutscene.CutsceneService, class com.almasb.fxgl.minigames.MiniGameService, class com.almasb.fxgl.net.NetService, class com.almasb.fxgl.app.services.UpdaterService, class com.almasb.fxgl.dev.DevService]
11:39:33.910 [FXGL Background Thread 3 ] DEBUG Engine               - fontGame: Abel-Regular.ttf
11:39:33.910 [FXGL Background Thread 3 ] DEBUG Engine               - fontMono: TerminalLandMono-Regular.otf
11:39:33.911 [FXGL Background Thread 3 ] DEBUG Engine               - fontText: Courier-Prime.ttf
11:39:33.911 [FXGL Background Thread 3 ] DEBUG Engine               - fontUI: VarelaRound-Regular.ttf
11:39:33.911 [FXGL Background Thread 3 ] DEBUG Engine               - fullScreen: BooleanProperty [value: false]
11:39:33.911 [FXGL Background Thread 3 ] DEBUG Engine               - gameDifficulty: MEDIUM
11:39:33.911 [FXGL Background Thread 3 ] DEBUG Engine               - gameDifficultyProperty: ObjectProperty [value: MEDIUM]
11:39:33.911 [FXGL Background Thread 3 ] DEBUG Engine               - globalMusicVolume: 0.5
11:39:33.911 [FXGL Background Thread 3 ] DEBUG Engine               - globalMusicVolumeProperty: DoubleProperty [value: 0.5]
11:39:33.911 [FXGL Background Thread 3 ] DEBUG Engine               - globalSoundVolume: 0.5
11:39:33.911 [FXGL Background Thread 3 ] DEBUG Engine               - globalSoundVolumeProperty: DoubleProperty [value: 0.5]
11:39:33.911 [FXGL Background Thread 3 ] DEBUG Engine               - height: 800
11:39:33.912 [FXGL Background Thread 3 ] DEBUG Engine               - is3D: false
11:39:33.912 [FXGL Background Thread 3 ] DEBUG Engine               - isAndroid: false
11:39:33.912 [FXGL Background Thread 3 ] DEBUG Engine               - isBrowser: false
11:39:33.912 [FXGL Background Thread 3 ] DEBUG Engine               - isClickFeedbackEnabled: false
11:39:33.912 [FXGL Background Thread 3 ] DEBUG Engine               - isCloseConfirmation: false
11:39:33.912 [FXGL Background Thread 3 ] DEBUG Engine               - isDesktop: true
11:39:33.912 [FXGL Background Thread 3 ] DEBUG Engine               - isDeveloperMenuEnabled: true
11:39:33.912 [FXGL Background Thread 3 ] DEBUG Engine               - isEmbedded: false
11:39:33.913 [FXGL Background Thread 3 ] DEBUG Engine               - isEntityPreloadEnabled: true
11:39:33.913 [FXGL Background Thread 3 ] DEBUG Engine               - isExperimentalTiledLargeMap: false
11:39:33.913 [FXGL Background Thread 3 ] DEBUG Engine               - isFileSystemWriteAllowed: true
11:39:33.913 [FXGL Background Thread 3 ] DEBUG Engine               - isFullScreenAllowed: true
11:39:33.913 [FXGL Background Thread 3 ] DEBUG Engine               - isFullScreenFromStart: false
11:39:33.913 [FXGL Background Thread 3 ] DEBUG Engine               - isGameMenuEnabled: true
11:39:33.913 [FXGL Background Thread 3 ] DEBUG Engine               - isIOS: false
11:39:33.913 [FXGL Background Thread 3 ] DEBUG Engine               - isIntroEnabled: false
11:39:33.913 [FXGL Background Thread 3 ] DEBUG Engine               - isLinux: false
11:39:33.913 [FXGL Background Thread 3 ] DEBUG Engine               - isMac: false
11:39:33.913 [FXGL Background Thread 3 ] DEBUG Engine               - isMainMenuEnabled: true
11:39:33.913 [FXGL Background Thread 3 ] DEBUG Engine               - isManualResizeEnabled: false
11:39:33.913 [FXGL Background Thread 3 ] DEBUG Engine               - isMobile: false
11:39:33.913 [FXGL Background Thread 3 ] DEBUG Engine               - isNative: false
11:39:33.913 [FXGL Background Thread 3 ] DEBUG Engine               - isPauseMusicWhenMinimized: true
11:39:33.913 [FXGL Background Thread 3 ] DEBUG Engine               - isPreserveResizeRatio: false
11:39:33.914 [FXGL Background Thread 3 ] DEBUG Engine               - isProfilingEnabled: false
11:39:33.914 [FXGL Background Thread 3 ] DEBUG Engine               - isScaleAffectedOnResize: true
11:39:33.914 [FXGL Background Thread 3 ] DEBUG Engine               - isSingleStep: false
11:39:33.914 [FXGL Background Thread 3 ] DEBUG Engine               - isUserProfileEnabled: false
11:39:33.914 [FXGL Background Thread 3 ] DEBUG Engine               - isWindows: true
11:39:33.914 [FXGL Background Thread 3 ] DEBUG Engine               - language: ObjectProperty [value: ENGLISH]
11:39:33.914 [FXGL Background Thread 3 ] DEBUG Engine               - menuKey: ESCAPE
11:39:33.914 [FXGL Background Thread 3 ] DEBUG Engine               - mouseSensitivity: 0.2
11:39:33.914 [FXGL Background Thread 3 ] DEBUG Engine               - notificationViewClass: class com.almasb.fxgl.notification.view.XboxNotificationView
11:39:33.914 [FXGL Background Thread 3 ] DEBUG Engine               - pixelsPerMeter: 50.0
11:39:33.914 [FXGL Background Thread 3 ] DEBUG Engine               - platform: WINDOWS
11:39:33.914 [FXGL Background Thread 3 ] DEBUG Engine               - prefHeightProperty: ReadOnlyDoubleProperty [value: 800.0]
11:39:33.914 [FXGL Background Thread 3 ] DEBUG Engine               - prefWidthProperty: ReadOnlyDoubleProperty [value: 800.0]
11:39:33.915 [FXGL Background Thread 3 ] DEBUG Engine               - profileDir: profiles/
11:39:33.915 [FXGL Background Thread 3 ] DEBUG Engine               - profileName: StringProperty [value: DEFAULT]
11:39:33.915 [FXGL Background Thread 3 ] DEBUG Engine               - randomSeed: -1
11:39:33.915 [FXGL Background Thread 3 ] DEBUG Engine               - runtimeInfo: RuntimeInfo(platform=WINDOWS, version=17, build=31.12.2021 18.16)
11:39:33.915 [FXGL Background Thread 3 ] DEBUG Engine               - saveFileExt: sav
11:39:33.916 [FXGL Background Thread 3 ] DEBUG Engine               - scaledHeightProp$fxgl: DoubleProperty [bound, value: 800.0]
11:39:33.916 [FXGL Background Thread 3 ] DEBUG Engine               - scaledWidthProp$fxgl: DoubleProperty [bound, value: 800.0]
11:39:33.916 [FXGL Background Thread 3 ] DEBUG Engine               - sceneFactory: com.almasb.fxgl.app.scene.SceneFactory@1a1c1b7c
11:39:33.916 [FXGL Background Thread 3 ] DEBUG Engine               - secondsIn24h: 60
11:39:33.916 [FXGL Background Thread 3 ] DEBUG Engine               - soundMenuBack: menu/back.wav
11:39:33.916 [FXGL Background Thread 3 ] DEBUG Engine               - soundMenuPress: menu/press.wav
11:39:33.916 [FXGL Background Thread 3 ] DEBUG Engine               - soundMenuSelect: menu/select.wav
11:39:33.916 [FXGL Background Thread 3 ] DEBUG Engine               - soundNotification: core/notification.wav
11:39:33.916 [FXGL Background Thread 3 ] DEBUG Engine               - stageStyle: DECORATED
11:39:33.917 [FXGL Background Thread 3 ] DEBUG Engine               - supportedLanguages: [ENGLISH, FRENCH, GERMAN, HUNGARIAN, RUSSIAN]
11:39:33.917 [FXGL Background Thread 3 ] DEBUG Engine               - ticksPerSecond: -1
11:39:33.917 [FXGL Background Thread 3 ] DEBUG Engine               - title: Zelda 2D Game
11:39:33.917 [FXGL Background Thread 3 ] DEBUG Engine               - urlGithub: https://github.com/AlmasB/FXGL
11:39:33.917 [FXGL Background Thread 3 ] DEBUG Engine               - urlLeaderboard: http://fxgl-top.herokuapp.com/
11:39:33.917 [FXGL Background Thread 3 ] DEBUG Engine               - urlPOM: https://raw.githubusercontent.com/AlmasB/FXGL/release/README.md
11:39:33.917 [FXGL Background Thread 3 ] DEBUG Engine               - userAppClass: class com.example.zeldapuzzle.MainGameApp
11:39:33.917 [FXGL Background Thread 3 ] DEBUG Engine               - version: 1
11:39:33.917 [FXGL Background Thread 3 ] DEBUG Engine               - versionCheckDays: 7
11:39:33.917 [FXGL Background Thread 3 ] DEBUG Engine               - width: 800
11:39:33.917 [FXGL Background Thread 3 ] DEBUG Engine               - Logging services
11:39:33.917 [FXGL Background Thread 3 ] DEBUG Engine               - class com.almasb.fxgl.app.services.FXGLAssetLoaderService
11:39:33.917 [FXGL Background Thread 3 ] DEBUG Engine               - class com.almasb.fxgl.app.FXGLApplication$GameApplicationService
11:39:33.917 [FXGL Background Thread 3 ] DEBUG Engine               - class com.almasb.fxgl.app.services.FXGLDialogService
11:39:33.917 [FXGL Background Thread 3 ] DEBUG Engine               - class com.almasb.fxgl.app.services.IOTaskExecutorService
11:39:33.917 [FXGL Background Thread 3 ] DEBUG Engine               - class com.almasb.fxgl.io.FileSystemService
11:39:33.917 [FXGL Background Thread 3 ] DEBUG Engine               - class com.almasb.fxgl.localization.LocalizationService
11:39:33.917 [FXGL Background Thread 3 ] DEBUG Engine               - class com.almasb.fxgl.app.services.SystemBundleService
11:39:33.918 [FXGL Background Thread 3 ] DEBUG Engine               - class com.almasb.fxgl.profile.SaveLoadService
11:39:33.918 [FXGL Background Thread 3 ] DEBUG Engine               - class com.almasb.fxgl.ui.FXGLUIFactoryServiceProvider
11:39:33.918 [FXGL Background Thread 3 ] DEBUG Engine               - class com.almasb.fxgl.ui.FXGLDialogFactoryServiceProvider
11:39:33.918 [FXGL Background Thread 3 ] DEBUG Engine               - class com.almasb.fxgl.audio.AudioPlayer
11:39:33.918 [FXGL Background Thread 3 ] DEBUG Engine               - class com.almasb.fxgl.notification.impl.NotificationServiceProvider
11:39:33.918 [FXGL Background Thread 3 ] DEBUG Engine               - class com.almasb.fxgl.achievement.AchievementService
11:39:33.918 [FXGL Background Thread 3 ] DEBUG Engine               - class com.almasb.fxgl.cutscene.CutsceneService
11:39:33.918 [FXGL Background Thread 3 ] DEBUG Engine               - class com.almasb.fxgl.minigames.MiniGameService
11:39:33.918 [FXGL Background Thread 3 ] DEBUG Engine               - class com.almasb.fxgl.net.NetService
11:39:33.918 [FXGL Background Thread 3 ] DEBUG Engine               - class com.almasb.fxgl.app.services.UpdaterService
11:39:33.918 [FXGL Background Thread 3 ] DEBUG Engine               - class com.almasb.fxgl.dev.DevService
11:39:35.085 [JavaFX Application Thread] WARN  TMXLevelLoader       - TiledMap generated from 1.10.2. Supported version: 1.2.3. Some features may not be parsed fully.
11:39:35.101 [JavaFX Application Thread] DEBUG TMXLevelLoader       - Parsed TiledMap: file:/C:/Users/Utilisateur/IdeaProjects/zeldaPuzzle/target/classes/assets/levels/donjonPasFini.tmx
11:39:35.101 [JavaFX Application Thread] DEBUG TMXLevelLoader       - Creating tile layer entities
11:39:35.102 [JavaFX Application Thread] DEBUG TilesetLoader        - Loading view for layer Calque de Tuiles 2
11:39:35.105 [JavaFX Application Thread] DEBUG TilesetLoader        - Created buffer with size 3200.0x960.0
11:39:35.146 [JavaFX Application Thread] WARN  TilesetLoader        - Diagonally flipped tiles are not currently supported
11:39:35.146 [JavaFX Application Thread] WARN  TilesetLoader        - Diagonally flipped tiles are not currently supported
11:39:35.146 [JavaFX Application Thread] WARN  TilesetLoader        - Diagonally flipped tiles are not currently supported
11:39:35.147 [JavaFX Application Thread] WARN  TilesetLoader        - Diagonally flipped tiles are not currently supported
11:39:35.147 [JavaFX Application Thread] WARN  TilesetLoader        - Diagonally flipped tiles are not currently supported
11:39:35.147 [JavaFX Application Thread] WARN  TilesetLoader        - Diagonally flipped tiles are not currently supported
11:39:35.147 [JavaFX Application Thread] WARN  TilesetLoader        - Diagonally flipped tiles are not currently supported
11:39:35.148 [JavaFX Application Thread] WARN  TilesetLoader        - Diagonally flipped tiles are not currently supported
11:39:35.148 [JavaFX Application Thread] WARN  TilesetLoader        - Diagonally flipped tiles are not currently supported
11:39:35.148 [JavaFX Application Thread] WARN  TilesetLoader        - Diagonally flipped tiles are not currently supported
11:39:35.148 [JavaFX Application Thread] DEBUG TilesetLoader        - Loading view for layer background
11:39:35.152 [JavaFX Application Thread] DEBUG TilesetLoader        - Created buffer with size 3200.0x960.0
11:39:35.158 [JavaFX Application Thread] DEBUG TilesetLoader        - Loading view for layer Calque de Tuiles 3
11:39:35.162 [JavaFX Application Thread] DEBUG TilesetLoader        - Created buffer with size 3200.0x960.0
11:39:35.164 [JavaFX Application Thread] DEBUG TilesetLoader        - Loading view for layer Calque de Tuiles 1
11:39:35.169 [JavaFX Application Thread] DEBUG TilesetLoader        - Created buffer with size 3200.0x960.0
11:39:35.170 [JavaFX Application Thread] DEBUG TMXLevelLoader       - Creating object layer entities
11:39:35.174 [JavaFX Application Thread] DEBUG GameWorld            - Clearing removable entities
11:39:35.191 [JavaFX Application Thread] DEBUG GameWorld            - Setting level: com.almasb.fxgl.entity.level.Level@670d7bf9
11:39:35.249 [JavaFX Application Thread] WARN  GameWorld            - Entity is already attached to world
11:39:41.531 [JavaFX Application Thread] WARN  GameWorld            - Entity is already attached to world
11:39:42.027 [JavaFX Application Thread] WARN  GameWorld            - Entity is already attached to world
11:40:02.182 [JavaFX Application Thread] DEBUG FXGLApplication      - Exiting FXGL
11:40:02.182 [JavaFX Application Thread] DEBUG LoopRunner           - Stopping loop
11:40:02.182 [JavaFX Application Thread] DEBUG SystemBundleService  - Saving FXGL system data
11:40:02.184 [JavaFX Application Thread] DEBUG FileSystemAccess     - Writing to: C:\Users\Utilisateur\IdeaProjects\zeldaPuzzle\system\fxgl.bundle
11:40:02.187 [JavaFX Application Thread] DEBUG Async                - Shutting down background threads
11:40:02.187 [JavaFX Application Thread] DEBUG PrimaryStageWindow   - Closing main window
11:40:02.218 [JavaFX Application Thread] DEBUG Logger               - Closing Logger
