23:59:48.151 [main                     ] DEBUG Logger               - Configured Logger
23:59:48.174 [main                     ] DEBUG GameApplication      - Logging settings
Title: Zelda 2D Game
Version: 1
Width: 800
Height: 800
Fullscreen: true
Intro: false
Profiling: false
Single step:false
App Mode: DEVELOPER
Menu Key: ESCAPE
Stage Style: DECORATED
Scene Factory: class com.almasb.fxgl.app.scene.SceneFactory

23:59:48.440 [JavaFX Application Thread] DEBUG FXGLApplication      - Initializing FXGL
23:59:48.445 [JavaFX Application Thread] INFO  Engine               - FXGL-17 (31.12.2021 18.16) on MAC (J:19.0.1 FX:19)
23:59:48.446 [JavaFX Application Thread] DEBUG Engine               - JRE Vendor Name: Oracle Corporation
23:59:48.446 [JavaFX Application Thread] DEBUG Engine               - Running on OS: Mac OS X version 12.5
23:59:48.446 [JavaFX Application Thread] DEBUG Engine               - Architecture: aarch64
23:59:48.447 [JavaFX Application Thread] INFO  Engine               - Source code and latest versions at: https://github.com/AlmasB/FXGL
23:59:48.447 [JavaFX Application Thread] INFO  Engine               -       Ask questions and discuss at: https://github.com/AlmasB/FXGL/discussions
23:59:48.447 [JavaFX Application Thread] INFO  Engine               -              Join the FXGL chat at: https://gitter.im/AlmasB/FXGL
23:59:48.518 [JavaFX Application Thread] DEBUG PrimaryStageWindow   - Creating a JavaFX scene
23:59:48.563 [JavaFX Application Thread] DEBUG PrimaryStageWindow   - Target settings size: 800.0 x 800.0
23:59:48.563 [JavaFX Application Thread] DEBUG PrimaryStageWindow   - Scaled scene size:    800.0 x 800.0
23:59:48.563 [JavaFX Application Thread] DEBUG PrimaryStageWindow   - Scaled ratio: (1.0, 1.0)
23:59:48.564 [JavaFX Application Thread] DEBUG PrimaryStageWindow   - Set initial scene to FXGLStartupScene
23:59:48.568 [JavaFX Application Thread] DEBUG PrimaryStageWindow   - Opening main window
23:59:48.693 [JavaFX Application Thread] DEBUG PrimaryStageWindow   - Window border size: (0.0, 28.0)
23:59:48.693 [JavaFX Application Thread] DEBUG PrimaryStageWindow   - Scaled size: 800.0 x 800.0
23:59:48.694 [JavaFX Application Thread] DEBUG PrimaryStageWindow   - Scaled ratio: (1.0, 1.0)
23:59:48.694 [JavaFX Application Thread] DEBUG PrimaryStageWindow   - Scene size: 800.0 x 800.0
23:59:48.694 [JavaFX Application Thread] DEBUG PrimaryStageWindow   - Stage size: 800.0 x 828.0
23:59:48.700 [FXGL Background Thread 1 ] DEBUG Engine               - Initializing environment variables
23:59:48.738 [FXGL Background Thread 1 ] DEBUG FXGLAssetLoaderServi - User app class for loading assets: class com.example.zeldapuzzle.MainGameApp
23:59:48.738 [FXGL Background Thread 1 ] DEBUG GameApplicationServi - Applying CSS: fxgl_dark.css
23:59:48.739 [FXGL Background Thread 1 ] DEBUG FXGLAssetLoaderServi - Loading from file system: jar:file:///Users/CHLaroche05/.m2/repository/com/github/almasb/fxgl/17/fxgl-17.jar!/fxglassets/ui/css/fxgl_dark.css
23:59:48.777 [FXGL Background Thread 1 ] DEBUG GameApplicationServi - Initializing application scenes
23:59:48.960 [FXGL Background Thread 1 ] DEBUG GameWorld            - Game world initialized
23:59:49.046 [FXGL Background Thread 1 ] DEBUG PhysicsWorld         - Physics world initialized: appHeight=800, physics.ppm=50.0
23:59:49.047 [FXGL Background Thread 1 ] DEBUG PhysicsWorld         - Using strategy: BRUTE_FORCE
23:59:49.051 [FXGL Background Thread 1 ] DEBUG GameScene            - Game scene initialized: 800x800
23:59:49.063 [FXGL Background Thread 1 ] DEBUG FXGL.DefaultMenu     - createMenuBodyMainMenu()
23:59:49.089 [FXGL Background Thread 1 ] DEBUG FXGL.DefaultMenu     - createOptionsMenu()
23:59:49.100 [FXGL Background Thread 1 ] DEBUG FXGLAssetLoaderServi - Loading from file system: jar:file:///Users/CHLaroche05/.m2/repository/com/github/almasb/fxgl/17/fxgl-17.jar!/fxglassets/textures/particles/smoke.png
23:59:49.302 [FXGL Background Thread 1 ] DEBUG FXGLAssetLoaderServi - Loading from file system: jar:file:///Users/CHLaroche05/.m2/repository/com/github/almasb/fxgl/17/fxgl-17.jar!/fxglassets/textures/particles/trace_horizontal.png
23:59:49.332 [FXGL Background Thread 1 ] DEBUG FXGL.DefaultMenu     - createMenuBodyGameMenu()
23:59:49.334 [FXGL Background Thread 1 ] DEBUG FXGL.DefaultMenu     - createOptionsMenu()
23:59:49.380 [FXGL Background Thread 1 ] DEBUG GameApplicationServi - Application scenes initialized
23:59:49.407 [FXGL Background Thread 1 ] DEBUG SystemBundleService  - Loading FXGL system data
23:59:49.412 [FXGL Background Thread 1 ] DEBUG FileSystemAccess     - Reading from: /Users/CHLaroche05/zelda/zeldaPuzzle/system/fxgl.bundle
23:59:49.426 [FXGL Background Thread 1 ] DEBUG SystemBundleService  - Bundle FXGL: {}
23:59:49.426 [FXGL Background Thread 1 ] DEBUG UpdaterService       - Checking for updates
23:59:49.506 [FXGL Background Thread 4 ] DEBUG FXGLApplication      - Loading fonts
23:59:49.506 [FXGL Background Thread 4 ] DEBUG FXGLAssetLoaderServi - Loading from file system: jar:file:///Users/CHLaroche05/.m2/repository/com/github/almasb/fxgl/17/fxgl-17.jar!/fxglassets/ui/fonts/VarelaRound-Regular.ttf
23:59:49.506 [FXGL Background Thread 1 ] DEBUG FXGLApplication      - Loading default localization
23:59:49.507 [FXGL Background Thread 1 ] DEBUG FXGLAssetLoaderServi - Loading from file system: jar:file:///Users/CHLaroche05/.m2/repository/com/github/almasb/fxgl/17/fxgl-17.jar!/fxglassets/languages/english.lang
23:59:49.516 [FXGL Background Thread 4 ] DEBUG FXGLAssetLoaderServi - Loading from file system: jar:file:///Users/CHLaroche05/.m2/repository/com/github/almasb/fxgl/17/fxgl-17.jar!/fxglassets/ui/fonts/Abel-Regular.ttf
23:59:49.520 [FXGL Background Thread 4 ] DEBUG FXGLAssetLoaderServi - Loading from file system: jar:file:///Users/CHLaroche05/.m2/repository/com/github/almasb/fxgl/17/fxgl-17.jar!/fxglassets/ui/fonts/TerminalLandMono-Regular.otf
23:59:49.524 [FXGL Background Thread 4 ] DEBUG FXGLAssetLoaderServi - Loading from file system: jar:file:///Users/CHLaroche05/.m2/repository/com/github/almasb/fxgl/17/fxgl-17.jar!/fxglassets/ui/fonts/Courier-Prime.ttf
23:59:49.530 [JavaFX Application Thread] DEBUG FXGLApplication      - Registering font factories with UI factory
23:59:49.531 [FXGL Background Thread 1 ] INFO  FXGLApplication      - FXGL initialization took: 0.831 sec
23:59:49.543 [JavaFX Application Thread] DEBUG Input                - Registered new binding: inventaire - Tab
23:59:49.543 [JavaFX Application Thread] DEBUG Input                - Registered new binding: getPosition - P
23:59:49.543 [JavaFX Application Thread] DEBUG Input                - Registered new binding: zoom+ - Up
23:59:49.543 [JavaFX Application Thread] DEBUG Input                - Registered new binding: zoom- - Down
23:59:49.544 [JavaFX Application Thread] DEBUG Input                - Registered new binding: resetZoom - 0
23:59:49.544 [JavaFX Application Thread] DEBUG Input                - Registered new binding: Move right - D
23:59:49.544 [JavaFX Application Thread] DEBUG Input                - Registered new binding: Move left - A
23:59:49.544 [JavaFX Application Thread] DEBUG Input                - Registered new binding: Move Up - W
23:59:49.544 [JavaFX Application Thread] DEBUG Input                - Registered new binding: Move Down - S
23:59:49.545 [JavaFX Application Thread] DEBUG Input                - Registered new binding: Jump - Space
23:59:49.545 [JavaFX Application Thread] DEBUG FXGLAssetLoaderServi - Loading from file system: jar:file:///Users/CHLaroche05/.m2/repository/com/github/almasb/fxgl/17/fxgl-17.jar!/fxglassets/textures/fxgl_icon.png
23:59:49.578 [JavaFX Application Thread] DEBUG FXGLAssetLoaderServi - Loading from file system: jar:file:///Users/CHLaroche05/.m2/repository/com/github/almasb/fxgl/17/fxgl-17.jar!/fxglassets/textures/fxgl_default_cursor.png
23:59:49.580 [JavaFX Application Thread] DEBUG Input                - Registered new binding: Screenshot - CTRL+8
23:59:49.580 [JavaFX Application Thread] DEBUG Input                - Registered new binding: Dev Options - 1
23:59:49.581 [JavaFX Application Thread] DEBUG Input                - Registered new binding: Dev Console - 2
23:59:49.581 [JavaFX Application Thread] DEBUG Input                - Registered new binding: System info dump - CTRL+9
23:59:49.581 [JavaFX Application Thread] DEBUG Input                - Registered new binding: Restart - CTRL+R
23:59:49.581 [JavaFX Application Thread] DEBUG Input                - Registered new binding: Toggle Debug Camera - CTRL+7
23:59:49.584 [JavaFX Application Thread] DEBUG LoopRunner           - Starting loop
23:59:49.598 [JavaFX Application Thread] DEBUG LoopRunner           - Initializing JavaFX AnimationTimerLoop
23:59:49.600 [JavaFX Application Thread] DEBUG Input                - Clearing active input actions
23:59:49.609 [JavaFX Application Thread] DEBUG GameApplicationServi - Removing overlay from FXGLStartupScene and adding to FXGLMainMenuDummyScene
23:59:49.613 [JavaFX Application Thread] DEBUG PrimaryStageWindow   - FXGLStartupScene -> FXGLMainMenuDummyScene
23:59:49.613 [JavaFX Application Thread] DEBUG PrimaryStageWindow   - Push state: FXGLDefaultMenu
23:59:49.615 [JavaFX Application Thread] DEBUG Input                - Clearing active input actions
23:59:49.622 [JavaFX Application Thread] DEBUG GameApplicationServi - Removing overlay from FXGLMainMenuDummyScene and adding to FXGLDefaultMenu
23:59:49.623 [JavaFX Application Thread] DEBUG PrimaryStageWindow   - FXGLMainMenuDummyScene -> FXGLDefaultMenu
23:59:49.974 [FXGL Background Thread 2 ] INFO  UpdaterService       - Your current version:  17
23:59:49.974 [FXGL Background Thread 2 ] INFO  UpdaterService       - Latest stable version: 21.1
23:59:50.556 [JavaFX Application Thread] DEBUG Menu                 - fireNewGame()
23:59:50.556 [JavaFX Application Thread] DEBUG GameApplicationServi - Starting new game
23:59:50.557 [JavaFX Application Thread] DEBUG PrimaryStageWindow   - Pop state: FXGLDefaultMenu
23:59:50.557 [JavaFX Application Thread] DEBUG Input                - Clearing active input actions
23:59:50.558 [JavaFX Application Thread] DEBUG GameApplicationServi - Removing overlay from FXGLDefaultMenu and adding to FXGLMainMenuDummyScene
23:59:50.560 [JavaFX Application Thread] DEBUG PrimaryStageWindow   - FXGLMainMenuDummyScene <- FXGLDefaultMenu
23:59:50.560 [JavaFX Application Thread] DEBUG Input                - Clearing active input actions
23:59:50.571 [JavaFX Application Thread] DEBUG GameApplicationServi - Removing overlay from FXGLMainMenuDummyScene and adding to FXGLLoadingScene
23:59:50.572 [JavaFX Application Thread] DEBUG PrimaryStageWindow   - FXGLMainMenuDummyScene -> FXGLLoadingScene
23:59:50.572 [JavaFX Application Thread] DEBUG GameApplicationServi - Clearing previous game
23:59:50.572 [JavaFX Application Thread] DEBUG GameScene            - Clearing game scene
23:59:50.572 [JavaFX Application Thread] DEBUG GameWorld            - Clearing game world
23:59:50.572 [JavaFX Application Thread] DEBUG PhysicsWorld         - Clearing physics world
23:59:50.573 [FXGL Background Thread 2 ] DEBUG FXGLApplication      - Initializing game
23:59:50.609 [FXGL Background Thread 2 ] WARN  TMXLevelLoader       - TiledMap generated from 1.10.2. Supported version: 1.2.3. Some features may not be parsed fully.
23:59:50.701 [FXGL Background Thread 2 ] DEBUG TMXLevelLoader       - Parsed TiledMap: file:/Users/CHLaroche05/zelda/zeldaPuzzle/target/classes/assets/levels/mapFinal.tmx
23:59:50.702 [FXGL Background Thread 2 ] DEBUG TMXLevelLoader       - Creating tile layer entities
23:59:50.705 [FXGL Background Thread 2 ] DEBUG TilesetLoader        - Loading view for layer background
23:59:50.723 [FXGL Background Thread 2 ] DEBUG TilesetLoader        - Created buffer with size 4800.0x4800.0
23:59:50.954 [FXGL Background Thread 2 ] DEBUG TilesetLoader        - Loading view for layer devant
23:59:50.968 [FXGL Background Thread 2 ] DEBUG TilesetLoader        - Created buffer with size 4800.0x4800.0
23:59:51.018 [FXGL Background Thread 2 ] DEBUG TilesetLoader        - Loading view for layer devant1
23:59:51.036 [FXGL Background Thread 2 ] DEBUG TilesetLoader        - Created buffer with size 4800.0x4800.0
23:59:51.064 [FXGL Background Thread 2 ] DEBUG TMXLevelLoader       - Creating object layer entities
23:59:51.123 [FXGL Background Thread 2 ] DEBUG GameWorld            - Clearing removable entities
23:59:51.123 [FXGL Background Thread 2 ] DEBUG GameWorld            - Setting level: com.almasb.fxgl.entity.level.Level@5b3bf54b
23:59:51.146 [FXGL Background Thread 2 ] WARN  GameWorld            - Entity is already attached to world
23:59:51.149 [FXGL Background Thread 2 ] WARN  GameWorld            - Entity is already attached to world
23:59:51.154 [FXGL Background Thread 2 ] INFO  FXGLApplication      - Game initialization took: 0.580 sec
23:59:51.155 [JavaFX Application Thread] DEBUG Input                - Clearing active input actions
23:59:51.162 [JavaFX Application Thread] DEBUG GameApplicationServi - Removing overlay from FXGLLoadingScene and adding to GameScene
23:59:51.165 [JavaFX Application Thread] DEBUG PrimaryStageWindow   - FXGLLoadingScene -> GameScene
23:59:52.501 [FXGL Background Thread 3 ] DEBUG Engine               - Logging environment variables
23:59:52.502 [FXGL Background Thread 3 ] DEBUG Engine               - achievements: []
23:59:52.502 [FXGL Background Thread 3 ] DEBUG Engine               - actualHeight: 800.0
23:59:52.502 [FXGL Background Thread 3 ] DEBUG Engine               - actualHeightProperty: ReadOnlyDoubleProperty [value: 800.0]
23:59:52.502 [FXGL Background Thread 3 ] DEBUG Engine               - actualWidth: 800.0
23:59:52.502 [FXGL Background Thread 3 ] DEBUG Engine               - actualWidthProperty: ReadOnlyDoubleProperty [value: 800.0]
23:59:52.502 [FXGL Background Thread 3 ] DEBUG Engine               - appIcon: fxgl_icon.png
23:59:52.502 [FXGL Background Thread 3 ] DEBUG Engine               - applicationMode: DEVELOPER
23:59:52.503 [FXGL Background Thread 3 ] DEBUG Engine               - cSSList: [fxgl_dark.css]
23:59:52.503 [FXGL Background Thread 3 ] DEBUG Engine               - collisionDetectionStrategy: BRUTE_FORCE
23:59:52.503 [FXGL Background Thread 3 ] DEBUG Engine               - configClass: Optional.empty
23:59:52.503 [FXGL Background Thread 3 ] DEBUG Engine               - credits: []
23:59:52.503 [FXGL Background Thread 3 ] DEBUG Engine               - defaultCursor: CursorInfo(imageName=fxgl_default_cursor.png, hotspotX=7.0, hotspotY=6.0)
23:59:52.504 [FXGL Background Thread 3 ] DEBUG Engine               - devBBoxColorProperty: ObjectProperty [value: 0xff0000ff]
23:59:52.504 [FXGL Background Thread 3 ] DEBUG Engine               - devEnableDebugCameraProperty: BooleanProperty [value: false]
23:59:52.504 [FXGL Background Thread 3 ] DEBUG Engine               - devSensorColorProperty: ObjectProperty [value: 0xffff00ff]
23:59:52.504 [FXGL Background Thread 3 ] DEBUG Engine               - devShowBBoxProperty: BooleanProperty [value: false]
23:59:52.504 [FXGL Background Thread 3 ] DEBUG Engine               - devShowPositionProperty: BooleanProperty [value: false]
23:59:52.504 [FXGL Background Thread 3 ] DEBUG Engine               - enabledMenuItems: []
23:59:52.504 [FXGL Background Thread 3 ] DEBUG Engine               - engineServices: [class com.almasb.fxgl.app.services.FXGLAssetLoaderService, class com.almasb.fxgl.app.FXGLApplication$GameApplicationService, class com.almasb.fxgl.app.services.FXGLDialogService, class com.almasb.fxgl.app.services.IOTaskExecutorService, class com.almasb.fxgl.io.FileSystemService, class com.almasb.fxgl.localization.LocalizationService, class com.almasb.fxgl.app.services.SystemBundleService, class com.almasb.fxgl.profile.SaveLoadService, class com.almasb.fxgl.ui.FXGLUIFactoryServiceProvider, class com.almasb.fxgl.ui.FXGLDialogFactoryServiceProvider, class com.almasb.fxgl.audio.AudioPlayer, class com.almasb.fxgl.notification.impl.NotificationServiceProvider, class com.almasb.fxgl.achievement.AchievementService, class com.almasb.fxgl.cutscene.CutsceneService, class com.almasb.fxgl.minigames.MiniGameService, class com.almasb.fxgl.net.NetService, class com.almasb.fxgl.app.services.UpdaterService, class com.almasb.fxgl.dev.DevService]
23:59:52.504 [FXGL Background Thread 3 ] DEBUG Engine               - fontGame: Abel-Regular.ttf
23:59:52.504 [FXGL Background Thread 3 ] DEBUG Engine               - fontMono: TerminalLandMono-Regular.otf
23:59:52.504 [FXGL Background Thread 3 ] DEBUG Engine               - fontText: Courier-Prime.ttf
23:59:52.504 [FXGL Background Thread 3 ] DEBUG Engine               - fontUI: VarelaRound-Regular.ttf
23:59:52.504 [FXGL Background Thread 3 ] DEBUG Engine               - fullScreen: BooleanProperty [value: false]
23:59:52.505 [FXGL Background Thread 3 ] DEBUG Engine               - gameDifficulty: MEDIUM
23:59:52.505 [FXGL Background Thread 3 ] DEBUG Engine               - gameDifficultyProperty: ObjectProperty [value: MEDIUM]
23:59:52.505 [FXGL Background Thread 3 ] DEBUG Engine               - globalMusicVolume: 0.5
23:59:52.505 [FXGL Background Thread 3 ] DEBUG Engine               - globalMusicVolumeProperty: DoubleProperty [value: 0.5]
23:59:52.505 [FXGL Background Thread 3 ] DEBUG Engine               - globalSoundVolume: 0.5
23:59:52.505 [FXGL Background Thread 3 ] DEBUG Engine               - globalSoundVolumeProperty: DoubleProperty [value: 0.5]
23:59:52.505 [FXGL Background Thread 3 ] DEBUG Engine               - height: 800
23:59:52.505 [FXGL Background Thread 3 ] DEBUG Engine               - is3D: false
23:59:52.505 [FXGL Background Thread 3 ] DEBUG Engine               - isAndroid: false
23:59:52.505 [FXGL Background Thread 3 ] DEBUG Engine               - isBrowser: false
23:59:52.505 [FXGL Background Thread 3 ] DEBUG Engine               - isClickFeedbackEnabled: false
23:59:52.505 [FXGL Background Thread 3 ] DEBUG Engine               - isCloseConfirmation: false
23:59:52.505 [FXGL Background Thread 3 ] DEBUG Engine               - isDesktop: true
23:59:52.505 [FXGL Background Thread 3 ] DEBUG Engine               - isDeveloperMenuEnabled: true
23:59:52.506 [FXGL Background Thread 3 ] DEBUG Engine               - isEmbedded: false
23:59:52.506 [FXGL Background Thread 3 ] DEBUG Engine               - isEntityPreloadEnabled: true
23:59:52.506 [FXGL Background Thread 3 ] DEBUG Engine               - isExperimentalTiledLargeMap: false
23:59:52.506 [FXGL Background Thread 3 ] DEBUG Engine               - isFileSystemWriteAllowed: true
23:59:52.506 [FXGL Background Thread 3 ] DEBUG Engine               - isFullScreenAllowed: true
23:59:52.506 [FXGL Background Thread 3 ] DEBUG Engine               - isFullScreenFromStart: false
23:59:52.506 [FXGL Background Thread 3 ] DEBUG Engine               - isGameMenuEnabled: true
23:59:52.506 [FXGL Background Thread 3 ] DEBUG Engine               - isIOS: false
23:59:52.506 [FXGL Background Thread 3 ] DEBUG Engine               - isIntroEnabled: false
23:59:52.506 [FXGL Background Thread 3 ] DEBUG Engine               - isLinux: false
23:59:52.506 [FXGL Background Thread 3 ] DEBUG Engine               - isMac: true
23:59:52.506 [FXGL Background Thread 3 ] DEBUG Engine               - isMainMenuEnabled: true
23:59:52.506 [FXGL Background Thread 3 ] DEBUG Engine               - isManualResizeEnabled: false
23:59:52.506 [FXGL Background Thread 3 ] DEBUG Engine               - isMobile: false
23:59:52.506 [FXGL Background Thread 3 ] DEBUG Engine               - isNative: false
23:59:52.506 [FXGL Background Thread 3 ] DEBUG Engine               - isPauseMusicWhenMinimized: true
23:59:52.506 [FXGL Background Thread 3 ] DEBUG Engine               - isPreserveResizeRatio: false
23:59:52.507 [FXGL Background Thread 3 ] DEBUG Engine               - isProfilingEnabled: false
23:59:52.507 [FXGL Background Thread 3 ] DEBUG Engine               - isScaleAffectedOnResize: true
23:59:52.507 [FXGL Background Thread 3 ] DEBUG Engine               - isSingleStep: false
23:59:52.507 [FXGL Background Thread 3 ] DEBUG Engine               - isUserProfileEnabled: false
23:59:52.507 [FXGL Background Thread 3 ] DEBUG Engine               - isWindows: false
23:59:52.507 [FXGL Background Thread 3 ] DEBUG Engine               - language: ObjectProperty [value: ENGLISH]
23:59:52.507 [FXGL Background Thread 3 ] DEBUG Engine               - menuKey: ESCAPE
23:59:52.507 [FXGL Background Thread 3 ] DEBUG Engine               - mouseSensitivity: 0.2
23:59:52.507 [FXGL Background Thread 3 ] DEBUG Engine               - notificationViewClass: class com.almasb.fxgl.notification.view.XboxNotificationView
23:59:52.507 [FXGL Background Thread 3 ] DEBUG Engine               - pixelsPerMeter: 50.0
23:59:52.507 [FXGL Background Thread 3 ] DEBUG Engine               - platform: MAC
23:59:52.507 [FXGL Background Thread 3 ] DEBUG Engine               - prefHeightProperty: ReadOnlyDoubleProperty [value: 800.0]
23:59:52.507 [FXGL Background Thread 3 ] DEBUG Engine               - prefWidthProperty: ReadOnlyDoubleProperty [value: 800.0]
23:59:52.508 [FXGL Background Thread 3 ] DEBUG Engine               - profileDir: profiles/
23:59:52.508 [FXGL Background Thread 3 ] DEBUG Engine               - profileName: StringProperty [value: DEFAULT]
23:59:52.508 [FXGL Background Thread 3 ] DEBUG Engine               - randomSeed: -1
23:59:52.508 [FXGL Background Thread 3 ] DEBUG Engine               - runtimeInfo: RuntimeInfo(platform=MAC, version=17, build=31.12.2021 18.16)
23:59:52.508 [FXGL Background Thread 3 ] DEBUG Engine               - saveFileExt: sav
23:59:52.508 [FXGL Background Thread 3 ] DEBUG Engine               - scaledHeightProp$fxgl: DoubleProperty [bound, value: 800.0]
23:59:52.508 [FXGL Background Thread 3 ] DEBUG Engine               - scaledWidthProp$fxgl: DoubleProperty [bound, value: 800.0]
23:59:52.508 [FXGL Background Thread 3 ] DEBUG Engine               - sceneFactory: com.almasb.fxgl.app.scene.SceneFactory@d123db9
23:59:52.508 [FXGL Background Thread 3 ] DEBUG Engine               - secondsIn24h: 60
23:59:52.508 [FXGL Background Thread 3 ] DEBUG Engine               - soundMenuBack: menu/back.wav
23:59:52.508 [FXGL Background Thread 3 ] DEBUG Engine               - soundMenuPress: menu/press.wav
23:59:52.508 [FXGL Background Thread 3 ] DEBUG Engine               - soundMenuSelect: menu/select.wav
23:59:52.508 [FXGL Background Thread 3 ] DEBUG Engine               - soundNotification: core/notification.wav
23:59:52.508 [FXGL Background Thread 3 ] DEBUG Engine               - stageStyle: DECORATED
23:59:52.509 [FXGL Background Thread 3 ] DEBUG Engine               - supportedLanguages: [ENGLISH, FRENCH, GERMAN, HUNGARIAN, RUSSIAN]
23:59:52.509 [FXGL Background Thread 3 ] DEBUG Engine               - ticksPerSecond: -1
23:59:52.509 [FXGL Background Thread 3 ] DEBUG Engine               - title: Zelda 2D Game
23:59:52.509 [FXGL Background Thread 3 ] DEBUG Engine               - urlGithub: https://github.com/AlmasB/FXGL
23:59:52.509 [FXGL Background Thread 3 ] DEBUG Engine               - urlLeaderboard: http://fxgl-top.herokuapp.com/
23:59:52.509 [FXGL Background Thread 3 ] DEBUG Engine               - urlPOM: https://raw.githubusercontent.com/AlmasB/FXGL/release/README.md
23:59:52.509 [FXGL Background Thread 3 ] DEBUG Engine               - userAppClass: class com.example.zeldapuzzle.MainGameApp
23:59:52.509 [FXGL Background Thread 3 ] DEBUG Engine               - version: 1
23:59:52.509 [FXGL Background Thread 3 ] DEBUG Engine               - versionCheckDays: 7
23:59:52.509 [FXGL Background Thread 3 ] DEBUG Engine               - width: 800
23:59:52.509 [FXGL Background Thread 3 ] DEBUG Engine               - Logging services
23:59:52.509 [FXGL Background Thread 3 ] DEBUG Engine               - class com.almasb.fxgl.app.services.FXGLAssetLoaderService
23:59:52.509 [FXGL Background Thread 3 ] DEBUG Engine               - class com.almasb.fxgl.app.FXGLApplication$GameApplicationService
23:59:52.509 [FXGL Background Thread 3 ] DEBUG Engine               - class com.almasb.fxgl.app.services.FXGLDialogService
23:59:52.509 [FXGL Background Thread 3 ] DEBUG Engine               - class com.almasb.fxgl.app.services.IOTaskExecutorService
23:59:52.509 [FXGL Background Thread 3 ] DEBUG Engine               - class com.almasb.fxgl.io.FileSystemService
23:59:52.509 [FXGL Background Thread 3 ] DEBUG Engine               - class com.almasb.fxgl.localization.LocalizationService
23:59:52.509 [FXGL Background Thread 3 ] DEBUG Engine               - class com.almasb.fxgl.app.services.SystemBundleService
23:59:52.509 [FXGL Background Thread 3 ] DEBUG Engine               - class com.almasb.fxgl.profile.SaveLoadService
23:59:52.509 [FXGL Background Thread 3 ] DEBUG Engine               - class com.almasb.fxgl.ui.FXGLUIFactoryServiceProvider
23:59:52.509 [FXGL Background Thread 3 ] DEBUG Engine               - class com.almasb.fxgl.ui.FXGLDialogFactoryServiceProvider
23:59:52.510 [FXGL Background Thread 3 ] DEBUG Engine               - class com.almasb.fxgl.audio.AudioPlayer
23:59:52.510 [FXGL Background Thread 3 ] DEBUG Engine               - class com.almasb.fxgl.notification.impl.NotificationServiceProvider
23:59:52.510 [FXGL Background Thread 3 ] DEBUG Engine               - class com.almasb.fxgl.achievement.AchievementService
23:59:52.510 [FXGL Background Thread 3 ] DEBUG Engine               - class com.almasb.fxgl.cutscene.CutsceneService
23:59:52.510 [FXGL Background Thread 3 ] DEBUG Engine               - class com.almasb.fxgl.minigames.MiniGameService
23:59:52.510 [FXGL Background Thread 3 ] DEBUG Engine               - class com.almasb.fxgl.net.NetService
23:59:52.510 [FXGL Background Thread 3 ] DEBUG Engine               - class com.almasb.fxgl.app.services.UpdaterService
23:59:52.510 [FXGL Background Thread 3 ] DEBUG Engine               - class com.almasb.fxgl.dev.DevService
23:59:57.712 [JavaFX Application Thread] WARN  TMXLevelLoader       - TiledMap generated from 1.10.2. Supported version: 1.2.3. Some features may not be parsed fully.
23:59:57.740 [JavaFX Application Thread] DEBUG TMXLevelLoader       - Parsed TiledMap: file:/Users/CHLaroche05/zelda/zeldaPuzzle/target/classes/assets/levels/leDongeon.tmx
23:59:57.740 [JavaFX Application Thread] DEBUG TMXLevelLoader       - Creating tile layer entities
23:59:57.740 [JavaFX Application Thread] DEBUG TilesetLoader        - Loading view for layer BG1
23:59:57.744 [JavaFX Application Thread] DEBUG TilesetLoader        - Created buffer with size 2400.0x800.0
23:59:57.768 [JavaFX Application Thread] DEBUG TilesetLoader        - Loading view for layer BG2
23:59:57.768 [JavaFX Application Thread] DEBUG TilesetLoader        - Created buffer with size 2400.0x800.0
23:59:57.778 [JavaFX Application Thread] DEBUG TilesetLoader        - Loading view for layer BG3
23:59:57.779 [JavaFX Application Thread] DEBUG TilesetLoader        - Created buffer with size 2400.0x800.0
23:59:57.790 [JavaFX Application Thread] DEBUG TilesetLoader        - Loading view for layer BG4a
23:59:57.790 [JavaFX Application Thread] DEBUG TilesetLoader        - Created buffer with size 2400.0x800.0
23:59:57.800 [JavaFX Application Thread] DEBUG TilesetLoader        - Loading view for layer BG4b
23:59:57.800 [JavaFX Application Thread] DEBUG TilesetLoader        - Created buffer with size 2400.0x800.0
23:59:57.810 [JavaFX Application Thread] DEBUG TilesetLoader        - Loading view for layer MainBuild2
23:59:57.811 [JavaFX Application Thread] DEBUG TilesetLoader        - Created buffer with size 2400.0x800.0
23:59:57.833 [JavaFX Application Thread] WARN  TilesetLoader        - Diagonally flipped tiles are not currently supported
23:59:57.833 [JavaFX Application Thread] WARN  TilesetLoader        - Diagonally flipped tiles are not currently supported
23:59:57.834 [JavaFX Application Thread] WARN  TilesetLoader        - Diagonally flipped tiles are not currently supported
23:59:57.834 [JavaFX Application Thread] WARN  TilesetLoader        - Diagonally flipped tiles are not currently supported
23:59:57.834 [JavaFX Application Thread] WARN  TilesetLoader        - Diagonally flipped tiles are not currently supported
23:59:57.834 [JavaFX Application Thread] WARN  TilesetLoader        - Diagonally flipped tiles are not currently supported
23:59:57.834 [JavaFX Application Thread] WARN  TilesetLoader        - Diagonally flipped tiles are not currently supported
23:59:57.834 [JavaFX Application Thread] WARN  TilesetLoader        - Diagonally flipped tiles are not currently supported
23:59:57.834 [JavaFX Application Thread] WARN  TilesetLoader        - Diagonally flipped tiles are not currently supported
23:59:57.834 [JavaFX Application Thread] WARN  TilesetLoader        - Diagonally flipped tiles are not currently supported
23:59:57.835 [JavaFX Application Thread] WARN  TilesetLoader        - Diagonally flipped tiles are not currently supported
23:59:57.835 [JavaFX Application Thread] WARN  TilesetLoader        - Diagonally flipped tiles are not currently supported
23:59:57.835 [JavaFX Application Thread] WARN  TilesetLoader        - Diagonally flipped tiles are not currently supported
23:59:57.835 [JavaFX Application Thread] WARN  TilesetLoader        - Diagonally flipped tiles are not currently supported
23:59:57.835 [JavaFX Application Thread] WARN  TilesetLoader        - Diagonally flipped tiles are not currently supported
23:59:57.835 [JavaFX Application Thread] DEBUG TilesetLoader        - Loading view for layer MainBuild3
23:59:57.836 [JavaFX Application Thread] DEBUG TilesetLoader        - Created buffer with size 2400.0x800.0
23:59:57.837 [JavaFX Application Thread] DEBUG TilesetLoader        - Loading view for layer MainBuild
23:59:57.838 [JavaFX Application Thread] DEBUG TilesetLoader        - Created buffer with size 2400.0x800.0
23:59:57.839 [JavaFX Application Thread] DEBUG TMXLevelLoader       - Creating object layer entities
23:59:57.848 [JavaFX Application Thread] DEBUG GameWorld            - Clearing removable entities
23:59:57.853 [JavaFX Application Thread] DEBUG GameWorld            - Setting level: com.almasb.fxgl.entity.level.Level@4dde31e1
23:59:57.860 [JavaFX Application Thread] WARN  GameWorld            - Entity is already attached to world
00:00:44.621 [JavaFX Application Thread] DEBUG FXGLApplication      - Exiting FXGL
00:00:44.622 [JavaFX Application Thread] DEBUG LoopRunner           - Stopping loop
00:00:44.622 [JavaFX Application Thread] DEBUG SystemBundleService  - Saving FXGL system data
00:00:44.624 [JavaFX Application Thread] DEBUG FileSystemAccess     - Writing to: /Users/CHLaroche05/zelda/zeldaPuzzle/system/fxgl.bundle
00:00:44.627 [JavaFX Application Thread] DEBUG Async                - Shutting down background threads
00:00:44.627 [JavaFX Application Thread] DEBUG PrimaryStageWindow   - Closing main window
00:00:44.635 [JavaFX Application Thread] DEBUG Logger               - Closing Logger
