22:35:29.893 [main                     ] DEBUG Logger               - Configured Logger
22:35:29.924 [main                     ] DEBUG GameApplication      - Logging settings
Title: Zelda 2D Game
Version: 1
Width: 800
Height: 800
Fullscreen: false
Intro: false
Profiling: false
Single step:false
App Mode: DEVELOPER
Menu Key: ESCAPE
Stage Style: DECORATED
Scene Factory: class com.almasb.fxgl.app.scene.SceneFactory

22:35:30.407 [JavaFX Application Thread] DEBUG FXGLApplication      - Initializing FXGL
22:35:30.411 [JavaFX Application Thread] INFO  Engine               - FXGL-21 (28.12.2023 13.35) on WINDOWS (J:21.0.2 FX:19)
22:35:30.412 [JavaFX Application Thread] DEBUG Engine               - JRE Vendor Name: Oracle Corporation
22:35:30.412 [JavaFX Application Thread] DEBUG Engine               - Running on OS: Windows 10 version 10.0
22:35:30.412 [JavaFX Application Thread] DEBUG Engine               - Architecture: amd64
22:35:30.412 [JavaFX Application Thread] INFO  Engine               - Source code and latest versions at: https://github.com/AlmasB/FXGL
22:35:30.412 [JavaFX Application Thread] INFO  Engine               -       Ask questions and discuss at: https://github.com/AlmasB/FXGL/discussions
22:35:30.413 [JavaFX Application Thread] INFO  Engine               -              Join the FXGL chat at: https://gitter.im/AlmasB/FXGL
22:35:30.507 [JavaFX Application Thread] DEBUG PrimaryStageWindow   - Creating a JavaFX scene
22:35:30.563 [JavaFX Application Thread] DEBUG PrimaryStageWindow   - Target settings size: 800.0 x 800.0
22:35:30.564 [JavaFX Application Thread] DEBUG PrimaryStageWindow   - Scaled scene size:    800.0 x 800.0
22:35:30.564 [JavaFX Application Thread] DEBUG PrimaryStageWindow   - Scaled ratio: (1.0, 1.0)
22:35:30.566 [JavaFX Application Thread] DEBUG PrimaryStageWindow   - Set initial scene to FXGLStartupScene
22:35:30.571 [JavaFX Application Thread] DEBUG PrimaryStageWindow   - Opening main window
22:35:30.669 [JavaFX Application Thread] DEBUG PrimaryStageWindow   - Window border size: (16.0, 39.0)
22:35:30.669 [JavaFX Application Thread] DEBUG PrimaryStageWindow   - Scaled size: 800.0 x 800.0
22:35:30.669 [JavaFX Application Thread] DEBUG PrimaryStageWindow   - Scaled ratio: (1.0, 1.0)
22:35:30.669 [JavaFX Application Thread] DEBUG PrimaryStageWindow   - Scene size: 800.0 x 800.0
22:35:30.670 [JavaFX Application Thread] DEBUG PrimaryStageWindow   - Stage size: 816.0 x 839.0
22:35:30.677 [FXGL Background Thread 1 ] DEBUG Engine               - Initializing environment variables
22:35:30.726 [FXGL Background Thread 1 ] DEBUG FXGLAssetLoaderServi - User app class for loading assets: class com.example.zeldapuzzle.MainGameApp
22:35:30.726 [FXGL Background Thread 1 ] DEBUG GameApplicationServi - Applying CSS: fxgl_dark.css
22:35:30.727 [FXGL Background Thread 1 ] DEBUG FXGLAssetLoaderServi - Loading from file system: jar:file:///C:/Users/mbour/.m2/repository/com/github/almasb/fxgl/21/fxgl-21.jar!/fxglassets/ui/css/fxgl_dark.css
22:35:30.780 [FXGL Background Thread 1 ] DEBUG GameApplicationServi - Initializing application scenes
22:35:30.817 [FXGL Background Thread 1 ] DEBUG GameWorld            - Game world initialized
22:35:30.885 [FXGL Background Thread 1 ] DEBUG PhysicsWorld         - Physics world initialized: appHeight=800, physics.ppm=50,0
22:35:30.886 [FXGL Background Thread 1 ] DEBUG PhysicsWorld         - Using strategy: BRUTE_FORCE
22:35:30.889 [FXGL Background Thread 1 ] DEBUG GameScene            - Game scene initialized: 800x800
22:35:30.901 [FXGL Background Thread 1 ] DEBUG FXGL.DefaultMenu     - createMenuBodyMainMenu()
22:35:30.915 [FXGL Background Thread 1 ] DEBUG FXGL.DefaultMenu     - createOptionsMenu()
22:35:30.926 [FXGL Background Thread 1 ] DEBUG FXGLAssetLoaderServi - Loading from file system: jar:file:///C:/Users/mbour/.m2/repository/com/github/almasb/fxgl/21/fxgl-21.jar!/fxglassets/textures/particles/smoke.png
22:35:31.009 [FXGL Background Thread 1 ] DEBUG FXGLAssetLoaderServi - Loading from file system: jar:file:///C:/Users/mbour/.m2/repository/com/github/almasb/fxgl/21/fxgl-21.jar!/fxglassets/textures/particles/trace_horizontal.png
22:35:31.039 [FXGL Background Thread 1 ] DEBUG FXGL.DefaultMenu     - createMenuBodyGameMenu()
22:35:31.040 [FXGL Background Thread 1 ] DEBUG FXGL.DefaultMenu     - createOptionsMenu()
22:35:31.056 [FXGL Background Thread 1 ] DEBUG GameApplicationServi - Application scenes initialized
22:35:31.068 [FXGL Background Thread 1 ] DEBUG SystemBundleService  - Loading FXGL system data
22:35:31.072 [FXGL Background Thread 1 ] DEBUG FileSystemAccess     - Reading from: C:\Users\mbour\OneDrive\Bureau\Zelda TOTK WINRAR\zeldaPuzzle\system\fxgl.bundle
22:35:31.083 [FXGL Background Thread 1 ] DEBUG SystemBundleService  - Bundle FXGL: {}
22:35:31.083 [FXGL Background Thread 1 ] DEBUG UpdaterService       - Checking for updates
22:35:31.087 [FXGL Background Thread 4 ] DEBUG FXGLApplication      - Loading fonts
22:35:31.088 [FXGL Background Thread 1 ] DEBUG FXGLApplication      - Loading default localization
22:35:31.088 [FXGL Background Thread 4 ] DEBUG FXGLAssetLoaderServi - Loading from file system: jar:file:///C:/Users/mbour/.m2/repository/com/github/almasb/fxgl/21/fxgl-21.jar!/fxglassets/ui/fonts/VarelaRound-Regular.ttf
22:35:31.089 [FXGL Background Thread 1 ] DEBUG FXGLAssetLoaderServi - Loading from file system: jar:file:///C:/Users/mbour/.m2/repository/com/github/almasb/fxgl/21/fxgl-21.jar!/fxglassets/languages/english.lang
22:35:31.112 [FXGL Background Thread 1 ] INFO  FXGLApplication      - FXGL initialization took: 0,436 sec
22:35:31.123 [JavaFX Application Thread] DEBUG Input                - Registered new binding: getPosition - P
22:35:31.124 [JavaFX Application Thread] DEBUG Input                - Registered new binding: zoom+ - Up
22:35:31.124 [JavaFX Application Thread] DEBUG Input                - Registered new binding: zoom- - Down
22:35:31.124 [JavaFX Application Thread] DEBUG Input                - Registered new binding: resetZoom - 0
22:35:31.124 [JavaFX Application Thread] DEBUG Input                - Registered new binding: Move right - D
22:35:31.125 [JavaFX Application Thread] DEBUG Input                - Registered new binding: Move left - A
22:35:31.125 [JavaFX Application Thread] DEBUG Input                - Registered new binding: Move Up - W
22:35:31.125 [JavaFX Application Thread] DEBUG Input                - Registered new binding: Move Down - S
22:35:31.125 [JavaFX Application Thread] DEBUG FXGLAssetLoaderServi - Loading from file system: jar:file:///C:/Users/mbour/.m2/repository/com/github/almasb/fxgl/21/fxgl-21.jar!/fxglassets/textures/fxgl_icon.png
22:35:31.128 [FXGL Background Thread 4 ] DEBUG FXGLAssetLoaderServi - Loading from file system: jar:file:///C:/Users/mbour/.m2/repository/com/github/almasb/fxgl/21/fxgl-21.jar!/fxglassets/ui/fonts/Abel-Regular.ttf
22:35:31.141 [FXGL Background Thread 4 ] DEBUG FXGLAssetLoaderServi - Loading from file system: jar:file:///C:/Users/mbour/.m2/repository/com/github/almasb/fxgl/21/fxgl-21.jar!/fxglassets/ui/fonts/TerminalLandMono-Regular.otf
22:35:31.149 [JavaFX Application Thread] DEBUG FXGLAssetLoaderServi - Loading from file system: jar:file:///C:/Users/mbour/.m2/repository/com/github/almasb/fxgl/21/fxgl-21.jar!/fxglassets/textures/fxgl_default_cursor.png
22:35:31.152 [JavaFX Application Thread] DEBUG Input                - Registered new binding: Screenshot - CTRL+8
22:35:31.152 [JavaFX Application Thread] DEBUG Input                - Registered new binding: System info dump - CTRL+9
22:35:31.152 [FXGL Background Thread 4 ] DEBUG FXGLAssetLoaderServi - Loading from file system: jar:file:///C:/Users/mbour/.m2/repository/com/github/almasb/fxgl/21/fxgl-21.jar!/fxglassets/ui/fonts/Courier-Prime.ttf
22:35:31.152 [JavaFX Application Thread] DEBUG Input                - Registered new binding: Restart - CTRL+R
22:35:31.153 [JavaFX Application Thread] DEBUG Input                - Registered new binding: Toggle Debug Camera - CTRL+7
22:35:31.157 [JavaFX Application Thread] DEBUG LoopRunner           - Starting loop
22:35:31.157 [JavaFX Application Thread] DEBUG LoopRunner           - Initializing JavaFX AnimationTimerLoop
22:35:31.161 [JavaFX Application Thread] DEBUG Input                - Clearing active input actions
22:35:31.172 [JavaFX Application Thread] DEBUG GameApplicationServi - Removing overlay from FXGLStartupScene and adding to FXGLMainMenuDummyScene
22:35:31.173 [JavaFX Application Thread] DEBUG PrimaryStageWindow   - FXGLStartupScene -> FXGLMainMenuDummyScene
22:35:31.173 [JavaFX Application Thread] DEBUG PrimaryStageWindow   - Push state: FXGLDefaultMenu
22:35:31.182 [JavaFX Application Thread] DEBUG Input                - Clearing active input actions
22:35:31.192 [JavaFX Application Thread] DEBUG GameApplicationServi - Removing overlay from FXGLMainMenuDummyScene and adding to FXGLDefaultMenu
22:35:31.192 [JavaFX Application Thread] DEBUG PrimaryStageWindow   - FXGLMainMenuDummyScene -> FXGLDefaultMenu
22:35:31.284 [JavaFX Application Thread] DEBUG FXGLApplication      - Registering font factories with UI factory
22:35:32.010 [JavaFX Application Thread] DEBUG Menu                 - fireNewGame()
22:35:32.010 [JavaFX Application Thread] DEBUG GameApplicationServi - Starting new game
22:35:32.012 [JavaFX Application Thread] DEBUG PrimaryStageWindow   - Pop state: FXGLDefaultMenu
22:35:32.012 [JavaFX Application Thread] DEBUG Input                - Clearing active input actions
22:35:32.013 [JavaFX Application Thread] DEBUG GameApplicationServi - Removing overlay from FXGLDefaultMenu and adding to FXGLMainMenuDummyScene
22:35:32.013 [JavaFX Application Thread] DEBUG PrimaryStageWindow   - FXGLMainMenuDummyScene <- FXGLDefaultMenu
22:35:32.014 [JavaFX Application Thread] DEBUG Input                - Clearing active input actions
22:35:32.024 [JavaFX Application Thread] DEBUG GameApplicationServi - Removing overlay from FXGLMainMenuDummyScene and adding to FXGLLoadingScene
22:35:32.024 [JavaFX Application Thread] DEBUG PrimaryStageWindow   - FXGLMainMenuDummyScene -> FXGLLoadingScene
22:35:32.024 [JavaFX Application Thread] DEBUG GameApplicationServi - Clearing previous game
22:35:32.024 [JavaFX Application Thread] DEBUG GameScene            - Clearing game scene
22:35:32.024 [JavaFX Application Thread] DEBUG GameWorld            - Clearing game world
22:35:32.025 [JavaFX Application Thread] DEBUG PhysicsWorld         - Clearing physics world
22:35:32.026 [FXGL Background Thread 2 ] DEBUG FXGLApplication      - Initializing game
22:35:32.036 [FXGL Background Thread 2 ] WARN  FXGLAssetLoaderServi - Asset "/assets/levels/tmx/level1.tmx" was not found!
22:35:32.048 [JavaFX Application Thread] DEBUG LoopRunner           - Stopping loop
22:35:32.050 [JavaFX Application Thread] FATAL FXGLApplication      - Uncaught Exception:
java.lang.RuntimeException: Initialization failed
	at com.almasb.fxgl.all@21/com.almasb.fxgl.app.FXGLApplication$InitAppTask.failed(FXGLApplication.kt:343)
	at javafx.graphics@19/javafx.concurrent.Task.setState(Task.java:710)
	at javafx.graphics@19/javafx.concurrent.Task$TaskCallable.lambda$call$2(Task.java:1456)
	at javafx.graphics@19/com.sun.javafx.application.PlatformImpl.lambda$runLater$10(PlatformImpl.java:457)
	at java.base/java.security.AccessController.doPrivileged(AccessController.java:400)
	at javafx.graphics@19/com.sun.javafx.application.PlatformImpl.lambda$runLater$11(PlatformImpl.java:456)
	at javafx.graphics@19/com.sun.glass.ui.InvokeLaterDispatcher$Future.run(InvokeLaterDispatcher.java:96)
	at javafx.graphics@19/com.sun.glass.ui.win.WinApplication._runLoop(Native Method)
	at javafx.graphics@19/com.sun.glass.ui.win.WinApplication.lambda$runLoop$3(WinApplication.java:184)
	at java.base/java.lang.Thread.run(Thread.java:1583)
Caused by: java.lang.IllegalArgumentException: Loading level failed. Asset not found: tmx/level1.tmx
	at com.almasb.fxgl.all@21/com.almasb.fxgl.app.services.FXGLAssetLoaderService.loadLevel(FXGLAssetLoaderService.kt:446)
	at com.almasb.fxgl.all@21/com.almasb.fxgl.dsl.FXGL$Companion.setLevelFromMap(FXGL.kt:643)
	at com.almasb.fxgl.all@21/com.almasb.fxgl.dsl.FXGL.setLevelFromMap(FXGL.kt)
	at com.example.zeldapuzzle/com.example.zeldapuzzle.MainGameApp.initGame(MainGameApp.java:114)
	at com.almasb.fxgl.all@21/com.almasb.fxgl.app.FXGLApplication$InitAppTask.initGame(FXGLApplication.kt:339)
	at com.almasb.fxgl.all@21/com.almasb.fxgl.app.FXGLApplication$InitAppTask.call(FXGLApplication.kt:319)
	at com.almasb.fxgl.all@21/com.almasb.fxgl.app.FXGLApplication$InitAppTask.call(FXGLApplication.kt:311)
	at javafx.graphics@19/javafx.concurrent.Task$TaskCallable.call(Task.java:1426)
	at java.base/java.util.concurrent.FutureTask.run(FutureTask.java:317)
	at java.base/java.util.concurrent.Executors$RunnableAdapter.call(Executors.java:572)
	at java.base/java.util.concurrent.FutureTask.run(FutureTask.java:317)
	at java.base/java.util.concurrent.ThreadPoolExecutor.runWorker(ThreadPoolExecutor.java:1144)
	at java.base/java.util.concurrent.ThreadPoolExecutor$Worker.run(ThreadPoolExecutor.java:642)
	... 1 more

22:35:32.050 [JavaFX Application Thread] FATAL FXGLApplication      - Application will now exit
22:35:32.067 [JavaFX Application Thread] DEBUG PrimaryStageWindow   - Push state: ErrorSubScene
22:35:32.067 [JavaFX Application Thread] DEBUG Input                - Clearing active input actions
22:35:32.069 [JavaFX Application Thread] DEBUG GameApplicationServi - Removing overlay from FXGLLoadingScene and adding to ErrorSubScene
22:35:32.070 [JavaFX Application Thread] DEBUG PrimaryStageWindow   - FXGLLoadingScene -> ErrorSubScene
22:35:33.729 [JavaFX Application Thread] DEBUG FXGLApplication      - Exiting FXGL
22:35:33.729 [JavaFX Application Thread] DEBUG Async                - Shutting down background threads
22:35:33.730 [JavaFX Application Thread] DEBUG PrimaryStageWindow   - Closing main window
22:35:33.741 [JavaFX Application Thread] DEBUG Logger               - Closing Logger
