11:19:05.059 [main                     ] DEBUG Logger               - Configured Logger
11:19:05.089 [main                     ] DEBUG GameApplication      - Logging settings
Title: Zelda 2D Game
Version: 1
Width: 800
Height: 800
Fullscreen: false
Intro: false
Profiling: false
Single step:false
App Mode: DEVELOPER
Menu Key: ESCAPE
Stage Style: DECORATED
Scene Factory: class com.almasb.fxgl.app.scene.SceneFactory

11:19:05.495 [JavaFX Application Thread] DEBUG FXGLApplication      - Initializing FXGL
11:19:05.500 [JavaFX Application Thread] INFO  Engine               - FXGL-17 (31.12.2021 18.16) on MAC (J:21.0.2 FX:19)
11:19:05.500 [JavaFX Application Thread] DEBUG Engine               - JRE Vendor Name: Oracle Corporation
11:19:05.500 [JavaFX Application Thread] DEBUG Engine               - Running on OS: Mac OS X version 12.5
11:19:05.500 [JavaFX Application Thread] DEBUG Engine               - Architecture: aarch64
11:19:05.500 [JavaFX Application Thread] INFO  Engine               - Source code and latest versions at: https://github.com/AlmasB/FXGL
11:19:05.501 [JavaFX Application Thread] INFO  Engine               -       Ask questions and discuss at: https://github.com/AlmasB/FXGL/discussions
11:19:05.501 [JavaFX Application Thread] INFO  Engine               -              Join the FXGL chat at: https://gitter.im/AlmasB/FXGL
11:19:05.602 [JavaFX Application Thread] DEBUG PrimaryStageWindow   - Creating a JavaFX scene
11:19:05.678 [JavaFX Application Thread] DEBUG PrimaryStageWindow   - Target settings size: 800.0 x 800.0
11:19:05.678 [JavaFX Application Thread] DEBUG PrimaryStageWindow   - Scaled scene size:    800.0 x 800.0
11:19:05.678 [JavaFX Application Thread] DEBUG PrimaryStageWindow   - Scaled ratio: (1.0, 1.0)
11:19:05.680 [JavaFX Application Thread] DEBUG PrimaryStageWindow   - Set initial scene to FXGLStartupScene
11:19:05.684 [JavaFX Application Thread] DEBUG PrimaryStageWindow   - Opening main window
11:19:05.875 [JavaFX Application Thread] DEBUG PrimaryStageWindow   - Window border size: (0.0, 28.0)
11:19:05.875 [JavaFX Application Thread] DEBUG PrimaryStageWindow   - Scaled size: 800.0 x 800.0
11:19:05.876 [JavaFX Application Thread] DEBUG PrimaryStageWindow   - Scaled ratio: (1.0, 1.0)
11:19:05.876 [JavaFX Application Thread] DEBUG PrimaryStageWindow   - Scene size: 800.0 x 800.0
11:19:05.876 [JavaFX Application Thread] DEBUG PrimaryStageWindow   - Stage size: 800.0 x 828.0
11:19:05.886 [FXGL Background Thread 1 ] DEBUG Engine               - Initializing environment variables
11:19:05.990 [FXGL Background Thread 1 ] DEBUG FXGLAssetLoaderServi - User app class for loading assets: class com.example.zeldapuzzle.MainGameApp
11:19:05.991 [FXGL Background Thread 1 ] DEBUG GameApplicationServi - Applying CSS: fxgl_dark.css
11:19:05.992 [FXGL Background Thread 1 ] DEBUG FXGLAssetLoaderServi - Loading from file system: jar:file:///Users/CHLaroche05/.m2/repository/com/github/almasb/fxgl/17/fxgl-17.jar!/fxglassets/ui/css/fxgl_dark.css
11:19:06.082 [FXGL Background Thread 1 ] DEBUG GameApplicationServi - Initializing application scenes
11:19:06.502 [FXGL Background Thread 1 ] DEBUG GameWorld            - Game world initialized
11:19:06.587 [FXGL Background Thread 1 ] DEBUG PhysicsWorld         - Physics world initialized: appHeight=800, physics.ppm=50.0
11:19:06.588 [FXGL Background Thread 1 ] DEBUG PhysicsWorld         - Using strategy: BRUTE_FORCE
11:19:06.592 [FXGL Background Thread 1 ] DEBUG GameScene            - Game scene initialized: 800x800
11:19:06.606 [FXGL Background Thread 1 ] DEBUG FXGL.DefaultMenu     - createMenuBodyMainMenu()
11:19:06.625 [FXGL Background Thread 1 ] DEBUG FXGL.DefaultMenu     - createOptionsMenu()
11:19:06.641 [FXGL Background Thread 1 ] DEBUG FXGLAssetLoaderServi - Loading from file system: jar:file:///Users/CHLaroche05/.m2/repository/com/github/almasb/fxgl/17/fxgl-17.jar!/fxglassets/textures/particles/smoke.png
11:19:06.761 [FXGL Background Thread 1 ] DEBUG FXGLAssetLoaderServi - Loading from file system: jar:file:///Users/CHLaroche05/.m2/repository/com/github/almasb/fxgl/17/fxgl-17.jar!/fxglassets/textures/particles/trace_horizontal.png
11:19:06.794 [FXGL Background Thread 1 ] DEBUG FXGL.DefaultMenu     - createMenuBodyGameMenu()
11:19:06.796 [FXGL Background Thread 1 ] DEBUG FXGL.DefaultMenu     - createOptionsMenu()
11:19:06.818 [FXGL Background Thread 1 ] DEBUG GameApplicationServi - Application scenes initialized
11:19:06.830 [FXGL Background Thread 1 ] DEBUG SystemBundleService  - Loading FXGL system data
11:19:06.835 [FXGL Background Thread 1 ] DEBUG FileSystemAccess     - Reading from: /Users/CHLaroche05/zelda/zeldaPuzzle/system/fxgl.bundle
11:19:06.846 [FXGL Background Thread 1 ] DEBUG SystemBundleService  - Bundle FXGL: {}
11:19:06.846 [FXGL Background Thread 1 ] DEBUG UpdaterService       - Checking for updates
11:19:06.850 [FXGL Background Thread 4 ] DEBUG FXGLApplication      - Loading fonts
11:19:06.851 [FXGL Background Thread 4 ] DEBUG FXGLAssetLoaderServi - Loading from file system: jar:file:///Users/CHLaroche05/.m2/repository/com/github/almasb/fxgl/17/fxgl-17.jar!/fxglassets/ui/fonts/VarelaRound-Regular.ttf
11:19:06.851 [FXGL Background Thread 1 ] DEBUG FXGLApplication      - Loading default localization
11:19:06.851 [FXGL Background Thread 1 ] DEBUG FXGLAssetLoaderServi - Loading from file system: jar:file:///Users/CHLaroche05/.m2/repository/com/github/almasb/fxgl/17/fxgl-17.jar!/fxglassets/languages/english.lang
11:19:06.866 [FXGL Background Thread 4 ] DEBUG FXGLAssetLoaderServi - Loading from file system: jar:file:///Users/CHLaroche05/.m2/repository/com/github/almasb/fxgl/17/fxgl-17.jar!/fxglassets/ui/fonts/Abel-Regular.ttf
11:19:06.870 [FXGL Background Thread 4 ] DEBUG FXGLAssetLoaderServi - Loading from file system: jar:file:///Users/CHLaroche05/.m2/repository/com/github/almasb/fxgl/17/fxgl-17.jar!/fxglassets/ui/fonts/TerminalLandMono-Regular.otf
11:19:06.870 [FXGL Background Thread 1 ] INFO  FXGLApplication      - FXGL initialization took: 0.985 sec
11:19:06.874 [FXGL Background Thread 4 ] DEBUG FXGLAssetLoaderServi - Loading from file system: jar:file:///Users/CHLaroche05/.m2/repository/com/github/almasb/fxgl/17/fxgl-17.jar!/fxglassets/ui/fonts/Courier-Prime.ttf
11:19:06.880 [JavaFX Application Thread] DEBUG Input                - Registered new binding: getPosition - P
11:19:06.880 [JavaFX Application Thread] DEBUG Input                - Registered new binding: zoom+ - Up
11:19:06.880 [JavaFX Application Thread] DEBUG Input                - Registered new binding: zoom- - Down
11:19:06.880 [JavaFX Application Thread] DEBUG Input                - Registered new binding: resetZoom - 0
11:19:06.880 [JavaFX Application Thread] DEBUG Input                - Registered new binding: Move right - D
11:19:06.880 [JavaFX Application Thread] DEBUG Input                - Registered new binding: Move left - A
11:19:06.880 [JavaFX Application Thread] DEBUG Input                - Registered new binding: Move Up - W
11:19:06.880 [JavaFX Application Thread] DEBUG Input                - Registered new binding: Move Down - S
11:19:06.881 [JavaFX Application Thread] DEBUG FXGLAssetLoaderServi - Loading from file system: jar:file:///Users/CHLaroche05/.m2/repository/com/github/almasb/fxgl/17/fxgl-17.jar!/fxglassets/textures/fxgl_icon.png
11:19:06.917 [JavaFX Application Thread] DEBUG FXGLAssetLoaderServi - Loading from file system: jar:file:///Users/CHLaroche05/.m2/repository/com/github/almasb/fxgl/17/fxgl-17.jar!/fxglassets/textures/fxgl_default_cursor.png
11:19:06.920 [JavaFX Application Thread] DEBUG Input                - Registered new binding: Screenshot - CTRL+8
11:19:06.920 [JavaFX Application Thread] DEBUG Input                - Registered new binding: System info dump - CTRL+9
11:19:06.920 [JavaFX Application Thread] DEBUG Input                - Registered new binding: Restart - CTRL+R
11:19:06.921 [JavaFX Application Thread] DEBUG Input                - Registered new binding: Toggle Debug Camera - CTRL+7
11:19:06.922 [JavaFX Application Thread] DEBUG LoopRunner           - Starting loop
11:19:06.923 [JavaFX Application Thread] DEBUG LoopRunner           - Initializing JavaFX AnimationTimerLoop
11:19:06.924 [JavaFX Application Thread] DEBUG Input                - Clearing active input actions
11:19:06.931 [JavaFX Application Thread] DEBUG GameApplicationServi - Removing overlay from FXGLStartupScene and adding to FXGLMainMenuDummyScene
11:19:06.932 [JavaFX Application Thread] DEBUG PrimaryStageWindow   - FXGLStartupScene -> FXGLMainMenuDummyScene
11:19:06.932 [JavaFX Application Thread] DEBUG PrimaryStageWindow   - Push state: FXGLDefaultMenu
11:19:06.935 [JavaFX Application Thread] DEBUG Input                - Clearing active input actions
11:19:06.942 [JavaFX Application Thread] DEBUG GameApplicationServi - Removing overlay from FXGLMainMenuDummyScene and adding to FXGLDefaultMenu
11:19:06.943 [JavaFX Application Thread] DEBUG PrimaryStageWindow   - FXGLMainMenuDummyScene -> FXGLDefaultMenu
11:19:06.964 [JavaFX Application Thread] DEBUG FXGLApplication      - Registering font factories with UI factory
11:19:07.313 [FXGL Background Thread 2 ] INFO  UpdaterService       - Your current version:  17
11:19:07.313 [FXGL Background Thread 2 ] INFO  UpdaterService       - Latest stable version: 21
11:19:07.984 [JavaFX Application Thread] DEBUG Menu                 - fireNewGame()
11:19:07.984 [JavaFX Application Thread] DEBUG GameApplicationServi - Starting new game
11:19:07.985 [JavaFX Application Thread] DEBUG PrimaryStageWindow   - Pop state: FXGLDefaultMenu
11:19:07.985 [JavaFX Application Thread] DEBUG Input                - Clearing active input actions
11:19:07.986 [JavaFX Application Thread] DEBUG GameApplicationServi - Removing overlay from FXGLDefaultMenu and adding to FXGLMainMenuDummyScene
11:19:07.986 [JavaFX Application Thread] DEBUG PrimaryStageWindow   - FXGLMainMenuDummyScene <- FXGLDefaultMenu
11:19:07.986 [JavaFX Application Thread] DEBUG Input                - Clearing active input actions
11:19:07.992 [JavaFX Application Thread] DEBUG GameApplicationServi - Removing overlay from FXGLMainMenuDummyScene and adding to FXGLLoadingScene
11:19:07.992 [JavaFX Application Thread] DEBUG PrimaryStageWindow   - FXGLMainMenuDummyScene -> FXGLLoadingScene
11:19:07.992 [JavaFX Application Thread] DEBUG GameApplicationServi - Clearing previous game
11:19:07.992 [JavaFX Application Thread] DEBUG GameScene            - Clearing game scene
11:19:07.992 [JavaFX Application Thread] DEBUG GameWorld            - Clearing game world
11:19:07.992 [JavaFX Application Thread] DEBUG PhysicsWorld         - Clearing physics world
11:19:07.993 [FXGL Background Thread 2 ] DEBUG FXGLApplication      - Initializing game
11:19:08.115 [FXGL Background Thread 2 ] WARN  GameWorld            - Entity is already attached to world
11:19:08.128 [FXGL Background Thread 2 ] WARN  GameWorld            - Entity is already attached to world
11:19:08.138 [FXGL Background Thread 2 ] WARN  GameWorld            - Entity is already attached to world
11:19:08.138 [FXGL Background Thread 2 ] INFO  FXGLApplication      - Game initialization took: 0.145 sec
11:19:08.139 [JavaFX Application Thread] DEBUG Input                - Clearing active input actions
11:19:08.142 [JavaFX Application Thread] DEBUG GameApplicationServi - Removing overlay from FXGLLoadingScene and adding to GameScene
11:19:08.143 [JavaFX Application Thread] DEBUG PrimaryStageWindow   - FXGLLoadingScene -> GameScene
11:19:09.851 [FXGL Background Thread 3 ] DEBUG Engine               - Logging environment variables
11:19:09.853 [FXGL Background Thread 3 ] DEBUG Engine               - achievements: []
11:19:09.853 [FXGL Background Thread 3 ] DEBUG Engine               - actualHeight: 800.0
11:19:09.853 [FXGL Background Thread 3 ] DEBUG Engine               - actualHeightProperty: ReadOnlyDoubleProperty [value: 800.0]
11:19:09.853 [FXGL Background Thread 3 ] DEBUG Engine               - actualWidth: 800.0
11:19:09.853 [FXGL Background Thread 3 ] DEBUG Engine               - actualWidthProperty: ReadOnlyDoubleProperty [value: 800.0]
11:19:09.853 [FXGL Background Thread 3 ] DEBUG Engine               - appIcon: fxgl_icon.png
11:19:09.853 [FXGL Background Thread 3 ] DEBUG Engine               - applicationMode: DEVELOPER
11:19:09.854 [FXGL Background Thread 3 ] DEBUG Engine               - cSSList: [fxgl_dark.css]
11:19:09.854 [FXGL Background Thread 3 ] DEBUG Engine               - collisionDetectionStrategy: BRUTE_FORCE
11:19:09.854 [FXGL Background Thread 3 ] DEBUG Engine               - configClass: Optional.empty
11:19:09.854 [FXGL Background Thread 3 ] DEBUG Engine               - credits: []
11:19:09.855 [FXGL Background Thread 3 ] DEBUG Engine               - defaultCursor: CursorInfo(imageName=fxgl_default_cursor.png, hotspotX=7.0, hotspotY=6.0)
11:19:09.855 [FXGL Background Thread 3 ] DEBUG Engine               - devBBoxColorProperty: ObjectProperty [value: 0xff0000ff]
11:19:09.855 [FXGL Background Thread 3 ] DEBUG Engine               - devEnableDebugCameraProperty: BooleanProperty [value: false]
11:19:09.855 [FXGL Background Thread 3 ] DEBUG Engine               - devSensorColorProperty: ObjectProperty [value: 0xffff00ff]
11:19:09.855 [FXGL Background Thread 3 ] DEBUG Engine               - devShowBBoxProperty: BooleanProperty [value: false]
11:19:09.855 [FXGL Background Thread 3 ] DEBUG Engine               - devShowPositionProperty: BooleanProperty [value: false]
11:19:09.856 [FXGL Background Thread 3 ] DEBUG Engine               - enabledMenuItems: []
11:19:09.856 [FXGL Background Thread 3 ] DEBUG Engine               - engineServices: [class com.almasb.fxgl.app.services.FXGLAssetLoaderService, class com.almasb.fxgl.app.FXGLApplication$GameApplicationService, class com.almasb.fxgl.app.services.FXGLDialogService, class com.almasb.fxgl.app.services.IOTaskExecutorService, class com.almasb.fxgl.io.FileSystemService, class com.almasb.fxgl.localization.LocalizationService, class com.almasb.fxgl.app.services.SystemBundleService, class com.almasb.fxgl.profile.SaveLoadService, class com.almasb.fxgl.ui.FXGLUIFactoryServiceProvider, class com.almasb.fxgl.ui.FXGLDialogFactoryServiceProvider, class com.almasb.fxgl.audio.AudioPlayer, class com.almasb.fxgl.notification.impl.NotificationServiceProvider, class com.almasb.fxgl.achievement.AchievementService, class com.almasb.fxgl.cutscene.CutsceneService, class com.almasb.fxgl.minigames.MiniGameService, class com.almasb.fxgl.net.NetService, class com.almasb.fxgl.app.services.UpdaterService, class com.almasb.fxgl.dev.DevService]
11:19:09.856 [FXGL Background Thread 3 ] DEBUG Engine               - fontGame: Abel-Regular.ttf
11:19:09.856 [FXGL Background Thread 3 ] DEBUG Engine               - fontMono: TerminalLandMono-Regular.otf
11:19:09.856 [FXGL Background Thread 3 ] DEBUG Engine               - fontText: Courier-Prime.ttf
11:19:09.856 [FXGL Background Thread 3 ] DEBUG Engine               - fontUI: VarelaRound-Regular.ttf
11:19:09.856 [FXGL Background Thread 3 ] DEBUG Engine               - fullScreen: BooleanProperty [value: false]
11:19:09.856 [FXGL Background Thread 3 ] DEBUG Engine               - gameDifficulty: MEDIUM
11:19:09.856 [FXGL Background Thread 3 ] DEBUG Engine               - gameDifficultyProperty: ObjectProperty [value: MEDIUM]
11:19:09.856 [FXGL Background Thread 3 ] DEBUG Engine               - globalMusicVolume: 0.5
11:19:09.856 [FXGL Background Thread 3 ] DEBUG Engine               - globalMusicVolumeProperty: DoubleProperty [value: 0.5]
11:19:09.856 [FXGL Background Thread 3 ] DEBUG Engine               - globalSoundVolume: 0.5
11:19:09.857 [FXGL Background Thread 3 ] DEBUG Engine               - globalSoundVolumeProperty: DoubleProperty [value: 0.5]
11:19:09.857 [FXGL Background Thread 3 ] DEBUG Engine               - height: 800
11:19:09.857 [FXGL Background Thread 3 ] DEBUG Engine               - is3D: false
11:19:09.857 [FXGL Background Thread 3 ] DEBUG Engine               - isAndroid: false
11:19:09.857 [FXGL Background Thread 3 ] DEBUG Engine               - isBrowser: false
11:19:09.857 [FXGL Background Thread 3 ] DEBUG Engine               - isClickFeedbackEnabled: false
11:19:09.857 [FXGL Background Thread 3 ] DEBUG Engine               - isCloseConfirmation: false
11:19:09.857 [FXGL Background Thread 3 ] DEBUG Engine               - isDesktop: true
11:19:09.857 [FXGL Background Thread 3 ] DEBUG Engine               - isDeveloperMenuEnabled: false
11:19:09.857 [FXGL Background Thread 3 ] DEBUG Engine               - isEmbedded: false
11:19:09.858 [FXGL Background Thread 3 ] DEBUG Engine               - isEntityPreloadEnabled: true
11:19:09.858 [FXGL Background Thread 3 ] DEBUG Engine               - isExperimentalTiledLargeMap: false
11:19:09.858 [FXGL Background Thread 3 ] DEBUG Engine               - isFileSystemWriteAllowed: true
11:19:09.858 [FXGL Background Thread 3 ] DEBUG Engine               - isFullScreenAllowed: false
11:19:09.858 [FXGL Background Thread 3 ] DEBUG Engine               - isFullScreenFromStart: false
11:19:09.858 [FXGL Background Thread 3 ] DEBUG Engine               - isGameMenuEnabled: true
11:19:09.858 [FXGL Background Thread 3 ] DEBUG Engine               - isIOS: false
11:19:09.858 [FXGL Background Thread 3 ] DEBUG Engine               - isIntroEnabled: false
11:19:09.858 [FXGL Background Thread 3 ] DEBUG Engine               - isLinux: false
11:19:09.858 [FXGL Background Thread 3 ] DEBUG Engine               - isMac: true
11:19:09.858 [FXGL Background Thread 3 ] DEBUG Engine               - isMainMenuEnabled: true
11:19:09.858 [FXGL Background Thread 3 ] DEBUG Engine               - isManualResizeEnabled: false
11:19:09.858 [FXGL Background Thread 3 ] DEBUG Engine               - isMobile: false
11:19:09.858 [FXGL Background Thread 3 ] DEBUG Engine               - isNative: false
11:19:09.859 [FXGL Background Thread 3 ] DEBUG Engine               - isPauseMusicWhenMinimized: true
11:19:09.859 [FXGL Background Thread 3 ] DEBUG Engine               - isPreserveResizeRatio: false
11:19:09.859 [FXGL Background Thread 3 ] DEBUG Engine               - isProfilingEnabled: false
11:19:09.859 [FXGL Background Thread 3 ] DEBUG Engine               - isScaleAffectedOnResize: true
11:19:09.859 [FXGL Background Thread 3 ] DEBUG Engine               - isSingleStep: false
11:19:09.859 [FXGL Background Thread 3 ] DEBUG Engine               - isUserProfileEnabled: false
11:19:09.859 [FXGL Background Thread 3 ] DEBUG Engine               - isWindows: false
11:19:09.859 [FXGL Background Thread 3 ] DEBUG Engine               - language: ObjectProperty [value: ENGLISH]
11:19:09.859 [FXGL Background Thread 3 ] DEBUG Engine               - menuKey: ESCAPE
11:19:09.859 [FXGL Background Thread 3 ] DEBUG Engine               - mouseSensitivity: 0.2
11:19:09.859 [FXGL Background Thread 3 ] DEBUG Engine               - notificationViewClass: class com.almasb.fxgl.notification.view.XboxNotificationView
11:19:09.859 [FXGL Background Thread 3 ] DEBUG Engine               - pixelsPerMeter: 50.0
11:19:09.859 [FXGL Background Thread 3 ] DEBUG Engine               - platform: MAC
11:19:09.859 [FXGL Background Thread 3 ] DEBUG Engine               - prefHeightProperty: ReadOnlyDoubleProperty [value: 800.0]
11:19:09.860 [FXGL Background Thread 3 ] DEBUG Engine               - prefWidthProperty: ReadOnlyDoubleProperty [value: 800.0]
11:19:09.860 [FXGL Background Thread 3 ] DEBUG Engine               - profileDir: profiles/
11:19:09.860 [FXGL Background Thread 3 ] DEBUG Engine               - profileName: StringProperty [value: DEFAULT]
11:19:09.860 [FXGL Background Thread 3 ] DEBUG Engine               - randomSeed: -1
11:19:09.860 [FXGL Background Thread 3 ] DEBUG Engine               - runtimeInfo: RuntimeInfo(platform=MAC, version=17, build=31.12.2021 18.16)
11:19:09.860 [FXGL Background Thread 3 ] DEBUG Engine               - saveFileExt: sav
11:19:09.860 [FXGL Background Thread 3 ] DEBUG Engine               - scaledHeightProp$fxgl: DoubleProperty [bound, value: 800.0]
11:19:09.861 [FXGL Background Thread 3 ] DEBUG Engine               - scaledWidthProp$fxgl: DoubleProperty [bound, value: 800.0]
11:19:09.861 [FXGL Background Thread 3 ] DEBUG Engine               - sceneFactory: com.almasb.fxgl.app.scene.SceneFactory@7a7c9a35
11:19:09.861 [FXGL Background Thread 3 ] DEBUG Engine               - secondsIn24h: 60
11:19:09.861 [FXGL Background Thread 3 ] DEBUG Engine               - soundMenuBack: menu/back.wav
11:19:09.861 [FXGL Background Thread 3 ] DEBUG Engine               - soundMenuPress: menu/press.wav
11:19:09.861 [FXGL Background Thread 3 ] DEBUG Engine               - soundMenuSelect: menu/select.wav
11:19:09.861 [FXGL Background Thread 3 ] DEBUG Engine               - soundNotification: core/notification.wav
11:19:09.861 [FXGL Background Thread 3 ] DEBUG Engine               - stageStyle: DECORATED
11:19:09.861 [FXGL Background Thread 3 ] DEBUG Engine               - supportedLanguages: [ENGLISH, FRENCH, GERMAN, HUNGARIAN, RUSSIAN]
11:19:09.861 [FXGL Background Thread 3 ] DEBUG Engine               - ticksPerSecond: -1
11:19:09.861 [FXGL Background Thread 3 ] DEBUG Engine               - title: Zelda 2D Game
11:19:09.861 [FXGL Background Thread 3 ] DEBUG Engine               - urlGithub: https://github.com/AlmasB/FXGL
11:19:09.861 [FXGL Background Thread 3 ] DEBUG Engine               - urlLeaderboard: http://fxgl-top.herokuapp.com/
11:19:09.861 [FXGL Background Thread 3 ] DEBUG Engine               - urlPOM: https://raw.githubusercontent.com/AlmasB/FXGL/release/README.md
11:19:09.861 [FXGL Background Thread 3 ] DEBUG Engine               - userAppClass: class com.example.zeldapuzzle.MainGameApp
11:19:09.861 [FXGL Background Thread 3 ] DEBUG Engine               - version: 1
11:19:09.861 [FXGL Background Thread 3 ] DEBUG Engine               - versionCheckDays: 7
11:19:09.861 [FXGL Background Thread 3 ] DEBUG Engine               - width: 800
11:19:09.862 [FXGL Background Thread 3 ] DEBUG Engine               - Logging services
11:19:09.862 [FXGL Background Thread 3 ] DEBUG Engine               - class com.almasb.fxgl.app.services.FXGLAssetLoaderService
11:19:09.862 [FXGL Background Thread 3 ] DEBUG Engine               - class com.almasb.fxgl.app.FXGLApplication$GameApplicationService
11:19:09.862 [FXGL Background Thread 3 ] DEBUG Engine               - class com.almasb.fxgl.app.services.FXGLDialogService
11:19:09.862 [FXGL Background Thread 3 ] DEBUG Engine               - class com.almasb.fxgl.app.services.IOTaskExecutorService
11:19:09.862 [FXGL Background Thread 3 ] DEBUG Engine               - class com.almasb.fxgl.io.FileSystemService
11:19:09.862 [FXGL Background Thread 3 ] DEBUG Engine               - class com.almasb.fxgl.localization.LocalizationService
11:19:09.862 [FXGL Background Thread 3 ] DEBUG Engine               - class com.almasb.fxgl.app.services.SystemBundleService
11:19:09.862 [FXGL Background Thread 3 ] DEBUG Engine               - class com.almasb.fxgl.profile.SaveLoadService
11:19:09.862 [FXGL Background Thread 3 ] DEBUG Engine               - class com.almasb.fxgl.ui.FXGLUIFactoryServiceProvider
11:19:09.862 [FXGL Background Thread 3 ] DEBUG Engine               - class com.almasb.fxgl.ui.FXGLDialogFactoryServiceProvider
11:19:09.862 [FXGL Background Thread 3 ] DEBUG Engine               - class com.almasb.fxgl.audio.AudioPlayer
11:19:09.862 [FXGL Background Thread 3 ] DEBUG Engine               - class com.almasb.fxgl.notification.impl.NotificationServiceProvider
11:19:09.862 [FXGL Background Thread 3 ] DEBUG Engine               - class com.almasb.fxgl.achievement.AchievementService
11:19:09.862 [FXGL Background Thread 3 ] DEBUG Engine               - class com.almasb.fxgl.cutscene.CutsceneService
11:19:09.862 [FXGL Background Thread 3 ] DEBUG Engine               - class com.almasb.fxgl.minigames.MiniGameService
11:19:09.862 [FXGL Background Thread 3 ] DEBUG Engine               - class com.almasb.fxgl.net.NetService
11:19:09.862 [FXGL Background Thread 3 ] DEBUG Engine               - class com.almasb.fxgl.app.services.UpdaterService
11:19:09.862 [FXGL Background Thread 3 ] DEBUG Engine               - class com.almasb.fxgl.dev.DevService
11:19:12.218 [JavaFX Application Thread] WARN  GameWorld            - Attempted to remove entity which is not active
11:19:12.221 [JavaFX Application Thread] DEBUG LoopRunner           - Stopping loop
11:19:12.223 [JavaFX Application Thread] FATAL FXGLApplication      - Uncaught Exception:
java.io.FileNotFoundException: src/main/resources/assets/textures/dongeon.png (No such file or directory)
	at java.base/java.io.FileInputStream.open0(Native Method)
	at java.base/java.io.FileInputStream.open(FileInputStream.java:213)
	at java.base/java.io.FileInputStream.<init>(FileInputStream.java:152)
	at java.base/java.io.FileInputStream.<init>(FileInputStream.java:106)
	at com.example.zeldapuzzle/com.example.zeldapuzzle.GameEntityFactory.dungeon(GameEntityFactory.java:95)
	at java.base/jdk.internal.reflect.DirectMethodHandleAccessor.invoke(DirectMethodHandleAccessor.java:103)
	at java.base/java.lang.reflect.Method.invoke(Method.java:580)
	at com.almasb.fxgl.core@17/com.almasb.fxgl.core.reflect.ReflectionUtils.call(ReflectionUtils.java:104)
	at com.almasb.fxgl.core@17/com.almasb.fxgl.core.reflect.ReflectionUtils.lambda$mapToFunction$3(ReflectionUtils.java:111)
	at com.almasb.fxgl.entity@17/com.almasb.fxgl.entity.GameWorld$create$2.invoke(GameWorld.kt:430)
	at com.almasb.fxgl.entity@17/com.almasb.fxgl.entity.GameWorld$create$2.invoke(GameWorld.kt:430)
	at com.almasb.fxgl.core@17/com.almasb.fxgl.core.util.DSLKt.tryCatchRoot(DSL.kt:34)
	at com.almasb.fxgl.entity@17/com.almasb.fxgl.entity.GameWorld.create(GameWorld.kt:430)
	at com.almasb.fxgl.entity@17/com.almasb.fxgl.entity.GameWorld.spawn(GameWorld.kt:396)
	at com.almasb.fxgl.entity@17/com.almasb.fxgl.entity.GameWorld.spawn(GameWorld.kt:384)
	at com.almasb.fxgl.entity@17/com.almasb.fxgl.entity.GameWorld.spawn(GameWorld.kt:359)
	at com.almasb.fxgl.all@17/com.almasb.fxgl.dsl.FXGL$Companion.spawn(FXGL.kt:451)
	at com.almasb.fxgl.all@17/com.almasb.fxgl.dsl.FXGL.spawn(FXGL.kt)
	at com.example.zeldapuzzle/com.example.zeldapuzzle.MainGameApp$9.onCollisionBegin(MainGameApp.java:135)
	at com.almasb.fxgl.entity@17/com.almasb.fxgl.physics.CollisionPair.collisionBegin(CollisionPair.java:37)
	at com.almasb.fxgl.entity@17/com.almasb.fxgl.physics.PhysicsWorld.collisionBeginFor(PhysicsWorld.java:453)
	at com.almasb.fxgl.entity@17/com.almasb.fxgl.physics.PhysicsWorld.checkCollisionsInGroup(PhysicsWorld.java:405)
	at com.almasb.fxgl.entity@17/com.almasb.fxgl.physics.PhysicsWorld.checkCollisions(PhysicsWorld.java:373)
	at com.almasb.fxgl.entity@17/com.almasb.fxgl.physics.PhysicsWorld.onUpdate(PhysicsWorld.java:179)
	at com.almasb.fxgl.all@17/com.almasb.fxgl.app.scene.GameScene.step(GameScene.kt:225)
	at com.almasb.fxgl.all@17/com.almasb.fxgl.app.scene.GameScene.onUpdate(GameScene.kt:220)
	at com.almasb.fxgl.scene@17/com.almasb.fxgl.scene.Scene.update(Scene.kt:105)
	at com.almasb.fxgl.all@17/com.almasb.fxgl.app.MainWindow$update$1.invoke(MainWindow.kt:115)
	at com.almasb.fxgl.all@17/com.almasb.fxgl.app.MainWindow$update$1.invoke(MainWindow.kt:115)
	at com.almasb.fxgl.core@17/com.almasb.fxgl.core.fsm.StateMachine.runOnActiveStates(StateMachine.kt:69)
	at com.almasb.fxgl.all@17/com.almasb.fxgl.app.MainWindow.update(MainWindow.kt:115)
	at com.almasb.fxgl.all@17/com.almasb.fxgl.app.FXGLApplication$GameApplicationService.onUpdate(FXGLApplication.kt:426)
	at com.almasb.fxgl.all@17/com.almasb.fxgl.app.Engine.loop(Engine.kt:134)
	at com.almasb.fxgl.all@17/com.almasb.fxgl.app.Engine.access$loop(Engine.kt:24)
	at com.almasb.fxgl.all@17/com.almasb.fxgl.app.Engine$loop$1.invoke(Engine.kt:28)
	at com.almasb.fxgl.all@17/com.almasb.fxgl.app.Engine$loop$1.invoke(Engine.kt:28)
	at com.almasb.fxgl.all@17/com.almasb.fxgl.app.LoopRunner.frame(LoopRunner.kt:103)
	at com.almasb.fxgl.all@17/com.almasb.fxgl.app.LoopRunner.access$frame(LoopRunner.kt:23)
	at com.almasb.fxgl.all@17/com.almasb.fxgl.app.LoopRunner$impl$2$1.onTick(LoopRunner.kt:57)
	at com.almasb.fxgl.all@17/com.almasb.fxgl.app.AnimationTimerLoop$timer$1.handle(LoopRunner.kt:137)
	at javafx.graphics@19/javafx.animation.AnimationTimer$AnimationTimerReceiver.lambda$handle$0(AnimationTimer.java:58)
	at java.base/java.security.AccessController.doPrivileged(AccessController.java:400)
	at javafx.graphics@19/javafx.animation.AnimationTimer$AnimationTimerReceiver.handle(AnimationTimer.java:57)
	at javafx.graphics@19/com.sun.scenario.animation.AbstractPrimaryTimer.timePulseImpl(AbstractPrimaryTimer.java:356)
	at javafx.graphics@19/com.sun.scenario.animation.AbstractPrimaryTimer$MainLoop.run(AbstractPrimaryTimer.java:266)
	at javafx.graphics@19/com.sun.javafx.tk.quantum.QuantumToolkit.pulse(QuantumToolkit.java:571)
	at javafx.graphics@19/com.sun.javafx.tk.quantum.QuantumToolkit.pulse(QuantumToolkit.java:555)
	at javafx.graphics@19/com.sun.javafx.tk.quantum.QuantumToolkit.pulseFromQueue(QuantumToolkit.java:548)
	at javafx.graphics@19/com.sun.javafx.tk.quantum.QuantumToolkit.lambda$runToolkit$11(QuantumToolkit.java:352)
	at javafx.graphics@19/com.sun.glass.ui.InvokeLaterDispatcher$Future.run(InvokeLaterDispatcher.java:96)

11:19:12.223 [JavaFX Application Thread] FATAL FXGLApplication      - Application will now exit
11:19:12.240 [JavaFX Application Thread] DEBUG PrimaryStageWindow   - Push state: ErrorSubScene
11:19:12.240 [JavaFX Application Thread] DEBUG Input                - Clearing active input actions
11:19:12.242 [JavaFX Application Thread] DEBUG GameApplicationServi - Removing overlay from GameScene and adding to ErrorSubScene
11:19:12.242 [JavaFX Application Thread] DEBUG PrimaryStageWindow   - GameScene -> ErrorSubScene
11:19:22.096 [JavaFX Application Thread] DEBUG FXGLApplication      - Exiting FXGL
11:19:22.096 [JavaFX Application Thread] DEBUG Async                - Shutting down background threads
11:19:22.096 [JavaFX Application Thread] DEBUG PrimaryStageWindow   - Closing main window
11:19:22.101 [JavaFX Application Thread] DEBUG Logger               - Closing Logger
