17:47:11.979 [main                     ] DEBUG Logger               - Configured Logger
17:47:11.994 [main                     ] DEBUG GameApplication      - Logging settings
Title: Zelda 2D Game par ماستن
Version: 1
Width: 800
Height: 800
Fullscreen: true
Intro: false
Profiling: false
Single step:false
App Mode: DEVELOPER
Menu Key: ESCAPE
Stage Style: DECORATED
Scene Factory: class com.almasb.fxgl.app.scene.SceneFactory

17:47:12.123 [JavaFX Application Thread] DEBUG FXGLApplication      - Initializing FXGL
17:47:12.127 [JavaFX Application Thread] INFO  Engine               - FXGL-17 (31.12.2021 18.16) on WINDOWS (J:21.0.2 FX:19)
17:47:12.127 [JavaFX Application Thread] DEBUG Engine               - JRE Vendor Name: Oracle Corporation
17:47:12.128 [JavaFX Application Thread] DEBUG Engine               - Running on OS: Windows 10 version 10.0
17:47:12.128 [JavaFX Application Thread] DEBUG Engine               - Architecture: amd64
17:47:12.128 [JavaFX Application Thread] INFO  Engine               - Source code and latest versions at: https://github.com/AlmasB/FXGL
17:47:12.128 [JavaFX Application Thread] INFO  Engine               -       Ask questions and discuss at: https://github.com/AlmasB/FXGL/discussions
17:47:12.128 [JavaFX Application Thread] INFO  Engine               -              Join the FXGL chat at: https://gitter.im/AlmasB/FXGL
17:47:12.197 [JavaFX Application Thread] DEBUG PrimaryStageWindow   - Creating a JavaFX scene
17:47:12.242 [JavaFX Application Thread] DEBUG PrimaryStageWindow   - Target settings size: 800.0 x 800.0
17:47:12.242 [JavaFX Application Thread] DEBUG PrimaryStageWindow   - Scaled scene size:    800.0 x 800.0
17:47:12.242 [JavaFX Application Thread] DEBUG PrimaryStageWindow   - Scaled ratio: (1.0, 1.0)
17:47:12.243 [JavaFX Application Thread] DEBUG PrimaryStageWindow   - Set initial scene to FXGLStartupScene
17:47:12.247 [JavaFX Application Thread] DEBUG PrimaryStageWindow   - Opening main window
17:47:12.333 [JavaFX Application Thread] DEBUG PrimaryStageWindow   - Window border size: (16.0, 39.0)
17:47:12.333 [JavaFX Application Thread] DEBUG PrimaryStageWindow   - Scaled size: 800.0 x 800.0
17:47:12.333 [JavaFX Application Thread] DEBUG PrimaryStageWindow   - Scaled ratio: (1.0, 1.0)
17:47:12.333 [JavaFX Application Thread] DEBUG PrimaryStageWindow   - Scene size: 800.0 x 800.0
17:47:12.334 [JavaFX Application Thread] DEBUG PrimaryStageWindow   - Stage size: 816.0 x 839.0
17:47:12.340 [FXGL Background Thread 1 ] DEBUG Engine               - Initializing environment variables
17:47:12.383 [FXGL Background Thread 1 ] DEBUG FXGLAssetLoaderServi - User app class for loading assets: class com.example.zeldapuzzle.MainGameApp
17:47:12.383 [FXGL Background Thread 1 ] DEBUG GameApplicationServi - Applying CSS: fxgl_dark.css
17:47:12.384 [FXGL Background Thread 1 ] DEBUG FXGLAssetLoaderServi - Loading from file system: jar:file:///C:/Users/mbour/.m2/repository/com/github/almasb/fxgl/17/fxgl-17.jar!/fxglassets/ui/css/fxgl_dark.css
17:47:12.423 [FXGL Background Thread 1 ] DEBUG GameApplicationServi - Initializing application scenes
17:47:12.457 [FXGL Background Thread 1 ] DEBUG GameWorld            - Game world initialized
17:47:12.518 [FXGL Background Thread 1 ] DEBUG PhysicsWorld         - Physics world initialized: appHeight=800, physics.ppm=50,0
17:47:12.518 [FXGL Background Thread 1 ] DEBUG PhysicsWorld         - Using strategy: BRUTE_FORCE
17:47:12.523 [FXGL Background Thread 1 ] DEBUG GameScene            - Game scene initialized: 800x800
17:47:12.539 [FXGL Background Thread 1 ] DEBUG FXGL.DefaultMenu     - createMenuBodyMainMenu()
17:47:12.555 [FXGL Background Thread 1 ] DEBUG FXGL.DefaultMenu     - createOptionsMenu()
17:47:12.565 [FXGL Background Thread 1 ] DEBUG FXGLAssetLoaderServi - Loading from file system: jar:file:///C:/Users/mbour/.m2/repository/com/github/almasb/fxgl/17/fxgl-17.jar!/fxglassets/textures/particles/smoke.png
17:47:12.640 [FXGL Background Thread 1 ] DEBUG FXGLAssetLoaderServi - Loading from file system: jar:file:///C:/Users/mbour/.m2/repository/com/github/almasb/fxgl/17/fxgl-17.jar!/fxglassets/textures/particles/trace_horizontal.png
17:47:12.659 [FXGL Background Thread 1 ] DEBUG FXGL.DefaultMenu     - createMenuBodyGameMenu()
17:47:12.660 [FXGL Background Thread 1 ] DEBUG FXGL.DefaultMenu     - createOptionsMenu()
17:47:12.677 [FXGL Background Thread 1 ] DEBUG GameApplicationServi - Application scenes initialized
17:47:12.688 [FXGL Background Thread 1 ] DEBUG SystemBundleService  - Loading FXGL system data
17:47:12.692 [FXGL Background Thread 1 ] DEBUG FileSystemAccess     - Reading from: C:\Users\mbour\OneDrive\Bureau\Zelda TOTK WINRAR\zeldaPuzzle\system\fxgl.bundle
17:47:12.702 [FXGL Background Thread 1 ] DEBUG SystemBundleService  - Bundle FXGL: {}
17:47:12.702 [FXGL Background Thread 1 ] DEBUG UpdaterService       - Checking for updates
17:47:12.726 [FXGL Background Thread 4 ] DEBUG FXGLApplication      - Loading fonts
17:47:12.726 [FXGL Background Thread 1 ] DEBUG FXGLApplication      - Loading default localization
17:47:12.726 [FXGL Background Thread 4 ] DEBUG FXGLAssetLoaderServi - Loading from file system: jar:file:///C:/Users/mbour/.m2/repository/com/github/almasb/fxgl/17/fxgl-17.jar!/fxglassets/ui/fonts/VarelaRound-Regular.ttf
17:47:12.726 [FXGL Background Thread 1 ] DEBUG FXGLAssetLoaderServi - Loading from file system: jar:file:///C:/Users/mbour/.m2/repository/com/github/almasb/fxgl/17/fxgl-17.jar!/fxglassets/languages/english.lang
17:47:12.749 [FXGL Background Thread 1 ] INFO  FXGLApplication      - FXGL initialization took: 0,408 sec
17:47:12.759 [JavaFX Application Thread] DEBUG Input                - Registered new binding: inventaire - Tab
17:47:12.760 [JavaFX Application Thread] DEBUG Input                - Registered new binding: getPosition - P
17:47:12.760 [JavaFX Application Thread] DEBUG Input                - Registered new binding: zoom+ - Up
17:47:12.760 [JavaFX Application Thread] DEBUG Input                - Registered new binding: zoom- - Down
17:47:12.760 [JavaFX Application Thread] DEBUG Input                - Registered new binding: resetZoom - 0
17:47:12.760 [JavaFX Application Thread] DEBUG Input                - Registered new binding: Move right - D
17:47:12.761 [JavaFX Application Thread] DEBUG Input                - Registered new binding: Move left - A
17:47:12.761 [JavaFX Application Thread] DEBUG Input                - Registered new binding: Move Up - W
17:47:12.761 [JavaFX Application Thread] DEBUG Input                - Registered new binding: Move Down - S
17:47:12.761 [FXGL Background Thread 4 ] DEBUG FXGLAssetLoaderServi - Loading from file system: jar:file:///C:/Users/mbour/.m2/repository/com/github/almasb/fxgl/17/fxgl-17.jar!/fxglassets/ui/fonts/Abel-Regular.ttf
17:47:12.761 [JavaFX Application Thread] DEBUG FXGLAssetLoaderServi - Loading from file system: jar:file:///C:/Users/mbour/.m2/repository/com/github/almasb/fxgl/17/fxgl-17.jar!/fxglassets/textures/fxgl_icon.png
17:47:12.771 [FXGL Background Thread 4 ] DEBUG FXGLAssetLoaderServi - Loading from file system: jar:file:///C:/Users/mbour/.m2/repository/com/github/almasb/fxgl/17/fxgl-17.jar!/fxglassets/ui/fonts/TerminalLandMono-Regular.otf
17:47:12.776 [JavaFX Application Thread] DEBUG FXGLAssetLoaderServi - Loading from file system: jar:file:///C:/Users/mbour/.m2/repository/com/github/almasb/fxgl/17/fxgl-17.jar!/fxglassets/textures/fxgl_default_cursor.png
17:47:12.778 [JavaFX Application Thread] DEBUG Input                - Registered new binding: Screenshot - CTRL+8
17:47:12.779 [JavaFX Application Thread] DEBUG Input                - Registered new binding: Dev Options - 1
17:47:12.779 [JavaFX Application Thread] DEBUG Input                - Registered new binding: Dev Console - 2
17:47:12.779 [JavaFX Application Thread] DEBUG Input                - Registered new binding: System info dump - CTRL+9
17:47:12.779 [JavaFX Application Thread] DEBUG Input                - Registered new binding: Restart - CTRL+R
17:47:12.781 [JavaFX Application Thread] DEBUG Input                - Registered new binding: Toggle Debug Camera - CTRL+7
17:47:12.782 [FXGL Background Thread 4 ] DEBUG FXGLAssetLoaderServi - Loading from file system: jar:file:///C:/Users/mbour/.m2/repository/com/github/almasb/fxgl/17/fxgl-17.jar!/fxglassets/ui/fonts/Courier-Prime.ttf
17:47:12.783 [JavaFX Application Thread] DEBUG LoopRunner           - Starting loop
17:47:12.799 [JavaFX Application Thread] DEBUG LoopRunner           - Initializing JavaFX AnimationTimerLoop
17:47:12.801 [JavaFX Application Thread] DEBUG Input                - Clearing active input actions
17:47:12.810 [JavaFX Application Thread] DEBUG GameApplicationServi - Removing overlay from FXGLStartupScene and adding to FXGLMainMenuDummyScene
17:47:12.815 [JavaFX Application Thread] DEBUG PrimaryStageWindow   - FXGLStartupScene -> FXGLMainMenuDummyScene
17:47:12.815 [JavaFX Application Thread] DEBUG PrimaryStageWindow   - Push state: FXGLDefaultMenu
17:47:12.818 [JavaFX Application Thread] DEBUG Input                - Clearing active input actions
17:47:12.826 [JavaFX Application Thread] DEBUG GameApplicationServi - Removing overlay from FXGLMainMenuDummyScene and adding to FXGLDefaultMenu
17:47:12.827 [JavaFX Application Thread] DEBUG PrimaryStageWindow   - FXGLMainMenuDummyScene -> FXGLDefaultMenu
17:47:12.827 [JavaFX Application Thread] DEBUG FXGLApplication      - Registering font factories with UI factory
17:47:13.147 [FXGL Background Thread 2 ] INFO  UpdaterService       - Your current version:  17
17:47:13.147 [FXGL Background Thread 2 ] INFO  UpdaterService       - Latest stable version: 21.1
17:47:15.726 [FXGL Background Thread 3 ] DEBUG Engine               - Logging environment variables
17:47:15.726 [FXGL Background Thread 3 ] DEBUG Engine               - achievements: []
17:47:15.726 [FXGL Background Thread 3 ] DEBUG Engine               - actualHeight: 800.0
17:47:15.727 [FXGL Background Thread 3 ] DEBUG Engine               - actualHeightProperty: ReadOnlyDoubleProperty [value: 800.0]
17:47:15.727 [FXGL Background Thread 3 ] DEBUG Engine               - actualWidth: 800.0
17:47:15.727 [FXGL Background Thread 3 ] DEBUG Engine               - actualWidthProperty: ReadOnlyDoubleProperty [value: 800.0]
17:47:15.727 [FXGL Background Thread 3 ] DEBUG Engine               - appIcon: fxgl_icon.png
17:47:15.727 [FXGL Background Thread 3 ] DEBUG Engine               - applicationMode: DEVELOPER
17:47:15.727 [FXGL Background Thread 3 ] DEBUG Engine               - cSSList: [fxgl_dark.css]
17:47:15.727 [FXGL Background Thread 3 ] DEBUG Engine               - collisionDetectionStrategy: BRUTE_FORCE
17:47:15.727 [FXGL Background Thread 3 ] DEBUG Engine               - configClass: Optional.empty
17:47:15.727 [FXGL Background Thread 3 ] DEBUG Engine               - credits: []
17:47:15.728 [FXGL Background Thread 3 ] DEBUG Engine               - defaultCursor: CursorInfo(imageName=fxgl_default_cursor.png, hotspotX=7.0, hotspotY=6.0)
17:47:15.728 [FXGL Background Thread 3 ] DEBUG Engine               - devBBoxColorProperty: ObjectProperty [value: 0xff0000ff]
17:47:15.729 [FXGL Background Thread 3 ] DEBUG Engine               - devEnableDebugCameraProperty: BooleanProperty [value: false]
17:47:15.729 [FXGL Background Thread 3 ] DEBUG Engine               - devSensorColorProperty: ObjectProperty [value: 0xffff00ff]
17:47:15.729 [FXGL Background Thread 3 ] DEBUG Engine               - devShowBBoxProperty: BooleanProperty [value: false]
17:47:15.729 [FXGL Background Thread 3 ] DEBUG Engine               - devShowPositionProperty: BooleanProperty [value: false]
17:47:15.729 [FXGL Background Thread 3 ] DEBUG Engine               - enabledMenuItems: []
17:47:15.729 [FXGL Background Thread 3 ] DEBUG Engine               - engineServices: [class com.almasb.fxgl.app.services.FXGLAssetLoaderService, class com.almasb.fxgl.app.FXGLApplication$GameApplicationService, class com.almasb.fxgl.app.services.FXGLDialogService, class com.almasb.fxgl.app.services.IOTaskExecutorService, class com.almasb.fxgl.io.FileSystemService, class com.almasb.fxgl.localization.LocalizationService, class com.almasb.fxgl.app.services.SystemBundleService, class com.almasb.fxgl.profile.SaveLoadService, class com.almasb.fxgl.ui.FXGLUIFactoryServiceProvider, class com.almasb.fxgl.ui.FXGLDialogFactoryServiceProvider, class com.almasb.fxgl.audio.AudioPlayer, class com.almasb.fxgl.notification.impl.NotificationServiceProvider, class com.almasb.fxgl.achievement.AchievementService, class com.almasb.fxgl.cutscene.CutsceneService, class com.almasb.fxgl.minigames.MiniGameService, class com.almasb.fxgl.net.NetService, class com.almasb.fxgl.app.services.UpdaterService, class com.almasb.fxgl.dev.DevService]
17:47:15.729 [FXGL Background Thread 3 ] DEBUG Engine               - fontGame: Abel-Regular.ttf
17:47:15.729 [FXGL Background Thread 3 ] DEBUG Engine               - fontMono: TerminalLandMono-Regular.otf
17:47:15.729 [FXGL Background Thread 3 ] DEBUG Engine               - fontText: Courier-Prime.ttf
17:47:15.729 [FXGL Background Thread 3 ] DEBUG Engine               - fontUI: VarelaRound-Regular.ttf
17:47:15.729 [FXGL Background Thread 3 ] DEBUG Engine               - fullScreen: BooleanProperty [value: false]
17:47:15.729 [FXGL Background Thread 3 ] DEBUG Engine               - gameDifficulty: MEDIUM
17:47:15.729 [FXGL Background Thread 3 ] DEBUG Engine               - gameDifficultyProperty: ObjectProperty [value: MEDIUM]
17:47:15.729 [FXGL Background Thread 3 ] DEBUG Engine               - globalMusicVolume: 0.5
17:47:15.730 [FXGL Background Thread 3 ] DEBUG Engine               - globalMusicVolumeProperty: DoubleProperty [value: 0.5]
17:47:15.730 [FXGL Background Thread 3 ] DEBUG Engine               - globalSoundVolume: 0.5
17:47:15.730 [FXGL Background Thread 3 ] DEBUG Engine               - globalSoundVolumeProperty: DoubleProperty [value: 0.5]
17:47:15.730 [FXGL Background Thread 3 ] DEBUG Engine               - height: 800
17:47:15.730 [FXGL Background Thread 3 ] DEBUG Engine               - is3D: false
17:47:15.730 [FXGL Background Thread 3 ] DEBUG Engine               - isAndroid: false
17:47:15.730 [FXGL Background Thread 3 ] DEBUG Engine               - isBrowser: false
17:47:15.730 [FXGL Background Thread 3 ] DEBUG Engine               - isClickFeedbackEnabled: false
17:47:15.730 [FXGL Background Thread 3 ] DEBUG Engine               - isCloseConfirmation: false
17:47:15.730 [FXGL Background Thread 3 ] DEBUG Engine               - isDesktop: true
17:47:15.730 [FXGL Background Thread 3 ] DEBUG Engine               - isDeveloperMenuEnabled: true
17:47:15.730 [FXGL Background Thread 3 ] DEBUG Engine               - isEmbedded: false
17:47:15.730 [FXGL Background Thread 3 ] DEBUG Engine               - isEntityPreloadEnabled: true
17:47:15.730 [FXGL Background Thread 3 ] DEBUG Engine               - isExperimentalTiledLargeMap: false
17:47:15.730 [FXGL Background Thread 3 ] DEBUG Engine               - isFileSystemWriteAllowed: true
17:47:15.730 [FXGL Background Thread 3 ] DEBUG Engine               - isFullScreenAllowed: true
17:47:15.730 [FXGL Background Thread 3 ] DEBUG Engine               - isFullScreenFromStart: false
17:47:15.730 [FXGL Background Thread 3 ] DEBUG Engine               - isGameMenuEnabled: true
17:47:15.730 [FXGL Background Thread 3 ] DEBUG Engine               - isIOS: false
17:47:15.730 [FXGL Background Thread 3 ] DEBUG Engine               - isIntroEnabled: false
17:47:15.730 [FXGL Background Thread 3 ] DEBUG Engine               - isLinux: false
17:47:15.731 [FXGL Background Thread 3 ] DEBUG Engine               - isMac: false
17:47:15.731 [FXGL Background Thread 3 ] DEBUG Engine               - isMainMenuEnabled: true
17:47:15.731 [FXGL Background Thread 3 ] DEBUG Engine               - isManualResizeEnabled: false
17:47:15.731 [FXGL Background Thread 3 ] DEBUG Engine               - isMobile: false
17:47:15.731 [FXGL Background Thread 3 ] DEBUG Engine               - isNative: false
17:47:15.731 [FXGL Background Thread 3 ] DEBUG Engine               - isPauseMusicWhenMinimized: true
17:47:15.731 [FXGL Background Thread 3 ] DEBUG Engine               - isPreserveResizeRatio: false
17:47:15.731 [FXGL Background Thread 3 ] DEBUG Engine               - isProfilingEnabled: false
17:47:15.731 [FXGL Background Thread 3 ] DEBUG Engine               - isScaleAffectedOnResize: true
17:47:15.731 [FXGL Background Thread 3 ] DEBUG Engine               - isSingleStep: false
17:47:15.731 [FXGL Background Thread 3 ] DEBUG Engine               - isUserProfileEnabled: false
17:47:15.731 [FXGL Background Thread 3 ] DEBUG Engine               - isWindows: true
17:47:15.731 [FXGL Background Thread 3 ] DEBUG Engine               - language: ObjectProperty [value: ENGLISH]
17:47:15.731 [FXGL Background Thread 3 ] DEBUG Engine               - menuKey: ESCAPE
17:47:15.731 [FXGL Background Thread 3 ] DEBUG Engine               - mouseSensitivity: 0.2
17:47:15.731 [FXGL Background Thread 3 ] DEBUG Engine               - notificationViewClass: class com.almasb.fxgl.notification.view.XboxNotificationView
17:47:15.731 [FXGL Background Thread 3 ] DEBUG Engine               - pixelsPerMeter: 50.0
17:47:15.731 [FXGL Background Thread 3 ] DEBUG Engine               - platform: WINDOWS
17:47:15.731 [FXGL Background Thread 3 ] DEBUG Engine               - prefHeightProperty: ReadOnlyDoubleProperty [value: 800.0]
17:47:15.731 [FXGL Background Thread 3 ] DEBUG Engine               - prefWidthProperty: ReadOnlyDoubleProperty [value: 800.0]
17:47:15.731 [FXGL Background Thread 3 ] DEBUG Engine               - profileDir: profiles/
17:47:15.732 [FXGL Background Thread 3 ] DEBUG Engine               - profileName: StringProperty [value: DEFAULT]
17:47:15.732 [FXGL Background Thread 3 ] DEBUG Engine               - randomSeed: -1
17:47:15.732 [FXGL Background Thread 3 ] DEBUG Engine               - runtimeInfo: RuntimeInfo(platform=WINDOWS, version=17, build=31.12.2021 18.16)
17:47:15.732 [FXGL Background Thread 3 ] DEBUG Engine               - saveFileExt: sav
17:47:15.732 [FXGL Background Thread 3 ] DEBUG Engine               - scaledHeightProp$fxgl: DoubleProperty [bound, value: 800.0]
17:47:15.732 [FXGL Background Thread 3 ] DEBUG Engine               - scaledWidthProp$fxgl: DoubleProperty [bound, value: 800.0]
17:47:15.732 [FXGL Background Thread 3 ] DEBUG Engine               - sceneFactory: com.almasb.fxgl.app.scene.SceneFactory@24001db6
17:47:15.732 [FXGL Background Thread 3 ] DEBUG Engine               - secondsIn24h: 60
17:47:15.732 [FXGL Background Thread 3 ] DEBUG Engine               - soundMenuBack: menu/back.wav
17:47:15.732 [FXGL Background Thread 3 ] DEBUG Engine               - soundMenuPress: menu/press.wav
17:47:15.732 [FXGL Background Thread 3 ] DEBUG Engine               - soundMenuSelect: menu/select.wav
17:47:15.732 [FXGL Background Thread 3 ] DEBUG Engine               - soundNotification: core/notification.wav
17:47:15.732 [FXGL Background Thread 3 ] DEBUG Engine               - stageStyle: DECORATED
17:47:15.732 [FXGL Background Thread 3 ] DEBUG Engine               - supportedLanguages: [ENGLISH, FRENCH, GERMAN, HUNGARIAN, RUSSIAN]
17:47:15.732 [FXGL Background Thread 3 ] DEBUG Engine               - ticksPerSecond: -1
17:47:15.732 [FXGL Background Thread 3 ] DEBUG Engine               - title: Zelda 2D Game par ماستن
17:47:15.733 [FXGL Background Thread 3 ] DEBUG Engine               - urlGithub: https://github.com/AlmasB/FXGL
17:47:15.733 [FXGL Background Thread 3 ] DEBUG Engine               - urlLeaderboard: http://fxgl-top.herokuapp.com/
17:47:15.733 [FXGL Background Thread 3 ] DEBUG Engine               - urlPOM: https://raw.githubusercontent.com/AlmasB/FXGL/release/README.md
17:47:15.733 [FXGL Background Thread 3 ] DEBUG Engine               - userAppClass: class com.example.zeldapuzzle.MainGameApp
17:47:15.733 [FXGL Background Thread 3 ] DEBUG Engine               - version: 1
17:47:15.733 [FXGL Background Thread 3 ] DEBUG Engine               - versionCheckDays: 7
17:47:15.733 [FXGL Background Thread 3 ] DEBUG Engine               - width: 800
17:47:15.733 [FXGL Background Thread 3 ] DEBUG Engine               - Logging services
17:47:15.733 [FXGL Background Thread 3 ] DEBUG Engine               - class com.almasb.fxgl.app.services.FXGLAssetLoaderService
17:47:15.733 [FXGL Background Thread 3 ] DEBUG Engine               - class com.almasb.fxgl.app.FXGLApplication$GameApplicationService
17:47:15.733 [FXGL Background Thread 3 ] DEBUG Engine               - class com.almasb.fxgl.app.services.FXGLDialogService
17:47:15.733 [FXGL Background Thread 3 ] DEBUG Engine               - class com.almasb.fxgl.app.services.IOTaskExecutorService
17:47:15.733 [FXGL Background Thread 3 ] DEBUG Engine               - class com.almasb.fxgl.io.FileSystemService
17:47:15.733 [FXGL Background Thread 3 ] DEBUG Engine               - class com.almasb.fxgl.localization.LocalizationService
17:47:15.733 [FXGL Background Thread 3 ] DEBUG Engine               - class com.almasb.fxgl.app.services.SystemBundleService
17:47:15.733 [FXGL Background Thread 3 ] DEBUG Engine               - class com.almasb.fxgl.profile.SaveLoadService
17:47:15.733 [FXGL Background Thread 3 ] DEBUG Engine               - class com.almasb.fxgl.ui.FXGLUIFactoryServiceProvider
17:47:15.733 [FXGL Background Thread 3 ] DEBUG Engine               - class com.almasb.fxgl.ui.FXGLDialogFactoryServiceProvider
17:47:15.733 [FXGL Background Thread 3 ] DEBUG Engine               - class com.almasb.fxgl.audio.AudioPlayer
17:47:15.733 [FXGL Background Thread 3 ] DEBUG Engine               - class com.almasb.fxgl.notification.impl.NotificationServiceProvider
17:47:15.734 [FXGL Background Thread 3 ] DEBUG Engine               - class com.almasb.fxgl.achievement.AchievementService
17:47:15.734 [FXGL Background Thread 3 ] DEBUG Engine               - class com.almasb.fxgl.cutscene.CutsceneService
17:47:15.734 [FXGL Background Thread 3 ] DEBUG Engine               - class com.almasb.fxgl.minigames.MiniGameService
17:47:15.734 [FXGL Background Thread 3 ] DEBUG Engine               - class com.almasb.fxgl.net.NetService
17:47:15.734 [FXGL Background Thread 3 ] DEBUG Engine               - class com.almasb.fxgl.app.services.UpdaterService
17:47:15.734 [FXGL Background Thread 3 ] DEBUG Engine               - class com.almasb.fxgl.dev.DevService
17:47:17.807 [JavaFX Application Thread] DEBUG Menu                 - fireNewGame()
17:47:17.807 [JavaFX Application Thread] DEBUG GameApplicationServi - Starting new game
17:47:17.809 [JavaFX Application Thread] DEBUG PrimaryStageWindow   - Pop state: FXGLDefaultMenu
17:47:17.809 [JavaFX Application Thread] DEBUG Input                - Clearing active input actions
17:47:17.811 [JavaFX Application Thread] DEBUG GameApplicationServi - Removing overlay from FXGLDefaultMenu and adding to FXGLMainMenuDummyScene
17:47:17.812 [JavaFX Application Thread] DEBUG PrimaryStageWindow   - FXGLMainMenuDummyScene <- FXGLDefaultMenu
17:47:17.812 [JavaFX Application Thread] DEBUG Input                - Clearing active input actions
17:47:17.819 [JavaFX Application Thread] DEBUG GameApplicationServi - Removing overlay from FXGLMainMenuDummyScene and adding to FXGLLoadingScene
17:47:17.820 [JavaFX Application Thread] DEBUG PrimaryStageWindow   - FXGLMainMenuDummyScene -> FXGLLoadingScene
17:47:17.820 [JavaFX Application Thread] DEBUG GameApplicationServi - Clearing previous game
17:47:17.820 [JavaFX Application Thread] DEBUG GameScene            - Clearing game scene
17:47:17.820 [JavaFX Application Thread] DEBUG GameWorld            - Clearing game world
17:47:17.820 [JavaFX Application Thread] DEBUG PhysicsWorld         - Clearing physics world
17:47:17.822 [FXGL Background Thread 2 ] DEBUG FXGLApplication      - Initializing game
17:47:17.872 [FXGL Background Thread 2 ] WARN  TMXLevelLoader       - TiledMap generated from 1.10.2. Supported version: 1.2.3. Some features may not be parsed fully.
17:47:17.879 [FXGL Background Thread 2 ] DEBUG TMXLevelLoader       - Parsed TiledMap: file:/C:/Users/mbour/OneDrive/Bureau/Zelda%20TOTK%20WINRAR/zeldaPuzzle/target/classes/assets/levels/StartingMap.tmx
17:47:17.880 [FXGL Background Thread 2 ] DEBUG TMXLevelLoader       - Creating tile layer entities
17:47:17.882 [FXGL Background Thread 2 ] DEBUG TilesetLoader        - Loading view for layer Calque de Tuiles 1
17:47:17.882 [FXGL Background Thread 2 ] DEBUG TilesetLoader        - Created buffer with size 960.0x960.0
17:47:17.898 [FXGL Background Thread 2 ] DEBUG TilesetLoader        - Loading view for layer Calque de Tuiles 2
17:47:17.899 [FXGL Background Thread 2 ] DEBUG TilesetLoader        - Created buffer with size 960.0x960.0
17:47:17.907 [FXGL Background Thread 2 ] DEBUG TMXLevelLoader       - Creating object layer entities
17:47:17.907 [FXGL Background Thread 2 ] DEBUG GameWorld            - Clearing removable entities
17:47:17.908 [FXGL Background Thread 2 ] DEBUG GameWorld            - Setting level: com.almasb.fxgl.entity.level.Level@30a67d59
17:47:17.928 [FXGL Background Thread 2 ] WARN  GameWorld            - Entity is already attached to world
17:47:17.988 [FXGL Background Thread 2 ] WARN  GameWorld            - Entity is already attached to world
17:47:17.993 [FXGL Background Thread 2 ] INFO  FXGLApplication      - Game initialization took: 0,172 sec
17:47:17.994 [JavaFX Application Thread] DEBUG Input                - Clearing active input actions
17:47:17.999 [JavaFX Application Thread] DEBUG GameApplicationServi - Removing overlay from FXGLLoadingScene and adding to GameScene
17:47:18.001 [JavaFX Application Thread] DEBUG PrimaryStageWindow   - FXGLLoadingScene -> GameScene
17:47:21.026 [JavaFX Application Thread] DEBUG FXGLApplication      - Exiting FXGL
17:47:21.026 [JavaFX Application Thread] DEBUG LoopRunner           - Stopping loop
17:47:21.026 [JavaFX Application Thread] DEBUG SystemBundleService  - Saving FXGL system data
17:47:21.028 [JavaFX Application Thread] DEBUG FileSystemAccess     - Writing to: C:\Users\mbour\OneDrive\Bureau\Zelda TOTK WINRAR\zeldaPuzzle\system\fxgl.bundle
17:47:21.030 [JavaFX Application Thread] DEBUG Async                - Shutting down background threads
17:47:21.030 [JavaFX Application Thread] DEBUG PrimaryStageWindow   - Closing main window
17:47:21.042 [JavaFX Application Thread] DEBUG Logger               - Closing Logger
