09:56:41.096 [main                     ] DEBUG Logger               - Configured Logger
09:56:41.132 [main                     ] DEBUG GameApplication      - Logging settings
Title: Zelda 2D Game
Version: 1
Width: 800
Height: 800
Fullscreen: false
Intro: false
Profiling: false
Single step:false
App Mode: DEVELOPER
Menu Key: ESCAPE
Stage Style: DECORATED
Scene Factory: class com.almasb.fxgl.app.scene.SceneFactory

09:56:41.483 [JavaFX Application Thread] DEBUG FXGLApplication      - Initializing FXGL
09:56:41.488 [JavaFX Application Thread] INFO  Engine               - FXGL-17 (31.12.2021 18.16) on MAC (J:19.0.1 FX:19)
09:56:41.489 [JavaFX Application Thread] DEBUG Engine               - JRE Vendor Name: Oracle Corporation
09:56:41.489 [JavaFX Application Thread] DEBUG Engine               - Running on OS: Mac OS X version 12.5
09:56:41.489 [JavaFX Application Thread] DEBUG Engine               - Architecture: aarch64
09:56:41.489 [JavaFX Application Thread] INFO  Engine               - Source code and latest versions at: https://github.com/AlmasB/FXGL
09:56:41.489 [JavaFX Application Thread] INFO  Engine               -       Ask questions and discuss at: https://github.com/AlmasB/FXGL/discussions
09:56:41.489 [JavaFX Application Thread] INFO  Engine               -              Join the FXGL chat at: https://gitter.im/AlmasB/FXGL
09:56:41.588 [JavaFX Application Thread] DEBUG PrimaryStageWindow   - Creating a JavaFX scene
09:56:41.633 [JavaFX Application Thread] DEBUG PrimaryStageWindow   - Target settings size: 800.0 x 800.0
09:56:41.633 [JavaFX Application Thread] DEBUG PrimaryStageWindow   - Scaled scene size:    800.0 x 800.0
09:56:41.634 [JavaFX Application Thread] DEBUG PrimaryStageWindow   - Scaled ratio: (1.0, 1.0)
09:56:41.635 [JavaFX Application Thread] DEBUG PrimaryStageWindow   - Set initial scene to FXGLStartupScene
09:56:41.639 [JavaFX Application Thread] DEBUG PrimaryStageWindow   - Opening main window
09:56:41.759 [JavaFX Application Thread] DEBUG PrimaryStageWindow   - Window border size: (0.0, 28.0)
09:56:41.760 [JavaFX Application Thread] DEBUG PrimaryStageWindow   - Scaled size: 800.0 x 800.0
09:56:41.760 [JavaFX Application Thread] DEBUG PrimaryStageWindow   - Scaled ratio: (1.0, 1.0)
09:56:41.760 [JavaFX Application Thread] DEBUG PrimaryStageWindow   - Scene size: 800.0 x 800.0
09:56:41.760 [JavaFX Application Thread] DEBUG PrimaryStageWindow   - Stage size: 800.0 x 828.0
09:56:41.766 [FXGL Background Thread 1 ] DEBUG Engine               - Initializing environment variables
09:56:41.837 [FXGL Background Thread 1 ] DEBUG FXGLAssetLoaderServi - User app class for loading assets: class com.example.zeldapuzzle.MainGameApp
09:56:41.838 [FXGL Background Thread 1 ] DEBUG GameApplicationServi - Applying CSS: fxgl_dark.css
09:56:41.839 [FXGL Background Thread 1 ] DEBUG FXGLAssetLoaderServi - Loading from file system: jar:file:///Users/CHLaroche05/.m2/repository/com/github/almasb/fxgl/17/fxgl-17.jar!/fxglassets/ui/css/fxgl_dark.css
09:56:41.902 [FXGL Background Thread 1 ] DEBUG GameApplicationServi - Initializing application scenes
09:56:42.230 [FXGL Background Thread 1 ] DEBUG GameWorld            - Game world initialized
09:56:42.325 [FXGL Background Thread 1 ] DEBUG PhysicsWorld         - Physics world initialized: appHeight=800, physics.ppm=50.0
09:56:42.325 [FXGL Background Thread 1 ] DEBUG PhysicsWorld         - Using strategy: BRUTE_FORCE
09:56:42.331 [FXGL Background Thread 1 ] DEBUG GameScene            - Game scene initialized: 800x800
09:56:42.372 [FXGL Background Thread 1 ] DEBUG FXGL.DefaultMenu     - createMenuBodyMainMenu()
09:56:42.401 [FXGL Background Thread 1 ] DEBUG FXGL.DefaultMenu     - createOptionsMenu()
09:56:42.418 [FXGL Background Thread 1 ] DEBUG FXGLAssetLoaderServi - Loading from file system: jar:file:///Users/CHLaroche05/.m2/repository/com/github/almasb/fxgl/17/fxgl-17.jar!/fxglassets/textures/particles/smoke.png
09:56:42.568 [FXGL Background Thread 1 ] DEBUG FXGLAssetLoaderServi - Loading from file system: jar:file:///Users/CHLaroche05/.m2/repository/com/github/almasb/fxgl/17/fxgl-17.jar!/fxglassets/textures/particles/trace_horizontal.png
09:56:42.600 [FXGL Background Thread 1 ] DEBUG FXGL.DefaultMenu     - createMenuBodyGameMenu()
09:56:42.601 [FXGL Background Thread 1 ] DEBUG FXGL.DefaultMenu     - createOptionsMenu()
09:56:42.628 [FXGL Background Thread 1 ] DEBUG GameApplicationServi - Application scenes initialized
09:56:42.638 [FXGL Background Thread 1 ] DEBUG SystemBundleService  - Loading FXGL system data
09:56:42.642 [FXGL Background Thread 1 ] DEBUG FileSystemAccess     - Reading from: /Users/CHLaroche05/zelda/zeldaPuzzle/system/fxgl.bundle
09:56:42.650 [FXGL Background Thread 1 ] DEBUG SystemBundleService  - Bundle FXGL: {}
09:56:42.650 [FXGL Background Thread 1 ] DEBUG UpdaterService       - Checking for updates
09:56:42.666 [FXGL Background Thread 4 ] DEBUG FXGLApplication      - Loading fonts
09:56:42.666 [FXGL Background Thread 1 ] DEBUG FXGLApplication      - Loading default localization
09:56:42.667 [FXGL Background Thread 4 ] DEBUG FXGLAssetLoaderServi - Loading from file system: jar:file:///Users/CHLaroche05/.m2/repository/com/github/almasb/fxgl/17/fxgl-17.jar!/fxglassets/ui/fonts/VarelaRound-Regular.ttf
09:56:42.667 [FXGL Background Thread 1 ] DEBUG FXGLAssetLoaderServi - Loading from file system: jar:file:///Users/CHLaroche05/.m2/repository/com/github/almasb/fxgl/17/fxgl-17.jar!/fxglassets/languages/english.lang
09:56:42.673 [FXGL Background Thread 4 ] DEBUG FXGLAssetLoaderServi - Loading from file system: jar:file:///Users/CHLaroche05/.m2/repository/com/github/almasb/fxgl/17/fxgl-17.jar!/fxglassets/ui/fonts/Abel-Regular.ttf
09:56:42.675 [FXGL Background Thread 4 ] DEBUG FXGLAssetLoaderServi - Loading from file system: jar:file:///Users/CHLaroche05/.m2/repository/com/github/almasb/fxgl/17/fxgl-17.jar!/fxglassets/ui/fonts/TerminalLandMono-Regular.otf
09:56:42.678 [FXGL Background Thread 4 ] DEBUG FXGLAssetLoaderServi - Loading from file system: jar:file:///Users/CHLaroche05/.m2/repository/com/github/almasb/fxgl/17/fxgl-17.jar!/fxglassets/ui/fonts/Courier-Prime.ttf
09:56:42.678 [FXGL Background Thread 1 ] INFO  FXGLApplication      - FXGL initialization took: 0.912 sec
09:56:42.685 [JavaFX Application Thread] DEBUG Input                - Registered new binding: getPosition - P
09:56:42.686 [JavaFX Application Thread] DEBUG Input                - Registered new binding: zoom+ - Up
09:56:42.686 [JavaFX Application Thread] DEBUG Input                - Registered new binding: zoom- - Down
09:56:42.686 [JavaFX Application Thread] DEBUG Input                - Registered new binding: resetZoom - 0
09:56:42.686 [JavaFX Application Thread] DEBUG Input                - Registered new binding: Move right - D
09:56:42.686 [JavaFX Application Thread] DEBUG Input                - Registered new binding: Move left - A
09:56:42.686 [JavaFX Application Thread] DEBUG Input                - Registered new binding: Move Up - W
09:56:42.686 [JavaFX Application Thread] DEBUG Input                - Registered new binding: Move Down - S
09:56:42.686 [JavaFX Application Thread] DEBUG FXGLAssetLoaderServi - Loading from file system: jar:file:///Users/CHLaroche05/.m2/repository/com/github/almasb/fxgl/17/fxgl-17.jar!/fxglassets/textures/fxgl_icon.png
09:56:42.707 [JavaFX Application Thread] DEBUG FXGLAssetLoaderServi - Loading from file system: jar:file:///Users/CHLaroche05/.m2/repository/com/github/almasb/fxgl/17/fxgl-17.jar!/fxglassets/textures/fxgl_default_cursor.png
09:56:42.708 [JavaFX Application Thread] DEBUG Input                - Registered new binding: Screenshot - CTRL+8
09:56:42.708 [JavaFX Application Thread] DEBUG Input                - Registered new binding: Dev Options - 1
09:56:42.708 [JavaFX Application Thread] DEBUG Input                - Registered new binding: Dev Console - 2
09:56:42.709 [JavaFX Application Thread] DEBUG Input                - Registered new binding: System info dump - CTRL+9
09:56:42.709 [JavaFX Application Thread] DEBUG Input                - Registered new binding: Restart - CTRL+R
09:56:42.709 [JavaFX Application Thread] DEBUG Input                - Registered new binding: Toggle Debug Camera - CTRL+7
09:56:42.714 [JavaFX Application Thread] DEBUG LoopRunner           - Starting loop
09:56:42.731 [JavaFX Application Thread] DEBUG LoopRunner           - Initializing JavaFX AnimationTimerLoop
09:56:42.732 [JavaFX Application Thread] DEBUG Input                - Clearing active input actions
09:56:42.737 [JavaFX Application Thread] DEBUG GameApplicationServi - Removing overlay from FXGLStartupScene and adding to FXGLMainMenuDummyScene
09:56:42.739 [JavaFX Application Thread] DEBUG PrimaryStageWindow   - FXGLStartupScene -> FXGLMainMenuDummyScene
09:56:42.739 [JavaFX Application Thread] DEBUG PrimaryStageWindow   - Push state: FXGLDefaultMenu
09:56:42.742 [JavaFX Application Thread] DEBUG Input                - Clearing active input actions
09:56:42.747 [JavaFX Application Thread] DEBUG GameApplicationServi - Removing overlay from FXGLMainMenuDummyScene and adding to FXGLDefaultMenu
09:56:42.747 [JavaFX Application Thread] DEBUG PrimaryStageWindow   - FXGLMainMenuDummyScene -> FXGLDefaultMenu
09:56:42.762 [JavaFX Application Thread] DEBUG FXGLApplication      - Registering font factories with UI factory
09:56:43.251 [FXGL Background Thread 2 ] INFO  UpdaterService       - Your current version:  17
09:56:43.252 [FXGL Background Thread 2 ] INFO  UpdaterService       - Latest stable version: 21.1
09:56:43.689 [JavaFX Application Thread] DEBUG Menu                 - fireNewGame()
09:56:43.689 [JavaFX Application Thread] DEBUG GameApplicationServi - Starting new game
09:56:43.690 [JavaFX Application Thread] DEBUG PrimaryStageWindow   - Pop state: FXGLDefaultMenu
09:56:43.690 [JavaFX Application Thread] DEBUG Input                - Clearing active input actions
09:56:43.691 [JavaFX Application Thread] DEBUG GameApplicationServi - Removing overlay from FXGLDefaultMenu and adding to FXGLMainMenuDummyScene
09:56:43.692 [JavaFX Application Thread] DEBUG PrimaryStageWindow   - FXGLMainMenuDummyScene <- FXGLDefaultMenu
09:56:43.693 [JavaFX Application Thread] DEBUG Input                - Clearing active input actions
09:56:43.700 [JavaFX Application Thread] DEBUG GameApplicationServi - Removing overlay from FXGLMainMenuDummyScene and adding to FXGLLoadingScene
09:56:43.700 [JavaFX Application Thread] DEBUG PrimaryStageWindow   - FXGLMainMenuDummyScene -> FXGLLoadingScene
09:56:43.700 [JavaFX Application Thread] DEBUG GameApplicationServi - Clearing previous game
09:56:43.700 [JavaFX Application Thread] DEBUG GameScene            - Clearing game scene
09:56:43.700 [JavaFX Application Thread] DEBUG GameWorld            - Clearing game world
09:56:43.700 [JavaFX Application Thread] DEBUG PhysicsWorld         - Clearing physics world
09:56:43.701 [FXGL Background Thread 2 ] DEBUG FXGLApplication      - Initializing game
09:56:43.722 [FXGL Background Thread 2 ] WARN  TMXLevelLoader       - TiledMap generated from 1.10.2. Supported version: 1.2.3. Some features may not be parsed fully.
09:56:43.732 [FXGL Background Thread 2 ] DEBUG TMXLevelLoader       - Parsed TiledMap: file:/Users/CHLaroche05/zelda/zeldaPuzzle/target/classes/assets/levels/StartingMap.tmx
09:56:43.733 [FXGL Background Thread 2 ] DEBUG TMXLevelLoader       - Creating tile layer entities
09:56:43.734 [FXGL Background Thread 2 ] DEBUG TilesetLoader        - Loading view for layer Calque de Tuiles 1
09:56:43.736 [FXGL Background Thread 2 ] DEBUG TilesetLoader        - Created buffer with size 1920.0x1920.0
09:56:43.752 [FXGL Background Thread 2 ] DEBUG TilesetLoader        - Loading view for layer Calque de Tuiles 2
09:56:43.761 [FXGL Background Thread 2 ] DEBUG TilesetLoader        - Created buffer with size 1920.0x1920.0
09:56:43.766 [FXGL Background Thread 2 ] DEBUG TilesetLoader        - Loading view for layer Calque de Tuiles 3
09:56:43.772 [FXGL Background Thread 2 ] DEBUG TilesetLoader        - Created buffer with size 1920.0x1920.0
09:56:43.773 [FXGL Background Thread 2 ] DEBUG TMXLevelLoader       - Creating object layer entities
09:56:43.789 [FXGL Background Thread 2 ] DEBUG GameWorld            - Clearing removable entities
09:56:43.790 [FXGL Background Thread 2 ] DEBUG GameWorld            - Setting level: com.almasb.fxgl.entity.level.Level@3e9b617e
09:56:43.800 [FXGL Background Thread 2 ] WARN  GameWorld            - Entity is already attached to world
09:56:43.871 [FXGL Background Thread 2 ] WARN  GameWorld            - Entity is already attached to world
09:56:43.872 [FXGL Background Thread 2 ] INFO  FXGLApplication      - Game initialization took: 0.171 sec
09:56:43.872 [JavaFX Application Thread] DEBUG Input                - Clearing active input actions
09:56:43.876 [JavaFX Application Thread] DEBUG GameApplicationServi - Removing overlay from FXGLLoadingScene and adding to GameScene
09:56:43.877 [JavaFX Application Thread] DEBUG PrimaryStageWindow   - FXGLLoadingScene -> GameScene
09:56:45.670 [FXGL Background Thread 3 ] DEBUG Engine               - Logging environment variables
09:56:45.671 [FXGL Background Thread 3 ] DEBUG Engine               - achievements: []
09:56:45.671 [FXGL Background Thread 3 ] DEBUG Engine               - actualHeight: 800.0
09:56:45.671 [FXGL Background Thread 3 ] DEBUG Engine               - actualHeightProperty: ReadOnlyDoubleProperty [value: 800.0]
09:56:45.671 [FXGL Background Thread 3 ] DEBUG Engine               - actualWidth: 800.0
09:56:45.671 [FXGL Background Thread 3 ] DEBUG Engine               - actualWidthProperty: ReadOnlyDoubleProperty [value: 800.0]
09:56:45.671 [FXGL Background Thread 3 ] DEBUG Engine               - appIcon: fxgl_icon.png
09:56:45.671 [FXGL Background Thread 3 ] DEBUG Engine               - applicationMode: DEVELOPER
09:56:45.671 [FXGL Background Thread 3 ] DEBUG Engine               - cSSList: [fxgl_dark.css]
09:56:45.671 [FXGL Background Thread 3 ] DEBUG Engine               - collisionDetectionStrategy: BRUTE_FORCE
09:56:45.671 [FXGL Background Thread 3 ] DEBUG Engine               - configClass: Optional.empty
09:56:45.672 [FXGL Background Thread 3 ] DEBUG Engine               - credits: []
09:56:45.672 [FXGL Background Thread 3 ] DEBUG Engine               - defaultCursor: CursorInfo(imageName=fxgl_default_cursor.png, hotspotX=7.0, hotspotY=6.0)
09:56:45.672 [FXGL Background Thread 3 ] DEBUG Engine               - devBBoxColorProperty: ObjectProperty [value: 0xff0000ff]
09:56:45.672 [FXGL Background Thread 3 ] DEBUG Engine               - devEnableDebugCameraProperty: BooleanProperty [value: false]
09:56:45.672 [FXGL Background Thread 3 ] DEBUG Engine               - devSensorColorProperty: ObjectProperty [value: 0xffff00ff]
09:56:45.672 [FXGL Background Thread 3 ] DEBUG Engine               - devShowBBoxProperty: BooleanProperty [value: false]
09:56:45.672 [FXGL Background Thread 3 ] DEBUG Engine               - devShowPositionProperty: BooleanProperty [value: false]
09:56:45.672 [FXGL Background Thread 3 ] DEBUG Engine               - enabledMenuItems: []
09:56:45.672 [FXGL Background Thread 3 ] DEBUG Engine               - engineServices: [class com.almasb.fxgl.app.services.FXGLAssetLoaderService, class com.almasb.fxgl.app.FXGLApplication$GameApplicationService, class com.almasb.fxgl.app.services.FXGLDialogService, class com.almasb.fxgl.app.services.IOTaskExecutorService, class com.almasb.fxgl.io.FileSystemService, class com.almasb.fxgl.localization.LocalizationService, class com.almasb.fxgl.app.services.SystemBundleService, class com.almasb.fxgl.profile.SaveLoadService, class com.almasb.fxgl.ui.FXGLUIFactoryServiceProvider, class com.almasb.fxgl.ui.FXGLDialogFactoryServiceProvider, class com.almasb.fxgl.audio.AudioPlayer, class com.almasb.fxgl.notification.impl.NotificationServiceProvider, class com.almasb.fxgl.achievement.AchievementService, class com.almasb.fxgl.cutscene.CutsceneService, class com.almasb.fxgl.minigames.MiniGameService, class com.almasb.fxgl.net.NetService, class com.almasb.fxgl.app.services.UpdaterService, class com.almasb.fxgl.dev.DevService]
09:56:45.672 [FXGL Background Thread 3 ] DEBUG Engine               - fontGame: Abel-Regular.ttf
09:56:45.672 [FXGL Background Thread 3 ] DEBUG Engine               - fontMono: TerminalLandMono-Regular.otf
09:56:45.673 [FXGL Background Thread 3 ] DEBUG Engine               - fontText: Courier-Prime.ttf
09:56:45.673 [FXGL Background Thread 3 ] DEBUG Engine               - fontUI: VarelaRound-Regular.ttf
09:56:45.673 [FXGL Background Thread 3 ] DEBUG Engine               - fullScreen: BooleanProperty [value: false]
09:56:45.673 [FXGL Background Thread 3 ] DEBUG Engine               - gameDifficulty: MEDIUM
09:56:45.673 [FXGL Background Thread 3 ] DEBUG Engine               - gameDifficultyProperty: ObjectProperty [value: MEDIUM]
09:56:45.673 [FXGL Background Thread 3 ] DEBUG Engine               - globalMusicVolume: 0.5
09:56:45.673 [FXGL Background Thread 3 ] DEBUG Engine               - globalMusicVolumeProperty: DoubleProperty [value: 0.5]
09:56:45.673 [FXGL Background Thread 3 ] DEBUG Engine               - globalSoundVolume: 0.5
09:56:45.673 [FXGL Background Thread 3 ] DEBUG Engine               - globalSoundVolumeProperty: DoubleProperty [value: 0.5]
09:56:45.673 [FXGL Background Thread 3 ] DEBUG Engine               - height: 800
09:56:45.673 [FXGL Background Thread 3 ] DEBUG Engine               - is3D: false
09:56:45.673 [FXGL Background Thread 3 ] DEBUG Engine               - isAndroid: false
09:56:45.673 [FXGL Background Thread 3 ] DEBUG Engine               - isBrowser: false
09:56:45.673 [FXGL Background Thread 3 ] DEBUG Engine               - isClickFeedbackEnabled: false
09:56:45.673 [FXGL Background Thread 3 ] DEBUG Engine               - isCloseConfirmation: false
09:56:45.673 [FXGL Background Thread 3 ] DEBUG Engine               - isDesktop: true
09:56:45.673 [FXGL Background Thread 3 ] DEBUG Engine               - isDeveloperMenuEnabled: true
09:56:45.673 [FXGL Background Thread 3 ] DEBUG Engine               - isEmbedded: false
09:56:45.673 [FXGL Background Thread 3 ] DEBUG Engine               - isEntityPreloadEnabled: true
09:56:45.673 [FXGL Background Thread 3 ] DEBUG Engine               - isExperimentalTiledLargeMap: false
09:56:45.673 [FXGL Background Thread 3 ] DEBUG Engine               - isFileSystemWriteAllowed: true
09:56:45.673 [FXGL Background Thread 3 ] DEBUG Engine               - isFullScreenAllowed: false
09:56:45.674 [FXGL Background Thread 3 ] DEBUG Engine               - isFullScreenFromStart: false
09:56:45.674 [FXGL Background Thread 3 ] DEBUG Engine               - isGameMenuEnabled: true
09:56:45.674 [FXGL Background Thread 3 ] DEBUG Engine               - isIOS: false
09:56:45.674 [FXGL Background Thread 3 ] DEBUG Engine               - isIntroEnabled: false
09:56:45.674 [FXGL Background Thread 3 ] DEBUG Engine               - isLinux: false
09:56:45.674 [FXGL Background Thread 3 ] DEBUG Engine               - isMac: true
09:56:45.674 [FXGL Background Thread 3 ] DEBUG Engine               - isMainMenuEnabled: true
09:56:45.674 [FXGL Background Thread 3 ] DEBUG Engine               - isManualResizeEnabled: false
09:56:45.674 [FXGL Background Thread 3 ] DEBUG Engine               - isMobile: false
09:56:45.674 [FXGL Background Thread 3 ] DEBUG Engine               - isNative: false
09:56:45.674 [FXGL Background Thread 3 ] DEBUG Engine               - isPauseMusicWhenMinimized: true
09:56:45.674 [FXGL Background Thread 3 ] DEBUG Engine               - isPreserveResizeRatio: false
09:56:45.674 [FXGL Background Thread 3 ] DEBUG Engine               - isProfilingEnabled: false
09:56:45.674 [FXGL Background Thread 3 ] DEBUG Engine               - isScaleAffectedOnResize: true
09:56:45.674 [FXGL Background Thread 3 ] DEBUG Engine               - isSingleStep: false
09:56:45.674 [FXGL Background Thread 3 ] DEBUG Engine               - isUserProfileEnabled: false
09:56:45.674 [FXGL Background Thread 3 ] DEBUG Engine               - isWindows: false
09:56:45.674 [FXGL Background Thread 3 ] DEBUG Engine               - language: ObjectProperty [value: ENGLISH]
09:56:45.674 [FXGL Background Thread 3 ] DEBUG Engine               - menuKey: ESCAPE
09:56:45.674 [FXGL Background Thread 3 ] DEBUG Engine               - mouseSensitivity: 0.2
09:56:45.674 [FXGL Background Thread 3 ] DEBUG Engine               - notificationViewClass: class com.almasb.fxgl.notification.view.XboxNotificationView
09:56:45.674 [FXGL Background Thread 3 ] DEBUG Engine               - pixelsPerMeter: 50.0
09:56:45.675 [FXGL Background Thread 3 ] DEBUG Engine               - platform: MAC
09:56:45.675 [FXGL Background Thread 3 ] DEBUG Engine               - prefHeightProperty: ReadOnlyDoubleProperty [value: 800.0]
09:56:45.675 [FXGL Background Thread 3 ] DEBUG Engine               - prefWidthProperty: ReadOnlyDoubleProperty [value: 800.0]
09:56:45.675 [FXGL Background Thread 3 ] DEBUG Engine               - profileDir: profiles/
09:56:45.675 [FXGL Background Thread 3 ] DEBUG Engine               - profileName: StringProperty [value: DEFAULT]
09:56:45.675 [FXGL Background Thread 3 ] DEBUG Engine               - randomSeed: -1
09:56:45.675 [FXGL Background Thread 3 ] DEBUG Engine               - runtimeInfo: RuntimeInfo(platform=MAC, version=17, build=31.12.2021 18.16)
09:56:45.675 [FXGL Background Thread 3 ] DEBUG Engine               - saveFileExt: sav
09:56:45.675 [FXGL Background Thread 3 ] DEBUG Engine               - scaledHeightProp$fxgl: DoubleProperty [bound, value: 800.0]
09:56:45.675 [FXGL Background Thread 3 ] DEBUG Engine               - scaledWidthProp$fxgl: DoubleProperty [bound, value: 800.0]
09:56:45.675 [FXGL Background Thread 3 ] DEBUG Engine               - sceneFactory: com.almasb.fxgl.app.scene.SceneFactory@5d7e3d66
09:56:45.675 [FXGL Background Thread 3 ] DEBUG Engine               - secondsIn24h: 60
09:56:45.675 [FXGL Background Thread 3 ] DEBUG Engine               - soundMenuBack: menu/back.wav
09:56:45.675 [FXGL Background Thread 3 ] DEBUG Engine               - soundMenuPress: menu/press.wav
09:56:45.675 [FXGL Background Thread 3 ] DEBUG Engine               - soundMenuSelect: menu/select.wav
09:56:45.675 [FXGL Background Thread 3 ] DEBUG Engine               - soundNotification: core/notification.wav
09:56:45.675 [FXGL Background Thread 3 ] DEBUG Engine               - stageStyle: DECORATED
09:56:45.675 [FXGL Background Thread 3 ] DEBUG Engine               - supportedLanguages: [ENGLISH, FRENCH, GERMAN, HUNGARIAN, RUSSIAN]
09:56:45.675 [FXGL Background Thread 3 ] DEBUG Engine               - ticksPerSecond: -1
09:56:45.675 [FXGL Background Thread 3 ] DEBUG Engine               - title: Zelda 2D Game
09:56:45.675 [FXGL Background Thread 3 ] DEBUG Engine               - urlGithub: https://github.com/AlmasB/FXGL
09:56:45.675 [FXGL Background Thread 3 ] DEBUG Engine               - urlLeaderboard: http://fxgl-top.herokuapp.com/
09:56:45.676 [FXGL Background Thread 3 ] DEBUG Engine               - urlPOM: https://raw.githubusercontent.com/AlmasB/FXGL/release/README.md
09:56:45.676 [FXGL Background Thread 3 ] DEBUG Engine               - userAppClass: class com.example.zeldapuzzle.MainGameApp
09:56:45.676 [FXGL Background Thread 3 ] DEBUG Engine               - version: 1
09:56:45.676 [FXGL Background Thread 3 ] DEBUG Engine               - versionCheckDays: 7
09:56:45.676 [FXGL Background Thread 3 ] DEBUG Engine               - width: 800
09:56:45.676 [FXGL Background Thread 3 ] DEBUG Engine               - Logging services
09:56:45.676 [FXGL Background Thread 3 ] DEBUG Engine               - class com.almasb.fxgl.app.services.FXGLAssetLoaderService
09:56:45.676 [FXGL Background Thread 3 ] DEBUG Engine               - class com.almasb.fxgl.app.FXGLApplication$GameApplicationService
09:56:45.676 [FXGL Background Thread 3 ] DEBUG Engine               - class com.almasb.fxgl.app.services.FXGLDialogService
09:56:45.676 [FXGL Background Thread 3 ] DEBUG Engine               - class com.almasb.fxgl.app.services.IOTaskExecutorService
09:56:45.676 [FXGL Background Thread 3 ] DEBUG Engine               - class com.almasb.fxgl.io.FileSystemService
09:56:45.676 [FXGL Background Thread 3 ] DEBUG Engine               - class com.almasb.fxgl.localization.LocalizationService
09:56:45.676 [FXGL Background Thread 3 ] DEBUG Engine               - class com.almasb.fxgl.app.services.SystemBundleService
09:56:45.676 [FXGL Background Thread 3 ] DEBUG Engine               - class com.almasb.fxgl.profile.SaveLoadService
09:56:45.676 [FXGL Background Thread 3 ] DEBUG Engine               - class com.almasb.fxgl.ui.FXGLUIFactoryServiceProvider
09:56:45.676 [FXGL Background Thread 3 ] DEBUG Engine               - class com.almasb.fxgl.ui.FXGLDialogFactoryServiceProvider
09:56:45.677 [FXGL Background Thread 3 ] DEBUG Engine               - class com.almasb.fxgl.audio.AudioPlayer
09:56:45.677 [FXGL Background Thread 3 ] DEBUG Engine               - class com.almasb.fxgl.notification.impl.NotificationServiceProvider
09:56:45.677 [FXGL Background Thread 3 ] DEBUG Engine               - class com.almasb.fxgl.achievement.AchievementService
09:56:45.677 [FXGL Background Thread 3 ] DEBUG Engine               - class com.almasb.fxgl.cutscene.CutsceneService
09:56:45.677 [FXGL Background Thread 3 ] DEBUG Engine               - class com.almasb.fxgl.minigames.MiniGameService
09:56:45.677 [FXGL Background Thread 3 ] DEBUG Engine               - class com.almasb.fxgl.net.NetService
09:56:45.677 [FXGL Background Thread 3 ] DEBUG Engine               - class com.almasb.fxgl.app.services.UpdaterService
09:56:45.677 [FXGL Background Thread 3 ] DEBUG Engine               - class com.almasb.fxgl.dev.DevService
09:57:09.722 [JavaFX Application Thread] DEBUG FXGLApplication      - Exiting FXGL
09:57:09.722 [JavaFX Application Thread] DEBUG LoopRunner           - Stopping loop
09:57:09.722 [JavaFX Application Thread] DEBUG SystemBundleService  - Saving FXGL system data
09:57:09.725 [JavaFX Application Thread] DEBUG FileSystemAccess     - Writing to: /Users/CHLaroche05/zelda/zeldaPuzzle/system/fxgl.bundle
09:57:09.728 [JavaFX Application Thread] DEBUG Async                - Shutting down background threads
09:57:09.728 [JavaFX Application Thread] DEBUG PrimaryStageWindow   - Closing main window
09:57:09.736 [JavaFX Application Thread] DEBUG Logger               - Closing Logger
