11:07:36.808 [main                     ] DEBUG Logger               - Configured Logger
11:07:36.830 [main                     ] DEBUG GameApplication      - Logging settings
Title: Zelda 2D Game
Version: 1
Width: 800
Height: 800
Fullscreen: true
Intro: false
Profiling: false
Single step:false
App Mode: DEVELOPER
Menu Key: ESCAPE
Stage Style: DECORATED
Scene Factory: class com.almasb.fxgl.app.scene.SceneFactory

11:07:37.045 [JavaFX Application Thread] DEBUG FXGLApplication      - Initializing FXGL
11:07:37.049 [JavaFX Application Thread] INFO  Engine               - FXGL-17 (31.12.2021 18.16) on MAC (J:19.0.1 FX:19)
11:07:37.050 [JavaFX Application Thread] DEBUG Engine               - JRE Vendor Name: Oracle Corporation
11:07:37.050 [JavaFX Application Thread] DEBUG Engine               - Running on OS: Mac OS X version 12.5
11:07:37.051 [JavaFX Application Thread] DEBUG Engine               - Architecture: aarch64
11:07:37.051 [JavaFX Application Thread] INFO  Engine               - Source code and latest versions at: https://github.com/AlmasB/FXGL
11:07:37.051 [JavaFX Application Thread] INFO  Engine               -       Ask questions and discuss at: https://github.com/AlmasB/FXGL/discussions
11:07:37.051 [JavaFX Application Thread] INFO  Engine               -              Join the FXGL chat at: https://gitter.im/AlmasB/FXGL
11:07:37.116 [JavaFX Application Thread] DEBUG PrimaryStageWindow   - Creating a JavaFX scene
11:07:37.159 [JavaFX Application Thread] DEBUG PrimaryStageWindow   - Target settings size: 800.0 x 800.0
11:07:37.160 [JavaFX Application Thread] DEBUG PrimaryStageWindow   - Scaled scene size:    800.0 x 800.0
11:07:37.160 [JavaFX Application Thread] DEBUG PrimaryStageWindow   - Scaled ratio: (1.0, 1.0)
11:07:37.161 [JavaFX Application Thread] DEBUG PrimaryStageWindow   - Set initial scene to FXGLStartupScene
11:07:37.165 [JavaFX Application Thread] DEBUG PrimaryStageWindow   - Opening main window
11:07:37.278 [JavaFX Application Thread] DEBUG PrimaryStageWindow   - Window border size: (0.0, 28.0)
11:07:37.278 [JavaFX Application Thread] DEBUG PrimaryStageWindow   - Scaled size: 800.0 x 800.0
11:07:37.278 [JavaFX Application Thread] DEBUG PrimaryStageWindow   - Scaled ratio: (1.0, 1.0)
11:07:37.279 [JavaFX Application Thread] DEBUG PrimaryStageWindow   - Scene size: 800.0 x 800.0
11:07:37.279 [JavaFX Application Thread] DEBUG PrimaryStageWindow   - Stage size: 800.0 x 828.0
11:07:37.284 [FXGL Background Thread 1 ] DEBUG Engine               - Initializing environment variables
11:07:37.326 [FXGL Background Thread 1 ] DEBUG FXGLAssetLoaderServi - User app class for loading assets: class com.example.zeldapuzzle.MainGameApp
11:07:37.326 [FXGL Background Thread 1 ] DEBUG GameApplicationServi - Applying CSS: fxgl_dark.css
11:07:37.326 [FXGL Background Thread 1 ] DEBUG FXGLAssetLoaderServi - Loading from file system: jar:file:///Users/CHLaroche05/.m2/repository/com/github/almasb/fxgl/17/fxgl-17.jar!/fxglassets/ui/css/fxgl_dark.css
11:07:37.360 [FXGL Background Thread 1 ] DEBUG GameApplicationServi - Initializing application scenes
11:07:37.581 [FXGL Background Thread 1 ] DEBUG GameWorld            - Game world initialized
11:07:37.749 [FXGL Background Thread 1 ] DEBUG PhysicsWorld         - Physics world initialized: appHeight=800, physics.ppm=50.0
11:07:37.750 [FXGL Background Thread 1 ] DEBUG PhysicsWorld         - Using strategy: BRUTE_FORCE
11:07:37.762 [FXGL Background Thread 1 ] DEBUG GameScene            - Game scene initialized: 800x800
11:07:37.811 [FXGL Background Thread 1 ] DEBUG FXGL.DefaultMenu     - createMenuBodyMainMenu()
11:07:37.834 [FXGL Background Thread 1 ] DEBUG FXGL.DefaultMenu     - createOptionsMenu()
11:07:37.847 [FXGL Background Thread 1 ] DEBUG FXGLAssetLoaderServi - Loading from file system: jar:file:///Users/CHLaroche05/.m2/repository/com/github/almasb/fxgl/17/fxgl-17.jar!/fxglassets/textures/particles/smoke.png
11:07:38.090 [FXGL Background Thread 1 ] DEBUG FXGLAssetLoaderServi - Loading from file system: jar:file:///Users/CHLaroche05/.m2/repository/com/github/almasb/fxgl/17/fxgl-17.jar!/fxglassets/textures/particles/trace_horizontal.png
11:07:38.122 [FXGL Background Thread 1 ] DEBUG FXGL.DefaultMenu     - createMenuBodyGameMenu()
11:07:38.123 [FXGL Background Thread 1 ] DEBUG FXGL.DefaultMenu     - createOptionsMenu()
11:07:38.184 [FXGL Background Thread 1 ] DEBUG GameApplicationServi - Application scenes initialized
11:07:38.202 [FXGL Background Thread 1 ] DEBUG SystemBundleService  - Loading FXGL system data
11:07:38.206 [FXGL Background Thread 1 ] DEBUG FileSystemAccess     - Reading from: /Users/CHLaroche05/zelda/zeldaPuzzle copy/system/fxgl.bundle
11:07:38.219 [FXGL Background Thread 1 ] DEBUG SystemBundleService  - Bundle FXGL: {}
11:07:38.219 [FXGL Background Thread 1 ] DEBUG UpdaterService       - Checking for updates
11:07:38.250 [FXGL Background Thread 4 ] DEBUG FXGLApplication      - Loading fonts
11:07:38.250 [FXGL Background Thread 1 ] DEBUG FXGLApplication      - Loading default localization
11:07:38.250 [FXGL Background Thread 4 ] DEBUG FXGLAssetLoaderServi - Loading from file system: jar:file:///Users/CHLaroche05/.m2/repository/com/github/almasb/fxgl/17/fxgl-17.jar!/fxglassets/ui/fonts/VarelaRound-Regular.ttf
11:07:38.251 [FXGL Background Thread 1 ] DEBUG FXGLAssetLoaderServi - Loading from file system: jar:file:///Users/CHLaroche05/.m2/repository/com/github/almasb/fxgl/17/fxgl-17.jar!/fxglassets/languages/english.lang
11:07:38.262 [FXGL Background Thread 4 ] DEBUG FXGLAssetLoaderServi - Loading from file system: jar:file:///Users/CHLaroche05/.m2/repository/com/github/almasb/fxgl/17/fxgl-17.jar!/fxglassets/ui/fonts/Abel-Regular.ttf
11:07:38.267 [FXGL Background Thread 4 ] DEBUG FXGLAssetLoaderServi - Loading from file system: jar:file:///Users/CHLaroche05/.m2/repository/com/github/almasb/fxgl/17/fxgl-17.jar!/fxglassets/ui/fonts/TerminalLandMono-Regular.otf
11:07:38.269 [FXGL Background Thread 1 ] INFO  FXGLApplication      - FXGL initialization took: 0.985 sec
11:07:38.272 [FXGL Background Thread 4 ] DEBUG FXGLAssetLoaderServi - Loading from file system: jar:file:///Users/CHLaroche05/.m2/repository/com/github/almasb/fxgl/17/fxgl-17.jar!/fxglassets/ui/fonts/Courier-Prime.ttf
11:07:38.279 [JavaFX Application Thread] DEBUG Input                - Registered new binding: inventaire - Tab
11:07:38.279 [JavaFX Application Thread] DEBUG Input                - Registered new binding: getPosition - P
11:07:38.279 [JavaFX Application Thread] DEBUG Input                - Registered new binding: zoom+ - Up
11:07:38.279 [JavaFX Application Thread] DEBUG Input                - Registered new binding: zoom- - Down
11:07:38.280 [JavaFX Application Thread] DEBUG Input                - Registered new binding: resetZoom - 0
11:07:38.280 [JavaFX Application Thread] DEBUG Input                - Registered new binding: Move right - D
11:07:38.280 [JavaFX Application Thread] DEBUG Input                - Registered new binding: Move left - A
11:07:38.280 [JavaFX Application Thread] DEBUG Input                - Registered new binding: Move Up - W
11:07:38.280 [JavaFX Application Thread] DEBUG Input                - Registered new binding: Move Down - S
11:07:38.280 [JavaFX Application Thread] DEBUG Input                - Registered new binding: Jump - Space
11:07:38.281 [JavaFX Application Thread] DEBUG FXGLAssetLoaderServi - Loading from file system: jar:file:///Users/CHLaroche05/.m2/repository/com/github/almasb/fxgl/17/fxgl-17.jar!/fxglassets/textures/fxgl_icon.png
11:07:38.317 [JavaFX Application Thread] DEBUG FXGLAssetLoaderServi - Loading from file system: jar:file:///Users/CHLaroche05/.m2/repository/com/github/almasb/fxgl/17/fxgl-17.jar!/fxglassets/textures/fxgl_default_cursor.png
11:07:38.318 [JavaFX Application Thread] DEBUG Input                - Registered new binding: Screenshot - CTRL+8
11:07:38.319 [JavaFX Application Thread] DEBUG Input                - Registered new binding: Dev Options - 1
11:07:38.319 [JavaFX Application Thread] DEBUG Input                - Registered new binding: Dev Console - 2
11:07:38.319 [JavaFX Application Thread] DEBUG Input                - Registered new binding: System info dump - CTRL+9
11:07:38.319 [JavaFX Application Thread] DEBUG Input                - Registered new binding: Restart - CTRL+R
11:07:38.320 [JavaFX Application Thread] DEBUG Input                - Registered new binding: Toggle Debug Camera - CTRL+7
11:07:38.322 [JavaFX Application Thread] DEBUG LoopRunner           - Starting loop
11:07:38.334 [JavaFX Application Thread] DEBUG LoopRunner           - Initializing JavaFX AnimationTimerLoop
11:07:38.337 [JavaFX Application Thread] DEBUG Input                - Clearing active input actions
11:07:38.346 [JavaFX Application Thread] DEBUG GameApplicationServi - Removing overlay from FXGLStartupScene and adding to FXGLMainMenuDummyScene
11:07:38.350 [JavaFX Application Thread] DEBUG PrimaryStageWindow   - FXGLStartupScene -> FXGLMainMenuDummyScene
11:07:38.350 [JavaFX Application Thread] DEBUG PrimaryStageWindow   - Push state: FXGLDefaultMenu
11:07:38.352 [JavaFX Application Thread] DEBUG Input                - Clearing active input actions
11:07:38.358 [JavaFX Application Thread] DEBUG GameApplicationServi - Removing overlay from FXGLMainMenuDummyScene and adding to FXGLDefaultMenu
11:07:38.359 [JavaFX Application Thread] DEBUG PrimaryStageWindow   - FXGLMainMenuDummyScene -> FXGLDefaultMenu
11:07:38.380 [JavaFX Application Thread] DEBUG FXGLApplication      - Registering font factories with UI factory
11:07:38.684 [FXGL Background Thread 2 ] INFO  UpdaterService       - Your current version:  17
11:07:38.684 [FXGL Background Thread 2 ] INFO  UpdaterService       - Latest stable version: 21.1
11:07:39.282 [JavaFX Application Thread] DEBUG Menu                 - fireNewGame()
11:07:39.282 [JavaFX Application Thread] DEBUG GameApplicationServi - Starting new game
11:07:39.284 [JavaFX Application Thread] DEBUG PrimaryStageWindow   - Pop state: FXGLDefaultMenu
11:07:39.284 [JavaFX Application Thread] DEBUG Input                - Clearing active input actions
11:07:39.285 [JavaFX Application Thread] DEBUG GameApplicationServi - Removing overlay from FXGLDefaultMenu and adding to FXGLMainMenuDummyScene
11:07:39.287 [JavaFX Application Thread] DEBUG PrimaryStageWindow   - FXGLMainMenuDummyScene <- FXGLDefaultMenu
11:07:39.287 [JavaFX Application Thread] DEBUG Input                - Clearing active input actions
11:07:39.298 [JavaFX Application Thread] DEBUG GameApplicationServi - Removing overlay from FXGLMainMenuDummyScene and adding to FXGLLoadingScene
11:07:39.299 [JavaFX Application Thread] DEBUG PrimaryStageWindow   - FXGLMainMenuDummyScene -> FXGLLoadingScene
11:07:39.299 [JavaFX Application Thread] DEBUG GameApplicationServi - Clearing previous game
11:07:39.299 [JavaFX Application Thread] DEBUG GameScene            - Clearing game scene
11:07:39.299 [JavaFX Application Thread] DEBUG GameWorld            - Clearing game world
11:07:39.299 [JavaFX Application Thread] DEBUG PhysicsWorld         - Clearing physics world
11:07:39.301 [FXGL Background Thread 2 ] DEBUG FXGLApplication      - Initializing game
11:07:39.349 [FXGL Background Thread 2 ] WARN  TMXLevelLoader       - TiledMap generated from 1.10.2. Supported version: 1.2.3. Some features may not be parsed fully.
11:07:39.450 [FXGL Background Thread 2 ] DEBUG TMXLevelLoader       - Parsed TiledMap: file:/Users/CHLaroche05/zelda/zeldaPuzzle%20copy/target/classes/assets/levels/mapFinal.tmx
11:07:39.451 [FXGL Background Thread 2 ] DEBUG TMXLevelLoader       - Creating tile layer entities
11:07:39.455 [FXGL Background Thread 2 ] DEBUG TilesetLoader        - Loading view for layer background
11:07:39.474 [FXGL Background Thread 2 ] DEBUG TilesetLoader        - Created buffer with size 4800.0x4800.0
11:07:39.751 [FXGL Background Thread 2 ] DEBUG TilesetLoader        - Loading view for layer devant
11:07:39.767 [FXGL Background Thread 2 ] DEBUG TilesetLoader        - Created buffer with size 4800.0x4800.0
11:07:39.812 [FXGL Background Thread 2 ] DEBUG TilesetLoader        - Loading view for layer devant1
11:07:39.830 [FXGL Background Thread 2 ] DEBUG TilesetLoader        - Created buffer with size 4800.0x4800.0
11:07:39.858 [FXGL Background Thread 2 ] DEBUG TMXLevelLoader       - Creating object layer entities
11:07:39.921 [FXGL Background Thread 2 ] DEBUG GameWorld            - Clearing removable entities
11:07:39.922 [FXGL Background Thread 2 ] DEBUG GameWorld            - Setting level: com.almasb.fxgl.entity.level.Level@3c3dc8c6
11:07:39.949 [FXGL Background Thread 2 ] WARN  GameWorld            - Entity is already attached to world
11:07:39.951 [FXGL Background Thread 2 ] WARN  GameWorld            - Entity is already attached to world
11:07:39.959 [FXGL Background Thread 2 ] INFO  FXGLApplication      - Game initialization took: 0.658 sec
11:07:39.960 [JavaFX Application Thread] DEBUG Input                - Clearing active input actions
11:07:39.969 [JavaFX Application Thread] DEBUG GameApplicationServi - Removing overlay from FXGLLoadingScene and adding to GameScene
11:07:39.976 [JavaFX Application Thread] DEBUG PrimaryStageWindow   - FXGLLoadingScene -> GameScene
11:07:41.252 [FXGL Background Thread 3 ] DEBUG Engine               - Logging environment variables
11:07:41.253 [FXGL Background Thread 3 ] DEBUG Engine               - achievements: []
11:07:41.253 [FXGL Background Thread 3 ] DEBUG Engine               - actualHeight: 800.0
11:07:41.253 [FXGL Background Thread 3 ] DEBUG Engine               - actualHeightProperty: ReadOnlyDoubleProperty [value: 800.0]
11:07:41.254 [FXGL Background Thread 3 ] DEBUG Engine               - actualWidth: 800.0
11:07:41.254 [FXGL Background Thread 3 ] DEBUG Engine               - actualWidthProperty: ReadOnlyDoubleProperty [value: 800.0]
11:07:41.254 [FXGL Background Thread 3 ] DEBUG Engine               - appIcon: fxgl_icon.png
11:07:41.254 [FXGL Background Thread 3 ] DEBUG Engine               - applicationMode: DEVELOPER
11:07:41.254 [FXGL Background Thread 3 ] DEBUG Engine               - cSSList: [fxgl_dark.css]
11:07:41.254 [FXGL Background Thread 3 ] DEBUG Engine               - collisionDetectionStrategy: BRUTE_FORCE
11:07:41.254 [FXGL Background Thread 3 ] DEBUG Engine               - configClass: Optional.empty
11:07:41.254 [FXGL Background Thread 3 ] DEBUG Engine               - credits: []
11:07:41.255 [FXGL Background Thread 3 ] DEBUG Engine               - defaultCursor: CursorInfo(imageName=fxgl_default_cursor.png, hotspotX=7.0, hotspotY=6.0)
11:07:41.255 [FXGL Background Thread 3 ] DEBUG Engine               - devBBoxColorProperty: ObjectProperty [value: 0xff0000ff]
11:07:41.255 [FXGL Background Thread 3 ] DEBUG Engine               - devEnableDebugCameraProperty: BooleanProperty [value: false]
11:07:41.255 [FXGL Background Thread 3 ] DEBUG Engine               - devSensorColorProperty: ObjectProperty [value: 0xffff00ff]
11:07:41.255 [FXGL Background Thread 3 ] DEBUG Engine               - devShowBBoxProperty: BooleanProperty [value: false]
11:07:41.255 [FXGL Background Thread 3 ] DEBUG Engine               - devShowPositionProperty: BooleanProperty [value: false]
11:07:41.255 [FXGL Background Thread 3 ] DEBUG Engine               - enabledMenuItems: []
11:07:41.255 [FXGL Background Thread 3 ] DEBUG Engine               - engineServices: [class com.almasb.fxgl.app.services.FXGLAssetLoaderService, class com.almasb.fxgl.app.FXGLApplication$GameApplicationService, class com.almasb.fxgl.app.services.FXGLDialogService, class com.almasb.fxgl.app.services.IOTaskExecutorService, class com.almasb.fxgl.io.FileSystemService, class com.almasb.fxgl.localization.LocalizationService, class com.almasb.fxgl.app.services.SystemBundleService, class com.almasb.fxgl.profile.SaveLoadService, class com.almasb.fxgl.ui.FXGLUIFactoryServiceProvider, class com.almasb.fxgl.ui.FXGLDialogFactoryServiceProvider, class com.almasb.fxgl.audio.AudioPlayer, class com.almasb.fxgl.notification.impl.NotificationServiceProvider, class com.almasb.fxgl.achievement.AchievementService, class com.almasb.fxgl.cutscene.CutsceneService, class com.almasb.fxgl.minigames.MiniGameService, class com.almasb.fxgl.net.NetService, class com.almasb.fxgl.app.services.UpdaterService, class com.almasb.fxgl.dev.DevService]
11:07:41.255 [FXGL Background Thread 3 ] DEBUG Engine               - fontGame: Abel-Regular.ttf
11:07:41.256 [FXGL Background Thread 3 ] DEBUG Engine               - fontMono: TerminalLandMono-Regular.otf
11:07:41.256 [FXGL Background Thread 3 ] DEBUG Engine               - fontText: Courier-Prime.ttf
11:07:41.256 [FXGL Background Thread 3 ] DEBUG Engine               - fontUI: VarelaRound-Regular.ttf
11:07:41.256 [FXGL Background Thread 3 ] DEBUG Engine               - fullScreen: BooleanProperty [value: false]
11:07:41.256 [FXGL Background Thread 3 ] DEBUG Engine               - gameDifficulty: MEDIUM
11:07:41.256 [FXGL Background Thread 3 ] DEBUG Engine               - gameDifficultyProperty: ObjectProperty [value: MEDIUM]
11:07:41.256 [FXGL Background Thread 3 ] DEBUG Engine               - globalMusicVolume: 0.5
11:07:41.256 [FXGL Background Thread 3 ] DEBUG Engine               - globalMusicVolumeProperty: DoubleProperty [value: 0.5]
11:07:41.256 [FXGL Background Thread 3 ] DEBUG Engine               - globalSoundVolume: 0.5
11:07:41.256 [FXGL Background Thread 3 ] DEBUG Engine               - globalSoundVolumeProperty: DoubleProperty [value: 0.5]
11:07:41.256 [FXGL Background Thread 3 ] DEBUG Engine               - height: 800
11:07:41.256 [FXGL Background Thread 3 ] DEBUG Engine               - is3D: false
11:07:41.256 [FXGL Background Thread 3 ] DEBUG Engine               - isAndroid: false
11:07:41.257 [FXGL Background Thread 3 ] DEBUG Engine               - isBrowser: false
11:07:41.257 [FXGL Background Thread 3 ] DEBUG Engine               - isClickFeedbackEnabled: false
11:07:41.257 [FXGL Background Thread 3 ] DEBUG Engine               - isCloseConfirmation: false
11:07:41.257 [FXGL Background Thread 3 ] DEBUG Engine               - isDesktop: true
11:07:41.257 [FXGL Background Thread 3 ] DEBUG Engine               - isDeveloperMenuEnabled: true
11:07:41.257 [FXGL Background Thread 3 ] DEBUG Engine               - isEmbedded: false
11:07:41.257 [FXGL Background Thread 3 ] DEBUG Engine               - isEntityPreloadEnabled: true
11:07:41.257 [FXGL Background Thread 3 ] DEBUG Engine               - isExperimentalTiledLargeMap: false
11:07:41.257 [FXGL Background Thread 3 ] DEBUG Engine               - isFileSystemWriteAllowed: true
11:07:41.257 [FXGL Background Thread 3 ] DEBUG Engine               - isFullScreenAllowed: true
11:07:41.257 [FXGL Background Thread 3 ] DEBUG Engine               - isFullScreenFromStart: false
11:07:41.257 [FXGL Background Thread 3 ] DEBUG Engine               - isGameMenuEnabled: true
11:07:41.257 [FXGL Background Thread 3 ] DEBUG Engine               - isIOS: false
11:07:41.257 [FXGL Background Thread 3 ] DEBUG Engine               - isIntroEnabled: false
11:07:41.258 [FXGL Background Thread 3 ] DEBUG Engine               - isLinux: false
11:07:41.258 [FXGL Background Thread 3 ] DEBUG Engine               - isMac: true
11:07:41.258 [FXGL Background Thread 3 ] DEBUG Engine               - isMainMenuEnabled: true
11:07:41.258 [FXGL Background Thread 3 ] DEBUG Engine               - isManualResizeEnabled: false
11:07:41.258 [FXGL Background Thread 3 ] DEBUG Engine               - isMobile: false
11:07:41.258 [FXGL Background Thread 3 ] DEBUG Engine               - isNative: false
11:07:41.258 [FXGL Background Thread 3 ] DEBUG Engine               - isPauseMusicWhenMinimized: true
11:07:41.258 [FXGL Background Thread 3 ] DEBUG Engine               - isPreserveResizeRatio: false
11:07:41.258 [FXGL Background Thread 3 ] DEBUG Engine               - isProfilingEnabled: false
11:07:41.258 [FXGL Background Thread 3 ] DEBUG Engine               - isScaleAffectedOnResize: true
11:07:41.258 [FXGL Background Thread 3 ] DEBUG Engine               - isSingleStep: false
11:07:41.258 [FXGL Background Thread 3 ] DEBUG Engine               - isUserProfileEnabled: false
11:07:41.258 [FXGL Background Thread 3 ] DEBUG Engine               - isWindows: false
11:07:41.258 [FXGL Background Thread 3 ] DEBUG Engine               - language: ObjectProperty [value: ENGLISH]
11:07:41.258 [FXGL Background Thread 3 ] DEBUG Engine               - menuKey: ESCAPE
11:07:41.259 [FXGL Background Thread 3 ] DEBUG Engine               - mouseSensitivity: 0.2
11:07:41.259 [FXGL Background Thread 3 ] DEBUG Engine               - notificationViewClass: class com.almasb.fxgl.notification.view.XboxNotificationView
11:07:41.259 [FXGL Background Thread 3 ] DEBUG Engine               - pixelsPerMeter: 50.0
11:07:41.259 [FXGL Background Thread 3 ] DEBUG Engine               - platform: MAC
11:07:41.259 [FXGL Background Thread 3 ] DEBUG Engine               - prefHeightProperty: ReadOnlyDoubleProperty [value: 800.0]
11:07:41.259 [FXGL Background Thread 3 ] DEBUG Engine               - prefWidthProperty: ReadOnlyDoubleProperty [value: 800.0]
11:07:41.259 [FXGL Background Thread 3 ] DEBUG Engine               - profileDir: profiles/
11:07:41.259 [FXGL Background Thread 3 ] DEBUG Engine               - profileName: StringProperty [value: DEFAULT]
11:07:41.259 [FXGL Background Thread 3 ] DEBUG Engine               - randomSeed: -1
11:07:41.259 [FXGL Background Thread 3 ] DEBUG Engine               - runtimeInfo: RuntimeInfo(platform=MAC, version=17, build=31.12.2021 18.16)
11:07:41.259 [FXGL Background Thread 3 ] DEBUG Engine               - saveFileExt: sav
11:07:41.259 [FXGL Background Thread 3 ] DEBUG Engine               - scaledHeightProp$fxgl: DoubleProperty [bound, value: 800.0]
11:07:41.260 [FXGL Background Thread 3 ] DEBUG Engine               - scaledWidthProp$fxgl: DoubleProperty [bound, value: 800.0]
11:07:41.260 [FXGL Background Thread 3 ] DEBUG Engine               - sceneFactory: com.almasb.fxgl.app.scene.SceneFactory@3b77eb8b
11:07:41.260 [FXGL Background Thread 3 ] DEBUG Engine               - secondsIn24h: 60
11:07:41.260 [FXGL Background Thread 3 ] DEBUG Engine               - soundMenuBack: menu/back.wav
11:07:41.260 [FXGL Background Thread 3 ] DEBUG Engine               - soundMenuPress: menu/press.wav
11:07:41.260 [FXGL Background Thread 3 ] DEBUG Engine               - soundMenuSelect: menu/select.wav
11:07:41.260 [FXGL Background Thread 3 ] DEBUG Engine               - soundNotification: core/notification.wav
11:07:41.260 [FXGL Background Thread 3 ] DEBUG Engine               - stageStyle: DECORATED
11:07:41.260 [FXGL Background Thread 3 ] DEBUG Engine               - supportedLanguages: [ENGLISH, FRENCH, GERMAN, HUNGARIAN, RUSSIAN]
11:07:41.260 [FXGL Background Thread 3 ] DEBUG Engine               - ticksPerSecond: -1
11:07:41.260 [FXGL Background Thread 3 ] DEBUG Engine               - title: Zelda 2D Game
11:07:41.260 [FXGL Background Thread 3 ] DEBUG Engine               - urlGithub: https://github.com/AlmasB/FXGL
11:07:41.260 [FXGL Background Thread 3 ] DEBUG Engine               - urlLeaderboard: http://fxgl-top.herokuapp.com/
11:07:41.260 [FXGL Background Thread 3 ] DEBUG Engine               - urlPOM: https://raw.githubusercontent.com/AlmasB/FXGL/release/README.md
11:07:41.260 [FXGL Background Thread 3 ] DEBUG Engine               - userAppClass: class com.example.zeldapuzzle.MainGameApp
11:07:41.261 [FXGL Background Thread 3 ] DEBUG Engine               - version: 1
11:07:41.261 [FXGL Background Thread 3 ] DEBUG Engine               - versionCheckDays: 7
11:07:41.261 [FXGL Background Thread 3 ] DEBUG Engine               - width: 800
11:07:41.261 [FXGL Background Thread 3 ] DEBUG Engine               - Logging services
11:07:41.261 [FXGL Background Thread 3 ] DEBUG Engine               - class com.almasb.fxgl.app.services.FXGLAssetLoaderService
11:07:41.261 [FXGL Background Thread 3 ] DEBUG Engine               - class com.almasb.fxgl.app.FXGLApplication$GameApplicationService
11:07:41.261 [FXGL Background Thread 3 ] DEBUG Engine               - class com.almasb.fxgl.app.services.FXGLDialogService
11:07:41.261 [FXGL Background Thread 3 ] DEBUG Engine               - class com.almasb.fxgl.app.services.IOTaskExecutorService
11:07:41.261 [FXGL Background Thread 3 ] DEBUG Engine               - class com.almasb.fxgl.io.FileSystemService
11:07:41.261 [FXGL Background Thread 3 ] DEBUG Engine               - class com.almasb.fxgl.localization.LocalizationService
11:07:41.261 [FXGL Background Thread 3 ] DEBUG Engine               - class com.almasb.fxgl.app.services.SystemBundleService
11:07:41.261 [FXGL Background Thread 3 ] DEBUG Engine               - class com.almasb.fxgl.profile.SaveLoadService
11:07:41.261 [FXGL Background Thread 3 ] DEBUG Engine               - class com.almasb.fxgl.ui.FXGLUIFactoryServiceProvider
11:07:41.261 [FXGL Background Thread 3 ] DEBUG Engine               - class com.almasb.fxgl.ui.FXGLDialogFactoryServiceProvider
11:07:41.261 [FXGL Background Thread 3 ] DEBUG Engine               - class com.almasb.fxgl.audio.AudioPlayer
11:07:41.261 [FXGL Background Thread 3 ] DEBUG Engine               - class com.almasb.fxgl.notification.impl.NotificationServiceProvider
11:07:41.261 [FXGL Background Thread 3 ] DEBUG Engine               - class com.almasb.fxgl.achievement.AchievementService
11:07:41.261 [FXGL Background Thread 3 ] DEBUG Engine               - class com.almasb.fxgl.cutscene.CutsceneService
11:07:41.262 [FXGL Background Thread 3 ] DEBUG Engine               - class com.almasb.fxgl.minigames.MiniGameService
11:07:41.262 [FXGL Background Thread 3 ] DEBUG Engine               - class com.almasb.fxgl.net.NetService
11:07:41.262 [FXGL Background Thread 3 ] DEBUG Engine               - class com.almasb.fxgl.app.services.UpdaterService
11:07:41.262 [FXGL Background Thread 3 ] DEBUG Engine               - class com.almasb.fxgl.dev.DevService
11:07:46.449 [JavaFX Application Thread] WARN  TMXLevelLoader       - TiledMap generated from 1.10.2. Supported version: 1.2.3. Some features may not be parsed fully.
11:07:46.475 [JavaFX Application Thread] DEBUG TMXLevelLoader       - Parsed TiledMap: file:/Users/CHLaroche05/zelda/zeldaPuzzle%20copy/target/classes/assets/levels/leDongeon.tmx
11:07:46.475 [JavaFX Application Thread] DEBUG TMXLevelLoader       - Creating tile layer entities
11:07:46.476 [JavaFX Application Thread] DEBUG TilesetLoader        - Loading view for layer BG1
11:07:46.480 [JavaFX Application Thread] DEBUG TilesetLoader        - Created buffer with size 2400.0x800.0
11:07:46.497 [JavaFX Application Thread] DEBUG TilesetLoader        - Loading view for layer BG2
11:07:46.497 [JavaFX Application Thread] DEBUG TilesetLoader        - Created buffer with size 2400.0x800.0
11:07:46.507 [JavaFX Application Thread] DEBUG TilesetLoader        - Loading view for layer BG3
11:07:46.507 [JavaFX Application Thread] DEBUG TilesetLoader        - Created buffer with size 2400.0x800.0
11:07:46.519 [JavaFX Application Thread] DEBUG TilesetLoader        - Loading view for layer BG4a
11:07:46.519 [JavaFX Application Thread] DEBUG TilesetLoader        - Created buffer with size 2400.0x800.0
11:07:46.530 [JavaFX Application Thread] DEBUG TilesetLoader        - Loading view for layer BG4b
11:07:46.531 [JavaFX Application Thread] DEBUG TilesetLoader        - Created buffer with size 2400.0x800.0
11:07:46.542 [JavaFX Application Thread] DEBUG TilesetLoader        - Loading view for layer MainBuild3
11:07:46.543 [JavaFX Application Thread] DEBUG TilesetLoader        - Created buffer with size 2400.0x800.0
11:07:46.595 [JavaFX Application Thread] DEBUG TilesetLoader        - Loading view for layer MainBuild2
11:07:46.596 [JavaFX Application Thread] DEBUG TilesetLoader        - Created buffer with size 2400.0x800.0
11:07:46.597 [JavaFX Application Thread] DEBUG TilesetLoader        - Loading view for layer MainBuild
11:07:46.598 [JavaFX Application Thread] DEBUG TilesetLoader        - Created buffer with size 2400.0x800.0
11:07:46.601 [JavaFX Application Thread] DEBUG TMXLevelLoader       - Creating object layer entities
11:07:46.609 [JavaFX Application Thread] DEBUG GameWorld            - Clearing removable entities
11:07:46.614 [JavaFX Application Thread] DEBUG GameWorld            - Setting level: com.almasb.fxgl.entity.level.Level@137884de
11:07:46.623 [JavaFX Application Thread] WARN  GameWorld            - Entity is already attached to world
11:08:01.899 [JavaFX Application Thread] WARN  GameWorld            - Entity is already attached to world
11:08:07.734 [JavaFX Application Thread] WARN  GameWorld            - Entity is already attached to world
11:08:09.674 [JavaFX Application Thread] WARN  GameWorld            - Entity is already attached to world
11:08:13.469 [JavaFX Application Thread] WARN  GameWorld            - Entity is already attached to world
11:08:15.260 [JavaFX Application Thread] WARN  GameWorld            - Entity is already attached to world
11:08:15.750 [JavaFX Application Thread] WARN  TMXLevelLoader       - TiledMap generated from 1.10.2. Supported version: 1.2.3. Some features may not be parsed fully.
11:08:15.767 [JavaFX Application Thread] DEBUG TMXLevelLoader       - Parsed TiledMap: file:/Users/CHLaroche05/zelda/zeldaPuzzle%20copy/target/classes/assets/levels/mapFinal.tmx
11:08:15.767 [JavaFX Application Thread] DEBUG TMXLevelLoader       - Creating tile layer entities
11:08:15.767 [JavaFX Application Thread] DEBUG TilesetLoader        - Loading view for layer background
11:08:15.771 [JavaFX Application Thread] DEBUG TilesetLoader        - Created buffer with size 4800.0x4800.0
11:08:15.869 [JavaFX Application Thread] DEBUG TilesetLoader        - Loading view for layer devant
11:08:15.871 [JavaFX Application Thread] DEBUG TilesetLoader        - Created buffer with size 4800.0x4800.0
11:08:15.889 [JavaFX Application Thread] DEBUG TilesetLoader        - Loading view for layer devant1
11:08:15.894 [JavaFX Application Thread] DEBUG TilesetLoader        - Created buffer with size 4800.0x4800.0
11:08:15.903 [JavaFX Application Thread] DEBUG TMXLevelLoader       - Creating object layer entities
11:08:15.912 [JavaFX Application Thread] DEBUG GameWorld            - Clearing removable entities
11:08:15.914 [JavaFX Application Thread] DEBUG GameWorld            - Setting level: com.almasb.fxgl.entity.level.Level@47e635eb
11:08:15.920 [JavaFX Application Thread] WARN  GameWorld            - Entity is already attached to world
11:08:15.921 [JavaFX Application Thread] WARN  GameWorld            - Entity is already attached to world
11:08:29.730 [JavaFX Application Thread] WARN  TMXLevelLoader       - TiledMap generated from 1.10.2. Supported version: 1.2.3. Some features may not be parsed fully.
11:08:29.747 [JavaFX Application Thread] DEBUG TMXLevelLoader       - Parsed TiledMap: file:/Users/CHLaroche05/zelda/zeldaPuzzle%20copy/target/classes/assets/levels/leDongeon.tmx
11:08:29.747 [JavaFX Application Thread] DEBUG TMXLevelLoader       - Creating tile layer entities
11:08:29.747 [JavaFX Application Thread] DEBUG TilesetLoader        - Loading view for layer BG1
11:08:29.749 [JavaFX Application Thread] DEBUG TilesetLoader        - Created buffer with size 2400.0x800.0
11:08:29.759 [JavaFX Application Thread] DEBUG TilesetLoader        - Loading view for layer BG2
11:08:29.759 [JavaFX Application Thread] DEBUG TilesetLoader        - Created buffer with size 2400.0x800.0
11:08:29.771 [JavaFX Application Thread] DEBUG TilesetLoader        - Loading view for layer BG3
11:08:29.771 [JavaFX Application Thread] DEBUG TilesetLoader        - Created buffer with size 2400.0x800.0
11:08:29.781 [JavaFX Application Thread] DEBUG TilesetLoader        - Loading view for layer BG4a
11:08:29.781 [JavaFX Application Thread] DEBUG TilesetLoader        - Created buffer with size 2400.0x800.0
11:08:29.791 [JavaFX Application Thread] DEBUG TilesetLoader        - Loading view for layer BG4b
11:08:29.791 [JavaFX Application Thread] DEBUG TilesetLoader        - Created buffer with size 2400.0x800.0
11:08:29.800 [JavaFX Application Thread] DEBUG TilesetLoader        - Loading view for layer MainBuild3
11:08:29.800 [JavaFX Application Thread] DEBUG TilesetLoader        - Created buffer with size 2400.0x800.0
11:08:29.845 [JavaFX Application Thread] DEBUG TilesetLoader        - Loading view for layer MainBuild2
11:08:29.846 [JavaFX Application Thread] DEBUG TilesetLoader        - Created buffer with size 2400.0x800.0
11:08:29.846 [JavaFX Application Thread] DEBUG TilesetLoader        - Loading view for layer MainBuild
11:08:29.847 [JavaFX Application Thread] DEBUG TilesetLoader        - Created buffer with size 2400.0x800.0
11:08:29.850 [JavaFX Application Thread] DEBUG TMXLevelLoader       - Creating object layer entities
11:08:29.854 [JavaFX Application Thread] DEBUG GameWorld            - Clearing removable entities
11:08:29.856 [JavaFX Application Thread] DEBUG GameWorld            - Setting level: com.almasb.fxgl.entity.level.Level@b62bbe2
11:08:29.863 [JavaFX Application Thread] WARN  GameWorld            - Entity is already attached to world
11:08:39.229 [JavaFX Application Thread] WARN  GameWorld            - Entity is already attached to world
11:08:44.458 [JavaFX Application Thread] WARN  GameWorld            - Entity is already attached to world
11:08:48.350 [JavaFX Application Thread] WARN  GameWorld            - Entity is already attached to world
11:08:49.593 [JavaFX Application Thread] WARN  GameWorld            - Entity is already attached to world
11:08:49.829 [JavaFX Application Thread] WARN  TMXLevelLoader       - TiledMap generated from 1.10.2. Supported version: 1.2.3. Some features may not be parsed fully.
11:08:49.837 [JavaFX Application Thread] DEBUG TMXLevelLoader       - Parsed TiledMap: file:/Users/CHLaroche05/zelda/zeldaPuzzle%20copy/target/classes/assets/levels/mapFinal.tmx
11:08:49.837 [JavaFX Application Thread] DEBUG TMXLevelLoader       - Creating tile layer entities
11:08:49.837 [JavaFX Application Thread] DEBUG TilesetLoader        - Loading view for layer background
11:08:49.851 [JavaFX Application Thread] DEBUG TilesetLoader        - Created buffer with size 4800.0x4800.0
11:08:49.948 [JavaFX Application Thread] DEBUG TilesetLoader        - Loading view for layer devant
11:08:49.959 [JavaFX Application Thread] DEBUG TilesetLoader        - Created buffer with size 4800.0x4800.0
11:08:49.981 [JavaFX Application Thread] DEBUG TilesetLoader        - Loading view for layer devant1
11:08:49.983 [JavaFX Application Thread] DEBUG TilesetLoader        - Created buffer with size 4800.0x4800.0
11:08:49.992 [JavaFX Application Thread] DEBUG TMXLevelLoader       - Creating object layer entities
11:08:50.000 [JavaFX Application Thread] DEBUG GameWorld            - Clearing removable entities
11:08:50.002 [JavaFX Application Thread] DEBUG GameWorld            - Setting level: com.almasb.fxgl.entity.level.Level@262efeb0
11:08:50.008 [JavaFX Application Thread] WARN  GameWorld            - Entity is already attached to world
11:08:50.008 [JavaFX Application Thread] WARN  GameWorld            - Entity is already attached to world
11:11:02.942 [JavaFX Application Thread] WARN  TMXLevelLoader       - TiledMap generated from 1.10.2. Supported version: 1.2.3. Some features may not be parsed fully.
11:11:02.945 [JavaFX Application Thread] DEBUG TMXLevelLoader       - Parsed TiledMap: file:/Users/CHLaroche05/zelda/zeldaPuzzle%20copy/target/classes/assets/levels/interieurMaisonPlayer1.tmx
11:11:02.945 [JavaFX Application Thread] DEBUG TMXLevelLoader       - Creating tile layer entities
11:11:02.945 [JavaFX Application Thread] DEBUG TilesetLoader        - Loading view for layer background
11:11:02.946 [JavaFX Application Thread] DEBUG TilesetLoader        - Created buffer with size 1440.0x960.0
11:11:02.949 [JavaFX Application Thread] DEBUG TilesetLoader        - Loading view for layer devant
11:11:02.949 [JavaFX Application Thread] DEBUG TilesetLoader        - Created buffer with size 1440.0x960.0
11:11:02.949 [JavaFX Application Thread] DEBUG TilesetLoader        - Loading view for layer devant1
11:11:02.949 [JavaFX Application Thread] DEBUG TilesetLoader        - Created buffer with size 1440.0x960.0
11:11:02.950 [JavaFX Application Thread] DEBUG TMXLevelLoader       - Creating object layer entities
11:11:02.953 [JavaFX Application Thread] DEBUG GameWorld            - Clearing removable entities
11:11:02.956 [JavaFX Application Thread] DEBUG GameWorld            - Setting level: com.almasb.fxgl.entity.level.Level@4da0612c
11:11:02.964 [JavaFX Application Thread] WARN  GameWorld            - Entity is already attached to world
11:11:04.605 [JavaFX Application Thread] WARN  TMXLevelLoader       - TiledMap generated from 1.10.2. Supported version: 1.2.3. Some features may not be parsed fully.
11:11:04.614 [JavaFX Application Thread] DEBUG TMXLevelLoader       - Parsed TiledMap: file:/Users/CHLaroche05/zelda/zeldaPuzzle%20copy/target/classes/assets/levels/mapFinal.tmx
11:11:04.614 [JavaFX Application Thread] DEBUG TMXLevelLoader       - Creating tile layer entities
11:11:04.615 [JavaFX Application Thread] DEBUG TilesetLoader        - Loading view for layer background
11:11:04.616 [JavaFX Application Thread] DEBUG TilesetLoader        - Created buffer with size 4800.0x4800.0
11:11:04.703 [JavaFX Application Thread] DEBUG TilesetLoader        - Loading view for layer devant
11:11:04.706 [JavaFX Application Thread] DEBUG TilesetLoader        - Created buffer with size 4800.0x4800.0
11:11:04.726 [JavaFX Application Thread] DEBUG TilesetLoader        - Loading view for layer devant1
11:11:04.728 [JavaFX Application Thread] DEBUG TilesetLoader        - Created buffer with size 4800.0x4800.0
11:11:04.736 [JavaFX Application Thread] DEBUG TMXLevelLoader       - Creating object layer entities
11:11:04.743 [JavaFX Application Thread] DEBUG GameWorld            - Clearing removable entities
11:11:04.744 [JavaFX Application Thread] DEBUG GameWorld            - Setting level: com.almasb.fxgl.entity.level.Level@7ee97d15
11:11:04.749 [JavaFX Application Thread] WARN  GameWorld            - Entity is already attached to world
11:11:04.749 [JavaFX Application Thread] WARN  GameWorld            - Entity is already attached to world
11:11:12.724 [JavaFX Application Thread] WARN  TMXLevelLoader       - TiledMap generated from 1.10.2. Supported version: 1.2.3. Some features may not be parsed fully.
11:11:12.733 [JavaFX Application Thread] DEBUG TMXLevelLoader       - Parsed TiledMap: file:/Users/CHLaroche05/zelda/zeldaPuzzle%20copy/target/classes/assets/levels/leDongeon.tmx
11:11:12.733 [JavaFX Application Thread] DEBUG TMXLevelLoader       - Creating tile layer entities
11:11:12.734 [JavaFX Application Thread] DEBUG TilesetLoader        - Loading view for layer BG1
11:11:12.734 [JavaFX Application Thread] DEBUG TilesetLoader        - Created buffer with size 2400.0x800.0
11:11:12.744 [JavaFX Application Thread] DEBUG TilesetLoader        - Loading view for layer BG2
11:11:12.744 [JavaFX Application Thread] DEBUG TilesetLoader        - Created buffer with size 2400.0x800.0
11:11:12.755 [JavaFX Application Thread] DEBUG TilesetLoader        - Loading view for layer BG3
11:11:12.755 [JavaFX Application Thread] DEBUG TilesetLoader        - Created buffer with size 2400.0x800.0
11:11:12.765 [JavaFX Application Thread] DEBUG TilesetLoader        - Loading view for layer BG4a
11:11:12.766 [JavaFX Application Thread] DEBUG TilesetLoader        - Created buffer with size 2400.0x800.0
11:11:12.775 [JavaFX Application Thread] DEBUG TilesetLoader        - Loading view for layer BG4b
11:11:12.775 [JavaFX Application Thread] DEBUG TilesetLoader        - Created buffer with size 2400.0x800.0
11:11:12.785 [JavaFX Application Thread] DEBUG TilesetLoader        - Loading view for layer MainBuild3
11:11:12.785 [JavaFX Application Thread] DEBUG TilesetLoader        - Created buffer with size 2400.0x800.0
11:11:12.830 [JavaFX Application Thread] DEBUG TilesetLoader        - Loading view for layer MainBuild2
11:11:12.830 [JavaFX Application Thread] DEBUG TilesetLoader        - Created buffer with size 2400.0x800.0
11:11:12.831 [JavaFX Application Thread] DEBUG TilesetLoader        - Loading view for layer MainBuild
11:11:12.831 [JavaFX Application Thread] DEBUG TilesetLoader        - Created buffer with size 2400.0x800.0
11:11:12.833 [JavaFX Application Thread] DEBUG TMXLevelLoader       - Creating object layer entities
11:11:12.837 [JavaFX Application Thread] DEBUG GameWorld            - Clearing removable entities
11:11:12.838 [JavaFX Application Thread] DEBUG GameWorld            - Setting level: com.almasb.fxgl.entity.level.Level@6de45cb
11:11:12.844 [JavaFX Application Thread] WARN  GameWorld            - Entity is already attached to world
11:11:22.322 [JavaFX Application Thread] WARN  GameWorld            - Entity is already attached to world
11:12:17.220 [JavaFX Application Thread] WARN  GameWorld            - Entity is already attached to world
11:12:21.274 [JavaFX Application Thread] WARN  GameWorld            - Entity is already attached to world
11:12:23.447 [JavaFX Application Thread] WARN  GameWorld            - Entity is already attached to world
11:12:25.958 [JavaFX Application Thread] WARN  GameWorld            - Entity is already attached to world
11:12:27.057 [JavaFX Application Thread] WARN  GameWorld            - Entity is already attached to world
11:12:28.069 [JavaFX Application Thread] WARN  GameWorld            - Entity is already attached to world
11:12:36.086 [JavaFX Application Thread] WARN  GameWorld            - Entity is already attached to world
11:12:37.842 [JavaFX Application Thread] WARN  GameWorld            - Entity is already attached to world
11:12:39.306 [JavaFX Application Thread] WARN  GameWorld            - Entity is already attached to world
11:12:40.524 [JavaFX Application Thread] WARN  GameWorld            - Entity is already attached to world
11:12:41.620 [JavaFX Application Thread] WARN  GameWorld            - Entity is already attached to world
11:12:42.595 [JavaFX Application Thread] WARN  GameWorld            - Entity is already attached to world
11:12:43.679 [JavaFX Application Thread] WARN  GameWorld            - Entity is already attached to world
11:12:43.984 [JavaFX Application Thread] WARN  TMXLevelLoader       - TiledMap generated from 1.10.2. Supported version: 1.2.3. Some features may not be parsed fully.
11:12:43.994 [JavaFX Application Thread] DEBUG TMXLevelLoader       - Parsed TiledMap: file:/Users/CHLaroche05/zelda/zeldaPuzzle%20copy/target/classes/assets/levels/mapFinal.tmx
11:12:43.995 [JavaFX Application Thread] DEBUG TMXLevelLoader       - Creating tile layer entities
11:12:43.995 [JavaFX Application Thread] DEBUG TilesetLoader        - Loading view for layer background
11:12:43.996 [JavaFX Application Thread] DEBUG TilesetLoader        - Created buffer with size 4800.0x4800.0
11:12:44.090 [JavaFX Application Thread] DEBUG TilesetLoader        - Loading view for layer devant
11:12:44.092 [JavaFX Application Thread] DEBUG TilesetLoader        - Created buffer with size 4800.0x4800.0
11:12:44.113 [JavaFX Application Thread] DEBUG TilesetLoader        - Loading view for layer devant1
11:12:44.114 [JavaFX Application Thread] DEBUG TilesetLoader        - Created buffer with size 4800.0x4800.0
11:12:44.123 [JavaFX Application Thread] DEBUG TMXLevelLoader       - Creating object layer entities
11:12:44.130 [JavaFX Application Thread] DEBUG GameWorld            - Clearing removable entities
11:12:44.132 [JavaFX Application Thread] DEBUG GameWorld            - Setting level: com.almasb.fxgl.entity.level.Level@414d908d
11:12:44.136 [JavaFX Application Thread] WARN  GameWorld            - Entity is already attached to world
11:12:44.137 [JavaFX Application Thread] WARN  GameWorld            - Entity is already attached to world
11:13:03.249 [JavaFX Application Thread] WARN  GameWorld            - Entity is already attached to world
11:13:03.601 [JavaFX Application Thread] WARN  GameWorld            - Entity is already attached to world
11:13:03.950 [JavaFX Application Thread] WARN  GameWorld            - Entity is already attached to world
11:13:04.780 [JavaFX Application Thread] WARN  GameWorld            - Entity is already attached to world
11:13:20.143 [JavaFX Application Thread] DEBUG FXGLApplication      - Exiting FXGL
11:13:20.143 [JavaFX Application Thread] DEBUG LoopRunner           - Stopping loop
11:13:20.143 [JavaFX Application Thread] DEBUG SystemBundleService  - Saving FXGL system data
11:13:20.147 [JavaFX Application Thread] DEBUG FileSystemAccess     - Writing to: /Users/CHLaroche05/zelda/zeldaPuzzle copy/system/fxgl.bundle
11:13:20.150 [JavaFX Application Thread] DEBUG Async                - Shutting down background threads
11:13:20.150 [JavaFX Application Thread] DEBUG PrimaryStageWindow   - Closing main window
11:13:20.157 [JavaFX Application Thread] DEBUG Logger               - Closing Logger
