12:56:59.890 [main                     ] DEBUG Logger               - Configured Logger
12:56:59.905 [main                     ] DEBUG GameApplication      - Logging settings
Title: Zelda 2D Game
Version: 1
Width: 800
Height: 800
Fullscreen: true
Intro: false
Profiling: false
Single step:false
App Mode: DEVELOPER
Menu Key: ESCAPE
Stage Style: DECORATED
Scene Factory: class com.almasb.fxgl.app.scene.SceneFactory

12:57:00.053 [JavaFX Application Thread] DEBUG FXGLApplication      - Initializing FXGL
12:57:00.057 [JavaFX Application Thread] INFO  Engine               - FXGL-17 (31.12.2021 18.16) on WINDOWS (J:19.0.2 FX:19)
12:57:00.057 [JavaFX Application Thread] DEBUG Engine               - JRE Vendor Name: Amazon.com Inc.
12:57:00.058 [JavaFX Application Thread] DEBUG Engine               - Running on OS: Windows 10 version 10.0
12:57:00.058 [JavaFX Application Thread] DEBUG Engine               - Architecture: amd64
12:57:00.058 [JavaFX Application Thread] INFO  Engine               - Source code and latest versions at: https://github.com/AlmasB/FXGL
12:57:00.058 [JavaFX Application Thread] INFO  Engine               -       Ask questions and discuss at: https://github.com/AlmasB/FXGL/discussions
12:57:00.058 [JavaFX Application Thread] INFO  Engine               -              Join the FXGL chat at: https://gitter.im/AlmasB/FXGL
12:57:00.129 [JavaFX Application Thread] DEBUG PrimaryStageWindow   - Creating a JavaFX scene
12:57:00.180 [JavaFX Application Thread] DEBUG PrimaryStageWindow   - Target settings size: 800.0 x 800.0
12:57:00.180 [JavaFX Application Thread] DEBUG PrimaryStageWindow   - Scaled scene size:    800.0 x 800.0
12:57:00.181 [JavaFX Application Thread] DEBUG PrimaryStageWindow   - Scaled ratio: (1.0, 1.0)
12:57:00.182 [JavaFX Application Thread] DEBUG PrimaryStageWindow   - Set initial scene to FXGLStartupScene
12:57:00.187 [JavaFX Application Thread] DEBUG PrimaryStageWindow   - Opening main window
12:57:00.279 [JavaFX Application Thread] DEBUG PrimaryStageWindow   - Window border size: (16.0, 39.0)
12:57:00.279 [JavaFX Application Thread] DEBUG PrimaryStageWindow   - Scaled size: 800.0 x 800.0
12:57:00.280 [JavaFX Application Thread] DEBUG PrimaryStageWindow   - Scaled ratio: (1.0, 1.0)
12:57:00.280 [JavaFX Application Thread] DEBUG PrimaryStageWindow   - Scene size: 800.0 x 800.0
12:57:00.280 [JavaFX Application Thread] DEBUG PrimaryStageWindow   - Stage size: 816.0 x 839.0
12:57:00.287 [FXGL Background Thread 1 ] DEBUG Engine               - Initializing environment variables
12:57:00.330 [FXGL Background Thread 1 ] DEBUG FXGLAssetLoaderServi - User app class for loading assets: class com.example.zeldapuzzle.MainGameApp
12:57:00.330 [FXGL Background Thread 1 ] DEBUG GameApplicationServi - Applying CSS: fxgl_dark.css
12:57:00.331 [FXGL Background Thread 1 ] DEBUG FXGLAssetLoaderServi - Loading from file system: jar:file:///C:/Users/mbour/.m2/repository/com/github/almasb/fxgl/17/fxgl-17.jar!/fxglassets/ui/css/fxgl_dark.css
12:57:00.371 [FXGL Background Thread 1 ] DEBUG GameApplicationServi - Initializing application scenes
12:57:00.412 [FXGL Background Thread 1 ] DEBUG GameWorld            - Game world initialized
12:57:00.471 [FXGL Background Thread 1 ] DEBUG PhysicsWorld         - Physics world initialized: appHeight=800, physics.ppm=50,0
12:57:00.472 [FXGL Background Thread 1 ] DEBUG PhysicsWorld         - Using strategy: BRUTE_FORCE
12:57:00.476 [FXGL Background Thread 1 ] DEBUG GameScene            - Game scene initialized: 800x800
12:57:00.489 [FXGL Background Thread 1 ] DEBUG FXGL.DefaultMenu     - createMenuBodyMainMenu()
12:57:00.502 [FXGL Background Thread 1 ] DEBUG FXGL.DefaultMenu     - createOptionsMenu()
12:57:00.509 [FXGL Background Thread 1 ] DEBUG FXGLAssetLoaderServi - Loading from file system: jar:file:///C:/Users/mbour/.m2/repository/com/github/almasb/fxgl/17/fxgl-17.jar!/fxglassets/textures/particles/smoke.png
12:57:00.581 [FXGL Background Thread 1 ] DEBUG FXGLAssetLoaderServi - Loading from file system: jar:file:///C:/Users/mbour/.m2/repository/com/github/almasb/fxgl/17/fxgl-17.jar!/fxglassets/textures/particles/trace_horizontal.png
12:57:00.600 [FXGL Background Thread 1 ] DEBUG FXGL.DefaultMenu     - createMenuBodyGameMenu()
12:57:00.601 [FXGL Background Thread 1 ] DEBUG FXGL.DefaultMenu     - createOptionsMenu()
12:57:00.615 [FXGL Background Thread 1 ] DEBUG GameApplicationServi - Application scenes initialized
12:57:00.626 [FXGL Background Thread 1 ] DEBUG SystemBundleService  - Loading FXGL system data
12:57:00.631 [FXGL Background Thread 1 ] DEBUG FileSystemAccess     - Reading from: C:\Users\mbour\OneDrive\Bureau\Zelda TOTK WINRAR\zeldaPuzzle\system\fxgl.bundle
12:57:00.641 [FXGL Background Thread 1 ] DEBUG SystemBundleService  - Bundle FXGL: {}
12:57:00.641 [FXGL Background Thread 1 ] DEBUG UpdaterService       - Checking for updates
12:57:00.664 [FXGL Background Thread 4 ] DEBUG FXGLApplication      - Loading fonts
12:57:00.664 [FXGL Background Thread 4 ] DEBUG FXGLAssetLoaderServi - Loading from file system: jar:file:///C:/Users/mbour/.m2/repository/com/github/almasb/fxgl/17/fxgl-17.jar!/fxglassets/ui/fonts/VarelaRound-Regular.ttf
12:57:00.664 [FXGL Background Thread 1 ] DEBUG FXGLApplication      - Loading default localization
12:57:00.665 [FXGL Background Thread 1 ] DEBUG FXGLAssetLoaderServi - Loading from file system: jar:file:///C:/Users/mbour/.m2/repository/com/github/almasb/fxgl/17/fxgl-17.jar!/fxglassets/languages/english.lang
12:57:00.682 [FXGL Background Thread 1 ] INFO  FXGLApplication      - FXGL initialization took: 0,394 sec
12:57:00.692 [JavaFX Application Thread] DEBUG Input                - Registered new binding: getPosition - P
12:57:00.693 [JavaFX Application Thread] DEBUG Input                - Registered new binding: zoom+ - Up
12:57:00.693 [JavaFX Application Thread] DEBUG Input                - Registered new binding: zoom- - Down
12:57:00.693 [JavaFX Application Thread] DEBUG Input                - Registered new binding: resetZoom - 0
12:57:00.694 [JavaFX Application Thread] DEBUG Input                - Registered new binding: Move right - D
12:57:00.694 [JavaFX Application Thread] DEBUG Input                - Registered new binding: Move left - A
12:57:00.694 [JavaFX Application Thread] DEBUG Input                - Registered new binding: Move Up - W
12:57:00.694 [JavaFX Application Thread] DEBUG Input                - Registered new binding: Move Down - S
12:57:00.694 [JavaFX Application Thread] DEBUG FXGLAssetLoaderServi - Loading from file system: jar:file:///C:/Users/mbour/.m2/repository/com/github/almasb/fxgl/17/fxgl-17.jar!/fxglassets/textures/fxgl_icon.png
12:57:00.706 [JavaFX Application Thread] DEBUG FXGLAssetLoaderServi - Loading from file system: jar:file:///C:/Users/mbour/.m2/repository/com/github/almasb/fxgl/17/fxgl-17.jar!/fxglassets/textures/fxgl_default_cursor.png
12:57:00.708 [JavaFX Application Thread] DEBUG Input                - Registered new binding: Screenshot - CTRL+8
12:57:00.709 [JavaFX Application Thread] DEBUG Input                - Registered new binding: Dev Options - 1
12:57:00.709 [JavaFX Application Thread] DEBUG Input                - Registered new binding: Dev Console - 2
12:57:00.710 [JavaFX Application Thread] DEBUG Input                - Registered new binding: System info dump - CTRL+9
12:57:00.710 [JavaFX Application Thread] DEBUG Input                - Registered new binding: Restart - CTRL+R
12:57:00.711 [JavaFX Application Thread] DEBUG Input                - Registered new binding: Toggle Debug Camera - CTRL+7
12:57:00.713 [JavaFX Application Thread] DEBUG LoopRunner           - Starting loop
12:57:00.729 [JavaFX Application Thread] DEBUG LoopRunner           - Initializing JavaFX AnimationTimerLoop
12:57:00.731 [JavaFX Application Thread] DEBUG Input                - Clearing active input actions
12:57:00.739 [JavaFX Application Thread] DEBUG GameApplicationServi - Removing overlay from FXGLStartupScene and adding to FXGLMainMenuDummyScene
12:57:00.744 [JavaFX Application Thread] DEBUG PrimaryStageWindow   - FXGLStartupScene -> FXGLMainMenuDummyScene
12:57:00.744 [JavaFX Application Thread] DEBUG PrimaryStageWindow   - Push state: FXGLDefaultMenu
12:57:00.746 [JavaFX Application Thread] DEBUG Input                - Clearing active input actions
12:57:00.755 [JavaFX Application Thread] DEBUG GameApplicationServi - Removing overlay from FXGLMainMenuDummyScene and adding to FXGLDefaultMenu
12:57:00.756 [JavaFX Application Thread] DEBUG PrimaryStageWindow   - FXGLMainMenuDummyScene -> FXGLDefaultMenu
12:57:00.782 [FXGL Background Thread 4 ] DEBUG FXGLAssetLoaderServi - Loading from file system: jar:file:///C:/Users/mbour/.m2/repository/com/github/almasb/fxgl/17/fxgl-17.jar!/fxglassets/ui/fonts/Abel-Regular.ttf
12:57:00.798 [FXGL Background Thread 4 ] DEBUG FXGLAssetLoaderServi - Loading from file system: jar:file:///C:/Users/mbour/.m2/repository/com/github/almasb/fxgl/17/fxgl-17.jar!/fxglassets/ui/fonts/TerminalLandMono-Regular.otf
12:57:00.810 [FXGL Background Thread 4 ] DEBUG FXGLAssetLoaderServi - Loading from file system: jar:file:///C:/Users/mbour/.m2/repository/com/github/almasb/fxgl/17/fxgl-17.jar!/fxglassets/ui/fonts/Courier-Prime.ttf
12:57:01.027 [JavaFX Application Thread] DEBUG FXGLApplication      - Registering font factories with UI factory
12:57:01.077 [FXGL Background Thread 2 ] INFO  UpdaterService       - Your current version:  17
12:57:01.077 [FXGL Background Thread 2 ] INFO  UpdaterService       - Latest stable version: 21.1
12:57:01.632 [JavaFX Application Thread] DEBUG Menu                 - fireNewGame()
12:57:01.633 [JavaFX Application Thread] DEBUG GameApplicationServi - Starting new game
12:57:01.635 [JavaFX Application Thread] DEBUG PrimaryStageWindow   - Pop state: FXGLDefaultMenu
12:57:01.635 [JavaFX Application Thread] DEBUG Input                - Clearing active input actions
12:57:01.636 [JavaFX Application Thread] DEBUG GameApplicationServi - Removing overlay from FXGLDefaultMenu and adding to FXGLMainMenuDummyScene
12:57:01.639 [JavaFX Application Thread] DEBUG PrimaryStageWindow   - FXGLMainMenuDummyScene <- FXGLDefaultMenu
12:57:01.639 [JavaFX Application Thread] DEBUG Input                - Clearing active input actions
12:57:01.649 [JavaFX Application Thread] DEBUG GameApplicationServi - Removing overlay from FXGLMainMenuDummyScene and adding to FXGLLoadingScene
12:57:01.650 [JavaFX Application Thread] DEBUG PrimaryStageWindow   - FXGLMainMenuDummyScene -> FXGLLoadingScene
12:57:01.651 [JavaFX Application Thread] DEBUG GameApplicationServi - Clearing previous game
12:57:01.651 [JavaFX Application Thread] DEBUG GameScene            - Clearing game scene
12:57:01.651 [JavaFX Application Thread] DEBUG GameWorld            - Clearing game world
12:57:01.651 [JavaFX Application Thread] DEBUG PhysicsWorld         - Clearing physics world
12:57:01.653 [FXGL Background Thread 2 ] DEBUG FXGLApplication      - Initializing game
12:57:01.712 [FXGL Background Thread 2 ] WARN  TMXLevelLoader       - TiledMap generated from 1.10.2. Supported version: 1.2.3. Some features may not be parsed fully.
12:57:01.719 [FXGL Background Thread 2 ] DEBUG TMXLevelLoader       - Parsed TiledMap: file:/C:/Users/mbour/OneDrive/Bureau/Zelda%20TOTK%20WINRAR/zeldaPuzzle/target/classes/assets/levels/StartingMap.tmx
12:57:01.720 [FXGL Background Thread 2 ] DEBUG TMXLevelLoader       - Creating tile layer entities
12:57:01.723 [FXGL Background Thread 2 ] DEBUG TilesetLoader        - Loading view for layer Calque de Tuiles 1
12:57:01.725 [FXGL Background Thread 2 ] DEBUG TilesetLoader        - Created buffer with size 960.0x960.0
12:57:01.743 [FXGL Background Thread 2 ] DEBUG TilesetLoader        - Loading view for layer Calque de Tuiles 2
12:57:01.745 [FXGL Background Thread 2 ] DEBUG TilesetLoader        - Created buffer with size 960.0x960.0
12:57:01.755 [FXGL Background Thread 2 ] DEBUG TMXLevelLoader       - Creating object layer entities
12:57:01.756 [FXGL Background Thread 2 ] DEBUG GameWorld            - Clearing removable entities
12:57:01.757 [FXGL Background Thread 2 ] DEBUG GameWorld            - Setting level: com.almasb.fxgl.entity.level.Level@154b56b9
12:57:01.776 [FXGL Background Thread 2 ] WARN  GameWorld            - Entity is already attached to world
12:57:01.839 [FXGL Background Thread 2 ] WARN  GameWorld            - Entity is already attached to world
12:57:01.844 [JavaFX Application Thread] DEBUG LoopRunner           - Stopping loop
12:57:01.846 [JavaFX Application Thread] FATAL FXGLApplication      - Uncaught Exception:
java.lang.RuntimeException: Initialization failed
	at com.almasb.fxgl.all@17/com.almasb.fxgl.app.FXGLApplication$InitAppTask.failed(FXGLApplication.kt:343)
	at javafx.graphics@19/javafx.concurrent.Task.setState(Task.java:710)
	at javafx.graphics@19/javafx.concurrent.Task$TaskCallable.lambda$call$2(Task.java:1456)
	at javafx.graphics@19/com.sun.javafx.application.PlatformImpl.lambda$runLater$10(PlatformImpl.java:457)
	at java.base/java.security.AccessController.doPrivileged(AccessController.java:399)
	at javafx.graphics@19/com.sun.javafx.application.PlatformImpl.lambda$runLater$11(PlatformImpl.java:456)
	at javafx.graphics@19/com.sun.glass.ui.InvokeLaterDispatcher$Future.run(InvokeLaterDispatcher.java:96)
	at javafx.graphics@19/com.sun.glass.ui.win.WinApplication._runLoop(Native Method)
	at javafx.graphics@19/com.sun.glass.ui.win.WinApplication.lambda$runLoop$3(WinApplication.java:184)
	at java.base/java.lang.Thread.run(Thread.java:1589)
Caused by: java.lang.IllegalArgumentException: Children: duplicate children added: parent = Grid hgap=0.0, vgap=0.0, alignment=TOP_LEFT
	at javafx.graphics@19/javafx.scene.Parent$3.onProposedChange(Parent.java:561)
	at javafx.base@19/com.sun.javafx.collections.VetoableListDecorator.add(VetoableListDecorator.java:205)
	at javafx.graphics@19/javafx.scene.layout.GridPane.add(GridPane.java:974)
	at com.example.zeldapuzzle/com.example.zeldapuzzle.MainGameApp.initUI(MainGameApp.java:328)
	at com.almasb.fxgl.all@17/com.almasb.fxgl.app.FXGLApplication$InitAppTask.call(FXGLApplication.kt:321)
	at com.almasb.fxgl.all@17/com.almasb.fxgl.app.FXGLApplication$InitAppTask.call(FXGLApplication.kt:311)
	at javafx.graphics@19/javafx.concurrent.Task$TaskCallable.call(Task.java:1426)
	at java.base/java.util.concurrent.FutureTask.run(FutureTask.java:317)
	at java.base/java.util.concurrent.Executors$RunnableAdapter.call(Executors.java:577)
	at java.base/java.util.concurrent.FutureTask.run(FutureTask.java:317)
	at java.base/java.util.concurrent.ThreadPoolExecutor.runWorker(ThreadPoolExecutor.java:1144)
	at java.base/java.util.concurrent.ThreadPoolExecutor$Worker.run(ThreadPoolExecutor.java:642)
	... 1 more

12:57:01.846 [JavaFX Application Thread] FATAL FXGLApplication      - Application will now exit
12:57:01.850 [JavaFX Application Thread] DEBUG PrimaryStageWindow   - Push state: ErrorSubScene
12:57:01.850 [JavaFX Application Thread] DEBUG Input                - Clearing active input actions
12:57:01.850 [JavaFX Application Thread] DEBUG GameApplicationServi - Removing overlay from FXGLLoadingScene and adding to ErrorSubScene
12:57:01.852 [JavaFX Application Thread] DEBUG PrimaryStageWindow   - FXGLLoadingScene -> ErrorSubScene
12:57:02.500 [JavaFX Application Thread] DEBUG FXGLApplication      - Exiting FXGL
12:57:02.500 [JavaFX Application Thread] DEBUG Async                - Shutting down background threads
12:57:02.500 [JavaFX Application Thread] DEBUG PrimaryStageWindow   - Closing main window
12:57:02.511 [JavaFX Application Thread] DEBUG Logger               - Closing Logger
