11:34:51.015 [main                     ] DEBUG Logger               - Configured Logger
11:34:51.032 [main                     ] DEBUG GameApplication      - Logging settings
Title: Zelda 2D Game
Version: 1
Width: 800
Height: 800
Fullscreen: true
Intro: false
Profiling: false
Single step:false
App Mode: DEVELOPER
Menu Key: ESCAPE
Stage Style: DECORATED
Scene Factory: class com.almasb.fxgl.app.scene.SceneFactory

11:34:51.239 [JavaFX Application Thread] DEBUG FXGLApplication      - Initializing FXGL
11:34:51.243 [JavaFX Application Thread] INFO  Engine               - FXGL-17 (31.12.2021 18.16) on MAC (J:19.0.1 FX:19)
11:34:51.244 [JavaFX Application Thread] DEBUG Engine               - JRE Vendor Name: Oracle Corporation
11:34:51.244 [JavaFX Application Thread] DEBUG Engine               - Running on OS: Mac OS X version 12.5
11:34:51.244 [JavaFX Application Thread] DEBUG Engine               - Architecture: aarch64
11:34:51.244 [JavaFX Application Thread] INFO  Engine               - Source code and latest versions at: https://github.com/AlmasB/FXGL
11:34:51.245 [JavaFX Application Thread] INFO  Engine               -       Ask questions and discuss at: https://github.com/AlmasB/FXGL/discussions
11:34:51.245 [JavaFX Application Thread] INFO  Engine               -              Join the FXGL chat at: https://gitter.im/AlmasB/FXGL
11:34:51.305 [JavaFX Application Thread] DEBUG PrimaryStageWindow   - Creating a JavaFX scene
11:34:51.342 [JavaFX Application Thread] DEBUG PrimaryStageWindow   - Target settings size: 800.0 x 800.0
11:34:51.342 [JavaFX Application Thread] DEBUG PrimaryStageWindow   - Scaled scene size:    800.0 x 800.0
11:34:51.342 [JavaFX Application Thread] DEBUG PrimaryStageWindow   - Scaled ratio: (1.0, 1.0)
11:34:51.343 [JavaFX Application Thread] DEBUG PrimaryStageWindow   - Set initial scene to FXGLStartupScene
11:34:51.347 [JavaFX Application Thread] DEBUG PrimaryStageWindow   - Opening main window
11:34:51.464 [JavaFX Application Thread] DEBUG PrimaryStageWindow   - Window border size: (0.0, 28.0)
11:34:51.464 [JavaFX Application Thread] DEBUG PrimaryStageWindow   - Scaled size: 800.0 x 800.0
11:34:51.464 [JavaFX Application Thread] DEBUG PrimaryStageWindow   - Scaled ratio: (1.0, 1.0)
11:34:51.464 [JavaFX Application Thread] DEBUG PrimaryStageWindow   - Scene size: 800.0 x 800.0
11:34:51.464 [JavaFX Application Thread] DEBUG PrimaryStageWindow   - Stage size: 800.0 x 828.0
11:34:51.469 [FXGL Background Thread 1 ] DEBUG Engine               - Initializing environment variables
11:34:51.511 [FXGL Background Thread 1 ] DEBUG FXGLAssetLoaderServi - User app class for loading assets: class com.example.zeldapuzzle.MainGameApp
11:34:51.511 [FXGL Background Thread 1 ] DEBUG GameApplicationServi - Applying CSS: fxgl_dark.css
11:34:51.511 [FXGL Background Thread 1 ] DEBUG FXGLAssetLoaderServi - Loading from file system: jar:file:///Users/CHLaroche05/.m2/repository/com/github/almasb/fxgl/17/fxgl-17.jar!/fxglassets/ui/css/fxgl_dark.css
11:34:51.546 [FXGL Background Thread 1 ] DEBUG GameApplicationServi - Initializing application scenes
11:34:51.707 [FXGL Background Thread 1 ] DEBUG GameWorld            - Game world initialized
11:34:51.750 [FXGL Background Thread 1 ] DEBUG PhysicsWorld         - Physics world initialized: appHeight=800, physics.ppm=50.0
11:34:51.750 [FXGL Background Thread 1 ] DEBUG PhysicsWorld         - Using strategy: BRUTE_FORCE
11:34:51.753 [FXGL Background Thread 1 ] DEBUG GameScene            - Game scene initialized: 800x800
11:34:51.761 [FXGL Background Thread 1 ] DEBUG FXGL.DefaultMenu     - createMenuBodyMainMenu()
11:34:51.778 [FXGL Background Thread 1 ] DEBUG FXGL.DefaultMenu     - createOptionsMenu()
11:34:51.792 [FXGL Background Thread 1 ] DEBUG FXGLAssetLoaderServi - Loading from file system: jar:file:///Users/CHLaroche05/.m2/repository/com/github/almasb/fxgl/17/fxgl-17.jar!/fxglassets/textures/particles/smoke.png
11:34:51.876 [FXGL Background Thread 1 ] DEBUG FXGLAssetLoaderServi - Loading from file system: jar:file:///Users/CHLaroche05/.m2/repository/com/github/almasb/fxgl/17/fxgl-17.jar!/fxglassets/textures/particles/trace_horizontal.png
11:34:51.900 [FXGL Background Thread 1 ] DEBUG FXGL.DefaultMenu     - createMenuBodyGameMenu()
11:34:51.901 [FXGL Background Thread 1 ] DEBUG FXGL.DefaultMenu     - createOptionsMenu()
11:34:51.933 [FXGL Background Thread 1 ] DEBUG GameApplicationServi - Application scenes initialized
11:34:51.959 [FXGL Background Thread 1 ] DEBUG SystemBundleService  - Loading FXGL system data
11:34:51.966 [FXGL Background Thread 1 ] DEBUG FileSystemAccess     - Reading from: /Users/CHLaroche05/zelda/zeldaPuzzle copy/system/fxgl.bundle
11:34:51.999 [FXGL Background Thread 1 ] DEBUG SystemBundleService  - Bundle FXGL: {}
11:34:52.000 [FXGL Background Thread 1 ] DEBUG UpdaterService       - Checking for updates
11:34:52.051 [FXGL Background Thread 4 ] DEBUG FXGLApplication      - Loading fonts
11:34:52.051 [FXGL Background Thread 1 ] DEBUG FXGLApplication      - Loading default localization
11:34:52.052 [FXGL Background Thread 4 ] DEBUG FXGLAssetLoaderServi - Loading from file system: jar:file:///Users/CHLaroche05/.m2/repository/com/github/almasb/fxgl/17/fxgl-17.jar!/fxglassets/ui/fonts/VarelaRound-Regular.ttf
11:34:52.052 [FXGL Background Thread 1 ] DEBUG FXGLAssetLoaderServi - Loading from file system: jar:file:///Users/CHLaroche05/.m2/repository/com/github/almasb/fxgl/17/fxgl-17.jar!/fxglassets/languages/english.lang
11:34:52.065 [FXGL Background Thread 4 ] DEBUG FXGLAssetLoaderServi - Loading from file system: jar:file:///Users/CHLaroche05/.m2/repository/com/github/almasb/fxgl/17/fxgl-17.jar!/fxglassets/ui/fonts/Abel-Regular.ttf
11:34:52.069 [FXGL Background Thread 4 ] DEBUG FXGLAssetLoaderServi - Loading from file system: jar:file:///Users/CHLaroche05/.m2/repository/com/github/almasb/fxgl/17/fxgl-17.jar!/fxglassets/ui/fonts/TerminalLandMono-Regular.otf
11:34:52.071 [FXGL Background Thread 1 ] INFO  FXGLApplication      - FXGL initialization took: 0.602 sec
11:34:52.074 [FXGL Background Thread 4 ] DEBUG FXGLAssetLoaderServi - Loading from file system: jar:file:///Users/CHLaroche05/.m2/repository/com/github/almasb/fxgl/17/fxgl-17.jar!/fxglassets/ui/fonts/Courier-Prime.ttf
11:34:52.082 [JavaFX Application Thread] DEBUG Input                - Registered new binding: inventaire - Tab
11:34:52.082 [JavaFX Application Thread] DEBUG Input                - Registered new binding: getPosition - P
11:34:52.082 [JavaFX Application Thread] DEBUG Input                - Registered new binding: zoom+ - Up
11:34:52.082 [JavaFX Application Thread] DEBUG Input                - Registered new binding: zoom- - Down
11:34:52.082 [JavaFX Application Thread] DEBUG Input                - Registered new binding: resetZoom - 0
11:34:52.083 [JavaFX Application Thread] DEBUG Input                - Registered new binding: Move right - D
11:34:52.083 [JavaFX Application Thread] DEBUG Input                - Registered new binding: Move left - A
11:34:52.083 [JavaFX Application Thread] DEBUG Input                - Registered new binding: Move Up - W
11:34:52.083 [JavaFX Application Thread] DEBUG Input                - Registered new binding: Move Down - S
11:34:52.083 [JavaFX Application Thread] DEBUG Input                - Registered new binding: Jump - Space
11:34:52.083 [JavaFX Application Thread] DEBUG FXGLAssetLoaderServi - Loading from file system: jar:file:///Users/CHLaroche05/.m2/repository/com/github/almasb/fxgl/17/fxgl-17.jar!/fxglassets/textures/fxgl_icon.png
11:34:52.108 [JavaFX Application Thread] DEBUG FXGLAssetLoaderServi - Loading from file system: jar:file:///Users/CHLaroche05/.m2/repository/com/github/almasb/fxgl/17/fxgl-17.jar!/fxglassets/textures/fxgl_default_cursor.png
11:34:52.110 [JavaFX Application Thread] DEBUG Input                - Registered new binding: Screenshot - CTRL+8
11:34:52.111 [JavaFX Application Thread] DEBUG Input                - Registered new binding: Dev Options - 1
11:34:52.111 [JavaFX Application Thread] DEBUG Input                - Registered new binding: Dev Console - 2
11:34:52.111 [JavaFX Application Thread] DEBUG Input                - Registered new binding: System info dump - CTRL+9
11:34:52.112 [JavaFX Application Thread] DEBUG Input                - Registered new binding: Restart - CTRL+R
11:34:52.112 [JavaFX Application Thread] DEBUG Input                - Registered new binding: Toggle Debug Camera - CTRL+7
11:34:52.114 [JavaFX Application Thread] DEBUG LoopRunner           - Starting loop
11:34:52.127 [JavaFX Application Thread] DEBUG LoopRunner           - Initializing JavaFX AnimationTimerLoop
11:34:52.130 [JavaFX Application Thread] DEBUG Input                - Clearing active input actions
11:34:52.140 [JavaFX Application Thread] DEBUG GameApplicationServi - Removing overlay from FXGLStartupScene and adding to FXGLMainMenuDummyScene
11:34:52.145 [JavaFX Application Thread] DEBUG PrimaryStageWindow   - FXGLStartupScene -> FXGLMainMenuDummyScene
11:34:52.146 [JavaFX Application Thread] DEBUG PrimaryStageWindow   - Push state: FXGLDefaultMenu
11:34:52.148 [JavaFX Application Thread] DEBUG Input                - Clearing active input actions
11:34:52.159 [JavaFX Application Thread] DEBUG GameApplicationServi - Removing overlay from FXGLMainMenuDummyScene and adding to FXGLDefaultMenu
11:34:52.160 [JavaFX Application Thread] DEBUG PrimaryStageWindow   - FXGLMainMenuDummyScene -> FXGLDefaultMenu
11:34:52.188 [JavaFX Application Thread] DEBUG FXGLApplication      - Registering font factories with UI factory
11:34:53.108 [JavaFX Application Thread] DEBUG Menu                 - fireNewGame()
11:34:53.109 [JavaFX Application Thread] DEBUG GameApplicationServi - Starting new game
11:34:53.110 [JavaFX Application Thread] DEBUG PrimaryStageWindow   - Pop state: FXGLDefaultMenu
11:34:53.111 [JavaFX Application Thread] DEBUG Input                - Clearing active input actions
11:34:53.112 [JavaFX Application Thread] DEBUG GameApplicationServi - Removing overlay from FXGLDefaultMenu and adding to FXGLMainMenuDummyScene
11:34:53.114 [JavaFX Application Thread] DEBUG PrimaryStageWindow   - FXGLMainMenuDummyScene <- FXGLDefaultMenu
11:34:53.114 [JavaFX Application Thread] DEBUG Input                - Clearing active input actions
11:34:53.124 [JavaFX Application Thread] DEBUG GameApplicationServi - Removing overlay from FXGLMainMenuDummyScene and adding to FXGLLoadingScene
11:34:53.125 [JavaFX Application Thread] DEBUG PrimaryStageWindow   - FXGLMainMenuDummyScene -> FXGLLoadingScene
11:34:53.125 [JavaFX Application Thread] DEBUG GameApplicationServi - Clearing previous game
11:34:53.125 [JavaFX Application Thread] DEBUG GameScene            - Clearing game scene
11:34:53.125 [JavaFX Application Thread] DEBUG GameWorld            - Clearing game world
11:34:53.125 [JavaFX Application Thread] DEBUG PhysicsWorld         - Clearing physics world
11:34:53.127 [FXGL Background Thread 4 ] DEBUG FXGLApplication      - Initializing game
11:34:53.169 [FXGL Background Thread 4 ] WARN  TMXLevelLoader       - TiledMap generated from 1.10.2. Supported version: 1.2.3. Some features may not be parsed fully.
11:34:53.259 [FXGL Background Thread 4 ] DEBUG TMXLevelLoader       - Parsed TiledMap: file:/Users/CHLaroche05/zelda/zeldaPuzzle%20copy/target/classes/assets/levels/mapFinal.tmx
11:34:53.261 [FXGL Background Thread 4 ] DEBUG TMXLevelLoader       - Creating tile layer entities
11:34:53.264 [FXGL Background Thread 4 ] DEBUG TilesetLoader        - Loading view for layer background
11:34:53.284 [FXGL Background Thread 4 ] DEBUG TilesetLoader        - Created buffer with size 4800.0x4800.0
11:34:53.590 [FXGL Background Thread 4 ] DEBUG TilesetLoader        - Loading view for layer devant
11:34:53.620 [FXGL Background Thread 4 ] DEBUG TilesetLoader        - Created buffer with size 4800.0x4800.0
11:34:53.686 [FXGL Background Thread 4 ] DEBUG TilesetLoader        - Loading view for layer devant1
11:34:53.705 [FXGL Background Thread 4 ] DEBUG TilesetLoader        - Created buffer with size 4800.0x4800.0
11:34:53.733 [FXGL Background Thread 4 ] DEBUG TMXLevelLoader       - Creating object layer entities
11:34:53.762 [FXGL Background Thread 2 ] INFO  UpdaterService       - Your current version:  17
11:34:53.763 [FXGL Background Thread 2 ] INFO  UpdaterService       - Latest stable version: 21.1
11:34:53.796 [FXGL Background Thread 4 ] DEBUG GameWorld            - Clearing removable entities
11:34:53.797 [FXGL Background Thread 4 ] DEBUG GameWorld            - Setting level: com.almasb.fxgl.entity.level.Level@f242856
11:34:53.824 [FXGL Background Thread 4 ] WARN  GameWorld            - Entity is already attached to world
11:34:53.825 [FXGL Background Thread 4 ] WARN  GameWorld            - Entity is already attached to world
11:34:53.833 [FXGL Background Thread 4 ] INFO  FXGLApplication      - Game initialization took: 0.707 sec
11:34:53.835 [JavaFX Application Thread] DEBUG Input                - Clearing active input actions
11:34:53.844 [JavaFX Application Thread] DEBUG GameApplicationServi - Removing overlay from FXGLLoadingScene and adding to GameScene
11:34:53.848 [JavaFX Application Thread] DEBUG PrimaryStageWindow   - FXGLLoadingScene -> GameScene
11:34:55.054 [FXGL Background Thread 3 ] DEBUG Engine               - Logging environment variables
11:34:55.055 [FXGL Background Thread 3 ] DEBUG Engine               - achievements: []
11:34:55.055 [FXGL Background Thread 3 ] DEBUG Engine               - actualHeight: 800.0
11:34:55.055 [FXGL Background Thread 3 ] DEBUG Engine               - actualHeightProperty: ReadOnlyDoubleProperty [value: 800.0]
11:34:55.055 [FXGL Background Thread 3 ] DEBUG Engine               - actualWidth: 800.0
11:34:55.056 [FXGL Background Thread 3 ] DEBUG Engine               - actualWidthProperty: ReadOnlyDoubleProperty [value: 800.0]
11:34:55.056 [FXGL Background Thread 3 ] DEBUG Engine               - appIcon: fxgl_icon.png
11:34:55.056 [FXGL Background Thread 3 ] DEBUG Engine               - applicationMode: DEVELOPER
11:34:55.056 [FXGL Background Thread 3 ] DEBUG Engine               - cSSList: [fxgl_dark.css]
11:34:55.056 [FXGL Background Thread 3 ] DEBUG Engine               - collisionDetectionStrategy: BRUTE_FORCE
11:34:55.056 [FXGL Background Thread 3 ] DEBUG Engine               - configClass: Optional.empty
11:34:55.056 [FXGL Background Thread 3 ] DEBUG Engine               - credits: []
11:34:55.057 [FXGL Background Thread 3 ] DEBUG Engine               - defaultCursor: CursorInfo(imageName=fxgl_default_cursor.png, hotspotX=7.0, hotspotY=6.0)
11:34:55.057 [FXGL Background Thread 3 ] DEBUG Engine               - devBBoxColorProperty: ObjectProperty [value: 0xff0000ff]
11:34:55.057 [FXGL Background Thread 3 ] DEBUG Engine               - devEnableDebugCameraProperty: BooleanProperty [value: false]
11:34:55.057 [FXGL Background Thread 3 ] DEBUG Engine               - devSensorColorProperty: ObjectProperty [value: 0xffff00ff]
11:34:55.057 [FXGL Background Thread 3 ] DEBUG Engine               - devShowBBoxProperty: BooleanProperty [value: false]
11:34:55.058 [FXGL Background Thread 3 ] DEBUG Engine               - devShowPositionProperty: BooleanProperty [value: false]
11:34:55.058 [FXGL Background Thread 3 ] DEBUG Engine               - enabledMenuItems: []
11:34:55.058 [FXGL Background Thread 3 ] DEBUG Engine               - engineServices: [class com.almasb.fxgl.app.services.FXGLAssetLoaderService, class com.almasb.fxgl.app.FXGLApplication$GameApplicationService, class com.almasb.fxgl.app.services.FXGLDialogService, class com.almasb.fxgl.app.services.IOTaskExecutorService, class com.almasb.fxgl.io.FileSystemService, class com.almasb.fxgl.localization.LocalizationService, class com.almasb.fxgl.app.services.SystemBundleService, class com.almasb.fxgl.profile.SaveLoadService, class com.almasb.fxgl.ui.FXGLUIFactoryServiceProvider, class com.almasb.fxgl.ui.FXGLDialogFactoryServiceProvider, class com.almasb.fxgl.audio.AudioPlayer, class com.almasb.fxgl.notification.impl.NotificationServiceProvider, class com.almasb.fxgl.achievement.AchievementService, class com.almasb.fxgl.cutscene.CutsceneService, class com.almasb.fxgl.minigames.MiniGameService, class com.almasb.fxgl.net.NetService, class com.almasb.fxgl.app.services.UpdaterService, class com.almasb.fxgl.dev.DevService]
11:34:55.058 [FXGL Background Thread 3 ] DEBUG Engine               - fontGame: Abel-Regular.ttf
11:34:55.058 [FXGL Background Thread 3 ] DEBUG Engine               - fontMono: TerminalLandMono-Regular.otf
11:34:55.058 [FXGL Background Thread 3 ] DEBUG Engine               - fontText: Courier-Prime.ttf
11:34:55.058 [FXGL Background Thread 3 ] DEBUG Engine               - fontUI: VarelaRound-Regular.ttf
11:34:55.058 [FXGL Background Thread 3 ] DEBUG Engine               - fullScreen: BooleanProperty [value: false]
11:34:55.058 [FXGL Background Thread 3 ] DEBUG Engine               - gameDifficulty: MEDIUM
11:34:55.058 [FXGL Background Thread 3 ] DEBUG Engine               - gameDifficultyProperty: ObjectProperty [value: MEDIUM]
11:34:55.058 [FXGL Background Thread 3 ] DEBUG Engine               - globalMusicVolume: 0.5
11:34:55.058 [FXGL Background Thread 3 ] DEBUG Engine               - globalMusicVolumeProperty: DoubleProperty [value: 0.5]
11:34:55.059 [FXGL Background Thread 3 ] DEBUG Engine               - globalSoundVolume: 0.5
11:34:55.059 [FXGL Background Thread 3 ] DEBUG Engine               - globalSoundVolumeProperty: DoubleProperty [value: 0.5]
11:34:55.059 [FXGL Background Thread 3 ] DEBUG Engine               - height: 800
11:34:55.059 [FXGL Background Thread 3 ] DEBUG Engine               - is3D: false
11:34:55.059 [FXGL Background Thread 3 ] DEBUG Engine               - isAndroid: false
11:34:55.059 [FXGL Background Thread 3 ] DEBUG Engine               - isBrowser: false
11:34:55.059 [FXGL Background Thread 3 ] DEBUG Engine               - isClickFeedbackEnabled: false
11:34:55.059 [FXGL Background Thread 3 ] DEBUG Engine               - isCloseConfirmation: false
11:34:55.059 [FXGL Background Thread 3 ] DEBUG Engine               - isDesktop: true
11:34:55.059 [FXGL Background Thread 3 ] DEBUG Engine               - isDeveloperMenuEnabled: true
11:34:55.059 [FXGL Background Thread 3 ] DEBUG Engine               - isEmbedded: false
11:34:55.060 [FXGL Background Thread 3 ] DEBUG Engine               - isEntityPreloadEnabled: true
11:34:55.060 [FXGL Background Thread 3 ] DEBUG Engine               - isExperimentalTiledLargeMap: false
11:34:55.060 [FXGL Background Thread 3 ] DEBUG Engine               - isFileSystemWriteAllowed: true
11:34:55.060 [FXGL Background Thread 3 ] DEBUG Engine               - isFullScreenAllowed: true
11:34:55.060 [FXGL Background Thread 3 ] DEBUG Engine               - isFullScreenFromStart: false
11:34:55.060 [FXGL Background Thread 3 ] DEBUG Engine               - isGameMenuEnabled: true
11:34:55.060 [FXGL Background Thread 3 ] DEBUG Engine               - isIOS: false
11:34:55.060 [FXGL Background Thread 3 ] DEBUG Engine               - isIntroEnabled: false
11:34:55.060 [FXGL Background Thread 3 ] DEBUG Engine               - isLinux: false
11:34:55.060 [FXGL Background Thread 3 ] DEBUG Engine               - isMac: true
11:34:55.060 [FXGL Background Thread 3 ] DEBUG Engine               - isMainMenuEnabled: true
11:34:55.060 [FXGL Background Thread 3 ] DEBUG Engine               - isManualResizeEnabled: false
11:34:55.060 [FXGL Background Thread 3 ] DEBUG Engine               - isMobile: false
11:34:55.060 [FXGL Background Thread 3 ] DEBUG Engine               - isNative: false
11:34:55.060 [FXGL Background Thread 3 ] DEBUG Engine               - isPauseMusicWhenMinimized: true
11:34:55.060 [FXGL Background Thread 3 ] DEBUG Engine               - isPreserveResizeRatio: false
11:34:55.060 [FXGL Background Thread 3 ] DEBUG Engine               - isProfilingEnabled: false
11:34:55.060 [FXGL Background Thread 3 ] DEBUG Engine               - isScaleAffectedOnResize: true
11:34:55.061 [FXGL Background Thread 3 ] DEBUG Engine               - isSingleStep: false
11:34:55.061 [FXGL Background Thread 3 ] DEBUG Engine               - isUserProfileEnabled: false
11:34:55.061 [FXGL Background Thread 3 ] DEBUG Engine               - isWindows: false
11:34:55.061 [FXGL Background Thread 3 ] DEBUG Engine               - language: ObjectProperty [value: ENGLISH]
11:34:55.061 [FXGL Background Thread 3 ] DEBUG Engine               - menuKey: ESCAPE
11:34:55.061 [FXGL Background Thread 3 ] DEBUG Engine               - mouseSensitivity: 0.2
11:34:55.061 [FXGL Background Thread 3 ] DEBUG Engine               - notificationViewClass: class com.almasb.fxgl.notification.view.XboxNotificationView
11:34:55.061 [FXGL Background Thread 3 ] DEBUG Engine               - pixelsPerMeter: 50.0
11:34:55.061 [FXGL Background Thread 3 ] DEBUG Engine               - platform: MAC
11:34:55.061 [FXGL Background Thread 3 ] DEBUG Engine               - prefHeightProperty: ReadOnlyDoubleProperty [value: 800.0]
11:34:55.061 [FXGL Background Thread 3 ] DEBUG Engine               - prefWidthProperty: ReadOnlyDoubleProperty [value: 800.0]
11:34:55.062 [FXGL Background Thread 3 ] DEBUG Engine               - profileDir: profiles/
11:34:55.062 [FXGL Background Thread 3 ] DEBUG Engine               - profileName: StringProperty [value: DEFAULT]
11:34:55.062 [FXGL Background Thread 3 ] DEBUG Engine               - randomSeed: -1
11:34:55.062 [FXGL Background Thread 3 ] DEBUG Engine               - runtimeInfo: RuntimeInfo(platform=MAC, version=17, build=31.12.2021 18.16)
11:34:55.062 [FXGL Background Thread 3 ] DEBUG Engine               - saveFileExt: sav
11:34:55.062 [FXGL Background Thread 3 ] DEBUG Engine               - scaledHeightProp$fxgl: DoubleProperty [bound, value: 800.0]
11:34:55.062 [FXGL Background Thread 3 ] DEBUG Engine               - scaledWidthProp$fxgl: DoubleProperty [bound, value: 800.0]
11:34:55.062 [FXGL Background Thread 3 ] DEBUG Engine               - sceneFactory: com.almasb.fxgl.app.scene.SceneFactory@b281029
11:34:55.062 [FXGL Background Thread 3 ] DEBUG Engine               - secondsIn24h: 60
11:34:55.062 [FXGL Background Thread 3 ] DEBUG Engine               - soundMenuBack: menu/back.wav
11:34:55.062 [FXGL Background Thread 3 ] DEBUG Engine               - soundMenuPress: menu/press.wav
11:34:55.062 [FXGL Background Thread 3 ] DEBUG Engine               - soundMenuSelect: menu/select.wav
11:34:55.063 [FXGL Background Thread 3 ] DEBUG Engine               - soundNotification: core/notification.wav
11:34:55.063 [FXGL Background Thread 3 ] DEBUG Engine               - stageStyle: DECORATED
11:34:55.063 [FXGL Background Thread 3 ] DEBUG Engine               - supportedLanguages: [ENGLISH, FRENCH, GERMAN, HUNGARIAN, RUSSIAN]
11:34:55.063 [FXGL Background Thread 3 ] DEBUG Engine               - ticksPerSecond: -1
11:34:55.063 [FXGL Background Thread 3 ] DEBUG Engine               - title: Zelda 2D Game
11:34:55.063 [FXGL Background Thread 3 ] DEBUG Engine               - urlGithub: https://github.com/AlmasB/FXGL
11:34:55.063 [FXGL Background Thread 3 ] DEBUG Engine               - urlLeaderboard: http://fxgl-top.herokuapp.com/
11:34:55.063 [FXGL Background Thread 3 ] DEBUG Engine               - urlPOM: https://raw.githubusercontent.com/AlmasB/FXGL/release/README.md
11:34:55.063 [FXGL Background Thread 3 ] DEBUG Engine               - userAppClass: class com.example.zeldapuzzle.MainGameApp
11:34:55.063 [FXGL Background Thread 3 ] DEBUG Engine               - version: 1
11:34:55.063 [FXGL Background Thread 3 ] DEBUG Engine               - versionCheckDays: 7
11:34:55.063 [FXGL Background Thread 3 ] DEBUG Engine               - width: 800
11:34:55.063 [FXGL Background Thread 3 ] DEBUG Engine               - Logging services
11:34:55.063 [FXGL Background Thread 3 ] DEBUG Engine               - class com.almasb.fxgl.app.services.FXGLAssetLoaderService
11:34:55.063 [FXGL Background Thread 3 ] DEBUG Engine               - class com.almasb.fxgl.app.FXGLApplication$GameApplicationService
11:34:55.063 [FXGL Background Thread 3 ] DEBUG Engine               - class com.almasb.fxgl.app.services.FXGLDialogService
11:34:55.063 [FXGL Background Thread 3 ] DEBUG Engine               - class com.almasb.fxgl.app.services.IOTaskExecutorService
11:34:55.063 [FXGL Background Thread 3 ] DEBUG Engine               - class com.almasb.fxgl.io.FileSystemService
11:34:55.064 [FXGL Background Thread 3 ] DEBUG Engine               - class com.almasb.fxgl.localization.LocalizationService
11:34:55.064 [FXGL Background Thread 3 ] DEBUG Engine               - class com.almasb.fxgl.app.services.SystemBundleService
11:34:55.064 [FXGL Background Thread 3 ] DEBUG Engine               - class com.almasb.fxgl.profile.SaveLoadService
11:34:55.064 [FXGL Background Thread 3 ] DEBUG Engine               - class com.almasb.fxgl.ui.FXGLUIFactoryServiceProvider
11:34:55.064 [FXGL Background Thread 3 ] DEBUG Engine               - class com.almasb.fxgl.ui.FXGLDialogFactoryServiceProvider
11:34:55.064 [FXGL Background Thread 3 ] DEBUG Engine               - class com.almasb.fxgl.audio.AudioPlayer
11:34:55.064 [FXGL Background Thread 3 ] DEBUG Engine               - class com.almasb.fxgl.notification.impl.NotificationServiceProvider
11:34:55.064 [FXGL Background Thread 3 ] DEBUG Engine               - class com.almasb.fxgl.achievement.AchievementService
11:34:55.064 [FXGL Background Thread 3 ] DEBUG Engine               - class com.almasb.fxgl.cutscene.CutsceneService
11:34:55.064 [FXGL Background Thread 3 ] DEBUG Engine               - class com.almasb.fxgl.minigames.MiniGameService
11:34:55.064 [FXGL Background Thread 3 ] DEBUG Engine               - class com.almasb.fxgl.net.NetService
11:34:55.064 [FXGL Background Thread 3 ] DEBUG Engine               - class com.almasb.fxgl.app.services.UpdaterService
11:34:55.064 [FXGL Background Thread 3 ] DEBUG Engine               - class com.almasb.fxgl.dev.DevService
11:36:46.166 [JavaFX Application Thread] WARN  TMXLevelLoader       - TiledMap generated from 1.10.2. Supported version: 1.2.3. Some features may not be parsed fully.
11:36:46.201 [JavaFX Application Thread] DEBUG TMXLevelLoader       - Parsed TiledMap: file:/Users/CHLaroche05/zelda/zeldaPuzzle%20copy/target/classes/assets/levels/leDongeon.tmx
11:36:46.201 [JavaFX Application Thread] DEBUG TMXLevelLoader       - Creating tile layer entities
11:36:46.201 [JavaFX Application Thread] DEBUG TilesetLoader        - Loading view for layer BG1
11:36:46.202 [JavaFX Application Thread] DEBUG TilesetLoader        - Created buffer with size 2400.0x800.0
11:36:46.215 [JavaFX Application Thread] DEBUG TilesetLoader        - Loading view for layer BG2
11:36:46.216 [JavaFX Application Thread] DEBUG TilesetLoader        - Created buffer with size 2400.0x800.0
11:36:46.225 [JavaFX Application Thread] DEBUG TilesetLoader        - Loading view for layer BG3
11:36:46.226 [JavaFX Application Thread] DEBUG TilesetLoader        - Created buffer with size 2400.0x800.0
11:36:46.236 [JavaFX Application Thread] DEBUG TilesetLoader        - Loading view for layer BG4a
11:36:46.237 [JavaFX Application Thread] DEBUG TilesetLoader        - Created buffer with size 2400.0x800.0
11:36:46.247 [JavaFX Application Thread] DEBUG TilesetLoader        - Loading view for layer BG4b
11:36:46.248 [JavaFX Application Thread] DEBUG TilesetLoader        - Created buffer with size 2400.0x800.0
11:36:46.258 [JavaFX Application Thread] DEBUG TilesetLoader        - Loading view for layer MainBuild3
11:36:46.258 [JavaFX Application Thread] DEBUG TilesetLoader        - Created buffer with size 2400.0x800.0
11:36:46.304 [JavaFX Application Thread] DEBUG TilesetLoader        - Loading view for layer MainBuild2
11:36:46.304 [JavaFX Application Thread] DEBUG TilesetLoader        - Created buffer with size 2400.0x800.0
11:36:46.305 [JavaFX Application Thread] DEBUG TilesetLoader        - Loading view for layer MainBuild
11:36:46.306 [JavaFX Application Thread] DEBUG TilesetLoader        - Created buffer with size 2400.0x800.0
11:36:46.311 [JavaFX Application Thread] DEBUG TMXLevelLoader       - Creating object layer entities
11:36:46.318 [JavaFX Application Thread] DEBUG GameWorld            - Clearing removable entities
11:36:46.322 [JavaFX Application Thread] DEBUG GameWorld            - Setting level: com.almasb.fxgl.entity.level.Level@5f3b1653
11:36:46.329 [JavaFX Application Thread] WARN  GameWorld            - Entity is already attached to world
11:37:02.030 [JavaFX Application Thread] WARN  GameWorld            - Entity is already attached to world
11:37:18.337 [JavaFX Application Thread] WARN  GameWorld            - Entity is already attached to world
11:37:20.102 [JavaFX Application Thread] WARN  GameWorld            - Entity is already attached to world
11:37:21.731 [JavaFX Application Thread] WARN  GameWorld            - Entity is already attached to world
11:37:21.962 [JavaFX Application Thread] WARN  TMXLevelLoader       - TiledMap generated from 1.10.2. Supported version: 1.2.3. Some features may not be parsed fully.
11:37:21.977 [JavaFX Application Thread] DEBUG TMXLevelLoader       - Parsed TiledMap: file:/Users/CHLaroche05/zelda/zeldaPuzzle%20copy/target/classes/assets/levels/mapFinal.tmx
11:37:21.978 [JavaFX Application Thread] DEBUG TMXLevelLoader       - Creating tile layer entities
11:37:21.978 [JavaFX Application Thread] DEBUG TilesetLoader        - Loading view for layer background
11:37:21.990 [JavaFX Application Thread] DEBUG TilesetLoader        - Created buffer with size 4800.0x4800.0
11:37:22.091 [JavaFX Application Thread] DEBUG TilesetLoader        - Loading view for layer devant
11:37:22.098 [JavaFX Application Thread] DEBUG TilesetLoader        - Created buffer with size 4800.0x4800.0
11:37:22.124 [JavaFX Application Thread] DEBUG TilesetLoader        - Loading view for layer devant1
11:37:22.136 [JavaFX Application Thread] DEBUG TilesetLoader        - Created buffer with size 4800.0x4800.0
11:37:22.149 [JavaFX Application Thread] DEBUG TMXLevelLoader       - Creating object layer entities
11:37:22.164 [JavaFX Application Thread] DEBUG GameWorld            - Clearing removable entities
11:37:22.167 [JavaFX Application Thread] DEBUG GameWorld            - Setting level: com.almasb.fxgl.entity.level.Level@38a8e68
11:37:22.174 [JavaFX Application Thread] WARN  GameWorld            - Entity is already attached to world
11:37:22.175 [JavaFX Application Thread] WARN  GameWorld            - Entity is already attached to world
11:38:00.657 [JavaFX Application Thread] DEBUG FXGLApplication      - Exiting FXGL
11:38:00.658 [JavaFX Application Thread] DEBUG LoopRunner           - Stopping loop
11:38:00.658 [JavaFX Application Thread] DEBUG SystemBundleService  - Saving FXGL system data
11:38:00.662 [JavaFX Application Thread] DEBUG FileSystemAccess     - Writing to: /Users/CHLaroche05/zelda/zeldaPuzzle copy/system/fxgl.bundle
11:38:00.665 [JavaFX Application Thread] DEBUG Async                - Shutting down background threads
11:38:00.665 [JavaFX Application Thread] DEBUG PrimaryStageWindow   - Closing main window
11:38:00.673 [JavaFX Application Thread] DEBUG Logger               - Closing Logger
