22:36:20.113 [main                     ] DEBUG Logger               - Configured Logger
22:36:20.154 [main                     ] DEBUG GameApplication      - Logging settings
Title: Zelda 2D Game
Version: 1
Width: 800
Height: 800
Fullscreen: false
Intro: false
Profiling: false
Single step:false
App Mode: DEVELOPER
Menu Key: ESCAPE
Stage Style: DECORATED
Scene Factory: class com.almasb.fxgl.app.scene.SceneFactory

22:36:20.751 [JavaFX Application Thread] DEBUG FXGLApplication      - Initializing FXGL
22:36:20.756 [JavaFX Application Thread] INFO  Engine               - FXGL-17 (31.12.2021 18.16) on WINDOWS (J:19.0.2 FX:19)
22:36:20.757 [JavaFX Application Thread] DEBUG Engine               - JRE Vendor Name: Amazon.com Inc.
22:36:20.758 [JavaFX Application Thread] DEBUG Engine               - Running on OS: Windows 11 version 10.0
22:36:20.758 [JavaFX Application Thread] DEBUG Engine               - Architecture: amd64
22:36:20.758 [JavaFX Application Thread] INFO  Engine               - Source code and latest versions at: https://github.com/AlmasB/FXGL
22:36:20.758 [JavaFX Application Thread] INFO  Engine               -       Ask questions and discuss at: https://github.com/AlmasB/FXGL/discussions
22:36:20.758 [JavaFX Application Thread] INFO  Engine               -              Join the FXGL chat at: https://gitter.im/AlmasB/FXGL
22:36:20.856 [JavaFX Application Thread] DEBUG PrimaryStageWindow   - Creating a JavaFX scene
22:36:20.986 [JavaFX Application Thread] DEBUG PrimaryStageWindow   - Target settings size: 800.0 x 800.0
22:36:20.987 [JavaFX Application Thread] DEBUG PrimaryStageWindow   - Scaled scene size:    800.0 x 800.0
22:36:20.987 [JavaFX Application Thread] DEBUG PrimaryStageWindow   - Scaled ratio: (1.0, 1.0)
22:36:20.988 [JavaFX Application Thread] DEBUG PrimaryStageWindow   - Set initial scene to FXGLStartupScene
22:36:20.995 [JavaFX Application Thread] DEBUG PrimaryStageWindow   - Opening main window
22:36:21.120 [JavaFX Application Thread] DEBUG PrimaryStageWindow   - Window border size: (13.0, 35.5)
22:36:21.122 [JavaFX Application Thread] DEBUG PrimaryStageWindow   - Scaled size: 800.0 x 800.0
22:36:21.122 [JavaFX Application Thread] DEBUG PrimaryStageWindow   - Scaled ratio: (1.0, 1.0)
22:36:21.123 [JavaFX Application Thread] DEBUG PrimaryStageWindow   - Scene size: 800.0 x 800.0
22:36:21.123 [JavaFX Application Thread] DEBUG PrimaryStageWindow   - Stage size: 813.0 x 835.5
22:36:21.138 [FXGL Background Thread 1 ] DEBUG Engine               - Initializing environment variables
22:36:21.211 [FXGL Background Thread 1 ] DEBUG FXGLAssetLoaderServi - User app class for loading assets: class com.example.zeldapuzzle.MainGameApp
22:36:21.211 [FXGL Background Thread 1 ] DEBUG GameApplicationServi - Applying CSS: fxgl_dark.css
22:36:21.213 [FXGL Background Thread 1 ] DEBUG FXGLAssetLoaderServi - Loading from file system: jar:file:///C:/Users/Utilisateur/.m2/repository/com/github/almasb/fxgl/17/fxgl-17.jar!/fxglassets/ui/css/fxgl_dark.css
22:36:21.282 [FXGL Background Thread 1 ] DEBUG GameApplicationServi - Initializing application scenes
22:36:21.345 [FXGL Background Thread 1 ] DEBUG GameWorld            - Game world initialized
22:36:21.489 [FXGL Background Thread 1 ] DEBUG PhysicsWorld         - Physics world initialized: appHeight=800, physics.ppm=50,0
22:36:21.491 [FXGL Background Thread 1 ] DEBUG PhysicsWorld         - Using strategy: BRUTE_FORCE
22:36:21.499 [FXGL Background Thread 1 ] DEBUG GameScene            - Game scene initialized: 800x800
22:36:21.520 [FXGL Background Thread 1 ] DEBUG FXGL.DefaultMenu     - createMenuBodyMainMenu()
22:36:21.548 [FXGL Background Thread 1 ] DEBUG FXGL.DefaultMenu     - createOptionsMenu()
22:36:21.570 [FXGL Background Thread 1 ] DEBUG FXGLAssetLoaderServi - Loading from file system: jar:file:///C:/Users/Utilisateur/.m2/repository/com/github/almasb/fxgl/17/fxgl-17.jar!/fxglassets/textures/particles/smoke.png
22:36:21.745 [FXGL Background Thread 1 ] DEBUG FXGLAssetLoaderServi - Loading from file system: jar:file:///C:/Users/Utilisateur/.m2/repository/com/github/almasb/fxgl/17/fxgl-17.jar!/fxglassets/textures/particles/trace_horizontal.png
22:36:21.799 [FXGL Background Thread 1 ] DEBUG FXGL.DefaultMenu     - createMenuBodyGameMenu()
22:36:21.802 [FXGL Background Thread 1 ] DEBUG FXGL.DefaultMenu     - createOptionsMenu()
22:36:21.825 [FXGL Background Thread 1 ] DEBUG GameApplicationServi - Application scenes initialized
22:36:21.845 [FXGL Background Thread 1 ] DEBUG SystemBundleService  - Loading FXGL system data
22:36:21.860 [FXGL Background Thread 1 ] DEBUG FileSystemAccess     - Reading from: C:\Users\Utilisateur\IdeaProjects\zeldaPuzzle\system\fxgl.bundle
22:36:21.875 [FXGL Background Thread 1 ] DEBUG SystemBundleService  - Bundle FXGL: {}
22:36:21.875 [FXGL Background Thread 1 ] DEBUG UpdaterService       - Checking for updates
22:36:21.882 [FXGL Background Thread 4 ] DEBUG FXGLApplication      - Loading fonts
22:36:21.882 [FXGL Background Thread 1 ] DEBUG FXGLApplication      - Loading default localization
22:36:21.883 [FXGL Background Thread 4 ] DEBUG FXGLAssetLoaderServi - Loading from file system: jar:file:///C:/Users/Utilisateur/.m2/repository/com/github/almasb/fxgl/17/fxgl-17.jar!/fxglassets/ui/fonts/VarelaRound-Regular.ttf
22:36:21.884 [FXGL Background Thread 1 ] DEBUG FXGLAssetLoaderServi - Loading from file system: jar:file:///C:/Users/Utilisateur/.m2/repository/com/github/almasb/fxgl/17/fxgl-17.jar!/fxglassets/languages/english.lang
22:36:21.915 [FXGL Background Thread 1 ] INFO  FXGLApplication      - FXGL initialization took: 0,777 sec
22:36:21.958 [JavaFX Application Thread] DEBUG Input                - Registered new binding: getPosition - P
22:36:21.959 [JavaFX Application Thread] DEBUG Input                - Registered new binding: zoom+ - Up
22:36:21.960 [JavaFX Application Thread] DEBUG Input                - Registered new binding: zoom- - Down
22:36:21.961 [JavaFX Application Thread] DEBUG Input                - Registered new binding: resetZoom - 0
22:36:21.962 [JavaFX Application Thread] DEBUG Input                - Registered new binding: Move right - D
22:36:21.962 [JavaFX Application Thread] DEBUG Input                - Registered new binding: Move left - A
22:36:21.963 [JavaFX Application Thread] DEBUG Input                - Registered new binding: Move Up - W
22:36:21.963 [JavaFX Application Thread] DEBUG Input                - Registered new binding: Move Down - S
22:36:21.963 [JavaFX Application Thread] DEBUG FXGLAssetLoaderServi - Loading from file system: jar:file:///C:/Users/Utilisateur/.m2/repository/com/github/almasb/fxgl/17/fxgl-17.jar!/fxglassets/textures/fxgl_icon.png
22:36:21.980 [FXGL Background Thread 4 ] DEBUG FXGLAssetLoaderServi - Loading from file system: jar:file:///C:/Users/Utilisateur/.m2/repository/com/github/almasb/fxgl/17/fxgl-17.jar!/fxglassets/ui/fonts/Abel-Regular.ttf
22:36:21.990 [JavaFX Application Thread] DEBUG FXGLAssetLoaderServi - Loading from file system: jar:file:///C:/Users/Utilisateur/.m2/repository/com/github/almasb/fxgl/17/fxgl-17.jar!/fxglassets/textures/fxgl_default_cursor.png
22:36:21.993 [FXGL Background Thread 4 ] DEBUG FXGLAssetLoaderServi - Loading from file system: jar:file:///C:/Users/Utilisateur/.m2/repository/com/github/almasb/fxgl/17/fxgl-17.jar!/fxglassets/ui/fonts/TerminalLandMono-Regular.otf
22:36:21.998 [JavaFX Application Thread] DEBUG Input                - Registered new binding: Screenshot - CTRL+8
22:36:22.000 [JavaFX Application Thread] DEBUG Input                - Registered new binding: System info dump - CTRL+9
22:36:22.002 [JavaFX Application Thread] DEBUG Input                - Registered new binding: Restart - CTRL+R
22:36:22.004 [FXGL Background Thread 4 ] DEBUG FXGLAssetLoaderServi - Loading from file system: jar:file:///C:/Users/Utilisateur/.m2/repository/com/github/almasb/fxgl/17/fxgl-17.jar!/fxglassets/ui/fonts/Courier-Prime.ttf
22:36:22.004 [JavaFX Application Thread] DEBUG Input                - Registered new binding: Toggle Debug Camera - CTRL+7
22:36:22.009 [JavaFX Application Thread] DEBUG LoopRunner           - Starting loop
22:36:22.010 [JavaFX Application Thread] DEBUG LoopRunner           - Initializing JavaFX AnimationTimerLoop
22:36:22.015 [JavaFX Application Thread] DEBUG Input                - Clearing active input actions
22:36:22.025 [JavaFX Application Thread] DEBUG GameApplicationServi - Removing overlay from FXGLStartupScene and adding to FXGLMainMenuDummyScene
22:36:22.025 [JavaFX Application Thread] DEBUG PrimaryStageWindow   - FXGLStartupScene -> FXGLMainMenuDummyScene
22:36:22.025 [JavaFX Application Thread] DEBUG PrimaryStageWindow   - Push state: FXGLDefaultMenu
22:36:22.054 [JavaFX Application Thread] DEBUG Input                - Clearing active input actions
22:36:22.070 [JavaFX Application Thread] DEBUG GameApplicationServi - Removing overlay from FXGLMainMenuDummyScene and adding to FXGLDefaultMenu
22:36:22.070 [JavaFX Application Thread] DEBUG PrimaryStageWindow   - FXGLMainMenuDummyScene -> FXGLDefaultMenu
22:36:22.188 [JavaFX Application Thread] DEBUG FXGLApplication      - Registering font factories with UI factory
22:36:22.906 [FXGL Background Thread 2 ] INFO  UpdaterService       - Your current version:  17
22:36:22.907 [FXGL Background Thread 2 ] INFO  UpdaterService       - Latest stable version: 21.1
22:36:23.074 [JavaFX Application Thread] DEBUG Menu                 - fireNewGame()
22:36:23.074 [JavaFX Application Thread] DEBUG GameApplicationServi - Starting new game
22:36:23.076 [JavaFX Application Thread] DEBUG PrimaryStageWindow   - Pop state: FXGLDefaultMenu
22:36:23.076 [JavaFX Application Thread] DEBUG Input                - Clearing active input actions
22:36:23.077 [JavaFX Application Thread] DEBUG GameApplicationServi - Removing overlay from FXGLDefaultMenu and adding to FXGLMainMenuDummyScene
22:36:23.078 [JavaFX Application Thread] DEBUG PrimaryStageWindow   - FXGLMainMenuDummyScene <- FXGLDefaultMenu
22:36:23.078 [JavaFX Application Thread] DEBUG Input                - Clearing active input actions
22:36:23.095 [JavaFX Application Thread] DEBUG GameApplicationServi - Removing overlay from FXGLMainMenuDummyScene and adding to FXGLLoadingScene
22:36:23.095 [JavaFX Application Thread] DEBUG PrimaryStageWindow   - FXGLMainMenuDummyScene -> FXGLLoadingScene
22:36:23.096 [JavaFX Application Thread] DEBUG GameApplicationServi - Clearing previous game
22:36:23.096 [JavaFX Application Thread] DEBUG GameScene            - Clearing game scene
22:36:23.096 [JavaFX Application Thread] DEBUG GameWorld            - Clearing game world
22:36:23.096 [JavaFX Application Thread] DEBUG PhysicsWorld         - Clearing physics world
22:36:23.104 [FXGL Background Thread 2 ] DEBUG FXGLApplication      - Initializing game
22:36:23.252 [FXGL Background Thread 2 ] WARN  GameWorld            - Entity is already attached to world
22:36:23.279 [FXGL Background Thread 2 ] WARN  GameWorld            - Entity is already attached to world
22:36:23.315 [FXGL Background Thread 2 ] WARN  GameWorld            - Entity is already attached to world
22:36:23.318 [FXGL Background Thread 2 ] INFO  FXGLApplication      - Game initialization took: 0,213 sec
22:36:23.330 [JavaFX Application Thread] DEBUG Input                - Clearing active input actions
22:36:23.339 [JavaFX Application Thread] DEBUG GameApplicationServi - Removing overlay from FXGLLoadingScene and adding to GameScene
22:36:23.339 [JavaFX Application Thread] DEBUG PrimaryStageWindow   - FXGLLoadingScene -> GameScene
22:36:24.880 [FXGL Background Thread 3 ] DEBUG Engine               - Logging environment variables
22:36:24.880 [FXGL Background Thread 3 ] DEBUG Engine               - achievements: []
22:36:24.880 [FXGL Background Thread 3 ] DEBUG Engine               - actualHeight: 800.0
22:36:24.880 [FXGL Background Thread 3 ] DEBUG Engine               - actualHeightProperty: ReadOnlyDoubleProperty [value: 800.0]
22:36:24.880 [FXGL Background Thread 3 ] DEBUG Engine               - actualWidth: 800.0
22:36:24.882 [FXGL Background Thread 3 ] DEBUG Engine               - actualWidthProperty: ReadOnlyDoubleProperty [value: 800.0]
22:36:24.882 [FXGL Background Thread 3 ] DEBUG Engine               - appIcon: fxgl_icon.png
22:36:24.882 [FXGL Background Thread 3 ] DEBUG Engine               - applicationMode: DEVELOPER
22:36:24.882 [FXGL Background Thread 3 ] DEBUG Engine               - cSSList: [fxgl_dark.css]
22:36:24.882 [FXGL Background Thread 3 ] DEBUG Engine               - collisionDetectionStrategy: BRUTE_FORCE
22:36:24.882 [FXGL Background Thread 3 ] DEBUG Engine               - configClass: Optional.empty
22:36:24.882 [FXGL Background Thread 3 ] DEBUG Engine               - credits: []
22:36:24.884 [FXGL Background Thread 3 ] DEBUG Engine               - defaultCursor: CursorInfo(imageName=fxgl_default_cursor.png, hotspotX=7.0, hotspotY=6.0)
22:36:24.884 [FXGL Background Thread 3 ] DEBUG Engine               - devBBoxColorProperty: ObjectProperty [value: 0xff0000ff]
22:36:24.884 [FXGL Background Thread 3 ] DEBUG Engine               - devEnableDebugCameraProperty: BooleanProperty [value: false]
22:36:24.884 [FXGL Background Thread 3 ] DEBUG Engine               - devSensorColorProperty: ObjectProperty [value: 0xffff00ff]
22:36:24.884 [FXGL Background Thread 3 ] DEBUG Engine               - devShowBBoxProperty: BooleanProperty [value: false]
22:36:24.884 [FXGL Background Thread 3 ] DEBUG Engine               - devShowPositionProperty: BooleanProperty [value: false]
22:36:24.884 [FXGL Background Thread 3 ] DEBUG Engine               - enabledMenuItems: []
22:36:24.885 [FXGL Background Thread 3 ] DEBUG Engine               - engineServices: [class com.almasb.fxgl.app.services.FXGLAssetLoaderService, class com.almasb.fxgl.app.FXGLApplication$GameApplicationService, class com.almasb.fxgl.app.services.FXGLDialogService, class com.almasb.fxgl.app.services.IOTaskExecutorService, class com.almasb.fxgl.io.FileSystemService, class com.almasb.fxgl.localization.LocalizationService, class com.almasb.fxgl.app.services.SystemBundleService, class com.almasb.fxgl.profile.SaveLoadService, class com.almasb.fxgl.ui.FXGLUIFactoryServiceProvider, class com.almasb.fxgl.ui.FXGLDialogFactoryServiceProvider, class com.almasb.fxgl.audio.AudioPlayer, class com.almasb.fxgl.notification.impl.NotificationServiceProvider, class com.almasb.fxgl.achievement.AchievementService, class com.almasb.fxgl.cutscene.CutsceneService, class com.almasb.fxgl.minigames.MiniGameService, class com.almasb.fxgl.net.NetService, class com.almasb.fxgl.app.services.UpdaterService, class com.almasb.fxgl.dev.DevService]
22:36:24.885 [FXGL Background Thread 3 ] DEBUG Engine               - fontGame: Abel-Regular.ttf
22:36:24.885 [FXGL Background Thread 3 ] DEBUG Engine               - fontMono: TerminalLandMono-Regular.otf
22:36:24.885 [FXGL Background Thread 3 ] DEBUG Engine               - fontText: Courier-Prime.ttf
22:36:24.885 [FXGL Background Thread 3 ] DEBUG Engine               - fontUI: VarelaRound-Regular.ttf
22:36:24.885 [FXGL Background Thread 3 ] DEBUG Engine               - fullScreen: BooleanProperty [value: false]
22:36:24.885 [FXGL Background Thread 3 ] DEBUG Engine               - gameDifficulty: MEDIUM
22:36:24.885 [FXGL Background Thread 3 ] DEBUG Engine               - gameDifficultyProperty: ObjectProperty [value: MEDIUM]
22:36:24.886 [FXGL Background Thread 3 ] DEBUG Engine               - globalMusicVolume: 0.5
22:36:24.886 [FXGL Background Thread 3 ] DEBUG Engine               - globalMusicVolumeProperty: DoubleProperty [value: 0.5]
22:36:24.886 [FXGL Background Thread 3 ] DEBUG Engine               - globalSoundVolume: 0.5
22:36:24.887 [FXGL Background Thread 3 ] DEBUG Engine               - globalSoundVolumeProperty: DoubleProperty [value: 0.5]
22:36:24.887 [FXGL Background Thread 3 ] DEBUG Engine               - height: 800
22:36:24.887 [FXGL Background Thread 3 ] DEBUG Engine               - is3D: false
22:36:24.887 [FXGL Background Thread 3 ] DEBUG Engine               - isAndroid: false
22:36:24.887 [FXGL Background Thread 3 ] DEBUG Engine               - isBrowser: false
22:36:24.887 [FXGL Background Thread 3 ] DEBUG Engine               - isClickFeedbackEnabled: false
22:36:24.887 [FXGL Background Thread 3 ] DEBUG Engine               - isCloseConfirmation: false
22:36:24.887 [FXGL Background Thread 3 ] DEBUG Engine               - isDesktop: true
22:36:24.887 [FXGL Background Thread 3 ] DEBUG Engine               - isDeveloperMenuEnabled: false
22:36:24.887 [FXGL Background Thread 3 ] DEBUG Engine               - isEmbedded: false
22:36:24.888 [FXGL Background Thread 3 ] DEBUG Engine               - isEntityPreloadEnabled: true
22:36:24.888 [FXGL Background Thread 3 ] DEBUG Engine               - isExperimentalTiledLargeMap: false
22:36:24.888 [FXGL Background Thread 3 ] DEBUG Engine               - isFileSystemWriteAllowed: true
22:36:24.888 [FXGL Background Thread 3 ] DEBUG Engine               - isFullScreenAllowed: false
22:36:24.888 [FXGL Background Thread 3 ] DEBUG Engine               - isFullScreenFromStart: false
22:36:24.889 [FXGL Background Thread 3 ] DEBUG Engine               - isGameMenuEnabled: true
22:36:24.889 [FXGL Background Thread 3 ] DEBUG Engine               - isIOS: false
22:36:24.889 [FXGL Background Thread 3 ] DEBUG Engine               - isIntroEnabled: false
22:36:24.889 [FXGL Background Thread 3 ] DEBUG Engine               - isLinux: false
22:36:24.889 [FXGL Background Thread 3 ] DEBUG Engine               - isMac: false
22:36:24.889 [FXGL Background Thread 3 ] DEBUG Engine               - isMainMenuEnabled: true
22:36:24.889 [FXGL Background Thread 3 ] DEBUG Engine               - isManualResizeEnabled: false
22:36:24.889 [FXGL Background Thread 3 ] DEBUG Engine               - isMobile: false
22:36:24.889 [FXGL Background Thread 3 ] DEBUG Engine               - isNative: false
22:36:24.889 [FXGL Background Thread 3 ] DEBUG Engine               - isPauseMusicWhenMinimized: true
22:36:24.889 [FXGL Background Thread 3 ] DEBUG Engine               - isPreserveResizeRatio: false
22:36:24.890 [FXGL Background Thread 3 ] DEBUG Engine               - isProfilingEnabled: false
22:36:24.890 [FXGL Background Thread 3 ] DEBUG Engine               - isScaleAffectedOnResize: true
22:36:24.890 [FXGL Background Thread 3 ] DEBUG Engine               - isSingleStep: false
22:36:24.890 [FXGL Background Thread 3 ] DEBUG Engine               - isUserProfileEnabled: false
22:36:24.890 [FXGL Background Thread 3 ] DEBUG Engine               - isWindows: true
22:36:24.890 [FXGL Background Thread 3 ] DEBUG Engine               - language: ObjectProperty [value: ENGLISH]
22:36:24.890 [FXGL Background Thread 3 ] DEBUG Engine               - menuKey: ESCAPE
22:36:24.890 [FXGL Background Thread 3 ] DEBUG Engine               - mouseSensitivity: 0.2
22:36:24.890 [FXGL Background Thread 3 ] DEBUG Engine               - notificationViewClass: class com.almasb.fxgl.notification.view.XboxNotificationView
22:36:24.890 [FXGL Background Thread 3 ] DEBUG Engine               - pixelsPerMeter: 50.0
22:36:24.890 [FXGL Background Thread 3 ] DEBUG Engine               - platform: WINDOWS
22:36:24.890 [FXGL Background Thread 3 ] DEBUG Engine               - prefHeightProperty: ReadOnlyDoubleProperty [value: 800.0]
22:36:24.890 [FXGL Background Thread 3 ] DEBUG Engine               - prefWidthProperty: ReadOnlyDoubleProperty [value: 800.0]
22:36:24.890 [FXGL Background Thread 3 ] DEBUG Engine               - profileDir: profiles/
22:36:24.890 [FXGL Background Thread 3 ] DEBUG Engine               - profileName: StringProperty [value: DEFAULT]
22:36:24.890 [FXGL Background Thread 3 ] DEBUG Engine               - randomSeed: -1
22:36:24.891 [FXGL Background Thread 3 ] DEBUG Engine               - runtimeInfo: RuntimeInfo(platform=WINDOWS, version=17, build=31.12.2021 18.16)
22:36:24.891 [FXGL Background Thread 3 ] DEBUG Engine               - saveFileExt: sav
22:36:24.891 [FXGL Background Thread 3 ] DEBUG Engine               - scaledHeightProp$fxgl: DoubleProperty [bound, value: 800.0]
22:36:24.891 [FXGL Background Thread 3 ] DEBUG Engine               - scaledWidthProp$fxgl: DoubleProperty [bound, value: 800.0]
22:36:24.891 [FXGL Background Thread 3 ] DEBUG Engine               - sceneFactory: com.almasb.fxgl.app.scene.SceneFactory@7ed0e7d1
22:36:24.891 [FXGL Background Thread 3 ] DEBUG Engine               - secondsIn24h: 60
22:36:24.891 [FXGL Background Thread 3 ] DEBUG Engine               - soundMenuBack: menu/back.wav
22:36:24.892 [FXGL Background Thread 3 ] DEBUG Engine               - soundMenuPress: menu/press.wav
22:36:24.892 [FXGL Background Thread 3 ] DEBUG Engine               - soundMenuSelect: menu/select.wav
22:36:24.892 [FXGL Background Thread 3 ] DEBUG Engine               - soundNotification: core/notification.wav
22:36:24.892 [FXGL Background Thread 3 ] DEBUG Engine               - stageStyle: DECORATED
22:36:24.892 [FXGL Background Thread 3 ] DEBUG Engine               - supportedLanguages: [ENGLISH, FRENCH, GERMAN, HUNGARIAN, RUSSIAN]
22:36:24.892 [FXGL Background Thread 3 ] DEBUG Engine               - ticksPerSecond: -1
22:36:24.892 [FXGL Background Thread 3 ] DEBUG Engine               - title: Zelda 2D Game
22:36:24.892 [FXGL Background Thread 3 ] DEBUG Engine               - urlGithub: https://github.com/AlmasB/FXGL
22:36:24.892 [FXGL Background Thread 3 ] DEBUG Engine               - urlLeaderboard: http://fxgl-top.herokuapp.com/
22:36:24.892 [FXGL Background Thread 3 ] DEBUG Engine               - urlPOM: https://raw.githubusercontent.com/AlmasB/FXGL/release/README.md
22:36:24.892 [FXGL Background Thread 3 ] DEBUG Engine               - userAppClass: class com.example.zeldapuzzle.MainGameApp
22:36:24.892 [FXGL Background Thread 3 ] DEBUG Engine               - version: 1
22:36:24.892 [FXGL Background Thread 3 ] DEBUG Engine               - versionCheckDays: 7
22:36:24.892 [FXGL Background Thread 3 ] DEBUG Engine               - width: 800
22:36:24.892 [FXGL Background Thread 3 ] DEBUG Engine               - Logging services
22:36:24.892 [FXGL Background Thread 3 ] DEBUG Engine               - class com.almasb.fxgl.app.services.FXGLAssetLoaderService
22:36:24.892 [FXGL Background Thread 3 ] DEBUG Engine               - class com.almasb.fxgl.app.FXGLApplication$GameApplicationService
22:36:24.892 [FXGL Background Thread 3 ] DEBUG Engine               - class com.almasb.fxgl.app.services.FXGLDialogService
22:36:24.892 [FXGL Background Thread 3 ] DEBUG Engine               - class com.almasb.fxgl.app.services.IOTaskExecutorService
22:36:24.892 [FXGL Background Thread 3 ] DEBUG Engine               - class com.almasb.fxgl.io.FileSystemService
22:36:24.892 [FXGL Background Thread 3 ] DEBUG Engine               - class com.almasb.fxgl.localization.LocalizationService
22:36:24.892 [FXGL Background Thread 3 ] DEBUG Engine               - class com.almasb.fxgl.app.services.SystemBundleService
22:36:24.892 [FXGL Background Thread 3 ] DEBUG Engine               - class com.almasb.fxgl.profile.SaveLoadService
22:36:24.892 [FXGL Background Thread 3 ] DEBUG Engine               - class com.almasb.fxgl.ui.FXGLUIFactoryServiceProvider
22:36:24.892 [FXGL Background Thread 3 ] DEBUG Engine               - class com.almasb.fxgl.ui.FXGLDialogFactoryServiceProvider
22:36:24.892 [FXGL Background Thread 3 ] DEBUG Engine               - class com.almasb.fxgl.audio.AudioPlayer
22:36:24.892 [FXGL Background Thread 3 ] DEBUG Engine               - class com.almasb.fxgl.notification.impl.NotificationServiceProvider
22:36:24.893 [FXGL Background Thread 3 ] DEBUG Engine               - class com.almasb.fxgl.achievement.AchievementService
22:36:24.893 [FXGL Background Thread 3 ] DEBUG Engine               - class com.almasb.fxgl.cutscene.CutsceneService
22:36:24.893 [FXGL Background Thread 3 ] DEBUG Engine               - class com.almasb.fxgl.minigames.MiniGameService
22:36:24.893 [FXGL Background Thread 3 ] DEBUG Engine               - class com.almasb.fxgl.net.NetService
22:36:24.893 [FXGL Background Thread 3 ] DEBUG Engine               - class com.almasb.fxgl.app.services.UpdaterService
22:36:24.893 [FXGL Background Thread 3 ] DEBUG Engine               - class com.almasb.fxgl.dev.DevService
22:36:27.189 [JavaFX Application Thread] WARN  GameWorld            - Entity is already attached to world
22:36:27.893 [JavaFX Application Thread] WARN  GameWorld            - Entity is already attached to world
22:36:29.024 [JavaFX Application Thread] WARN  GameWorld            - Entity is already attached to world
22:36:29.738 [JavaFX Application Thread] WARN  GameWorld            - Entity is already attached to world
22:36:30.804 [JavaFX Application Thread] WARN  GameWorld            - Entity is already attached to world
22:36:31.665 [JavaFX Application Thread] WARN  GameWorld            - Entity is already attached to world
22:36:32.341 [JavaFX Application Thread] WARN  GameWorld            - Entity is already attached to world
22:36:33.075 [JavaFX Application Thread] WARN  GameWorld            - Entity is already attached to world
22:36:34.228 [JavaFX Application Thread] WARN  GameWorld            - Entity is already attached to world
22:36:34.982 [JavaFX Application Thread] WARN  GameWorld            - Entity is already attached to world
22:36:35.348 [JavaFX Application Thread] WARN  GameWorld            - Entity is already attached to world
22:36:36.041 [JavaFX Application Thread] WARN  GameWorld            - Entity is already attached to world
22:36:37.828 [JavaFX Application Thread] WARN  GameWorld            - Entity is already attached to world
22:36:38.666 [JavaFX Application Thread] WARN  GameWorld            - Entity is already attached to world
22:36:40.019 [JavaFX Application Thread] WARN  GameWorld            - Entity is already attached to world
22:36:41.060 [JavaFX Application Thread] WARN  GameWorld            - Entity is already attached to world
22:36:42.533 [JavaFX Application Thread] DEBUG FXGLApplication      - Exiting FXGL
22:36:42.534 [JavaFX Application Thread] DEBUG LoopRunner           - Stopping loop
22:36:42.534 [JavaFX Application Thread] DEBUG SystemBundleService  - Saving FXGL system data
22:36:42.537 [JavaFX Application Thread] DEBUG FileSystemAccess     - Writing to: C:\Users\Utilisateur\IdeaProjects\zeldaPuzzle\system\fxgl.bundle
22:36:42.542 [JavaFX Application Thread] DEBUG Async                - Shutting down background threads
22:36:42.542 [JavaFX Application Thread] DEBUG PrimaryStageWindow   - Closing main window
22:36:42.597 [JavaFX Application Thread] DEBUG Logger               - Closing Logger
