12:43:47.977 [main                     ] DEBUG Logger               - Configured Logger
12:43:47.992 [main                     ] DEBUG GameApplication      - Logging settings
Title: Zelda 2D Game
Version: 1
Width: 800
Height: 800
Fullscreen: true
Intro: false
Profiling: false
Single step:false
App Mode: DEVELOPER
Menu Key: ESCAPE
Stage Style: DECORATED
Scene Factory: class com.almasb.fxgl.app.scene.SceneFactory

12:43:48.131 [JavaFX Application Thread] DEBUG FXGLApplication      - Initializing FXGL
12:43:48.134 [JavaFX Application Thread] INFO  Engine               - FXGL-17 (31.12.2021 18.16) on WINDOWS (J:19.0.2 FX:19)
12:43:48.135 [JavaFX Application Thread] DEBUG Engine               - JRE Vendor Name: Amazon.com Inc.
12:43:48.135 [JavaFX Application Thread] DEBUG Engine               - Running on OS: Windows 10 version 10.0
12:43:48.135 [JavaFX Application Thread] DEBUG Engine               - Architecture: amd64
12:43:48.135 [JavaFX Application Thread] INFO  Engine               - Source code and latest versions at: https://github.com/AlmasB/FXGL
12:43:48.135 [JavaFX Application Thread] INFO  Engine               -       Ask questions and discuss at: https://github.com/AlmasB/FXGL/discussions
12:43:48.136 [JavaFX Application Thread] INFO  Engine               -              Join the FXGL chat at: https://gitter.im/AlmasB/FXGL
12:43:48.203 [JavaFX Application Thread] DEBUG PrimaryStageWindow   - Creating a JavaFX scene
12:43:48.247 [JavaFX Application Thread] DEBUG PrimaryStageWindow   - Target settings size: 800.0 x 800.0
12:43:48.247 [JavaFX Application Thread] DEBUG PrimaryStageWindow   - Scaled scene size:    800.0 x 800.0
12:43:48.247 [JavaFX Application Thread] DEBUG PrimaryStageWindow   - Scaled ratio: (1.0, 1.0)
12:43:48.248 [JavaFX Application Thread] DEBUG PrimaryStageWindow   - Set initial scene to FXGLStartupScene
12:43:48.252 [JavaFX Application Thread] DEBUG PrimaryStageWindow   - Opening main window
12:43:48.329 [JavaFX Application Thread] DEBUG PrimaryStageWindow   - Window border size: (16.0, 39.0)
12:43:48.330 [JavaFX Application Thread] DEBUG PrimaryStageWindow   - Scaled size: 800.0 x 800.0
12:43:48.330 [JavaFX Application Thread] DEBUG PrimaryStageWindow   - Scaled ratio: (1.0, 1.0)
12:43:48.330 [JavaFX Application Thread] DEBUG PrimaryStageWindow   - Scene size: 800.0 x 800.0
12:43:48.330 [JavaFX Application Thread] DEBUG PrimaryStageWindow   - Stage size: 816.0 x 839.0
12:43:48.337 [FXGL Background Thread 1 ] DEBUG Engine               - Initializing environment variables
12:43:48.379 [FXGL Background Thread 1 ] DEBUG FXGLAssetLoaderServi - User app class for loading assets: class com.example.zeldapuzzle.MainGameApp
12:43:48.379 [FXGL Background Thread 1 ] DEBUG GameApplicationServi - Applying CSS: fxgl_dark.css
12:43:48.380 [FXGL Background Thread 1 ] DEBUG FXGLAssetLoaderServi - Loading from file system: jar:file:///C:/Users/mbour/.m2/repository/com/github/almasb/fxgl/17/fxgl-17.jar!/fxglassets/ui/css/fxgl_dark.css
12:43:48.418 [FXGL Background Thread 1 ] DEBUG GameApplicationServi - Initializing application scenes
12:43:48.457 [FXGL Background Thread 1 ] DEBUG GameWorld            - Game world initialized
12:43:48.510 [FXGL Background Thread 1 ] DEBUG PhysicsWorld         - Physics world initialized: appHeight=800, physics.ppm=50,0
12:43:48.510 [FXGL Background Thread 1 ] DEBUG PhysicsWorld         - Using strategy: BRUTE_FORCE
12:43:48.514 [FXGL Background Thread 1 ] DEBUG GameScene            - Game scene initialized: 800x800
12:43:48.525 [FXGL Background Thread 1 ] DEBUG FXGL.DefaultMenu     - createMenuBodyMainMenu()
12:43:48.538 [FXGL Background Thread 1 ] DEBUG FXGL.DefaultMenu     - createOptionsMenu()
12:43:48.546 [FXGL Background Thread 1 ] DEBUG FXGLAssetLoaderServi - Loading from file system: jar:file:///C:/Users/mbour/.m2/repository/com/github/almasb/fxgl/17/fxgl-17.jar!/fxglassets/textures/particles/smoke.png
12:43:48.622 [FXGL Background Thread 1 ] DEBUG FXGLAssetLoaderServi - Loading from file system: jar:file:///C:/Users/mbour/.m2/repository/com/github/almasb/fxgl/17/fxgl-17.jar!/fxglassets/textures/particles/trace_horizontal.png
12:43:48.647 [FXGL Background Thread 1 ] DEBUG FXGL.DefaultMenu     - createMenuBodyGameMenu()
12:43:48.648 [FXGL Background Thread 1 ] DEBUG FXGL.DefaultMenu     - createOptionsMenu()
12:43:48.663 [FXGL Background Thread 1 ] DEBUG GameApplicationServi - Application scenes initialized
12:43:48.674 [FXGL Background Thread 1 ] DEBUG SystemBundleService  - Loading FXGL system data
12:43:48.678 [FXGL Background Thread 1 ] DEBUG FileSystemAccess     - Reading from: C:\Users\mbour\OneDrive\Bureau\Zelda TOTK WINRAR\zeldaPuzzle\system\fxgl.bundle
12:43:48.688 [FXGL Background Thread 1 ] DEBUG SystemBundleService  - Bundle FXGL: {}
12:43:48.688 [FXGL Background Thread 1 ] DEBUG UpdaterService       - Checking for updates
12:43:48.710 [FXGL Background Thread 4 ] DEBUG FXGLApplication      - Loading fonts
12:43:48.710 [FXGL Background Thread 1 ] DEBUG FXGLApplication      - Loading default localization
12:43:48.711 [FXGL Background Thread 4 ] DEBUG FXGLAssetLoaderServi - Loading from file system: jar:file:///C:/Users/mbour/.m2/repository/com/github/almasb/fxgl/17/fxgl-17.jar!/fxglassets/ui/fonts/VarelaRound-Regular.ttf
12:43:48.711 [FXGL Background Thread 1 ] DEBUG FXGLAssetLoaderServi - Loading from file system: jar:file:///C:/Users/mbour/.m2/repository/com/github/almasb/fxgl/17/fxgl-17.jar!/fxglassets/languages/english.lang
12:43:48.728 [FXGL Background Thread 1 ] INFO  FXGLApplication      - FXGL initialization took: 0,390 sec
12:43:48.737 [JavaFX Application Thread] DEBUG Input                - Registered new binding: getPosition - P
12:43:48.737 [JavaFX Application Thread] DEBUG Input                - Registered new binding: zoom+ - Up
12:43:48.737 [JavaFX Application Thread] DEBUG Input                - Registered new binding: zoom- - Down
12:43:48.737 [JavaFX Application Thread] DEBUG Input                - Registered new binding: resetZoom - 0
12:43:48.738 [JavaFX Application Thread] DEBUG Input                - Registered new binding: Move right - D
12:43:48.738 [JavaFX Application Thread] DEBUG Input                - Registered new binding: Move left - A
12:43:48.738 [JavaFX Application Thread] DEBUG Input                - Registered new binding: Move Up - W
12:43:48.738 [JavaFX Application Thread] DEBUG Input                - Registered new binding: Move Down - S
12:43:48.739 [JavaFX Application Thread] DEBUG FXGLAssetLoaderServi - Loading from file system: jar:file:///C:/Users/mbour/.m2/repository/com/github/almasb/fxgl/17/fxgl-17.jar!/fxglassets/textures/fxgl_icon.png
12:43:48.759 [JavaFX Application Thread] DEBUG FXGLAssetLoaderServi - Loading from file system: jar:file:///C:/Users/mbour/.m2/repository/com/github/almasb/fxgl/17/fxgl-17.jar!/fxglassets/textures/fxgl_default_cursor.png
12:43:48.761 [JavaFX Application Thread] DEBUG Input                - Registered new binding: Screenshot - CTRL+8
12:43:48.761 [JavaFX Application Thread] DEBUG Input                - Registered new binding: Dev Options - 1
12:43:48.761 [JavaFX Application Thread] DEBUG Input                - Registered new binding: Dev Console - 2
12:43:48.762 [JavaFX Application Thread] DEBUG Input                - Registered new binding: System info dump - CTRL+9
12:43:48.762 [JavaFX Application Thread] DEBUG Input                - Registered new binding: Restart - CTRL+R
12:43:48.763 [JavaFX Application Thread] DEBUG Input                - Registered new binding: Toggle Debug Camera - CTRL+7
12:43:48.765 [JavaFX Application Thread] DEBUG LoopRunner           - Starting loop
12:43:48.777 [JavaFX Application Thread] DEBUG LoopRunner           - Initializing JavaFX AnimationTimerLoop
12:43:48.780 [JavaFX Application Thread] DEBUG Input                - Clearing active input actions
12:43:48.787 [JavaFX Application Thread] DEBUG GameApplicationServi - Removing overlay from FXGLStartupScene and adding to FXGLMainMenuDummyScene
12:43:48.793 [JavaFX Application Thread] DEBUG PrimaryStageWindow   - FXGLStartupScene -> FXGLMainMenuDummyScene
12:43:48.793 [JavaFX Application Thread] DEBUG PrimaryStageWindow   - Push state: FXGLDefaultMenu
12:43:48.796 [JavaFX Application Thread] DEBUG Input                - Clearing active input actions
12:43:48.805 [JavaFX Application Thread] DEBUG GameApplicationServi - Removing overlay from FXGLMainMenuDummyScene and adding to FXGLDefaultMenu
12:43:48.805 [JavaFX Application Thread] DEBUG PrimaryStageWindow   - FXGLMainMenuDummyScene -> FXGLDefaultMenu
12:43:48.814 [FXGL Background Thread 4 ] DEBUG FXGLAssetLoaderServi - Loading from file system: jar:file:///C:/Users/mbour/.m2/repository/com/github/almasb/fxgl/17/fxgl-17.jar!/fxglassets/ui/fonts/Abel-Regular.ttf
12:43:48.835 [FXGL Background Thread 4 ] DEBUG FXGLAssetLoaderServi - Loading from file system: jar:file:///C:/Users/mbour/.m2/repository/com/github/almasb/fxgl/17/fxgl-17.jar!/fxglassets/ui/fonts/TerminalLandMono-Regular.otf
12:43:48.847 [FXGL Background Thread 4 ] DEBUG FXGLAssetLoaderServi - Loading from file system: jar:file:///C:/Users/mbour/.m2/repository/com/github/almasb/fxgl/17/fxgl-17.jar!/fxglassets/ui/fonts/Courier-Prime.ttf
12:43:49.023 [JavaFX Application Thread] DEBUG FXGLApplication      - Registering font factories with UI factory
12:43:49.074 [FXGL Background Thread 2 ] INFO  UpdaterService       - Your current version:  17
12:43:49.074 [FXGL Background Thread 2 ] INFO  UpdaterService       - Latest stable version: 21.1
12:43:51.708 [FXGL Background Thread 3 ] DEBUG Engine               - Logging environment variables
12:43:51.708 [FXGL Background Thread 3 ] DEBUG Engine               - achievements: []
12:43:51.708 [FXGL Background Thread 3 ] DEBUG Engine               - actualHeight: 800.0
12:43:51.708 [FXGL Background Thread 3 ] DEBUG Engine               - actualHeightProperty: ReadOnlyDoubleProperty [value: 800.0]
12:43:51.709 [FXGL Background Thread 3 ] DEBUG Engine               - actualWidth: 800.0
12:43:51.709 [FXGL Background Thread 3 ] DEBUG Engine               - actualWidthProperty: ReadOnlyDoubleProperty [value: 800.0]
12:43:51.709 [FXGL Background Thread 3 ] DEBUG Engine               - appIcon: fxgl_icon.png
12:43:51.709 [FXGL Background Thread 3 ] DEBUG Engine               - applicationMode: DEVELOPER
12:43:51.709 [FXGL Background Thread 3 ] DEBUG Engine               - cSSList: [fxgl_dark.css]
12:43:51.709 [FXGL Background Thread 3 ] DEBUG Engine               - collisionDetectionStrategy: BRUTE_FORCE
12:43:51.709 [FXGL Background Thread 3 ] DEBUG Engine               - configClass: Optional.empty
12:43:51.709 [FXGL Background Thread 3 ] DEBUG Engine               - credits: []
12:43:51.709 [FXGL Background Thread 3 ] DEBUG Engine               - defaultCursor: CursorInfo(imageName=fxgl_default_cursor.png, hotspotX=7.0, hotspotY=6.0)
12:43:51.710 [FXGL Background Thread 3 ] DEBUG Engine               - devBBoxColorProperty: ObjectProperty [value: 0xff0000ff]
12:43:51.710 [FXGL Background Thread 3 ] DEBUG Engine               - devEnableDebugCameraProperty: BooleanProperty [value: false]
12:43:51.710 [FXGL Background Thread 3 ] DEBUG Engine               - devSensorColorProperty: ObjectProperty [value: 0xffff00ff]
12:43:51.710 [FXGL Background Thread 3 ] DEBUG Engine               - devShowBBoxProperty: BooleanProperty [value: false]
12:43:51.710 [FXGL Background Thread 3 ] DEBUG Engine               - devShowPositionProperty: BooleanProperty [value: false]
12:43:51.710 [FXGL Background Thread 3 ] DEBUG Engine               - enabledMenuItems: []
12:43:51.710 [FXGL Background Thread 3 ] DEBUG Engine               - engineServices: [class com.almasb.fxgl.app.services.FXGLAssetLoaderService, class com.almasb.fxgl.app.FXGLApplication$GameApplicationService, class com.almasb.fxgl.app.services.FXGLDialogService, class com.almasb.fxgl.app.services.IOTaskExecutorService, class com.almasb.fxgl.io.FileSystemService, class com.almasb.fxgl.localization.LocalizationService, class com.almasb.fxgl.app.services.SystemBundleService, class com.almasb.fxgl.profile.SaveLoadService, class com.almasb.fxgl.ui.FXGLUIFactoryServiceProvider, class com.almasb.fxgl.ui.FXGLDialogFactoryServiceProvider, class com.almasb.fxgl.audio.AudioPlayer, class com.almasb.fxgl.notification.impl.NotificationServiceProvider, class com.almasb.fxgl.achievement.AchievementService, class com.almasb.fxgl.cutscene.CutsceneService, class com.almasb.fxgl.minigames.MiniGameService, class com.almasb.fxgl.net.NetService, class com.almasb.fxgl.app.services.UpdaterService, class com.almasb.fxgl.dev.DevService]
12:43:51.710 [FXGL Background Thread 3 ] DEBUG Engine               - fontGame: Abel-Regular.ttf
12:43:51.710 [FXGL Background Thread 3 ] DEBUG Engine               - fontMono: TerminalLandMono-Regular.otf
12:43:51.710 [FXGL Background Thread 3 ] DEBUG Engine               - fontText: Courier-Prime.ttf
12:43:51.710 [FXGL Background Thread 3 ] DEBUG Engine               - fontUI: VarelaRound-Regular.ttf
12:43:51.710 [FXGL Background Thread 3 ] DEBUG Engine               - fullScreen: BooleanProperty [value: false]
12:43:51.710 [FXGL Background Thread 3 ] DEBUG Engine               - gameDifficulty: MEDIUM
12:43:51.710 [FXGL Background Thread 3 ] DEBUG Engine               - gameDifficultyProperty: ObjectProperty [value: MEDIUM]
12:43:51.711 [FXGL Background Thread 3 ] DEBUG Engine               - globalMusicVolume: 0.5
12:43:51.711 [FXGL Background Thread 3 ] DEBUG Engine               - globalMusicVolumeProperty: DoubleProperty [value: 0.5]
12:43:51.711 [FXGL Background Thread 3 ] DEBUG Engine               - globalSoundVolume: 0.5
12:43:51.711 [FXGL Background Thread 3 ] DEBUG Engine               - globalSoundVolumeProperty: DoubleProperty [value: 0.5]
12:43:51.711 [FXGL Background Thread 3 ] DEBUG Engine               - height: 800
12:43:51.711 [FXGL Background Thread 3 ] DEBUG Engine               - is3D: false
12:43:51.711 [FXGL Background Thread 3 ] DEBUG Engine               - isAndroid: false
12:43:51.711 [FXGL Background Thread 3 ] DEBUG Engine               - isBrowser: false
12:43:51.711 [FXGL Background Thread 3 ] DEBUG Engine               - isClickFeedbackEnabled: false
12:43:51.711 [FXGL Background Thread 3 ] DEBUG Engine               - isCloseConfirmation: false
12:43:51.711 [FXGL Background Thread 3 ] DEBUG Engine               - isDesktop: true
12:43:51.711 [FXGL Background Thread 3 ] DEBUG Engine               - isDeveloperMenuEnabled: true
12:43:51.711 [FXGL Background Thread 3 ] DEBUG Engine               - isEmbedded: false
12:43:51.711 [FXGL Background Thread 3 ] DEBUG Engine               - isEntityPreloadEnabled: true
12:43:51.711 [FXGL Background Thread 3 ] DEBUG Engine               - isExperimentalTiledLargeMap: false
12:43:51.711 [FXGL Background Thread 3 ] DEBUG Engine               - isFileSystemWriteAllowed: true
12:43:51.711 [FXGL Background Thread 3 ] DEBUG Engine               - isFullScreenAllowed: true
12:43:51.712 [FXGL Background Thread 3 ] DEBUG Engine               - isFullScreenFromStart: false
12:43:51.712 [FXGL Background Thread 3 ] DEBUG Engine               - isGameMenuEnabled: true
12:43:51.712 [FXGL Background Thread 3 ] DEBUG Engine               - isIOS: false
12:43:51.712 [FXGL Background Thread 3 ] DEBUG Engine               - isIntroEnabled: false
12:43:51.712 [FXGL Background Thread 3 ] DEBUG Engine               - isLinux: false
12:43:51.712 [FXGL Background Thread 3 ] DEBUG Engine               - isMac: false
12:43:51.712 [FXGL Background Thread 3 ] DEBUG Engine               - isMainMenuEnabled: true
12:43:51.712 [FXGL Background Thread 3 ] DEBUG Engine               - isManualResizeEnabled: false
12:43:51.712 [FXGL Background Thread 3 ] DEBUG Engine               - isMobile: false
12:43:51.712 [FXGL Background Thread 3 ] DEBUG Engine               - isNative: false
12:43:51.712 [FXGL Background Thread 3 ] DEBUG Engine               - isPauseMusicWhenMinimized: true
12:43:51.712 [FXGL Background Thread 3 ] DEBUG Engine               - isPreserveResizeRatio: false
12:43:51.712 [FXGL Background Thread 3 ] DEBUG Engine               - isProfilingEnabled: false
12:43:51.712 [FXGL Background Thread 3 ] DEBUG Engine               - isScaleAffectedOnResize: true
12:43:51.713 [FXGL Background Thread 3 ] DEBUG Engine               - isSingleStep: false
12:43:51.713 [FXGL Background Thread 3 ] DEBUG Engine               - isUserProfileEnabled: false
12:43:51.713 [FXGL Background Thread 3 ] DEBUG Engine               - isWindows: true
12:43:51.713 [FXGL Background Thread 3 ] DEBUG Engine               - language: ObjectProperty [value: ENGLISH]
12:43:51.713 [FXGL Background Thread 3 ] DEBUG Engine               - menuKey: ESCAPE
12:43:51.713 [FXGL Background Thread 3 ] DEBUG Engine               - mouseSensitivity: 0.2
12:43:51.713 [FXGL Background Thread 3 ] DEBUG Engine               - notificationViewClass: class com.almasb.fxgl.notification.view.XboxNotificationView
12:43:51.713 [FXGL Background Thread 3 ] DEBUG Engine               - pixelsPerMeter: 50.0
12:43:51.713 [FXGL Background Thread 3 ] DEBUG Engine               - platform: WINDOWS
12:43:51.713 [FXGL Background Thread 3 ] DEBUG Engine               - prefHeightProperty: ReadOnlyDoubleProperty [value: 800.0]
12:43:51.713 [FXGL Background Thread 3 ] DEBUG Engine               - prefWidthProperty: ReadOnlyDoubleProperty [value: 800.0]
12:43:51.713 [FXGL Background Thread 3 ] DEBUG Engine               - profileDir: profiles/
12:43:51.713 [FXGL Background Thread 3 ] DEBUG Engine               - profileName: StringProperty [value: DEFAULT]
12:43:51.713 [FXGL Background Thread 3 ] DEBUG Engine               - randomSeed: -1
12:43:51.714 [FXGL Background Thread 3 ] DEBUG Engine               - runtimeInfo: RuntimeInfo(platform=WINDOWS, version=17, build=31.12.2021 18.16)
12:43:51.714 [FXGL Background Thread 3 ] DEBUG Engine               - saveFileExt: sav
12:43:51.714 [FXGL Background Thread 3 ] DEBUG Engine               - scaledHeightProp$fxgl: DoubleProperty [bound, value: 800.0]
12:43:51.714 [FXGL Background Thread 3 ] DEBUG Engine               - scaledWidthProp$fxgl: DoubleProperty [bound, value: 800.0]
12:43:51.714 [FXGL Background Thread 3 ] DEBUG Engine               - sceneFactory: com.almasb.fxgl.app.scene.SceneFactory@75d01bc7
12:43:51.714 [FXGL Background Thread 3 ] DEBUG Engine               - secondsIn24h: 60
12:43:51.714 [FXGL Background Thread 3 ] DEBUG Engine               - soundMenuBack: menu/back.wav
12:43:51.714 [FXGL Background Thread 3 ] DEBUG Engine               - soundMenuPress: menu/press.wav
12:43:51.714 [FXGL Background Thread 3 ] DEBUG Engine               - soundMenuSelect: menu/select.wav
12:43:51.714 [FXGL Background Thread 3 ] DEBUG Engine               - soundNotification: core/notification.wav
12:43:51.714 [FXGL Background Thread 3 ] DEBUG Engine               - stageStyle: DECORATED
12:43:51.714 [FXGL Background Thread 3 ] DEBUG Engine               - supportedLanguages: [ENGLISH, FRENCH, GERMAN, HUNGARIAN, RUSSIAN]
12:43:51.714 [FXGL Background Thread 3 ] DEBUG Engine               - ticksPerSecond: -1
12:43:51.714 [FXGL Background Thread 3 ] DEBUG Engine               - title: Zelda 2D Game
12:43:51.714 [FXGL Background Thread 3 ] DEBUG Engine               - urlGithub: https://github.com/AlmasB/FXGL
12:43:51.714 [FXGL Background Thread 3 ] DEBUG Engine               - urlLeaderboard: http://fxgl-top.herokuapp.com/
12:43:51.714 [FXGL Background Thread 3 ] DEBUG Engine               - urlPOM: https://raw.githubusercontent.com/AlmasB/FXGL/release/README.md
12:43:51.714 [FXGL Background Thread 3 ] DEBUG Engine               - userAppClass: class com.example.zeldapuzzle.MainGameApp
12:43:51.714 [FXGL Background Thread 3 ] DEBUG Engine               - version: 1
12:43:51.714 [FXGL Background Thread 3 ] DEBUG Engine               - versionCheckDays: 7
12:43:51.714 [FXGL Background Thread 3 ] DEBUG Engine               - width: 800
12:43:51.714 [FXGL Background Thread 3 ] DEBUG Engine               - Logging services
12:43:51.715 [FXGL Background Thread 3 ] DEBUG Engine               - class com.almasb.fxgl.app.services.FXGLAssetLoaderService
12:43:51.715 [FXGL Background Thread 3 ] DEBUG Engine               - class com.almasb.fxgl.app.FXGLApplication$GameApplicationService
12:43:51.715 [FXGL Background Thread 3 ] DEBUG Engine               - class com.almasb.fxgl.app.services.FXGLDialogService
12:43:51.715 [FXGL Background Thread 3 ] DEBUG Engine               - class com.almasb.fxgl.app.services.IOTaskExecutorService
12:43:51.715 [FXGL Background Thread 3 ] DEBUG Engine               - class com.almasb.fxgl.io.FileSystemService
12:43:51.715 [FXGL Background Thread 3 ] DEBUG Engine               - class com.almasb.fxgl.localization.LocalizationService
12:43:51.715 [FXGL Background Thread 3 ] DEBUG Engine               - class com.almasb.fxgl.app.services.SystemBundleService
12:43:51.715 [FXGL Background Thread 3 ] DEBUG Engine               - class com.almasb.fxgl.profile.SaveLoadService
12:43:51.715 [FXGL Background Thread 3 ] DEBUG Engine               - class com.almasb.fxgl.ui.FXGLUIFactoryServiceProvider
12:43:51.715 [FXGL Background Thread 3 ] DEBUG Engine               - class com.almasb.fxgl.ui.FXGLDialogFactoryServiceProvider
12:43:51.715 [FXGL Background Thread 3 ] DEBUG Engine               - class com.almasb.fxgl.audio.AudioPlayer
12:43:51.715 [FXGL Background Thread 3 ] DEBUG Engine               - class com.almasb.fxgl.notification.impl.NotificationServiceProvider
12:43:51.715 [FXGL Background Thread 3 ] DEBUG Engine               - class com.almasb.fxgl.achievement.AchievementService
12:43:51.715 [FXGL Background Thread 3 ] DEBUG Engine               - class com.almasb.fxgl.cutscene.CutsceneService
12:43:51.715 [FXGL Background Thread 3 ] DEBUG Engine               - class com.almasb.fxgl.minigames.MiniGameService
12:43:51.715 [FXGL Background Thread 3 ] DEBUG Engine               - class com.almasb.fxgl.net.NetService
12:43:51.715 [FXGL Background Thread 3 ] DEBUG Engine               - class com.almasb.fxgl.app.services.UpdaterService
12:43:51.715 [FXGL Background Thread 3 ] DEBUG Engine               - class com.almasb.fxgl.dev.DevService
12:43:52.638 [JavaFX Application Thread] DEBUG Menu                 - fireNewGame()
12:43:52.639 [JavaFX Application Thread] DEBUG GameApplicationServi - Starting new game
12:43:52.640 [JavaFX Application Thread] DEBUG PrimaryStageWindow   - Pop state: FXGLDefaultMenu
12:43:52.640 [JavaFX Application Thread] DEBUG Input                - Clearing active input actions
12:43:52.641 [JavaFX Application Thread] DEBUG GameApplicationServi - Removing overlay from FXGLDefaultMenu and adding to FXGLMainMenuDummyScene
12:43:52.643 [JavaFX Application Thread] DEBUG PrimaryStageWindow   - FXGLMainMenuDummyScene <- FXGLDefaultMenu
12:43:52.643 [JavaFX Application Thread] DEBUG Input                - Clearing active input actions
12:43:52.652 [JavaFX Application Thread] DEBUG GameApplicationServi - Removing overlay from FXGLMainMenuDummyScene and adding to FXGLLoadingScene
12:43:52.653 [JavaFX Application Thread] DEBUG PrimaryStageWindow   - FXGLMainMenuDummyScene -> FXGLLoadingScene
12:43:52.653 [JavaFX Application Thread] DEBUG GameApplicationServi - Clearing previous game
12:43:52.653 [JavaFX Application Thread] DEBUG GameScene            - Clearing game scene
12:43:52.653 [JavaFX Application Thread] DEBUG GameWorld            - Clearing game world
12:43:52.653 [JavaFX Application Thread] DEBUG PhysicsWorld         - Clearing physics world
12:43:52.655 [FXGL Background Thread 2 ] DEBUG FXGLApplication      - Initializing game
12:43:52.711 [FXGL Background Thread 2 ] WARN  TMXLevelLoader       - TiledMap generated from 1.10.2. Supported version: 1.2.3. Some features may not be parsed fully.
12:43:52.720 [FXGL Background Thread 2 ] DEBUG TMXLevelLoader       - Parsed TiledMap: file:/C:/Users/mbour/OneDrive/Bureau/Zelda%20TOTK%20WINRAR/zeldaPuzzle/target/classes/assets/levels/StartingMap.tmx
12:43:52.721 [FXGL Background Thread 2 ] DEBUG TMXLevelLoader       - Creating tile layer entities
12:43:52.722 [FXGL Background Thread 2 ] DEBUG TilesetLoader        - Loading view for layer Calque de Tuiles 1
12:43:52.725 [FXGL Background Thread 2 ] DEBUG TilesetLoader        - Created buffer with size 960.0x960.0
12:43:52.740 [FXGL Background Thread 2 ] DEBUG TilesetLoader        - Loading view for layer Calque de Tuiles 2
12:43:52.742 [FXGL Background Thread 2 ] DEBUG TilesetLoader        - Created buffer with size 960.0x960.0
12:43:52.749 [FXGL Background Thread 2 ] DEBUG TMXLevelLoader       - Creating object layer entities
12:43:52.750 [FXGL Background Thread 2 ] DEBUG GameWorld            - Clearing removable entities
12:43:52.751 [FXGL Background Thread 2 ] DEBUG GameWorld            - Setting level: com.almasb.fxgl.entity.level.Level@6a9b4efb
12:43:52.770 [FXGL Background Thread 2 ] WARN  GameWorld            - Entity is already attached to world
12:43:52.830 [FXGL Background Thread 2 ] WARN  GameWorld            - Entity is already attached to world
12:43:52.835 [FXGL Background Thread 2 ] INFO  FXGLApplication      - Game initialization took: 0,179 sec
12:43:52.836 [JavaFX Application Thread] DEBUG Input                - Clearing active input actions
12:43:52.840 [JavaFX Application Thread] DEBUG GameApplicationServi - Removing overlay from FXGLLoadingScene and adding to GameScene
12:43:52.842 [JavaFX Application Thread] DEBUG PrimaryStageWindow   - FXGLLoadingScene -> GameScene
12:43:55.866 [JavaFX Application Thread] WARN  TMXLevelLoader       - TiledMap generated from 1.10.2. Supported version: 1.2.3. Some features may not be parsed fully.
12:43:55.879 [JavaFX Application Thread] DEBUG TMXLevelLoader       - Parsed TiledMap: file:/C:/Users/mbour/OneDrive/Bureau/Zelda%20TOTK%20WINRAR/zeldaPuzzle/target/classes/assets/levels/donjonPasFini.tmx
12:43:55.880 [JavaFX Application Thread] DEBUG TMXLevelLoader       - Creating tile layer entities
12:43:55.880 [JavaFX Application Thread] DEBUG TilesetLoader        - Loading view for layer Calque de Tuiles 2
12:43:55.883 [JavaFX Application Thread] DEBUG TilesetLoader        - Created buffer with size 3200.0x960.0
12:43:55.913 [JavaFX Application Thread] WARN  TilesetLoader        - Diagonally flipped tiles are not currently supported
12:43:55.913 [JavaFX Application Thread] WARN  TilesetLoader        - Diagonally flipped tiles are not currently supported
12:43:55.913 [JavaFX Application Thread] WARN  TilesetLoader        - Diagonally flipped tiles are not currently supported
12:43:55.914 [JavaFX Application Thread] WARN  TilesetLoader        - Diagonally flipped tiles are not currently supported
12:43:55.914 [JavaFX Application Thread] WARN  TilesetLoader        - Diagonally flipped tiles are not currently supported
12:43:55.914 [JavaFX Application Thread] WARN  TilesetLoader        - Diagonally flipped tiles are not currently supported
12:43:55.914 [JavaFX Application Thread] WARN  TilesetLoader        - Diagonally flipped tiles are not currently supported
12:43:55.915 [JavaFX Application Thread] WARN  TilesetLoader        - Diagonally flipped tiles are not currently supported
12:43:55.915 [JavaFX Application Thread] WARN  TilesetLoader        - Diagonally flipped tiles are not currently supported
12:43:55.915 [JavaFX Application Thread] WARN  TilesetLoader        - Diagonally flipped tiles are not currently supported
12:43:55.915 [JavaFX Application Thread] DEBUG TilesetLoader        - Loading view for layer background
12:43:55.917 [JavaFX Application Thread] DEBUG TilesetLoader        - Created buffer with size 3200.0x960.0
12:43:55.929 [JavaFX Application Thread] DEBUG TilesetLoader        - Loading view for layer Calque de Tuiles 3
12:43:55.930 [JavaFX Application Thread] DEBUG TilesetLoader        - Created buffer with size 3200.0x960.0
12:43:55.932 [JavaFX Application Thread] DEBUG TilesetLoader        - Loading view for layer Calque de Tuiles 1
12:43:55.937 [JavaFX Application Thread] DEBUG TilesetLoader        - Created buffer with size 3200.0x960.0
12:43:55.940 [JavaFX Application Thread] DEBUG TMXLevelLoader       - Creating object layer entities
12:43:55.949 [JavaFX Application Thread] DEBUG GameWorld            - Clearing removable entities
12:43:55.951 [JavaFX Application Thread] DEBUG GameWorld            - Setting level: com.almasb.fxgl.entity.level.Level@3666033f
12:43:56.009 [JavaFX Application Thread] WARN  GameWorld            - Entity is already attached to world
12:44:16.795 [JavaFX Application Thread] WARN  GameWorld            - Entity is already attached to world
12:44:19.386 [JavaFX Application Thread] WARN  GameWorld            - Entity is already attached to world
12:44:20.384 [JavaFX Application Thread] WARN  GameWorld            - Entity is already attached to world
12:44:21.904 [JavaFX Application Thread] WARN  GameWorld            - Entity is already attached to world
12:44:23.241 [JavaFX Application Thread] WARN  GameWorld            - Entity is already attached to world
12:44:24.368 [JavaFX Application Thread] WARN  GameWorld            - Entity is already attached to world
12:44:25.674 [JavaFX Application Thread] WARN  GameWorld            - Entity is already attached to world
12:44:29.880 [JavaFX Application Thread] WARN  GameWorld            - Entity is already attached to world
12:44:31.967 [JavaFX Application Thread] WARN  GameWorld            - Entity is already attached to world
12:44:33.841 [JavaFX Application Thread] WARN  GameWorld            - Entity is already attached to world
12:44:35.593 [JavaFX Application Thread] WARN  GameWorld            - Entity is already attached to world
12:44:37.503 [JavaFX Application Thread] DEBUG FXGLApplication      - Exiting FXGL
12:44:37.503 [JavaFX Application Thread] DEBUG LoopRunner           - Stopping loop
12:44:37.503 [JavaFX Application Thread] DEBUG SystemBundleService  - Saving FXGL system data
12:44:37.505 [JavaFX Application Thread] DEBUG FileSystemAccess     - Writing to: C:\Users\mbour\OneDrive\Bureau\Zelda TOTK WINRAR\zeldaPuzzle\system\fxgl.bundle
12:44:37.507 [JavaFX Application Thread] DEBUG Async                - Shutting down background threads
12:44:37.508 [JavaFX Application Thread] DEBUG PrimaryStageWindow   - Closing main window
12:44:37.518 [JavaFX Application Thread] DEBUG Logger               - Closing Logger
