12:51:15.897 [main                     ] DEBUG Logger               - Configured Logger
12:51:15.912 [main                     ] DEBUG GameApplication      - Logging settings
Title: Zelda 2D Game
Version: 1
Width: 800
Height: 800
Fullscreen: true
Intro: false
Profiling: false
Single step:false
App Mode: DEVELOPER
Menu Key: ESCAPE
Stage Style: DECORATED
Scene Factory: class com.almasb.fxgl.app.scene.SceneFactory

12:51:16.055 [JavaFX Application Thread] DEBUG FXGLApplication      - Initializing FXGL
12:51:16.059 [JavaFX Application Thread] INFO  Engine               - FXGL-17 (31.12.2021 18.16) on WINDOWS (J:19.0.2 FX:19)
12:51:16.059 [JavaFX Application Thread] DEBUG Engine               - JRE Vendor Name: Amazon.com Inc.
12:51:16.059 [JavaFX Application Thread] DEBUG Engine               - Running on OS: Windows 10 version 10.0
12:51:16.059 [JavaFX Application Thread] DEBUG Engine               - Architecture: amd64
12:51:16.059 [JavaFX Application Thread] INFO  Engine               - Source code and latest versions at: https://github.com/AlmasB/FXGL
12:51:16.060 [JavaFX Application Thread] INFO  Engine               -       Ask questions and discuss at: https://github.com/AlmasB/FXGL/discussions
12:51:16.060 [JavaFX Application Thread] INFO  Engine               -              Join the FXGL chat at: https://gitter.im/AlmasB/FXGL
12:51:16.126 [JavaFX Application Thread] DEBUG PrimaryStageWindow   - Creating a JavaFX scene
12:51:16.172 [JavaFX Application Thread] DEBUG PrimaryStageWindow   - Target settings size: 800.0 x 800.0
12:51:16.173 [JavaFX Application Thread] DEBUG PrimaryStageWindow   - Scaled scene size:    800.0 x 800.0
12:51:16.173 [JavaFX Application Thread] DEBUG PrimaryStageWindow   - Scaled ratio: (1.0, 1.0)
12:51:16.174 [JavaFX Application Thread] DEBUG PrimaryStageWindow   - Set initial scene to FXGLStartupScene
12:51:16.179 [JavaFX Application Thread] DEBUG PrimaryStageWindow   - Opening main window
12:51:16.259 [JavaFX Application Thread] DEBUG PrimaryStageWindow   - Window border size: (16.0, 39.0)
12:51:16.259 [JavaFX Application Thread] DEBUG PrimaryStageWindow   - Scaled size: 800.0 x 800.0
12:51:16.259 [JavaFX Application Thread] DEBUG PrimaryStageWindow   - Scaled ratio: (1.0, 1.0)
12:51:16.260 [JavaFX Application Thread] DEBUG PrimaryStageWindow   - Scene size: 800.0 x 800.0
12:51:16.260 [JavaFX Application Thread] DEBUG PrimaryStageWindow   - Stage size: 816.0 x 839.0
12:51:16.268 [FXGL Background Thread 1 ] DEBUG Engine               - Initializing environment variables
12:51:16.308 [FXGL Background Thread 1 ] DEBUG FXGLAssetLoaderServi - User app class for loading assets: class com.example.zeldapuzzle.MainGameApp
12:51:16.309 [FXGL Background Thread 1 ] DEBUG GameApplicationServi - Applying CSS: fxgl_dark.css
12:51:16.309 [FXGL Background Thread 1 ] DEBUG FXGLAssetLoaderServi - Loading from file system: jar:file:///C:/Users/mbour/.m2/repository/com/github/almasb/fxgl/17/fxgl-17.jar!/fxglassets/ui/css/fxgl_dark.css
12:51:16.349 [FXGL Background Thread 1 ] DEBUG GameApplicationServi - Initializing application scenes
12:51:16.387 [FXGL Background Thread 1 ] DEBUG GameWorld            - Game world initialized
12:51:16.439 [FXGL Background Thread 1 ] DEBUG PhysicsWorld         - Physics world initialized: appHeight=800, physics.ppm=50,0
12:51:16.439 [FXGL Background Thread 1 ] DEBUG PhysicsWorld         - Using strategy: BRUTE_FORCE
12:51:16.443 [FXGL Background Thread 1 ] DEBUG GameScene            - Game scene initialized: 800x800
12:51:16.453 [FXGL Background Thread 1 ] DEBUG FXGL.DefaultMenu     - createMenuBodyMainMenu()
12:51:16.467 [FXGL Background Thread 1 ] DEBUG FXGL.DefaultMenu     - createOptionsMenu()
12:51:16.474 [FXGL Background Thread 1 ] DEBUG FXGLAssetLoaderServi - Loading from file system: jar:file:///C:/Users/mbour/.m2/repository/com/github/almasb/fxgl/17/fxgl-17.jar!/fxglassets/textures/particles/smoke.png
12:51:16.535 [FXGL Background Thread 1 ] DEBUG FXGLAssetLoaderServi - Loading from file system: jar:file:///C:/Users/mbour/.m2/repository/com/github/almasb/fxgl/17/fxgl-17.jar!/fxglassets/textures/particles/trace_horizontal.png
12:51:16.550 [FXGL Background Thread 1 ] DEBUG FXGL.DefaultMenu     - createMenuBodyGameMenu()
12:51:16.552 [FXGL Background Thread 1 ] DEBUG FXGL.DefaultMenu     - createOptionsMenu()
12:51:16.567 [FXGL Background Thread 1 ] DEBUG GameApplicationServi - Application scenes initialized
12:51:16.579 [FXGL Background Thread 1 ] DEBUG SystemBundleService  - Loading FXGL system data
12:51:16.583 [FXGL Background Thread 1 ] DEBUG FileSystemAccess     - Reading from: C:\Users\mbour\OneDrive\Bureau\Zelda TOTK WINRAR\zeldaPuzzle\system\fxgl.bundle
12:51:16.592 [FXGL Background Thread 1 ] DEBUG SystemBundleService  - Bundle FXGL: {}
12:51:16.592 [FXGL Background Thread 1 ] DEBUG UpdaterService       - Checking for updates
12:51:16.612 [FXGL Background Thread 4 ] DEBUG FXGLApplication      - Loading fonts
12:51:16.613 [FXGL Background Thread 1 ] DEBUG FXGLApplication      - Loading default localization
12:51:16.613 [FXGL Background Thread 4 ] DEBUG FXGLAssetLoaderServi - Loading from file system: jar:file:///C:/Users/mbour/.m2/repository/com/github/almasb/fxgl/17/fxgl-17.jar!/fxglassets/ui/fonts/VarelaRound-Regular.ttf
12:51:16.613 [FXGL Background Thread 1 ] DEBUG FXGLAssetLoaderServi - Loading from file system: jar:file:///C:/Users/mbour/.m2/repository/com/github/almasb/fxgl/17/fxgl-17.jar!/fxglassets/languages/english.lang
12:51:16.630 [FXGL Background Thread 1 ] INFO  FXGLApplication      - FXGL initialization took: 0,361 sec
12:51:16.640 [JavaFX Application Thread] DEBUG Input                - Registered new binding: getPosition - P
12:51:16.641 [JavaFX Application Thread] DEBUG Input                - Registered new binding: zoom+ - Up
12:51:16.641 [JavaFX Application Thread] DEBUG Input                - Registered new binding: zoom- - Down
12:51:16.641 [JavaFX Application Thread] DEBUG Input                - Registered new binding: resetZoom - 0
12:51:16.641 [JavaFX Application Thread] DEBUG Input                - Registered new binding: Move right - D
12:51:16.642 [JavaFX Application Thread] DEBUG Input                - Registered new binding: Move left - A
12:51:16.643 [JavaFX Application Thread] DEBUG Input                - Registered new binding: Move Up - W
12:51:16.643 [JavaFX Application Thread] DEBUG Input                - Registered new binding: Move Down - S
12:51:16.643 [JavaFX Application Thread] DEBUG FXGLAssetLoaderServi - Loading from file system: jar:file:///C:/Users/mbour/.m2/repository/com/github/almasb/fxgl/17/fxgl-17.jar!/fxglassets/textures/fxgl_icon.png
12:51:16.658 [JavaFX Application Thread] DEBUG FXGLAssetLoaderServi - Loading from file system: jar:file:///C:/Users/mbour/.m2/repository/com/github/almasb/fxgl/17/fxgl-17.jar!/fxglassets/textures/fxgl_default_cursor.png
12:51:16.661 [JavaFX Application Thread] DEBUG Input                - Registered new binding: Screenshot - CTRL+8
12:51:16.661 [JavaFX Application Thread] DEBUG Input                - Registered new binding: Dev Options - 1
12:51:16.661 [JavaFX Application Thread] DEBUG Input                - Registered new binding: Dev Console - 2
12:51:16.662 [JavaFX Application Thread] DEBUG Input                - Registered new binding: System info dump - CTRL+9
12:51:16.662 [JavaFX Application Thread] DEBUG Input                - Registered new binding: Restart - CTRL+R
12:51:16.663 [JavaFX Application Thread] DEBUG Input                - Registered new binding: Toggle Debug Camera - CTRL+7
12:51:16.665 [JavaFX Application Thread] DEBUG LoopRunner           - Starting loop
12:51:16.680 [JavaFX Application Thread] DEBUG LoopRunner           - Initializing JavaFX AnimationTimerLoop
12:51:16.683 [JavaFX Application Thread] DEBUG Input                - Clearing active input actions
12:51:16.690 [JavaFX Application Thread] DEBUG GameApplicationServi - Removing overlay from FXGLStartupScene and adding to FXGLMainMenuDummyScene
12:51:16.696 [JavaFX Application Thread] DEBUG PrimaryStageWindow   - FXGLStartupScene -> FXGLMainMenuDummyScene
12:51:16.696 [JavaFX Application Thread] DEBUG PrimaryStageWindow   - Push state: FXGLDefaultMenu
12:51:16.699 [JavaFX Application Thread] DEBUG Input                - Clearing active input actions
12:51:16.708 [JavaFX Application Thread] DEBUG GameApplicationServi - Removing overlay from FXGLMainMenuDummyScene and adding to FXGLDefaultMenu
12:51:16.710 [JavaFX Application Thread] DEBUG PrimaryStageWindow   - FXGLMainMenuDummyScene -> FXGLDefaultMenu
12:51:16.728 [FXGL Background Thread 4 ] DEBUG FXGLAssetLoaderServi - Loading from file system: jar:file:///C:/Users/mbour/.m2/repository/com/github/almasb/fxgl/17/fxgl-17.jar!/fxglassets/ui/fonts/Abel-Regular.ttf
12:51:16.744 [FXGL Background Thread 4 ] DEBUG FXGLAssetLoaderServi - Loading from file system: jar:file:///C:/Users/mbour/.m2/repository/com/github/almasb/fxgl/17/fxgl-17.jar!/fxglassets/ui/fonts/TerminalLandMono-Regular.otf
12:51:16.757 [FXGL Background Thread 4 ] DEBUG FXGLAssetLoaderServi - Loading from file system: jar:file:///C:/Users/mbour/.m2/repository/com/github/almasb/fxgl/17/fxgl-17.jar!/fxglassets/ui/fonts/Courier-Prime.ttf
12:51:16.967 [JavaFX Application Thread] DEBUG FXGLApplication      - Registering font factories with UI factory
12:51:17.013 [FXGL Background Thread 2 ] INFO  UpdaterService       - Your current version:  17
12:51:17.014 [FXGL Background Thread 2 ] INFO  UpdaterService       - Latest stable version: 21.1
12:51:19.612 [FXGL Background Thread 3 ] DEBUG Engine               - Logging environment variables
12:51:19.612 [FXGL Background Thread 3 ] DEBUG Engine               - achievements: []
12:51:19.612 [FXGL Background Thread 3 ] DEBUG Engine               - actualHeight: 800.0
12:51:19.612 [FXGL Background Thread 3 ] DEBUG Engine               - actualHeightProperty: ReadOnlyDoubleProperty [value: 800.0]
12:51:19.612 [FXGL Background Thread 3 ] DEBUG Engine               - actualWidth: 800.0
12:51:19.612 [FXGL Background Thread 3 ] DEBUG Engine               - actualWidthProperty: ReadOnlyDoubleProperty [value: 800.0]
12:51:19.613 [FXGL Background Thread 3 ] DEBUG Engine               - appIcon: fxgl_icon.png
12:51:19.613 [FXGL Background Thread 3 ] DEBUG Engine               - applicationMode: DEVELOPER
12:51:19.613 [FXGL Background Thread 3 ] DEBUG Engine               - cSSList: [fxgl_dark.css]
12:51:19.613 [FXGL Background Thread 3 ] DEBUG Engine               - collisionDetectionStrategy: BRUTE_FORCE
12:51:19.613 [FXGL Background Thread 3 ] DEBUG Engine               - configClass: Optional.empty
12:51:19.613 [FXGL Background Thread 3 ] DEBUG Engine               - credits: []
12:51:19.613 [FXGL Background Thread 3 ] DEBUG Engine               - defaultCursor: CursorInfo(imageName=fxgl_default_cursor.png, hotspotX=7.0, hotspotY=6.0)
12:51:19.614 [FXGL Background Thread 3 ] DEBUG Engine               - devBBoxColorProperty: ObjectProperty [value: 0xff0000ff]
12:51:19.614 [FXGL Background Thread 3 ] DEBUG Engine               - devEnableDebugCameraProperty: BooleanProperty [value: false]
12:51:19.614 [FXGL Background Thread 3 ] DEBUG Engine               - devSensorColorProperty: ObjectProperty [value: 0xffff00ff]
12:51:19.614 [FXGL Background Thread 3 ] DEBUG Engine               - devShowBBoxProperty: BooleanProperty [value: false]
12:51:19.614 [FXGL Background Thread 3 ] DEBUG Engine               - devShowPositionProperty: BooleanProperty [value: false]
12:51:19.614 [FXGL Background Thread 3 ] DEBUG Engine               - enabledMenuItems: []
12:51:19.614 [FXGL Background Thread 3 ] DEBUG Engine               - engineServices: [class com.almasb.fxgl.app.services.FXGLAssetLoaderService, class com.almasb.fxgl.app.FXGLApplication$GameApplicationService, class com.almasb.fxgl.app.services.FXGLDialogService, class com.almasb.fxgl.app.services.IOTaskExecutorService, class com.almasb.fxgl.io.FileSystemService, class com.almasb.fxgl.localization.LocalizationService, class com.almasb.fxgl.app.services.SystemBundleService, class com.almasb.fxgl.profile.SaveLoadService, class com.almasb.fxgl.ui.FXGLUIFactoryServiceProvider, class com.almasb.fxgl.ui.FXGLDialogFactoryServiceProvider, class com.almasb.fxgl.audio.AudioPlayer, class com.almasb.fxgl.notification.impl.NotificationServiceProvider, class com.almasb.fxgl.achievement.AchievementService, class com.almasb.fxgl.cutscene.CutsceneService, class com.almasb.fxgl.minigames.MiniGameService, class com.almasb.fxgl.net.NetService, class com.almasb.fxgl.app.services.UpdaterService, class com.almasb.fxgl.dev.DevService]
12:51:19.614 [FXGL Background Thread 3 ] DEBUG Engine               - fontGame: Abel-Regular.ttf
12:51:19.614 [FXGL Background Thread 3 ] DEBUG Engine               - fontMono: TerminalLandMono-Regular.otf
12:51:19.614 [FXGL Background Thread 3 ] DEBUG Engine               - fontText: Courier-Prime.ttf
12:51:19.614 [FXGL Background Thread 3 ] DEBUG Engine               - fontUI: VarelaRound-Regular.ttf
12:51:19.614 [FXGL Background Thread 3 ] DEBUG Engine               - fullScreen: BooleanProperty [value: false]
12:51:19.614 [FXGL Background Thread 3 ] DEBUG Engine               - gameDifficulty: MEDIUM
12:51:19.614 [FXGL Background Thread 3 ] DEBUG Engine               - gameDifficultyProperty: ObjectProperty [value: MEDIUM]
12:51:19.614 [FXGL Background Thread 3 ] DEBUG Engine               - globalMusicVolume: 0.5
12:51:19.614 [FXGL Background Thread 3 ] DEBUG Engine               - globalMusicVolumeProperty: DoubleProperty [value: 0.5]
12:51:19.615 [FXGL Background Thread 3 ] DEBUG Engine               - globalSoundVolume: 0.5
12:51:19.615 [FXGL Background Thread 3 ] DEBUG Engine               - globalSoundVolumeProperty: DoubleProperty [value: 0.5]
12:51:19.615 [FXGL Background Thread 3 ] DEBUG Engine               - height: 800
12:51:19.615 [FXGL Background Thread 3 ] DEBUG Engine               - is3D: false
12:51:19.615 [FXGL Background Thread 3 ] DEBUG Engine               - isAndroid: false
12:51:19.615 [FXGL Background Thread 3 ] DEBUG Engine               - isBrowser: false
12:51:19.615 [FXGL Background Thread 3 ] DEBUG Engine               - isClickFeedbackEnabled: false
12:51:19.615 [FXGL Background Thread 3 ] DEBUG Engine               - isCloseConfirmation: false
12:51:19.615 [FXGL Background Thread 3 ] DEBUG Engine               - isDesktop: true
12:51:19.615 [FXGL Background Thread 3 ] DEBUG Engine               - isDeveloperMenuEnabled: true
12:51:19.615 [FXGL Background Thread 3 ] DEBUG Engine               - isEmbedded: false
12:51:19.615 [FXGL Background Thread 3 ] DEBUG Engine               - isEntityPreloadEnabled: true
12:51:19.615 [FXGL Background Thread 3 ] DEBUG Engine               - isExperimentalTiledLargeMap: false
12:51:19.615 [FXGL Background Thread 3 ] DEBUG Engine               - isFileSystemWriteAllowed: true
12:51:19.615 [FXGL Background Thread 3 ] DEBUG Engine               - isFullScreenAllowed: true
12:51:19.615 [FXGL Background Thread 3 ] DEBUG Engine               - isFullScreenFromStart: false
12:51:19.615 [FXGL Background Thread 3 ] DEBUG Engine               - isGameMenuEnabled: true
12:51:19.615 [FXGL Background Thread 3 ] DEBUG Engine               - isIOS: false
12:51:19.615 [FXGL Background Thread 3 ] DEBUG Engine               - isIntroEnabled: false
12:51:19.616 [FXGL Background Thread 3 ] DEBUG Engine               - isLinux: false
12:51:19.616 [FXGL Background Thread 3 ] DEBUG Engine               - isMac: false
12:51:19.616 [FXGL Background Thread 3 ] DEBUG Engine               - isMainMenuEnabled: true
12:51:19.616 [FXGL Background Thread 3 ] DEBUG Engine               - isManualResizeEnabled: false
12:51:19.616 [FXGL Background Thread 3 ] DEBUG Engine               - isMobile: false
12:51:19.616 [FXGL Background Thread 3 ] DEBUG Engine               - isNative: false
12:51:19.616 [FXGL Background Thread 3 ] DEBUG Engine               - isPauseMusicWhenMinimized: true
12:51:19.616 [FXGL Background Thread 3 ] DEBUG Engine               - isPreserveResizeRatio: false
12:51:19.616 [FXGL Background Thread 3 ] DEBUG Engine               - isProfilingEnabled: false
12:51:19.616 [FXGL Background Thread 3 ] DEBUG Engine               - isScaleAffectedOnResize: true
12:51:19.616 [FXGL Background Thread 3 ] DEBUG Engine               - isSingleStep: false
12:51:19.616 [FXGL Background Thread 3 ] DEBUG Engine               - isUserProfileEnabled: false
12:51:19.617 [FXGL Background Thread 3 ] DEBUG Engine               - isWindows: true
12:51:19.617 [FXGL Background Thread 3 ] DEBUG Engine               - language: ObjectProperty [value: ENGLISH]
12:51:19.617 [FXGL Background Thread 3 ] DEBUG Engine               - menuKey: ESCAPE
12:51:19.617 [FXGL Background Thread 3 ] DEBUG Engine               - mouseSensitivity: 0.2
12:51:19.617 [FXGL Background Thread 3 ] DEBUG Engine               - notificationViewClass: class com.almasb.fxgl.notification.view.XboxNotificationView
12:51:19.617 [FXGL Background Thread 3 ] DEBUG Engine               - pixelsPerMeter: 50.0
12:51:19.617 [FXGL Background Thread 3 ] DEBUG Engine               - platform: WINDOWS
12:51:19.617 [FXGL Background Thread 3 ] DEBUG Engine               - prefHeightProperty: ReadOnlyDoubleProperty [value: 800.0]
12:51:19.617 [FXGL Background Thread 3 ] DEBUG Engine               - prefWidthProperty: ReadOnlyDoubleProperty [value: 800.0]
12:51:19.617 [FXGL Background Thread 3 ] DEBUG Engine               - profileDir: profiles/
12:51:19.617 [FXGL Background Thread 3 ] DEBUG Engine               - profileName: StringProperty [value: DEFAULT]
12:51:19.617 [FXGL Background Thread 3 ] DEBUG Engine               - randomSeed: -1
12:51:19.617 [FXGL Background Thread 3 ] DEBUG Engine               - runtimeInfo: RuntimeInfo(platform=WINDOWS, version=17, build=31.12.2021 18.16)
12:51:19.617 [FXGL Background Thread 3 ] DEBUG Engine               - saveFileExt: sav
12:51:19.618 [FXGL Background Thread 3 ] DEBUG Engine               - scaledHeightProp$fxgl: DoubleProperty [bound, value: 800.0]
12:51:19.618 [FXGL Background Thread 3 ] DEBUG Engine               - scaledWidthProp$fxgl: DoubleProperty [bound, value: 800.0]
12:51:19.618 [FXGL Background Thread 3 ] DEBUG Engine               - sceneFactory: com.almasb.fxgl.app.scene.SceneFactory@569747c0
12:51:19.618 [FXGL Background Thread 3 ] DEBUG Engine               - secondsIn24h: 60
12:51:19.618 [FXGL Background Thread 3 ] DEBUG Engine               - soundMenuBack: menu/back.wav
12:51:19.618 [FXGL Background Thread 3 ] DEBUG Engine               - soundMenuPress: menu/press.wav
12:51:19.618 [FXGL Background Thread 3 ] DEBUG Engine               - soundMenuSelect: menu/select.wav
12:51:19.618 [FXGL Background Thread 3 ] DEBUG Engine               - soundNotification: core/notification.wav
12:51:19.618 [FXGL Background Thread 3 ] DEBUG Engine               - stageStyle: DECORATED
12:51:19.618 [FXGL Background Thread 3 ] DEBUG Engine               - supportedLanguages: [ENGLISH, FRENCH, GERMAN, HUNGARIAN, RUSSIAN]
12:51:19.618 [FXGL Background Thread 3 ] DEBUG Engine               - ticksPerSecond: -1
12:51:19.618 [FXGL Background Thread 3 ] DEBUG Engine               - title: Zelda 2D Game
12:51:19.618 [FXGL Background Thread 3 ] DEBUG Engine               - urlGithub: https://github.com/AlmasB/FXGL
12:51:19.618 [FXGL Background Thread 3 ] DEBUG Engine               - urlLeaderboard: http://fxgl-top.herokuapp.com/
12:51:19.618 [FXGL Background Thread 3 ] DEBUG Engine               - urlPOM: https://raw.githubusercontent.com/AlmasB/FXGL/release/README.md
12:51:19.618 [FXGL Background Thread 3 ] DEBUG Engine               - userAppClass: class com.example.zeldapuzzle.MainGameApp
12:51:19.618 [FXGL Background Thread 3 ] DEBUG Engine               - version: 1
12:51:19.618 [FXGL Background Thread 3 ] DEBUG Engine               - versionCheckDays: 7
12:51:19.618 [FXGL Background Thread 3 ] DEBUG Engine               - width: 800
12:51:19.618 [FXGL Background Thread 3 ] DEBUG Engine               - Logging services
12:51:19.618 [FXGL Background Thread 3 ] DEBUG Engine               - class com.almasb.fxgl.app.services.FXGLAssetLoaderService
12:51:19.618 [FXGL Background Thread 3 ] DEBUG Engine               - class com.almasb.fxgl.app.FXGLApplication$GameApplicationService
12:51:19.618 [FXGL Background Thread 3 ] DEBUG Engine               - class com.almasb.fxgl.app.services.FXGLDialogService
12:51:19.618 [FXGL Background Thread 3 ] DEBUG Engine               - class com.almasb.fxgl.app.services.IOTaskExecutorService
12:51:19.618 [FXGL Background Thread 3 ] DEBUG Engine               - class com.almasb.fxgl.io.FileSystemService
12:51:19.619 [FXGL Background Thread 3 ] DEBUG Engine               - class com.almasb.fxgl.localization.LocalizationService
12:51:19.619 [FXGL Background Thread 3 ] DEBUG Engine               - class com.almasb.fxgl.app.services.SystemBundleService
12:51:19.619 [FXGL Background Thread 3 ] DEBUG Engine               - class com.almasb.fxgl.profile.SaveLoadService
12:51:19.619 [FXGL Background Thread 3 ] DEBUG Engine               - class com.almasb.fxgl.ui.FXGLUIFactoryServiceProvider
12:51:19.619 [FXGL Background Thread 3 ] DEBUG Engine               - class com.almasb.fxgl.ui.FXGLDialogFactoryServiceProvider
12:51:19.619 [FXGL Background Thread 3 ] DEBUG Engine               - class com.almasb.fxgl.audio.AudioPlayer
12:51:19.619 [FXGL Background Thread 3 ] DEBUG Engine               - class com.almasb.fxgl.notification.impl.NotificationServiceProvider
12:51:19.619 [FXGL Background Thread 3 ] DEBUG Engine               - class com.almasb.fxgl.achievement.AchievementService
12:51:19.619 [FXGL Background Thread 3 ] DEBUG Engine               - class com.almasb.fxgl.cutscene.CutsceneService
12:51:19.619 [FXGL Background Thread 3 ] DEBUG Engine               - class com.almasb.fxgl.minigames.MiniGameService
12:51:19.619 [FXGL Background Thread 3 ] DEBUG Engine               - class com.almasb.fxgl.net.NetService
12:51:19.619 [FXGL Background Thread 3 ] DEBUG Engine               - class com.almasb.fxgl.app.services.UpdaterService
12:51:19.619 [FXGL Background Thread 3 ] DEBUG Engine               - class com.almasb.fxgl.dev.DevService
12:51:19.754 [JavaFX Application Thread] DEBUG FXGL.DefaultMenu     - createContentGameplay()
12:51:20.513 [JavaFX Application Thread] DEBUG FXGL.DefaultMenu     - createContentControls()
12:51:21.526 [JavaFX Application Thread] DEBUG FXGL.DefaultMenu     - createContentVideo()
12:51:28.158 [JavaFX Application Thread] DEBUG FXGLApplication      - Exiting FXGL
12:51:28.158 [JavaFX Application Thread] DEBUG LoopRunner           - Stopping loop
12:51:28.158 [JavaFX Application Thread] DEBUG SystemBundleService  - Saving FXGL system data
12:51:28.160 [JavaFX Application Thread] DEBUG FileSystemAccess     - Writing to: C:\Users\mbour\OneDrive\Bureau\Zelda TOTK WINRAR\zeldaPuzzle\system\fxgl.bundle
12:51:28.161 [JavaFX Application Thread] DEBUG Async                - Shutting down background threads
12:51:28.162 [JavaFX Application Thread] DEBUG PrimaryStageWindow   - Closing main window
12:51:28.173 [JavaFX Application Thread] DEBUG Logger               - Closing Logger
